2025-12-15 09:01:40,803-DEBUG-root-3616::logging_config::logger|189:: Log file created: 'Log\GESIT03\TIR__20251215090140798.log'
2025-12-15 09:01:40,803-INFO-root-3616::base::Start|1183:: TIR Version: 2.4.3
2025-12-15 09:01:40,803-INFO-root-3616::base::Start|1184:: Python Version: 3.12.10
2025-12-15 09:01:40,803-INFO-root-3616::base::Start|1185:: Starting the browser
2025-12-15 09:01:53,992-INFO-root-3616::base::get_url|1294:: Page is ready!
2025-12-15 09:01:53,995-INFO-root-3616::base::Start|1256:: Browser maximized to 1936x1048
2025-12-15 09:01:53,995-INFO-root-3616::base::Start|1258:: Screen size is different from default used in headless mode
2025-12-15 09:01:54,046-INFO-root-3616::webapp_internal::Setup|247:: ***System Info*** in Setup():
2025-12-15 09:01:54,047-DEBUG-root-3616::psutil_info::system_info|5:: CPU USAGE: 11.6%
2025-12-15 09:01:54,047-DEBUG-root-3616::psutil_info::system_info|6:: MEMORY USAGE: 92.0%
2025-12-15 09:01:54,048-DEBUG-root-3616::psutil_info::system_info|7:: MEMORY AVAILABLE: 7.96%
2025-12-15 09:01:54,059-INFO-root-3616::base::webapp_shadowroot|1394:: Webapp: 10.1.6-RC4
2025-12-15 09:01:54,091-INFO-root-3616::webapp_internal::filling_initial_program|449:: Filling Initial Program: "SIGAMDI"
2025-12-15 09:01:54,092-DEBUG-root-3616::webapp_internal::wait_element|7623:: Waiting for element
2025-12-15 09:01:54,157-DEBUG-root-3616::webapp_internal::wait_element|7653:: Element found! Waiting for element to be displayed.
2025-12-15 09:01:55,191-DEBUG-root-3616::base::click|192:: Click Type: ClickType.JS
2025-12-15 09:01:55,338-DEBUG-root-3616::webapp_internal::try_send_keys|7976:: Trying to send keys to element using technique 0
2025-12-15 09:01:56,019-DEBUG-root-3616::webapp_internal::get_web_value|3232:: Current value: SIGAMDI
2025-12-15 09:01:56,019-INFO-root-3616::webapp_internal::filling_server_environment|463:: Filling Server Environment: "POUPEX_TST"
2025-12-15 09:01:56,019-DEBUG-root-3616::webapp_internal::wait_element|7623:: Waiting for element
2025-12-15 09:01:56,040-DEBUG-root-3616::webapp_internal::wait_element|7653:: Element found! Waiting for element to be displayed.
2025-12-15 09:01:56,218-DEBUG-root-3616::base::click|192:: Click Type: ClickType.JS
2025-12-15 09:01:56,225-DEBUG-root-3616::webapp_internal::try_send_keys|7976:: Trying to send keys to element using technique 0
2025-12-15 09:01:56,546-DEBUG-root-3616::webapp_internal::get_web_value|3232:: Current value: POUPEX_TST
2025-12-15 09:01:56,569-DEBUG-root-3616::base::click|192:: Click Type: ClickType.JS
2025-12-15 09:01:56,579-DEBUG-root-3616::webapp_internal::user_screen|519:: Filling user screen
2025-12-15 09:02:02,847-DEBUG-root-3616::base::scroll_to_element|759:: ********Warining scroll_to_element exception: Message: TypeError: can't access property "scrollIntoView", arguments[0] is null
Stacktrace:
@https://qasrverp:10020/webapp/:2:7
@https://qasrverp:10020/webapp/:3:8
*********
2025-12-15 09:02:02,874-DEBUG-root-3616::webapp_internal::wait_element_timeout|7726:: Element found! Waiting for element to be displayed.
2025-12-15 09:02:02,952-DEBUG-root-3616::base::scroll_to_element|759:: ********Warining scroll_to_element exception: Message: TypeError: can't access property "scrollIntoView", arguments[0] is null
Stacktrace:
@https://qasrverp:10020/webapp/:2:7
@https://qasrverp:10020/webapp/:3:8
*********
2025-12-15 09:02:03,072-INFO-root-3616::webapp_internal::user_screen|561:: Filling User
2025-12-15 09:02:03,097-DEBUG-root-3616::base::double_click|259:: Click Type: ClickType.SELENIUM
2025-12-15 09:02:03,269-DEBUG-root-3616::webapp_internal::get_web_value|3232:: Current value: 97137227104
2025-12-15 09:02:03,289-INFO-root-3616::webapp_internal::user_screen|621:: Filling Password
2025-12-15 09:02:03,310-DEBUG-root-3616::base::click|192:: Click Type: ClickType.JS
2025-12-15 09:02:03,375-DEBUG-root-3616::webapp_internal::get_web_value|3232:: Current value: Deire20191817+
2025-12-15 09:02:03,375-DEBUG-root-3616::webapp_internal::wait_blocker|2444:: Waiting blocker to continue...
2025-12-15 09:02:03,402-DEBUG-root-3616::webapp_internal::wait_blocker|2469:: Blocker status: None
2025-12-15 09:02:03,422-DEBUG-root-3616::webapp_internal::wait_blocker|2444:: Waiting blocker to continue...
2025-12-15 09:02:03,448-DEBUG-root-3616::webapp_internal::wait_blocker|2469:: Blocker status: None
2025-12-15 09:02:03,479-DEBUG-root-3616::webapp_internal::wait_blocker|2444:: Waiting blocker to continue...
2025-12-15 09:02:03,507-DEBUG-root-3616::webapp_internal::wait_blocker|2469:: Blocker status: None
2025-12-15 09:02:03,507-DEBUG-root-3616::webapp_internal::send_action|10480:: Trying to send action
2025-12-15 09:02:03,513-DEBUG-root-3616::base::click|192:: Click Type: ClickType.JS
2025-12-15 09:02:04,550-DEBUG-root-3616::webapp_internal::send_action|10522:: send_action method result = True
2025-12-15 09:02:04,551-DEBUG-root-3616::webapp_internal::send_action|10523:: send_action selenium status: False
2025-12-15 09:02:07,046-DEBUG-root-3616::base::scroll_to_element|759:: ********Warining scroll_to_element exception: Message: TypeError: can't access property "scrollIntoView", arguments[0] is null
Stacktrace:
@https://qasrverp:10020/webapp/:2:7
@https://qasrverp:10020/webapp/:3:8
*********
2025-12-15 09:02:07,092-INFO-root-3616::webapp_internal::filling_date|885:: Filling Date: "15/12/2025"
2025-12-15 09:02:07,092-DEBUG-root-3616::webapp_internal::wait_blocker|2444:: Waiting blocker to continue...
2025-12-15 09:02:07,128-DEBUG-root-3616::webapp_internal::wait_blocker|2469:: Blocker status: None
2025-12-15 09:02:07,133-DEBUG-root-3616::base::click|192:: Click Type: ClickType.JS
2025-12-15 09:02:07,158-DEBUG-root-3616::webapp_internal::try_send_keys|7976:: Trying to send keys to element using technique 1
2025-12-15 09:02:07,249-DEBUG-root-3616::webapp_internal::get_web_value|3232:: Current value: 15/12/2025
2025-12-15 09:02:08,353-INFO-root-3616::webapp_internal::filling_group|955:: Filling Group: "02"
2025-12-15 09:02:08,353-DEBUG-root-3616::webapp_internal::wait_blocker|2444:: Waiting blocker to continue...
2025-12-15 09:02:08,382-DEBUG-root-3616::webapp_internal::wait_blocker|2469:: Blocker status: None
2025-12-15 09:02:08,385-DEBUG-root-3616::base::click|192:: Click Type: ClickType.JS
2025-12-15 09:02:08,436-DEBUG-root-3616::webapp_internal::get_web_value|3232:: Current value: 02
2025-12-15 09:02:09,497-INFO-root-3616::webapp_internal::filling_branch|1047:: Filling Branch: "02DF0001"
2025-12-15 09:02:09,497-DEBUG-root-3616::webapp_internal::wait_blocker|2444:: Waiting blocker to continue...
2025-12-15 09:02:09,527-DEBUG-root-3616::webapp_internal::wait_blocker|2469:: Blocker status: None
2025-12-15 09:02:09,530-DEBUG-root-3616::base::click|192:: Click Type: ClickType.JS
2025-12-15 09:02:09,582-DEBUG-root-3616::webapp_internal::get_web_value|3232:: Current value: 02DF0001
2025-12-15 09:02:10,665-INFO-root-3616::webapp_internal::filling_environment|1113:: Filling Environment: "07"
2025-12-15 09:02:10,665-DEBUG-root-3616::webapp_internal::wait_blocker|2444:: Waiting blocker to continue...
2025-12-15 09:02:10,699-DEBUG-root-3616::webapp_internal::wait_blocker|2469:: Blocker status: None
2025-12-15 09:02:10,702-DEBUG-root-3616::base::click|192:: Click Type: ClickType.JS
2025-12-15 09:02:10,753-DEBUG-root-3616::webapp_internal::get_web_value|3232:: Current value: 07
2025-12-15 09:02:11,761-DEBUG-root-3616::webapp_internal::close_warning_screen|1489:: Closing warning screen!
2025-12-15 09:02:12,790-DEBUG-root-3616::webapp_internal::check_screen_element|1291:: Checking screen element: "Atenção": False
2025-12-15 09:02:13,888-INFO-root-3616::webapp_internal::environment_screen|796:: Clicking on Button
2025-12-15 09:02:13,888-DEBUG-root-3616::webapp_internal::wait_blocker|2444:: Waiting blocker to continue...
2025-12-15 09:02:13,922-DEBUG-root-3616::webapp_internal::wait_blocker|2469:: Blocker status: None
2025-12-15 09:02:13,924-DEBUG-root-3616::base::click|192:: Click Type: ClickType.JS
2025-12-15 09:02:14,936-DEBUG-root-3616::base::click|192:: Click Type: ClickType.JS
2025-12-15 09:02:15,943-DEBUG-root-3616::base::click|192:: Click Type: ClickType.JS
2025-12-15 09:02:16,950-DEBUG-root-3616::base::click|192:: Click Type: ClickType.JS
2025-12-15 09:02:17,957-DEBUG-root-3616::base::click|192:: Click Type: ClickType.JS
2025-12-15 09:02:18,965-DEBUG-root-3616::base::click|192:: Click Type: ClickType.JS
2025-12-15 09:02:19,973-DEBUG-root-3616::webapp_internal::close_screen_before_menu|368:: Closing screen before the menu
2025-12-15 09:02:20,018-DEBUG-root-3616::webapp_internal::close_warning_screen|1489:: Closing warning screen!
2025-12-15 09:02:21,055-DEBUG-root-3616::webapp_internal::check_screen_element|1291:: Checking screen element: "Atenção": False
2025-12-15 09:02:21,055-DEBUG-root-3616::webapp_internal::close_coin_screen|1424:: Closing coin screen!
2025-12-15 09:02:21,606-DEBUG-root-3616::base::click|192:: Click Type: ClickType.JS
2025-12-15 09:02:21,662-DEBUG-root-3616::webapp_internal::close_warning_screen|1489:: Closing warning screen!
2025-12-15 09:02:22,706-DEBUG-root-3616::webapp_internal::check_screen_element|1291:: Checking screen element: "Atenção": False
2025-12-15 09:02:22,706-DEBUG-root-3616::webapp_internal::close_coin_screen|1424:: Closing coin screen!
2025-12-15 09:02:22,796-INFO-root-3616::webapp_internal::set_log_info|1623:: Getting log info
2025-12-15 09:02:22,796-INFO-root-3616::webapp_internal::SetLateralMenu|4184:: Navigating lateral menu: Ajuda > Sobre
2025-12-15 09:02:22,804-DEBUG-root-3616::webapp_internal::wait_element|7623:: Waiting for element
2025-12-15 09:02:22,840-DEBUG-root-3616::webapp_internal::wait_element|7653:: Element found! Waiting for element to be displayed.
2025-12-15 09:02:22,998-INFO-root-3616::webapp_internal::SetLateralMenu|4203:: Menu item: "Ajuda"
2025-12-15 09:02:22,998-DEBUG-root-3616::webapp_internal::wait_blocker|2444:: Waiting blocker to continue...
2025-12-15 09:02:23,085-DEBUG-root-3616::webapp_internal::wait_blocker|2469:: Blocker status: False
2025-12-15 09:02:23,397-DEBUG-root-3616::webapp_internal::wait_element_timeout|7726:: Element found! Waiting for element to be displayed.
2025-12-15 09:02:23,656-DEBUG-root-3616::webapp_internal::wait_blocker|2444:: Waiting blocker to continue...
2025-12-15 09:02:23,719-DEBUG-root-3616::webapp_internal::wait_blocker|2469:: Blocker status: False
2025-12-15 09:02:26,017-INFO-root-3616::webapp_internal::SetLateralMenu|4203:: Menu item: "Sobre"
2025-12-15 09:02:26,017-DEBUG-root-3616::webapp_internal::wait_blocker|2444:: Waiting blocker to continue...
2025-12-15 09:02:26,079-DEBUG-root-3616::webapp_internal::wait_blocker|2469:: Blocker status: False
2025-12-15 09:02:26,454-DEBUG-root-3616::webapp_internal::wait_element_timeout|7726:: Element found! Waiting for element to be displayed.
2025-12-15 09:02:26,775-DEBUG-root-3616::webapp_internal::wait_blocker|2444:: Waiting blocker to continue...
2025-12-15 09:02:26,835-DEBUG-root-3616::webapp_internal::wait_blocker|2469:: Blocker status: False
2025-12-15 09:02:29,455-DEBUG-root-3616::webapp_internal::wait_blocker|2444:: Waiting blocker to continue...
2025-12-15 09:02:29,523-DEBUG-root-3616::webapp_internal::wait_blocker|2469:: Blocker status: False
2025-12-15 09:02:29,590-DEBUG-root-3616::webapp_internal::wait_element|7623:: Waiting for element
2025-12-15 09:02:29,632-DEBUG-root-3616::webapp_internal::wait_element|7653:: Element found! Waiting for element to be displayed.
2025-12-15 09:02:29,800-INFO-root-3616::webapp_internal::SetButton|4444:: Clicking on Fechar
2025-12-15 09:02:29,800-DEBUG-root-3616::webapp_internal::wait_blocker|2444:: Waiting blocker to continue...
2025-12-15 09:02:29,872-DEBUG-root-3616::webapp_internal::wait_blocker|2469:: Blocker status: False
2025-12-15 09:02:30,047-DEBUG-root-3616::webapp_internal::wait_element_timeout|7726:: Element found! Waiting for element to be displayed.
2025-12-15 09:02:30,118-DEBUG-root-3616::webapp_internal::SetButton|4481:: ***System Info*** Before Clicking on button:Fechar
2025-12-15 09:02:30,119-DEBUG-root-3616::psutil_info::system_info|5:: CPU USAGE: 6.9%
2025-12-15 09:02:30,119-DEBUG-root-3616::psutil_info::system_info|6:: MEMORY USAGE: 92.3%
2025-12-15 09:02:30,120-DEBUG-root-3616::psutil_info::system_info|7:: MEMORY AVAILABLE: 7.74%
2025-12-15 09:02:30,279-DEBUG-root-3616::webapp_internal::wait_element_timeout|7726:: Element found! Waiting for element to be displayed.
2025-12-15 09:02:30,377-DEBUG-root-3616::webapp_internal::wait_blocker|2444:: Waiting blocker to continue...
2025-12-15 09:02:30,477-DEBUG-root-3616::webapp_internal::wait_blocker|2469:: Blocker status: False
2025-12-15 09:02:30,494-DEBUG-root-3616::webapp_internal::wait_blocker|2444:: Waiting blocker to continue...
2025-12-15 09:02:30,564-DEBUG-root-3616::webapp_internal::wait_blocker|2469:: Blocker status: False
2025-12-15 09:02:30,564-DEBUG-root-3616::webapp_internal::send_action|10480:: Trying to send action
2025-12-15 09:02:30,567-DEBUG-root-3616::base::click|192:: Click Type: ClickType.JS
2025-12-15 09:02:31,599-DEBUG-root-3616::webapp_internal::send_action|10522:: send_action method result = True
2025-12-15 09:02:31,599-DEBUG-root-3616::webapp_internal::send_action|10523:: send_action selenium status: False
2025-12-15 09:02:31,599-DEBUG-root-3616::webapp_internal::SetButton|4683:: ***System Info*** After Clicking on button:
2025-12-15 09:02:31,599-DEBUG-root-3616::psutil_info::system_info|5:: CPU USAGE: 7.1%
2025-12-15 09:02:31,600-DEBUG-root-3616::psutil_info::system_info|6:: MEMORY USAGE: 91.8%
2025-12-15 09:02:31,600-DEBUG-root-3616::psutil_info::system_info|7:: MEMORY AVAILABLE: 8.18%
2025-12-15 09:02:31,600-DEBUG-root-3616::webapp_internal::wait_element|7623:: Waiting for element
2025-12-15 09:02:31,682-INFO-root-3616::webapp_internal::SetLateralMenu|4184:: Navigating lateral menu: Atualizações > Gestao de Viagens > Solicitações
2025-12-15 09:02:31,690-DEBUG-root-3616::webapp_internal::wait_element|7623:: Waiting for element
2025-12-15 09:02:31,724-DEBUG-root-3616::webapp_internal::wait_element|7653:: Element found! Waiting for element to be displayed.
2025-12-15 09:02:31,880-INFO-root-3616::webapp_internal::SetLateralMenu|4203:: Menu item: "Atualizações"
2025-12-15 09:02:31,880-DEBUG-root-3616::webapp_internal::wait_blocker|2444:: Waiting blocker to continue...
2025-12-15 09:02:31,942-DEBUG-root-3616::webapp_internal::wait_blocker|2469:: Blocker status: False
2025-12-15 09:02:32,320-DEBUG-root-3616::webapp_internal::wait_element_timeout|7726:: Element found! Waiting for element to be displayed.
2025-12-15 09:02:32,646-DEBUG-root-3616::webapp_internal::wait_blocker|2444:: Waiting blocker to continue...
2025-12-15 09:02:32,708-DEBUG-root-3616::webapp_internal::wait_blocker|2469:: Blocker status: False
2025-12-15 09:02:35,001-INFO-root-3616::webapp_internal::SetLateralMenu|4203:: Menu item: "Gestao de Viagens"
2025-12-15 09:02:35,001-DEBUG-root-3616::webapp_internal::wait_blocker|2444:: Waiting blocker to continue...
2025-12-15 09:02:35,090-DEBUG-root-3616::webapp_internal::wait_blocker|2469:: Blocker status: False
2025-12-15 09:02:35,811-DEBUG-root-3616::webapp_internal::wait_element_timeout|7726:: Element found! Waiting for element to be displayed.
2025-12-15 09:02:36,462-DEBUG-root-3616::webapp_internal::wait_blocker|2444:: Waiting blocker to continue...
2025-12-15 09:02:36,552-DEBUG-root-3616::webapp_internal::wait_blocker|2469:: Blocker status: False
2025-12-15 09:02:38,845-INFO-root-3616::webapp_internal::SetLateralMenu|4203:: Menu item: "Solicitações"
2025-12-15 09:02:38,845-DEBUG-root-3616::webapp_internal::wait_blocker|2444:: Waiting blocker to continue...
2025-12-15 09:02:38,920-DEBUG-root-3616::webapp_internal::wait_blocker|2469:: Blocker status: False
2025-12-15 09:02:39,753-DEBUG-root-3616::webapp_internal::wait_element_timeout|7726:: Element found! Waiting for element to be displayed.
2025-12-15 09:02:40,509-DEBUG-root-3616::webapp_internal::wait_blocker|2444:: Waiting blocker to continue...
2025-12-15 09:02:40,584-DEBUG-root-3616::webapp_internal::wait_blocker|2469:: Blocker status: False
2025-12-15 09:02:43,943-DEBUG-root-3616::webapp_internal::wait_blocker|2444:: Waiting blocker to continue...
2025-12-15 09:02:44,055-DEBUG-root-3616::webapp_internal::wait_blocker|2469:: Blocker status: False
2025-12-15 09:02:44,134-INFO-root-3616::webapp_internal::WaitShow|4980:: Waiting show text 'Este ambiente utiliza base de Homologação.'...
2025-12-15 09:02:49,968-INFO-root-3616::webapp_internal::WaitShow|4980:: Waiting show text 'Moedas'...
2025-12-15 09:02:55,462-INFO-root-3616::webapp_internal::WaitShow|4980:: Waiting show text 'Solicitação de Viagens/Treinamento'...
2025-12-15 09:02:55,522-INFO-root-3616::webapp_internal::WaitShow|4996:: Text found! 
2025-12-15 09:02:55,522-INFO-root-3616::webapp_internal::SetButton|4444:: Clicking on Incluir
2025-12-15 09:02:55,522-DEBUG-root-3616::webapp_internal::wait_blocker|2444:: Waiting blocker to continue...
2025-12-15 09:02:55,626-DEBUG-root-3616::webapp_internal::wait_blocker|2469:: Blocker status: False
2025-12-15 09:02:55,991-DEBUG-root-3616::webapp_internal::wait_element_timeout|7726:: Element found! Waiting for element to be displayed.
2025-12-15 09:02:56,235-DEBUG-root-3616::webapp_internal::SetButton|4481:: ***System Info*** Before Clicking on button:Incluir
2025-12-15 09:02:56,236-DEBUG-root-3616::psutil_info::system_info|5:: CPU USAGE: 7.9%
2025-12-15 09:02:56,236-DEBUG-root-3616::psutil_info::system_info|6:: MEMORY USAGE: 93.6%
2025-12-15 09:02:56,236-DEBUG-root-3616::psutil_info::system_info|7:: MEMORY AVAILABLE: 6.41%
2025-12-15 09:02:56,578-DEBUG-root-3616::webapp_internal::wait_element_timeout|7726:: Element found! Waiting for element to be displayed.
2025-12-15 09:02:56,904-DEBUG-root-3616::webapp_internal::wait_blocker|2444:: Waiting blocker to continue...
2025-12-15 09:02:57,010-DEBUG-root-3616::webapp_internal::wait_blocker|2469:: Blocker status: False
2025-12-15 09:02:57,035-DEBUG-root-3616::webapp_internal::wait_blocker|2444:: Waiting blocker to continue...
2025-12-15 09:02:57,122-DEBUG-root-3616::webapp_internal::wait_blocker|2469:: Blocker status: False
2025-12-15 09:02:57,122-DEBUG-root-3616::webapp_internal::send_action|10480:: Trying to send action
2025-12-15 09:02:57,124-DEBUG-root-3616::base::click|192:: Click Type: ClickType.JS
2025-12-15 09:02:58,369-DEBUG-root-3616::webapp_internal::send_action|10522:: send_action method result = True
2025-12-15 09:02:58,369-DEBUG-root-3616::webapp_internal::send_action|10523:: send_action selenium status: True
2025-12-15 09:02:58,369-DEBUG-root-3616::webapp_internal::SetButton|4683:: ***System Info*** After Clicking on button:
2025-12-15 09:02:58,370-DEBUG-root-3616::psutil_info::system_info|5:: CPU USAGE: 6.9%
2025-12-15 09:02:58,370-DEBUG-root-3616::psutil_info::system_info|6:: MEMORY USAGE: 92.9%
2025-12-15 09:02:58,370-DEBUG-root-3616::psutil_info::system_info|7:: MEMORY AVAILABLE: 7.07%
2025-12-15 09:02:58,570-DEBUG-root-3616::webapp_internal::wait_blocker|2444:: Waiting blocker to continue...
2025-12-15 09:02:58,670-DEBUG-root-3616::webapp_internal::wait_blocker|2469:: Blocker status: False
2025-12-15 09:02:58,670-INFO-root-3616::webapp_internal::SearchBrowse|2003:: Searching: 02DF0001
2025-12-15 09:02:58,839-DEBUG-root-3616::webapp_internal::wait_element_timeout|7726:: Element found! Waiting for element to be displayed.
2025-12-15 09:02:58,922-DEBUG-root-3616::webapp_internal::wait_blocker|2444:: Waiting blocker to continue...
2025-12-15 09:02:59,033-DEBUG-root-3616::webapp_internal::wait_blocker|2469:: Blocker status: False
2025-12-15 09:02:59,042-DEBUG-root-3616::webapp_internal::wait_blocker|2444:: Waiting blocker to continue...
2025-12-15 09:02:59,137-DEBUG-root-3616::webapp_internal::wait_blocker|2469:: Blocker status: False
2025-12-15 09:02:59,138-INFO-root-3616::webapp_internal::fill_search_browse|2399:: Filling: 02DF0001
2025-12-15 09:02:59,150-DEBUG-root-3616::base::click|192:: Click Type: ClickType.JS
2025-12-15 09:03:00,214-DEBUG-root-3616::webapp_internal::wait_blocker|2444:: Waiting blocker to continue...
2025-12-15 09:03:00,318-DEBUG-root-3616::webapp_internal::wait_blocker|2469:: Blocker status: False
2025-12-15 09:03:00,318-INFO-root-3616::webapp_internal::fill_search_browse|2399:: Filling: 02DF0001
2025-12-15 09:03:00,328-DEBUG-root-3616::base::click|192:: Click Type: ClickType.JS
2025-12-15 09:03:01,407-DEBUG-root-3616::webapp_internal::wait_blocker|2444:: Waiting blocker to continue...
2025-12-15 09:03:01,503-DEBUG-root-3616::webapp_internal::wait_blocker|2469:: Blocker status: False
2025-12-15 09:03:01,504-INFO-root-3616::webapp_internal::fill_search_browse|2399:: Filling: 02DF0001
2025-12-15 09:03:01,513-DEBUG-root-3616::base::click|192:: Click Type: ClickType.JS
2025-12-15 09:03:02,592-DEBUG-root-3616::webapp_internal::wait_blocker|2444:: Waiting blocker to continue...
2025-12-15 09:03:02,687-DEBUG-root-3616::webapp_internal::wait_blocker|2469:: Blocker status: False
2025-12-15 09:03:02,687-INFO-root-3616::webapp_internal::fill_search_browse|2399:: Filling: 02DF0001
2025-12-15 09:03:02,695-DEBUG-root-3616::base::click|192:: Click Type: ClickType.JS
2025-12-15 09:03:03,790-DEBUG-root-3616::webapp_internal::wait_blocker|2444:: Waiting blocker to continue...
2025-12-15 09:03:03,886-DEBUG-root-3616::webapp_internal::wait_blocker|2469:: Blocker status: False
2025-12-15 09:03:03,887-DEBUG-root-3616::base::double_click|259:: Click Type: ClickType.SELENIUM
2025-12-15 09:03:03,892-WARNING-root-3616::base::double_click|280:: Warning double_click method Exception: Message: Element <button class="button-image" type="button"> is not clickable at point (1258,360) because another element <wa-button id="COMP6023" class="dict-tbutton focus"> obscures it
Stacktrace:
RemoteError@chrome://remote/content/shared/RemoteError.sys.mjs:8:8
WebDriverError@chrome://remote/content/shared/webdriver/Errors.sys.mjs:202:5
ElementClickInterceptedError@chrome://remote/content/shared/webdriver/Errors.sys.mjs:354:5
webdriverClickElement@chrome://remote/content/marionette/interaction.sys.mjs:175:11
interaction.clickElement@chrome://remote/content/marionette/interaction.sys.mjs:134:11
clickElement@chrome://remote/content/marionette/actors/MarionetteCommandsChild.sys.mjs:327:29
receiveMessage@chrome://remote/content/marionette/actors/MarionetteCommandsChild.sys.mjs:210:31

2025-12-15 09:03:04,196-INFO-root-3616::webapp_internal::SetButton|4444:: Clicking on OK
2025-12-15 09:03:04,197-DEBUG-root-3616::webapp_internal::wait_blocker|2444:: Waiting blocker to continue...
2025-12-15 09:03:04,322-DEBUG-root-3616::webapp_internal::wait_blocker|2469:: Blocker status: False
2025-12-15 09:03:04,621-DEBUG-root-3616::webapp_internal::wait_element_timeout|7726:: Element found! Waiting for element to be displayed.
2025-12-15 09:03:04,810-DEBUG-root-3616::webapp_internal::SetButton|4481:: ***System Info*** Before Clicking on button:OK
2025-12-15 09:03:04,810-DEBUG-root-3616::psutil_info::system_info|5:: CPU USAGE: 7.6%
2025-12-15 09:03:04,810-DEBUG-root-3616::psutil_info::system_info|6:: MEMORY USAGE: 93.4%
2025-12-15 09:03:04,810-DEBUG-root-3616::psutil_info::system_info|7:: MEMORY AVAILABLE: 6.59%
2025-12-15 09:03:05,089-DEBUG-root-3616::webapp_internal::wait_element_timeout|7726:: Element found! Waiting for element to be displayed.
2025-12-15 09:03:05,337-DEBUG-root-3616::webapp_internal::wait_blocker|2444:: Waiting blocker to continue...
2025-12-15 09:03:05,429-DEBUG-root-3616::webapp_internal::wait_blocker|2469:: Blocker status: False
2025-12-15 09:03:05,455-DEBUG-root-3616::webapp_internal::wait_blocker|2444:: Waiting blocker to continue...
2025-12-15 09:03:05,588-DEBUG-root-3616::webapp_internal::wait_blocker|2469:: Blocker status: False
2025-12-15 09:03:05,589-DEBUG-root-3616::webapp_internal::send_action|10480:: Trying to send action
2025-12-15 09:03:05,591-DEBUG-root-3616::base::click|192:: Click Type: ClickType.JS
2025-12-15 09:03:08,002-DEBUG-root-3616::webapp_internal::send_action|10522:: send_action method result = True
2025-12-15 09:03:08,002-DEBUG-root-3616::webapp_internal::send_action|10523:: send_action selenium status: True
2025-12-15 09:03:08,003-DEBUG-root-3616::webapp_internal::SetButton|4683:: ***System Info*** After Clicking on button:
2025-12-15 09:03:08,003-DEBUG-root-3616::psutil_info::system_info|5:: CPU USAGE: 9.4%
2025-12-15 09:03:08,003-DEBUG-root-3616::psutil_info::system_info|6:: MEMORY USAGE: 93.7%
2025-12-15 09:03:08,004-DEBUG-root-3616::psutil_info::system_info|7:: MEMORY AVAILABLE: 6.31%
2025-12-15 09:03:08,205-INFO-root-3616::webapp_internal::WaitShow|4980:: Waiting show text 'Solicitacoes de Viagens - INCLUIR'...
2025-12-15 09:03:08,425-INFO-root-3616::webapp_internal::WaitShow|4996:: Text found! 
2025-12-15 09:03:09,787-DEBUG-root-3616::webapp_internal::get_web_value|3232:: Current value: 003689
2025-12-15 09:03:09,787-INFO-root-3616::webapp_internal::GetValue|3393:: Current value: 003689
2025-12-15 09:03:09,787-DEBUG-root-3616::webapp_internal::wait_blocker|2444:: Waiting blocker to continue...
2025-12-15 09:03:09,920-DEBUG-root-3616::webapp_internal::wait_blocker|2469:: Blocker status: False
2025-12-15 09:03:09,920-DEBUG-root-3616::webapp_internal::wait_element|7623:: Waiting for element
2025-12-15 09:03:10,001-DEBUG-root-3616::webapp_internal::wait_element|7653:: Element found! Waiting for element to be displayed.
2025-12-15 09:03:10,072-INFO-root-3616::webapp_internal::input_value|2941:: Looking for element: ZV3_DESCRI
2025-12-15 09:03:10,245-INFO-root-3616::webapp_internal::input_value|2951:: Element: ZV3_DESCRI Found!
2025-12-15 09:03:10,245-INFO-root-3616::webapp_internal::input_value|2953:: Filling element: ZV3_DESCRI
2025-12-15 09:03:10,270-DEBUG-root-3616::webapp_internal::get_web_value|3232:: Current value:                                                   
2025-12-15 09:03:10,307-DEBUG-root-3616::base::double_click|259:: Click Type: ClickType.SELENIUM
2025-12-15 09:03:10,557-DEBUG-root-3616::webapp_internal::wait_blocker|2444:: Waiting blocker to continue...
2025-12-15 09:03:10,716-DEBUG-root-3616::webapp_internal::wait_blocker|2469:: Blocker status: False
2025-12-15 09:03:11,052-DEBUG-root-3616::webapp_internal::get_web_value|3232:: Current value: USO PARA TESTE AUTOMATIZADO                       
2025-12-15 09:03:11,053-INFO-root-3616::webapp_internal::input_value|3059:: Current field value: USO PARA TESTE AUTOMATIZADO
2025-12-15 09:03:11,084-DEBUG-root-3616::webapp_internal::wait_blocker|2444:: Waiting blocker to continue...
2025-12-15 09:03:11,224-DEBUG-root-3616::webapp_internal::wait_blocker|2469:: Blocker status: False
2025-12-15 09:03:11,224-DEBUG-root-3616::webapp_internal::wait_element|7623:: Waiting for element
2025-12-15 09:03:11,304-DEBUG-root-3616::webapp_internal::wait_element|7653:: Element found! Waiting for element to be displayed.
2025-12-15 09:03:11,372-INFO-root-3616::webapp_internal::input_value|2941:: Looking for element: ZV3_DTINI
2025-12-15 09:03:11,555-INFO-root-3616::webapp_internal::input_value|2951:: Element: ZV3_DTINI Found!
2025-12-15 09:03:11,555-INFO-root-3616::webapp_internal::input_value|2953:: Filling element: ZV3_DTINI
2025-12-15 09:03:11,588-DEBUG-root-3616::webapp_internal::get_web_value|3232:: Current value:   /  /    
2025-12-15 09:03:11,624-DEBUG-root-3616::base::double_click|259:: Click Type: ClickType.SELENIUM
2025-12-15 09:03:11,886-DEBUG-root-3616::webapp_internal::wait_blocker|2444:: Waiting blocker to continue...
2025-12-15 09:03:12,019-DEBUG-root-3616::webapp_internal::wait_blocker|2469:: Blocker status: False
2025-12-15 09:03:12,357-DEBUG-root-3616::webapp_internal::get_web_value|3232:: Current value: 20/12/2025
2025-12-15 09:03:12,358-INFO-root-3616::webapp_internal::input_value|3059:: Current field value: 20122025
2025-12-15 09:03:12,370-DEBUG-root-3616::webapp_internal::wait_blocker|2444:: Waiting blocker to continue...
2025-12-15 09:03:12,512-DEBUG-root-3616::webapp_internal::wait_blocker|2469:: Blocker status: False
2025-12-15 09:03:12,512-DEBUG-root-3616::webapp_internal::wait_element|7623:: Waiting for element
2025-12-15 09:03:12,635-DEBUG-root-3616::webapp_internal::wait_element|7653:: Element found! Waiting for element to be displayed.
2025-12-15 09:03:12,708-INFO-root-3616::webapp_internal::input_value|2941:: Looking for element: ZV3_DTFIM
2025-12-15 09:03:12,889-INFO-root-3616::webapp_internal::input_value|2951:: Element: ZV3_DTFIM Found!
2025-12-15 09:03:12,889-INFO-root-3616::webapp_internal::input_value|2953:: Filling element: ZV3_DTFIM
2025-12-15 09:03:12,922-DEBUG-root-3616::webapp_internal::get_web_value|3232:: Current value:   /  /    
2025-12-15 09:03:12,958-DEBUG-root-3616::base::double_click|259:: Click Type: ClickType.SELENIUM
2025-12-15 09:03:13,213-DEBUG-root-3616::webapp_internal::wait_blocker|2444:: Waiting blocker to continue...
2025-12-15 09:03:13,343-DEBUG-root-3616::webapp_internal::wait_blocker|2469:: Blocker status: False
2025-12-15 09:03:13,685-DEBUG-root-3616::webapp_internal::get_web_value|3232:: Current value: 25/12/2025
2025-12-15 09:03:13,686-INFO-root-3616::webapp_internal::input_value|3059:: Current field value: 25122025
2025-12-15 09:03:14,695-DEBUG-root-3616::webapp_internal::wait_blocker|2444:: Waiting blocker to continue...
2025-12-15 09:03:14,834-DEBUG-root-3616::webapp_internal::wait_blocker|2469:: Blocker status: False
2025-12-15 09:03:14,834-DEBUG-root-3616::webapp_internal::wait_element|7623:: Waiting for element
2025-12-15 09:03:14,920-DEBUG-root-3616::webapp_internal::wait_element|7653:: Element found! Waiting for element to be displayed.
2025-12-15 09:03:14,992-INFO-root-3616::webapp_internal::input_value|2941:: Looking for element: ZV3_CC
2025-12-15 09:03:15,156-INFO-root-3616::webapp_internal::input_value|2951:: Element: ZV3_CC Found!
2025-12-15 09:03:15,156-INFO-root-3616::webapp_internal::input_value|2953:: Filling element: ZV3_CC
2025-12-15 09:03:15,178-DEBUG-root-3616::webapp_internal::get_web_value|3232:: Current value:          
2025-12-15 09:03:15,211-DEBUG-root-3616::base::double_click|259:: Click Type: ClickType.SELENIUM
2025-12-15 09:03:15,470-DEBUG-root-3616::webapp_internal::wait_blocker|2444:: Waiting blocker to continue...
2025-12-15 09:03:15,605-DEBUG-root-3616::webapp_internal::wait_blocker|2469:: Blocker status: False
2025-12-15 09:03:15,940-DEBUG-root-3616::webapp_internal::get_web_value|3232:: Current value: 000000677
2025-12-15 09:03:15,940-INFO-root-3616::webapp_internal::input_value|3059:: Current field value: 000000677
2025-12-15 09:03:15,954-DEBUG-root-3616::webapp_internal::wait_blocker|2444:: Waiting blocker to continue...
2025-12-15 09:03:16,106-DEBUG-root-3616::webapp_internal::wait_blocker|2469:: Blocker status: False
2025-12-15 09:03:16,106-DEBUG-root-3616::webapp_internal::wait_element|7623:: Waiting for element
2025-12-15 09:03:16,187-DEBUG-root-3616::webapp_internal::wait_element|7653:: Element found! Waiting for element to be displayed.
2025-12-15 09:03:16,254-INFO-root-3616::webapp_internal::input_value|2941:: Looking for element: ZV3_TIPO
2025-12-15 09:03:16,436-INFO-root-3616::webapp_internal::input_value|2951:: Element: ZV3_TIPO Found!
2025-12-15 09:03:16,436-INFO-root-3616::webapp_internal::input_value|2953:: Filling element: ZV3_TIPO
2025-12-15 09:03:17,615-INFO-root-3616::base::select_combo|871:: Selected value for combo is: 1 - Servico
2025-12-15 09:03:17,658-DEBUG-root-3616::webapp_internal::wait_blocker|2444:: Waiting blocker to continue...
2025-12-15 09:03:17,806-DEBUG-root-3616::webapp_internal::wait_blocker|2469:: Blocker status: False
2025-12-15 09:03:17,806-DEBUG-root-3616::webapp_internal::wait_element|7623:: Waiting for element
2025-12-15 09:03:17,937-DEBUG-root-3616::webapp_internal::wait_element|7653:: Element found! Waiting for element to be displayed.
2025-12-15 09:03:18,005-INFO-root-3616::webapp_internal::input_value|2941:: Looking for element: ZV3_OBS
2025-12-15 09:03:18,179-INFO-root-3616::webapp_internal::input_value|2951:: Element: ZV3_OBS Found!
2025-12-15 09:03:18,179-INFO-root-3616::webapp_internal::input_value|2953:: Filling element: ZV3_OBS
2025-12-15 09:03:18,206-DEBUG-root-3616::webapp_internal::get_web_value|3232:: Current value: 
2025-12-15 09:03:18,226-DEBUG-root-3616::base::double_click|259:: Click Type: ClickType.SELENIUM
2025-12-15 09:03:18,485-DEBUG-root-3616::webapp_internal::wait_blocker|2444:: Waiting blocker to continue...
2025-12-15 09:03:18,616-DEBUG-root-3616::webapp_internal::wait_blocker|2469:: Blocker status: False
2025-12-15 09:03:18,973-DEBUG-root-3616::webapp_internal::get_web_value|3232:: Current value: TESTE DE SOLICITAÇÃO DE VIAGEM
2025-12-15 09:03:18,974-INFO-root-3616::webapp_internal::input_value|3059:: Current field value: TESTE DE SOLICITAÇÃO DE VIAGEM
2025-12-15 09:03:18,988-DEBUG-root-3616::webapp_internal::wait_blocker|2444:: Waiting blocker to continue...
2025-12-15 09:03:19,126-DEBUG-root-3616::webapp_internal::wait_blocker|2469:: Blocker status: False
2025-12-15 09:03:19,127-INFO-root-3616::webapp_internal::SetKey|5822:: Key pressed: TAB
2025-12-15 09:03:19,127-DEBUG-root-3616::webapp_internal::SetKey|5857:: Trying press key
2025-12-15 09:03:19,278-DEBUG-root-3616::webapp_internal::wait_blocker|2444:: Waiting blocker to continue...
2025-12-15 09:03:19,417-DEBUG-root-3616::webapp_internal::wait_blocker|2469:: Blocker status: False
2025-12-15 09:03:19,446-DEBUG-root-3616::webapp_internal::wait_blocker|2444:: Waiting blocker to continue...
2025-12-15 09:03:19,583-DEBUG-root-3616::webapp_internal::wait_blocker|2469:: Blocker status: False
2025-12-15 09:03:19,583-DEBUG-root-3616::webapp_internal::send_action|10480:: Trying to send action
2025-12-15 09:03:20,625-DEBUG-root-3616::webapp_internal::send_action|10522:: send_action method result = True
2025-12-15 09:03:20,625-DEBUG-root-3616::webapp_internal::send_action|10523:: send_action selenium status: False
2025-12-15 09:03:20,625-DEBUG-root-3616::webapp_internal::wait_element|7623:: Waiting for element
2025-12-15 09:03:20,720-DEBUG-root-3616::webapp_internal::wait_element|7653:: Element found! Waiting for element to be displayed.
2025-12-15 09:03:20,987-DEBUG-root-3616::webapp_internal::wait_blocker|2444:: Waiting blocker to continue...
2025-12-15 09:03:21,139-DEBUG-root-3616::webapp_internal::wait_blocker|2469:: Blocker status: False
2025-12-15 09:03:21,140-INFO-root-3616::webapp_internal::LoadGrid|6298:: Filling grid field: Favorecido
2025-12-15 09:03:21,140-DEBUG-root-3616::webapp_internal::fill_grid|6399:: Grid loading...
2025-12-15 09:03:21,304-DEBUG-root-3616::webapp_internal::fill_grid|6466:: Column found!
2025-12-15 09:03:21,342-DEBUG-root-3616::base::click|192:: Click Type: ClickType.ACTIONCHAINS
2025-12-15 09:03:21,634-DEBUG-root-3616::webapp_internal::fill_grid|6486:: Trying to select cell in grid!
2025-12-15 09:03:21,637-DEBUG-root-3616::base::click|192:: Click Type: ClickType.ACTIONCHAINS
2025-12-15 09:03:21,930-DEBUG-root-3616::webapp_internal::fill_grid|6486:: Trying to select cell in grid!
2025-12-15 09:03:21,935-DEBUG-root-3616::base::click|192:: Click Type: ClickType.ACTIONCHAINS
2025-12-15 09:03:22,220-DEBUG-root-3616::webapp_internal::fill_grid|6486:: Trying to select cell in grid!
2025-12-15 09:03:22,221-DEBUG-root-3616::base::click|192:: Click Type: ClickType.ACTIONCHAINS
2025-12-15 09:03:22,513-DEBUG-root-3616::webapp_internal::fill_grid|6486:: Trying to select cell in grid!
2025-12-15 09:03:22,517-DEBUG-root-3616::base::click|192:: Click Type: ClickType.ACTIONCHAINS
2025-12-15 09:03:22,806-DEBUG-root-3616::webapp_internal::fill_grid|6486:: Trying to select cell in grid!
2025-12-15 09:03:22,808-DEBUG-root-3616::base::click|192:: Click Type: ClickType.ACTIONCHAINS
2025-12-15 09:03:23,090-DEBUG-root-3616::webapp_internal::fill_grid|6486:: Trying to select cell in grid!
2025-12-15 09:03:23,092-DEBUG-root-3616::base::click|192:: Click Type: ClickType.ACTIONCHAINS
2025-12-15 09:03:23,387-DEBUG-root-3616::webapp_internal::fill_grid|6486:: Trying to select cell in grid!
2025-12-15 09:03:23,389-DEBUG-root-3616::base::click|192:: Click Type: ClickType.ACTIONCHAINS
2025-12-15 09:03:23,679-DEBUG-root-3616::webapp_internal::fill_grid|6486:: Trying to select cell in grid!
2025-12-15 09:03:23,684-DEBUG-root-3616::base::click|192:: Click Type: ClickType.ACTIONCHAINS
2025-12-15 09:03:23,973-DEBUG-root-3616::webapp_internal::fill_grid|6486:: Trying to select cell in grid!
2025-12-15 09:03:23,975-DEBUG-root-3616::base::click|192:: Click Type: ClickType.ACTIONCHAINS
2025-12-15 09:03:24,268-DEBUG-root-3616::webapp_internal::fill_grid|6486:: Trying to select cell in grid!
2025-12-15 09:03:24,270-DEBUG-root-3616::base::click|192:: Click Type: ClickType.ACTIONCHAINS
2025-12-15 09:03:24,557-DEBUG-root-3616::webapp_internal::fill_grid|6486:: Trying to select cell in grid!
2025-12-15 09:03:24,559-DEBUG-root-3616::base::click|192:: Click Type: ClickType.ACTIONCHAINS
2025-12-15 09:03:24,840-DEBUG-root-3616::webapp_internal::fill_grid|6486:: Trying to select cell in grid!
2025-12-15 09:03:24,842-DEBUG-root-3616::base::click|192:: Click Type: ClickType.ACTIONCHAINS
2025-12-15 09:03:25,130-DEBUG-root-3616::webapp_internal::fill_grid|6486:: Trying to select cell in grid!
2025-12-15 09:03:25,134-DEBUG-root-3616::base::click|192:: Click Type: ClickType.ACTIONCHAINS
2025-12-15 09:03:25,426-DEBUG-root-3616::webapp_internal::fill_grid|6486:: Trying to select cell in grid!
2025-12-15 09:03:25,428-DEBUG-root-3616::base::click|192:: Click Type: ClickType.ACTIONCHAINS
2025-12-15 09:03:25,691-DEBUG-root-3616::webapp_internal::fill_grid|6486:: Trying to select cell in grid!
2025-12-15 09:03:25,693-DEBUG-root-3616::base::click|192:: Click Type: ClickType.ACTIONCHAINS
2025-12-15 09:03:25,989-DEBUG-root-3616::webapp_internal::fill_grid|6486:: Trying to select cell in grid!
2025-12-15 09:03:25,991-DEBUG-root-3616::base::click|192:: Click Type: ClickType.ACTIONCHAINS
2025-12-15 09:03:26,285-DEBUG-root-3616::webapp_internal::fill_grid|6486:: Trying to select cell in grid!
2025-12-15 09:03:26,287-DEBUG-root-3616::base::click|192:: Click Type: ClickType.ACTIONCHAINS
2025-12-15 09:03:26,580-DEBUG-root-3616::webapp_internal::fill_grid|6486:: Trying to select cell in grid!
2025-12-15 09:03:26,585-DEBUG-root-3616::base::click|192:: Click Type: ClickType.ACTIONCHAINS
2025-12-15 09:03:26,879-DEBUG-root-3616::webapp_internal::fill_grid|6486:: Trying to select cell in grid!
2025-12-15 09:03:26,885-DEBUG-root-3616::base::click|192:: Click Type: ClickType.ACTIONCHAINS
2025-12-15 09:03:27,173-DEBUG-root-3616::webapp_internal::fill_grid|6486:: Trying to select cell in grid!
2025-12-15 09:03:27,177-DEBUG-root-3616::base::click|192:: Click Type: ClickType.ACTIONCHAINS
2025-12-15 09:03:27,473-DEBUG-root-3616::webapp_internal::fill_grid|6486:: Trying to select cell in grid!
2025-12-15 09:03:27,476-DEBUG-root-3616::base::click|192:: Click Type: ClickType.ACTIONCHAINS
2025-12-15 09:03:27,769-DEBUG-root-3616::webapp_internal::fill_grid|6486:: Trying to select cell in grid!
2025-12-15 09:03:27,772-DEBUG-root-3616::base::click|192:: Click Type: ClickType.ACTIONCHAINS
2025-12-15 09:03:28,063-DEBUG-root-3616::webapp_internal::fill_grid|6486:: Trying to select cell in grid!
2025-12-15 09:03:28,069-DEBUG-root-3616::base::click|192:: Click Type: ClickType.ACTIONCHAINS
2025-12-15 09:03:28,358-DEBUG-root-3616::webapp_internal::fill_grid|6486:: Trying to select cell in grid!
2025-12-15 09:03:28,360-DEBUG-root-3616::base::click|192:: Click Type: ClickType.ACTIONCHAINS
2025-12-15 09:03:28,657-DEBUG-root-3616::webapp_internal::fill_grid|6486:: Trying to select cell in grid!
2025-12-15 09:03:28,659-DEBUG-root-3616::base::click|192:: Click Type: ClickType.ACTIONCHAINS
2025-12-15 09:03:28,947-DEBUG-root-3616::webapp_internal::fill_grid|6486:: Trying to select cell in grid!
2025-12-15 09:03:28,952-DEBUG-root-3616::base::click|192:: Click Type: ClickType.ACTIONCHAINS
2025-12-15 09:03:29,241-DEBUG-root-3616::webapp_internal::fill_grid|6486:: Trying to select cell in grid!
2025-12-15 09:03:29,243-DEBUG-root-3616::base::click|192:: Click Type: ClickType.ACTIONCHAINS
2025-12-15 09:03:29,538-DEBUG-root-3616::webapp_internal::fill_grid|6486:: Trying to select cell in grid!
2025-12-15 09:03:29,539-DEBUG-root-3616::base::click|192:: Click Type: ClickType.ACTIONCHAINS
2025-12-15 09:03:29,802-DEBUG-root-3616::webapp_internal::fill_grid|6486:: Trying to select cell in grid!
2025-12-15 09:03:29,804-DEBUG-root-3616::base::click|192:: Click Type: ClickType.ACTIONCHAINS
2025-12-15 09:03:30,094-DEBUG-root-3616::webapp_internal::fill_grid|6486:: Trying to select cell in grid!
2025-12-15 09:03:30,096-DEBUG-root-3616::base::click|192:: Click Type: ClickType.ACTIONCHAINS
2025-12-15 09:03:30,361-DEBUG-root-3616::webapp_internal::fill_grid|6486:: Trying to select cell in grid!
2025-12-15 09:03:30,366-DEBUG-root-3616::base::click|192:: Click Type: ClickType.ACTIONCHAINS
2025-12-15 09:03:30,657-DEBUG-root-3616::webapp_internal::fill_grid|6486:: Trying to select cell in grid!
2025-12-15 09:03:30,659-DEBUG-root-3616::base::click|192:: Click Type: ClickType.ACTIONCHAINS
2025-12-15 09:03:30,950-DEBUG-root-3616::webapp_internal::fill_grid|6486:: Trying to select cell in grid!
2025-12-15 09:03:30,953-DEBUG-root-3616::base::click|192:: Click Type: ClickType.ACTIONCHAINS
2025-12-15 09:03:31,242-DEBUG-root-3616::webapp_internal::fill_grid|6486:: Trying to select cell in grid!
2025-12-15 09:03:31,244-DEBUG-root-3616::base::click|192:: Click Type: ClickType.ACTIONCHAINS
2025-12-15 09:03:31,540-DEBUG-root-3616::webapp_internal::fill_grid|6486:: Trying to select cell in grid!
2025-12-15 09:03:31,542-DEBUG-root-3616::base::click|192:: Click Type: ClickType.ACTIONCHAINS
2025-12-15 09:03:31,835-DEBUG-root-3616::webapp_internal::fill_grid|6486:: Trying to select cell in grid!
2025-12-15 09:03:31,838-DEBUG-root-3616::base::click|192:: Click Type: ClickType.ACTIONCHAINS
2025-12-15 09:03:32,127-DEBUG-root-3616::webapp_internal::fill_grid|6486:: Trying to select cell in grid!
2025-12-15 09:03:32,128-DEBUG-root-3616::base::click|192:: Click Type: ClickType.ACTIONCHAINS
2025-12-15 09:03:32,392-DEBUG-root-3616::webapp_internal::fill_grid|6486:: Trying to select cell in grid!
2025-12-15 09:03:32,394-DEBUG-root-3616::base::click|192:: Click Type: ClickType.ACTIONCHAINS
2025-12-15 09:03:32,656-DEBUG-root-3616::webapp_internal::fill_grid|6486:: Trying to select cell in grid!
2025-12-15 09:03:32,658-DEBUG-root-3616::base::click|192:: Click Type: ClickType.ACTIONCHAINS
2025-12-15 09:03:32,938-DEBUG-root-3616::webapp_internal::fill_grid|6486:: Trying to select cell in grid!
2025-12-15 09:03:32,940-DEBUG-root-3616::base::click|192:: Click Type: ClickType.ACTIONCHAINS
2025-12-15 09:03:33,234-DEBUG-root-3616::webapp_internal::fill_grid|6486:: Trying to select cell in grid!
2025-12-15 09:03:33,237-DEBUG-root-3616::base::click|192:: Click Type: ClickType.ACTIONCHAINS
2025-12-15 09:03:33,526-DEBUG-root-3616::webapp_internal::fill_grid|6486:: Trying to select cell in grid!
2025-12-15 09:03:33,530-DEBUG-root-3616::base::click|192:: Click Type: ClickType.ACTIONCHAINS
2025-12-15 09:03:33,826-DEBUG-root-3616::webapp_internal::fill_grid|6486:: Trying to select cell in grid!
2025-12-15 09:03:33,828-DEBUG-root-3616::base::click|192:: Click Type: ClickType.ACTIONCHAINS
2025-12-15 09:03:34,122-DEBUG-root-3616::webapp_internal::fill_grid|6486:: Trying to select cell in grid!
2025-12-15 09:03:34,125-DEBUG-root-3616::base::click|192:: Click Type: ClickType.ACTIONCHAINS
2025-12-15 09:03:34,417-DEBUG-root-3616::webapp_internal::fill_grid|6486:: Trying to select cell in grid!
2025-12-15 09:03:34,420-DEBUG-root-3616::base::click|192:: Click Type: ClickType.ACTIONCHAINS
2025-12-15 09:03:34,712-DEBUG-root-3616::webapp_internal::fill_grid|6486:: Trying to select cell in grid!
2025-12-15 09:03:34,718-DEBUG-root-3616::base::click|192:: Click Type: ClickType.ACTIONCHAINS
2025-12-15 09:03:35,007-DEBUG-root-3616::webapp_internal::fill_grid|6486:: Trying to select cell in grid!
2025-12-15 09:03:35,009-DEBUG-root-3616::base::click|192:: Click Type: ClickType.ACTIONCHAINS
2025-12-15 09:03:35,304-DEBUG-root-3616::webapp_internal::fill_grid|6486:: Trying to select cell in grid!
2025-12-15 09:03:35,306-DEBUG-root-3616::base::click|192:: Click Type: ClickType.ACTIONCHAINS
2025-12-15 09:03:35,593-DEBUG-root-3616::webapp_internal::fill_grid|6486:: Trying to select cell in grid!
2025-12-15 09:03:35,595-DEBUG-root-3616::base::click|192:: Click Type: ClickType.ACTIONCHAINS
2025-12-15 09:03:35,889-DEBUG-root-3616::webapp_internal::fill_grid|6486:: Trying to select cell in grid!
2025-12-15 09:03:35,892-DEBUG-root-3616::base::click|192:: Click Type: ClickType.ACTIONCHAINS
2025-12-15 09:03:36,184-DEBUG-root-3616::webapp_internal::fill_grid|6486:: Trying to select cell in grid!
2025-12-15 09:03:36,187-DEBUG-root-3616::base::click|192:: Click Type: ClickType.ACTIONCHAINS
2025-12-15 09:03:36,477-DEBUG-root-3616::webapp_internal::fill_grid|6486:: Trying to select cell in grid!
2025-12-15 09:03:36,484-DEBUG-root-3616::base::click|192:: Click Type: ClickType.ACTIONCHAINS
2025-12-15 09:03:36,774-DEBUG-root-3616::webapp_internal::fill_grid|6486:: Trying to select cell in grid!
2025-12-15 09:03:36,775-DEBUG-root-3616::base::click|192:: Click Type: ClickType.ACTIONCHAINS
2025-12-15 09:03:37,056-DEBUG-root-3616::webapp_internal::fill_grid|6486:: Trying to select cell in grid!
2025-12-15 09:03:37,058-DEBUG-root-3616::base::click|192:: Click Type: ClickType.ACTIONCHAINS
2025-12-15 09:03:37,343-DEBUG-root-3616::webapp_internal::fill_grid|6486:: Trying to select cell in grid!
2025-12-15 09:03:37,345-DEBUG-root-3616::base::click|192:: Click Type: ClickType.ACTIONCHAINS
2025-12-15 09:03:37,608-DEBUG-root-3616::webapp_internal::fill_grid|6486:: Trying to select cell in grid!
2025-12-15 09:03:37,610-DEBUG-root-3616::base::click|192:: Click Type: ClickType.ACTIONCHAINS
2025-12-15 09:03:37,908-DEBUG-root-3616::webapp_internal::fill_grid|6486:: Trying to select cell in grid!
2025-12-15 09:03:37,910-DEBUG-root-3616::base::click|192:: Click Type: ClickType.ACTIONCHAINS
2025-12-15 09:03:38,204-DEBUG-root-3616::webapp_internal::fill_grid|6486:: Trying to select cell in grid!
2025-12-15 09:03:38,206-DEBUG-root-3616::base::click|192:: Click Type: ClickType.ACTIONCHAINS
2025-12-15 09:03:38,470-DEBUG-root-3616::webapp_internal::fill_grid|6486:: Trying to select cell in grid!
2025-12-15 09:03:38,472-DEBUG-root-3616::base::click|192:: Click Type: ClickType.ACTIONCHAINS
2025-12-15 09:03:38,768-DEBUG-root-3616::webapp_internal::fill_grid|6486:: Trying to select cell in grid!
2025-12-15 09:03:38,770-DEBUG-root-3616::base::click|192:: Click Type: ClickType.ACTIONCHAINS
2025-12-15 09:03:39,053-DEBUG-root-3616::webapp_internal::fill_grid|6486:: Trying to select cell in grid!
2025-12-15 09:03:39,055-DEBUG-root-3616::base::click|192:: Click Type: ClickType.ACTIONCHAINS
2025-12-15 09:03:39,347-DEBUG-root-3616::webapp_internal::fill_grid|6486:: Trying to select cell in grid!
2025-12-15 09:03:39,350-DEBUG-root-3616::base::click|192:: Click Type: ClickType.ACTIONCHAINS
2025-12-15 09:03:39,640-DEBUG-root-3616::webapp_internal::fill_grid|6486:: Trying to select cell in grid!
2025-12-15 09:03:39,643-DEBUG-root-3616::base::click|192:: Click Type: ClickType.ACTIONCHAINS
2025-12-15 09:03:39,940-DEBUG-root-3616::webapp_internal::fill_grid|6486:: Trying to select cell in grid!
2025-12-15 09:03:39,942-DEBUG-root-3616::base::click|192:: Click Type: ClickType.ACTIONCHAINS
2025-12-15 09:03:40,235-DEBUG-root-3616::webapp_internal::fill_grid|6486:: Trying to select cell in grid!
2025-12-15 09:03:40,237-DEBUG-root-3616::base::click|192:: Click Type: ClickType.ACTIONCHAINS
2025-12-15 09:03:40,526-DEBUG-root-3616::webapp_internal::fill_grid|6486:: Trying to select cell in grid!
2025-12-15 09:03:40,528-DEBUG-root-3616::base::click|192:: Click Type: ClickType.ACTIONCHAINS
2025-12-15 09:03:40,793-DEBUG-root-3616::webapp_internal::fill_grid|6486:: Trying to select cell in grid!
2025-12-15 09:03:40,795-DEBUG-root-3616::base::click|192:: Click Type: ClickType.ACTIONCHAINS
2025-12-15 09:03:41,091-DEBUG-root-3616::webapp_internal::fill_grid|6486:: Trying to select cell in grid!
2025-12-15 09:03:41,093-DEBUG-root-3616::base::click|192:: Click Type: ClickType.ACTIONCHAINS
2025-12-15 09:03:41,384-DEBUG-root-3616::webapp_internal::fill_grid|6486:: Trying to select cell in grid!
2025-12-15 09:03:41,386-DEBUG-root-3616::base::click|192:: Click Type: ClickType.ACTIONCHAINS
2025-12-15 09:03:41,676-DEBUG-root-3616::webapp_internal::fill_grid|6486:: Trying to select cell in grid!
2025-12-15 09:03:41,677-DEBUG-root-3616::base::click|192:: Click Type: ClickType.ACTIONCHAINS
2025-12-15 09:03:41,972-DEBUG-root-3616::webapp_internal::fill_grid|6486:: Trying to select cell in grid!
2025-12-15 09:03:41,974-DEBUG-root-3616::base::click|192:: Click Type: ClickType.ACTIONCHAINS
2025-12-15 09:03:42,267-DEBUG-root-3616::webapp_internal::fill_grid|6486:: Trying to select cell in grid!
2025-12-15 09:03:42,270-DEBUG-root-3616::base::click|192:: Click Type: ClickType.ACTIONCHAINS
2025-12-15 09:03:42,560-DEBUG-root-3616::webapp_internal::fill_grid|6486:: Trying to select cell in grid!
2025-12-15 09:03:42,562-DEBUG-root-3616::base::click|192:: Click Type: ClickType.ACTIONCHAINS
2025-12-15 09:03:42,860-DEBUG-root-3616::webapp_internal::fill_grid|6486:: Trying to select cell in grid!
2025-12-15 09:03:42,862-DEBUG-root-3616::base::click|192:: Click Type: ClickType.ACTIONCHAINS
2025-12-15 09:03:43,146-DEBUG-root-3616::webapp_internal::fill_grid|6486:: Trying to select cell in grid!
2025-12-15 09:03:43,150-DEBUG-root-3616::base::click|192:: Click Type: ClickType.ACTIONCHAINS
2025-12-15 09:03:43,440-DEBUG-root-3616::webapp_internal::fill_grid|6486:: Trying to select cell in grid!
2025-12-15 09:03:43,442-DEBUG-root-3616::base::click|192:: Click Type: ClickType.ACTIONCHAINS
2025-12-15 09:03:43,727-DEBUG-root-3616::webapp_internal::fill_grid|6486:: Trying to select cell in grid!
2025-12-15 09:03:43,729-DEBUG-root-3616::base::click|192:: Click Type: ClickType.ACTIONCHAINS
2025-12-15 09:03:44,024-DEBUG-root-3616::webapp_internal::fill_grid|6486:: Trying to select cell in grid!
2025-12-15 09:03:44,027-DEBUG-root-3616::base::click|192:: Click Type: ClickType.ACTIONCHAINS
2025-12-15 09:03:44,321-DEBUG-root-3616::webapp_internal::fill_grid|6486:: Trying to select cell in grid!
2025-12-15 09:03:44,323-DEBUG-root-3616::base::click|192:: Click Type: ClickType.ACTIONCHAINS
2025-12-15 09:03:44,611-DEBUG-root-3616::webapp_internal::fill_grid|6486:: Trying to select cell in grid!
2025-12-15 09:03:44,612-DEBUG-root-3616::base::click|192:: Click Type: ClickType.ACTIONCHAINS
2025-12-15 09:03:44,906-DEBUG-root-3616::webapp_internal::fill_grid|6486:: Trying to select cell in grid!
2025-12-15 09:03:44,908-DEBUG-root-3616::base::click|192:: Click Type: ClickType.ACTIONCHAINS
2025-12-15 09:03:45,175-DEBUG-root-3616::webapp_internal::fill_grid|6486:: Trying to select cell in grid!
2025-12-15 09:03:45,178-DEBUG-root-3616::base::click|192:: Click Type: ClickType.ACTIONCHAINS
2025-12-15 09:03:45,468-DEBUG-root-3616::webapp_internal::fill_grid|6486:: Trying to select cell in grid!
2025-12-15 09:03:45,470-DEBUG-root-3616::base::click|192:: Click Type: ClickType.ACTIONCHAINS
2025-12-15 09:03:45,759-DEBUG-root-3616::webapp_internal::fill_grid|6486:: Trying to select cell in grid!
2025-12-15 09:03:45,761-DEBUG-root-3616::base::click|192:: Click Type: ClickType.ACTIONCHAINS
2025-12-15 09:03:46,023-DEBUG-root-3616::webapp_internal::fill_grid|6486:: Trying to select cell in grid!
2025-12-15 09:03:46,025-DEBUG-root-3616::base::click|192:: Click Type: ClickType.ACTIONCHAINS
2025-12-15 09:03:46,303-DEBUG-root-3616::webapp_internal::fill_grid|6486:: Trying to select cell in grid!
2025-12-15 09:03:46,305-DEBUG-root-3616::base::click|192:: Click Type: ClickType.ACTIONCHAINS
2025-12-15 09:03:46,596-DEBUG-root-3616::webapp_internal::fill_grid|6486:: Trying to select cell in grid!
2025-12-15 09:03:46,600-DEBUG-root-3616::base::click|192:: Click Type: ClickType.ACTIONCHAINS
2025-12-15 09:03:46,889-DEBUG-root-3616::webapp_internal::fill_grid|6486:: Trying to select cell in grid!
2025-12-15 09:03:46,890-DEBUG-root-3616::base::click|192:: Click Type: ClickType.ACTIONCHAINS
2025-12-15 09:03:47,180-DEBUG-root-3616::webapp_internal::fill_grid|6486:: Trying to select cell in grid!
2025-12-15 09:03:47,184-DEBUG-root-3616::base::click|192:: Click Type: ClickType.ACTIONCHAINS
2025-12-15 09:03:47,475-DEBUG-root-3616::webapp_internal::fill_grid|6486:: Trying to select cell in grid!
2025-12-15 09:03:47,478-DEBUG-root-3616::base::click|192:: Click Type: ClickType.ACTIONCHAINS
2025-12-15 09:03:47,773-DEBUG-root-3616::webapp_internal::fill_grid|6486:: Trying to select cell in grid!
2025-12-15 09:03:47,774-DEBUG-root-3616::base::click|192:: Click Type: ClickType.ACTIONCHAINS
2025-12-15 09:03:48,063-DEBUG-root-3616::webapp_internal::fill_grid|6486:: Trying to select cell in grid!
2025-12-15 09:03:48,066-DEBUG-root-3616::base::click|192:: Click Type: ClickType.ACTIONCHAINS
2025-12-15 09:03:48,359-DEBUG-root-3616::webapp_internal::fill_grid|6486:: Trying to select cell in grid!
2025-12-15 09:03:48,361-DEBUG-root-3616::base::click|192:: Click Type: ClickType.ACTIONCHAINS
2025-12-15 09:03:48,653-DEBUG-root-3616::webapp_internal::fill_grid|6486:: Trying to select cell in grid!
2025-12-15 09:03:48,655-DEBUG-root-3616::base::click|192:: Click Type: ClickType.ACTIONCHAINS
2025-12-15 09:03:48,945-DEBUG-root-3616::webapp_internal::fill_grid|6486:: Trying to select cell in grid!
2025-12-15 09:03:48,950-DEBUG-root-3616::base::click|192:: Click Type: ClickType.ACTIONCHAINS
2025-12-15 09:03:49,240-DEBUG-root-3616::webapp_internal::fill_grid|6486:: Trying to select cell in grid!
2025-12-15 09:03:49,242-DEBUG-root-3616::base::click|192:: Click Type: ClickType.ACTIONCHAINS
2025-12-15 09:03:49,522-DEBUG-root-3616::webapp_internal::fill_grid|6486:: Trying to select cell in grid!
2025-12-15 09:03:49,524-DEBUG-root-3616::base::click|192:: Click Type: ClickType.ACTIONCHAINS
2025-12-15 09:03:49,813-DEBUG-root-3616::webapp_internal::fill_grid|6486:: Trying to select cell in grid!
2025-12-15 09:03:49,817-DEBUG-root-3616::base::click|192:: Click Type: ClickType.ACTIONCHAINS
2025-12-15 09:03:50,107-DEBUG-root-3616::webapp_internal::fill_grid|6486:: Trying to select cell in grid!
2025-12-15 09:03:50,108-DEBUG-root-3616::base::click|192:: Click Type: ClickType.ACTIONCHAINS
2025-12-15 09:03:50,390-DEBUG-root-3616::webapp_internal::fill_grid|6486:: Trying to select cell in grid!
2025-12-15 09:03:50,392-DEBUG-root-3616::base::click|192:: Click Type: ClickType.ACTIONCHAINS
2025-12-15 09:03:50,680-DEBUG-root-3616::webapp_internal::fill_grid|6486:: Trying to select cell in grid!
2025-12-15 09:03:50,685-DEBUG-root-3616::base::click|192:: Click Type: ClickType.ACTIONCHAINS
2025-12-15 09:03:50,975-DEBUG-root-3616::webapp_internal::fill_grid|6486:: Trying to select cell in grid!
2025-12-15 09:03:50,977-DEBUG-root-3616::base::click|192:: Click Type: ClickType.ACTIONCHAINS
2025-12-15 09:03:51,274-DEBUG-root-3616::webapp_internal::fill_grid|6486:: Trying to select cell in grid!
2025-12-15 09:03:51,277-DEBUG-root-3616::base::click|192:: Click Type: ClickType.ACTIONCHAINS
2025-12-15 09:03:51,560-DEBUG-root-3616::webapp_internal::fill_grid|6486:: Trying to select cell in grid!
2025-12-15 09:03:51,562-DEBUG-root-3616::base::click|192:: Click Type: ClickType.ACTIONCHAINS
2025-12-15 09:03:51,858-DEBUG-root-3616::webapp_internal::fill_grid|6486:: Trying to select cell in grid!
2025-12-15 09:03:51,860-DEBUG-root-3616::base::click|192:: Click Type: ClickType.ACTIONCHAINS
2025-12-15 09:03:52,153-DEBUG-root-3616::webapp_internal::fill_grid|6486:: Trying to select cell in grid!
2025-12-15 09:03:52,155-DEBUG-root-3616::base::click|192:: Click Type: ClickType.ACTIONCHAINS
2025-12-15 09:03:52,444-DEBUG-root-3616::webapp_internal::fill_grid|6486:: Trying to select cell in grid!
2025-12-15 09:03:52,446-DEBUG-root-3616::base::click|192:: Click Type: ClickType.ACTIONCHAINS
2025-12-15 09:03:52,739-DEBUG-root-3616::webapp_internal::fill_grid|6486:: Trying to select cell in grid!
2025-12-15 09:03:52,741-DEBUG-root-3616::base::click|192:: Click Type: ClickType.ACTIONCHAINS
2025-12-15 09:03:53,030-DEBUG-root-3616::webapp_internal::fill_grid|6486:: Trying to select cell in grid!
2025-12-15 09:03:53,034-DEBUG-root-3616::base::click|192:: Click Type: ClickType.ACTIONCHAINS
2025-12-15 09:03:53,324-DEBUG-root-3616::webapp_internal::fill_grid|6486:: Trying to select cell in grid!
2025-12-15 09:03:53,326-DEBUG-root-3616::base::click|192:: Click Type: ClickType.ACTIONCHAINS
2025-12-15 09:03:53,607-DEBUG-root-3616::webapp_internal::fill_grid|6486:: Trying to select cell in grid!
2025-12-15 09:03:53,609-DEBUG-root-3616::base::click|192:: Click Type: ClickType.ACTIONCHAINS
2025-12-15 09:03:53,896-DEBUG-root-3616::webapp_internal::fill_grid|6486:: Trying to select cell in grid!
2025-12-15 09:03:53,900-DEBUG-root-3616::base::click|192:: Click Type: ClickType.ACTIONCHAINS
2025-12-15 09:03:54,193-DEBUG-root-3616::webapp_internal::fill_grid|6486:: Trying to select cell in grid!
2025-12-15 09:03:54,196-DEBUG-root-3616::base::click|192:: Click Type: ClickType.ACTIONCHAINS
2025-12-15 09:03:54,485-DEBUG-root-3616::webapp_internal::fill_grid|6486:: Trying to select cell in grid!
2025-12-15 09:03:54,487-DEBUG-root-3616::base::click|192:: Click Type: ClickType.ACTIONCHAINS
2025-12-15 09:03:54,777-DEBUG-root-3616::webapp_internal::fill_grid|6486:: Trying to select cell in grid!
2025-12-15 09:03:54,779-DEBUG-root-3616::base::click|192:: Click Type: ClickType.ACTIONCHAINS
2025-12-15 09:03:55,073-DEBUG-root-3616::webapp_internal::fill_grid|6486:: Trying to select cell in grid!
2025-12-15 09:03:55,075-DEBUG-root-3616::base::click|192:: Click Type: ClickType.ACTIONCHAINS
2025-12-15 09:03:55,371-DEBUG-root-3616::webapp_internal::fill_grid|6486:: Trying to select cell in grid!
2025-12-15 09:03:55,373-DEBUG-root-3616::base::click|192:: Click Type: ClickType.ACTIONCHAINS
2025-12-15 09:03:55,659-DEBUG-root-3616::webapp_internal::fill_grid|6486:: Trying to select cell in grid!
2025-12-15 09:03:55,661-DEBUG-root-3616::base::click|192:: Click Type: ClickType.ACTIONCHAINS
2025-12-15 09:03:55,955-DEBUG-root-3616::webapp_internal::fill_grid|6486:: Trying to select cell in grid!
2025-12-15 09:03:55,957-DEBUG-root-3616::base::click|192:: Click Type: ClickType.ACTIONCHAINS
2025-12-15 09:03:56,246-DEBUG-root-3616::webapp_internal::fill_grid|6486:: Trying to select cell in grid!
2025-12-15 09:03:56,250-DEBUG-root-3616::base::click|192:: Click Type: ClickType.ACTIONCHAINS
2025-12-15 09:03:56,542-DEBUG-root-3616::webapp_internal::fill_grid|6486:: Trying to select cell in grid!
2025-12-15 09:03:56,544-DEBUG-root-3616::base::click|192:: Click Type: ClickType.ACTIONCHAINS
2025-12-15 09:03:56,839-DEBUG-root-3616::webapp_internal::fill_grid|6486:: Trying to select cell in grid!
2025-12-15 09:03:56,841-DEBUG-root-3616::base::click|192:: Click Type: ClickType.ACTIONCHAINS
2025-12-15 09:03:57,133-DEBUG-root-3616::webapp_internal::fill_grid|6486:: Trying to select cell in grid!
2025-12-15 09:03:57,135-DEBUG-root-3616::base::click|192:: Click Type: ClickType.ACTIONCHAINS
2025-12-15 09:03:57,424-DEBUG-root-3616::webapp_internal::fill_grid|6486:: Trying to select cell in grid!
2025-12-15 09:03:57,426-DEBUG-root-3616::base::click|192:: Click Type: ClickType.ACTIONCHAINS
2025-12-15 09:03:57,702-DEBUG-root-3616::webapp_internal::fill_grid|6486:: Trying to select cell in grid!
2025-12-15 09:03:57,704-DEBUG-root-3616::base::click|192:: Click Type: ClickType.ACTIONCHAINS
2025-12-15 09:03:57,968-DEBUG-root-3616::webapp_internal::fill_grid|6486:: Trying to select cell in grid!
2025-12-15 09:03:57,970-DEBUG-root-3616::base::click|192:: Click Type: ClickType.ACTIONCHAINS
2025-12-15 09:03:58,260-DEBUG-root-3616::webapp_internal::fill_grid|6486:: Trying to select cell in grid!
2025-12-15 09:03:58,262-DEBUG-root-3616::base::click|192:: Click Type: ClickType.ACTIONCHAINS
2025-12-15 09:03:58,558-DEBUG-root-3616::webapp_internal::fill_grid|6486:: Trying to select cell in grid!
2025-12-15 09:03:58,560-DEBUG-root-3616::base::click|192:: Click Type: ClickType.ACTIONCHAINS
2025-12-15 09:03:58,822-DEBUG-root-3616::webapp_internal::fill_grid|6486:: Trying to select cell in grid!
2025-12-15 09:03:58,824-DEBUG-root-3616::base::click|192:: Click Type: ClickType.ACTIONCHAINS
2025-12-15 09:03:59,087-DEBUG-root-3616::webapp_internal::fill_grid|6486:: Trying to select cell in grid!
2025-12-15 09:03:59,089-DEBUG-root-3616::base::click|192:: Click Type: ClickType.ACTIONCHAINS
2025-12-15 09:03:59,376-DEBUG-root-3616::webapp_internal::fill_grid|6486:: Trying to select cell in grid!
2025-12-15 09:03:59,379-DEBUG-root-3616::base::click|192:: Click Type: ClickType.ACTIONCHAINS
2025-12-15 09:03:59,644-DEBUG-root-3616::webapp_internal::fill_grid|6486:: Trying to select cell in grid!
2025-12-15 09:03:59,646-DEBUG-root-3616::base::click|192:: Click Type: ClickType.ACTIONCHAINS
2025-12-15 09:03:59,941-DEBUG-root-3616::webapp_internal::fill_grid|6486:: Trying to select cell in grid!
2025-12-15 09:03:59,943-DEBUG-root-3616::base::click|192:: Click Type: ClickType.ACTIONCHAINS
2025-12-15 09:04:00,208-DEBUG-root-3616::webapp_internal::fill_grid|6486:: Trying to select cell in grid!
2025-12-15 09:04:00,210-DEBUG-root-3616::base::click|192:: Click Type: ClickType.ACTIONCHAINS
2025-12-15 09:04:00,502-DEBUG-root-3616::webapp_internal::fill_grid|6486:: Trying to select cell in grid!
2025-12-15 09:04:00,503-DEBUG-root-3616::base::click|192:: Click Type: ClickType.ACTIONCHAINS
2025-12-15 09:04:00,791-DEBUG-root-3616::webapp_internal::fill_grid|6486:: Trying to select cell in grid!
2025-12-15 09:04:00,794-DEBUG-root-3616::base::click|192:: Click Type: ClickType.ACTIONCHAINS
2025-12-15 09:04:01,085-DEBUG-root-3616::webapp_internal::fill_grid|6486:: Trying to select cell in grid!
2025-12-15 09:04:01,087-DEBUG-root-3616::base::click|192:: Click Type: ClickType.ACTIONCHAINS
2025-12-15 09:04:01,377-DEBUG-root-3616::webapp_internal::fill_grid|6486:: Trying to select cell in grid!
2025-12-15 09:04:01,379-DEBUG-root-3616::base::click|192:: Click Type: ClickType.ACTIONCHAINS
2025-12-15 09:04:06,702-DEBUG-root-3616::webapp_internal::fill_grid|6498:: Trying open cell in grid!
2025-12-15 09:04:06,988-DEBUG-root-3616::webapp_internal::wait_blocker|2444:: Waiting blocker to continue...
2025-12-15 09:04:07,145-DEBUG-root-3616::webapp_internal::wait_blocker|2469:: Blocker status: False
2025-12-15 09:04:07,340-DEBUG-root-3616::webapp_internal::wait_element_timeout|7726:: Element found! Waiting for element to be displayed.
2025-12-15 09:04:07,697-DEBUG-root-3616::webapp_internal::fill_grid|6577:: Sending keys: 227884
2025-12-15 09:04:08,003-DEBUG-root-3616::webapp_internal::wait_blocker|2444:: Waiting blocker to continue...
2025-12-15 09:04:08,208-DEBUG-root-3616::webapp_internal::wait_blocker|2469:: Blocker status: False
2025-12-15 09:04:08,445-DEBUG-root-3616::webapp_internal::wait_element_timeout|7726:: Element found! Waiting for element to be displayed.
2025-12-15 09:04:08,873-INFO-root-3616::webapp_internal::ClickFolder|5081:: Clicking on folder: Transporte
2025-12-15 09:04:08,873-DEBUG-root-3616::webapp_internal::wait_blocker|2444:: Waiting blocker to continue...
2025-12-15 09:04:09,036-DEBUG-root-3616::webapp_internal::wait_blocker|2469:: Blocker status: False
2025-12-15 09:04:09,078-DEBUG-root-3616::webapp_internal::wait_element|7623:: Waiting for element
2025-12-15 09:04:09,452-DEBUG-root-3616::webapp_internal::wait_element|7653:: Element found! Waiting for element to be displayed.
2025-12-15 09:04:11,198-DEBUG-root-3616::webapp_internal::wait_blocker|2444:: Waiting blocker to continue...
2025-12-15 09:04:11,423-DEBUG-root-3616::webapp_internal::wait_blocker|2469:: Blocker status: False
2025-12-15 09:04:11,423-INFO-root-3616::webapp_internal::SetKey|5822:: Key pressed: TAB
2025-12-15 09:04:11,424-DEBUG-root-3616::webapp_internal::SetKey|5857:: Trying press key
2025-12-15 09:04:11,424-DEBUG-root-3616::webapp_internal::wait_element|7623:: Waiting for element
2025-12-15 09:04:11,629-DEBUG-root-3616::webapp_internal::wait_element|7653:: Element found! Waiting for element to be displayed.
2025-12-15 09:04:11,923-DEBUG-root-3616::webapp_internal::wait_blocker|2444:: Waiting blocker to continue...
2025-12-15 09:04:12,107-DEBUG-root-3616::webapp_internal::wait_blocker|2469:: Blocker status: False
2025-12-15 09:04:12,107-INFO-root-3616::webapp_internal::LoadGrid|6298:: Filling grid field: Tipo
2025-12-15 09:04:12,107-DEBUG-root-3616::webapp_internal::fill_grid|6399:: Grid loading...
2025-12-15 09:04:12,614-DEBUG-root-3616::webapp_internal::fill_grid|6466:: Column found!
2025-12-15 09:04:12,658-DEBUG-root-3616::base::click|192:: Click Type: ClickType.ACTIONCHAINS
2025-12-15 09:04:18,140-DEBUG-root-3616::webapp_internal::fill_grid|6498:: Trying open cell in grid!
2025-12-15 09:04:18,428-DEBUG-root-3616::webapp_internal::wait_blocker|2444:: Waiting blocker to continue...
2025-12-15 09:04:18,638-DEBUG-root-3616::webapp_internal::wait_blocker|2469:: Blocker status: False
2025-12-15 09:04:18,870-DEBUG-root-3616::webapp_internal::wait_element_timeout|7726:: Element found! Waiting for element to be displayed.
2025-12-15 09:04:20,403-INFO-root-3616::base::select_combo|871:: Selected value for combo is: 1 - Aereo
2025-12-15 09:04:20,642-DEBUG-root-3616::webapp_internal::wait_blocker|2444:: Waiting blocker to continue...
2025-12-15 09:04:20,840-DEBUG-root-3616::webapp_internal::wait_blocker|2469:: Blocker status: False
2025-12-15 09:04:20,873-DEBUG-root-3616::webapp_internal::wait_blocker|2444:: Waiting blocker to continue...
2025-12-15 09:04:21,009-DEBUG-root-3616::webapp_internal::wait_blocker|2469:: Blocker status: False
2025-12-15 09:04:21,010-DEBUG-root-3616::webapp_internal::send_action|10480:: Trying to send action
2025-12-15 09:04:22,068-DEBUG-root-3616::webapp_internal::send_action|10522:: send_action method result = True
2025-12-15 09:04:22,068-DEBUG-root-3616::webapp_internal::send_action|10523:: send_action selenium status: False
2025-12-15 09:04:22,068-DEBUG-root-3616::webapp_internal::wait_blocker|2444:: Waiting blocker to continue...
2025-12-15 09:04:22,236-DEBUG-root-3616::webapp_internal::wait_blocker|2469:: Blocker status: False
2025-12-15 09:04:22,236-INFO-root-3616::webapp_internal::SetKey|5822:: Key pressed: TAB
2025-12-15 09:04:22,237-DEBUG-root-3616::webapp_internal::SetKey|5857:: Trying press key
2025-12-15 09:04:22,237-DEBUG-root-3616::webapp_internal::wait_element|7623:: Waiting for element
2025-12-15 09:04:22,363-DEBUG-root-3616::webapp_internal::wait_element|7653:: Element found! Waiting for element to be displayed.
2025-12-15 09:04:22,708-DEBUG-root-3616::webapp_internal::wait_blocker|2444:: Waiting blocker to continue...
2025-12-15 09:04:22,859-DEBUG-root-3616::webapp_internal::wait_blocker|2469:: Blocker status: False
2025-12-15 09:04:22,859-INFO-root-3616::webapp_internal::LoadGrid|6298:: Filling grid field: Partida
2025-12-15 09:04:22,859-DEBUG-root-3616::webapp_internal::fill_grid|6399:: Grid loading...
2025-12-15 09:04:23,326-DEBUG-root-3616::webapp_internal::fill_grid|6466:: Column found!
2025-12-15 09:04:23,380-DEBUG-root-3616::base::click|192:: Click Type: ClickType.ACTIONCHAINS
2025-12-15 09:04:28,807-DEBUG-root-3616::webapp_internal::fill_grid|6498:: Trying open cell in grid!
2025-12-15 09:04:29,123-DEBUG-root-3616::webapp_internal::wait_blocker|2444:: Waiting blocker to continue...
2025-12-15 09:04:29,328-DEBUG-root-3616::webapp_internal::wait_blocker|2469:: Blocker status: False
2025-12-15 09:04:29,540-DEBUG-root-3616::webapp_internal::wait_element_timeout|7726:: Element found! Waiting for element to be displayed.
2025-12-15 09:04:29,919-DEBUG-root-3616::webapp_internal::fill_grid|6577:: Sending keys: 20/12/2025
2025-12-15 09:04:30,243-DEBUG-root-3616::webapp_internal::wait_blocker|2444:: Waiting blocker to continue...
2025-12-15 09:04:30,407-DEBUG-root-3616::webapp_internal::wait_blocker|2469:: Blocker status: False
2025-12-15 09:04:35,909-DEBUG-root-3616::webapp_internal::wait_blocker|2444:: Waiting blocker to continue...
2025-12-15 09:04:36,077-DEBUG-root-3616::webapp_internal::wait_blocker|2469:: Blocker status: False
2025-12-15 09:04:36,109-DEBUG-root-3616::webapp_internal::wait_blocker|2444:: Waiting blocker to continue...
2025-12-15 09:04:36,278-DEBUG-root-3616::webapp_internal::wait_blocker|2469:: Blocker status: False
2025-12-15 09:04:36,278-DEBUG-root-3616::webapp_internal::send_action|10480:: Trying to send action
2025-12-15 09:04:37,346-DEBUG-root-3616::webapp_internal::send_action|10522:: send_action method result = True
2025-12-15 09:04:37,346-DEBUG-root-3616::webapp_internal::send_action|10523:: send_action selenium status: False
2025-12-15 09:04:37,347-DEBUG-root-3616::webapp_internal::wait_blocker|2444:: Waiting blocker to continue...
2025-12-15 09:04:37,522-DEBUG-root-3616::webapp_internal::wait_blocker|2469:: Blocker status: False
2025-12-15 09:04:37,523-INFO-root-3616::webapp_internal::SetKey|5822:: Key pressed: TAB
2025-12-15 09:04:37,523-DEBUG-root-3616::webapp_internal::SetKey|5857:: Trying press key
2025-12-15 09:04:37,523-DEBUG-root-3616::webapp_internal::wait_element|7623:: Waiting for element
2025-12-15 09:04:37,642-DEBUG-root-3616::webapp_internal::wait_element|7653:: Element found! Waiting for element to be displayed.
2025-12-15 09:04:37,922-DEBUG-root-3616::webapp_internal::wait_blocker|2444:: Waiting blocker to continue...
2025-12-15 09:04:38,109-DEBUG-root-3616::webapp_internal::wait_blocker|2469:: Blocker status: False
2025-12-15 09:04:38,109-INFO-root-3616::webapp_internal::LoadGrid|6298:: Filling grid field: Hora Partida
2025-12-15 09:04:38,109-DEBUG-root-3616::webapp_internal::fill_grid|6399:: Grid loading...
2025-12-15 09:04:38,560-DEBUG-root-3616::webapp_internal::fill_grid|6466:: Column found!
2025-12-15 09:04:38,620-DEBUG-root-3616::base::click|192:: Click Type: ClickType.ACTIONCHAINS
2025-12-15 09:04:44,006-DEBUG-root-3616::webapp_internal::fill_grid|6498:: Trying open cell in grid!
2025-12-15 09:04:44,292-DEBUG-root-3616::webapp_internal::wait_blocker|2444:: Waiting blocker to continue...
2025-12-15 09:04:44,510-DEBUG-root-3616::webapp_internal::wait_blocker|2469:: Blocker status: False
2025-12-15 09:04:44,721-DEBUG-root-3616::webapp_internal::wait_element_timeout|7726:: Element found! Waiting for element to be displayed.
2025-12-15 09:04:45,093-DEBUG-root-3616::webapp_internal::fill_grid|6577:: Sending keys: 08:00
2025-12-15 09:04:45,438-DEBUG-root-3616::webapp_internal::wait_blocker|2444:: Waiting blocker to continue...
2025-12-15 09:04:45,650-DEBUG-root-3616::webapp_internal::wait_blocker|2469:: Blocker status: False
2025-12-15 09:04:51,191-DEBUG-root-3616::webapp_internal::wait_blocker|2444:: Waiting blocker to continue...
2025-12-15 09:04:51,442-DEBUG-root-3616::webapp_internal::wait_blocker|2469:: Blocker status: False
2025-12-15 09:04:51,496-DEBUG-root-3616::webapp_internal::wait_blocker|2444:: Waiting blocker to continue...
2025-12-15 09:04:51,707-DEBUG-root-3616::webapp_internal::wait_blocker|2469:: Blocker status: False
2025-12-15 09:04:51,708-DEBUG-root-3616::webapp_internal::send_action|10480:: Trying to send action
2025-12-15 09:04:52,773-DEBUG-root-3616::webapp_internal::send_action|10522:: send_action method result = True
2025-12-15 09:04:52,774-DEBUG-root-3616::webapp_internal::send_action|10523:: send_action selenium status: False
2025-12-15 09:04:52,774-DEBUG-root-3616::webapp_internal::wait_blocker|2444:: Waiting blocker to continue...
2025-12-15 09:04:52,962-DEBUG-root-3616::webapp_internal::wait_blocker|2469:: Blocker status: False
2025-12-15 09:04:52,963-INFO-root-3616::webapp_internal::SetKey|5822:: Key pressed: TAB
2025-12-15 09:04:52,963-DEBUG-root-3616::webapp_internal::SetKey|5857:: Trying press key
2025-12-15 09:04:52,963-DEBUG-root-3616::webapp_internal::wait_element|7623:: Waiting for element
2025-12-15 09:04:53,122-DEBUG-root-3616::webapp_internal::wait_element|7653:: Element found! Waiting for element to be displayed.
2025-12-15 09:04:53,461-DEBUG-root-3616::webapp_internal::wait_blocker|2444:: Waiting blocker to continue...
2025-12-15 09:04:53,645-DEBUG-root-3616::webapp_internal::wait_blocker|2469:: Blocker status: False
2025-12-15 09:04:53,645-INFO-root-3616::webapp_internal::LoadGrid|6298:: Filling grid field: Origem
2025-12-15 09:04:53,645-DEBUG-root-3616::webapp_internal::fill_grid|6399:: Grid loading...
2025-12-15 09:04:54,229-DEBUG-root-3616::webapp_internal::fill_grid|6466:: Column found!
2025-12-15 09:04:54,305-DEBUG-root-3616::base::click|192:: Click Type: ClickType.ACTIONCHAINS
2025-12-15 09:04:59,704-DEBUG-root-3616::webapp_internal::fill_grid|6498:: Trying open cell in grid!
2025-12-15 09:04:59,998-DEBUG-root-3616::webapp_internal::wait_blocker|2444:: Waiting blocker to continue...
2025-12-15 09:05:00,223-DEBUG-root-3616::webapp_internal::wait_blocker|2469:: Blocker status: False
2025-12-15 09:05:00,457-DEBUG-root-3616::webapp_internal::wait_element_timeout|7726:: Element found! Waiting for element to be displayed.
2025-12-15 09:05:00,960-DEBUG-root-3616::webapp_internal::fill_grid|6577:: Sending keys: DF00108
2025-12-15 09:05:01,329-DEBUG-root-3616::webapp_internal::wait_blocker|2444:: Waiting blocker to continue...
2025-12-15 09:05:01,538-DEBUG-root-3616::webapp_internal::wait_blocker|2469:: Blocker status: False
2025-12-15 09:05:01,708-DEBUG-root-3616::webapp_internal::wait_element_timeout|7726:: Element found! Waiting for element to be displayed.
2025-12-15 09:05:02,393-DEBUG-root-3616::webapp_internal::wait_blocker|2444:: Waiting blocker to continue...
2025-12-15 09:05:02,587-DEBUG-root-3616::webapp_internal::wait_blocker|2469:: Blocker status: False
2025-12-15 09:05:02,623-DEBUG-root-3616::webapp_internal::wait_blocker|2444:: Waiting blocker to continue...
2025-12-15 09:05:02,821-DEBUG-root-3616::webapp_internal::wait_blocker|2469:: Blocker status: False
2025-12-15 09:05:02,821-DEBUG-root-3616::webapp_internal::send_action|10480:: Trying to send action
2025-12-15 09:05:03,872-DEBUG-root-3616::webapp_internal::send_action|10522:: send_action method result = True
2025-12-15 09:05:03,872-DEBUG-root-3616::webapp_internal::send_action|10523:: send_action selenium status: False
2025-12-15 09:05:03,873-DEBUG-root-3616::webapp_internal::wait_blocker|2444:: Waiting blocker to continue...
2025-12-15 09:05:04,074-DEBUG-root-3616::webapp_internal::wait_blocker|2469:: Blocker status: False
2025-12-15 09:05:04,074-INFO-root-3616::webapp_internal::SetKey|5822:: Key pressed: TAB
2025-12-15 09:05:04,074-DEBUG-root-3616::webapp_internal::SetKey|5857:: Trying press key
2025-12-15 09:05:04,075-DEBUG-root-3616::webapp_internal::wait_element|7623:: Waiting for element
2025-12-15 09:05:04,226-DEBUG-root-3616::webapp_internal::wait_element|7653:: Element found! Waiting for element to be displayed.
2025-12-15 09:05:04,557-DEBUG-root-3616::webapp_internal::wait_blocker|2444:: Waiting blocker to continue...
2025-12-15 09:05:04,775-DEBUG-root-3616::webapp_internal::wait_blocker|2469:: Blocker status: False
2025-12-15 09:05:04,775-INFO-root-3616::webapp_internal::LoadGrid|6298:: Filling grid field: Destino
2025-12-15 09:05:04,775-DEBUG-root-3616::webapp_internal::fill_grid|6399:: Grid loading...
2025-12-15 09:05:05,291-DEBUG-root-3616::webapp_internal::fill_grid|6466:: Column found!
2025-12-15 09:05:05,345-DEBUG-root-3616::base::click|192:: Click Type: ClickType.ACTIONCHAINS
2025-12-15 09:05:10,810-DEBUG-root-3616::webapp_internal::fill_grid|6498:: Trying open cell in grid!
2025-12-15 09:05:11,109-DEBUG-root-3616::webapp_internal::wait_blocker|2444:: Waiting blocker to continue...
2025-12-15 09:05:11,397-DEBUG-root-3616::webapp_internal::wait_blocker|2469:: Blocker status: False
2025-12-15 09:05:11,629-DEBUG-root-3616::webapp_internal::wait_element_timeout|7726:: Element found! Waiting for element to be displayed.
2025-12-15 09:05:12,094-DEBUG-root-3616::webapp_internal::fill_grid|6577:: Sending keys: GO08707
2025-12-15 09:05:12,412-DEBUG-root-3616::webapp_internal::wait_blocker|2444:: Waiting blocker to continue...
2025-12-15 09:05:12,607-DEBUG-root-3616::webapp_internal::wait_blocker|2469:: Blocker status: False
2025-12-15 09:05:12,790-DEBUG-root-3616::webapp_internal::wait_element_timeout|7726:: Element found! Waiting for element to be displayed.
2025-12-15 09:05:13,424-DEBUG-root-3616::webapp_internal::wait_blocker|2444:: Waiting blocker to continue...
2025-12-15 09:05:13,605-DEBUG-root-3616::webapp_internal::wait_blocker|2469:: Blocker status: False
2025-12-15 09:05:13,651-DEBUG-root-3616::webapp_internal::wait_blocker|2444:: Waiting blocker to continue...
2025-12-15 09:05:13,830-DEBUG-root-3616::webapp_internal::wait_blocker|2469:: Blocker status: False
2025-12-15 09:05:13,830-DEBUG-root-3616::webapp_internal::send_action|10480:: Trying to send action
2025-12-15 09:05:14,887-DEBUG-root-3616::webapp_internal::send_action|10522:: send_action method result = True
2025-12-15 09:05:14,887-DEBUG-root-3616::webapp_internal::send_action|10523:: send_action selenium status: False
2025-12-15 09:05:14,888-DEBUG-root-3616::webapp_internal::wait_blocker|2444:: Waiting blocker to continue...
2025-12-15 09:05:15,130-DEBUG-root-3616::webapp_internal::wait_blocker|2469:: Blocker status: False
2025-12-15 09:05:15,131-INFO-root-3616::webapp_internal::SetKey|5822:: Key pressed: TAB
2025-12-15 09:05:15,131-DEBUG-root-3616::webapp_internal::SetKey|5857:: Trying press key
2025-12-15 09:05:15,131-DEBUG-root-3616::webapp_internal::wait_element|7623:: Waiting for element
2025-12-15 09:05:15,279-DEBUG-root-3616::webapp_internal::wait_element|7653:: Element found! Waiting for element to be displayed.
2025-12-15 09:05:15,638-DEBUG-root-3616::webapp_internal::wait_blocker|2444:: Waiting blocker to continue...
2025-12-15 09:05:15,814-DEBUG-root-3616::webapp_internal::wait_blocker|2469:: Blocker status: False
2025-12-15 09:05:15,814-INFO-root-3616::webapp_internal::LoadGrid|6298:: Filling grid field: Chegada
2025-12-15 09:05:15,814-DEBUG-root-3616::webapp_internal::fill_grid|6399:: Grid loading...
2025-12-15 09:05:16,403-DEBUG-root-3616::webapp_internal::fill_grid|6466:: Column found!
2025-12-15 09:05:16,457-DEBUG-root-3616::base::click|192:: Click Type: ClickType.ACTIONCHAINS
2025-12-15 09:05:21,929-DEBUG-root-3616::webapp_internal::fill_grid|6498:: Trying open cell in grid!
2025-12-15 09:05:22,244-DEBUG-root-3616::webapp_internal::wait_blocker|2444:: Waiting blocker to continue...
2025-12-15 09:05:22,511-DEBUG-root-3616::webapp_internal::wait_blocker|2469:: Blocker status: False
2025-12-15 09:05:22,745-DEBUG-root-3616::webapp_internal::wait_element_timeout|7726:: Element found! Waiting for element to be displayed.
2025-12-15 09:05:23,210-DEBUG-root-3616::webapp_internal::fill_grid|6577:: Sending keys: 20/12/2025
2025-12-15 09:05:23,527-DEBUG-root-3616::webapp_internal::wait_blocker|2444:: Waiting blocker to continue...
2025-12-15 09:05:23,763-DEBUG-root-3616::webapp_internal::wait_blocker|2469:: Blocker status: False
2025-12-15 09:05:29,408-DEBUG-root-3616::webapp_internal::wait_blocker|2444:: Waiting blocker to continue...
2025-12-15 09:05:29,608-DEBUG-root-3616::webapp_internal::wait_blocker|2469:: Blocker status: False
2025-12-15 09:05:29,681-DEBUG-root-3616::webapp_internal::wait_blocker|2444:: Waiting blocker to continue...
2025-12-15 09:05:29,895-DEBUG-root-3616::webapp_internal::wait_blocker|2469:: Blocker status: False
2025-12-15 09:05:29,895-DEBUG-root-3616::webapp_internal::send_action|10480:: Trying to send action
2025-12-15 09:05:30,965-DEBUG-root-3616::webapp_internal::send_action|10522:: send_action method result = True
2025-12-15 09:05:30,965-DEBUG-root-3616::webapp_internal::send_action|10523:: send_action selenium status: False
2025-12-15 09:05:30,967-DEBUG-root-3616::webapp_internal::wait_element|7623:: Waiting for element
2025-12-15 09:05:31,137-DEBUG-root-3616::webapp_internal::wait_element|7653:: Element found! Waiting for element to be displayed.
2025-12-15 09:05:31,508-DEBUG-root-3616::webapp_internal::wait_blocker|2444:: Waiting blocker to continue...
2025-12-15 09:05:31,746-DEBUG-root-3616::webapp_internal::wait_blocker|2469:: Blocker status: False
2025-12-15 09:05:31,746-INFO-root-3616::webapp_internal::LoadGrid|6298:: Filling grid field: Hora Chegada
2025-12-15 09:05:31,746-DEBUG-root-3616::webapp_internal::fill_grid|6399:: Grid loading...
2025-12-15 09:05:32,292-DEBUG-root-3616::webapp_internal::fill_grid|6466:: Column found!
2025-12-15 09:05:32,343-DEBUG-root-3616::base::click|192:: Click Type: ClickType.ACTIONCHAINS
2025-12-15 09:05:37,688-DEBUG-root-3616::webapp_internal::fill_grid|6498:: Trying open cell in grid!
2025-12-15 09:05:37,989-DEBUG-root-3616::webapp_internal::wait_blocker|2444:: Waiting blocker to continue...
2025-12-15 09:05:38,203-DEBUG-root-3616::webapp_internal::wait_blocker|2469:: Blocker status: False
2025-12-15 09:05:38,414-DEBUG-root-3616::webapp_internal::wait_element_timeout|7726:: Element found! Waiting for element to be displayed.
2025-12-15 09:05:38,887-DEBUG-root-3616::webapp_internal::fill_grid|6577:: Sending keys: 12:00
2025-12-15 09:05:39,224-DEBUG-root-3616::webapp_internal::wait_blocker|2444:: Waiting blocker to continue...
2025-12-15 09:05:39,490-DEBUG-root-3616::webapp_internal::wait_blocker|2469:: Blocker status: False
2025-12-15 09:05:45,293-INFO-root-3616::webapp_internal::ClickFolder|5081:: Clicking on folder: Treinamento
2025-12-15 09:05:45,293-DEBUG-root-3616::webapp_internal::wait_blocker|2444:: Waiting blocker to continue...
2025-12-15 09:05:45,474-DEBUG-root-3616::webapp_internal::wait_blocker|2469:: Blocker status: False
2025-12-15 09:05:45,515-DEBUG-root-3616::webapp_internal::wait_element|7623:: Waiting for element
2025-12-15 09:05:45,985-DEBUG-root-3616::webapp_internal::wait_element|7653:: Element found! Waiting for element to be displayed.
2025-12-15 09:05:48,616-INFO-root-3616::webapp_internal::ClickFolder|5081:: Clicking on folder: Transporte
2025-12-15 09:05:48,616-DEBUG-root-3616::webapp_internal::wait_blocker|2444:: Waiting blocker to continue...
2025-12-15 09:05:48,796-DEBUG-root-3616::webapp_internal::wait_blocker|2469:: Blocker status: False
2025-12-15 09:05:48,837-DEBUG-root-3616::webapp_internal::wait_element|7623:: Waiting for element
2025-12-15 09:05:49,297-DEBUG-root-3616::webapp_internal::wait_element|7653:: Element found! Waiting for element to be displayed.
2025-12-15 09:05:51,173-DEBUG-root-3616::webapp_internal::wait_blocker|2444:: Waiting blocker to continue...
2025-12-15 09:05:51,395-DEBUG-root-3616::webapp_internal::wait_blocker|2469:: Blocker status: False
2025-12-15 09:05:51,395-INFO-root-3616::webapp_internal::LoadGrid|6304:: Checking grid field value: Tipo
2025-12-15 09:07:51,413-INFO-root-3616::webapp_internal::check_grid|6883:: Collected value: 
2025-12-15 09:07:51,426-DEBUG-root-3616::log::take_screenshot_log|612:: take_screenshot_log in:2025-12-15 09:07:51.426118

2025-12-15 09:07:51,606-DEBUG-root-3616::log::take_screenshot_log|627:: Screenshot file created successfully: Log\GESIT03\97137227104_20251215090751426_test_Cadastro_Orcamento_Viagem.png
2025-12-15 09:07:51,606-WARNING-root-3616::webapp_internal::log_error|8143:: Warning log_error Coluna não existe na grid atual. Coluna: 'tipo' Grid: 'dict_keys(['favorecido', 'nome', 'banco', 'agencia', 'conta + dv', 'c. contabil'])'
2025-12-15 09:07:51,606-DEBUG-root-3616::webapp_internal::log_error|8146:: ***System Info*** in log_error():
2025-12-15 09:07:51,607-DEBUG-root-3616::psutil_info::system_info|5:: CPU USAGE: 13.0%
2025-12-15 09:07:51,607-DEBUG-root-3616::psutil_info::system_info|6:: MEMORY USAGE: 91.2%
2025-12-15 09:07:51,608-DEBUG-root-3616::psutil_info::system_info|7:: MEMORY AVAILABLE: 8.83%
2025-12-15 09:07:51,624-DEBUG-root-3616::log::take_screenshot_log|612:: take_screenshot_log in:2025-12-15 09:07:51.624314

2025-12-15 09:07:51,758-DEBUG-root-3616::log::take_screenshot_log|627:: Screenshot file created successfully: Log\GESIT03\97137227104_20251215090751624_Viagem -_test_Cadastro_Orcamento_Viagem.png
2025-12-15 09:07:52,767-DEBUG-root-3616::log::checks_empty_line|221:: Checking empty default log info
2025-12-15 09:07:52,770-DEBUG-root-3616::log::generate_log|503:: Json log_data: {'cLogDtExec': '15/12/2025 09:07:52', 'cLogNomUsr': '97137227104', 'cLogNomEst': 'GESIT03', 'cLogProgra': None, 'cLogDtProg': '', 'cLogHrProg': '', 'nLogCtsOk': 0, 'nLogCtsNok': 1, 'nLogCtsSeg': 370.93, 'cLogVersao': '12', 'cLogReleas': '12.1.2410', 'nLogCtsErr': "Viagem - Coluna não existe na grid atual. Coluna: 'tipo' Grid: 'dict_keys(['favorecido', 'nome', 'banco', 'agencia', 'conta + dv', 'c. contabil'])'", 'cLogBancod': 'ORACLE', 'cLogIdenti': '', 'cLogIdExec': '20251215', 'cLogPais': 'BRA', 'cLogTool': 'TIR', 'cLogSequen': '511192', 'nLogCtsTot': 1, 'cLogDtExea': '15/12/2025', 'cLogHrExea': '09:07:52', 'cLogArea': 'Desenvolvimento', 'cLogMnExec': 6.182166666666666}
2025-12-15 09:07:52,771-INFO-root-3616::log::send_log_with_retries|515:: Saving log locally.
2025-12-15 09:07:52,771-INFO-root-3616::log::save_log_locally|548:: [FwSendLog]: Não foi possível enviar o log após todas as tentativas.
2025-12-15 09:07:52,771-INFO-root-3616::log::save_log_locally|555:: [FwSendLog]: Log salvo localmente em C:\TIR_TESTE\1765800472.json.
2025-12-15 09:07:54,228-ERROR-root-3616::webapp_internal::TearDown|9654:: Warning tearDown Close Message: Tried to run command without establishing a connection
Traceback (most recent call last):
  File "C:\TIR_TESTE\venv\Lib\site-packages\tir\technologies\webapp_internal.py", line 9652, in TearDown
    self.driver.close()
  File "C:\TIR_TESTE\venv\Lib\site-packages\selenium\webdriver\remote\webdriver.py", line 458, in close
    self.execute(Command.CLOSE)
  File "C:\TIR_TESTE\venv\Lib\site-packages\selenium\webdriver\remote\webdriver.py", line 347, in execute
    self.error_handler.check_response(response)
  File "C:\TIR_TESTE\venv\Lib\site-packages\selenium\webdriver\remote\errorhandler.py", line 229, in check_response
    raise exception_class(message, screen, stacktrace)
selenium.common.exceptions.InvalidSessionIdException: Message: Tried to run command without establishing a connection

2025-12-15 09:01:40,803-DEBUG-root-3616::logging_config::logger|189:: Log file created: 'Log\GESIT03\TIR__20251215090140798.log'
2025-12-15 09:01:40,803-INFO-root-3616::base::Start|1183:: TIR Version: 2.4.3
2025-12-15 09:01:40,803-INFO-root-3616::base::Start|1184:: Python Version: 3.12.10
2025-12-15 09:01:40,803-INFO-root-3616::base::Start|1185:: Starting the browser
2025-12-15 09:01:53,992-INFO-root-3616::base::get_url|1294:: Page is ready!
2025-12-15 09:01:53,995-INFO-root-3616::base::Start|1256:: Browser maximized to 1936x1048
2025-12-15 09:01:53,995-INFO-root-3616::base::Start|1258:: Screen size is different from default used in headless mode
2025-12-15 09:01:54,046-INFO-root-3616::webapp_internal::Setup|247:: ***System Info*** in Setup():
2025-12-15 09:01:54,047-DEBUG-root-3616::psutil_info::system_info|5:: CPU USAGE: 11.6%
2025-12-15 09:01:54,047-DEBUG-root-3616::psutil_info::system_info|6:: MEMORY USAGE: 92.0%
2025-12-15 09:01:54,048-DEBUG-root-3616::psutil_info::system_info|7:: MEMORY AVAILABLE: 7.96%
2025-12-15 09:01:54,059-INFO-root-3616::base::webapp_shadowroot|1394:: Webapp: 10.1.6-RC4
2025-12-15 09:01:54,091-INFO-root-3616::webapp_internal::filling_initial_program|449:: Filling Initial Program: "SIGAMDI"
2025-12-15 09:01:54,092-DEBUG-root-3616::webapp_internal::wait_element|7623:: Waiting for element
2025-12-15 09:01:54,157-DEBUG-root-3616::webapp_internal::wait_element|7653:: Element found! Waiting for element to be displayed.
2025-12-15 09:01:55,191-DEBUG-root-3616::base::click|192:: Click Type: ClickType.JS
2025-12-15 09:01:55,338-DEBUG-root-3616::webapp_internal::try_send_keys|7976:: Trying to send keys to element using technique 0
2025-12-15 09:01:56,019-DEBUG-root-3616::webapp_internal::get_web_value|3232:: Current value: SIGAMDI
2025-12-15 09:01:56,019-INFO-root-3616::webapp_internal::filling_server_environment|463:: Filling Server Environment: "POUPEX_TST"
2025-12-15 09:01:56,019-DEBUG-root-3616::webapp_internal::wait_element|7623:: Waiting for element
2025-12-15 09:01:56,040-DEBUG-root-3616::webapp_internal::wait_element|7653:: Element found! Waiting for element to be displayed.
2025-12-15 09:01:56,218-DEBUG-root-3616::base::click|192:: Click Type: ClickType.JS
2025-12-15 09:01:56,225-DEBUG-root-3616::webapp_internal::try_send_keys|7976:: Trying to send keys to element using technique 0
2025-12-15 09:01:56,546-DEBUG-root-3616::webapp_internal::get_web_value|3232:: Current value: POUPEX_TST
2025-12-15 09:01:56,569-DEBUG-root-3616::base::click|192:: Click Type: ClickType.JS
2025-12-15 09:01:56,579-DEBUG-root-3616::webapp_internal::user_screen|519:: Filling user screen
2025-12-15 09:02:02,847-DEBUG-root-3616::base::scroll_to_element|759:: ********Warining scroll_to_element exception: Message: TypeError: can't access property "scrollIntoView", arguments[0] is null
Stacktrace:
@https://qasrverp:10020/webapp/:2:7
@https://qasrverp:10020/webapp/:3:8
*********
2025-12-15 09:02:02,874-DEBUG-root-3616::webapp_internal::wait_element_timeout|7726:: Element found! Waiting for element to be displayed.
2025-12-15 09:02:02,952-DEBUG-root-3616::base::scroll_to_element|759:: ********Warining scroll_to_element exception: Message: TypeError: can't access property "scrollIntoView", arguments[0] is null
Stacktrace:
@https://qasrverp:10020/webapp/:2:7
@https://qasrverp:10020/webapp/:3:8
*********
2025-12-15 09:02:03,072-INFO-root-3616::webapp_internal::user_screen|561:: Filling User
2025-12-15 09:02:03,097-DEBUG-root-3616::base::double_click|259:: Click Type: ClickType.SELENIUM
2025-12-15 09:02:03,269-DEBUG-root-3616::webapp_internal::get_web_value|3232:: Current value: 97137227104
2025-12-15 09:02:03,289-INFO-root-3616::webapp_internal::user_screen|621:: Filling Password
2025-12-15 09:02:03,310-DEBUG-root-3616::base::click|192:: Click Type: ClickType.JS
2025-12-15 09:02:03,375-DEBUG-root-3616::webapp_internal::get_web_value|3232:: Current value: Deire20191817+
2025-12-15 09:02:03,375-DEBUG-root-3616::webapp_internal::wait_blocker|2444:: Waiting blocker to continue...
2025-12-15 09:02:03,402-DEBUG-root-3616::webapp_internal::wait_blocker|2469:: Blocker status: None
2025-12-15 09:02:03,422-DEBUG-root-3616::webapp_internal::wait_blocker|2444:: Waiting blocker to continue...
2025-12-15 09:02:03,448-DEBUG-root-3616::webapp_internal::wait_blocker|2469:: Blocker status: None
2025-12-15 09:02:03,479-DEBUG-root-3616::webapp_internal::wait_blocker|2444:: Waiting blocker to continue...
2025-12-15 09:02:03,507-DEBUG-root-3616::webapp_internal::wait_blocker|2469:: Blocker status: None
2025-12-15 09:02:03,507-DEBUG-root-3616::webapp_internal::send_action|10480:: Trying to send action
2025-12-15 09:02:03,513-DEBUG-root-3616::base::click|192:: Click Type: ClickType.JS
2025-12-15 09:02:04,550-DEBUG-root-3616::webapp_internal::send_action|10522:: send_action method result = True
2025-12-15 09:02:04,551-DEBUG-root-3616::webapp_internal::send_action|10523:: send_action selenium status: False
2025-12-15 09:02:07,046-DEBUG-root-3616::base::scroll_to_element|759:: ********Warining scroll_to_element exception: Message: TypeError: can't access property "scrollIntoView", arguments[0] is null
Stacktrace:
@https://qasrverp:10020/webapp/:2:7
@https://qasrverp:10020/webapp/:3:8
*********
2025-12-15 09:02:07,092-INFO-root-3616::webapp_internal::filling_date|885:: Filling Date: "15/12/2025"
2025-12-15 09:02:07,092-DEBUG-root-3616::webapp_internal::wait_blocker|2444:: Waiting blocker to continue...
2025-12-15 09:02:07,128-DEBUG-root-3616::webapp_internal::wait_blocker|2469:: Blocker status: None
2025-12-15 09:02:07,133-DEBUG-root-3616::base::click|192:: Click Type: ClickType.JS
2025-12-15 09:02:07,158-DEBUG-root-3616::webapp_internal::try_send_keys|7976:: Trying to send keys to element using technique 1
2025-12-15 09:02:07,249-DEBUG-root-3616::webapp_internal::get_web_value|3232:: Current value: 15/12/2025
2025-12-15 09:02:08,353-INFO-root-3616::webapp_internal::filling_group|955:: Filling Group: "02"
2025-12-15 09:02:08,353-DEBUG-root-3616::webapp_internal::wait_blocker|2444:: Waiting blocker to continue...
2025-12-15 09:02:08,382-DEBUG-root-3616::webapp_internal::wait_blocker|2469:: Blocker status: None
2025-12-15 09:02:08,385-DEBUG-root-3616::base::click|192:: Click Type: ClickType.JS
2025-12-15 09:02:08,436-DEBUG-root-3616::webapp_internal::get_web_value|3232:: Current value: 02
2025-12-15 09:02:09,497-INFO-root-3616::webapp_internal::filling_branch|1047:: Filling Branch: "02DF0001"
2025-12-15 09:02:09,497-DEBUG-root-3616::webapp_internal::wait_blocker|2444:: Waiting blocker to continue...
2025-12-15 09:02:09,527-DEBUG-root-3616::webapp_internal::wait_blocker|2469:: Blocker status: None
2025-12-15 09:02:09,530-DEBUG-root-3616::base::click|192:: Click Type: ClickType.JS
2025-12-15 09:02:09,582-DEBUG-root-3616::webapp_internal::get_web_value|3232:: Current value: 02DF0001
2025-12-15 09:02:10,665-INFO-root-3616::webapp_internal::filling_environment|1113:: Filling Environment: "07"
2025-12-15 09:02:10,665-DEBUG-root-3616::webapp_internal::wait_blocker|2444:: Waiting blocker to continue...
2025-12-15 09:02:10,699-DEBUG-root-3616::webapp_internal::wait_blocker|2469:: Blocker status: None
2025-12-15 09:02:10,702-DEBUG-root-3616::base::click|192:: Click Type: ClickType.JS
2025-12-15 09:02:10,753-DEBUG-root-3616::webapp_internal::get_web_value|3232:: Current value: 07
2025-12-15 09:02:11,761-DEBUG-root-3616::webapp_internal::close_warning_screen|1489:: Closing warning screen!
2025-12-15 09:02:12,790-DEBUG-root-3616::webapp_internal::check_screen_element|1291:: Checking screen element: "Atenção": False
2025-12-15 09:02:13,888-INFO-root-3616::webapp_internal::environment_screen|796:: Clicking on Button
2025-12-15 09:02:13,888-DEBUG-root-3616::webapp_internal::wait_blocker|2444:: Waiting blocker to continue...
2025-12-15 09:02:13,922-DEBUG-root-3616::webapp_internal::wait_blocker|2469:: Blocker status: None
2025-12-15 09:02:13,924-DEBUG-root-3616::base::click|192:: Click Type: ClickType.JS
2025-12-15 09:02:14,936-DEBUG-root-3616::base::click|192:: Click Type: ClickType.JS
2025-12-15 09:02:15,943-DEBUG-root-3616::base::click|192:: Click Type: ClickType.JS
2025-12-15 09:02:16,950-DEBUG-root-3616::base::click|192:: Click Type: ClickType.JS
2025-12-15 09:02:17,957-DEBUG-root-3616::base::click|192:: Click Type: ClickType.JS
2025-12-15 09:02:18,965-DEBUG-root-3616::base::click|192:: Click Type: ClickType.JS
2025-12-15 09:02:19,973-DEBUG-root-3616::webapp_internal::close_screen_before_menu|368:: Closing screen before the menu
2025-12-15 09:02:20,018-DEBUG-root-3616::webapp_internal::close_warning_screen|1489:: Closing warning screen!
2025-12-15 09:02:21,055-DEBUG-root-3616::webapp_internal::check_screen_element|1291:: Checking screen element: "Atenção": False
2025-12-15 09:02:21,055-DEBUG-root-3616::webapp_internal::close_coin_screen|1424:: Closing coin screen!
2025-12-15 09:02:21,606-DEBUG-root-3616::base::click|192:: Click Type: ClickType.JS
2025-12-15 09:02:21,662-DEBUG-root-3616::webapp_internal::close_warning_screen|1489:: Closing warning screen!
2025-12-15 09:02:22,706-DEBUG-root-3616::webapp_internal::check_screen_element|1291:: Checking screen element: "Atenção": False
2025-12-15 09:02:22,706-DEBUG-root-3616::webapp_internal::close_coin_screen|1424:: Closing coin screen!
2025-12-15 09:02:22,796-INFO-root-3616::webapp_internal::set_log_info|1623:: Getting log info
2025-12-15 09:02:22,796-INFO-root-3616::webapp_internal::SetLateralMenu|4184:: Navigating lateral menu: Ajuda > Sobre
2025-12-15 09:02:22,804-DEBUG-root-3616::webapp_internal::wait_element|7623:: Waiting for element
2025-12-15 09:02:22,840-DEBUG-root-3616::webapp_internal::wait_element|7653:: Element found! Waiting for element to be displayed.
2025-12-15 09:02:22,998-INFO-root-3616::webapp_internal::SetLateralMenu|4203:: Menu item: "Ajuda"
2025-12-15 09:02:22,998-DEBUG-root-3616::webapp_internal::wait_blocker|2444:: Waiting blocker to continue...
2025-12-15 09:02:23,085-DEBUG-root-3616::webapp_internal::wait_blocker|2469:: Blocker status: False
2025-12-15 09:02:23,397-DEBUG-root-3616::webapp_internal::wait_element_timeout|7726:: Element found! Waiting for element to be displayed.
2025-12-15 09:02:23,656-DEBUG-root-3616::webapp_internal::wait_blocker|2444:: Waiting blocker to continue...
2025-12-15 09:02:23,719-DEBUG-root-3616::webapp_internal::wait_blocker|2469:: Blocker status: False
2025-12-15 09:02:26,017-INFO-root-3616::webapp_internal::SetLateralMenu|4203:: Menu item: "Sobre"
2025-12-15 09:02:26,017-DEBUG-root-3616::webapp_internal::wait_blocker|2444:: Waiting blocker to continue...
2025-12-15 09:02:26,079-DEBUG-root-3616::webapp_internal::wait_blocker|2469:: Blocker status: False
2025-12-15 09:02:26,454-DEBUG-root-3616::webapp_internal::wait_element_timeout|7726:: Element found! Waiting for element to be displayed.
2025-12-15 09:02:26,775-DEBUG-root-3616::webapp_internal::wait_blocker|2444:: Waiting blocker to continue...
2025-12-15 09:02:26,835-DEBUG-root-3616::webapp_internal::wait_blocker|2469:: Blocker status: False
2025-12-15 09:02:29,455-DEBUG-root-3616::webapp_internal::wait_blocker|2444:: Waiting blocker to continue...
2025-12-15 09:02:29,523-DEBUG-root-3616::webapp_internal::wait_blocker|2469:: Blocker status: False
2025-12-15 09:02:29,590-DEBUG-root-3616::webapp_internal::wait_element|7623:: Waiting for element
2025-12-15 09:02:29,632-DEBUG-root-3616::webapp_internal::wait_element|7653:: Element found! Waiting for element to be displayed.
2025-12-15 09:02:29,800-INFO-root-3616::webapp_internal::SetButton|4444:: Clicking on Fechar
2025-12-15 09:02:29,800-DEBUG-root-3616::webapp_internal::wait_blocker|2444:: Waiting blocker to continue...
2025-12-15 09:02:29,872-DEBUG-root-3616::webapp_internal::wait_blocker|2469:: Blocker status: False
2025-12-15 09:02:30,047-DEBUG-root-3616::webapp_internal::wait_element_timeout|7726:: Element found! Waiting for element to be displayed.
2025-12-15 09:02:30,118-DEBUG-root-3616::webapp_internal::SetButton|4481:: ***System Info*** Before Clicking on button:Fechar
2025-12-15 09:02:30,119-DEBUG-root-3616::psutil_info::system_info|5:: CPU USAGE: 6.9%
2025-12-15 09:02:30,119-DEBUG-root-3616::psutil_info::system_info|6:: MEMORY USAGE: 92.3%
2025-12-15 09:02:30,120-DEBUG-root-3616::psutil_info::system_info|7:: MEMORY AVAILABLE: 7.74%
2025-12-15 09:02:30,279-DEBUG-root-3616::webapp_internal::wait_element_timeout|7726:: Element found! Waiting for element to be displayed.
2025-12-15 09:02:30,377-DEBUG-root-3616::webapp_internal::wait_blocker|2444:: Waiting blocker to continue...
2025-12-15 09:02:30,477-DEBUG-root-3616::webapp_internal::wait_blocker|2469:: Blocker status: False
2025-12-15 09:02:30,494-DEBUG-root-3616::webapp_internal::wait_blocker|2444:: Waiting blocker to continue...
2025-12-15 09:02:30,564-DEBUG-root-3616::webapp_internal::wait_blocker|2469:: Blocker status: False
2025-12-15 09:02:30,564-DEBUG-root-3616::webapp_internal::send_action|10480:: Trying to send action
2025-12-15 09:02:30,567-DEBUG-root-3616::base::click|192:: Click Type: ClickType.JS
2025-12-15 09:02:31,599-DEBUG-root-3616::webapp_internal::send_action|10522:: send_action method result = True
2025-12-15 09:02:31,599-DEBUG-root-3616::webapp_internal::send_action|10523:: send_action selenium status: False
2025-12-15 09:02:31,599-DEBUG-root-3616::webapp_internal::SetButton|4683:: ***System Info*** After Clicking on button:
2025-12-15 09:02:31,599-DEBUG-root-3616::psutil_info::system_info|5:: CPU USAGE: 7.1%
2025-12-15 09:02:31,600-DEBUG-root-3616::psutil_info::system_info|6:: MEMORY USAGE: 91.8%
2025-12-15 09:02:31,600-DEBUG-root-3616::psutil_info::system_info|7:: MEMORY AVAILABLE: 8.18%
2025-12-15 09:02:31,600-DEBUG-root-3616::webapp_internal::wait_element|7623:: Waiting for element
2025-12-15 09:02:31,682-INFO-root-3616::webapp_internal::SetLateralMenu|4184:: Navigating lateral menu: Atualizações > Gestao de Viagens > Solicitações
2025-12-15 09:02:31,690-DEBUG-root-3616::webapp_internal::wait_element|7623:: Waiting for element
2025-12-15 09:02:31,724-DEBUG-root-3616::webapp_internal::wait_element|7653:: Element found! Waiting for element to be displayed.
2025-12-15 09:02:31,880-INFO-root-3616::webapp_internal::SetLateralMenu|4203:: Menu item: "Atualizações"
2025-12-15 09:02:31,880-DEBUG-root-3616::webapp_internal::wait_blocker|2444:: Waiting blocker to continue...
2025-12-15 09:02:31,942-DEBUG-root-3616::webapp_internal::wait_blocker|2469:: Blocker status: False
2025-12-15 09:02:32,320-DEBUG-root-3616::webapp_internal::wait_element_timeout|7726:: Element found! Waiting for element to be displayed.
2025-12-15 09:02:32,646-DEBUG-root-3616::webapp_internal::wait_blocker|2444:: Waiting blocker to continue...
2025-12-15 09:02:32,708-DEBUG-root-3616::webapp_internal::wait_blocker|2469:: Blocker status: False
2025-12-15 09:02:35,001-INFO-root-3616::webapp_internal::SetLateralMenu|4203:: Menu item: "Gestao de Viagens"
2025-12-15 09:02:35,001-DEBUG-root-3616::webapp_internal::wait_blocker|2444:: Waiting blocker to continue...
2025-12-15 09:02:35,090-DEBUG-root-3616::webapp_internal::wait_blocker|2469:: Blocker status: False
2025-12-15 09:02:35,811-DEBUG-root-3616::webapp_internal::wait_element_timeout|7726:: Element found! Waiting for element to be displayed.
2025-12-15 09:02:36,462-DEBUG-root-3616::webapp_internal::wait_blocker|2444:: Waiting blocker to continue...
2025-12-15 09:02:36,552-DEBUG-root-3616::webapp_internal::wait_blocker|2469:: Blocker status: False
2025-12-15 09:02:38,845-INFO-root-3616::webapp_internal::SetLateralMenu|4203:: Menu item: "Solicitações"
2025-12-15 09:02:38,845-DEBUG-root-3616::webapp_internal::wait_blocker|2444:: Waiting blocker to continue...
2025-12-15 09:02:38,920-DEBUG-root-3616::webapp_internal::wait_blocker|2469:: Blocker status: False
2025-12-15 09:02:39,753-DEBUG-root-3616::webapp_internal::wait_element_timeout|7726:: Element found! Waiting for element to be displayed.
2025-12-15 09:02:40,509-DEBUG-root-3616::webapp_internal::wait_blocker|2444:: Waiting blocker to continue...
2025-12-15 09:02:40,584-DEBUG-root-3616::webapp_internal::wait_blocker|2469:: Blocker status: False
2025-12-15 09:02:43,943-DEBUG-root-3616::webapp_internal::wait_blocker|2444:: Waiting blocker to continue...
2025-12-15 09:02:44,055-DEBUG-root-3616::webapp_internal::wait_blocker|2469:: Blocker status: False
2025-12-15 09:02:44,134-INFO-root-3616::webapp_internal::WaitShow|4980:: Waiting show text 'Este ambiente utiliza base de Homologação.'...
2025-12-15 09:02:49,968-INFO-root-3616::webapp_internal::WaitShow|4980:: Waiting show text 'Moedas'...
2025-12-15 09:02:55,462-INFO-root-3616::webapp_internal::WaitShow|4980:: Waiting show text 'Solicitação de Viagens/Treinamento'...
2025-12-15 09:02:55,522-INFO-root-3616::webapp_internal::WaitShow|4996:: Text found! 
2025-12-15 09:02:55,522-INFO-root-3616::webapp_internal::SetButton|4444:: Clicking on Incluir
2025-12-15 09:02:55,522-DEBUG-root-3616::webapp_internal::wait_blocker|2444:: Waiting blocker to continue...
2025-12-15 09:02:55,626-DEBUG-root-3616::webapp_internal::wait_blocker|2469:: Blocker status: False
2025-12-15 09:02:55,991-DEBUG-root-3616::webapp_internal::wait_element_timeout|7726:: Element found! Waiting for element to be displayed.
2025-12-15 09:02:56,235-DEBUG-root-3616::webapp_internal::SetButton|4481:: ***System Info*** Before Clicking on button:Incluir
2025-12-15 09:02:56,236-DEBUG-root-3616::psutil_info::system_info|5:: CPU USAGE: 7.9%
2025-12-15 09:02:56,236-DEBUG-root-3616::psutil_info::system_info|6:: MEMORY USAGE: 93.6%
2025-12-15 09:02:56,236-DEBUG-root-3616::psutil_info::system_info|7:: MEMORY AVAILABLE: 6.41%
2025-12-15 09:02:56,578-DEBUG-root-3616::webapp_internal::wait_element_timeout|7726:: Element found! Waiting for element to be displayed.
2025-12-15 09:02:56,904-DEBUG-root-3616::webapp_internal::wait_blocker|2444:: Waiting blocker to continue...
2025-12-15 09:02:57,010-DEBUG-root-3616::webapp_internal::wait_blocker|2469:: Blocker status: False
2025-12-15 09:02:57,035-DEBUG-root-3616::webapp_internal::wait_blocker|2444:: Waiting blocker to continue...
2025-12-15 09:02:57,122-DEBUG-root-3616::webapp_internal::wait_blocker|2469:: Blocker status: False
2025-12-15 09:02:57,122-DEBUG-root-3616::webapp_internal::send_action|10480:: Trying to send action
2025-12-15 09:02:57,124-DEBUG-root-3616::base::click|192:: Click Type: ClickType.JS
2025-12-15 09:02:58,369-DEBUG-root-3616::webapp_internal::send_action|10522:: send_action method result = True
2025-12-15 09:02:58,369-DEBUG-root-3616::webapp_internal::send_action|10523:: send_action selenium status: True
2025-12-15 09:02:58,369-DEBUG-root-3616::webapp_internal::SetButton|4683:: ***System Info*** After Clicking on button:
2025-12-15 09:02:58,370-DEBUG-root-3616::psutil_info::system_info|5:: CPU USAGE: 6.9%
2025-12-15 09:02:58,370-DEBUG-root-3616::psutil_info::system_info|6:: MEMORY USAGE: 92.9%
2025-12-15 09:02:58,370-DEBUG-root-3616::psutil_info::system_info|7:: MEMORY AVAILABLE: 7.07%
2025-12-15 09:02:58,570-DEBUG-root-3616::webapp_internal::wait_blocker|2444:: Waiting blocker to continue...
2025-12-15 09:02:58,670-DEBUG-root-3616::webapp_internal::wait_blocker|2469:: Blocker status: False
2025-12-15 09:02:58,670-INFO-root-3616::webapp_internal::SearchBrowse|2003:: Searching: 02DF0001
2025-12-15 09:02:58,839-DEBUG-root-3616::webapp_internal::wait_element_timeout|7726:: Element found! Waiting for element to be displayed.
2025-12-15 09:02:58,922-DEBUG-root-3616::webapp_internal::wait_blocker|2444:: Waiting blocker to continue...
2025-12-15 09:02:59,033-DEBUG-root-3616::webapp_internal::wait_blocker|2469:: Blocker status: False
2025-12-15 09:02:59,042-DEBUG-root-3616::webapp_internal::wait_blocker|2444:: Waiting blocker to continue...
2025-12-15 09:02:59,137-DEBUG-root-3616::webapp_internal::wait_blocker|2469:: Blocker status: False
2025-12-15 09:02:59,138-INFO-root-3616::webapp_internal::fill_search_browse|2399:: Filling: 02DF0001
2025-12-15 09:02:59,150-DEBUG-root-3616::base::click|192:: Click Type: ClickType.JS
2025-12-15 09:03:00,214-DEBUG-root-3616::webapp_internal::wait_blocker|2444:: Waiting blocker to continue...
2025-12-15 09:03:00,318-DEBUG-root-3616::webapp_internal::wait_blocker|2469:: Blocker status: False
2025-12-15 09:03:00,318-INFO-root-3616::webapp_internal::fill_search_browse|2399:: Filling: 02DF0001
2025-12-15 09:03:00,328-DEBUG-root-3616::base::click|192:: Click Type: ClickType.JS
2025-12-15 09:03:01,407-DEBUG-root-3616::webapp_internal::wait_blocker|2444:: Waiting blocker to continue...
2025-12-15 09:03:01,503-DEBUG-root-3616::webapp_internal::wait_blocker|2469:: Blocker status: False
2025-12-15 09:03:01,504-INFO-root-3616::webapp_internal::fill_search_browse|2399:: Filling: 02DF0001
2025-12-15 09:03:01,513-DEBUG-root-3616::base::click|192:: Click Type: ClickType.JS
2025-12-15 09:03:02,592-DEBUG-root-3616::webapp_internal::wait_blocker|2444:: Waiting blocker to continue...
2025-12-15 09:03:02,687-DEBUG-root-3616::webapp_internal::wait_blocker|2469:: Blocker status: False
2025-12-15 09:03:02,687-INFO-root-3616::webapp_internal::fill_search_browse|2399:: Filling: 02DF0001
2025-12-15 09:03:02,695-DEBUG-root-3616::base::click|192:: Click Type: ClickType.JS
2025-12-15 09:03:03,790-DEBUG-root-3616::webapp_internal::wait_blocker|2444:: Waiting blocker to continue...
2025-12-15 09:03:03,886-DEBUG-root-3616::webapp_internal::wait_blocker|2469:: Blocker status: False
2025-12-15 09:03:03,887-DEBUG-root-3616::base::double_click|259:: Click Type: ClickType.SELENIUM
2025-12-15 09:03:03,892-WARNING-root-3616::base::double_click|280:: Warning double_click method Exception: Message: Element <button class="button-image" type="button"> is not clickable at point (1258,360) because another element <wa-button id="COMP6023" class="dict-tbutton focus"> obscures it
Stacktrace:
RemoteError@chrome://remote/content/shared/RemoteError.sys.mjs:8:8
WebDriverError@chrome://remote/content/shared/webdriver/Errors.sys.mjs:202:5
ElementClickInterceptedError@chrome://remote/content/shared/webdriver/Errors.sys.mjs:354:5
webdriverClickElement@chrome://remote/content/marionette/interaction.sys.mjs:175:11
interaction.clickElement@chrome://remote/content/marionette/interaction.sys.mjs:134:11
clickElement@chrome://remote/content/marionette/actors/MarionetteCommandsChild.sys.mjs:327:29
receiveMessage@chrome://remote/content/marionette/actors/MarionetteCommandsChild.sys.mjs:210:31

2025-12-15 09:03:04,196-INFO-root-3616::webapp_internal::SetButton|4444:: Clicking on OK
2025-12-15 09:03:04,197-DEBUG-root-3616::webapp_internal::wait_blocker|2444:: Waiting blocker to continue...
2025-12-15 09:03:04,322-DEBUG-root-3616::webapp_internal::wait_blocker|2469:: Blocker status: False
2025-12-15 09:03:04,621-DEBUG-root-3616::webapp_internal::wait_element_timeout|7726:: Element found! Waiting for element to be displayed.
2025-12-15 09:03:04,810-DEBUG-root-3616::webapp_internal::SetButton|4481:: ***System Info*** Before Clicking on button:OK
2025-12-15 09:03:04,810-DEBUG-root-3616::psutil_info::system_info|5:: CPU USAGE: 7.6%
2025-12-15 09:03:04,810-DEBUG-root-3616::psutil_info::system_info|6:: MEMORY USAGE: 93.4%
2025-12-15 09:03:04,810-DEBUG-root-3616::psutil_info::system_info|7:: MEMORY AVAILABLE: 6.59%
2025-12-15 09:03:05,089-DEBUG-root-3616::webapp_internal::wait_element_timeout|7726:: Element found! Waiting for element to be displayed.
2025-12-15 09:03:05,337-DEBUG-root-3616::webapp_internal::wait_blocker|2444:: Waiting blocker to continue...
2025-12-15 09:03:05,429-DEBUG-root-3616::webapp_internal::wait_blocker|2469:: Blocker status: False
2025-12-15 09:03:05,455-DEBUG-root-3616::webapp_internal::wait_blocker|2444:: Waiting blocker to continue...
2025-12-15 09:03:05,588-DEBUG-root-3616::webapp_internal::wait_blocker|2469:: Blocker status: False
2025-12-15 09:03:05,589-DEBUG-root-3616::webapp_internal::send_action|10480:: Trying to send action
2025-12-15 09:03:05,591-DEBUG-root-3616::base::click|192:: Click Type: ClickType.JS
2025-12-15 09:03:08,002-DEBUG-root-3616::webapp_internal::send_action|10522:: send_action method result = True
2025-12-15 09:03:08,002-DEBUG-root-3616::webapp_internal::send_action|10523:: send_action selenium status: True
2025-12-15 09:03:08,003-DEBUG-root-3616::webapp_internal::SetButton|4683:: ***System Info*** After Clicking on button:
2025-12-15 09:03:08,003-DEBUG-root-3616::psutil_info::system_info|5:: CPU USAGE: 9.4%
2025-12-15 09:03:08,003-DEBUG-root-3616::psutil_info::system_info|6:: MEMORY USAGE: 93.7%
2025-12-15 09:03:08,004-DEBUG-root-3616::psutil_info::system_info|7:: MEMORY AVAILABLE: 6.31%
2025-12-15 09:03:08,205-INFO-root-3616::webapp_internal::WaitShow|4980:: Waiting show text 'Solicitacoes de Viagens - INCLUIR'...
2025-12-15 09:03:08,425-INFO-root-3616::webapp_internal::WaitShow|4996:: Text found! 
2025-12-15 09:03:09,787-DEBUG-root-3616::webapp_internal::get_web_value|3232:: Current value: 003689
2025-12-15 09:03:09,787-INFO-root-3616::webapp_internal::GetValue|3393:: Current value: 003689
2025-12-15 09:03:09,787-DEBUG-root-3616::webapp_internal::wait_blocker|2444:: Waiting blocker to continue...
2025-12-15 09:03:09,920-DEBUG-root-3616::webapp_internal::wait_blocker|2469:: Blocker status: False
2025-12-15 09:03:09,920-DEBUG-root-3616::webapp_internal::wait_element|7623:: Waiting for element
2025-12-15 09:03:10,001-DEBUG-root-3616::webapp_internal::wait_element|7653:: Element found! Waiting for element to be displayed.
2025-12-15 09:03:10,072-INFO-root-3616::webapp_internal::input_value|2941:: Looking for element: ZV3_DESCRI
2025-12-15 09:03:10,245-INFO-root-3616::webapp_internal::input_value|2951:: Element: ZV3_DESCRI Found!
2025-12-15 09:03:10,245-INFO-root-3616::webapp_internal::input_value|2953:: Filling element: ZV3_DESCRI
2025-12-15 09:03:10,270-DEBUG-root-3616::webapp_internal::get_web_value|3232:: Current value:                                                   
2025-12-15 09:03:10,307-DEBUG-root-3616::base::double_click|259:: Click Type: ClickType.SELENIUM
2025-12-15 09:03:10,557-DEBUG-root-3616::webapp_internal::wait_blocker|2444:: Waiting blocker to continue...
2025-12-15 09:03:10,716-DEBUG-root-3616::webapp_internal::wait_blocker|2469:: Blocker status: False
2025-12-15 09:03:11,052-DEBUG-root-3616::webapp_internal::get_web_value|3232:: Current value: USO PARA TESTE AUTOMATIZADO                       
2025-12-15 09:03:11,053-INFO-root-3616::webapp_internal::input_value|3059:: Current field value: USO PARA TESTE AUTOMATIZADO
2025-12-15 09:03:11,084-DEBUG-root-3616::webapp_internal::wait_blocker|2444:: Waiting blocker to continue...
2025-12-15 09:03:11,224-DEBUG-root-3616::webapp_internal::wait_blocker|2469:: Blocker status: False
2025-12-15 09:03:11,224-DEBUG-root-3616::webapp_internal::wait_element|7623:: Waiting for element
2025-12-15 09:03:11,304-DEBUG-root-3616::webapp_internal::wait_element|7653:: Element found! Waiting for element to be displayed.
2025-12-15 09:03:11,372-INFO-root-3616::webapp_internal::input_value|2941:: Looking for element: ZV3_DTINI
2025-12-15 09:03:11,555-INFO-root-3616::webapp_internal::input_value|2951:: Element: ZV3_DTINI Found!
2025-12-15 09:03:11,555-INFO-root-3616::webapp_internal::input_value|2953:: Filling element: ZV3_DTINI
2025-12-15 09:03:11,588-DEBUG-root-3616::webapp_internal::get_web_value|3232:: Current value:   /  /    
2025-12-15 09:03:11,624-DEBUG-root-3616::base::double_click|259:: Click Type: ClickType.SELENIUM
2025-12-15 09:03:11,886-DEBUG-root-3616::webapp_internal::wait_blocker|2444:: Waiting blocker to continue...
2025-12-15 09:03:12,019-DEBUG-root-3616::webapp_internal::wait_blocker|2469:: Blocker status: False
2025-12-15 09:03:12,357-DEBUG-root-3616::webapp_internal::get_web_value|3232:: Current value: 20/12/2025
2025-12-15 09:03:12,358-INFO-root-3616::webapp_internal::input_value|3059:: Current field value: 20122025
2025-12-15 09:03:12,370-DEBUG-root-3616::webapp_internal::wait_blocker|2444:: Waiting blocker to continue...
2025-12-15 09:03:12,512-DEBUG-root-3616::webapp_internal::wait_blocker|2469:: Blocker status: False
2025-12-15 09:03:12,512-DEBUG-root-3616::webapp_internal::wait_element|7623:: Waiting for element
2025-12-15 09:03:12,635-DEBUG-root-3616::webapp_internal::wait_element|7653:: Element found! Waiting for element to be displayed.
2025-12-15 09:03:12,708-INFO-root-3616::webapp_internal::input_value|2941:: Looking for element: ZV3_DTFIM
2025-12-15 09:03:12,889-INFO-root-3616::webapp_internal::input_value|2951:: Element: ZV3_DTFIM Found!
2025-12-15 09:03:12,889-INFO-root-3616::webapp_internal::input_value|2953:: Filling element: ZV3_DTFIM
2025-12-15 09:03:12,922-DEBUG-root-3616::webapp_internal::get_web_value|3232:: Current value:   /  /    
2025-12-15 09:03:12,958-DEBUG-root-3616::base::double_click|259:: Click Type: ClickType.SELENIUM
2025-12-15 09:03:13,213-DEBUG-root-3616::webapp_internal::wait_blocker|2444:: Waiting blocker to continue...
2025-12-15 09:03:13,343-DEBUG-root-3616::webapp_internal::wait_blocker|2469:: Blocker status: False
2025-12-15 09:03:13,685-DEBUG-root-3616::webapp_internal::get_web_value|3232:: Current value: 25/12/2025
2025-12-15 09:03:13,686-INFO-root-3616::webapp_internal::input_value|3059:: Current field value: 25122025
2025-12-15 09:03:14,695-DEBUG-root-3616::webapp_internal::wait_blocker|2444:: Waiting blocker to continue...
2025-12-15 09:03:14,834-DEBUG-root-3616::webapp_internal::wait_blocker|2469:: Blocker status: False
2025-12-15 09:03:14,834-DEBUG-root-3616::webapp_internal::wait_element|7623:: Waiting for element
2025-12-15 09:03:14,920-DEBUG-root-3616::webapp_internal::wait_element|7653:: Element found! Waiting for element to be displayed.
2025-12-15 09:03:14,992-INFO-root-3616::webapp_internal::input_value|2941:: Looking for element: ZV3_CC
2025-12-15 09:03:15,156-INFO-root-3616::webapp_internal::input_value|2951:: Element: ZV3_CC Found!
2025-12-15 09:03:15,156-INFO-root-3616::webapp_internal::input_value|2953:: Filling element: ZV3_CC
2025-12-15 09:03:15,178-DEBUG-root-3616::webapp_internal::get_web_value|3232:: Current value:          
2025-12-15 09:03:15,211-DEBUG-root-3616::base::double_click|259:: Click Type: ClickType.SELENIUM
2025-12-15 09:03:15,470-DEBUG-root-3616::webapp_internal::wait_blocker|2444:: Waiting blocker to continue...
2025-12-15 09:03:15,605-DEBUG-root-3616::webapp_internal::wait_blocker|2469:: Blocker status: False
2025-12-15 09:03:15,940-DEBUG-root-3616::webapp_internal::get_web_value|3232:: Current value: 000000677
2025-12-15 09:03:15,940-INFO-root-3616::webapp_internal::input_value|3059:: Current field value: 000000677
2025-12-15 09:03:15,954-DEBUG-root-3616::webapp_internal::wait_blocker|2444:: Waiting blocker to continue...
2025-12-15 09:03:16,106-DEBUG-root-3616::webapp_internal::wait_blocker|2469:: Blocker status: False
2025-12-15 09:03:16,106-DEBUG-root-3616::webapp_internal::wait_element|7623:: Waiting for element
2025-12-15 09:03:16,187-DEBUG-root-3616::webapp_internal::wait_element|7653:: Element found! Waiting for element to be displayed.
2025-12-15 09:03:16,254-INFO-root-3616::webapp_internal::input_value|2941:: Looking for element: ZV3_TIPO
2025-12-15 09:03:16,436-INFO-root-3616::webapp_internal::input_value|2951:: Element: ZV3_TIPO Found!
2025-12-15 09:03:16,436-INFO-root-3616::webapp_internal::input_value|2953:: Filling element: ZV3_TIPO
2025-12-15 09:03:17,615-INFO-root-3616::base::select_combo|871:: Selected value for combo is: 1 - Servico
2025-12-15 09:03:17,658-DEBUG-root-3616::webapp_internal::wait_blocker|2444:: Waiting blocker to continue...
2025-12-15 09:03:17,806-DEBUG-root-3616::webapp_internal::wait_blocker|2469:: Blocker status: False
2025-12-15 09:03:17,806-DEBUG-root-3616::webapp_internal::wait_element|7623:: Waiting for element
2025-12-15 09:03:17,937-DEBUG-root-3616::webapp_internal::wait_element|7653:: Element found! Waiting for element to be displayed.
2025-12-15 09:03:18,005-INFO-root-3616::webapp_internal::input_value|2941:: Looking for element: ZV3_OBS
2025-12-15 09:03:18,179-INFO-root-3616::webapp_internal::input_value|2951:: Element: ZV3_OBS Found!
2025-12-15 09:03:18,179-INFO-root-3616::webapp_internal::input_value|2953:: Filling element: ZV3_OBS
2025-12-15 09:03:18,206-DEBUG-root-3616::webapp_internal::get_web_value|3232:: Current value: 
2025-12-15 09:03:18,226-DEBUG-root-3616::base::double_click|259:: Click Type: ClickType.SELENIUM
2025-12-15 09:03:18,485-DEBUG-root-3616::webapp_internal::wait_blocker|2444:: Waiting blocker to continue...
2025-12-15 09:03:18,616-DEBUG-root-3616::webapp_internal::wait_blocker|2469:: Blocker status: False
2025-12-15 09:03:18,973-DEBUG-root-3616::webapp_internal::get_web_value|3232:: Current value: TESTE DE SOLICITAÇÃO DE VIAGEM
2025-12-15 09:03:18,974-INFO-root-3616::webapp_internal::input_value|3059:: Current field value: TESTE DE SOLICITAÇÃO DE VIAGEM
2025-12-15 09:03:18,988-DEBUG-root-3616::webapp_internal::wait_blocker|2444:: Waiting blocker to continue...
2025-12-15 09:03:19,126-DEBUG-root-3616::webapp_internal::wait_blocker|2469:: Blocker status: False
2025-12-15 09:03:19,127-INFO-root-3616::webapp_internal::SetKey|5822:: Key pressed: TAB
2025-12-15 09:03:19,127-DEBUG-root-3616::webapp_internal::SetKey|5857:: Trying press key
2025-12-15 09:03:19,278-DEBUG-root-3616::webapp_internal::wait_blocker|2444:: Waiting blocker to continue...
2025-12-15 09:03:19,417-DEBUG-root-3616::webapp_internal::wait_blocker|2469:: Blocker status: False
2025-12-15 09:03:19,446-DEBUG-root-3616::webapp_internal::wait_blocker|2444:: Waiting blocker to continue...
2025-12-15 09:03:19,583-DEBUG-root-3616::webapp_internal::wait_blocker|2469:: Blocker status: False
2025-12-15 09:03:19,583-DEBUG-root-3616::webapp_internal::send_action|10480:: Trying to send action
2025-12-15 09:03:20,625-DEBUG-root-3616::webapp_internal::send_action|10522:: send_action method result = True
2025-12-15 09:03:20,625-DEBUG-root-3616::webapp_internal::send_action|10523:: send_action selenium status: False
2025-12-15 09:03:20,625-DEBUG-root-3616::webapp_internal::wait_element|7623:: Waiting for element
2025-12-15 09:03:20,720-DEBUG-root-3616::webapp_internal::wait_element|7653:: Element found! Waiting for element to be displayed.
2025-12-15 09:03:20,987-DEBUG-root-3616::webapp_internal::wait_blocker|2444:: Waiting blocker to continue...
2025-12-15 09:03:21,139-DEBUG-root-3616::webapp_internal::wait_blocker|2469:: Blocker status: False
2025-12-15 09:03:21,140-INFO-root-3616::webapp_internal::LoadGrid|6298:: Filling grid field: Favorecido
2025-12-15 09:03:21,140-DEBUG-root-3616::webapp_internal::fill_grid|6399:: Grid loading...
2025-12-15 09:03:21,304-DEBUG-root-3616::webapp_internal::fill_grid|6466:: Column found!
2025-12-15 09:03:21,342-DEBUG-root-3616::base::click|192:: Click Type: ClickType.ACTIONCHAINS
2025-12-15 09:03:21,634-DEBUG-root-3616::webapp_internal::fill_grid|6486:: Trying to select cell in grid!
2025-12-15 09:03:21,637-DEBUG-root-3616::base::click|192:: Click Type: ClickType.ACTIONCHAINS
2025-12-15 09:03:21,930-DEBUG-root-3616::webapp_internal::fill_grid|6486:: Trying to select cell in grid!
2025-12-15 09:03:21,935-DEBUG-root-3616::base::click|192:: Click Type: ClickType.ACTIONCHAINS
2025-12-15 09:03:22,220-DEBUG-root-3616::webapp_internal::fill_grid|6486:: Trying to select cell in grid!
2025-12-15 09:03:22,221-DEBUG-root-3616::base::click|192:: Click Type: ClickType.ACTIONCHAINS
2025-12-15 09:03:22,513-DEBUG-root-3616::webapp_internal::fill_grid|6486:: Trying to select cell in grid!
2025-12-15 09:03:22,517-DEBUG-root-3616::base::click|192:: Click Type: ClickType.ACTIONCHAINS
2025-12-15 09:03:22,806-DEBUG-root-3616::webapp_internal::fill_grid|6486:: Trying to select cell in grid!
2025-12-15 09:03:22,808-DEBUG-root-3616::base::click|192:: Click Type: ClickType.ACTIONCHAINS
2025-12-15 09:03:23,090-DEBUG-root-3616::webapp_internal::fill_grid|6486:: Trying to select cell in grid!
2025-12-15 09:03:23,092-DEBUG-root-3616::base::click|192:: Click Type: ClickType.ACTIONCHAINS
2025-12-15 09:03:23,387-DEBUG-root-3616::webapp_internal::fill_grid|6486:: Trying to select cell in grid!
2025-12-15 09:03:23,389-DEBUG-root-3616::base::click|192:: Click Type: ClickType.ACTIONCHAINS
2025-12-15 09:03:23,679-DEBUG-root-3616::webapp_internal::fill_grid|6486:: Trying to select cell in grid!
2025-12-15 09:03:23,684-DEBUG-root-3616::base::click|192:: Click Type: ClickType.ACTIONCHAINS
2025-12-15 09:03:23,973-DEBUG-root-3616::webapp_internal::fill_grid|6486:: Trying to select cell in grid!
2025-12-15 09:03:23,975-DEBUG-root-3616::base::click|192:: Click Type: ClickType.ACTIONCHAINS
2025-12-15 09:03:24,268-DEBUG-root-3616::webapp_internal::fill_grid|6486:: Trying to select cell in grid!
2025-12-15 09:03:24,270-DEBUG-root-3616::base::click|192:: Click Type: ClickType.ACTIONCHAINS
2025-12-15 09:03:24,557-DEBUG-root-3616::webapp_internal::fill_grid|6486:: Trying to select cell in grid!
2025-12-15 09:03:24,559-DEBUG-root-3616::base::click|192:: Click Type: ClickType.ACTIONCHAINS
2025-12-15 09:03:24,840-DEBUG-root-3616::webapp_internal::fill_grid|6486:: Trying to select cell in grid!
2025-12-15 09:03:24,842-DEBUG-root-3616::base::click|192:: Click Type: ClickType.ACTIONCHAINS
2025-12-15 09:03:25,130-DEBUG-root-3616::webapp_internal::fill_grid|6486:: Trying to select cell in grid!
2025-12-15 09:03:25,134-DEBUG-root-3616::base::click|192:: Click Type: ClickType.ACTIONCHAINS
2025-12-15 09:03:25,426-DEBUG-root-3616::webapp_internal::fill_grid|6486:: Trying to select cell in grid!
2025-12-15 09:03:25,428-DEBUG-root-3616::base::click|192:: Click Type: ClickType.ACTIONCHAINS
2025-12-15 09:03:25,691-DEBUG-root-3616::webapp_internal::fill_grid|6486:: Trying to select cell in grid!
2025-12-15 09:03:25,693-DEBUG-root-3616::base::click|192:: Click Type: ClickType.ACTIONCHAINS
2025-12-15 09:03:25,989-DEBUG-root-3616::webapp_internal::fill_grid|6486:: Trying to select cell in grid!
2025-12-15 09:03:25,991-DEBUG-root-3616::base::click|192:: Click Type: ClickType.ACTIONCHAINS
2025-12-15 09:03:26,285-DEBUG-root-3616::webapp_internal::fill_grid|6486:: Trying to select cell in grid!
2025-12-15 09:03:26,287-DEBUG-root-3616::base::click|192:: Click Type: ClickType.ACTIONCHAINS
2025-12-15 09:03:26,580-DEBUG-root-3616::webapp_internal::fill_grid|6486:: Trying to select cell in grid!
2025-12-15 09:03:26,585-DEBUG-root-3616::base::click|192:: Click Type: ClickType.ACTIONCHAINS
2025-12-15 09:03:26,879-DEBUG-root-3616::webapp_internal::fill_grid|6486:: Trying to select cell in grid!
2025-12-15 09:03:26,885-DEBUG-root-3616::base::click|192:: Click Type: ClickType.ACTIONCHAINS
2025-12-15 09:03:27,173-DEBUG-root-3616::webapp_internal::fill_grid|6486:: Trying to select cell in grid!
2025-12-15 09:03:27,177-DEBUG-root-3616::base::click|192:: Click Type: ClickType.ACTIONCHAINS
2025-12-15 09:03:27,473-DEBUG-root-3616::webapp_internal::fill_grid|6486:: Trying to select cell in grid!
2025-12-15 09:03:27,476-DEBUG-root-3616::base::click|192:: Click Type: ClickType.ACTIONCHAINS
2025-12-15 09:03:27,769-DEBUG-root-3616::webapp_internal::fill_grid|6486:: Trying to select cell in grid!
2025-12-15 09:03:27,772-DEBUG-root-3616::base::click|192:: Click Type: ClickType.ACTIONCHAINS
2025-12-15 09:03:28,063-DEBUG-root-3616::webapp_internal::fill_grid|6486:: Trying to select cell in grid!
2025-12-15 09:03:28,069-DEBUG-root-3616::base::click|192:: Click Type: ClickType.ACTIONCHAINS
2025-12-15 09:03:28,358-DEBUG-root-3616::webapp_internal::fill_grid|6486:: Trying to select cell in grid!
2025-12-15 09:03:28,360-DEBUG-root-3616::base::click|192:: Click Type: ClickType.ACTIONCHAINS
2025-12-15 09:03:28,657-DEBUG-root-3616::webapp_internal::fill_grid|6486:: Trying to select cell in grid!
2025-12-15 09:03:28,659-DEBUG-root-3616::base::click|192:: Click Type: ClickType.ACTIONCHAINS
2025-12-15 09:03:28,947-DEBUG-root-3616::webapp_internal::fill_grid|6486:: Trying to select cell in grid!
2025-12-15 09:03:28,952-DEBUG-root-3616::base::click|192:: Click Type: ClickType.ACTIONCHAINS
2025-12-15 09:03:29,241-DEBUG-root-3616::webapp_internal::fill_grid|6486:: Trying to select cell in grid!
2025-12-15 09:03:29,243-DEBUG-root-3616::base::click|192:: Click Type: ClickType.ACTIONCHAINS
2025-12-15 09:03:29,538-DEBUG-root-3616::webapp_internal::fill_grid|6486:: Trying to select cell in grid!
2025-12-15 09:03:29,539-DEBUG-root-3616::base::click|192:: Click Type: ClickType.ACTIONCHAINS
2025-12-15 09:03:29,802-DEBUG-root-3616::webapp_internal::fill_grid|6486:: Trying to select cell in grid!
2025-12-15 09:03:29,804-DEBUG-root-3616::base::click|192:: Click Type: ClickType.ACTIONCHAINS
2025-12-15 09:03:30,094-DEBUG-root-3616::webapp_internal::fill_grid|6486:: Trying to select cell in grid!
2025-12-15 09:03:30,096-DEBUG-root-3616::base::click|192:: Click Type: ClickType.ACTIONCHAINS
2025-12-15 09:03:30,361-DEBUG-root-3616::webapp_internal::fill_grid|6486:: Trying to select cell in grid!
2025-12-15 09:03:30,366-DEBUG-root-3616::base::click|192:: Click Type: ClickType.ACTIONCHAINS
2025-12-15 09:03:30,657-DEBUG-root-3616::webapp_internal::fill_grid|6486:: Trying to select cell in grid!
2025-12-15 09:03:30,659-DEBUG-root-3616::base::click|192:: Click Type: ClickType.ACTIONCHAINS
2025-12-15 09:03:30,950-DEBUG-root-3616::webapp_internal::fill_grid|6486:: Trying to select cell in grid!
2025-12-15 09:03:30,953-DEBUG-root-3616::base::click|192:: Click Type: ClickType.ACTIONCHAINS
2025-12-15 09:03:31,242-DEBUG-root-3616::webapp_internal::fill_grid|6486:: Trying to select cell in grid!
2025-12-15 09:03:31,244-DEBUG-root-3616::base::click|192:: Click Type: ClickType.ACTIONCHAINS
2025-12-15 09:03:31,540-DEBUG-root-3616::webapp_internal::fill_grid|6486:: Trying to select cell in grid!
2025-12-15 09:03:31,542-DEBUG-root-3616::base::click|192:: Click Type: ClickType.ACTIONCHAINS
2025-12-15 09:03:31,835-DEBUG-root-3616::webapp_internal::fill_grid|6486:: Trying to select cell in grid!
2025-12-15 09:03:31,838-DEBUG-root-3616::base::click|192:: Click Type: ClickType.ACTIONCHAINS
2025-12-15 09:03:32,127-DEBUG-root-3616::webapp_internal::fill_grid|6486:: Trying to select cell in grid!
2025-12-15 09:03:32,128-DEBUG-root-3616::base::click|192:: Click Type: ClickType.ACTIONCHAINS
2025-12-15 09:03:32,392-DEBUG-root-3616::webapp_internal::fill_grid|6486:: Trying to select cell in grid!
2025-12-15 09:03:32,394-DEBUG-root-3616::base::click|192:: Click Type: ClickType.ACTIONCHAINS
2025-12-15 09:03:32,656-DEBUG-root-3616::webapp_internal::fill_grid|6486:: Trying to select cell in grid!
2025-12-15 09:03:32,658-DEBUG-root-3616::base::click|192:: Click Type: ClickType.ACTIONCHAINS
2025-12-15 09:03:32,938-DEBUG-root-3616::webapp_internal::fill_grid|6486:: Trying to select cell in grid!
2025-12-15 09:03:32,940-DEBUG-root-3616::base::click|192:: Click Type: ClickType.ACTIONCHAINS
2025-12-15 09:03:33,234-DEBUG-root-3616::webapp_internal::fill_grid|6486:: Trying to select cell in grid!
2025-12-15 09:03:33,237-DEBUG-root-3616::base::click|192:: Click Type: ClickType.ACTIONCHAINS
2025-12-15 09:03:33,526-DEBUG-root-3616::webapp_internal::fill_grid|6486:: Trying to select cell in grid!
2025-12-15 09:03:33,530-DEBUG-root-3616::base::click|192:: Click Type: ClickType.ACTIONCHAINS
2025-12-15 09:03:33,826-DEBUG-root-3616::webapp_internal::fill_grid|6486:: Trying to select cell in grid!
2025-12-15 09:03:33,828-DEBUG-root-3616::base::click|192:: Click Type: ClickType.ACTIONCHAINS
2025-12-15 09:03:34,122-DEBUG-root-3616::webapp_internal::fill_grid|6486:: Trying to select cell in grid!
2025-12-15 09:03:34,125-DEBUG-root-3616::base::click|192:: Click Type: ClickType.ACTIONCHAINS
2025-12-15 09:03:34,417-DEBUG-root-3616::webapp_internal::fill_grid|6486:: Trying to select cell in grid!
2025-12-15 09:03:34,420-DEBUG-root-3616::base::click|192:: Click Type: ClickType.ACTIONCHAINS
2025-12-15 09:03:34,712-DEBUG-root-3616::webapp_internal::fill_grid|6486:: Trying to select cell in grid!
2025-12-15 09:03:34,718-DEBUG-root-3616::base::click|192:: Click Type: ClickType.ACTIONCHAINS
2025-12-15 09:03:35,007-DEBUG-root-3616::webapp_internal::fill_grid|6486:: Trying to select cell in grid!
2025-12-15 09:03:35,009-DEBUG-root-3616::base::click|192:: Click Type: ClickType.ACTIONCHAINS
2025-12-15 09:03:35,304-DEBUG-root-3616::webapp_internal::fill_grid|6486:: Trying to select cell in grid!
2025-12-15 09:03:35,306-DEBUG-root-3616::base::click|192:: Click Type: ClickType.ACTIONCHAINS
2025-12-15 09:03:35,593-DEBUG-root-3616::webapp_internal::fill_grid|6486:: Trying to select cell in grid!
2025-12-15 09:03:35,595-DEBUG-root-3616::base::click|192:: Click Type: ClickType.ACTIONCHAINS
2025-12-15 09:03:35,889-DEBUG-root-3616::webapp_internal::fill_grid|6486:: Trying to select cell in grid!
2025-12-15 09:03:35,892-DEBUG-root-3616::base::click|192:: Click Type: ClickType.ACTIONCHAINS
2025-12-15 09:03:36,184-DEBUG-root-3616::webapp_internal::fill_grid|6486:: Trying to select cell in grid!
2025-12-15 09:03:36,187-DEBUG-root-3616::base::click|192:: Click Type: ClickType.ACTIONCHAINS
2025-12-15 09:03:36,477-DEBUG-root-3616::webapp_internal::fill_grid|6486:: Trying to select cell in grid!
2025-12-15 09:03:36,484-DEBUG-root-3616::base::click|192:: Click Type: ClickType.ACTIONCHAINS
2025-12-15 09:03:36,774-DEBUG-root-3616::webapp_internal::fill_grid|6486:: Trying to select cell in grid!
2025-12-15 09:03:36,775-DEBUG-root-3616::base::click|192:: Click Type: ClickType.ACTIONCHAINS
2025-12-15 09:03:37,056-DEBUG-root-3616::webapp_internal::fill_grid|6486:: Trying to select cell in grid!
2025-12-15 09:03:37,058-DEBUG-root-3616::base::click|192:: Click Type: ClickType.ACTIONCHAINS
2025-12-15 09:03:37,343-DEBUG-root-3616::webapp_internal::fill_grid|6486:: Trying to select cell in grid!
2025-12-15 09:03:37,345-DEBUG-root-3616::base::click|192:: Click Type: ClickType.ACTIONCHAINS
2025-12-15 09:03:37,608-DEBUG-root-3616::webapp_internal::fill_grid|6486:: Trying to select cell in grid!
2025-12-15 09:03:37,610-DEBUG-root-3616::base::click|192:: Click Type: ClickType.ACTIONCHAINS
2025-12-15 09:03:37,908-DEBUG-root-3616::webapp_internal::fill_grid|6486:: Trying to select cell in grid!
2025-12-15 09:03:37,910-DEBUG-root-3616::base::click|192:: Click Type: ClickType.ACTIONCHAINS
2025-12-15 09:03:38,204-DEBUG-root-3616::webapp_internal::fill_grid|6486:: Trying to select cell in grid!
2025-12-15 09:03:38,206-DEBUG-root-3616::base::click|192:: Click Type: ClickType.ACTIONCHAINS
2025-12-15 09:03:38,470-DEBUG-root-3616::webapp_internal::fill_grid|6486:: Trying to select cell in grid!
2025-12-15 09:03:38,472-DEBUG-root-3616::base::click|192:: Click Type: ClickType.ACTIONCHAINS
2025-12-15 09:03:38,768-DEBUG-root-3616::webapp_internal::fill_grid|6486:: Trying to select cell in grid!
2025-12-15 09:03:38,770-DEBUG-root-3616::base::click|192:: Click Type: ClickType.ACTIONCHAINS
2025-12-15 09:03:39,053-DEBUG-root-3616::webapp_internal::fill_grid|6486:: Trying to select cell in grid!
2025-12-15 09:03:39,055-DEBUG-root-3616::base::click|192:: Click Type: ClickType.ACTIONCHAINS
2025-12-15 09:03:39,347-DEBUG-root-3616::webapp_internal::fill_grid|6486:: Trying to select cell in grid!
2025-12-15 09:03:39,350-DEBUG-root-3616::base::click|192:: Click Type: ClickType.ACTIONCHAINS
2025-12-15 09:03:39,640-DEBUG-root-3616::webapp_internal::fill_grid|6486:: Trying to select cell in grid!
2025-12-15 09:03:39,643-DEBUG-root-3616::base::click|192:: Click Type: ClickType.ACTIONCHAINS
2025-12-15 09:03:39,940-DEBUG-root-3616::webapp_internal::fill_grid|6486:: Trying to select cell in grid!
2025-12-15 09:03:39,942-DEBUG-root-3616::base::click|192:: Click Type: ClickType.ACTIONCHAINS
2025-12-15 09:03:40,235-DEBUG-root-3616::webapp_internal::fill_grid|6486:: Trying to select cell in grid!
2025-12-15 09:03:40,237-DEBUG-root-3616::base::click|192:: Click Type: ClickType.ACTIONCHAINS
2025-12-15 09:03:40,526-DEBUG-root-3616::webapp_internal::fill_grid|6486:: Trying to select cell in grid!
2025-12-15 09:03:40,528-DEBUG-root-3616::base::click|192:: Click Type: ClickType.ACTIONCHAINS
2025-12-15 09:03:40,793-DEBUG-root-3616::webapp_internal::fill_grid|6486:: Trying to select cell in grid!
2025-12-15 09:03:40,795-DEBUG-root-3616::base::click|192:: Click Type: ClickType.ACTIONCHAINS
2025-12-15 09:03:41,091-DEBUG-root-3616::webapp_internal::fill_grid|6486:: Trying to select cell in grid!
2025-12-15 09:03:41,093-DEBUG-root-3616::base::click|192:: Click Type: ClickType.ACTIONCHAINS
2025-12-15 09:03:41,384-DEBUG-root-3616::webapp_internal::fill_grid|6486:: Trying to select cell in grid!
2025-12-15 09:03:41,386-DEBUG-root-3616::base::click|192:: Click Type: ClickType.ACTIONCHAINS
2025-12-15 09:03:41,676-DEBUG-root-3616::webapp_internal::fill_grid|6486:: Trying to select cell in grid!
2025-12-15 09:03:41,677-DEBUG-root-3616::base::click|192:: Click Type: ClickType.ACTIONCHAINS
2025-12-15 09:03:41,972-DEBUG-root-3616::webapp_internal::fill_grid|6486:: Trying to select cell in grid!
2025-12-15 09:03:41,974-DEBUG-root-3616::base::click|192:: Click Type: ClickType.ACTIONCHAINS
2025-12-15 09:03:42,267-DEBUG-root-3616::webapp_internal::fill_grid|6486:: Trying to select cell in grid!
2025-12-15 09:03:42,270-DEBUG-root-3616::base::click|192:: Click Type: ClickType.ACTIONCHAINS
2025-12-15 09:03:42,560-DEBUG-root-3616::webapp_internal::fill_grid|6486:: Trying to select cell in grid!
2025-12-15 09:03:42,562-DEBUG-root-3616::base::click|192:: Click Type: ClickType.ACTIONCHAINS
2025-12-15 09:03:42,860-DEBUG-root-3616::webapp_internal::fill_grid|6486:: Trying to select cell in grid!
2025-12-15 09:03:42,862-DEBUG-root-3616::base::click|192:: Click Type: ClickType.ACTIONCHAINS
2025-12-15 09:03:43,146-DEBUG-root-3616::webapp_internal::fill_grid|6486:: Trying to select cell in grid!
2025-12-15 09:03:43,150-DEBUG-root-3616::base::click|192:: Click Type: ClickType.ACTIONCHAINS
2025-12-15 09:03:43,440-DEBUG-root-3616::webapp_internal::fill_grid|6486:: Trying to select cell in grid!
2025-12-15 09:03:43,442-DEBUG-root-3616::base::click|192:: Click Type: ClickType.ACTIONCHAINS
2025-12-15 09:03:43,727-DEBUG-root-3616::webapp_internal::fill_grid|6486:: Trying to select cell in grid!
2025-12-15 09:03:43,729-DEBUG-root-3616::base::click|192:: Click Type: ClickType.ACTIONCHAINS
2025-12-15 09:03:44,024-DEBUG-root-3616::webapp_internal::fill_grid|6486:: Trying to select cell in grid!
2025-12-15 09:03:44,027-DEBUG-root-3616::base::click|192:: Click Type: ClickType.ACTIONCHAINS
2025-12-15 09:03:44,321-DEBUG-root-3616::webapp_internal::fill_grid|6486:: Trying to select cell in grid!
2025-12-15 09:03:44,323-DEBUG-root-3616::base::click|192:: Click Type: ClickType.ACTIONCHAINS
2025-12-15 09:03:44,611-DEBUG-root-3616::webapp_internal::fill_grid|6486:: Trying to select cell in grid!
2025-12-15 09:03:44,612-DEBUG-root-3616::base::click|192:: Click Type: ClickType.ACTIONCHAINS
2025-12-15 09:03:44,906-DEBUG-root-3616::webapp_internal::fill_grid|6486:: Trying to select cell in grid!
2025-12-15 09:03:44,908-DEBUG-root-3616::base::click|192:: Click Type: ClickType.ACTIONCHAINS
2025-12-15 09:03:45,175-DEBUG-root-3616::webapp_internal::fill_grid|6486:: Trying to select cell in grid!
2025-12-15 09:03:45,178-DEBUG-root-3616::base::click|192:: Click Type: ClickType.ACTIONCHAINS
2025-12-15 09:03:45,468-DEBUG-root-3616::webapp_internal::fill_grid|6486:: Trying to select cell in grid!
2025-12-15 09:03:45,470-DEBUG-root-3616::base::click|192:: Click Type: ClickType.ACTIONCHAINS
2025-12-15 09:03:45,759-DEBUG-root-3616::webapp_internal::fill_grid|6486:: Trying to select cell in grid!
2025-12-15 09:03:45,761-DEBUG-root-3616::base::click|192:: Click Type: ClickType.ACTIONCHAINS
2025-12-15 09:03:46,023-DEBUG-root-3616::webapp_internal::fill_grid|6486:: Trying to select cell in grid!
2025-12-15 09:03:46,025-DEBUG-root-3616::base::click|192:: Click Type: ClickType.ACTIONCHAINS
2025-12-15 09:03:46,303-DEBUG-root-3616::webapp_internal::fill_grid|6486:: Trying to select cell in grid!
2025-12-15 09:03:46,305-DEBUG-root-3616::base::click|192:: Click Type: ClickType.ACTIONCHAINS
2025-12-15 09:03:46,596-DEBUG-root-3616::webapp_internal::fill_grid|6486:: Trying to select cell in grid!
2025-12-15 09:03:46,600-DEBUG-root-3616::base::click|192:: Click Type: ClickType.ACTIONCHAINS
2025-12-15 09:03:46,889-DEBUG-root-3616::webapp_internal::fill_grid|6486:: Trying to select cell in grid!
2025-12-15 09:03:46,890-DEBUG-root-3616::base::click|192:: Click Type: ClickType.ACTIONCHAINS
2025-12-15 09:03:47,180-DEBUG-root-3616::webapp_internal::fill_grid|6486:: Trying to select cell in grid!
2025-12-15 09:03:47,184-DEBUG-root-3616::base::click|192:: Click Type: ClickType.ACTIONCHAINS
2025-12-15 09:03:47,475-DEBUG-root-3616::webapp_internal::fill_grid|6486:: Trying to select cell in grid!
2025-12-15 09:03:47,478-DEBUG-root-3616::base::click|192:: Click Type: ClickType.ACTIONCHAINS
2025-12-15 09:03:47,773-DEBUG-root-3616::webapp_internal::fill_grid|6486:: Trying to select cell in grid!
2025-12-15 09:03:47,774-DEBUG-root-3616::base::click|192:: Click Type: ClickType.ACTIONCHAINS
2025-12-15 09:03:48,063-DEBUG-root-3616::webapp_internal::fill_grid|6486:: Trying to select cell in grid!
2025-12-15 09:03:48,066-DEBUG-root-3616::base::click|192:: Click Type: ClickType.ACTIONCHAINS
2025-12-15 09:03:48,359-DEBUG-root-3616::webapp_internal::fill_grid|6486:: Trying to select cell in grid!
2025-12-15 09:03:48,361-DEBUG-root-3616::base::click|192:: Click Type: ClickType.ACTIONCHAINS
2025-12-15 09:03:48,653-DEBUG-root-3616::webapp_internal::fill_grid|6486:: Trying to select cell in grid!
2025-12-15 09:03:48,655-DEBUG-root-3616::base::click|192:: Click Type: ClickType.ACTIONCHAINS
2025-12-15 09:03:48,945-DEBUG-root-3616::webapp_internal::fill_grid|6486:: Trying to select cell in grid!
2025-12-15 09:03:48,950-DEBUG-root-3616::base::click|192:: Click Type: ClickType.ACTIONCHAINS
2025-12-15 09:03:49,240-DEBUG-root-3616::webapp_internal::fill_grid|6486:: Trying to select cell in grid!
2025-12-15 09:03:49,242-DEBUG-root-3616::base::click|192:: Click Type: ClickType.ACTIONCHAINS
2025-12-15 09:03:49,522-DEBUG-root-3616::webapp_internal::fill_grid|6486:: Trying to select cell in grid!
2025-12-15 09:03:49,524-DEBUG-root-3616::base::click|192:: Click Type: ClickType.ACTIONCHAINS
2025-12-15 09:03:49,813-DEBUG-root-3616::webapp_internal::fill_grid|6486:: Trying to select cell in grid!
2025-12-15 09:03:49,817-DEBUG-root-3616::base::click|192:: Click Type: ClickType.ACTIONCHAINS
2025-12-15 09:03:50,107-DEBUG-root-3616::webapp_internal::fill_grid|6486:: Trying to select cell in grid!
2025-12-15 09:03:50,108-DEBUG-root-3616::base::click|192:: Click Type: ClickType.ACTIONCHAINS
2025-12-15 09:03:50,390-DEBUG-root-3616::webapp_internal::fill_grid|6486:: Trying to select cell in grid!
2025-12-15 09:03:50,392-DEBUG-root-3616::base::click|192:: Click Type: ClickType.ACTIONCHAINS
2025-12-15 09:03:50,680-DEBUG-root-3616::webapp_internal::fill_grid|6486:: Trying to select cell in grid!
2025-12-15 09:03:50,685-DEBUG-root-3616::base::click|192:: Click Type: ClickType.ACTIONCHAINS
2025-12-15 09:03:50,975-DEBUG-root-3616::webapp_internal::fill_grid|6486:: Trying to select cell in grid!
2025-12-15 09:03:50,977-DEBUG-root-3616::base::click|192:: Click Type: ClickType.ACTIONCHAINS
2025-12-15 09:03:51,274-DEBUG-root-3616::webapp_internal::fill_grid|6486:: Trying to select cell in grid!
2025-12-15 09:03:51,277-DEBUG-root-3616::base::click|192:: Click Type: ClickType.ACTIONCHAINS
2025-12-15 09:03:51,560-DEBUG-root-3616::webapp_internal::fill_grid|6486:: Trying to select cell in grid!
2025-12-15 09:03:51,562-DEBUG-root-3616::base::click|192:: Click Type: ClickType.ACTIONCHAINS
2025-12-15 09:03:51,858-DEBUG-root-3616::webapp_internal::fill_grid|6486:: Trying to select cell in grid!
2025-12-15 09:03:51,860-DEBUG-root-3616::base::click|192:: Click Type: ClickType.ACTIONCHAINS
2025-12-15 09:03:52,153-DEBUG-root-3616::webapp_internal::fill_grid|6486:: Trying to select cell in grid!
2025-12-15 09:03:52,155-DEBUG-root-3616::base::click|192:: Click Type: ClickType.ACTIONCHAINS
2025-12-15 09:03:52,444-DEBUG-root-3616::webapp_internal::fill_grid|6486:: Trying to select cell in grid!
2025-12-15 09:03:52,446-DEBUG-root-3616::base::click|192:: Click Type: ClickType.ACTIONCHAINS
2025-12-15 09:03:52,739-DEBUG-root-3616::webapp_internal::fill_grid|6486:: Trying to select cell in grid!
2025-12-15 09:03:52,741-DEBUG-root-3616::base::click|192:: Click Type: ClickType.ACTIONCHAINS
2025-12-15 09:03:53,030-DEBUG-root-3616::webapp_internal::fill_grid|6486:: Trying to select cell in grid!
2025-12-15 09:03:53,034-DEBUG-root-3616::base::click|192:: Click Type: ClickType.ACTIONCHAINS
2025-12-15 09:03:53,324-DEBUG-root-3616::webapp_internal::fill_grid|6486:: Trying to select cell in grid!
2025-12-15 09:03:53,326-DEBUG-root-3616::base::click|192:: Click Type: ClickType.ACTIONCHAINS
2025-12-15 09:03:53,607-DEBUG-root-3616::webapp_internal::fill_grid|6486:: Trying to select cell in grid!
2025-12-15 09:03:53,609-DEBUG-root-3616::base::click|192:: Click Type: ClickType.ACTIONCHAINS
2025-12-15 09:03:53,896-DEBUG-root-3616::webapp_internal::fill_grid|6486:: Trying to select cell in grid!
2025-12-15 09:03:53,900-DEBUG-root-3616::base::click|192:: Click Type: ClickType.ACTIONCHAINS
2025-12-15 09:03:54,193-DEBUG-root-3616::webapp_internal::fill_grid|6486:: Trying to select cell in grid!
2025-12-15 09:03:54,196-DEBUG-root-3616::base::click|192:: Click Type: ClickType.ACTIONCHAINS
2025-12-15 09:03:54,485-DEBUG-root-3616::webapp_internal::fill_grid|6486:: Trying to select cell in grid!
2025-12-15 09:03:54,487-DEBUG-root-3616::base::click|192:: Click Type: ClickType.ACTIONCHAINS
2025-12-15 09:03:54,777-DEBUG-root-3616::webapp_internal::fill_grid|6486:: Trying to select cell in grid!
2025-12-15 09:03:54,779-DEBUG-root-3616::base::click|192:: Click Type: ClickType.ACTIONCHAINS
2025-12-15 09:03:55,073-DEBUG-root-3616::webapp_internal::fill_grid|6486:: Trying to select cell in grid!
2025-12-15 09:03:55,075-DEBUG-root-3616::base::click|192:: Click Type: ClickType.ACTIONCHAINS
2025-12-15 09:03:55,371-DEBUG-root-3616::webapp_internal::fill_grid|6486:: Trying to select cell in grid!
2025-12-15 09:03:55,373-DEBUG-root-3616::base::click|192:: Click Type: ClickType.ACTIONCHAINS
2025-12-15 09:03:55,659-DEBUG-root-3616::webapp_internal::fill_grid|6486:: Trying to select cell in grid!
2025-12-15 09:03:55,661-DEBUG-root-3616::base::click|192:: Click Type: ClickType.ACTIONCHAINS
2025-12-15 09:03:55,955-DEBUG-root-3616::webapp_internal::fill_grid|6486:: Trying to select cell in grid!
2025-12-15 09:03:55,957-DEBUG-root-3616::base::click|192:: Click Type: ClickType.ACTIONCHAINS
2025-12-15 09:03:56,246-DEBUG-root-3616::webapp_internal::fill_grid|6486:: Trying to select cell in grid!
2025-12-15 09:03:56,250-DEBUG-root-3616::base::click|192:: Click Type: ClickType.ACTIONCHAINS
2025-12-15 09:03:56,542-DEBUG-root-3616::webapp_internal::fill_grid|6486:: Trying to select cell in grid!
2025-12-15 09:03:56,544-DEBUG-root-3616::base::click|192:: Click Type: ClickType.ACTIONCHAINS
2025-12-15 09:03:56,839-DEBUG-root-3616::webapp_internal::fill_grid|6486:: Trying to select cell in grid!
2025-12-15 09:03:56,841-DEBUG-root-3616::base::click|192:: Click Type: ClickType.ACTIONCHAINS
2025-12-15 09:03:57,133-DEBUG-root-3616::webapp_internal::fill_grid|6486:: Trying to select cell in grid!
2025-12-15 09:03:57,135-DEBUG-root-3616::base::click|192:: Click Type: ClickType.ACTIONCHAINS
2025-12-15 09:03:57,424-DEBUG-root-3616::webapp_internal::fill_grid|6486:: Trying to select cell in grid!
2025-12-15 09:03:57,426-DEBUG-root-3616::base::click|192:: Click Type: ClickType.ACTIONCHAINS
2025-12-15 09:03:57,702-DEBUG-root-3616::webapp_internal::fill_grid|6486:: Trying to select cell in grid!
2025-12-15 09:03:57,704-DEBUG-root-3616::base::click|192:: Click Type: ClickType.ACTIONCHAINS
2025-12-15 09:03:57,968-DEBUG-root-3616::webapp_internal::fill_grid|6486:: Trying to select cell in grid!
2025-12-15 09:03:57,970-DEBUG-root-3616::base::click|192:: Click Type: ClickType.ACTIONCHAINS
2025-12-15 09:03:58,260-DEBUG-root-3616::webapp_internal::fill_grid|6486:: Trying to select cell in grid!
2025-12-15 09:03:58,262-DEBUG-root-3616::base::click|192:: Click Type: ClickType.ACTIONCHAINS
2025-12-15 09:03:58,558-DEBUG-root-3616::webapp_internal::fill_grid|6486:: Trying to select cell in grid!
2025-12-15 09:03:58,560-DEBUG-root-3616::base::click|192:: Click Type: ClickType.ACTIONCHAINS
2025-12-15 09:03:58,822-DEBUG-root-3616::webapp_internal::fill_grid|6486:: Trying to select cell in grid!
2025-12-15 09:03:58,824-DEBUG-root-3616::base::click|192:: Click Type: ClickType.ACTIONCHAINS
2025-12-15 09:03:59,087-DEBUG-root-3616::webapp_internal::fill_grid|6486:: Trying to select cell in grid!
2025-12-15 09:03:59,089-DEBUG-root-3616::base::click|192:: Click Type: ClickType.ACTIONCHAINS
2025-12-15 09:03:59,376-DEBUG-root-3616::webapp_internal::fill_grid|6486:: Trying to select cell in grid!
2025-12-15 09:03:59,379-DEBUG-root-3616::base::click|192:: Click Type: ClickType.ACTIONCHAINS
2025-12-15 09:03:59,644-DEBUG-root-3616::webapp_internal::fill_grid|6486:: Trying to select cell in grid!
2025-12-15 09:03:59,646-DEBUG-root-3616::base::click|192:: Click Type: ClickType.ACTIONCHAINS
2025-12-15 09:03:59,941-DEBUG-root-3616::webapp_internal::fill_grid|6486:: Trying to select cell in grid!
2025-12-15 09:03:59,943-DEBUG-root-3616::base::click|192:: Click Type: ClickType.ACTIONCHAINS
2025-12-15 09:04:00,208-DEBUG-root-3616::webapp_internal::fill_grid|6486:: Trying to select cell in grid!
2025-12-15 09:04:00,210-DEBUG-root-3616::base::click|192:: Click Type: ClickType.ACTIONCHAINS
2025-12-15 09:04:00,502-DEBUG-root-3616::webapp_internal::fill_grid|6486:: Trying to select cell in grid!
2025-12-15 09:04:00,503-DEBUG-root-3616::base::click|192:: Click Type: ClickType.ACTIONCHAINS
2025-12-15 09:04:00,791-DEBUG-root-3616::webapp_internal::fill_grid|6486:: Trying to select cell in grid!
2025-12-15 09:04:00,794-DEBUG-root-3616::base::click|192:: Click Type: ClickType.ACTIONCHAINS
2025-12-15 09:04:01,085-DEBUG-root-3616::webapp_internal::fill_grid|6486:: Trying to select cell in grid!
2025-12-15 09:04:01,087-DEBUG-root-3616::base::click|192:: Click Type: ClickType.ACTIONCHAINS
2025-12-15 09:04:01,377-DEBUG-root-3616::webapp_internal::fill_grid|6486:: Trying to select cell in grid!
2025-12-15 09:04:01,379-DEBUG-root-3616::base::click|192:: Click Type: ClickType.ACTIONCHAINS
2025-12-15 09:04:06,702-DEBUG-root-3616::webapp_internal::fill_grid|6498:: Trying open cell in grid!
2025-12-15 09:04:06,988-DEBUG-root-3616::webapp_internal::wait_blocker|2444:: Waiting blocker to continue...
2025-12-15 09:04:07,145-DEBUG-root-3616::webapp_internal::wait_blocker|2469:: Blocker status: False
2025-12-15 09:04:07,340-DEBUG-root-3616::webapp_internal::wait_element_timeout|7726:: Element found! Waiting for element to be displayed.
2025-12-15 09:04:07,697-DEBUG-root-3616::webapp_internal::fill_grid|6577:: Sending keys: 227884
2025-12-15 09:04:08,003-DEBUG-root-3616::webapp_internal::wait_blocker|2444:: Waiting blocker to continue...
2025-12-15 09:04:08,208-DEBUG-root-3616::webapp_internal::wait_blocker|2469:: Blocker status: False
2025-12-15 09:04:08,445-DEBUG-root-3616::webapp_internal::wait_element_timeout|7726:: Element found! Waiting for element to be displayed.
2025-12-15 09:04:08,873-INFO-root-3616::webapp_internal::ClickFolder|5081:: Clicking on folder: Transporte
2025-12-15 09:04:08,873-DEBUG-root-3616::webapp_internal::wait_blocker|2444:: Waiting blocker to continue...
2025-12-15 09:04:09,036-DEBUG-root-3616::webapp_internal::wait_blocker|2469:: Blocker status: False
2025-12-15 09:04:09,078-DEBUG-root-3616::webapp_internal::wait_element|7623:: Waiting for element
2025-12-15 09:04:09,452-DEBUG-root-3616::webapp_internal::wait_element|7653:: Element found! Waiting for element to be displayed.
2025-12-15 09:04:11,198-DEBUG-root-3616::webapp_internal::wait_blocker|2444:: Waiting blocker to continue...
2025-12-15 09:04:11,423-DEBUG-root-3616::webapp_internal::wait_blocker|2469:: Blocker status: False
2025-12-15 09:04:11,423-INFO-root-3616::webapp_internal::SetKey|5822:: Key pressed: TAB
2025-12-15 09:04:11,424-DEBUG-root-3616::webapp_internal::SetKey|5857:: Trying press key
2025-12-15 09:04:11,424-DEBUG-root-3616::webapp_internal::wait_element|7623:: Waiting for element
2025-12-15 09:04:11,629-DEBUG-root-3616::webapp_internal::wait_element|7653:: Element found! Waiting for element to be displayed.
2025-12-15 09:04:11,923-DEBUG-root-3616::webapp_internal::wait_blocker|2444:: Waiting blocker to continue...
2025-12-15 09:04:12,107-DEBUG-root-3616::webapp_internal::wait_blocker|2469:: Blocker status: False
2025-12-15 09:04:12,107-INFO-root-3616::webapp_internal::LoadGrid|6298:: Filling grid field: Tipo
2025-12-15 09:04:12,107-DEBUG-root-3616::webapp_internal::fill_grid|6399:: Grid loading...
2025-12-15 09:04:12,614-DEBUG-root-3616::webapp_internal::fill_grid|6466:: Column found!
2025-12-15 09:04:12,658-DEBUG-root-3616::base::click|192:: Click Type: ClickType.ACTIONCHAINS
2025-12-15 09:04:18,140-DEBUG-root-3616::webapp_internal::fill_grid|6498:: Trying open cell in grid!
2025-12-15 09:04:18,428-DEBUG-root-3616::webapp_internal::wait_blocker|2444:: Waiting blocker to continue...
2025-12-15 09:04:18,638-DEBUG-root-3616::webapp_internal::wait_blocker|2469:: Blocker status: False
2025-12-15 09:04:18,870-DEBUG-root-3616::webapp_internal::wait_element_timeout|7726:: Element found! Waiting for element to be displayed.
2025-12-15 09:04:20,403-INFO-root-3616::base::select_combo|871:: Selected value for combo is: 1 - Aereo
2025-12-15 09:04:20,642-DEBUG-root-3616::webapp_internal::wait_blocker|2444:: Waiting blocker to continue...
2025-12-15 09:04:20,840-DEBUG-root-3616::webapp_internal::wait_blocker|2469:: Blocker status: False
2025-12-15 09:04:20,873-DEBUG-root-3616::webapp_internal::wait_blocker|2444:: Waiting blocker to continue...
2025-12-15 09:04:21,009-DEBUG-root-3616::webapp_internal::wait_blocker|2469:: Blocker status: False
2025-12-15 09:04:21,010-DEBUG-root-3616::webapp_internal::send_action|10480:: Trying to send action
2025-12-15 09:04:22,068-DEBUG-root-3616::webapp_internal::send_action|10522:: send_action method result = True
2025-12-15 09:04:22,068-DEBUG-root-3616::webapp_internal::send_action|10523:: send_action selenium status: False
2025-12-15 09:04:22,068-DEBUG-root-3616::webapp_internal::wait_blocker|2444:: Waiting blocker to continue...
2025-12-15 09:04:22,236-DEBUG-root-3616::webapp_internal::wait_blocker|2469:: Blocker status: False
2025-12-15 09:04:22,236-INFO-root-3616::webapp_internal::SetKey|5822:: Key pressed: TAB
2025-12-15 09:04:22,237-DEBUG-root-3616::webapp_internal::SetKey|5857:: Trying press key
2025-12-15 09:04:22,237-DEBUG-root-3616::webapp_internal::wait_element|7623:: Waiting for element
2025-12-15 09:04:22,363-DEBUG-root-3616::webapp_internal::wait_element|7653:: Element found! Waiting for element to be displayed.
2025-12-15 09:04:22,708-DEBUG-root-3616::webapp_internal::wait_blocker|2444:: Waiting blocker to continue...
2025-12-15 09:04:22,859-DEBUG-root-3616::webapp_internal::wait_blocker|2469:: Blocker status: False
2025-12-15 09:04:22,859-INFO-root-3616::webapp_internal::LoadGrid|6298:: Filling grid field: Partida
2025-12-15 09:04:22,859-DEBUG-root-3616::webapp_internal::fill_grid|6399:: Grid loading...
2025-12-15 09:04:23,326-DEBUG-root-3616::webapp_internal::fill_grid|6466:: Column found!
2025-12-15 09:04:23,380-DEBUG-root-3616::base::click|192:: Click Type: ClickType.ACTIONCHAINS
2025-12-15 09:04:28,807-DEBUG-root-3616::webapp_internal::fill_grid|6498:: Trying open cell in grid!
2025-12-15 09:04:29,123-DEBUG-root-3616::webapp_internal::wait_blocker|2444:: Waiting blocker to continue...
2025-12-15 09:04:29,328-DEBUG-root-3616::webapp_internal::wait_blocker|2469:: Blocker status: False
2025-12-15 09:04:29,540-DEBUG-root-3616::webapp_internal::wait_element_timeout|7726:: Element found! Waiting for element to be displayed.
2025-12-15 09:04:29,919-DEBUG-root-3616::webapp_internal::fill_grid|6577:: Sending keys: 20/12/2025
2025-12-15 09:04:30,243-DEBUG-root-3616::webapp_internal::wait_blocker|2444:: Waiting blocker to continue...
2025-12-15 09:04:30,407-DEBUG-root-3616::webapp_internal::wait_blocker|2469:: Blocker status: False
2025-12-15 09:04:35,909-DEBUG-root-3616::webapp_internal::wait_blocker|2444:: Waiting blocker to continue...
2025-12-15 09:04:36,077-DEBUG-root-3616::webapp_internal::wait_blocker|2469:: Blocker status: False
2025-12-15 09:04:36,109-DEBUG-root-3616::webapp_internal::wait_blocker|2444:: Waiting blocker to continue...
2025-12-15 09:04:36,278-DEBUG-root-3616::webapp_internal::wait_blocker|2469:: Blocker status: False
2025-12-15 09:04:36,278-DEBUG-root-3616::webapp_internal::send_action|10480:: Trying to send action
2025-12-15 09:04:37,346-DEBUG-root-3616::webapp_internal::send_action|10522:: send_action method result = True
2025-12-15 09:04:37,346-DEBUG-root-3616::webapp_internal::send_action|10523:: send_action selenium status: False
2025-12-15 09:04:37,347-DEBUG-root-3616::webapp_internal::wait_blocker|2444:: Waiting blocker to continue...
2025-12-15 09:04:37,522-DEBUG-root-3616::webapp_internal::wait_blocker|2469:: Blocker status: False
2025-12-15 09:04:37,523-INFO-root-3616::webapp_internal::SetKey|5822:: Key pressed: TAB
2025-12-15 09:04:37,523-DEBUG-root-3616::webapp_internal::SetKey|5857:: Trying press key
2025-12-15 09:04:37,523-DEBUG-root-3616::webapp_internal::wait_element|7623:: Waiting for element
2025-12-15 09:04:37,642-DEBUG-root-3616::webapp_internal::wait_element|7653:: Element found! Waiting for element to be displayed.
2025-12-15 09:04:37,922-DEBUG-root-3616::webapp_internal::wait_blocker|2444:: Waiting blocker to continue...
2025-12-15 09:04:38,109-DEBUG-root-3616::webapp_internal::wait_blocker|2469:: Blocker status: False
2025-12-15 09:04:38,109-INFO-root-3616::webapp_internal::LoadGrid|6298:: Filling grid field: Hora Partida
2025-12-15 09:04:38,109-DEBUG-root-3616::webapp_internal::fill_grid|6399:: Grid loading...
2025-12-15 09:04:38,560-DEBUG-root-3616::webapp_internal::fill_grid|6466:: Column found!
2025-12-15 09:04:38,620-DEBUG-root-3616::base::click|192:: Click Type: ClickType.ACTIONCHAINS
2025-12-15 09:04:44,006-DEBUG-root-3616::webapp_internal::fill_grid|6498:: Trying open cell in grid!
2025-12-15 09:04:44,292-DEBUG-root-3616::webapp_internal::wait_blocker|2444:: Waiting blocker to continue...
2025-12-15 09:04:44,510-DEBUG-root-3616::webapp_internal::wait_blocker|2469:: Blocker status: False
2025-12-15 09:04:44,721-DEBUG-root-3616::webapp_internal::wait_element_timeout|7726:: Element found! Waiting for element to be displayed.
2025-12-15 09:04:45,093-DEBUG-root-3616::webapp_internal::fill_grid|6577:: Sending keys: 08:00
2025-12-15 09:04:45,438-DEBUG-root-3616::webapp_internal::wait_blocker|2444:: Waiting blocker to continue...
2025-12-15 09:04:45,650-DEBUG-root-3616::webapp_internal::wait_blocker|2469:: Blocker status: False
2025-12-15 09:04:51,191-DEBUG-root-3616::webapp_internal::wait_blocker|2444:: Waiting blocker to continue...
2025-12-15 09:04:51,442-DEBUG-root-3616::webapp_internal::wait_blocker|2469:: Blocker status: False
2025-12-15 09:04:51,496-DEBUG-root-3616::webapp_internal::wait_blocker|2444:: Waiting blocker to continue...
2025-12-15 09:04:51,707-DEBUG-root-3616::webapp_internal::wait_blocker|2469:: Blocker status: False
2025-12-15 09:04:51,708-DEBUG-root-3616::webapp_internal::send_action|10480:: Trying to send action
2025-12-15 09:04:52,773-DEBUG-root-3616::webapp_internal::send_action|10522:: send_action method result = True
2025-12-15 09:04:52,774-DEBUG-root-3616::webapp_internal::send_action|10523:: send_action selenium status: False
2025-12-15 09:04:52,774-DEBUG-root-3616::webapp_internal::wait_blocker|2444:: Waiting blocker to continue...
2025-12-15 09:04:52,962-DEBUG-root-3616::webapp_internal::wait_blocker|2469:: Blocker status: False
2025-12-15 09:04:52,963-INFO-root-3616::webapp_internal::SetKey|5822:: Key pressed: TAB
2025-12-15 09:04:52,963-DEBUG-root-3616::webapp_internal::SetKey|5857:: Trying press key
2025-12-15 09:04:52,963-DEBUG-root-3616::webapp_internal::wait_element|7623:: Waiting for element
2025-12-15 09:04:53,122-DEBUG-root-3616::webapp_internal::wait_element|7653:: Element found! Waiting for element to be displayed.
2025-12-15 09:04:53,461-DEBUG-root-3616::webapp_internal::wait_blocker|2444:: Waiting blocker to continue...
2025-12-15 09:04:53,645-DEBUG-root-3616::webapp_internal::wait_blocker|2469:: Blocker status: False
2025-12-15 09:04:53,645-INFO-root-3616::webapp_internal::LoadGrid|6298:: Filling grid field: Origem
2025-12-15 09:04:53,645-DEBUG-root-3616::webapp_internal::fill_grid|6399:: Grid loading...
2025-12-15 09:04:54,229-DEBUG-root-3616::webapp_internal::fill_grid|6466:: Column found!
2025-12-15 09:04:54,305-DEBUG-root-3616::base::click|192:: Click Type: ClickType.ACTIONCHAINS
2025-12-15 09:04:59,704-DEBUG-root-3616::webapp_internal::fill_grid|6498:: Trying open cell in grid!
2025-12-15 09:04:59,998-DEBUG-root-3616::webapp_internal::wait_blocker|2444:: Waiting blocker to continue...
2025-12-15 09:05:00,223-DEBUG-root-3616::webapp_internal::wait_blocker|2469:: Blocker status: False
2025-12-15 09:05:00,457-DEBUG-root-3616::webapp_internal::wait_element_timeout|7726:: Element found! Waiting for element to be displayed.
2025-12-15 09:05:00,960-DEBUG-root-3616::webapp_internal::fill_grid|6577:: Sending keys: DF00108
2025-12-15 09:05:01,329-DEBUG-root-3616::webapp_internal::wait_blocker|2444:: Waiting blocker to continue...
2025-12-15 09:05:01,538-DEBUG-root-3616::webapp_internal::wait_blocker|2469:: Blocker status: False
2025-12-15 09:05:01,708-DEBUG-root-3616::webapp_internal::wait_element_timeout|7726:: Element found! Waiting for element to be displayed.
2025-12-15 09:05:02,393-DEBUG-root-3616::webapp_internal::wait_blocker|2444:: Waiting blocker to continue...
2025-12-15 09:05:02,587-DEBUG-root-3616::webapp_internal::wait_blocker|2469:: Blocker status: False
2025-12-15 09:05:02,623-DEBUG-root-3616::webapp_internal::wait_blocker|2444:: Waiting blocker to continue...
2025-12-15 09:05:02,821-DEBUG-root-3616::webapp_internal::wait_blocker|2469:: Blocker status: False
2025-12-15 09:05:02,821-DEBUG-root-3616::webapp_internal::send_action|10480:: Trying to send action
2025-12-15 09:05:03,872-DEBUG-root-3616::webapp_internal::send_action|10522:: send_action method result = True
2025-12-15 09:05:03,872-DEBUG-root-3616::webapp_internal::send_action|10523:: send_action selenium status: False
2025-12-15 09:05:03,873-DEBUG-root-3616::webapp_internal::wait_blocker|2444:: Waiting blocker to continue...
2025-12-15 09:05:04,074-DEBUG-root-3616::webapp_internal::wait_blocker|2469:: Blocker status: False
2025-12-15 09:05:04,074-INFO-root-3616::webapp_internal::SetKey|5822:: Key pressed: TAB
2025-12-15 09:05:04,074-DEBUG-root-3616::webapp_internal::SetKey|5857:: Trying press key
2025-12-15 09:05:04,075-DEBUG-root-3616::webapp_internal::wait_element|7623:: Waiting for element
2025-12-15 09:05:04,226-DEBUG-root-3616::webapp_internal::wait_element|7653:: Element found! Waiting for element to be displayed.
2025-12-15 09:05:04,557-DEBUG-root-3616::webapp_internal::wait_blocker|2444:: Waiting blocker to continue...
2025-12-15 09:05:04,775-DEBUG-root-3616::webapp_internal::wait_blocker|2469:: Blocker status: False
2025-12-15 09:05:04,775-INFO-root-3616::webapp_internal::LoadGrid|6298:: Filling grid field: Destino
2025-12-15 09:05:04,775-DEBUG-root-3616::webapp_internal::fill_grid|6399:: Grid loading...
2025-12-15 09:05:05,291-DEBUG-root-3616::webapp_internal::fill_grid|6466:: Column found!
2025-12-15 09:05:05,345-DEBUG-root-3616::base::click|192:: Click Type: ClickType.ACTIONCHAINS
2025-12-15 09:05:10,810-DEBUG-root-3616::webapp_internal::fill_grid|6498:: Trying open cell in grid!
2025-12-15 09:05:11,109-DEBUG-root-3616::webapp_internal::wait_blocker|2444:: Waiting blocker to continue...
2025-12-15 09:05:11,397-DEBUG-root-3616::webapp_internal::wait_blocker|2469:: Blocker status: False
2025-12-15 09:05:11,629-DEBUG-root-3616::webapp_internal::wait_element_timeout|7726:: Element found! Waiting for element to be displayed.
2025-12-15 09:05:12,094-DEBUG-root-3616::webapp_internal::fill_grid|6577:: Sending keys: GO08707
2025-12-15 09:05:12,412-DEBUG-root-3616::webapp_internal::wait_blocker|2444:: Waiting blocker to continue...
2025-12-15 09:05:12,607-DEBUG-root-3616::webapp_internal::wait_blocker|2469:: Blocker status: False
2025-12-15 09:05:12,790-DEBUG-root-3616::webapp_internal::wait_element_timeout|7726:: Element found! Waiting for element to be displayed.
2025-12-15 09:05:13,424-DEBUG-root-3616::webapp_internal::wait_blocker|2444:: Waiting blocker to continue...
2025-12-15 09:05:13,605-DEBUG-root-3616::webapp_internal::wait_blocker|2469:: Blocker status: False
2025-12-15 09:05:13,651-DEBUG-root-3616::webapp_internal::wait_blocker|2444:: Waiting blocker to continue...
2025-12-15 09:05:13,830-DEBUG-root-3616::webapp_internal::wait_blocker|2469:: Blocker status: False
2025-12-15 09:05:13,830-DEBUG-root-3616::webapp_internal::send_action|10480:: Trying to send action
2025-12-15 09:05:14,887-DEBUG-root-3616::webapp_internal::send_action|10522:: send_action method result = True
2025-12-15 09:05:14,887-DEBUG-root-3616::webapp_internal::send_action|10523:: send_action selenium status: False
2025-12-15 09:05:14,888-DEBUG-root-3616::webapp_internal::wait_blocker|2444:: Waiting blocker to continue...
2025-12-15 09:05:15,130-DEBUG-root-3616::webapp_internal::wait_blocker|2469:: Blocker status: False
2025-12-15 09:05:15,131-INFO-root-3616::webapp_internal::SetKey|5822:: Key pressed: TAB
2025-12-15 09:05:15,131-DEBUG-root-3616::webapp_internal::SetKey|5857:: Trying press key
2025-12-15 09:05:15,131-DEBUG-root-3616::webapp_internal::wait_element|7623:: Waiting for element
2025-12-15 09:05:15,279-DEBUG-root-3616::webapp_internal::wait_element|7653:: Element found! Waiting for element to be displayed.
2025-12-15 09:05:15,638-DEBUG-root-3616::webapp_internal::wait_blocker|2444:: Waiting blocker to continue...
2025-12-15 09:05:15,814-DEBUG-root-3616::webapp_internal::wait_blocker|2469:: Blocker status: False
2025-12-15 09:05:15,814-INFO-root-3616::webapp_internal::LoadGrid|6298:: Filling grid field: Chegada
2025-12-15 09:05:15,814-DEBUG-root-3616::webapp_internal::fill_grid|6399:: Grid loading...
2025-12-15 09:05:16,403-DEBUG-root-3616::webapp_internal::fill_grid|6466:: Column found!
2025-12-15 09:05:16,457-DEBUG-root-3616::base::click|192:: Click Type: ClickType.ACTIONCHAINS
2025-12-15 09:05:21,929-DEBUG-root-3616::webapp_internal::fill_grid|6498:: Trying open cell in grid!
2025-12-15 09:05:22,244-DEBUG-root-3616::webapp_internal::wait_blocker|2444:: Waiting blocker to continue...
2025-12-15 09:05:22,511-DEBUG-root-3616::webapp_internal::wait_blocker|2469:: Blocker status: False
2025-12-15 09:05:22,745-DEBUG-root-3616::webapp_internal::wait_element_timeout|7726:: Element found! Waiting for element to be displayed.
2025-12-15 09:05:23,210-DEBUG-root-3616::webapp_internal::fill_grid|6577:: Sending keys: 20/12/2025
2025-12-15 09:05:23,527-DEBUG-root-3616::webapp_internal::wait_blocker|2444:: Waiting blocker to continue...
2025-12-15 09:05:23,763-DEBUG-root-3616::webapp_internal::wait_blocker|2469:: Blocker status: False
2025-12-15 09:05:29,408-DEBUG-root-3616::webapp_internal::wait_blocker|2444:: Waiting blocker to continue...
2025-12-15 09:05:29,608-DEBUG-root-3616::webapp_internal::wait_blocker|2469:: Blocker status: False
2025-12-15 09:05:29,681-DEBUG-root-3616::webapp_internal::wait_blocker|2444:: Waiting blocker to continue...
2025-12-15 09:05:29,895-DEBUG-root-3616::webapp_internal::wait_blocker|2469:: Blocker status: False
2025-12-15 09:05:29,895-DEBUG-root-3616::webapp_internal::send_action|10480:: Trying to send action
2025-12-15 09:05:30,965-DEBUG-root-3616::webapp_internal::send_action|10522:: send_action method result = True
2025-12-15 09:05:30,965-DEBUG-root-3616::webapp_internal::send_action|10523:: send_action selenium status: False
2025-12-15 09:05:30,967-DEBUG-root-3616::webapp_internal::wait_element|7623:: Waiting for element
2025-12-15 09:05:31,137-DEBUG-root-3616::webapp_internal::wait_element|7653:: Element found! Waiting for element to be displayed.
2025-12-15 09:05:31,508-DEBUG-root-3616::webapp_internal::wait_blocker|2444:: Waiting blocker to continue...
2025-12-15 09:05:31,746-DEBUG-root-3616::webapp_internal::wait_blocker|2469:: Blocker status: False
2025-12-15 09:05:31,746-INFO-root-3616::webapp_internal::LoadGrid|6298:: Filling grid field: Hora Chegada
2025-12-15 09:05:31,746-DEBUG-root-3616::webapp_internal::fill_grid|6399:: Grid loading...
2025-12-15 09:05:32,292-DEBUG-root-3616::webapp_internal::fill_grid|6466:: Column found!
2025-12-15 09:05:32,343-DEBUG-root-3616::base::click|192:: Click Type: ClickType.ACTIONCHAINS
2025-12-15 09:05:37,688-DEBUG-root-3616::webapp_internal::fill_grid|6498:: Trying open cell in grid!
2025-12-15 09:05:37,989-DEBUG-root-3616::webapp_internal::wait_blocker|2444:: Waiting blocker to continue...
2025-12-15 09:05:38,203-DEBUG-root-3616::webapp_internal::wait_blocker|2469:: Blocker status: False
2025-12-15 09:05:38,414-DEBUG-root-3616::webapp_internal::wait_element_timeout|7726:: Element found! Waiting for element to be displayed.
2025-12-15 09:05:38,887-DEBUG-root-3616::webapp_internal::fill_grid|6577:: Sending keys: 12:00
2025-12-15 09:05:39,224-DEBUG-root-3616::webapp_internal::wait_blocker|2444:: Waiting blocker to continue...
2025-12-15 09:05:39,490-DEBUG-root-3616::webapp_internal::wait_blocker|2469:: Blocker status: False
2025-12-15 09:05:45,293-INFO-root-3616::webapp_internal::ClickFolder|5081:: Clicking on folder: Treinamento
2025-12-15 09:05:45,293-DEBUG-root-3616::webapp_internal::wait_blocker|2444:: Waiting blocker to continue...
2025-12-15 09:05:45,474-DEBUG-root-3616::webapp_internal::wait_blocker|2469:: Blocker status: False
2025-12-15 09:05:45,515-DEBUG-root-3616::webapp_internal::wait_element|7623:: Waiting for element
2025-12-15 09:05:45,985-DEBUG-root-3616::webapp_internal::wait_element|7653:: Element found! Waiting for element to be displayed.
2025-12-15 09:05:48,616-INFO-root-3616::webapp_internal::ClickFolder|5081:: Clicking on folder: Transporte
2025-12-15 09:05:48,616-DEBUG-root-3616::webapp_internal::wait_blocker|2444:: Waiting blocker to continue...
2025-12-15 09:05:48,796-DEBUG-root-3616::webapp_internal::wait_blocker|2469:: Blocker status: False
2025-12-15 09:05:48,837-DEBUG-root-3616::webapp_internal::wait_element|7623:: Waiting for element
2025-12-15 09:05:49,297-DEBUG-root-3616::webapp_internal::wait_element|7653:: Element found! Waiting for element to be displayed.
2025-12-15 09:05:51,173-DEBUG-root-3616::webapp_internal::wait_blocker|2444:: Waiting blocker to continue...
2025-12-15 09:05:51,395-DEBUG-root-3616::webapp_internal::wait_blocker|2469:: Blocker status: False
2025-12-15 09:05:51,395-INFO-root-3616::webapp_internal::LoadGrid|6304:: Checking grid field value: Tipo
2025-12-15 09:07:51,413-INFO-root-3616::webapp_internal::check_grid|6883:: Collected value: 
2025-12-15 09:07:51,426-DEBUG-root-3616::log::take_screenshot_log|612:: take_screenshot_log in:2025-12-15 09:07:51.426118

2025-12-15 09:07:51,606-DEBUG-root-3616::log::take_screenshot_log|627:: Screenshot file created successfully: Log\GESIT03\97137227104_20251215090751426_test_Cadastro_Orcamento_Viagem.png
2025-12-15 09:07:51,606-WARNING-root-3616::webapp_internal::log_error|8143:: Warning log_error Coluna não existe na grid atual. Coluna: 'tipo' Grid: 'dict_keys(['favorecido', 'nome', 'banco', 'agencia', 'conta + dv', 'c. contabil'])'
2025-12-15 09:07:51,606-DEBUG-root-3616::webapp_internal::log_error|8146:: ***System Info*** in log_error():
2025-12-15 09:07:51,607-DEBUG-root-3616::psutil_info::system_info|5:: CPU USAGE: 13.0%
2025-12-15 09:07:51,607-DEBUG-root-3616::psutil_info::system_info|6:: MEMORY USAGE: 91.2%
2025-12-15 09:07:51,608-DEBUG-root-3616::psutil_info::system_info|7:: MEMORY AVAILABLE: 8.83%
2025-12-15 09:07:51,624-DEBUG-root-3616::log::take_screenshot_log|612:: take_screenshot_log in:2025-12-15 09:07:51.624314

2025-12-15 09:07:51,758-DEBUG-root-3616::log::take_screenshot_log|627:: Screenshot file created successfully: Log\GESIT03\97137227104_20251215090751624_Viagem -_test_Cadastro_Orcamento_Viagem.png
2025-12-15 09:07:52,767-DEBUG-root-3616::log::checks_empty_line|221:: Checking empty default log info
2025-12-15 09:07:52,770-DEBUG-root-3616::log::generate_log|503:: Json log_data: {'cLogDtExec': '15/12/2025 09:07:52', 'cLogNomUsr': '97137227104', 'cLogNomEst': 'GESIT03', 'cLogProgra': None, 'cLogDtProg': '', 'cLogHrProg': '', 'nLogCtsOk': 0, 'nLogCtsNok': 1, 'nLogCtsSeg': 370.93, 'cLogVersao': '12', 'cLogReleas': '12.1.2410', 'nLogCtsErr': "Viagem - Coluna não existe na grid atual. Coluna: 'tipo' Grid: 'dict_keys(['favorecido', 'nome', 'banco', 'agencia', 'conta + dv', 'c. contabil'])'", 'cLogBancod': 'ORACLE', 'cLogIdenti': '', 'cLogIdExec': '20251215', 'cLogPais': 'BRA', 'cLogTool': 'TIR', 'cLogSequen': '511192', 'nLogCtsTot': 1, 'cLogDtExea': '15/12/2025', 'cLogHrExea': '09:07:52', 'cLogArea': 'Desenvolvimento', 'cLogMnExec': 6.182166666666666}
2025-12-15 09:07:52,771-INFO-root-3616::log::send_log_with_retries|515:: Saving log locally.
2025-12-15 09:07:52,771-INFO-root-3616::log::save_log_locally|548:: [FwSendLog]: Não foi possível enviar o log após todas as tentativas.
2025-12-15 09:07:52,771-INFO-root-3616::log::save_log_locally|555:: [FwSendLog]: Log salvo localmente em C:\TIR_TESTE\1765800472.json.
2025-12-15 09:07:54,228-ERROR-root-3616::webapp_internal::TearDown|9654:: Warning tearDown Close Message: Tried to run command without establishing a connection
Traceback (most recent call last):
  File "C:\TIR_TESTE\venv\Lib\site-packages\tir\technologies\webapp_internal.py", line 9652, in TearDown
    self.driver.close()
  File "C:\TIR_TESTE\venv\Lib\site-packages\selenium\webdriver\remote\webdriver.py", line 458, in close
    self.execute(Command.CLOSE)
  File "C:\TIR_TESTE\venv\Lib\site-packages\selenium\webdriver\remote\webdriver.py", line 347, in execute
    self.error_handler.check_response(response)
  File "C:\TIR_TESTE\venv\Lib\site-packages\selenium\webdriver\remote\errorhandler.py", line 229, in check_response
    raise exception_class(message, screen, stacktrace)
selenium.common.exceptions.InvalidSessionIdException: Message: Tried to run command without establishing a connection

