2025-12-05 12:46:26,467-DEBUG-root-46952::logging_config::logger|189:: Log file created: 'Log\GESIT03\TIR__20251205124626462.log'
2025-12-05 12:46:26,468-INFO-root-46952::base::Start|1183:: TIR Version: 2.4.3
2025-12-05 12:46:26,468-INFO-root-46952::base::Start|1184:: Python Version: 3.12.10
2025-12-05 12:46:26,468-INFO-root-46952::base::Start|1185:: Starting the browser
2025-12-05 12:46:33,803-INFO-root-46952::base::get_url|1294:: Page is ready!
2025-12-05 12:46:33,808-INFO-root-46952::base::Start|1256:: Browser maximized to 1936x1048
2025-12-05 12:46:33,809-INFO-root-46952::base::Start|1258:: Screen size is different from default used in headless mode
2025-12-05 12:46:33,884-INFO-root-46952::webapp_internal::Setup|247:: ***System Info*** in Setup():
2025-12-05 12:46:33,885-DEBUG-root-46952::psutil_info::system_info|5:: CPU USAGE: 18.6%
2025-12-05 12:46:33,886-DEBUG-root-46952::psutil_info::system_info|6:: MEMORY USAGE: 90.7%
2025-12-05 12:46:33,886-DEBUG-root-46952::psutil_info::system_info|7:: MEMORY AVAILABLE: 9.33%
2025-12-05 12:46:33,895-INFO-root-46952::base::webapp_shadowroot|1394:: Webapp: 10.1.6-RC4
2025-12-05 12:46:33,931-INFO-root-46952::webapp_internal::filling_initial_program|449:: Filling Initial Program: "SIGAMDI"
2025-12-05 12:46:33,931-DEBUG-root-46952::webapp_internal::wait_element|7623:: Waiting for element
2025-12-05 12:46:33,998-DEBUG-root-46952::webapp_internal::wait_element|7653:: Element found! Waiting for element to be displayed.
2025-12-05 12:46:34,256-DEBUG-root-46952::base::click|192:: Click Type: ClickType.JS
2025-12-05 12:46:34,261-DEBUG-root-46952::webapp_internal::try_send_keys|7976:: Trying to send keys to element using technique 0
2025-12-05 12:46:35,352-DEBUG-root-46952::webapp_internal::get_web_value|3232:: Current value: SIGAMDI
2025-12-05 12:46:35,352-INFO-root-46952::webapp_internal::filling_server_environment|463:: Filling Server Environment: "POUPEX_TST"
2025-12-05 12:46:35,352-DEBUG-root-46952::webapp_internal::wait_element|7623:: Waiting for element
2025-12-05 12:46:35,379-DEBUG-root-46952::webapp_internal::wait_element|7653:: Element found! Waiting for element to be displayed.
2025-12-05 12:46:35,535-DEBUG-root-46952::base::click|192:: Click Type: ClickType.JS
2025-12-05 12:46:35,540-DEBUG-root-46952::webapp_internal::try_send_keys|7976:: Trying to send keys to element using technique 0
2025-12-05 12:46:35,843-DEBUG-root-46952::webapp_internal::get_web_value|3232:: Current value: POUPEX_TST
2025-12-05 12:46:35,861-DEBUG-root-46952::base::click|192:: Click Type: ClickType.JS
2025-12-05 12:46:35,874-DEBUG-root-46952::webapp_internal::user_screen|519:: Filling user screen
2025-12-05 12:46:42,547-DEBUG-root-46952::base::scroll_to_element|759:: ********Warining scroll_to_element exception: Message: TypeError: can't access property "scrollIntoView", arguments[0] is null
Stacktrace:
@https://qasrverp:10020/webapp/:2:7
@https://qasrverp:10020/webapp/:3:8
*********
2025-12-05 12:46:42,580-DEBUG-root-46952::webapp_internal::wait_element_timeout|7726:: Element found! Waiting for element to be displayed.
2025-12-05 12:46:42,642-DEBUG-root-46952::base::scroll_to_element|759:: ********Warining scroll_to_element exception: Message: TypeError: can't access property "scrollIntoView", arguments[0] is null
Stacktrace:
@https://qasrverp:10020/webapp/:2:7
@https://qasrverp:10020/webapp/:3:8
*********
2025-12-05 12:46:42,778-INFO-root-46952::webapp_internal::user_screen|561:: Filling User
2025-12-05 12:46:42,802-DEBUG-root-46952::base::double_click|259:: Click Type: ClickType.SELENIUM
2025-12-05 12:46:42,986-DEBUG-root-46952::webapp_internal::get_web_value|3232:: Current value: 97137227104
2025-12-05 12:46:43,008-INFO-root-46952::webapp_internal::user_screen|621:: Filling Password
2025-12-05 12:46:43,026-DEBUG-root-46952::base::click|192:: Click Type: ClickType.JS
2025-12-05 12:46:43,093-DEBUG-root-46952::webapp_internal::get_web_value|3232:: Current value: Val20221080080094+
2025-12-05 12:46:43,094-DEBUG-root-46952::webapp_internal::wait_blocker|2444:: Waiting blocker to continue...
2025-12-05 12:46:43,120-DEBUG-root-46952::webapp_internal::wait_blocker|2469:: Blocker status: None
2025-12-05 12:46:43,138-DEBUG-root-46952::webapp_internal::wait_blocker|2444:: Waiting blocker to continue...
2025-12-05 12:46:43,164-DEBUG-root-46952::webapp_internal::wait_blocker|2469:: Blocker status: None
2025-12-05 12:46:43,196-DEBUG-root-46952::webapp_internal::wait_blocker|2444:: Waiting blocker to continue...
2025-12-05 12:46:43,220-DEBUG-root-46952::webapp_internal::wait_blocker|2469:: Blocker status: None
2025-12-05 12:46:43,220-DEBUG-root-46952::webapp_internal::send_action|10480:: Trying to send action
2025-12-05 12:46:43,226-DEBUG-root-46952::base::click|192:: Click Type: ClickType.JS
2025-12-05 12:46:44,264-DEBUG-root-46952::webapp_internal::send_action|10522:: send_action method result = True
2025-12-05 12:46:44,264-DEBUG-root-46952::webapp_internal::send_action|10523:: send_action selenium status: False
2025-12-05 12:46:46,788-DEBUG-root-46952::base::scroll_to_element|759:: ********Warining scroll_to_element exception: Message: TypeError: can't access property "scrollIntoView", arguments[0] is null
Stacktrace:
@https://qasrverp:10020/webapp/:2:7
@https://qasrverp:10020/webapp/:3:8
*********
2025-12-05 12:46:46,836-INFO-root-46952::webapp_internal::filling_date|885:: Filling Date: "05/12/2025"
2025-12-05 12:46:46,836-DEBUG-root-46952::webapp_internal::wait_blocker|2444:: Waiting blocker to continue...
2025-12-05 12:46:46,870-DEBUG-root-46952::webapp_internal::wait_blocker|2469:: Blocker status: None
2025-12-05 12:46:46,873-DEBUG-root-46952::base::click|192:: Click Type: ClickType.JS
2025-12-05 12:46:46,891-DEBUG-root-46952::webapp_internal::try_send_keys|7976:: Trying to send keys to element using technique 1
2025-12-05 12:46:46,958-DEBUG-root-46952::webapp_internal::get_web_value|3232:: Current value: 05/12/2025
2025-12-05 12:46:48,034-INFO-root-46952::webapp_internal::filling_group|955:: Filling Group: "02"
2025-12-05 12:46:48,034-DEBUG-root-46952::webapp_internal::wait_blocker|2444:: Waiting blocker to continue...
2025-12-05 12:46:48,063-DEBUG-root-46952::webapp_internal::wait_blocker|2469:: Blocker status: None
2025-12-05 12:46:48,065-DEBUG-root-46952::base::click|192:: Click Type: ClickType.JS
2025-12-05 12:46:48,107-DEBUG-root-46952::webapp_internal::get_web_value|3232:: Current value: 02
2025-12-05 12:46:49,164-INFO-root-46952::webapp_internal::filling_branch|1047:: Filling Branch: "02DF0001"
2025-12-05 12:46:49,165-DEBUG-root-46952::webapp_internal::wait_blocker|2444:: Waiting blocker to continue...
2025-12-05 12:46:49,194-DEBUG-root-46952::webapp_internal::wait_blocker|2469:: Blocker status: None
2025-12-05 12:46:49,197-DEBUG-root-46952::base::click|192:: Click Type: ClickType.JS
2025-12-05 12:46:49,236-DEBUG-root-46952::webapp_internal::get_web_value|3232:: Current value: 02DF0001
2025-12-05 12:46:50,315-INFO-root-46952::webapp_internal::filling_environment|1113:: Filling Environment: "07"
2025-12-05 12:46:50,315-DEBUG-root-46952::webapp_internal::wait_blocker|2444:: Waiting blocker to continue...
2025-12-05 12:46:50,349-DEBUG-root-46952::webapp_internal::wait_blocker|2469:: Blocker status: None
2025-12-05 12:46:50,351-DEBUG-root-46952::base::click|192:: Click Type: ClickType.JS
2025-12-05 12:46:50,389-DEBUG-root-46952::webapp_internal::get_web_value|3232:: Current value: 07
2025-12-05 12:46:51,397-DEBUG-root-46952::webapp_internal::close_warning_screen|1489:: Closing warning screen!
2025-12-05 12:46:52,427-DEBUG-root-46952::webapp_internal::check_screen_element|1291:: Checking screen element: "Atenção": False
2025-12-05 12:46:53,525-INFO-root-46952::webapp_internal::environment_screen|796:: Clicking on Button
2025-12-05 12:46:53,525-DEBUG-root-46952::webapp_internal::wait_blocker|2444:: Waiting blocker to continue...
2025-12-05 12:46:53,559-DEBUG-root-46952::webapp_internal::wait_blocker|2469:: Blocker status: None
2025-12-05 12:46:53,562-DEBUG-root-46952::base::click|192:: Click Type: ClickType.JS
2025-12-05 12:46:54,572-DEBUG-root-46952::base::click|192:: Click Type: ClickType.JS
2025-12-05 12:46:55,580-DEBUG-root-46952::base::click|192:: Click Type: ClickType.JS
2025-12-05 12:46:56,588-DEBUG-root-46952::base::click|192:: Click Type: ClickType.JS
2025-12-05 12:46:57,595-DEBUG-root-46952::base::click|192:: Click Type: ClickType.JS
2025-12-05 12:46:58,602-DEBUG-root-46952::base::click|192:: Click Type: ClickType.JS
2025-12-05 12:46:59,610-DEBUG-root-46952::webapp_internal::close_screen_before_menu|368:: Closing screen before the menu
2025-12-05 12:46:59,655-DEBUG-root-46952::webapp_internal::close_warning_screen|1489:: Closing warning screen!
2025-12-05 12:47:00,695-DEBUG-root-46952::webapp_internal::check_screen_element|1291:: Checking screen element: "Atenção": False
2025-12-05 12:47:00,695-DEBUG-root-46952::webapp_internal::close_coin_screen|1424:: Closing coin screen!
2025-12-05 12:47:01,246-DEBUG-root-46952::base::click|192:: Click Type: ClickType.JS
2025-12-05 12:47:01,305-DEBUG-root-46952::webapp_internal::close_warning_screen|1489:: Closing warning screen!
2025-12-05 12:47:02,349-DEBUG-root-46952::webapp_internal::check_screen_element|1291:: Checking screen element: "Atenção": False
2025-12-05 12:47:02,349-DEBUG-root-46952::webapp_internal::close_coin_screen|1424:: Closing coin screen!
2025-12-05 12:47:02,440-INFO-root-46952::webapp_internal::set_log_info|1623:: Getting log info
2025-12-05 12:47:02,440-INFO-root-46952::webapp_internal::SetLateralMenu|4184:: Navigating lateral menu: Ajuda > Sobre
2025-12-05 12:47:02,449-DEBUG-root-46952::webapp_internal::wait_element|7623:: Waiting for element
2025-12-05 12:47:02,494-DEBUG-root-46952::webapp_internal::wait_element|7653:: Element found! Waiting for element to be displayed.
2025-12-05 12:47:02,651-INFO-root-46952::webapp_internal::SetLateralMenu|4203:: Menu item: "Ajuda"
2025-12-05 12:47:02,651-DEBUG-root-46952::webapp_internal::wait_blocker|2444:: Waiting blocker to continue...
2025-12-05 12:47:02,725-DEBUG-root-46952::webapp_internal::wait_blocker|2469:: Blocker status: False
2025-12-05 12:47:03,065-DEBUG-root-46952::webapp_internal::wait_element_timeout|7726:: Element found! Waiting for element to be displayed.
2025-12-05 12:47:03,339-DEBUG-root-46952::webapp_internal::wait_blocker|2444:: Waiting blocker to continue...
2025-12-05 12:47:03,405-DEBUG-root-46952::webapp_internal::wait_blocker|2469:: Blocker status: False
2025-12-05 12:47:05,698-INFO-root-46952::webapp_internal::SetLateralMenu|4203:: Menu item: "Sobre"
2025-12-05 12:47:05,698-DEBUG-root-46952::webapp_internal::wait_blocker|2444:: Waiting blocker to continue...
2025-12-05 12:47:05,759-DEBUG-root-46952::webapp_internal::wait_blocker|2469:: Blocker status: False
2025-12-05 12:47:06,132-DEBUG-root-46952::webapp_internal::wait_element_timeout|7726:: Element found! Waiting for element to be displayed.
2025-12-05 12:47:06,455-DEBUG-root-46952::webapp_internal::wait_blocker|2444:: Waiting blocker to continue...
2025-12-05 12:47:06,523-DEBUG-root-46952::webapp_internal::wait_blocker|2469:: Blocker status: False
2025-12-05 12:47:09,105-DEBUG-root-46952::webapp_internal::wait_blocker|2444:: Waiting blocker to continue...
2025-12-05 12:47:09,171-DEBUG-root-46952::webapp_internal::wait_blocker|2469:: Blocker status: False
2025-12-05 12:47:09,234-DEBUG-root-46952::webapp_internal::wait_element|7623:: Waiting for element
2025-12-05 12:47:09,276-DEBUG-root-46952::webapp_internal::wait_element|7653:: Element found! Waiting for element to be displayed.
2025-12-05 12:47:09,455-INFO-root-46952::webapp_internal::SetButton|4444:: Clicking on Fechar
2025-12-05 12:47:09,455-DEBUG-root-46952::webapp_internal::wait_blocker|2444:: Waiting blocker to continue...
2025-12-05 12:47:09,524-DEBUG-root-46952::webapp_internal::wait_blocker|2469:: Blocker status: False
2025-12-05 12:47:09,698-DEBUG-root-46952::webapp_internal::wait_element_timeout|7726:: Element found! Waiting for element to be displayed.
2025-12-05 12:47:09,763-DEBUG-root-46952::webapp_internal::SetButton|4481:: ***System Info*** Before Clicking on button:Fechar
2025-12-05 12:47:09,763-DEBUG-root-46952::psutil_info::system_info|5:: CPU USAGE: 7.1%
2025-12-05 12:47:09,764-DEBUG-root-46952::psutil_info::system_info|6:: MEMORY USAGE: 88.2%
2025-12-05 12:47:09,764-DEBUG-root-46952::psutil_info::system_info|7:: MEMORY AVAILABLE: 11.76%
2025-12-05 12:47:09,924-DEBUG-root-46952::webapp_internal::wait_element_timeout|7726:: Element found! Waiting for element to be displayed.
2025-12-05 12:47:10,022-DEBUG-root-46952::webapp_internal::wait_blocker|2444:: Waiting blocker to continue...
2025-12-05 12:47:10,088-DEBUG-root-46952::webapp_internal::wait_blocker|2469:: Blocker status: False
2025-12-05 12:47:10,103-DEBUG-root-46952::webapp_internal::wait_blocker|2444:: Waiting blocker to continue...
2025-12-05 12:47:10,171-DEBUG-root-46952::webapp_internal::wait_blocker|2469:: Blocker status: False
2025-12-05 12:47:10,172-DEBUG-root-46952::webapp_internal::send_action|10480:: Trying to send action
2025-12-05 12:47:10,173-DEBUG-root-46952::base::click|192:: Click Type: ClickType.JS
2025-12-05 12:47:11,201-DEBUG-root-46952::webapp_internal::send_action|10522:: send_action method result = True
2025-12-05 12:47:11,201-DEBUG-root-46952::webapp_internal::send_action|10523:: send_action selenium status: False
2025-12-05 12:47:11,201-DEBUG-root-46952::webapp_internal::SetButton|4683:: ***System Info*** After Clicking on button:
2025-12-05 12:47:11,202-DEBUG-root-46952::psutil_info::system_info|5:: CPU USAGE: 3.8%
2025-12-05 12:47:11,202-DEBUG-root-46952::psutil_info::system_info|6:: MEMORY USAGE: 88.3%
2025-12-05 12:47:11,202-DEBUG-root-46952::psutil_info::system_info|7:: MEMORY AVAILABLE: 11.66%
2025-12-05 12:47:11,202-DEBUG-root-46952::webapp_internal::wait_element|7623:: Waiting for element
2025-12-05 12:47:11,284-INFO-root-46952::webapp_internal::SetLateralMenu|4184:: Navigating lateral menu: Atualizações > Gestao de Viagens > Solicitações
2025-12-05 12:47:11,295-DEBUG-root-46952::webapp_internal::wait_element|7623:: Waiting for element
2025-12-05 12:47:11,330-DEBUG-root-46952::webapp_internal::wait_element|7653:: Element found! Waiting for element to be displayed.
2025-12-05 12:47:11,488-INFO-root-46952::webapp_internal::SetLateralMenu|4203:: Menu item: "Atualizações"
2025-12-05 12:47:11,488-DEBUG-root-46952::webapp_internal::wait_blocker|2444:: Waiting blocker to continue...
2025-12-05 12:47:11,552-DEBUG-root-46952::webapp_internal::wait_blocker|2469:: Blocker status: False
2025-12-05 12:47:11,950-DEBUG-root-46952::webapp_internal::wait_element_timeout|7726:: Element found! Waiting for element to be displayed.
2025-12-05 12:47:12,270-DEBUG-root-46952::webapp_internal::wait_blocker|2444:: Waiting blocker to continue...
2025-12-05 12:47:12,333-DEBUG-root-46952::webapp_internal::wait_blocker|2469:: Blocker status: False
2025-12-05 12:47:14,603-INFO-root-46952::webapp_internal::SetLateralMenu|4203:: Menu item: "Gestao de Viagens"
2025-12-05 12:47:14,604-DEBUG-root-46952::webapp_internal::wait_blocker|2444:: Waiting blocker to continue...
2025-12-05 12:47:14,696-DEBUG-root-46952::webapp_internal::wait_blocker|2469:: Blocker status: False
2025-12-05 12:47:15,396-DEBUG-root-46952::webapp_internal::wait_element_timeout|7726:: Element found! Waiting for element to be displayed.
2025-12-05 12:47:16,156-DEBUG-root-46952::webapp_internal::wait_blocker|2444:: Waiting blocker to continue...
2025-12-05 12:47:16,281-DEBUG-root-46952::webapp_internal::wait_blocker|2469:: Blocker status: False
2025-12-05 12:47:18,580-INFO-root-46952::webapp_internal::SetLateralMenu|4203:: Menu item: "Solicitações"
2025-12-05 12:47:18,580-DEBUG-root-46952::webapp_internal::wait_blocker|2444:: Waiting blocker to continue...
2025-12-05 12:47:18,654-DEBUG-root-46952::webapp_internal::wait_blocker|2469:: Blocker status: False
2025-12-05 12:47:19,419-DEBUG-root-46952::webapp_internal::wait_element_timeout|7726:: Element found! Waiting for element to be displayed.
2025-12-05 12:47:20,148-DEBUG-root-46952::webapp_internal::wait_blocker|2444:: Waiting blocker to continue...
2025-12-05 12:47:20,243-DEBUG-root-46952::webapp_internal::wait_blocker|2469:: Blocker status: False
2025-12-05 12:47:23,737-DEBUG-root-46952::webapp_internal::wait_blocker|2444:: Waiting blocker to continue...
2025-12-05 12:47:23,822-DEBUG-root-46952::webapp_internal::wait_blocker|2469:: Blocker status: False
2025-12-05 12:47:23,898-INFO-root-46952::webapp_internal::WaitShow|4980:: Waiting show text 'Este ambiente utiliza base de Homologação.'...
2025-12-05 12:47:29,698-INFO-root-46952::webapp_internal::WaitShow|4980:: Waiting show text 'Moedas'...
2025-12-05 12:47:35,217-INFO-root-46952::webapp_internal::WaitShow|4980:: Waiting show text 'Solicitação de Viagens/Treinamento'...
2025-12-05 12:47:35,277-INFO-root-46952::webapp_internal::WaitShow|4996:: Text found! 
2025-12-05 12:47:35,277-INFO-root-46952::webapp_internal::SetButton|4444:: Clicking on Incluir
2025-12-05 12:47:35,277-DEBUG-root-46952::webapp_internal::wait_blocker|2444:: Waiting blocker to continue...
2025-12-05 12:47:35,365-DEBUG-root-46952::webapp_internal::wait_blocker|2469:: Blocker status: False
2025-12-05 12:47:35,760-DEBUG-root-46952::webapp_internal::wait_element_timeout|7726:: Element found! Waiting for element to be displayed.
2025-12-05 12:47:36,026-DEBUG-root-46952::webapp_internal::SetButton|4481:: ***System Info*** Before Clicking on button:Incluir
2025-12-05 12:47:36,026-DEBUG-root-46952::psutil_info::system_info|5:: CPU USAGE: 7.4%
2025-12-05 12:47:36,028-DEBUG-root-46952::psutil_info::system_info|6:: MEMORY USAGE: 88.6%
2025-12-05 12:47:36,028-DEBUG-root-46952::psutil_info::system_info|7:: MEMORY AVAILABLE: 11.37%
2025-12-05 12:47:36,411-DEBUG-root-46952::webapp_internal::wait_element_timeout|7726:: Element found! Waiting for element to be displayed.
2025-12-05 12:47:36,729-DEBUG-root-46952::webapp_internal::wait_blocker|2444:: Waiting blocker to continue...
2025-12-05 12:47:36,822-DEBUG-root-46952::webapp_internal::wait_blocker|2469:: Blocker status: False
2025-12-05 12:47:36,845-DEBUG-root-46952::webapp_internal::wait_blocker|2444:: Waiting blocker to continue...
2025-12-05 12:47:36,944-DEBUG-root-46952::webapp_internal::wait_blocker|2469:: Blocker status: False
2025-12-05 12:47:36,944-DEBUG-root-46952::webapp_internal::send_action|10480:: Trying to send action
2025-12-05 12:47:36,946-DEBUG-root-46952::base::click|192:: Click Type: ClickType.JS
2025-12-05 12:47:38,326-DEBUG-root-46952::webapp_internal::send_action|10522:: send_action method result = True
2025-12-05 12:47:38,327-DEBUG-root-46952::webapp_internal::send_action|10523:: send_action selenium status: True
2025-12-05 12:47:38,327-DEBUG-root-46952::webapp_internal::SetButton|4683:: ***System Info*** After Clicking on button:
2025-12-05 12:47:38,327-DEBUG-root-46952::psutil_info::system_info|5:: CPU USAGE: 14.3%
2025-12-05 12:47:38,328-DEBUG-root-46952::psutil_info::system_info|6:: MEMORY USAGE: 89.2%
2025-12-05 12:47:38,328-DEBUG-root-46952::psutil_info::system_info|7:: MEMORY AVAILABLE: 10.78%
2025-12-05 12:47:38,529-DEBUG-root-46952::webapp_internal::wait_blocker|2444:: Waiting blocker to continue...
2025-12-05 12:47:38,629-DEBUG-root-46952::webapp_internal::wait_blocker|2469:: Blocker status: False
2025-12-05 12:47:38,629-INFO-root-46952::webapp_internal::SearchBrowse|2003:: Searching: 02DF0001
2025-12-05 12:47:38,782-DEBUG-root-46952::webapp_internal::wait_element_timeout|7726:: Element found! Waiting for element to be displayed.
2025-12-05 12:47:38,876-DEBUG-root-46952::webapp_internal::wait_blocker|2444:: Waiting blocker to continue...
2025-12-05 12:47:38,970-DEBUG-root-46952::webapp_internal::wait_blocker|2469:: Blocker status: False
2025-12-05 12:47:38,989-DEBUG-root-46952::webapp_internal::wait_blocker|2444:: Waiting blocker to continue...
2025-12-05 12:47:39,110-DEBUG-root-46952::webapp_internal::wait_blocker|2469:: Blocker status: False
2025-12-05 12:47:39,110-INFO-root-46952::webapp_internal::fill_search_browse|2399:: Filling: 02DF0001
2025-12-05 12:47:39,120-DEBUG-root-46952::base::click|192:: Click Type: ClickType.JS
2025-12-05 12:47:40,220-DEBUG-root-46952::webapp_internal::wait_blocker|2444:: Waiting blocker to continue...
2025-12-05 12:47:40,320-DEBUG-root-46952::webapp_internal::wait_blocker|2469:: Blocker status: False
2025-12-05 12:47:40,320-DEBUG-root-46952::base::double_click|259:: Click Type: ClickType.SELENIUM
2025-12-05 12:47:40,320-WARNING-root-46952::base::double_click|280:: Warning double_click method Exception: Message: Element <button class="button-image" type="button"> is not clickable at point (1258,360) because another element <wa-button id="COMP6023" class="dict-tbutton focus"> obscures it
Stacktrace:
RemoteError@chrome://remote/content/shared/RemoteError.sys.mjs:8:8
WebDriverError@chrome://remote/content/shared/webdriver/Errors.sys.mjs:202:5
ElementClickInterceptedError@chrome://remote/content/shared/webdriver/Errors.sys.mjs:354:5
webdriverClickElement@chrome://remote/content/marionette/interaction.sys.mjs:175:11
interaction.clickElement@chrome://remote/content/marionette/interaction.sys.mjs:134:11
clickElement@chrome://remote/content/marionette/actors/MarionetteCommandsChild.sys.mjs:327:29
receiveMessage@chrome://remote/content/marionette/actors/MarionetteCommandsChild.sys.mjs:210:31

2025-12-05 12:47:40,610-INFO-root-46952::webapp_internal::SetButton|4444:: Clicking on OK
2025-12-05 12:47:40,610-DEBUG-root-46952::webapp_internal::wait_blocker|2444:: Waiting blocker to continue...
2025-12-05 12:47:40,710-DEBUG-root-46952::webapp_internal::wait_blocker|2469:: Blocker status: False
2025-12-05 12:47:41,000-DEBUG-root-46952::webapp_internal::wait_element_timeout|7726:: Element found! Waiting for element to be displayed.
2025-12-05 12:47:41,190-DEBUG-root-46952::webapp_internal::SetButton|4481:: ***System Info*** Before Clicking on button:OK
2025-12-05 12:47:41,190-DEBUG-root-46952::psutil_info::system_info|5:: CPU USAGE: 9.8%
2025-12-05 12:47:41,193-DEBUG-root-46952::psutil_info::system_info|6:: MEMORY USAGE: 89.4%
2025-12-05 12:47:41,193-DEBUG-root-46952::psutil_info::system_info|7:: MEMORY AVAILABLE: 10.59%
2025-12-05 12:47:41,504-DEBUG-root-46952::webapp_internal::wait_element_timeout|7726:: Element found! Waiting for element to be displayed.
2025-12-05 12:47:41,727-DEBUG-root-46952::webapp_internal::wait_blocker|2444:: Waiting blocker to continue...
2025-12-05 12:47:41,840-DEBUG-root-46952::webapp_internal::wait_blocker|2469:: Blocker status: False
2025-12-05 12:47:41,880-DEBUG-root-46952::webapp_internal::wait_blocker|2444:: Waiting blocker to continue...
2025-12-05 12:47:41,972-DEBUG-root-46952::webapp_internal::wait_blocker|2469:: Blocker status: False
2025-12-05 12:47:41,972-DEBUG-root-46952::webapp_internal::send_action|10480:: Trying to send action
2025-12-05 12:47:41,972-DEBUG-root-46952::base::click|192:: Click Type: ClickType.JS
2025-12-05 12:47:44,380-DEBUG-root-46952::webapp_internal::send_action|10522:: send_action method result = True
2025-12-05 12:47:44,380-DEBUG-root-46952::webapp_internal::send_action|10523:: send_action selenium status: True
2025-12-05 12:47:44,380-DEBUG-root-46952::webapp_internal::SetButton|4683:: ***System Info*** After Clicking on button:
2025-12-05 12:47:44,380-DEBUG-root-46952::psutil_info::system_info|5:: CPU USAGE: 9.1%
2025-12-05 12:47:44,380-DEBUG-root-46952::psutil_info::system_info|6:: MEMORY USAGE: 89.3%
2025-12-05 12:47:44,380-DEBUG-root-46952::psutil_info::system_info|7:: MEMORY AVAILABLE: 10.7%
2025-12-05 12:47:44,585-INFO-root-46952::webapp_internal::WaitShow|4980:: Waiting show text 'Solicitacoes de Viagens - INCLUIR'...
2025-12-05 12:47:44,793-INFO-root-46952::webapp_internal::WaitShow|4996:: Text found! 
2025-12-05 12:47:44,793-DEBUG-root-46952::webapp_internal::wait_blocker|2444:: Waiting blocker to continue...
2025-12-05 12:47:44,920-DEBUG-root-46952::webapp_internal::wait_blocker|2469:: Blocker status: False
2025-12-05 12:47:44,920-DEBUG-root-46952::webapp_internal::wait_element|7623:: Waiting for element
2025-12-05 12:47:45,001-DEBUG-root-46952::webapp_internal::wait_element|7653:: Element found! Waiting for element to be displayed.
2025-12-05 12:47:45,080-INFO-root-46952::webapp_internal::input_value|2941:: Looking for element: ZV3_DESCRI
2025-12-05 12:47:45,278-INFO-root-46952::webapp_internal::input_value|2951:: Element: ZV3_DESCRI Found!
2025-12-05 12:47:45,278-INFO-root-46952::webapp_internal::input_value|2953:: Filling element: ZV3_DESCRI
2025-12-05 12:47:45,305-DEBUG-root-46952::webapp_internal::get_web_value|3232:: Current value:                                                   
2025-12-05 12:47:45,333-DEBUG-root-46952::base::double_click|259:: Click Type: ClickType.SELENIUM
2025-12-05 12:47:45,608-DEBUG-root-46952::webapp_internal::wait_blocker|2444:: Waiting blocker to continue...
2025-12-05 12:47:45,770-DEBUG-root-46952::webapp_internal::wait_blocker|2469:: Blocker status: False
2025-12-05 12:47:46,120-DEBUG-root-46952::webapp_internal::get_web_value|3232:: Current value: USO PARA TESTE AUTOMATIZADO                       
2025-12-05 12:47:46,120-INFO-root-46952::webapp_internal::input_value|3059:: Current field value: USO PARA TESTE AUTOMATIZADO
2025-12-05 12:47:46,155-DEBUG-root-46952::webapp_internal::wait_blocker|2444:: Waiting blocker to continue...
2025-12-05 12:47:46,290-DEBUG-root-46952::webapp_internal::wait_blocker|2469:: Blocker status: False
2025-12-05 12:47:46,290-DEBUG-root-46952::webapp_internal::wait_element|7623:: Waiting for element
2025-12-05 12:47:46,365-DEBUG-root-46952::webapp_internal::wait_element|7653:: Element found! Waiting for element to be displayed.
2025-12-05 12:47:46,435-INFO-root-46952::webapp_internal::input_value|2941:: Looking for element: ZV3_DTINI
2025-12-05 12:47:46,585-INFO-root-46952::webapp_internal::input_value|2951:: Element: ZV3_DTINI Found!
2025-12-05 12:47:46,590-INFO-root-46952::webapp_internal::input_value|2953:: Filling element: ZV3_DTINI
2025-12-05 12:47:46,623-DEBUG-root-46952::webapp_internal::get_web_value|3232:: Current value:   /  /    
2025-12-05 12:47:46,660-DEBUG-root-46952::base::double_click|259:: Click Type: ClickType.SELENIUM
2025-12-05 12:47:46,930-DEBUG-root-46952::webapp_internal::wait_blocker|2444:: Waiting blocker to continue...
2025-12-05 12:47:47,052-DEBUG-root-46952::webapp_internal::wait_blocker|2469:: Blocker status: False
2025-12-05 12:47:47,378-DEBUG-root-46952::webapp_internal::get_web_value|3232:: Current value: 20/12/2025
2025-12-05 12:47:47,378-INFO-root-46952::webapp_internal::input_value|3059:: Current field value: 20122025
2025-12-05 12:47:47,390-DEBUG-root-46952::webapp_internal::wait_blocker|2444:: Waiting blocker to continue...
2025-12-05 12:47:47,520-DEBUG-root-46952::webapp_internal::wait_blocker|2469:: Blocker status: False
2025-12-05 12:47:47,520-DEBUG-root-46952::webapp_internal::wait_element|7623:: Waiting for element
2025-12-05 12:47:47,600-DEBUG-root-46952::webapp_internal::wait_element|7653:: Element found! Waiting for element to be displayed.
2025-12-05 12:47:47,676-INFO-root-46952::webapp_internal::input_value|2941:: Looking for element: ZV3_DTFIM
2025-12-05 12:47:47,846-INFO-root-46952::webapp_internal::input_value|2951:: Element: ZV3_DTFIM Found!
2025-12-05 12:47:47,846-INFO-root-46952::webapp_internal::input_value|2953:: Filling element: ZV3_DTFIM
2025-12-05 12:47:47,884-DEBUG-root-46952::webapp_internal::get_web_value|3232:: Current value:   /  /    
2025-12-05 12:47:47,920-DEBUG-root-46952::base::double_click|259:: Click Type: ClickType.SELENIUM
2025-12-05 12:47:48,174-DEBUG-root-46952::webapp_internal::wait_blocker|2444:: Waiting blocker to continue...
2025-12-05 12:47:48,298-DEBUG-root-46952::webapp_internal::wait_blocker|2469:: Blocker status: False
2025-12-05 12:47:48,624-DEBUG-root-46952::webapp_internal::get_web_value|3232:: Current value: 27/12/2025
2025-12-05 12:47:48,624-INFO-root-46952::webapp_internal::input_value|3059:: Current field value: 27122025
2025-12-05 12:47:49,638-DEBUG-root-46952::webapp_internal::wait_blocker|2444:: Waiting blocker to continue...
2025-12-05 12:47:49,781-DEBUG-root-46952::webapp_internal::wait_blocker|2469:: Blocker status: False
2025-12-05 12:47:49,781-DEBUG-root-46952::webapp_internal::wait_element|7623:: Waiting for element
2025-12-05 12:47:49,851-DEBUG-root-46952::webapp_internal::wait_element|7653:: Element found! Waiting for element to be displayed.
2025-12-05 12:47:49,933-INFO-root-46952::webapp_internal::input_value|2941:: Looking for element: ZV3_CC
2025-12-05 12:47:50,119-INFO-root-46952::webapp_internal::input_value|2951:: Element: ZV3_CC Found!
2025-12-05 12:47:50,119-INFO-root-46952::webapp_internal::input_value|2953:: Filling element: ZV3_CC
2025-12-05 12:47:50,137-DEBUG-root-46952::webapp_internal::get_web_value|3232:: Current value:          
2025-12-05 12:47:50,173-DEBUG-root-46952::base::double_click|259:: Click Type: ClickType.SELENIUM
2025-12-05 12:47:50,444-DEBUG-root-46952::webapp_internal::wait_blocker|2444:: Waiting blocker to continue...
2025-12-05 12:47:50,602-DEBUG-root-46952::webapp_internal::wait_blocker|2469:: Blocker status: False
2025-12-05 12:47:50,924-DEBUG-root-46952::webapp_internal::get_web_value|3232:: Current value: 000000677
2025-12-05 12:47:50,924-INFO-root-46952::webapp_internal::input_value|3059:: Current field value: 000000677
2025-12-05 12:47:50,942-DEBUG-root-46952::webapp_internal::wait_blocker|2444:: Waiting blocker to continue...
2025-12-05 12:47:51,083-DEBUG-root-46952::webapp_internal::wait_blocker|2469:: Blocker status: False
2025-12-05 12:47:51,083-DEBUG-root-46952::webapp_internal::wait_element|7623:: Waiting for element
2025-12-05 12:47:51,173-DEBUG-root-46952::webapp_internal::wait_element|7653:: Element found! Waiting for element to be displayed.
2025-12-05 12:47:51,234-INFO-root-46952::webapp_internal::input_value|2941:: Looking for element: ZV3_TIPO
2025-12-05 12:47:51,408-INFO-root-46952::webapp_internal::input_value|2951:: Element: ZV3_TIPO Found!
2025-12-05 12:47:51,408-INFO-root-46952::webapp_internal::input_value|2953:: Filling element: ZV3_TIPO
2025-12-05 12:47:52,588-INFO-root-46952::base::select_combo|871:: Selected value for combo is: 1 - Servico
2025-12-05 12:47:52,618-DEBUG-root-46952::webapp_internal::wait_blocker|2444:: Waiting blocker to continue...
2025-12-05 12:47:52,764-DEBUG-root-46952::webapp_internal::wait_blocker|2469:: Blocker status: False
2025-12-05 12:47:52,764-DEBUG-root-46952::webapp_internal::wait_element|7623:: Waiting for element
2025-12-05 12:47:52,857-DEBUG-root-46952::webapp_internal::wait_element|7653:: Element found! Waiting for element to be displayed.
2025-12-05 12:47:52,926-INFO-root-46952::webapp_internal::input_value|2941:: Looking for element: ZV3_OBS
2025-12-05 12:47:53,079-INFO-root-46952::webapp_internal::input_value|2951:: Element: ZV3_OBS Found!
2025-12-05 12:47:53,079-INFO-root-46952::webapp_internal::input_value|2953:: Filling element: ZV3_OBS
2025-12-05 12:47:53,113-DEBUG-root-46952::webapp_internal::get_web_value|3232:: Current value: 
2025-12-05 12:47:53,118-DEBUG-root-46952::base::double_click|259:: Click Type: ClickType.SELENIUM
2025-12-05 12:47:53,391-DEBUG-root-46952::webapp_internal::wait_blocker|2444:: Waiting blocker to continue...
2025-12-05 12:47:53,514-DEBUG-root-46952::webapp_internal::wait_blocker|2469:: Blocker status: False
2025-12-05 12:47:53,839-DEBUG-root-46952::webapp_internal::get_web_value|3232:: Current value: TESTE DE SOLICITAÇÃO DE VIAGEM
2025-12-05 12:47:53,839-INFO-root-46952::webapp_internal::input_value|3059:: Current field value: TESTE DE SOLICITAÇÃO DE VIAGEM
2025-12-05 12:47:53,859-DEBUG-root-46952::webapp_internal::wait_blocker|2444:: Waiting blocker to continue...
2025-12-05 12:47:53,991-DEBUG-root-46952::webapp_internal::wait_blocker|2469:: Blocker status: False
2025-12-05 12:47:53,991-INFO-root-46952::webapp_internal::SetKey|5822:: Key pressed: TAB
2025-12-05 12:47:53,991-DEBUG-root-46952::webapp_internal::SetKey|5857:: Trying press key
2025-12-05 12:47:54,122-DEBUG-root-46952::webapp_internal::wait_blocker|2444:: Waiting blocker to continue...
2025-12-05 12:47:54,244-DEBUG-root-46952::webapp_internal::wait_blocker|2469:: Blocker status: False
2025-12-05 12:47:54,271-DEBUG-root-46952::webapp_internal::wait_blocker|2444:: Waiting blocker to continue...
2025-12-05 12:47:54,436-DEBUG-root-46952::webapp_internal::wait_blocker|2469:: Blocker status: False
2025-12-05 12:47:54,436-DEBUG-root-46952::webapp_internal::send_action|10480:: Trying to send action
2025-12-05 12:47:55,512-DEBUG-root-46952::webapp_internal::send_action|10522:: send_action method result = True
2025-12-05 12:47:55,512-DEBUG-root-46952::webapp_internal::send_action|10523:: send_action selenium status: False
2025-12-05 12:47:55,512-DEBUG-root-46952::webapp_internal::wait_element|7623:: Waiting for element
2025-12-05 12:47:55,605-DEBUG-root-46952::webapp_internal::wait_element|7653:: Element found! Waiting for element to be displayed.
2025-12-05 12:47:55,859-DEBUG-root-46952::webapp_internal::wait_blocker|2444:: Waiting blocker to continue...
2025-12-05 12:47:55,999-DEBUG-root-46952::webapp_internal::wait_blocker|2469:: Blocker status: False
2025-12-05 12:47:55,999-INFO-root-46952::webapp_internal::LoadGrid|6298:: Filling grid field: Favorecido
2025-12-05 12:47:55,999-DEBUG-root-46952::webapp_internal::fill_grid|6399:: Grid loading...
2025-12-05 12:47:56,164-DEBUG-root-46952::webapp_internal::fill_grid|6466:: Column found!
2025-12-05 12:47:56,205-DEBUG-root-46952::base::click|192:: Click Type: ClickType.ACTIONCHAINS
2025-12-05 12:47:56,498-DEBUG-root-46952::webapp_internal::fill_grid|6486:: Trying to select cell in grid!
2025-12-05 12:47:56,498-DEBUG-root-46952::base::click|192:: Click Type: ClickType.ACTIONCHAINS
2025-12-05 12:47:56,775-DEBUG-root-46952::webapp_internal::fill_grid|6486:: Trying to select cell in grid!
2025-12-05 12:47:56,775-DEBUG-root-46952::base::click|192:: Click Type: ClickType.ACTIONCHAINS
2025-12-05 12:47:57,059-DEBUG-root-46952::webapp_internal::fill_grid|6486:: Trying to select cell in grid!
2025-12-05 12:47:57,059-DEBUG-root-46952::base::click|192:: Click Type: ClickType.ACTIONCHAINS
2025-12-05 12:47:57,339-DEBUG-root-46952::webapp_internal::fill_grid|6486:: Trying to select cell in grid!
2025-12-05 12:47:57,341-DEBUG-root-46952::base::click|192:: Click Type: ClickType.ACTIONCHAINS
2025-12-05 12:47:57,594-DEBUG-root-46952::webapp_internal::fill_grid|6486:: Trying to select cell in grid!
2025-12-05 12:47:57,594-DEBUG-root-46952::base::click|192:: Click Type: ClickType.ACTIONCHAINS
2025-12-05 12:47:57,902-DEBUG-root-46952::webapp_internal::fill_grid|6486:: Trying to select cell in grid!
2025-12-05 12:47:57,902-DEBUG-root-46952::base::click|192:: Click Type: ClickType.ACTIONCHAINS
2025-12-05 12:47:58,170-DEBUG-root-46952::webapp_internal::fill_grid|6486:: Trying to select cell in grid!
2025-12-05 12:47:58,177-DEBUG-root-46952::base::click|192:: Click Type: ClickType.ACTIONCHAINS
2025-12-05 12:47:58,436-DEBUG-root-46952::webapp_internal::fill_grid|6486:: Trying to select cell in grid!
2025-12-05 12:47:58,436-DEBUG-root-46952::base::click|192:: Click Type: ClickType.ACTIONCHAINS
2025-12-05 12:47:58,732-DEBUG-root-46952::webapp_internal::fill_grid|6486:: Trying to select cell in grid!
2025-12-05 12:47:58,732-DEBUG-root-46952::base::click|192:: Click Type: ClickType.ACTIONCHAINS
2025-12-05 12:47:59,002-DEBUG-root-46952::webapp_internal::fill_grid|6486:: Trying to select cell in grid!
2025-12-05 12:47:59,002-DEBUG-root-46952::base::click|192:: Click Type: ClickType.ACTIONCHAINS
2025-12-05 12:47:59,275-DEBUG-root-46952::webapp_internal::fill_grid|6486:: Trying to select cell in grid!
2025-12-05 12:47:59,285-DEBUG-root-46952::base::click|192:: Click Type: ClickType.ACTIONCHAINS
2025-12-05 12:47:59,569-DEBUG-root-46952::webapp_internal::fill_grid|6486:: Trying to select cell in grid!
2025-12-05 12:47:59,569-DEBUG-root-46952::base::click|192:: Click Type: ClickType.ACTIONCHAINS
2025-12-05 12:47:59,858-DEBUG-root-46952::webapp_internal::fill_grid|6486:: Trying to select cell in grid!
2025-12-05 12:47:59,868-DEBUG-root-46952::base::click|192:: Click Type: ClickType.ACTIONCHAINS
2025-12-05 12:48:00,143-DEBUG-root-46952::webapp_internal::fill_grid|6486:: Trying to select cell in grid!
2025-12-05 12:48:00,143-DEBUG-root-46952::base::click|192:: Click Type: ClickType.ACTIONCHAINS
2025-12-05 12:48:00,437-DEBUG-root-46952::webapp_internal::fill_grid|6486:: Trying to select cell in grid!
2025-12-05 12:48:00,448-DEBUG-root-46952::base::click|192:: Click Type: ClickType.ACTIONCHAINS
2025-12-05 12:48:00,725-DEBUG-root-46952::webapp_internal::fill_grid|6486:: Trying to select cell in grid!
2025-12-05 12:48:00,725-DEBUG-root-46952::base::click|192:: Click Type: ClickType.ACTIONCHAINS
2025-12-05 12:48:01,008-DEBUG-root-46952::webapp_internal::fill_grid|6486:: Trying to select cell in grid!
2025-12-05 12:48:01,019-DEBUG-root-46952::base::click|192:: Click Type: ClickType.ACTIONCHAINS
2025-12-05 12:48:01,293-DEBUG-root-46952::webapp_internal::fill_grid|6486:: Trying to select cell in grid!
2025-12-05 12:48:01,293-DEBUG-root-46952::base::click|192:: Click Type: ClickType.ACTIONCHAINS
2025-12-05 12:48:01,575-DEBUG-root-46952::webapp_internal::fill_grid|6486:: Trying to select cell in grid!
2025-12-05 12:48:01,586-DEBUG-root-46952::base::click|192:: Click Type: ClickType.ACTIONCHAINS
2025-12-05 12:48:01,859-DEBUG-root-46952::webapp_internal::fill_grid|6486:: Trying to select cell in grid!
2025-12-05 12:48:01,859-DEBUG-root-46952::base::click|192:: Click Type: ClickType.ACTIONCHAINS
2025-12-05 12:48:02,129-DEBUG-root-46952::webapp_internal::fill_grid|6486:: Trying to select cell in grid!
2025-12-05 12:48:02,129-DEBUG-root-46952::base::click|192:: Click Type: ClickType.ACTIONCHAINS
2025-12-05 12:48:02,403-DEBUG-root-46952::webapp_internal::fill_grid|6486:: Trying to select cell in grid!
2025-12-05 12:48:02,403-DEBUG-root-46952::base::click|192:: Click Type: ClickType.ACTIONCHAINS
2025-12-05 12:48:02,685-DEBUG-root-46952::webapp_internal::fill_grid|6486:: Trying to select cell in grid!
2025-12-05 12:48:02,685-DEBUG-root-46952::base::click|192:: Click Type: ClickType.ACTIONCHAINS
2025-12-05 12:48:02,954-DEBUG-root-46952::webapp_internal::fill_grid|6486:: Trying to select cell in grid!
2025-12-05 12:48:02,954-DEBUG-root-46952::base::click|192:: Click Type: ClickType.ACTIONCHAINS
2025-12-05 12:48:03,220-DEBUG-root-46952::webapp_internal::fill_grid|6486:: Trying to select cell in grid!
2025-12-05 12:48:03,220-DEBUG-root-46952::base::click|192:: Click Type: ClickType.ACTIONCHAINS
2025-12-05 12:48:03,497-DEBUG-root-46952::webapp_internal::fill_grid|6486:: Trying to select cell in grid!
2025-12-05 12:48:03,497-DEBUG-root-46952::base::click|192:: Click Type: ClickType.ACTIONCHAINS
2025-12-05 12:48:03,792-DEBUG-root-46952::webapp_internal::fill_grid|6486:: Trying to select cell in grid!
2025-12-05 12:48:03,792-DEBUG-root-46952::base::click|192:: Click Type: ClickType.ACTIONCHAINS
2025-12-05 12:48:04,087-DEBUG-root-46952::webapp_internal::fill_grid|6486:: Trying to select cell in grid!
2025-12-05 12:48:04,087-DEBUG-root-46952::base::click|192:: Click Type: ClickType.ACTIONCHAINS
2025-12-05 12:48:04,357-DEBUG-root-46952::webapp_internal::fill_grid|6486:: Trying to select cell in grid!
2025-12-05 12:48:04,360-DEBUG-root-46952::base::click|192:: Click Type: ClickType.ACTIONCHAINS
2025-12-05 12:48:04,643-DEBUG-root-46952::webapp_internal::fill_grid|6486:: Trying to select cell in grid!
2025-12-05 12:48:04,643-DEBUG-root-46952::base::click|192:: Click Type: ClickType.ACTIONCHAINS
2025-12-05 12:48:04,937-DEBUG-root-46952::webapp_internal::fill_grid|6486:: Trying to select cell in grid!
2025-12-05 12:48:04,944-DEBUG-root-46952::base::click|192:: Click Type: ClickType.ACTIONCHAINS
2025-12-05 12:48:05,208-DEBUG-root-46952::webapp_internal::fill_grid|6486:: Trying to select cell in grid!
2025-12-05 12:48:05,208-DEBUG-root-46952::base::click|192:: Click Type: ClickType.ACTIONCHAINS
2025-12-05 12:48:05,483-DEBUG-root-46952::webapp_internal::fill_grid|6486:: Trying to select cell in grid!
2025-12-05 12:48:05,483-DEBUG-root-46952::base::click|192:: Click Type: ClickType.ACTIONCHAINS
2025-12-05 12:48:05,776-DEBUG-root-46952::webapp_internal::fill_grid|6486:: Trying to select cell in grid!
2025-12-05 12:48:05,776-DEBUG-root-46952::base::click|192:: Click Type: ClickType.ACTIONCHAINS
2025-12-05 12:48:06,054-DEBUG-root-46952::webapp_internal::fill_grid|6486:: Trying to select cell in grid!
2025-12-05 12:48:06,061-DEBUG-root-46952::base::click|192:: Click Type: ClickType.ACTIONCHAINS
2025-12-05 12:48:06,354-DEBUG-root-46952::webapp_internal::fill_grid|6486:: Trying to select cell in grid!
2025-12-05 12:48:06,356-DEBUG-root-46952::base::click|192:: Click Type: ClickType.ACTIONCHAINS
2025-12-05 12:48:06,611-DEBUG-root-46952::webapp_internal::fill_grid|6486:: Trying to select cell in grid!
2025-12-05 12:48:06,624-DEBUG-root-46952::base::click|192:: Click Type: ClickType.ACTIONCHAINS
2025-12-05 12:48:06,887-DEBUG-root-46952::webapp_internal::fill_grid|6486:: Trying to select cell in grid!
2025-12-05 12:48:06,887-DEBUG-root-46952::base::click|192:: Click Type: ClickType.ACTIONCHAINS
2025-12-05 12:48:07,154-DEBUG-root-46952::webapp_internal::fill_grid|6486:: Trying to select cell in grid!
2025-12-05 12:48:07,154-DEBUG-root-46952::base::click|192:: Click Type: ClickType.ACTIONCHAINS
2025-12-05 12:48:07,432-DEBUG-root-46952::webapp_internal::fill_grid|6486:: Trying to select cell in grid!
2025-12-05 12:48:07,432-DEBUG-root-46952::base::click|192:: Click Type: ClickType.ACTIONCHAINS
2025-12-05 12:48:07,727-DEBUG-root-46952::webapp_internal::fill_grid|6486:: Trying to select cell in grid!
2025-12-05 12:48:07,727-DEBUG-root-46952::base::click|192:: Click Type: ClickType.ACTIONCHAINS
2025-12-05 12:48:08,009-DEBUG-root-46952::webapp_internal::fill_grid|6486:: Trying to select cell in grid!
2025-12-05 12:48:08,019-DEBUG-root-46952::base::click|192:: Click Type: ClickType.ACTIONCHAINS
2025-12-05 12:48:08,300-DEBUG-root-46952::webapp_internal::fill_grid|6486:: Trying to select cell in grid!
2025-12-05 12:48:08,302-DEBUG-root-46952::base::click|192:: Click Type: ClickType.ACTIONCHAINS
2025-12-05 12:48:08,592-DEBUG-root-46952::webapp_internal::fill_grid|6486:: Trying to select cell in grid!
2025-12-05 12:48:08,592-DEBUG-root-46952::base::click|192:: Click Type: ClickType.ACTIONCHAINS
2025-12-05 12:48:08,875-DEBUG-root-46952::webapp_internal::fill_grid|6486:: Trying to select cell in grid!
2025-12-05 12:48:08,875-DEBUG-root-46952::base::click|192:: Click Type: ClickType.ACTIONCHAINS
2025-12-05 12:48:09,169-DEBUG-root-46952::webapp_internal::fill_grid|6486:: Trying to select cell in grid!
2025-12-05 12:48:09,171-DEBUG-root-46952::base::click|192:: Click Type: ClickType.ACTIONCHAINS
2025-12-05 12:48:09,433-DEBUG-root-46952::webapp_internal::fill_grid|6486:: Trying to select cell in grid!
2025-12-05 12:48:09,433-DEBUG-root-46952::base::click|192:: Click Type: ClickType.ACTIONCHAINS
2025-12-05 12:48:09,730-DEBUG-root-46952::webapp_internal::fill_grid|6486:: Trying to select cell in grid!
2025-12-05 12:48:09,730-DEBUG-root-46952::base::click|192:: Click Type: ClickType.ACTIONCHAINS
2025-12-05 12:48:10,003-DEBUG-root-46952::webapp_internal::fill_grid|6486:: Trying to select cell in grid!
2025-12-05 12:48:10,003-DEBUG-root-46952::base::click|192:: Click Type: ClickType.ACTIONCHAINS
2025-12-05 12:48:10,275-DEBUG-root-46952::webapp_internal::fill_grid|6486:: Trying to select cell in grid!
2025-12-05 12:48:10,287-DEBUG-root-46952::base::click|192:: Click Type: ClickType.ACTIONCHAINS
2025-12-05 12:48:10,565-DEBUG-root-46952::webapp_internal::fill_grid|6486:: Trying to select cell in grid!
2025-12-05 12:48:10,565-DEBUG-root-46952::base::click|192:: Click Type: ClickType.ACTIONCHAINS
2025-12-05 12:48:10,865-DEBUG-root-46952::webapp_internal::fill_grid|6486:: Trying to select cell in grid!
2025-12-05 12:48:10,876-DEBUG-root-46952::base::click|192:: Click Type: ClickType.ACTIONCHAINS
2025-12-05 12:48:11,171-DEBUG-root-46952::webapp_internal::fill_grid|6486:: Trying to select cell in grid!
2025-12-05 12:48:11,171-DEBUG-root-46952::base::click|192:: Click Type: ClickType.ACTIONCHAINS
2025-12-05 12:48:11,434-DEBUG-root-46952::webapp_internal::fill_grid|6486:: Trying to select cell in grid!
2025-12-05 12:48:11,434-DEBUG-root-46952::base::click|192:: Click Type: ClickType.ACTIONCHAINS
2025-12-05 12:48:11,722-DEBUG-root-46952::webapp_internal::fill_grid|6486:: Trying to select cell in grid!
2025-12-05 12:48:11,722-DEBUG-root-46952::base::click|192:: Click Type: ClickType.ACTIONCHAINS
2025-12-05 12:48:11,992-DEBUG-root-46952::webapp_internal::fill_grid|6486:: Trying to select cell in grid!
2025-12-05 12:48:12,004-DEBUG-root-46952::base::click|192:: Click Type: ClickType.ACTIONCHAINS
2025-12-05 12:48:12,289-DEBUG-root-46952::webapp_internal::fill_grid|6486:: Trying to select cell in grid!
2025-12-05 12:48:12,289-DEBUG-root-46952::base::click|192:: Click Type: ClickType.ACTIONCHAINS
2025-12-05 12:48:12,565-DEBUG-root-46952::webapp_internal::fill_grid|6486:: Trying to select cell in grid!
2025-12-05 12:48:12,565-DEBUG-root-46952::base::click|192:: Click Type: ClickType.ACTIONCHAINS
2025-12-05 12:48:12,860-DEBUG-root-46952::webapp_internal::fill_grid|6486:: Trying to select cell in grid!
2025-12-05 12:48:12,873-DEBUG-root-46952::base::click|192:: Click Type: ClickType.ACTIONCHAINS
2025-12-05 12:48:13,137-DEBUG-root-46952::webapp_internal::fill_grid|6486:: Trying to select cell in grid!
2025-12-05 12:48:13,137-DEBUG-root-46952::base::click|192:: Click Type: ClickType.ACTIONCHAINS
2025-12-05 12:48:13,400-DEBUG-root-46952::webapp_internal::fill_grid|6486:: Trying to select cell in grid!
2025-12-05 12:48:13,400-DEBUG-root-46952::base::click|192:: Click Type: ClickType.ACTIONCHAINS
2025-12-05 12:48:13,687-DEBUG-root-46952::webapp_internal::fill_grid|6486:: Trying to select cell in grid!
2025-12-05 12:48:13,687-DEBUG-root-46952::base::click|192:: Click Type: ClickType.ACTIONCHAINS
2025-12-05 12:48:13,976-DEBUG-root-46952::webapp_internal::fill_grid|6486:: Trying to select cell in grid!
2025-12-05 12:48:13,985-DEBUG-root-46952::base::click|192:: Click Type: ClickType.ACTIONCHAINS
2025-12-05 12:48:14,258-DEBUG-root-46952::webapp_internal::fill_grid|6486:: Trying to select cell in grid!
2025-12-05 12:48:14,269-DEBUG-root-46952::base::click|192:: Click Type: ClickType.ACTIONCHAINS
2025-12-05 12:48:14,539-DEBUG-root-46952::webapp_internal::fill_grid|6486:: Trying to select cell in grid!
2025-12-05 12:48:14,539-DEBUG-root-46952::base::click|192:: Click Type: ClickType.ACTIONCHAINS
2025-12-05 12:48:14,803-DEBUG-root-46952::webapp_internal::fill_grid|6486:: Trying to select cell in grid!
2025-12-05 12:48:14,803-DEBUG-root-46952::base::click|192:: Click Type: ClickType.ACTIONCHAINS
2025-12-05 12:48:15,102-DEBUG-root-46952::webapp_internal::fill_grid|6486:: Trying to select cell in grid!
2025-12-05 12:48:15,105-DEBUG-root-46952::base::click|192:: Click Type: ClickType.ACTIONCHAINS
2025-12-05 12:48:15,372-DEBUG-root-46952::webapp_internal::fill_grid|6486:: Trying to select cell in grid!
2025-12-05 12:48:15,375-DEBUG-root-46952::base::click|192:: Click Type: ClickType.ACTIONCHAINS
2025-12-05 12:48:15,653-DEBUG-root-46952::webapp_internal::fill_grid|6486:: Trying to select cell in grid!
2025-12-05 12:48:15,655-DEBUG-root-46952::base::click|192:: Click Type: ClickType.ACTIONCHAINS
2025-12-05 12:48:15,942-DEBUG-root-46952::webapp_internal::fill_grid|6486:: Trying to select cell in grid!
2025-12-05 12:48:15,942-DEBUG-root-46952::base::click|192:: Click Type: ClickType.ACTIONCHAINS
2025-12-05 12:48:16,237-DEBUG-root-46952::webapp_internal::fill_grid|6486:: Trying to select cell in grid!
2025-12-05 12:48:16,237-DEBUG-root-46952::base::click|192:: Click Type: ClickType.ACTIONCHAINS
2025-12-05 12:48:16,495-DEBUG-root-46952::webapp_internal::fill_grid|6486:: Trying to select cell in grid!
2025-12-05 12:48:16,495-DEBUG-root-46952::base::click|192:: Click Type: ClickType.ACTIONCHAINS
2025-12-05 12:48:16,791-DEBUG-root-46952::webapp_internal::fill_grid|6486:: Trying to select cell in grid!
2025-12-05 12:48:16,791-DEBUG-root-46952::base::click|192:: Click Type: ClickType.ACTIONCHAINS
2025-12-05 12:48:17,075-DEBUG-root-46952::webapp_internal::fill_grid|6486:: Trying to select cell in grid!
2025-12-05 12:48:17,087-DEBUG-root-46952::base::click|192:: Click Type: ClickType.ACTIONCHAINS
2025-12-05 12:48:17,367-DEBUG-root-46952::webapp_internal::fill_grid|6486:: Trying to select cell in grid!
2025-12-05 12:48:17,371-DEBUG-root-46952::base::click|192:: Click Type: ClickType.ACTIONCHAINS
2025-12-05 12:48:17,654-DEBUG-root-46952::webapp_internal::fill_grid|6486:: Trying to select cell in grid!
2025-12-05 12:48:17,656-DEBUG-root-46952::base::click|192:: Click Type: ClickType.ACTIONCHAINS
2025-12-05 12:48:17,921-DEBUG-root-46952::webapp_internal::fill_grid|6486:: Trying to select cell in grid!
2025-12-05 12:48:17,921-DEBUG-root-46952::base::click|192:: Click Type: ClickType.ACTIONCHAINS
2025-12-05 12:48:18,180-DEBUG-root-46952::webapp_internal::fill_grid|6486:: Trying to select cell in grid!
2025-12-05 12:48:18,180-DEBUG-root-46952::base::click|192:: Click Type: ClickType.ACTIONCHAINS
2025-12-05 12:48:18,471-DEBUG-root-46952::webapp_internal::fill_grid|6486:: Trying to select cell in grid!
2025-12-05 12:48:18,471-DEBUG-root-46952::base::click|192:: Click Type: ClickType.ACTIONCHAINS
2025-12-05 12:48:18,759-DEBUG-root-46952::webapp_internal::fill_grid|6486:: Trying to select cell in grid!
2025-12-05 12:48:18,773-DEBUG-root-46952::base::click|192:: Click Type: ClickType.ACTIONCHAINS
2025-12-05 12:48:19,035-DEBUG-root-46952::webapp_internal::fill_grid|6486:: Trying to select cell in grid!
2025-12-05 12:48:19,035-DEBUG-root-46952::base::click|192:: Click Type: ClickType.ACTIONCHAINS
2025-12-05 12:48:19,300-DEBUG-root-46952::webapp_internal::fill_grid|6486:: Trying to select cell in grid!
2025-12-05 12:48:19,300-DEBUG-root-46952::base::click|192:: Click Type: ClickType.ACTIONCHAINS
2025-12-05 12:48:19,587-DEBUG-root-46952::webapp_internal::fill_grid|6486:: Trying to select cell in grid!
2025-12-05 12:48:19,587-DEBUG-root-46952::base::click|192:: Click Type: ClickType.ACTIONCHAINS
2025-12-05 12:48:19,887-DEBUG-root-46952::webapp_internal::fill_grid|6486:: Trying to select cell in grid!
2025-12-05 12:48:19,887-DEBUG-root-46952::base::click|192:: Click Type: ClickType.ACTIONCHAINS
2025-12-05 12:48:20,144-DEBUG-root-46952::webapp_internal::fill_grid|6486:: Trying to select cell in grid!
2025-12-05 12:48:20,144-DEBUG-root-46952::base::click|192:: Click Type: ClickType.ACTIONCHAINS
2025-12-05 12:48:20,433-DEBUG-root-46952::webapp_internal::fill_grid|6486:: Trying to select cell in grid!
2025-12-05 12:48:20,445-DEBUG-root-46952::base::click|192:: Click Type: ClickType.ACTIONCHAINS
2025-12-05 12:48:20,721-DEBUG-root-46952::webapp_internal::fill_grid|6486:: Trying to select cell in grid!
2025-12-05 12:48:20,721-DEBUG-root-46952::base::click|192:: Click Type: ClickType.ACTIONCHAINS
2025-12-05 12:48:20,994-DEBUG-root-46952::webapp_internal::fill_grid|6486:: Trying to select cell in grid!
2025-12-05 12:48:20,994-DEBUG-root-46952::base::click|192:: Click Type: ClickType.ACTIONCHAINS
2025-12-05 12:48:21,267-DEBUG-root-46952::webapp_internal::fill_grid|6486:: Trying to select cell in grid!
2025-12-05 12:48:21,267-DEBUG-root-46952::base::click|192:: Click Type: ClickType.ACTIONCHAINS
2025-12-05 12:48:21,550-DEBUG-root-46952::webapp_internal::fill_grid|6486:: Trying to select cell in grid!
2025-12-05 12:48:21,550-DEBUG-root-46952::base::click|192:: Click Type: ClickType.ACTIONCHAINS
2025-12-05 12:48:21,855-DEBUG-root-46952::webapp_internal::fill_grid|6486:: Trying to select cell in grid!
2025-12-05 12:48:21,855-DEBUG-root-46952::base::click|192:: Click Type: ClickType.ACTIONCHAINS
2025-12-05 12:48:22,121-DEBUG-root-46952::webapp_internal::fill_grid|6486:: Trying to select cell in grid!
2025-12-05 12:48:22,121-DEBUG-root-46952::base::click|192:: Click Type: ClickType.ACTIONCHAINS
2025-12-05 12:48:22,418-DEBUG-root-46952::webapp_internal::fill_grid|6486:: Trying to select cell in grid!
2025-12-05 12:48:22,418-DEBUG-root-46952::base::click|192:: Click Type: ClickType.ACTIONCHAINS
2025-12-05 12:48:22,708-DEBUG-root-46952::webapp_internal::fill_grid|6486:: Trying to select cell in grid!
2025-12-05 12:48:22,708-DEBUG-root-46952::base::click|192:: Click Type: ClickType.ACTIONCHAINS
2025-12-05 12:48:22,992-DEBUG-root-46952::webapp_internal::fill_grid|6486:: Trying to select cell in grid!
2025-12-05 12:48:22,992-DEBUG-root-46952::base::click|192:: Click Type: ClickType.ACTIONCHAINS
2025-12-05 12:48:23,289-DEBUG-root-46952::webapp_internal::fill_grid|6486:: Trying to select cell in grid!
2025-12-05 12:48:23,289-DEBUG-root-46952::base::click|192:: Click Type: ClickType.ACTIONCHAINS
2025-12-05 12:48:23,572-DEBUG-root-46952::webapp_internal::fill_grid|6486:: Trying to select cell in grid!
2025-12-05 12:48:23,580-DEBUG-root-46952::base::click|192:: Click Type: ClickType.ACTIONCHAINS
2025-12-05 12:48:23,859-DEBUG-root-46952::webapp_internal::fill_grid|6486:: Trying to select cell in grid!
2025-12-05 12:48:23,870-DEBUG-root-46952::base::click|192:: Click Type: ClickType.ACTIONCHAINS
2025-12-05 12:48:24,154-DEBUG-root-46952::webapp_internal::fill_grid|6486:: Trying to select cell in grid!
2025-12-05 12:48:24,154-DEBUG-root-46952::base::click|192:: Click Type: ClickType.ACTIONCHAINS
2025-12-05 12:48:24,438-DEBUG-root-46952::webapp_internal::fill_grid|6486:: Trying to select cell in grid!
2025-12-05 12:48:24,438-DEBUG-root-46952::base::click|192:: Click Type: ClickType.ACTIONCHAINS
2025-12-05 12:48:24,738-DEBUG-root-46952::webapp_internal::fill_grid|6486:: Trying to select cell in grid!
2025-12-05 12:48:24,738-DEBUG-root-46952::base::click|192:: Click Type: ClickType.ACTIONCHAINS
2025-12-05 12:48:24,994-DEBUG-root-46952::webapp_internal::fill_grid|6486:: Trying to select cell in grid!
2025-12-05 12:48:24,994-DEBUG-root-46952::base::click|192:: Click Type: ClickType.ACTIONCHAINS
2025-12-05 12:48:25,277-DEBUG-root-46952::webapp_internal::fill_grid|6486:: Trying to select cell in grid!
2025-12-05 12:48:25,277-DEBUG-root-46952::base::click|192:: Click Type: ClickType.ACTIONCHAINS
2025-12-05 12:48:25,555-DEBUG-root-46952::webapp_internal::fill_grid|6486:: Trying to select cell in grid!
2025-12-05 12:48:25,556-DEBUG-root-46952::base::click|192:: Click Type: ClickType.ACTIONCHAINS
2025-12-05 12:48:25,812-DEBUG-root-46952::webapp_internal::fill_grid|6486:: Trying to select cell in grid!
2025-12-05 12:48:25,812-DEBUG-root-46952::base::click|192:: Click Type: ClickType.ACTIONCHAINS
2025-12-05 12:48:26,093-DEBUG-root-46952::webapp_internal::fill_grid|6486:: Trying to select cell in grid!
2025-12-05 12:48:26,104-DEBUG-root-46952::base::click|192:: Click Type: ClickType.ACTIONCHAINS
2025-12-05 12:48:26,381-DEBUG-root-46952::webapp_internal::fill_grid|6486:: Trying to select cell in grid!
2025-12-05 12:48:26,381-DEBUG-root-46952::base::click|192:: Click Type: ClickType.ACTIONCHAINS
2025-12-05 12:48:26,665-DEBUG-root-46952::webapp_internal::fill_grid|6486:: Trying to select cell in grid!
2025-12-05 12:48:26,665-DEBUG-root-46952::base::click|192:: Click Type: ClickType.ACTIONCHAINS
2025-12-05 12:48:26,939-DEBUG-root-46952::webapp_internal::fill_grid|6486:: Trying to select cell in grid!
2025-12-05 12:48:26,939-DEBUG-root-46952::base::click|192:: Click Type: ClickType.ACTIONCHAINS
2025-12-05 12:48:27,204-DEBUG-root-46952::webapp_internal::fill_grid|6486:: Trying to select cell in grid!
2025-12-05 12:48:27,204-DEBUG-root-46952::base::click|192:: Click Type: ClickType.ACTIONCHAINS
2025-12-05 12:48:27,470-DEBUG-root-46952::webapp_internal::fill_grid|6486:: Trying to select cell in grid!
2025-12-05 12:48:27,470-DEBUG-root-46952::base::click|192:: Click Type: ClickType.ACTIONCHAINS
2025-12-05 12:48:27,769-DEBUG-root-46952::webapp_internal::fill_grid|6486:: Trying to select cell in grid!
2025-12-05 12:48:27,769-DEBUG-root-46952::base::click|192:: Click Type: ClickType.ACTIONCHAINS
2025-12-05 12:48:28,037-DEBUG-root-46952::webapp_internal::fill_grid|6486:: Trying to select cell in grid!
2025-12-05 12:48:28,037-DEBUG-root-46952::base::click|192:: Click Type: ClickType.ACTIONCHAINS
2025-12-05 12:48:28,303-DEBUG-root-46952::webapp_internal::fill_grid|6486:: Trying to select cell in grid!
2025-12-05 12:48:28,303-DEBUG-root-46952::base::click|192:: Click Type: ClickType.ACTIONCHAINS
2025-12-05 12:48:28,576-DEBUG-root-46952::webapp_internal::fill_grid|6486:: Trying to select cell in grid!
2025-12-05 12:48:28,576-DEBUG-root-46952::base::click|192:: Click Type: ClickType.ACTIONCHAINS
2025-12-05 12:48:28,870-DEBUG-root-46952::webapp_internal::fill_grid|6486:: Trying to select cell in grid!
2025-12-05 12:48:28,870-DEBUG-root-46952::base::click|192:: Click Type: ClickType.ACTIONCHAINS
2025-12-05 12:48:29,127-DEBUG-root-46952::webapp_internal::fill_grid|6486:: Trying to select cell in grid!
2025-12-05 12:48:29,127-DEBUG-root-46952::base::click|192:: Click Type: ClickType.ACTIONCHAINS
2025-12-05 12:48:29,400-DEBUG-root-46952::webapp_internal::fill_grid|6486:: Trying to select cell in grid!
2025-12-05 12:48:29,400-DEBUG-root-46952::base::click|192:: Click Type: ClickType.ACTIONCHAINS
2025-12-05 12:48:29,687-DEBUG-root-46952::webapp_internal::fill_grid|6486:: Trying to select cell in grid!
2025-12-05 12:48:29,687-DEBUG-root-46952::base::click|192:: Click Type: ClickType.ACTIONCHAINS
2025-12-05 12:48:29,958-DEBUG-root-46952::webapp_internal::fill_grid|6486:: Trying to select cell in grid!
2025-12-05 12:48:29,958-DEBUG-root-46952::base::click|192:: Click Type: ClickType.ACTIONCHAINS
2025-12-05 12:48:30,242-DEBUG-root-46952::webapp_internal::fill_grid|6486:: Trying to select cell in grid!
2025-12-05 12:48:30,254-DEBUG-root-46952::base::click|192:: Click Type: ClickType.ACTIONCHAINS
2025-12-05 12:48:30,520-DEBUG-root-46952::webapp_internal::fill_grid|6486:: Trying to select cell in grid!
2025-12-05 12:48:30,520-DEBUG-root-46952::base::click|192:: Click Type: ClickType.ACTIONCHAINS
2025-12-05 12:48:30,804-DEBUG-root-46952::webapp_internal::fill_grid|6486:: Trying to select cell in grid!
2025-12-05 12:48:30,804-DEBUG-root-46952::base::click|192:: Click Type: ClickType.ACTIONCHAINS
2025-12-05 12:48:31,096-DEBUG-root-46952::webapp_internal::fill_grid|6486:: Trying to select cell in grid!
2025-12-05 12:48:31,102-DEBUG-root-46952::base::click|192:: Click Type: ClickType.ACTIONCHAINS
2025-12-05 12:48:31,383-DEBUG-root-46952::webapp_internal::fill_grid|6486:: Trying to select cell in grid!
2025-12-05 12:48:31,383-DEBUG-root-46952::base::click|192:: Click Type: ClickType.ACTIONCHAINS
2025-12-05 12:48:31,659-DEBUG-root-46952::webapp_internal::fill_grid|6486:: Trying to select cell in grid!
2025-12-05 12:48:31,659-DEBUG-root-46952::base::click|192:: Click Type: ClickType.ACTIONCHAINS
2025-12-05 12:48:31,937-DEBUG-root-46952::webapp_internal::fill_grid|6486:: Trying to select cell in grid!
2025-12-05 12:48:31,937-DEBUG-root-46952::base::click|192:: Click Type: ClickType.ACTIONCHAINS
2025-12-05 12:48:32,225-DEBUG-root-46952::webapp_internal::fill_grid|6486:: Trying to select cell in grid!
2025-12-05 12:48:32,236-DEBUG-root-46952::base::click|192:: Click Type: ClickType.ACTIONCHAINS
2025-12-05 12:48:32,510-DEBUG-root-46952::webapp_internal::fill_grid|6486:: Trying to select cell in grid!
2025-12-05 12:48:32,510-DEBUG-root-46952::base::click|192:: Click Type: ClickType.ACTIONCHAINS
2025-12-05 12:48:32,791-DEBUG-root-46952::webapp_internal::fill_grid|6486:: Trying to select cell in grid!
2025-12-05 12:48:32,804-DEBUG-root-46952::base::click|192:: Click Type: ClickType.ACTIONCHAINS
2025-12-05 12:48:33,076-DEBUG-root-46952::webapp_internal::fill_grid|6486:: Trying to select cell in grid!
2025-12-05 12:48:33,084-DEBUG-root-46952::base::click|192:: Click Type: ClickType.ACTIONCHAINS
2025-12-05 12:48:33,372-DEBUG-root-46952::webapp_internal::fill_grid|6486:: Trying to select cell in grid!
2025-12-05 12:48:33,374-DEBUG-root-46952::base::click|192:: Click Type: ClickType.ACTIONCHAINS
2025-12-05 12:48:33,630-DEBUG-root-46952::webapp_internal::fill_grid|6486:: Trying to select cell in grid!
2025-12-05 12:48:33,630-DEBUG-root-46952::base::click|192:: Click Type: ClickType.ACTIONCHAINS
2025-12-05 12:48:33,897-DEBUG-root-46952::webapp_internal::fill_grid|6486:: Trying to select cell in grid!
2025-12-05 12:48:33,897-DEBUG-root-46952::base::click|192:: Click Type: ClickType.ACTIONCHAINS
2025-12-05 12:48:34,176-DEBUG-root-46952::webapp_internal::fill_grid|6486:: Trying to select cell in grid!
2025-12-05 12:48:34,186-DEBUG-root-46952::base::click|192:: Click Type: ClickType.ACTIONCHAINS
2025-12-05 12:48:34,450-DEBUG-root-46952::webapp_internal::fill_grid|6486:: Trying to select cell in grid!
2025-12-05 12:48:34,450-DEBUG-root-46952::base::click|192:: Click Type: ClickType.ACTIONCHAINS
2025-12-05 12:48:34,729-DEBUG-root-46952::webapp_internal::fill_grid|6486:: Trying to select cell in grid!
2025-12-05 12:48:34,729-DEBUG-root-46952::base::click|192:: Click Type: ClickType.ACTIONCHAINS
2025-12-05 12:48:34,994-DEBUG-root-46952::webapp_internal::fill_grid|6486:: Trying to select cell in grid!
2025-12-05 12:48:34,994-DEBUG-root-46952::base::click|192:: Click Type: ClickType.ACTIONCHAINS
2025-12-05 12:48:35,276-DEBUG-root-46952::webapp_internal::fill_grid|6486:: Trying to select cell in grid!
2025-12-05 12:48:35,287-DEBUG-root-46952::base::click|192:: Click Type: ClickType.ACTIONCHAINS
2025-12-05 12:48:35,548-DEBUG-root-46952::webapp_internal::fill_grid|6486:: Trying to select cell in grid!
2025-12-05 12:48:35,548-DEBUG-root-46952::base::click|192:: Click Type: ClickType.ACTIONCHAINS
2025-12-05 12:48:35,843-DEBUG-root-46952::webapp_internal::fill_grid|6486:: Trying to select cell in grid!
2025-12-05 12:48:35,843-DEBUG-root-46952::base::click|192:: Click Type: ClickType.ACTIONCHAINS
2025-12-05 12:48:36,139-DEBUG-root-46952::webapp_internal::fill_grid|6486:: Trying to select cell in grid!
2025-12-05 12:48:36,141-DEBUG-root-46952::base::click|192:: Click Type: ClickType.ACTIONCHAINS
2025-12-05 12:48:36,405-DEBUG-root-46952::webapp_internal::fill_grid|6486:: Trying to select cell in grid!
2025-12-05 12:48:36,405-DEBUG-root-46952::base::click|192:: Click Type: ClickType.ACTIONCHAINS
2025-12-05 12:48:41,697-DEBUG-root-46952::webapp_internal::fill_grid|6498:: Trying open cell in grid!
2025-12-05 12:48:41,974-DEBUG-root-46952::webapp_internal::wait_blocker|2444:: Waiting blocker to continue...
2025-12-05 12:48:42,115-DEBUG-root-46952::webapp_internal::wait_blocker|2469:: Blocker status: False
2025-12-05 12:48:42,313-DEBUG-root-46952::webapp_internal::wait_element_timeout|7726:: Element found! Waiting for element to be displayed.
2025-12-05 12:48:42,670-DEBUG-root-46952::webapp_internal::fill_grid|6577:: Sending keys: 227884
2025-12-05 12:48:42,979-DEBUG-root-46952::webapp_internal::wait_blocker|2444:: Waiting blocker to continue...
2025-12-05 12:48:43,177-DEBUG-root-46952::webapp_internal::wait_blocker|2469:: Blocker status: False
2025-12-05 12:48:43,332-DEBUG-root-46952::webapp_internal::wait_element_timeout|7726:: Element found! Waiting for element to be displayed.
2025-12-05 12:48:43,638-INFO-root-46952::webapp_internal::ClickFolder|5081:: Clicking on folder: Transporte
2025-12-05 12:48:43,638-DEBUG-root-46952::webapp_internal::wait_blocker|2444:: Waiting blocker to continue...
2025-12-05 12:48:43,783-DEBUG-root-46952::webapp_internal::wait_blocker|2469:: Blocker status: False
2025-12-05 12:48:43,817-DEBUG-root-46952::webapp_internal::wait_element|7623:: Waiting for element
2025-12-05 12:48:44,090-DEBUG-root-46952::webapp_internal::wait_element|7653:: Element found! Waiting for element to be displayed.
2025-12-05 12:48:45,642-DEBUG-root-46952::webapp_internal::wait_blocker|2444:: Waiting blocker to continue...
2025-12-05 12:48:45,780-DEBUG-root-46952::webapp_internal::wait_blocker|2469:: Blocker status: False
2025-12-05 12:48:45,780-INFO-root-46952::webapp_internal::SetKey|5822:: Key pressed: TAB
2025-12-05 12:48:45,780-DEBUG-root-46952::webapp_internal::SetKey|5857:: Trying press key
2025-12-05 12:48:45,780-DEBUG-root-46952::webapp_internal::wait_element|7623:: Waiting for element
2025-12-05 12:48:45,902-DEBUG-root-46952::webapp_internal::wait_element|7653:: Element found! Waiting for element to be displayed.
2025-12-05 12:48:46,158-DEBUG-root-46952::webapp_internal::wait_blocker|2444:: Waiting blocker to continue...
2025-12-05 12:48:46,285-DEBUG-root-46952::webapp_internal::wait_blocker|2469:: Blocker status: False
2025-12-05 12:48:46,285-INFO-root-46952::webapp_internal::LoadGrid|6298:: Filling grid field: Tipo
2025-12-05 12:48:46,285-DEBUG-root-46952::webapp_internal::fill_grid|6399:: Grid loading...
2025-12-05 12:48:46,644-DEBUG-root-46952::webapp_internal::fill_grid|6466:: Column found!
2025-12-05 12:48:46,693-DEBUG-root-46952::base::click|192:: Click Type: ClickType.ACTIONCHAINS
2025-12-05 12:48:52,095-DEBUG-root-46952::webapp_internal::fill_grid|6498:: Trying open cell in grid!
2025-12-05 12:48:52,397-DEBUG-root-46952::webapp_internal::wait_blocker|2444:: Waiting blocker to continue...
2025-12-05 12:48:52,542-DEBUG-root-46952::webapp_internal::wait_blocker|2469:: Blocker status: False
2025-12-05 12:48:52,730-DEBUG-root-46952::webapp_internal::wait_element_timeout|7726:: Element found! Waiting for element to be displayed.
2025-12-05 12:48:54,111-INFO-root-46952::base::select_combo|871:: Selected value for combo is: 1 - Aereo
2025-12-05 12:48:54,264-DEBUG-root-46952::webapp_internal::wait_blocker|2444:: Waiting blocker to continue...
2025-12-05 12:48:54,402-DEBUG-root-46952::webapp_internal::wait_blocker|2469:: Blocker status: False
2025-12-05 12:48:54,451-DEBUG-root-46952::webapp_internal::wait_blocker|2444:: Waiting blocker to continue...
2025-12-05 12:48:54,581-DEBUG-root-46952::webapp_internal::wait_blocker|2469:: Blocker status: False
2025-12-05 12:48:54,581-DEBUG-root-46952::webapp_internal::send_action|10480:: Trying to send action
2025-12-05 12:48:55,621-DEBUG-root-46952::webapp_internal::send_action|10522:: send_action method result = True
2025-12-05 12:48:55,621-DEBUG-root-46952::webapp_internal::send_action|10523:: send_action selenium status: False
2025-12-05 12:48:55,621-DEBUG-root-46952::webapp_internal::wait_blocker|2444:: Waiting blocker to continue...
2025-12-05 12:48:55,750-DEBUG-root-46952::webapp_internal::wait_blocker|2469:: Blocker status: False
2025-12-05 12:48:55,750-INFO-root-46952::webapp_internal::SetKey|5822:: Key pressed: TAB
2025-12-05 12:48:55,750-DEBUG-root-46952::webapp_internal::SetKey|5857:: Trying press key
2025-12-05 12:48:55,750-DEBUG-root-46952::webapp_internal::wait_element|7623:: Waiting for element
2025-12-05 12:48:55,857-DEBUG-root-46952::webapp_internal::wait_element|7653:: Element found! Waiting for element to be displayed.
2025-12-05 12:48:56,119-DEBUG-root-46952::webapp_internal::wait_blocker|2444:: Waiting blocker to continue...
2025-12-05 12:48:56,234-DEBUG-root-46952::webapp_internal::wait_blocker|2469:: Blocker status: False
2025-12-05 12:48:56,234-INFO-root-46952::webapp_internal::LoadGrid|6298:: Filling grid field: Partida
2025-12-05 12:48:56,234-DEBUG-root-46952::webapp_internal::fill_grid|6399:: Grid loading...
2025-12-05 12:48:56,614-DEBUG-root-46952::webapp_internal::fill_grid|6466:: Column found!
2025-12-05 12:48:56,656-DEBUG-root-46952::base::click|192:: Click Type: ClickType.ACTIONCHAINS
2025-12-05 12:49:01,981-DEBUG-root-46952::webapp_internal::fill_grid|6498:: Trying open cell in grid!
2025-12-05 12:49:02,262-DEBUG-root-46952::webapp_internal::wait_blocker|2444:: Waiting blocker to continue...
2025-12-05 12:49:02,416-DEBUG-root-46952::webapp_internal::wait_blocker|2469:: Blocker status: False
2025-12-05 12:49:02,603-DEBUG-root-46952::webapp_internal::wait_element_timeout|7726:: Element found! Waiting for element to be displayed.
2025-12-05 12:49:02,947-DEBUG-root-46952::webapp_internal::fill_grid|6577:: Sending keys: 20/12/2025
2025-12-05 12:49:03,256-DEBUG-root-46952::webapp_internal::wait_blocker|2444:: Waiting blocker to continue...
2025-12-05 12:49:03,402-DEBUG-root-46952::webapp_internal::wait_blocker|2469:: Blocker status: False
2025-12-05 12:49:08,828-DEBUG-root-46952::webapp_internal::wait_blocker|2444:: Waiting blocker to continue...
2025-12-05 12:49:08,949-DEBUG-root-46952::webapp_internal::wait_blocker|2469:: Blocker status: False
2025-12-05 12:49:08,998-DEBUG-root-46952::webapp_internal::wait_blocker|2444:: Waiting blocker to continue...
2025-12-05 12:49:09,129-DEBUG-root-46952::webapp_internal::wait_blocker|2469:: Blocker status: False
2025-12-05 12:49:09,129-DEBUG-root-46952::webapp_internal::send_action|10480:: Trying to send action
2025-12-05 12:49:10,183-DEBUG-root-46952::webapp_internal::send_action|10522:: send_action method result = True
2025-12-05 12:49:10,186-DEBUG-root-46952::webapp_internal::send_action|10523:: send_action selenium status: False
2025-12-05 12:49:10,186-DEBUG-root-46952::webapp_internal::wait_blocker|2444:: Waiting blocker to continue...
2025-12-05 12:49:10,349-DEBUG-root-46952::webapp_internal::wait_blocker|2469:: Blocker status: False
2025-12-05 12:49:10,349-INFO-root-46952::webapp_internal::SetKey|5822:: Key pressed: TAB
2025-12-05 12:49:10,349-DEBUG-root-46952::webapp_internal::SetKey|5857:: Trying press key
2025-12-05 12:49:10,349-DEBUG-root-46952::webapp_internal::wait_element|7623:: Waiting for element
2025-12-05 12:49:10,449-DEBUG-root-46952::webapp_internal::wait_element|7653:: Element found! Waiting for element to be displayed.
2025-12-05 12:49:10,720-DEBUG-root-46952::webapp_internal::wait_blocker|2444:: Waiting blocker to continue...
2025-12-05 12:49:10,849-DEBUG-root-46952::webapp_internal::wait_blocker|2469:: Blocker status: False
2025-12-05 12:49:10,849-INFO-root-46952::webapp_internal::LoadGrid|6298:: Filling grid field: Hora Partida
2025-12-05 12:49:10,849-DEBUG-root-46952::webapp_internal::fill_grid|6399:: Grid loading...
2025-12-05 12:49:11,173-DEBUG-root-46952::webapp_internal::fill_grid|6466:: Column found!
2025-12-05 12:49:11,217-DEBUG-root-46952::base::click|192:: Click Type: ClickType.ACTIONCHAINS
2025-12-05 12:49:16,524-DEBUG-root-46952::webapp_internal::fill_grid|6498:: Trying open cell in grid!
2025-12-05 12:49:16,815-DEBUG-root-46952::webapp_internal::wait_blocker|2444:: Waiting blocker to continue...
2025-12-05 12:49:16,980-DEBUG-root-46952::webapp_internal::wait_blocker|2469:: Blocker status: False
2025-12-05 12:49:17,182-DEBUG-root-46952::webapp_internal::wait_element_timeout|7726:: Element found! Waiting for element to be displayed.
2025-12-05 12:49:17,574-DEBUG-root-46952::webapp_internal::fill_grid|6577:: Sending keys: 08:00
2025-12-05 12:49:17,874-DEBUG-root-46952::webapp_internal::wait_blocker|2444:: Waiting blocker to continue...
2025-12-05 12:49:18,015-DEBUG-root-46952::webapp_internal::wait_blocker|2469:: Blocker status: False
2025-12-05 12:49:23,589-DEBUG-root-46952::webapp_internal::wait_blocker|2444:: Waiting blocker to continue...
2025-12-05 12:49:23,731-DEBUG-root-46952::webapp_internal::wait_blocker|2469:: Blocker status: False
2025-12-05 12:49:23,753-DEBUG-root-46952::webapp_internal::wait_blocker|2444:: Waiting blocker to continue...
2025-12-05 12:49:23,886-DEBUG-root-46952::webapp_internal::wait_blocker|2469:: Blocker status: False
2025-12-05 12:49:23,886-DEBUG-root-46952::webapp_internal::send_action|10480:: Trying to send action
2025-12-05 12:49:24,936-DEBUG-root-46952::webapp_internal::send_action|10522:: send_action method result = True
2025-12-05 12:49:24,936-DEBUG-root-46952::webapp_internal::send_action|10523:: send_action selenium status: False
2025-12-05 12:49:24,936-DEBUG-root-46952::webapp_internal::wait_blocker|2444:: Waiting blocker to continue...
2025-12-05 12:49:25,051-DEBUG-root-46952::webapp_internal::wait_blocker|2469:: Blocker status: False
2025-12-05 12:49:25,051-INFO-root-46952::webapp_internal::SetKey|5822:: Key pressed: TAB
2025-12-05 12:49:25,051-DEBUG-root-46952::webapp_internal::SetKey|5857:: Trying press key
2025-12-05 12:49:25,051-DEBUG-root-46952::webapp_internal::wait_element|7623:: Waiting for element
2025-12-05 12:49:25,163-DEBUG-root-46952::webapp_internal::wait_element|7653:: Element found! Waiting for element to be displayed.
2025-12-05 12:49:25,452-DEBUG-root-46952::webapp_internal::wait_blocker|2444:: Waiting blocker to continue...
2025-12-05 12:49:25,598-DEBUG-root-46952::webapp_internal::wait_blocker|2469:: Blocker status: False
2025-12-05 12:49:25,598-INFO-root-46952::webapp_internal::LoadGrid|6298:: Filling grid field: Origem
2025-12-05 12:49:25,598-DEBUG-root-46952::webapp_internal::fill_grid|6399:: Grid loading...
2025-12-05 12:49:25,956-DEBUG-root-46952::webapp_internal::fill_grid|6466:: Column found!
2025-12-05 12:49:26,005-DEBUG-root-46952::base::click|192:: Click Type: ClickType.ACTIONCHAINS
2025-12-05 12:49:31,297-DEBUG-root-46952::webapp_internal::fill_grid|6498:: Trying open cell in grid!
2025-12-05 12:49:31,571-DEBUG-root-46952::webapp_internal::wait_blocker|2444:: Waiting blocker to continue...
2025-12-05 12:49:31,699-DEBUG-root-46952::webapp_internal::wait_blocker|2469:: Blocker status: False
2025-12-05 12:49:31,897-DEBUG-root-46952::webapp_internal::wait_element_timeout|7726:: Element found! Waiting for element to be displayed.
2025-12-05 12:49:32,254-DEBUG-root-46952::webapp_internal::fill_grid|6577:: Sending keys: DF00108
2025-12-05 12:49:32,532-DEBUG-root-46952::webapp_internal::wait_blocker|2444:: Waiting blocker to continue...
2025-12-05 12:49:32,670-DEBUG-root-46952::webapp_internal::wait_blocker|2469:: Blocker status: False
2025-12-05 12:49:32,831-DEBUG-root-46952::webapp_internal::wait_element_timeout|7726:: Element found! Waiting for element to be displayed.
2025-12-05 12:49:33,251-DEBUG-root-46952::webapp_internal::wait_blocker|2444:: Waiting blocker to continue...
2025-12-05 12:49:33,433-DEBUG-root-46952::webapp_internal::wait_blocker|2469:: Blocker status: False
2025-12-05 12:49:33,477-DEBUG-root-46952::webapp_internal::wait_blocker|2444:: Waiting blocker to continue...
2025-12-05 12:49:33,630-DEBUG-root-46952::webapp_internal::wait_blocker|2469:: Blocker status: False
2025-12-05 12:49:33,631-DEBUG-root-46952::webapp_internal::send_action|10480:: Trying to send action
2025-12-05 12:49:34,668-DEBUG-root-46952::webapp_internal::send_action|10522:: send_action method result = True
2025-12-05 12:49:34,671-DEBUG-root-46952::webapp_internal::send_action|10523:: send_action selenium status: False
2025-12-05 12:49:34,671-DEBUG-root-46952::webapp_internal::wait_blocker|2444:: Waiting blocker to continue...
2025-12-05 12:49:34,816-DEBUG-root-46952::webapp_internal::wait_blocker|2469:: Blocker status: False
2025-12-05 12:49:34,816-INFO-root-46952::webapp_internal::SetKey|5822:: Key pressed: TAB
2025-12-05 12:49:34,816-DEBUG-root-46952::webapp_internal::SetKey|5857:: Trying press key
2025-12-05 12:49:34,816-DEBUG-root-46952::webapp_internal::wait_element|7623:: Waiting for element
2025-12-05 12:49:34,902-DEBUG-root-46952::webapp_internal::wait_element|7653:: Element found! Waiting for element to be displayed.
2025-12-05 12:49:35,175-DEBUG-root-46952::webapp_internal::wait_blocker|2444:: Waiting blocker to continue...
2025-12-05 12:49:35,316-DEBUG-root-46952::webapp_internal::wait_blocker|2469:: Blocker status: False
2025-12-05 12:49:35,316-INFO-root-46952::webapp_internal::LoadGrid|6298:: Filling grid field: Destino
2025-12-05 12:49:35,316-DEBUG-root-46952::webapp_internal::fill_grid|6399:: Grid loading...
2025-12-05 12:49:35,721-DEBUG-root-46952::webapp_internal::fill_grid|6466:: Column found!
2025-12-05 12:49:35,772-DEBUG-root-46952::base::click|192:: Click Type: ClickType.ACTIONCHAINS
2025-12-05 12:49:41,122-DEBUG-root-46952::webapp_internal::fill_grid|6498:: Trying open cell in grid!
2025-12-05 12:49:41,395-DEBUG-root-46952::webapp_internal::wait_blocker|2444:: Waiting blocker to continue...
2025-12-05 12:49:41,588-DEBUG-root-46952::webapp_internal::wait_blocker|2469:: Blocker status: False
2025-12-05 12:49:41,783-DEBUG-root-46952::webapp_internal::wait_element_timeout|7726:: Element found! Waiting for element to be displayed.
2025-12-05 12:49:42,120-DEBUG-root-46952::webapp_internal::fill_grid|6577:: Sending keys: GO08707
2025-12-05 12:49:42,398-DEBUG-root-46952::webapp_internal::wait_blocker|2444:: Waiting blocker to continue...
2025-12-05 12:49:42,565-DEBUG-root-46952::webapp_internal::wait_blocker|2469:: Blocker status: False
2025-12-05 12:49:42,715-DEBUG-root-46952::webapp_internal::wait_element_timeout|7726:: Element found! Waiting for element to be displayed.
2025-12-05 12:49:43,213-DEBUG-root-46952::webapp_internal::wait_blocker|2444:: Waiting blocker to continue...
2025-12-05 12:49:43,418-DEBUG-root-46952::webapp_internal::wait_blocker|2469:: Blocker status: False
2025-12-05 12:49:43,440-DEBUG-root-46952::webapp_internal::wait_blocker|2444:: Waiting blocker to continue...
2025-12-05 12:49:43,576-DEBUG-root-46952::webapp_internal::wait_blocker|2469:: Blocker status: False
2025-12-05 12:49:43,576-DEBUG-root-46952::webapp_internal::send_action|10480:: Trying to send action
2025-12-05 12:49:44,604-DEBUG-root-46952::webapp_internal::send_action|10522:: send_action method result = True
2025-12-05 12:49:44,604-DEBUG-root-46952::webapp_internal::send_action|10523:: send_action selenium status: False
2025-12-05 12:49:44,604-DEBUG-root-46952::webapp_internal::wait_blocker|2444:: Waiting blocker to continue...
2025-12-05 12:49:44,735-DEBUG-root-46952::webapp_internal::wait_blocker|2469:: Blocker status: False
2025-12-05 12:49:44,735-INFO-root-46952::webapp_internal::SetKey|5822:: Key pressed: TAB
2025-12-05 12:49:44,735-DEBUG-root-46952::webapp_internal::SetKey|5857:: Trying press key
2025-12-05 12:49:44,735-DEBUG-root-46952::webapp_internal::wait_element|7623:: Waiting for element
2025-12-05 12:49:44,840-DEBUG-root-46952::webapp_internal::wait_element|7653:: Element found! Waiting for element to be displayed.
2025-12-05 12:49:45,109-DEBUG-root-46952::webapp_internal::wait_blocker|2444:: Waiting blocker to continue...
2025-12-05 12:49:45,233-DEBUG-root-46952::webapp_internal::wait_blocker|2469:: Blocker status: False
2025-12-05 12:49:45,233-INFO-root-46952::webapp_internal::LoadGrid|6298:: Filling grid field: Chegada
2025-12-05 12:49:45,233-DEBUG-root-46952::webapp_internal::fill_grid|6399:: Grid loading...
2025-12-05 12:49:45,560-DEBUG-root-46952::webapp_internal::fill_grid|6466:: Column found!
2025-12-05 12:49:45,602-DEBUG-root-46952::base::click|192:: Click Type: ClickType.ACTIONCHAINS
2025-12-05 12:49:51,096-DEBUG-root-46952::webapp_internal::fill_grid|6498:: Trying open cell in grid!
2025-12-05 12:49:51,381-DEBUG-root-46952::webapp_internal::wait_blocker|2444:: Waiting blocker to continue...
2025-12-05 12:49:51,554-DEBUG-root-46952::webapp_internal::wait_blocker|2469:: Blocker status: False
2025-12-05 12:49:51,784-DEBUG-root-46952::webapp_internal::wait_element_timeout|7726:: Element found! Waiting for element to be displayed.
2025-12-05 12:49:52,129-DEBUG-root-46952::webapp_internal::fill_grid|6577:: Sending keys: 20/12/2025
2025-12-05 12:49:52,435-DEBUG-root-46952::webapp_internal::wait_blocker|2444:: Waiting blocker to continue...
2025-12-05 12:49:52,598-DEBUG-root-46952::webapp_internal::wait_blocker|2469:: Blocker status: False
2025-12-05 12:49:58,056-DEBUG-root-46952::webapp_internal::wait_blocker|2444:: Waiting blocker to continue...
2025-12-05 12:49:58,214-DEBUG-root-46952::webapp_internal::wait_blocker|2469:: Blocker status: False
2025-12-05 12:49:58,237-DEBUG-root-46952::webapp_internal::wait_blocker|2444:: Waiting blocker to continue...
2025-12-05 12:49:58,373-DEBUG-root-46952::webapp_internal::wait_blocker|2469:: Blocker status: False
2025-12-05 12:49:58,373-DEBUG-root-46952::webapp_internal::send_action|10480:: Trying to send action
2025-12-05 12:49:59,414-DEBUG-root-46952::webapp_internal::send_action|10522:: send_action method result = True
2025-12-05 12:49:59,414-DEBUG-root-46952::webapp_internal::send_action|10523:: send_action selenium status: False
2025-12-05 12:49:59,414-DEBUG-root-46952::webapp_internal::wait_blocker|2444:: Waiting blocker to continue...
2025-12-05 12:49:59,544-DEBUG-root-46952::webapp_internal::wait_blocker|2469:: Blocker status: False
2025-12-05 12:49:59,544-INFO-root-46952::webapp_internal::SetKey|5822:: Key pressed: TAB
2025-12-05 12:49:59,544-DEBUG-root-46952::webapp_internal::SetKey|5857:: Trying press key
2025-12-05 12:49:59,544-DEBUG-root-46952::webapp_internal::wait_element|7623:: Waiting for element
2025-12-05 12:49:59,649-DEBUG-root-46952::webapp_internal::wait_element|7653:: Element found! Waiting for element to be displayed.
2025-12-05 12:49:59,917-DEBUG-root-46952::webapp_internal::wait_blocker|2444:: Waiting blocker to continue...
2025-12-05 12:50:00,056-DEBUG-root-46952::webapp_internal::wait_blocker|2469:: Blocker status: False
2025-12-05 12:50:00,056-INFO-root-46952::webapp_internal::LoadGrid|6298:: Filling grid field: Hora Chegada
2025-12-05 12:50:00,056-DEBUG-root-46952::webapp_internal::fill_grid|6399:: Grid loading...
2025-12-05 12:50:00,421-DEBUG-root-46952::webapp_internal::fill_grid|6466:: Column found!
2025-12-05 12:50:00,461-DEBUG-root-46952::base::click|192:: Click Type: ClickType.ACTIONCHAINS
2025-12-05 12:50:05,858-DEBUG-root-46952::webapp_internal::fill_grid|6498:: Trying open cell in grid!
2025-12-05 12:50:06,138-DEBUG-root-46952::webapp_internal::wait_blocker|2444:: Waiting blocker to continue...
2025-12-05 12:50:06,282-DEBUG-root-46952::webapp_internal::wait_blocker|2469:: Blocker status: False
2025-12-05 12:50:06,488-DEBUG-root-46952::webapp_internal::wait_element_timeout|7726:: Element found! Waiting for element to be displayed.
2025-12-05 12:50:06,858-DEBUG-root-46952::webapp_internal::fill_grid|6577:: Sending keys: 12:00
2025-12-05 12:50:07,160-DEBUG-root-46952::webapp_internal::wait_blocker|2444:: Waiting blocker to continue...
2025-12-05 12:50:07,330-DEBUG-root-46952::webapp_internal::wait_blocker|2469:: Blocker status: False
2025-12-05 12:50:12,810-DEBUG-root-46952::webapp_internal::wait_blocker|2444:: Waiting blocker to continue...
2025-12-05 12:50:12,993-DEBUG-root-46952::webapp_internal::wait_blocker|2469:: Blocker status: False
2025-12-05 12:50:13,020-DEBUG-root-46952::webapp_internal::wait_blocker|2444:: Waiting blocker to continue...
2025-12-05 12:50:13,159-DEBUG-root-46952::webapp_internal::wait_blocker|2469:: Blocker status: False
2025-12-05 12:50:13,159-DEBUG-root-46952::webapp_internal::send_action|10480:: Trying to send action
2025-12-05 12:50:14,195-DEBUG-root-46952::webapp_internal::send_action|10522:: send_action method result = True
2025-12-05 12:50:14,195-DEBUG-root-46952::webapp_internal::send_action|10523:: send_action selenium status: False
2025-12-05 12:50:14,209-DEBUG-root-46952::webapp_internal::wait_blocker|2444:: Waiting blocker to continue...
2025-12-05 12:50:14,368-DEBUG-root-46952::webapp_internal::wait_blocker|2469:: Blocker status: False
2025-12-05 12:50:14,368-INFO-root-46952::webapp_internal::SetKey|5822:: Key pressed: DOWN
2025-12-05 12:50:14,368-DEBUG-root-46952::webapp_internal::wait_blocker|2444:: Waiting blocker to continue...
2025-12-05 12:50:14,516-DEBUG-root-46952::webapp_internal::wait_blocker|2469:: Blocker status: False
2025-12-05 12:50:14,516-INFO-root-46952::webapp_internal::SetKey|5822:: Key pressed: TAB
2025-12-05 12:50:14,516-DEBUG-root-46952::webapp_internal::SetKey|5857:: Trying press key
2025-12-05 12:50:14,516-DEBUG-root-46952::webapp_internal::wait_element|7623:: Waiting for element
2025-12-05 12:50:14,654-DEBUG-root-46952::webapp_internal::wait_element|7653:: Element found! Waiting for element to be displayed.
2025-12-05 12:50:14,936-DEBUG-root-46952::webapp_internal::new_grid_line|7014:: New grid line
2025-12-05 12:50:16,426-DEBUG-root-46952::webapp_internal::wait_blocker|2444:: Waiting blocker to continue...
2025-12-05 12:50:16,576-DEBUG-root-46952::webapp_internal::wait_blocker|2469:: Blocker status: False
2025-12-05 12:50:16,576-INFO-root-46952::webapp_internal::LoadGrid|6298:: Filling grid field: Tipo
2025-12-05 12:50:16,576-DEBUG-root-46952::webapp_internal::fill_grid|6399:: Grid loading...
2025-12-05 12:50:16,780-DEBUG-root-46952::webapp_internal::fill_grid|6466:: Column found!
2025-12-05 12:50:16,825-DEBUG-root-46952::base::click|192:: Click Type: ClickType.ACTIONCHAINS
2025-12-05 12:50:22,212-DEBUG-root-46952::webapp_internal::fill_grid|6498:: Trying open cell in grid!
2025-12-05 12:50:22,484-DEBUG-root-46952::webapp_internal::wait_blocker|2444:: Waiting blocker to continue...
2025-12-05 12:50:22,625-DEBUG-root-46952::webapp_internal::wait_blocker|2469:: Blocker status: False
2025-12-05 12:50:22,829-DEBUG-root-46952::webapp_internal::wait_element_timeout|7726:: Element found! Waiting for element to be displayed.
2025-12-05 12:50:23,288-DEBUG-root-46952::webapp_internal::wait_blocker|2444:: Waiting blocker to continue...
2025-12-05 12:50:23,423-DEBUG-root-46952::webapp_internal::wait_blocker|2469:: Blocker status: False
2025-12-05 12:50:23,451-DEBUG-root-46952::webapp_internal::wait_blocker|2444:: Waiting blocker to continue...
2025-12-05 12:50:23,593-DEBUG-root-46952::webapp_internal::wait_blocker|2469:: Blocker status: False
2025-12-05 12:50:23,593-DEBUG-root-46952::webapp_internal::send_action|10480:: Trying to send action
2025-12-05 12:50:24,635-DEBUG-root-46952::webapp_internal::send_action|10522:: send_action method result = True
2025-12-05 12:50:24,635-DEBUG-root-46952::webapp_internal::send_action|10523:: send_action selenium status: False
2025-12-05 12:50:24,635-DEBUG-root-46952::webapp_internal::wait_blocker|2444:: Waiting blocker to continue...
2025-12-05 12:50:24,783-DEBUG-root-46952::webapp_internal::wait_blocker|2469:: Blocker status: False
2025-12-05 12:50:24,783-INFO-root-46952::webapp_internal::SetKey|5822:: Key pressed: TAB
2025-12-05 12:50:24,783-DEBUG-root-46952::webapp_internal::SetKey|5857:: Trying press key
2025-12-05 12:50:24,783-DEBUG-root-46952::webapp_internal::wait_element|7623:: Waiting for element
2025-12-05 12:50:24,895-DEBUG-root-46952::webapp_internal::wait_element|7653:: Element found! Waiting for element to be displayed.
2025-12-05 12:50:25,183-DEBUG-root-46952::webapp_internal::wait_blocker|2444:: Waiting blocker to continue...
2025-12-05 12:50:25,316-DEBUG-root-46952::webapp_internal::wait_blocker|2469:: Blocker status: False
2025-12-05 12:50:25,316-INFO-root-46952::webapp_internal::LoadGrid|6298:: Filling grid field: Partida
2025-12-05 12:50:25,316-DEBUG-root-46952::webapp_internal::fill_grid|6399:: Grid loading...
2025-12-05 12:50:25,530-DEBUG-root-46952::webapp_internal::fill_grid|6466:: Column found!
2025-12-05 12:50:25,572-DEBUG-root-46952::base::click|192:: Click Type: ClickType.ACTIONCHAINS
2025-12-05 12:50:27,349-ERROR-root-46952::webapp_internal::fill_grid|6675:: fill grid error: Message: Browsing context has been discarded
Stacktrace:
RemoteError@chrome://remote/content/shared/RemoteError.sys.mjs:8:8
WebDriverError@chrome://remote/content/shared/webdriver/Errors.sys.mjs:202:5
NoSuchWindowError@chrome://remote/content/shared/webdriver/Errors.sys.mjs:782:5
assert.that/<@chrome://remote/content/shared/webdriver/Assert.sys.mjs:581:13
assert.open@chrome://remote/content/shared/webdriver/Assert.sys.mjs:169:4
GeckoDriver.prototype.switchToFrame@chrome://remote/content/marionette/driver.sys.mjs:1654:15
dispatch@chrome://remote/content/marionette/server.sys.mjs:318:40
execute@chrome://remote/content/marionette/server.sys.mjs:289:16
onPacket/<@chrome://remote/content/marionette/server.sys.mjs:262:20
onPacket@chrome://remote/content/marionette/server.sys.mjs:263:9
_onJSONObjectReady/<@chrome://remote/content/marionette/transport.sys.mjs:494:20
ssi_onQuitApplicationGranted@resource:///modules/sessionstore/SessionStore.sys.mjs:2822:19
ssi_observe@resource:///modules/sessionstore/SessionStore.sys.mjs:1543:14
Traceback (most recent call last):
  File "C:\TIR_TESTE\venv\Lib\site-packages\tir\technologies\core\base.py", line 501, in get_current_DOM
    self.driver.switch_to.default_content()
  File "C:\TIR_TESTE\venv\Lib\site-packages\selenium\webdriver\remote\switch_to.py", line 69, in default_content
    self._driver.execute(Command.SWITCH_TO_FRAME, {"id": None})
  File "C:\TIR_TESTE\venv\Lib\site-packages\selenium\webdriver\remote\webdriver.py", line 347, in execute
    self.error_handler.check_response(response)
  File "C:\TIR_TESTE\venv\Lib\site-packages\selenium\webdriver\remote\errorhandler.py", line 229, in check_response
    raise exception_class(message, screen, stacktrace)
selenium.common.exceptions.NoSuchWindowException: Message: Browsing context has been discarded
Stacktrace:
RemoteError@chrome://remote/content/shared/RemoteError.sys.mjs:8:8
WebDriverError@chrome://remote/content/shared/webdriver/Errors.sys.mjs:202:5
NoSuchWindowError@chrome://remote/content/shared/webdriver/Errors.sys.mjs:782:5
assert.that/<@chrome://remote/content/shared/webdriver/Assert.sys.mjs:581:13
assert.open@chrome://remote/content/shared/webdriver/Assert.sys.mjs:169:4
GeckoDriver.prototype.switchToFrame@chrome://remote/content/marionette/driver.sys.mjs:1654:15
dispatch@chrome://remote/content/marionette/server.sys.mjs:318:40
execute@chrome://remote/content/marionette/server.sys.mjs:289:16
onPacket/<@chrome://remote/content/marionette/server.sys.mjs:262:20
onPacket@chrome://remote/content/marionette/server.sys.mjs:263:9
_onJSONObjectReady/<@chrome://remote/content/marionette/transport.sys.mjs:494:20
ssi_onQuitApplicationGranted@resource:///modules/sessionstore/SessionStore.sys.mjs:2822:19
ssi_observe@resource:///modules/sessionstore/SessionStore.sys.mjs:1543:14


During handling of the above exception, another exception occurred:

Traceback (most recent call last):
  File "C:\TIR_TESTE\venv\Lib\site-packages\tir\technologies\webapp_internal.py", line 6492, in fill_grid
    while (time.time() < endtime_open_cell and not self.wait_element_timeout(term='wa-dialog',
                                                   ^^^^^^^^^^^^^^^^^^^^^^^^^^^^^^^^^^^^^^^^^^^
  File "C:\TIR_TESTE\venv\Lib\site-packages\tir\technologies\webapp_internal.py", line 7713, in wait_element_timeout
    if self.element_exists(term, scrap_type, position, optional_term, main_container, check_error, twebview):
       ^^^^^^^^^^^^^^^^^^^^^^^^^^^^^^^^^^^^^^^^^^^^^^^^^^^^^^^^^^^^^^^^^^^^^^^^^^^^^^^^^^^^^^^^^^^^^^^^^^^^^
  File "C:\TIR_TESTE\venv\Lib\site-packages\tir\technologies\webapp_internal.py", line 4079, in element_exists
    self.search_for_errors()
  File "C:\TIR_TESTE\venv\Lib\site-packages\tir\technologies\webapp_internal.py", line 3905, in search_for_errors
    soup = self.get_current_DOM()
           ^^^^^^^^^^^^^^^^^^^^^^
  File "C:\TIR_TESTE\venv\Lib\site-packages\tir\technologies\core\base.py", line 538, in get_current_DOM
    self.driver.switch_to.default_content()
  File "C:\TIR_TESTE\venv\Lib\site-packages\selenium\webdriver\remote\switch_to.py", line 69, in default_content
    self._driver.execute(Command.SWITCH_TO_FRAME, {"id": None})
  File "C:\TIR_TESTE\venv\Lib\site-packages\selenium\webdriver\remote\webdriver.py", line 347, in execute
    self.error_handler.check_response(response)
  File "C:\TIR_TESTE\venv\Lib\site-packages\selenium\webdriver\remote\errorhandler.py", line 229, in check_response
    raise exception_class(message, screen, stacktrace)
selenium.common.exceptions.NoSuchWindowException: Message: Browsing context has been discarded
Stacktrace:
RemoteError@chrome://remote/content/shared/RemoteError.sys.mjs:8:8
WebDriverError@chrome://remote/content/shared/webdriver/Errors.sys.mjs:202:5
NoSuchWindowError@chrome://remote/content/shared/webdriver/Errors.sys.mjs:782:5
assert.that/<@chrome://remote/content/shared/webdriver/Assert.sys.mjs:581:13
assert.open@chrome://remote/content/shared/webdriver/Assert.sys.mjs:169:4
GeckoDriver.prototype.switchToFrame@chrome://remote/content/marionette/driver.sys.mjs:1654:15
dispatch@chrome://remote/content/marionette/server.sys.mjs:318:40
execute@chrome://remote/content/marionette/server.sys.mjs:289:16
onPacket/<@chrome://remote/content/marionette/server.sys.mjs:262:20
onPacket@chrome://remote/content/marionette/server.sys.mjs:263:9
_onJSONObjectReady/<@chrome://remote/content/marionette/transport.sys.mjs:494:20
ssi_onQuitApplicationGranted@resource:///modules/sessionstore/SessionStore.sys.mjs:2822:19
ssi_observe@resource:///modules/sessionstore/SessionStore.sys.mjs:1543:14

2025-12-05 12:50:27,355-WARNING-root-46952::webapp_internal::log_error|8143:: Warning log_error fill grid error: Message: Browsing context has been discarded
Stacktrace:
RemoteError@chrome://remote/content/shared/RemoteError.sys.mjs:8:8
WebDriverError@chrome://remote/content/shared/webdriver/Errors.sys.mjs:202:5
NoSuchWindowError@chrome://remote/content/shared/webdriver/Errors.sys.mjs:782:5
assert.that/<@chrome://remote/content/shared/webdriver/Assert.sys.mjs:581:13
assert.open@chrome://remote/content/shared/webdriver/Assert.sys.mjs:169:4
GeckoDriver.prototype.switchToFrame@chrome://remote/content/marionette/driver.sys.mjs:1654:15
dispatch@chrome://remote/content/marionette/server.sys.mjs:318:40
execute@chrome://remote/content/marionette/server.sys.mjs:289:16
onPacket/<@chrome://remote/content/marionette/server.sys.mjs:262:20
onPacket@chrome://remote/content/marionette/server.sys.mjs:263:9
_onJSONObjectReady/<@chrome://remote/content/marionette/transport.sys.mjs:494:20
ssi_onQuitApplicationGranted@resource:///modules/sessionstore/SessionStore.sys.mjs:2822:19
ssi_observe@resource:///modules/sessionstore/SessionStore.sys.mjs:1543:14

2025-12-05 12:50:27,356-DEBUG-root-46952::webapp_internal::log_error|8146:: ***System Info*** in log_error():
2025-12-05 12:50:27,357-DEBUG-root-46952::psutil_info::system_info|5:: CPU USAGE: 7.8%
2025-12-05 12:50:27,358-DEBUG-root-46952::psutil_info::system_info|6:: MEMORY USAGE: 85.7%
2025-12-05 12:50:27,358-DEBUG-root-46952::psutil_info::system_info|7:: MEMORY AVAILABLE: 14.27%
2025-12-05 12:50:27,390-DEBUG-root-46952::log::take_screenshot_log|612:: take_screenshot_log in:2025-12-05 12:50:27.390259

2025-12-05 12:50:27,421-ERROR-root-46952::log::take_screenshot_log|629:: Warning Log Error save_screenshot exception Message: WebDriver session does not exist, or is not active
Stacktrace:
RemoteError@chrome://remote/content/shared/RemoteError.sys.mjs:8:8
WebDriverError@chrome://remote/content/shared/webdriver/Errors.sys.mjs:202:5
InvalidSessionIDError@chrome://remote/content/shared/webdriver/Errors.sys.mjs:472:5
assert.that/<@chrome://remote/content/shared/webdriver/Assert.sys.mjs:581:13
assert.session@chrome://remote/content/shared/webdriver/Assert.sys.mjs:38:4
dispatch@chrome://remote/content/marionette/server.sys.mjs:315:19
execute@chrome://remote/content/marionette/server.sys.mjs:289:16
onPacket/<@chrome://remote/content/marionette/server.sys.mjs:262:20
onPacket@chrome://remote/content/marionette/server.sys.mjs:263:9
_onJSONObjectReady/<@chrome://remote/content/marionette/transport.sys.mjs:494:20
Traceback (most recent call last):
  File "C:\TIR_TESTE\venv\Lib\site-packages\tir\technologies\core\base.py", line 501, in get_current_DOM
    self.driver.switch_to.default_content()
  File "C:\TIR_TESTE\venv\Lib\site-packages\selenium\webdriver\remote\switch_to.py", line 69, in default_content
    self._driver.execute(Command.SWITCH_TO_FRAME, {"id": None})
  File "C:\TIR_TESTE\venv\Lib\site-packages\selenium\webdriver\remote\webdriver.py", line 347, in execute
    self.error_handler.check_response(response)
  File "C:\TIR_TESTE\venv\Lib\site-packages\selenium\webdriver\remote\errorhandler.py", line 229, in check_response
    raise exception_class(message, screen, stacktrace)
selenium.common.exceptions.NoSuchWindowException: Message: Browsing context has been discarded
Stacktrace:
RemoteError@chrome://remote/content/shared/RemoteError.sys.mjs:8:8
WebDriverError@chrome://remote/content/shared/webdriver/Errors.sys.mjs:202:5
NoSuchWindowError@chrome://remote/content/shared/webdriver/Errors.sys.mjs:782:5
assert.that/<@chrome://remote/content/shared/webdriver/Assert.sys.mjs:581:13
assert.open@chrome://remote/content/shared/webdriver/Assert.sys.mjs:169:4
GeckoDriver.prototype.switchToFrame@chrome://remote/content/marionette/driver.sys.mjs:1654:15
dispatch@chrome://remote/content/marionette/server.sys.mjs:318:40
execute@chrome://remote/content/marionette/server.sys.mjs:289:16
onPacket/<@chrome://remote/content/marionette/server.sys.mjs:262:20
onPacket@chrome://remote/content/marionette/server.sys.mjs:263:9
_onJSONObjectReady/<@chrome://remote/content/marionette/transport.sys.mjs:494:20
ssi_onQuitApplicationGranted@resource:///modules/sessionstore/SessionStore.sys.mjs:2822:19
ssi_observe@resource:///modules/sessionstore/SessionStore.sys.mjs:1543:14


During handling of the above exception, another exception occurred:

Traceback (most recent call last):
  File "C:\TIR_TESTE\venv\Lib\site-packages\tir\technologies\webapp_internal.py", line 6492, in fill_grid
    while (time.time() < endtime_open_cell and not self.wait_element_timeout(term='wa-dialog',
                                                   ^^^^^^^^^^^^^^^^^^^^^^^^^^^^^^^^^^^^^^^^^^^
  File "C:\TIR_TESTE\venv\Lib\site-packages\tir\technologies\webapp_internal.py", line 7713, in wait_element_timeout
    if self.element_exists(term, scrap_type, position, optional_term, main_container, check_error, twebview):
       ^^^^^^^^^^^^^^^^^^^^^^^^^^^^^^^^^^^^^^^^^^^^^^^^^^^^^^^^^^^^^^^^^^^^^^^^^^^^^^^^^^^^^^^^^^^^^^^^^^^^^
  File "C:\TIR_TESTE\venv\Lib\site-packages\tir\technologies\webapp_internal.py", line 4079, in element_exists
    self.search_for_errors()
  File "C:\TIR_TESTE\venv\Lib\site-packages\tir\technologies\webapp_internal.py", line 3905, in search_for_errors
    soup = self.get_current_DOM()
           ^^^^^^^^^^^^^^^^^^^^^^
  File "C:\TIR_TESTE\venv\Lib\site-packages\tir\technologies\core\base.py", line 538, in get_current_DOM
    self.driver.switch_to.default_content()
  File "C:\TIR_TESTE\venv\Lib\site-packages\selenium\webdriver\remote\switch_to.py", line 69, in default_content
    self._driver.execute(Command.SWITCH_TO_FRAME, {"id": None})
  File "C:\TIR_TESTE\venv\Lib\site-packages\selenium\webdriver\remote\webdriver.py", line 347, in execute
    self.error_handler.check_response(response)
  File "C:\TIR_TESTE\venv\Lib\site-packages\selenium\webdriver\remote\errorhandler.py", line 229, in check_response
    raise exception_class(message, screen, stacktrace)
selenium.common.exceptions.NoSuchWindowException: Message: Browsing context has been discarded
Stacktrace:
RemoteError@chrome://remote/content/shared/RemoteError.sys.mjs:8:8
WebDriverError@chrome://remote/content/shared/webdriver/Errors.sys.mjs:202:5
NoSuchWindowError@chrome://remote/content/shared/webdriver/Errors.sys.mjs:782:5
assert.that/<@chrome://remote/content/shared/webdriver/Assert.sys.mjs:581:13
assert.open@chrome://remote/content/shared/webdriver/Assert.sys.mjs:169:4
GeckoDriver.prototype.switchToFrame@chrome://remote/content/marionette/driver.sys.mjs:1654:15
dispatch@chrome://remote/content/marionette/server.sys.mjs:318:40
execute@chrome://remote/content/marionette/server.sys.mjs:289:16
onPacket/<@chrome://remote/content/marionette/server.sys.mjs:262:20
onPacket@chrome://remote/content/marionette/server.sys.mjs:263:9
_onJSONObjectReady/<@chrome://remote/content/marionette/transport.sys.mjs:494:20
ssi_onQuitApplicationGranted@resource:///modules/sessionstore/SessionStore.sys.mjs:2822:19
ssi_observe@resource:///modules/sessionstore/SessionStore.sys.mjs:1543:14


During handling of the above exception, another exception occurred:

Traceback (most recent call last):
  File "C:\TIR_TESTE\venv\Lib\site-packages\tir\technologies\core\log.py", line 626, in take_screenshot_log
    driver.save_screenshot(str(path))
  File "C:\TIR_TESTE\venv\Lib\site-packages\selenium\webdriver\remote\webdriver.py", line 822, in save_screenshot
    return self.get_screenshot_as_file(filename)
           ^^^^^^^^^^^^^^^^^^^^^^^^^^^^^^^^^^^^^
  File "C:\TIR_TESTE\venv\Lib\site-packages\selenium\webdriver\remote\webdriver.py", line 798, in get_screenshot_as_file
    png = self.get_screenshot_as_png()
          ^^^^^^^^^^^^^^^^^^^^^^^^^^^^
  File "C:\TIR_TESTE\venv\Lib\site-packages\selenium\webdriver\remote\webdriver.py", line 832, in get_screenshot_as_png
    return b64decode(self.get_screenshot_as_base64().encode("ascii"))
                     ^^^^^^^^^^^^^^^^^^^^^^^^^^^^^^^
  File "C:\TIR_TESTE\venv\Lib\site-packages\selenium\webdriver\remote\webdriver.py", line 843, in get_screenshot_as_base64
    return self.execute(Command.SCREENSHOT)["value"]
           ^^^^^^^^^^^^^^^^^^^^^^^^^^^^^^^^
  File "C:\TIR_TESTE\venv\Lib\site-packages\selenium\webdriver\remote\webdriver.py", line 347, in execute
    self.error_handler.check_response(response)
  File "C:\TIR_TESTE\venv\Lib\site-packages\selenium\webdriver\remote\errorhandler.py", line 229, in check_response
    raise exception_class(message, screen, stacktrace)
selenium.common.exceptions.InvalidSessionIdException: Message: WebDriver session does not exist, or is not active
Stacktrace:
RemoteError@chrome://remote/content/shared/RemoteError.sys.mjs:8:8
WebDriverError@chrome://remote/content/shared/webdriver/Errors.sys.mjs:202:5
InvalidSessionIDError@chrome://remote/content/shared/webdriver/Errors.sys.mjs:472:5
assert.that/<@chrome://remote/content/shared/webdriver/Assert.sys.mjs:581:13
assert.session@chrome://remote/content/shared/webdriver/Assert.sys.mjs:38:4
dispatch@chrome://remote/content/marionette/server.sys.mjs:315:19
execute@chrome://remote/content/marionette/server.sys.mjs:289:16
onPacket/<@chrome://remote/content/marionette/server.sys.mjs:262:20
onPacket@chrome://remote/content/marionette/server.sys.mjs:263:9
_onJSONObjectReady/<@chrome://remote/content/marionette/transport.sys.mjs:494:20

2025-12-05 12:50:28,436-DEBUG-root-46952::log::checks_empty_line|221:: Checking empty default log info
2025-12-05 12:50:28,439-DEBUG-root-46952::log::generate_log|503:: Json log_data: {'cLogDtExec': '05/12/2025 12:50:28', 'cLogNomUsr': '97137227104', 'cLogNomEst': 'GESIT03', 'cLogProgra': None, 'cLogDtProg': '', 'cLogHrProg': '', 'nLogCtsOk': 0, 'nLogCtsNok': 1, 'nLogCtsSeg': 241.02, 'cLogVersao': '12', 'cLogReleas': '12.1.2410', 'nLogCtsErr': 'Viagem - fill grid error: Message: Browsing context has been discardedStacktrace:RemoteError@chrome://remote/content/shared/RemoteError.sys.mjs:8:8WebDriverError@chrome://remote/content/shared/webdriver/Errors.sys.mjs:202:5NoSuchWindowError@chrome://remote/content/shared/webdriver/Errors.sys.mjs:782:5assert.that/<@chrome://remote/content/shared/webdriver/Assert.sys.mjs:581:13assert.open@chrome://remote/content/shared/webdriver/Assert.sys.mjs:169:4GeckoDriver.prototype.switchToFrame@chrome://remote/content/marionette/driver.sys.mjs:1654:15dispatch@chrome://remote/content/marionette/server.sys.m', 'cLogBancod': 'ORACLE', 'cLogIdenti': '', 'cLogIdExec': '20251205', 'cLogPais': 'BRA', 'cLogTool': 'TIR', 'cLogSequen': '47a710', 'nLogCtsTot': 1, 'cLogDtExea': '05/12/2025', 'cLogHrExea': '12:50:28', 'cLogArea': 'Desenvolvimento', 'cLogMnExec': 4.017}
2025-12-05 12:50:28,439-INFO-root-46952::log::send_log_with_retries|515:: Saving log locally.
2025-12-05 12:50:28,439-INFO-root-46952::log::save_log_locally|548:: [FwSendLog]: Não foi possível enviar o log após todas as tentativas.
2025-12-05 12:50:28,439-INFO-root-46952::log::save_log_locally|555:: [FwSendLog]: Log salvo localmente em C:\TIR_TESTE\1764949828.json.
2025-12-05 12:50:28,735-ERROR-root-46952::webapp_internal::log_error|8181:: Warning Log Error Close Message: Failed to decode response from marionette
Traceback (most recent call last):
  File "C:\TIR_TESTE\venv\Lib\site-packages\tir\technologies\core\base.py", line 501, in get_current_DOM
    self.driver.switch_to.default_content()
  File "C:\TIR_TESTE\venv\Lib\site-packages\selenium\webdriver\remote\switch_to.py", line 69, in default_content
    self._driver.execute(Command.SWITCH_TO_FRAME, {"id": None})
  File "C:\TIR_TESTE\venv\Lib\site-packages\selenium\webdriver\remote\webdriver.py", line 347, in execute
    self.error_handler.check_response(response)
  File "C:\TIR_TESTE\venv\Lib\site-packages\selenium\webdriver\remote\errorhandler.py", line 229, in check_response
    raise exception_class(message, screen, stacktrace)
selenium.common.exceptions.NoSuchWindowException: Message: Browsing context has been discarded
Stacktrace:
RemoteError@chrome://remote/content/shared/RemoteError.sys.mjs:8:8
WebDriverError@chrome://remote/content/shared/webdriver/Errors.sys.mjs:202:5
NoSuchWindowError@chrome://remote/content/shared/webdriver/Errors.sys.mjs:782:5
assert.that/<@chrome://remote/content/shared/webdriver/Assert.sys.mjs:581:13
assert.open@chrome://remote/content/shared/webdriver/Assert.sys.mjs:169:4
GeckoDriver.prototype.switchToFrame@chrome://remote/content/marionette/driver.sys.mjs:1654:15
dispatch@chrome://remote/content/marionette/server.sys.mjs:318:40
execute@chrome://remote/content/marionette/server.sys.mjs:289:16
onPacket/<@chrome://remote/content/marionette/server.sys.mjs:262:20
onPacket@chrome://remote/content/marionette/server.sys.mjs:263:9
_onJSONObjectReady/<@chrome://remote/content/marionette/transport.sys.mjs:494:20
ssi_onQuitApplicationGranted@resource:///modules/sessionstore/SessionStore.sys.mjs:2822:19
ssi_observe@resource:///modules/sessionstore/SessionStore.sys.mjs:1543:14


During handling of the above exception, another exception occurred:

Traceback (most recent call last):
  File "C:\TIR_TESTE\venv\Lib\site-packages\tir\technologies\webapp_internal.py", line 6492, in fill_grid
    while (time.time() < endtime_open_cell and not self.wait_element_timeout(term='wa-dialog',
                                                   ^^^^^^^^^^^^^^^^^^^^^^^^^^^^^^^^^^^^^^^^^^^
  File "C:\TIR_TESTE\venv\Lib\site-packages\tir\technologies\webapp_internal.py", line 7713, in wait_element_timeout
    if self.element_exists(term, scrap_type, position, optional_term, main_container, check_error, twebview):
       ^^^^^^^^^^^^^^^^^^^^^^^^^^^^^^^^^^^^^^^^^^^^^^^^^^^^^^^^^^^^^^^^^^^^^^^^^^^^^^^^^^^^^^^^^^^^^^^^^^^^^
  File "C:\TIR_TESTE\venv\Lib\site-packages\tir\technologies\webapp_internal.py", line 4079, in element_exists
    self.search_for_errors()
  File "C:\TIR_TESTE\venv\Lib\site-packages\tir\technologies\webapp_internal.py", line 3905, in search_for_errors
    soup = self.get_current_DOM()
           ^^^^^^^^^^^^^^^^^^^^^^
  File "C:\TIR_TESTE\venv\Lib\site-packages\tir\technologies\core\base.py", line 538, in get_current_DOM
    self.driver.switch_to.default_content()
  File "C:\TIR_TESTE\venv\Lib\site-packages\selenium\webdriver\remote\switch_to.py", line 69, in default_content
    self._driver.execute(Command.SWITCH_TO_FRAME, {"id": None})
  File "C:\TIR_TESTE\venv\Lib\site-packages\selenium\webdriver\remote\webdriver.py", line 347, in execute
    self.error_handler.check_response(response)
  File "C:\TIR_TESTE\venv\Lib\site-packages\selenium\webdriver\remote\errorhandler.py", line 229, in check_response
    raise exception_class(message, screen, stacktrace)
selenium.common.exceptions.NoSuchWindowException: Message: Browsing context has been discarded
Stacktrace:
RemoteError@chrome://remote/content/shared/RemoteError.sys.mjs:8:8
WebDriverError@chrome://remote/content/shared/webdriver/Errors.sys.mjs:202:5
NoSuchWindowError@chrome://remote/content/shared/webdriver/Errors.sys.mjs:782:5
assert.that/<@chrome://remote/content/shared/webdriver/Assert.sys.mjs:581:13
assert.open@chrome://remote/content/shared/webdriver/Assert.sys.mjs:169:4
GeckoDriver.prototype.switchToFrame@chrome://remote/content/marionette/driver.sys.mjs:1654:15
dispatch@chrome://remote/content/marionette/server.sys.mjs:318:40
execute@chrome://remote/content/marionette/server.sys.mjs:289:16
onPacket/<@chrome://remote/content/marionette/server.sys.mjs:262:20
onPacket@chrome://remote/content/marionette/server.sys.mjs:263:9
_onJSONObjectReady/<@chrome://remote/content/marionette/transport.sys.mjs:494:20
ssi_onQuitApplicationGranted@resource:///modules/sessionstore/SessionStore.sys.mjs:2822:19
ssi_observe@resource:///modules/sessionstore/SessionStore.sys.mjs:1543:14


During handling of the above exception, another exception occurred:

Traceback (most recent call last):
  File "C:\TIR_TESTE\venv\Lib\site-packages\tir\technologies\webapp_internal.py", line 8179, in log_error
    self.driver.close()
  File "C:\TIR_TESTE\venv\Lib\site-packages\selenium\webdriver\remote\webdriver.py", line 458, in close
    self.execute(Command.CLOSE)
  File "C:\TIR_TESTE\venv\Lib\site-packages\selenium\webdriver\remote\webdriver.py", line 347, in execute
    self.error_handler.check_response(response)
  File "C:\TIR_TESTE\venv\Lib\site-packages\selenium\webdriver\remote\errorhandler.py", line 229, in check_response
    raise exception_class(message, screen, stacktrace)
selenium.common.exceptions.WebDriverException: Message: Failed to decode response from marionette

2025-12-05 12:50:28,735-ERROR-root-46952::webapp_internal::SetKey|5901:: False is not true : Viagem - fill grid error: Message: Browsing context has been discarded
Stacktrace:
RemoteError@chrome://remote/content/shared/RemoteError.sys.mjs:8:8
WebDriverError@chrome://remote/content/shared/webdriver/Errors.sys.mjs:202:5
NoSuchWindowError@chrome://remote/content/shared/webdriver/Errors.sys.mjs:782:5
assert.that/<@chrome://remote/content/shared/webdriver/Assert.sys.mjs:581:13
assert.open@chrome://remote/content/shared/webdriver/Assert.sys.mjs:169:4
GeckoDriver.prototype.switchToFrame@chrome://remote/content/marionette/driver.sys.mjs:1654:15
dispatch@chrome://remote/content/marionette/server.sys.mjs:318:40
execute@chrome://remote/content/marionette/server.sys.mjs:289:16
onPacket/<@chrome://remote/content/marionette/server.sys.mjs:262:20
onPacket@chrome://remote/content/marionette/server.sys.mjs:263:9
_onJSONObjectReady/<@chrome://remote/content/marionette/transport.sys.mjs:494:20
ssi_onQuitApplicationGranted@resource:///modules/sessionstore/SessionStore.sys.mjs:2822:19
ssi_observe@resource:///modules/sessionstore/SessionStore.sys.mjs:1543:14
Traceback (most recent call last):
  File "C:\TIR_TESTE\venv\Lib\site-packages\tir\technologies\core\base.py", line 501, in get_current_DOM
    self.driver.switch_to.default_content()
  File "C:\TIR_TESTE\venv\Lib\site-packages\selenium\webdriver\remote\switch_to.py", line 69, in default_content
    self._driver.execute(Command.SWITCH_TO_FRAME, {"id": None})
  File "C:\TIR_TESTE\venv\Lib\site-packages\selenium\webdriver\remote\webdriver.py", line 347, in execute
    self.error_handler.check_response(response)
  File "C:\TIR_TESTE\venv\Lib\site-packages\selenium\webdriver\remote\errorhandler.py", line 229, in check_response
    raise exception_class(message, screen, stacktrace)
selenium.common.exceptions.NoSuchWindowException: Message: Browsing context has been discarded
Stacktrace:
RemoteError@chrome://remote/content/shared/RemoteError.sys.mjs:8:8
WebDriverError@chrome://remote/content/shared/webdriver/Errors.sys.mjs:202:5
NoSuchWindowError@chrome://remote/content/shared/webdriver/Errors.sys.mjs:782:5
assert.that/<@chrome://remote/content/shared/webdriver/Assert.sys.mjs:581:13
assert.open@chrome://remote/content/shared/webdriver/Assert.sys.mjs:169:4
GeckoDriver.prototype.switchToFrame@chrome://remote/content/marionette/driver.sys.mjs:1654:15
dispatch@chrome://remote/content/marionette/server.sys.mjs:318:40
execute@chrome://remote/content/marionette/server.sys.mjs:289:16
onPacket/<@chrome://remote/content/marionette/server.sys.mjs:262:20
onPacket@chrome://remote/content/marionette/server.sys.mjs:263:9
_onJSONObjectReady/<@chrome://remote/content/marionette/transport.sys.mjs:494:20
ssi_onQuitApplicationGranted@resource:///modules/sessionstore/SessionStore.sys.mjs:2822:19
ssi_observe@resource:///modules/sessionstore/SessionStore.sys.mjs:1543:14


During handling of the above exception, another exception occurred:

Traceback (most recent call last):
  File "C:\TIR_TESTE\venv\Lib\site-packages\tir\technologies\webapp_internal.py", line 6492, in fill_grid
    while (time.time() < endtime_open_cell and not self.wait_element_timeout(term='wa-dialog',
                                                   ^^^^^^^^^^^^^^^^^^^^^^^^^^^^^^^^^^^^^^^^^^^
  File "C:\TIR_TESTE\venv\Lib\site-packages\tir\technologies\webapp_internal.py", line 7713, in wait_element_timeout
    if self.element_exists(term, scrap_type, position, optional_term, main_container, check_error, twebview):
       ^^^^^^^^^^^^^^^^^^^^^^^^^^^^^^^^^^^^^^^^^^^^^^^^^^^^^^^^^^^^^^^^^^^^^^^^^^^^^^^^^^^^^^^^^^^^^^^^^^^^^
  File "C:\TIR_TESTE\venv\Lib\site-packages\tir\technologies\webapp_internal.py", line 4079, in element_exists
    self.search_for_errors()
  File "C:\TIR_TESTE\venv\Lib\site-packages\tir\technologies\webapp_internal.py", line 3905, in search_for_errors
    soup = self.get_current_DOM()
           ^^^^^^^^^^^^^^^^^^^^^^
  File "C:\TIR_TESTE\venv\Lib\site-packages\tir\technologies\core\base.py", line 538, in get_current_DOM
    self.driver.switch_to.default_content()
  File "C:\TIR_TESTE\venv\Lib\site-packages\selenium\webdriver\remote\switch_to.py", line 69, in default_content
    self._driver.execute(Command.SWITCH_TO_FRAME, {"id": None})
  File "C:\TIR_TESTE\venv\Lib\site-packages\selenium\webdriver\remote\webdriver.py", line 347, in execute
    self.error_handler.check_response(response)
  File "C:\TIR_TESTE\venv\Lib\site-packages\selenium\webdriver\remote\errorhandler.py", line 229, in check_response
    raise exception_class(message, screen, stacktrace)
selenium.common.exceptions.NoSuchWindowException: Message: Browsing context has been discarded
Stacktrace:
RemoteError@chrome://remote/content/shared/RemoteError.sys.mjs:8:8
WebDriverError@chrome://remote/content/shared/webdriver/Errors.sys.mjs:202:5
NoSuchWindowError@chrome://remote/content/shared/webdriver/Errors.sys.mjs:782:5
assert.that/<@chrome://remote/content/shared/webdriver/Assert.sys.mjs:581:13
assert.open@chrome://remote/content/shared/webdriver/Assert.sys.mjs:169:4
GeckoDriver.prototype.switchToFrame@chrome://remote/content/marionette/driver.sys.mjs:1654:15
dispatch@chrome://remote/content/marionette/server.sys.mjs:318:40
execute@chrome://remote/content/marionette/server.sys.mjs:289:16
onPacket/<@chrome://remote/content/marionette/server.sys.mjs:262:20
onPacket@chrome://remote/content/marionette/server.sys.mjs:263:9
_onJSONObjectReady/<@chrome://remote/content/marionette/transport.sys.mjs:494:20
ssi_onQuitApplicationGranted@resource:///modules/sessionstore/SessionStore.sys.mjs:2822:19
ssi_observe@resource:///modules/sessionstore/SessionStore.sys.mjs:1543:14


During handling of the above exception, another exception occurred:

Traceback (most recent call last):
  File "C:\TIR_TESTE\venv\Lib\site-packages\tir\technologies\webapp_internal.py", line 5861, in SetKey
    self.LoadGrid()
  File "C:\TIR_TESTE\venv\Lib\site-packages\tir\technologies\webapp_internal.py", line 6301, in LoadGrid
    self.fill_grid(field, x3_dictionaries, initial_layer, duplicate_fields)
  File "C:\TIR_TESTE\venv\Lib\site-packages\tir\technologies\webapp_internal.py", line 6676, in fill_grid
    self.log_error(f'fill grid error: {str(e)}')
  File "C:\TIR_TESTE\venv\Lib\site-packages\tir\technologies\webapp_internal.py", line 8206, in log_error
    self.assertTrue(False, log_message)
  File "C:\Users\97137227104\AppData\Local\Programs\Python\Python312\Lib\unittest\case.py", line 727, in assertTrue
    raise self.failureException(msg)
AssertionError: False is not true : Viagem - fill grid error: Message: Browsing context has been discarded
Stacktrace:
RemoteError@chrome://remote/content/shared/RemoteError.sys.mjs:8:8
WebDriverError@chrome://remote/content/shared/webdriver/Errors.sys.mjs:202:5
NoSuchWindowError@chrome://remote/content/shared/webdriver/Errors.sys.mjs:782:5
assert.that/<@chrome://remote/content/shared/webdriver/Assert.sys.mjs:581:13
assert.open@chrome://remote/content/shared/webdriver/Assert.sys.mjs:169:4
GeckoDriver.prototype.switchToFrame@chrome://remote/content/marionette/driver.sys.mjs:1654:15
dispatch@chrome://remote/content/marionette/server.sys.mjs:318:40
execute@chrome://remote/content/marionette/server.sys.mjs:289:16
onPacket/<@chrome://remote/content/marionette/server.sys.mjs:262:20
onPacket@chrome://remote/content/marionette/server.sys.mjs:263:9
_onJSONObjectReady/<@chrome://remote/content/marionette/transport.sys.mjs:494:20
ssi_onQuitApplicationGranted@resource:///modules/sessionstore/SessionStore.sys.mjs:2822:19
ssi_observe@resource:///modules/sessionstore/SessionStore.sys.mjs:1543:14

2025-12-05 12:50:28,739-DEBUG-root-46952::webapp_internal::wait_blocker|2444:: Waiting blocker to continue...
2025-12-05 12:50:28,739-DEBUG-root-46952::webapp_internal::wait_blocker|2469:: Blocker status: None
2025-12-05 12:50:28,739-INFO-root-46952::webapp_internal::SetKey|5822:: Key pressed: TAB
2025-12-05 12:50:28,739-DEBUG-root-46952::webapp_internal::SetKey|5857:: Trying press key
2025-12-05 12:50:28,739-DEBUG-root-46952::webapp_internal::wait_element|7623:: Waiting for element
2025-12-05 12:50:28,743-WARNING-root-46952::webapp_internal::log_error|8143:: Warning log_error SetKey - Screen is not load: Message: Tried to run command without establishing a connection

2025-12-05 12:50:28,743-DEBUG-root-46952::webapp_internal::log_error|8146:: ***System Info*** in log_error():
2025-12-05 12:50:28,743-DEBUG-root-46952::psutil_info::system_info|5:: CPU USAGE: 19.6%
2025-12-05 12:50:28,743-DEBUG-root-46952::psutil_info::system_info|6:: MEMORY USAGE: 78.1%
2025-12-05 12:50:28,744-DEBUG-root-46952::psutil_info::system_info|7:: MEMORY AVAILABLE: 21.92%
2025-12-05 12:50:28,752-ERROR-root-46952::webapp_internal::log_error|8181:: Warning Log Error Close Message: Tried to run command without establishing a connection
Traceback (most recent call last):
  File "C:\TIR_TESTE\venv\Lib\site-packages\tir\technologies\core\base.py", line 501, in get_current_DOM
    self.driver.switch_to.default_content()
  File "C:\TIR_TESTE\venv\Lib\site-packages\selenium\webdriver\remote\switch_to.py", line 69, in default_content
    self._driver.execute(Command.SWITCH_TO_FRAME, {"id": None})
  File "C:\TIR_TESTE\venv\Lib\site-packages\selenium\webdriver\remote\webdriver.py", line 347, in execute
    self.error_handler.check_response(response)
  File "C:\TIR_TESTE\venv\Lib\site-packages\selenium\webdriver\remote\errorhandler.py", line 229, in check_response
    raise exception_class(message, screen, stacktrace)
selenium.common.exceptions.InvalidSessionIdException: Message: Tried to run command without establishing a connection


During handling of the above exception, another exception occurred:

Traceback (most recent call last):
  File "C:\TIR_TESTE\venv\Lib\site-packages\tir\technologies\webapp_internal.py", line 5861, in SetKey
    self.LoadGrid()
  File "C:\TIR_TESTE\venv\Lib\site-packages\tir\technologies\webapp_internal.py", line 6284, in LoadGrid
    self.wait_element(term=selector, scrap_type=enum.ScrapType.CSS_SELECTOR)
  File "C:\TIR_TESTE\venv\Lib\site-packages\tir\technologies\webapp_internal.py", line 7626, in wait_element
    while (not self.element_exists(term, scrap_type, position, optional_term, main_container, check_error, twebview, second_term) and time.time() < endtime):
               ^^^^^^^^^^^^^^^^^^^^^^^^^^^^^^^^^^^^^^^^^^^^^^^^^^^^^^^^^^^^^^^^^^^^^^^^^^^^^^^^^^^^^^^^^^^^^^^^^^^^^^^^^^^^^^^^^^
  File "C:\TIR_TESTE\venv\Lib\site-packages\tir\technologies\webapp_internal.py", line 4073, in element_exists
    soup = self.get_current_DOM(twebview=twebview)
           ^^^^^^^^^^^^^^^^^^^^^^^^^^^^^^^^^^^^^^^
  File "C:\TIR_TESTE\venv\Lib\site-packages\tir\technologies\core\base.py", line 538, in get_current_DOM
    self.driver.switch_to.default_content()
  File "C:\TIR_TESTE\venv\Lib\site-packages\selenium\webdriver\remote\switch_to.py", line 69, in default_content
    self._driver.execute(Command.SWITCH_TO_FRAME, {"id": None})
  File "C:\TIR_TESTE\venv\Lib\site-packages\selenium\webdriver\remote\webdriver.py", line 347, in execute
    self.error_handler.check_response(response)
  File "C:\TIR_TESTE\venv\Lib\site-packages\selenium\webdriver\remote\errorhandler.py", line 229, in check_response
    raise exception_class(message, screen, stacktrace)
selenium.common.exceptions.InvalidSessionIdException: Message: Tried to run command without establishing a connection


During handling of the above exception, another exception occurred:

Traceback (most recent call last):
  File "C:\TIR_TESTE\venv\Lib\site-packages\tir\technologies\webapp_internal.py", line 8179, in log_error
    self.driver.close()
  File "C:\TIR_TESTE\venv\Lib\site-packages\selenium\webdriver\remote\webdriver.py", line 458, in close
    self.execute(Command.CLOSE)
  File "C:\TIR_TESTE\venv\Lib\site-packages\selenium\webdriver\remote\webdriver.py", line 347, in execute
    self.error_handler.check_response(response)
  File "C:\TIR_TESTE\venv\Lib\site-packages\selenium\webdriver\remote\errorhandler.py", line 229, in check_response
    raise exception_class(message, screen, stacktrace)
selenium.common.exceptions.InvalidSessionIdException: Message: Tried to run command without establishing a connection

2025-12-05 12:50:29,286-ERROR-root-46952::webapp_internal::TearDown|9654:: Warning tearDown Close Message: Tried to run command without establishing a connection
Traceback (most recent call last):
  File "C:\TIR_TESTE\venv\Lib\site-packages\tir\technologies\webapp_internal.py", line 9652, in TearDown
    self.driver.close()
  File "C:\TIR_TESTE\venv\Lib\site-packages\selenium\webdriver\remote\webdriver.py", line 458, in close
    self.execute(Command.CLOSE)
  File "C:\TIR_TESTE\venv\Lib\site-packages\selenium\webdriver\remote\webdriver.py", line 347, in execute
    self.error_handler.check_response(response)
  File "C:\TIR_TESTE\venv\Lib\site-packages\selenium\webdriver\remote\errorhandler.py", line 229, in check_response
    raise exception_class(message, screen, stacktrace)
selenium.common.exceptions.InvalidSessionIdException: Message: Tried to run command without establishing a connection

2025-12-05 12:46:26,467-DEBUG-root-46952::logging_config::logger|189:: Log file created: 'Log\GESIT03\TIR__20251205124626462.log'
2025-12-05 12:46:26,468-INFO-root-46952::base::Start|1183:: TIR Version: 2.4.3
2025-12-05 12:46:26,468-INFO-root-46952::base::Start|1184:: Python Version: 3.12.10
2025-12-05 12:46:26,468-INFO-root-46952::base::Start|1185:: Starting the browser
2025-12-05 12:46:33,803-INFO-root-46952::base::get_url|1294:: Page is ready!
2025-12-05 12:46:33,808-INFO-root-46952::base::Start|1256:: Browser maximized to 1936x1048
2025-12-05 12:46:33,809-INFO-root-46952::base::Start|1258:: Screen size is different from default used in headless mode
2025-12-05 12:46:33,884-INFO-root-46952::webapp_internal::Setup|247:: ***System Info*** in Setup():
2025-12-05 12:46:33,885-DEBUG-root-46952::psutil_info::system_info|5:: CPU USAGE: 18.6%
2025-12-05 12:46:33,886-DEBUG-root-46952::psutil_info::system_info|6:: MEMORY USAGE: 90.7%
2025-12-05 12:46:33,886-DEBUG-root-46952::psutil_info::system_info|7:: MEMORY AVAILABLE: 9.33%
2025-12-05 12:46:33,895-INFO-root-46952::base::webapp_shadowroot|1394:: Webapp: 10.1.6-RC4
2025-12-05 12:46:33,931-INFO-root-46952::webapp_internal::filling_initial_program|449:: Filling Initial Program: "SIGAMDI"
2025-12-05 12:46:33,931-DEBUG-root-46952::webapp_internal::wait_element|7623:: Waiting for element
2025-12-05 12:46:33,998-DEBUG-root-46952::webapp_internal::wait_element|7653:: Element found! Waiting for element to be displayed.
2025-12-05 12:46:34,256-DEBUG-root-46952::base::click|192:: Click Type: ClickType.JS
2025-12-05 12:46:34,261-DEBUG-root-46952::webapp_internal::try_send_keys|7976:: Trying to send keys to element using technique 0
2025-12-05 12:46:35,352-DEBUG-root-46952::webapp_internal::get_web_value|3232:: Current value: SIGAMDI
2025-12-05 12:46:35,352-INFO-root-46952::webapp_internal::filling_server_environment|463:: Filling Server Environment: "POUPEX_TST"
2025-12-05 12:46:35,352-DEBUG-root-46952::webapp_internal::wait_element|7623:: Waiting for element
2025-12-05 12:46:35,379-DEBUG-root-46952::webapp_internal::wait_element|7653:: Element found! Waiting for element to be displayed.
2025-12-05 12:46:35,535-DEBUG-root-46952::base::click|192:: Click Type: ClickType.JS
2025-12-05 12:46:35,540-DEBUG-root-46952::webapp_internal::try_send_keys|7976:: Trying to send keys to element using technique 0
2025-12-05 12:46:35,843-DEBUG-root-46952::webapp_internal::get_web_value|3232:: Current value: POUPEX_TST
2025-12-05 12:46:35,861-DEBUG-root-46952::base::click|192:: Click Type: ClickType.JS
2025-12-05 12:46:35,874-DEBUG-root-46952::webapp_internal::user_screen|519:: Filling user screen
2025-12-05 12:46:42,547-DEBUG-root-46952::base::scroll_to_element|759:: ********Warining scroll_to_element exception: Message: TypeError: can't access property "scrollIntoView", arguments[0] is null
Stacktrace:
@https://qasrverp:10020/webapp/:2:7
@https://qasrverp:10020/webapp/:3:8
*********
2025-12-05 12:46:42,580-DEBUG-root-46952::webapp_internal::wait_element_timeout|7726:: Element found! Waiting for element to be displayed.
2025-12-05 12:46:42,642-DEBUG-root-46952::base::scroll_to_element|759:: ********Warining scroll_to_element exception: Message: TypeError: can't access property "scrollIntoView", arguments[0] is null
Stacktrace:
@https://qasrverp:10020/webapp/:2:7
@https://qasrverp:10020/webapp/:3:8
*********
2025-12-05 12:46:42,778-INFO-root-46952::webapp_internal::user_screen|561:: Filling User
2025-12-05 12:46:42,802-DEBUG-root-46952::base::double_click|259:: Click Type: ClickType.SELENIUM
2025-12-05 12:46:42,986-DEBUG-root-46952::webapp_internal::get_web_value|3232:: Current value: 97137227104
2025-12-05 12:46:43,008-INFO-root-46952::webapp_internal::user_screen|621:: Filling Password
2025-12-05 12:46:43,026-DEBUG-root-46952::base::click|192:: Click Type: ClickType.JS
2025-12-05 12:46:43,093-DEBUG-root-46952::webapp_internal::get_web_value|3232:: Current value: Val20221080080094+
2025-12-05 12:46:43,094-DEBUG-root-46952::webapp_internal::wait_blocker|2444:: Waiting blocker to continue...
2025-12-05 12:46:43,120-DEBUG-root-46952::webapp_internal::wait_blocker|2469:: Blocker status: None
2025-12-05 12:46:43,138-DEBUG-root-46952::webapp_internal::wait_blocker|2444:: Waiting blocker to continue...
2025-12-05 12:46:43,164-DEBUG-root-46952::webapp_internal::wait_blocker|2469:: Blocker status: None
2025-12-05 12:46:43,196-DEBUG-root-46952::webapp_internal::wait_blocker|2444:: Waiting blocker to continue...
2025-12-05 12:46:43,220-DEBUG-root-46952::webapp_internal::wait_blocker|2469:: Blocker status: None
2025-12-05 12:46:43,220-DEBUG-root-46952::webapp_internal::send_action|10480:: Trying to send action
2025-12-05 12:46:43,226-DEBUG-root-46952::base::click|192:: Click Type: ClickType.JS
2025-12-05 12:46:44,264-DEBUG-root-46952::webapp_internal::send_action|10522:: send_action method result = True
2025-12-05 12:46:44,264-DEBUG-root-46952::webapp_internal::send_action|10523:: send_action selenium status: False
2025-12-05 12:46:46,788-DEBUG-root-46952::base::scroll_to_element|759:: ********Warining scroll_to_element exception: Message: TypeError: can't access property "scrollIntoView", arguments[0] is null
Stacktrace:
@https://qasrverp:10020/webapp/:2:7
@https://qasrverp:10020/webapp/:3:8
*********
2025-12-05 12:46:46,836-INFO-root-46952::webapp_internal::filling_date|885:: Filling Date: "05/12/2025"
2025-12-05 12:46:46,836-DEBUG-root-46952::webapp_internal::wait_blocker|2444:: Waiting blocker to continue...
2025-12-05 12:46:46,870-DEBUG-root-46952::webapp_internal::wait_blocker|2469:: Blocker status: None
2025-12-05 12:46:46,873-DEBUG-root-46952::base::click|192:: Click Type: ClickType.JS
2025-12-05 12:46:46,891-DEBUG-root-46952::webapp_internal::try_send_keys|7976:: Trying to send keys to element using technique 1
2025-12-05 12:46:46,958-DEBUG-root-46952::webapp_internal::get_web_value|3232:: Current value: 05/12/2025
2025-12-05 12:46:48,034-INFO-root-46952::webapp_internal::filling_group|955:: Filling Group: "02"
2025-12-05 12:46:48,034-DEBUG-root-46952::webapp_internal::wait_blocker|2444:: Waiting blocker to continue...
2025-12-05 12:46:48,063-DEBUG-root-46952::webapp_internal::wait_blocker|2469:: Blocker status: None
2025-12-05 12:46:48,065-DEBUG-root-46952::base::click|192:: Click Type: ClickType.JS
2025-12-05 12:46:48,107-DEBUG-root-46952::webapp_internal::get_web_value|3232:: Current value: 02
2025-12-05 12:46:49,164-INFO-root-46952::webapp_internal::filling_branch|1047:: Filling Branch: "02DF0001"
2025-12-05 12:46:49,165-DEBUG-root-46952::webapp_internal::wait_blocker|2444:: Waiting blocker to continue...
2025-12-05 12:46:49,194-DEBUG-root-46952::webapp_internal::wait_blocker|2469:: Blocker status: None
2025-12-05 12:46:49,197-DEBUG-root-46952::base::click|192:: Click Type: ClickType.JS
2025-12-05 12:46:49,236-DEBUG-root-46952::webapp_internal::get_web_value|3232:: Current value: 02DF0001
2025-12-05 12:46:50,315-INFO-root-46952::webapp_internal::filling_environment|1113:: Filling Environment: "07"
2025-12-05 12:46:50,315-DEBUG-root-46952::webapp_internal::wait_blocker|2444:: Waiting blocker to continue...
2025-12-05 12:46:50,349-DEBUG-root-46952::webapp_internal::wait_blocker|2469:: Blocker status: None
2025-12-05 12:46:50,351-DEBUG-root-46952::base::click|192:: Click Type: ClickType.JS
2025-12-05 12:46:50,389-DEBUG-root-46952::webapp_internal::get_web_value|3232:: Current value: 07
2025-12-05 12:46:51,397-DEBUG-root-46952::webapp_internal::close_warning_screen|1489:: Closing warning screen!
2025-12-05 12:46:52,427-DEBUG-root-46952::webapp_internal::check_screen_element|1291:: Checking screen element: "Atenção": False
2025-12-05 12:46:53,525-INFO-root-46952::webapp_internal::environment_screen|796:: Clicking on Button
2025-12-05 12:46:53,525-DEBUG-root-46952::webapp_internal::wait_blocker|2444:: Waiting blocker to continue...
2025-12-05 12:46:53,559-DEBUG-root-46952::webapp_internal::wait_blocker|2469:: Blocker status: None
2025-12-05 12:46:53,562-DEBUG-root-46952::base::click|192:: Click Type: ClickType.JS
2025-12-05 12:46:54,572-DEBUG-root-46952::base::click|192:: Click Type: ClickType.JS
2025-12-05 12:46:55,580-DEBUG-root-46952::base::click|192:: Click Type: ClickType.JS
2025-12-05 12:46:56,588-DEBUG-root-46952::base::click|192:: Click Type: ClickType.JS
2025-12-05 12:46:57,595-DEBUG-root-46952::base::click|192:: Click Type: ClickType.JS
2025-12-05 12:46:58,602-DEBUG-root-46952::base::click|192:: Click Type: ClickType.JS
2025-12-05 12:46:59,610-DEBUG-root-46952::webapp_internal::close_screen_before_menu|368:: Closing screen before the menu
2025-12-05 12:46:59,655-DEBUG-root-46952::webapp_internal::close_warning_screen|1489:: Closing warning screen!
2025-12-05 12:47:00,695-DEBUG-root-46952::webapp_internal::check_screen_element|1291:: Checking screen element: "Atenção": False
2025-12-05 12:47:00,695-DEBUG-root-46952::webapp_internal::close_coin_screen|1424:: Closing coin screen!
2025-12-05 12:47:01,246-DEBUG-root-46952::base::click|192:: Click Type: ClickType.JS
2025-12-05 12:47:01,305-DEBUG-root-46952::webapp_internal::close_warning_screen|1489:: Closing warning screen!
2025-12-05 12:47:02,349-DEBUG-root-46952::webapp_internal::check_screen_element|1291:: Checking screen element: "Atenção": False
2025-12-05 12:47:02,349-DEBUG-root-46952::webapp_internal::close_coin_screen|1424:: Closing coin screen!
2025-12-05 12:47:02,440-INFO-root-46952::webapp_internal::set_log_info|1623:: Getting log info
2025-12-05 12:47:02,440-INFO-root-46952::webapp_internal::SetLateralMenu|4184:: Navigating lateral menu: Ajuda > Sobre
2025-12-05 12:47:02,449-DEBUG-root-46952::webapp_internal::wait_element|7623:: Waiting for element
2025-12-05 12:47:02,494-DEBUG-root-46952::webapp_internal::wait_element|7653:: Element found! Waiting for element to be displayed.
2025-12-05 12:47:02,651-INFO-root-46952::webapp_internal::SetLateralMenu|4203:: Menu item: "Ajuda"
2025-12-05 12:47:02,651-DEBUG-root-46952::webapp_internal::wait_blocker|2444:: Waiting blocker to continue...
2025-12-05 12:47:02,725-DEBUG-root-46952::webapp_internal::wait_blocker|2469:: Blocker status: False
2025-12-05 12:47:03,065-DEBUG-root-46952::webapp_internal::wait_element_timeout|7726:: Element found! Waiting for element to be displayed.
2025-12-05 12:47:03,339-DEBUG-root-46952::webapp_internal::wait_blocker|2444:: Waiting blocker to continue...
2025-12-05 12:47:03,405-DEBUG-root-46952::webapp_internal::wait_blocker|2469:: Blocker status: False
2025-12-05 12:47:05,698-INFO-root-46952::webapp_internal::SetLateralMenu|4203:: Menu item: "Sobre"
2025-12-05 12:47:05,698-DEBUG-root-46952::webapp_internal::wait_blocker|2444:: Waiting blocker to continue...
2025-12-05 12:47:05,759-DEBUG-root-46952::webapp_internal::wait_blocker|2469:: Blocker status: False
2025-12-05 12:47:06,132-DEBUG-root-46952::webapp_internal::wait_element_timeout|7726:: Element found! Waiting for element to be displayed.
2025-12-05 12:47:06,455-DEBUG-root-46952::webapp_internal::wait_blocker|2444:: Waiting blocker to continue...
2025-12-05 12:47:06,523-DEBUG-root-46952::webapp_internal::wait_blocker|2469:: Blocker status: False
2025-12-05 12:47:09,105-DEBUG-root-46952::webapp_internal::wait_blocker|2444:: Waiting blocker to continue...
2025-12-05 12:47:09,171-DEBUG-root-46952::webapp_internal::wait_blocker|2469:: Blocker status: False
2025-12-05 12:47:09,234-DEBUG-root-46952::webapp_internal::wait_element|7623:: Waiting for element
2025-12-05 12:47:09,276-DEBUG-root-46952::webapp_internal::wait_element|7653:: Element found! Waiting for element to be displayed.
2025-12-05 12:47:09,455-INFO-root-46952::webapp_internal::SetButton|4444:: Clicking on Fechar
2025-12-05 12:47:09,455-DEBUG-root-46952::webapp_internal::wait_blocker|2444:: Waiting blocker to continue...
2025-12-05 12:47:09,524-DEBUG-root-46952::webapp_internal::wait_blocker|2469:: Blocker status: False
2025-12-05 12:47:09,698-DEBUG-root-46952::webapp_internal::wait_element_timeout|7726:: Element found! Waiting for element to be displayed.
2025-12-05 12:47:09,763-DEBUG-root-46952::webapp_internal::SetButton|4481:: ***System Info*** Before Clicking on button:Fechar
2025-12-05 12:47:09,763-DEBUG-root-46952::psutil_info::system_info|5:: CPU USAGE: 7.1%
2025-12-05 12:47:09,764-DEBUG-root-46952::psutil_info::system_info|6:: MEMORY USAGE: 88.2%
2025-12-05 12:47:09,764-DEBUG-root-46952::psutil_info::system_info|7:: MEMORY AVAILABLE: 11.76%
2025-12-05 12:47:09,924-DEBUG-root-46952::webapp_internal::wait_element_timeout|7726:: Element found! Waiting for element to be displayed.
2025-12-05 12:47:10,022-DEBUG-root-46952::webapp_internal::wait_blocker|2444:: Waiting blocker to continue...
2025-12-05 12:47:10,088-DEBUG-root-46952::webapp_internal::wait_blocker|2469:: Blocker status: False
2025-12-05 12:47:10,103-DEBUG-root-46952::webapp_internal::wait_blocker|2444:: Waiting blocker to continue...
2025-12-05 12:47:10,171-DEBUG-root-46952::webapp_internal::wait_blocker|2469:: Blocker status: False
2025-12-05 12:47:10,172-DEBUG-root-46952::webapp_internal::send_action|10480:: Trying to send action
2025-12-05 12:47:10,173-DEBUG-root-46952::base::click|192:: Click Type: ClickType.JS
2025-12-05 12:47:11,201-DEBUG-root-46952::webapp_internal::send_action|10522:: send_action method result = True
2025-12-05 12:47:11,201-DEBUG-root-46952::webapp_internal::send_action|10523:: send_action selenium status: False
2025-12-05 12:47:11,201-DEBUG-root-46952::webapp_internal::SetButton|4683:: ***System Info*** After Clicking on button:
2025-12-05 12:47:11,202-DEBUG-root-46952::psutil_info::system_info|5:: CPU USAGE: 3.8%
2025-12-05 12:47:11,202-DEBUG-root-46952::psutil_info::system_info|6:: MEMORY USAGE: 88.3%
2025-12-05 12:47:11,202-DEBUG-root-46952::psutil_info::system_info|7:: MEMORY AVAILABLE: 11.66%
2025-12-05 12:47:11,202-DEBUG-root-46952::webapp_internal::wait_element|7623:: Waiting for element
2025-12-05 12:47:11,284-INFO-root-46952::webapp_internal::SetLateralMenu|4184:: Navigating lateral menu: Atualizações > Gestao de Viagens > Solicitações
2025-12-05 12:47:11,295-DEBUG-root-46952::webapp_internal::wait_element|7623:: Waiting for element
2025-12-05 12:47:11,330-DEBUG-root-46952::webapp_internal::wait_element|7653:: Element found! Waiting for element to be displayed.
2025-12-05 12:47:11,488-INFO-root-46952::webapp_internal::SetLateralMenu|4203:: Menu item: "Atualizações"
2025-12-05 12:47:11,488-DEBUG-root-46952::webapp_internal::wait_blocker|2444:: Waiting blocker to continue...
2025-12-05 12:47:11,552-DEBUG-root-46952::webapp_internal::wait_blocker|2469:: Blocker status: False
2025-12-05 12:47:11,950-DEBUG-root-46952::webapp_internal::wait_element_timeout|7726:: Element found! Waiting for element to be displayed.
2025-12-05 12:47:12,270-DEBUG-root-46952::webapp_internal::wait_blocker|2444:: Waiting blocker to continue...
2025-12-05 12:47:12,333-DEBUG-root-46952::webapp_internal::wait_blocker|2469:: Blocker status: False
2025-12-05 12:47:14,603-INFO-root-46952::webapp_internal::SetLateralMenu|4203:: Menu item: "Gestao de Viagens"
2025-12-05 12:47:14,604-DEBUG-root-46952::webapp_internal::wait_blocker|2444:: Waiting blocker to continue...
2025-12-05 12:47:14,696-DEBUG-root-46952::webapp_internal::wait_blocker|2469:: Blocker status: False
2025-12-05 12:47:15,396-DEBUG-root-46952::webapp_internal::wait_element_timeout|7726:: Element found! Waiting for element to be displayed.
2025-12-05 12:47:16,156-DEBUG-root-46952::webapp_internal::wait_blocker|2444:: Waiting blocker to continue...
2025-12-05 12:47:16,281-DEBUG-root-46952::webapp_internal::wait_blocker|2469:: Blocker status: False
2025-12-05 12:47:18,580-INFO-root-46952::webapp_internal::SetLateralMenu|4203:: Menu item: "Solicitações"
2025-12-05 12:47:18,580-DEBUG-root-46952::webapp_internal::wait_blocker|2444:: Waiting blocker to continue...
2025-12-05 12:47:18,654-DEBUG-root-46952::webapp_internal::wait_blocker|2469:: Blocker status: False
2025-12-05 12:47:19,419-DEBUG-root-46952::webapp_internal::wait_element_timeout|7726:: Element found! Waiting for element to be displayed.
2025-12-05 12:47:20,148-DEBUG-root-46952::webapp_internal::wait_blocker|2444:: Waiting blocker to continue...
2025-12-05 12:47:20,243-DEBUG-root-46952::webapp_internal::wait_blocker|2469:: Blocker status: False
2025-12-05 12:47:23,737-DEBUG-root-46952::webapp_internal::wait_blocker|2444:: Waiting blocker to continue...
2025-12-05 12:47:23,822-DEBUG-root-46952::webapp_internal::wait_blocker|2469:: Blocker status: False
2025-12-05 12:47:23,898-INFO-root-46952::webapp_internal::WaitShow|4980:: Waiting show text 'Este ambiente utiliza base de Homologação.'...
2025-12-05 12:47:29,698-INFO-root-46952::webapp_internal::WaitShow|4980:: Waiting show text 'Moedas'...
2025-12-05 12:47:35,217-INFO-root-46952::webapp_internal::WaitShow|4980:: Waiting show text 'Solicitação de Viagens/Treinamento'...
2025-12-05 12:47:35,277-INFO-root-46952::webapp_internal::WaitShow|4996:: Text found! 
2025-12-05 12:47:35,277-INFO-root-46952::webapp_internal::SetButton|4444:: Clicking on Incluir
2025-12-05 12:47:35,277-DEBUG-root-46952::webapp_internal::wait_blocker|2444:: Waiting blocker to continue...
2025-12-05 12:47:35,365-DEBUG-root-46952::webapp_internal::wait_blocker|2469:: Blocker status: False
2025-12-05 12:47:35,760-DEBUG-root-46952::webapp_internal::wait_element_timeout|7726:: Element found! Waiting for element to be displayed.
2025-12-05 12:47:36,026-DEBUG-root-46952::webapp_internal::SetButton|4481:: ***System Info*** Before Clicking on button:Incluir
2025-12-05 12:47:36,026-DEBUG-root-46952::psutil_info::system_info|5:: CPU USAGE: 7.4%
2025-12-05 12:47:36,028-DEBUG-root-46952::psutil_info::system_info|6:: MEMORY USAGE: 88.6%
2025-12-05 12:47:36,028-DEBUG-root-46952::psutil_info::system_info|7:: MEMORY AVAILABLE: 11.37%
2025-12-05 12:47:36,411-DEBUG-root-46952::webapp_internal::wait_element_timeout|7726:: Element found! Waiting for element to be displayed.
2025-12-05 12:47:36,729-DEBUG-root-46952::webapp_internal::wait_blocker|2444:: Waiting blocker to continue...
2025-12-05 12:47:36,822-DEBUG-root-46952::webapp_internal::wait_blocker|2469:: Blocker status: False
2025-12-05 12:47:36,845-DEBUG-root-46952::webapp_internal::wait_blocker|2444:: Waiting blocker to continue...
2025-12-05 12:47:36,944-DEBUG-root-46952::webapp_internal::wait_blocker|2469:: Blocker status: False
2025-12-05 12:47:36,944-DEBUG-root-46952::webapp_internal::send_action|10480:: Trying to send action
2025-12-05 12:47:36,946-DEBUG-root-46952::base::click|192:: Click Type: ClickType.JS
2025-12-05 12:47:38,326-DEBUG-root-46952::webapp_internal::send_action|10522:: send_action method result = True
2025-12-05 12:47:38,327-DEBUG-root-46952::webapp_internal::send_action|10523:: send_action selenium status: True
2025-12-05 12:47:38,327-DEBUG-root-46952::webapp_internal::SetButton|4683:: ***System Info*** After Clicking on button:
2025-12-05 12:47:38,327-DEBUG-root-46952::psutil_info::system_info|5:: CPU USAGE: 14.3%
2025-12-05 12:47:38,328-DEBUG-root-46952::psutil_info::system_info|6:: MEMORY USAGE: 89.2%
2025-12-05 12:47:38,328-DEBUG-root-46952::psutil_info::system_info|7:: MEMORY AVAILABLE: 10.78%
2025-12-05 12:47:38,529-DEBUG-root-46952::webapp_internal::wait_blocker|2444:: Waiting blocker to continue...
2025-12-05 12:47:38,629-DEBUG-root-46952::webapp_internal::wait_blocker|2469:: Blocker status: False
2025-12-05 12:47:38,629-INFO-root-46952::webapp_internal::SearchBrowse|2003:: Searching: 02DF0001
2025-12-05 12:47:38,782-DEBUG-root-46952::webapp_internal::wait_element_timeout|7726:: Element found! Waiting for element to be displayed.
2025-12-05 12:47:38,876-DEBUG-root-46952::webapp_internal::wait_blocker|2444:: Waiting blocker to continue...
2025-12-05 12:47:38,970-DEBUG-root-46952::webapp_internal::wait_blocker|2469:: Blocker status: False
2025-12-05 12:47:38,989-DEBUG-root-46952::webapp_internal::wait_blocker|2444:: Waiting blocker to continue...
2025-12-05 12:47:39,110-DEBUG-root-46952::webapp_internal::wait_blocker|2469:: Blocker status: False
2025-12-05 12:47:39,110-INFO-root-46952::webapp_internal::fill_search_browse|2399:: Filling: 02DF0001
2025-12-05 12:47:39,120-DEBUG-root-46952::base::click|192:: Click Type: ClickType.JS
2025-12-05 12:47:40,220-DEBUG-root-46952::webapp_internal::wait_blocker|2444:: Waiting blocker to continue...
2025-12-05 12:47:40,320-DEBUG-root-46952::webapp_internal::wait_blocker|2469:: Blocker status: False
2025-12-05 12:47:40,320-DEBUG-root-46952::base::double_click|259:: Click Type: ClickType.SELENIUM
2025-12-05 12:47:40,320-WARNING-root-46952::base::double_click|280:: Warning double_click method Exception: Message: Element <button class="button-image" type="button"> is not clickable at point (1258,360) because another element <wa-button id="COMP6023" class="dict-tbutton focus"> obscures it
Stacktrace:
RemoteError@chrome://remote/content/shared/RemoteError.sys.mjs:8:8
WebDriverError@chrome://remote/content/shared/webdriver/Errors.sys.mjs:202:5
ElementClickInterceptedError@chrome://remote/content/shared/webdriver/Errors.sys.mjs:354:5
webdriverClickElement@chrome://remote/content/marionette/interaction.sys.mjs:175:11
interaction.clickElement@chrome://remote/content/marionette/interaction.sys.mjs:134:11
clickElement@chrome://remote/content/marionette/actors/MarionetteCommandsChild.sys.mjs:327:29
receiveMessage@chrome://remote/content/marionette/actors/MarionetteCommandsChild.sys.mjs:210:31

2025-12-05 12:47:40,610-INFO-root-46952::webapp_internal::SetButton|4444:: Clicking on OK
2025-12-05 12:47:40,610-DEBUG-root-46952::webapp_internal::wait_blocker|2444:: Waiting blocker to continue...
2025-12-05 12:47:40,710-DEBUG-root-46952::webapp_internal::wait_blocker|2469:: Blocker status: False
2025-12-05 12:47:41,000-DEBUG-root-46952::webapp_internal::wait_element_timeout|7726:: Element found! Waiting for element to be displayed.
2025-12-05 12:47:41,190-DEBUG-root-46952::webapp_internal::SetButton|4481:: ***System Info*** Before Clicking on button:OK
2025-12-05 12:47:41,190-DEBUG-root-46952::psutil_info::system_info|5:: CPU USAGE: 9.8%
2025-12-05 12:47:41,193-DEBUG-root-46952::psutil_info::system_info|6:: MEMORY USAGE: 89.4%
2025-12-05 12:47:41,193-DEBUG-root-46952::psutil_info::system_info|7:: MEMORY AVAILABLE: 10.59%
2025-12-05 12:47:41,504-DEBUG-root-46952::webapp_internal::wait_element_timeout|7726:: Element found! Waiting for element to be displayed.
2025-12-05 12:47:41,727-DEBUG-root-46952::webapp_internal::wait_blocker|2444:: Waiting blocker to continue...
2025-12-05 12:47:41,840-DEBUG-root-46952::webapp_internal::wait_blocker|2469:: Blocker status: False
2025-12-05 12:47:41,880-DEBUG-root-46952::webapp_internal::wait_blocker|2444:: Waiting blocker to continue...
2025-12-05 12:47:41,972-DEBUG-root-46952::webapp_internal::wait_blocker|2469:: Blocker status: False
2025-12-05 12:47:41,972-DEBUG-root-46952::webapp_internal::send_action|10480:: Trying to send action
2025-12-05 12:47:41,972-DEBUG-root-46952::base::click|192:: Click Type: ClickType.JS
2025-12-05 12:47:44,380-DEBUG-root-46952::webapp_internal::send_action|10522:: send_action method result = True
2025-12-05 12:47:44,380-DEBUG-root-46952::webapp_internal::send_action|10523:: send_action selenium status: True
2025-12-05 12:47:44,380-DEBUG-root-46952::webapp_internal::SetButton|4683:: ***System Info*** After Clicking on button:
2025-12-05 12:47:44,380-DEBUG-root-46952::psutil_info::system_info|5:: CPU USAGE: 9.1%
2025-12-05 12:47:44,380-DEBUG-root-46952::psutil_info::system_info|6:: MEMORY USAGE: 89.3%
2025-12-05 12:47:44,380-DEBUG-root-46952::psutil_info::system_info|7:: MEMORY AVAILABLE: 10.7%
2025-12-05 12:47:44,585-INFO-root-46952::webapp_internal::WaitShow|4980:: Waiting show text 'Solicitacoes de Viagens - INCLUIR'...
2025-12-05 12:47:44,793-INFO-root-46952::webapp_internal::WaitShow|4996:: Text found! 
2025-12-05 12:47:44,793-DEBUG-root-46952::webapp_internal::wait_blocker|2444:: Waiting blocker to continue...
2025-12-05 12:47:44,920-DEBUG-root-46952::webapp_internal::wait_blocker|2469:: Blocker status: False
2025-12-05 12:47:44,920-DEBUG-root-46952::webapp_internal::wait_element|7623:: Waiting for element
2025-12-05 12:47:45,001-DEBUG-root-46952::webapp_internal::wait_element|7653:: Element found! Waiting for element to be displayed.
2025-12-05 12:47:45,080-INFO-root-46952::webapp_internal::input_value|2941:: Looking for element: ZV3_DESCRI
2025-12-05 12:47:45,278-INFO-root-46952::webapp_internal::input_value|2951:: Element: ZV3_DESCRI Found!
2025-12-05 12:47:45,278-INFO-root-46952::webapp_internal::input_value|2953:: Filling element: ZV3_DESCRI
2025-12-05 12:47:45,305-DEBUG-root-46952::webapp_internal::get_web_value|3232:: Current value:                                                   
2025-12-05 12:47:45,333-DEBUG-root-46952::base::double_click|259:: Click Type: ClickType.SELENIUM
2025-12-05 12:47:45,608-DEBUG-root-46952::webapp_internal::wait_blocker|2444:: Waiting blocker to continue...
2025-12-05 12:47:45,770-DEBUG-root-46952::webapp_internal::wait_blocker|2469:: Blocker status: False
2025-12-05 12:47:46,120-DEBUG-root-46952::webapp_internal::get_web_value|3232:: Current value: USO PARA TESTE AUTOMATIZADO                       
2025-12-05 12:47:46,120-INFO-root-46952::webapp_internal::input_value|3059:: Current field value: USO PARA TESTE AUTOMATIZADO
2025-12-05 12:47:46,155-DEBUG-root-46952::webapp_internal::wait_blocker|2444:: Waiting blocker to continue...
2025-12-05 12:47:46,290-DEBUG-root-46952::webapp_internal::wait_blocker|2469:: Blocker status: False
2025-12-05 12:47:46,290-DEBUG-root-46952::webapp_internal::wait_element|7623:: Waiting for element
2025-12-05 12:47:46,365-DEBUG-root-46952::webapp_internal::wait_element|7653:: Element found! Waiting for element to be displayed.
2025-12-05 12:47:46,435-INFO-root-46952::webapp_internal::input_value|2941:: Looking for element: ZV3_DTINI
2025-12-05 12:47:46,585-INFO-root-46952::webapp_internal::input_value|2951:: Element: ZV3_DTINI Found!
2025-12-05 12:47:46,590-INFO-root-46952::webapp_internal::input_value|2953:: Filling element: ZV3_DTINI
2025-12-05 12:47:46,623-DEBUG-root-46952::webapp_internal::get_web_value|3232:: Current value:   /  /    
2025-12-05 12:47:46,660-DEBUG-root-46952::base::double_click|259:: Click Type: ClickType.SELENIUM
2025-12-05 12:47:46,930-DEBUG-root-46952::webapp_internal::wait_blocker|2444:: Waiting blocker to continue...
2025-12-05 12:47:47,052-DEBUG-root-46952::webapp_internal::wait_blocker|2469:: Blocker status: False
2025-12-05 12:47:47,378-DEBUG-root-46952::webapp_internal::get_web_value|3232:: Current value: 20/12/2025
2025-12-05 12:47:47,378-INFO-root-46952::webapp_internal::input_value|3059:: Current field value: 20122025
2025-12-05 12:47:47,390-DEBUG-root-46952::webapp_internal::wait_blocker|2444:: Waiting blocker to continue...
2025-12-05 12:47:47,520-DEBUG-root-46952::webapp_internal::wait_blocker|2469:: Blocker status: False
2025-12-05 12:47:47,520-DEBUG-root-46952::webapp_internal::wait_element|7623:: Waiting for element
2025-12-05 12:47:47,600-DEBUG-root-46952::webapp_internal::wait_element|7653:: Element found! Waiting for element to be displayed.
2025-12-05 12:47:47,676-INFO-root-46952::webapp_internal::input_value|2941:: Looking for element: ZV3_DTFIM
2025-12-05 12:47:47,846-INFO-root-46952::webapp_internal::input_value|2951:: Element: ZV3_DTFIM Found!
2025-12-05 12:47:47,846-INFO-root-46952::webapp_internal::input_value|2953:: Filling element: ZV3_DTFIM
2025-12-05 12:47:47,884-DEBUG-root-46952::webapp_internal::get_web_value|3232:: Current value:   /  /    
2025-12-05 12:47:47,920-DEBUG-root-46952::base::double_click|259:: Click Type: ClickType.SELENIUM
2025-12-05 12:47:48,174-DEBUG-root-46952::webapp_internal::wait_blocker|2444:: Waiting blocker to continue...
2025-12-05 12:47:48,298-DEBUG-root-46952::webapp_internal::wait_blocker|2469:: Blocker status: False
2025-12-05 12:47:48,624-DEBUG-root-46952::webapp_internal::get_web_value|3232:: Current value: 27/12/2025
2025-12-05 12:47:48,624-INFO-root-46952::webapp_internal::input_value|3059:: Current field value: 27122025
2025-12-05 12:47:49,638-DEBUG-root-46952::webapp_internal::wait_blocker|2444:: Waiting blocker to continue...
2025-12-05 12:47:49,781-DEBUG-root-46952::webapp_internal::wait_blocker|2469:: Blocker status: False
2025-12-05 12:47:49,781-DEBUG-root-46952::webapp_internal::wait_element|7623:: Waiting for element
2025-12-05 12:47:49,851-DEBUG-root-46952::webapp_internal::wait_element|7653:: Element found! Waiting for element to be displayed.
2025-12-05 12:47:49,933-INFO-root-46952::webapp_internal::input_value|2941:: Looking for element: ZV3_CC
2025-12-05 12:47:50,119-INFO-root-46952::webapp_internal::input_value|2951:: Element: ZV3_CC Found!
2025-12-05 12:47:50,119-INFO-root-46952::webapp_internal::input_value|2953:: Filling element: ZV3_CC
2025-12-05 12:47:50,137-DEBUG-root-46952::webapp_internal::get_web_value|3232:: Current value:          
2025-12-05 12:47:50,173-DEBUG-root-46952::base::double_click|259:: Click Type: ClickType.SELENIUM
2025-12-05 12:47:50,444-DEBUG-root-46952::webapp_internal::wait_blocker|2444:: Waiting blocker to continue...
2025-12-05 12:47:50,602-DEBUG-root-46952::webapp_internal::wait_blocker|2469:: Blocker status: False
2025-12-05 12:47:50,924-DEBUG-root-46952::webapp_internal::get_web_value|3232:: Current value: 000000677
2025-12-05 12:47:50,924-INFO-root-46952::webapp_internal::input_value|3059:: Current field value: 000000677
2025-12-05 12:47:50,942-DEBUG-root-46952::webapp_internal::wait_blocker|2444:: Waiting blocker to continue...
2025-12-05 12:47:51,083-DEBUG-root-46952::webapp_internal::wait_blocker|2469:: Blocker status: False
2025-12-05 12:47:51,083-DEBUG-root-46952::webapp_internal::wait_element|7623:: Waiting for element
2025-12-05 12:47:51,173-DEBUG-root-46952::webapp_internal::wait_element|7653:: Element found! Waiting for element to be displayed.
2025-12-05 12:47:51,234-INFO-root-46952::webapp_internal::input_value|2941:: Looking for element: ZV3_TIPO
2025-12-05 12:47:51,408-INFO-root-46952::webapp_internal::input_value|2951:: Element: ZV3_TIPO Found!
2025-12-05 12:47:51,408-INFO-root-46952::webapp_internal::input_value|2953:: Filling element: ZV3_TIPO
2025-12-05 12:47:52,588-INFO-root-46952::base::select_combo|871:: Selected value for combo is: 1 - Servico
2025-12-05 12:47:52,618-DEBUG-root-46952::webapp_internal::wait_blocker|2444:: Waiting blocker to continue...
2025-12-05 12:47:52,764-DEBUG-root-46952::webapp_internal::wait_blocker|2469:: Blocker status: False
2025-12-05 12:47:52,764-DEBUG-root-46952::webapp_internal::wait_element|7623:: Waiting for element
2025-12-05 12:47:52,857-DEBUG-root-46952::webapp_internal::wait_element|7653:: Element found! Waiting for element to be displayed.
2025-12-05 12:47:52,926-INFO-root-46952::webapp_internal::input_value|2941:: Looking for element: ZV3_OBS
2025-12-05 12:47:53,079-INFO-root-46952::webapp_internal::input_value|2951:: Element: ZV3_OBS Found!
2025-12-05 12:47:53,079-INFO-root-46952::webapp_internal::input_value|2953:: Filling element: ZV3_OBS
2025-12-05 12:47:53,113-DEBUG-root-46952::webapp_internal::get_web_value|3232:: Current value: 
2025-12-05 12:47:53,118-DEBUG-root-46952::base::double_click|259:: Click Type: ClickType.SELENIUM
2025-12-05 12:47:53,391-DEBUG-root-46952::webapp_internal::wait_blocker|2444:: Waiting blocker to continue...
2025-12-05 12:47:53,514-DEBUG-root-46952::webapp_internal::wait_blocker|2469:: Blocker status: False
2025-12-05 12:47:53,839-DEBUG-root-46952::webapp_internal::get_web_value|3232:: Current value: TESTE DE SOLICITAÇÃO DE VIAGEM
2025-12-05 12:47:53,839-INFO-root-46952::webapp_internal::input_value|3059:: Current field value: TESTE DE SOLICITAÇÃO DE VIAGEM
2025-12-05 12:47:53,859-DEBUG-root-46952::webapp_internal::wait_blocker|2444:: Waiting blocker to continue...
2025-12-05 12:47:53,991-DEBUG-root-46952::webapp_internal::wait_blocker|2469:: Blocker status: False
2025-12-05 12:47:53,991-INFO-root-46952::webapp_internal::SetKey|5822:: Key pressed: TAB
2025-12-05 12:47:53,991-DEBUG-root-46952::webapp_internal::SetKey|5857:: Trying press key
2025-12-05 12:47:54,122-DEBUG-root-46952::webapp_internal::wait_blocker|2444:: Waiting blocker to continue...
2025-12-05 12:47:54,244-DEBUG-root-46952::webapp_internal::wait_blocker|2469:: Blocker status: False
2025-12-05 12:47:54,271-DEBUG-root-46952::webapp_internal::wait_blocker|2444:: Waiting blocker to continue...
2025-12-05 12:47:54,436-DEBUG-root-46952::webapp_internal::wait_blocker|2469:: Blocker status: False
2025-12-05 12:47:54,436-DEBUG-root-46952::webapp_internal::send_action|10480:: Trying to send action
2025-12-05 12:47:55,512-DEBUG-root-46952::webapp_internal::send_action|10522:: send_action method result = True
2025-12-05 12:47:55,512-DEBUG-root-46952::webapp_internal::send_action|10523:: send_action selenium status: False
2025-12-05 12:47:55,512-DEBUG-root-46952::webapp_internal::wait_element|7623:: Waiting for element
2025-12-05 12:47:55,605-DEBUG-root-46952::webapp_internal::wait_element|7653:: Element found! Waiting for element to be displayed.
2025-12-05 12:47:55,859-DEBUG-root-46952::webapp_internal::wait_blocker|2444:: Waiting blocker to continue...
2025-12-05 12:47:55,999-DEBUG-root-46952::webapp_internal::wait_blocker|2469:: Blocker status: False
2025-12-05 12:47:55,999-INFO-root-46952::webapp_internal::LoadGrid|6298:: Filling grid field: Favorecido
2025-12-05 12:47:55,999-DEBUG-root-46952::webapp_internal::fill_grid|6399:: Grid loading...
2025-12-05 12:47:56,164-DEBUG-root-46952::webapp_internal::fill_grid|6466:: Column found!
2025-12-05 12:47:56,205-DEBUG-root-46952::base::click|192:: Click Type: ClickType.ACTIONCHAINS
2025-12-05 12:47:56,498-DEBUG-root-46952::webapp_internal::fill_grid|6486:: Trying to select cell in grid!
2025-12-05 12:47:56,498-DEBUG-root-46952::base::click|192:: Click Type: ClickType.ACTIONCHAINS
2025-12-05 12:47:56,775-DEBUG-root-46952::webapp_internal::fill_grid|6486:: Trying to select cell in grid!
2025-12-05 12:47:56,775-DEBUG-root-46952::base::click|192:: Click Type: ClickType.ACTIONCHAINS
2025-12-05 12:47:57,059-DEBUG-root-46952::webapp_internal::fill_grid|6486:: Trying to select cell in grid!
2025-12-05 12:47:57,059-DEBUG-root-46952::base::click|192:: Click Type: ClickType.ACTIONCHAINS
2025-12-05 12:47:57,339-DEBUG-root-46952::webapp_internal::fill_grid|6486:: Trying to select cell in grid!
2025-12-05 12:47:57,341-DEBUG-root-46952::base::click|192:: Click Type: ClickType.ACTIONCHAINS
2025-12-05 12:47:57,594-DEBUG-root-46952::webapp_internal::fill_grid|6486:: Trying to select cell in grid!
2025-12-05 12:47:57,594-DEBUG-root-46952::base::click|192:: Click Type: ClickType.ACTIONCHAINS
2025-12-05 12:47:57,902-DEBUG-root-46952::webapp_internal::fill_grid|6486:: Trying to select cell in grid!
2025-12-05 12:47:57,902-DEBUG-root-46952::base::click|192:: Click Type: ClickType.ACTIONCHAINS
2025-12-05 12:47:58,170-DEBUG-root-46952::webapp_internal::fill_grid|6486:: Trying to select cell in grid!
2025-12-05 12:47:58,177-DEBUG-root-46952::base::click|192:: Click Type: ClickType.ACTIONCHAINS
2025-12-05 12:47:58,436-DEBUG-root-46952::webapp_internal::fill_grid|6486:: Trying to select cell in grid!
2025-12-05 12:47:58,436-DEBUG-root-46952::base::click|192:: Click Type: ClickType.ACTIONCHAINS
2025-12-05 12:47:58,732-DEBUG-root-46952::webapp_internal::fill_grid|6486:: Trying to select cell in grid!
2025-12-05 12:47:58,732-DEBUG-root-46952::base::click|192:: Click Type: ClickType.ACTIONCHAINS
2025-12-05 12:47:59,002-DEBUG-root-46952::webapp_internal::fill_grid|6486:: Trying to select cell in grid!
2025-12-05 12:47:59,002-DEBUG-root-46952::base::click|192:: Click Type: ClickType.ACTIONCHAINS
2025-12-05 12:47:59,275-DEBUG-root-46952::webapp_internal::fill_grid|6486:: Trying to select cell in grid!
2025-12-05 12:47:59,285-DEBUG-root-46952::base::click|192:: Click Type: ClickType.ACTIONCHAINS
2025-12-05 12:47:59,569-DEBUG-root-46952::webapp_internal::fill_grid|6486:: Trying to select cell in grid!
2025-12-05 12:47:59,569-DEBUG-root-46952::base::click|192:: Click Type: ClickType.ACTIONCHAINS
2025-12-05 12:47:59,858-DEBUG-root-46952::webapp_internal::fill_grid|6486:: Trying to select cell in grid!
2025-12-05 12:47:59,868-DEBUG-root-46952::base::click|192:: Click Type: ClickType.ACTIONCHAINS
2025-12-05 12:48:00,143-DEBUG-root-46952::webapp_internal::fill_grid|6486:: Trying to select cell in grid!
2025-12-05 12:48:00,143-DEBUG-root-46952::base::click|192:: Click Type: ClickType.ACTIONCHAINS
2025-12-05 12:48:00,437-DEBUG-root-46952::webapp_internal::fill_grid|6486:: Trying to select cell in grid!
2025-12-05 12:48:00,448-DEBUG-root-46952::base::click|192:: Click Type: ClickType.ACTIONCHAINS
2025-12-05 12:48:00,725-DEBUG-root-46952::webapp_internal::fill_grid|6486:: Trying to select cell in grid!
2025-12-05 12:48:00,725-DEBUG-root-46952::base::click|192:: Click Type: ClickType.ACTIONCHAINS
2025-12-05 12:48:01,008-DEBUG-root-46952::webapp_internal::fill_grid|6486:: Trying to select cell in grid!
2025-12-05 12:48:01,019-DEBUG-root-46952::base::click|192:: Click Type: ClickType.ACTIONCHAINS
2025-12-05 12:48:01,293-DEBUG-root-46952::webapp_internal::fill_grid|6486:: Trying to select cell in grid!
2025-12-05 12:48:01,293-DEBUG-root-46952::base::click|192:: Click Type: ClickType.ACTIONCHAINS
2025-12-05 12:48:01,575-DEBUG-root-46952::webapp_internal::fill_grid|6486:: Trying to select cell in grid!
2025-12-05 12:48:01,586-DEBUG-root-46952::base::click|192:: Click Type: ClickType.ACTIONCHAINS
2025-12-05 12:48:01,859-DEBUG-root-46952::webapp_internal::fill_grid|6486:: Trying to select cell in grid!
2025-12-05 12:48:01,859-DEBUG-root-46952::base::click|192:: Click Type: ClickType.ACTIONCHAINS
2025-12-05 12:48:02,129-DEBUG-root-46952::webapp_internal::fill_grid|6486:: Trying to select cell in grid!
2025-12-05 12:48:02,129-DEBUG-root-46952::base::click|192:: Click Type: ClickType.ACTIONCHAINS
2025-12-05 12:48:02,403-DEBUG-root-46952::webapp_internal::fill_grid|6486:: Trying to select cell in grid!
2025-12-05 12:48:02,403-DEBUG-root-46952::base::click|192:: Click Type: ClickType.ACTIONCHAINS
2025-12-05 12:48:02,685-DEBUG-root-46952::webapp_internal::fill_grid|6486:: Trying to select cell in grid!
2025-12-05 12:48:02,685-DEBUG-root-46952::base::click|192:: Click Type: ClickType.ACTIONCHAINS
2025-12-05 12:48:02,954-DEBUG-root-46952::webapp_internal::fill_grid|6486:: Trying to select cell in grid!
2025-12-05 12:48:02,954-DEBUG-root-46952::base::click|192:: Click Type: ClickType.ACTIONCHAINS
2025-12-05 12:48:03,220-DEBUG-root-46952::webapp_internal::fill_grid|6486:: Trying to select cell in grid!
2025-12-05 12:48:03,220-DEBUG-root-46952::base::click|192:: Click Type: ClickType.ACTIONCHAINS
2025-12-05 12:48:03,497-DEBUG-root-46952::webapp_internal::fill_grid|6486:: Trying to select cell in grid!
2025-12-05 12:48:03,497-DEBUG-root-46952::base::click|192:: Click Type: ClickType.ACTIONCHAINS
2025-12-05 12:48:03,792-DEBUG-root-46952::webapp_internal::fill_grid|6486:: Trying to select cell in grid!
2025-12-05 12:48:03,792-DEBUG-root-46952::base::click|192:: Click Type: ClickType.ACTIONCHAINS
2025-12-05 12:48:04,087-DEBUG-root-46952::webapp_internal::fill_grid|6486:: Trying to select cell in grid!
2025-12-05 12:48:04,087-DEBUG-root-46952::base::click|192:: Click Type: ClickType.ACTIONCHAINS
2025-12-05 12:48:04,357-DEBUG-root-46952::webapp_internal::fill_grid|6486:: Trying to select cell in grid!
2025-12-05 12:48:04,360-DEBUG-root-46952::base::click|192:: Click Type: ClickType.ACTIONCHAINS
2025-12-05 12:48:04,643-DEBUG-root-46952::webapp_internal::fill_grid|6486:: Trying to select cell in grid!
2025-12-05 12:48:04,643-DEBUG-root-46952::base::click|192:: Click Type: ClickType.ACTIONCHAINS
2025-12-05 12:48:04,937-DEBUG-root-46952::webapp_internal::fill_grid|6486:: Trying to select cell in grid!
2025-12-05 12:48:04,944-DEBUG-root-46952::base::click|192:: Click Type: ClickType.ACTIONCHAINS
2025-12-05 12:48:05,208-DEBUG-root-46952::webapp_internal::fill_grid|6486:: Trying to select cell in grid!
2025-12-05 12:48:05,208-DEBUG-root-46952::base::click|192:: Click Type: ClickType.ACTIONCHAINS
2025-12-05 12:48:05,483-DEBUG-root-46952::webapp_internal::fill_grid|6486:: Trying to select cell in grid!
2025-12-05 12:48:05,483-DEBUG-root-46952::base::click|192:: Click Type: ClickType.ACTIONCHAINS
2025-12-05 12:48:05,776-DEBUG-root-46952::webapp_internal::fill_grid|6486:: Trying to select cell in grid!
2025-12-05 12:48:05,776-DEBUG-root-46952::base::click|192:: Click Type: ClickType.ACTIONCHAINS
2025-12-05 12:48:06,054-DEBUG-root-46952::webapp_internal::fill_grid|6486:: Trying to select cell in grid!
2025-12-05 12:48:06,061-DEBUG-root-46952::base::click|192:: Click Type: ClickType.ACTIONCHAINS
2025-12-05 12:48:06,354-DEBUG-root-46952::webapp_internal::fill_grid|6486:: Trying to select cell in grid!
2025-12-05 12:48:06,356-DEBUG-root-46952::base::click|192:: Click Type: ClickType.ACTIONCHAINS
2025-12-05 12:48:06,611-DEBUG-root-46952::webapp_internal::fill_grid|6486:: Trying to select cell in grid!
2025-12-05 12:48:06,624-DEBUG-root-46952::base::click|192:: Click Type: ClickType.ACTIONCHAINS
2025-12-05 12:48:06,887-DEBUG-root-46952::webapp_internal::fill_grid|6486:: Trying to select cell in grid!
2025-12-05 12:48:06,887-DEBUG-root-46952::base::click|192:: Click Type: ClickType.ACTIONCHAINS
2025-12-05 12:48:07,154-DEBUG-root-46952::webapp_internal::fill_grid|6486:: Trying to select cell in grid!
2025-12-05 12:48:07,154-DEBUG-root-46952::base::click|192:: Click Type: ClickType.ACTIONCHAINS
2025-12-05 12:48:07,432-DEBUG-root-46952::webapp_internal::fill_grid|6486:: Trying to select cell in grid!
2025-12-05 12:48:07,432-DEBUG-root-46952::base::click|192:: Click Type: ClickType.ACTIONCHAINS
2025-12-05 12:48:07,727-DEBUG-root-46952::webapp_internal::fill_grid|6486:: Trying to select cell in grid!
2025-12-05 12:48:07,727-DEBUG-root-46952::base::click|192:: Click Type: ClickType.ACTIONCHAINS
2025-12-05 12:48:08,009-DEBUG-root-46952::webapp_internal::fill_grid|6486:: Trying to select cell in grid!
2025-12-05 12:48:08,019-DEBUG-root-46952::base::click|192:: Click Type: ClickType.ACTIONCHAINS
2025-12-05 12:48:08,300-DEBUG-root-46952::webapp_internal::fill_grid|6486:: Trying to select cell in grid!
2025-12-05 12:48:08,302-DEBUG-root-46952::base::click|192:: Click Type: ClickType.ACTIONCHAINS
2025-12-05 12:48:08,592-DEBUG-root-46952::webapp_internal::fill_grid|6486:: Trying to select cell in grid!
2025-12-05 12:48:08,592-DEBUG-root-46952::base::click|192:: Click Type: ClickType.ACTIONCHAINS
2025-12-05 12:48:08,875-DEBUG-root-46952::webapp_internal::fill_grid|6486:: Trying to select cell in grid!
2025-12-05 12:48:08,875-DEBUG-root-46952::base::click|192:: Click Type: ClickType.ACTIONCHAINS
2025-12-05 12:48:09,169-DEBUG-root-46952::webapp_internal::fill_grid|6486:: Trying to select cell in grid!
2025-12-05 12:48:09,171-DEBUG-root-46952::base::click|192:: Click Type: ClickType.ACTIONCHAINS
2025-12-05 12:48:09,433-DEBUG-root-46952::webapp_internal::fill_grid|6486:: Trying to select cell in grid!
2025-12-05 12:48:09,433-DEBUG-root-46952::base::click|192:: Click Type: ClickType.ACTIONCHAINS
2025-12-05 12:48:09,730-DEBUG-root-46952::webapp_internal::fill_grid|6486:: Trying to select cell in grid!
2025-12-05 12:48:09,730-DEBUG-root-46952::base::click|192:: Click Type: ClickType.ACTIONCHAINS
2025-12-05 12:48:10,003-DEBUG-root-46952::webapp_internal::fill_grid|6486:: Trying to select cell in grid!
2025-12-05 12:48:10,003-DEBUG-root-46952::base::click|192:: Click Type: ClickType.ACTIONCHAINS
2025-12-05 12:48:10,275-DEBUG-root-46952::webapp_internal::fill_grid|6486:: Trying to select cell in grid!
2025-12-05 12:48:10,287-DEBUG-root-46952::base::click|192:: Click Type: ClickType.ACTIONCHAINS
2025-12-05 12:48:10,565-DEBUG-root-46952::webapp_internal::fill_grid|6486:: Trying to select cell in grid!
2025-12-05 12:48:10,565-DEBUG-root-46952::base::click|192:: Click Type: ClickType.ACTIONCHAINS
2025-12-05 12:48:10,865-DEBUG-root-46952::webapp_internal::fill_grid|6486:: Trying to select cell in grid!
2025-12-05 12:48:10,876-DEBUG-root-46952::base::click|192:: Click Type: ClickType.ACTIONCHAINS
2025-12-05 12:48:11,171-DEBUG-root-46952::webapp_internal::fill_grid|6486:: Trying to select cell in grid!
2025-12-05 12:48:11,171-DEBUG-root-46952::base::click|192:: Click Type: ClickType.ACTIONCHAINS
2025-12-05 12:48:11,434-DEBUG-root-46952::webapp_internal::fill_grid|6486:: Trying to select cell in grid!
2025-12-05 12:48:11,434-DEBUG-root-46952::base::click|192:: Click Type: ClickType.ACTIONCHAINS
2025-12-05 12:48:11,722-DEBUG-root-46952::webapp_internal::fill_grid|6486:: Trying to select cell in grid!
2025-12-05 12:48:11,722-DEBUG-root-46952::base::click|192:: Click Type: ClickType.ACTIONCHAINS
2025-12-05 12:48:11,992-DEBUG-root-46952::webapp_internal::fill_grid|6486:: Trying to select cell in grid!
2025-12-05 12:48:12,004-DEBUG-root-46952::base::click|192:: Click Type: ClickType.ACTIONCHAINS
2025-12-05 12:48:12,289-DEBUG-root-46952::webapp_internal::fill_grid|6486:: Trying to select cell in grid!
2025-12-05 12:48:12,289-DEBUG-root-46952::base::click|192:: Click Type: ClickType.ACTIONCHAINS
2025-12-05 12:48:12,565-DEBUG-root-46952::webapp_internal::fill_grid|6486:: Trying to select cell in grid!
2025-12-05 12:48:12,565-DEBUG-root-46952::base::click|192:: Click Type: ClickType.ACTIONCHAINS
2025-12-05 12:48:12,860-DEBUG-root-46952::webapp_internal::fill_grid|6486:: Trying to select cell in grid!
2025-12-05 12:48:12,873-DEBUG-root-46952::base::click|192:: Click Type: ClickType.ACTIONCHAINS
2025-12-05 12:48:13,137-DEBUG-root-46952::webapp_internal::fill_grid|6486:: Trying to select cell in grid!
2025-12-05 12:48:13,137-DEBUG-root-46952::base::click|192:: Click Type: ClickType.ACTIONCHAINS
2025-12-05 12:48:13,400-DEBUG-root-46952::webapp_internal::fill_grid|6486:: Trying to select cell in grid!
2025-12-05 12:48:13,400-DEBUG-root-46952::base::click|192:: Click Type: ClickType.ACTIONCHAINS
2025-12-05 12:48:13,687-DEBUG-root-46952::webapp_internal::fill_grid|6486:: Trying to select cell in grid!
2025-12-05 12:48:13,687-DEBUG-root-46952::base::click|192:: Click Type: ClickType.ACTIONCHAINS
2025-12-05 12:48:13,976-DEBUG-root-46952::webapp_internal::fill_grid|6486:: Trying to select cell in grid!
2025-12-05 12:48:13,985-DEBUG-root-46952::base::click|192:: Click Type: ClickType.ACTIONCHAINS
2025-12-05 12:48:14,258-DEBUG-root-46952::webapp_internal::fill_grid|6486:: Trying to select cell in grid!
2025-12-05 12:48:14,269-DEBUG-root-46952::base::click|192:: Click Type: ClickType.ACTIONCHAINS
2025-12-05 12:48:14,539-DEBUG-root-46952::webapp_internal::fill_grid|6486:: Trying to select cell in grid!
2025-12-05 12:48:14,539-DEBUG-root-46952::base::click|192:: Click Type: ClickType.ACTIONCHAINS
2025-12-05 12:48:14,803-DEBUG-root-46952::webapp_internal::fill_grid|6486:: Trying to select cell in grid!
2025-12-05 12:48:14,803-DEBUG-root-46952::base::click|192:: Click Type: ClickType.ACTIONCHAINS
2025-12-05 12:48:15,102-DEBUG-root-46952::webapp_internal::fill_grid|6486:: Trying to select cell in grid!
2025-12-05 12:48:15,105-DEBUG-root-46952::base::click|192:: Click Type: ClickType.ACTIONCHAINS
2025-12-05 12:48:15,372-DEBUG-root-46952::webapp_internal::fill_grid|6486:: Trying to select cell in grid!
2025-12-05 12:48:15,375-DEBUG-root-46952::base::click|192:: Click Type: ClickType.ACTIONCHAINS
2025-12-05 12:48:15,653-DEBUG-root-46952::webapp_internal::fill_grid|6486:: Trying to select cell in grid!
2025-12-05 12:48:15,655-DEBUG-root-46952::base::click|192:: Click Type: ClickType.ACTIONCHAINS
2025-12-05 12:48:15,942-DEBUG-root-46952::webapp_internal::fill_grid|6486:: Trying to select cell in grid!
2025-12-05 12:48:15,942-DEBUG-root-46952::base::click|192:: Click Type: ClickType.ACTIONCHAINS
2025-12-05 12:48:16,237-DEBUG-root-46952::webapp_internal::fill_grid|6486:: Trying to select cell in grid!
2025-12-05 12:48:16,237-DEBUG-root-46952::base::click|192:: Click Type: ClickType.ACTIONCHAINS
2025-12-05 12:48:16,495-DEBUG-root-46952::webapp_internal::fill_grid|6486:: Trying to select cell in grid!
2025-12-05 12:48:16,495-DEBUG-root-46952::base::click|192:: Click Type: ClickType.ACTIONCHAINS
2025-12-05 12:48:16,791-DEBUG-root-46952::webapp_internal::fill_grid|6486:: Trying to select cell in grid!
2025-12-05 12:48:16,791-DEBUG-root-46952::base::click|192:: Click Type: ClickType.ACTIONCHAINS
2025-12-05 12:48:17,075-DEBUG-root-46952::webapp_internal::fill_grid|6486:: Trying to select cell in grid!
2025-12-05 12:48:17,087-DEBUG-root-46952::base::click|192:: Click Type: ClickType.ACTIONCHAINS
2025-12-05 12:48:17,367-DEBUG-root-46952::webapp_internal::fill_grid|6486:: Trying to select cell in grid!
2025-12-05 12:48:17,371-DEBUG-root-46952::base::click|192:: Click Type: ClickType.ACTIONCHAINS
2025-12-05 12:48:17,654-DEBUG-root-46952::webapp_internal::fill_grid|6486:: Trying to select cell in grid!
2025-12-05 12:48:17,656-DEBUG-root-46952::base::click|192:: Click Type: ClickType.ACTIONCHAINS
2025-12-05 12:48:17,921-DEBUG-root-46952::webapp_internal::fill_grid|6486:: Trying to select cell in grid!
2025-12-05 12:48:17,921-DEBUG-root-46952::base::click|192:: Click Type: ClickType.ACTIONCHAINS
2025-12-05 12:48:18,180-DEBUG-root-46952::webapp_internal::fill_grid|6486:: Trying to select cell in grid!
2025-12-05 12:48:18,180-DEBUG-root-46952::base::click|192:: Click Type: ClickType.ACTIONCHAINS
2025-12-05 12:48:18,471-DEBUG-root-46952::webapp_internal::fill_grid|6486:: Trying to select cell in grid!
2025-12-05 12:48:18,471-DEBUG-root-46952::base::click|192:: Click Type: ClickType.ACTIONCHAINS
2025-12-05 12:48:18,759-DEBUG-root-46952::webapp_internal::fill_grid|6486:: Trying to select cell in grid!
2025-12-05 12:48:18,773-DEBUG-root-46952::base::click|192:: Click Type: ClickType.ACTIONCHAINS
2025-12-05 12:48:19,035-DEBUG-root-46952::webapp_internal::fill_grid|6486:: Trying to select cell in grid!
2025-12-05 12:48:19,035-DEBUG-root-46952::base::click|192:: Click Type: ClickType.ACTIONCHAINS
2025-12-05 12:48:19,300-DEBUG-root-46952::webapp_internal::fill_grid|6486:: Trying to select cell in grid!
2025-12-05 12:48:19,300-DEBUG-root-46952::base::click|192:: Click Type: ClickType.ACTIONCHAINS
2025-12-05 12:48:19,587-DEBUG-root-46952::webapp_internal::fill_grid|6486:: Trying to select cell in grid!
2025-12-05 12:48:19,587-DEBUG-root-46952::base::click|192:: Click Type: ClickType.ACTIONCHAINS
2025-12-05 12:48:19,887-DEBUG-root-46952::webapp_internal::fill_grid|6486:: Trying to select cell in grid!
2025-12-05 12:48:19,887-DEBUG-root-46952::base::click|192:: Click Type: ClickType.ACTIONCHAINS
2025-12-05 12:48:20,144-DEBUG-root-46952::webapp_internal::fill_grid|6486:: Trying to select cell in grid!
2025-12-05 12:48:20,144-DEBUG-root-46952::base::click|192:: Click Type: ClickType.ACTIONCHAINS
2025-12-05 12:48:20,433-DEBUG-root-46952::webapp_internal::fill_grid|6486:: Trying to select cell in grid!
2025-12-05 12:48:20,445-DEBUG-root-46952::base::click|192:: Click Type: ClickType.ACTIONCHAINS
2025-12-05 12:48:20,721-DEBUG-root-46952::webapp_internal::fill_grid|6486:: Trying to select cell in grid!
2025-12-05 12:48:20,721-DEBUG-root-46952::base::click|192:: Click Type: ClickType.ACTIONCHAINS
2025-12-05 12:48:20,994-DEBUG-root-46952::webapp_internal::fill_grid|6486:: Trying to select cell in grid!
2025-12-05 12:48:20,994-DEBUG-root-46952::base::click|192:: Click Type: ClickType.ACTIONCHAINS
2025-12-05 12:48:21,267-DEBUG-root-46952::webapp_internal::fill_grid|6486:: Trying to select cell in grid!
2025-12-05 12:48:21,267-DEBUG-root-46952::base::click|192:: Click Type: ClickType.ACTIONCHAINS
2025-12-05 12:48:21,550-DEBUG-root-46952::webapp_internal::fill_grid|6486:: Trying to select cell in grid!
2025-12-05 12:48:21,550-DEBUG-root-46952::base::click|192:: Click Type: ClickType.ACTIONCHAINS
2025-12-05 12:48:21,855-DEBUG-root-46952::webapp_internal::fill_grid|6486:: Trying to select cell in grid!
2025-12-05 12:48:21,855-DEBUG-root-46952::base::click|192:: Click Type: ClickType.ACTIONCHAINS
2025-12-05 12:48:22,121-DEBUG-root-46952::webapp_internal::fill_grid|6486:: Trying to select cell in grid!
2025-12-05 12:48:22,121-DEBUG-root-46952::base::click|192:: Click Type: ClickType.ACTIONCHAINS
2025-12-05 12:48:22,418-DEBUG-root-46952::webapp_internal::fill_grid|6486:: Trying to select cell in grid!
2025-12-05 12:48:22,418-DEBUG-root-46952::base::click|192:: Click Type: ClickType.ACTIONCHAINS
2025-12-05 12:48:22,708-DEBUG-root-46952::webapp_internal::fill_grid|6486:: Trying to select cell in grid!
2025-12-05 12:48:22,708-DEBUG-root-46952::base::click|192:: Click Type: ClickType.ACTIONCHAINS
2025-12-05 12:48:22,992-DEBUG-root-46952::webapp_internal::fill_grid|6486:: Trying to select cell in grid!
2025-12-05 12:48:22,992-DEBUG-root-46952::base::click|192:: Click Type: ClickType.ACTIONCHAINS
2025-12-05 12:48:23,289-DEBUG-root-46952::webapp_internal::fill_grid|6486:: Trying to select cell in grid!
2025-12-05 12:48:23,289-DEBUG-root-46952::base::click|192:: Click Type: ClickType.ACTIONCHAINS
2025-12-05 12:48:23,572-DEBUG-root-46952::webapp_internal::fill_grid|6486:: Trying to select cell in grid!
2025-12-05 12:48:23,580-DEBUG-root-46952::base::click|192:: Click Type: ClickType.ACTIONCHAINS
2025-12-05 12:48:23,859-DEBUG-root-46952::webapp_internal::fill_grid|6486:: Trying to select cell in grid!
2025-12-05 12:48:23,870-DEBUG-root-46952::base::click|192:: Click Type: ClickType.ACTIONCHAINS
2025-12-05 12:48:24,154-DEBUG-root-46952::webapp_internal::fill_grid|6486:: Trying to select cell in grid!
2025-12-05 12:48:24,154-DEBUG-root-46952::base::click|192:: Click Type: ClickType.ACTIONCHAINS
2025-12-05 12:48:24,438-DEBUG-root-46952::webapp_internal::fill_grid|6486:: Trying to select cell in grid!
2025-12-05 12:48:24,438-DEBUG-root-46952::base::click|192:: Click Type: ClickType.ACTIONCHAINS
2025-12-05 12:48:24,738-DEBUG-root-46952::webapp_internal::fill_grid|6486:: Trying to select cell in grid!
2025-12-05 12:48:24,738-DEBUG-root-46952::base::click|192:: Click Type: ClickType.ACTIONCHAINS
2025-12-05 12:48:24,994-DEBUG-root-46952::webapp_internal::fill_grid|6486:: Trying to select cell in grid!
2025-12-05 12:48:24,994-DEBUG-root-46952::base::click|192:: Click Type: ClickType.ACTIONCHAINS
2025-12-05 12:48:25,277-DEBUG-root-46952::webapp_internal::fill_grid|6486:: Trying to select cell in grid!
2025-12-05 12:48:25,277-DEBUG-root-46952::base::click|192:: Click Type: ClickType.ACTIONCHAINS
2025-12-05 12:48:25,555-DEBUG-root-46952::webapp_internal::fill_grid|6486:: Trying to select cell in grid!
2025-12-05 12:48:25,556-DEBUG-root-46952::base::click|192:: Click Type: ClickType.ACTIONCHAINS
2025-12-05 12:48:25,812-DEBUG-root-46952::webapp_internal::fill_grid|6486:: Trying to select cell in grid!
2025-12-05 12:48:25,812-DEBUG-root-46952::base::click|192:: Click Type: ClickType.ACTIONCHAINS
2025-12-05 12:48:26,093-DEBUG-root-46952::webapp_internal::fill_grid|6486:: Trying to select cell in grid!
2025-12-05 12:48:26,104-DEBUG-root-46952::base::click|192:: Click Type: ClickType.ACTIONCHAINS
2025-12-05 12:48:26,381-DEBUG-root-46952::webapp_internal::fill_grid|6486:: Trying to select cell in grid!
2025-12-05 12:48:26,381-DEBUG-root-46952::base::click|192:: Click Type: ClickType.ACTIONCHAINS
2025-12-05 12:48:26,665-DEBUG-root-46952::webapp_internal::fill_grid|6486:: Trying to select cell in grid!
2025-12-05 12:48:26,665-DEBUG-root-46952::base::click|192:: Click Type: ClickType.ACTIONCHAINS
2025-12-05 12:48:26,939-DEBUG-root-46952::webapp_internal::fill_grid|6486:: Trying to select cell in grid!
2025-12-05 12:48:26,939-DEBUG-root-46952::base::click|192:: Click Type: ClickType.ACTIONCHAINS
2025-12-05 12:48:27,204-DEBUG-root-46952::webapp_internal::fill_grid|6486:: Trying to select cell in grid!
2025-12-05 12:48:27,204-DEBUG-root-46952::base::click|192:: Click Type: ClickType.ACTIONCHAINS
2025-12-05 12:48:27,470-DEBUG-root-46952::webapp_internal::fill_grid|6486:: Trying to select cell in grid!
2025-12-05 12:48:27,470-DEBUG-root-46952::base::click|192:: Click Type: ClickType.ACTIONCHAINS
2025-12-05 12:48:27,769-DEBUG-root-46952::webapp_internal::fill_grid|6486:: Trying to select cell in grid!
2025-12-05 12:48:27,769-DEBUG-root-46952::base::click|192:: Click Type: ClickType.ACTIONCHAINS
2025-12-05 12:48:28,037-DEBUG-root-46952::webapp_internal::fill_grid|6486:: Trying to select cell in grid!
2025-12-05 12:48:28,037-DEBUG-root-46952::base::click|192:: Click Type: ClickType.ACTIONCHAINS
2025-12-05 12:48:28,303-DEBUG-root-46952::webapp_internal::fill_grid|6486:: Trying to select cell in grid!
2025-12-05 12:48:28,303-DEBUG-root-46952::base::click|192:: Click Type: ClickType.ACTIONCHAINS
2025-12-05 12:48:28,576-DEBUG-root-46952::webapp_internal::fill_grid|6486:: Trying to select cell in grid!
2025-12-05 12:48:28,576-DEBUG-root-46952::base::click|192:: Click Type: ClickType.ACTIONCHAINS
2025-12-05 12:48:28,870-DEBUG-root-46952::webapp_internal::fill_grid|6486:: Trying to select cell in grid!
2025-12-05 12:48:28,870-DEBUG-root-46952::base::click|192:: Click Type: ClickType.ACTIONCHAINS
2025-12-05 12:48:29,127-DEBUG-root-46952::webapp_internal::fill_grid|6486:: Trying to select cell in grid!
2025-12-05 12:48:29,127-DEBUG-root-46952::base::click|192:: Click Type: ClickType.ACTIONCHAINS
2025-12-05 12:48:29,400-DEBUG-root-46952::webapp_internal::fill_grid|6486:: Trying to select cell in grid!
2025-12-05 12:48:29,400-DEBUG-root-46952::base::click|192:: Click Type: ClickType.ACTIONCHAINS
2025-12-05 12:48:29,687-DEBUG-root-46952::webapp_internal::fill_grid|6486:: Trying to select cell in grid!
2025-12-05 12:48:29,687-DEBUG-root-46952::base::click|192:: Click Type: ClickType.ACTIONCHAINS
2025-12-05 12:48:29,958-DEBUG-root-46952::webapp_internal::fill_grid|6486:: Trying to select cell in grid!
2025-12-05 12:48:29,958-DEBUG-root-46952::base::click|192:: Click Type: ClickType.ACTIONCHAINS
2025-12-05 12:48:30,242-DEBUG-root-46952::webapp_internal::fill_grid|6486:: Trying to select cell in grid!
2025-12-05 12:48:30,254-DEBUG-root-46952::base::click|192:: Click Type: ClickType.ACTIONCHAINS
2025-12-05 12:48:30,520-DEBUG-root-46952::webapp_internal::fill_grid|6486:: Trying to select cell in grid!
2025-12-05 12:48:30,520-DEBUG-root-46952::base::click|192:: Click Type: ClickType.ACTIONCHAINS
2025-12-05 12:48:30,804-DEBUG-root-46952::webapp_internal::fill_grid|6486:: Trying to select cell in grid!
2025-12-05 12:48:30,804-DEBUG-root-46952::base::click|192:: Click Type: ClickType.ACTIONCHAINS
2025-12-05 12:48:31,096-DEBUG-root-46952::webapp_internal::fill_grid|6486:: Trying to select cell in grid!
2025-12-05 12:48:31,102-DEBUG-root-46952::base::click|192:: Click Type: ClickType.ACTIONCHAINS
2025-12-05 12:48:31,383-DEBUG-root-46952::webapp_internal::fill_grid|6486:: Trying to select cell in grid!
2025-12-05 12:48:31,383-DEBUG-root-46952::base::click|192:: Click Type: ClickType.ACTIONCHAINS
2025-12-05 12:48:31,659-DEBUG-root-46952::webapp_internal::fill_grid|6486:: Trying to select cell in grid!
2025-12-05 12:48:31,659-DEBUG-root-46952::base::click|192:: Click Type: ClickType.ACTIONCHAINS
2025-12-05 12:48:31,937-DEBUG-root-46952::webapp_internal::fill_grid|6486:: Trying to select cell in grid!
2025-12-05 12:48:31,937-DEBUG-root-46952::base::click|192:: Click Type: ClickType.ACTIONCHAINS
2025-12-05 12:48:32,225-DEBUG-root-46952::webapp_internal::fill_grid|6486:: Trying to select cell in grid!
2025-12-05 12:48:32,236-DEBUG-root-46952::base::click|192:: Click Type: ClickType.ACTIONCHAINS
2025-12-05 12:48:32,510-DEBUG-root-46952::webapp_internal::fill_grid|6486:: Trying to select cell in grid!
2025-12-05 12:48:32,510-DEBUG-root-46952::base::click|192:: Click Type: ClickType.ACTIONCHAINS
2025-12-05 12:48:32,791-DEBUG-root-46952::webapp_internal::fill_grid|6486:: Trying to select cell in grid!
2025-12-05 12:48:32,804-DEBUG-root-46952::base::click|192:: Click Type: ClickType.ACTIONCHAINS
2025-12-05 12:48:33,076-DEBUG-root-46952::webapp_internal::fill_grid|6486:: Trying to select cell in grid!
2025-12-05 12:48:33,084-DEBUG-root-46952::base::click|192:: Click Type: ClickType.ACTIONCHAINS
2025-12-05 12:48:33,372-DEBUG-root-46952::webapp_internal::fill_grid|6486:: Trying to select cell in grid!
2025-12-05 12:48:33,374-DEBUG-root-46952::base::click|192:: Click Type: ClickType.ACTIONCHAINS
2025-12-05 12:48:33,630-DEBUG-root-46952::webapp_internal::fill_grid|6486:: Trying to select cell in grid!
2025-12-05 12:48:33,630-DEBUG-root-46952::base::click|192:: Click Type: ClickType.ACTIONCHAINS
2025-12-05 12:48:33,897-DEBUG-root-46952::webapp_internal::fill_grid|6486:: Trying to select cell in grid!
2025-12-05 12:48:33,897-DEBUG-root-46952::base::click|192:: Click Type: ClickType.ACTIONCHAINS
2025-12-05 12:48:34,176-DEBUG-root-46952::webapp_internal::fill_grid|6486:: Trying to select cell in grid!
2025-12-05 12:48:34,186-DEBUG-root-46952::base::click|192:: Click Type: ClickType.ACTIONCHAINS
2025-12-05 12:48:34,450-DEBUG-root-46952::webapp_internal::fill_grid|6486:: Trying to select cell in grid!
2025-12-05 12:48:34,450-DEBUG-root-46952::base::click|192:: Click Type: ClickType.ACTIONCHAINS
2025-12-05 12:48:34,729-DEBUG-root-46952::webapp_internal::fill_grid|6486:: Trying to select cell in grid!
2025-12-05 12:48:34,729-DEBUG-root-46952::base::click|192:: Click Type: ClickType.ACTIONCHAINS
2025-12-05 12:48:34,994-DEBUG-root-46952::webapp_internal::fill_grid|6486:: Trying to select cell in grid!
2025-12-05 12:48:34,994-DEBUG-root-46952::base::click|192:: Click Type: ClickType.ACTIONCHAINS
2025-12-05 12:48:35,276-DEBUG-root-46952::webapp_internal::fill_grid|6486:: Trying to select cell in grid!
2025-12-05 12:48:35,287-DEBUG-root-46952::base::click|192:: Click Type: ClickType.ACTIONCHAINS
2025-12-05 12:48:35,548-DEBUG-root-46952::webapp_internal::fill_grid|6486:: Trying to select cell in grid!
2025-12-05 12:48:35,548-DEBUG-root-46952::base::click|192:: Click Type: ClickType.ACTIONCHAINS
2025-12-05 12:48:35,843-DEBUG-root-46952::webapp_internal::fill_grid|6486:: Trying to select cell in grid!
2025-12-05 12:48:35,843-DEBUG-root-46952::base::click|192:: Click Type: ClickType.ACTIONCHAINS
2025-12-05 12:48:36,139-DEBUG-root-46952::webapp_internal::fill_grid|6486:: Trying to select cell in grid!
2025-12-05 12:48:36,141-DEBUG-root-46952::base::click|192:: Click Type: ClickType.ACTIONCHAINS
2025-12-05 12:48:36,405-DEBUG-root-46952::webapp_internal::fill_grid|6486:: Trying to select cell in grid!
2025-12-05 12:48:36,405-DEBUG-root-46952::base::click|192:: Click Type: ClickType.ACTIONCHAINS
2025-12-05 12:48:41,697-DEBUG-root-46952::webapp_internal::fill_grid|6498:: Trying open cell in grid!
2025-12-05 12:48:41,974-DEBUG-root-46952::webapp_internal::wait_blocker|2444:: Waiting blocker to continue...
2025-12-05 12:48:42,115-DEBUG-root-46952::webapp_internal::wait_blocker|2469:: Blocker status: False
2025-12-05 12:48:42,313-DEBUG-root-46952::webapp_internal::wait_element_timeout|7726:: Element found! Waiting for element to be displayed.
2025-12-05 12:48:42,670-DEBUG-root-46952::webapp_internal::fill_grid|6577:: Sending keys: 227884
2025-12-05 12:48:42,979-DEBUG-root-46952::webapp_internal::wait_blocker|2444:: Waiting blocker to continue...
2025-12-05 12:48:43,177-DEBUG-root-46952::webapp_internal::wait_blocker|2469:: Blocker status: False
2025-12-05 12:48:43,332-DEBUG-root-46952::webapp_internal::wait_element_timeout|7726:: Element found! Waiting for element to be displayed.
2025-12-05 12:48:43,638-INFO-root-46952::webapp_internal::ClickFolder|5081:: Clicking on folder: Transporte
2025-12-05 12:48:43,638-DEBUG-root-46952::webapp_internal::wait_blocker|2444:: Waiting blocker to continue...
2025-12-05 12:48:43,783-DEBUG-root-46952::webapp_internal::wait_blocker|2469:: Blocker status: False
2025-12-05 12:48:43,817-DEBUG-root-46952::webapp_internal::wait_element|7623:: Waiting for element
2025-12-05 12:48:44,090-DEBUG-root-46952::webapp_internal::wait_element|7653:: Element found! Waiting for element to be displayed.
2025-12-05 12:48:45,642-DEBUG-root-46952::webapp_internal::wait_blocker|2444:: Waiting blocker to continue...
2025-12-05 12:48:45,780-DEBUG-root-46952::webapp_internal::wait_blocker|2469:: Blocker status: False
2025-12-05 12:48:45,780-INFO-root-46952::webapp_internal::SetKey|5822:: Key pressed: TAB
2025-12-05 12:48:45,780-DEBUG-root-46952::webapp_internal::SetKey|5857:: Trying press key
2025-12-05 12:48:45,780-DEBUG-root-46952::webapp_internal::wait_element|7623:: Waiting for element
2025-12-05 12:48:45,902-DEBUG-root-46952::webapp_internal::wait_element|7653:: Element found! Waiting for element to be displayed.
2025-12-05 12:48:46,158-DEBUG-root-46952::webapp_internal::wait_blocker|2444:: Waiting blocker to continue...
2025-12-05 12:48:46,285-DEBUG-root-46952::webapp_internal::wait_blocker|2469:: Blocker status: False
2025-12-05 12:48:46,285-INFO-root-46952::webapp_internal::LoadGrid|6298:: Filling grid field: Tipo
2025-12-05 12:48:46,285-DEBUG-root-46952::webapp_internal::fill_grid|6399:: Grid loading...
2025-12-05 12:48:46,644-DEBUG-root-46952::webapp_internal::fill_grid|6466:: Column found!
2025-12-05 12:48:46,693-DEBUG-root-46952::base::click|192:: Click Type: ClickType.ACTIONCHAINS
2025-12-05 12:48:52,095-DEBUG-root-46952::webapp_internal::fill_grid|6498:: Trying open cell in grid!
2025-12-05 12:48:52,397-DEBUG-root-46952::webapp_internal::wait_blocker|2444:: Waiting blocker to continue...
2025-12-05 12:48:52,542-DEBUG-root-46952::webapp_internal::wait_blocker|2469:: Blocker status: False
2025-12-05 12:48:52,730-DEBUG-root-46952::webapp_internal::wait_element_timeout|7726:: Element found! Waiting for element to be displayed.
2025-12-05 12:48:54,111-INFO-root-46952::base::select_combo|871:: Selected value for combo is: 1 - Aereo
2025-12-05 12:48:54,264-DEBUG-root-46952::webapp_internal::wait_blocker|2444:: Waiting blocker to continue...
2025-12-05 12:48:54,402-DEBUG-root-46952::webapp_internal::wait_blocker|2469:: Blocker status: False
2025-12-05 12:48:54,451-DEBUG-root-46952::webapp_internal::wait_blocker|2444:: Waiting blocker to continue...
2025-12-05 12:48:54,581-DEBUG-root-46952::webapp_internal::wait_blocker|2469:: Blocker status: False
2025-12-05 12:48:54,581-DEBUG-root-46952::webapp_internal::send_action|10480:: Trying to send action
2025-12-05 12:48:55,621-DEBUG-root-46952::webapp_internal::send_action|10522:: send_action method result = True
2025-12-05 12:48:55,621-DEBUG-root-46952::webapp_internal::send_action|10523:: send_action selenium status: False
2025-12-05 12:48:55,621-DEBUG-root-46952::webapp_internal::wait_blocker|2444:: Waiting blocker to continue...
2025-12-05 12:48:55,750-DEBUG-root-46952::webapp_internal::wait_blocker|2469:: Blocker status: False
2025-12-05 12:48:55,750-INFO-root-46952::webapp_internal::SetKey|5822:: Key pressed: TAB
2025-12-05 12:48:55,750-DEBUG-root-46952::webapp_internal::SetKey|5857:: Trying press key
2025-12-05 12:48:55,750-DEBUG-root-46952::webapp_internal::wait_element|7623:: Waiting for element
2025-12-05 12:48:55,857-DEBUG-root-46952::webapp_internal::wait_element|7653:: Element found! Waiting for element to be displayed.
2025-12-05 12:48:56,119-DEBUG-root-46952::webapp_internal::wait_blocker|2444:: Waiting blocker to continue...
2025-12-05 12:48:56,234-DEBUG-root-46952::webapp_internal::wait_blocker|2469:: Blocker status: False
2025-12-05 12:48:56,234-INFO-root-46952::webapp_internal::LoadGrid|6298:: Filling grid field: Partida
2025-12-05 12:48:56,234-DEBUG-root-46952::webapp_internal::fill_grid|6399:: Grid loading...
2025-12-05 12:48:56,614-DEBUG-root-46952::webapp_internal::fill_grid|6466:: Column found!
2025-12-05 12:48:56,656-DEBUG-root-46952::base::click|192:: Click Type: ClickType.ACTIONCHAINS
2025-12-05 12:49:01,981-DEBUG-root-46952::webapp_internal::fill_grid|6498:: Trying open cell in grid!
2025-12-05 12:49:02,262-DEBUG-root-46952::webapp_internal::wait_blocker|2444:: Waiting blocker to continue...
2025-12-05 12:49:02,416-DEBUG-root-46952::webapp_internal::wait_blocker|2469:: Blocker status: False
2025-12-05 12:49:02,603-DEBUG-root-46952::webapp_internal::wait_element_timeout|7726:: Element found! Waiting for element to be displayed.
2025-12-05 12:49:02,947-DEBUG-root-46952::webapp_internal::fill_grid|6577:: Sending keys: 20/12/2025
2025-12-05 12:49:03,256-DEBUG-root-46952::webapp_internal::wait_blocker|2444:: Waiting blocker to continue...
2025-12-05 12:49:03,402-DEBUG-root-46952::webapp_internal::wait_blocker|2469:: Blocker status: False
2025-12-05 12:49:08,828-DEBUG-root-46952::webapp_internal::wait_blocker|2444:: Waiting blocker to continue...
2025-12-05 12:49:08,949-DEBUG-root-46952::webapp_internal::wait_blocker|2469:: Blocker status: False
2025-12-05 12:49:08,998-DEBUG-root-46952::webapp_internal::wait_blocker|2444:: Waiting blocker to continue...
2025-12-05 12:49:09,129-DEBUG-root-46952::webapp_internal::wait_blocker|2469:: Blocker status: False
2025-12-05 12:49:09,129-DEBUG-root-46952::webapp_internal::send_action|10480:: Trying to send action
2025-12-05 12:49:10,183-DEBUG-root-46952::webapp_internal::send_action|10522:: send_action method result = True
2025-12-05 12:49:10,186-DEBUG-root-46952::webapp_internal::send_action|10523:: send_action selenium status: False
2025-12-05 12:49:10,186-DEBUG-root-46952::webapp_internal::wait_blocker|2444:: Waiting blocker to continue...
2025-12-05 12:49:10,349-DEBUG-root-46952::webapp_internal::wait_blocker|2469:: Blocker status: False
2025-12-05 12:49:10,349-INFO-root-46952::webapp_internal::SetKey|5822:: Key pressed: TAB
2025-12-05 12:49:10,349-DEBUG-root-46952::webapp_internal::SetKey|5857:: Trying press key
2025-12-05 12:49:10,349-DEBUG-root-46952::webapp_internal::wait_element|7623:: Waiting for element
2025-12-05 12:49:10,449-DEBUG-root-46952::webapp_internal::wait_element|7653:: Element found! Waiting for element to be displayed.
2025-12-05 12:49:10,720-DEBUG-root-46952::webapp_internal::wait_blocker|2444:: Waiting blocker to continue...
2025-12-05 12:49:10,849-DEBUG-root-46952::webapp_internal::wait_blocker|2469:: Blocker status: False
2025-12-05 12:49:10,849-INFO-root-46952::webapp_internal::LoadGrid|6298:: Filling grid field: Hora Partida
2025-12-05 12:49:10,849-DEBUG-root-46952::webapp_internal::fill_grid|6399:: Grid loading...
2025-12-05 12:49:11,173-DEBUG-root-46952::webapp_internal::fill_grid|6466:: Column found!
2025-12-05 12:49:11,217-DEBUG-root-46952::base::click|192:: Click Type: ClickType.ACTIONCHAINS
2025-12-05 12:49:16,524-DEBUG-root-46952::webapp_internal::fill_grid|6498:: Trying open cell in grid!
2025-12-05 12:49:16,815-DEBUG-root-46952::webapp_internal::wait_blocker|2444:: Waiting blocker to continue...
2025-12-05 12:49:16,980-DEBUG-root-46952::webapp_internal::wait_blocker|2469:: Blocker status: False
2025-12-05 12:49:17,182-DEBUG-root-46952::webapp_internal::wait_element_timeout|7726:: Element found! Waiting for element to be displayed.
2025-12-05 12:49:17,574-DEBUG-root-46952::webapp_internal::fill_grid|6577:: Sending keys: 08:00
2025-12-05 12:49:17,874-DEBUG-root-46952::webapp_internal::wait_blocker|2444:: Waiting blocker to continue...
2025-12-05 12:49:18,015-DEBUG-root-46952::webapp_internal::wait_blocker|2469:: Blocker status: False
2025-12-05 12:49:23,589-DEBUG-root-46952::webapp_internal::wait_blocker|2444:: Waiting blocker to continue...
2025-12-05 12:49:23,731-DEBUG-root-46952::webapp_internal::wait_blocker|2469:: Blocker status: False
2025-12-05 12:49:23,753-DEBUG-root-46952::webapp_internal::wait_blocker|2444:: Waiting blocker to continue...
2025-12-05 12:49:23,886-DEBUG-root-46952::webapp_internal::wait_blocker|2469:: Blocker status: False
2025-12-05 12:49:23,886-DEBUG-root-46952::webapp_internal::send_action|10480:: Trying to send action
2025-12-05 12:49:24,936-DEBUG-root-46952::webapp_internal::send_action|10522:: send_action method result = True
2025-12-05 12:49:24,936-DEBUG-root-46952::webapp_internal::send_action|10523:: send_action selenium status: False
2025-12-05 12:49:24,936-DEBUG-root-46952::webapp_internal::wait_blocker|2444:: Waiting blocker to continue...
2025-12-05 12:49:25,051-DEBUG-root-46952::webapp_internal::wait_blocker|2469:: Blocker status: False
2025-12-05 12:49:25,051-INFO-root-46952::webapp_internal::SetKey|5822:: Key pressed: TAB
2025-12-05 12:49:25,051-DEBUG-root-46952::webapp_internal::SetKey|5857:: Trying press key
2025-12-05 12:49:25,051-DEBUG-root-46952::webapp_internal::wait_element|7623:: Waiting for element
2025-12-05 12:49:25,163-DEBUG-root-46952::webapp_internal::wait_element|7653:: Element found! Waiting for element to be displayed.
2025-12-05 12:49:25,452-DEBUG-root-46952::webapp_internal::wait_blocker|2444:: Waiting blocker to continue...
2025-12-05 12:49:25,598-DEBUG-root-46952::webapp_internal::wait_blocker|2469:: Blocker status: False
2025-12-05 12:49:25,598-INFO-root-46952::webapp_internal::LoadGrid|6298:: Filling grid field: Origem
2025-12-05 12:49:25,598-DEBUG-root-46952::webapp_internal::fill_grid|6399:: Grid loading...
2025-12-05 12:49:25,956-DEBUG-root-46952::webapp_internal::fill_grid|6466:: Column found!
2025-12-05 12:49:26,005-DEBUG-root-46952::base::click|192:: Click Type: ClickType.ACTIONCHAINS
2025-12-05 12:49:31,297-DEBUG-root-46952::webapp_internal::fill_grid|6498:: Trying open cell in grid!
2025-12-05 12:49:31,571-DEBUG-root-46952::webapp_internal::wait_blocker|2444:: Waiting blocker to continue...
2025-12-05 12:49:31,699-DEBUG-root-46952::webapp_internal::wait_blocker|2469:: Blocker status: False
2025-12-05 12:49:31,897-DEBUG-root-46952::webapp_internal::wait_element_timeout|7726:: Element found! Waiting for element to be displayed.
2025-12-05 12:49:32,254-DEBUG-root-46952::webapp_internal::fill_grid|6577:: Sending keys: DF00108
2025-12-05 12:49:32,532-DEBUG-root-46952::webapp_internal::wait_blocker|2444:: Waiting blocker to continue...
2025-12-05 12:49:32,670-DEBUG-root-46952::webapp_internal::wait_blocker|2469:: Blocker status: False
2025-12-05 12:49:32,831-DEBUG-root-46952::webapp_internal::wait_element_timeout|7726:: Element found! Waiting for element to be displayed.
2025-12-05 12:49:33,251-DEBUG-root-46952::webapp_internal::wait_blocker|2444:: Waiting blocker to continue...
2025-12-05 12:49:33,433-DEBUG-root-46952::webapp_internal::wait_blocker|2469:: Blocker status: False
2025-12-05 12:49:33,477-DEBUG-root-46952::webapp_internal::wait_blocker|2444:: Waiting blocker to continue...
2025-12-05 12:49:33,630-DEBUG-root-46952::webapp_internal::wait_blocker|2469:: Blocker status: False
2025-12-05 12:49:33,631-DEBUG-root-46952::webapp_internal::send_action|10480:: Trying to send action
2025-12-05 12:49:34,668-DEBUG-root-46952::webapp_internal::send_action|10522:: send_action method result = True
2025-12-05 12:49:34,671-DEBUG-root-46952::webapp_internal::send_action|10523:: send_action selenium status: False
2025-12-05 12:49:34,671-DEBUG-root-46952::webapp_internal::wait_blocker|2444:: Waiting blocker to continue...
2025-12-05 12:49:34,816-DEBUG-root-46952::webapp_internal::wait_blocker|2469:: Blocker status: False
2025-12-05 12:49:34,816-INFO-root-46952::webapp_internal::SetKey|5822:: Key pressed: TAB
2025-12-05 12:49:34,816-DEBUG-root-46952::webapp_internal::SetKey|5857:: Trying press key
2025-12-05 12:49:34,816-DEBUG-root-46952::webapp_internal::wait_element|7623:: Waiting for element
2025-12-05 12:49:34,902-DEBUG-root-46952::webapp_internal::wait_element|7653:: Element found! Waiting for element to be displayed.
2025-12-05 12:49:35,175-DEBUG-root-46952::webapp_internal::wait_blocker|2444:: Waiting blocker to continue...
2025-12-05 12:49:35,316-DEBUG-root-46952::webapp_internal::wait_blocker|2469:: Blocker status: False
2025-12-05 12:49:35,316-INFO-root-46952::webapp_internal::LoadGrid|6298:: Filling grid field: Destino
2025-12-05 12:49:35,316-DEBUG-root-46952::webapp_internal::fill_grid|6399:: Grid loading...
2025-12-05 12:49:35,721-DEBUG-root-46952::webapp_internal::fill_grid|6466:: Column found!
2025-12-05 12:49:35,772-DEBUG-root-46952::base::click|192:: Click Type: ClickType.ACTIONCHAINS
2025-12-05 12:49:41,122-DEBUG-root-46952::webapp_internal::fill_grid|6498:: Trying open cell in grid!
2025-12-05 12:49:41,395-DEBUG-root-46952::webapp_internal::wait_blocker|2444:: Waiting blocker to continue...
2025-12-05 12:49:41,588-DEBUG-root-46952::webapp_internal::wait_blocker|2469:: Blocker status: False
2025-12-05 12:49:41,783-DEBUG-root-46952::webapp_internal::wait_element_timeout|7726:: Element found! Waiting for element to be displayed.
2025-12-05 12:49:42,120-DEBUG-root-46952::webapp_internal::fill_grid|6577:: Sending keys: GO08707
2025-12-05 12:49:42,398-DEBUG-root-46952::webapp_internal::wait_blocker|2444:: Waiting blocker to continue...
2025-12-05 12:49:42,565-DEBUG-root-46952::webapp_internal::wait_blocker|2469:: Blocker status: False
2025-12-05 12:49:42,715-DEBUG-root-46952::webapp_internal::wait_element_timeout|7726:: Element found! Waiting for element to be displayed.
2025-12-05 12:49:43,213-DEBUG-root-46952::webapp_internal::wait_blocker|2444:: Waiting blocker to continue...
2025-12-05 12:49:43,418-DEBUG-root-46952::webapp_internal::wait_blocker|2469:: Blocker status: False
2025-12-05 12:49:43,440-DEBUG-root-46952::webapp_internal::wait_blocker|2444:: Waiting blocker to continue...
2025-12-05 12:49:43,576-DEBUG-root-46952::webapp_internal::wait_blocker|2469:: Blocker status: False
2025-12-05 12:49:43,576-DEBUG-root-46952::webapp_internal::send_action|10480:: Trying to send action
2025-12-05 12:49:44,604-DEBUG-root-46952::webapp_internal::send_action|10522:: send_action method result = True
2025-12-05 12:49:44,604-DEBUG-root-46952::webapp_internal::send_action|10523:: send_action selenium status: False
2025-12-05 12:49:44,604-DEBUG-root-46952::webapp_internal::wait_blocker|2444:: Waiting blocker to continue...
2025-12-05 12:49:44,735-DEBUG-root-46952::webapp_internal::wait_blocker|2469:: Blocker status: False
2025-12-05 12:49:44,735-INFO-root-46952::webapp_internal::SetKey|5822:: Key pressed: TAB
2025-12-05 12:49:44,735-DEBUG-root-46952::webapp_internal::SetKey|5857:: Trying press key
2025-12-05 12:49:44,735-DEBUG-root-46952::webapp_internal::wait_element|7623:: Waiting for element
2025-12-05 12:49:44,840-DEBUG-root-46952::webapp_internal::wait_element|7653:: Element found! Waiting for element to be displayed.
2025-12-05 12:49:45,109-DEBUG-root-46952::webapp_internal::wait_blocker|2444:: Waiting blocker to continue...
2025-12-05 12:49:45,233-DEBUG-root-46952::webapp_internal::wait_blocker|2469:: Blocker status: False
2025-12-05 12:49:45,233-INFO-root-46952::webapp_internal::LoadGrid|6298:: Filling grid field: Chegada
2025-12-05 12:49:45,233-DEBUG-root-46952::webapp_internal::fill_grid|6399:: Grid loading...
2025-12-05 12:49:45,560-DEBUG-root-46952::webapp_internal::fill_grid|6466:: Column found!
2025-12-05 12:49:45,602-DEBUG-root-46952::base::click|192:: Click Type: ClickType.ACTIONCHAINS
2025-12-05 12:49:51,096-DEBUG-root-46952::webapp_internal::fill_grid|6498:: Trying open cell in grid!
2025-12-05 12:49:51,381-DEBUG-root-46952::webapp_internal::wait_blocker|2444:: Waiting blocker to continue...
2025-12-05 12:49:51,554-DEBUG-root-46952::webapp_internal::wait_blocker|2469:: Blocker status: False
2025-12-05 12:49:51,784-DEBUG-root-46952::webapp_internal::wait_element_timeout|7726:: Element found! Waiting for element to be displayed.
2025-12-05 12:49:52,129-DEBUG-root-46952::webapp_internal::fill_grid|6577:: Sending keys: 20/12/2025
2025-12-05 12:49:52,435-DEBUG-root-46952::webapp_internal::wait_blocker|2444:: Waiting blocker to continue...
2025-12-05 12:49:52,598-DEBUG-root-46952::webapp_internal::wait_blocker|2469:: Blocker status: False
2025-12-05 12:49:58,056-DEBUG-root-46952::webapp_internal::wait_blocker|2444:: Waiting blocker to continue...
2025-12-05 12:49:58,214-DEBUG-root-46952::webapp_internal::wait_blocker|2469:: Blocker status: False
2025-12-05 12:49:58,237-DEBUG-root-46952::webapp_internal::wait_blocker|2444:: Waiting blocker to continue...
2025-12-05 12:49:58,373-DEBUG-root-46952::webapp_internal::wait_blocker|2469:: Blocker status: False
2025-12-05 12:49:58,373-DEBUG-root-46952::webapp_internal::send_action|10480:: Trying to send action
2025-12-05 12:49:59,414-DEBUG-root-46952::webapp_internal::send_action|10522:: send_action method result = True
2025-12-05 12:49:59,414-DEBUG-root-46952::webapp_internal::send_action|10523:: send_action selenium status: False
2025-12-05 12:49:59,414-DEBUG-root-46952::webapp_internal::wait_blocker|2444:: Waiting blocker to continue...
2025-12-05 12:49:59,544-DEBUG-root-46952::webapp_internal::wait_blocker|2469:: Blocker status: False
2025-12-05 12:49:59,544-INFO-root-46952::webapp_internal::SetKey|5822:: Key pressed: TAB
2025-12-05 12:49:59,544-DEBUG-root-46952::webapp_internal::SetKey|5857:: Trying press key
2025-12-05 12:49:59,544-DEBUG-root-46952::webapp_internal::wait_element|7623:: Waiting for element
2025-12-05 12:49:59,649-DEBUG-root-46952::webapp_internal::wait_element|7653:: Element found! Waiting for element to be displayed.
2025-12-05 12:49:59,917-DEBUG-root-46952::webapp_internal::wait_blocker|2444:: Waiting blocker to continue...
2025-12-05 12:50:00,056-DEBUG-root-46952::webapp_internal::wait_blocker|2469:: Blocker status: False
2025-12-05 12:50:00,056-INFO-root-46952::webapp_internal::LoadGrid|6298:: Filling grid field: Hora Chegada
2025-12-05 12:50:00,056-DEBUG-root-46952::webapp_internal::fill_grid|6399:: Grid loading...
2025-12-05 12:50:00,421-DEBUG-root-46952::webapp_internal::fill_grid|6466:: Column found!
2025-12-05 12:50:00,461-DEBUG-root-46952::base::click|192:: Click Type: ClickType.ACTIONCHAINS
2025-12-05 12:50:05,858-DEBUG-root-46952::webapp_internal::fill_grid|6498:: Trying open cell in grid!
2025-12-05 12:50:06,138-DEBUG-root-46952::webapp_internal::wait_blocker|2444:: Waiting blocker to continue...
2025-12-05 12:50:06,282-DEBUG-root-46952::webapp_internal::wait_blocker|2469:: Blocker status: False
2025-12-05 12:50:06,488-DEBUG-root-46952::webapp_internal::wait_element_timeout|7726:: Element found! Waiting for element to be displayed.
2025-12-05 12:50:06,858-DEBUG-root-46952::webapp_internal::fill_grid|6577:: Sending keys: 12:00
2025-12-05 12:50:07,160-DEBUG-root-46952::webapp_internal::wait_blocker|2444:: Waiting blocker to continue...
2025-12-05 12:50:07,330-DEBUG-root-46952::webapp_internal::wait_blocker|2469:: Blocker status: False
2025-12-05 12:50:12,810-DEBUG-root-46952::webapp_internal::wait_blocker|2444:: Waiting blocker to continue...
2025-12-05 12:50:12,993-DEBUG-root-46952::webapp_internal::wait_blocker|2469:: Blocker status: False
2025-12-05 12:50:13,020-DEBUG-root-46952::webapp_internal::wait_blocker|2444:: Waiting blocker to continue...
2025-12-05 12:50:13,159-DEBUG-root-46952::webapp_internal::wait_blocker|2469:: Blocker status: False
2025-12-05 12:50:13,159-DEBUG-root-46952::webapp_internal::send_action|10480:: Trying to send action
2025-12-05 12:50:14,195-DEBUG-root-46952::webapp_internal::send_action|10522:: send_action method result = True
2025-12-05 12:50:14,195-DEBUG-root-46952::webapp_internal::send_action|10523:: send_action selenium status: False
2025-12-05 12:50:14,209-DEBUG-root-46952::webapp_internal::wait_blocker|2444:: Waiting blocker to continue...
2025-12-05 12:50:14,368-DEBUG-root-46952::webapp_internal::wait_blocker|2469:: Blocker status: False
2025-12-05 12:50:14,368-INFO-root-46952::webapp_internal::SetKey|5822:: Key pressed: DOWN
2025-12-05 12:50:14,368-DEBUG-root-46952::webapp_internal::wait_blocker|2444:: Waiting blocker to continue...
2025-12-05 12:50:14,516-DEBUG-root-46952::webapp_internal::wait_blocker|2469:: Blocker status: False
2025-12-05 12:50:14,516-INFO-root-46952::webapp_internal::SetKey|5822:: Key pressed: TAB
2025-12-05 12:50:14,516-DEBUG-root-46952::webapp_internal::SetKey|5857:: Trying press key
2025-12-05 12:50:14,516-DEBUG-root-46952::webapp_internal::wait_element|7623:: Waiting for element
2025-12-05 12:50:14,654-DEBUG-root-46952::webapp_internal::wait_element|7653:: Element found! Waiting for element to be displayed.
2025-12-05 12:50:14,936-DEBUG-root-46952::webapp_internal::new_grid_line|7014:: New grid line
2025-12-05 12:50:16,426-DEBUG-root-46952::webapp_internal::wait_blocker|2444:: Waiting blocker to continue...
2025-12-05 12:50:16,576-DEBUG-root-46952::webapp_internal::wait_blocker|2469:: Blocker status: False
2025-12-05 12:50:16,576-INFO-root-46952::webapp_internal::LoadGrid|6298:: Filling grid field: Tipo
2025-12-05 12:50:16,576-DEBUG-root-46952::webapp_internal::fill_grid|6399:: Grid loading...
2025-12-05 12:50:16,780-DEBUG-root-46952::webapp_internal::fill_grid|6466:: Column found!
2025-12-05 12:50:16,825-DEBUG-root-46952::base::click|192:: Click Type: ClickType.ACTIONCHAINS
2025-12-05 12:50:22,212-DEBUG-root-46952::webapp_internal::fill_grid|6498:: Trying open cell in grid!
2025-12-05 12:50:22,484-DEBUG-root-46952::webapp_internal::wait_blocker|2444:: Waiting blocker to continue...
2025-12-05 12:50:22,625-DEBUG-root-46952::webapp_internal::wait_blocker|2469:: Blocker status: False
2025-12-05 12:50:22,829-DEBUG-root-46952::webapp_internal::wait_element_timeout|7726:: Element found! Waiting for element to be displayed.
2025-12-05 12:50:23,288-DEBUG-root-46952::webapp_internal::wait_blocker|2444:: Waiting blocker to continue...
2025-12-05 12:50:23,423-DEBUG-root-46952::webapp_internal::wait_blocker|2469:: Blocker status: False
2025-12-05 12:50:23,451-DEBUG-root-46952::webapp_internal::wait_blocker|2444:: Waiting blocker to continue...
2025-12-05 12:50:23,593-DEBUG-root-46952::webapp_internal::wait_blocker|2469:: Blocker status: False
2025-12-05 12:50:23,593-DEBUG-root-46952::webapp_internal::send_action|10480:: Trying to send action
2025-12-05 12:50:24,635-DEBUG-root-46952::webapp_internal::send_action|10522:: send_action method result = True
2025-12-05 12:50:24,635-DEBUG-root-46952::webapp_internal::send_action|10523:: send_action selenium status: False
2025-12-05 12:50:24,635-DEBUG-root-46952::webapp_internal::wait_blocker|2444:: Waiting blocker to continue...
2025-12-05 12:50:24,783-DEBUG-root-46952::webapp_internal::wait_blocker|2469:: Blocker status: False
2025-12-05 12:50:24,783-INFO-root-46952::webapp_internal::SetKey|5822:: Key pressed: TAB
2025-12-05 12:50:24,783-DEBUG-root-46952::webapp_internal::SetKey|5857:: Trying press key
2025-12-05 12:50:24,783-DEBUG-root-46952::webapp_internal::wait_element|7623:: Waiting for element
2025-12-05 12:50:24,895-DEBUG-root-46952::webapp_internal::wait_element|7653:: Element found! Waiting for element to be displayed.
2025-12-05 12:50:25,183-DEBUG-root-46952::webapp_internal::wait_blocker|2444:: Waiting blocker to continue...
2025-12-05 12:50:25,316-DEBUG-root-46952::webapp_internal::wait_blocker|2469:: Blocker status: False
2025-12-05 12:50:25,316-INFO-root-46952::webapp_internal::LoadGrid|6298:: Filling grid field: Partida
2025-12-05 12:50:25,316-DEBUG-root-46952::webapp_internal::fill_grid|6399:: Grid loading...
2025-12-05 12:50:25,530-DEBUG-root-46952::webapp_internal::fill_grid|6466:: Column found!
2025-12-05 12:50:25,572-DEBUG-root-46952::base::click|192:: Click Type: ClickType.ACTIONCHAINS
2025-12-05 12:50:27,349-ERROR-root-46952::webapp_internal::fill_grid|6675:: fill grid error: Message: Browsing context has been discarded
Stacktrace:
RemoteError@chrome://remote/content/shared/RemoteError.sys.mjs:8:8
WebDriverError@chrome://remote/content/shared/webdriver/Errors.sys.mjs:202:5
NoSuchWindowError@chrome://remote/content/shared/webdriver/Errors.sys.mjs:782:5
assert.that/<@chrome://remote/content/shared/webdriver/Assert.sys.mjs:581:13
assert.open@chrome://remote/content/shared/webdriver/Assert.sys.mjs:169:4
GeckoDriver.prototype.switchToFrame@chrome://remote/content/marionette/driver.sys.mjs:1654:15
dispatch@chrome://remote/content/marionette/server.sys.mjs:318:40
execute@chrome://remote/content/marionette/server.sys.mjs:289:16
onPacket/<@chrome://remote/content/marionette/server.sys.mjs:262:20
onPacket@chrome://remote/content/marionette/server.sys.mjs:263:9
_onJSONObjectReady/<@chrome://remote/content/marionette/transport.sys.mjs:494:20
ssi_onQuitApplicationGranted@resource:///modules/sessionstore/SessionStore.sys.mjs:2822:19
ssi_observe@resource:///modules/sessionstore/SessionStore.sys.mjs:1543:14
Traceback (most recent call last):
  File "C:\TIR_TESTE\venv\Lib\site-packages\tir\technologies\core\base.py", line 501, in get_current_DOM
    self.driver.switch_to.default_content()
  File "C:\TIR_TESTE\venv\Lib\site-packages\selenium\webdriver\remote\switch_to.py", line 69, in default_content
    self._driver.execute(Command.SWITCH_TO_FRAME, {"id": None})
  File "C:\TIR_TESTE\venv\Lib\site-packages\selenium\webdriver\remote\webdriver.py", line 347, in execute
    self.error_handler.check_response(response)
  File "C:\TIR_TESTE\venv\Lib\site-packages\selenium\webdriver\remote\errorhandler.py", line 229, in check_response
    raise exception_class(message, screen, stacktrace)
selenium.common.exceptions.NoSuchWindowException: Message: Browsing context has been discarded
Stacktrace:
RemoteError@chrome://remote/content/shared/RemoteError.sys.mjs:8:8
WebDriverError@chrome://remote/content/shared/webdriver/Errors.sys.mjs:202:5
NoSuchWindowError@chrome://remote/content/shared/webdriver/Errors.sys.mjs:782:5
assert.that/<@chrome://remote/content/shared/webdriver/Assert.sys.mjs:581:13
assert.open@chrome://remote/content/shared/webdriver/Assert.sys.mjs:169:4
GeckoDriver.prototype.switchToFrame@chrome://remote/content/marionette/driver.sys.mjs:1654:15
dispatch@chrome://remote/content/marionette/server.sys.mjs:318:40
execute@chrome://remote/content/marionette/server.sys.mjs:289:16
onPacket/<@chrome://remote/content/marionette/server.sys.mjs:262:20
onPacket@chrome://remote/content/marionette/server.sys.mjs:263:9
_onJSONObjectReady/<@chrome://remote/content/marionette/transport.sys.mjs:494:20
ssi_onQuitApplicationGranted@resource:///modules/sessionstore/SessionStore.sys.mjs:2822:19
ssi_observe@resource:///modules/sessionstore/SessionStore.sys.mjs:1543:14


During handling of the above exception, another exception occurred:

Traceback (most recent call last):
  File "C:\TIR_TESTE\venv\Lib\site-packages\tir\technologies\webapp_internal.py", line 6492, in fill_grid
    while (time.time() < endtime_open_cell and not self.wait_element_timeout(term='wa-dialog',
                                                   ^^^^^^^^^^^^^^^^^^^^^^^^^^^^^^^^^^^^^^^^^^^
  File "C:\TIR_TESTE\venv\Lib\site-packages\tir\technologies\webapp_internal.py", line 7713, in wait_element_timeout
    if self.element_exists(term, scrap_type, position, optional_term, main_container, check_error, twebview):
       ^^^^^^^^^^^^^^^^^^^^^^^^^^^^^^^^^^^^^^^^^^^^^^^^^^^^^^^^^^^^^^^^^^^^^^^^^^^^^^^^^^^^^^^^^^^^^^^^^^^^^
  File "C:\TIR_TESTE\venv\Lib\site-packages\tir\technologies\webapp_internal.py", line 4079, in element_exists
    self.search_for_errors()
  File "C:\TIR_TESTE\venv\Lib\site-packages\tir\technologies\webapp_internal.py", line 3905, in search_for_errors
    soup = self.get_current_DOM()
           ^^^^^^^^^^^^^^^^^^^^^^
  File "C:\TIR_TESTE\venv\Lib\site-packages\tir\technologies\core\base.py", line 538, in get_current_DOM
    self.driver.switch_to.default_content()
  File "C:\TIR_TESTE\venv\Lib\site-packages\selenium\webdriver\remote\switch_to.py", line 69, in default_content
    self._driver.execute(Command.SWITCH_TO_FRAME, {"id": None})
  File "C:\TIR_TESTE\venv\Lib\site-packages\selenium\webdriver\remote\webdriver.py", line 347, in execute
    self.error_handler.check_response(response)
  File "C:\TIR_TESTE\venv\Lib\site-packages\selenium\webdriver\remote\errorhandler.py", line 229, in check_response
    raise exception_class(message, screen, stacktrace)
selenium.common.exceptions.NoSuchWindowException: Message: Browsing context has been discarded
Stacktrace:
RemoteError@chrome://remote/content/shared/RemoteError.sys.mjs:8:8
WebDriverError@chrome://remote/content/shared/webdriver/Errors.sys.mjs:202:5
NoSuchWindowError@chrome://remote/content/shared/webdriver/Errors.sys.mjs:782:5
assert.that/<@chrome://remote/content/shared/webdriver/Assert.sys.mjs:581:13
assert.open@chrome://remote/content/shared/webdriver/Assert.sys.mjs:169:4
GeckoDriver.prototype.switchToFrame@chrome://remote/content/marionette/driver.sys.mjs:1654:15
dispatch@chrome://remote/content/marionette/server.sys.mjs:318:40
execute@chrome://remote/content/marionette/server.sys.mjs:289:16
onPacket/<@chrome://remote/content/marionette/server.sys.mjs:262:20
onPacket@chrome://remote/content/marionette/server.sys.mjs:263:9
_onJSONObjectReady/<@chrome://remote/content/marionette/transport.sys.mjs:494:20
ssi_onQuitApplicationGranted@resource:///modules/sessionstore/SessionStore.sys.mjs:2822:19
ssi_observe@resource:///modules/sessionstore/SessionStore.sys.mjs:1543:14

2025-12-05 12:50:27,355-WARNING-root-46952::webapp_internal::log_error|8143:: Warning log_error fill grid error: Message: Browsing context has been discarded
Stacktrace:
RemoteError@chrome://remote/content/shared/RemoteError.sys.mjs:8:8
WebDriverError@chrome://remote/content/shared/webdriver/Errors.sys.mjs:202:5
NoSuchWindowError@chrome://remote/content/shared/webdriver/Errors.sys.mjs:782:5
assert.that/<@chrome://remote/content/shared/webdriver/Assert.sys.mjs:581:13
assert.open@chrome://remote/content/shared/webdriver/Assert.sys.mjs:169:4
GeckoDriver.prototype.switchToFrame@chrome://remote/content/marionette/driver.sys.mjs:1654:15
dispatch@chrome://remote/content/marionette/server.sys.mjs:318:40
execute@chrome://remote/content/marionette/server.sys.mjs:289:16
onPacket/<@chrome://remote/content/marionette/server.sys.mjs:262:20
onPacket@chrome://remote/content/marionette/server.sys.mjs:263:9
_onJSONObjectReady/<@chrome://remote/content/marionette/transport.sys.mjs:494:20
ssi_onQuitApplicationGranted@resource:///modules/sessionstore/SessionStore.sys.mjs:2822:19
ssi_observe@resource:///modules/sessionstore/SessionStore.sys.mjs:1543:14

2025-12-05 12:50:27,356-DEBUG-root-46952::webapp_internal::log_error|8146:: ***System Info*** in log_error():
2025-12-05 12:50:27,357-DEBUG-root-46952::psutil_info::system_info|5:: CPU USAGE: 7.8%
2025-12-05 12:50:27,358-DEBUG-root-46952::psutil_info::system_info|6:: MEMORY USAGE: 85.7%
2025-12-05 12:50:27,358-DEBUG-root-46952::psutil_info::system_info|7:: MEMORY AVAILABLE: 14.27%
2025-12-05 12:50:27,390-DEBUG-root-46952::log::take_screenshot_log|612:: take_screenshot_log in:2025-12-05 12:50:27.390259

2025-12-05 12:50:27,421-ERROR-root-46952::log::take_screenshot_log|629:: Warning Log Error save_screenshot exception Message: WebDriver session does not exist, or is not active
Stacktrace:
RemoteError@chrome://remote/content/shared/RemoteError.sys.mjs:8:8
WebDriverError@chrome://remote/content/shared/webdriver/Errors.sys.mjs:202:5
InvalidSessionIDError@chrome://remote/content/shared/webdriver/Errors.sys.mjs:472:5
assert.that/<@chrome://remote/content/shared/webdriver/Assert.sys.mjs:581:13
assert.session@chrome://remote/content/shared/webdriver/Assert.sys.mjs:38:4
dispatch@chrome://remote/content/marionette/server.sys.mjs:315:19
execute@chrome://remote/content/marionette/server.sys.mjs:289:16
onPacket/<@chrome://remote/content/marionette/server.sys.mjs:262:20
onPacket@chrome://remote/content/marionette/server.sys.mjs:263:9
_onJSONObjectReady/<@chrome://remote/content/marionette/transport.sys.mjs:494:20
Traceback (most recent call last):
  File "C:\TIR_TESTE\venv\Lib\site-packages\tir\technologies\core\base.py", line 501, in get_current_DOM
    self.driver.switch_to.default_content()
  File "C:\TIR_TESTE\venv\Lib\site-packages\selenium\webdriver\remote\switch_to.py", line 69, in default_content
    self._driver.execute(Command.SWITCH_TO_FRAME, {"id": None})
  File "C:\TIR_TESTE\venv\Lib\site-packages\selenium\webdriver\remote\webdriver.py", line 347, in execute
    self.error_handler.check_response(response)
  File "C:\TIR_TESTE\venv\Lib\site-packages\selenium\webdriver\remote\errorhandler.py", line 229, in check_response
    raise exception_class(message, screen, stacktrace)
selenium.common.exceptions.NoSuchWindowException: Message: Browsing context has been discarded
Stacktrace:
RemoteError@chrome://remote/content/shared/RemoteError.sys.mjs:8:8
WebDriverError@chrome://remote/content/shared/webdriver/Errors.sys.mjs:202:5
NoSuchWindowError@chrome://remote/content/shared/webdriver/Errors.sys.mjs:782:5
assert.that/<@chrome://remote/content/shared/webdriver/Assert.sys.mjs:581:13
assert.open@chrome://remote/content/shared/webdriver/Assert.sys.mjs:169:4
GeckoDriver.prototype.switchToFrame@chrome://remote/content/marionette/driver.sys.mjs:1654:15
dispatch@chrome://remote/content/marionette/server.sys.mjs:318:40
execute@chrome://remote/content/marionette/server.sys.mjs:289:16
onPacket/<@chrome://remote/content/marionette/server.sys.mjs:262:20
onPacket@chrome://remote/content/marionette/server.sys.mjs:263:9
_onJSONObjectReady/<@chrome://remote/content/marionette/transport.sys.mjs:494:20
ssi_onQuitApplicationGranted@resource:///modules/sessionstore/SessionStore.sys.mjs:2822:19
ssi_observe@resource:///modules/sessionstore/SessionStore.sys.mjs:1543:14


During handling of the above exception, another exception occurred:

Traceback (most recent call last):
  File "C:\TIR_TESTE\venv\Lib\site-packages\tir\technologies\webapp_internal.py", line 6492, in fill_grid
    while (time.time() < endtime_open_cell and not self.wait_element_timeout(term='wa-dialog',
                                                   ^^^^^^^^^^^^^^^^^^^^^^^^^^^^^^^^^^^^^^^^^^^
  File "C:\TIR_TESTE\venv\Lib\site-packages\tir\technologies\webapp_internal.py", line 7713, in wait_element_timeout
    if self.element_exists(term, scrap_type, position, optional_term, main_container, check_error, twebview):
       ^^^^^^^^^^^^^^^^^^^^^^^^^^^^^^^^^^^^^^^^^^^^^^^^^^^^^^^^^^^^^^^^^^^^^^^^^^^^^^^^^^^^^^^^^^^^^^^^^^^^^
  File "C:\TIR_TESTE\venv\Lib\site-packages\tir\technologies\webapp_internal.py", line 4079, in element_exists
    self.search_for_errors()
  File "C:\TIR_TESTE\venv\Lib\site-packages\tir\technologies\webapp_internal.py", line 3905, in search_for_errors
    soup = self.get_current_DOM()
           ^^^^^^^^^^^^^^^^^^^^^^
  File "C:\TIR_TESTE\venv\Lib\site-packages\tir\technologies\core\base.py", line 538, in get_current_DOM
    self.driver.switch_to.default_content()
  File "C:\TIR_TESTE\venv\Lib\site-packages\selenium\webdriver\remote\switch_to.py", line 69, in default_content
    self._driver.execute(Command.SWITCH_TO_FRAME, {"id": None})
  File "C:\TIR_TESTE\venv\Lib\site-packages\selenium\webdriver\remote\webdriver.py", line 347, in execute
    self.error_handler.check_response(response)
  File "C:\TIR_TESTE\venv\Lib\site-packages\selenium\webdriver\remote\errorhandler.py", line 229, in check_response
    raise exception_class(message, screen, stacktrace)
selenium.common.exceptions.NoSuchWindowException: Message: Browsing context has been discarded
Stacktrace:
RemoteError@chrome://remote/content/shared/RemoteError.sys.mjs:8:8
WebDriverError@chrome://remote/content/shared/webdriver/Errors.sys.mjs:202:5
NoSuchWindowError@chrome://remote/content/shared/webdriver/Errors.sys.mjs:782:5
assert.that/<@chrome://remote/content/shared/webdriver/Assert.sys.mjs:581:13
assert.open@chrome://remote/content/shared/webdriver/Assert.sys.mjs:169:4
GeckoDriver.prototype.switchToFrame@chrome://remote/content/marionette/driver.sys.mjs:1654:15
dispatch@chrome://remote/content/marionette/server.sys.mjs:318:40
execute@chrome://remote/content/marionette/server.sys.mjs:289:16
onPacket/<@chrome://remote/content/marionette/server.sys.mjs:262:20
onPacket@chrome://remote/content/marionette/server.sys.mjs:263:9
_onJSONObjectReady/<@chrome://remote/content/marionette/transport.sys.mjs:494:20
ssi_onQuitApplicationGranted@resource:///modules/sessionstore/SessionStore.sys.mjs:2822:19
ssi_observe@resource:///modules/sessionstore/SessionStore.sys.mjs:1543:14


During handling of the above exception, another exception occurred:

Traceback (most recent call last):
  File "C:\TIR_TESTE\venv\Lib\site-packages\tir\technologies\core\log.py", line 626, in take_screenshot_log
    driver.save_screenshot(str(path))
  File "C:\TIR_TESTE\venv\Lib\site-packages\selenium\webdriver\remote\webdriver.py", line 822, in save_screenshot
    return self.get_screenshot_as_file(filename)
           ^^^^^^^^^^^^^^^^^^^^^^^^^^^^^^^^^^^^^
  File "C:\TIR_TESTE\venv\Lib\site-packages\selenium\webdriver\remote\webdriver.py", line 798, in get_screenshot_as_file
    png = self.get_screenshot_as_png()
          ^^^^^^^^^^^^^^^^^^^^^^^^^^^^
  File "C:\TIR_TESTE\venv\Lib\site-packages\selenium\webdriver\remote\webdriver.py", line 832, in get_screenshot_as_png
    return b64decode(self.get_screenshot_as_base64().encode("ascii"))
                     ^^^^^^^^^^^^^^^^^^^^^^^^^^^^^^^
  File "C:\TIR_TESTE\venv\Lib\site-packages\selenium\webdriver\remote\webdriver.py", line 843, in get_screenshot_as_base64
    return self.execute(Command.SCREENSHOT)["value"]
           ^^^^^^^^^^^^^^^^^^^^^^^^^^^^^^^^
  File "C:\TIR_TESTE\venv\Lib\site-packages\selenium\webdriver\remote\webdriver.py", line 347, in execute
    self.error_handler.check_response(response)
  File "C:\TIR_TESTE\venv\Lib\site-packages\selenium\webdriver\remote\errorhandler.py", line 229, in check_response
    raise exception_class(message, screen, stacktrace)
selenium.common.exceptions.InvalidSessionIdException: Message: WebDriver session does not exist, or is not active
Stacktrace:
RemoteError@chrome://remote/content/shared/RemoteError.sys.mjs:8:8
WebDriverError@chrome://remote/content/shared/webdriver/Errors.sys.mjs:202:5
InvalidSessionIDError@chrome://remote/content/shared/webdriver/Errors.sys.mjs:472:5
assert.that/<@chrome://remote/content/shared/webdriver/Assert.sys.mjs:581:13
assert.session@chrome://remote/content/shared/webdriver/Assert.sys.mjs:38:4
dispatch@chrome://remote/content/marionette/server.sys.mjs:315:19
execute@chrome://remote/content/marionette/server.sys.mjs:289:16
onPacket/<@chrome://remote/content/marionette/server.sys.mjs:262:20
onPacket@chrome://remote/content/marionette/server.sys.mjs:263:9
_onJSONObjectReady/<@chrome://remote/content/marionette/transport.sys.mjs:494:20

2025-12-05 12:50:28,436-DEBUG-root-46952::log::checks_empty_line|221:: Checking empty default log info
2025-12-05 12:50:28,439-DEBUG-root-46952::log::generate_log|503:: Json log_data: {'cLogDtExec': '05/12/2025 12:50:28', 'cLogNomUsr': '97137227104', 'cLogNomEst': 'GESIT03', 'cLogProgra': None, 'cLogDtProg': '', 'cLogHrProg': '', 'nLogCtsOk': 0, 'nLogCtsNok': 1, 'nLogCtsSeg': 241.02, 'cLogVersao': '12', 'cLogReleas': '12.1.2410', 'nLogCtsErr': 'Viagem - fill grid error: Message: Browsing context has been discardedStacktrace:RemoteError@chrome://remote/content/shared/RemoteError.sys.mjs:8:8WebDriverError@chrome://remote/content/shared/webdriver/Errors.sys.mjs:202:5NoSuchWindowError@chrome://remote/content/shared/webdriver/Errors.sys.mjs:782:5assert.that/<@chrome://remote/content/shared/webdriver/Assert.sys.mjs:581:13assert.open@chrome://remote/content/shared/webdriver/Assert.sys.mjs:169:4GeckoDriver.prototype.switchToFrame@chrome://remote/content/marionette/driver.sys.mjs:1654:15dispatch@chrome://remote/content/marionette/server.sys.m', 'cLogBancod': 'ORACLE', 'cLogIdenti': '', 'cLogIdExec': '20251205', 'cLogPais': 'BRA', 'cLogTool': 'TIR', 'cLogSequen': '47a710', 'nLogCtsTot': 1, 'cLogDtExea': '05/12/2025', 'cLogHrExea': '12:50:28', 'cLogArea': 'Desenvolvimento', 'cLogMnExec': 4.017}
2025-12-05 12:50:28,439-INFO-root-46952::log::send_log_with_retries|515:: Saving log locally.
2025-12-05 12:50:28,439-INFO-root-46952::log::save_log_locally|548:: [FwSendLog]: Não foi possível enviar o log após todas as tentativas.
2025-12-05 12:50:28,439-INFO-root-46952::log::save_log_locally|555:: [FwSendLog]: Log salvo localmente em C:\TIR_TESTE\1764949828.json.
2025-12-05 12:50:28,735-ERROR-root-46952::webapp_internal::log_error|8181:: Warning Log Error Close Message: Failed to decode response from marionette
Traceback (most recent call last):
  File "C:\TIR_TESTE\venv\Lib\site-packages\tir\technologies\core\base.py", line 501, in get_current_DOM
    self.driver.switch_to.default_content()
  File "C:\TIR_TESTE\venv\Lib\site-packages\selenium\webdriver\remote\switch_to.py", line 69, in default_content
    self._driver.execute(Command.SWITCH_TO_FRAME, {"id": None})
  File "C:\TIR_TESTE\venv\Lib\site-packages\selenium\webdriver\remote\webdriver.py", line 347, in execute
    self.error_handler.check_response(response)
  File "C:\TIR_TESTE\venv\Lib\site-packages\selenium\webdriver\remote\errorhandler.py", line 229, in check_response
    raise exception_class(message, screen, stacktrace)
selenium.common.exceptions.NoSuchWindowException: Message: Browsing context has been discarded
Stacktrace:
RemoteError@chrome://remote/content/shared/RemoteError.sys.mjs:8:8
WebDriverError@chrome://remote/content/shared/webdriver/Errors.sys.mjs:202:5
NoSuchWindowError@chrome://remote/content/shared/webdriver/Errors.sys.mjs:782:5
assert.that/<@chrome://remote/content/shared/webdriver/Assert.sys.mjs:581:13
assert.open@chrome://remote/content/shared/webdriver/Assert.sys.mjs:169:4
GeckoDriver.prototype.switchToFrame@chrome://remote/content/marionette/driver.sys.mjs:1654:15
dispatch@chrome://remote/content/marionette/server.sys.mjs:318:40
execute@chrome://remote/content/marionette/server.sys.mjs:289:16
onPacket/<@chrome://remote/content/marionette/server.sys.mjs:262:20
onPacket@chrome://remote/content/marionette/server.sys.mjs:263:9
_onJSONObjectReady/<@chrome://remote/content/marionette/transport.sys.mjs:494:20
ssi_onQuitApplicationGranted@resource:///modules/sessionstore/SessionStore.sys.mjs:2822:19
ssi_observe@resource:///modules/sessionstore/SessionStore.sys.mjs:1543:14


During handling of the above exception, another exception occurred:

Traceback (most recent call last):
  File "C:\TIR_TESTE\venv\Lib\site-packages\tir\technologies\webapp_internal.py", line 6492, in fill_grid
    while (time.time() < endtime_open_cell and not self.wait_element_timeout(term='wa-dialog',
                                                   ^^^^^^^^^^^^^^^^^^^^^^^^^^^^^^^^^^^^^^^^^^^
  File "C:\TIR_TESTE\venv\Lib\site-packages\tir\technologies\webapp_internal.py", line 7713, in wait_element_timeout
    if self.element_exists(term, scrap_type, position, optional_term, main_container, check_error, twebview):
       ^^^^^^^^^^^^^^^^^^^^^^^^^^^^^^^^^^^^^^^^^^^^^^^^^^^^^^^^^^^^^^^^^^^^^^^^^^^^^^^^^^^^^^^^^^^^^^^^^^^^^
  File "C:\TIR_TESTE\venv\Lib\site-packages\tir\technologies\webapp_internal.py", line 4079, in element_exists
    self.search_for_errors()
  File "C:\TIR_TESTE\venv\Lib\site-packages\tir\technologies\webapp_internal.py", line 3905, in search_for_errors
    soup = self.get_current_DOM()
           ^^^^^^^^^^^^^^^^^^^^^^
  File "C:\TIR_TESTE\venv\Lib\site-packages\tir\technologies\core\base.py", line 538, in get_current_DOM
    self.driver.switch_to.default_content()
  File "C:\TIR_TESTE\venv\Lib\site-packages\selenium\webdriver\remote\switch_to.py", line 69, in default_content
    self._driver.execute(Command.SWITCH_TO_FRAME, {"id": None})
  File "C:\TIR_TESTE\venv\Lib\site-packages\selenium\webdriver\remote\webdriver.py", line 347, in execute
    self.error_handler.check_response(response)
  File "C:\TIR_TESTE\venv\Lib\site-packages\selenium\webdriver\remote\errorhandler.py", line 229, in check_response
    raise exception_class(message, screen, stacktrace)
selenium.common.exceptions.NoSuchWindowException: Message: Browsing context has been discarded
Stacktrace:
RemoteError@chrome://remote/content/shared/RemoteError.sys.mjs:8:8
WebDriverError@chrome://remote/content/shared/webdriver/Errors.sys.mjs:202:5
NoSuchWindowError@chrome://remote/content/shared/webdriver/Errors.sys.mjs:782:5
assert.that/<@chrome://remote/content/shared/webdriver/Assert.sys.mjs:581:13
assert.open@chrome://remote/content/shared/webdriver/Assert.sys.mjs:169:4
GeckoDriver.prototype.switchToFrame@chrome://remote/content/marionette/driver.sys.mjs:1654:15
dispatch@chrome://remote/content/marionette/server.sys.mjs:318:40
execute@chrome://remote/content/marionette/server.sys.mjs:289:16
onPacket/<@chrome://remote/content/marionette/server.sys.mjs:262:20
onPacket@chrome://remote/content/marionette/server.sys.mjs:263:9
_onJSONObjectReady/<@chrome://remote/content/marionette/transport.sys.mjs:494:20
ssi_onQuitApplicationGranted@resource:///modules/sessionstore/SessionStore.sys.mjs:2822:19
ssi_observe@resource:///modules/sessionstore/SessionStore.sys.mjs:1543:14


During handling of the above exception, another exception occurred:

Traceback (most recent call last):
  File "C:\TIR_TESTE\venv\Lib\site-packages\tir\technologies\webapp_internal.py", line 8179, in log_error
    self.driver.close()
  File "C:\TIR_TESTE\venv\Lib\site-packages\selenium\webdriver\remote\webdriver.py", line 458, in close
    self.execute(Command.CLOSE)
  File "C:\TIR_TESTE\venv\Lib\site-packages\selenium\webdriver\remote\webdriver.py", line 347, in execute
    self.error_handler.check_response(response)
  File "C:\TIR_TESTE\venv\Lib\site-packages\selenium\webdriver\remote\errorhandler.py", line 229, in check_response
    raise exception_class(message, screen, stacktrace)
selenium.common.exceptions.WebDriverException: Message: Failed to decode response from marionette

2025-12-05 12:50:28,735-ERROR-root-46952::webapp_internal::SetKey|5901:: False is not true : Viagem - fill grid error: Message: Browsing context has been discarded
Stacktrace:
RemoteError@chrome://remote/content/shared/RemoteError.sys.mjs:8:8
WebDriverError@chrome://remote/content/shared/webdriver/Errors.sys.mjs:202:5
NoSuchWindowError@chrome://remote/content/shared/webdriver/Errors.sys.mjs:782:5
assert.that/<@chrome://remote/content/shared/webdriver/Assert.sys.mjs:581:13
assert.open@chrome://remote/content/shared/webdriver/Assert.sys.mjs:169:4
GeckoDriver.prototype.switchToFrame@chrome://remote/content/marionette/driver.sys.mjs:1654:15
dispatch@chrome://remote/content/marionette/server.sys.mjs:318:40
execute@chrome://remote/content/marionette/server.sys.mjs:289:16
onPacket/<@chrome://remote/content/marionette/server.sys.mjs:262:20
onPacket@chrome://remote/content/marionette/server.sys.mjs:263:9
_onJSONObjectReady/<@chrome://remote/content/marionette/transport.sys.mjs:494:20
ssi_onQuitApplicationGranted@resource:///modules/sessionstore/SessionStore.sys.mjs:2822:19
ssi_observe@resource:///modules/sessionstore/SessionStore.sys.mjs:1543:14
Traceback (most recent call last):
  File "C:\TIR_TESTE\venv\Lib\site-packages\tir\technologies\core\base.py", line 501, in get_current_DOM
    self.driver.switch_to.default_content()
  File "C:\TIR_TESTE\venv\Lib\site-packages\selenium\webdriver\remote\switch_to.py", line 69, in default_content
    self._driver.execute(Command.SWITCH_TO_FRAME, {"id": None})
  File "C:\TIR_TESTE\venv\Lib\site-packages\selenium\webdriver\remote\webdriver.py", line 347, in execute
    self.error_handler.check_response(response)
  File "C:\TIR_TESTE\venv\Lib\site-packages\selenium\webdriver\remote\errorhandler.py", line 229, in check_response
    raise exception_class(message, screen, stacktrace)
selenium.common.exceptions.NoSuchWindowException: Message: Browsing context has been discarded
Stacktrace:
RemoteError@chrome://remote/content/shared/RemoteError.sys.mjs:8:8
WebDriverError@chrome://remote/content/shared/webdriver/Errors.sys.mjs:202:5
NoSuchWindowError@chrome://remote/content/shared/webdriver/Errors.sys.mjs:782:5
assert.that/<@chrome://remote/content/shared/webdriver/Assert.sys.mjs:581:13
assert.open@chrome://remote/content/shared/webdriver/Assert.sys.mjs:169:4
GeckoDriver.prototype.switchToFrame@chrome://remote/content/marionette/driver.sys.mjs:1654:15
dispatch@chrome://remote/content/marionette/server.sys.mjs:318:40
execute@chrome://remote/content/marionette/server.sys.mjs:289:16
onPacket/<@chrome://remote/content/marionette/server.sys.mjs:262:20
onPacket@chrome://remote/content/marionette/server.sys.mjs:263:9
_onJSONObjectReady/<@chrome://remote/content/marionette/transport.sys.mjs:494:20
ssi_onQuitApplicationGranted@resource:///modules/sessionstore/SessionStore.sys.mjs:2822:19
ssi_observe@resource:///modules/sessionstore/SessionStore.sys.mjs:1543:14


During handling of the above exception, another exception occurred:

Traceback (most recent call last):
  File "C:\TIR_TESTE\venv\Lib\site-packages\tir\technologies\webapp_internal.py", line 6492, in fill_grid
    while (time.time() < endtime_open_cell and not self.wait_element_timeout(term='wa-dialog',
                                                   ^^^^^^^^^^^^^^^^^^^^^^^^^^^^^^^^^^^^^^^^^^^
  File "C:\TIR_TESTE\venv\Lib\site-packages\tir\technologies\webapp_internal.py", line 7713, in wait_element_timeout
    if self.element_exists(term, scrap_type, position, optional_term, main_container, check_error, twebview):
       ^^^^^^^^^^^^^^^^^^^^^^^^^^^^^^^^^^^^^^^^^^^^^^^^^^^^^^^^^^^^^^^^^^^^^^^^^^^^^^^^^^^^^^^^^^^^^^^^^^^^^
  File "C:\TIR_TESTE\venv\Lib\site-packages\tir\technologies\webapp_internal.py", line 4079, in element_exists
    self.search_for_errors()
  File "C:\TIR_TESTE\venv\Lib\site-packages\tir\technologies\webapp_internal.py", line 3905, in search_for_errors
    soup = self.get_current_DOM()
           ^^^^^^^^^^^^^^^^^^^^^^
  File "C:\TIR_TESTE\venv\Lib\site-packages\tir\technologies\core\base.py", line 538, in get_current_DOM
    self.driver.switch_to.default_content()
  File "C:\TIR_TESTE\venv\Lib\site-packages\selenium\webdriver\remote\switch_to.py", line 69, in default_content
    self._driver.execute(Command.SWITCH_TO_FRAME, {"id": None})
  File "C:\TIR_TESTE\venv\Lib\site-packages\selenium\webdriver\remote\webdriver.py", line 347, in execute
    self.error_handler.check_response(response)
  File "C:\TIR_TESTE\venv\Lib\site-packages\selenium\webdriver\remote\errorhandler.py", line 229, in check_response
    raise exception_class(message, screen, stacktrace)
selenium.common.exceptions.NoSuchWindowException: Message: Browsing context has been discarded
Stacktrace:
RemoteError@chrome://remote/content/shared/RemoteError.sys.mjs:8:8
WebDriverError@chrome://remote/content/shared/webdriver/Errors.sys.mjs:202:5
NoSuchWindowError@chrome://remote/content/shared/webdriver/Errors.sys.mjs:782:5
assert.that/<@chrome://remote/content/shared/webdriver/Assert.sys.mjs:581:13
assert.open@chrome://remote/content/shared/webdriver/Assert.sys.mjs:169:4
GeckoDriver.prototype.switchToFrame@chrome://remote/content/marionette/driver.sys.mjs:1654:15
dispatch@chrome://remote/content/marionette/server.sys.mjs:318:40
execute@chrome://remote/content/marionette/server.sys.mjs:289:16
onPacket/<@chrome://remote/content/marionette/server.sys.mjs:262:20
onPacket@chrome://remote/content/marionette/server.sys.mjs:263:9
_onJSONObjectReady/<@chrome://remote/content/marionette/transport.sys.mjs:494:20
ssi_onQuitApplicationGranted@resource:///modules/sessionstore/SessionStore.sys.mjs:2822:19
ssi_observe@resource:///modules/sessionstore/SessionStore.sys.mjs:1543:14


During handling of the above exception, another exception occurred:

Traceback (most recent call last):
  File "C:\TIR_TESTE\venv\Lib\site-packages\tir\technologies\webapp_internal.py", line 5861, in SetKey
    self.LoadGrid()
  File "C:\TIR_TESTE\venv\Lib\site-packages\tir\technologies\webapp_internal.py", line 6301, in LoadGrid
    self.fill_grid(field, x3_dictionaries, initial_layer, duplicate_fields)
  File "C:\TIR_TESTE\venv\Lib\site-packages\tir\technologies\webapp_internal.py", line 6676, in fill_grid
    self.log_error(f'fill grid error: {str(e)}')
  File "C:\TIR_TESTE\venv\Lib\site-packages\tir\technologies\webapp_internal.py", line 8206, in log_error
    self.assertTrue(False, log_message)
  File "C:\Users\97137227104\AppData\Local\Programs\Python\Python312\Lib\unittest\case.py", line 727, in assertTrue
    raise self.failureException(msg)
AssertionError: False is not true : Viagem - fill grid error: Message: Browsing context has been discarded
Stacktrace:
RemoteError@chrome://remote/content/shared/RemoteError.sys.mjs:8:8
WebDriverError@chrome://remote/content/shared/webdriver/Errors.sys.mjs:202:5
NoSuchWindowError@chrome://remote/content/shared/webdriver/Errors.sys.mjs:782:5
assert.that/<@chrome://remote/content/shared/webdriver/Assert.sys.mjs:581:13
assert.open@chrome://remote/content/shared/webdriver/Assert.sys.mjs:169:4
GeckoDriver.prototype.switchToFrame@chrome://remote/content/marionette/driver.sys.mjs:1654:15
dispatch@chrome://remote/content/marionette/server.sys.mjs:318:40
execute@chrome://remote/content/marionette/server.sys.mjs:289:16
onPacket/<@chrome://remote/content/marionette/server.sys.mjs:262:20
onPacket@chrome://remote/content/marionette/server.sys.mjs:263:9
_onJSONObjectReady/<@chrome://remote/content/marionette/transport.sys.mjs:494:20
ssi_onQuitApplicationGranted@resource:///modules/sessionstore/SessionStore.sys.mjs:2822:19
ssi_observe@resource:///modules/sessionstore/SessionStore.sys.mjs:1543:14

2025-12-05 12:50:28,739-DEBUG-root-46952::webapp_internal::wait_blocker|2444:: Waiting blocker to continue...
2025-12-05 12:50:28,739-DEBUG-root-46952::webapp_internal::wait_blocker|2469:: Blocker status: None
2025-12-05 12:50:28,739-INFO-root-46952::webapp_internal::SetKey|5822:: Key pressed: TAB
2025-12-05 12:50:28,739-DEBUG-root-46952::webapp_internal::SetKey|5857:: Trying press key
2025-12-05 12:50:28,739-DEBUG-root-46952::webapp_internal::wait_element|7623:: Waiting for element
2025-12-05 12:50:28,743-WARNING-root-46952::webapp_internal::log_error|8143:: Warning log_error SetKey - Screen is not load: Message: Tried to run command without establishing a connection

2025-12-05 12:50:28,743-DEBUG-root-46952::webapp_internal::log_error|8146:: ***System Info*** in log_error():
2025-12-05 12:50:28,743-DEBUG-root-46952::psutil_info::system_info|5:: CPU USAGE: 19.6%
2025-12-05 12:50:28,743-DEBUG-root-46952::psutil_info::system_info|6:: MEMORY USAGE: 78.1%
2025-12-05 12:50:28,744-DEBUG-root-46952::psutil_info::system_info|7:: MEMORY AVAILABLE: 21.92%
2025-12-05 12:50:28,752-ERROR-root-46952::webapp_internal::log_error|8181:: Warning Log Error Close Message: Tried to run command without establishing a connection
Traceback (most recent call last):
  File "C:\TIR_TESTE\venv\Lib\site-packages\tir\technologies\core\base.py", line 501, in get_current_DOM
    self.driver.switch_to.default_content()
  File "C:\TIR_TESTE\venv\Lib\site-packages\selenium\webdriver\remote\switch_to.py", line 69, in default_content
    self._driver.execute(Command.SWITCH_TO_FRAME, {"id": None})
  File "C:\TIR_TESTE\venv\Lib\site-packages\selenium\webdriver\remote\webdriver.py", line 347, in execute
    self.error_handler.check_response(response)
  File "C:\TIR_TESTE\venv\Lib\site-packages\selenium\webdriver\remote\errorhandler.py", line 229, in check_response
    raise exception_class(message, screen, stacktrace)
selenium.common.exceptions.InvalidSessionIdException: Message: Tried to run command without establishing a connection


During handling of the above exception, another exception occurred:

Traceback (most recent call last):
  File "C:\TIR_TESTE\venv\Lib\site-packages\tir\technologies\webapp_internal.py", line 5861, in SetKey
    self.LoadGrid()
  File "C:\TIR_TESTE\venv\Lib\site-packages\tir\technologies\webapp_internal.py", line 6284, in LoadGrid
    self.wait_element(term=selector, scrap_type=enum.ScrapType.CSS_SELECTOR)
  File "C:\TIR_TESTE\venv\Lib\site-packages\tir\technologies\webapp_internal.py", line 7626, in wait_element
    while (not self.element_exists(term, scrap_type, position, optional_term, main_container, check_error, twebview, second_term) and time.time() < endtime):
               ^^^^^^^^^^^^^^^^^^^^^^^^^^^^^^^^^^^^^^^^^^^^^^^^^^^^^^^^^^^^^^^^^^^^^^^^^^^^^^^^^^^^^^^^^^^^^^^^^^^^^^^^^^^^^^^^^^
  File "C:\TIR_TESTE\venv\Lib\site-packages\tir\technologies\webapp_internal.py", line 4073, in element_exists
    soup = self.get_current_DOM(twebview=twebview)
           ^^^^^^^^^^^^^^^^^^^^^^^^^^^^^^^^^^^^^^^
  File "C:\TIR_TESTE\venv\Lib\site-packages\tir\technologies\core\base.py", line 538, in get_current_DOM
    self.driver.switch_to.default_content()
  File "C:\TIR_TESTE\venv\Lib\site-packages\selenium\webdriver\remote\switch_to.py", line 69, in default_content
    self._driver.execute(Command.SWITCH_TO_FRAME, {"id": None})
  File "C:\TIR_TESTE\venv\Lib\site-packages\selenium\webdriver\remote\webdriver.py", line 347, in execute
    self.error_handler.check_response(response)
  File "C:\TIR_TESTE\venv\Lib\site-packages\selenium\webdriver\remote\errorhandler.py", line 229, in check_response
    raise exception_class(message, screen, stacktrace)
selenium.common.exceptions.InvalidSessionIdException: Message: Tried to run command without establishing a connection


During handling of the above exception, another exception occurred:

Traceback (most recent call last):
  File "C:\TIR_TESTE\venv\Lib\site-packages\tir\technologies\webapp_internal.py", line 8179, in log_error
    self.driver.close()
  File "C:\TIR_TESTE\venv\Lib\site-packages\selenium\webdriver\remote\webdriver.py", line 458, in close
    self.execute(Command.CLOSE)
  File "C:\TIR_TESTE\venv\Lib\site-packages\selenium\webdriver\remote\webdriver.py", line 347, in execute
    self.error_handler.check_response(response)
  File "C:\TIR_TESTE\venv\Lib\site-packages\selenium\webdriver\remote\errorhandler.py", line 229, in check_response
    raise exception_class(message, screen, stacktrace)
selenium.common.exceptions.InvalidSessionIdException: Message: Tried to run command without establishing a connection

2025-12-05 12:50:29,286-ERROR-root-46952::webapp_internal::TearDown|9654:: Warning tearDown Close Message: Tried to run command without establishing a connection
Traceback (most recent call last):
  File "C:\TIR_TESTE\venv\Lib\site-packages\tir\technologies\webapp_internal.py", line 9652, in TearDown
    self.driver.close()
  File "C:\TIR_TESTE\venv\Lib\site-packages\selenium\webdriver\remote\webdriver.py", line 458, in close
    self.execute(Command.CLOSE)
  File "C:\TIR_TESTE\venv\Lib\site-packages\selenium\webdriver\remote\webdriver.py", line 347, in execute
    self.error_handler.check_response(response)
  File "C:\TIR_TESTE\venv\Lib\site-packages\selenium\webdriver\remote\errorhandler.py", line 229, in check_response
    raise exception_class(message, screen, stacktrace)
selenium.common.exceptions.InvalidSessionIdException: Message: Tried to run command without establishing a connection

