2025-12-04 08:44:37,536-DEBUG-root-19272::logging_config::logger|189:: Log file created: 'Log\GESIT03\TIR__20251204084437532.log'
2025-12-04 08:44:37,536-INFO-root-19272::base::Start|1183:: TIR Version: 2.4.3
2025-12-04 08:44:37,536-INFO-root-19272::base::Start|1184:: Python Version: 3.12.10
2025-12-04 08:44:37,536-INFO-root-19272::base::Start|1185:: Starting the browser
2025-12-04 08:44:44,797-INFO-root-19272::base::get_url|1294:: Page is ready!
2025-12-04 08:44:44,841-INFO-root-19272::base::Start|1256:: Browser maximized to 1936x1048
2025-12-04 08:44:44,842-INFO-root-19272::base::Start|1258:: Screen size is different from default used in headless mode
2025-12-04 08:44:44,945-INFO-root-19272::webapp_internal::Setup|247:: ***System Info*** in Setup():
2025-12-04 08:44:44,946-DEBUG-root-19272::psutil_info::system_info|5:: CPU USAGE: 17.7%
2025-12-04 08:44:44,946-DEBUG-root-19272::psutil_info::system_info|6:: MEMORY USAGE: 88.0%
2025-12-04 08:44:44,947-DEBUG-root-19272::psutil_info::system_info|7:: MEMORY AVAILABLE: 12.01%
2025-12-04 08:44:44,955-INFO-root-19272::base::webapp_shadowroot|1394:: Webapp: 10.1.6-RC4
2025-12-04 08:44:44,983-INFO-root-19272::webapp_internal::filling_initial_program|449:: Filling Initial Program: "SIGAMDI"
2025-12-04 08:44:44,984-DEBUG-root-19272::webapp_internal::wait_element|7623:: Waiting for element
2025-12-04 08:44:45,038-DEBUG-root-19272::webapp_internal::wait_element|7653:: Element found! Waiting for element to be displayed.
2025-12-04 08:44:45,191-DEBUG-root-19272::base::click|192:: Click Type: ClickType.JS
2025-12-04 08:44:45,194-DEBUG-root-19272::webapp_internal::try_send_keys|7976:: Trying to send keys to element using technique 0
2025-12-04 08:44:46,058-DEBUG-root-19272::webapp_internal::get_web_value|3232:: Current value: SIGAMDI
2025-12-04 08:44:46,058-INFO-root-19272::webapp_internal::filling_server_environment|463:: Filling Server Environment: "POUPEX_TST"
2025-12-04 08:44:46,058-DEBUG-root-19272::webapp_internal::wait_element|7623:: Waiting for element
2025-12-04 08:44:46,082-DEBUG-root-19272::webapp_internal::wait_element|7653:: Element found! Waiting for element to be displayed.
2025-12-04 08:44:46,233-DEBUG-root-19272::base::click|192:: Click Type: ClickType.JS
2025-12-04 08:44:46,238-DEBUG-root-19272::webapp_internal::try_send_keys|7976:: Trying to send keys to element using technique 0
2025-12-04 08:44:46,808-DEBUG-root-19272::webapp_internal::get_web_value|3232:: Current value: POUPEX_TST
2025-12-04 08:44:46,831-DEBUG-root-19272::base::click|192:: Click Type: ClickType.JS
2025-12-04 08:44:46,844-DEBUG-root-19272::webapp_internal::user_screen|519:: Filling user screen
2025-12-04 08:44:52,305-DEBUG-root-19272::webapp_internal::wait_element_timeout|7726:: Element found! Waiting for element to be displayed.
2025-12-04 08:44:52,359-DEBUG-root-19272::base::scroll_to_element|759:: ********Warining scroll_to_element exception: Message: TypeError: can't access property "scrollIntoView", arguments[0] is null
Stacktrace:
@https://qasrverp:10020/webapp/:2:7
@https://qasrverp:10020/webapp/:3:8
*********
2025-12-04 08:44:52,485-INFO-root-19272::webapp_internal::user_screen|561:: Filling User
2025-12-04 08:44:52,517-DEBUG-root-19272::base::double_click|259:: Click Type: ClickType.SELENIUM
2025-12-04 08:44:52,713-DEBUG-root-19272::webapp_internal::get_web_value|3232:: Current value: 97137227104
2025-12-04 08:44:52,735-INFO-root-19272::webapp_internal::user_screen|621:: Filling Password
2025-12-04 08:44:52,758-DEBUG-root-19272::base::click|192:: Click Type: ClickType.JS
2025-12-04 08:44:52,837-DEBUG-root-19272::webapp_internal::get_web_value|3232:: Current value: Val20221080080094+
2025-12-04 08:44:52,837-DEBUG-root-19272::webapp_internal::wait_blocker|2444:: Waiting blocker to continue...
2025-12-04 08:44:52,886-DEBUG-root-19272::webapp_internal::wait_blocker|2469:: Blocker status: None
2025-12-04 08:44:52,907-DEBUG-root-19272::webapp_internal::wait_blocker|2444:: Waiting blocker to continue...
2025-12-04 08:44:52,934-DEBUG-root-19272::webapp_internal::wait_blocker|2469:: Blocker status: None
2025-12-04 08:44:52,972-DEBUG-root-19272::webapp_internal::wait_blocker|2444:: Waiting blocker to continue...
2025-12-04 08:44:53,000-DEBUG-root-19272::webapp_internal::wait_blocker|2469:: Blocker status: None
2025-12-04 08:44:53,000-DEBUG-root-19272::webapp_internal::send_action|10480:: Trying to send action
2025-12-04 08:44:53,006-DEBUG-root-19272::base::click|192:: Click Type: ClickType.JS
2025-12-04 08:44:54,050-DEBUG-root-19272::webapp_internal::send_action|10522:: send_action method result = True
2025-12-04 08:44:54,051-DEBUG-root-19272::webapp_internal::send_action|10523:: send_action selenium status: False
2025-12-04 08:44:56,443-DEBUG-root-19272::base::scroll_to_element|759:: ********Warining scroll_to_element exception: Message: TypeError: can't access property "scrollIntoView", arguments[0] is null
Stacktrace:
@https://qasrverp:10020/webapp/:2:7
@https://qasrverp:10020/webapp/:3:8
*********
2025-12-04 08:44:56,497-INFO-root-19272::webapp_internal::filling_date|885:: Filling Date: "04/11/2025"
2025-12-04 08:44:56,498-DEBUG-root-19272::webapp_internal::wait_blocker|2444:: Waiting blocker to continue...
2025-12-04 08:44:56,534-DEBUG-root-19272::webapp_internal::wait_blocker|2469:: Blocker status: None
2025-12-04 08:44:56,536-DEBUG-root-19272::base::click|192:: Click Type: ClickType.JS
2025-12-04 08:44:56,554-DEBUG-root-19272::webapp_internal::try_send_keys|7976:: Trying to send keys to element using technique 1
2025-12-04 08:44:56,626-DEBUG-root-19272::webapp_internal::get_web_value|3232:: Current value: 04/11/2025
2025-12-04 08:44:57,722-INFO-root-19272::webapp_internal::filling_group|955:: Filling Group: "02"
2025-12-04 08:44:57,722-DEBUG-root-19272::webapp_internal::wait_blocker|2444:: Waiting blocker to continue...
2025-12-04 08:44:57,752-DEBUG-root-19272::webapp_internal::wait_blocker|2469:: Blocker status: None
2025-12-04 08:44:57,754-DEBUG-root-19272::base::click|192:: Click Type: ClickType.JS
2025-12-04 08:44:57,805-DEBUG-root-19272::webapp_internal::get_web_value|3232:: Current value: 02
2025-12-04 08:44:58,876-INFO-root-19272::webapp_internal::filling_branch|1047:: Filling Branch: "02DF0001"
2025-12-04 08:44:58,876-DEBUG-root-19272::webapp_internal::wait_blocker|2444:: Waiting blocker to continue...
2025-12-04 08:44:58,932-DEBUG-root-19272::webapp_internal::wait_blocker|2469:: Blocker status: None
2025-12-04 08:44:58,936-DEBUG-root-19272::base::click|192:: Click Type: ClickType.JS
2025-12-04 08:44:59,005-DEBUG-root-19272::webapp_internal::get_web_value|3232:: Current value: 02DF0001
2025-12-04 08:45:00,098-INFO-root-19272::webapp_internal::filling_environment|1113:: Filling Environment: "07"
2025-12-04 08:45:00,098-DEBUG-root-19272::webapp_internal::wait_blocker|2444:: Waiting blocker to continue...
2025-12-04 08:45:00,138-DEBUG-root-19272::webapp_internal::wait_blocker|2469:: Blocker status: None
2025-12-04 08:45:00,147-DEBUG-root-19272::base::click|192:: Click Type: ClickType.JS
2025-12-04 08:45:00,211-DEBUG-root-19272::webapp_internal::get_web_value|3232:: Current value: 07
2025-12-04 08:45:01,220-DEBUG-root-19272::webapp_internal::close_warning_screen|1489:: Closing warning screen!
2025-12-04 08:45:02,254-DEBUG-root-19272::webapp_internal::check_screen_element|1291:: Checking screen element: "Atenção": False
2025-12-04 08:45:03,358-INFO-root-19272::webapp_internal::environment_screen|796:: Clicking on Button
2025-12-04 08:45:03,359-DEBUG-root-19272::webapp_internal::wait_blocker|2444:: Waiting blocker to continue...
2025-12-04 08:45:03,388-DEBUG-root-19272::webapp_internal::wait_blocker|2469:: Blocker status: None
2025-12-04 08:45:03,392-DEBUG-root-19272::base::click|192:: Click Type: ClickType.JS
2025-12-04 08:45:04,407-DEBUG-root-19272::base::click|192:: Click Type: ClickType.JS
2025-12-04 08:45:05,413-DEBUG-root-19272::base::click|192:: Click Type: ClickType.JS
2025-12-04 08:45:06,422-DEBUG-root-19272::base::click|192:: Click Type: ClickType.JS
2025-12-04 08:45:07,430-DEBUG-root-19272::base::click|192:: Click Type: ClickType.JS
2025-12-04 08:45:08,437-DEBUG-root-19272::base::click|192:: Click Type: ClickType.JS
2025-12-04 08:45:09,444-DEBUG-root-19272::webapp_internal::close_screen_before_menu|368:: Closing screen before the menu
2025-12-04 08:45:09,486-DEBUG-root-19272::webapp_internal::close_warning_screen|1489:: Closing warning screen!
2025-12-04 08:45:10,528-DEBUG-root-19272::webapp_internal::check_screen_element|1291:: Checking screen element: "Atenção": False
2025-12-04 08:45:10,528-DEBUG-root-19272::webapp_internal::close_coin_screen|1424:: Closing coin screen!
2025-12-04 08:45:11,081-DEBUG-root-19272::base::click|192:: Click Type: ClickType.JS
2025-12-04 08:45:11,134-DEBUG-root-19272::webapp_internal::close_warning_screen|1489:: Closing warning screen!
2025-12-04 08:45:12,194-DEBUG-root-19272::webapp_internal::check_screen_element|1291:: Checking screen element: "Atenção": False
2025-12-04 08:45:12,194-DEBUG-root-19272::webapp_internal::close_coin_screen|1424:: Closing coin screen!
2025-12-04 08:45:12,308-INFO-root-19272::webapp_internal::set_log_info|1623:: Getting log info
2025-12-04 08:45:12,308-INFO-root-19272::webapp_internal::SetLateralMenu|4184:: Navigating lateral menu: Ajuda > Sobre
2025-12-04 08:45:12,318-DEBUG-root-19272::webapp_internal::wait_element|7623:: Waiting for element
2025-12-04 08:45:12,362-DEBUG-root-19272::webapp_internal::wait_element|7653:: Element found! Waiting for element to be displayed.
2025-12-04 08:45:12,557-INFO-root-19272::webapp_internal::SetLateralMenu|4203:: Menu item: "Ajuda"
2025-12-04 08:45:12,557-DEBUG-root-19272::webapp_internal::wait_blocker|2444:: Waiting blocker to continue...
2025-12-04 08:45:12,654-DEBUG-root-19272::webapp_internal::wait_blocker|2469:: Blocker status: False
2025-12-04 08:45:13,068-DEBUG-root-19272::webapp_internal::wait_element_timeout|7726:: Element found! Waiting for element to be displayed.
2025-12-04 08:45:13,405-DEBUG-root-19272::webapp_internal::wait_blocker|2444:: Waiting blocker to continue...
2025-12-04 08:45:13,468-DEBUG-root-19272::webapp_internal::wait_blocker|2469:: Blocker status: False
2025-12-04 08:45:15,767-INFO-root-19272::webapp_internal::SetLateralMenu|4203:: Menu item: "Sobre"
2025-12-04 08:45:15,768-DEBUG-root-19272::webapp_internal::wait_blocker|2444:: Waiting blocker to continue...
2025-12-04 08:45:15,832-DEBUG-root-19272::webapp_internal::wait_blocker|2469:: Blocker status: False
2025-12-04 08:45:16,236-DEBUG-root-19272::webapp_internal::wait_element_timeout|7726:: Element found! Waiting for element to be displayed.
2025-12-04 08:45:16,586-DEBUG-root-19272::webapp_internal::wait_blocker|2444:: Waiting blocker to continue...
2025-12-04 08:45:16,646-DEBUG-root-19272::webapp_internal::wait_blocker|2469:: Blocker status: False
2025-12-04 08:45:19,267-DEBUG-root-19272::webapp_internal::wait_blocker|2444:: Waiting blocker to continue...
2025-12-04 08:45:19,337-DEBUG-root-19272::webapp_internal::wait_blocker|2469:: Blocker status: False
2025-12-04 08:45:19,406-DEBUG-root-19272::webapp_internal::wait_element|7623:: Waiting for element
2025-12-04 08:45:19,448-DEBUG-root-19272::webapp_internal::wait_element|7653:: Element found! Waiting for element to be displayed.
2025-12-04 08:45:19,618-INFO-root-19272::webapp_internal::SetButton|4444:: Clicking on Fechar
2025-12-04 08:45:19,618-DEBUG-root-19272::webapp_internal::wait_blocker|2444:: Waiting blocker to continue...
2025-12-04 08:45:19,687-DEBUG-root-19272::webapp_internal::wait_blocker|2469:: Blocker status: False
2025-12-04 08:45:19,866-DEBUG-root-19272::webapp_internal::wait_element_timeout|7726:: Element found! Waiting for element to be displayed.
2025-12-04 08:45:19,940-DEBUG-root-19272::webapp_internal::SetButton|4481:: ***System Info*** Before Clicking on button:Fechar
2025-12-04 08:45:19,940-DEBUG-root-19272::psutil_info::system_info|5:: CPU USAGE: 8.8%
2025-12-04 08:45:19,941-DEBUG-root-19272::psutil_info::system_info|6:: MEMORY USAGE: 88.0%
2025-12-04 08:45:19,941-DEBUG-root-19272::psutil_info::system_info|7:: MEMORY AVAILABLE: 12.04%
2025-12-04 08:45:20,107-DEBUG-root-19272::webapp_internal::wait_element_timeout|7726:: Element found! Waiting for element to be displayed.
2025-12-04 08:45:20,217-DEBUG-root-19272::webapp_internal::wait_blocker|2444:: Waiting blocker to continue...
2025-12-04 08:45:20,287-DEBUG-root-19272::webapp_internal::wait_blocker|2469:: Blocker status: False
2025-12-04 08:45:20,305-DEBUG-root-19272::webapp_internal::wait_blocker|2444:: Waiting blocker to continue...
2025-12-04 08:45:20,378-DEBUG-root-19272::webapp_internal::wait_blocker|2469:: Blocker status: False
2025-12-04 08:45:20,378-DEBUG-root-19272::webapp_internal::send_action|10480:: Trying to send action
2025-12-04 08:45:20,380-DEBUG-root-19272::base::click|192:: Click Type: ClickType.JS
2025-12-04 08:45:21,411-DEBUG-root-19272::webapp_internal::send_action|10522:: send_action method result = True
2025-12-04 08:45:21,411-DEBUG-root-19272::webapp_internal::send_action|10523:: send_action selenium status: False
2025-12-04 08:45:21,411-DEBUG-root-19272::webapp_internal::SetButton|4683:: ***System Info*** After Clicking on button:
2025-12-04 08:45:21,412-DEBUG-root-19272::psutil_info::system_info|5:: CPU USAGE: 5.1%
2025-12-04 08:45:21,412-DEBUG-root-19272::psutil_info::system_info|6:: MEMORY USAGE: 88.1%
2025-12-04 08:45:21,412-DEBUG-root-19272::psutil_info::system_info|7:: MEMORY AVAILABLE: 11.88%
2025-12-04 08:45:21,413-DEBUG-root-19272::webapp_internal::wait_element|7623:: Waiting for element
2025-12-04 08:45:21,498-INFO-root-19272::webapp_internal::SetLateralMenu|4184:: Navigating lateral menu: Atualizações > Especificos > Tipo de Convenio
2025-12-04 08:45:21,507-DEBUG-root-19272::webapp_internal::wait_element|7623:: Waiting for element
2025-12-04 08:45:21,544-DEBUG-root-19272::webapp_internal::wait_element|7653:: Element found! Waiting for element to be displayed.
2025-12-04 08:45:21,708-INFO-root-19272::webapp_internal::SetLateralMenu|4203:: Menu item: "Atualizações"
2025-12-04 08:45:21,708-DEBUG-root-19272::webapp_internal::wait_blocker|2444:: Waiting blocker to continue...
2025-12-04 08:45:21,774-DEBUG-root-19272::webapp_internal::wait_blocker|2469:: Blocker status: False
2025-12-04 08:45:22,164-DEBUG-root-19272::webapp_internal::wait_element_timeout|7726:: Element found! Waiting for element to be displayed.
2025-12-04 08:45:22,508-DEBUG-root-19272::webapp_internal::wait_blocker|2444:: Waiting blocker to continue...
2025-12-04 08:45:22,577-DEBUG-root-19272::webapp_internal::wait_blocker|2469:: Blocker status: False
2025-12-04 08:45:24,874-INFO-root-19272::webapp_internal::SetLateralMenu|4203:: Menu item: "Especificos"
2025-12-04 08:45:24,874-DEBUG-root-19272::webapp_internal::wait_blocker|2444:: Waiting blocker to continue...
2025-12-04 08:45:24,998-DEBUG-root-19272::webapp_internal::wait_blocker|2469:: Blocker status: False
2025-12-04 08:45:25,699-DEBUG-root-19272::webapp_internal::wait_element_timeout|7726:: Element found! Waiting for element to be displayed.
2025-12-04 08:45:26,383-DEBUG-root-19272::webapp_internal::wait_blocker|2444:: Waiting blocker to continue...
2025-12-04 08:45:26,470-DEBUG-root-19272::webapp_internal::wait_blocker|2469:: Blocker status: False
2025-12-04 08:45:28,770-INFO-root-19272::webapp_internal::SetLateralMenu|4203:: Menu item: "Tipo de Convenio"
2025-12-04 08:45:28,770-DEBUG-root-19272::webapp_internal::wait_blocker|2444:: Waiting blocker to continue...
2025-12-04 08:45:28,885-DEBUG-root-19272::webapp_internal::wait_blocker|2469:: Blocker status: False
2025-12-04 08:45:30,342-DEBUG-root-19272::webapp_internal::wait_element_timeout|7726:: Element found! Waiting for element to be displayed.
2025-12-04 08:45:31,850-DEBUG-root-19272::webapp_internal::wait_blocker|2444:: Waiting blocker to continue...
2025-12-04 08:45:31,952-DEBUG-root-19272::webapp_internal::wait_blocker|2469:: Blocker status: False
2025-12-04 08:45:36,450-DEBUG-root-19272::webapp_internal::wait_blocker|2444:: Waiting blocker to continue...
2025-12-04 08:45:36,552-DEBUG-root-19272::webapp_internal::wait_blocker|2469:: Blocker status: False
2025-12-04 08:45:36,654-INFO-root-19272::webapp_internal::WaitShow|4980:: Waiting show text 'Este ambiente utiliza base de Homologação.'...
2025-12-04 08:45:41,822-DEBUG-root-19272::log::checks_empty_line|221:: Checking empty default log info
2025-12-04 08:45:41,825-DEBUG-root-19272::log::generate_log|503:: Json log_data: {'cLogDtExec': '04/12/2025 08:45:41', 'cLogNomUsr': '97137227104', 'cLogNomEst': 'GESIT03', 'cLogProgra': None, 'cLogDtProg': '', 'cLogHrProg': '', 'nLogCtsOk': 1, 'nLogCtsNok': 0, 'nLogCtsSeg': 64.41, 'cLogVersao': '12', 'cLogReleas': '12.1.2410', 'nLogCtsErr': '', 'cLogBancod': 'ORACLE', 'cLogIdenti': '', 'cLogIdExec': '20251204', 'cLogPais': 'BRA', 'cLogTool': 'TIR', 'cLogSequen': '9d2e56', 'nLogCtsTot': 1, 'cLogDtExea': '04/12/2025', 'cLogHrExea': '08:45:41', 'cLogArea': 'Desenvolvimento', 'cLogMnExec': 1.0735}
2025-12-04 08:45:41,825-INFO-root-19272::log::send_log_with_retries|515:: Saving log locally.
2025-12-04 08:45:41,826-INFO-root-19272::log::save_log_locally|548:: [FwSendLog]: Não foi possível enviar o log após todas as tentativas.
2025-12-04 08:45:41,826-INFO-root-19272::log::save_log_locally|555:: [FwSendLog]: Log salvo localmente em C:\TIR_TESTE\1764848741.json.
2025-12-04 08:45:41,827-INFO-root-19272::webapp_internal::WaitShow|4980:: Waiting show text 'Moedas'...
2025-12-04 08:45:47,150-INFO-root-19272::webapp_internal::WaitShow|4980:: Waiting show text 'Tipos de Convênios'...
2025-12-04 08:45:47,221-INFO-root-19272::webapp_internal::WaitShow|4996:: Text found! 
2025-12-04 08:45:47,221-INFO-root-19272::webapp_internal::SetButton|4444:: Clicking on Incluir
2025-12-04 08:45:47,221-DEBUG-root-19272::webapp_internal::wait_blocker|2444:: Waiting blocker to continue...
2025-12-04 08:45:47,332-DEBUG-root-19272::webapp_internal::wait_blocker|2469:: Blocker status: False
2025-12-04 08:45:47,722-DEBUG-root-19272::webapp_internal::wait_element_timeout|7726:: Element found! Waiting for element to be displayed.
2025-12-04 08:45:48,057-DEBUG-root-19272::webapp_internal::SetButton|4481:: ***System Info*** Before Clicking on button:Incluir
2025-12-04 08:45:48,057-DEBUG-root-19272::psutil_info::system_info|5:: CPU USAGE: 10.2%
2025-12-04 08:45:48,058-DEBUG-root-19272::psutil_info::system_info|6:: MEMORY USAGE: 87.0%
2025-12-04 08:45:48,058-DEBUG-root-19272::psutil_info::system_info|7:: MEMORY AVAILABLE: 12.99%
2025-12-04 08:45:48,431-DEBUG-root-19272::webapp_internal::wait_element_timeout|7726:: Element found! Waiting for element to be displayed.
2025-12-04 08:45:48,742-DEBUG-root-19272::webapp_internal::wait_blocker|2444:: Waiting blocker to continue...
2025-12-04 08:45:48,854-DEBUG-root-19272::webapp_internal::wait_blocker|2469:: Blocker status: False
2025-12-04 08:45:48,886-DEBUG-root-19272::webapp_internal::wait_blocker|2444:: Waiting blocker to continue...
2025-12-04 08:45:49,006-DEBUG-root-19272::webapp_internal::wait_blocker|2469:: Blocker status: False
2025-12-04 08:45:49,006-DEBUG-root-19272::webapp_internal::send_action|10480:: Trying to send action
2025-12-04 08:45:49,008-DEBUG-root-19272::base::click|192:: Click Type: ClickType.JS
2025-12-04 08:45:50,057-DEBUG-root-19272::webapp_internal::send_action|10522:: send_action method result = True
2025-12-04 08:45:50,058-DEBUG-root-19272::webapp_internal::send_action|10523:: send_action selenium status: False
2025-12-04 08:45:50,058-DEBUG-root-19272::webapp_internal::SetButton|4683:: ***System Info*** After Clicking on button:
2025-12-04 08:45:50,058-DEBUG-root-19272::psutil_info::system_info|5:: CPU USAGE: 9.3%
2025-12-04 08:45:50,059-DEBUG-root-19272::psutil_info::system_info|6:: MEMORY USAGE: 87.2%
2025-12-04 08:45:50,059-DEBUG-root-19272::psutil_info::system_info|7:: MEMORY AVAILABLE: 12.75%
2025-12-04 08:45:50,059-INFO-root-19272::webapp_internal::WaitShow|4980:: Waiting show text 'Tipos de Convenios - INCLUIR'...
2025-12-04 08:45:50,202-INFO-root-19272::webapp_internal::WaitShow|4996:: Text found! 
2025-12-04 08:45:50,202-DEBUG-root-19272::webapp_internal::SetFocus|6011:: Setting focus on element ZD_DESCONV.
2025-12-04 08:45:50,354-DEBUG-root-19272::base::click|192:: Click Type: ClickType.SELENIUM
2025-12-04 08:45:50,427-DEBUG-root-19272::webapp_internal::wait_blocker|2444:: Waiting blocker to continue...
2025-12-04 08:45:50,550-DEBUG-root-19272::webapp_internal::wait_blocker|2469:: Blocker status: False
2025-12-04 08:45:50,550-DEBUG-root-19272::webapp_internal::wait_element|7623:: Waiting for element
2025-12-04 08:45:50,623-DEBUG-root-19272::webapp_internal::wait_element|7653:: Element found! Waiting for element to be displayed.
2025-12-04 08:45:50,698-INFO-root-19272::webapp_internal::input_value|2941:: Looking for element: ZD_DESCONV
2025-12-04 08:45:50,818-INFO-root-19272::webapp_internal::input_value|2951:: Element: ZD_DESCONV Found!
2025-12-04 08:45:50,818-INFO-root-19272::webapp_internal::input_value|2953:: Filling element: ZD_DESCONV
2025-12-04 08:45:50,843-DEBUG-root-19272::webapp_internal::get_web_value|3232:: Current value:                                                             
2025-12-04 08:45:50,882-DEBUG-root-19272::base::double_click|259:: Click Type: ClickType.SELENIUM
2025-12-04 08:45:51,138-DEBUG-root-19272::webapp_internal::wait_blocker|2444:: Waiting blocker to continue...
2025-12-04 08:45:51,261-DEBUG-root-19272::webapp_internal::wait_blocker|2469:: Blocker status: False
2025-12-04 08:45:51,594-DEBUG-root-19272::webapp_internal::get_web_value|3232:: Current value: TESTE INCLUSAO 01                                           
2025-12-04 08:45:51,595-INFO-root-19272::webapp_internal::input_value|3059:: Current field value: TESTE INCLUSAO 01
2025-12-04 08:45:51,621-DEBUG-root-19272::webapp_internal::wait_blocker|2444:: Waiting blocker to continue...
2025-12-04 08:45:51,806-DEBUG-root-19272::webapp_internal::wait_blocker|2469:: Blocker status: False
2025-12-04 08:45:51,807-INFO-root-19272::webapp_internal::SetKey|5822:: Key pressed: TAB
2025-12-04 08:45:51,807-DEBUG-root-19272::webapp_internal::SetKey|5857:: Trying press key
2025-12-04 08:45:53,815-DEBUG-root-19272::webapp_internal::wait_blocker|2444:: Waiting blocker to continue...
2025-12-04 08:45:53,954-DEBUG-root-19272::webapp_internal::wait_blocker|2469:: Blocker status: False
2025-12-04 08:45:53,977-DEBUG-root-19272::webapp_internal::wait_blocker|2444:: Waiting blocker to continue...
2025-12-04 08:45:54,109-DEBUG-root-19272::webapp_internal::wait_blocker|2469:: Blocker status: False
2025-12-04 08:45:54,109-DEBUG-root-19272::webapp_internal::send_action|10480:: Trying to send action
2025-12-04 08:45:55,144-DEBUG-root-19272::webapp_internal::send_action|10522:: send_action method result = True
2025-12-04 08:45:55,144-DEBUG-root-19272::webapp_internal::send_action|10523:: send_action selenium status: False
2025-12-04 08:45:55,144-DEBUG-root-19272::webapp_internal::wait_blocker|2444:: Waiting blocker to continue...
2025-12-04 08:45:55,304-DEBUG-root-19272::webapp_internal::wait_blocker|2469:: Blocker status: False
2025-12-04 08:45:55,304-DEBUG-root-19272::webapp_internal::wait_element|7623:: Waiting for element
2025-12-04 08:45:55,384-DEBUG-root-19272::webapp_internal::wait_element|7653:: Element found! Waiting for element to be displayed.
2025-12-04 08:45:55,463-INFO-root-19272::webapp_internal::input_value|2941:: Looking for element: ZD_TPMOV
2025-12-04 08:45:55,591-INFO-root-19272::webapp_internal::input_value|2951:: Element: ZD_TPMOV Found!
2025-12-04 08:45:55,591-INFO-root-19272::webapp_internal::input_value|2953:: Filling element: ZD_TPMOV
2025-12-04 08:45:56,791-INFO-root-19272::base::select_combo|871:: Selected value for combo is: 1 - Titular
2025-12-04 08:45:56,845-DEBUG-root-19272::webapp_internal::wait_blocker|2444:: Waiting blocker to continue...
2025-12-04 08:45:56,969-DEBUG-root-19272::webapp_internal::wait_blocker|2469:: Blocker status: False
2025-12-04 08:45:56,969-DEBUG-root-19272::webapp_internal::wait_element|7623:: Waiting for element
2025-12-04 08:45:57,042-DEBUG-root-19272::webapp_internal::wait_element|7653:: Element found! Waiting for element to be displayed.
2025-12-04 08:45:57,103-INFO-root-19272::webapp_internal::input_value|2941:: Looking for element: ZD_TPALTSA
2025-12-04 08:45:57,236-INFO-root-19272::webapp_internal::input_value|2951:: Element: ZD_TPALTSA Found!
2025-12-04 08:45:57,236-INFO-root-19272::webapp_internal::input_value|2953:: Filling element: ZD_TPALTSA
2025-12-04 08:45:57,260-DEBUG-root-19272::webapp_internal::get_web_value|3232:: Current value:    
2025-12-04 08:45:57,294-DEBUG-root-19272::base::double_click|259:: Click Type: ClickType.SELENIUM
2025-12-04 08:45:57,559-DEBUG-root-19272::webapp_internal::wait_blocker|2444:: Waiting blocker to continue...
2025-12-04 08:45:57,720-DEBUG-root-19272::webapp_internal::wait_blocker|2469:: Blocker status: False
2025-12-04 08:45:58,038-DEBUG-root-19272::webapp_internal::get_web_value|3232:: Current value: 003
2025-12-04 08:45:58,038-INFO-root-19272::webapp_internal::input_value|3059:: Current field value: 003
2025-12-04 08:45:58,050-INFO-root-19272::webapp_internal::WaitShow|4980:: Waiting show text 'Histórico'...
2025-12-04 08:45:59,916-INFO-root-19272::webapp_internal::WaitShow|4996:: Text found! 
2025-12-04 08:45:59,917-DEBUG-root-19272::webapp_internal::wait_blocker|2444:: Waiting blocker to continue...
2025-12-04 08:46:00,055-DEBUG-root-19272::webapp_internal::wait_blocker|2469:: Blocker status: False
2025-12-04 08:46:00,055-INFO-root-19272::webapp_internal::SetKey|5822:: Key pressed: TAB
2025-12-04 08:46:00,056-DEBUG-root-19272::webapp_internal::SetKey|5857:: Trying press key
2025-12-04 08:46:02,060-DEBUG-root-19272::webapp_internal::wait_blocker|2444:: Waiting blocker to continue...
2025-12-04 08:46:02,190-DEBUG-root-19272::webapp_internal::wait_blocker|2469:: Blocker status: False
2025-12-04 08:46:02,214-DEBUG-root-19272::webapp_internal::wait_blocker|2444:: Waiting blocker to continue...
2025-12-04 08:46:02,400-DEBUG-root-19272::webapp_internal::wait_blocker|2469:: Blocker status: False
2025-12-04 08:46:02,401-DEBUG-root-19272::webapp_internal::send_action|10480:: Trying to send action
2025-12-04 08:46:03,437-DEBUG-root-19272::webapp_internal::send_action|10522:: send_action method result = True
2025-12-04 08:46:03,438-DEBUG-root-19272::webapp_internal::send_action|10523:: send_action selenium status: False
2025-12-04 08:46:03,438-DEBUG-root-19272::webapp_internal::wait_blocker|2444:: Waiting blocker to continue...
2025-12-04 08:46:03,587-DEBUG-root-19272::webapp_internal::wait_blocker|2469:: Blocker status: False
2025-12-04 08:46:03,588-INFO-root-19272::webapp_internal::SetKey|5822:: Key pressed: TAB
2025-12-04 08:46:03,588-DEBUG-root-19272::webapp_internal::SetKey|5857:: Trying press key
2025-12-04 08:46:05,592-DEBUG-root-19272::webapp_internal::wait_blocker|2444:: Waiting blocker to continue...
2025-12-04 08:46:05,720-DEBUG-root-19272::webapp_internal::wait_blocker|2469:: Blocker status: False
2025-12-04 08:46:05,743-DEBUG-root-19272::webapp_internal::wait_blocker|2444:: Waiting blocker to continue...
2025-12-04 08:46:05,901-DEBUG-root-19272::webapp_internal::wait_blocker|2469:: Blocker status: False
2025-12-04 08:46:05,901-DEBUG-root-19272::webapp_internal::send_action|10480:: Trying to send action
2025-12-04 08:46:06,939-DEBUG-root-19272::webapp_internal::send_action|10522:: send_action method result = True
2025-12-04 08:46:06,939-DEBUG-root-19272::webapp_internal::send_action|10523:: send_action selenium status: False
2025-12-04 08:46:06,940-DEBUG-root-19272::webapp_internal::wait_blocker|2444:: Waiting blocker to continue...
2025-12-04 08:46:07,060-DEBUG-root-19272::webapp_internal::wait_blocker|2469:: Blocker status: False
2025-12-04 08:46:07,060-INFO-root-19272::webapp_internal::SetKey|5822:: Key pressed: TAB
2025-12-04 08:46:07,060-DEBUG-root-19272::webapp_internal::SetKey|5857:: Trying press key
2025-12-04 08:46:09,068-DEBUG-root-19272::webapp_internal::wait_blocker|2444:: Waiting blocker to continue...
2025-12-04 08:46:09,188-DEBUG-root-19272::webapp_internal::wait_blocker|2469:: Blocker status: False
2025-12-04 08:46:09,214-DEBUG-root-19272::webapp_internal::wait_blocker|2444:: Waiting blocker to continue...
2025-12-04 08:46:09,340-DEBUG-root-19272::webapp_internal::wait_blocker|2469:: Blocker status: False
2025-12-04 08:46:09,340-DEBUG-root-19272::webapp_internal::send_action|10480:: Trying to send action
2025-12-04 08:46:10,379-DEBUG-root-19272::webapp_internal::send_action|10522:: send_action method result = True
2025-12-04 08:46:10,380-DEBUG-root-19272::webapp_internal::send_action|10523:: send_action selenium status: False
2025-12-04 08:46:10,380-DEBUG-root-19272::webapp_internal::wait_blocker|2444:: Waiting blocker to continue...
2025-12-04 08:46:10,503-DEBUG-root-19272::webapp_internal::wait_blocker|2469:: Blocker status: False
2025-12-04 08:46:10,504-INFO-root-19272::webapp_internal::SetKey|5822:: Key pressed: TAB
2025-12-04 08:46:10,504-DEBUG-root-19272::webapp_internal::SetKey|5857:: Trying press key
2025-12-04 08:46:12,506-DEBUG-root-19272::webapp_internal::wait_blocker|2444:: Waiting blocker to continue...
2025-12-04 08:46:12,658-DEBUG-root-19272::webapp_internal::wait_blocker|2469:: Blocker status: False
2025-12-04 08:46:12,693-DEBUG-root-19272::webapp_internal::wait_blocker|2444:: Waiting blocker to continue...
2025-12-04 08:46:12,827-DEBUG-root-19272::webapp_internal::wait_blocker|2469:: Blocker status: False
2025-12-04 08:46:12,828-DEBUG-root-19272::webapp_internal::send_action|10480:: Trying to send action
2025-12-04 08:46:13,873-DEBUG-root-19272::webapp_internal::send_action|10522:: send_action method result = True
2025-12-04 08:46:13,874-DEBUG-root-19272::webapp_internal::send_action|10523:: send_action selenium status: False
2025-12-04 08:46:13,874-DEBUG-root-19272::webapp_internal::wait_element|7623:: Waiting for element
2025-12-04 08:46:13,957-DEBUG-root-19272::webapp_internal::wait_element|7653:: Element found! Waiting for element to be displayed.
2025-12-04 08:46:14,184-DEBUG-root-19272::webapp_internal::wait_blocker|2444:: Waiting blocker to continue...
2025-12-04 08:46:14,350-DEBUG-root-19272::webapp_internal::wait_blocker|2469:: Blocker status: False
2025-12-04 08:46:14,350-INFO-root-19272::webapp_internal::LoadGrid|6298:: Filling grid field: Data Inicio
2025-12-04 08:46:14,351-DEBUG-root-19272::webapp_internal::fill_grid|6399:: Grid loading...
2025-12-04 08:46:14,490-DEBUG-root-19272::webapp_internal::fill_grid|6466:: Column found!
2025-12-04 08:46:14,527-DEBUG-root-19272::base::click|192:: Click Type: ClickType.ACTIONCHAINS
2025-12-04 08:46:19,916-DEBUG-root-19272::webapp_internal::fill_grid|6498:: Trying open cell in grid!
2025-12-04 08:46:20,202-DEBUG-root-19272::webapp_internal::wait_blocker|2444:: Waiting blocker to continue...
2025-12-04 08:46:20,334-DEBUG-root-19272::webapp_internal::wait_blocker|2469:: Blocker status: False
2025-12-04 08:46:20,521-DEBUG-root-19272::webapp_internal::wait_element_timeout|7726:: Element found! Waiting for element to be displayed.
2025-12-04 08:46:20,840-DEBUG-root-19272::webapp_internal::fill_grid|6577:: Sending keys: 04/11/2025
2025-12-04 08:46:21,150-DEBUG-root-19272::webapp_internal::wait_blocker|2444:: Waiting blocker to continue...
2025-12-04 08:46:21,287-DEBUG-root-19272::webapp_internal::wait_blocker|2469:: Blocker status: False
2025-12-04 08:46:26,583-DEBUG-root-19272::webapp_internal::wait_blocker|2444:: Waiting blocker to continue...
2025-12-04 08:46:26,706-DEBUG-root-19272::webapp_internal::wait_blocker|2469:: Blocker status: False
2025-12-04 08:46:26,706-INFO-root-19272::webapp_internal::LoadGrid|6298:: Filling grid field: Data Fim
2025-12-04 08:46:26,706-DEBUG-root-19272::webapp_internal::fill_grid|6399:: Grid loading...
2025-12-04 08:46:26,811-DEBUG-root-19272::webapp_internal::fill_grid|6466:: Column found!
2025-12-04 08:46:26,848-DEBUG-root-19272::base::click|192:: Click Type: ClickType.ACTIONCHAINS
2025-12-04 08:46:32,315-DEBUG-root-19272::webapp_internal::fill_grid|6498:: Trying open cell in grid!
2025-12-04 08:46:32,601-DEBUG-root-19272::webapp_internal::wait_blocker|2444:: Waiting blocker to continue...
2025-12-04 08:46:32,738-DEBUG-root-19272::webapp_internal::wait_blocker|2469:: Blocker status: False
2025-12-04 08:46:32,921-DEBUG-root-19272::webapp_internal::wait_element_timeout|7726:: Element found! Waiting for element to be displayed.
2025-12-04 08:46:33,243-DEBUG-root-19272::webapp_internal::fill_grid|6577:: Sending keys: 03/01/2026
2025-12-04 08:46:33,543-DEBUG-root-19272::webapp_internal::wait_blocker|2444:: Waiting blocker to continue...
2025-12-04 08:46:33,733-DEBUG-root-19272::webapp_internal::wait_blocker|2469:: Blocker status: False
2025-12-04 08:46:39,049-DEBUG-root-19272::webapp_internal::wait_blocker|2444:: Waiting blocker to continue...
2025-12-04 08:46:39,169-DEBUG-root-19272::webapp_internal::wait_blocker|2469:: Blocker status: False
2025-12-04 08:46:39,170-INFO-root-19272::webapp_internal::LoadGrid|6298:: Filling grid field: Verba
2025-12-04 08:46:39,170-DEBUG-root-19272::webapp_internal::fill_grid|6399:: Grid loading...
2025-12-04 08:46:39,283-DEBUG-root-19272::webapp_internal::fill_grid|6466:: Column found!
2025-12-04 08:46:39,321-DEBUG-root-19272::base::click|192:: Click Type: ClickType.ACTIONCHAINS
2025-12-04 08:46:44,748-DEBUG-root-19272::webapp_internal::fill_grid|6498:: Trying open cell in grid!
2025-12-04 08:46:45,034-DEBUG-root-19272::webapp_internal::wait_blocker|2444:: Waiting blocker to continue...
2025-12-04 08:46:45,199-DEBUG-root-19272::webapp_internal::wait_blocker|2469:: Blocker status: False
2025-12-04 08:46:45,378-DEBUG-root-19272::webapp_internal::wait_element_timeout|7726:: Element found! Waiting for element to be displayed.
2025-12-04 08:46:45,706-DEBUG-root-19272::webapp_internal::fill_grid|6577:: Sending keys: 010
2025-12-04 08:46:46,006-DEBUG-root-19272::webapp_internal::wait_blocker|2444:: Waiting blocker to continue...
2025-12-04 08:46:46,145-DEBUG-root-19272::webapp_internal::wait_blocker|2469:: Blocker status: False
2025-12-04 08:46:51,410-DEBUG-root-19272::webapp_internal::wait_blocker|2444:: Waiting blocker to continue...
2025-12-04 08:46:51,528-DEBUG-root-19272::webapp_internal::wait_blocker|2469:: Blocker status: False
2025-12-04 08:46:51,528-INFO-root-19272::webapp_internal::LoadGrid|6298:: Filling grid field: Verba s/Inci
2025-12-04 08:46:51,528-DEBUG-root-19272::webapp_internal::fill_grid|6399:: Grid loading...
2025-12-04 08:46:51,641-DEBUG-root-19272::webapp_internal::fill_grid|6466:: Column found!
2025-12-04 08:46:51,674-DEBUG-root-19272::base::click|192:: Click Type: ClickType.ACTIONCHAINS
2025-12-04 08:46:57,127-DEBUG-root-19272::webapp_internal::fill_grid|6498:: Trying open cell in grid!
2025-12-04 08:46:57,419-DEBUG-root-19272::webapp_internal::wait_blocker|2444:: Waiting blocker to continue...
2025-12-04 08:46:57,585-DEBUG-root-19272::webapp_internal::wait_blocker|2469:: Blocker status: False
2025-12-04 08:46:57,770-DEBUG-root-19272::webapp_internal::wait_element_timeout|7726:: Element found! Waiting for element to be displayed.
2025-12-04 08:46:58,090-DEBUG-root-19272::webapp_internal::fill_grid|6577:: Sending keys: 010
2025-12-04 08:46:58,390-DEBUG-root-19272::webapp_internal::wait_blocker|2444:: Waiting blocker to continue...
2025-12-04 08:46:58,524-DEBUG-root-19272::webapp_internal::wait_blocker|2469:: Blocker status: False
2025-12-04 08:47:03,824-DEBUG-root-19272::webapp_internal::SetFocus|6011:: Setting focus on element Confirmar.
2025-12-04 08:47:04,193-WARNING-root-19272::webapp_internal::log_error|8143:: Warning log_error Label 'confirmar' wasn't found
2025-12-04 08:47:04,193-DEBUG-root-19272::webapp_internal::log_error|8146:: ***System Info*** in log_error():
2025-12-04 08:47:04,193-DEBUG-root-19272::psutil_info::system_info|5:: CPU USAGE: 8.3%
2025-12-04 08:47:04,194-DEBUG-root-19272::psutil_info::system_info|6:: MEMORY USAGE: 88.2%
2025-12-04 08:47:04,194-DEBUG-root-19272::psutil_info::system_info|7:: MEMORY AVAILABLE: 11.85%
2025-12-04 08:47:05,413-ERROR-root-19272::webapp_internal::TearDown|9654:: Warning tearDown Close Message: Tried to run command without establishing a connection
Traceback (most recent call last):
  File "C:\TIR_TESTE\venv\Lib\site-packages\tir\technologies\webapp_internal.py", line 9652, in TearDown
    self.driver.close()
  File "C:\TIR_TESTE\venv\Lib\site-packages\selenium\webdriver\remote\webdriver.py", line 458, in close
    self.execute(Command.CLOSE)
  File "C:\TIR_TESTE\venv\Lib\site-packages\selenium\webdriver\remote\webdriver.py", line 347, in execute
    self.error_handler.check_response(response)
  File "C:\TIR_TESTE\venv\Lib\site-packages\selenium\webdriver\remote\errorhandler.py", line 229, in check_response
    raise exception_class(message, screen, stacktrace)
selenium.common.exceptions.InvalidSessionIdException: Message: Tried to run command without establishing a connection

2025-12-04 08:44:37,536-DEBUG-root-19272::logging_config::logger|189:: Log file created: 'Log\GESIT03\TIR__20251204084437532.log'
2025-12-04 08:44:37,536-INFO-root-19272::base::Start|1183:: TIR Version: 2.4.3
2025-12-04 08:44:37,536-INFO-root-19272::base::Start|1184:: Python Version: 3.12.10
2025-12-04 08:44:37,536-INFO-root-19272::base::Start|1185:: Starting the browser
2025-12-04 08:44:44,797-INFO-root-19272::base::get_url|1294:: Page is ready!
2025-12-04 08:44:44,841-INFO-root-19272::base::Start|1256:: Browser maximized to 1936x1048
2025-12-04 08:44:44,842-INFO-root-19272::base::Start|1258:: Screen size is different from default used in headless mode
2025-12-04 08:44:44,945-INFO-root-19272::webapp_internal::Setup|247:: ***System Info*** in Setup():
2025-12-04 08:44:44,946-DEBUG-root-19272::psutil_info::system_info|5:: CPU USAGE: 17.7%
2025-12-04 08:44:44,946-DEBUG-root-19272::psutil_info::system_info|6:: MEMORY USAGE: 88.0%
2025-12-04 08:44:44,947-DEBUG-root-19272::psutil_info::system_info|7:: MEMORY AVAILABLE: 12.01%
2025-12-04 08:44:44,955-INFO-root-19272::base::webapp_shadowroot|1394:: Webapp: 10.1.6-RC4
2025-12-04 08:44:44,983-INFO-root-19272::webapp_internal::filling_initial_program|449:: Filling Initial Program: "SIGAMDI"
2025-12-04 08:44:44,984-DEBUG-root-19272::webapp_internal::wait_element|7623:: Waiting for element
2025-12-04 08:44:45,038-DEBUG-root-19272::webapp_internal::wait_element|7653:: Element found! Waiting for element to be displayed.
2025-12-04 08:44:45,191-DEBUG-root-19272::base::click|192:: Click Type: ClickType.JS
2025-12-04 08:44:45,194-DEBUG-root-19272::webapp_internal::try_send_keys|7976:: Trying to send keys to element using technique 0
2025-12-04 08:44:46,058-DEBUG-root-19272::webapp_internal::get_web_value|3232:: Current value: SIGAMDI
2025-12-04 08:44:46,058-INFO-root-19272::webapp_internal::filling_server_environment|463:: Filling Server Environment: "POUPEX_TST"
2025-12-04 08:44:46,058-DEBUG-root-19272::webapp_internal::wait_element|7623:: Waiting for element
2025-12-04 08:44:46,082-DEBUG-root-19272::webapp_internal::wait_element|7653:: Element found! Waiting for element to be displayed.
2025-12-04 08:44:46,233-DEBUG-root-19272::base::click|192:: Click Type: ClickType.JS
2025-12-04 08:44:46,238-DEBUG-root-19272::webapp_internal::try_send_keys|7976:: Trying to send keys to element using technique 0
2025-12-04 08:44:46,808-DEBUG-root-19272::webapp_internal::get_web_value|3232:: Current value: POUPEX_TST
2025-12-04 08:44:46,831-DEBUG-root-19272::base::click|192:: Click Type: ClickType.JS
2025-12-04 08:44:46,844-DEBUG-root-19272::webapp_internal::user_screen|519:: Filling user screen
2025-12-04 08:44:52,305-DEBUG-root-19272::webapp_internal::wait_element_timeout|7726:: Element found! Waiting for element to be displayed.
2025-12-04 08:44:52,359-DEBUG-root-19272::base::scroll_to_element|759:: ********Warining scroll_to_element exception: Message: TypeError: can't access property "scrollIntoView", arguments[0] is null
Stacktrace:
@https://qasrverp:10020/webapp/:2:7
@https://qasrverp:10020/webapp/:3:8
*********
2025-12-04 08:44:52,485-INFO-root-19272::webapp_internal::user_screen|561:: Filling User
2025-12-04 08:44:52,517-DEBUG-root-19272::base::double_click|259:: Click Type: ClickType.SELENIUM
2025-12-04 08:44:52,713-DEBUG-root-19272::webapp_internal::get_web_value|3232:: Current value: 97137227104
2025-12-04 08:44:52,735-INFO-root-19272::webapp_internal::user_screen|621:: Filling Password
2025-12-04 08:44:52,758-DEBUG-root-19272::base::click|192:: Click Type: ClickType.JS
2025-12-04 08:44:52,837-DEBUG-root-19272::webapp_internal::get_web_value|3232:: Current value: Val20221080080094+
2025-12-04 08:44:52,837-DEBUG-root-19272::webapp_internal::wait_blocker|2444:: Waiting blocker to continue...
2025-12-04 08:44:52,886-DEBUG-root-19272::webapp_internal::wait_blocker|2469:: Blocker status: None
2025-12-04 08:44:52,907-DEBUG-root-19272::webapp_internal::wait_blocker|2444:: Waiting blocker to continue...
2025-12-04 08:44:52,934-DEBUG-root-19272::webapp_internal::wait_blocker|2469:: Blocker status: None
2025-12-04 08:44:52,972-DEBUG-root-19272::webapp_internal::wait_blocker|2444:: Waiting blocker to continue...
2025-12-04 08:44:53,000-DEBUG-root-19272::webapp_internal::wait_blocker|2469:: Blocker status: None
2025-12-04 08:44:53,000-DEBUG-root-19272::webapp_internal::send_action|10480:: Trying to send action
2025-12-04 08:44:53,006-DEBUG-root-19272::base::click|192:: Click Type: ClickType.JS
2025-12-04 08:44:54,050-DEBUG-root-19272::webapp_internal::send_action|10522:: send_action method result = True
2025-12-04 08:44:54,051-DEBUG-root-19272::webapp_internal::send_action|10523:: send_action selenium status: False
2025-12-04 08:44:56,443-DEBUG-root-19272::base::scroll_to_element|759:: ********Warining scroll_to_element exception: Message: TypeError: can't access property "scrollIntoView", arguments[0] is null
Stacktrace:
@https://qasrverp:10020/webapp/:2:7
@https://qasrverp:10020/webapp/:3:8
*********
2025-12-04 08:44:56,497-INFO-root-19272::webapp_internal::filling_date|885:: Filling Date: "04/11/2025"
2025-12-04 08:44:56,498-DEBUG-root-19272::webapp_internal::wait_blocker|2444:: Waiting blocker to continue...
2025-12-04 08:44:56,534-DEBUG-root-19272::webapp_internal::wait_blocker|2469:: Blocker status: None
2025-12-04 08:44:56,536-DEBUG-root-19272::base::click|192:: Click Type: ClickType.JS
2025-12-04 08:44:56,554-DEBUG-root-19272::webapp_internal::try_send_keys|7976:: Trying to send keys to element using technique 1
2025-12-04 08:44:56,626-DEBUG-root-19272::webapp_internal::get_web_value|3232:: Current value: 04/11/2025
2025-12-04 08:44:57,722-INFO-root-19272::webapp_internal::filling_group|955:: Filling Group: "02"
2025-12-04 08:44:57,722-DEBUG-root-19272::webapp_internal::wait_blocker|2444:: Waiting blocker to continue...
2025-12-04 08:44:57,752-DEBUG-root-19272::webapp_internal::wait_blocker|2469:: Blocker status: None
2025-12-04 08:44:57,754-DEBUG-root-19272::base::click|192:: Click Type: ClickType.JS
2025-12-04 08:44:57,805-DEBUG-root-19272::webapp_internal::get_web_value|3232:: Current value: 02
2025-12-04 08:44:58,876-INFO-root-19272::webapp_internal::filling_branch|1047:: Filling Branch: "02DF0001"
2025-12-04 08:44:58,876-DEBUG-root-19272::webapp_internal::wait_blocker|2444:: Waiting blocker to continue...
2025-12-04 08:44:58,932-DEBUG-root-19272::webapp_internal::wait_blocker|2469:: Blocker status: None
2025-12-04 08:44:58,936-DEBUG-root-19272::base::click|192:: Click Type: ClickType.JS
2025-12-04 08:44:59,005-DEBUG-root-19272::webapp_internal::get_web_value|3232:: Current value: 02DF0001
2025-12-04 08:45:00,098-INFO-root-19272::webapp_internal::filling_environment|1113:: Filling Environment: "07"
2025-12-04 08:45:00,098-DEBUG-root-19272::webapp_internal::wait_blocker|2444:: Waiting blocker to continue...
2025-12-04 08:45:00,138-DEBUG-root-19272::webapp_internal::wait_blocker|2469:: Blocker status: None
2025-12-04 08:45:00,147-DEBUG-root-19272::base::click|192:: Click Type: ClickType.JS
2025-12-04 08:45:00,211-DEBUG-root-19272::webapp_internal::get_web_value|3232:: Current value: 07
2025-12-04 08:45:01,220-DEBUG-root-19272::webapp_internal::close_warning_screen|1489:: Closing warning screen!
2025-12-04 08:45:02,254-DEBUG-root-19272::webapp_internal::check_screen_element|1291:: Checking screen element: "Atenção": False
2025-12-04 08:45:03,358-INFO-root-19272::webapp_internal::environment_screen|796:: Clicking on Button
2025-12-04 08:45:03,359-DEBUG-root-19272::webapp_internal::wait_blocker|2444:: Waiting blocker to continue...
2025-12-04 08:45:03,388-DEBUG-root-19272::webapp_internal::wait_blocker|2469:: Blocker status: None
2025-12-04 08:45:03,392-DEBUG-root-19272::base::click|192:: Click Type: ClickType.JS
2025-12-04 08:45:04,407-DEBUG-root-19272::base::click|192:: Click Type: ClickType.JS
2025-12-04 08:45:05,413-DEBUG-root-19272::base::click|192:: Click Type: ClickType.JS
2025-12-04 08:45:06,422-DEBUG-root-19272::base::click|192:: Click Type: ClickType.JS
2025-12-04 08:45:07,430-DEBUG-root-19272::base::click|192:: Click Type: ClickType.JS
2025-12-04 08:45:08,437-DEBUG-root-19272::base::click|192:: Click Type: ClickType.JS
2025-12-04 08:45:09,444-DEBUG-root-19272::webapp_internal::close_screen_before_menu|368:: Closing screen before the menu
2025-12-04 08:45:09,486-DEBUG-root-19272::webapp_internal::close_warning_screen|1489:: Closing warning screen!
2025-12-04 08:45:10,528-DEBUG-root-19272::webapp_internal::check_screen_element|1291:: Checking screen element: "Atenção": False
2025-12-04 08:45:10,528-DEBUG-root-19272::webapp_internal::close_coin_screen|1424:: Closing coin screen!
2025-12-04 08:45:11,081-DEBUG-root-19272::base::click|192:: Click Type: ClickType.JS
2025-12-04 08:45:11,134-DEBUG-root-19272::webapp_internal::close_warning_screen|1489:: Closing warning screen!
2025-12-04 08:45:12,194-DEBUG-root-19272::webapp_internal::check_screen_element|1291:: Checking screen element: "Atenção": False
2025-12-04 08:45:12,194-DEBUG-root-19272::webapp_internal::close_coin_screen|1424:: Closing coin screen!
2025-12-04 08:45:12,308-INFO-root-19272::webapp_internal::set_log_info|1623:: Getting log info
2025-12-04 08:45:12,308-INFO-root-19272::webapp_internal::SetLateralMenu|4184:: Navigating lateral menu: Ajuda > Sobre
2025-12-04 08:45:12,318-DEBUG-root-19272::webapp_internal::wait_element|7623:: Waiting for element
2025-12-04 08:45:12,362-DEBUG-root-19272::webapp_internal::wait_element|7653:: Element found! Waiting for element to be displayed.
2025-12-04 08:45:12,557-INFO-root-19272::webapp_internal::SetLateralMenu|4203:: Menu item: "Ajuda"
2025-12-04 08:45:12,557-DEBUG-root-19272::webapp_internal::wait_blocker|2444:: Waiting blocker to continue...
2025-12-04 08:45:12,654-DEBUG-root-19272::webapp_internal::wait_blocker|2469:: Blocker status: False
2025-12-04 08:45:13,068-DEBUG-root-19272::webapp_internal::wait_element_timeout|7726:: Element found! Waiting for element to be displayed.
2025-12-04 08:45:13,405-DEBUG-root-19272::webapp_internal::wait_blocker|2444:: Waiting blocker to continue...
2025-12-04 08:45:13,468-DEBUG-root-19272::webapp_internal::wait_blocker|2469:: Blocker status: False
2025-12-04 08:45:15,767-INFO-root-19272::webapp_internal::SetLateralMenu|4203:: Menu item: "Sobre"
2025-12-04 08:45:15,768-DEBUG-root-19272::webapp_internal::wait_blocker|2444:: Waiting blocker to continue...
2025-12-04 08:45:15,832-DEBUG-root-19272::webapp_internal::wait_blocker|2469:: Blocker status: False
2025-12-04 08:45:16,236-DEBUG-root-19272::webapp_internal::wait_element_timeout|7726:: Element found! Waiting for element to be displayed.
2025-12-04 08:45:16,586-DEBUG-root-19272::webapp_internal::wait_blocker|2444:: Waiting blocker to continue...
2025-12-04 08:45:16,646-DEBUG-root-19272::webapp_internal::wait_blocker|2469:: Blocker status: False
2025-12-04 08:45:19,267-DEBUG-root-19272::webapp_internal::wait_blocker|2444:: Waiting blocker to continue...
2025-12-04 08:45:19,337-DEBUG-root-19272::webapp_internal::wait_blocker|2469:: Blocker status: False
2025-12-04 08:45:19,406-DEBUG-root-19272::webapp_internal::wait_element|7623:: Waiting for element
2025-12-04 08:45:19,448-DEBUG-root-19272::webapp_internal::wait_element|7653:: Element found! Waiting for element to be displayed.
2025-12-04 08:45:19,618-INFO-root-19272::webapp_internal::SetButton|4444:: Clicking on Fechar
2025-12-04 08:45:19,618-DEBUG-root-19272::webapp_internal::wait_blocker|2444:: Waiting blocker to continue...
2025-12-04 08:45:19,687-DEBUG-root-19272::webapp_internal::wait_blocker|2469:: Blocker status: False
2025-12-04 08:45:19,866-DEBUG-root-19272::webapp_internal::wait_element_timeout|7726:: Element found! Waiting for element to be displayed.
2025-12-04 08:45:19,940-DEBUG-root-19272::webapp_internal::SetButton|4481:: ***System Info*** Before Clicking on button:Fechar
2025-12-04 08:45:19,940-DEBUG-root-19272::psutil_info::system_info|5:: CPU USAGE: 8.8%
2025-12-04 08:45:19,941-DEBUG-root-19272::psutil_info::system_info|6:: MEMORY USAGE: 88.0%
2025-12-04 08:45:19,941-DEBUG-root-19272::psutil_info::system_info|7:: MEMORY AVAILABLE: 12.04%
2025-12-04 08:45:20,107-DEBUG-root-19272::webapp_internal::wait_element_timeout|7726:: Element found! Waiting for element to be displayed.
2025-12-04 08:45:20,217-DEBUG-root-19272::webapp_internal::wait_blocker|2444:: Waiting blocker to continue...
2025-12-04 08:45:20,287-DEBUG-root-19272::webapp_internal::wait_blocker|2469:: Blocker status: False
2025-12-04 08:45:20,305-DEBUG-root-19272::webapp_internal::wait_blocker|2444:: Waiting blocker to continue...
2025-12-04 08:45:20,378-DEBUG-root-19272::webapp_internal::wait_blocker|2469:: Blocker status: False
2025-12-04 08:45:20,378-DEBUG-root-19272::webapp_internal::send_action|10480:: Trying to send action
2025-12-04 08:45:20,380-DEBUG-root-19272::base::click|192:: Click Type: ClickType.JS
2025-12-04 08:45:21,411-DEBUG-root-19272::webapp_internal::send_action|10522:: send_action method result = True
2025-12-04 08:45:21,411-DEBUG-root-19272::webapp_internal::send_action|10523:: send_action selenium status: False
2025-12-04 08:45:21,411-DEBUG-root-19272::webapp_internal::SetButton|4683:: ***System Info*** After Clicking on button:
2025-12-04 08:45:21,412-DEBUG-root-19272::psutil_info::system_info|5:: CPU USAGE: 5.1%
2025-12-04 08:45:21,412-DEBUG-root-19272::psutil_info::system_info|6:: MEMORY USAGE: 88.1%
2025-12-04 08:45:21,412-DEBUG-root-19272::psutil_info::system_info|7:: MEMORY AVAILABLE: 11.88%
2025-12-04 08:45:21,413-DEBUG-root-19272::webapp_internal::wait_element|7623:: Waiting for element
2025-12-04 08:45:21,498-INFO-root-19272::webapp_internal::SetLateralMenu|4184:: Navigating lateral menu: Atualizações > Especificos > Tipo de Convenio
2025-12-04 08:45:21,507-DEBUG-root-19272::webapp_internal::wait_element|7623:: Waiting for element
2025-12-04 08:45:21,544-DEBUG-root-19272::webapp_internal::wait_element|7653:: Element found! Waiting for element to be displayed.
2025-12-04 08:45:21,708-INFO-root-19272::webapp_internal::SetLateralMenu|4203:: Menu item: "Atualizações"
2025-12-04 08:45:21,708-DEBUG-root-19272::webapp_internal::wait_blocker|2444:: Waiting blocker to continue...
2025-12-04 08:45:21,774-DEBUG-root-19272::webapp_internal::wait_blocker|2469:: Blocker status: False
2025-12-04 08:45:22,164-DEBUG-root-19272::webapp_internal::wait_element_timeout|7726:: Element found! Waiting for element to be displayed.
2025-12-04 08:45:22,508-DEBUG-root-19272::webapp_internal::wait_blocker|2444:: Waiting blocker to continue...
2025-12-04 08:45:22,577-DEBUG-root-19272::webapp_internal::wait_blocker|2469:: Blocker status: False
2025-12-04 08:45:24,874-INFO-root-19272::webapp_internal::SetLateralMenu|4203:: Menu item: "Especificos"
2025-12-04 08:45:24,874-DEBUG-root-19272::webapp_internal::wait_blocker|2444:: Waiting blocker to continue...
2025-12-04 08:45:24,998-DEBUG-root-19272::webapp_internal::wait_blocker|2469:: Blocker status: False
2025-12-04 08:45:25,699-DEBUG-root-19272::webapp_internal::wait_element_timeout|7726:: Element found! Waiting for element to be displayed.
2025-12-04 08:45:26,383-DEBUG-root-19272::webapp_internal::wait_blocker|2444:: Waiting blocker to continue...
2025-12-04 08:45:26,470-DEBUG-root-19272::webapp_internal::wait_blocker|2469:: Blocker status: False
2025-12-04 08:45:28,770-INFO-root-19272::webapp_internal::SetLateralMenu|4203:: Menu item: "Tipo de Convenio"
2025-12-04 08:45:28,770-DEBUG-root-19272::webapp_internal::wait_blocker|2444:: Waiting blocker to continue...
2025-12-04 08:45:28,885-DEBUG-root-19272::webapp_internal::wait_blocker|2469:: Blocker status: False
2025-12-04 08:45:30,342-DEBUG-root-19272::webapp_internal::wait_element_timeout|7726:: Element found! Waiting for element to be displayed.
2025-12-04 08:45:31,850-DEBUG-root-19272::webapp_internal::wait_blocker|2444:: Waiting blocker to continue...
2025-12-04 08:45:31,952-DEBUG-root-19272::webapp_internal::wait_blocker|2469:: Blocker status: False
2025-12-04 08:45:36,450-DEBUG-root-19272::webapp_internal::wait_blocker|2444:: Waiting blocker to continue...
2025-12-04 08:45:36,552-DEBUG-root-19272::webapp_internal::wait_blocker|2469:: Blocker status: False
2025-12-04 08:45:36,654-INFO-root-19272::webapp_internal::WaitShow|4980:: Waiting show text 'Este ambiente utiliza base de Homologação.'...
2025-12-04 08:45:41,822-DEBUG-root-19272::log::checks_empty_line|221:: Checking empty default log info
2025-12-04 08:45:41,825-DEBUG-root-19272::log::generate_log|503:: Json log_data: {'cLogDtExec': '04/12/2025 08:45:41', 'cLogNomUsr': '97137227104', 'cLogNomEst': 'GESIT03', 'cLogProgra': None, 'cLogDtProg': '', 'cLogHrProg': '', 'nLogCtsOk': 1, 'nLogCtsNok': 0, 'nLogCtsSeg': 64.41, 'cLogVersao': '12', 'cLogReleas': '12.1.2410', 'nLogCtsErr': '', 'cLogBancod': 'ORACLE', 'cLogIdenti': '', 'cLogIdExec': '20251204', 'cLogPais': 'BRA', 'cLogTool': 'TIR', 'cLogSequen': '9d2e56', 'nLogCtsTot': 1, 'cLogDtExea': '04/12/2025', 'cLogHrExea': '08:45:41', 'cLogArea': 'Desenvolvimento', 'cLogMnExec': 1.0735}
2025-12-04 08:45:41,825-INFO-root-19272::log::send_log_with_retries|515:: Saving log locally.
2025-12-04 08:45:41,826-INFO-root-19272::log::save_log_locally|548:: [FwSendLog]: Não foi possível enviar o log após todas as tentativas.
2025-12-04 08:45:41,826-INFO-root-19272::log::save_log_locally|555:: [FwSendLog]: Log salvo localmente em C:\TIR_TESTE\1764848741.json.
2025-12-04 08:45:41,827-INFO-root-19272::webapp_internal::WaitShow|4980:: Waiting show text 'Moedas'...
2025-12-04 08:45:47,150-INFO-root-19272::webapp_internal::WaitShow|4980:: Waiting show text 'Tipos de Convênios'...
2025-12-04 08:45:47,221-INFO-root-19272::webapp_internal::WaitShow|4996:: Text found! 
2025-12-04 08:45:47,221-INFO-root-19272::webapp_internal::SetButton|4444:: Clicking on Incluir
2025-12-04 08:45:47,221-DEBUG-root-19272::webapp_internal::wait_blocker|2444:: Waiting blocker to continue...
2025-12-04 08:45:47,332-DEBUG-root-19272::webapp_internal::wait_blocker|2469:: Blocker status: False
2025-12-04 08:45:47,722-DEBUG-root-19272::webapp_internal::wait_element_timeout|7726:: Element found! Waiting for element to be displayed.
2025-12-04 08:45:48,057-DEBUG-root-19272::webapp_internal::SetButton|4481:: ***System Info*** Before Clicking on button:Incluir
2025-12-04 08:45:48,057-DEBUG-root-19272::psutil_info::system_info|5:: CPU USAGE: 10.2%
2025-12-04 08:45:48,058-DEBUG-root-19272::psutil_info::system_info|6:: MEMORY USAGE: 87.0%
2025-12-04 08:45:48,058-DEBUG-root-19272::psutil_info::system_info|7:: MEMORY AVAILABLE: 12.99%
2025-12-04 08:45:48,431-DEBUG-root-19272::webapp_internal::wait_element_timeout|7726:: Element found! Waiting for element to be displayed.
2025-12-04 08:45:48,742-DEBUG-root-19272::webapp_internal::wait_blocker|2444:: Waiting blocker to continue...
2025-12-04 08:45:48,854-DEBUG-root-19272::webapp_internal::wait_blocker|2469:: Blocker status: False
2025-12-04 08:45:48,886-DEBUG-root-19272::webapp_internal::wait_blocker|2444:: Waiting blocker to continue...
2025-12-04 08:45:49,006-DEBUG-root-19272::webapp_internal::wait_blocker|2469:: Blocker status: False
2025-12-04 08:45:49,006-DEBUG-root-19272::webapp_internal::send_action|10480:: Trying to send action
2025-12-04 08:45:49,008-DEBUG-root-19272::base::click|192:: Click Type: ClickType.JS
2025-12-04 08:45:50,057-DEBUG-root-19272::webapp_internal::send_action|10522:: send_action method result = True
2025-12-04 08:45:50,058-DEBUG-root-19272::webapp_internal::send_action|10523:: send_action selenium status: False
2025-12-04 08:45:50,058-DEBUG-root-19272::webapp_internal::SetButton|4683:: ***System Info*** After Clicking on button:
2025-12-04 08:45:50,058-DEBUG-root-19272::psutil_info::system_info|5:: CPU USAGE: 9.3%
2025-12-04 08:45:50,059-DEBUG-root-19272::psutil_info::system_info|6:: MEMORY USAGE: 87.2%
2025-12-04 08:45:50,059-DEBUG-root-19272::psutil_info::system_info|7:: MEMORY AVAILABLE: 12.75%
2025-12-04 08:45:50,059-INFO-root-19272::webapp_internal::WaitShow|4980:: Waiting show text 'Tipos de Convenios - INCLUIR'...
2025-12-04 08:45:50,202-INFO-root-19272::webapp_internal::WaitShow|4996:: Text found! 
2025-12-04 08:45:50,202-DEBUG-root-19272::webapp_internal::SetFocus|6011:: Setting focus on element ZD_DESCONV.
2025-12-04 08:45:50,354-DEBUG-root-19272::base::click|192:: Click Type: ClickType.SELENIUM
2025-12-04 08:45:50,427-DEBUG-root-19272::webapp_internal::wait_blocker|2444:: Waiting blocker to continue...
2025-12-04 08:45:50,550-DEBUG-root-19272::webapp_internal::wait_blocker|2469:: Blocker status: False
2025-12-04 08:45:50,550-DEBUG-root-19272::webapp_internal::wait_element|7623:: Waiting for element
2025-12-04 08:45:50,623-DEBUG-root-19272::webapp_internal::wait_element|7653:: Element found! Waiting for element to be displayed.
2025-12-04 08:45:50,698-INFO-root-19272::webapp_internal::input_value|2941:: Looking for element: ZD_DESCONV
2025-12-04 08:45:50,818-INFO-root-19272::webapp_internal::input_value|2951:: Element: ZD_DESCONV Found!
2025-12-04 08:45:50,818-INFO-root-19272::webapp_internal::input_value|2953:: Filling element: ZD_DESCONV
2025-12-04 08:45:50,843-DEBUG-root-19272::webapp_internal::get_web_value|3232:: Current value:                                                             
2025-12-04 08:45:50,882-DEBUG-root-19272::base::double_click|259:: Click Type: ClickType.SELENIUM
2025-12-04 08:45:51,138-DEBUG-root-19272::webapp_internal::wait_blocker|2444:: Waiting blocker to continue...
2025-12-04 08:45:51,261-DEBUG-root-19272::webapp_internal::wait_blocker|2469:: Blocker status: False
2025-12-04 08:45:51,594-DEBUG-root-19272::webapp_internal::get_web_value|3232:: Current value: TESTE INCLUSAO 01                                           
2025-12-04 08:45:51,595-INFO-root-19272::webapp_internal::input_value|3059:: Current field value: TESTE INCLUSAO 01
2025-12-04 08:45:51,621-DEBUG-root-19272::webapp_internal::wait_blocker|2444:: Waiting blocker to continue...
2025-12-04 08:45:51,806-DEBUG-root-19272::webapp_internal::wait_blocker|2469:: Blocker status: False
2025-12-04 08:45:51,807-INFO-root-19272::webapp_internal::SetKey|5822:: Key pressed: TAB
2025-12-04 08:45:51,807-DEBUG-root-19272::webapp_internal::SetKey|5857:: Trying press key
2025-12-04 08:45:53,815-DEBUG-root-19272::webapp_internal::wait_blocker|2444:: Waiting blocker to continue...
2025-12-04 08:45:53,954-DEBUG-root-19272::webapp_internal::wait_blocker|2469:: Blocker status: False
2025-12-04 08:45:53,977-DEBUG-root-19272::webapp_internal::wait_blocker|2444:: Waiting blocker to continue...
2025-12-04 08:45:54,109-DEBUG-root-19272::webapp_internal::wait_blocker|2469:: Blocker status: False
2025-12-04 08:45:54,109-DEBUG-root-19272::webapp_internal::send_action|10480:: Trying to send action
2025-12-04 08:45:55,144-DEBUG-root-19272::webapp_internal::send_action|10522:: send_action method result = True
2025-12-04 08:45:55,144-DEBUG-root-19272::webapp_internal::send_action|10523:: send_action selenium status: False
2025-12-04 08:45:55,144-DEBUG-root-19272::webapp_internal::wait_blocker|2444:: Waiting blocker to continue...
2025-12-04 08:45:55,304-DEBUG-root-19272::webapp_internal::wait_blocker|2469:: Blocker status: False
2025-12-04 08:45:55,304-DEBUG-root-19272::webapp_internal::wait_element|7623:: Waiting for element
2025-12-04 08:45:55,384-DEBUG-root-19272::webapp_internal::wait_element|7653:: Element found! Waiting for element to be displayed.
2025-12-04 08:45:55,463-INFO-root-19272::webapp_internal::input_value|2941:: Looking for element: ZD_TPMOV
2025-12-04 08:45:55,591-INFO-root-19272::webapp_internal::input_value|2951:: Element: ZD_TPMOV Found!
2025-12-04 08:45:55,591-INFO-root-19272::webapp_internal::input_value|2953:: Filling element: ZD_TPMOV
2025-12-04 08:45:56,791-INFO-root-19272::base::select_combo|871:: Selected value for combo is: 1 - Titular
2025-12-04 08:45:56,845-DEBUG-root-19272::webapp_internal::wait_blocker|2444:: Waiting blocker to continue...
2025-12-04 08:45:56,969-DEBUG-root-19272::webapp_internal::wait_blocker|2469:: Blocker status: False
2025-12-04 08:45:56,969-DEBUG-root-19272::webapp_internal::wait_element|7623:: Waiting for element
2025-12-04 08:45:57,042-DEBUG-root-19272::webapp_internal::wait_element|7653:: Element found! Waiting for element to be displayed.
2025-12-04 08:45:57,103-INFO-root-19272::webapp_internal::input_value|2941:: Looking for element: ZD_TPALTSA
2025-12-04 08:45:57,236-INFO-root-19272::webapp_internal::input_value|2951:: Element: ZD_TPALTSA Found!
2025-12-04 08:45:57,236-INFO-root-19272::webapp_internal::input_value|2953:: Filling element: ZD_TPALTSA
2025-12-04 08:45:57,260-DEBUG-root-19272::webapp_internal::get_web_value|3232:: Current value:    
2025-12-04 08:45:57,294-DEBUG-root-19272::base::double_click|259:: Click Type: ClickType.SELENIUM
2025-12-04 08:45:57,559-DEBUG-root-19272::webapp_internal::wait_blocker|2444:: Waiting blocker to continue...
2025-12-04 08:45:57,720-DEBUG-root-19272::webapp_internal::wait_blocker|2469:: Blocker status: False
2025-12-04 08:45:58,038-DEBUG-root-19272::webapp_internal::get_web_value|3232:: Current value: 003
2025-12-04 08:45:58,038-INFO-root-19272::webapp_internal::input_value|3059:: Current field value: 003
2025-12-04 08:45:58,050-INFO-root-19272::webapp_internal::WaitShow|4980:: Waiting show text 'Histórico'...
2025-12-04 08:45:59,916-INFO-root-19272::webapp_internal::WaitShow|4996:: Text found! 
2025-12-04 08:45:59,917-DEBUG-root-19272::webapp_internal::wait_blocker|2444:: Waiting blocker to continue...
2025-12-04 08:46:00,055-DEBUG-root-19272::webapp_internal::wait_blocker|2469:: Blocker status: False
2025-12-04 08:46:00,055-INFO-root-19272::webapp_internal::SetKey|5822:: Key pressed: TAB
2025-12-04 08:46:00,056-DEBUG-root-19272::webapp_internal::SetKey|5857:: Trying press key
2025-12-04 08:46:02,060-DEBUG-root-19272::webapp_internal::wait_blocker|2444:: Waiting blocker to continue...
2025-12-04 08:46:02,190-DEBUG-root-19272::webapp_internal::wait_blocker|2469:: Blocker status: False
2025-12-04 08:46:02,214-DEBUG-root-19272::webapp_internal::wait_blocker|2444:: Waiting blocker to continue...
2025-12-04 08:46:02,400-DEBUG-root-19272::webapp_internal::wait_blocker|2469:: Blocker status: False
2025-12-04 08:46:02,401-DEBUG-root-19272::webapp_internal::send_action|10480:: Trying to send action
2025-12-04 08:46:03,437-DEBUG-root-19272::webapp_internal::send_action|10522:: send_action method result = True
2025-12-04 08:46:03,438-DEBUG-root-19272::webapp_internal::send_action|10523:: send_action selenium status: False
2025-12-04 08:46:03,438-DEBUG-root-19272::webapp_internal::wait_blocker|2444:: Waiting blocker to continue...
2025-12-04 08:46:03,587-DEBUG-root-19272::webapp_internal::wait_blocker|2469:: Blocker status: False
2025-12-04 08:46:03,588-INFO-root-19272::webapp_internal::SetKey|5822:: Key pressed: TAB
2025-12-04 08:46:03,588-DEBUG-root-19272::webapp_internal::SetKey|5857:: Trying press key
2025-12-04 08:46:05,592-DEBUG-root-19272::webapp_internal::wait_blocker|2444:: Waiting blocker to continue...
2025-12-04 08:46:05,720-DEBUG-root-19272::webapp_internal::wait_blocker|2469:: Blocker status: False
2025-12-04 08:46:05,743-DEBUG-root-19272::webapp_internal::wait_blocker|2444:: Waiting blocker to continue...
2025-12-04 08:46:05,901-DEBUG-root-19272::webapp_internal::wait_blocker|2469:: Blocker status: False
2025-12-04 08:46:05,901-DEBUG-root-19272::webapp_internal::send_action|10480:: Trying to send action
2025-12-04 08:46:06,939-DEBUG-root-19272::webapp_internal::send_action|10522:: send_action method result = True
2025-12-04 08:46:06,939-DEBUG-root-19272::webapp_internal::send_action|10523:: send_action selenium status: False
2025-12-04 08:46:06,940-DEBUG-root-19272::webapp_internal::wait_blocker|2444:: Waiting blocker to continue...
2025-12-04 08:46:07,060-DEBUG-root-19272::webapp_internal::wait_blocker|2469:: Blocker status: False
2025-12-04 08:46:07,060-INFO-root-19272::webapp_internal::SetKey|5822:: Key pressed: TAB
2025-12-04 08:46:07,060-DEBUG-root-19272::webapp_internal::SetKey|5857:: Trying press key
2025-12-04 08:46:09,068-DEBUG-root-19272::webapp_internal::wait_blocker|2444:: Waiting blocker to continue...
2025-12-04 08:46:09,188-DEBUG-root-19272::webapp_internal::wait_blocker|2469:: Blocker status: False
2025-12-04 08:46:09,214-DEBUG-root-19272::webapp_internal::wait_blocker|2444:: Waiting blocker to continue...
2025-12-04 08:46:09,340-DEBUG-root-19272::webapp_internal::wait_blocker|2469:: Blocker status: False
2025-12-04 08:46:09,340-DEBUG-root-19272::webapp_internal::send_action|10480:: Trying to send action
2025-12-04 08:46:10,379-DEBUG-root-19272::webapp_internal::send_action|10522:: send_action method result = True
2025-12-04 08:46:10,380-DEBUG-root-19272::webapp_internal::send_action|10523:: send_action selenium status: False
2025-12-04 08:46:10,380-DEBUG-root-19272::webapp_internal::wait_blocker|2444:: Waiting blocker to continue...
2025-12-04 08:46:10,503-DEBUG-root-19272::webapp_internal::wait_blocker|2469:: Blocker status: False
2025-12-04 08:46:10,504-INFO-root-19272::webapp_internal::SetKey|5822:: Key pressed: TAB
2025-12-04 08:46:10,504-DEBUG-root-19272::webapp_internal::SetKey|5857:: Trying press key
2025-12-04 08:46:12,506-DEBUG-root-19272::webapp_internal::wait_blocker|2444:: Waiting blocker to continue...
2025-12-04 08:46:12,658-DEBUG-root-19272::webapp_internal::wait_blocker|2469:: Blocker status: False
2025-12-04 08:46:12,693-DEBUG-root-19272::webapp_internal::wait_blocker|2444:: Waiting blocker to continue...
2025-12-04 08:46:12,827-DEBUG-root-19272::webapp_internal::wait_blocker|2469:: Blocker status: False
2025-12-04 08:46:12,828-DEBUG-root-19272::webapp_internal::send_action|10480:: Trying to send action
2025-12-04 08:46:13,873-DEBUG-root-19272::webapp_internal::send_action|10522:: send_action method result = True
2025-12-04 08:46:13,874-DEBUG-root-19272::webapp_internal::send_action|10523:: send_action selenium status: False
2025-12-04 08:46:13,874-DEBUG-root-19272::webapp_internal::wait_element|7623:: Waiting for element
2025-12-04 08:46:13,957-DEBUG-root-19272::webapp_internal::wait_element|7653:: Element found! Waiting for element to be displayed.
2025-12-04 08:46:14,184-DEBUG-root-19272::webapp_internal::wait_blocker|2444:: Waiting blocker to continue...
2025-12-04 08:46:14,350-DEBUG-root-19272::webapp_internal::wait_blocker|2469:: Blocker status: False
2025-12-04 08:46:14,350-INFO-root-19272::webapp_internal::LoadGrid|6298:: Filling grid field: Data Inicio
2025-12-04 08:46:14,351-DEBUG-root-19272::webapp_internal::fill_grid|6399:: Grid loading...
2025-12-04 08:46:14,490-DEBUG-root-19272::webapp_internal::fill_grid|6466:: Column found!
2025-12-04 08:46:14,527-DEBUG-root-19272::base::click|192:: Click Type: ClickType.ACTIONCHAINS
2025-12-04 08:46:19,916-DEBUG-root-19272::webapp_internal::fill_grid|6498:: Trying open cell in grid!
2025-12-04 08:46:20,202-DEBUG-root-19272::webapp_internal::wait_blocker|2444:: Waiting blocker to continue...
2025-12-04 08:46:20,334-DEBUG-root-19272::webapp_internal::wait_blocker|2469:: Blocker status: False
2025-12-04 08:46:20,521-DEBUG-root-19272::webapp_internal::wait_element_timeout|7726:: Element found! Waiting for element to be displayed.
2025-12-04 08:46:20,840-DEBUG-root-19272::webapp_internal::fill_grid|6577:: Sending keys: 04/11/2025
2025-12-04 08:46:21,150-DEBUG-root-19272::webapp_internal::wait_blocker|2444:: Waiting blocker to continue...
2025-12-04 08:46:21,287-DEBUG-root-19272::webapp_internal::wait_blocker|2469:: Blocker status: False
2025-12-04 08:46:26,583-DEBUG-root-19272::webapp_internal::wait_blocker|2444:: Waiting blocker to continue...
2025-12-04 08:46:26,706-DEBUG-root-19272::webapp_internal::wait_blocker|2469:: Blocker status: False
2025-12-04 08:46:26,706-INFO-root-19272::webapp_internal::LoadGrid|6298:: Filling grid field: Data Fim
2025-12-04 08:46:26,706-DEBUG-root-19272::webapp_internal::fill_grid|6399:: Grid loading...
2025-12-04 08:46:26,811-DEBUG-root-19272::webapp_internal::fill_grid|6466:: Column found!
2025-12-04 08:46:26,848-DEBUG-root-19272::base::click|192:: Click Type: ClickType.ACTIONCHAINS
2025-12-04 08:46:32,315-DEBUG-root-19272::webapp_internal::fill_grid|6498:: Trying open cell in grid!
2025-12-04 08:46:32,601-DEBUG-root-19272::webapp_internal::wait_blocker|2444:: Waiting blocker to continue...
2025-12-04 08:46:32,738-DEBUG-root-19272::webapp_internal::wait_blocker|2469:: Blocker status: False
2025-12-04 08:46:32,921-DEBUG-root-19272::webapp_internal::wait_element_timeout|7726:: Element found! Waiting for element to be displayed.
2025-12-04 08:46:33,243-DEBUG-root-19272::webapp_internal::fill_grid|6577:: Sending keys: 03/01/2026
2025-12-04 08:46:33,543-DEBUG-root-19272::webapp_internal::wait_blocker|2444:: Waiting blocker to continue...
2025-12-04 08:46:33,733-DEBUG-root-19272::webapp_internal::wait_blocker|2469:: Blocker status: False
2025-12-04 08:46:39,049-DEBUG-root-19272::webapp_internal::wait_blocker|2444:: Waiting blocker to continue...
2025-12-04 08:46:39,169-DEBUG-root-19272::webapp_internal::wait_blocker|2469:: Blocker status: False
2025-12-04 08:46:39,170-INFO-root-19272::webapp_internal::LoadGrid|6298:: Filling grid field: Verba
2025-12-04 08:46:39,170-DEBUG-root-19272::webapp_internal::fill_grid|6399:: Grid loading...
2025-12-04 08:46:39,283-DEBUG-root-19272::webapp_internal::fill_grid|6466:: Column found!
2025-12-04 08:46:39,321-DEBUG-root-19272::base::click|192:: Click Type: ClickType.ACTIONCHAINS
2025-12-04 08:46:44,748-DEBUG-root-19272::webapp_internal::fill_grid|6498:: Trying open cell in grid!
2025-12-04 08:46:45,034-DEBUG-root-19272::webapp_internal::wait_blocker|2444:: Waiting blocker to continue...
2025-12-04 08:46:45,199-DEBUG-root-19272::webapp_internal::wait_blocker|2469:: Blocker status: False
2025-12-04 08:46:45,378-DEBUG-root-19272::webapp_internal::wait_element_timeout|7726:: Element found! Waiting for element to be displayed.
2025-12-04 08:46:45,706-DEBUG-root-19272::webapp_internal::fill_grid|6577:: Sending keys: 010
2025-12-04 08:46:46,006-DEBUG-root-19272::webapp_internal::wait_blocker|2444:: Waiting blocker to continue...
2025-12-04 08:46:46,145-DEBUG-root-19272::webapp_internal::wait_blocker|2469:: Blocker status: False
2025-12-04 08:46:51,410-DEBUG-root-19272::webapp_internal::wait_blocker|2444:: Waiting blocker to continue...
2025-12-04 08:46:51,528-DEBUG-root-19272::webapp_internal::wait_blocker|2469:: Blocker status: False
2025-12-04 08:46:51,528-INFO-root-19272::webapp_internal::LoadGrid|6298:: Filling grid field: Verba s/Inci
2025-12-04 08:46:51,528-DEBUG-root-19272::webapp_internal::fill_grid|6399:: Grid loading...
2025-12-04 08:46:51,641-DEBUG-root-19272::webapp_internal::fill_grid|6466:: Column found!
2025-12-04 08:46:51,674-DEBUG-root-19272::base::click|192:: Click Type: ClickType.ACTIONCHAINS
2025-12-04 08:46:57,127-DEBUG-root-19272::webapp_internal::fill_grid|6498:: Trying open cell in grid!
2025-12-04 08:46:57,419-DEBUG-root-19272::webapp_internal::wait_blocker|2444:: Waiting blocker to continue...
2025-12-04 08:46:57,585-DEBUG-root-19272::webapp_internal::wait_blocker|2469:: Blocker status: False
2025-12-04 08:46:57,770-DEBUG-root-19272::webapp_internal::wait_element_timeout|7726:: Element found! Waiting for element to be displayed.
2025-12-04 08:46:58,090-DEBUG-root-19272::webapp_internal::fill_grid|6577:: Sending keys: 010
2025-12-04 08:46:58,390-DEBUG-root-19272::webapp_internal::wait_blocker|2444:: Waiting blocker to continue...
2025-12-04 08:46:58,524-DEBUG-root-19272::webapp_internal::wait_blocker|2469:: Blocker status: False
2025-12-04 08:47:03,824-DEBUG-root-19272::webapp_internal::SetFocus|6011:: Setting focus on element Confirmar.
2025-12-04 08:47:04,193-WARNING-root-19272::webapp_internal::log_error|8143:: Warning log_error Label 'confirmar' wasn't found
2025-12-04 08:47:04,193-DEBUG-root-19272::webapp_internal::log_error|8146:: ***System Info*** in log_error():
2025-12-04 08:47:04,193-DEBUG-root-19272::psutil_info::system_info|5:: CPU USAGE: 8.3%
2025-12-04 08:47:04,194-DEBUG-root-19272::psutil_info::system_info|6:: MEMORY USAGE: 88.2%
2025-12-04 08:47:04,194-DEBUG-root-19272::psutil_info::system_info|7:: MEMORY AVAILABLE: 11.85%
2025-12-04 08:47:05,413-ERROR-root-19272::webapp_internal::TearDown|9654:: Warning tearDown Close Message: Tried to run command without establishing a connection
Traceback (most recent call last):
  File "C:\TIR_TESTE\venv\Lib\site-packages\tir\technologies\webapp_internal.py", line 9652, in TearDown
    self.driver.close()
  File "C:\TIR_TESTE\venv\Lib\site-packages\selenium\webdriver\remote\webdriver.py", line 458, in close
    self.execute(Command.CLOSE)
  File "C:\TIR_TESTE\venv\Lib\site-packages\selenium\webdriver\remote\webdriver.py", line 347, in execute
    self.error_handler.check_response(response)
  File "C:\TIR_TESTE\venv\Lib\site-packages\selenium\webdriver\remote\errorhandler.py", line 229, in check_response
    raise exception_class(message, screen, stacktrace)
selenium.common.exceptions.InvalidSessionIdException: Message: Tried to run command without establishing a connection

