2025-12-05 10:03:05,473-DEBUG-root-2296::logging_config::logger|189:: Log file created: 'Log\GESIT03\TIR__20251205100305467.log'
2025-12-05 10:03:05,474-INFO-root-2296::base::Start|1183:: TIR Version: 2.4.3
2025-12-05 10:03:05,474-INFO-root-2296::base::Start|1184:: Python Version: 3.12.10
2025-12-05 10:03:05,474-INFO-root-2296::base::Start|1185:: Starting the browser
2025-12-05 10:03:14,998-INFO-root-2296::base::get_url|1294:: Page is ready!
2025-12-05 10:03:15,018-INFO-root-2296::base::Start|1256:: Browser maximized to 1936x1048
2025-12-05 10:03:15,018-INFO-root-2296::base::Start|1258:: Screen size is different from default used in headless mode
2025-12-05 10:03:15,112-INFO-root-2296::webapp_internal::Setup|247:: ***System Info*** in Setup():
2025-12-05 10:03:15,113-DEBUG-root-2296::psutil_info::system_info|5:: CPU USAGE: 13.1%
2025-12-05 10:03:15,113-DEBUG-root-2296::psutil_info::system_info|6:: MEMORY USAGE: 89.8%
2025-12-05 10:03:15,114-DEBUG-root-2296::psutil_info::system_info|7:: MEMORY AVAILABLE: 10.16%
2025-12-05 10:03:15,122-INFO-root-2296::base::webapp_shadowroot|1394:: Webapp: 10.1.6-RC4
2025-12-05 10:03:15,176-INFO-root-2296::webapp_internal::filling_initial_program|449:: Filling Initial Program: "SIGAMDI"
2025-12-05 10:03:15,178-DEBUG-root-2296::webapp_internal::wait_element|7623:: Waiting for element
2025-12-05 10:03:15,205-DEBUG-root-2296::webapp_internal::wait_element|7653:: Element found! Waiting for element to be displayed.
2025-12-05 10:03:15,354-DEBUG-root-2296::base::click|192:: Click Type: ClickType.JS
2025-12-05 10:03:15,359-DEBUG-root-2296::webapp_internal::try_send_keys|7976:: Trying to send keys to element using technique 0
2025-12-05 10:03:15,685-DEBUG-root-2296::webapp_internal::get_web_value|3232:: Current value: SIGAMDI
2025-12-05 10:03:15,686-INFO-root-2296::webapp_internal::filling_server_environment|463:: Filling Server Environment: "POUPEX_TST"
2025-12-05 10:03:15,686-DEBUG-root-2296::webapp_internal::wait_element|7623:: Waiting for element
2025-12-05 10:03:15,708-DEBUG-root-2296::webapp_internal::wait_element|7653:: Element found! Waiting for element to be displayed.
2025-12-05 10:03:15,869-DEBUG-root-2296::base::click|192:: Click Type: ClickType.JS
2025-12-05 10:03:15,874-DEBUG-root-2296::webapp_internal::try_send_keys|7976:: Trying to send keys to element using technique 0
2025-12-05 10:03:16,190-DEBUG-root-2296::webapp_internal::get_web_value|3232:: Current value: POUPEX_TST
2025-12-05 10:03:16,210-DEBUG-root-2296::base::click|192:: Click Type: ClickType.JS
2025-12-05 10:03:16,221-DEBUG-root-2296::webapp_internal::user_screen|519:: Filling user screen
2025-12-05 10:03:23,110-DEBUG-root-2296::webapp_internal::wait_element_timeout|7726:: Element found! Waiting for element to be displayed.
2025-12-05 10:03:23,165-DEBUG-root-2296::base::scroll_to_element|759:: ********Warining scroll_to_element exception: Message: TypeError: can't access property "scrollIntoView", arguments[0] is null
Stacktrace:
@https://qasrverp:10020/webapp/:2:7
@https://qasrverp:10020/webapp/:3:8
*********
2025-12-05 10:03:23,292-INFO-root-2296::webapp_internal::user_screen|561:: Filling User
2025-12-05 10:03:23,316-DEBUG-root-2296::base::double_click|259:: Click Type: ClickType.SELENIUM
2025-12-05 10:03:23,503-DEBUG-root-2296::webapp_internal::get_web_value|3232:: Current value: 97137227104
2025-12-05 10:03:23,523-INFO-root-2296::webapp_internal::user_screen|621:: Filling Password
2025-12-05 10:03:23,543-DEBUG-root-2296::base::click|192:: Click Type: ClickType.JS
2025-12-05 10:03:23,608-DEBUG-root-2296::webapp_internal::get_web_value|3232:: Current value: Val20221080080094+
2025-12-05 10:03:23,608-DEBUG-root-2296::webapp_internal::wait_blocker|2444:: Waiting blocker to continue...
2025-12-05 10:03:23,637-DEBUG-root-2296::webapp_internal::wait_blocker|2469:: Blocker status: None
2025-12-05 10:03:23,657-DEBUG-root-2296::webapp_internal::wait_blocker|2444:: Waiting blocker to continue...
2025-12-05 10:03:23,685-DEBUG-root-2296::webapp_internal::wait_blocker|2469:: Blocker status: None
2025-12-05 10:03:23,717-DEBUG-root-2296::webapp_internal::wait_blocker|2444:: Waiting blocker to continue...
2025-12-05 10:03:23,744-DEBUG-root-2296::webapp_internal::wait_blocker|2469:: Blocker status: None
2025-12-05 10:03:23,744-DEBUG-root-2296::webapp_internal::send_action|10480:: Trying to send action
2025-12-05 10:03:23,750-DEBUG-root-2296::base::click|192:: Click Type: ClickType.JS
2025-12-05 10:03:24,793-DEBUG-root-2296::webapp_internal::send_action|10522:: send_action method result = True
2025-12-05 10:03:24,793-DEBUG-root-2296::webapp_internal::send_action|10523:: send_action selenium status: False
2025-12-05 10:03:27,144-DEBUG-root-2296::base::scroll_to_element|759:: ********Warining scroll_to_element exception: Message: TypeError: can't access property "scrollIntoView", arguments[0] is null
Stacktrace:
@https://qasrverp:10020/webapp/:2:7
@https://qasrverp:10020/webapp/:3:8
*********
2025-12-05 10:03:27,194-INFO-root-2296::webapp_internal::filling_date|885:: Filling Date: "05/12/2025"
2025-12-05 10:03:27,194-DEBUG-root-2296::webapp_internal::wait_blocker|2444:: Waiting blocker to continue...
2025-12-05 10:03:27,229-DEBUG-root-2296::webapp_internal::wait_blocker|2469:: Blocker status: None
2025-12-05 10:03:27,232-DEBUG-root-2296::base::click|192:: Click Type: ClickType.JS
2025-12-05 10:03:27,248-DEBUG-root-2296::webapp_internal::try_send_keys|7976:: Trying to send keys to element using technique 1
2025-12-05 10:03:27,323-DEBUG-root-2296::webapp_internal::get_web_value|3232:: Current value: 05/12/2025
2025-12-05 10:03:28,433-INFO-root-2296::webapp_internal::filling_group|955:: Filling Group: "02"
2025-12-05 10:03:28,434-DEBUG-root-2296::webapp_internal::wait_blocker|2444:: Waiting blocker to continue...
2025-12-05 10:03:28,481-DEBUG-root-2296::webapp_internal::wait_blocker|2469:: Blocker status: None
2025-12-05 10:03:28,487-DEBUG-root-2296::base::click|192:: Click Type: ClickType.JS
2025-12-05 10:03:28,549-DEBUG-root-2296::webapp_internal::get_web_value|3232:: Current value: 02
2025-12-05 10:03:29,611-INFO-root-2296::webapp_internal::filling_branch|1047:: Filling Branch: "02DF0001"
2025-12-05 10:03:29,611-DEBUG-root-2296::webapp_internal::wait_blocker|2444:: Waiting blocker to continue...
2025-12-05 10:03:29,642-DEBUG-root-2296::webapp_internal::wait_blocker|2469:: Blocker status: None
2025-12-05 10:03:29,644-DEBUG-root-2296::base::click|192:: Click Type: ClickType.JS
2025-12-05 10:03:29,696-DEBUG-root-2296::webapp_internal::get_web_value|3232:: Current value: 02DF0001
2025-12-05 10:03:30,786-INFO-root-2296::webapp_internal::filling_environment|1113:: Filling Environment: "07"
2025-12-05 10:03:30,786-DEBUG-root-2296::webapp_internal::wait_blocker|2444:: Waiting blocker to continue...
2025-12-05 10:03:30,818-DEBUG-root-2296::webapp_internal::wait_blocker|2469:: Blocker status: None
2025-12-05 10:03:30,821-DEBUG-root-2296::base::click|192:: Click Type: ClickType.JS
2025-12-05 10:03:30,874-DEBUG-root-2296::webapp_internal::get_web_value|3232:: Current value: 07
2025-12-05 10:03:31,883-DEBUG-root-2296::webapp_internal::close_warning_screen|1489:: Closing warning screen!
2025-12-05 10:03:32,914-DEBUG-root-2296::webapp_internal::check_screen_element|1291:: Checking screen element: "Atenção": False
2025-12-05 10:03:34,009-INFO-root-2296::webapp_internal::environment_screen|796:: Clicking on Button
2025-12-05 10:03:34,009-DEBUG-root-2296::webapp_internal::wait_blocker|2444:: Waiting blocker to continue...
2025-12-05 10:03:34,042-DEBUG-root-2296::webapp_internal::wait_blocker|2469:: Blocker status: None
2025-12-05 10:03:34,044-DEBUG-root-2296::base::click|192:: Click Type: ClickType.JS
2025-12-05 10:03:35,060-DEBUG-root-2296::base::click|192:: Click Type: ClickType.JS
2025-12-05 10:03:36,070-DEBUG-root-2296::base::click|192:: Click Type: ClickType.JS
2025-12-05 10:03:37,077-DEBUG-root-2296::base::click|192:: Click Type: ClickType.JS
2025-12-05 10:03:38,084-DEBUG-root-2296::base::click|192:: Click Type: ClickType.JS
2025-12-05 10:03:39,092-DEBUG-root-2296::base::click|192:: Click Type: ClickType.JS
2025-12-05 10:03:40,098-DEBUG-root-2296::webapp_internal::close_screen_before_menu|368:: Closing screen before the menu
2025-12-05 10:03:40,152-DEBUG-root-2296::webapp_internal::close_warning_screen|1489:: Closing warning screen!
2025-12-05 10:03:41,195-DEBUG-root-2296::webapp_internal::check_screen_element|1291:: Checking screen element: "Atenção": False
2025-12-05 10:03:41,195-DEBUG-root-2296::webapp_internal::close_coin_screen|1424:: Closing coin screen!
2025-12-05 10:03:41,751-DEBUG-root-2296::base::click|192:: Click Type: ClickType.JS
2025-12-05 10:03:41,810-DEBUG-root-2296::webapp_internal::close_warning_screen|1489:: Closing warning screen!
2025-12-05 10:03:42,859-DEBUG-root-2296::webapp_internal::check_screen_element|1291:: Checking screen element: "Atenção": False
2025-12-05 10:03:42,859-DEBUG-root-2296::webapp_internal::close_coin_screen|1424:: Closing coin screen!
2025-12-05 10:03:42,950-INFO-root-2296::webapp_internal::set_log_info|1623:: Getting log info
2025-12-05 10:03:42,951-INFO-root-2296::webapp_internal::SetLateralMenu|4184:: Navigating lateral menu: Ajuda > Sobre
2025-12-05 10:03:42,960-DEBUG-root-2296::webapp_internal::wait_element|7623:: Waiting for element
2025-12-05 10:03:42,995-DEBUG-root-2296::webapp_internal::wait_element|7653:: Element found! Waiting for element to be displayed.
2025-12-05 10:03:43,150-INFO-root-2296::webapp_internal::SetLateralMenu|4203:: Menu item: "Ajuda"
2025-12-05 10:03:43,151-DEBUG-root-2296::webapp_internal::wait_blocker|2444:: Waiting blocker to continue...
2025-12-05 10:03:43,213-DEBUG-root-2296::webapp_internal::wait_blocker|2469:: Blocker status: False
2025-12-05 10:03:43,542-DEBUG-root-2296::webapp_internal::wait_element_timeout|7726:: Element found! Waiting for element to be displayed.
2025-12-05 10:03:43,810-DEBUG-root-2296::webapp_internal::wait_blocker|2444:: Waiting blocker to continue...
2025-12-05 10:03:43,870-DEBUG-root-2296::webapp_internal::wait_blocker|2469:: Blocker status: False
2025-12-05 10:03:46,164-INFO-root-2296::webapp_internal::SetLateralMenu|4203:: Menu item: "Sobre"
2025-12-05 10:03:46,164-DEBUG-root-2296::webapp_internal::wait_blocker|2444:: Waiting blocker to continue...
2025-12-05 10:03:46,224-DEBUG-root-2296::webapp_internal::wait_blocker|2469:: Blocker status: False
2025-12-05 10:03:46,609-DEBUG-root-2296::webapp_internal::wait_element_timeout|7726:: Element found! Waiting for element to be displayed.
2025-12-05 10:03:46,934-DEBUG-root-2296::webapp_internal::wait_blocker|2444:: Waiting blocker to continue...
2025-12-05 10:03:46,996-DEBUG-root-2296::webapp_internal::wait_blocker|2469:: Blocker status: False
2025-12-05 10:03:49,609-DEBUG-root-2296::webapp_internal::wait_blocker|2444:: Waiting blocker to continue...
2025-12-05 10:03:49,690-DEBUG-root-2296::webapp_internal::wait_blocker|2469:: Blocker status: False
2025-12-05 10:03:49,756-DEBUG-root-2296::webapp_internal::wait_element|7623:: Waiting for element
2025-12-05 10:03:49,798-DEBUG-root-2296::webapp_internal::wait_element|7653:: Element found! Waiting for element to be displayed.
2025-12-05 10:03:49,964-INFO-root-2296::webapp_internal::SetButton|4444:: Clicking on Fechar
2025-12-05 10:03:49,964-DEBUG-root-2296::webapp_internal::wait_blocker|2444:: Waiting blocker to continue...
2025-12-05 10:03:50,030-DEBUG-root-2296::webapp_internal::wait_blocker|2469:: Blocker status: False
2025-12-05 10:03:50,206-DEBUG-root-2296::webapp_internal::wait_element_timeout|7726:: Element found! Waiting for element to be displayed.
2025-12-05 10:03:50,277-DEBUG-root-2296::webapp_internal::SetButton|4481:: ***System Info*** Before Clicking on button:Fechar
2025-12-05 10:03:50,277-DEBUG-root-2296::psutil_info::system_info|5:: CPU USAGE: 7.2%
2025-12-05 10:03:50,278-DEBUG-root-2296::psutil_info::system_info|6:: MEMORY USAGE: 87.6%
2025-12-05 10:03:50,278-DEBUG-root-2296::psutil_info::system_info|7:: MEMORY AVAILABLE: 12.36%
2025-12-05 10:03:50,436-DEBUG-root-2296::webapp_internal::wait_element_timeout|7726:: Element found! Waiting for element to be displayed.
2025-12-05 10:03:50,543-DEBUG-root-2296::webapp_internal::wait_blocker|2444:: Waiting blocker to continue...
2025-12-05 10:03:50,639-DEBUG-root-2296::webapp_internal::wait_blocker|2469:: Blocker status: False
2025-12-05 10:03:50,654-DEBUG-root-2296::webapp_internal::wait_blocker|2444:: Waiting blocker to continue...
2025-12-05 10:03:50,723-DEBUG-root-2296::webapp_internal::wait_blocker|2469:: Blocker status: False
2025-12-05 10:03:50,723-DEBUG-root-2296::webapp_internal::send_action|10480:: Trying to send action
2025-12-05 10:03:50,724-DEBUG-root-2296::base::click|192:: Click Type: ClickType.JS
2025-12-05 10:03:51,751-DEBUG-root-2296::webapp_internal::send_action|10522:: send_action method result = True
2025-12-05 10:03:51,752-DEBUG-root-2296::webapp_internal::send_action|10523:: send_action selenium status: False
2025-12-05 10:03:51,752-DEBUG-root-2296::webapp_internal::SetButton|4683:: ***System Info*** After Clicking on button:
2025-12-05 10:03:51,752-DEBUG-root-2296::psutil_info::system_info|5:: CPU USAGE: 3.7%
2025-12-05 10:03:51,752-DEBUG-root-2296::psutil_info::system_info|6:: MEMORY USAGE: 87.8%
2025-12-05 10:03:51,753-DEBUG-root-2296::psutil_info::system_info|7:: MEMORY AVAILABLE: 12.19%
2025-12-05 10:03:51,753-DEBUG-root-2296::webapp_internal::wait_element|7623:: Waiting for element
2025-12-05 10:03:51,833-INFO-root-2296::webapp_internal::SetLateralMenu|4184:: Navigating lateral menu: Atualizações > Gestao de Viagens > Cadastro (5) > Orcamento por UTA
2025-12-05 10:03:51,842-DEBUG-root-2296::webapp_internal::wait_element|7623:: Waiting for element
2025-12-05 10:03:51,877-DEBUG-root-2296::webapp_internal::wait_element|7653:: Element found! Waiting for element to be displayed.
2025-12-05 10:03:52,036-INFO-root-2296::webapp_internal::SetLateralMenu|4203:: Menu item: "Atualizações"
2025-12-05 10:03:52,036-DEBUG-root-2296::webapp_internal::wait_blocker|2444:: Waiting blocker to continue...
2025-12-05 10:03:52,102-DEBUG-root-2296::webapp_internal::wait_blocker|2469:: Blocker status: False
2025-12-05 10:03:52,495-DEBUG-root-2296::webapp_internal::wait_element_timeout|7726:: Element found! Waiting for element to be displayed.
2025-12-05 10:03:52,865-DEBUG-root-2296::webapp_internal::wait_blocker|2444:: Waiting blocker to continue...
2025-12-05 10:03:52,925-DEBUG-root-2296::webapp_internal::wait_blocker|2469:: Blocker status: False
2025-12-05 10:03:55,219-INFO-root-2296::webapp_internal::SetLateralMenu|4203:: Menu item: "Gestao de Viagens"
2025-12-05 10:03:55,219-DEBUG-root-2296::webapp_internal::wait_blocker|2444:: Waiting blocker to continue...
2025-12-05 10:03:55,312-DEBUG-root-2296::webapp_internal::wait_blocker|2469:: Blocker status: False
2025-12-05 10:03:56,013-DEBUG-root-2296::webapp_internal::wait_element_timeout|7726:: Element found! Waiting for element to be displayed.
2025-12-05 10:03:56,727-DEBUG-root-2296::webapp_internal::wait_blocker|2444:: Waiting blocker to continue...
2025-12-05 10:03:56,811-DEBUG-root-2296::webapp_internal::wait_blocker|2469:: Blocker status: False
2025-12-05 10:03:59,108-INFO-root-2296::webapp_internal::SetLateralMenu|4203:: Menu item: "Cadastro (5)"
2025-12-05 10:03:59,109-DEBUG-root-2296::webapp_internal::wait_blocker|2444:: Waiting blocker to continue...
2025-12-05 10:03:59,189-DEBUG-root-2296::webapp_internal::wait_blocker|2469:: Blocker status: False
2025-12-05 10:03:59,994-DEBUG-root-2296::webapp_internal::wait_element_timeout|7726:: Element found! Waiting for element to be displayed.
2025-12-05 10:04:00,788-DEBUG-root-2296::webapp_internal::wait_blocker|2444:: Waiting blocker to continue...
2025-12-05 10:04:00,863-DEBUG-root-2296::webapp_internal::wait_blocker|2469:: Blocker status: False
2025-12-05 10:04:03,161-INFO-root-2296::webapp_internal::SetLateralMenu|4203:: Menu item: "Orcamento por UTA"
2025-12-05 10:04:03,161-DEBUG-root-2296::webapp_internal::wait_blocker|2444:: Waiting blocker to continue...
2025-12-05 10:04:03,235-DEBUG-root-2296::webapp_internal::wait_blocker|2469:: Blocker status: False
2025-12-05 10:04:04,206-DEBUG-root-2296::webapp_internal::wait_element_timeout|7726:: Element found! Waiting for element to be displayed.
2025-12-05 10:04:05,078-DEBUG-root-2296::webapp_internal::wait_blocker|2444:: Waiting blocker to continue...
2025-12-05 10:04:05,152-DEBUG-root-2296::webapp_internal::wait_blocker|2469:: Blocker status: False
2025-12-05 10:04:08,775-DEBUG-root-2296::webapp_internal::wait_blocker|2444:: Waiting blocker to continue...
2025-12-05 10:04:08,849-DEBUG-root-2296::webapp_internal::wait_blocker|2469:: Blocker status: False
2025-12-05 10:04:08,924-INFO-root-2296::webapp_internal::WaitShow|4980:: Waiting show text 'Este ambiente utiliza base de Homologação.'...
2025-12-05 10:04:14,735-INFO-root-2296::webapp_internal::WaitShow|4980:: Waiting show text 'Moedas'...
2025-12-05 10:04:19,796-INFO-root-2296::webapp_internal::WaitShow|4980:: Waiting show text 'Centro de Custo vs Orçamento'...
2025-12-05 10:04:19,847-INFO-root-2296::webapp_internal::WaitShow|4996:: Text found! 
2025-12-05 10:04:19,847-INFO-root-2296::webapp_internal::SetButton|4444:: Clicking on Incluir
2025-12-05 10:04:19,847-DEBUG-root-2296::webapp_internal::wait_blocker|2444:: Waiting blocker to continue...
2025-12-05 10:04:19,939-DEBUG-root-2296::webapp_internal::wait_blocker|2469:: Blocker status: False
2025-12-05 10:04:20,278-DEBUG-root-2296::webapp_internal::wait_element_timeout|7726:: Element found! Waiting for element to be displayed.
2025-12-05 10:04:20,515-DEBUG-root-2296::webapp_internal::SetButton|4481:: ***System Info*** Before Clicking on button:Incluir
2025-12-05 10:04:20,516-DEBUG-root-2296::psutil_info::system_info|5:: CPU USAGE: 7.3%
2025-12-05 10:04:20,516-DEBUG-root-2296::psutil_info::system_info|6:: MEMORY USAGE: 87.7%
2025-12-05 10:04:20,516-DEBUG-root-2296::psutil_info::system_info|7:: MEMORY AVAILABLE: 12.27%
2025-12-05 10:04:20,824-DEBUG-root-2296::webapp_internal::wait_element_timeout|7726:: Element found! Waiting for element to be displayed.
2025-12-05 10:04:21,090-DEBUG-root-2296::webapp_internal::wait_blocker|2444:: Waiting blocker to continue...
2025-12-05 10:04:21,173-DEBUG-root-2296::webapp_internal::wait_blocker|2469:: Blocker status: False
2025-12-05 10:04:21,194-DEBUG-root-2296::webapp_internal::wait_blocker|2444:: Waiting blocker to continue...
2025-12-05 10:04:21,299-DEBUG-root-2296::webapp_internal::wait_blocker|2469:: Blocker status: False
2025-12-05 10:04:21,299-DEBUG-root-2296::webapp_internal::send_action|10480:: Trying to send action
2025-12-05 10:04:21,301-DEBUG-root-2296::base::click|192:: Click Type: ClickType.JS
2025-12-05 10:04:22,344-DEBUG-root-2296::webapp_internal::send_action|10522:: send_action method result = True
2025-12-05 10:04:22,344-DEBUG-root-2296::webapp_internal::send_action|10523:: send_action selenium status: False
2025-12-05 10:04:22,344-DEBUG-root-2296::webapp_internal::SetButton|4683:: ***System Info*** After Clicking on button:
2025-12-05 10:04:22,344-DEBUG-root-2296::psutil_info::system_info|5:: CPU USAGE: 6.9%
2025-12-05 10:04:22,345-DEBUG-root-2296::psutil_info::system_info|6:: MEMORY USAGE: 88.0%
2025-12-05 10:04:22,345-DEBUG-root-2296::psutil_info::system_info|7:: MEMORY AVAILABLE: 12.03%
2025-12-05 10:04:22,345-INFO-root-2296::webapp_internal::WaitShow|4980:: Waiting show text 'Modelo de Dados do Cadastro Centro de Custo vs Orçamento - INCLUIR'...
2025-12-05 10:04:22,484-INFO-root-2296::webapp_internal::WaitShow|4996:: Text found! 
2025-12-05 10:04:22,484-DEBUG-root-2296::webapp_internal::wait_blocker|2444:: Waiting blocker to continue...
2025-12-05 10:04:22,583-DEBUG-root-2296::webapp_internal::wait_blocker|2469:: Blocker status: False
2025-12-05 10:04:22,583-DEBUG-root-2296::webapp_internal::wait_element|7623:: Waiting for element
2025-12-05 10:04:22,643-DEBUG-root-2296::webapp_internal::wait_element|7653:: Element found! Waiting for element to be displayed.
2025-12-05 10:04:22,693-INFO-root-2296::webapp_internal::input_value|2941:: Looking for element: Z91_ANO
2025-12-05 10:04:22,784-INFO-root-2296::webapp_internal::input_value|2951:: Element: Z91_ANO Found!
2025-12-05 10:04:22,784-INFO-root-2296::webapp_internal::input_value|2953:: Filling element: Z91_ANO
2025-12-05 10:04:22,809-DEBUG-root-2296::webapp_internal::get_web_value|3232:: Current value:     
2025-12-05 10:04:22,841-DEBUG-root-2296::base::double_click|259:: Click Type: ClickType.SELENIUM
2025-12-05 10:04:23,093-DEBUG-root-2296::webapp_internal::wait_blocker|2444:: Waiting blocker to continue...
2025-12-05 10:04:23,194-DEBUG-root-2296::webapp_internal::wait_blocker|2469:: Blocker status: False
2025-12-05 10:04:23,516-DEBUG-root-2296::webapp_internal::get_web_value|3232:: Current value: 2025
2025-12-05 10:04:23,517-INFO-root-2296::webapp_internal::input_value|3059:: Current field value: 2025
2025-12-05 10:04:23,527-DEBUG-root-2296::webapp_internal::wait_blocker|2444:: Waiting blocker to continue...
2025-12-05 10:04:23,631-DEBUG-root-2296::webapp_internal::wait_blocker|2469:: Blocker status: False
2025-12-05 10:04:23,631-DEBUG-root-2296::webapp_internal::wait_element|7623:: Waiting for element
2025-12-05 10:04:23,691-DEBUG-root-2296::webapp_internal::wait_element|7653:: Element found! Waiting for element to be displayed.
2025-12-05 10:04:23,741-INFO-root-2296::webapp_internal::input_value|2941:: Looking for element: Z91_TIPO
2025-12-05 10:04:23,836-INFO-root-2296::webapp_internal::input_value|2951:: Element: Z91_TIPO Found!
2025-12-05 10:04:23,836-INFO-root-2296::webapp_internal::input_value|2953:: Filling element: Z91_TIPO
2025-12-05 10:04:25,006-INFO-root-2296::base::select_combo|871:: Selected value for combo is: 2 - Treinamento
2025-12-05 10:04:25,043-DEBUG-root-2296::webapp_internal::SetFocus|6011:: Setting focus on element Z91_CONTAB.
2025-12-05 10:04:25,208-DEBUG-root-2296::base::click|192:: Click Type: ClickType.SELENIUM
2025-12-05 10:04:25,272-DEBUG-root-2296::webapp_internal::wait_blocker|2444:: Waiting blocker to continue...
2025-12-05 10:04:25,371-DEBUG-root-2296::webapp_internal::wait_blocker|2469:: Blocker status: False
2025-12-05 10:04:25,371-DEBUG-root-2296::webapp_internal::wait_element|7623:: Waiting for element
2025-12-05 10:04:25,430-DEBUG-root-2296::webapp_internal::wait_element|7653:: Element found! Waiting for element to be displayed.
2025-12-05 10:04:25,476-INFO-root-2296::webapp_internal::input_value|2941:: Looking for element: Z91_CONTAB
2025-12-05 10:04:25,568-INFO-root-2296::webapp_internal::input_value|2951:: Element: Z91_CONTAB Found!
2025-12-05 10:04:25,569-INFO-root-2296::webapp_internal::input_value|2953:: Filling element: Z91_CONTAB
2025-12-05 10:04:25,591-DEBUG-root-2296::webapp_internal::get_web_value|3232:: Current value:                     
2025-12-05 10:04:25,619-DEBUG-root-2296::base::double_click|259:: Click Type: ClickType.SELENIUM
2025-12-05 10:04:25,878-DEBUG-root-2296::webapp_internal::wait_blocker|2444:: Waiting blocker to continue...
2025-12-05 10:04:25,976-DEBUG-root-2296::webapp_internal::wait_blocker|2469:: Blocker status: False
2025-12-05 10:04:26,298-DEBUG-root-2296::webapp_internal::get_web_value|3232:: Current value: 817750000000001     
2025-12-05 10:04:26,298-INFO-root-2296::webapp_internal::input_value|3059:: Current field value: 817750000000001
2025-12-05 10:04:26,321-DEBUG-root-2296::webapp_internal::wait_blocker|2444:: Waiting blocker to continue...
2025-12-05 10:04:26,434-DEBUG-root-2296::webapp_internal::wait_blocker|2469:: Blocker status: False
2025-12-05 10:04:26,434-DEBUG-root-2296::webapp_internal::wait_element|7623:: Waiting for element
2025-12-05 10:04:26,494-DEBUG-root-2296::webapp_internal::wait_element|7653:: Element found! Waiting for element to be displayed.
2025-12-05 10:04:26,541-INFO-root-2296::webapp_internal::input_value|2941:: Looking for element: Z91_CC
2025-12-05 10:04:26,627-INFO-root-2296::webapp_internal::input_value|2951:: Element: Z91_CC Found!
2025-12-05 10:04:26,627-INFO-root-2296::webapp_internal::input_value|2953:: Filling element: Z91_CC
2025-12-05 10:04:26,648-DEBUG-root-2296::webapp_internal::get_web_value|3232:: Current value:          
2025-12-05 10:04:26,674-DEBUG-root-2296::base::double_click|259:: Click Type: ClickType.SELENIUM
2025-12-05 10:04:26,927-DEBUG-root-2296::webapp_internal::wait_blocker|2444:: Waiting blocker to continue...
2025-12-05 10:04:27,019-DEBUG-root-2296::webapp_internal::wait_blocker|2469:: Blocker status: False
2025-12-05 10:04:27,340-DEBUG-root-2296::webapp_internal::get_web_value|3232:: Current value: 000000043
2025-12-05 10:04:27,340-INFO-root-2296::webapp_internal::input_value|3059:: Current field value: 000000043
2025-12-05 10:04:27,340-DEBUG-root-2296::webapp_internal::wait_blocker|2444:: Waiting blocker to continue...
2025-12-05 10:04:27,474-DEBUG-root-2296::webapp_internal::wait_blocker|2469:: Blocker status: False
2025-12-05 10:04:27,475-INFO-root-2296::webapp_internal::SetKey|5822:: Key pressed: TAB
2025-12-05 10:04:27,475-DEBUG-root-2296::webapp_internal::SetKey|5857:: Trying press key
2025-12-05 10:04:27,553-DEBUG-root-2296::webapp_internal::wait_blocker|2444:: Waiting blocker to continue...
2025-12-05 10:04:27,668-DEBUG-root-2296::webapp_internal::wait_blocker|2469:: Blocker status: False
2025-12-05 10:04:27,685-DEBUG-root-2296::webapp_internal::wait_blocker|2444:: Waiting blocker to continue...
2025-12-05 10:04:27,791-DEBUG-root-2296::webapp_internal::wait_blocker|2469:: Blocker status: False
2025-12-05 10:04:27,791-DEBUG-root-2296::webapp_internal::send_action|10480:: Trying to send action
2025-12-05 10:04:28,817-DEBUG-root-2296::webapp_internal::send_action|10522:: send_action method result = True
2025-12-05 10:04:28,817-DEBUG-root-2296::webapp_internal::send_action|10523:: send_action selenium status: False
2025-12-05 10:04:28,818-DEBUG-root-2296::webapp_internal::SetFocus|6011:: Setting focus on element Centro de Custo vs Valor.
2025-12-05 10:04:29,154-DEBUG-root-2296::base::click|192:: Click Type: ClickType.SELENIUM
2025-12-05 10:04:29,160-ERROR-root-2296::base::click|212:: Warning click method Exception: Message: Element <input type="text"> is not clickable at point (81,816) because another element <wa-panel id="COMP6019" class="dict-tpanel"> obscures it
Stacktrace:
RemoteError@chrome://remote/content/shared/RemoteError.sys.mjs:8:8
WebDriverError@chrome://remote/content/shared/webdriver/Errors.sys.mjs:202:5
ElementClickInterceptedError@chrome://remote/content/shared/webdriver/Errors.sys.mjs:354:5
webdriverClickElement@chrome://remote/content/marionette/interaction.sys.mjs:175:11
interaction.clickElement@chrome://remote/content/marionette/interaction.sys.mjs:134:11
clickElement@chrome://remote/content/marionette/actors/MarionetteCommandsChild.sys.mjs:327:29
receiveMessage@chrome://remote/content/marionette/actors/MarionetteCommandsChild.sys.mjs:210:31
Traceback (most recent call last):
  File "C:\TIR_TESTE\venv\Lib\site-packages\tir\technologies\core\base.py", line 202, in click
    element.click()
  File "C:\TIR_TESTE\venv\Lib\site-packages\selenium\webdriver\remote\webelement.py", line 94, in click
    self._execute(Command.CLICK_ELEMENT)
  File "C:\TIR_TESTE\venv\Lib\site-packages\selenium\webdriver\remote\webelement.py", line 395, in _execute
    return self._parent.execute(command, params)
           ^^^^^^^^^^^^^^^^^^^^^^^^^^^^^^^^^^^^^
  File "C:\TIR_TESTE\venv\Lib\site-packages\selenium\webdriver\remote\webdriver.py", line 347, in execute
    self.error_handler.check_response(response)
  File "C:\TIR_TESTE\venv\Lib\site-packages\selenium\webdriver\remote\errorhandler.py", line 229, in check_response
    raise exception_class(message, screen, stacktrace)
selenium.common.exceptions.ElementClickInterceptedException: Message: Element <input type="text"> is not clickable at point (81,816) because another element <wa-panel id="COMP6019" class="dict-tpanel"> obscures it
Stacktrace:
RemoteError@chrome://remote/content/shared/RemoteError.sys.mjs:8:8
WebDriverError@chrome://remote/content/shared/webdriver/Errors.sys.mjs:202:5
ElementClickInterceptedError@chrome://remote/content/shared/webdriver/Errors.sys.mjs:354:5
webdriverClickElement@chrome://remote/content/marionette/interaction.sys.mjs:175:11
interaction.clickElement@chrome://remote/content/marionette/interaction.sys.mjs:134:11
clickElement@chrome://remote/content/marionette/actors/MarionetteCommandsChild.sys.mjs:327:29
receiveMessage@chrome://remote/content/marionette/actors/MarionetteCommandsChild.sys.mjs:210:31

2025-12-05 10:04:29,162-INFO-root-2296::webapp_internal::WaitShow|4980:: Waiting show text 'Centro de Custo vs Valor'...
2025-12-05 10:04:29,288-INFO-root-2296::webapp_internal::WaitShow|4996:: Text found! 
2025-12-05 10:04:29,288-DEBUG-root-2296::webapp_internal::wait_blocker|2444:: Waiting blocker to continue...
2025-12-05 10:04:29,384-DEBUG-root-2296::webapp_internal::wait_blocker|2469:: Blocker status: False
2025-12-05 10:04:29,384-INFO-root-2296::webapp_internal::SetKey|5822:: Key pressed: TAB
2025-12-05 10:04:29,384-DEBUG-root-2296::webapp_internal::SetKey|5857:: Trying press key
2025-12-05 10:04:29,385-DEBUG-root-2296::webapp_internal::wait_element|7623:: Waiting for element
2025-12-05 10:04:29,444-DEBUG-root-2296::webapp_internal::wait_element|7653:: Element found! Waiting for element to be displayed.
2025-12-05 10:04:29,662-DEBUG-root-2296::webapp_internal::wait_blocker|2444:: Waiting blocker to continue...
2025-12-05 10:04:29,760-DEBUG-root-2296::webapp_internal::wait_blocker|2469:: Blocker status: False
2025-12-05 10:04:29,760-INFO-root-2296::webapp_internal::LoadGrid|6298:: Filling grid field: Valor
2025-12-05 10:04:29,760-DEBUG-root-2296::webapp_internal::fill_grid|6399:: Grid loading...
2025-12-05 10:04:29,837-DEBUG-root-2296::webapp_internal::fill_grid|6466:: Column found!
2025-12-05 10:04:29,863-DEBUG-root-2296::base::click|192:: Click Type: ClickType.ACTIONCHAINS
2025-12-05 10:04:35,212-DEBUG-root-2296::webapp_internal::fill_grid|6498:: Trying open cell in grid!
2025-12-05 10:04:35,502-DEBUG-root-2296::webapp_internal::wait_blocker|2444:: Waiting blocker to continue...
2025-12-05 10:04:35,620-DEBUG-root-2296::webapp_internal::wait_blocker|2469:: Blocker status: False
2025-12-05 10:04:35,786-DEBUG-root-2296::webapp_internal::wait_element_timeout|7726:: Element found! Waiting for element to be displayed.
2025-12-05 10:04:35,914-DEBUG-root-2296::base::click|192:: Click Type: ClickType.JS
2025-12-05 10:04:36,058-DEBUG-root-2296::webapp_internal::fill_grid|6577:: Sending keys: 15000
2025-12-05 10:04:36,353-DEBUG-root-2296::webapp_internal::wait_blocker|2444:: Waiting blocker to continue...
2025-12-05 10:04:36,458-DEBUG-root-2296::webapp_internal::wait_blocker|2469:: Blocker status: False
2025-12-05 10:04:36,604-DEBUG-root-2296::webapp_internal::wait_element_timeout|7726:: Element found! Waiting for element to be displayed.
2025-12-05 10:04:36,917-DEBUG-root-2296::webapp_internal::wait_blocker|2444:: Waiting blocker to continue...
2025-12-05 10:04:37,015-DEBUG-root-2296::webapp_internal::wait_blocker|2469:: Blocker status: False
2025-12-05 10:04:37,034-DEBUG-root-2296::webapp_internal::wait_blocker|2444:: Waiting blocker to continue...
2025-12-05 10:04:37,134-DEBUG-root-2296::webapp_internal::wait_blocker|2469:: Blocker status: False
2025-12-05 10:04:37,134-DEBUG-root-2296::webapp_internal::send_action|10480:: Trying to send action
2025-12-05 10:04:38,161-DEBUG-root-2296::webapp_internal::send_action|10522:: send_action method result = True
2025-12-05 10:04:38,162-DEBUG-root-2296::webapp_internal::send_action|10523:: send_action selenium status: False
2025-12-05 10:04:38,162-DEBUG-root-2296::webapp_internal::wait_blocker|2444:: Waiting blocker to continue...
2025-12-05 10:04:38,261-DEBUG-root-2296::webapp_internal::wait_blocker|2469:: Blocker status: False
2025-12-05 10:04:38,261-INFO-root-2296::webapp_internal::SetKey|5822:: Key pressed: TAB
2025-12-05 10:04:38,262-DEBUG-root-2296::webapp_internal::SetKey|5857:: Trying press key
2025-12-05 10:04:38,262-DEBUG-root-2296::webapp_internal::wait_element|7623:: Waiting for element
2025-12-05 10:04:38,318-DEBUG-root-2296::webapp_internal::wait_element|7653:: Element found! Waiting for element to be displayed.
2025-12-05 10:04:38,524-DEBUG-root-2296::webapp_internal::wait_blocker|2444:: Waiting blocker to continue...
2025-12-05 10:04:38,620-DEBUG-root-2296::webapp_internal::wait_blocker|2469:: Blocker status: False
2025-12-05 10:04:38,621-INFO-root-2296::webapp_internal::LoadGrid|6298:: Filling grid field: Motivo
2025-12-05 10:04:38,621-DEBUG-root-2296::webapp_internal::fill_grid|6399:: Grid loading...
2025-12-05 10:04:38,698-DEBUG-root-2296::webapp_internal::fill_grid|6466:: Column found!
2025-12-05 10:04:38,724-DEBUG-root-2296::base::click|192:: Click Type: ClickType.ACTIONCHAINS
2025-12-05 10:04:44,153-DEBUG-root-2296::webapp_internal::fill_grid|6498:: Trying open cell in grid!
2025-12-05 10:04:44,437-DEBUG-root-2296::webapp_internal::wait_blocker|2444:: Waiting blocker to continue...
2025-12-05 10:04:44,559-DEBUG-root-2296::webapp_internal::wait_blocker|2469:: Blocker status: False
2025-12-05 10:04:44,723-DEBUG-root-2296::webapp_internal::wait_element_timeout|7726:: Element found! Waiting for element to be displayed.
2025-12-05 10:04:44,974-DEBUG-root-2296::webapp_internal::fill_grid|6577:: Sending keys: USO PARA TESTE AUTOMATIZADO
2025-12-05 10:04:45,293-DEBUG-root-2296::webapp_internal::wait_blocker|2444:: Waiting blocker to continue...
2025-12-05 10:04:45,393-DEBUG-root-2296::webapp_internal::wait_blocker|2469:: Blocker status: False
2025-12-05 10:04:45,536-DEBUG-root-2296::webapp_internal::wait_element_timeout|7726:: Element found! Waiting for element to be displayed.
2025-12-05 10:04:45,847-DEBUG-root-2296::webapp_internal::wait_blocker|2444:: Waiting blocker to continue...
2025-12-05 10:04:45,944-DEBUG-root-2296::webapp_internal::wait_blocker|2469:: Blocker status: False
2025-12-05 10:04:45,962-DEBUG-root-2296::webapp_internal::wait_blocker|2444:: Waiting blocker to continue...
2025-12-05 10:04:46,061-DEBUG-root-2296::webapp_internal::wait_blocker|2469:: Blocker status: False
2025-12-05 10:04:46,062-DEBUG-root-2296::webapp_internal::send_action|10480:: Trying to send action
2025-12-05 10:04:47,088-DEBUG-root-2296::webapp_internal::send_action|10522:: send_action method result = True
2025-12-05 10:04:47,088-DEBUG-root-2296::webapp_internal::send_action|10523:: send_action selenium status: False
2025-12-05 10:04:47,088-INFO-root-2296::webapp_internal::SetButton|4444:: Clicking on Confirmar
2025-12-05 10:04:47,089-DEBUG-root-2296::webapp_internal::wait_blocker|2444:: Waiting blocker to continue...
2025-12-05 10:04:47,241-DEBUG-root-2296::webapp_internal::wait_blocker|2469:: Blocker status: False
2025-12-05 10:04:47,561-DEBUG-root-2296::webapp_internal::wait_element_timeout|7726:: Element found! Waiting for element to be displayed.
2025-12-05 10:04:47,747-DEBUG-root-2296::webapp_internal::SetButton|4481:: ***System Info*** Before Clicking on button:Confirmar
2025-12-05 10:04:47,747-DEBUG-root-2296::psutil_info::system_info|5:: CPU USAGE: 7.6%
2025-12-05 10:04:47,748-DEBUG-root-2296::psutil_info::system_info|6:: MEMORY USAGE: 88.2%
2025-12-05 10:04:47,748-DEBUG-root-2296::psutil_info::system_info|7:: MEMORY AVAILABLE: 11.78%
2025-12-05 10:04:48,028-DEBUG-root-2296::webapp_internal::wait_element_timeout|7726:: Element found! Waiting for element to be displayed.
2025-12-05 10:04:48,258-DEBUG-root-2296::webapp_internal::wait_blocker|2444:: Waiting blocker to continue...
2025-12-05 10:04:48,353-DEBUG-root-2296::webapp_internal::wait_blocker|2469:: Blocker status: False
2025-12-05 10:04:48,379-DEBUG-root-2296::webapp_internal::wait_blocker|2444:: Waiting blocker to continue...
2025-12-05 10:04:48,482-DEBUG-root-2296::webapp_internal::wait_blocker|2469:: Blocker status: False
2025-12-05 10:04:48,482-DEBUG-root-2296::webapp_internal::send_action|10480:: Trying to send action
2025-12-05 10:04:48,484-DEBUG-root-2296::base::click|192:: Click Type: ClickType.JS
2025-12-05 10:04:49,536-DEBUG-root-2296::webapp_internal::send_action|10522:: send_action method result = True
2025-12-05 10:04:49,537-DEBUG-root-2296::webapp_internal::send_action|10523:: send_action selenium status: False
2025-12-05 10:04:49,537-DEBUG-root-2296::webapp_internal::SetButton|4683:: ***System Info*** After Clicking on button:
2025-12-05 10:04:49,537-DEBUG-root-2296::psutil_info::system_info|5:: CPU USAGE: 7.4%
2025-12-05 10:04:49,538-DEBUG-root-2296::psutil_info::system_info|6:: MEMORY USAGE: 87.8%
2025-12-05 10:04:49,538-DEBUG-root-2296::psutil_info::system_info|7:: MEMORY AVAILABLE: 12.23%
2025-12-05 10:04:49,538-INFO-root-2296::webapp_internal::WaitShow|4980:: Waiting show text 'Registro inserido com sucesso.'...
2025-12-05 10:04:49,599-INFO-root-2296::webapp_internal::WaitShow|4996:: Text found! 
2025-12-05 10:04:49,599-INFO-root-2296::webapp_internal::SetButton|4444:: Clicking on Fechar
2025-12-05 10:04:49,599-DEBUG-root-2296::webapp_internal::wait_blocker|2444:: Waiting blocker to continue...
2025-12-05 10:04:49,703-DEBUG-root-2296::webapp_internal::wait_blocker|2469:: Blocker status: False
2025-12-05 10:04:49,916-DEBUG-root-2296::webapp_internal::wait_element_timeout|7726:: Element found! Waiting for element to be displayed.
2025-12-05 10:04:50,009-DEBUG-root-2296::webapp_internal::SetButton|4481:: ***System Info*** Before Clicking on button:Fechar
2025-12-05 10:04:50,009-DEBUG-root-2296::psutil_info::system_info|5:: CPU USAGE: 14.7%
2025-12-05 10:04:50,009-DEBUG-root-2296::psutil_info::system_info|6:: MEMORY USAGE: 88.0%
2025-12-05 10:04:50,010-DEBUG-root-2296::psutil_info::system_info|7:: MEMORY AVAILABLE: 12.01%
2025-12-05 10:04:50,194-DEBUG-root-2296::webapp_internal::wait_element_timeout|7726:: Element found! Waiting for element to be displayed.
2025-12-05 10:04:50,342-DEBUG-root-2296::webapp_internal::wait_blocker|2444:: Waiting blocker to continue...
2025-12-05 10:04:50,446-DEBUG-root-2296::webapp_internal::wait_blocker|2469:: Blocker status: False
2025-12-05 10:04:50,474-DEBUG-root-2296::webapp_internal::wait_blocker|2444:: Waiting blocker to continue...
2025-12-05 10:04:50,597-DEBUG-root-2296::webapp_internal::wait_blocker|2469:: Blocker status: False
2025-12-05 10:04:50,597-DEBUG-root-2296::webapp_internal::send_action|10480:: Trying to send action
2025-12-05 10:04:50,600-DEBUG-root-2296::base::click|192:: Click Type: ClickType.JS
2025-12-05 10:04:51,996-DEBUG-root-2296::webapp_internal::send_action|10522:: send_action method result = True
2025-12-05 10:04:51,996-DEBUG-root-2296::webapp_internal::send_action|10523:: send_action selenium status: True
2025-12-05 10:04:51,996-DEBUG-root-2296::webapp_internal::SetButton|4683:: ***System Info*** After Clicking on button:
2025-12-05 10:04:51,997-DEBUG-root-2296::psutil_info::system_info|5:: CPU USAGE: 8.8%
2025-12-05 10:04:51,997-DEBUG-root-2296::psutil_info::system_info|6:: MEMORY USAGE: 87.8%
2025-12-05 10:04:51,997-DEBUG-root-2296::psutil_info::system_info|7:: MEMORY AVAILABLE: 12.23%
2025-12-05 10:04:51,997-INFO-root-2296::webapp_internal::WaitShow|4980:: Waiting show text 'Centro de Custo vs Orçamento'...
2025-12-05 10:04:52,069-INFO-root-2296::webapp_internal::WaitShow|4996:: Text found! 
2025-12-05 10:04:52,270-INFO-root-2296::webapp_internal::SetButton|4444:: Clicking on Outras Ações
2025-12-05 10:04:52,270-DEBUG-root-2296::webapp_internal::wait_blocker|2444:: Waiting blocker to continue...
2025-12-05 10:04:52,356-DEBUG-root-2296::webapp_internal::wait_blocker|2469:: Blocker status: False
2025-12-05 10:04:52,689-DEBUG-root-2296::webapp_internal::wait_element_timeout|7726:: Element found! Waiting for element to be displayed.
2025-12-05 10:04:52,897-DEBUG-root-2296::webapp_internal::SetButton|4481:: ***System Info*** Before Clicking on button:Outras Ações
2025-12-05 10:04:52,898-DEBUG-root-2296::psutil_info::system_info|5:: CPU USAGE: 11.6%
2025-12-05 10:04:52,898-DEBUG-root-2296::psutil_info::system_info|6:: MEMORY USAGE: 88.0%
2025-12-05 10:04:52,899-DEBUG-root-2296::psutil_info::system_info|7:: MEMORY AVAILABLE: 12.0%
2025-12-05 10:04:53,235-DEBUG-root-2296::webapp_internal::wait_element_timeout|7726:: Element found! Waiting for element to be displayed.
2025-12-05 10:04:53,543-DEBUG-root-2296::webapp_internal::wait_blocker|2444:: Waiting blocker to continue...
2025-12-05 10:04:53,636-DEBUG-root-2296::webapp_internal::wait_blocker|2469:: Blocker status: False
2025-12-05 10:04:53,657-DEBUG-root-2296::webapp_internal::wait_blocker|2444:: Waiting blocker to continue...
2025-12-05 10:04:53,747-DEBUG-root-2296::webapp_internal::wait_blocker|2469:: Blocker status: False
2025-12-05 10:04:53,747-DEBUG-root-2296::webapp_internal::send_action|10480:: Trying to send action
2025-12-05 10:04:53,749-DEBUG-root-2296::base::click|192:: Click Type: ClickType.JS
2025-12-05 10:04:54,786-DEBUG-root-2296::webapp_internal::send_action|10522:: send_action method result = True
2025-12-05 10:04:54,786-DEBUG-root-2296::webapp_internal::send_action|10523:: send_action selenium status: True
2025-12-05 10:04:54,914-DEBUG-root-2296::webapp_internal::wait_element_timeout|7726:: Element found! Waiting for element to be displayed.
2025-12-05 10:04:54,986-INFO-root-2296::webapp_internal::SetButton|4588:: Clicking on Visualizar
2025-12-05 10:04:55,114-DEBUG-root-2296::webapp_internal::wait_element_timeout|7726:: Element found! Waiting for element to be displayed.
2025-12-05 10:04:55,234-DEBUG-root-2296::base::click|192:: Click Type: ClickType.JS
2025-12-05 10:04:55,244-DEBUG-root-2296::webapp_internal::SetButton|4683:: ***System Info*** After Clicking on button:
2025-12-05 10:04:55,244-DEBUG-root-2296::psutil_info::system_info|5:: CPU USAGE: 8.7%
2025-12-05 10:04:55,245-DEBUG-root-2296::psutil_info::system_info|6:: MEMORY USAGE: 88.1%
2025-12-05 10:04:55,245-DEBUG-root-2296::psutil_info::system_info|7:: MEMORY AVAILABLE: 11.92%
2025-12-05 10:04:55,245-INFO-root-2296::webapp_internal::WaitShow|4980:: Waiting show text 'odelo de Dados do Cadastro Centro de Custo vs Orçamento - VISUALIZAR'...
2025-12-05 10:04:55,991-INFO-root-2296::webapp_internal::WaitShow|4996:: Text found! 
2025-12-05 10:04:55,991-INFO-root-2296::webapp_internal::SetButton|4444:: Clicking on Fechar
2025-12-05 10:04:55,991-DEBUG-root-2296::webapp_internal::wait_blocker|2444:: Waiting blocker to continue...
2025-12-05 10:04:56,091-DEBUG-root-2296::webapp_internal::wait_blocker|2469:: Blocker status: False
2025-12-05 10:04:56,362-DEBUG-root-2296::webapp_internal::wait_element_timeout|7726:: Element found! Waiting for element to be displayed.
2025-12-05 10:04:56,512-DEBUG-root-2296::webapp_internal::SetButton|4481:: ***System Info*** Before Clicking on button:Fechar
2025-12-05 10:04:56,513-DEBUG-root-2296::psutil_info::system_info|5:: CPU USAGE: 10.2%
2025-12-05 10:04:56,513-DEBUG-root-2296::psutil_info::system_info|6:: MEMORY USAGE: 88.2%
2025-12-05 10:04:56,513-DEBUG-root-2296::psutil_info::system_info|7:: MEMORY AVAILABLE: 11.82%
2025-12-05 10:04:56,760-DEBUG-root-2296::webapp_internal::wait_element_timeout|7726:: Element found! Waiting for element to be displayed.
2025-12-05 10:04:56,952-DEBUG-root-2296::webapp_internal::wait_blocker|2444:: Waiting blocker to continue...
2025-12-05 10:04:57,050-DEBUG-root-2296::webapp_internal::wait_blocker|2469:: Blocker status: False
2025-12-05 10:04:57,074-DEBUG-root-2296::webapp_internal::wait_blocker|2444:: Waiting blocker to continue...
2025-12-05 10:04:57,169-DEBUG-root-2296::webapp_internal::wait_blocker|2469:: Blocker status: False
2025-12-05 10:04:57,169-DEBUG-root-2296::webapp_internal::send_action|10480:: Trying to send action
2025-12-05 10:04:57,172-DEBUG-root-2296::base::click|192:: Click Type: ClickType.JS
2025-12-05 10:04:58,568-DEBUG-root-2296::webapp_internal::send_action|10522:: send_action method result = True
2025-12-05 10:04:58,569-DEBUG-root-2296::webapp_internal::send_action|10523:: send_action selenium status: True
2025-12-05 10:04:58,569-DEBUG-root-2296::webapp_internal::SetButton|4683:: ***System Info*** After Clicking on button:
2025-12-05 10:04:58,569-DEBUG-root-2296::psutil_info::system_info|5:: CPU USAGE: 7.6%
2025-12-05 10:04:58,569-DEBUG-root-2296::psutil_info::system_info|6:: MEMORY USAGE: 88.3%
2025-12-05 10:04:58,570-DEBUG-root-2296::psutil_info::system_info|7:: MEMORY AVAILABLE: 11.71%
2025-12-05 10:04:58,570-INFO-root-2296::webapp_internal::WaitShow|4980:: Waiting show text 'Centro de Custo vs Orçamento'...
2025-12-05 10:04:58,625-INFO-root-2296::webapp_internal::WaitShow|4996:: Text found! 
2025-12-05 10:04:58,625-INFO-root-2296::webapp_internal::SetButton|4444:: Clicking on Alterar
2025-12-05 10:04:58,625-DEBUG-root-2296::webapp_internal::wait_blocker|2444:: Waiting blocker to continue...
2025-12-05 10:04:58,711-DEBUG-root-2296::webapp_internal::wait_blocker|2469:: Blocker status: False
2025-12-05 10:04:59,042-DEBUG-root-2296::webapp_internal::wait_element_timeout|7726:: Element found! Waiting for element to be displayed.
2025-12-05 10:04:59,258-DEBUG-root-2296::webapp_internal::SetButton|4481:: ***System Info*** Before Clicking on button:Alterar
2025-12-05 10:04:59,259-DEBUG-root-2296::psutil_info::system_info|5:: CPU USAGE: 12.3%
2025-12-05 10:04:59,259-DEBUG-root-2296::psutil_info::system_info|6:: MEMORY USAGE: 88.4%
2025-12-05 10:04:59,260-DEBUG-root-2296::psutil_info::system_info|7:: MEMORY AVAILABLE: 11.58%
2025-12-05 10:04:59,579-DEBUG-root-2296::webapp_internal::wait_element_timeout|7726:: Element found! Waiting for element to be displayed.
2025-12-05 10:04:59,846-DEBUG-root-2296::webapp_internal::wait_blocker|2444:: Waiting blocker to continue...
2025-12-05 10:04:59,930-DEBUG-root-2296::webapp_internal::wait_blocker|2469:: Blocker status: False
2025-12-05 10:04:59,952-DEBUG-root-2296::webapp_internal::wait_blocker|2444:: Waiting blocker to continue...
2025-12-05 10:05:00,061-DEBUG-root-2296::webapp_internal::wait_blocker|2469:: Blocker status: False
2025-12-05 10:05:00,061-DEBUG-root-2296::webapp_internal::send_action|10480:: Trying to send action
2025-12-05 10:05:00,064-DEBUG-root-2296::base::click|192:: Click Type: ClickType.JS
2025-12-05 10:05:01,129-DEBUG-root-2296::webapp_internal::send_action|10522:: send_action method result = True
2025-12-05 10:05:01,129-DEBUG-root-2296::webapp_internal::send_action|10523:: send_action selenium status: True
2025-12-05 10:05:01,129-DEBUG-root-2296::webapp_internal::SetButton|4683:: ***System Info*** After Clicking on button:
2025-12-05 10:05:01,129-DEBUG-root-2296::psutil_info::system_info|5:: CPU USAGE: 8.6%
2025-12-05 10:05:01,130-DEBUG-root-2296::psutil_info::system_info|6:: MEMORY USAGE: 88.2%
2025-12-05 10:05:01,130-DEBUG-root-2296::psutil_info::system_info|7:: MEMORY AVAILABLE: 11.8%
2025-12-05 10:05:01,130-INFO-root-2296::webapp_internal::WaitShow|4980:: Waiting show text 'Modelo de Dados do Cadastro Centro de Custo vs Orçamento - ALTERAR'...
2025-12-05 10:05:01,250-INFO-root-2296::webapp_internal::WaitShow|4996:: Text found! 
2025-12-05 10:05:01,250-INFO-root-2296::webapp_internal::WaitShow|4980:: Waiting show text 'Centro de Custo vs Valor'...
2025-12-05 10:05:01,375-INFO-root-2296::webapp_internal::WaitShow|4996:: Text found! 
2025-12-05 10:05:01,375-DEBUG-root-2296::webapp_internal::wait_blocker|2444:: Waiting blocker to continue...
2025-12-05 10:05:01,484-DEBUG-root-2296::webapp_internal::wait_blocker|2469:: Blocker status: False
2025-12-05 10:05:01,484-INFO-root-2296::webapp_internal::SetKey|5822:: Key pressed: TAB
2025-12-05 10:05:01,484-DEBUG-root-2296::webapp_internal::SetKey|5857:: Trying press key
2025-12-05 10:05:01,484-DEBUG-root-2296::webapp_internal::wait_element|7623:: Waiting for element
2025-12-05 10:05:01,542-DEBUG-root-2296::webapp_internal::wait_element|7653:: Element found! Waiting for element to be displayed.
2025-12-05 10:05:01,740-DEBUG-root-2296::webapp_internal::wait_blocker|2444:: Waiting blocker to continue...
2025-12-05 10:05:01,835-DEBUG-root-2296::webapp_internal::wait_blocker|2469:: Blocker status: False
2025-12-05 10:05:01,836-INFO-root-2296::webapp_internal::LoadGrid|6298:: Filling grid field: Valor
2025-12-05 10:05:01,836-DEBUG-root-2296::webapp_internal::fill_grid|6399:: Grid loading...
2025-12-05 10:05:01,900-ERROR-root-2296::webapp_internal::fill_grid|6675:: fill grid error: list index out of range
Traceback (most recent call last):
  File "C:\TIR_TESTE\venv\Lib\site-packages\tir\technologies\webapp_internal.py", line 6420, in fill_grid
    if not column_name in headers[field[2]]:
                          ~~~~~~~^^^^^^^^^^
IndexError: list index out of range
2025-12-05 10:05:01,901-WARNING-root-2296::webapp_internal::log_error|8143:: Warning log_error fill grid error: list index out of range
2025-12-05 10:05:01,901-DEBUG-root-2296::webapp_internal::log_error|8146:: ***System Info*** in log_error():
2025-12-05 10:05:01,901-DEBUG-root-2296::psutil_info::system_info|5:: CPU USAGE: 13.0%
2025-12-05 10:05:01,901-DEBUG-root-2296::psutil_info::system_info|6:: MEMORY USAGE: 87.8%
2025-12-05 10:05:01,902-DEBUG-root-2296::psutil_info::system_info|7:: MEMORY AVAILABLE: 12.25%
2025-12-05 10:05:01,919-DEBUG-root-2296::log::take_screenshot_log|612:: take_screenshot_log in:2025-12-05 10:05:01.919450

2025-12-05 10:05:02,008-DEBUG-root-2296::log::take_screenshot_log|627:: Screenshot file created successfully: Log\GESIT03\97137227104_20251205100501919_Viagem -_test_Cadastro_Orcamento_Viagem.png
2025-12-05 10:05:03,018-DEBUG-root-2296::log::checks_empty_line|221:: Checking empty default log info
2025-12-05 10:05:03,022-DEBUG-root-2296::log::generate_log|503:: Json log_data: {'cLogDtExec': '05/12/2025 10:05:03', 'cLogNomUsr': '97137227104', 'cLogNomEst': 'GESIT03', 'cLogProgra': None, 'cLogDtProg': '', 'cLogHrProg': '', 'nLogCtsOk': 0, 'nLogCtsNok': 1, 'nLogCtsSeg': 116.56, 'cLogVersao': '12', 'cLogReleas': '12.1.2410', 'nLogCtsErr': 'Viagem - fill grid error: list index out of range', 'cLogBancod': 'ORACLE', 'cLogIdenti': '', 'cLogIdExec': '20251205', 'cLogPais': 'BRA', 'cLogTool': 'TIR', 'cLogSequen': 'cbc4f1', 'nLogCtsTot': 1, 'cLogDtExea': '05/12/2025', 'cLogHrExea': '10:05:03', 'cLogArea': 'Desenvolvimento', 'cLogMnExec': 1.9426666666666668}
2025-12-05 10:05:03,022-INFO-root-2296::log::send_log_with_retries|515:: Saving log locally.
2025-12-05 10:05:03,022-INFO-root-2296::log::save_log_locally|548:: [FwSendLog]: Não foi possível enviar o log após todas as tentativas.
2025-12-05 10:05:03,024-INFO-root-2296::log::save_log_locally|555:: [FwSendLog]: Log salvo localmente em C:\TIR_TESTE\1764939903.json.
2025-12-05 10:05:04,074-ERROR-root-2296::webapp_internal::SetKey|5901:: False is not true : Viagem - fill grid error: list index out of range
Traceback (most recent call last):
  File "C:\TIR_TESTE\venv\Lib\site-packages\tir\technologies\webapp_internal.py", line 6420, in fill_grid
    if not column_name in headers[field[2]]:
                          ~~~~~~~^^^^^^^^^^
IndexError: list index out of range

During handling of the above exception, another exception occurred:

Traceback (most recent call last):
  File "C:\TIR_TESTE\venv\Lib\site-packages\tir\technologies\webapp_internal.py", line 5861, in SetKey
    self.LoadGrid()
  File "C:\TIR_TESTE\venv\Lib\site-packages\tir\technologies\webapp_internal.py", line 6301, in LoadGrid
    self.fill_grid(field, x3_dictionaries, initial_layer, duplicate_fields)
  File "C:\TIR_TESTE\venv\Lib\site-packages\tir\technologies\webapp_internal.py", line 6676, in fill_grid
    self.log_error(f'fill grid error: {str(e)}')
  File "C:\TIR_TESTE\venv\Lib\site-packages\tir\technologies\webapp_internal.py", line 8206, in log_error
    self.assertTrue(False, log_message)
  File "C:\Users\97137227104\AppData\Local\Programs\Python\Python312\Lib\unittest\case.py", line 727, in assertTrue
    raise self.failureException(msg)
AssertionError: False is not true : Viagem - fill grid error: list index out of range
2025-12-05 10:05:04,075-DEBUG-root-2296::webapp_internal::wait_blocker|2444:: Waiting blocker to continue...
2025-12-05 10:05:04,078-DEBUG-root-2296::webapp_internal::wait_blocker|2469:: Blocker status: None
2025-12-05 10:05:04,078-INFO-root-2296::webapp_internal::SetKey|5822:: Key pressed: TAB
2025-12-05 10:05:04,078-DEBUG-root-2296::webapp_internal::SetKey|5857:: Trying press key
2025-12-05 10:05:04,078-DEBUG-root-2296::webapp_internal::wait_element|7623:: Waiting for element
2025-12-05 10:05:04,080-WARNING-root-2296::webapp_internal::log_error|8143:: Warning log_error SetKey - Screen is not load: Message: Tried to run command without establishing a connection

2025-12-05 10:05:04,080-DEBUG-root-2296::webapp_internal::log_error|8146:: ***System Info*** in log_error():
2025-12-05 10:05:04,080-DEBUG-root-2296::psutil_info::system_info|5:: CPU USAGE: 13.4%
2025-12-05 10:05:04,080-DEBUG-root-2296::psutil_info::system_info|6:: MEMORY USAGE: 80.8%
2025-12-05 10:05:04,081-DEBUG-root-2296::psutil_info::system_info|7:: MEMORY AVAILABLE: 19.23%
2025-12-05 10:05:04,098-ERROR-root-2296::webapp_internal::log_error|8181:: Warning Log Error Close Message: Tried to run command without establishing a connection
Traceback (most recent call last):
  File "C:\TIR_TESTE\venv\Lib\site-packages\tir\technologies\core\base.py", line 501, in get_current_DOM
    self.driver.switch_to.default_content()
  File "C:\TIR_TESTE\venv\Lib\site-packages\selenium\webdriver\remote\switch_to.py", line 69, in default_content
    self._driver.execute(Command.SWITCH_TO_FRAME, {"id": None})
  File "C:\TIR_TESTE\venv\Lib\site-packages\selenium\webdriver\remote\webdriver.py", line 347, in execute
    self.error_handler.check_response(response)
  File "C:\TIR_TESTE\venv\Lib\site-packages\selenium\webdriver\remote\errorhandler.py", line 229, in check_response
    raise exception_class(message, screen, stacktrace)
selenium.common.exceptions.InvalidSessionIdException: Message: Tried to run command without establishing a connection


During handling of the above exception, another exception occurred:

Traceback (most recent call last):
  File "C:\TIR_TESTE\venv\Lib\site-packages\tir\technologies\webapp_internal.py", line 5861, in SetKey
    self.LoadGrid()
  File "C:\TIR_TESTE\venv\Lib\site-packages\tir\technologies\webapp_internal.py", line 6284, in LoadGrid
    self.wait_element(term=selector, scrap_type=enum.ScrapType.CSS_SELECTOR)
  File "C:\TIR_TESTE\venv\Lib\site-packages\tir\technologies\webapp_internal.py", line 7626, in wait_element
    while (not self.element_exists(term, scrap_type, position, optional_term, main_container, check_error, twebview, second_term) and time.time() < endtime):
               ^^^^^^^^^^^^^^^^^^^^^^^^^^^^^^^^^^^^^^^^^^^^^^^^^^^^^^^^^^^^^^^^^^^^^^^^^^^^^^^^^^^^^^^^^^^^^^^^^^^^^^^^^^^^^^^^^^
  File "C:\TIR_TESTE\venv\Lib\site-packages\tir\technologies\webapp_internal.py", line 4073, in element_exists
    soup = self.get_current_DOM(twebview=twebview)
           ^^^^^^^^^^^^^^^^^^^^^^^^^^^^^^^^^^^^^^^
  File "C:\TIR_TESTE\venv\Lib\site-packages\tir\technologies\core\base.py", line 538, in get_current_DOM
    self.driver.switch_to.default_content()
  File "C:\TIR_TESTE\venv\Lib\site-packages\selenium\webdriver\remote\switch_to.py", line 69, in default_content
    self._driver.execute(Command.SWITCH_TO_FRAME, {"id": None})
  File "C:\TIR_TESTE\venv\Lib\site-packages\selenium\webdriver\remote\webdriver.py", line 347, in execute
    self.error_handler.check_response(response)
  File "C:\TIR_TESTE\venv\Lib\site-packages\selenium\webdriver\remote\errorhandler.py", line 229, in check_response
    raise exception_class(message, screen, stacktrace)
selenium.common.exceptions.InvalidSessionIdException: Message: Tried to run command without establishing a connection


During handling of the above exception, another exception occurred:

Traceback (most recent call last):
  File "C:\TIR_TESTE\venv\Lib\site-packages\tir\technologies\webapp_internal.py", line 8179, in log_error
    self.driver.close()
  File "C:\TIR_TESTE\venv\Lib\site-packages\selenium\webdriver\remote\webdriver.py", line 458, in close
    self.execute(Command.CLOSE)
  File "C:\TIR_TESTE\venv\Lib\site-packages\selenium\webdriver\remote\webdriver.py", line 347, in execute
    self.error_handler.check_response(response)
  File "C:\TIR_TESTE\venv\Lib\site-packages\selenium\webdriver\remote\errorhandler.py", line 229, in check_response
    raise exception_class(message, screen, stacktrace)
selenium.common.exceptions.InvalidSessionIdException: Message: Tried to run command without establishing a connection

2025-12-05 10:05:04,577-ERROR-root-2296::webapp_internal::TearDown|9654:: Warning tearDown Close Message: Tried to run command without establishing a connection
Traceback (most recent call last):
  File "C:\TIR_TESTE\venv\Lib\site-packages\tir\technologies\webapp_internal.py", line 9652, in TearDown
    self.driver.close()
  File "C:\TIR_TESTE\venv\Lib\site-packages\selenium\webdriver\remote\webdriver.py", line 458, in close
    self.execute(Command.CLOSE)
  File "C:\TIR_TESTE\venv\Lib\site-packages\selenium\webdriver\remote\webdriver.py", line 347, in execute
    self.error_handler.check_response(response)
  File "C:\TIR_TESTE\venv\Lib\site-packages\selenium\webdriver\remote\errorhandler.py", line 229, in check_response
    raise exception_class(message, screen, stacktrace)
selenium.common.exceptions.InvalidSessionIdException: Message: Tried to run command without establishing a connection

2025-12-05 10:03:05,473-DEBUG-root-2296::logging_config::logger|189:: Log file created: 'Log\GESIT03\TIR__20251205100305467.log'
2025-12-05 10:03:05,474-INFO-root-2296::base::Start|1183:: TIR Version: 2.4.3
2025-12-05 10:03:05,474-INFO-root-2296::base::Start|1184:: Python Version: 3.12.10
2025-12-05 10:03:05,474-INFO-root-2296::base::Start|1185:: Starting the browser
2025-12-05 10:03:14,998-INFO-root-2296::base::get_url|1294:: Page is ready!
2025-12-05 10:03:15,018-INFO-root-2296::base::Start|1256:: Browser maximized to 1936x1048
2025-12-05 10:03:15,018-INFO-root-2296::base::Start|1258:: Screen size is different from default used in headless mode
2025-12-05 10:03:15,112-INFO-root-2296::webapp_internal::Setup|247:: ***System Info*** in Setup():
2025-12-05 10:03:15,113-DEBUG-root-2296::psutil_info::system_info|5:: CPU USAGE: 13.1%
2025-12-05 10:03:15,113-DEBUG-root-2296::psutil_info::system_info|6:: MEMORY USAGE: 89.8%
2025-12-05 10:03:15,114-DEBUG-root-2296::psutil_info::system_info|7:: MEMORY AVAILABLE: 10.16%
2025-12-05 10:03:15,122-INFO-root-2296::base::webapp_shadowroot|1394:: Webapp: 10.1.6-RC4
2025-12-05 10:03:15,176-INFO-root-2296::webapp_internal::filling_initial_program|449:: Filling Initial Program: "SIGAMDI"
2025-12-05 10:03:15,178-DEBUG-root-2296::webapp_internal::wait_element|7623:: Waiting for element
2025-12-05 10:03:15,205-DEBUG-root-2296::webapp_internal::wait_element|7653:: Element found! Waiting for element to be displayed.
2025-12-05 10:03:15,354-DEBUG-root-2296::base::click|192:: Click Type: ClickType.JS
2025-12-05 10:03:15,359-DEBUG-root-2296::webapp_internal::try_send_keys|7976:: Trying to send keys to element using technique 0
2025-12-05 10:03:15,685-DEBUG-root-2296::webapp_internal::get_web_value|3232:: Current value: SIGAMDI
2025-12-05 10:03:15,686-INFO-root-2296::webapp_internal::filling_server_environment|463:: Filling Server Environment: "POUPEX_TST"
2025-12-05 10:03:15,686-DEBUG-root-2296::webapp_internal::wait_element|7623:: Waiting for element
2025-12-05 10:03:15,708-DEBUG-root-2296::webapp_internal::wait_element|7653:: Element found! Waiting for element to be displayed.
2025-12-05 10:03:15,869-DEBUG-root-2296::base::click|192:: Click Type: ClickType.JS
2025-12-05 10:03:15,874-DEBUG-root-2296::webapp_internal::try_send_keys|7976:: Trying to send keys to element using technique 0
2025-12-05 10:03:16,190-DEBUG-root-2296::webapp_internal::get_web_value|3232:: Current value: POUPEX_TST
2025-12-05 10:03:16,210-DEBUG-root-2296::base::click|192:: Click Type: ClickType.JS
2025-12-05 10:03:16,221-DEBUG-root-2296::webapp_internal::user_screen|519:: Filling user screen
2025-12-05 10:03:23,110-DEBUG-root-2296::webapp_internal::wait_element_timeout|7726:: Element found! Waiting for element to be displayed.
2025-12-05 10:03:23,165-DEBUG-root-2296::base::scroll_to_element|759:: ********Warining scroll_to_element exception: Message: TypeError: can't access property "scrollIntoView", arguments[0] is null
Stacktrace:
@https://qasrverp:10020/webapp/:2:7
@https://qasrverp:10020/webapp/:3:8
*********
2025-12-05 10:03:23,292-INFO-root-2296::webapp_internal::user_screen|561:: Filling User
2025-12-05 10:03:23,316-DEBUG-root-2296::base::double_click|259:: Click Type: ClickType.SELENIUM
2025-12-05 10:03:23,503-DEBUG-root-2296::webapp_internal::get_web_value|3232:: Current value: 97137227104
2025-12-05 10:03:23,523-INFO-root-2296::webapp_internal::user_screen|621:: Filling Password
2025-12-05 10:03:23,543-DEBUG-root-2296::base::click|192:: Click Type: ClickType.JS
2025-12-05 10:03:23,608-DEBUG-root-2296::webapp_internal::get_web_value|3232:: Current value: Val20221080080094+
2025-12-05 10:03:23,608-DEBUG-root-2296::webapp_internal::wait_blocker|2444:: Waiting blocker to continue...
2025-12-05 10:03:23,637-DEBUG-root-2296::webapp_internal::wait_blocker|2469:: Blocker status: None
2025-12-05 10:03:23,657-DEBUG-root-2296::webapp_internal::wait_blocker|2444:: Waiting blocker to continue...
2025-12-05 10:03:23,685-DEBUG-root-2296::webapp_internal::wait_blocker|2469:: Blocker status: None
2025-12-05 10:03:23,717-DEBUG-root-2296::webapp_internal::wait_blocker|2444:: Waiting blocker to continue...
2025-12-05 10:03:23,744-DEBUG-root-2296::webapp_internal::wait_blocker|2469:: Blocker status: None
2025-12-05 10:03:23,744-DEBUG-root-2296::webapp_internal::send_action|10480:: Trying to send action
2025-12-05 10:03:23,750-DEBUG-root-2296::base::click|192:: Click Type: ClickType.JS
2025-12-05 10:03:24,793-DEBUG-root-2296::webapp_internal::send_action|10522:: send_action method result = True
2025-12-05 10:03:24,793-DEBUG-root-2296::webapp_internal::send_action|10523:: send_action selenium status: False
2025-12-05 10:03:27,144-DEBUG-root-2296::base::scroll_to_element|759:: ********Warining scroll_to_element exception: Message: TypeError: can't access property "scrollIntoView", arguments[0] is null
Stacktrace:
@https://qasrverp:10020/webapp/:2:7
@https://qasrverp:10020/webapp/:3:8
*********
2025-12-05 10:03:27,194-INFO-root-2296::webapp_internal::filling_date|885:: Filling Date: "05/12/2025"
2025-12-05 10:03:27,194-DEBUG-root-2296::webapp_internal::wait_blocker|2444:: Waiting blocker to continue...
2025-12-05 10:03:27,229-DEBUG-root-2296::webapp_internal::wait_blocker|2469:: Blocker status: None
2025-12-05 10:03:27,232-DEBUG-root-2296::base::click|192:: Click Type: ClickType.JS
2025-12-05 10:03:27,248-DEBUG-root-2296::webapp_internal::try_send_keys|7976:: Trying to send keys to element using technique 1
2025-12-05 10:03:27,323-DEBUG-root-2296::webapp_internal::get_web_value|3232:: Current value: 05/12/2025
2025-12-05 10:03:28,433-INFO-root-2296::webapp_internal::filling_group|955:: Filling Group: "02"
2025-12-05 10:03:28,434-DEBUG-root-2296::webapp_internal::wait_blocker|2444:: Waiting blocker to continue...
2025-12-05 10:03:28,481-DEBUG-root-2296::webapp_internal::wait_blocker|2469:: Blocker status: None
2025-12-05 10:03:28,487-DEBUG-root-2296::base::click|192:: Click Type: ClickType.JS
2025-12-05 10:03:28,549-DEBUG-root-2296::webapp_internal::get_web_value|3232:: Current value: 02
2025-12-05 10:03:29,611-INFO-root-2296::webapp_internal::filling_branch|1047:: Filling Branch: "02DF0001"
2025-12-05 10:03:29,611-DEBUG-root-2296::webapp_internal::wait_blocker|2444:: Waiting blocker to continue...
2025-12-05 10:03:29,642-DEBUG-root-2296::webapp_internal::wait_blocker|2469:: Blocker status: None
2025-12-05 10:03:29,644-DEBUG-root-2296::base::click|192:: Click Type: ClickType.JS
2025-12-05 10:03:29,696-DEBUG-root-2296::webapp_internal::get_web_value|3232:: Current value: 02DF0001
2025-12-05 10:03:30,786-INFO-root-2296::webapp_internal::filling_environment|1113:: Filling Environment: "07"
2025-12-05 10:03:30,786-DEBUG-root-2296::webapp_internal::wait_blocker|2444:: Waiting blocker to continue...
2025-12-05 10:03:30,818-DEBUG-root-2296::webapp_internal::wait_blocker|2469:: Blocker status: None
2025-12-05 10:03:30,821-DEBUG-root-2296::base::click|192:: Click Type: ClickType.JS
2025-12-05 10:03:30,874-DEBUG-root-2296::webapp_internal::get_web_value|3232:: Current value: 07
2025-12-05 10:03:31,883-DEBUG-root-2296::webapp_internal::close_warning_screen|1489:: Closing warning screen!
2025-12-05 10:03:32,914-DEBUG-root-2296::webapp_internal::check_screen_element|1291:: Checking screen element: "Atenção": False
2025-12-05 10:03:34,009-INFO-root-2296::webapp_internal::environment_screen|796:: Clicking on Button
2025-12-05 10:03:34,009-DEBUG-root-2296::webapp_internal::wait_blocker|2444:: Waiting blocker to continue...
2025-12-05 10:03:34,042-DEBUG-root-2296::webapp_internal::wait_blocker|2469:: Blocker status: None
2025-12-05 10:03:34,044-DEBUG-root-2296::base::click|192:: Click Type: ClickType.JS
2025-12-05 10:03:35,060-DEBUG-root-2296::base::click|192:: Click Type: ClickType.JS
2025-12-05 10:03:36,070-DEBUG-root-2296::base::click|192:: Click Type: ClickType.JS
2025-12-05 10:03:37,077-DEBUG-root-2296::base::click|192:: Click Type: ClickType.JS
2025-12-05 10:03:38,084-DEBUG-root-2296::base::click|192:: Click Type: ClickType.JS
2025-12-05 10:03:39,092-DEBUG-root-2296::base::click|192:: Click Type: ClickType.JS
2025-12-05 10:03:40,098-DEBUG-root-2296::webapp_internal::close_screen_before_menu|368:: Closing screen before the menu
2025-12-05 10:03:40,152-DEBUG-root-2296::webapp_internal::close_warning_screen|1489:: Closing warning screen!
2025-12-05 10:03:41,195-DEBUG-root-2296::webapp_internal::check_screen_element|1291:: Checking screen element: "Atenção": False
2025-12-05 10:03:41,195-DEBUG-root-2296::webapp_internal::close_coin_screen|1424:: Closing coin screen!
2025-12-05 10:03:41,751-DEBUG-root-2296::base::click|192:: Click Type: ClickType.JS
2025-12-05 10:03:41,810-DEBUG-root-2296::webapp_internal::close_warning_screen|1489:: Closing warning screen!
2025-12-05 10:03:42,859-DEBUG-root-2296::webapp_internal::check_screen_element|1291:: Checking screen element: "Atenção": False
2025-12-05 10:03:42,859-DEBUG-root-2296::webapp_internal::close_coin_screen|1424:: Closing coin screen!
2025-12-05 10:03:42,950-INFO-root-2296::webapp_internal::set_log_info|1623:: Getting log info
2025-12-05 10:03:42,951-INFO-root-2296::webapp_internal::SetLateralMenu|4184:: Navigating lateral menu: Ajuda > Sobre
2025-12-05 10:03:42,960-DEBUG-root-2296::webapp_internal::wait_element|7623:: Waiting for element
2025-12-05 10:03:42,995-DEBUG-root-2296::webapp_internal::wait_element|7653:: Element found! Waiting for element to be displayed.
2025-12-05 10:03:43,150-INFO-root-2296::webapp_internal::SetLateralMenu|4203:: Menu item: "Ajuda"
2025-12-05 10:03:43,151-DEBUG-root-2296::webapp_internal::wait_blocker|2444:: Waiting blocker to continue...
2025-12-05 10:03:43,213-DEBUG-root-2296::webapp_internal::wait_blocker|2469:: Blocker status: False
2025-12-05 10:03:43,542-DEBUG-root-2296::webapp_internal::wait_element_timeout|7726:: Element found! Waiting for element to be displayed.
2025-12-05 10:03:43,810-DEBUG-root-2296::webapp_internal::wait_blocker|2444:: Waiting blocker to continue...
2025-12-05 10:03:43,870-DEBUG-root-2296::webapp_internal::wait_blocker|2469:: Blocker status: False
2025-12-05 10:03:46,164-INFO-root-2296::webapp_internal::SetLateralMenu|4203:: Menu item: "Sobre"
2025-12-05 10:03:46,164-DEBUG-root-2296::webapp_internal::wait_blocker|2444:: Waiting blocker to continue...
2025-12-05 10:03:46,224-DEBUG-root-2296::webapp_internal::wait_blocker|2469:: Blocker status: False
2025-12-05 10:03:46,609-DEBUG-root-2296::webapp_internal::wait_element_timeout|7726:: Element found! Waiting for element to be displayed.
2025-12-05 10:03:46,934-DEBUG-root-2296::webapp_internal::wait_blocker|2444:: Waiting blocker to continue...
2025-12-05 10:03:46,996-DEBUG-root-2296::webapp_internal::wait_blocker|2469:: Blocker status: False
2025-12-05 10:03:49,609-DEBUG-root-2296::webapp_internal::wait_blocker|2444:: Waiting blocker to continue...
2025-12-05 10:03:49,690-DEBUG-root-2296::webapp_internal::wait_blocker|2469:: Blocker status: False
2025-12-05 10:03:49,756-DEBUG-root-2296::webapp_internal::wait_element|7623:: Waiting for element
2025-12-05 10:03:49,798-DEBUG-root-2296::webapp_internal::wait_element|7653:: Element found! Waiting for element to be displayed.
2025-12-05 10:03:49,964-INFO-root-2296::webapp_internal::SetButton|4444:: Clicking on Fechar
2025-12-05 10:03:49,964-DEBUG-root-2296::webapp_internal::wait_blocker|2444:: Waiting blocker to continue...
2025-12-05 10:03:50,030-DEBUG-root-2296::webapp_internal::wait_blocker|2469:: Blocker status: False
2025-12-05 10:03:50,206-DEBUG-root-2296::webapp_internal::wait_element_timeout|7726:: Element found! Waiting for element to be displayed.
2025-12-05 10:03:50,277-DEBUG-root-2296::webapp_internal::SetButton|4481:: ***System Info*** Before Clicking on button:Fechar
2025-12-05 10:03:50,277-DEBUG-root-2296::psutil_info::system_info|5:: CPU USAGE: 7.2%
2025-12-05 10:03:50,278-DEBUG-root-2296::psutil_info::system_info|6:: MEMORY USAGE: 87.6%
2025-12-05 10:03:50,278-DEBUG-root-2296::psutil_info::system_info|7:: MEMORY AVAILABLE: 12.36%
2025-12-05 10:03:50,436-DEBUG-root-2296::webapp_internal::wait_element_timeout|7726:: Element found! Waiting for element to be displayed.
2025-12-05 10:03:50,543-DEBUG-root-2296::webapp_internal::wait_blocker|2444:: Waiting blocker to continue...
2025-12-05 10:03:50,639-DEBUG-root-2296::webapp_internal::wait_blocker|2469:: Blocker status: False
2025-12-05 10:03:50,654-DEBUG-root-2296::webapp_internal::wait_blocker|2444:: Waiting blocker to continue...
2025-12-05 10:03:50,723-DEBUG-root-2296::webapp_internal::wait_blocker|2469:: Blocker status: False
2025-12-05 10:03:50,723-DEBUG-root-2296::webapp_internal::send_action|10480:: Trying to send action
2025-12-05 10:03:50,724-DEBUG-root-2296::base::click|192:: Click Type: ClickType.JS
2025-12-05 10:03:51,751-DEBUG-root-2296::webapp_internal::send_action|10522:: send_action method result = True
2025-12-05 10:03:51,752-DEBUG-root-2296::webapp_internal::send_action|10523:: send_action selenium status: False
2025-12-05 10:03:51,752-DEBUG-root-2296::webapp_internal::SetButton|4683:: ***System Info*** After Clicking on button:
2025-12-05 10:03:51,752-DEBUG-root-2296::psutil_info::system_info|5:: CPU USAGE: 3.7%
2025-12-05 10:03:51,752-DEBUG-root-2296::psutil_info::system_info|6:: MEMORY USAGE: 87.8%
2025-12-05 10:03:51,753-DEBUG-root-2296::psutil_info::system_info|7:: MEMORY AVAILABLE: 12.19%
2025-12-05 10:03:51,753-DEBUG-root-2296::webapp_internal::wait_element|7623:: Waiting for element
2025-12-05 10:03:51,833-INFO-root-2296::webapp_internal::SetLateralMenu|4184:: Navigating lateral menu: Atualizações > Gestao de Viagens > Cadastro (5) > Orcamento por UTA
2025-12-05 10:03:51,842-DEBUG-root-2296::webapp_internal::wait_element|7623:: Waiting for element
2025-12-05 10:03:51,877-DEBUG-root-2296::webapp_internal::wait_element|7653:: Element found! Waiting for element to be displayed.
2025-12-05 10:03:52,036-INFO-root-2296::webapp_internal::SetLateralMenu|4203:: Menu item: "Atualizações"
2025-12-05 10:03:52,036-DEBUG-root-2296::webapp_internal::wait_blocker|2444:: Waiting blocker to continue...
2025-12-05 10:03:52,102-DEBUG-root-2296::webapp_internal::wait_blocker|2469:: Blocker status: False
2025-12-05 10:03:52,495-DEBUG-root-2296::webapp_internal::wait_element_timeout|7726:: Element found! Waiting for element to be displayed.
2025-12-05 10:03:52,865-DEBUG-root-2296::webapp_internal::wait_blocker|2444:: Waiting blocker to continue...
2025-12-05 10:03:52,925-DEBUG-root-2296::webapp_internal::wait_blocker|2469:: Blocker status: False
2025-12-05 10:03:55,219-INFO-root-2296::webapp_internal::SetLateralMenu|4203:: Menu item: "Gestao de Viagens"
2025-12-05 10:03:55,219-DEBUG-root-2296::webapp_internal::wait_blocker|2444:: Waiting blocker to continue...
2025-12-05 10:03:55,312-DEBUG-root-2296::webapp_internal::wait_blocker|2469:: Blocker status: False
2025-12-05 10:03:56,013-DEBUG-root-2296::webapp_internal::wait_element_timeout|7726:: Element found! Waiting for element to be displayed.
2025-12-05 10:03:56,727-DEBUG-root-2296::webapp_internal::wait_blocker|2444:: Waiting blocker to continue...
2025-12-05 10:03:56,811-DEBUG-root-2296::webapp_internal::wait_blocker|2469:: Blocker status: False
2025-12-05 10:03:59,108-INFO-root-2296::webapp_internal::SetLateralMenu|4203:: Menu item: "Cadastro (5)"
2025-12-05 10:03:59,109-DEBUG-root-2296::webapp_internal::wait_blocker|2444:: Waiting blocker to continue...
2025-12-05 10:03:59,189-DEBUG-root-2296::webapp_internal::wait_blocker|2469:: Blocker status: False
2025-12-05 10:03:59,994-DEBUG-root-2296::webapp_internal::wait_element_timeout|7726:: Element found! Waiting for element to be displayed.
2025-12-05 10:04:00,788-DEBUG-root-2296::webapp_internal::wait_blocker|2444:: Waiting blocker to continue...
2025-12-05 10:04:00,863-DEBUG-root-2296::webapp_internal::wait_blocker|2469:: Blocker status: False
2025-12-05 10:04:03,161-INFO-root-2296::webapp_internal::SetLateralMenu|4203:: Menu item: "Orcamento por UTA"
2025-12-05 10:04:03,161-DEBUG-root-2296::webapp_internal::wait_blocker|2444:: Waiting blocker to continue...
2025-12-05 10:04:03,235-DEBUG-root-2296::webapp_internal::wait_blocker|2469:: Blocker status: False
2025-12-05 10:04:04,206-DEBUG-root-2296::webapp_internal::wait_element_timeout|7726:: Element found! Waiting for element to be displayed.
2025-12-05 10:04:05,078-DEBUG-root-2296::webapp_internal::wait_blocker|2444:: Waiting blocker to continue...
2025-12-05 10:04:05,152-DEBUG-root-2296::webapp_internal::wait_blocker|2469:: Blocker status: False
2025-12-05 10:04:08,775-DEBUG-root-2296::webapp_internal::wait_blocker|2444:: Waiting blocker to continue...
2025-12-05 10:04:08,849-DEBUG-root-2296::webapp_internal::wait_blocker|2469:: Blocker status: False
2025-12-05 10:04:08,924-INFO-root-2296::webapp_internal::WaitShow|4980:: Waiting show text 'Este ambiente utiliza base de Homologação.'...
2025-12-05 10:04:14,735-INFO-root-2296::webapp_internal::WaitShow|4980:: Waiting show text 'Moedas'...
2025-12-05 10:04:19,796-INFO-root-2296::webapp_internal::WaitShow|4980:: Waiting show text 'Centro de Custo vs Orçamento'...
2025-12-05 10:04:19,847-INFO-root-2296::webapp_internal::WaitShow|4996:: Text found! 
2025-12-05 10:04:19,847-INFO-root-2296::webapp_internal::SetButton|4444:: Clicking on Incluir
2025-12-05 10:04:19,847-DEBUG-root-2296::webapp_internal::wait_blocker|2444:: Waiting blocker to continue...
2025-12-05 10:04:19,939-DEBUG-root-2296::webapp_internal::wait_blocker|2469:: Blocker status: False
2025-12-05 10:04:20,278-DEBUG-root-2296::webapp_internal::wait_element_timeout|7726:: Element found! Waiting for element to be displayed.
2025-12-05 10:04:20,515-DEBUG-root-2296::webapp_internal::SetButton|4481:: ***System Info*** Before Clicking on button:Incluir
2025-12-05 10:04:20,516-DEBUG-root-2296::psutil_info::system_info|5:: CPU USAGE: 7.3%
2025-12-05 10:04:20,516-DEBUG-root-2296::psutil_info::system_info|6:: MEMORY USAGE: 87.7%
2025-12-05 10:04:20,516-DEBUG-root-2296::psutil_info::system_info|7:: MEMORY AVAILABLE: 12.27%
2025-12-05 10:04:20,824-DEBUG-root-2296::webapp_internal::wait_element_timeout|7726:: Element found! Waiting for element to be displayed.
2025-12-05 10:04:21,090-DEBUG-root-2296::webapp_internal::wait_blocker|2444:: Waiting blocker to continue...
2025-12-05 10:04:21,173-DEBUG-root-2296::webapp_internal::wait_blocker|2469:: Blocker status: False
2025-12-05 10:04:21,194-DEBUG-root-2296::webapp_internal::wait_blocker|2444:: Waiting blocker to continue...
2025-12-05 10:04:21,299-DEBUG-root-2296::webapp_internal::wait_blocker|2469:: Blocker status: False
2025-12-05 10:04:21,299-DEBUG-root-2296::webapp_internal::send_action|10480:: Trying to send action
2025-12-05 10:04:21,301-DEBUG-root-2296::base::click|192:: Click Type: ClickType.JS
2025-12-05 10:04:22,344-DEBUG-root-2296::webapp_internal::send_action|10522:: send_action method result = True
2025-12-05 10:04:22,344-DEBUG-root-2296::webapp_internal::send_action|10523:: send_action selenium status: False
2025-12-05 10:04:22,344-DEBUG-root-2296::webapp_internal::SetButton|4683:: ***System Info*** After Clicking on button:
2025-12-05 10:04:22,344-DEBUG-root-2296::psutil_info::system_info|5:: CPU USAGE: 6.9%
2025-12-05 10:04:22,345-DEBUG-root-2296::psutil_info::system_info|6:: MEMORY USAGE: 88.0%
2025-12-05 10:04:22,345-DEBUG-root-2296::psutil_info::system_info|7:: MEMORY AVAILABLE: 12.03%
2025-12-05 10:04:22,345-INFO-root-2296::webapp_internal::WaitShow|4980:: Waiting show text 'Modelo de Dados do Cadastro Centro de Custo vs Orçamento - INCLUIR'...
2025-12-05 10:04:22,484-INFO-root-2296::webapp_internal::WaitShow|4996:: Text found! 
2025-12-05 10:04:22,484-DEBUG-root-2296::webapp_internal::wait_blocker|2444:: Waiting blocker to continue...
2025-12-05 10:04:22,583-DEBUG-root-2296::webapp_internal::wait_blocker|2469:: Blocker status: False
2025-12-05 10:04:22,583-DEBUG-root-2296::webapp_internal::wait_element|7623:: Waiting for element
2025-12-05 10:04:22,643-DEBUG-root-2296::webapp_internal::wait_element|7653:: Element found! Waiting for element to be displayed.
2025-12-05 10:04:22,693-INFO-root-2296::webapp_internal::input_value|2941:: Looking for element: Z91_ANO
2025-12-05 10:04:22,784-INFO-root-2296::webapp_internal::input_value|2951:: Element: Z91_ANO Found!
2025-12-05 10:04:22,784-INFO-root-2296::webapp_internal::input_value|2953:: Filling element: Z91_ANO
2025-12-05 10:04:22,809-DEBUG-root-2296::webapp_internal::get_web_value|3232:: Current value:     
2025-12-05 10:04:22,841-DEBUG-root-2296::base::double_click|259:: Click Type: ClickType.SELENIUM
2025-12-05 10:04:23,093-DEBUG-root-2296::webapp_internal::wait_blocker|2444:: Waiting blocker to continue...
2025-12-05 10:04:23,194-DEBUG-root-2296::webapp_internal::wait_blocker|2469:: Blocker status: False
2025-12-05 10:04:23,516-DEBUG-root-2296::webapp_internal::get_web_value|3232:: Current value: 2025
2025-12-05 10:04:23,517-INFO-root-2296::webapp_internal::input_value|3059:: Current field value: 2025
2025-12-05 10:04:23,527-DEBUG-root-2296::webapp_internal::wait_blocker|2444:: Waiting blocker to continue...
2025-12-05 10:04:23,631-DEBUG-root-2296::webapp_internal::wait_blocker|2469:: Blocker status: False
2025-12-05 10:04:23,631-DEBUG-root-2296::webapp_internal::wait_element|7623:: Waiting for element
2025-12-05 10:04:23,691-DEBUG-root-2296::webapp_internal::wait_element|7653:: Element found! Waiting for element to be displayed.
2025-12-05 10:04:23,741-INFO-root-2296::webapp_internal::input_value|2941:: Looking for element: Z91_TIPO
2025-12-05 10:04:23,836-INFO-root-2296::webapp_internal::input_value|2951:: Element: Z91_TIPO Found!
2025-12-05 10:04:23,836-INFO-root-2296::webapp_internal::input_value|2953:: Filling element: Z91_TIPO
2025-12-05 10:04:25,006-INFO-root-2296::base::select_combo|871:: Selected value for combo is: 2 - Treinamento
2025-12-05 10:04:25,043-DEBUG-root-2296::webapp_internal::SetFocus|6011:: Setting focus on element Z91_CONTAB.
2025-12-05 10:04:25,208-DEBUG-root-2296::base::click|192:: Click Type: ClickType.SELENIUM
2025-12-05 10:04:25,272-DEBUG-root-2296::webapp_internal::wait_blocker|2444:: Waiting blocker to continue...
2025-12-05 10:04:25,371-DEBUG-root-2296::webapp_internal::wait_blocker|2469:: Blocker status: False
2025-12-05 10:04:25,371-DEBUG-root-2296::webapp_internal::wait_element|7623:: Waiting for element
2025-12-05 10:04:25,430-DEBUG-root-2296::webapp_internal::wait_element|7653:: Element found! Waiting for element to be displayed.
2025-12-05 10:04:25,476-INFO-root-2296::webapp_internal::input_value|2941:: Looking for element: Z91_CONTAB
2025-12-05 10:04:25,568-INFO-root-2296::webapp_internal::input_value|2951:: Element: Z91_CONTAB Found!
2025-12-05 10:04:25,569-INFO-root-2296::webapp_internal::input_value|2953:: Filling element: Z91_CONTAB
2025-12-05 10:04:25,591-DEBUG-root-2296::webapp_internal::get_web_value|3232:: Current value:                     
2025-12-05 10:04:25,619-DEBUG-root-2296::base::double_click|259:: Click Type: ClickType.SELENIUM
2025-12-05 10:04:25,878-DEBUG-root-2296::webapp_internal::wait_blocker|2444:: Waiting blocker to continue...
2025-12-05 10:04:25,976-DEBUG-root-2296::webapp_internal::wait_blocker|2469:: Blocker status: False
2025-12-05 10:04:26,298-DEBUG-root-2296::webapp_internal::get_web_value|3232:: Current value: 817750000000001     
2025-12-05 10:04:26,298-INFO-root-2296::webapp_internal::input_value|3059:: Current field value: 817750000000001
2025-12-05 10:04:26,321-DEBUG-root-2296::webapp_internal::wait_blocker|2444:: Waiting blocker to continue...
2025-12-05 10:04:26,434-DEBUG-root-2296::webapp_internal::wait_blocker|2469:: Blocker status: False
2025-12-05 10:04:26,434-DEBUG-root-2296::webapp_internal::wait_element|7623:: Waiting for element
2025-12-05 10:04:26,494-DEBUG-root-2296::webapp_internal::wait_element|7653:: Element found! Waiting for element to be displayed.
2025-12-05 10:04:26,541-INFO-root-2296::webapp_internal::input_value|2941:: Looking for element: Z91_CC
2025-12-05 10:04:26,627-INFO-root-2296::webapp_internal::input_value|2951:: Element: Z91_CC Found!
2025-12-05 10:04:26,627-INFO-root-2296::webapp_internal::input_value|2953:: Filling element: Z91_CC
2025-12-05 10:04:26,648-DEBUG-root-2296::webapp_internal::get_web_value|3232:: Current value:          
2025-12-05 10:04:26,674-DEBUG-root-2296::base::double_click|259:: Click Type: ClickType.SELENIUM
2025-12-05 10:04:26,927-DEBUG-root-2296::webapp_internal::wait_blocker|2444:: Waiting blocker to continue...
2025-12-05 10:04:27,019-DEBUG-root-2296::webapp_internal::wait_blocker|2469:: Blocker status: False
2025-12-05 10:04:27,340-DEBUG-root-2296::webapp_internal::get_web_value|3232:: Current value: 000000043
2025-12-05 10:04:27,340-INFO-root-2296::webapp_internal::input_value|3059:: Current field value: 000000043
2025-12-05 10:04:27,340-DEBUG-root-2296::webapp_internal::wait_blocker|2444:: Waiting blocker to continue...
2025-12-05 10:04:27,474-DEBUG-root-2296::webapp_internal::wait_blocker|2469:: Blocker status: False
2025-12-05 10:04:27,475-INFO-root-2296::webapp_internal::SetKey|5822:: Key pressed: TAB
2025-12-05 10:04:27,475-DEBUG-root-2296::webapp_internal::SetKey|5857:: Trying press key
2025-12-05 10:04:27,553-DEBUG-root-2296::webapp_internal::wait_blocker|2444:: Waiting blocker to continue...
2025-12-05 10:04:27,668-DEBUG-root-2296::webapp_internal::wait_blocker|2469:: Blocker status: False
2025-12-05 10:04:27,685-DEBUG-root-2296::webapp_internal::wait_blocker|2444:: Waiting blocker to continue...
2025-12-05 10:04:27,791-DEBUG-root-2296::webapp_internal::wait_blocker|2469:: Blocker status: False
2025-12-05 10:04:27,791-DEBUG-root-2296::webapp_internal::send_action|10480:: Trying to send action
2025-12-05 10:04:28,817-DEBUG-root-2296::webapp_internal::send_action|10522:: send_action method result = True
2025-12-05 10:04:28,817-DEBUG-root-2296::webapp_internal::send_action|10523:: send_action selenium status: False
2025-12-05 10:04:28,818-DEBUG-root-2296::webapp_internal::SetFocus|6011:: Setting focus on element Centro de Custo vs Valor.
2025-12-05 10:04:29,154-DEBUG-root-2296::base::click|192:: Click Type: ClickType.SELENIUM
2025-12-05 10:04:29,160-ERROR-root-2296::base::click|212:: Warning click method Exception: Message: Element <input type="text"> is not clickable at point (81,816) because another element <wa-panel id="COMP6019" class="dict-tpanel"> obscures it
Stacktrace:
RemoteError@chrome://remote/content/shared/RemoteError.sys.mjs:8:8
WebDriverError@chrome://remote/content/shared/webdriver/Errors.sys.mjs:202:5
ElementClickInterceptedError@chrome://remote/content/shared/webdriver/Errors.sys.mjs:354:5
webdriverClickElement@chrome://remote/content/marionette/interaction.sys.mjs:175:11
interaction.clickElement@chrome://remote/content/marionette/interaction.sys.mjs:134:11
clickElement@chrome://remote/content/marionette/actors/MarionetteCommandsChild.sys.mjs:327:29
receiveMessage@chrome://remote/content/marionette/actors/MarionetteCommandsChild.sys.mjs:210:31
Traceback (most recent call last):
  File "C:\TIR_TESTE\venv\Lib\site-packages\tir\technologies\core\base.py", line 202, in click
    element.click()
  File "C:\TIR_TESTE\venv\Lib\site-packages\selenium\webdriver\remote\webelement.py", line 94, in click
    self._execute(Command.CLICK_ELEMENT)
  File "C:\TIR_TESTE\venv\Lib\site-packages\selenium\webdriver\remote\webelement.py", line 395, in _execute
    return self._parent.execute(command, params)
           ^^^^^^^^^^^^^^^^^^^^^^^^^^^^^^^^^^^^^
  File "C:\TIR_TESTE\venv\Lib\site-packages\selenium\webdriver\remote\webdriver.py", line 347, in execute
    self.error_handler.check_response(response)
  File "C:\TIR_TESTE\venv\Lib\site-packages\selenium\webdriver\remote\errorhandler.py", line 229, in check_response
    raise exception_class(message, screen, stacktrace)
selenium.common.exceptions.ElementClickInterceptedException: Message: Element <input type="text"> is not clickable at point (81,816) because another element <wa-panel id="COMP6019" class="dict-tpanel"> obscures it
Stacktrace:
RemoteError@chrome://remote/content/shared/RemoteError.sys.mjs:8:8
WebDriverError@chrome://remote/content/shared/webdriver/Errors.sys.mjs:202:5
ElementClickInterceptedError@chrome://remote/content/shared/webdriver/Errors.sys.mjs:354:5
webdriverClickElement@chrome://remote/content/marionette/interaction.sys.mjs:175:11
interaction.clickElement@chrome://remote/content/marionette/interaction.sys.mjs:134:11
clickElement@chrome://remote/content/marionette/actors/MarionetteCommandsChild.sys.mjs:327:29
receiveMessage@chrome://remote/content/marionette/actors/MarionetteCommandsChild.sys.mjs:210:31

2025-12-05 10:04:29,162-INFO-root-2296::webapp_internal::WaitShow|4980:: Waiting show text 'Centro de Custo vs Valor'...
2025-12-05 10:04:29,288-INFO-root-2296::webapp_internal::WaitShow|4996:: Text found! 
2025-12-05 10:04:29,288-DEBUG-root-2296::webapp_internal::wait_blocker|2444:: Waiting blocker to continue...
2025-12-05 10:04:29,384-DEBUG-root-2296::webapp_internal::wait_blocker|2469:: Blocker status: False
2025-12-05 10:04:29,384-INFO-root-2296::webapp_internal::SetKey|5822:: Key pressed: TAB
2025-12-05 10:04:29,384-DEBUG-root-2296::webapp_internal::SetKey|5857:: Trying press key
2025-12-05 10:04:29,385-DEBUG-root-2296::webapp_internal::wait_element|7623:: Waiting for element
2025-12-05 10:04:29,444-DEBUG-root-2296::webapp_internal::wait_element|7653:: Element found! Waiting for element to be displayed.
2025-12-05 10:04:29,662-DEBUG-root-2296::webapp_internal::wait_blocker|2444:: Waiting blocker to continue...
2025-12-05 10:04:29,760-DEBUG-root-2296::webapp_internal::wait_blocker|2469:: Blocker status: False
2025-12-05 10:04:29,760-INFO-root-2296::webapp_internal::LoadGrid|6298:: Filling grid field: Valor
2025-12-05 10:04:29,760-DEBUG-root-2296::webapp_internal::fill_grid|6399:: Grid loading...
2025-12-05 10:04:29,837-DEBUG-root-2296::webapp_internal::fill_grid|6466:: Column found!
2025-12-05 10:04:29,863-DEBUG-root-2296::base::click|192:: Click Type: ClickType.ACTIONCHAINS
2025-12-05 10:04:35,212-DEBUG-root-2296::webapp_internal::fill_grid|6498:: Trying open cell in grid!
2025-12-05 10:04:35,502-DEBUG-root-2296::webapp_internal::wait_blocker|2444:: Waiting blocker to continue...
2025-12-05 10:04:35,620-DEBUG-root-2296::webapp_internal::wait_blocker|2469:: Blocker status: False
2025-12-05 10:04:35,786-DEBUG-root-2296::webapp_internal::wait_element_timeout|7726:: Element found! Waiting for element to be displayed.
2025-12-05 10:04:35,914-DEBUG-root-2296::base::click|192:: Click Type: ClickType.JS
2025-12-05 10:04:36,058-DEBUG-root-2296::webapp_internal::fill_grid|6577:: Sending keys: 15000
2025-12-05 10:04:36,353-DEBUG-root-2296::webapp_internal::wait_blocker|2444:: Waiting blocker to continue...
2025-12-05 10:04:36,458-DEBUG-root-2296::webapp_internal::wait_blocker|2469:: Blocker status: False
2025-12-05 10:04:36,604-DEBUG-root-2296::webapp_internal::wait_element_timeout|7726:: Element found! Waiting for element to be displayed.
2025-12-05 10:04:36,917-DEBUG-root-2296::webapp_internal::wait_blocker|2444:: Waiting blocker to continue...
2025-12-05 10:04:37,015-DEBUG-root-2296::webapp_internal::wait_blocker|2469:: Blocker status: False
2025-12-05 10:04:37,034-DEBUG-root-2296::webapp_internal::wait_blocker|2444:: Waiting blocker to continue...
2025-12-05 10:04:37,134-DEBUG-root-2296::webapp_internal::wait_blocker|2469:: Blocker status: False
2025-12-05 10:04:37,134-DEBUG-root-2296::webapp_internal::send_action|10480:: Trying to send action
2025-12-05 10:04:38,161-DEBUG-root-2296::webapp_internal::send_action|10522:: send_action method result = True
2025-12-05 10:04:38,162-DEBUG-root-2296::webapp_internal::send_action|10523:: send_action selenium status: False
2025-12-05 10:04:38,162-DEBUG-root-2296::webapp_internal::wait_blocker|2444:: Waiting blocker to continue...
2025-12-05 10:04:38,261-DEBUG-root-2296::webapp_internal::wait_blocker|2469:: Blocker status: False
2025-12-05 10:04:38,261-INFO-root-2296::webapp_internal::SetKey|5822:: Key pressed: TAB
2025-12-05 10:04:38,262-DEBUG-root-2296::webapp_internal::SetKey|5857:: Trying press key
2025-12-05 10:04:38,262-DEBUG-root-2296::webapp_internal::wait_element|7623:: Waiting for element
2025-12-05 10:04:38,318-DEBUG-root-2296::webapp_internal::wait_element|7653:: Element found! Waiting for element to be displayed.
2025-12-05 10:04:38,524-DEBUG-root-2296::webapp_internal::wait_blocker|2444:: Waiting blocker to continue...
2025-12-05 10:04:38,620-DEBUG-root-2296::webapp_internal::wait_blocker|2469:: Blocker status: False
2025-12-05 10:04:38,621-INFO-root-2296::webapp_internal::LoadGrid|6298:: Filling grid field: Motivo
2025-12-05 10:04:38,621-DEBUG-root-2296::webapp_internal::fill_grid|6399:: Grid loading...
2025-12-05 10:04:38,698-DEBUG-root-2296::webapp_internal::fill_grid|6466:: Column found!
2025-12-05 10:04:38,724-DEBUG-root-2296::base::click|192:: Click Type: ClickType.ACTIONCHAINS
2025-12-05 10:04:44,153-DEBUG-root-2296::webapp_internal::fill_grid|6498:: Trying open cell in grid!
2025-12-05 10:04:44,437-DEBUG-root-2296::webapp_internal::wait_blocker|2444:: Waiting blocker to continue...
2025-12-05 10:04:44,559-DEBUG-root-2296::webapp_internal::wait_blocker|2469:: Blocker status: False
2025-12-05 10:04:44,723-DEBUG-root-2296::webapp_internal::wait_element_timeout|7726:: Element found! Waiting for element to be displayed.
2025-12-05 10:04:44,974-DEBUG-root-2296::webapp_internal::fill_grid|6577:: Sending keys: USO PARA TESTE AUTOMATIZADO
2025-12-05 10:04:45,293-DEBUG-root-2296::webapp_internal::wait_blocker|2444:: Waiting blocker to continue...
2025-12-05 10:04:45,393-DEBUG-root-2296::webapp_internal::wait_blocker|2469:: Blocker status: False
2025-12-05 10:04:45,536-DEBUG-root-2296::webapp_internal::wait_element_timeout|7726:: Element found! Waiting for element to be displayed.
2025-12-05 10:04:45,847-DEBUG-root-2296::webapp_internal::wait_blocker|2444:: Waiting blocker to continue...
2025-12-05 10:04:45,944-DEBUG-root-2296::webapp_internal::wait_blocker|2469:: Blocker status: False
2025-12-05 10:04:45,962-DEBUG-root-2296::webapp_internal::wait_blocker|2444:: Waiting blocker to continue...
2025-12-05 10:04:46,061-DEBUG-root-2296::webapp_internal::wait_blocker|2469:: Blocker status: False
2025-12-05 10:04:46,062-DEBUG-root-2296::webapp_internal::send_action|10480:: Trying to send action
2025-12-05 10:04:47,088-DEBUG-root-2296::webapp_internal::send_action|10522:: send_action method result = True
2025-12-05 10:04:47,088-DEBUG-root-2296::webapp_internal::send_action|10523:: send_action selenium status: False
2025-12-05 10:04:47,088-INFO-root-2296::webapp_internal::SetButton|4444:: Clicking on Confirmar
2025-12-05 10:04:47,089-DEBUG-root-2296::webapp_internal::wait_blocker|2444:: Waiting blocker to continue...
2025-12-05 10:04:47,241-DEBUG-root-2296::webapp_internal::wait_blocker|2469:: Blocker status: False
2025-12-05 10:04:47,561-DEBUG-root-2296::webapp_internal::wait_element_timeout|7726:: Element found! Waiting for element to be displayed.
2025-12-05 10:04:47,747-DEBUG-root-2296::webapp_internal::SetButton|4481:: ***System Info*** Before Clicking on button:Confirmar
2025-12-05 10:04:47,747-DEBUG-root-2296::psutil_info::system_info|5:: CPU USAGE: 7.6%
2025-12-05 10:04:47,748-DEBUG-root-2296::psutil_info::system_info|6:: MEMORY USAGE: 88.2%
2025-12-05 10:04:47,748-DEBUG-root-2296::psutil_info::system_info|7:: MEMORY AVAILABLE: 11.78%
2025-12-05 10:04:48,028-DEBUG-root-2296::webapp_internal::wait_element_timeout|7726:: Element found! Waiting for element to be displayed.
2025-12-05 10:04:48,258-DEBUG-root-2296::webapp_internal::wait_blocker|2444:: Waiting blocker to continue...
2025-12-05 10:04:48,353-DEBUG-root-2296::webapp_internal::wait_blocker|2469:: Blocker status: False
2025-12-05 10:04:48,379-DEBUG-root-2296::webapp_internal::wait_blocker|2444:: Waiting blocker to continue...
2025-12-05 10:04:48,482-DEBUG-root-2296::webapp_internal::wait_blocker|2469:: Blocker status: False
2025-12-05 10:04:48,482-DEBUG-root-2296::webapp_internal::send_action|10480:: Trying to send action
2025-12-05 10:04:48,484-DEBUG-root-2296::base::click|192:: Click Type: ClickType.JS
2025-12-05 10:04:49,536-DEBUG-root-2296::webapp_internal::send_action|10522:: send_action method result = True
2025-12-05 10:04:49,537-DEBUG-root-2296::webapp_internal::send_action|10523:: send_action selenium status: False
2025-12-05 10:04:49,537-DEBUG-root-2296::webapp_internal::SetButton|4683:: ***System Info*** After Clicking on button:
2025-12-05 10:04:49,537-DEBUG-root-2296::psutil_info::system_info|5:: CPU USAGE: 7.4%
2025-12-05 10:04:49,538-DEBUG-root-2296::psutil_info::system_info|6:: MEMORY USAGE: 87.8%
2025-12-05 10:04:49,538-DEBUG-root-2296::psutil_info::system_info|7:: MEMORY AVAILABLE: 12.23%
2025-12-05 10:04:49,538-INFO-root-2296::webapp_internal::WaitShow|4980:: Waiting show text 'Registro inserido com sucesso.'...
2025-12-05 10:04:49,599-INFO-root-2296::webapp_internal::WaitShow|4996:: Text found! 
2025-12-05 10:04:49,599-INFO-root-2296::webapp_internal::SetButton|4444:: Clicking on Fechar
2025-12-05 10:04:49,599-DEBUG-root-2296::webapp_internal::wait_blocker|2444:: Waiting blocker to continue...
2025-12-05 10:04:49,703-DEBUG-root-2296::webapp_internal::wait_blocker|2469:: Blocker status: False
2025-12-05 10:04:49,916-DEBUG-root-2296::webapp_internal::wait_element_timeout|7726:: Element found! Waiting for element to be displayed.
2025-12-05 10:04:50,009-DEBUG-root-2296::webapp_internal::SetButton|4481:: ***System Info*** Before Clicking on button:Fechar
2025-12-05 10:04:50,009-DEBUG-root-2296::psutil_info::system_info|5:: CPU USAGE: 14.7%
2025-12-05 10:04:50,009-DEBUG-root-2296::psutil_info::system_info|6:: MEMORY USAGE: 88.0%
2025-12-05 10:04:50,010-DEBUG-root-2296::psutil_info::system_info|7:: MEMORY AVAILABLE: 12.01%
2025-12-05 10:04:50,194-DEBUG-root-2296::webapp_internal::wait_element_timeout|7726:: Element found! Waiting for element to be displayed.
2025-12-05 10:04:50,342-DEBUG-root-2296::webapp_internal::wait_blocker|2444:: Waiting blocker to continue...
2025-12-05 10:04:50,446-DEBUG-root-2296::webapp_internal::wait_blocker|2469:: Blocker status: False
2025-12-05 10:04:50,474-DEBUG-root-2296::webapp_internal::wait_blocker|2444:: Waiting blocker to continue...
2025-12-05 10:04:50,597-DEBUG-root-2296::webapp_internal::wait_blocker|2469:: Blocker status: False
2025-12-05 10:04:50,597-DEBUG-root-2296::webapp_internal::send_action|10480:: Trying to send action
2025-12-05 10:04:50,600-DEBUG-root-2296::base::click|192:: Click Type: ClickType.JS
2025-12-05 10:04:51,996-DEBUG-root-2296::webapp_internal::send_action|10522:: send_action method result = True
2025-12-05 10:04:51,996-DEBUG-root-2296::webapp_internal::send_action|10523:: send_action selenium status: True
2025-12-05 10:04:51,996-DEBUG-root-2296::webapp_internal::SetButton|4683:: ***System Info*** After Clicking on button:
2025-12-05 10:04:51,997-DEBUG-root-2296::psutil_info::system_info|5:: CPU USAGE: 8.8%
2025-12-05 10:04:51,997-DEBUG-root-2296::psutil_info::system_info|6:: MEMORY USAGE: 87.8%
2025-12-05 10:04:51,997-DEBUG-root-2296::psutil_info::system_info|7:: MEMORY AVAILABLE: 12.23%
2025-12-05 10:04:51,997-INFO-root-2296::webapp_internal::WaitShow|4980:: Waiting show text 'Centro de Custo vs Orçamento'...
2025-12-05 10:04:52,069-INFO-root-2296::webapp_internal::WaitShow|4996:: Text found! 
2025-12-05 10:04:52,270-INFO-root-2296::webapp_internal::SetButton|4444:: Clicking on Outras Ações
2025-12-05 10:04:52,270-DEBUG-root-2296::webapp_internal::wait_blocker|2444:: Waiting blocker to continue...
2025-12-05 10:04:52,356-DEBUG-root-2296::webapp_internal::wait_blocker|2469:: Blocker status: False
2025-12-05 10:04:52,689-DEBUG-root-2296::webapp_internal::wait_element_timeout|7726:: Element found! Waiting for element to be displayed.
2025-12-05 10:04:52,897-DEBUG-root-2296::webapp_internal::SetButton|4481:: ***System Info*** Before Clicking on button:Outras Ações
2025-12-05 10:04:52,898-DEBUG-root-2296::psutil_info::system_info|5:: CPU USAGE: 11.6%
2025-12-05 10:04:52,898-DEBUG-root-2296::psutil_info::system_info|6:: MEMORY USAGE: 88.0%
2025-12-05 10:04:52,899-DEBUG-root-2296::psutil_info::system_info|7:: MEMORY AVAILABLE: 12.0%
2025-12-05 10:04:53,235-DEBUG-root-2296::webapp_internal::wait_element_timeout|7726:: Element found! Waiting for element to be displayed.
2025-12-05 10:04:53,543-DEBUG-root-2296::webapp_internal::wait_blocker|2444:: Waiting blocker to continue...
2025-12-05 10:04:53,636-DEBUG-root-2296::webapp_internal::wait_blocker|2469:: Blocker status: False
2025-12-05 10:04:53,657-DEBUG-root-2296::webapp_internal::wait_blocker|2444:: Waiting blocker to continue...
2025-12-05 10:04:53,747-DEBUG-root-2296::webapp_internal::wait_blocker|2469:: Blocker status: False
2025-12-05 10:04:53,747-DEBUG-root-2296::webapp_internal::send_action|10480:: Trying to send action
2025-12-05 10:04:53,749-DEBUG-root-2296::base::click|192:: Click Type: ClickType.JS
2025-12-05 10:04:54,786-DEBUG-root-2296::webapp_internal::send_action|10522:: send_action method result = True
2025-12-05 10:04:54,786-DEBUG-root-2296::webapp_internal::send_action|10523:: send_action selenium status: True
2025-12-05 10:04:54,914-DEBUG-root-2296::webapp_internal::wait_element_timeout|7726:: Element found! Waiting for element to be displayed.
2025-12-05 10:04:54,986-INFO-root-2296::webapp_internal::SetButton|4588:: Clicking on Visualizar
2025-12-05 10:04:55,114-DEBUG-root-2296::webapp_internal::wait_element_timeout|7726:: Element found! Waiting for element to be displayed.
2025-12-05 10:04:55,234-DEBUG-root-2296::base::click|192:: Click Type: ClickType.JS
2025-12-05 10:04:55,244-DEBUG-root-2296::webapp_internal::SetButton|4683:: ***System Info*** After Clicking on button:
2025-12-05 10:04:55,244-DEBUG-root-2296::psutil_info::system_info|5:: CPU USAGE: 8.7%
2025-12-05 10:04:55,245-DEBUG-root-2296::psutil_info::system_info|6:: MEMORY USAGE: 88.1%
2025-12-05 10:04:55,245-DEBUG-root-2296::psutil_info::system_info|7:: MEMORY AVAILABLE: 11.92%
2025-12-05 10:04:55,245-INFO-root-2296::webapp_internal::WaitShow|4980:: Waiting show text 'odelo de Dados do Cadastro Centro de Custo vs Orçamento - VISUALIZAR'...
2025-12-05 10:04:55,991-INFO-root-2296::webapp_internal::WaitShow|4996:: Text found! 
2025-12-05 10:04:55,991-INFO-root-2296::webapp_internal::SetButton|4444:: Clicking on Fechar
2025-12-05 10:04:55,991-DEBUG-root-2296::webapp_internal::wait_blocker|2444:: Waiting blocker to continue...
2025-12-05 10:04:56,091-DEBUG-root-2296::webapp_internal::wait_blocker|2469:: Blocker status: False
2025-12-05 10:04:56,362-DEBUG-root-2296::webapp_internal::wait_element_timeout|7726:: Element found! Waiting for element to be displayed.
2025-12-05 10:04:56,512-DEBUG-root-2296::webapp_internal::SetButton|4481:: ***System Info*** Before Clicking on button:Fechar
2025-12-05 10:04:56,513-DEBUG-root-2296::psutil_info::system_info|5:: CPU USAGE: 10.2%
2025-12-05 10:04:56,513-DEBUG-root-2296::psutil_info::system_info|6:: MEMORY USAGE: 88.2%
2025-12-05 10:04:56,513-DEBUG-root-2296::psutil_info::system_info|7:: MEMORY AVAILABLE: 11.82%
2025-12-05 10:04:56,760-DEBUG-root-2296::webapp_internal::wait_element_timeout|7726:: Element found! Waiting for element to be displayed.
2025-12-05 10:04:56,952-DEBUG-root-2296::webapp_internal::wait_blocker|2444:: Waiting blocker to continue...
2025-12-05 10:04:57,050-DEBUG-root-2296::webapp_internal::wait_blocker|2469:: Blocker status: False
2025-12-05 10:04:57,074-DEBUG-root-2296::webapp_internal::wait_blocker|2444:: Waiting blocker to continue...
2025-12-05 10:04:57,169-DEBUG-root-2296::webapp_internal::wait_blocker|2469:: Blocker status: False
2025-12-05 10:04:57,169-DEBUG-root-2296::webapp_internal::send_action|10480:: Trying to send action
2025-12-05 10:04:57,172-DEBUG-root-2296::base::click|192:: Click Type: ClickType.JS
2025-12-05 10:04:58,568-DEBUG-root-2296::webapp_internal::send_action|10522:: send_action method result = True
2025-12-05 10:04:58,569-DEBUG-root-2296::webapp_internal::send_action|10523:: send_action selenium status: True
2025-12-05 10:04:58,569-DEBUG-root-2296::webapp_internal::SetButton|4683:: ***System Info*** After Clicking on button:
2025-12-05 10:04:58,569-DEBUG-root-2296::psutil_info::system_info|5:: CPU USAGE: 7.6%
2025-12-05 10:04:58,569-DEBUG-root-2296::psutil_info::system_info|6:: MEMORY USAGE: 88.3%
2025-12-05 10:04:58,570-DEBUG-root-2296::psutil_info::system_info|7:: MEMORY AVAILABLE: 11.71%
2025-12-05 10:04:58,570-INFO-root-2296::webapp_internal::WaitShow|4980:: Waiting show text 'Centro de Custo vs Orçamento'...
2025-12-05 10:04:58,625-INFO-root-2296::webapp_internal::WaitShow|4996:: Text found! 
2025-12-05 10:04:58,625-INFO-root-2296::webapp_internal::SetButton|4444:: Clicking on Alterar
2025-12-05 10:04:58,625-DEBUG-root-2296::webapp_internal::wait_blocker|2444:: Waiting blocker to continue...
2025-12-05 10:04:58,711-DEBUG-root-2296::webapp_internal::wait_blocker|2469:: Blocker status: False
2025-12-05 10:04:59,042-DEBUG-root-2296::webapp_internal::wait_element_timeout|7726:: Element found! Waiting for element to be displayed.
2025-12-05 10:04:59,258-DEBUG-root-2296::webapp_internal::SetButton|4481:: ***System Info*** Before Clicking on button:Alterar
2025-12-05 10:04:59,259-DEBUG-root-2296::psutil_info::system_info|5:: CPU USAGE: 12.3%
2025-12-05 10:04:59,259-DEBUG-root-2296::psutil_info::system_info|6:: MEMORY USAGE: 88.4%
2025-12-05 10:04:59,260-DEBUG-root-2296::psutil_info::system_info|7:: MEMORY AVAILABLE: 11.58%
2025-12-05 10:04:59,579-DEBUG-root-2296::webapp_internal::wait_element_timeout|7726:: Element found! Waiting for element to be displayed.
2025-12-05 10:04:59,846-DEBUG-root-2296::webapp_internal::wait_blocker|2444:: Waiting blocker to continue...
2025-12-05 10:04:59,930-DEBUG-root-2296::webapp_internal::wait_blocker|2469:: Blocker status: False
2025-12-05 10:04:59,952-DEBUG-root-2296::webapp_internal::wait_blocker|2444:: Waiting blocker to continue...
2025-12-05 10:05:00,061-DEBUG-root-2296::webapp_internal::wait_blocker|2469:: Blocker status: False
2025-12-05 10:05:00,061-DEBUG-root-2296::webapp_internal::send_action|10480:: Trying to send action
2025-12-05 10:05:00,064-DEBUG-root-2296::base::click|192:: Click Type: ClickType.JS
2025-12-05 10:05:01,129-DEBUG-root-2296::webapp_internal::send_action|10522:: send_action method result = True
2025-12-05 10:05:01,129-DEBUG-root-2296::webapp_internal::send_action|10523:: send_action selenium status: True
2025-12-05 10:05:01,129-DEBUG-root-2296::webapp_internal::SetButton|4683:: ***System Info*** After Clicking on button:
2025-12-05 10:05:01,129-DEBUG-root-2296::psutil_info::system_info|5:: CPU USAGE: 8.6%
2025-12-05 10:05:01,130-DEBUG-root-2296::psutil_info::system_info|6:: MEMORY USAGE: 88.2%
2025-12-05 10:05:01,130-DEBUG-root-2296::psutil_info::system_info|7:: MEMORY AVAILABLE: 11.8%
2025-12-05 10:05:01,130-INFO-root-2296::webapp_internal::WaitShow|4980:: Waiting show text 'Modelo de Dados do Cadastro Centro de Custo vs Orçamento - ALTERAR'...
2025-12-05 10:05:01,250-INFO-root-2296::webapp_internal::WaitShow|4996:: Text found! 
2025-12-05 10:05:01,250-INFO-root-2296::webapp_internal::WaitShow|4980:: Waiting show text 'Centro de Custo vs Valor'...
2025-12-05 10:05:01,375-INFO-root-2296::webapp_internal::WaitShow|4996:: Text found! 
2025-12-05 10:05:01,375-DEBUG-root-2296::webapp_internal::wait_blocker|2444:: Waiting blocker to continue...
2025-12-05 10:05:01,484-DEBUG-root-2296::webapp_internal::wait_blocker|2469:: Blocker status: False
2025-12-05 10:05:01,484-INFO-root-2296::webapp_internal::SetKey|5822:: Key pressed: TAB
2025-12-05 10:05:01,484-DEBUG-root-2296::webapp_internal::SetKey|5857:: Trying press key
2025-12-05 10:05:01,484-DEBUG-root-2296::webapp_internal::wait_element|7623:: Waiting for element
2025-12-05 10:05:01,542-DEBUG-root-2296::webapp_internal::wait_element|7653:: Element found! Waiting for element to be displayed.
2025-12-05 10:05:01,740-DEBUG-root-2296::webapp_internal::wait_blocker|2444:: Waiting blocker to continue...
2025-12-05 10:05:01,835-DEBUG-root-2296::webapp_internal::wait_blocker|2469:: Blocker status: False
2025-12-05 10:05:01,836-INFO-root-2296::webapp_internal::LoadGrid|6298:: Filling grid field: Valor
2025-12-05 10:05:01,836-DEBUG-root-2296::webapp_internal::fill_grid|6399:: Grid loading...
2025-12-05 10:05:01,900-ERROR-root-2296::webapp_internal::fill_grid|6675:: fill grid error: list index out of range
Traceback (most recent call last):
  File "C:\TIR_TESTE\venv\Lib\site-packages\tir\technologies\webapp_internal.py", line 6420, in fill_grid
    if not column_name in headers[field[2]]:
                          ~~~~~~~^^^^^^^^^^
IndexError: list index out of range
2025-12-05 10:05:01,901-WARNING-root-2296::webapp_internal::log_error|8143:: Warning log_error fill grid error: list index out of range
2025-12-05 10:05:01,901-DEBUG-root-2296::webapp_internal::log_error|8146:: ***System Info*** in log_error():
2025-12-05 10:05:01,901-DEBUG-root-2296::psutil_info::system_info|5:: CPU USAGE: 13.0%
2025-12-05 10:05:01,901-DEBUG-root-2296::psutil_info::system_info|6:: MEMORY USAGE: 87.8%
2025-12-05 10:05:01,902-DEBUG-root-2296::psutil_info::system_info|7:: MEMORY AVAILABLE: 12.25%
2025-12-05 10:05:01,919-DEBUG-root-2296::log::take_screenshot_log|612:: take_screenshot_log in:2025-12-05 10:05:01.919450

2025-12-05 10:05:02,008-DEBUG-root-2296::log::take_screenshot_log|627:: Screenshot file created successfully: Log\GESIT03\97137227104_20251205100501919_Viagem -_test_Cadastro_Orcamento_Viagem.png
2025-12-05 10:05:03,018-DEBUG-root-2296::log::checks_empty_line|221:: Checking empty default log info
2025-12-05 10:05:03,022-DEBUG-root-2296::log::generate_log|503:: Json log_data: {'cLogDtExec': '05/12/2025 10:05:03', 'cLogNomUsr': '97137227104', 'cLogNomEst': 'GESIT03', 'cLogProgra': None, 'cLogDtProg': '', 'cLogHrProg': '', 'nLogCtsOk': 0, 'nLogCtsNok': 1, 'nLogCtsSeg': 116.56, 'cLogVersao': '12', 'cLogReleas': '12.1.2410', 'nLogCtsErr': 'Viagem - fill grid error: list index out of range', 'cLogBancod': 'ORACLE', 'cLogIdenti': '', 'cLogIdExec': '20251205', 'cLogPais': 'BRA', 'cLogTool': 'TIR', 'cLogSequen': 'cbc4f1', 'nLogCtsTot': 1, 'cLogDtExea': '05/12/2025', 'cLogHrExea': '10:05:03', 'cLogArea': 'Desenvolvimento', 'cLogMnExec': 1.9426666666666668}
2025-12-05 10:05:03,022-INFO-root-2296::log::send_log_with_retries|515:: Saving log locally.
2025-12-05 10:05:03,022-INFO-root-2296::log::save_log_locally|548:: [FwSendLog]: Não foi possível enviar o log após todas as tentativas.
2025-12-05 10:05:03,024-INFO-root-2296::log::save_log_locally|555:: [FwSendLog]: Log salvo localmente em C:\TIR_TESTE\1764939903.json.
2025-12-05 10:05:04,074-ERROR-root-2296::webapp_internal::SetKey|5901:: False is not true : Viagem - fill grid error: list index out of range
Traceback (most recent call last):
  File "C:\TIR_TESTE\venv\Lib\site-packages\tir\technologies\webapp_internal.py", line 6420, in fill_grid
    if not column_name in headers[field[2]]:
                          ~~~~~~~^^^^^^^^^^
IndexError: list index out of range

During handling of the above exception, another exception occurred:

Traceback (most recent call last):
  File "C:\TIR_TESTE\venv\Lib\site-packages\tir\technologies\webapp_internal.py", line 5861, in SetKey
    self.LoadGrid()
  File "C:\TIR_TESTE\venv\Lib\site-packages\tir\technologies\webapp_internal.py", line 6301, in LoadGrid
    self.fill_grid(field, x3_dictionaries, initial_layer, duplicate_fields)
  File "C:\TIR_TESTE\venv\Lib\site-packages\tir\technologies\webapp_internal.py", line 6676, in fill_grid
    self.log_error(f'fill grid error: {str(e)}')
  File "C:\TIR_TESTE\venv\Lib\site-packages\tir\technologies\webapp_internal.py", line 8206, in log_error
    self.assertTrue(False, log_message)
  File "C:\Users\97137227104\AppData\Local\Programs\Python\Python312\Lib\unittest\case.py", line 727, in assertTrue
    raise self.failureException(msg)
AssertionError: False is not true : Viagem - fill grid error: list index out of range
2025-12-05 10:05:04,075-DEBUG-root-2296::webapp_internal::wait_blocker|2444:: Waiting blocker to continue...
2025-12-05 10:05:04,078-DEBUG-root-2296::webapp_internal::wait_blocker|2469:: Blocker status: None
2025-12-05 10:05:04,078-INFO-root-2296::webapp_internal::SetKey|5822:: Key pressed: TAB
2025-12-05 10:05:04,078-DEBUG-root-2296::webapp_internal::SetKey|5857:: Trying press key
2025-12-05 10:05:04,078-DEBUG-root-2296::webapp_internal::wait_element|7623:: Waiting for element
2025-12-05 10:05:04,080-WARNING-root-2296::webapp_internal::log_error|8143:: Warning log_error SetKey - Screen is not load: Message: Tried to run command without establishing a connection

2025-12-05 10:05:04,080-DEBUG-root-2296::webapp_internal::log_error|8146:: ***System Info*** in log_error():
2025-12-05 10:05:04,080-DEBUG-root-2296::psutil_info::system_info|5:: CPU USAGE: 13.4%
2025-12-05 10:05:04,080-DEBUG-root-2296::psutil_info::system_info|6:: MEMORY USAGE: 80.8%
2025-12-05 10:05:04,081-DEBUG-root-2296::psutil_info::system_info|7:: MEMORY AVAILABLE: 19.23%
2025-12-05 10:05:04,098-ERROR-root-2296::webapp_internal::log_error|8181:: Warning Log Error Close Message: Tried to run command without establishing a connection
Traceback (most recent call last):
  File "C:\TIR_TESTE\venv\Lib\site-packages\tir\technologies\core\base.py", line 501, in get_current_DOM
    self.driver.switch_to.default_content()
  File "C:\TIR_TESTE\venv\Lib\site-packages\selenium\webdriver\remote\switch_to.py", line 69, in default_content
    self._driver.execute(Command.SWITCH_TO_FRAME, {"id": None})
  File "C:\TIR_TESTE\venv\Lib\site-packages\selenium\webdriver\remote\webdriver.py", line 347, in execute
    self.error_handler.check_response(response)
  File "C:\TIR_TESTE\venv\Lib\site-packages\selenium\webdriver\remote\errorhandler.py", line 229, in check_response
    raise exception_class(message, screen, stacktrace)
selenium.common.exceptions.InvalidSessionIdException: Message: Tried to run command without establishing a connection


During handling of the above exception, another exception occurred:

Traceback (most recent call last):
  File "C:\TIR_TESTE\venv\Lib\site-packages\tir\technologies\webapp_internal.py", line 5861, in SetKey
    self.LoadGrid()
  File "C:\TIR_TESTE\venv\Lib\site-packages\tir\technologies\webapp_internal.py", line 6284, in LoadGrid
    self.wait_element(term=selector, scrap_type=enum.ScrapType.CSS_SELECTOR)
  File "C:\TIR_TESTE\venv\Lib\site-packages\tir\technologies\webapp_internal.py", line 7626, in wait_element
    while (not self.element_exists(term, scrap_type, position, optional_term, main_container, check_error, twebview, second_term) and time.time() < endtime):
               ^^^^^^^^^^^^^^^^^^^^^^^^^^^^^^^^^^^^^^^^^^^^^^^^^^^^^^^^^^^^^^^^^^^^^^^^^^^^^^^^^^^^^^^^^^^^^^^^^^^^^^^^^^^^^^^^^^
  File "C:\TIR_TESTE\venv\Lib\site-packages\tir\technologies\webapp_internal.py", line 4073, in element_exists
    soup = self.get_current_DOM(twebview=twebview)
           ^^^^^^^^^^^^^^^^^^^^^^^^^^^^^^^^^^^^^^^
  File "C:\TIR_TESTE\venv\Lib\site-packages\tir\technologies\core\base.py", line 538, in get_current_DOM
    self.driver.switch_to.default_content()
  File "C:\TIR_TESTE\venv\Lib\site-packages\selenium\webdriver\remote\switch_to.py", line 69, in default_content
    self._driver.execute(Command.SWITCH_TO_FRAME, {"id": None})
  File "C:\TIR_TESTE\venv\Lib\site-packages\selenium\webdriver\remote\webdriver.py", line 347, in execute
    self.error_handler.check_response(response)
  File "C:\TIR_TESTE\venv\Lib\site-packages\selenium\webdriver\remote\errorhandler.py", line 229, in check_response
    raise exception_class(message, screen, stacktrace)
selenium.common.exceptions.InvalidSessionIdException: Message: Tried to run command without establishing a connection


During handling of the above exception, another exception occurred:

Traceback (most recent call last):
  File "C:\TIR_TESTE\venv\Lib\site-packages\tir\technologies\webapp_internal.py", line 8179, in log_error
    self.driver.close()
  File "C:\TIR_TESTE\venv\Lib\site-packages\selenium\webdriver\remote\webdriver.py", line 458, in close
    self.execute(Command.CLOSE)
  File "C:\TIR_TESTE\venv\Lib\site-packages\selenium\webdriver\remote\webdriver.py", line 347, in execute
    self.error_handler.check_response(response)
  File "C:\TIR_TESTE\venv\Lib\site-packages\selenium\webdriver\remote\errorhandler.py", line 229, in check_response
    raise exception_class(message, screen, stacktrace)
selenium.common.exceptions.InvalidSessionIdException: Message: Tried to run command without establishing a connection

2025-12-05 10:05:04,577-ERROR-root-2296::webapp_internal::TearDown|9654:: Warning tearDown Close Message: Tried to run command without establishing a connection
Traceback (most recent call last):
  File "C:\TIR_TESTE\venv\Lib\site-packages\tir\technologies\webapp_internal.py", line 9652, in TearDown
    self.driver.close()
  File "C:\TIR_TESTE\venv\Lib\site-packages\selenium\webdriver\remote\webdriver.py", line 458, in close
    self.execute(Command.CLOSE)
  File "C:\TIR_TESTE\venv\Lib\site-packages\selenium\webdriver\remote\webdriver.py", line 347, in execute
    self.error_handler.check_response(response)
  File "C:\TIR_TESTE\venv\Lib\site-packages\selenium\webdriver\remote\errorhandler.py", line 229, in check_response
    raise exception_class(message, screen, stacktrace)
selenium.common.exceptions.InvalidSessionIdException: Message: Tried to run command without establishing a connection

