2025-12-15 10:17:33,732-DEBUG-root-32920::logging_config::logger|189:: Log file created: 'Log\GESIT03\TIR__20251215101733707.log'
2025-12-15 10:17:33,732-INFO-root-32920::base::Start|1183:: TIR Version: 2.4.3
2025-12-15 10:17:33,732-INFO-root-32920::base::Start|1184:: Python Version: 3.12.10
2025-12-15 10:17:33,732-INFO-root-32920::base::Start|1185:: Starting the browser
2025-12-15 10:17:41,976-INFO-root-32920::base::get_url|1294:: Page is ready!
2025-12-15 10:17:41,993-INFO-root-32920::base::Start|1256:: Browser maximized to 1936x1048
2025-12-15 10:17:41,993-INFO-root-32920::base::Start|1258:: Screen size is different from default used in headless mode
2025-12-15 10:17:42,192-INFO-root-32920::webapp_internal::Setup|247:: ***System Info*** in Setup():
2025-12-15 10:17:42,193-DEBUG-root-32920::psutil_info::system_info|5:: CPU USAGE: 22.7%
2025-12-15 10:17:42,193-DEBUG-root-32920::psutil_info::system_info|6:: MEMORY USAGE: 90.2%
2025-12-15 10:17:42,193-DEBUG-root-32920::psutil_info::system_info|7:: MEMORY AVAILABLE: 9.77%
2025-12-15 10:17:42,218-INFO-root-32920::base::webapp_shadowroot|1394:: Webapp: 10.1.6-RC4
2025-12-15 10:17:42,293-INFO-root-32920::webapp_internal::filling_initial_program|449:: Filling Initial Program: "SIGAMDI"
2025-12-15 10:17:42,293-DEBUG-root-32920::webapp_internal::wait_element|7623:: Waiting for element
2025-12-15 10:17:42,331-DEBUG-root-32920::webapp_internal::wait_element|7653:: Element found! Waiting for element to be displayed.
2025-12-15 10:17:42,503-DEBUG-root-32920::base::click|192:: Click Type: ClickType.JS
2025-12-15 10:17:42,509-DEBUG-root-32920::webapp_internal::try_send_keys|7976:: Trying to send keys to element using technique 0
2025-12-15 10:17:42,902-DEBUG-root-32920::webapp_internal::get_web_value|3232:: Current value: SIGAMDI
2025-12-15 10:17:42,902-INFO-root-32920::webapp_internal::filling_server_environment|463:: Filling Server Environment: "POUPEX_TST"
2025-12-15 10:17:42,902-DEBUG-root-32920::webapp_internal::wait_element|7623:: Waiting for element
2025-12-15 10:17:42,951-DEBUG-root-32920::webapp_internal::wait_element|7653:: Element found! Waiting for element to be displayed.
2025-12-15 10:17:43,360-DEBUG-root-32920::base::click|192:: Click Type: ClickType.JS
2025-12-15 10:17:43,482-DEBUG-root-32920::webapp_internal::try_send_keys|7976:: Trying to send keys to element using technique 0
2025-12-15 10:17:44,002-DEBUG-root-32920::webapp_internal::get_web_value|3232:: Current value: POUPEX_TST
2025-12-15 10:17:44,035-DEBUG-root-32920::base::click|192:: Click Type: ClickType.JS
2025-12-15 10:17:44,054-DEBUG-root-32920::webapp_internal::user_screen|519:: Filling user screen
2025-12-15 10:17:50,866-DEBUG-root-32920::base::scroll_to_element|759:: ********Warining scroll_to_element exception: Message: TypeError: can't access property "scrollIntoView", arguments[0] is null
Stacktrace:
@https://qasrverp:10020/webapp/:2:7
@https://qasrverp:10020/webapp/:3:8
*********
2025-12-15 10:17:50,899-DEBUG-root-32920::webapp_internal::wait_element_timeout|7726:: Element found! Waiting for element to be displayed.
2025-12-15 10:17:50,969-DEBUG-root-32920::base::scroll_to_element|759:: ********Warining scroll_to_element exception: Message: TypeError: can't access property "scrollIntoView", arguments[0] is null
Stacktrace:
@https://qasrverp:10020/webapp/:2:7
@https://qasrverp:10020/webapp/:3:8
*********
2025-12-15 10:17:51,105-INFO-root-32920::webapp_internal::user_screen|561:: Filling User
2025-12-15 10:17:51,129-DEBUG-root-32920::base::double_click|259:: Click Type: ClickType.SELENIUM
2025-12-15 10:17:51,314-DEBUG-root-32920::webapp_internal::get_web_value|3232:: Current value: 97137227104
2025-12-15 10:17:51,336-INFO-root-32920::webapp_internal::user_screen|621:: Filling Password
2025-12-15 10:17:51,362-DEBUG-root-32920::base::click|192:: Click Type: ClickType.JS
2025-12-15 10:17:51,433-DEBUG-root-32920::webapp_internal::get_web_value|3232:: Current value: Deire20191817+
2025-12-15 10:17:51,433-DEBUG-root-32920::webapp_internal::wait_blocker|2444:: Waiting blocker to continue...
2025-12-15 10:17:51,462-DEBUG-root-32920::webapp_internal::wait_blocker|2469:: Blocker status: None
2025-12-15 10:17:51,484-DEBUG-root-32920::webapp_internal::wait_blocker|2444:: Waiting blocker to continue...
2025-12-15 10:17:51,511-DEBUG-root-32920::webapp_internal::wait_blocker|2469:: Blocker status: None
2025-12-15 10:17:51,550-DEBUG-root-32920::webapp_internal::wait_blocker|2444:: Waiting blocker to continue...
2025-12-15 10:17:51,578-DEBUG-root-32920::webapp_internal::wait_blocker|2469:: Blocker status: None
2025-12-15 10:17:51,579-DEBUG-root-32920::webapp_internal::send_action|10480:: Trying to send action
2025-12-15 10:17:51,584-DEBUG-root-32920::base::click|192:: Click Type: ClickType.JS
2025-12-15 10:17:52,628-DEBUG-root-32920::webapp_internal::send_action|10522:: send_action method result = True
2025-12-15 10:17:52,628-DEBUG-root-32920::webapp_internal::send_action|10523:: send_action selenium status: False
2025-12-15 10:17:54,973-DEBUG-root-32920::base::scroll_to_element|759:: ********Warining scroll_to_element exception: Message: TypeError: can't access property "scrollIntoView", arguments[0] is null
Stacktrace:
@https://qasrverp:10020/webapp/:2:7
@https://qasrverp:10020/webapp/:3:8
*********
2025-12-15 10:17:55,032-INFO-root-32920::webapp_internal::filling_date|885:: Filling Date: "15/12/2025"
2025-12-15 10:17:55,032-DEBUG-root-32920::webapp_internal::wait_blocker|2444:: Waiting blocker to continue...
2025-12-15 10:17:55,070-DEBUG-root-32920::webapp_internal::wait_blocker|2469:: Blocker status: None
2025-12-15 10:17:55,073-DEBUG-root-32920::base::click|192:: Click Type: ClickType.JS
2025-12-15 10:17:55,099-DEBUG-root-32920::webapp_internal::try_send_keys|7976:: Trying to send keys to element using technique 1
2025-12-15 10:17:55,170-DEBUG-root-32920::webapp_internal::get_web_value|3232:: Current value: 15/12/2025
2025-12-15 10:17:56,267-INFO-root-32920::webapp_internal::filling_group|955:: Filling Group: "02"
2025-12-15 10:17:56,267-DEBUG-root-32920::webapp_internal::wait_blocker|2444:: Waiting blocker to continue...
2025-12-15 10:17:56,301-DEBUG-root-32920::webapp_internal::wait_blocker|2469:: Blocker status: None
2025-12-15 10:17:56,305-DEBUG-root-32920::base::click|192:: Click Type: ClickType.JS
2025-12-15 10:17:56,360-DEBUG-root-32920::webapp_internal::get_web_value|3232:: Current value: 02
2025-12-15 10:17:57,424-INFO-root-32920::webapp_internal::filling_branch|1047:: Filling Branch: "02DF0001"
2025-12-15 10:17:57,424-DEBUG-root-32920::webapp_internal::wait_blocker|2444:: Waiting blocker to continue...
2025-12-15 10:17:57,461-DEBUG-root-32920::webapp_internal::wait_blocker|2469:: Blocker status: None
2025-12-15 10:17:57,464-DEBUG-root-32920::base::click|192:: Click Type: ClickType.JS
2025-12-15 10:17:57,524-DEBUG-root-32920::webapp_internal::get_web_value|3232:: Current value: 02DF0001
2025-12-15 10:17:58,612-INFO-root-32920::webapp_internal::filling_environment|1113:: Filling Environment: "07"
2025-12-15 10:17:58,613-DEBUG-root-32920::webapp_internal::wait_blocker|2444:: Waiting blocker to continue...
2025-12-15 10:17:58,647-DEBUG-root-32920::webapp_internal::wait_blocker|2469:: Blocker status: None
2025-12-15 10:17:58,650-DEBUG-root-32920::base::click|192:: Click Type: ClickType.JS
2025-12-15 10:17:58,708-DEBUG-root-32920::webapp_internal::get_web_value|3232:: Current value: 07
2025-12-15 10:17:59,716-DEBUG-root-32920::webapp_internal::close_warning_screen|1489:: Closing warning screen!
2025-12-15 10:18:00,752-DEBUG-root-32920::webapp_internal::check_screen_element|1291:: Checking screen element: "Atenção": False
2025-12-15 10:18:01,863-INFO-root-32920::webapp_internal::environment_screen|796:: Clicking on Button
2025-12-15 10:18:01,864-DEBUG-root-32920::webapp_internal::wait_blocker|2444:: Waiting blocker to continue...
2025-12-15 10:18:01,900-DEBUG-root-32920::webapp_internal::wait_blocker|2469:: Blocker status: None
2025-12-15 10:18:01,903-DEBUG-root-32920::base::click|192:: Click Type: ClickType.JS
2025-12-15 10:18:02,914-DEBUG-root-32920::base::click|192:: Click Type: ClickType.JS
2025-12-15 10:18:03,923-DEBUG-root-32920::base::click|192:: Click Type: ClickType.JS
2025-12-15 10:18:04,931-DEBUG-root-32920::base::click|192:: Click Type: ClickType.JS
2025-12-15 10:18:05,940-DEBUG-root-32920::base::click|192:: Click Type: ClickType.JS
2025-12-15 10:18:06,948-DEBUG-root-32920::base::click|192:: Click Type: ClickType.JS
2025-12-15 10:18:07,957-DEBUG-root-32920::webapp_internal::close_screen_before_menu|368:: Closing screen before the menu
2025-12-15 10:18:08,005-DEBUG-root-32920::webapp_internal::close_warning_screen|1489:: Closing warning screen!
2025-12-15 10:18:09,046-DEBUG-root-32920::webapp_internal::check_screen_element|1291:: Checking screen element: "Atenção": False
2025-12-15 10:18:09,047-DEBUG-root-32920::webapp_internal::close_coin_screen|1424:: Closing coin screen!
2025-12-15 10:18:09,602-DEBUG-root-32920::base::click|192:: Click Type: ClickType.JS
2025-12-15 10:18:09,660-DEBUG-root-32920::webapp_internal::close_warning_screen|1489:: Closing warning screen!
2025-12-15 10:18:10,711-DEBUG-root-32920::webapp_internal::check_screen_element|1291:: Checking screen element: "Atenção": False
2025-12-15 10:18:10,711-DEBUG-root-32920::webapp_internal::close_coin_screen|1424:: Closing coin screen!
2025-12-15 10:18:10,814-INFO-root-32920::webapp_internal::set_log_info|1623:: Getting log info
2025-12-15 10:18:10,814-INFO-root-32920::webapp_internal::SetLateralMenu|4184:: Navigating lateral menu: Ajuda > Sobre
2025-12-15 10:18:10,827-DEBUG-root-32920::webapp_internal::wait_element|7623:: Waiting for element
2025-12-15 10:18:10,872-DEBUG-root-32920::webapp_internal::wait_element|7653:: Element found! Waiting for element to be displayed.
2025-12-15 10:18:11,032-INFO-root-32920::webapp_internal::SetLateralMenu|4203:: Menu item: "Ajuda"
2025-12-15 10:18:11,032-DEBUG-root-32920::webapp_internal::wait_blocker|2444:: Waiting blocker to continue...
2025-12-15 10:18:11,102-DEBUG-root-32920::webapp_internal::wait_blocker|2469:: Blocker status: False
2025-12-15 10:18:11,442-DEBUG-root-32920::webapp_internal::wait_element_timeout|7726:: Element found! Waiting for element to be displayed.
2025-12-15 10:18:11,768-DEBUG-root-32920::webapp_internal::wait_blocker|2444:: Waiting blocker to continue...
2025-12-15 10:18:11,833-DEBUG-root-32920::webapp_internal::wait_blocker|2469:: Blocker status: False
2025-12-15 10:18:14,127-INFO-root-32920::webapp_internal::SetLateralMenu|4203:: Menu item: "Sobre"
2025-12-15 10:18:14,127-DEBUG-root-32920::webapp_internal::wait_blocker|2444:: Waiting blocker to continue...
2025-12-15 10:18:14,189-DEBUG-root-32920::webapp_internal::wait_blocker|2469:: Blocker status: False
2025-12-15 10:18:14,591-DEBUG-root-32920::webapp_internal::wait_element_timeout|7726:: Element found! Waiting for element to be displayed.
2025-12-15 10:18:14,944-DEBUG-root-32920::webapp_internal::wait_blocker|2444:: Waiting blocker to continue...
2025-12-15 10:18:15,010-DEBUG-root-32920::webapp_internal::wait_blocker|2469:: Blocker status: False
2025-12-15 10:18:17,642-DEBUG-root-32920::webapp_internal::wait_blocker|2444:: Waiting blocker to continue...
2025-12-15 10:18:17,714-DEBUG-root-32920::webapp_internal::wait_blocker|2469:: Blocker status: False
2025-12-15 10:18:17,793-DEBUG-root-32920::webapp_internal::wait_element|7623:: Waiting for element
2025-12-15 10:18:17,839-DEBUG-root-32920::webapp_internal::wait_element|7653:: Element found! Waiting for element to be displayed.
2025-12-15 10:18:18,011-INFO-root-32920::webapp_internal::SetButton|4444:: Clicking on Fechar
2025-12-15 10:18:18,011-DEBUG-root-32920::webapp_internal::wait_blocker|2444:: Waiting blocker to continue...
2025-12-15 10:18:18,087-DEBUG-root-32920::webapp_internal::wait_blocker|2469:: Blocker status: False
2025-12-15 10:18:18,269-DEBUG-root-32920::webapp_internal::wait_element_timeout|7726:: Element found! Waiting for element to be displayed.
2025-12-15 10:18:18,347-DEBUG-root-32920::webapp_internal::SetButton|4481:: ***System Info*** Before Clicking on button:Fechar
2025-12-15 10:18:18,347-DEBUG-root-32920::psutil_info::system_info|5:: CPU USAGE: 10.1%
2025-12-15 10:18:18,348-DEBUG-root-32920::psutil_info::system_info|6:: MEMORY USAGE: 90.7%
2025-12-15 10:18:18,349-DEBUG-root-32920::psutil_info::system_info|7:: MEMORY AVAILABLE: 9.3%
2025-12-15 10:18:18,517-DEBUG-root-32920::webapp_internal::wait_element_timeout|7726:: Element found! Waiting for element to be displayed.
2025-12-15 10:18:18,624-DEBUG-root-32920::webapp_internal::wait_blocker|2444:: Waiting blocker to continue...
2025-12-15 10:18:18,697-DEBUG-root-32920::webapp_internal::wait_blocker|2469:: Blocker status: False
2025-12-15 10:18:18,715-DEBUG-root-32920::webapp_internal::wait_blocker|2444:: Waiting blocker to continue...
2025-12-15 10:18:18,791-DEBUG-root-32920::webapp_internal::wait_blocker|2469:: Blocker status: False
2025-12-15 10:18:18,791-DEBUG-root-32920::webapp_internal::send_action|10480:: Trying to send action
2025-12-15 10:18:18,794-DEBUG-root-32920::base::click|192:: Click Type: ClickType.JS
2025-12-15 10:18:19,829-DEBUG-root-32920::webapp_internal::send_action|10522:: send_action method result = True
2025-12-15 10:18:19,829-DEBUG-root-32920::webapp_internal::send_action|10523:: send_action selenium status: False
2025-12-15 10:18:19,830-DEBUG-root-32920::webapp_internal::SetButton|4683:: ***System Info*** After Clicking on button:
2025-12-15 10:18:19,830-DEBUG-root-32920::psutil_info::system_info|5:: CPU USAGE: 7.7%
2025-12-15 10:18:19,830-DEBUG-root-32920::psutil_info::system_info|6:: MEMORY USAGE: 90.9%
2025-12-15 10:18:19,831-DEBUG-root-32920::psutil_info::system_info|7:: MEMORY AVAILABLE: 9.1%
2025-12-15 10:18:19,831-DEBUG-root-32920::webapp_internal::wait_element|7623:: Waiting for element
2025-12-15 10:18:19,964-INFO-root-32920::webapp_internal::SetLateralMenu|4184:: Navigating lateral menu: Atualizações > Gestao de Viagens > Solicitações
2025-12-15 10:18:19,974-DEBUG-root-32920::webapp_internal::wait_element|7623:: Waiting for element
2025-12-15 10:18:20,010-DEBUG-root-32920::webapp_internal::wait_element|7653:: Element found! Waiting for element to be displayed.
2025-12-15 10:18:20,173-INFO-root-32920::webapp_internal::SetLateralMenu|4203:: Menu item: "Atualizações"
2025-12-15 10:18:20,174-DEBUG-root-32920::webapp_internal::wait_blocker|2444:: Waiting blocker to continue...
2025-12-15 10:18:20,237-DEBUG-root-32920::webapp_internal::wait_blocker|2469:: Blocker status: False
2025-12-15 10:18:20,644-DEBUG-root-32920::webapp_internal::wait_element_timeout|7726:: Element found! Waiting for element to be displayed.
2025-12-15 10:18:20,992-DEBUG-root-32920::webapp_internal::wait_blocker|2444:: Waiting blocker to continue...
2025-12-15 10:18:21,054-DEBUG-root-32920::webapp_internal::wait_blocker|2469:: Blocker status: False
2025-12-15 10:18:23,347-INFO-root-32920::webapp_internal::SetLateralMenu|4203:: Menu item: "Gestao de Viagens"
2025-12-15 10:18:23,348-DEBUG-root-32920::webapp_internal::wait_blocker|2444:: Waiting blocker to continue...
2025-12-15 10:18:23,446-DEBUG-root-32920::webapp_internal::wait_blocker|2469:: Blocker status: False
2025-12-15 10:18:24,227-DEBUG-root-32920::webapp_internal::wait_element_timeout|7726:: Element found! Waiting for element to be displayed.
2025-12-15 10:18:24,953-DEBUG-root-32920::webapp_internal::wait_blocker|2444:: Waiting blocker to continue...
2025-12-15 10:18:25,052-DEBUG-root-32920::webapp_internal::wait_blocker|2469:: Blocker status: False
2025-12-15 10:18:27,353-INFO-root-32920::webapp_internal::SetLateralMenu|4203:: Menu item: "Solicitações"
2025-12-15 10:18:27,353-DEBUG-root-32920::webapp_internal::wait_blocker|2444:: Waiting blocker to continue...
2025-12-15 10:18:27,432-DEBUG-root-32920::webapp_internal::wait_blocker|2469:: Blocker status: False
2025-12-15 10:18:28,357-DEBUG-root-32920::webapp_internal::wait_element_timeout|7726:: Element found! Waiting for element to be displayed.
2025-12-15 10:18:29,188-DEBUG-root-32920::webapp_internal::wait_blocker|2444:: Waiting blocker to continue...
2025-12-15 10:18:29,267-DEBUG-root-32920::webapp_internal::wait_blocker|2469:: Blocker status: False
2025-12-15 10:18:32,813-DEBUG-root-32920::webapp_internal::wait_blocker|2444:: Waiting blocker to continue...
2025-12-15 10:18:32,887-DEBUG-root-32920::webapp_internal::wait_blocker|2469:: Blocker status: False
2025-12-15 10:18:32,973-INFO-root-32920::webapp_internal::WaitShow|4980:: Waiting show text 'Este ambiente utiliza base de Homologação.'...
2025-12-15 10:18:38,140-INFO-root-32920::webapp_internal::WaitShow|4980:: Waiting show text 'Moedas'...
2025-12-15 10:18:43,628-INFO-root-32920::webapp_internal::WaitShow|4980:: Waiting show text 'Solicitação de Viagens/Treinamento'...
2025-12-15 10:18:43,686-INFO-root-32920::webapp_internal::WaitShow|4996:: Text found! 
2025-12-15 10:18:43,686-INFO-root-32920::webapp_internal::SetButton|4444:: Clicking on Incluir
2025-12-15 10:18:43,686-DEBUG-root-32920::webapp_internal::wait_blocker|2444:: Waiting blocker to continue...
2025-12-15 10:18:43,780-DEBUG-root-32920::webapp_internal::wait_blocker|2469:: Blocker status: False
2025-12-15 10:18:44,180-DEBUG-root-32920::webapp_internal::wait_element_timeout|7726:: Element found! Waiting for element to be displayed.
2025-12-15 10:18:44,451-DEBUG-root-32920::webapp_internal::SetButton|4481:: ***System Info*** Before Clicking on button:Incluir
2025-12-15 10:18:44,451-DEBUG-root-32920::psutil_info::system_info|5:: CPU USAGE: 10.8%
2025-12-15 10:18:44,452-DEBUG-root-32920::psutil_info::system_info|6:: MEMORY USAGE: 91.5%
2025-12-15 10:18:44,452-DEBUG-root-32920::psutil_info::system_info|7:: MEMORY AVAILABLE: 8.46%
2025-12-15 10:18:44,830-DEBUG-root-32920::webapp_internal::wait_element_timeout|7726:: Element found! Waiting for element to be displayed.
2025-12-15 10:18:45,187-DEBUG-root-32920::webapp_internal::wait_blocker|2444:: Waiting blocker to continue...
2025-12-15 10:18:45,281-DEBUG-root-32920::webapp_internal::wait_blocker|2469:: Blocker status: False
2025-12-15 10:18:45,301-DEBUG-root-32920::webapp_internal::wait_blocker|2444:: Waiting blocker to continue...
2025-12-15 10:18:45,395-DEBUG-root-32920::webapp_internal::wait_blocker|2469:: Blocker status: False
2025-12-15 10:18:45,396-DEBUG-root-32920::webapp_internal::send_action|10480:: Trying to send action
2025-12-15 10:18:45,398-DEBUG-root-32920::base::click|192:: Click Type: ClickType.JS
2025-12-15 10:18:46,677-DEBUG-root-32920::webapp_internal::send_action|10522:: send_action method result = True
2025-12-15 10:18:46,677-DEBUG-root-32920::webapp_internal::send_action|10523:: send_action selenium status: True
2025-12-15 10:18:46,678-DEBUG-root-32920::webapp_internal::SetButton|4683:: ***System Info*** After Clicking on button:
2025-12-15 10:18:46,678-DEBUG-root-32920::psutil_info::system_info|5:: CPU USAGE: 8.3%
2025-12-15 10:18:46,678-DEBUG-root-32920::psutil_info::system_info|6:: MEMORY USAGE: 91.2%
2025-12-15 10:18:46,678-DEBUG-root-32920::psutil_info::system_info|7:: MEMORY AVAILABLE: 8.79%
2025-12-15 10:18:46,880-DEBUG-root-32920::webapp_internal::wait_blocker|2444:: Waiting blocker to continue...
2025-12-15 10:18:46,993-DEBUG-root-32920::webapp_internal::wait_blocker|2469:: Blocker status: False
2025-12-15 10:18:46,994-INFO-root-32920::webapp_internal::SearchBrowse|2003:: Searching: 02DF0001
2025-12-15 10:18:47,152-DEBUG-root-32920::webapp_internal::wait_element_timeout|7726:: Element found! Waiting for element to be displayed.
2025-12-15 10:18:47,248-DEBUG-root-32920::webapp_internal::wait_blocker|2444:: Waiting blocker to continue...
2025-12-15 10:18:47,351-DEBUG-root-32920::webapp_internal::wait_blocker|2469:: Blocker status: False
2025-12-15 10:18:47,363-DEBUG-root-32920::webapp_internal::wait_blocker|2444:: Waiting blocker to continue...
2025-12-15 10:18:47,466-DEBUG-root-32920::webapp_internal::wait_blocker|2469:: Blocker status: False
2025-12-15 10:18:47,466-INFO-root-32920::webapp_internal::fill_search_browse|2399:: Filling: 02DF0001
2025-12-15 10:18:47,481-DEBUG-root-32920::base::click|192:: Click Type: ClickType.JS
2025-12-15 10:18:48,567-DEBUG-root-32920::webapp_internal::wait_blocker|2444:: Waiting blocker to continue...
2025-12-15 10:18:48,667-DEBUG-root-32920::webapp_internal::wait_blocker|2469:: Blocker status: False
2025-12-15 10:18:48,669-DEBUG-root-32920::base::double_click|259:: Click Type: ClickType.SELENIUM
2025-12-15 10:18:48,678-WARNING-root-32920::base::double_click|280:: Warning double_click method Exception: Message: Element <button class="button-image" type="button"> is not clickable at point (1258,360) because another element <wa-button id="COMP6023" class="dict-tbutton focus"> obscures it
Stacktrace:
RemoteError@chrome://remote/content/shared/RemoteError.sys.mjs:8:8
WebDriverError@chrome://remote/content/shared/webdriver/Errors.sys.mjs:202:5
ElementClickInterceptedError@chrome://remote/content/shared/webdriver/Errors.sys.mjs:354:5
webdriverClickElement@chrome://remote/content/marionette/interaction.sys.mjs:175:11
interaction.clickElement@chrome://remote/content/marionette/interaction.sys.mjs:134:11
clickElement@chrome://remote/content/marionette/actors/MarionetteCommandsChild.sys.mjs:327:29
receiveMessage@chrome://remote/content/marionette/actors/MarionetteCommandsChild.sys.mjs:210:31

2025-12-15 10:18:48,981-INFO-root-32920::webapp_internal::SetButton|4444:: Clicking on OK
2025-12-15 10:18:48,981-DEBUG-root-32920::webapp_internal::wait_blocker|2444:: Waiting blocker to continue...
2025-12-15 10:18:49,113-DEBUG-root-32920::webapp_internal::wait_blocker|2469:: Blocker status: False
2025-12-15 10:18:49,451-DEBUG-root-32920::webapp_internal::wait_element_timeout|7726:: Element found! Waiting for element to be displayed.
2025-12-15 10:18:49,655-DEBUG-root-32920::webapp_internal::SetButton|4481:: ***System Info*** Before Clicking on button:OK
2025-12-15 10:18:49,655-DEBUG-root-32920::psutil_info::system_info|5:: CPU USAGE: 11.8%
2025-12-15 10:18:49,656-DEBUG-root-32920::psutil_info::system_info|6:: MEMORY USAGE: 91.3%
2025-12-15 10:18:49,656-DEBUG-root-32920::psutil_info::system_info|7:: MEMORY AVAILABLE: 8.67%
2025-12-15 10:18:49,962-DEBUG-root-32920::webapp_internal::wait_element_timeout|7726:: Element found! Waiting for element to be displayed.
2025-12-15 10:18:50,233-DEBUG-root-32920::webapp_internal::wait_blocker|2444:: Waiting blocker to continue...
2025-12-15 10:18:50,344-DEBUG-root-32920::webapp_internal::wait_blocker|2469:: Blocker status: False
2025-12-15 10:18:50,368-DEBUG-root-32920::webapp_internal::wait_blocker|2444:: Waiting blocker to continue...
2025-12-15 10:18:50,501-DEBUG-root-32920::webapp_internal::wait_blocker|2469:: Blocker status: False
2025-12-15 10:18:50,501-DEBUG-root-32920::webapp_internal::send_action|10480:: Trying to send action
2025-12-15 10:18:50,503-DEBUG-root-32920::base::click|192:: Click Type: ClickType.JS
2025-12-15 10:18:53,067-DEBUG-root-32920::webapp_internal::send_action|10522:: send_action method result = True
2025-12-15 10:18:53,067-DEBUG-root-32920::webapp_internal::send_action|10523:: send_action selenium status: True
2025-12-15 10:18:53,068-DEBUG-root-32920::webapp_internal::SetButton|4683:: ***System Info*** After Clicking on button:
2025-12-15 10:18:53,068-DEBUG-root-32920::psutil_info::system_info|5:: CPU USAGE: 13.0%
2025-12-15 10:18:53,069-DEBUG-root-32920::psutil_info::system_info|6:: MEMORY USAGE: 91.5%
2025-12-15 10:18:53,069-DEBUG-root-32920::psutil_info::system_info|7:: MEMORY AVAILABLE: 8.54%
2025-12-15 10:18:53,270-INFO-root-32920::webapp_internal::WaitShow|4980:: Waiting show text 'Solicitacoes de Viagens - INCLUIR'...
2025-12-15 10:18:53,512-INFO-root-32920::webapp_internal::WaitShow|4996:: Text found! 
2025-12-15 10:18:55,035-DEBUG-root-32920::webapp_internal::get_web_value|3232:: Current value: 003689
2025-12-15 10:18:55,036-INFO-root-32920::webapp_internal::GetValue|3393:: Current value: 003689
2025-12-15 10:18:55,036-DEBUG-root-32920::webapp_internal::wait_blocker|2444:: Waiting blocker to continue...
2025-12-15 10:18:55,197-DEBUG-root-32920::webapp_internal::wait_blocker|2469:: Blocker status: False
2025-12-15 10:18:55,197-DEBUG-root-32920::webapp_internal::wait_element|7623:: Waiting for element
2025-12-15 10:18:55,282-DEBUG-root-32920::webapp_internal::wait_element|7653:: Element found! Waiting for element to be displayed.
2025-12-15 10:18:55,357-INFO-root-32920::webapp_internal::input_value|2941:: Looking for element: ZV3_DESCRI
2025-12-15 10:18:55,553-INFO-root-32920::webapp_internal::input_value|2951:: Element: ZV3_DESCRI Found!
2025-12-15 10:18:55,553-INFO-root-32920::webapp_internal::input_value|2953:: Filling element: ZV3_DESCRI
2025-12-15 10:18:55,582-DEBUG-root-32920::webapp_internal::get_web_value|3232:: Current value:                                                   
2025-12-15 10:18:55,626-DEBUG-root-32920::base::double_click|259:: Click Type: ClickType.SELENIUM
2025-12-15 10:18:55,886-DEBUG-root-32920::webapp_internal::wait_blocker|2444:: Waiting blocker to continue...
2025-12-15 10:18:56,027-DEBUG-root-32920::webapp_internal::wait_blocker|2469:: Blocker status: False
2025-12-15 10:18:56,377-DEBUG-root-32920::webapp_internal::get_web_value|3232:: Current value: TESTE AUTOMATIZADO                                
2025-12-15 10:18:56,377-INFO-root-32920::webapp_internal::input_value|3059:: Current field value: TESTE AUTOMATIZADO
2025-12-15 10:18:56,410-DEBUG-root-32920::webapp_internal::wait_blocker|2444:: Waiting blocker to continue...
2025-12-15 10:18:56,586-DEBUG-root-32920::webapp_internal::wait_blocker|2469:: Blocker status: False
2025-12-15 10:18:56,586-DEBUG-root-32920::webapp_internal::wait_element|7623:: Waiting for element
2025-12-15 10:18:56,668-DEBUG-root-32920::webapp_internal::wait_element|7653:: Element found! Waiting for element to be displayed.
2025-12-15 10:18:56,750-INFO-root-32920::webapp_internal::input_value|2941:: Looking for element: ZV3_DTINI
2025-12-15 10:18:56,930-INFO-root-32920::webapp_internal::input_value|2951:: Element: ZV3_DTINI Found!
2025-12-15 10:18:56,930-INFO-root-32920::webapp_internal::input_value|2953:: Filling element: ZV3_DTINI
2025-12-15 10:18:56,964-DEBUG-root-32920::webapp_internal::get_web_value|3232:: Current value:   /  /    
2025-12-15 10:18:57,002-DEBUG-root-32920::base::double_click|259:: Click Type: ClickType.SELENIUM
2025-12-15 10:18:57,256-DEBUG-root-32920::webapp_internal::wait_blocker|2444:: Waiting blocker to continue...
2025-12-15 10:18:57,394-DEBUG-root-32920::webapp_internal::wait_blocker|2469:: Blocker status: False
2025-12-15 10:18:57,733-DEBUG-root-32920::webapp_internal::get_web_value|3232:: Current value: 20/12/2025
2025-12-15 10:18:57,733-INFO-root-32920::webapp_internal::input_value|3059:: Current field value: 20122025
2025-12-15 10:18:57,746-DEBUG-root-32920::webapp_internal::wait_blocker|2444:: Waiting blocker to continue...
2025-12-15 10:18:57,905-DEBUG-root-32920::webapp_internal::wait_blocker|2469:: Blocker status: False
2025-12-15 10:18:57,905-DEBUG-root-32920::webapp_internal::wait_element|7623:: Waiting for element
2025-12-15 10:18:58,033-DEBUG-root-32920::webapp_internal::wait_element|7653:: Element found! Waiting for element to be displayed.
2025-12-15 10:18:58,105-INFO-root-32920::webapp_internal::input_value|2941:: Looking for element: ZV3_DTFIM
2025-12-15 10:18:58,295-INFO-root-32920::webapp_internal::input_value|2951:: Element: ZV3_DTFIM Found!
2025-12-15 10:18:58,296-INFO-root-32920::webapp_internal::input_value|2953:: Filling element: ZV3_DTFIM
2025-12-15 10:18:58,334-DEBUG-root-32920::webapp_internal::get_web_value|3232:: Current value:   /  /    
2025-12-15 10:18:58,370-DEBUG-root-32920::base::double_click|259:: Click Type: ClickType.SELENIUM
2025-12-15 10:18:58,639-DEBUG-root-32920::webapp_internal::wait_blocker|2444:: Waiting blocker to continue...
2025-12-15 10:18:58,777-DEBUG-root-32920::webapp_internal::wait_blocker|2469:: Blocker status: False
2025-12-15 10:18:59,117-DEBUG-root-32920::webapp_internal::get_web_value|3232:: Current value: 25/12/2025
2025-12-15 10:18:59,117-INFO-root-32920::webapp_internal::input_value|3059:: Current field value: 25122025
2025-12-15 10:19:00,131-DEBUG-root-32920::webapp_internal::wait_blocker|2444:: Waiting blocker to continue...
2025-12-15 10:19:00,281-DEBUG-root-32920::webapp_internal::wait_blocker|2469:: Blocker status: False
2025-12-15 10:19:00,281-DEBUG-root-32920::webapp_internal::wait_element|7623:: Waiting for element
2025-12-15 10:19:00,370-DEBUG-root-32920::webapp_internal::wait_element|7653:: Element found! Waiting for element to be displayed.
2025-12-15 10:19:00,449-INFO-root-32920::webapp_internal::input_value|2941:: Looking for element: ZV3_CC
2025-12-15 10:19:00,622-INFO-root-32920::webapp_internal::input_value|2951:: Element: ZV3_CC Found!
2025-12-15 10:19:00,622-INFO-root-32920::webapp_internal::input_value|2953:: Filling element: ZV3_CC
2025-12-15 10:19:00,653-DEBUG-root-32920::webapp_internal::get_web_value|3232:: Current value:          
2025-12-15 10:19:00,701-DEBUG-root-32920::base::double_click|259:: Click Type: ClickType.SELENIUM
2025-12-15 10:19:00,953-DEBUG-root-32920::webapp_internal::wait_blocker|2444:: Waiting blocker to continue...
2025-12-15 10:19:01,095-DEBUG-root-32920::webapp_internal::wait_blocker|2469:: Blocker status: False
2025-12-15 10:19:01,434-DEBUG-root-32920::webapp_internal::get_web_value|3232:: Current value: 000000677
2025-12-15 10:19:01,434-INFO-root-32920::webapp_internal::input_value|3059:: Current field value: 000000677
2025-12-15 10:19:01,446-DEBUG-root-32920::webapp_internal::wait_blocker|2444:: Waiting blocker to continue...
2025-12-15 10:19:01,602-DEBUG-root-32920::webapp_internal::wait_blocker|2469:: Blocker status: False
2025-12-15 10:19:01,602-DEBUG-root-32920::webapp_internal::wait_element|7623:: Waiting for element
2025-12-15 10:19:01,687-DEBUG-root-32920::webapp_internal::wait_element|7653:: Element found! Waiting for element to be displayed.
2025-12-15 10:19:01,767-INFO-root-32920::webapp_internal::input_value|2941:: Looking for element: ZV3_TIPO
2025-12-15 10:19:01,942-INFO-root-32920::webapp_internal::input_value|2951:: Element: ZV3_TIPO Found!
2025-12-15 10:19:01,942-INFO-root-32920::webapp_internal::input_value|2953:: Filling element: ZV3_TIPO
2025-12-15 10:19:03,188-INFO-root-32920::base::select_combo|871:: Selected value for combo is: 1 - Servico
2025-12-15 10:19:03,270-DEBUG-root-32920::webapp_internal::wait_blocker|2444:: Waiting blocker to continue...
2025-12-15 10:19:03,430-DEBUG-root-32920::webapp_internal::wait_blocker|2469:: Blocker status: False
2025-12-15 10:19:03,431-DEBUG-root-32920::webapp_internal::wait_element|7623:: Waiting for element
2025-12-15 10:19:03,559-DEBUG-root-32920::webapp_internal::wait_element|7653:: Element found! Waiting for element to be displayed.
2025-12-15 10:19:03,697-INFO-root-32920::webapp_internal::input_value|2941:: Looking for element: ZV3_OBS
2025-12-15 10:19:03,885-INFO-root-32920::webapp_internal::input_value|2951:: Element: ZV3_OBS Found!
2025-12-15 10:19:03,885-INFO-root-32920::webapp_internal::input_value|2953:: Filling element: ZV3_OBS
2025-12-15 10:19:03,914-DEBUG-root-32920::webapp_internal::get_web_value|3232:: Current value: 
2025-12-15 10:19:03,934-DEBUG-root-32920::base::double_click|259:: Click Type: ClickType.SELENIUM
2025-12-15 10:19:04,186-DEBUG-root-32920::webapp_internal::wait_blocker|2444:: Waiting blocker to continue...
2025-12-15 10:19:04,325-DEBUG-root-32920::webapp_internal::wait_blocker|2469:: Blocker status: False
2025-12-15 10:19:04,662-DEBUG-root-32920::webapp_internal::get_web_value|3232:: Current value: TESTE DE SOLICITAÇÃO DE VIAGEM
2025-12-15 10:19:04,662-INFO-root-32920::webapp_internal::input_value|3059:: Current field value: TESTE DE SOLICITAÇÃO DE VIAGEM
2025-12-15 10:19:04,670-DEBUG-root-32920::webapp_internal::wait_blocker|2444:: Waiting blocker to continue...
2025-12-15 10:19:04,817-DEBUG-root-32920::webapp_internal::wait_blocker|2469:: Blocker status: False
2025-12-15 10:19:04,817-INFO-root-32920::webapp_internal::SetKey|5822:: Key pressed: TAB
2025-12-15 10:19:04,817-DEBUG-root-32920::webapp_internal::SetKey|5857:: Trying press key
2025-12-15 10:19:04,958-DEBUG-root-32920::webapp_internal::wait_blocker|2444:: Waiting blocker to continue...
2025-12-15 10:19:05,096-DEBUG-root-32920::webapp_internal::wait_blocker|2469:: Blocker status: False
2025-12-15 10:19:05,147-DEBUG-root-32920::webapp_internal::wait_blocker|2444:: Waiting blocker to continue...
2025-12-15 10:19:05,284-DEBUG-root-32920::webapp_internal::wait_blocker|2469:: Blocker status: False
2025-12-15 10:19:05,285-DEBUG-root-32920::webapp_internal::send_action|10480:: Trying to send action
2025-12-15 10:19:06,331-DEBUG-root-32920::webapp_internal::send_action|10522:: send_action method result = True
2025-12-15 10:19:06,331-DEBUG-root-32920::webapp_internal::send_action|10523:: send_action selenium status: False
2025-12-15 10:19:06,332-DEBUG-root-32920::webapp_internal::wait_element|7623:: Waiting for element
2025-12-15 10:19:06,437-DEBUG-root-32920::webapp_internal::wait_element|7653:: Element found! Waiting for element to be displayed.
2025-12-15 10:19:06,727-DEBUG-root-32920::webapp_internal::wait_blocker|2444:: Waiting blocker to continue...
2025-12-15 10:19:06,869-DEBUG-root-32920::webapp_internal::wait_blocker|2469:: Blocker status: False
2025-12-15 10:19:06,869-INFO-root-32920::webapp_internal::LoadGrid|6298:: Filling grid field: Favorecido
2025-12-15 10:19:06,870-DEBUG-root-32920::webapp_internal::fill_grid|6399:: Grid loading...
2025-12-15 10:19:07,053-DEBUG-root-32920::webapp_internal::fill_grid|6466:: Column found!
2025-12-15 10:19:07,098-DEBUG-root-32920::base::click|192:: Click Type: ClickType.ACTIONCHAINS
2025-12-15 10:19:07,386-DEBUG-root-32920::webapp_internal::fill_grid|6486:: Trying to select cell in grid!
2025-12-15 10:19:07,389-DEBUG-root-32920::base::click|192:: Click Type: ClickType.ACTIONCHAINS
2025-12-15 10:19:07,670-DEBUG-root-32920::webapp_internal::fill_grid|6486:: Trying to select cell in grid!
2025-12-15 10:19:07,677-DEBUG-root-32920::base::click|192:: Click Type: ClickType.ACTIONCHAINS
2025-12-15 10:19:07,965-DEBUG-root-32920::webapp_internal::fill_grid|6486:: Trying to select cell in grid!
2025-12-15 10:19:07,967-DEBUG-root-32920::base::click|192:: Click Type: ClickType.ACTIONCHAINS
2025-12-15 10:19:08,230-DEBUG-root-32920::webapp_internal::fill_grid|6486:: Trying to select cell in grid!
2025-12-15 10:19:08,232-DEBUG-root-32920::base::click|192:: Click Type: ClickType.ACTIONCHAINS
2025-12-15 10:19:08,527-DEBUG-root-32920::webapp_internal::fill_grid|6486:: Trying to select cell in grid!
2025-12-15 10:19:08,529-DEBUG-root-32920::base::click|192:: Click Type: ClickType.ACTIONCHAINS
2025-12-15 10:19:08,817-DEBUG-root-32920::webapp_internal::fill_grid|6486:: Trying to select cell in grid!
2025-12-15 10:19:08,819-DEBUG-root-32920::base::click|192:: Click Type: ClickType.ACTIONCHAINS
2025-12-15 10:19:09,111-DEBUG-root-32920::webapp_internal::fill_grid|6486:: Trying to select cell in grid!
2025-12-15 10:19:09,113-DEBUG-root-32920::base::click|192:: Click Type: ClickType.ACTIONCHAINS
2025-12-15 10:19:09,400-DEBUG-root-32920::webapp_internal::fill_grid|6486:: Trying to select cell in grid!
2025-12-15 10:19:09,402-DEBUG-root-32920::base::click|192:: Click Type: ClickType.ACTIONCHAINS
2025-12-15 10:19:09,667-DEBUG-root-32920::webapp_internal::fill_grid|6486:: Trying to select cell in grid!
2025-12-15 10:19:09,668-DEBUG-root-32920::base::click|192:: Click Type: ClickType.ACTIONCHAINS
2025-12-15 10:19:09,964-DEBUG-root-32920::webapp_internal::fill_grid|6486:: Trying to select cell in grid!
2025-12-15 10:19:09,967-DEBUG-root-32920::base::click|192:: Click Type: ClickType.ACTIONCHAINS
2025-12-15 10:19:10,260-DEBUG-root-32920::webapp_internal::fill_grid|6486:: Trying to select cell in grid!
2025-12-15 10:19:10,263-DEBUG-root-32920::base::click|192:: Click Type: ClickType.ACTIONCHAINS
2025-12-15 10:19:10,553-DEBUG-root-32920::webapp_internal::fill_grid|6486:: Trying to select cell in grid!
2025-12-15 10:19:10,559-DEBUG-root-32920::base::click|192:: Click Type: ClickType.ACTIONCHAINS
2025-12-15 10:19:10,849-DEBUG-root-32920::webapp_internal::fill_grid|6486:: Trying to select cell in grid!
2025-12-15 10:19:10,851-DEBUG-root-32920::base::click|192:: Click Type: ClickType.ACTIONCHAINS
2025-12-15 10:19:11,143-DEBUG-root-32920::webapp_internal::fill_grid|6486:: Trying to select cell in grid!
2025-12-15 10:19:11,145-DEBUG-root-32920::base::click|192:: Click Type: ClickType.ACTIONCHAINS
2025-12-15 10:19:11,435-DEBUG-root-32920::webapp_internal::fill_grid|6486:: Trying to select cell in grid!
2025-12-15 10:19:11,436-DEBUG-root-32920::base::click|192:: Click Type: ClickType.ACTIONCHAINS
2025-12-15 10:19:11,702-DEBUG-root-32920::webapp_internal::fill_grid|6486:: Trying to select cell in grid!
2025-12-15 10:19:11,704-DEBUG-root-32920::base::click|192:: Click Type: ClickType.ACTIONCHAINS
2025-12-15 10:19:11,999-DEBUG-root-32920::webapp_internal::fill_grid|6486:: Trying to select cell in grid!
2025-12-15 10:19:12,001-DEBUG-root-32920::base::click|192:: Click Type: ClickType.ACTIONCHAINS
2025-12-15 10:19:12,295-DEBUG-root-32920::webapp_internal::fill_grid|6486:: Trying to select cell in grid!
2025-12-15 10:19:12,297-DEBUG-root-32920::base::click|192:: Click Type: ClickType.ACTIONCHAINS
2025-12-15 10:19:12,584-DEBUG-root-32920::webapp_internal::fill_grid|6486:: Trying to select cell in grid!
2025-12-15 10:19:12,586-DEBUG-root-32920::base::click|192:: Click Type: ClickType.ACTIONCHAINS
2025-12-15 10:19:12,880-DEBUG-root-32920::webapp_internal::fill_grid|6486:: Trying to select cell in grid!
2025-12-15 10:19:12,883-DEBUG-root-32920::base::click|192:: Click Type: ClickType.ACTIONCHAINS
2025-12-15 10:19:13,169-DEBUG-root-32920::webapp_internal::fill_grid|6486:: Trying to select cell in grid!
2025-12-15 10:19:13,175-DEBUG-root-32920::base::click|192:: Click Type: ClickType.ACTIONCHAINS
2025-12-15 10:19:13,466-DEBUG-root-32920::webapp_internal::fill_grid|6486:: Trying to select cell in grid!
2025-12-15 10:19:13,468-DEBUG-root-32920::base::click|192:: Click Type: ClickType.ACTIONCHAINS
2025-12-15 10:19:13,762-DEBUG-root-32920::webapp_internal::fill_grid|6486:: Trying to select cell in grid!
2025-12-15 10:19:13,764-DEBUG-root-32920::base::click|192:: Click Type: ClickType.ACTIONCHAINS
2025-12-15 10:19:14,050-DEBUG-root-32920::webapp_internal::fill_grid|6486:: Trying to select cell in grid!
2025-12-15 10:19:14,052-DEBUG-root-32920::base::click|192:: Click Type: ClickType.ACTIONCHAINS
2025-12-15 10:19:14,349-DEBUG-root-32920::webapp_internal::fill_grid|6486:: Trying to select cell in grid!
2025-12-15 10:19:14,351-DEBUG-root-32920::base::click|192:: Click Type: ClickType.ACTIONCHAINS
2025-12-15 10:19:14,647-DEBUG-root-32920::webapp_internal::fill_grid|6486:: Trying to select cell in grid!
2025-12-15 10:19:14,650-DEBUG-root-32920::base::click|192:: Click Type: ClickType.ACTIONCHAINS
2025-12-15 10:19:14,937-DEBUG-root-32920::webapp_internal::fill_grid|6486:: Trying to select cell in grid!
2025-12-15 10:19:14,943-DEBUG-root-32920::base::click|192:: Click Type: ClickType.ACTIONCHAINS
2025-12-15 10:19:15,233-DEBUG-root-32920::webapp_internal::fill_grid|6486:: Trying to select cell in grid!
2025-12-15 10:19:15,235-DEBUG-root-32920::base::click|192:: Click Type: ClickType.ACTIONCHAINS
2025-12-15 10:19:15,530-DEBUG-root-32920::webapp_internal::fill_grid|6486:: Trying to select cell in grid!
2025-12-15 10:19:15,533-DEBUG-root-32920::base::click|192:: Click Type: ClickType.ACTIONCHAINS
2025-12-15 10:19:15,825-DEBUG-root-32920::webapp_internal::fill_grid|6486:: Trying to select cell in grid!
2025-12-15 10:19:15,828-DEBUG-root-32920::base::click|192:: Click Type: ClickType.ACTIONCHAINS
2025-12-15 10:19:16,115-DEBUG-root-32920::webapp_internal::fill_grid|6486:: Trying to select cell in grid!
2025-12-15 10:19:16,118-DEBUG-root-32920::base::click|192:: Click Type: ClickType.ACTIONCHAINS
2025-12-15 10:19:16,397-DEBUG-root-32920::webapp_internal::fill_grid|6486:: Trying to select cell in grid!
2025-12-15 10:19:16,399-DEBUG-root-32920::base::click|192:: Click Type: ClickType.ACTIONCHAINS
2025-12-15 10:19:16,692-DEBUG-root-32920::webapp_internal::fill_grid|6486:: Trying to select cell in grid!
2025-12-15 10:19:16,695-DEBUG-root-32920::base::click|192:: Click Type: ClickType.ACTIONCHAINS
2025-12-15 10:19:16,984-DEBUG-root-32920::webapp_internal::fill_grid|6486:: Trying to select cell in grid!
2025-12-15 10:19:16,985-DEBUG-root-32920::base::click|192:: Click Type: ClickType.ACTIONCHAINS
2025-12-15 10:19:17,279-DEBUG-root-32920::webapp_internal::fill_grid|6486:: Trying to select cell in grid!
2025-12-15 10:19:17,281-DEBUG-root-32920::base::click|192:: Click Type: ClickType.ACTIONCHAINS
2025-12-15 10:19:17,545-DEBUG-root-32920::webapp_internal::fill_grid|6486:: Trying to select cell in grid!
2025-12-15 10:19:17,548-DEBUG-root-32920::base::click|192:: Click Type: ClickType.ACTIONCHAINS
2025-12-15 10:19:17,833-DEBUG-root-32920::webapp_internal::fill_grid|6486:: Trying to select cell in grid!
2025-12-15 10:19:17,835-DEBUG-root-32920::base::click|192:: Click Type: ClickType.ACTIONCHAINS
2025-12-15 10:19:18,131-DEBUG-root-32920::webapp_internal::fill_grid|6486:: Trying to select cell in grid!
2025-12-15 10:19:18,133-DEBUG-root-32920::base::click|192:: Click Type: ClickType.ACTIONCHAINS
2025-12-15 10:19:18,427-DEBUG-root-32920::webapp_internal::fill_grid|6486:: Trying to select cell in grid!
2025-12-15 10:19:18,430-DEBUG-root-32920::base::click|192:: Click Type: ClickType.ACTIONCHAINS
2025-12-15 10:19:18,715-DEBUG-root-32920::webapp_internal::fill_grid|6486:: Trying to select cell in grid!
2025-12-15 10:19:18,718-DEBUG-root-32920::base::click|192:: Click Type: ClickType.ACTIONCHAINS
2025-12-15 10:19:19,016-DEBUG-root-32920::webapp_internal::fill_grid|6486:: Trying to select cell in grid!
2025-12-15 10:19:19,019-DEBUG-root-32920::base::click|192:: Click Type: ClickType.ACTIONCHAINS
2025-12-15 10:19:19,301-DEBUG-root-32920::webapp_internal::fill_grid|6486:: Trying to select cell in grid!
2025-12-15 10:19:19,303-DEBUG-root-32920::base::click|192:: Click Type: ClickType.ACTIONCHAINS
2025-12-15 10:19:19,599-DEBUG-root-32920::webapp_internal::fill_grid|6486:: Trying to select cell in grid!
2025-12-15 10:19:19,601-DEBUG-root-32920::base::click|192:: Click Type: ClickType.ACTIONCHAINS
2025-12-15 10:19:19,893-DEBUG-root-32920::webapp_internal::fill_grid|6486:: Trying to select cell in grid!
2025-12-15 10:19:19,895-DEBUG-root-32920::base::click|192:: Click Type: ClickType.ACTIONCHAINS
2025-12-15 10:19:20,184-DEBUG-root-32920::webapp_internal::fill_grid|6486:: Trying to select cell in grid!
2025-12-15 10:19:20,186-DEBUG-root-32920::base::click|192:: Click Type: ClickType.ACTIONCHAINS
2025-12-15 10:19:20,465-DEBUG-root-32920::webapp_internal::fill_grid|6486:: Trying to select cell in grid!
2025-12-15 10:19:20,467-DEBUG-root-32920::base::click|192:: Click Type: ClickType.ACTIONCHAINS
2025-12-15 10:19:20,762-DEBUG-root-32920::webapp_internal::fill_grid|6486:: Trying to select cell in grid!
2025-12-15 10:19:20,764-DEBUG-root-32920::base::click|192:: Click Type: ClickType.ACTIONCHAINS
2025-12-15 10:19:21,049-DEBUG-root-32920::webapp_internal::fill_grid|6486:: Trying to select cell in grid!
2025-12-15 10:19:21,051-DEBUG-root-32920::base::click|192:: Click Type: ClickType.ACTIONCHAINS
2025-12-15 10:19:21,343-DEBUG-root-32920::webapp_internal::fill_grid|6486:: Trying to select cell in grid!
2025-12-15 10:19:21,345-DEBUG-root-32920::base::click|192:: Click Type: ClickType.ACTIONCHAINS
2025-12-15 10:19:21,633-DEBUG-root-32920::webapp_internal::fill_grid|6486:: Trying to select cell in grid!
2025-12-15 10:19:21,635-DEBUG-root-32920::base::click|192:: Click Type: ClickType.ACTIONCHAINS
2025-12-15 10:19:21,917-DEBUG-root-32920::webapp_internal::fill_grid|6486:: Trying to select cell in grid!
2025-12-15 10:19:21,919-DEBUG-root-32920::base::click|192:: Click Type: ClickType.ACTIONCHAINS
2025-12-15 10:19:22,209-DEBUG-root-32920::webapp_internal::fill_grid|6486:: Trying to select cell in grid!
2025-12-15 10:19:22,212-DEBUG-root-32920::base::click|192:: Click Type: ClickType.ACTIONCHAINS
2025-12-15 10:19:22,501-DEBUG-root-32920::webapp_internal::fill_grid|6486:: Trying to select cell in grid!
2025-12-15 10:19:22,505-DEBUG-root-32920::base::click|192:: Click Type: ClickType.ACTIONCHAINS
2025-12-15 10:19:22,796-DEBUG-root-32920::webapp_internal::fill_grid|6486:: Trying to select cell in grid!
2025-12-15 10:19:22,799-DEBUG-root-32920::base::click|192:: Click Type: ClickType.ACTIONCHAINS
2025-12-15 10:19:23,087-DEBUG-root-32920::webapp_internal::fill_grid|6486:: Trying to select cell in grid!
2025-12-15 10:19:23,093-DEBUG-root-32920::base::click|192:: Click Type: ClickType.ACTIONCHAINS
2025-12-15 10:19:23,382-DEBUG-root-32920::webapp_internal::fill_grid|6486:: Trying to select cell in grid!
2025-12-15 10:19:23,384-DEBUG-root-32920::base::click|192:: Click Type: ClickType.ACTIONCHAINS
2025-12-15 10:19:23,668-DEBUG-root-32920::webapp_internal::fill_grid|6486:: Trying to select cell in grid!
2025-12-15 10:19:23,671-DEBUG-root-32920::base::click|192:: Click Type: ClickType.ACTIONCHAINS
2025-12-15 10:19:23,962-DEBUG-root-32920::webapp_internal::fill_grid|6486:: Trying to select cell in grid!
2025-12-15 10:19:23,964-DEBUG-root-32920::base::click|192:: Click Type: ClickType.ACTIONCHAINS
2025-12-15 10:19:24,251-DEBUG-root-32920::webapp_internal::fill_grid|6486:: Trying to select cell in grid!
2025-12-15 10:19:24,254-DEBUG-root-32920::base::click|192:: Click Type: ClickType.ACTIONCHAINS
2025-12-15 10:19:24,549-DEBUG-root-32920::webapp_internal::fill_grid|6486:: Trying to select cell in grid!
2025-12-15 10:19:24,550-DEBUG-root-32920::base::click|192:: Click Type: ClickType.ACTIONCHAINS
2025-12-15 10:19:24,834-DEBUG-root-32920::webapp_internal::fill_grid|6486:: Trying to select cell in grid!
2025-12-15 10:19:24,836-DEBUG-root-32920::base::click|192:: Click Type: ClickType.ACTIONCHAINS
2025-12-15 10:19:25,131-DEBUG-root-32920::webapp_internal::fill_grid|6486:: Trying to select cell in grid!
2025-12-15 10:19:25,133-DEBUG-root-32920::base::click|192:: Click Type: ClickType.ACTIONCHAINS
2025-12-15 10:19:25,419-DEBUG-root-32920::webapp_internal::fill_grid|6486:: Trying to select cell in grid!
2025-12-15 10:19:25,421-DEBUG-root-32920::base::click|192:: Click Type: ClickType.ACTIONCHAINS
2025-12-15 10:19:25,712-DEBUG-root-32920::webapp_internal::fill_grid|6486:: Trying to select cell in grid!
2025-12-15 10:19:25,715-DEBUG-root-32920::base::click|192:: Click Type: ClickType.ACTIONCHAINS
2025-12-15 10:19:26,000-DEBUG-root-32920::webapp_internal::fill_grid|6486:: Trying to select cell in grid!
2025-12-15 10:19:26,003-DEBUG-root-32920::base::click|192:: Click Type: ClickType.ACTIONCHAINS
2025-12-15 10:19:26,297-DEBUG-root-32920::webapp_internal::fill_grid|6486:: Trying to select cell in grid!
2025-12-15 10:19:26,300-DEBUG-root-32920::base::click|192:: Click Type: ClickType.ACTIONCHAINS
2025-12-15 10:19:26,594-DEBUG-root-32920::webapp_internal::fill_grid|6486:: Trying to select cell in grid!
2025-12-15 10:19:26,600-DEBUG-root-32920::base::click|192:: Click Type: ClickType.ACTIONCHAINS
2025-12-15 10:19:26,893-DEBUG-root-32920::webapp_internal::fill_grid|6486:: Trying to select cell in grid!
2025-12-15 10:19:26,895-DEBUG-root-32920::base::click|192:: Click Type: ClickType.ACTIONCHAINS
2025-12-15 10:19:27,183-DEBUG-root-32920::webapp_internal::fill_grid|6486:: Trying to select cell in grid!
2025-12-15 10:19:27,185-DEBUG-root-32920::base::click|192:: Click Type: ClickType.ACTIONCHAINS
2025-12-15 10:19:27,471-DEBUG-root-32920::webapp_internal::fill_grid|6486:: Trying to select cell in grid!
2025-12-15 10:19:27,476-DEBUG-root-32920::base::click|192:: Click Type: ClickType.ACTIONCHAINS
2025-12-15 10:19:27,762-DEBUG-root-32920::webapp_internal::fill_grid|6486:: Trying to select cell in grid!
2025-12-15 10:19:27,764-DEBUG-root-32920::base::click|192:: Click Type: ClickType.ACTIONCHAINS
2025-12-15 10:19:28,051-DEBUG-root-32920::webapp_internal::fill_grid|6486:: Trying to select cell in grid!
2025-12-15 10:19:28,053-DEBUG-root-32920::base::click|192:: Click Type: ClickType.ACTIONCHAINS
2025-12-15 10:19:28,343-DEBUG-root-32920::webapp_internal::fill_grid|6486:: Trying to select cell in grid!
2025-12-15 10:19:28,346-DEBUG-root-32920::base::click|192:: Click Type: ClickType.ACTIONCHAINS
2025-12-15 10:19:28,632-DEBUG-root-32920::webapp_internal::fill_grid|6486:: Trying to select cell in grid!
2025-12-15 10:19:28,634-DEBUG-root-32920::base::click|192:: Click Type: ClickType.ACTIONCHAINS
2025-12-15 10:19:28,919-DEBUG-root-32920::webapp_internal::fill_grid|6486:: Trying to select cell in grid!
2025-12-15 10:19:28,921-DEBUG-root-32920::base::click|192:: Click Type: ClickType.ACTIONCHAINS
2025-12-15 10:19:29,212-DEBUG-root-32920::webapp_internal::fill_grid|6486:: Trying to select cell in grid!
2025-12-15 10:19:29,214-DEBUG-root-32920::base::click|192:: Click Type: ClickType.ACTIONCHAINS
2025-12-15 10:19:29,500-DEBUG-root-32920::webapp_internal::fill_grid|6486:: Trying to select cell in grid!
2025-12-15 10:19:29,502-DEBUG-root-32920::base::click|192:: Click Type: ClickType.ACTIONCHAINS
2025-12-15 10:19:29,793-DEBUG-root-32920::webapp_internal::fill_grid|6486:: Trying to select cell in grid!
2025-12-15 10:19:29,795-DEBUG-root-32920::base::click|192:: Click Type: ClickType.ACTIONCHAINS
2025-12-15 10:19:30,081-DEBUG-root-32920::webapp_internal::fill_grid|6486:: Trying to select cell in grid!
2025-12-15 10:19:30,083-DEBUG-root-32920::base::click|192:: Click Type: ClickType.ACTIONCHAINS
2025-12-15 10:19:30,366-DEBUG-root-32920::webapp_internal::fill_grid|6486:: Trying to select cell in grid!
2025-12-15 10:19:30,368-DEBUG-root-32920::base::click|192:: Click Type: ClickType.ACTIONCHAINS
2025-12-15 10:19:30,642-DEBUG-root-32920::webapp_internal::fill_grid|6486:: Trying to select cell in grid!
2025-12-15 10:19:30,645-DEBUG-root-32920::base::click|192:: Click Type: ClickType.ACTIONCHAINS
2025-12-15 10:19:30,932-DEBUG-root-32920::webapp_internal::fill_grid|6486:: Trying to select cell in grid!
2025-12-15 10:19:30,933-DEBUG-root-32920::base::click|192:: Click Type: ClickType.ACTIONCHAINS
2025-12-15 10:19:31,216-DEBUG-root-32920::webapp_internal::fill_grid|6486:: Trying to select cell in grid!
2025-12-15 10:19:31,217-DEBUG-root-32920::base::click|192:: Click Type: ClickType.ACTIONCHAINS
2025-12-15 10:19:31,510-DEBUG-root-32920::webapp_internal::fill_grid|6486:: Trying to select cell in grid!
2025-12-15 10:19:31,513-DEBUG-root-32920::base::click|192:: Click Type: ClickType.ACTIONCHAINS
2025-12-15 10:19:31,801-DEBUG-root-32920::webapp_internal::fill_grid|6486:: Trying to select cell in grid!
2025-12-15 10:19:31,802-DEBUG-root-32920::base::click|192:: Click Type: ClickType.ACTIONCHAINS
2025-12-15 10:19:32,088-DEBUG-root-32920::webapp_internal::fill_grid|6486:: Trying to select cell in grid!
2025-12-15 10:19:32,094-DEBUG-root-32920::base::click|192:: Click Type: ClickType.ACTIONCHAINS
2025-12-15 10:19:32,382-DEBUG-root-32920::webapp_internal::fill_grid|6486:: Trying to select cell in grid!
2025-12-15 10:19:32,384-DEBUG-root-32920::base::click|192:: Click Type: ClickType.ACTIONCHAINS
2025-12-15 10:19:32,671-DEBUG-root-32920::webapp_internal::fill_grid|6486:: Trying to select cell in grid!
2025-12-15 10:19:32,677-DEBUG-root-32920::base::click|192:: Click Type: ClickType.ACTIONCHAINS
2025-12-15 10:19:32,962-DEBUG-root-32920::webapp_internal::fill_grid|6486:: Trying to select cell in grid!
2025-12-15 10:19:32,964-DEBUG-root-32920::base::click|192:: Click Type: ClickType.ACTIONCHAINS
2025-12-15 10:19:33,250-DEBUG-root-32920::webapp_internal::fill_grid|6486:: Trying to select cell in grid!
2025-12-15 10:19:33,252-DEBUG-root-32920::base::click|192:: Click Type: ClickType.ACTIONCHAINS
2025-12-15 10:19:33,545-DEBUG-root-32920::webapp_internal::fill_grid|6486:: Trying to select cell in grid!
2025-12-15 10:19:33,547-DEBUG-root-32920::base::click|192:: Click Type: ClickType.ACTIONCHAINS
2025-12-15 10:19:33,834-DEBUG-root-32920::webapp_internal::fill_grid|6486:: Trying to select cell in grid!
2025-12-15 10:19:33,837-DEBUG-root-32920::base::click|192:: Click Type: ClickType.ACTIONCHAINS
2025-12-15 10:19:34,131-DEBUG-root-32920::webapp_internal::fill_grid|6486:: Trying to select cell in grid!
2025-12-15 10:19:34,133-DEBUG-root-32920::base::click|192:: Click Type: ClickType.ACTIONCHAINS
2025-12-15 10:19:34,422-DEBUG-root-32920::webapp_internal::fill_grid|6486:: Trying to select cell in grid!
2025-12-15 10:19:34,426-DEBUG-root-32920::base::click|192:: Click Type: ClickType.ACTIONCHAINS
2025-12-15 10:19:34,712-DEBUG-root-32920::webapp_internal::fill_grid|6486:: Trying to select cell in grid!
2025-12-15 10:19:34,715-DEBUG-root-32920::base::click|192:: Click Type: ClickType.ACTIONCHAINS
2025-12-15 10:19:35,002-DEBUG-root-32920::webapp_internal::fill_grid|6486:: Trying to select cell in grid!
2025-12-15 10:19:35,004-DEBUG-root-32920::base::click|192:: Click Type: ClickType.ACTIONCHAINS
2025-12-15 10:19:35,298-DEBUG-root-32920::webapp_internal::fill_grid|6486:: Trying to select cell in grid!
2025-12-15 10:19:35,301-DEBUG-root-32920::base::click|192:: Click Type: ClickType.ACTIONCHAINS
2025-12-15 10:19:35,584-DEBUG-root-32920::webapp_internal::fill_grid|6486:: Trying to select cell in grid!
2025-12-15 10:19:35,586-DEBUG-root-32920::base::click|192:: Click Type: ClickType.ACTIONCHAINS
2025-12-15 10:19:35,881-DEBUG-root-32920::webapp_internal::fill_grid|6486:: Trying to select cell in grid!
2025-12-15 10:19:35,883-DEBUG-root-32920::base::click|192:: Click Type: ClickType.ACTIONCHAINS
2025-12-15 10:19:36,167-DEBUG-root-32920::webapp_internal::fill_grid|6486:: Trying to select cell in grid!
2025-12-15 10:19:36,170-DEBUG-root-32920::base::click|192:: Click Type: ClickType.ACTIONCHAINS
2025-12-15 10:19:36,466-DEBUG-root-32920::webapp_internal::fill_grid|6486:: Trying to select cell in grid!
2025-12-15 10:19:36,467-DEBUG-root-32920::base::click|192:: Click Type: ClickType.ACTIONCHAINS
2025-12-15 10:19:36,762-DEBUG-root-32920::webapp_internal::fill_grid|6486:: Trying to select cell in grid!
2025-12-15 10:19:36,763-DEBUG-root-32920::base::click|192:: Click Type: ClickType.ACTIONCHAINS
2025-12-15 10:19:37,053-DEBUG-root-32920::webapp_internal::fill_grid|6486:: Trying to select cell in grid!
2025-12-15 10:19:37,059-DEBUG-root-32920::base::click|192:: Click Type: ClickType.ACTIONCHAINS
2025-12-15 10:19:37,349-DEBUG-root-32920::webapp_internal::fill_grid|6486:: Trying to select cell in grid!
2025-12-15 10:19:37,351-DEBUG-root-32920::base::click|192:: Click Type: ClickType.ACTIONCHAINS
2025-12-15 10:19:37,643-DEBUG-root-32920::webapp_internal::fill_grid|6486:: Trying to select cell in grid!
2025-12-15 10:19:37,645-DEBUG-root-32920::base::click|192:: Click Type: ClickType.ACTIONCHAINS
2025-12-15 10:19:37,936-DEBUG-root-32920::webapp_internal::fill_grid|6486:: Trying to select cell in grid!
2025-12-15 10:19:37,938-DEBUG-root-32920::base::click|192:: Click Type: ClickType.ACTIONCHAINS
2025-12-15 10:19:38,230-DEBUG-root-32920::webapp_internal::fill_grid|6486:: Trying to select cell in grid!
2025-12-15 10:19:38,232-DEBUG-root-32920::base::click|192:: Click Type: ClickType.ACTIONCHAINS
2025-12-15 10:19:38,526-DEBUG-root-32920::webapp_internal::fill_grid|6486:: Trying to select cell in grid!
2025-12-15 10:19:38,530-DEBUG-root-32920::base::click|192:: Click Type: ClickType.ACTIONCHAINS
2025-12-15 10:19:38,819-DEBUG-root-32920::webapp_internal::fill_grid|6486:: Trying to select cell in grid!
2025-12-15 10:19:38,826-DEBUG-root-32920::base::click|192:: Click Type: ClickType.ACTIONCHAINS
2025-12-15 10:19:39,116-DEBUG-root-32920::webapp_internal::fill_grid|6486:: Trying to select cell in grid!
2025-12-15 10:19:39,118-DEBUG-root-32920::base::click|192:: Click Type: ClickType.ACTIONCHAINS
2025-12-15 10:19:39,411-DEBUG-root-32920::webapp_internal::fill_grid|6486:: Trying to select cell in grid!
2025-12-15 10:19:39,414-DEBUG-root-32920::base::click|192:: Click Type: ClickType.ACTIONCHAINS
2025-12-15 10:19:39,699-DEBUG-root-32920::webapp_internal::fill_grid|6486:: Trying to select cell in grid!
2025-12-15 10:19:39,701-DEBUG-root-32920::base::click|192:: Click Type: ClickType.ACTIONCHAINS
2025-12-15 10:19:39,997-DEBUG-root-32920::webapp_internal::fill_grid|6486:: Trying to select cell in grid!
2025-12-15 10:19:40,000-DEBUG-root-32920::base::click|192:: Click Type: ClickType.ACTIONCHAINS
2025-12-15 10:19:40,282-DEBUG-root-32920::webapp_internal::fill_grid|6486:: Trying to select cell in grid!
2025-12-15 10:19:40,284-DEBUG-root-32920::base::click|192:: Click Type: ClickType.ACTIONCHAINS
2025-12-15 10:19:40,579-DEBUG-root-32920::webapp_internal::fill_grid|6486:: Trying to select cell in grid!
2025-12-15 10:19:40,581-DEBUG-root-32920::base::click|192:: Click Type: ClickType.ACTIONCHAINS
2025-12-15 10:19:40,869-DEBUG-root-32920::webapp_internal::fill_grid|6486:: Trying to select cell in grid!
2025-12-15 10:19:40,871-DEBUG-root-32920::base::click|192:: Click Type: ClickType.ACTIONCHAINS
2025-12-15 10:19:41,162-DEBUG-root-32920::webapp_internal::fill_grid|6486:: Trying to select cell in grid!
2025-12-15 10:19:41,164-DEBUG-root-32920::base::click|192:: Click Type: ClickType.ACTIONCHAINS
2025-12-15 10:19:41,450-DEBUG-root-32920::webapp_internal::fill_grid|6486:: Trying to select cell in grid!
2025-12-15 10:19:41,452-DEBUG-root-32920::base::click|192:: Click Type: ClickType.ACTIONCHAINS
2025-12-15 10:19:41,749-DEBUG-root-32920::webapp_internal::fill_grid|6486:: Trying to select cell in grid!
2025-12-15 10:19:41,750-DEBUG-root-32920::base::click|192:: Click Type: ClickType.ACTIONCHAINS
2025-12-15 10:19:42,046-DEBUG-root-32920::webapp_internal::fill_grid|6486:: Trying to select cell in grid!
2025-12-15 10:19:42,049-DEBUG-root-32920::base::click|192:: Click Type: ClickType.ACTIONCHAINS
2025-12-15 10:19:42,338-DEBUG-root-32920::webapp_internal::fill_grid|6486:: Trying to select cell in grid!
2025-12-15 10:19:42,343-DEBUG-root-32920::base::click|192:: Click Type: ClickType.ACTIONCHAINS
2025-12-15 10:19:42,633-DEBUG-root-32920::webapp_internal::fill_grid|6486:: Trying to select cell in grid!
2025-12-15 10:19:42,635-DEBUG-root-32920::base::click|192:: Click Type: ClickType.ACTIONCHAINS
2025-12-15 10:19:42,933-DEBUG-root-32920::webapp_internal::fill_grid|6486:: Trying to select cell in grid!
2025-12-15 10:19:42,935-DEBUG-root-32920::base::click|192:: Click Type: ClickType.ACTIONCHAINS
2025-12-15 10:19:43,229-DEBUG-root-32920::webapp_internal::fill_grid|6486:: Trying to select cell in grid!
2025-12-15 10:19:43,231-DEBUG-root-32920::base::click|192:: Click Type: ClickType.ACTIONCHAINS
2025-12-15 10:19:43,495-DEBUG-root-32920::webapp_internal::fill_grid|6486:: Trying to select cell in grid!
2025-12-15 10:19:43,497-DEBUG-root-32920::base::click|192:: Click Type: ClickType.ACTIONCHAINS
2025-12-15 10:19:43,786-DEBUG-root-32920::webapp_internal::fill_grid|6486:: Trying to select cell in grid!
2025-12-15 10:19:43,792-DEBUG-root-32920::base::click|192:: Click Type: ClickType.ACTIONCHAINS
2025-12-15 10:19:44,092-DEBUG-root-32920::webapp_internal::fill_grid|6486:: Trying to select cell in grid!
2025-12-15 10:19:44,095-DEBUG-root-32920::base::click|192:: Click Type: ClickType.ACTIONCHAINS
2025-12-15 10:19:44,378-DEBUG-root-32920::webapp_internal::fill_grid|6486:: Trying to select cell in grid!
2025-12-15 10:19:44,380-DEBUG-root-32920::base::click|192:: Click Type: ClickType.ACTIONCHAINS
2025-12-15 10:19:44,666-DEBUG-root-32920::webapp_internal::fill_grid|6486:: Trying to select cell in grid!
2025-12-15 10:19:44,668-DEBUG-root-32920::base::click|192:: Click Type: ClickType.ACTIONCHAINS
2025-12-15 10:19:44,932-DEBUG-root-32920::webapp_internal::fill_grid|6486:: Trying to select cell in grid!
2025-12-15 10:19:44,934-DEBUG-root-32920::base::click|192:: Click Type: ClickType.ACTIONCHAINS
2025-12-15 10:19:45,216-DEBUG-root-32920::webapp_internal::fill_grid|6486:: Trying to select cell in grid!
2025-12-15 10:19:45,218-DEBUG-root-32920::base::click|192:: Click Type: ClickType.ACTIONCHAINS
2025-12-15 10:19:45,504-DEBUG-root-32920::webapp_internal::fill_grid|6486:: Trying to select cell in grid!
2025-12-15 10:19:45,509-DEBUG-root-32920::base::click|192:: Click Type: ClickType.ACTIONCHAINS
2025-12-15 10:19:45,799-DEBUG-root-32920::webapp_internal::fill_grid|6486:: Trying to select cell in grid!
2025-12-15 10:19:45,801-DEBUG-root-32920::base::click|192:: Click Type: ClickType.ACTIONCHAINS
2025-12-15 10:19:46,096-DEBUG-root-32920::webapp_internal::fill_grid|6486:: Trying to select cell in grid!
2025-12-15 10:19:46,098-DEBUG-root-32920::base::click|192:: Click Type: ClickType.ACTIONCHAINS
2025-12-15 10:19:46,385-DEBUG-root-32920::webapp_internal::fill_grid|6486:: Trying to select cell in grid!
2025-12-15 10:19:46,387-DEBUG-root-32920::base::click|192:: Click Type: ClickType.ACTIONCHAINS
2025-12-15 10:19:46,681-DEBUG-root-32920::webapp_internal::fill_grid|6486:: Trying to select cell in grid!
2025-12-15 10:19:46,684-DEBUG-root-32920::base::click|192:: Click Type: ClickType.ACTIONCHAINS
2025-12-15 10:19:46,977-DEBUG-root-32920::webapp_internal::fill_grid|6486:: Trying to select cell in grid!
2025-12-15 10:19:46,979-DEBUG-root-32920::base::click|192:: Click Type: ClickType.ACTIONCHAINS
2025-12-15 10:19:47,244-DEBUG-root-32920::webapp_internal::fill_grid|6486:: Trying to select cell in grid!
2025-12-15 10:19:47,247-DEBUG-root-32920::base::click|192:: Click Type: ClickType.ACTIONCHAINS
2025-12-15 10:19:52,653-DEBUG-root-32920::webapp_internal::fill_grid|6498:: Trying open cell in grid!
2025-12-15 10:19:52,943-DEBUG-root-32920::webapp_internal::wait_blocker|2444:: Waiting blocker to continue...
2025-12-15 10:19:53,117-DEBUG-root-32920::webapp_internal::wait_blocker|2469:: Blocker status: False
2025-12-15 10:19:53,314-DEBUG-root-32920::webapp_internal::wait_element_timeout|7726:: Element found! Waiting for element to be displayed.
2025-12-15 10:19:53,692-DEBUG-root-32920::webapp_internal::fill_grid|6577:: Sending keys: 227884
2025-12-15 10:19:54,004-DEBUG-root-32920::webapp_internal::wait_blocker|2444:: Waiting blocker to continue...
2025-12-15 10:19:54,164-DEBUG-root-32920::webapp_internal::wait_blocker|2469:: Blocker status: False
2025-12-15 10:19:54,322-DEBUG-root-32920::webapp_internal::wait_element_timeout|7726:: Element found! Waiting for element to be displayed.
2025-12-15 10:19:54,654-INFO-root-32920::webapp_internal::ClickFolder|5081:: Clicking on folder: Transporte
2025-12-15 10:19:54,655-DEBUG-root-32920::webapp_internal::wait_blocker|2444:: Waiting blocker to continue...
2025-12-15 10:19:54,795-DEBUG-root-32920::webapp_internal::wait_blocker|2469:: Blocker status: False
2025-12-15 10:19:54,832-DEBUG-root-32920::webapp_internal::wait_element|7623:: Waiting for element
2025-12-15 10:19:55,125-DEBUG-root-32920::webapp_internal::wait_element|7653:: Element found! Waiting for element to be displayed.
2025-12-15 10:19:56,732-DEBUG-root-32920::webapp_internal::wait_blocker|2444:: Waiting blocker to continue...
2025-12-15 10:19:56,886-DEBUG-root-32920::webapp_internal::wait_blocker|2469:: Blocker status: False
2025-12-15 10:19:56,886-INFO-root-32920::webapp_internal::SetKey|5822:: Key pressed: TAB
2025-12-15 10:19:56,886-DEBUG-root-32920::webapp_internal::SetKey|5857:: Trying press key
2025-12-15 10:19:56,886-DEBUG-root-32920::webapp_internal::wait_element|7623:: Waiting for element
2025-12-15 10:19:57,069-DEBUG-root-32920::webapp_internal::wait_element|7653:: Element found! Waiting for element to be displayed.
2025-12-15 10:19:57,379-DEBUG-root-32920::webapp_internal::wait_blocker|2444:: Waiting blocker to continue...
2025-12-15 10:19:57,519-DEBUG-root-32920::webapp_internal::wait_blocker|2469:: Blocker status: False
2025-12-15 10:19:57,520-INFO-root-32920::webapp_internal::LoadGrid|6298:: Filling grid field: Tipo
2025-12-15 10:19:57,520-DEBUG-root-32920::webapp_internal::fill_grid|6399:: Grid loading...
2025-12-15 10:19:57,884-DEBUG-root-32920::webapp_internal::fill_grid|6466:: Column found!
2025-12-15 10:19:57,927-DEBUG-root-32920::base::click|192:: Click Type: ClickType.ACTIONCHAINS
2025-12-15 10:20:03,355-DEBUG-root-32920::webapp_internal::fill_grid|6498:: Trying open cell in grid!
2025-12-15 10:20:03,645-DEBUG-root-32920::webapp_internal::wait_blocker|2444:: Waiting blocker to continue...
2025-12-15 10:20:03,837-DEBUG-root-32920::webapp_internal::wait_blocker|2469:: Blocker status: False
2025-12-15 10:20:04,037-DEBUG-root-32920::webapp_internal::wait_element_timeout|7726:: Element found! Waiting for element to be displayed.
2025-12-15 10:20:05,468-INFO-root-32920::base::select_combo|871:: Selected value for combo is: 1 - Aereo
2025-12-15 10:20:05,652-DEBUG-root-32920::webapp_internal::wait_blocker|2444:: Waiting blocker to continue...
2025-12-15 10:20:05,815-DEBUG-root-32920::webapp_internal::wait_blocker|2469:: Blocker status: False
2025-12-15 10:20:05,844-DEBUG-root-32920::webapp_internal::wait_blocker|2444:: Waiting blocker to continue...
2025-12-15 10:20:05,999-DEBUG-root-32920::webapp_internal::wait_blocker|2469:: Blocker status: False
2025-12-15 10:20:05,999-DEBUG-root-32920::webapp_internal::send_action|10480:: Trying to send action
2025-12-15 10:20:07,042-DEBUG-root-32920::webapp_internal::send_action|10522:: send_action method result = True
2025-12-15 10:20:07,042-DEBUG-root-32920::webapp_internal::send_action|10523:: send_action selenium status: False
2025-12-15 10:20:07,043-DEBUG-root-32920::webapp_internal::wait_blocker|2444:: Waiting blocker to continue...
2025-12-15 10:20:07,261-DEBUG-root-32920::webapp_internal::wait_blocker|2469:: Blocker status: False
2025-12-15 10:20:07,261-INFO-root-32920::webapp_internal::SetKey|5822:: Key pressed: TAB
2025-12-15 10:20:07,261-DEBUG-root-32920::webapp_internal::SetKey|5857:: Trying press key
2025-12-15 10:20:07,261-DEBUG-root-32920::webapp_internal::wait_element|7623:: Waiting for element
2025-12-15 10:20:07,379-DEBUG-root-32920::webapp_internal::wait_element|7653:: Element found! Waiting for element to be displayed.
2025-12-15 10:20:07,650-DEBUG-root-32920::webapp_internal::wait_blocker|2444:: Waiting blocker to continue...
2025-12-15 10:20:07,784-DEBUG-root-32920::webapp_internal::wait_blocker|2469:: Blocker status: False
2025-12-15 10:20:07,784-INFO-root-32920::webapp_internal::LoadGrid|6298:: Filling grid field: Partida
2025-12-15 10:20:07,784-DEBUG-root-32920::webapp_internal::fill_grid|6399:: Grid loading...
2025-12-15 10:20:08,152-DEBUG-root-32920::webapp_internal::fill_grid|6466:: Column found!
2025-12-15 10:20:08,193-DEBUG-root-32920::base::click|192:: Click Type: ClickType.ACTIONCHAINS
2025-12-15 10:20:13,652-DEBUG-root-32920::webapp_internal::fill_grid|6498:: Trying open cell in grid!
2025-12-15 10:20:13,950-DEBUG-root-32920::webapp_internal::wait_blocker|2444:: Waiting blocker to continue...
2025-12-15 10:20:14,110-DEBUG-root-32920::webapp_internal::wait_blocker|2469:: Blocker status: False
2025-12-15 10:20:14,329-DEBUG-root-32920::webapp_internal::wait_element_timeout|7726:: Element found! Waiting for element to be displayed.
2025-12-15 10:20:14,730-DEBUG-root-32920::webapp_internal::fill_grid|6577:: Sending keys: 20/12/2025
2025-12-15 10:20:15,037-DEBUG-root-32920::webapp_internal::wait_blocker|2444:: Waiting blocker to continue...
2025-12-15 10:20:15,251-DEBUG-root-32920::webapp_internal::wait_blocker|2469:: Blocker status: False
2025-12-15 10:20:20,702-DEBUG-root-32920::webapp_internal::wait_blocker|2444:: Waiting blocker to continue...
2025-12-15 10:20:20,844-DEBUG-root-32920::webapp_internal::wait_blocker|2469:: Blocker status: False
2025-12-15 10:20:20,872-DEBUG-root-32920::webapp_internal::wait_blocker|2444:: Waiting blocker to continue...
2025-12-15 10:20:21,026-DEBUG-root-32920::webapp_internal::wait_blocker|2469:: Blocker status: False
2025-12-15 10:20:21,026-DEBUG-root-32920::webapp_internal::send_action|10480:: Trying to send action
2025-12-15 10:20:22,087-DEBUG-root-32920::webapp_internal::send_action|10522:: send_action method result = True
2025-12-15 10:20:22,087-DEBUG-root-32920::webapp_internal::send_action|10523:: send_action selenium status: False
2025-12-15 10:20:22,087-DEBUG-root-32920::webapp_internal::wait_blocker|2444:: Waiting blocker to continue...
2025-12-15 10:20:22,236-DEBUG-root-32920::webapp_internal::wait_blocker|2469:: Blocker status: False
2025-12-15 10:20:22,236-INFO-root-32920::webapp_internal::SetKey|5822:: Key pressed: TAB
2025-12-15 10:20:22,236-DEBUG-root-32920::webapp_internal::SetKey|5857:: Trying press key
2025-12-15 10:20:22,236-DEBUG-root-32920::webapp_internal::wait_element|7623:: Waiting for element
2025-12-15 10:20:22,415-DEBUG-root-32920::webapp_internal::wait_element|7653:: Element found! Waiting for element to be displayed.
2025-12-15 10:20:22,681-DEBUG-root-32920::webapp_internal::wait_blocker|2444:: Waiting blocker to continue...
2025-12-15 10:20:22,819-DEBUG-root-32920::webapp_internal::wait_blocker|2469:: Blocker status: False
2025-12-15 10:20:22,819-INFO-root-32920::webapp_internal::LoadGrid|6298:: Filling grid field: Hora Partida
2025-12-15 10:20:22,820-DEBUG-root-32920::webapp_internal::fill_grid|6399:: Grid loading...
2025-12-15 10:20:23,210-DEBUG-root-32920::webapp_internal::fill_grid|6466:: Column found!
2025-12-15 10:20:23,250-DEBUG-root-32920::base::click|192:: Click Type: ClickType.ACTIONCHAINS
2025-12-15 10:20:28,699-DEBUG-root-32920::webapp_internal::fill_grid|6498:: Trying open cell in grid!
2025-12-15 10:20:28,986-DEBUG-root-32920::webapp_internal::wait_blocker|2444:: Waiting blocker to continue...
2025-12-15 10:20:29,148-DEBUG-root-32920::webapp_internal::wait_blocker|2469:: Blocker status: False
2025-12-15 10:20:29,360-DEBUG-root-32920::webapp_internal::wait_element_timeout|7726:: Element found! Waiting for element to be displayed.
2025-12-15 10:20:29,761-DEBUG-root-32920::webapp_internal::fill_grid|6577:: Sending keys: 08:00
2025-12-15 10:20:30,062-DEBUG-root-32920::webapp_internal::wait_blocker|2444:: Waiting blocker to continue...
2025-12-15 10:20:30,233-DEBUG-root-32920::webapp_internal::wait_blocker|2469:: Blocker status: False
2025-12-15 10:20:35,720-DEBUG-root-32920::webapp_internal::wait_blocker|2444:: Waiting blocker to continue...
2025-12-15 10:20:35,863-DEBUG-root-32920::webapp_internal::wait_blocker|2469:: Blocker status: False
2025-12-15 10:20:35,892-DEBUG-root-32920::webapp_internal::wait_blocker|2444:: Waiting blocker to continue...
2025-12-15 10:20:36,054-DEBUG-root-32920::webapp_internal::wait_blocker|2469:: Blocker status: False
2025-12-15 10:20:36,054-DEBUG-root-32920::webapp_internal::send_action|10480:: Trying to send action
2025-12-15 10:20:37,118-DEBUG-root-32920::webapp_internal::send_action|10522:: send_action method result = True
2025-12-15 10:20:37,119-DEBUG-root-32920::webapp_internal::send_action|10523:: send_action selenium status: False
2025-12-15 10:20:37,119-DEBUG-root-32920::webapp_internal::wait_blocker|2444:: Waiting blocker to continue...
2025-12-15 10:20:37,286-DEBUG-root-32920::webapp_internal::wait_blocker|2469:: Blocker status: False
2025-12-15 10:20:37,286-INFO-root-32920::webapp_internal::SetKey|5822:: Key pressed: TAB
2025-12-15 10:20:37,286-DEBUG-root-32920::webapp_internal::SetKey|5857:: Trying press key
2025-12-15 10:20:37,286-DEBUG-root-32920::webapp_internal::wait_element|7623:: Waiting for element
2025-12-15 10:20:37,395-DEBUG-root-32920::webapp_internal::wait_element|7653:: Element found! Waiting for element to be displayed.
2025-12-15 10:20:37,733-DEBUG-root-32920::webapp_internal::wait_blocker|2444:: Waiting blocker to continue...
2025-12-15 10:20:37,867-DEBUG-root-32920::webapp_internal::wait_blocker|2469:: Blocker status: False
2025-12-15 10:20:37,868-INFO-root-32920::webapp_internal::LoadGrid|6298:: Filling grid field: Origem
2025-12-15 10:20:37,868-DEBUG-root-32920::webapp_internal::fill_grid|6399:: Grid loading...
2025-12-15 10:20:38,235-DEBUG-root-32920::webapp_internal::fill_grid|6466:: Column found!
2025-12-15 10:20:38,277-DEBUG-root-32920::base::click|192:: Click Type: ClickType.ACTIONCHAINS
2025-12-15 10:20:43,732-DEBUG-root-32920::webapp_internal::fill_grid|6498:: Trying open cell in grid!
2025-12-15 10:20:44,029-DEBUG-root-32920::webapp_internal::wait_blocker|2444:: Waiting blocker to continue...
2025-12-15 10:20:44,211-DEBUG-root-32920::webapp_internal::wait_blocker|2469:: Blocker status: False
2025-12-15 10:20:44,404-DEBUG-root-32920::webapp_internal::wait_element_timeout|7726:: Element found! Waiting for element to be displayed.
2025-12-15 10:20:44,850-DEBUG-root-32920::webapp_internal::fill_grid|6577:: Sending keys: DF00108
2025-12-15 10:20:45,153-DEBUG-root-32920::webapp_internal::wait_blocker|2444:: Waiting blocker to continue...
2025-12-15 10:20:45,317-DEBUG-root-32920::webapp_internal::wait_blocker|2469:: Blocker status: False
2025-12-15 10:20:45,481-DEBUG-root-32920::webapp_internal::wait_element_timeout|7726:: Element found! Waiting for element to be displayed.
2025-12-15 10:20:45,966-DEBUG-root-32920::webapp_internal::wait_blocker|2444:: Waiting blocker to continue...
2025-12-15 10:20:46,109-DEBUG-root-32920::webapp_internal::wait_blocker|2469:: Blocker status: False
2025-12-15 10:20:46,137-DEBUG-root-32920::webapp_internal::wait_blocker|2444:: Waiting blocker to continue...
2025-12-15 10:20:46,279-DEBUG-root-32920::webapp_internal::wait_blocker|2469:: Blocker status: False
2025-12-15 10:20:46,279-DEBUG-root-32920::webapp_internal::send_action|10480:: Trying to send action
2025-12-15 10:20:47,321-DEBUG-root-32920::webapp_internal::send_action|10522:: send_action method result = True
2025-12-15 10:20:47,322-DEBUG-root-32920::webapp_internal::send_action|10523:: send_action selenium status: False
2025-12-15 10:20:47,322-DEBUG-root-32920::webapp_internal::wait_blocker|2444:: Waiting blocker to continue...
2025-12-15 10:20:47,476-DEBUG-root-32920::webapp_internal::wait_blocker|2469:: Blocker status: False
2025-12-15 10:20:47,477-INFO-root-32920::webapp_internal::SetKey|5822:: Key pressed: TAB
2025-12-15 10:20:47,477-DEBUG-root-32920::webapp_internal::SetKey|5857:: Trying press key
2025-12-15 10:20:47,477-DEBUG-root-32920::webapp_internal::wait_element|7623:: Waiting for element
2025-12-15 10:20:47,578-DEBUG-root-32920::webapp_internal::wait_element|7653:: Element found! Waiting for element to be displayed.
2025-12-15 10:20:47,846-DEBUG-root-32920::webapp_internal::wait_blocker|2444:: Waiting blocker to continue...
2025-12-15 10:20:47,994-DEBUG-root-32920::webapp_internal::wait_blocker|2469:: Blocker status: False
2025-12-15 10:20:47,994-INFO-root-32920::webapp_internal::LoadGrid|6298:: Filling grid field: Destino
2025-12-15 10:20:47,994-DEBUG-root-32920::webapp_internal::fill_grid|6399:: Grid loading...
2025-12-15 10:20:48,355-DEBUG-root-32920::webapp_internal::fill_grid|6466:: Column found!
2025-12-15 10:20:48,396-DEBUG-root-32920::base::click|192:: Click Type: ClickType.ACTIONCHAINS
2025-12-15 10:20:53,827-DEBUG-root-32920::webapp_internal::fill_grid|6498:: Trying open cell in grid!
2025-12-15 10:20:54,119-DEBUG-root-32920::webapp_internal::wait_blocker|2444:: Waiting blocker to continue...
2025-12-15 10:20:54,314-DEBUG-root-32920::webapp_internal::wait_blocker|2469:: Blocker status: False
2025-12-15 10:20:54,509-DEBUG-root-32920::webapp_internal::wait_element_timeout|7726:: Element found! Waiting for element to be displayed.
2025-12-15 10:20:54,942-DEBUG-root-32920::webapp_internal::fill_grid|6577:: Sending keys: GO08707
2025-12-15 10:20:55,251-DEBUG-root-32920::webapp_internal::wait_blocker|2444:: Waiting blocker to continue...
2025-12-15 10:20:55,400-DEBUG-root-32920::webapp_internal::wait_blocker|2469:: Blocker status: False
2025-12-15 10:20:55,565-DEBUG-root-32920::webapp_internal::wait_element_timeout|7726:: Element found! Waiting for element to be displayed.
2025-12-15 10:20:56,046-DEBUG-root-32920::webapp_internal::wait_blocker|2444:: Waiting blocker to continue...
2025-12-15 10:20:56,202-DEBUG-root-32920::webapp_internal::wait_blocker|2469:: Blocker status: False
2025-12-15 10:20:56,237-DEBUG-root-32920::webapp_internal::wait_blocker|2444:: Waiting blocker to continue...
2025-12-15 10:20:56,394-DEBUG-root-32920::webapp_internal::wait_blocker|2469:: Blocker status: False
2025-12-15 10:20:56,395-DEBUG-root-32920::webapp_internal::send_action|10480:: Trying to send action
2025-12-15 10:20:57,439-DEBUG-root-32920::webapp_internal::send_action|10522:: send_action method result = True
2025-12-15 10:20:57,439-DEBUG-root-32920::webapp_internal::send_action|10523:: send_action selenium status: False
2025-12-15 10:20:57,440-DEBUG-root-32920::webapp_internal::wait_blocker|2444:: Waiting blocker to continue...
2025-12-15 10:20:57,577-DEBUG-root-32920::webapp_internal::wait_blocker|2469:: Blocker status: False
2025-12-15 10:20:57,577-INFO-root-32920::webapp_internal::SetKey|5822:: Key pressed: TAB
2025-12-15 10:20:57,578-DEBUG-root-32920::webapp_internal::SetKey|5857:: Trying press key
2025-12-15 10:20:57,578-DEBUG-root-32920::webapp_internal::wait_element|7623:: Waiting for element
2025-12-15 10:20:57,709-DEBUG-root-32920::webapp_internal::wait_element|7653:: Element found! Waiting for element to be displayed.
2025-12-15 10:20:57,977-DEBUG-root-32920::webapp_internal::wait_blocker|2444:: Waiting blocker to continue...
2025-12-15 10:20:58,150-DEBUG-root-32920::webapp_internal::wait_blocker|2469:: Blocker status: False
2025-12-15 10:20:58,150-INFO-root-32920::webapp_internal::LoadGrid|6298:: Filling grid field: Chegada
2025-12-15 10:20:58,150-DEBUG-root-32920::webapp_internal::fill_grid|6399:: Grid loading...
2025-12-15 10:20:58,526-DEBUG-root-32920::webapp_internal::fill_grid|6466:: Column found!
2025-12-15 10:20:58,566-DEBUG-root-32920::base::click|192:: Click Type: ClickType.ACTIONCHAINS
2025-12-15 10:21:03,914-DEBUG-root-32920::webapp_internal::fill_grid|6498:: Trying open cell in grid!
2025-12-15 10:21:04,200-DEBUG-root-32920::webapp_internal::wait_blocker|2444:: Waiting blocker to continue...
2025-12-15 10:21:04,397-DEBUG-root-32920::webapp_internal::wait_blocker|2469:: Blocker status: False
2025-12-15 10:21:04,603-DEBUG-root-32920::webapp_internal::wait_element_timeout|7726:: Element found! Waiting for element to be displayed.
2025-12-15 10:21:04,978-DEBUG-root-32920::webapp_internal::fill_grid|6577:: Sending keys: 20/12/2025
2025-12-15 10:21:05,296-DEBUG-root-32920::webapp_internal::wait_blocker|2444:: Waiting blocker to continue...
2025-12-15 10:21:05,482-DEBUG-root-32920::webapp_internal::wait_blocker|2469:: Blocker status: False
2025-12-15 10:21:10,951-DEBUG-root-32920::webapp_internal::wait_blocker|2444:: Waiting blocker to continue...
2025-12-15 10:21:11,089-DEBUG-root-32920::webapp_internal::wait_blocker|2469:: Blocker status: False
2025-12-15 10:21:11,119-DEBUG-root-32920::webapp_internal::wait_blocker|2444:: Waiting blocker to continue...
2025-12-15 10:21:11,259-DEBUG-root-32920::webapp_internal::wait_blocker|2469:: Blocker status: False
2025-12-15 10:21:11,259-DEBUG-root-32920::webapp_internal::send_action|10480:: Trying to send action
2025-12-15 10:21:12,302-DEBUG-root-32920::webapp_internal::send_action|10522:: send_action method result = True
2025-12-15 10:21:12,303-DEBUG-root-32920::webapp_internal::send_action|10523:: send_action selenium status: False
2025-12-15 10:21:12,303-DEBUG-root-32920::webapp_internal::wait_element|7623:: Waiting for element
2025-12-15 10:21:12,415-DEBUG-root-32920::webapp_internal::wait_element|7653:: Element found! Waiting for element to be displayed.
2025-12-15 10:21:12,694-DEBUG-root-32920::webapp_internal::wait_blocker|2444:: Waiting blocker to continue...
2025-12-15 10:21:12,834-DEBUG-root-32920::webapp_internal::wait_blocker|2469:: Blocker status: False
2025-12-15 10:21:12,834-INFO-root-32920::webapp_internal::LoadGrid|6298:: Filling grid field: Hora Chegada
2025-12-15 10:21:12,834-DEBUG-root-32920::webapp_internal::fill_grid|6399:: Grid loading...
2025-12-15 10:21:13,195-DEBUG-root-32920::webapp_internal::fill_grid|6466:: Column found!
2025-12-15 10:21:13,232-DEBUG-root-32920::base::click|192:: Click Type: ClickType.ACTIONCHAINS
2025-12-15 10:21:18,659-DEBUG-root-32920::webapp_internal::fill_grid|6498:: Trying open cell in grid!
2025-12-15 10:21:18,948-DEBUG-root-32920::webapp_internal::wait_blocker|2444:: Waiting blocker to continue...
2025-12-15 10:21:19,102-DEBUG-root-32920::webapp_internal::wait_blocker|2469:: Blocker status: False
2025-12-15 10:21:19,299-DEBUG-root-32920::webapp_internal::wait_element_timeout|7726:: Element found! Waiting for element to be displayed.
2025-12-15 10:21:19,658-DEBUG-root-32920::webapp_internal::fill_grid|6577:: Sending keys: 12:00
2025-12-15 10:21:19,967-DEBUG-root-32920::webapp_internal::wait_blocker|2444:: Waiting blocker to continue...
2025-12-15 10:21:20,143-DEBUG-root-32920::webapp_internal::wait_blocker|2469:: Blocker status: False
2025-12-15 10:21:25,972-INFO-root-32920::webapp_internal::ClickFolder|5081:: Clicking on folder: Treinamento
2025-12-15 10:21:25,973-DEBUG-root-32920::webapp_internal::wait_blocker|2444:: Waiting blocker to continue...
2025-12-15 10:21:26,117-DEBUG-root-32920::webapp_internal::wait_blocker|2469:: Blocker status: False
2025-12-15 10:21:26,156-DEBUG-root-32920::webapp_internal::wait_element|7623:: Waiting for element
2025-12-15 10:21:26,438-DEBUG-root-32920::webapp_internal::wait_element|7653:: Element found! Waiting for element to be displayed.
2025-12-15 10:21:28,815-INFO-root-32920::webapp_internal::ClickFolder|5081:: Clicking on folder: Transporte
2025-12-15 10:21:28,815-DEBUG-root-32920::webapp_internal::wait_blocker|2444:: Waiting blocker to continue...
2025-12-15 10:21:28,976-DEBUG-root-32920::webapp_internal::wait_blocker|2469:: Blocker status: False
2025-12-15 10:21:29,012-DEBUG-root-32920::webapp_internal::wait_element|7623:: Waiting for element
2025-12-15 10:21:29,306-DEBUG-root-32920::webapp_internal::wait_element|7653:: Element found! Waiting for element to be displayed.
2025-12-15 10:21:30,910-DEBUG-root-32920::webapp_internal::wait_blocker|2444:: Waiting blocker to continue...
2025-12-15 10:21:31,066-DEBUG-root-32920::webapp_internal::wait_blocker|2469:: Blocker status: False
2025-12-15 10:21:31,067-INFO-root-32920::webapp_internal::LoadGrid|6304:: Checking grid field value: Tipo
2025-12-15 10:21:32,022-INFO-root-32920::webapp_internal::check_grid|6883:: Collected value: Servico
2025-12-15 10:21:32,036-DEBUG-root-32920::log::take_screenshot_log|612:: take_screenshot_log in:2025-12-15 10:21:32.036174

2025-12-15 10:21:32,140-DEBUG-root-32920::log::take_screenshot_log|627:: Screenshot file created successfully: Log\GESIT03\97137227104_20251215102132035_test_Cadastro_Orcamento_Viagem.png
2025-12-15 10:21:32,140-DEBUG-root-32920::webapp_internal::wait_blocker|2444:: Waiting blocker to continue...
2025-12-15 10:21:32,330-DEBUG-root-32920::webapp_internal::wait_blocker|2469:: Blocker status: False
2025-12-15 10:21:32,331-INFO-root-32920::webapp_internal::SetKey|5822:: Key pressed: DOWN
2025-12-15 10:21:32,331-DEBUG-root-32920::webapp_internal::wait_blocker|2444:: Waiting blocker to continue...
2025-12-15 10:21:32,535-DEBUG-root-32920::webapp_internal::wait_blocker|2469:: Blocker status: False
2025-12-15 10:21:32,536-INFO-root-32920::webapp_internal::SetKey|5822:: Key pressed: TAB
2025-12-15 10:21:32,536-DEBUG-root-32920::webapp_internal::SetKey|5857:: Trying press key
2025-12-15 10:21:32,536-DEBUG-root-32920::webapp_internal::wait_element|7623:: Waiting for element
2025-12-15 10:21:32,653-DEBUG-root-32920::webapp_internal::wait_element|7653:: Element found! Waiting for element to be displayed.
2025-12-15 10:21:32,993-DEBUG-root-32920::webapp_internal::new_grid_line|7014:: New grid line
2025-12-15 10:21:34,617-DEBUG-root-32920::webapp_internal::wait_blocker|2444:: Waiting blocker to continue...
2025-12-15 10:21:34,788-DEBUG-root-32920::webapp_internal::wait_blocker|2469:: Blocker status: False
2025-12-15 10:21:34,788-INFO-root-32920::webapp_internal::LoadGrid|6298:: Filling grid field: Tipo
2025-12-15 10:21:34,788-DEBUG-root-32920::webapp_internal::fill_grid|6399:: Grid loading...
2025-12-15 10:21:35,067-DEBUG-root-32920::webapp_internal::fill_grid|6466:: Column found!
2025-12-15 10:21:35,116-DEBUG-root-32920::base::click|192:: Click Type: ClickType.ACTIONCHAINS
2025-12-15 10:21:40,553-DEBUG-root-32920::webapp_internal::fill_grid|6498:: Trying open cell in grid!
2025-12-15 10:21:40,851-DEBUG-root-32920::webapp_internal::wait_blocker|2444:: Waiting blocker to continue...
2025-12-15 10:21:40,999-DEBUG-root-32920::webapp_internal::wait_blocker|2469:: Blocker status: False
2025-12-15 10:21:41,195-DEBUG-root-32920::webapp_internal::wait_element_timeout|7726:: Element found! Waiting for element to be displayed.
2025-12-15 10:21:41,704-DEBUG-root-32920::webapp_internal::wait_blocker|2444:: Waiting blocker to continue...
2025-12-15 10:21:41,862-DEBUG-root-32920::webapp_internal::wait_blocker|2469:: Blocker status: False
2025-12-15 10:21:41,909-DEBUG-root-32920::webapp_internal::wait_blocker|2444:: Waiting blocker to continue...
2025-12-15 10:21:42,129-DEBUG-root-32920::webapp_internal::wait_blocker|2469:: Blocker status: False
2025-12-15 10:21:42,129-DEBUG-root-32920::webapp_internal::send_action|10480:: Trying to send action
2025-12-15 10:21:43,185-DEBUG-root-32920::webapp_internal::send_action|10522:: send_action method result = True
2025-12-15 10:21:43,186-DEBUG-root-32920::webapp_internal::send_action|10523:: send_action selenium status: False
2025-12-15 10:21:43,186-DEBUG-root-32920::webapp_internal::wait_blocker|2444:: Waiting blocker to continue...
2025-12-15 10:21:43,377-DEBUG-root-32920::webapp_internal::wait_blocker|2469:: Blocker status: False
2025-12-15 10:21:43,377-INFO-root-32920::webapp_internal::SetKey|5822:: Key pressed: TAB
2025-12-15 10:21:43,377-DEBUG-root-32920::webapp_internal::SetKey|5857:: Trying press key
2025-12-15 10:21:43,377-DEBUG-root-32920::webapp_internal::wait_element|7623:: Waiting for element
2025-12-15 10:21:43,517-DEBUG-root-32920::webapp_internal::wait_element|7653:: Element found! Waiting for element to be displayed.
2025-12-15 10:21:43,812-DEBUG-root-32920::webapp_internal::wait_blocker|2444:: Waiting blocker to continue...
2025-12-15 10:21:43,989-DEBUG-root-32920::webapp_internal::wait_blocker|2469:: Blocker status: False
2025-12-15 10:21:43,989-INFO-root-32920::webapp_internal::LoadGrid|6298:: Filling grid field: Partida
2025-12-15 10:21:43,989-DEBUG-root-32920::webapp_internal::fill_grid|6399:: Grid loading...
2025-12-15 10:21:44,234-DEBUG-root-32920::webapp_internal::fill_grid|6466:: Column found!
2025-12-15 10:21:44,297-DEBUG-root-32920::base::click|192:: Click Type: ClickType.ACTIONCHAINS
2025-12-15 10:21:49,691-DEBUG-root-32920::webapp_internal::fill_grid|6498:: Trying open cell in grid!
2025-12-15 10:21:49,979-DEBUG-root-32920::webapp_internal::wait_blocker|2444:: Waiting blocker to continue...
2025-12-15 10:21:50,127-DEBUG-root-32920::webapp_internal::wait_blocker|2469:: Blocker status: False
2025-12-15 10:21:55,200-DEBUG-root-32920::webapp_internal::fill_grid|6498:: Trying open cell in grid!
2025-12-15 10:21:55,468-DEBUG-root-32920::webapp_internal::wait_blocker|2444:: Waiting blocker to continue...
2025-12-15 10:21:55,683-DEBUG-root-32920::webapp_internal::wait_blocker|2469:: Blocker status: False
2025-12-15 10:22:00,863-DEBUG-root-32920::webapp_internal::fill_grid|6498:: Trying open cell in grid!
2025-12-15 10:22:01,154-DEBUG-root-32920::webapp_internal::wait_blocker|2444:: Waiting blocker to continue...
2025-12-15 10:22:01,301-DEBUG-root-32920::webapp_internal::wait_blocker|2469:: Blocker status: False
2025-12-15 10:22:06,450-DEBUG-root-32920::webapp_internal::fill_grid|6498:: Trying open cell in grid!
2025-12-15 10:22:06,746-DEBUG-root-32920::webapp_internal::wait_blocker|2444:: Waiting blocker to continue...
2025-12-15 10:22:06,913-DEBUG-root-32920::webapp_internal::wait_blocker|2469:: Blocker status: False
2025-12-15 10:22:09,851-DEBUG-root-32920::webapp_internal::wait_element_timeout|7726:: Element found! Waiting for element to be displayed.
2025-12-15 10:22:10,170-WARNING-root-32920::webapp_internal::log_error|8143:: Warning log_error Couldn't find option
2025-12-15 10:22:10,171-DEBUG-root-32920::webapp_internal::log_error|8146:: ***System Info*** in log_error():
2025-12-15 10:22:10,171-DEBUG-root-32920::psutil_info::system_info|5:: CPU USAGE: 11.6%
2025-12-15 10:22:10,172-DEBUG-root-32920::psutil_info::system_info|6:: MEMORY USAGE: 90.2%
2025-12-15 10:22:10,172-DEBUG-root-32920::psutil_info::system_info|7:: MEMORY AVAILABLE: 9.8%
2025-12-15 10:22:10,191-DEBUG-root-32920::log::take_screenshot_log|612:: take_screenshot_log in:2025-12-15 10:22:10.191958

2025-12-15 10:22:10,295-DEBUG-root-32920::log::take_screenshot_log|627:: Screenshot file created successfully: Log\GESIT03\97137227104_20251215102210191_Viagem -_test_Cadastro_Orcamento_Viagem.png
2025-12-15 10:22:11,309-DEBUG-root-32920::log::checks_empty_line|221:: Checking empty default log info
2025-12-15 10:22:11,312-DEBUG-root-32920::log::generate_log|503:: Json log_data: {'cLogDtExec': '15/12/2025 10:22:11', 'cLogNomUsr': '97137227104', 'cLogNomEst': 'GESIT03', 'cLogProgra': None, 'cLogDtProg': '', 'cLogHrProg': '', 'nLogCtsOk': 0, 'nLogCtsNok': 1, 'nLogCtsSeg': 276.83, 'cLogVersao': '12', 'cLogReleas': '12.1.2410', 'nLogCtsErr': "Viagem - Couldn't find option", 'cLogBancod': 'ORACLE', 'cLogIdenti': '', 'cLogIdExec': '20251215', 'cLogPais': 'BRA', 'cLogTool': 'TIR', 'cLogSequen': '694f0a', 'nLogCtsTot': 1, 'cLogDtExea': '15/12/2025', 'cLogHrExea': '10:22:11', 'cLogArea': 'Desenvolvimento', 'cLogMnExec': 4.613833333333333}
2025-12-15 10:22:11,312-INFO-root-32920::log::send_log_with_retries|515:: Saving log locally.
2025-12-15 10:22:11,312-INFO-root-32920::log::save_log_locally|548:: [FwSendLog]: Não foi possível enviar o log após todas as tentativas.
2025-12-15 10:22:11,313-INFO-root-32920::log::save_log_locally|555:: [FwSendLog]: Log salvo localmente em C:\TIR_TESTE\1765804931.json.
2025-12-15 10:22:12,422-ERROR-root-32920::webapp_internal::fill_grid|6675:: fill grid error: False is not true : Viagem - Couldn't find option
Traceback (most recent call last):
  File "C:\TIR_TESTE\venv\Lib\site-packages\tir\technologies\webapp_internal.py", line 6650, in fill_grid
    self.log_error("Couldn't find option")
  File "C:\TIR_TESTE\venv\Lib\site-packages\tir\technologies\webapp_internal.py", line 8206, in log_error
    self.assertTrue(False, log_message)
  File "C:\Users\97137227104\AppData\Local\Programs\Python\Python312\Lib\unittest\case.py", line 727, in assertTrue
    raise self.failureException(msg)
AssertionError: False is not true : Viagem - Couldn't find option
2025-12-15 10:22:12,424-WARNING-root-32920::webapp_internal::log_error|8143:: Warning log_error fill grid error: False is not true : Viagem - Couldn't find option
2025-12-15 10:22:12,424-DEBUG-root-32920::webapp_internal::log_error|8146:: ***System Info*** in log_error():
2025-12-15 10:22:12,424-DEBUG-root-32920::psutil_info::system_info|5:: CPU USAGE: 24.6%
2025-12-15 10:22:12,425-DEBUG-root-32920::psutil_info::system_info|6:: MEMORY USAGE: 82.9%
2025-12-15 10:22:12,425-DEBUG-root-32920::psutil_info::system_info|7:: MEMORY AVAILABLE: 17.1%
2025-12-15 10:22:12,452-ERROR-root-32920::webapp_internal::log_error|8181:: Warning Log Error Close Message: Tried to run command without establishing a connection
Traceback (most recent call last):
  File "C:\TIR_TESTE\venv\Lib\site-packages\tir\technologies\webapp_internal.py", line 6650, in fill_grid
    self.log_error("Couldn't find option")
  File "C:\TIR_TESTE\venv\Lib\site-packages\tir\technologies\webapp_internal.py", line 8206, in log_error
    self.assertTrue(False, log_message)
  File "C:\Users\97137227104\AppData\Local\Programs\Python\Python312\Lib\unittest\case.py", line 727, in assertTrue
    raise self.failureException(msg)
AssertionError: False is not true : Viagem - Couldn't find option

During handling of the above exception, another exception occurred:

Traceback (most recent call last):
  File "C:\TIR_TESTE\venv\Lib\site-packages\tir\technologies\webapp_internal.py", line 8179, in log_error
    self.driver.close()
  File "C:\TIR_TESTE\venv\Lib\site-packages\selenium\webdriver\remote\webdriver.py", line 458, in close
    self.execute(Command.CLOSE)
  File "C:\TIR_TESTE\venv\Lib\site-packages\selenium\webdriver\remote\webdriver.py", line 347, in execute
    self.error_handler.check_response(response)
  File "C:\TIR_TESTE\venv\Lib\site-packages\selenium\webdriver\remote\errorhandler.py", line 229, in check_response
    raise exception_class(message, screen, stacktrace)
selenium.common.exceptions.InvalidSessionIdException: Message: Tried to run command without establishing a connection

2025-12-15 10:22:12,455-ERROR-root-32920::webapp_internal::SetKey|5901:: False is not true : Viagem - fill grid error: False is not true : Viagem - Couldn't find option
Traceback (most recent call last):
  File "C:\TIR_TESTE\venv\Lib\site-packages\tir\technologies\webapp_internal.py", line 6650, in fill_grid
    self.log_error("Couldn't find option")
  File "C:\TIR_TESTE\venv\Lib\site-packages\tir\technologies\webapp_internal.py", line 8206, in log_error
    self.assertTrue(False, log_message)
  File "C:\Users\97137227104\AppData\Local\Programs\Python\Python312\Lib\unittest\case.py", line 727, in assertTrue
    raise self.failureException(msg)
AssertionError: False is not true : Viagem - Couldn't find option

During handling of the above exception, another exception occurred:

Traceback (most recent call last):
  File "C:\TIR_TESTE\venv\Lib\site-packages\tir\technologies\webapp_internal.py", line 5861, in SetKey
    self.LoadGrid()
  File "C:\TIR_TESTE\venv\Lib\site-packages\tir\technologies\webapp_internal.py", line 6301, in LoadGrid
    self.fill_grid(field, x3_dictionaries, initial_layer, duplicate_fields)
  File "C:\TIR_TESTE\venv\Lib\site-packages\tir\technologies\webapp_internal.py", line 6676, in fill_grid
    self.log_error(f'fill grid error: {str(e)}')
  File "C:\TIR_TESTE\venv\Lib\site-packages\tir\technologies\webapp_internal.py", line 8206, in log_error
    self.assertTrue(False, log_message)
  File "C:\Users\97137227104\AppData\Local\Programs\Python\Python312\Lib\unittest\case.py", line 727, in assertTrue
    raise self.failureException(msg)
AssertionError: False is not true : Viagem - fill grid error: False is not true : Viagem - Couldn't find option
2025-12-15 10:22:12,457-DEBUG-root-32920::webapp_internal::wait_blocker|2444:: Waiting blocker to continue...
2025-12-15 10:22:12,460-DEBUG-root-32920::webapp_internal::wait_blocker|2469:: Blocker status: None
2025-12-15 10:22:12,461-INFO-root-32920::webapp_internal::SetKey|5822:: Key pressed: TAB
2025-12-15 10:22:12,461-DEBUG-root-32920::webapp_internal::SetKey|5857:: Trying press key
2025-12-15 10:22:12,461-DEBUG-root-32920::webapp_internal::wait_element|7623:: Waiting for element
2025-12-15 10:22:12,463-WARNING-root-32920::webapp_internal::log_error|8143:: Warning log_error SetKey - Screen is not load: Message: Tried to run command without establishing a connection

2025-12-15 10:22:12,463-DEBUG-root-32920::webapp_internal::log_error|8146:: ***System Info*** in log_error():
2025-12-15 10:22:12,463-DEBUG-root-32920::psutil_info::system_info|5:: CPU USAGE: 7.7%
2025-12-15 10:22:12,464-DEBUG-root-32920::psutil_info::system_info|6:: MEMORY USAGE: 82.9%
2025-12-15 10:22:12,464-DEBUG-root-32920::psutil_info::system_info|7:: MEMORY AVAILABLE: 17.1%
2025-12-15 10:22:12,488-ERROR-root-32920::webapp_internal::log_error|8181:: Warning Log Error Close Message: Tried to run command without establishing a connection
Traceback (most recent call last):
  File "C:\TIR_TESTE\venv\Lib\site-packages\tir\technologies\core\base.py", line 501, in get_current_DOM
    self.driver.switch_to.default_content()
  File "C:\TIR_TESTE\venv\Lib\site-packages\selenium\webdriver\remote\switch_to.py", line 69, in default_content
    self._driver.execute(Command.SWITCH_TO_FRAME, {"id": None})
  File "C:\TIR_TESTE\venv\Lib\site-packages\selenium\webdriver\remote\webdriver.py", line 347, in execute
    self.error_handler.check_response(response)
  File "C:\TIR_TESTE\venv\Lib\site-packages\selenium\webdriver\remote\errorhandler.py", line 229, in check_response
    raise exception_class(message, screen, stacktrace)
selenium.common.exceptions.InvalidSessionIdException: Message: Tried to run command without establishing a connection


During handling of the above exception, another exception occurred:

Traceback (most recent call last):
  File "C:\TIR_TESTE\venv\Lib\site-packages\tir\technologies\webapp_internal.py", line 5861, in SetKey
    self.LoadGrid()
  File "C:\TIR_TESTE\venv\Lib\site-packages\tir\technologies\webapp_internal.py", line 6284, in LoadGrid
    self.wait_element(term=selector, scrap_type=enum.ScrapType.CSS_SELECTOR)
  File "C:\TIR_TESTE\venv\Lib\site-packages\tir\technologies\webapp_internal.py", line 7626, in wait_element
    while (not self.element_exists(term, scrap_type, position, optional_term, main_container, check_error, twebview, second_term) and time.time() < endtime):
               ^^^^^^^^^^^^^^^^^^^^^^^^^^^^^^^^^^^^^^^^^^^^^^^^^^^^^^^^^^^^^^^^^^^^^^^^^^^^^^^^^^^^^^^^^^^^^^^^^^^^^^^^^^^^^^^^^^
  File "C:\TIR_TESTE\venv\Lib\site-packages\tir\technologies\webapp_internal.py", line 4073, in element_exists
    soup = self.get_current_DOM(twebview=twebview)
           ^^^^^^^^^^^^^^^^^^^^^^^^^^^^^^^^^^^^^^^
  File "C:\TIR_TESTE\venv\Lib\site-packages\tir\technologies\core\base.py", line 538, in get_current_DOM
    self.driver.switch_to.default_content()
  File "C:\TIR_TESTE\venv\Lib\site-packages\selenium\webdriver\remote\switch_to.py", line 69, in default_content
    self._driver.execute(Command.SWITCH_TO_FRAME, {"id": None})
  File "C:\TIR_TESTE\venv\Lib\site-packages\selenium\webdriver\remote\webdriver.py", line 347, in execute
    self.error_handler.check_response(response)
  File "C:\TIR_TESTE\venv\Lib\site-packages\selenium\webdriver\remote\errorhandler.py", line 229, in check_response
    raise exception_class(message, screen, stacktrace)
selenium.common.exceptions.InvalidSessionIdException: Message: Tried to run command without establishing a connection


During handling of the above exception, another exception occurred:

Traceback (most recent call last):
  File "C:\TIR_TESTE\venv\Lib\site-packages\tir\technologies\webapp_internal.py", line 8179, in log_error
    self.driver.close()
  File "C:\TIR_TESTE\venv\Lib\site-packages\selenium\webdriver\remote\webdriver.py", line 458, in close
    self.execute(Command.CLOSE)
  File "C:\TIR_TESTE\venv\Lib\site-packages\selenium\webdriver\remote\webdriver.py", line 347, in execute
    self.error_handler.check_response(response)
  File "C:\TIR_TESTE\venv\Lib\site-packages\selenium\webdriver\remote\errorhandler.py", line 229, in check_response
    raise exception_class(message, screen, stacktrace)
selenium.common.exceptions.InvalidSessionIdException: Message: Tried to run command without establishing a connection

2025-12-15 10:22:13,086-ERROR-root-32920::webapp_internal::TearDown|9654:: Warning tearDown Close Message: Tried to run command without establishing a connection
Traceback (most recent call last):
  File "C:\TIR_TESTE\venv\Lib\site-packages\tir\technologies\webapp_internal.py", line 9652, in TearDown
    self.driver.close()
  File "C:\TIR_TESTE\venv\Lib\site-packages\selenium\webdriver\remote\webdriver.py", line 458, in close
    self.execute(Command.CLOSE)
  File "C:\TIR_TESTE\venv\Lib\site-packages\selenium\webdriver\remote\webdriver.py", line 347, in execute
    self.error_handler.check_response(response)
  File "C:\TIR_TESTE\venv\Lib\site-packages\selenium\webdriver\remote\errorhandler.py", line 229, in check_response
    raise exception_class(message, screen, stacktrace)
selenium.common.exceptions.InvalidSessionIdException: Message: Tried to run command without establishing a connection

2025-12-15 10:17:33,732-DEBUG-root-32920::logging_config::logger|189:: Log file created: 'Log\GESIT03\TIR__20251215101733707.log'
2025-12-15 10:17:33,732-INFO-root-32920::base::Start|1183:: TIR Version: 2.4.3
2025-12-15 10:17:33,732-INFO-root-32920::base::Start|1184:: Python Version: 3.12.10
2025-12-15 10:17:33,732-INFO-root-32920::base::Start|1185:: Starting the browser
2025-12-15 10:17:41,976-INFO-root-32920::base::get_url|1294:: Page is ready!
2025-12-15 10:17:41,993-INFO-root-32920::base::Start|1256:: Browser maximized to 1936x1048
2025-12-15 10:17:41,993-INFO-root-32920::base::Start|1258:: Screen size is different from default used in headless mode
2025-12-15 10:17:42,192-INFO-root-32920::webapp_internal::Setup|247:: ***System Info*** in Setup():
2025-12-15 10:17:42,193-DEBUG-root-32920::psutil_info::system_info|5:: CPU USAGE: 22.7%
2025-12-15 10:17:42,193-DEBUG-root-32920::psutil_info::system_info|6:: MEMORY USAGE: 90.2%
2025-12-15 10:17:42,193-DEBUG-root-32920::psutil_info::system_info|7:: MEMORY AVAILABLE: 9.77%
2025-12-15 10:17:42,218-INFO-root-32920::base::webapp_shadowroot|1394:: Webapp: 10.1.6-RC4
2025-12-15 10:17:42,293-INFO-root-32920::webapp_internal::filling_initial_program|449:: Filling Initial Program: "SIGAMDI"
2025-12-15 10:17:42,293-DEBUG-root-32920::webapp_internal::wait_element|7623:: Waiting for element
2025-12-15 10:17:42,331-DEBUG-root-32920::webapp_internal::wait_element|7653:: Element found! Waiting for element to be displayed.
2025-12-15 10:17:42,503-DEBUG-root-32920::base::click|192:: Click Type: ClickType.JS
2025-12-15 10:17:42,509-DEBUG-root-32920::webapp_internal::try_send_keys|7976:: Trying to send keys to element using technique 0
2025-12-15 10:17:42,902-DEBUG-root-32920::webapp_internal::get_web_value|3232:: Current value: SIGAMDI
2025-12-15 10:17:42,902-INFO-root-32920::webapp_internal::filling_server_environment|463:: Filling Server Environment: "POUPEX_TST"
2025-12-15 10:17:42,902-DEBUG-root-32920::webapp_internal::wait_element|7623:: Waiting for element
2025-12-15 10:17:42,951-DEBUG-root-32920::webapp_internal::wait_element|7653:: Element found! Waiting for element to be displayed.
2025-12-15 10:17:43,360-DEBUG-root-32920::base::click|192:: Click Type: ClickType.JS
2025-12-15 10:17:43,482-DEBUG-root-32920::webapp_internal::try_send_keys|7976:: Trying to send keys to element using technique 0
2025-12-15 10:17:44,002-DEBUG-root-32920::webapp_internal::get_web_value|3232:: Current value: POUPEX_TST
2025-12-15 10:17:44,035-DEBUG-root-32920::base::click|192:: Click Type: ClickType.JS
2025-12-15 10:17:44,054-DEBUG-root-32920::webapp_internal::user_screen|519:: Filling user screen
2025-12-15 10:17:50,866-DEBUG-root-32920::base::scroll_to_element|759:: ********Warining scroll_to_element exception: Message: TypeError: can't access property "scrollIntoView", arguments[0] is null
Stacktrace:
@https://qasrverp:10020/webapp/:2:7
@https://qasrverp:10020/webapp/:3:8
*********
2025-12-15 10:17:50,899-DEBUG-root-32920::webapp_internal::wait_element_timeout|7726:: Element found! Waiting for element to be displayed.
2025-12-15 10:17:50,969-DEBUG-root-32920::base::scroll_to_element|759:: ********Warining scroll_to_element exception: Message: TypeError: can't access property "scrollIntoView", arguments[0] is null
Stacktrace:
@https://qasrverp:10020/webapp/:2:7
@https://qasrverp:10020/webapp/:3:8
*********
2025-12-15 10:17:51,105-INFO-root-32920::webapp_internal::user_screen|561:: Filling User
2025-12-15 10:17:51,129-DEBUG-root-32920::base::double_click|259:: Click Type: ClickType.SELENIUM
2025-12-15 10:17:51,314-DEBUG-root-32920::webapp_internal::get_web_value|3232:: Current value: 97137227104
2025-12-15 10:17:51,336-INFO-root-32920::webapp_internal::user_screen|621:: Filling Password
2025-12-15 10:17:51,362-DEBUG-root-32920::base::click|192:: Click Type: ClickType.JS
2025-12-15 10:17:51,433-DEBUG-root-32920::webapp_internal::get_web_value|3232:: Current value: Deire20191817+
2025-12-15 10:17:51,433-DEBUG-root-32920::webapp_internal::wait_blocker|2444:: Waiting blocker to continue...
2025-12-15 10:17:51,462-DEBUG-root-32920::webapp_internal::wait_blocker|2469:: Blocker status: None
2025-12-15 10:17:51,484-DEBUG-root-32920::webapp_internal::wait_blocker|2444:: Waiting blocker to continue...
2025-12-15 10:17:51,511-DEBUG-root-32920::webapp_internal::wait_blocker|2469:: Blocker status: None
2025-12-15 10:17:51,550-DEBUG-root-32920::webapp_internal::wait_blocker|2444:: Waiting blocker to continue...
2025-12-15 10:17:51,578-DEBUG-root-32920::webapp_internal::wait_blocker|2469:: Blocker status: None
2025-12-15 10:17:51,579-DEBUG-root-32920::webapp_internal::send_action|10480:: Trying to send action
2025-12-15 10:17:51,584-DEBUG-root-32920::base::click|192:: Click Type: ClickType.JS
2025-12-15 10:17:52,628-DEBUG-root-32920::webapp_internal::send_action|10522:: send_action method result = True
2025-12-15 10:17:52,628-DEBUG-root-32920::webapp_internal::send_action|10523:: send_action selenium status: False
2025-12-15 10:17:54,973-DEBUG-root-32920::base::scroll_to_element|759:: ********Warining scroll_to_element exception: Message: TypeError: can't access property "scrollIntoView", arguments[0] is null
Stacktrace:
@https://qasrverp:10020/webapp/:2:7
@https://qasrverp:10020/webapp/:3:8
*********
2025-12-15 10:17:55,032-INFO-root-32920::webapp_internal::filling_date|885:: Filling Date: "15/12/2025"
2025-12-15 10:17:55,032-DEBUG-root-32920::webapp_internal::wait_blocker|2444:: Waiting blocker to continue...
2025-12-15 10:17:55,070-DEBUG-root-32920::webapp_internal::wait_blocker|2469:: Blocker status: None
2025-12-15 10:17:55,073-DEBUG-root-32920::base::click|192:: Click Type: ClickType.JS
2025-12-15 10:17:55,099-DEBUG-root-32920::webapp_internal::try_send_keys|7976:: Trying to send keys to element using technique 1
2025-12-15 10:17:55,170-DEBUG-root-32920::webapp_internal::get_web_value|3232:: Current value: 15/12/2025
2025-12-15 10:17:56,267-INFO-root-32920::webapp_internal::filling_group|955:: Filling Group: "02"
2025-12-15 10:17:56,267-DEBUG-root-32920::webapp_internal::wait_blocker|2444:: Waiting blocker to continue...
2025-12-15 10:17:56,301-DEBUG-root-32920::webapp_internal::wait_blocker|2469:: Blocker status: None
2025-12-15 10:17:56,305-DEBUG-root-32920::base::click|192:: Click Type: ClickType.JS
2025-12-15 10:17:56,360-DEBUG-root-32920::webapp_internal::get_web_value|3232:: Current value: 02
2025-12-15 10:17:57,424-INFO-root-32920::webapp_internal::filling_branch|1047:: Filling Branch: "02DF0001"
2025-12-15 10:17:57,424-DEBUG-root-32920::webapp_internal::wait_blocker|2444:: Waiting blocker to continue...
2025-12-15 10:17:57,461-DEBUG-root-32920::webapp_internal::wait_blocker|2469:: Blocker status: None
2025-12-15 10:17:57,464-DEBUG-root-32920::base::click|192:: Click Type: ClickType.JS
2025-12-15 10:17:57,524-DEBUG-root-32920::webapp_internal::get_web_value|3232:: Current value: 02DF0001
2025-12-15 10:17:58,612-INFO-root-32920::webapp_internal::filling_environment|1113:: Filling Environment: "07"
2025-12-15 10:17:58,613-DEBUG-root-32920::webapp_internal::wait_blocker|2444:: Waiting blocker to continue...
2025-12-15 10:17:58,647-DEBUG-root-32920::webapp_internal::wait_blocker|2469:: Blocker status: None
2025-12-15 10:17:58,650-DEBUG-root-32920::base::click|192:: Click Type: ClickType.JS
2025-12-15 10:17:58,708-DEBUG-root-32920::webapp_internal::get_web_value|3232:: Current value: 07
2025-12-15 10:17:59,716-DEBUG-root-32920::webapp_internal::close_warning_screen|1489:: Closing warning screen!
2025-12-15 10:18:00,752-DEBUG-root-32920::webapp_internal::check_screen_element|1291:: Checking screen element: "Atenção": False
2025-12-15 10:18:01,863-INFO-root-32920::webapp_internal::environment_screen|796:: Clicking on Button
2025-12-15 10:18:01,864-DEBUG-root-32920::webapp_internal::wait_blocker|2444:: Waiting blocker to continue...
2025-12-15 10:18:01,900-DEBUG-root-32920::webapp_internal::wait_blocker|2469:: Blocker status: None
2025-12-15 10:18:01,903-DEBUG-root-32920::base::click|192:: Click Type: ClickType.JS
2025-12-15 10:18:02,914-DEBUG-root-32920::base::click|192:: Click Type: ClickType.JS
2025-12-15 10:18:03,923-DEBUG-root-32920::base::click|192:: Click Type: ClickType.JS
2025-12-15 10:18:04,931-DEBUG-root-32920::base::click|192:: Click Type: ClickType.JS
2025-12-15 10:18:05,940-DEBUG-root-32920::base::click|192:: Click Type: ClickType.JS
2025-12-15 10:18:06,948-DEBUG-root-32920::base::click|192:: Click Type: ClickType.JS
2025-12-15 10:18:07,957-DEBUG-root-32920::webapp_internal::close_screen_before_menu|368:: Closing screen before the menu
2025-12-15 10:18:08,005-DEBUG-root-32920::webapp_internal::close_warning_screen|1489:: Closing warning screen!
2025-12-15 10:18:09,046-DEBUG-root-32920::webapp_internal::check_screen_element|1291:: Checking screen element: "Atenção": False
2025-12-15 10:18:09,047-DEBUG-root-32920::webapp_internal::close_coin_screen|1424:: Closing coin screen!
2025-12-15 10:18:09,602-DEBUG-root-32920::base::click|192:: Click Type: ClickType.JS
2025-12-15 10:18:09,660-DEBUG-root-32920::webapp_internal::close_warning_screen|1489:: Closing warning screen!
2025-12-15 10:18:10,711-DEBUG-root-32920::webapp_internal::check_screen_element|1291:: Checking screen element: "Atenção": False
2025-12-15 10:18:10,711-DEBUG-root-32920::webapp_internal::close_coin_screen|1424:: Closing coin screen!
2025-12-15 10:18:10,814-INFO-root-32920::webapp_internal::set_log_info|1623:: Getting log info
2025-12-15 10:18:10,814-INFO-root-32920::webapp_internal::SetLateralMenu|4184:: Navigating lateral menu: Ajuda > Sobre
2025-12-15 10:18:10,827-DEBUG-root-32920::webapp_internal::wait_element|7623:: Waiting for element
2025-12-15 10:18:10,872-DEBUG-root-32920::webapp_internal::wait_element|7653:: Element found! Waiting for element to be displayed.
2025-12-15 10:18:11,032-INFO-root-32920::webapp_internal::SetLateralMenu|4203:: Menu item: "Ajuda"
2025-12-15 10:18:11,032-DEBUG-root-32920::webapp_internal::wait_blocker|2444:: Waiting blocker to continue...
2025-12-15 10:18:11,102-DEBUG-root-32920::webapp_internal::wait_blocker|2469:: Blocker status: False
2025-12-15 10:18:11,442-DEBUG-root-32920::webapp_internal::wait_element_timeout|7726:: Element found! Waiting for element to be displayed.
2025-12-15 10:18:11,768-DEBUG-root-32920::webapp_internal::wait_blocker|2444:: Waiting blocker to continue...
2025-12-15 10:18:11,833-DEBUG-root-32920::webapp_internal::wait_blocker|2469:: Blocker status: False
2025-12-15 10:18:14,127-INFO-root-32920::webapp_internal::SetLateralMenu|4203:: Menu item: "Sobre"
2025-12-15 10:18:14,127-DEBUG-root-32920::webapp_internal::wait_blocker|2444:: Waiting blocker to continue...
2025-12-15 10:18:14,189-DEBUG-root-32920::webapp_internal::wait_blocker|2469:: Blocker status: False
2025-12-15 10:18:14,591-DEBUG-root-32920::webapp_internal::wait_element_timeout|7726:: Element found! Waiting for element to be displayed.
2025-12-15 10:18:14,944-DEBUG-root-32920::webapp_internal::wait_blocker|2444:: Waiting blocker to continue...
2025-12-15 10:18:15,010-DEBUG-root-32920::webapp_internal::wait_blocker|2469:: Blocker status: False
2025-12-15 10:18:17,642-DEBUG-root-32920::webapp_internal::wait_blocker|2444:: Waiting blocker to continue...
2025-12-15 10:18:17,714-DEBUG-root-32920::webapp_internal::wait_blocker|2469:: Blocker status: False
2025-12-15 10:18:17,793-DEBUG-root-32920::webapp_internal::wait_element|7623:: Waiting for element
2025-12-15 10:18:17,839-DEBUG-root-32920::webapp_internal::wait_element|7653:: Element found! Waiting for element to be displayed.
2025-12-15 10:18:18,011-INFO-root-32920::webapp_internal::SetButton|4444:: Clicking on Fechar
2025-12-15 10:18:18,011-DEBUG-root-32920::webapp_internal::wait_blocker|2444:: Waiting blocker to continue...
2025-12-15 10:18:18,087-DEBUG-root-32920::webapp_internal::wait_blocker|2469:: Blocker status: False
2025-12-15 10:18:18,269-DEBUG-root-32920::webapp_internal::wait_element_timeout|7726:: Element found! Waiting for element to be displayed.
2025-12-15 10:18:18,347-DEBUG-root-32920::webapp_internal::SetButton|4481:: ***System Info*** Before Clicking on button:Fechar
2025-12-15 10:18:18,347-DEBUG-root-32920::psutil_info::system_info|5:: CPU USAGE: 10.1%
2025-12-15 10:18:18,348-DEBUG-root-32920::psutil_info::system_info|6:: MEMORY USAGE: 90.7%
2025-12-15 10:18:18,349-DEBUG-root-32920::psutil_info::system_info|7:: MEMORY AVAILABLE: 9.3%
2025-12-15 10:18:18,517-DEBUG-root-32920::webapp_internal::wait_element_timeout|7726:: Element found! Waiting for element to be displayed.
2025-12-15 10:18:18,624-DEBUG-root-32920::webapp_internal::wait_blocker|2444:: Waiting blocker to continue...
2025-12-15 10:18:18,697-DEBUG-root-32920::webapp_internal::wait_blocker|2469:: Blocker status: False
2025-12-15 10:18:18,715-DEBUG-root-32920::webapp_internal::wait_blocker|2444:: Waiting blocker to continue...
2025-12-15 10:18:18,791-DEBUG-root-32920::webapp_internal::wait_blocker|2469:: Blocker status: False
2025-12-15 10:18:18,791-DEBUG-root-32920::webapp_internal::send_action|10480:: Trying to send action
2025-12-15 10:18:18,794-DEBUG-root-32920::base::click|192:: Click Type: ClickType.JS
2025-12-15 10:18:19,829-DEBUG-root-32920::webapp_internal::send_action|10522:: send_action method result = True
2025-12-15 10:18:19,829-DEBUG-root-32920::webapp_internal::send_action|10523:: send_action selenium status: False
2025-12-15 10:18:19,830-DEBUG-root-32920::webapp_internal::SetButton|4683:: ***System Info*** After Clicking on button:
2025-12-15 10:18:19,830-DEBUG-root-32920::psutil_info::system_info|5:: CPU USAGE: 7.7%
2025-12-15 10:18:19,830-DEBUG-root-32920::psutil_info::system_info|6:: MEMORY USAGE: 90.9%
2025-12-15 10:18:19,831-DEBUG-root-32920::psutil_info::system_info|7:: MEMORY AVAILABLE: 9.1%
2025-12-15 10:18:19,831-DEBUG-root-32920::webapp_internal::wait_element|7623:: Waiting for element
2025-12-15 10:18:19,964-INFO-root-32920::webapp_internal::SetLateralMenu|4184:: Navigating lateral menu: Atualizações > Gestao de Viagens > Solicitações
2025-12-15 10:18:19,974-DEBUG-root-32920::webapp_internal::wait_element|7623:: Waiting for element
2025-12-15 10:18:20,010-DEBUG-root-32920::webapp_internal::wait_element|7653:: Element found! Waiting for element to be displayed.
2025-12-15 10:18:20,173-INFO-root-32920::webapp_internal::SetLateralMenu|4203:: Menu item: "Atualizações"
2025-12-15 10:18:20,174-DEBUG-root-32920::webapp_internal::wait_blocker|2444:: Waiting blocker to continue...
2025-12-15 10:18:20,237-DEBUG-root-32920::webapp_internal::wait_blocker|2469:: Blocker status: False
2025-12-15 10:18:20,644-DEBUG-root-32920::webapp_internal::wait_element_timeout|7726:: Element found! Waiting for element to be displayed.
2025-12-15 10:18:20,992-DEBUG-root-32920::webapp_internal::wait_blocker|2444:: Waiting blocker to continue...
2025-12-15 10:18:21,054-DEBUG-root-32920::webapp_internal::wait_blocker|2469:: Blocker status: False
2025-12-15 10:18:23,347-INFO-root-32920::webapp_internal::SetLateralMenu|4203:: Menu item: "Gestao de Viagens"
2025-12-15 10:18:23,348-DEBUG-root-32920::webapp_internal::wait_blocker|2444:: Waiting blocker to continue...
2025-12-15 10:18:23,446-DEBUG-root-32920::webapp_internal::wait_blocker|2469:: Blocker status: False
2025-12-15 10:18:24,227-DEBUG-root-32920::webapp_internal::wait_element_timeout|7726:: Element found! Waiting for element to be displayed.
2025-12-15 10:18:24,953-DEBUG-root-32920::webapp_internal::wait_blocker|2444:: Waiting blocker to continue...
2025-12-15 10:18:25,052-DEBUG-root-32920::webapp_internal::wait_blocker|2469:: Blocker status: False
2025-12-15 10:18:27,353-INFO-root-32920::webapp_internal::SetLateralMenu|4203:: Menu item: "Solicitações"
2025-12-15 10:18:27,353-DEBUG-root-32920::webapp_internal::wait_blocker|2444:: Waiting blocker to continue...
2025-12-15 10:18:27,432-DEBUG-root-32920::webapp_internal::wait_blocker|2469:: Blocker status: False
2025-12-15 10:18:28,357-DEBUG-root-32920::webapp_internal::wait_element_timeout|7726:: Element found! Waiting for element to be displayed.
2025-12-15 10:18:29,188-DEBUG-root-32920::webapp_internal::wait_blocker|2444:: Waiting blocker to continue...
2025-12-15 10:18:29,267-DEBUG-root-32920::webapp_internal::wait_blocker|2469:: Blocker status: False
2025-12-15 10:18:32,813-DEBUG-root-32920::webapp_internal::wait_blocker|2444:: Waiting blocker to continue...
2025-12-15 10:18:32,887-DEBUG-root-32920::webapp_internal::wait_blocker|2469:: Blocker status: False
2025-12-15 10:18:32,973-INFO-root-32920::webapp_internal::WaitShow|4980:: Waiting show text 'Este ambiente utiliza base de Homologação.'...
2025-12-15 10:18:38,140-INFO-root-32920::webapp_internal::WaitShow|4980:: Waiting show text 'Moedas'...
2025-12-15 10:18:43,628-INFO-root-32920::webapp_internal::WaitShow|4980:: Waiting show text 'Solicitação de Viagens/Treinamento'...
2025-12-15 10:18:43,686-INFO-root-32920::webapp_internal::WaitShow|4996:: Text found! 
2025-12-15 10:18:43,686-INFO-root-32920::webapp_internal::SetButton|4444:: Clicking on Incluir
2025-12-15 10:18:43,686-DEBUG-root-32920::webapp_internal::wait_blocker|2444:: Waiting blocker to continue...
2025-12-15 10:18:43,780-DEBUG-root-32920::webapp_internal::wait_blocker|2469:: Blocker status: False
2025-12-15 10:18:44,180-DEBUG-root-32920::webapp_internal::wait_element_timeout|7726:: Element found! Waiting for element to be displayed.
2025-12-15 10:18:44,451-DEBUG-root-32920::webapp_internal::SetButton|4481:: ***System Info*** Before Clicking on button:Incluir
2025-12-15 10:18:44,451-DEBUG-root-32920::psutil_info::system_info|5:: CPU USAGE: 10.8%
2025-12-15 10:18:44,452-DEBUG-root-32920::psutil_info::system_info|6:: MEMORY USAGE: 91.5%
2025-12-15 10:18:44,452-DEBUG-root-32920::psutil_info::system_info|7:: MEMORY AVAILABLE: 8.46%
2025-12-15 10:18:44,830-DEBUG-root-32920::webapp_internal::wait_element_timeout|7726:: Element found! Waiting for element to be displayed.
2025-12-15 10:18:45,187-DEBUG-root-32920::webapp_internal::wait_blocker|2444:: Waiting blocker to continue...
2025-12-15 10:18:45,281-DEBUG-root-32920::webapp_internal::wait_blocker|2469:: Blocker status: False
2025-12-15 10:18:45,301-DEBUG-root-32920::webapp_internal::wait_blocker|2444:: Waiting blocker to continue...
2025-12-15 10:18:45,395-DEBUG-root-32920::webapp_internal::wait_blocker|2469:: Blocker status: False
2025-12-15 10:18:45,396-DEBUG-root-32920::webapp_internal::send_action|10480:: Trying to send action
2025-12-15 10:18:45,398-DEBUG-root-32920::base::click|192:: Click Type: ClickType.JS
2025-12-15 10:18:46,677-DEBUG-root-32920::webapp_internal::send_action|10522:: send_action method result = True
2025-12-15 10:18:46,677-DEBUG-root-32920::webapp_internal::send_action|10523:: send_action selenium status: True
2025-12-15 10:18:46,678-DEBUG-root-32920::webapp_internal::SetButton|4683:: ***System Info*** After Clicking on button:
2025-12-15 10:18:46,678-DEBUG-root-32920::psutil_info::system_info|5:: CPU USAGE: 8.3%
2025-12-15 10:18:46,678-DEBUG-root-32920::psutil_info::system_info|6:: MEMORY USAGE: 91.2%
2025-12-15 10:18:46,678-DEBUG-root-32920::psutil_info::system_info|7:: MEMORY AVAILABLE: 8.79%
2025-12-15 10:18:46,880-DEBUG-root-32920::webapp_internal::wait_blocker|2444:: Waiting blocker to continue...
2025-12-15 10:18:46,993-DEBUG-root-32920::webapp_internal::wait_blocker|2469:: Blocker status: False
2025-12-15 10:18:46,994-INFO-root-32920::webapp_internal::SearchBrowse|2003:: Searching: 02DF0001
2025-12-15 10:18:47,152-DEBUG-root-32920::webapp_internal::wait_element_timeout|7726:: Element found! Waiting for element to be displayed.
2025-12-15 10:18:47,248-DEBUG-root-32920::webapp_internal::wait_blocker|2444:: Waiting blocker to continue...
2025-12-15 10:18:47,351-DEBUG-root-32920::webapp_internal::wait_blocker|2469:: Blocker status: False
2025-12-15 10:18:47,363-DEBUG-root-32920::webapp_internal::wait_blocker|2444:: Waiting blocker to continue...
2025-12-15 10:18:47,466-DEBUG-root-32920::webapp_internal::wait_blocker|2469:: Blocker status: False
2025-12-15 10:18:47,466-INFO-root-32920::webapp_internal::fill_search_browse|2399:: Filling: 02DF0001
2025-12-15 10:18:47,481-DEBUG-root-32920::base::click|192:: Click Type: ClickType.JS
2025-12-15 10:18:48,567-DEBUG-root-32920::webapp_internal::wait_blocker|2444:: Waiting blocker to continue...
2025-12-15 10:18:48,667-DEBUG-root-32920::webapp_internal::wait_blocker|2469:: Blocker status: False
2025-12-15 10:18:48,669-DEBUG-root-32920::base::double_click|259:: Click Type: ClickType.SELENIUM
2025-12-15 10:18:48,678-WARNING-root-32920::base::double_click|280:: Warning double_click method Exception: Message: Element <button class="button-image" type="button"> is not clickable at point (1258,360) because another element <wa-button id="COMP6023" class="dict-tbutton focus"> obscures it
Stacktrace:
RemoteError@chrome://remote/content/shared/RemoteError.sys.mjs:8:8
WebDriverError@chrome://remote/content/shared/webdriver/Errors.sys.mjs:202:5
ElementClickInterceptedError@chrome://remote/content/shared/webdriver/Errors.sys.mjs:354:5
webdriverClickElement@chrome://remote/content/marionette/interaction.sys.mjs:175:11
interaction.clickElement@chrome://remote/content/marionette/interaction.sys.mjs:134:11
clickElement@chrome://remote/content/marionette/actors/MarionetteCommandsChild.sys.mjs:327:29
receiveMessage@chrome://remote/content/marionette/actors/MarionetteCommandsChild.sys.mjs:210:31

2025-12-15 10:18:48,981-INFO-root-32920::webapp_internal::SetButton|4444:: Clicking on OK
2025-12-15 10:18:48,981-DEBUG-root-32920::webapp_internal::wait_blocker|2444:: Waiting blocker to continue...
2025-12-15 10:18:49,113-DEBUG-root-32920::webapp_internal::wait_blocker|2469:: Blocker status: False
2025-12-15 10:18:49,451-DEBUG-root-32920::webapp_internal::wait_element_timeout|7726:: Element found! Waiting for element to be displayed.
2025-12-15 10:18:49,655-DEBUG-root-32920::webapp_internal::SetButton|4481:: ***System Info*** Before Clicking on button:OK
2025-12-15 10:18:49,655-DEBUG-root-32920::psutil_info::system_info|5:: CPU USAGE: 11.8%
2025-12-15 10:18:49,656-DEBUG-root-32920::psutil_info::system_info|6:: MEMORY USAGE: 91.3%
2025-12-15 10:18:49,656-DEBUG-root-32920::psutil_info::system_info|7:: MEMORY AVAILABLE: 8.67%
2025-12-15 10:18:49,962-DEBUG-root-32920::webapp_internal::wait_element_timeout|7726:: Element found! Waiting for element to be displayed.
2025-12-15 10:18:50,233-DEBUG-root-32920::webapp_internal::wait_blocker|2444:: Waiting blocker to continue...
2025-12-15 10:18:50,344-DEBUG-root-32920::webapp_internal::wait_blocker|2469:: Blocker status: False
2025-12-15 10:18:50,368-DEBUG-root-32920::webapp_internal::wait_blocker|2444:: Waiting blocker to continue...
2025-12-15 10:18:50,501-DEBUG-root-32920::webapp_internal::wait_blocker|2469:: Blocker status: False
2025-12-15 10:18:50,501-DEBUG-root-32920::webapp_internal::send_action|10480:: Trying to send action
2025-12-15 10:18:50,503-DEBUG-root-32920::base::click|192:: Click Type: ClickType.JS
2025-12-15 10:18:53,067-DEBUG-root-32920::webapp_internal::send_action|10522:: send_action method result = True
2025-12-15 10:18:53,067-DEBUG-root-32920::webapp_internal::send_action|10523:: send_action selenium status: True
2025-12-15 10:18:53,068-DEBUG-root-32920::webapp_internal::SetButton|4683:: ***System Info*** After Clicking on button:
2025-12-15 10:18:53,068-DEBUG-root-32920::psutil_info::system_info|5:: CPU USAGE: 13.0%
2025-12-15 10:18:53,069-DEBUG-root-32920::psutil_info::system_info|6:: MEMORY USAGE: 91.5%
2025-12-15 10:18:53,069-DEBUG-root-32920::psutil_info::system_info|7:: MEMORY AVAILABLE: 8.54%
2025-12-15 10:18:53,270-INFO-root-32920::webapp_internal::WaitShow|4980:: Waiting show text 'Solicitacoes de Viagens - INCLUIR'...
2025-12-15 10:18:53,512-INFO-root-32920::webapp_internal::WaitShow|4996:: Text found! 
2025-12-15 10:18:55,035-DEBUG-root-32920::webapp_internal::get_web_value|3232:: Current value: 003689
2025-12-15 10:18:55,036-INFO-root-32920::webapp_internal::GetValue|3393:: Current value: 003689
2025-12-15 10:18:55,036-DEBUG-root-32920::webapp_internal::wait_blocker|2444:: Waiting blocker to continue...
2025-12-15 10:18:55,197-DEBUG-root-32920::webapp_internal::wait_blocker|2469:: Blocker status: False
2025-12-15 10:18:55,197-DEBUG-root-32920::webapp_internal::wait_element|7623:: Waiting for element
2025-12-15 10:18:55,282-DEBUG-root-32920::webapp_internal::wait_element|7653:: Element found! Waiting for element to be displayed.
2025-12-15 10:18:55,357-INFO-root-32920::webapp_internal::input_value|2941:: Looking for element: ZV3_DESCRI
2025-12-15 10:18:55,553-INFO-root-32920::webapp_internal::input_value|2951:: Element: ZV3_DESCRI Found!
2025-12-15 10:18:55,553-INFO-root-32920::webapp_internal::input_value|2953:: Filling element: ZV3_DESCRI
2025-12-15 10:18:55,582-DEBUG-root-32920::webapp_internal::get_web_value|3232:: Current value:                                                   
2025-12-15 10:18:55,626-DEBUG-root-32920::base::double_click|259:: Click Type: ClickType.SELENIUM
2025-12-15 10:18:55,886-DEBUG-root-32920::webapp_internal::wait_blocker|2444:: Waiting blocker to continue...
2025-12-15 10:18:56,027-DEBUG-root-32920::webapp_internal::wait_blocker|2469:: Blocker status: False
2025-12-15 10:18:56,377-DEBUG-root-32920::webapp_internal::get_web_value|3232:: Current value: TESTE AUTOMATIZADO                                
2025-12-15 10:18:56,377-INFO-root-32920::webapp_internal::input_value|3059:: Current field value: TESTE AUTOMATIZADO
2025-12-15 10:18:56,410-DEBUG-root-32920::webapp_internal::wait_blocker|2444:: Waiting blocker to continue...
2025-12-15 10:18:56,586-DEBUG-root-32920::webapp_internal::wait_blocker|2469:: Blocker status: False
2025-12-15 10:18:56,586-DEBUG-root-32920::webapp_internal::wait_element|7623:: Waiting for element
2025-12-15 10:18:56,668-DEBUG-root-32920::webapp_internal::wait_element|7653:: Element found! Waiting for element to be displayed.
2025-12-15 10:18:56,750-INFO-root-32920::webapp_internal::input_value|2941:: Looking for element: ZV3_DTINI
2025-12-15 10:18:56,930-INFO-root-32920::webapp_internal::input_value|2951:: Element: ZV3_DTINI Found!
2025-12-15 10:18:56,930-INFO-root-32920::webapp_internal::input_value|2953:: Filling element: ZV3_DTINI
2025-12-15 10:18:56,964-DEBUG-root-32920::webapp_internal::get_web_value|3232:: Current value:   /  /    
2025-12-15 10:18:57,002-DEBUG-root-32920::base::double_click|259:: Click Type: ClickType.SELENIUM
2025-12-15 10:18:57,256-DEBUG-root-32920::webapp_internal::wait_blocker|2444:: Waiting blocker to continue...
2025-12-15 10:18:57,394-DEBUG-root-32920::webapp_internal::wait_blocker|2469:: Blocker status: False
2025-12-15 10:18:57,733-DEBUG-root-32920::webapp_internal::get_web_value|3232:: Current value: 20/12/2025
2025-12-15 10:18:57,733-INFO-root-32920::webapp_internal::input_value|3059:: Current field value: 20122025
2025-12-15 10:18:57,746-DEBUG-root-32920::webapp_internal::wait_blocker|2444:: Waiting blocker to continue...
2025-12-15 10:18:57,905-DEBUG-root-32920::webapp_internal::wait_blocker|2469:: Blocker status: False
2025-12-15 10:18:57,905-DEBUG-root-32920::webapp_internal::wait_element|7623:: Waiting for element
2025-12-15 10:18:58,033-DEBUG-root-32920::webapp_internal::wait_element|7653:: Element found! Waiting for element to be displayed.
2025-12-15 10:18:58,105-INFO-root-32920::webapp_internal::input_value|2941:: Looking for element: ZV3_DTFIM
2025-12-15 10:18:58,295-INFO-root-32920::webapp_internal::input_value|2951:: Element: ZV3_DTFIM Found!
2025-12-15 10:18:58,296-INFO-root-32920::webapp_internal::input_value|2953:: Filling element: ZV3_DTFIM
2025-12-15 10:18:58,334-DEBUG-root-32920::webapp_internal::get_web_value|3232:: Current value:   /  /    
2025-12-15 10:18:58,370-DEBUG-root-32920::base::double_click|259:: Click Type: ClickType.SELENIUM
2025-12-15 10:18:58,639-DEBUG-root-32920::webapp_internal::wait_blocker|2444:: Waiting blocker to continue...
2025-12-15 10:18:58,777-DEBUG-root-32920::webapp_internal::wait_blocker|2469:: Blocker status: False
2025-12-15 10:18:59,117-DEBUG-root-32920::webapp_internal::get_web_value|3232:: Current value: 25/12/2025
2025-12-15 10:18:59,117-INFO-root-32920::webapp_internal::input_value|3059:: Current field value: 25122025
2025-12-15 10:19:00,131-DEBUG-root-32920::webapp_internal::wait_blocker|2444:: Waiting blocker to continue...
2025-12-15 10:19:00,281-DEBUG-root-32920::webapp_internal::wait_blocker|2469:: Blocker status: False
2025-12-15 10:19:00,281-DEBUG-root-32920::webapp_internal::wait_element|7623:: Waiting for element
2025-12-15 10:19:00,370-DEBUG-root-32920::webapp_internal::wait_element|7653:: Element found! Waiting for element to be displayed.
2025-12-15 10:19:00,449-INFO-root-32920::webapp_internal::input_value|2941:: Looking for element: ZV3_CC
2025-12-15 10:19:00,622-INFO-root-32920::webapp_internal::input_value|2951:: Element: ZV3_CC Found!
2025-12-15 10:19:00,622-INFO-root-32920::webapp_internal::input_value|2953:: Filling element: ZV3_CC
2025-12-15 10:19:00,653-DEBUG-root-32920::webapp_internal::get_web_value|3232:: Current value:          
2025-12-15 10:19:00,701-DEBUG-root-32920::base::double_click|259:: Click Type: ClickType.SELENIUM
2025-12-15 10:19:00,953-DEBUG-root-32920::webapp_internal::wait_blocker|2444:: Waiting blocker to continue...
2025-12-15 10:19:01,095-DEBUG-root-32920::webapp_internal::wait_blocker|2469:: Blocker status: False
2025-12-15 10:19:01,434-DEBUG-root-32920::webapp_internal::get_web_value|3232:: Current value: 000000677
2025-12-15 10:19:01,434-INFO-root-32920::webapp_internal::input_value|3059:: Current field value: 000000677
2025-12-15 10:19:01,446-DEBUG-root-32920::webapp_internal::wait_blocker|2444:: Waiting blocker to continue...
2025-12-15 10:19:01,602-DEBUG-root-32920::webapp_internal::wait_blocker|2469:: Blocker status: False
2025-12-15 10:19:01,602-DEBUG-root-32920::webapp_internal::wait_element|7623:: Waiting for element
2025-12-15 10:19:01,687-DEBUG-root-32920::webapp_internal::wait_element|7653:: Element found! Waiting for element to be displayed.
2025-12-15 10:19:01,767-INFO-root-32920::webapp_internal::input_value|2941:: Looking for element: ZV3_TIPO
2025-12-15 10:19:01,942-INFO-root-32920::webapp_internal::input_value|2951:: Element: ZV3_TIPO Found!
2025-12-15 10:19:01,942-INFO-root-32920::webapp_internal::input_value|2953:: Filling element: ZV3_TIPO
2025-12-15 10:19:03,188-INFO-root-32920::base::select_combo|871:: Selected value for combo is: 1 - Servico
2025-12-15 10:19:03,270-DEBUG-root-32920::webapp_internal::wait_blocker|2444:: Waiting blocker to continue...
2025-12-15 10:19:03,430-DEBUG-root-32920::webapp_internal::wait_blocker|2469:: Blocker status: False
2025-12-15 10:19:03,431-DEBUG-root-32920::webapp_internal::wait_element|7623:: Waiting for element
2025-12-15 10:19:03,559-DEBUG-root-32920::webapp_internal::wait_element|7653:: Element found! Waiting for element to be displayed.
2025-12-15 10:19:03,697-INFO-root-32920::webapp_internal::input_value|2941:: Looking for element: ZV3_OBS
2025-12-15 10:19:03,885-INFO-root-32920::webapp_internal::input_value|2951:: Element: ZV3_OBS Found!
2025-12-15 10:19:03,885-INFO-root-32920::webapp_internal::input_value|2953:: Filling element: ZV3_OBS
2025-12-15 10:19:03,914-DEBUG-root-32920::webapp_internal::get_web_value|3232:: Current value: 
2025-12-15 10:19:03,934-DEBUG-root-32920::base::double_click|259:: Click Type: ClickType.SELENIUM
2025-12-15 10:19:04,186-DEBUG-root-32920::webapp_internal::wait_blocker|2444:: Waiting blocker to continue...
2025-12-15 10:19:04,325-DEBUG-root-32920::webapp_internal::wait_blocker|2469:: Blocker status: False
2025-12-15 10:19:04,662-DEBUG-root-32920::webapp_internal::get_web_value|3232:: Current value: TESTE DE SOLICITAÇÃO DE VIAGEM
2025-12-15 10:19:04,662-INFO-root-32920::webapp_internal::input_value|3059:: Current field value: TESTE DE SOLICITAÇÃO DE VIAGEM
2025-12-15 10:19:04,670-DEBUG-root-32920::webapp_internal::wait_blocker|2444:: Waiting blocker to continue...
2025-12-15 10:19:04,817-DEBUG-root-32920::webapp_internal::wait_blocker|2469:: Blocker status: False
2025-12-15 10:19:04,817-INFO-root-32920::webapp_internal::SetKey|5822:: Key pressed: TAB
2025-12-15 10:19:04,817-DEBUG-root-32920::webapp_internal::SetKey|5857:: Trying press key
2025-12-15 10:19:04,958-DEBUG-root-32920::webapp_internal::wait_blocker|2444:: Waiting blocker to continue...
2025-12-15 10:19:05,096-DEBUG-root-32920::webapp_internal::wait_blocker|2469:: Blocker status: False
2025-12-15 10:19:05,147-DEBUG-root-32920::webapp_internal::wait_blocker|2444:: Waiting blocker to continue...
2025-12-15 10:19:05,284-DEBUG-root-32920::webapp_internal::wait_blocker|2469:: Blocker status: False
2025-12-15 10:19:05,285-DEBUG-root-32920::webapp_internal::send_action|10480:: Trying to send action
2025-12-15 10:19:06,331-DEBUG-root-32920::webapp_internal::send_action|10522:: send_action method result = True
2025-12-15 10:19:06,331-DEBUG-root-32920::webapp_internal::send_action|10523:: send_action selenium status: False
2025-12-15 10:19:06,332-DEBUG-root-32920::webapp_internal::wait_element|7623:: Waiting for element
2025-12-15 10:19:06,437-DEBUG-root-32920::webapp_internal::wait_element|7653:: Element found! Waiting for element to be displayed.
2025-12-15 10:19:06,727-DEBUG-root-32920::webapp_internal::wait_blocker|2444:: Waiting blocker to continue...
2025-12-15 10:19:06,869-DEBUG-root-32920::webapp_internal::wait_blocker|2469:: Blocker status: False
2025-12-15 10:19:06,869-INFO-root-32920::webapp_internal::LoadGrid|6298:: Filling grid field: Favorecido
2025-12-15 10:19:06,870-DEBUG-root-32920::webapp_internal::fill_grid|6399:: Grid loading...
2025-12-15 10:19:07,053-DEBUG-root-32920::webapp_internal::fill_grid|6466:: Column found!
2025-12-15 10:19:07,098-DEBUG-root-32920::base::click|192:: Click Type: ClickType.ACTIONCHAINS
2025-12-15 10:19:07,386-DEBUG-root-32920::webapp_internal::fill_grid|6486:: Trying to select cell in grid!
2025-12-15 10:19:07,389-DEBUG-root-32920::base::click|192:: Click Type: ClickType.ACTIONCHAINS
2025-12-15 10:19:07,670-DEBUG-root-32920::webapp_internal::fill_grid|6486:: Trying to select cell in grid!
2025-12-15 10:19:07,677-DEBUG-root-32920::base::click|192:: Click Type: ClickType.ACTIONCHAINS
2025-12-15 10:19:07,965-DEBUG-root-32920::webapp_internal::fill_grid|6486:: Trying to select cell in grid!
2025-12-15 10:19:07,967-DEBUG-root-32920::base::click|192:: Click Type: ClickType.ACTIONCHAINS
2025-12-15 10:19:08,230-DEBUG-root-32920::webapp_internal::fill_grid|6486:: Trying to select cell in grid!
2025-12-15 10:19:08,232-DEBUG-root-32920::base::click|192:: Click Type: ClickType.ACTIONCHAINS
2025-12-15 10:19:08,527-DEBUG-root-32920::webapp_internal::fill_grid|6486:: Trying to select cell in grid!
2025-12-15 10:19:08,529-DEBUG-root-32920::base::click|192:: Click Type: ClickType.ACTIONCHAINS
2025-12-15 10:19:08,817-DEBUG-root-32920::webapp_internal::fill_grid|6486:: Trying to select cell in grid!
2025-12-15 10:19:08,819-DEBUG-root-32920::base::click|192:: Click Type: ClickType.ACTIONCHAINS
2025-12-15 10:19:09,111-DEBUG-root-32920::webapp_internal::fill_grid|6486:: Trying to select cell in grid!
2025-12-15 10:19:09,113-DEBUG-root-32920::base::click|192:: Click Type: ClickType.ACTIONCHAINS
2025-12-15 10:19:09,400-DEBUG-root-32920::webapp_internal::fill_grid|6486:: Trying to select cell in grid!
2025-12-15 10:19:09,402-DEBUG-root-32920::base::click|192:: Click Type: ClickType.ACTIONCHAINS
2025-12-15 10:19:09,667-DEBUG-root-32920::webapp_internal::fill_grid|6486:: Trying to select cell in grid!
2025-12-15 10:19:09,668-DEBUG-root-32920::base::click|192:: Click Type: ClickType.ACTIONCHAINS
2025-12-15 10:19:09,964-DEBUG-root-32920::webapp_internal::fill_grid|6486:: Trying to select cell in grid!
2025-12-15 10:19:09,967-DEBUG-root-32920::base::click|192:: Click Type: ClickType.ACTIONCHAINS
2025-12-15 10:19:10,260-DEBUG-root-32920::webapp_internal::fill_grid|6486:: Trying to select cell in grid!
2025-12-15 10:19:10,263-DEBUG-root-32920::base::click|192:: Click Type: ClickType.ACTIONCHAINS
2025-12-15 10:19:10,553-DEBUG-root-32920::webapp_internal::fill_grid|6486:: Trying to select cell in grid!
2025-12-15 10:19:10,559-DEBUG-root-32920::base::click|192:: Click Type: ClickType.ACTIONCHAINS
2025-12-15 10:19:10,849-DEBUG-root-32920::webapp_internal::fill_grid|6486:: Trying to select cell in grid!
2025-12-15 10:19:10,851-DEBUG-root-32920::base::click|192:: Click Type: ClickType.ACTIONCHAINS
2025-12-15 10:19:11,143-DEBUG-root-32920::webapp_internal::fill_grid|6486:: Trying to select cell in grid!
2025-12-15 10:19:11,145-DEBUG-root-32920::base::click|192:: Click Type: ClickType.ACTIONCHAINS
2025-12-15 10:19:11,435-DEBUG-root-32920::webapp_internal::fill_grid|6486:: Trying to select cell in grid!
2025-12-15 10:19:11,436-DEBUG-root-32920::base::click|192:: Click Type: ClickType.ACTIONCHAINS
2025-12-15 10:19:11,702-DEBUG-root-32920::webapp_internal::fill_grid|6486:: Trying to select cell in grid!
2025-12-15 10:19:11,704-DEBUG-root-32920::base::click|192:: Click Type: ClickType.ACTIONCHAINS
2025-12-15 10:19:11,999-DEBUG-root-32920::webapp_internal::fill_grid|6486:: Trying to select cell in grid!
2025-12-15 10:19:12,001-DEBUG-root-32920::base::click|192:: Click Type: ClickType.ACTIONCHAINS
2025-12-15 10:19:12,295-DEBUG-root-32920::webapp_internal::fill_grid|6486:: Trying to select cell in grid!
2025-12-15 10:19:12,297-DEBUG-root-32920::base::click|192:: Click Type: ClickType.ACTIONCHAINS
2025-12-15 10:19:12,584-DEBUG-root-32920::webapp_internal::fill_grid|6486:: Trying to select cell in grid!
2025-12-15 10:19:12,586-DEBUG-root-32920::base::click|192:: Click Type: ClickType.ACTIONCHAINS
2025-12-15 10:19:12,880-DEBUG-root-32920::webapp_internal::fill_grid|6486:: Trying to select cell in grid!
2025-12-15 10:19:12,883-DEBUG-root-32920::base::click|192:: Click Type: ClickType.ACTIONCHAINS
2025-12-15 10:19:13,169-DEBUG-root-32920::webapp_internal::fill_grid|6486:: Trying to select cell in grid!
2025-12-15 10:19:13,175-DEBUG-root-32920::base::click|192:: Click Type: ClickType.ACTIONCHAINS
2025-12-15 10:19:13,466-DEBUG-root-32920::webapp_internal::fill_grid|6486:: Trying to select cell in grid!
2025-12-15 10:19:13,468-DEBUG-root-32920::base::click|192:: Click Type: ClickType.ACTIONCHAINS
2025-12-15 10:19:13,762-DEBUG-root-32920::webapp_internal::fill_grid|6486:: Trying to select cell in grid!
2025-12-15 10:19:13,764-DEBUG-root-32920::base::click|192:: Click Type: ClickType.ACTIONCHAINS
2025-12-15 10:19:14,050-DEBUG-root-32920::webapp_internal::fill_grid|6486:: Trying to select cell in grid!
2025-12-15 10:19:14,052-DEBUG-root-32920::base::click|192:: Click Type: ClickType.ACTIONCHAINS
2025-12-15 10:19:14,349-DEBUG-root-32920::webapp_internal::fill_grid|6486:: Trying to select cell in grid!
2025-12-15 10:19:14,351-DEBUG-root-32920::base::click|192:: Click Type: ClickType.ACTIONCHAINS
2025-12-15 10:19:14,647-DEBUG-root-32920::webapp_internal::fill_grid|6486:: Trying to select cell in grid!
2025-12-15 10:19:14,650-DEBUG-root-32920::base::click|192:: Click Type: ClickType.ACTIONCHAINS
2025-12-15 10:19:14,937-DEBUG-root-32920::webapp_internal::fill_grid|6486:: Trying to select cell in grid!
2025-12-15 10:19:14,943-DEBUG-root-32920::base::click|192:: Click Type: ClickType.ACTIONCHAINS
2025-12-15 10:19:15,233-DEBUG-root-32920::webapp_internal::fill_grid|6486:: Trying to select cell in grid!
2025-12-15 10:19:15,235-DEBUG-root-32920::base::click|192:: Click Type: ClickType.ACTIONCHAINS
2025-12-15 10:19:15,530-DEBUG-root-32920::webapp_internal::fill_grid|6486:: Trying to select cell in grid!
2025-12-15 10:19:15,533-DEBUG-root-32920::base::click|192:: Click Type: ClickType.ACTIONCHAINS
2025-12-15 10:19:15,825-DEBUG-root-32920::webapp_internal::fill_grid|6486:: Trying to select cell in grid!
2025-12-15 10:19:15,828-DEBUG-root-32920::base::click|192:: Click Type: ClickType.ACTIONCHAINS
2025-12-15 10:19:16,115-DEBUG-root-32920::webapp_internal::fill_grid|6486:: Trying to select cell in grid!
2025-12-15 10:19:16,118-DEBUG-root-32920::base::click|192:: Click Type: ClickType.ACTIONCHAINS
2025-12-15 10:19:16,397-DEBUG-root-32920::webapp_internal::fill_grid|6486:: Trying to select cell in grid!
2025-12-15 10:19:16,399-DEBUG-root-32920::base::click|192:: Click Type: ClickType.ACTIONCHAINS
2025-12-15 10:19:16,692-DEBUG-root-32920::webapp_internal::fill_grid|6486:: Trying to select cell in grid!
2025-12-15 10:19:16,695-DEBUG-root-32920::base::click|192:: Click Type: ClickType.ACTIONCHAINS
2025-12-15 10:19:16,984-DEBUG-root-32920::webapp_internal::fill_grid|6486:: Trying to select cell in grid!
2025-12-15 10:19:16,985-DEBUG-root-32920::base::click|192:: Click Type: ClickType.ACTIONCHAINS
2025-12-15 10:19:17,279-DEBUG-root-32920::webapp_internal::fill_grid|6486:: Trying to select cell in grid!
2025-12-15 10:19:17,281-DEBUG-root-32920::base::click|192:: Click Type: ClickType.ACTIONCHAINS
2025-12-15 10:19:17,545-DEBUG-root-32920::webapp_internal::fill_grid|6486:: Trying to select cell in grid!
2025-12-15 10:19:17,548-DEBUG-root-32920::base::click|192:: Click Type: ClickType.ACTIONCHAINS
2025-12-15 10:19:17,833-DEBUG-root-32920::webapp_internal::fill_grid|6486:: Trying to select cell in grid!
2025-12-15 10:19:17,835-DEBUG-root-32920::base::click|192:: Click Type: ClickType.ACTIONCHAINS
2025-12-15 10:19:18,131-DEBUG-root-32920::webapp_internal::fill_grid|6486:: Trying to select cell in grid!
2025-12-15 10:19:18,133-DEBUG-root-32920::base::click|192:: Click Type: ClickType.ACTIONCHAINS
2025-12-15 10:19:18,427-DEBUG-root-32920::webapp_internal::fill_grid|6486:: Trying to select cell in grid!
2025-12-15 10:19:18,430-DEBUG-root-32920::base::click|192:: Click Type: ClickType.ACTIONCHAINS
2025-12-15 10:19:18,715-DEBUG-root-32920::webapp_internal::fill_grid|6486:: Trying to select cell in grid!
2025-12-15 10:19:18,718-DEBUG-root-32920::base::click|192:: Click Type: ClickType.ACTIONCHAINS
2025-12-15 10:19:19,016-DEBUG-root-32920::webapp_internal::fill_grid|6486:: Trying to select cell in grid!
2025-12-15 10:19:19,019-DEBUG-root-32920::base::click|192:: Click Type: ClickType.ACTIONCHAINS
2025-12-15 10:19:19,301-DEBUG-root-32920::webapp_internal::fill_grid|6486:: Trying to select cell in grid!
2025-12-15 10:19:19,303-DEBUG-root-32920::base::click|192:: Click Type: ClickType.ACTIONCHAINS
2025-12-15 10:19:19,599-DEBUG-root-32920::webapp_internal::fill_grid|6486:: Trying to select cell in grid!
2025-12-15 10:19:19,601-DEBUG-root-32920::base::click|192:: Click Type: ClickType.ACTIONCHAINS
2025-12-15 10:19:19,893-DEBUG-root-32920::webapp_internal::fill_grid|6486:: Trying to select cell in grid!
2025-12-15 10:19:19,895-DEBUG-root-32920::base::click|192:: Click Type: ClickType.ACTIONCHAINS
2025-12-15 10:19:20,184-DEBUG-root-32920::webapp_internal::fill_grid|6486:: Trying to select cell in grid!
2025-12-15 10:19:20,186-DEBUG-root-32920::base::click|192:: Click Type: ClickType.ACTIONCHAINS
2025-12-15 10:19:20,465-DEBUG-root-32920::webapp_internal::fill_grid|6486:: Trying to select cell in grid!
2025-12-15 10:19:20,467-DEBUG-root-32920::base::click|192:: Click Type: ClickType.ACTIONCHAINS
2025-12-15 10:19:20,762-DEBUG-root-32920::webapp_internal::fill_grid|6486:: Trying to select cell in grid!
2025-12-15 10:19:20,764-DEBUG-root-32920::base::click|192:: Click Type: ClickType.ACTIONCHAINS
2025-12-15 10:19:21,049-DEBUG-root-32920::webapp_internal::fill_grid|6486:: Trying to select cell in grid!
2025-12-15 10:19:21,051-DEBUG-root-32920::base::click|192:: Click Type: ClickType.ACTIONCHAINS
2025-12-15 10:19:21,343-DEBUG-root-32920::webapp_internal::fill_grid|6486:: Trying to select cell in grid!
2025-12-15 10:19:21,345-DEBUG-root-32920::base::click|192:: Click Type: ClickType.ACTIONCHAINS
2025-12-15 10:19:21,633-DEBUG-root-32920::webapp_internal::fill_grid|6486:: Trying to select cell in grid!
2025-12-15 10:19:21,635-DEBUG-root-32920::base::click|192:: Click Type: ClickType.ACTIONCHAINS
2025-12-15 10:19:21,917-DEBUG-root-32920::webapp_internal::fill_grid|6486:: Trying to select cell in grid!
2025-12-15 10:19:21,919-DEBUG-root-32920::base::click|192:: Click Type: ClickType.ACTIONCHAINS
2025-12-15 10:19:22,209-DEBUG-root-32920::webapp_internal::fill_grid|6486:: Trying to select cell in grid!
2025-12-15 10:19:22,212-DEBUG-root-32920::base::click|192:: Click Type: ClickType.ACTIONCHAINS
2025-12-15 10:19:22,501-DEBUG-root-32920::webapp_internal::fill_grid|6486:: Trying to select cell in grid!
2025-12-15 10:19:22,505-DEBUG-root-32920::base::click|192:: Click Type: ClickType.ACTIONCHAINS
2025-12-15 10:19:22,796-DEBUG-root-32920::webapp_internal::fill_grid|6486:: Trying to select cell in grid!
2025-12-15 10:19:22,799-DEBUG-root-32920::base::click|192:: Click Type: ClickType.ACTIONCHAINS
2025-12-15 10:19:23,087-DEBUG-root-32920::webapp_internal::fill_grid|6486:: Trying to select cell in grid!
2025-12-15 10:19:23,093-DEBUG-root-32920::base::click|192:: Click Type: ClickType.ACTIONCHAINS
2025-12-15 10:19:23,382-DEBUG-root-32920::webapp_internal::fill_grid|6486:: Trying to select cell in grid!
2025-12-15 10:19:23,384-DEBUG-root-32920::base::click|192:: Click Type: ClickType.ACTIONCHAINS
2025-12-15 10:19:23,668-DEBUG-root-32920::webapp_internal::fill_grid|6486:: Trying to select cell in grid!
2025-12-15 10:19:23,671-DEBUG-root-32920::base::click|192:: Click Type: ClickType.ACTIONCHAINS
2025-12-15 10:19:23,962-DEBUG-root-32920::webapp_internal::fill_grid|6486:: Trying to select cell in grid!
2025-12-15 10:19:23,964-DEBUG-root-32920::base::click|192:: Click Type: ClickType.ACTIONCHAINS
2025-12-15 10:19:24,251-DEBUG-root-32920::webapp_internal::fill_grid|6486:: Trying to select cell in grid!
2025-12-15 10:19:24,254-DEBUG-root-32920::base::click|192:: Click Type: ClickType.ACTIONCHAINS
2025-12-15 10:19:24,549-DEBUG-root-32920::webapp_internal::fill_grid|6486:: Trying to select cell in grid!
2025-12-15 10:19:24,550-DEBUG-root-32920::base::click|192:: Click Type: ClickType.ACTIONCHAINS
2025-12-15 10:19:24,834-DEBUG-root-32920::webapp_internal::fill_grid|6486:: Trying to select cell in grid!
2025-12-15 10:19:24,836-DEBUG-root-32920::base::click|192:: Click Type: ClickType.ACTIONCHAINS
2025-12-15 10:19:25,131-DEBUG-root-32920::webapp_internal::fill_grid|6486:: Trying to select cell in grid!
2025-12-15 10:19:25,133-DEBUG-root-32920::base::click|192:: Click Type: ClickType.ACTIONCHAINS
2025-12-15 10:19:25,419-DEBUG-root-32920::webapp_internal::fill_grid|6486:: Trying to select cell in grid!
2025-12-15 10:19:25,421-DEBUG-root-32920::base::click|192:: Click Type: ClickType.ACTIONCHAINS
2025-12-15 10:19:25,712-DEBUG-root-32920::webapp_internal::fill_grid|6486:: Trying to select cell in grid!
2025-12-15 10:19:25,715-DEBUG-root-32920::base::click|192:: Click Type: ClickType.ACTIONCHAINS
2025-12-15 10:19:26,000-DEBUG-root-32920::webapp_internal::fill_grid|6486:: Trying to select cell in grid!
2025-12-15 10:19:26,003-DEBUG-root-32920::base::click|192:: Click Type: ClickType.ACTIONCHAINS
2025-12-15 10:19:26,297-DEBUG-root-32920::webapp_internal::fill_grid|6486:: Trying to select cell in grid!
2025-12-15 10:19:26,300-DEBUG-root-32920::base::click|192:: Click Type: ClickType.ACTIONCHAINS
2025-12-15 10:19:26,594-DEBUG-root-32920::webapp_internal::fill_grid|6486:: Trying to select cell in grid!
2025-12-15 10:19:26,600-DEBUG-root-32920::base::click|192:: Click Type: ClickType.ACTIONCHAINS
2025-12-15 10:19:26,893-DEBUG-root-32920::webapp_internal::fill_grid|6486:: Trying to select cell in grid!
2025-12-15 10:19:26,895-DEBUG-root-32920::base::click|192:: Click Type: ClickType.ACTIONCHAINS
2025-12-15 10:19:27,183-DEBUG-root-32920::webapp_internal::fill_grid|6486:: Trying to select cell in grid!
2025-12-15 10:19:27,185-DEBUG-root-32920::base::click|192:: Click Type: ClickType.ACTIONCHAINS
2025-12-15 10:19:27,471-DEBUG-root-32920::webapp_internal::fill_grid|6486:: Trying to select cell in grid!
2025-12-15 10:19:27,476-DEBUG-root-32920::base::click|192:: Click Type: ClickType.ACTIONCHAINS
2025-12-15 10:19:27,762-DEBUG-root-32920::webapp_internal::fill_grid|6486:: Trying to select cell in grid!
2025-12-15 10:19:27,764-DEBUG-root-32920::base::click|192:: Click Type: ClickType.ACTIONCHAINS
2025-12-15 10:19:28,051-DEBUG-root-32920::webapp_internal::fill_grid|6486:: Trying to select cell in grid!
2025-12-15 10:19:28,053-DEBUG-root-32920::base::click|192:: Click Type: ClickType.ACTIONCHAINS
2025-12-15 10:19:28,343-DEBUG-root-32920::webapp_internal::fill_grid|6486:: Trying to select cell in grid!
2025-12-15 10:19:28,346-DEBUG-root-32920::base::click|192:: Click Type: ClickType.ACTIONCHAINS
2025-12-15 10:19:28,632-DEBUG-root-32920::webapp_internal::fill_grid|6486:: Trying to select cell in grid!
2025-12-15 10:19:28,634-DEBUG-root-32920::base::click|192:: Click Type: ClickType.ACTIONCHAINS
2025-12-15 10:19:28,919-DEBUG-root-32920::webapp_internal::fill_grid|6486:: Trying to select cell in grid!
2025-12-15 10:19:28,921-DEBUG-root-32920::base::click|192:: Click Type: ClickType.ACTIONCHAINS
2025-12-15 10:19:29,212-DEBUG-root-32920::webapp_internal::fill_grid|6486:: Trying to select cell in grid!
2025-12-15 10:19:29,214-DEBUG-root-32920::base::click|192:: Click Type: ClickType.ACTIONCHAINS
2025-12-15 10:19:29,500-DEBUG-root-32920::webapp_internal::fill_grid|6486:: Trying to select cell in grid!
2025-12-15 10:19:29,502-DEBUG-root-32920::base::click|192:: Click Type: ClickType.ACTIONCHAINS
2025-12-15 10:19:29,793-DEBUG-root-32920::webapp_internal::fill_grid|6486:: Trying to select cell in grid!
2025-12-15 10:19:29,795-DEBUG-root-32920::base::click|192:: Click Type: ClickType.ACTIONCHAINS
2025-12-15 10:19:30,081-DEBUG-root-32920::webapp_internal::fill_grid|6486:: Trying to select cell in grid!
2025-12-15 10:19:30,083-DEBUG-root-32920::base::click|192:: Click Type: ClickType.ACTIONCHAINS
2025-12-15 10:19:30,366-DEBUG-root-32920::webapp_internal::fill_grid|6486:: Trying to select cell in grid!
2025-12-15 10:19:30,368-DEBUG-root-32920::base::click|192:: Click Type: ClickType.ACTIONCHAINS
2025-12-15 10:19:30,642-DEBUG-root-32920::webapp_internal::fill_grid|6486:: Trying to select cell in grid!
2025-12-15 10:19:30,645-DEBUG-root-32920::base::click|192:: Click Type: ClickType.ACTIONCHAINS
2025-12-15 10:19:30,932-DEBUG-root-32920::webapp_internal::fill_grid|6486:: Trying to select cell in grid!
2025-12-15 10:19:30,933-DEBUG-root-32920::base::click|192:: Click Type: ClickType.ACTIONCHAINS
2025-12-15 10:19:31,216-DEBUG-root-32920::webapp_internal::fill_grid|6486:: Trying to select cell in grid!
2025-12-15 10:19:31,217-DEBUG-root-32920::base::click|192:: Click Type: ClickType.ACTIONCHAINS
2025-12-15 10:19:31,510-DEBUG-root-32920::webapp_internal::fill_grid|6486:: Trying to select cell in grid!
2025-12-15 10:19:31,513-DEBUG-root-32920::base::click|192:: Click Type: ClickType.ACTIONCHAINS
2025-12-15 10:19:31,801-DEBUG-root-32920::webapp_internal::fill_grid|6486:: Trying to select cell in grid!
2025-12-15 10:19:31,802-DEBUG-root-32920::base::click|192:: Click Type: ClickType.ACTIONCHAINS
2025-12-15 10:19:32,088-DEBUG-root-32920::webapp_internal::fill_grid|6486:: Trying to select cell in grid!
2025-12-15 10:19:32,094-DEBUG-root-32920::base::click|192:: Click Type: ClickType.ACTIONCHAINS
2025-12-15 10:19:32,382-DEBUG-root-32920::webapp_internal::fill_grid|6486:: Trying to select cell in grid!
2025-12-15 10:19:32,384-DEBUG-root-32920::base::click|192:: Click Type: ClickType.ACTIONCHAINS
2025-12-15 10:19:32,671-DEBUG-root-32920::webapp_internal::fill_grid|6486:: Trying to select cell in grid!
2025-12-15 10:19:32,677-DEBUG-root-32920::base::click|192:: Click Type: ClickType.ACTIONCHAINS
2025-12-15 10:19:32,962-DEBUG-root-32920::webapp_internal::fill_grid|6486:: Trying to select cell in grid!
2025-12-15 10:19:32,964-DEBUG-root-32920::base::click|192:: Click Type: ClickType.ACTIONCHAINS
2025-12-15 10:19:33,250-DEBUG-root-32920::webapp_internal::fill_grid|6486:: Trying to select cell in grid!
2025-12-15 10:19:33,252-DEBUG-root-32920::base::click|192:: Click Type: ClickType.ACTIONCHAINS
2025-12-15 10:19:33,545-DEBUG-root-32920::webapp_internal::fill_grid|6486:: Trying to select cell in grid!
2025-12-15 10:19:33,547-DEBUG-root-32920::base::click|192:: Click Type: ClickType.ACTIONCHAINS
2025-12-15 10:19:33,834-DEBUG-root-32920::webapp_internal::fill_grid|6486:: Trying to select cell in grid!
2025-12-15 10:19:33,837-DEBUG-root-32920::base::click|192:: Click Type: ClickType.ACTIONCHAINS
2025-12-15 10:19:34,131-DEBUG-root-32920::webapp_internal::fill_grid|6486:: Trying to select cell in grid!
2025-12-15 10:19:34,133-DEBUG-root-32920::base::click|192:: Click Type: ClickType.ACTIONCHAINS
2025-12-15 10:19:34,422-DEBUG-root-32920::webapp_internal::fill_grid|6486:: Trying to select cell in grid!
2025-12-15 10:19:34,426-DEBUG-root-32920::base::click|192:: Click Type: ClickType.ACTIONCHAINS
2025-12-15 10:19:34,712-DEBUG-root-32920::webapp_internal::fill_grid|6486:: Trying to select cell in grid!
2025-12-15 10:19:34,715-DEBUG-root-32920::base::click|192:: Click Type: ClickType.ACTIONCHAINS
2025-12-15 10:19:35,002-DEBUG-root-32920::webapp_internal::fill_grid|6486:: Trying to select cell in grid!
2025-12-15 10:19:35,004-DEBUG-root-32920::base::click|192:: Click Type: ClickType.ACTIONCHAINS
2025-12-15 10:19:35,298-DEBUG-root-32920::webapp_internal::fill_grid|6486:: Trying to select cell in grid!
2025-12-15 10:19:35,301-DEBUG-root-32920::base::click|192:: Click Type: ClickType.ACTIONCHAINS
2025-12-15 10:19:35,584-DEBUG-root-32920::webapp_internal::fill_grid|6486:: Trying to select cell in grid!
2025-12-15 10:19:35,586-DEBUG-root-32920::base::click|192:: Click Type: ClickType.ACTIONCHAINS
2025-12-15 10:19:35,881-DEBUG-root-32920::webapp_internal::fill_grid|6486:: Trying to select cell in grid!
2025-12-15 10:19:35,883-DEBUG-root-32920::base::click|192:: Click Type: ClickType.ACTIONCHAINS
2025-12-15 10:19:36,167-DEBUG-root-32920::webapp_internal::fill_grid|6486:: Trying to select cell in grid!
2025-12-15 10:19:36,170-DEBUG-root-32920::base::click|192:: Click Type: ClickType.ACTIONCHAINS
2025-12-15 10:19:36,466-DEBUG-root-32920::webapp_internal::fill_grid|6486:: Trying to select cell in grid!
2025-12-15 10:19:36,467-DEBUG-root-32920::base::click|192:: Click Type: ClickType.ACTIONCHAINS
2025-12-15 10:19:36,762-DEBUG-root-32920::webapp_internal::fill_grid|6486:: Trying to select cell in grid!
2025-12-15 10:19:36,763-DEBUG-root-32920::base::click|192:: Click Type: ClickType.ACTIONCHAINS
2025-12-15 10:19:37,053-DEBUG-root-32920::webapp_internal::fill_grid|6486:: Trying to select cell in grid!
2025-12-15 10:19:37,059-DEBUG-root-32920::base::click|192:: Click Type: ClickType.ACTIONCHAINS
2025-12-15 10:19:37,349-DEBUG-root-32920::webapp_internal::fill_grid|6486:: Trying to select cell in grid!
2025-12-15 10:19:37,351-DEBUG-root-32920::base::click|192:: Click Type: ClickType.ACTIONCHAINS
2025-12-15 10:19:37,643-DEBUG-root-32920::webapp_internal::fill_grid|6486:: Trying to select cell in grid!
2025-12-15 10:19:37,645-DEBUG-root-32920::base::click|192:: Click Type: ClickType.ACTIONCHAINS
2025-12-15 10:19:37,936-DEBUG-root-32920::webapp_internal::fill_grid|6486:: Trying to select cell in grid!
2025-12-15 10:19:37,938-DEBUG-root-32920::base::click|192:: Click Type: ClickType.ACTIONCHAINS
2025-12-15 10:19:38,230-DEBUG-root-32920::webapp_internal::fill_grid|6486:: Trying to select cell in grid!
2025-12-15 10:19:38,232-DEBUG-root-32920::base::click|192:: Click Type: ClickType.ACTIONCHAINS
2025-12-15 10:19:38,526-DEBUG-root-32920::webapp_internal::fill_grid|6486:: Trying to select cell in grid!
2025-12-15 10:19:38,530-DEBUG-root-32920::base::click|192:: Click Type: ClickType.ACTIONCHAINS
2025-12-15 10:19:38,819-DEBUG-root-32920::webapp_internal::fill_grid|6486:: Trying to select cell in grid!
2025-12-15 10:19:38,826-DEBUG-root-32920::base::click|192:: Click Type: ClickType.ACTIONCHAINS
2025-12-15 10:19:39,116-DEBUG-root-32920::webapp_internal::fill_grid|6486:: Trying to select cell in grid!
2025-12-15 10:19:39,118-DEBUG-root-32920::base::click|192:: Click Type: ClickType.ACTIONCHAINS
2025-12-15 10:19:39,411-DEBUG-root-32920::webapp_internal::fill_grid|6486:: Trying to select cell in grid!
2025-12-15 10:19:39,414-DEBUG-root-32920::base::click|192:: Click Type: ClickType.ACTIONCHAINS
2025-12-15 10:19:39,699-DEBUG-root-32920::webapp_internal::fill_grid|6486:: Trying to select cell in grid!
2025-12-15 10:19:39,701-DEBUG-root-32920::base::click|192:: Click Type: ClickType.ACTIONCHAINS
2025-12-15 10:19:39,997-DEBUG-root-32920::webapp_internal::fill_grid|6486:: Trying to select cell in grid!
2025-12-15 10:19:40,000-DEBUG-root-32920::base::click|192:: Click Type: ClickType.ACTIONCHAINS
2025-12-15 10:19:40,282-DEBUG-root-32920::webapp_internal::fill_grid|6486:: Trying to select cell in grid!
2025-12-15 10:19:40,284-DEBUG-root-32920::base::click|192:: Click Type: ClickType.ACTIONCHAINS
2025-12-15 10:19:40,579-DEBUG-root-32920::webapp_internal::fill_grid|6486:: Trying to select cell in grid!
2025-12-15 10:19:40,581-DEBUG-root-32920::base::click|192:: Click Type: ClickType.ACTIONCHAINS
2025-12-15 10:19:40,869-DEBUG-root-32920::webapp_internal::fill_grid|6486:: Trying to select cell in grid!
2025-12-15 10:19:40,871-DEBUG-root-32920::base::click|192:: Click Type: ClickType.ACTIONCHAINS
2025-12-15 10:19:41,162-DEBUG-root-32920::webapp_internal::fill_grid|6486:: Trying to select cell in grid!
2025-12-15 10:19:41,164-DEBUG-root-32920::base::click|192:: Click Type: ClickType.ACTIONCHAINS
2025-12-15 10:19:41,450-DEBUG-root-32920::webapp_internal::fill_grid|6486:: Trying to select cell in grid!
2025-12-15 10:19:41,452-DEBUG-root-32920::base::click|192:: Click Type: ClickType.ACTIONCHAINS
2025-12-15 10:19:41,749-DEBUG-root-32920::webapp_internal::fill_grid|6486:: Trying to select cell in grid!
2025-12-15 10:19:41,750-DEBUG-root-32920::base::click|192:: Click Type: ClickType.ACTIONCHAINS
2025-12-15 10:19:42,046-DEBUG-root-32920::webapp_internal::fill_grid|6486:: Trying to select cell in grid!
2025-12-15 10:19:42,049-DEBUG-root-32920::base::click|192:: Click Type: ClickType.ACTIONCHAINS
2025-12-15 10:19:42,338-DEBUG-root-32920::webapp_internal::fill_grid|6486:: Trying to select cell in grid!
2025-12-15 10:19:42,343-DEBUG-root-32920::base::click|192:: Click Type: ClickType.ACTIONCHAINS
2025-12-15 10:19:42,633-DEBUG-root-32920::webapp_internal::fill_grid|6486:: Trying to select cell in grid!
2025-12-15 10:19:42,635-DEBUG-root-32920::base::click|192:: Click Type: ClickType.ACTIONCHAINS
2025-12-15 10:19:42,933-DEBUG-root-32920::webapp_internal::fill_grid|6486:: Trying to select cell in grid!
2025-12-15 10:19:42,935-DEBUG-root-32920::base::click|192:: Click Type: ClickType.ACTIONCHAINS
2025-12-15 10:19:43,229-DEBUG-root-32920::webapp_internal::fill_grid|6486:: Trying to select cell in grid!
2025-12-15 10:19:43,231-DEBUG-root-32920::base::click|192:: Click Type: ClickType.ACTIONCHAINS
2025-12-15 10:19:43,495-DEBUG-root-32920::webapp_internal::fill_grid|6486:: Trying to select cell in grid!
2025-12-15 10:19:43,497-DEBUG-root-32920::base::click|192:: Click Type: ClickType.ACTIONCHAINS
2025-12-15 10:19:43,786-DEBUG-root-32920::webapp_internal::fill_grid|6486:: Trying to select cell in grid!
2025-12-15 10:19:43,792-DEBUG-root-32920::base::click|192:: Click Type: ClickType.ACTIONCHAINS
2025-12-15 10:19:44,092-DEBUG-root-32920::webapp_internal::fill_grid|6486:: Trying to select cell in grid!
2025-12-15 10:19:44,095-DEBUG-root-32920::base::click|192:: Click Type: ClickType.ACTIONCHAINS
2025-12-15 10:19:44,378-DEBUG-root-32920::webapp_internal::fill_grid|6486:: Trying to select cell in grid!
2025-12-15 10:19:44,380-DEBUG-root-32920::base::click|192:: Click Type: ClickType.ACTIONCHAINS
2025-12-15 10:19:44,666-DEBUG-root-32920::webapp_internal::fill_grid|6486:: Trying to select cell in grid!
2025-12-15 10:19:44,668-DEBUG-root-32920::base::click|192:: Click Type: ClickType.ACTIONCHAINS
2025-12-15 10:19:44,932-DEBUG-root-32920::webapp_internal::fill_grid|6486:: Trying to select cell in grid!
2025-12-15 10:19:44,934-DEBUG-root-32920::base::click|192:: Click Type: ClickType.ACTIONCHAINS
2025-12-15 10:19:45,216-DEBUG-root-32920::webapp_internal::fill_grid|6486:: Trying to select cell in grid!
2025-12-15 10:19:45,218-DEBUG-root-32920::base::click|192:: Click Type: ClickType.ACTIONCHAINS
2025-12-15 10:19:45,504-DEBUG-root-32920::webapp_internal::fill_grid|6486:: Trying to select cell in grid!
2025-12-15 10:19:45,509-DEBUG-root-32920::base::click|192:: Click Type: ClickType.ACTIONCHAINS
2025-12-15 10:19:45,799-DEBUG-root-32920::webapp_internal::fill_grid|6486:: Trying to select cell in grid!
2025-12-15 10:19:45,801-DEBUG-root-32920::base::click|192:: Click Type: ClickType.ACTIONCHAINS
2025-12-15 10:19:46,096-DEBUG-root-32920::webapp_internal::fill_grid|6486:: Trying to select cell in grid!
2025-12-15 10:19:46,098-DEBUG-root-32920::base::click|192:: Click Type: ClickType.ACTIONCHAINS
2025-12-15 10:19:46,385-DEBUG-root-32920::webapp_internal::fill_grid|6486:: Trying to select cell in grid!
2025-12-15 10:19:46,387-DEBUG-root-32920::base::click|192:: Click Type: ClickType.ACTIONCHAINS
2025-12-15 10:19:46,681-DEBUG-root-32920::webapp_internal::fill_grid|6486:: Trying to select cell in grid!
2025-12-15 10:19:46,684-DEBUG-root-32920::base::click|192:: Click Type: ClickType.ACTIONCHAINS
2025-12-15 10:19:46,977-DEBUG-root-32920::webapp_internal::fill_grid|6486:: Trying to select cell in grid!
2025-12-15 10:19:46,979-DEBUG-root-32920::base::click|192:: Click Type: ClickType.ACTIONCHAINS
2025-12-15 10:19:47,244-DEBUG-root-32920::webapp_internal::fill_grid|6486:: Trying to select cell in grid!
2025-12-15 10:19:47,247-DEBUG-root-32920::base::click|192:: Click Type: ClickType.ACTIONCHAINS
2025-12-15 10:19:52,653-DEBUG-root-32920::webapp_internal::fill_grid|6498:: Trying open cell in grid!
2025-12-15 10:19:52,943-DEBUG-root-32920::webapp_internal::wait_blocker|2444:: Waiting blocker to continue...
2025-12-15 10:19:53,117-DEBUG-root-32920::webapp_internal::wait_blocker|2469:: Blocker status: False
2025-12-15 10:19:53,314-DEBUG-root-32920::webapp_internal::wait_element_timeout|7726:: Element found! Waiting for element to be displayed.
2025-12-15 10:19:53,692-DEBUG-root-32920::webapp_internal::fill_grid|6577:: Sending keys: 227884
2025-12-15 10:19:54,004-DEBUG-root-32920::webapp_internal::wait_blocker|2444:: Waiting blocker to continue...
2025-12-15 10:19:54,164-DEBUG-root-32920::webapp_internal::wait_blocker|2469:: Blocker status: False
2025-12-15 10:19:54,322-DEBUG-root-32920::webapp_internal::wait_element_timeout|7726:: Element found! Waiting for element to be displayed.
2025-12-15 10:19:54,654-INFO-root-32920::webapp_internal::ClickFolder|5081:: Clicking on folder: Transporte
2025-12-15 10:19:54,655-DEBUG-root-32920::webapp_internal::wait_blocker|2444:: Waiting blocker to continue...
2025-12-15 10:19:54,795-DEBUG-root-32920::webapp_internal::wait_blocker|2469:: Blocker status: False
2025-12-15 10:19:54,832-DEBUG-root-32920::webapp_internal::wait_element|7623:: Waiting for element
2025-12-15 10:19:55,125-DEBUG-root-32920::webapp_internal::wait_element|7653:: Element found! Waiting for element to be displayed.
2025-12-15 10:19:56,732-DEBUG-root-32920::webapp_internal::wait_blocker|2444:: Waiting blocker to continue...
2025-12-15 10:19:56,886-DEBUG-root-32920::webapp_internal::wait_blocker|2469:: Blocker status: False
2025-12-15 10:19:56,886-INFO-root-32920::webapp_internal::SetKey|5822:: Key pressed: TAB
2025-12-15 10:19:56,886-DEBUG-root-32920::webapp_internal::SetKey|5857:: Trying press key
2025-12-15 10:19:56,886-DEBUG-root-32920::webapp_internal::wait_element|7623:: Waiting for element
2025-12-15 10:19:57,069-DEBUG-root-32920::webapp_internal::wait_element|7653:: Element found! Waiting for element to be displayed.
2025-12-15 10:19:57,379-DEBUG-root-32920::webapp_internal::wait_blocker|2444:: Waiting blocker to continue...
2025-12-15 10:19:57,519-DEBUG-root-32920::webapp_internal::wait_blocker|2469:: Blocker status: False
2025-12-15 10:19:57,520-INFO-root-32920::webapp_internal::LoadGrid|6298:: Filling grid field: Tipo
2025-12-15 10:19:57,520-DEBUG-root-32920::webapp_internal::fill_grid|6399:: Grid loading...
2025-12-15 10:19:57,884-DEBUG-root-32920::webapp_internal::fill_grid|6466:: Column found!
2025-12-15 10:19:57,927-DEBUG-root-32920::base::click|192:: Click Type: ClickType.ACTIONCHAINS
2025-12-15 10:20:03,355-DEBUG-root-32920::webapp_internal::fill_grid|6498:: Trying open cell in grid!
2025-12-15 10:20:03,645-DEBUG-root-32920::webapp_internal::wait_blocker|2444:: Waiting blocker to continue...
2025-12-15 10:20:03,837-DEBUG-root-32920::webapp_internal::wait_blocker|2469:: Blocker status: False
2025-12-15 10:20:04,037-DEBUG-root-32920::webapp_internal::wait_element_timeout|7726:: Element found! Waiting for element to be displayed.
2025-12-15 10:20:05,468-INFO-root-32920::base::select_combo|871:: Selected value for combo is: 1 - Aereo
2025-12-15 10:20:05,652-DEBUG-root-32920::webapp_internal::wait_blocker|2444:: Waiting blocker to continue...
2025-12-15 10:20:05,815-DEBUG-root-32920::webapp_internal::wait_blocker|2469:: Blocker status: False
2025-12-15 10:20:05,844-DEBUG-root-32920::webapp_internal::wait_blocker|2444:: Waiting blocker to continue...
2025-12-15 10:20:05,999-DEBUG-root-32920::webapp_internal::wait_blocker|2469:: Blocker status: False
2025-12-15 10:20:05,999-DEBUG-root-32920::webapp_internal::send_action|10480:: Trying to send action
2025-12-15 10:20:07,042-DEBUG-root-32920::webapp_internal::send_action|10522:: send_action method result = True
2025-12-15 10:20:07,042-DEBUG-root-32920::webapp_internal::send_action|10523:: send_action selenium status: False
2025-12-15 10:20:07,043-DEBUG-root-32920::webapp_internal::wait_blocker|2444:: Waiting blocker to continue...
2025-12-15 10:20:07,261-DEBUG-root-32920::webapp_internal::wait_blocker|2469:: Blocker status: False
2025-12-15 10:20:07,261-INFO-root-32920::webapp_internal::SetKey|5822:: Key pressed: TAB
2025-12-15 10:20:07,261-DEBUG-root-32920::webapp_internal::SetKey|5857:: Trying press key
2025-12-15 10:20:07,261-DEBUG-root-32920::webapp_internal::wait_element|7623:: Waiting for element
2025-12-15 10:20:07,379-DEBUG-root-32920::webapp_internal::wait_element|7653:: Element found! Waiting for element to be displayed.
2025-12-15 10:20:07,650-DEBUG-root-32920::webapp_internal::wait_blocker|2444:: Waiting blocker to continue...
2025-12-15 10:20:07,784-DEBUG-root-32920::webapp_internal::wait_blocker|2469:: Blocker status: False
2025-12-15 10:20:07,784-INFO-root-32920::webapp_internal::LoadGrid|6298:: Filling grid field: Partida
2025-12-15 10:20:07,784-DEBUG-root-32920::webapp_internal::fill_grid|6399:: Grid loading...
2025-12-15 10:20:08,152-DEBUG-root-32920::webapp_internal::fill_grid|6466:: Column found!
2025-12-15 10:20:08,193-DEBUG-root-32920::base::click|192:: Click Type: ClickType.ACTIONCHAINS
2025-12-15 10:20:13,652-DEBUG-root-32920::webapp_internal::fill_grid|6498:: Trying open cell in grid!
2025-12-15 10:20:13,950-DEBUG-root-32920::webapp_internal::wait_blocker|2444:: Waiting blocker to continue...
2025-12-15 10:20:14,110-DEBUG-root-32920::webapp_internal::wait_blocker|2469:: Blocker status: False
2025-12-15 10:20:14,329-DEBUG-root-32920::webapp_internal::wait_element_timeout|7726:: Element found! Waiting for element to be displayed.
2025-12-15 10:20:14,730-DEBUG-root-32920::webapp_internal::fill_grid|6577:: Sending keys: 20/12/2025
2025-12-15 10:20:15,037-DEBUG-root-32920::webapp_internal::wait_blocker|2444:: Waiting blocker to continue...
2025-12-15 10:20:15,251-DEBUG-root-32920::webapp_internal::wait_blocker|2469:: Blocker status: False
2025-12-15 10:20:20,702-DEBUG-root-32920::webapp_internal::wait_blocker|2444:: Waiting blocker to continue...
2025-12-15 10:20:20,844-DEBUG-root-32920::webapp_internal::wait_blocker|2469:: Blocker status: False
2025-12-15 10:20:20,872-DEBUG-root-32920::webapp_internal::wait_blocker|2444:: Waiting blocker to continue...
2025-12-15 10:20:21,026-DEBUG-root-32920::webapp_internal::wait_blocker|2469:: Blocker status: False
2025-12-15 10:20:21,026-DEBUG-root-32920::webapp_internal::send_action|10480:: Trying to send action
2025-12-15 10:20:22,087-DEBUG-root-32920::webapp_internal::send_action|10522:: send_action method result = True
2025-12-15 10:20:22,087-DEBUG-root-32920::webapp_internal::send_action|10523:: send_action selenium status: False
2025-12-15 10:20:22,087-DEBUG-root-32920::webapp_internal::wait_blocker|2444:: Waiting blocker to continue...
2025-12-15 10:20:22,236-DEBUG-root-32920::webapp_internal::wait_blocker|2469:: Blocker status: False
2025-12-15 10:20:22,236-INFO-root-32920::webapp_internal::SetKey|5822:: Key pressed: TAB
2025-12-15 10:20:22,236-DEBUG-root-32920::webapp_internal::SetKey|5857:: Trying press key
2025-12-15 10:20:22,236-DEBUG-root-32920::webapp_internal::wait_element|7623:: Waiting for element
2025-12-15 10:20:22,415-DEBUG-root-32920::webapp_internal::wait_element|7653:: Element found! Waiting for element to be displayed.
2025-12-15 10:20:22,681-DEBUG-root-32920::webapp_internal::wait_blocker|2444:: Waiting blocker to continue...
2025-12-15 10:20:22,819-DEBUG-root-32920::webapp_internal::wait_blocker|2469:: Blocker status: False
2025-12-15 10:20:22,819-INFO-root-32920::webapp_internal::LoadGrid|6298:: Filling grid field: Hora Partida
2025-12-15 10:20:22,820-DEBUG-root-32920::webapp_internal::fill_grid|6399:: Grid loading...
2025-12-15 10:20:23,210-DEBUG-root-32920::webapp_internal::fill_grid|6466:: Column found!
2025-12-15 10:20:23,250-DEBUG-root-32920::base::click|192:: Click Type: ClickType.ACTIONCHAINS
2025-12-15 10:20:28,699-DEBUG-root-32920::webapp_internal::fill_grid|6498:: Trying open cell in grid!
2025-12-15 10:20:28,986-DEBUG-root-32920::webapp_internal::wait_blocker|2444:: Waiting blocker to continue...
2025-12-15 10:20:29,148-DEBUG-root-32920::webapp_internal::wait_blocker|2469:: Blocker status: False
2025-12-15 10:20:29,360-DEBUG-root-32920::webapp_internal::wait_element_timeout|7726:: Element found! Waiting for element to be displayed.
2025-12-15 10:20:29,761-DEBUG-root-32920::webapp_internal::fill_grid|6577:: Sending keys: 08:00
2025-12-15 10:20:30,062-DEBUG-root-32920::webapp_internal::wait_blocker|2444:: Waiting blocker to continue...
2025-12-15 10:20:30,233-DEBUG-root-32920::webapp_internal::wait_blocker|2469:: Blocker status: False
2025-12-15 10:20:35,720-DEBUG-root-32920::webapp_internal::wait_blocker|2444:: Waiting blocker to continue...
2025-12-15 10:20:35,863-DEBUG-root-32920::webapp_internal::wait_blocker|2469:: Blocker status: False
2025-12-15 10:20:35,892-DEBUG-root-32920::webapp_internal::wait_blocker|2444:: Waiting blocker to continue...
2025-12-15 10:20:36,054-DEBUG-root-32920::webapp_internal::wait_blocker|2469:: Blocker status: False
2025-12-15 10:20:36,054-DEBUG-root-32920::webapp_internal::send_action|10480:: Trying to send action
2025-12-15 10:20:37,118-DEBUG-root-32920::webapp_internal::send_action|10522:: send_action method result = True
2025-12-15 10:20:37,119-DEBUG-root-32920::webapp_internal::send_action|10523:: send_action selenium status: False
2025-12-15 10:20:37,119-DEBUG-root-32920::webapp_internal::wait_blocker|2444:: Waiting blocker to continue...
2025-12-15 10:20:37,286-DEBUG-root-32920::webapp_internal::wait_blocker|2469:: Blocker status: False
2025-12-15 10:20:37,286-INFO-root-32920::webapp_internal::SetKey|5822:: Key pressed: TAB
2025-12-15 10:20:37,286-DEBUG-root-32920::webapp_internal::SetKey|5857:: Trying press key
2025-12-15 10:20:37,286-DEBUG-root-32920::webapp_internal::wait_element|7623:: Waiting for element
2025-12-15 10:20:37,395-DEBUG-root-32920::webapp_internal::wait_element|7653:: Element found! Waiting for element to be displayed.
2025-12-15 10:20:37,733-DEBUG-root-32920::webapp_internal::wait_blocker|2444:: Waiting blocker to continue...
2025-12-15 10:20:37,867-DEBUG-root-32920::webapp_internal::wait_blocker|2469:: Blocker status: False
2025-12-15 10:20:37,868-INFO-root-32920::webapp_internal::LoadGrid|6298:: Filling grid field: Origem
2025-12-15 10:20:37,868-DEBUG-root-32920::webapp_internal::fill_grid|6399:: Grid loading...
2025-12-15 10:20:38,235-DEBUG-root-32920::webapp_internal::fill_grid|6466:: Column found!
2025-12-15 10:20:38,277-DEBUG-root-32920::base::click|192:: Click Type: ClickType.ACTIONCHAINS
2025-12-15 10:20:43,732-DEBUG-root-32920::webapp_internal::fill_grid|6498:: Trying open cell in grid!
2025-12-15 10:20:44,029-DEBUG-root-32920::webapp_internal::wait_blocker|2444:: Waiting blocker to continue...
2025-12-15 10:20:44,211-DEBUG-root-32920::webapp_internal::wait_blocker|2469:: Blocker status: False
2025-12-15 10:20:44,404-DEBUG-root-32920::webapp_internal::wait_element_timeout|7726:: Element found! Waiting for element to be displayed.
2025-12-15 10:20:44,850-DEBUG-root-32920::webapp_internal::fill_grid|6577:: Sending keys: DF00108
2025-12-15 10:20:45,153-DEBUG-root-32920::webapp_internal::wait_blocker|2444:: Waiting blocker to continue...
2025-12-15 10:20:45,317-DEBUG-root-32920::webapp_internal::wait_blocker|2469:: Blocker status: False
2025-12-15 10:20:45,481-DEBUG-root-32920::webapp_internal::wait_element_timeout|7726:: Element found! Waiting for element to be displayed.
2025-12-15 10:20:45,966-DEBUG-root-32920::webapp_internal::wait_blocker|2444:: Waiting blocker to continue...
2025-12-15 10:20:46,109-DEBUG-root-32920::webapp_internal::wait_blocker|2469:: Blocker status: False
2025-12-15 10:20:46,137-DEBUG-root-32920::webapp_internal::wait_blocker|2444:: Waiting blocker to continue...
2025-12-15 10:20:46,279-DEBUG-root-32920::webapp_internal::wait_blocker|2469:: Blocker status: False
2025-12-15 10:20:46,279-DEBUG-root-32920::webapp_internal::send_action|10480:: Trying to send action
2025-12-15 10:20:47,321-DEBUG-root-32920::webapp_internal::send_action|10522:: send_action method result = True
2025-12-15 10:20:47,322-DEBUG-root-32920::webapp_internal::send_action|10523:: send_action selenium status: False
2025-12-15 10:20:47,322-DEBUG-root-32920::webapp_internal::wait_blocker|2444:: Waiting blocker to continue...
2025-12-15 10:20:47,476-DEBUG-root-32920::webapp_internal::wait_blocker|2469:: Blocker status: False
2025-12-15 10:20:47,477-INFO-root-32920::webapp_internal::SetKey|5822:: Key pressed: TAB
2025-12-15 10:20:47,477-DEBUG-root-32920::webapp_internal::SetKey|5857:: Trying press key
2025-12-15 10:20:47,477-DEBUG-root-32920::webapp_internal::wait_element|7623:: Waiting for element
2025-12-15 10:20:47,578-DEBUG-root-32920::webapp_internal::wait_element|7653:: Element found! Waiting for element to be displayed.
2025-12-15 10:20:47,846-DEBUG-root-32920::webapp_internal::wait_blocker|2444:: Waiting blocker to continue...
2025-12-15 10:20:47,994-DEBUG-root-32920::webapp_internal::wait_blocker|2469:: Blocker status: False
2025-12-15 10:20:47,994-INFO-root-32920::webapp_internal::LoadGrid|6298:: Filling grid field: Destino
2025-12-15 10:20:47,994-DEBUG-root-32920::webapp_internal::fill_grid|6399:: Grid loading...
2025-12-15 10:20:48,355-DEBUG-root-32920::webapp_internal::fill_grid|6466:: Column found!
2025-12-15 10:20:48,396-DEBUG-root-32920::base::click|192:: Click Type: ClickType.ACTIONCHAINS
2025-12-15 10:20:53,827-DEBUG-root-32920::webapp_internal::fill_grid|6498:: Trying open cell in grid!
2025-12-15 10:20:54,119-DEBUG-root-32920::webapp_internal::wait_blocker|2444:: Waiting blocker to continue...
2025-12-15 10:20:54,314-DEBUG-root-32920::webapp_internal::wait_blocker|2469:: Blocker status: False
2025-12-15 10:20:54,509-DEBUG-root-32920::webapp_internal::wait_element_timeout|7726:: Element found! Waiting for element to be displayed.
2025-12-15 10:20:54,942-DEBUG-root-32920::webapp_internal::fill_grid|6577:: Sending keys: GO08707
2025-12-15 10:20:55,251-DEBUG-root-32920::webapp_internal::wait_blocker|2444:: Waiting blocker to continue...
2025-12-15 10:20:55,400-DEBUG-root-32920::webapp_internal::wait_blocker|2469:: Blocker status: False
2025-12-15 10:20:55,565-DEBUG-root-32920::webapp_internal::wait_element_timeout|7726:: Element found! Waiting for element to be displayed.
2025-12-15 10:20:56,046-DEBUG-root-32920::webapp_internal::wait_blocker|2444:: Waiting blocker to continue...
2025-12-15 10:20:56,202-DEBUG-root-32920::webapp_internal::wait_blocker|2469:: Blocker status: False
2025-12-15 10:20:56,237-DEBUG-root-32920::webapp_internal::wait_blocker|2444:: Waiting blocker to continue...
2025-12-15 10:20:56,394-DEBUG-root-32920::webapp_internal::wait_blocker|2469:: Blocker status: False
2025-12-15 10:20:56,395-DEBUG-root-32920::webapp_internal::send_action|10480:: Trying to send action
2025-12-15 10:20:57,439-DEBUG-root-32920::webapp_internal::send_action|10522:: send_action method result = True
2025-12-15 10:20:57,439-DEBUG-root-32920::webapp_internal::send_action|10523:: send_action selenium status: False
2025-12-15 10:20:57,440-DEBUG-root-32920::webapp_internal::wait_blocker|2444:: Waiting blocker to continue...
2025-12-15 10:20:57,577-DEBUG-root-32920::webapp_internal::wait_blocker|2469:: Blocker status: False
2025-12-15 10:20:57,577-INFO-root-32920::webapp_internal::SetKey|5822:: Key pressed: TAB
2025-12-15 10:20:57,578-DEBUG-root-32920::webapp_internal::SetKey|5857:: Trying press key
2025-12-15 10:20:57,578-DEBUG-root-32920::webapp_internal::wait_element|7623:: Waiting for element
2025-12-15 10:20:57,709-DEBUG-root-32920::webapp_internal::wait_element|7653:: Element found! Waiting for element to be displayed.
2025-12-15 10:20:57,977-DEBUG-root-32920::webapp_internal::wait_blocker|2444:: Waiting blocker to continue...
2025-12-15 10:20:58,150-DEBUG-root-32920::webapp_internal::wait_blocker|2469:: Blocker status: False
2025-12-15 10:20:58,150-INFO-root-32920::webapp_internal::LoadGrid|6298:: Filling grid field: Chegada
2025-12-15 10:20:58,150-DEBUG-root-32920::webapp_internal::fill_grid|6399:: Grid loading...
2025-12-15 10:20:58,526-DEBUG-root-32920::webapp_internal::fill_grid|6466:: Column found!
2025-12-15 10:20:58,566-DEBUG-root-32920::base::click|192:: Click Type: ClickType.ACTIONCHAINS
2025-12-15 10:21:03,914-DEBUG-root-32920::webapp_internal::fill_grid|6498:: Trying open cell in grid!
2025-12-15 10:21:04,200-DEBUG-root-32920::webapp_internal::wait_blocker|2444:: Waiting blocker to continue...
2025-12-15 10:21:04,397-DEBUG-root-32920::webapp_internal::wait_blocker|2469:: Blocker status: False
2025-12-15 10:21:04,603-DEBUG-root-32920::webapp_internal::wait_element_timeout|7726:: Element found! Waiting for element to be displayed.
2025-12-15 10:21:04,978-DEBUG-root-32920::webapp_internal::fill_grid|6577:: Sending keys: 20/12/2025
2025-12-15 10:21:05,296-DEBUG-root-32920::webapp_internal::wait_blocker|2444:: Waiting blocker to continue...
2025-12-15 10:21:05,482-DEBUG-root-32920::webapp_internal::wait_blocker|2469:: Blocker status: False
2025-12-15 10:21:10,951-DEBUG-root-32920::webapp_internal::wait_blocker|2444:: Waiting blocker to continue...
2025-12-15 10:21:11,089-DEBUG-root-32920::webapp_internal::wait_blocker|2469:: Blocker status: False
2025-12-15 10:21:11,119-DEBUG-root-32920::webapp_internal::wait_blocker|2444:: Waiting blocker to continue...
2025-12-15 10:21:11,259-DEBUG-root-32920::webapp_internal::wait_blocker|2469:: Blocker status: False
2025-12-15 10:21:11,259-DEBUG-root-32920::webapp_internal::send_action|10480:: Trying to send action
2025-12-15 10:21:12,302-DEBUG-root-32920::webapp_internal::send_action|10522:: send_action method result = True
2025-12-15 10:21:12,303-DEBUG-root-32920::webapp_internal::send_action|10523:: send_action selenium status: False
2025-12-15 10:21:12,303-DEBUG-root-32920::webapp_internal::wait_element|7623:: Waiting for element
2025-12-15 10:21:12,415-DEBUG-root-32920::webapp_internal::wait_element|7653:: Element found! Waiting for element to be displayed.
2025-12-15 10:21:12,694-DEBUG-root-32920::webapp_internal::wait_blocker|2444:: Waiting blocker to continue...
2025-12-15 10:21:12,834-DEBUG-root-32920::webapp_internal::wait_blocker|2469:: Blocker status: False
2025-12-15 10:21:12,834-INFO-root-32920::webapp_internal::LoadGrid|6298:: Filling grid field: Hora Chegada
2025-12-15 10:21:12,834-DEBUG-root-32920::webapp_internal::fill_grid|6399:: Grid loading...
2025-12-15 10:21:13,195-DEBUG-root-32920::webapp_internal::fill_grid|6466:: Column found!
2025-12-15 10:21:13,232-DEBUG-root-32920::base::click|192:: Click Type: ClickType.ACTIONCHAINS
2025-12-15 10:21:18,659-DEBUG-root-32920::webapp_internal::fill_grid|6498:: Trying open cell in grid!
2025-12-15 10:21:18,948-DEBUG-root-32920::webapp_internal::wait_blocker|2444:: Waiting blocker to continue...
2025-12-15 10:21:19,102-DEBUG-root-32920::webapp_internal::wait_blocker|2469:: Blocker status: False
2025-12-15 10:21:19,299-DEBUG-root-32920::webapp_internal::wait_element_timeout|7726:: Element found! Waiting for element to be displayed.
2025-12-15 10:21:19,658-DEBUG-root-32920::webapp_internal::fill_grid|6577:: Sending keys: 12:00
2025-12-15 10:21:19,967-DEBUG-root-32920::webapp_internal::wait_blocker|2444:: Waiting blocker to continue...
2025-12-15 10:21:20,143-DEBUG-root-32920::webapp_internal::wait_blocker|2469:: Blocker status: False
2025-12-15 10:21:25,972-INFO-root-32920::webapp_internal::ClickFolder|5081:: Clicking on folder: Treinamento
2025-12-15 10:21:25,973-DEBUG-root-32920::webapp_internal::wait_blocker|2444:: Waiting blocker to continue...
2025-12-15 10:21:26,117-DEBUG-root-32920::webapp_internal::wait_blocker|2469:: Blocker status: False
2025-12-15 10:21:26,156-DEBUG-root-32920::webapp_internal::wait_element|7623:: Waiting for element
2025-12-15 10:21:26,438-DEBUG-root-32920::webapp_internal::wait_element|7653:: Element found! Waiting for element to be displayed.
2025-12-15 10:21:28,815-INFO-root-32920::webapp_internal::ClickFolder|5081:: Clicking on folder: Transporte
2025-12-15 10:21:28,815-DEBUG-root-32920::webapp_internal::wait_blocker|2444:: Waiting blocker to continue...
2025-12-15 10:21:28,976-DEBUG-root-32920::webapp_internal::wait_blocker|2469:: Blocker status: False
2025-12-15 10:21:29,012-DEBUG-root-32920::webapp_internal::wait_element|7623:: Waiting for element
2025-12-15 10:21:29,306-DEBUG-root-32920::webapp_internal::wait_element|7653:: Element found! Waiting for element to be displayed.
2025-12-15 10:21:30,910-DEBUG-root-32920::webapp_internal::wait_blocker|2444:: Waiting blocker to continue...
2025-12-15 10:21:31,066-DEBUG-root-32920::webapp_internal::wait_blocker|2469:: Blocker status: False
2025-12-15 10:21:31,067-INFO-root-32920::webapp_internal::LoadGrid|6304:: Checking grid field value: Tipo
2025-12-15 10:21:32,022-INFO-root-32920::webapp_internal::check_grid|6883:: Collected value: Servico
2025-12-15 10:21:32,036-DEBUG-root-32920::log::take_screenshot_log|612:: take_screenshot_log in:2025-12-15 10:21:32.036174

2025-12-15 10:21:32,140-DEBUG-root-32920::log::take_screenshot_log|627:: Screenshot file created successfully: Log\GESIT03\97137227104_20251215102132035_test_Cadastro_Orcamento_Viagem.png
2025-12-15 10:21:32,140-DEBUG-root-32920::webapp_internal::wait_blocker|2444:: Waiting blocker to continue...
2025-12-15 10:21:32,330-DEBUG-root-32920::webapp_internal::wait_blocker|2469:: Blocker status: False
2025-12-15 10:21:32,331-INFO-root-32920::webapp_internal::SetKey|5822:: Key pressed: DOWN
2025-12-15 10:21:32,331-DEBUG-root-32920::webapp_internal::wait_blocker|2444:: Waiting blocker to continue...
2025-12-15 10:21:32,535-DEBUG-root-32920::webapp_internal::wait_blocker|2469:: Blocker status: False
2025-12-15 10:21:32,536-INFO-root-32920::webapp_internal::SetKey|5822:: Key pressed: TAB
2025-12-15 10:21:32,536-DEBUG-root-32920::webapp_internal::SetKey|5857:: Trying press key
2025-12-15 10:21:32,536-DEBUG-root-32920::webapp_internal::wait_element|7623:: Waiting for element
2025-12-15 10:21:32,653-DEBUG-root-32920::webapp_internal::wait_element|7653:: Element found! Waiting for element to be displayed.
2025-12-15 10:21:32,993-DEBUG-root-32920::webapp_internal::new_grid_line|7014:: New grid line
2025-12-15 10:21:34,617-DEBUG-root-32920::webapp_internal::wait_blocker|2444:: Waiting blocker to continue...
2025-12-15 10:21:34,788-DEBUG-root-32920::webapp_internal::wait_blocker|2469:: Blocker status: False
2025-12-15 10:21:34,788-INFO-root-32920::webapp_internal::LoadGrid|6298:: Filling grid field: Tipo
2025-12-15 10:21:34,788-DEBUG-root-32920::webapp_internal::fill_grid|6399:: Grid loading...
2025-12-15 10:21:35,067-DEBUG-root-32920::webapp_internal::fill_grid|6466:: Column found!
2025-12-15 10:21:35,116-DEBUG-root-32920::base::click|192:: Click Type: ClickType.ACTIONCHAINS
2025-12-15 10:21:40,553-DEBUG-root-32920::webapp_internal::fill_grid|6498:: Trying open cell in grid!
2025-12-15 10:21:40,851-DEBUG-root-32920::webapp_internal::wait_blocker|2444:: Waiting blocker to continue...
2025-12-15 10:21:40,999-DEBUG-root-32920::webapp_internal::wait_blocker|2469:: Blocker status: False
2025-12-15 10:21:41,195-DEBUG-root-32920::webapp_internal::wait_element_timeout|7726:: Element found! Waiting for element to be displayed.
2025-12-15 10:21:41,704-DEBUG-root-32920::webapp_internal::wait_blocker|2444:: Waiting blocker to continue...
2025-12-15 10:21:41,862-DEBUG-root-32920::webapp_internal::wait_blocker|2469:: Blocker status: False
2025-12-15 10:21:41,909-DEBUG-root-32920::webapp_internal::wait_blocker|2444:: Waiting blocker to continue...
2025-12-15 10:21:42,129-DEBUG-root-32920::webapp_internal::wait_blocker|2469:: Blocker status: False
2025-12-15 10:21:42,129-DEBUG-root-32920::webapp_internal::send_action|10480:: Trying to send action
2025-12-15 10:21:43,185-DEBUG-root-32920::webapp_internal::send_action|10522:: send_action method result = True
2025-12-15 10:21:43,186-DEBUG-root-32920::webapp_internal::send_action|10523:: send_action selenium status: False
2025-12-15 10:21:43,186-DEBUG-root-32920::webapp_internal::wait_blocker|2444:: Waiting blocker to continue...
2025-12-15 10:21:43,377-DEBUG-root-32920::webapp_internal::wait_blocker|2469:: Blocker status: False
2025-12-15 10:21:43,377-INFO-root-32920::webapp_internal::SetKey|5822:: Key pressed: TAB
2025-12-15 10:21:43,377-DEBUG-root-32920::webapp_internal::SetKey|5857:: Trying press key
2025-12-15 10:21:43,377-DEBUG-root-32920::webapp_internal::wait_element|7623:: Waiting for element
2025-12-15 10:21:43,517-DEBUG-root-32920::webapp_internal::wait_element|7653:: Element found! Waiting for element to be displayed.
2025-12-15 10:21:43,812-DEBUG-root-32920::webapp_internal::wait_blocker|2444:: Waiting blocker to continue...
2025-12-15 10:21:43,989-DEBUG-root-32920::webapp_internal::wait_blocker|2469:: Blocker status: False
2025-12-15 10:21:43,989-INFO-root-32920::webapp_internal::LoadGrid|6298:: Filling grid field: Partida
2025-12-15 10:21:43,989-DEBUG-root-32920::webapp_internal::fill_grid|6399:: Grid loading...
2025-12-15 10:21:44,234-DEBUG-root-32920::webapp_internal::fill_grid|6466:: Column found!
2025-12-15 10:21:44,297-DEBUG-root-32920::base::click|192:: Click Type: ClickType.ACTIONCHAINS
2025-12-15 10:21:49,691-DEBUG-root-32920::webapp_internal::fill_grid|6498:: Trying open cell in grid!
2025-12-15 10:21:49,979-DEBUG-root-32920::webapp_internal::wait_blocker|2444:: Waiting blocker to continue...
2025-12-15 10:21:50,127-DEBUG-root-32920::webapp_internal::wait_blocker|2469:: Blocker status: False
2025-12-15 10:21:55,200-DEBUG-root-32920::webapp_internal::fill_grid|6498:: Trying open cell in grid!
2025-12-15 10:21:55,468-DEBUG-root-32920::webapp_internal::wait_blocker|2444:: Waiting blocker to continue...
2025-12-15 10:21:55,683-DEBUG-root-32920::webapp_internal::wait_blocker|2469:: Blocker status: False
2025-12-15 10:22:00,863-DEBUG-root-32920::webapp_internal::fill_grid|6498:: Trying open cell in grid!
2025-12-15 10:22:01,154-DEBUG-root-32920::webapp_internal::wait_blocker|2444:: Waiting blocker to continue...
2025-12-15 10:22:01,301-DEBUG-root-32920::webapp_internal::wait_blocker|2469:: Blocker status: False
2025-12-15 10:22:06,450-DEBUG-root-32920::webapp_internal::fill_grid|6498:: Trying open cell in grid!
2025-12-15 10:22:06,746-DEBUG-root-32920::webapp_internal::wait_blocker|2444:: Waiting blocker to continue...
2025-12-15 10:22:06,913-DEBUG-root-32920::webapp_internal::wait_blocker|2469:: Blocker status: False
2025-12-15 10:22:09,851-DEBUG-root-32920::webapp_internal::wait_element_timeout|7726:: Element found! Waiting for element to be displayed.
2025-12-15 10:22:10,170-WARNING-root-32920::webapp_internal::log_error|8143:: Warning log_error Couldn't find option
2025-12-15 10:22:10,171-DEBUG-root-32920::webapp_internal::log_error|8146:: ***System Info*** in log_error():
2025-12-15 10:22:10,171-DEBUG-root-32920::psutil_info::system_info|5:: CPU USAGE: 11.6%
2025-12-15 10:22:10,172-DEBUG-root-32920::psutil_info::system_info|6:: MEMORY USAGE: 90.2%
2025-12-15 10:22:10,172-DEBUG-root-32920::psutil_info::system_info|7:: MEMORY AVAILABLE: 9.8%
2025-12-15 10:22:10,191-DEBUG-root-32920::log::take_screenshot_log|612:: take_screenshot_log in:2025-12-15 10:22:10.191958

2025-12-15 10:22:10,295-DEBUG-root-32920::log::take_screenshot_log|627:: Screenshot file created successfully: Log\GESIT03\97137227104_20251215102210191_Viagem -_test_Cadastro_Orcamento_Viagem.png
2025-12-15 10:22:11,309-DEBUG-root-32920::log::checks_empty_line|221:: Checking empty default log info
2025-12-15 10:22:11,312-DEBUG-root-32920::log::generate_log|503:: Json log_data: {'cLogDtExec': '15/12/2025 10:22:11', 'cLogNomUsr': '97137227104', 'cLogNomEst': 'GESIT03', 'cLogProgra': None, 'cLogDtProg': '', 'cLogHrProg': '', 'nLogCtsOk': 0, 'nLogCtsNok': 1, 'nLogCtsSeg': 276.83, 'cLogVersao': '12', 'cLogReleas': '12.1.2410', 'nLogCtsErr': "Viagem - Couldn't find option", 'cLogBancod': 'ORACLE', 'cLogIdenti': '', 'cLogIdExec': '20251215', 'cLogPais': 'BRA', 'cLogTool': 'TIR', 'cLogSequen': '694f0a', 'nLogCtsTot': 1, 'cLogDtExea': '15/12/2025', 'cLogHrExea': '10:22:11', 'cLogArea': 'Desenvolvimento', 'cLogMnExec': 4.613833333333333}
2025-12-15 10:22:11,312-INFO-root-32920::log::send_log_with_retries|515:: Saving log locally.
2025-12-15 10:22:11,312-INFO-root-32920::log::save_log_locally|548:: [FwSendLog]: Não foi possível enviar o log após todas as tentativas.
2025-12-15 10:22:11,313-INFO-root-32920::log::save_log_locally|555:: [FwSendLog]: Log salvo localmente em C:\TIR_TESTE\1765804931.json.
2025-12-15 10:22:12,422-ERROR-root-32920::webapp_internal::fill_grid|6675:: fill grid error: False is not true : Viagem - Couldn't find option
Traceback (most recent call last):
  File "C:\TIR_TESTE\venv\Lib\site-packages\tir\technologies\webapp_internal.py", line 6650, in fill_grid
    self.log_error("Couldn't find option")
  File "C:\TIR_TESTE\venv\Lib\site-packages\tir\technologies\webapp_internal.py", line 8206, in log_error
    self.assertTrue(False, log_message)
  File "C:\Users\97137227104\AppData\Local\Programs\Python\Python312\Lib\unittest\case.py", line 727, in assertTrue
    raise self.failureException(msg)
AssertionError: False is not true : Viagem - Couldn't find option
2025-12-15 10:22:12,424-WARNING-root-32920::webapp_internal::log_error|8143:: Warning log_error fill grid error: False is not true : Viagem - Couldn't find option
2025-12-15 10:22:12,424-DEBUG-root-32920::webapp_internal::log_error|8146:: ***System Info*** in log_error():
2025-12-15 10:22:12,424-DEBUG-root-32920::psutil_info::system_info|5:: CPU USAGE: 24.6%
2025-12-15 10:22:12,425-DEBUG-root-32920::psutil_info::system_info|6:: MEMORY USAGE: 82.9%
2025-12-15 10:22:12,425-DEBUG-root-32920::psutil_info::system_info|7:: MEMORY AVAILABLE: 17.1%
2025-12-15 10:22:12,452-ERROR-root-32920::webapp_internal::log_error|8181:: Warning Log Error Close Message: Tried to run command without establishing a connection
Traceback (most recent call last):
  File "C:\TIR_TESTE\venv\Lib\site-packages\tir\technologies\webapp_internal.py", line 6650, in fill_grid
    self.log_error("Couldn't find option")
  File "C:\TIR_TESTE\venv\Lib\site-packages\tir\technologies\webapp_internal.py", line 8206, in log_error
    self.assertTrue(False, log_message)
  File "C:\Users\97137227104\AppData\Local\Programs\Python\Python312\Lib\unittest\case.py", line 727, in assertTrue
    raise self.failureException(msg)
AssertionError: False is not true : Viagem - Couldn't find option

During handling of the above exception, another exception occurred:

Traceback (most recent call last):
  File "C:\TIR_TESTE\venv\Lib\site-packages\tir\technologies\webapp_internal.py", line 8179, in log_error
    self.driver.close()
  File "C:\TIR_TESTE\venv\Lib\site-packages\selenium\webdriver\remote\webdriver.py", line 458, in close
    self.execute(Command.CLOSE)
  File "C:\TIR_TESTE\venv\Lib\site-packages\selenium\webdriver\remote\webdriver.py", line 347, in execute
    self.error_handler.check_response(response)
  File "C:\TIR_TESTE\venv\Lib\site-packages\selenium\webdriver\remote\errorhandler.py", line 229, in check_response
    raise exception_class(message, screen, stacktrace)
selenium.common.exceptions.InvalidSessionIdException: Message: Tried to run command without establishing a connection

2025-12-15 10:22:12,455-ERROR-root-32920::webapp_internal::SetKey|5901:: False is not true : Viagem - fill grid error: False is not true : Viagem - Couldn't find option
Traceback (most recent call last):
  File "C:\TIR_TESTE\venv\Lib\site-packages\tir\technologies\webapp_internal.py", line 6650, in fill_grid
    self.log_error("Couldn't find option")
  File "C:\TIR_TESTE\venv\Lib\site-packages\tir\technologies\webapp_internal.py", line 8206, in log_error
    self.assertTrue(False, log_message)
  File "C:\Users\97137227104\AppData\Local\Programs\Python\Python312\Lib\unittest\case.py", line 727, in assertTrue
    raise self.failureException(msg)
AssertionError: False is not true : Viagem - Couldn't find option

During handling of the above exception, another exception occurred:

Traceback (most recent call last):
  File "C:\TIR_TESTE\venv\Lib\site-packages\tir\technologies\webapp_internal.py", line 5861, in SetKey
    self.LoadGrid()
  File "C:\TIR_TESTE\venv\Lib\site-packages\tir\technologies\webapp_internal.py", line 6301, in LoadGrid
    self.fill_grid(field, x3_dictionaries, initial_layer, duplicate_fields)
  File "C:\TIR_TESTE\venv\Lib\site-packages\tir\technologies\webapp_internal.py", line 6676, in fill_grid
    self.log_error(f'fill grid error: {str(e)}')
  File "C:\TIR_TESTE\venv\Lib\site-packages\tir\technologies\webapp_internal.py", line 8206, in log_error
    self.assertTrue(False, log_message)
  File "C:\Users\97137227104\AppData\Local\Programs\Python\Python312\Lib\unittest\case.py", line 727, in assertTrue
    raise self.failureException(msg)
AssertionError: False is not true : Viagem - fill grid error: False is not true : Viagem - Couldn't find option
2025-12-15 10:22:12,457-DEBUG-root-32920::webapp_internal::wait_blocker|2444:: Waiting blocker to continue...
2025-12-15 10:22:12,460-DEBUG-root-32920::webapp_internal::wait_blocker|2469:: Blocker status: None
2025-12-15 10:22:12,461-INFO-root-32920::webapp_internal::SetKey|5822:: Key pressed: TAB
2025-12-15 10:22:12,461-DEBUG-root-32920::webapp_internal::SetKey|5857:: Trying press key
2025-12-15 10:22:12,461-DEBUG-root-32920::webapp_internal::wait_element|7623:: Waiting for element
2025-12-15 10:22:12,463-WARNING-root-32920::webapp_internal::log_error|8143:: Warning log_error SetKey - Screen is not load: Message: Tried to run command without establishing a connection

2025-12-15 10:22:12,463-DEBUG-root-32920::webapp_internal::log_error|8146:: ***System Info*** in log_error():
2025-12-15 10:22:12,463-DEBUG-root-32920::psutil_info::system_info|5:: CPU USAGE: 7.7%
2025-12-15 10:22:12,464-DEBUG-root-32920::psutil_info::system_info|6:: MEMORY USAGE: 82.9%
2025-12-15 10:22:12,464-DEBUG-root-32920::psutil_info::system_info|7:: MEMORY AVAILABLE: 17.1%
2025-12-15 10:22:12,488-ERROR-root-32920::webapp_internal::log_error|8181:: Warning Log Error Close Message: Tried to run command without establishing a connection
Traceback (most recent call last):
  File "C:\TIR_TESTE\venv\Lib\site-packages\tir\technologies\core\base.py", line 501, in get_current_DOM
    self.driver.switch_to.default_content()
  File "C:\TIR_TESTE\venv\Lib\site-packages\selenium\webdriver\remote\switch_to.py", line 69, in default_content
    self._driver.execute(Command.SWITCH_TO_FRAME, {"id": None})
  File "C:\TIR_TESTE\venv\Lib\site-packages\selenium\webdriver\remote\webdriver.py", line 347, in execute
    self.error_handler.check_response(response)
  File "C:\TIR_TESTE\venv\Lib\site-packages\selenium\webdriver\remote\errorhandler.py", line 229, in check_response
    raise exception_class(message, screen, stacktrace)
selenium.common.exceptions.InvalidSessionIdException: Message: Tried to run command without establishing a connection


During handling of the above exception, another exception occurred:

Traceback (most recent call last):
  File "C:\TIR_TESTE\venv\Lib\site-packages\tir\technologies\webapp_internal.py", line 5861, in SetKey
    self.LoadGrid()
  File "C:\TIR_TESTE\venv\Lib\site-packages\tir\technologies\webapp_internal.py", line 6284, in LoadGrid
    self.wait_element(term=selector, scrap_type=enum.ScrapType.CSS_SELECTOR)
  File "C:\TIR_TESTE\venv\Lib\site-packages\tir\technologies\webapp_internal.py", line 7626, in wait_element
    while (not self.element_exists(term, scrap_type, position, optional_term, main_container, check_error, twebview, second_term) and time.time() < endtime):
               ^^^^^^^^^^^^^^^^^^^^^^^^^^^^^^^^^^^^^^^^^^^^^^^^^^^^^^^^^^^^^^^^^^^^^^^^^^^^^^^^^^^^^^^^^^^^^^^^^^^^^^^^^^^^^^^^^^
  File "C:\TIR_TESTE\venv\Lib\site-packages\tir\technologies\webapp_internal.py", line 4073, in element_exists
    soup = self.get_current_DOM(twebview=twebview)
           ^^^^^^^^^^^^^^^^^^^^^^^^^^^^^^^^^^^^^^^
  File "C:\TIR_TESTE\venv\Lib\site-packages\tir\technologies\core\base.py", line 538, in get_current_DOM
    self.driver.switch_to.default_content()
  File "C:\TIR_TESTE\venv\Lib\site-packages\selenium\webdriver\remote\switch_to.py", line 69, in default_content
    self._driver.execute(Command.SWITCH_TO_FRAME, {"id": None})
  File "C:\TIR_TESTE\venv\Lib\site-packages\selenium\webdriver\remote\webdriver.py", line 347, in execute
    self.error_handler.check_response(response)
  File "C:\TIR_TESTE\venv\Lib\site-packages\selenium\webdriver\remote\errorhandler.py", line 229, in check_response
    raise exception_class(message, screen, stacktrace)
selenium.common.exceptions.InvalidSessionIdException: Message: Tried to run command without establishing a connection


During handling of the above exception, another exception occurred:

Traceback (most recent call last):
  File "C:\TIR_TESTE\venv\Lib\site-packages\tir\technologies\webapp_internal.py", line 8179, in log_error
    self.driver.close()
  File "C:\TIR_TESTE\venv\Lib\site-packages\selenium\webdriver\remote\webdriver.py", line 458, in close
    self.execute(Command.CLOSE)
  File "C:\TIR_TESTE\venv\Lib\site-packages\selenium\webdriver\remote\webdriver.py", line 347, in execute
    self.error_handler.check_response(response)
  File "C:\TIR_TESTE\venv\Lib\site-packages\selenium\webdriver\remote\errorhandler.py", line 229, in check_response
    raise exception_class(message, screen, stacktrace)
selenium.common.exceptions.InvalidSessionIdException: Message: Tried to run command without establishing a connection

2025-12-15 10:22:13,086-ERROR-root-32920::webapp_internal::TearDown|9654:: Warning tearDown Close Message: Tried to run command without establishing a connection
Traceback (most recent call last):
  File "C:\TIR_TESTE\venv\Lib\site-packages\tir\technologies\webapp_internal.py", line 9652, in TearDown
    self.driver.close()
  File "C:\TIR_TESTE\venv\Lib\site-packages\selenium\webdriver\remote\webdriver.py", line 458, in close
    self.execute(Command.CLOSE)
  File "C:\TIR_TESTE\venv\Lib\site-packages\selenium\webdriver\remote\webdriver.py", line 347, in execute
    self.error_handler.check_response(response)
  File "C:\TIR_TESTE\venv\Lib\site-packages\selenium\webdriver\remote\errorhandler.py", line 229, in check_response
    raise exception_class(message, screen, stacktrace)
selenium.common.exceptions.InvalidSessionIdException: Message: Tried to run command without establishing a connection

