2025-12-16 08:19:57,298-DEBUG-root-26912::logging_config::logger|189:: Log file created: 'Log\GESIT03\TIR__20251216081957293.log'
2025-12-16 08:19:57,298-INFO-root-26912::base::Start|1183:: TIR Version: 2.4.3
2025-12-16 08:19:57,299-INFO-root-26912::base::Start|1184:: Python Version: 3.12.10
2025-12-16 08:19:57,299-INFO-root-26912::base::Start|1185:: Starting the browser
2025-12-16 08:20:04,509-INFO-root-26912::base::get_url|1294:: Page is ready!
2025-12-16 08:20:04,534-INFO-root-26912::base::Start|1256:: Browser maximized to 1936x1048
2025-12-16 08:20:04,534-INFO-root-26912::base::Start|1258:: Screen size is different from default used in headless mode
2025-12-16 08:20:04,562-INFO-root-26912::webapp_internal::Setup|247:: ***System Info*** in Setup():
2025-12-16 08:20:04,562-DEBUG-root-26912::psutil_info::system_info|5:: CPU USAGE: 16.7%
2025-12-16 08:20:04,563-DEBUG-root-26912::psutil_info::system_info|6:: MEMORY USAGE: 84.4%
2025-12-16 08:20:04,563-DEBUG-root-26912::psutil_info::system_info|7:: MEMORY AVAILABLE: 15.57%
2025-12-16 08:20:04,569-INFO-root-26912::base::webapp_shadowroot|1394:: Webapp: 10.1.6-RC4
2025-12-16 08:20:04,597-INFO-root-26912::webapp_internal::filling_initial_program|449:: Filling Initial Program: "SIGAMDI"
2025-12-16 08:20:04,597-DEBUG-root-26912::webapp_internal::wait_element|7623:: Waiting for element
2025-12-16 08:20:04,649-DEBUG-root-26912::webapp_internal::wait_element|7653:: Element found! Waiting for element to be displayed.
2025-12-16 08:20:04,815-DEBUG-root-26912::base::click|192:: Click Type: ClickType.JS
2025-12-16 08:20:04,820-DEBUG-root-26912::webapp_internal::try_send_keys|7976:: Trying to send keys to element using technique 0
2025-12-16 08:20:05,155-DEBUG-root-26912::webapp_internal::get_web_value|3232:: Current value: SIGAMDI
2025-12-16 08:20:05,155-INFO-root-26912::webapp_internal::filling_server_environment|463:: Filling Server Environment: "POUPEX_TST"
2025-12-16 08:20:05,155-DEBUG-root-26912::webapp_internal::wait_element|7623:: Waiting for element
2025-12-16 08:20:05,178-DEBUG-root-26912::webapp_internal::wait_element|7653:: Element found! Waiting for element to be displayed.
2025-12-16 08:20:05,340-DEBUG-root-26912::base::click|192:: Click Type: ClickType.JS
2025-12-16 08:20:05,345-DEBUG-root-26912::webapp_internal::try_send_keys|7976:: Trying to send keys to element using technique 0
2025-12-16 08:20:05,669-DEBUG-root-26912::webapp_internal::get_web_value|3232:: Current value: POUPEX_TST
2025-12-16 08:20:05,689-DEBUG-root-26912::base::click|192:: Click Type: ClickType.JS
2025-12-16 08:20:05,701-DEBUG-root-26912::webapp_internal::user_screen|519:: Filling user screen
2025-12-16 08:20:13,010-DEBUG-root-26912::webapp_internal::wait_element_timeout|7726:: Element found! Waiting for element to be displayed.
2025-12-16 08:20:13,058-DEBUG-root-26912::base::scroll_to_element|759:: ********Warining scroll_to_element exception: Message: TypeError: can't access property "scrollIntoView", arguments[0] is null
Stacktrace:
@https://qasrverp:10020/webapp/:2:7
@https://qasrverp:10020/webapp/:3:8
*********
2025-12-16 08:20:13,214-INFO-root-26912::webapp_internal::user_screen|561:: Filling User
2025-12-16 08:20:13,241-DEBUG-root-26912::base::double_click|259:: Click Type: ClickType.SELENIUM
2025-12-16 08:20:13,420-DEBUG-root-26912::webapp_internal::get_web_value|3232:: Current value: 97137227104
2025-12-16 08:20:13,442-INFO-root-26912::webapp_internal::user_screen|621:: Filling Password
2025-12-16 08:20:13,464-DEBUG-root-26912::base::click|192:: Click Type: ClickType.JS
2025-12-16 08:20:13,534-DEBUG-root-26912::webapp_internal::get_web_value|3232:: Current value: Deire20191817+
2025-12-16 08:20:13,534-DEBUG-root-26912::webapp_internal::wait_blocker|2444:: Waiting blocker to continue...
2025-12-16 08:20:13,560-DEBUG-root-26912::webapp_internal::wait_blocker|2469:: Blocker status: None
2025-12-16 08:20:13,580-DEBUG-root-26912::webapp_internal::wait_blocker|2444:: Waiting blocker to continue...
2025-12-16 08:20:13,607-DEBUG-root-26912::webapp_internal::wait_blocker|2469:: Blocker status: None
2025-12-16 08:20:13,639-DEBUG-root-26912::webapp_internal::wait_blocker|2444:: Waiting blocker to continue...
2025-12-16 08:20:13,669-DEBUG-root-26912::webapp_internal::wait_blocker|2469:: Blocker status: None
2025-12-16 08:20:13,670-DEBUG-root-26912::webapp_internal::send_action|10480:: Trying to send action
2025-12-16 08:20:13,678-DEBUG-root-26912::base::click|192:: Click Type: ClickType.JS
2025-12-16 08:20:14,718-DEBUG-root-26912::webapp_internal::send_action|10522:: send_action method result = True
2025-12-16 08:20:14,718-DEBUG-root-26912::webapp_internal::send_action|10523:: send_action selenium status: False
2025-12-16 08:20:17,307-DEBUG-root-26912::base::scroll_to_element|759:: ********Warining scroll_to_element exception: Message: TypeError: can't access property "scrollIntoView", arguments[0] is null
Stacktrace:
@https://qasrverp:10020/webapp/:2:7
@https://qasrverp:10020/webapp/:3:8
*********
2025-12-16 08:20:17,360-INFO-root-26912::webapp_internal::filling_date|885:: Filling Date: "17/09/2025"
2025-12-16 08:20:17,361-DEBUG-root-26912::webapp_internal::wait_blocker|2444:: Waiting blocker to continue...
2025-12-16 08:20:17,403-DEBUG-root-26912::webapp_internal::wait_blocker|2469:: Blocker status: None
2025-12-16 08:20:17,405-DEBUG-root-26912::base::click|192:: Click Type: ClickType.JS
2025-12-16 08:20:17,422-DEBUG-root-26912::webapp_internal::try_send_keys|7976:: Trying to send keys to element using technique 1
2025-12-16 08:20:17,494-DEBUG-root-26912::webapp_internal::get_web_value|3232:: Current value: 17/09/2025
2025-12-16 08:20:18,597-INFO-root-26912::webapp_internal::filling_group|955:: Filling Group: "02"
2025-12-16 08:20:18,597-DEBUG-root-26912::webapp_internal::wait_blocker|2444:: Waiting blocker to continue...
2025-12-16 08:20:18,630-DEBUG-root-26912::webapp_internal::wait_blocker|2469:: Blocker status: None
2025-12-16 08:20:18,633-DEBUG-root-26912::base::click|192:: Click Type: ClickType.JS
2025-12-16 08:20:18,683-DEBUG-root-26912::webapp_internal::get_web_value|3232:: Current value: 02
2025-12-16 08:20:19,742-INFO-root-26912::webapp_internal::filling_branch|1047:: Filling Branch: "02DF0001"
2025-12-16 08:20:19,742-DEBUG-root-26912::webapp_internal::wait_blocker|2444:: Waiting blocker to continue...
2025-12-16 08:20:19,771-DEBUG-root-26912::webapp_internal::wait_blocker|2469:: Blocker status: None
2025-12-16 08:20:19,775-DEBUG-root-26912::base::click|192:: Click Type: ClickType.JS
2025-12-16 08:20:19,830-DEBUG-root-26912::webapp_internal::get_web_value|3232:: Current value: 02DF0001
2025-12-16 08:20:20,917-INFO-root-26912::webapp_internal::filling_environment|1113:: Filling Environment: "07"
2025-12-16 08:20:20,918-DEBUG-root-26912::webapp_internal::wait_blocker|2444:: Waiting blocker to continue...
2025-12-16 08:20:20,952-DEBUG-root-26912::webapp_internal::wait_blocker|2469:: Blocker status: None
2025-12-16 08:20:20,954-DEBUG-root-26912::base::click|192:: Click Type: ClickType.JS
2025-12-16 08:20:21,004-DEBUG-root-26912::webapp_internal::get_web_value|3232:: Current value: 07
2025-12-16 08:20:22,014-DEBUG-root-26912::webapp_internal::close_warning_screen|1489:: Closing warning screen!
2025-12-16 08:20:23,047-DEBUG-root-26912::webapp_internal::check_screen_element|1291:: Checking screen element: "Atenção": False
2025-12-16 08:20:24,158-INFO-root-26912::webapp_internal::environment_screen|796:: Clicking on Button
2025-12-16 08:20:24,159-DEBUG-root-26912::webapp_internal::wait_blocker|2444:: Waiting blocker to continue...
2025-12-16 08:20:24,195-DEBUG-root-26912::webapp_internal::wait_blocker|2469:: Blocker status: None
2025-12-16 08:20:24,198-DEBUG-root-26912::base::click|192:: Click Type: ClickType.JS
2025-12-16 08:20:25,205-DEBUG-root-26912::base::click|192:: Click Type: ClickType.JS
2025-12-16 08:20:26,216-DEBUG-root-26912::base::click|192:: Click Type: ClickType.JS
2025-12-16 08:20:27,223-DEBUG-root-26912::base::click|192:: Click Type: ClickType.JS
2025-12-16 08:20:28,230-DEBUG-root-26912::base::click|192:: Click Type: ClickType.JS
2025-12-16 08:20:29,237-DEBUG-root-26912::base::click|192:: Click Type: ClickType.JS
2025-12-16 08:20:30,247-DEBUG-root-26912::webapp_internal::close_screen_before_menu|368:: Closing screen before the menu
2025-12-16 08:20:30,304-DEBUG-root-26912::webapp_internal::close_warning_screen|1489:: Closing warning screen!
2025-12-16 08:20:31,348-DEBUG-root-26912::webapp_internal::check_screen_element|1291:: Checking screen element: "Atenção": False
2025-12-16 08:20:31,348-DEBUG-root-26912::webapp_internal::close_coin_screen|1424:: Closing coin screen!
2025-12-16 08:20:31,910-DEBUG-root-26912::base::click|192:: Click Type: ClickType.JS
2025-12-16 08:20:31,969-DEBUG-root-26912::webapp_internal::close_warning_screen|1489:: Closing warning screen!
2025-12-16 08:20:33,016-DEBUG-root-26912::webapp_internal::check_screen_element|1291:: Checking screen element: "Atenção": False
2025-12-16 08:20:33,016-DEBUG-root-26912::webapp_internal::close_coin_screen|1424:: Closing coin screen!
2025-12-16 08:20:33,118-INFO-root-26912::webapp_internal::set_log_info|1623:: Getting log info
2025-12-16 08:20:33,118-INFO-root-26912::webapp_internal::SetLateralMenu|4184:: Navigating lateral menu: Ajuda > Sobre
2025-12-16 08:20:33,127-DEBUG-root-26912::webapp_internal::wait_element|7623:: Waiting for element
2025-12-16 08:20:33,178-DEBUG-root-26912::webapp_internal::wait_element|7653:: Element found! Waiting for element to be displayed.
2025-12-16 08:20:33,335-INFO-root-26912::webapp_internal::SetLateralMenu|4203:: Menu item: "Ajuda"
2025-12-16 08:20:33,336-DEBUG-root-26912::webapp_internal::wait_blocker|2444:: Waiting blocker to continue...
2025-12-16 08:20:33,399-DEBUG-root-26912::webapp_internal::wait_blocker|2469:: Blocker status: False
2025-12-16 08:20:33,734-DEBUG-root-26912::webapp_internal::wait_element_timeout|7726:: Element found! Waiting for element to be displayed.
2025-12-16 08:20:34,027-DEBUG-root-26912::webapp_internal::wait_blocker|2444:: Waiting blocker to continue...
2025-12-16 08:20:34,087-DEBUG-root-26912::webapp_internal::wait_blocker|2469:: Blocker status: False
2025-12-16 08:20:36,382-INFO-root-26912::webapp_internal::SetLateralMenu|4203:: Menu item: "Sobre"
2025-12-16 08:20:36,383-DEBUG-root-26912::webapp_internal::wait_blocker|2444:: Waiting blocker to continue...
2025-12-16 08:20:36,447-DEBUG-root-26912::webapp_internal::wait_blocker|2469:: Blocker status: False
2025-12-16 08:20:36,829-DEBUG-root-26912::webapp_internal::wait_element_timeout|7726:: Element found! Waiting for element to be displayed.
2025-12-16 08:20:37,154-DEBUG-root-26912::webapp_internal::wait_blocker|2444:: Waiting blocker to continue...
2025-12-16 08:20:37,214-DEBUG-root-26912::webapp_internal::wait_blocker|2469:: Blocker status: False
2025-12-16 08:20:39,820-DEBUG-root-26912::webapp_internal::wait_blocker|2444:: Waiting blocker to continue...
2025-12-16 08:20:39,888-DEBUG-root-26912::webapp_internal::wait_blocker|2469:: Blocker status: False
2025-12-16 08:20:39,951-DEBUG-root-26912::webapp_internal::wait_element|7623:: Waiting for element
2025-12-16 08:20:39,993-DEBUG-root-26912::webapp_internal::wait_element|7653:: Element found! Waiting for element to be displayed.
2025-12-16 08:20:40,162-INFO-root-26912::webapp_internal::SetButton|4444:: Clicking on Fechar
2025-12-16 08:20:40,162-DEBUG-root-26912::webapp_internal::wait_blocker|2444:: Waiting blocker to continue...
2025-12-16 08:20:40,227-DEBUG-root-26912::webapp_internal::wait_blocker|2469:: Blocker status: False
2025-12-16 08:20:40,402-DEBUG-root-26912::webapp_internal::wait_element_timeout|7726:: Element found! Waiting for element to be displayed.
2025-12-16 08:20:40,474-DEBUG-root-26912::webapp_internal::SetButton|4481:: ***System Info*** Before Clicking on button:Fechar
2025-12-16 08:20:40,474-DEBUG-root-26912::psutil_info::system_info|5:: CPU USAGE: 7.2%
2025-12-16 08:20:40,475-DEBUG-root-26912::psutil_info::system_info|6:: MEMORY USAGE: 84.3%
2025-12-16 08:20:40,475-DEBUG-root-26912::psutil_info::system_info|7:: MEMORY AVAILABLE: 15.7%
2025-12-16 08:20:40,639-DEBUG-root-26912::webapp_internal::wait_element_timeout|7726:: Element found! Waiting for element to be displayed.
2025-12-16 08:20:40,769-DEBUG-root-26912::webapp_internal::wait_blocker|2444:: Waiting blocker to continue...
2025-12-16 08:20:40,836-DEBUG-root-26912::webapp_internal::wait_blocker|2469:: Blocker status: False
2025-12-16 08:20:40,853-DEBUG-root-26912::webapp_internal::wait_blocker|2444:: Waiting blocker to continue...
2025-12-16 08:20:40,920-DEBUG-root-26912::webapp_internal::wait_blocker|2469:: Blocker status: False
2025-12-16 08:20:40,921-DEBUG-root-26912::webapp_internal::send_action|10480:: Trying to send action
2025-12-16 08:20:40,923-DEBUG-root-26912::base::click|192:: Click Type: ClickType.JS
2025-12-16 08:20:41,951-DEBUG-root-26912::webapp_internal::send_action|10522:: send_action method result = True
2025-12-16 08:20:41,951-DEBUG-root-26912::webapp_internal::send_action|10523:: send_action selenium status: False
2025-12-16 08:20:41,951-DEBUG-root-26912::webapp_internal::SetButton|4683:: ***System Info*** After Clicking on button:
2025-12-16 08:20:41,951-DEBUG-root-26912::psutil_info::system_info|5:: CPU USAGE: 4.0%
2025-12-16 08:20:41,952-DEBUG-root-26912::psutil_info::system_info|6:: MEMORY USAGE: 84.5%
2025-12-16 08:20:41,952-DEBUG-root-26912::psutil_info::system_info|7:: MEMORY AVAILABLE: 15.52%
2025-12-16 08:20:41,952-DEBUG-root-26912::webapp_internal::wait_element|7623:: Waiting for element
2025-12-16 08:20:42,030-INFO-root-26912::webapp_internal::SetLateralMenu|4184:: Navigating lateral menu: Atualizações > Lançamentos > Lancamentos Avulso
2025-12-16 08:20:42,041-DEBUG-root-26912::webapp_internal::wait_element|7623:: Waiting for element
2025-12-16 08:20:42,075-DEBUG-root-26912::webapp_internal::wait_element|7653:: Element found! Waiting for element to be displayed.
2025-12-16 08:20:42,235-INFO-root-26912::webapp_internal::SetLateralMenu|4203:: Menu item: "Atualizações"
2025-12-16 08:20:42,235-DEBUG-root-26912::webapp_internal::wait_blocker|2444:: Waiting blocker to continue...
2025-12-16 08:20:42,302-DEBUG-root-26912::webapp_internal::wait_blocker|2469:: Blocker status: False
2025-12-16 08:20:42,685-DEBUG-root-26912::webapp_internal::wait_element_timeout|7726:: Element found! Waiting for element to be displayed.
2025-12-16 08:20:43,007-DEBUG-root-26912::webapp_internal::wait_blocker|2444:: Waiting blocker to continue...
2025-12-16 08:20:43,070-DEBUG-root-26912::webapp_internal::wait_blocker|2469:: Blocker status: False
2025-12-16 08:20:45,362-INFO-root-26912::webapp_internal::SetLateralMenu|4203:: Menu item: "Lançamentos"
2025-12-16 08:20:45,362-DEBUG-root-26912::webapp_internal::wait_blocker|2444:: Waiting blocker to continue...
2025-12-16 08:20:45,450-DEBUG-root-26912::webapp_internal::wait_blocker|2469:: Blocker status: False
2025-12-16 08:20:46,138-DEBUG-root-26912::webapp_internal::wait_element_timeout|7726:: Element found! Waiting for element to be displayed.
2025-12-16 08:20:46,858-DEBUG-root-26912::webapp_internal::wait_blocker|2444:: Waiting blocker to continue...
2025-12-16 08:20:46,947-DEBUG-root-26912::webapp_internal::wait_blocker|2469:: Blocker status: False
2025-12-16 08:20:49,245-INFO-root-26912::webapp_internal::SetLateralMenu|4203:: Menu item: "Lancamentos Avulso"
2025-12-16 08:20:49,245-DEBUG-root-26912::webapp_internal::wait_blocker|2444:: Waiting blocker to continue...
2025-12-16 08:20:49,325-DEBUG-root-26912::webapp_internal::wait_blocker|2469:: Blocker status: False
2025-12-16 08:20:50,214-DEBUG-root-26912::webapp_internal::wait_element_timeout|7726:: Element found! Waiting for element to be displayed.
2025-12-16 08:20:51,142-DEBUG-root-26912::webapp_internal::wait_blocker|2444:: Waiting blocker to continue...
2025-12-16 08:20:51,220-DEBUG-root-26912::webapp_internal::wait_blocker|2469:: Blocker status: False
2025-12-16 08:20:54,735-DEBUG-root-26912::webapp_internal::wait_blocker|2444:: Waiting blocker to continue...
2025-12-16 08:20:54,812-DEBUG-root-26912::webapp_internal::wait_blocker|2469:: Blocker status: False
2025-12-16 08:20:54,902-INFO-root-26912::webapp_internal::WaitShow|4980:: Waiting show text 'Este ambiente utiliza base de Homologação.'...
2025-12-16 08:21:00,385-DEBUG-root-26912::log::checks_empty_line|221:: Checking empty default log info
2025-12-16 08:21:00,387-DEBUG-root-26912::log::generate_log|503:: Json log_data: {'cLogDtExec': '16/12/2025 08:21:00', 'cLogNomUsr': '97137227104', 'cLogNomEst': 'GESIT03', 'cLogProgra': None, 'cLogDtProg': '', 'cLogHrProg': '', 'nLogCtsOk': 1, 'nLogCtsNok': 0, 'nLogCtsSeg': 63.22, 'cLogVersao': '12', 'cLogReleas': '12.1.2410', 'nLogCtsErr': '', 'cLogBancod': 'ORACLE', 'cLogIdenti': '', 'cLogIdExec': '20251216', 'cLogPais': 'BRA', 'cLogTool': 'TIR', 'cLogSequen': '0e8453', 'nLogCtsTot': 1, 'cLogDtExea': '16/12/2025', 'cLogHrExea': '08:21:00', 'cLogArea': 'Desenvolvimento', 'cLogMnExec': 1.0536666666666668}
2025-12-16 08:21:00,387-INFO-root-26912::log::send_log_with_retries|515:: Saving log locally.
2025-12-16 08:21:00,387-INFO-root-26912::log::save_log_locally|548:: [FwSendLog]: Não foi possível enviar o log após todas as tentativas.
2025-12-16 08:21:00,388-INFO-root-26912::log::save_log_locally|555:: [FwSendLog]: Log salvo localmente em C:\TIR_TESTE\1765884060.json.
2025-12-16 08:21:00,388-INFO-root-26912::webapp_internal::WaitShow|4980:: Waiting show text 'Moedas'...
2025-12-16 08:21:05,530-DEBUG-root-26912::webapp_internal::wait_blocker|2444:: Waiting blocker to continue...
2025-12-16 08:21:05,622-DEBUG-root-26912::webapp_internal::wait_blocker|2469:: Blocker status: False
2025-12-16 08:21:05,623-INFO-root-26912::webapp_internal::SearchBrowse|2003:: Searching: 02DF0001228383
2025-12-16 08:21:05,777-DEBUG-root-26912::webapp_internal::wait_element_timeout|7726:: Element found! Waiting for element to be displayed.
2025-12-16 08:21:05,864-DEBUG-root-26912::webapp_internal::wait_element|7623:: Waiting for element
2025-12-16 08:21:05,913-DEBUG-root-26912::webapp_internal::wait_element|7653:: Element found! Waiting for element to be displayed.
2025-12-16 08:21:06,204-DEBUG-root-26912::base::click|192:: Click Type: ClickType.JS
2025-12-16 08:21:07,986-DEBUG-root-26912::webapp_internal::wait_blocker|2444:: Waiting blocker to continue...
2025-12-16 08:21:08,087-DEBUG-root-26912::webapp_internal::wait_blocker|2469:: Blocker status: False
2025-12-16 08:21:08,100-DEBUG-root-26912::webapp_internal::wait_blocker|2444:: Waiting blocker to continue...
2025-12-16 08:21:08,217-DEBUG-root-26912::webapp_internal::wait_blocker|2469:: Blocker status: False
2025-12-16 08:21:08,217-INFO-root-26912::webapp_internal::fill_search_browse|2399:: Filling: 02DF0001228383
2025-12-16 08:21:08,232-DEBUG-root-26912::base::click|192:: Click Type: ClickType.JS
2025-12-16 08:21:09,348-DEBUG-root-26912::webapp_internal::wait_blocker|2444:: Waiting blocker to continue...
2025-12-16 08:21:09,453-DEBUG-root-26912::webapp_internal::wait_blocker|2469:: Blocker status: False
2025-12-16 08:21:09,455-DEBUG-root-26912::base::double_click|259:: Click Type: ClickType.SELENIUM
2025-12-16 08:21:09,464-WARNING-root-26912::base::double_click|280:: Warning double_click method Exception: Message: Element <button class="button-image" type="button"> is not clickable at point (1844,131) because another element <wa-button id="COMP4530" class="dict-tbutton focus"> obscures it
Stacktrace:
RemoteError@chrome://remote/content/shared/RemoteError.sys.mjs:8:8
WebDriverError@chrome://remote/content/shared/webdriver/Errors.sys.mjs:202:5
ElementClickInterceptedError@chrome://remote/content/shared/webdriver/Errors.sys.mjs:354:5
webdriverClickElement@chrome://remote/content/marionette/interaction.sys.mjs:175:11
interaction.clickElement@chrome://remote/content/marionette/interaction.sys.mjs:134:11
clickElement@chrome://remote/content/marionette/actors/MarionetteCommandsChild.sys.mjs:327:29
receiveMessage@chrome://remote/content/marionette/actors/MarionetteCommandsChild.sys.mjs:210:31

2025-12-16 08:21:19,770-INFO-root-26912::webapp_internal::WaitShow|4980:: Waiting show text 'Lançamentos Avulsos'...
2025-12-16 08:21:19,854-INFO-root-26912::webapp_internal::WaitShow|4996:: Text found! 
2025-12-16 08:21:19,854-INFO-root-26912::webapp_internal::SetButton|4444:: Clicking on Manutenção
2025-12-16 08:21:19,854-DEBUG-root-26912::webapp_internal::wait_blocker|2444:: Waiting blocker to continue...
2025-12-16 08:21:19,988-DEBUG-root-26912::webapp_internal::wait_blocker|2469:: Blocker status: False
2025-12-16 08:21:20,373-DEBUG-root-26912::webapp_internal::wait_element_timeout|7726:: Element found! Waiting for element to be displayed.
2025-12-16 08:21:20,630-DEBUG-root-26912::webapp_internal::SetButton|4481:: ***System Info*** Before Clicking on button:Manutenção
2025-12-16 08:21:20,631-DEBUG-root-26912::psutil_info::system_info|5:: CPU USAGE: 8.1%
2025-12-16 08:21:20,631-DEBUG-root-26912::psutil_info::system_info|6:: MEMORY USAGE: 84.1%
2025-12-16 08:21:20,632-DEBUG-root-26912::psutil_info::system_info|7:: MEMORY AVAILABLE: 15.92%
2025-12-16 08:21:20,991-DEBUG-root-26912::webapp_internal::wait_element_timeout|7726:: Element found! Waiting for element to be displayed.
2025-12-16 08:21:21,315-DEBUG-root-26912::webapp_internal::wait_blocker|2444:: Waiting blocker to continue...
2025-12-16 08:21:21,416-DEBUG-root-26912::webapp_internal::wait_blocker|2469:: Blocker status: False
2025-12-16 08:21:21,439-DEBUG-root-26912::webapp_internal::wait_blocker|2444:: Waiting blocker to continue...
2025-12-16 08:21:21,546-DEBUG-root-26912::webapp_internal::wait_blocker|2469:: Blocker status: False
2025-12-16 08:21:21,546-DEBUG-root-26912::webapp_internal::send_action|10480:: Trying to send action
2025-12-16 08:21:21,548-DEBUG-root-26912::base::click|192:: Click Type: ClickType.JS
2025-12-16 08:21:22,606-DEBUG-root-26912::webapp_internal::send_action|10522:: send_action method result = True
2025-12-16 08:21:22,606-DEBUG-root-26912::webapp_internal::send_action|10523:: send_action selenium status: False
2025-12-16 08:21:22,607-DEBUG-root-26912::webapp_internal::SetButton|4683:: ***System Info*** After Clicking on button:
2025-12-16 08:21:22,607-DEBUG-root-26912::psutil_info::system_info|5:: CPU USAGE: 8.3%
2025-12-16 08:21:22,607-DEBUG-root-26912::psutil_info::system_info|6:: MEMORY USAGE: 84.3%
2025-12-16 08:21:22,607-DEBUG-root-26912::psutil_info::system_info|7:: MEMORY AVAILABLE: 15.65%
2025-12-16 08:21:27,608-INFO-root-26912::webapp_internal::WaitShow|4980:: Waiting show text 'Funcionários - MANUTENÇÃO'...
2025-12-16 08:21:27,697-INFO-root-26912::webapp_internal::WaitShow|4996:: Text found! 
2025-12-16 08:21:27,697-INFO-root-26912::webapp_internal::WaitShow|4980:: Waiting show text 'Funcionários - MANUTENÇÃO'...
2025-12-16 08:21:27,785-INFO-root-26912::webapp_internal::WaitShow|4996:: Text found! 
2025-12-16 08:21:27,785-DEBUG-root-26912::webapp_internal::wait_blocker|2444:: Waiting blocker to continue...
2025-12-16 08:21:27,903-DEBUG-root-26912::webapp_internal::wait_blocker|2469:: Blocker status: False
2025-12-16 08:21:27,904-DEBUG-root-26912::webapp_internal::wait_blocker|2444:: Waiting blocker to continue...
2025-12-16 08:21:28,015-DEBUG-root-26912::webapp_internal::wait_blocker|2469:: Blocker status: False
2025-12-16 08:21:28,015-INFO-root-26912::webapp_internal::SetKey|5822:: Key pressed: DOWN
2025-12-16 08:21:28,015-DEBUG-root-26912::webapp_internal::wait_element|7623:: Waiting for element
2025-12-16 08:21:28,080-DEBUG-root-26912::webapp_internal::wait_element|7653:: Element found! Waiting for element to be displayed.
2025-12-16 08:21:28,290-DEBUG-root-26912::webapp_internal::new_grid_line|7014:: New grid line
2025-12-16 08:21:29,780-DEBUG-root-26912::webapp_internal::wait_blocker|2444:: Waiting blocker to continue...
2025-12-16 08:21:29,887-DEBUG-root-26912::webapp_internal::wait_blocker|2469:: Blocker status: False
2025-12-16 08:21:29,887-INFO-root-26912::webapp_internal::LoadGrid|6298:: Filling grid field: Dt. Inclusao
2025-12-16 08:21:29,887-DEBUG-root-26912::webapp_internal::fill_grid|6399:: Grid loading...
2025-12-16 08:21:30,005-ERROR-root-26912::webapp_internal::fill_grid|6675:: fill grid error: list index out of range
Traceback (most recent call last):
  File "C:\TIR_TESTE\venv\Lib\site-packages\tir\technologies\webapp_internal.py", line 6420, in fill_grid
    if not column_name in headers[field[2]]:
                          ~~~~~~~^^^^^^^^^^
IndexError: list index out of range
2025-12-16 08:21:30,007-WARNING-root-26912::webapp_internal::log_error|8143:: Warning log_error fill grid error: list index out of range
2025-12-16 08:21:30,007-DEBUG-root-26912::webapp_internal::log_error|8146:: ***System Info*** in log_error():
2025-12-16 08:21:30,007-DEBUG-root-26912::psutil_info::system_info|5:: CPU USAGE: 6.3%
2025-12-16 08:21:30,008-DEBUG-root-26912::psutil_info::system_info|6:: MEMORY USAGE: 84.7%
2025-12-16 08:21:30,008-DEBUG-root-26912::psutil_info::system_info|7:: MEMORY AVAILABLE: 15.3%
2025-12-16 08:21:31,565-ERROR-root-26912::webapp_internal::TearDown|9654:: Warning tearDown Close Message: Tried to run command without establishing a connection
Traceback (most recent call last):
  File "C:\TIR_TESTE\venv\Lib\site-packages\tir\technologies\webapp_internal.py", line 9652, in TearDown
    self.driver.close()
  File "C:\TIR_TESTE\venv\Lib\site-packages\selenium\webdriver\remote\webdriver.py", line 458, in close
    self.execute(Command.CLOSE)
  File "C:\TIR_TESTE\venv\Lib\site-packages\selenium\webdriver\remote\webdriver.py", line 347, in execute
    self.error_handler.check_response(response)
  File "C:\TIR_TESTE\venv\Lib\site-packages\selenium\webdriver\remote\errorhandler.py", line 229, in check_response
    raise exception_class(message, screen, stacktrace)
selenium.common.exceptions.InvalidSessionIdException: Message: Tried to run command without establishing a connection

2025-12-16 08:19:57,298-DEBUG-root-26912::logging_config::logger|189:: Log file created: 'Log\GESIT03\TIR__20251216081957293.log'
2025-12-16 08:19:57,298-INFO-root-26912::base::Start|1183:: TIR Version: 2.4.3
2025-12-16 08:19:57,299-INFO-root-26912::base::Start|1184:: Python Version: 3.12.10
2025-12-16 08:19:57,299-INFO-root-26912::base::Start|1185:: Starting the browser
2025-12-16 08:20:04,509-INFO-root-26912::base::get_url|1294:: Page is ready!
2025-12-16 08:20:04,534-INFO-root-26912::base::Start|1256:: Browser maximized to 1936x1048
2025-12-16 08:20:04,534-INFO-root-26912::base::Start|1258:: Screen size is different from default used in headless mode
2025-12-16 08:20:04,562-INFO-root-26912::webapp_internal::Setup|247:: ***System Info*** in Setup():
2025-12-16 08:20:04,562-DEBUG-root-26912::psutil_info::system_info|5:: CPU USAGE: 16.7%
2025-12-16 08:20:04,563-DEBUG-root-26912::psutil_info::system_info|6:: MEMORY USAGE: 84.4%
2025-12-16 08:20:04,563-DEBUG-root-26912::psutil_info::system_info|7:: MEMORY AVAILABLE: 15.57%
2025-12-16 08:20:04,569-INFO-root-26912::base::webapp_shadowroot|1394:: Webapp: 10.1.6-RC4
2025-12-16 08:20:04,597-INFO-root-26912::webapp_internal::filling_initial_program|449:: Filling Initial Program: "SIGAMDI"
2025-12-16 08:20:04,597-DEBUG-root-26912::webapp_internal::wait_element|7623:: Waiting for element
2025-12-16 08:20:04,649-DEBUG-root-26912::webapp_internal::wait_element|7653:: Element found! Waiting for element to be displayed.
2025-12-16 08:20:04,815-DEBUG-root-26912::base::click|192:: Click Type: ClickType.JS
2025-12-16 08:20:04,820-DEBUG-root-26912::webapp_internal::try_send_keys|7976:: Trying to send keys to element using technique 0
2025-12-16 08:20:05,155-DEBUG-root-26912::webapp_internal::get_web_value|3232:: Current value: SIGAMDI
2025-12-16 08:20:05,155-INFO-root-26912::webapp_internal::filling_server_environment|463:: Filling Server Environment: "POUPEX_TST"
2025-12-16 08:20:05,155-DEBUG-root-26912::webapp_internal::wait_element|7623:: Waiting for element
2025-12-16 08:20:05,178-DEBUG-root-26912::webapp_internal::wait_element|7653:: Element found! Waiting for element to be displayed.
2025-12-16 08:20:05,340-DEBUG-root-26912::base::click|192:: Click Type: ClickType.JS
2025-12-16 08:20:05,345-DEBUG-root-26912::webapp_internal::try_send_keys|7976:: Trying to send keys to element using technique 0
2025-12-16 08:20:05,669-DEBUG-root-26912::webapp_internal::get_web_value|3232:: Current value: POUPEX_TST
2025-12-16 08:20:05,689-DEBUG-root-26912::base::click|192:: Click Type: ClickType.JS
2025-12-16 08:20:05,701-DEBUG-root-26912::webapp_internal::user_screen|519:: Filling user screen
2025-12-16 08:20:13,010-DEBUG-root-26912::webapp_internal::wait_element_timeout|7726:: Element found! Waiting for element to be displayed.
2025-12-16 08:20:13,058-DEBUG-root-26912::base::scroll_to_element|759:: ********Warining scroll_to_element exception: Message: TypeError: can't access property "scrollIntoView", arguments[0] is null
Stacktrace:
@https://qasrverp:10020/webapp/:2:7
@https://qasrverp:10020/webapp/:3:8
*********
2025-12-16 08:20:13,214-INFO-root-26912::webapp_internal::user_screen|561:: Filling User
2025-12-16 08:20:13,241-DEBUG-root-26912::base::double_click|259:: Click Type: ClickType.SELENIUM
2025-12-16 08:20:13,420-DEBUG-root-26912::webapp_internal::get_web_value|3232:: Current value: 97137227104
2025-12-16 08:20:13,442-INFO-root-26912::webapp_internal::user_screen|621:: Filling Password
2025-12-16 08:20:13,464-DEBUG-root-26912::base::click|192:: Click Type: ClickType.JS
2025-12-16 08:20:13,534-DEBUG-root-26912::webapp_internal::get_web_value|3232:: Current value: Deire20191817+
2025-12-16 08:20:13,534-DEBUG-root-26912::webapp_internal::wait_blocker|2444:: Waiting blocker to continue...
2025-12-16 08:20:13,560-DEBUG-root-26912::webapp_internal::wait_blocker|2469:: Blocker status: None
2025-12-16 08:20:13,580-DEBUG-root-26912::webapp_internal::wait_blocker|2444:: Waiting blocker to continue...
2025-12-16 08:20:13,607-DEBUG-root-26912::webapp_internal::wait_blocker|2469:: Blocker status: None
2025-12-16 08:20:13,639-DEBUG-root-26912::webapp_internal::wait_blocker|2444:: Waiting blocker to continue...
2025-12-16 08:20:13,669-DEBUG-root-26912::webapp_internal::wait_blocker|2469:: Blocker status: None
2025-12-16 08:20:13,670-DEBUG-root-26912::webapp_internal::send_action|10480:: Trying to send action
2025-12-16 08:20:13,678-DEBUG-root-26912::base::click|192:: Click Type: ClickType.JS
2025-12-16 08:20:14,718-DEBUG-root-26912::webapp_internal::send_action|10522:: send_action method result = True
2025-12-16 08:20:14,718-DEBUG-root-26912::webapp_internal::send_action|10523:: send_action selenium status: False
2025-12-16 08:20:17,307-DEBUG-root-26912::base::scroll_to_element|759:: ********Warining scroll_to_element exception: Message: TypeError: can't access property "scrollIntoView", arguments[0] is null
Stacktrace:
@https://qasrverp:10020/webapp/:2:7
@https://qasrverp:10020/webapp/:3:8
*********
2025-12-16 08:20:17,360-INFO-root-26912::webapp_internal::filling_date|885:: Filling Date: "17/09/2025"
2025-12-16 08:20:17,361-DEBUG-root-26912::webapp_internal::wait_blocker|2444:: Waiting blocker to continue...
2025-12-16 08:20:17,403-DEBUG-root-26912::webapp_internal::wait_blocker|2469:: Blocker status: None
2025-12-16 08:20:17,405-DEBUG-root-26912::base::click|192:: Click Type: ClickType.JS
2025-12-16 08:20:17,422-DEBUG-root-26912::webapp_internal::try_send_keys|7976:: Trying to send keys to element using technique 1
2025-12-16 08:20:17,494-DEBUG-root-26912::webapp_internal::get_web_value|3232:: Current value: 17/09/2025
2025-12-16 08:20:18,597-INFO-root-26912::webapp_internal::filling_group|955:: Filling Group: "02"
2025-12-16 08:20:18,597-DEBUG-root-26912::webapp_internal::wait_blocker|2444:: Waiting blocker to continue...
2025-12-16 08:20:18,630-DEBUG-root-26912::webapp_internal::wait_blocker|2469:: Blocker status: None
2025-12-16 08:20:18,633-DEBUG-root-26912::base::click|192:: Click Type: ClickType.JS
2025-12-16 08:20:18,683-DEBUG-root-26912::webapp_internal::get_web_value|3232:: Current value: 02
2025-12-16 08:20:19,742-INFO-root-26912::webapp_internal::filling_branch|1047:: Filling Branch: "02DF0001"
2025-12-16 08:20:19,742-DEBUG-root-26912::webapp_internal::wait_blocker|2444:: Waiting blocker to continue...
2025-12-16 08:20:19,771-DEBUG-root-26912::webapp_internal::wait_blocker|2469:: Blocker status: None
2025-12-16 08:20:19,775-DEBUG-root-26912::base::click|192:: Click Type: ClickType.JS
2025-12-16 08:20:19,830-DEBUG-root-26912::webapp_internal::get_web_value|3232:: Current value: 02DF0001
2025-12-16 08:20:20,917-INFO-root-26912::webapp_internal::filling_environment|1113:: Filling Environment: "07"
2025-12-16 08:20:20,918-DEBUG-root-26912::webapp_internal::wait_blocker|2444:: Waiting blocker to continue...
2025-12-16 08:20:20,952-DEBUG-root-26912::webapp_internal::wait_blocker|2469:: Blocker status: None
2025-12-16 08:20:20,954-DEBUG-root-26912::base::click|192:: Click Type: ClickType.JS
2025-12-16 08:20:21,004-DEBUG-root-26912::webapp_internal::get_web_value|3232:: Current value: 07
2025-12-16 08:20:22,014-DEBUG-root-26912::webapp_internal::close_warning_screen|1489:: Closing warning screen!
2025-12-16 08:20:23,047-DEBUG-root-26912::webapp_internal::check_screen_element|1291:: Checking screen element: "Atenção": False
2025-12-16 08:20:24,158-INFO-root-26912::webapp_internal::environment_screen|796:: Clicking on Button
2025-12-16 08:20:24,159-DEBUG-root-26912::webapp_internal::wait_blocker|2444:: Waiting blocker to continue...
2025-12-16 08:20:24,195-DEBUG-root-26912::webapp_internal::wait_blocker|2469:: Blocker status: None
2025-12-16 08:20:24,198-DEBUG-root-26912::base::click|192:: Click Type: ClickType.JS
2025-12-16 08:20:25,205-DEBUG-root-26912::base::click|192:: Click Type: ClickType.JS
2025-12-16 08:20:26,216-DEBUG-root-26912::base::click|192:: Click Type: ClickType.JS
2025-12-16 08:20:27,223-DEBUG-root-26912::base::click|192:: Click Type: ClickType.JS
2025-12-16 08:20:28,230-DEBUG-root-26912::base::click|192:: Click Type: ClickType.JS
2025-12-16 08:20:29,237-DEBUG-root-26912::base::click|192:: Click Type: ClickType.JS
2025-12-16 08:20:30,247-DEBUG-root-26912::webapp_internal::close_screen_before_menu|368:: Closing screen before the menu
2025-12-16 08:20:30,304-DEBUG-root-26912::webapp_internal::close_warning_screen|1489:: Closing warning screen!
2025-12-16 08:20:31,348-DEBUG-root-26912::webapp_internal::check_screen_element|1291:: Checking screen element: "Atenção": False
2025-12-16 08:20:31,348-DEBUG-root-26912::webapp_internal::close_coin_screen|1424:: Closing coin screen!
2025-12-16 08:20:31,910-DEBUG-root-26912::base::click|192:: Click Type: ClickType.JS
2025-12-16 08:20:31,969-DEBUG-root-26912::webapp_internal::close_warning_screen|1489:: Closing warning screen!
2025-12-16 08:20:33,016-DEBUG-root-26912::webapp_internal::check_screen_element|1291:: Checking screen element: "Atenção": False
2025-12-16 08:20:33,016-DEBUG-root-26912::webapp_internal::close_coin_screen|1424:: Closing coin screen!
2025-12-16 08:20:33,118-INFO-root-26912::webapp_internal::set_log_info|1623:: Getting log info
2025-12-16 08:20:33,118-INFO-root-26912::webapp_internal::SetLateralMenu|4184:: Navigating lateral menu: Ajuda > Sobre
2025-12-16 08:20:33,127-DEBUG-root-26912::webapp_internal::wait_element|7623:: Waiting for element
2025-12-16 08:20:33,178-DEBUG-root-26912::webapp_internal::wait_element|7653:: Element found! Waiting for element to be displayed.
2025-12-16 08:20:33,335-INFO-root-26912::webapp_internal::SetLateralMenu|4203:: Menu item: "Ajuda"
2025-12-16 08:20:33,336-DEBUG-root-26912::webapp_internal::wait_blocker|2444:: Waiting blocker to continue...
2025-12-16 08:20:33,399-DEBUG-root-26912::webapp_internal::wait_blocker|2469:: Blocker status: False
2025-12-16 08:20:33,734-DEBUG-root-26912::webapp_internal::wait_element_timeout|7726:: Element found! Waiting for element to be displayed.
2025-12-16 08:20:34,027-DEBUG-root-26912::webapp_internal::wait_blocker|2444:: Waiting blocker to continue...
2025-12-16 08:20:34,087-DEBUG-root-26912::webapp_internal::wait_blocker|2469:: Blocker status: False
2025-12-16 08:20:36,382-INFO-root-26912::webapp_internal::SetLateralMenu|4203:: Menu item: "Sobre"
2025-12-16 08:20:36,383-DEBUG-root-26912::webapp_internal::wait_blocker|2444:: Waiting blocker to continue...
2025-12-16 08:20:36,447-DEBUG-root-26912::webapp_internal::wait_blocker|2469:: Blocker status: False
2025-12-16 08:20:36,829-DEBUG-root-26912::webapp_internal::wait_element_timeout|7726:: Element found! Waiting for element to be displayed.
2025-12-16 08:20:37,154-DEBUG-root-26912::webapp_internal::wait_blocker|2444:: Waiting blocker to continue...
2025-12-16 08:20:37,214-DEBUG-root-26912::webapp_internal::wait_blocker|2469:: Blocker status: False
2025-12-16 08:20:39,820-DEBUG-root-26912::webapp_internal::wait_blocker|2444:: Waiting blocker to continue...
2025-12-16 08:20:39,888-DEBUG-root-26912::webapp_internal::wait_blocker|2469:: Blocker status: False
2025-12-16 08:20:39,951-DEBUG-root-26912::webapp_internal::wait_element|7623:: Waiting for element
2025-12-16 08:20:39,993-DEBUG-root-26912::webapp_internal::wait_element|7653:: Element found! Waiting for element to be displayed.
2025-12-16 08:20:40,162-INFO-root-26912::webapp_internal::SetButton|4444:: Clicking on Fechar
2025-12-16 08:20:40,162-DEBUG-root-26912::webapp_internal::wait_blocker|2444:: Waiting blocker to continue...
2025-12-16 08:20:40,227-DEBUG-root-26912::webapp_internal::wait_blocker|2469:: Blocker status: False
2025-12-16 08:20:40,402-DEBUG-root-26912::webapp_internal::wait_element_timeout|7726:: Element found! Waiting for element to be displayed.
2025-12-16 08:20:40,474-DEBUG-root-26912::webapp_internal::SetButton|4481:: ***System Info*** Before Clicking on button:Fechar
2025-12-16 08:20:40,474-DEBUG-root-26912::psutil_info::system_info|5:: CPU USAGE: 7.2%
2025-12-16 08:20:40,475-DEBUG-root-26912::psutil_info::system_info|6:: MEMORY USAGE: 84.3%
2025-12-16 08:20:40,475-DEBUG-root-26912::psutil_info::system_info|7:: MEMORY AVAILABLE: 15.7%
2025-12-16 08:20:40,639-DEBUG-root-26912::webapp_internal::wait_element_timeout|7726:: Element found! Waiting for element to be displayed.
2025-12-16 08:20:40,769-DEBUG-root-26912::webapp_internal::wait_blocker|2444:: Waiting blocker to continue...
2025-12-16 08:20:40,836-DEBUG-root-26912::webapp_internal::wait_blocker|2469:: Blocker status: False
2025-12-16 08:20:40,853-DEBUG-root-26912::webapp_internal::wait_blocker|2444:: Waiting blocker to continue...
2025-12-16 08:20:40,920-DEBUG-root-26912::webapp_internal::wait_blocker|2469:: Blocker status: False
2025-12-16 08:20:40,921-DEBUG-root-26912::webapp_internal::send_action|10480:: Trying to send action
2025-12-16 08:20:40,923-DEBUG-root-26912::base::click|192:: Click Type: ClickType.JS
2025-12-16 08:20:41,951-DEBUG-root-26912::webapp_internal::send_action|10522:: send_action method result = True
2025-12-16 08:20:41,951-DEBUG-root-26912::webapp_internal::send_action|10523:: send_action selenium status: False
2025-12-16 08:20:41,951-DEBUG-root-26912::webapp_internal::SetButton|4683:: ***System Info*** After Clicking on button:
2025-12-16 08:20:41,951-DEBUG-root-26912::psutil_info::system_info|5:: CPU USAGE: 4.0%
2025-12-16 08:20:41,952-DEBUG-root-26912::psutil_info::system_info|6:: MEMORY USAGE: 84.5%
2025-12-16 08:20:41,952-DEBUG-root-26912::psutil_info::system_info|7:: MEMORY AVAILABLE: 15.52%
2025-12-16 08:20:41,952-DEBUG-root-26912::webapp_internal::wait_element|7623:: Waiting for element
2025-12-16 08:20:42,030-INFO-root-26912::webapp_internal::SetLateralMenu|4184:: Navigating lateral menu: Atualizações > Lançamentos > Lancamentos Avulso
2025-12-16 08:20:42,041-DEBUG-root-26912::webapp_internal::wait_element|7623:: Waiting for element
2025-12-16 08:20:42,075-DEBUG-root-26912::webapp_internal::wait_element|7653:: Element found! Waiting for element to be displayed.
2025-12-16 08:20:42,235-INFO-root-26912::webapp_internal::SetLateralMenu|4203:: Menu item: "Atualizações"
2025-12-16 08:20:42,235-DEBUG-root-26912::webapp_internal::wait_blocker|2444:: Waiting blocker to continue...
2025-12-16 08:20:42,302-DEBUG-root-26912::webapp_internal::wait_blocker|2469:: Blocker status: False
2025-12-16 08:20:42,685-DEBUG-root-26912::webapp_internal::wait_element_timeout|7726:: Element found! Waiting for element to be displayed.
2025-12-16 08:20:43,007-DEBUG-root-26912::webapp_internal::wait_blocker|2444:: Waiting blocker to continue...
2025-12-16 08:20:43,070-DEBUG-root-26912::webapp_internal::wait_blocker|2469:: Blocker status: False
2025-12-16 08:20:45,362-INFO-root-26912::webapp_internal::SetLateralMenu|4203:: Menu item: "Lançamentos"
2025-12-16 08:20:45,362-DEBUG-root-26912::webapp_internal::wait_blocker|2444:: Waiting blocker to continue...
2025-12-16 08:20:45,450-DEBUG-root-26912::webapp_internal::wait_blocker|2469:: Blocker status: False
2025-12-16 08:20:46,138-DEBUG-root-26912::webapp_internal::wait_element_timeout|7726:: Element found! Waiting for element to be displayed.
2025-12-16 08:20:46,858-DEBUG-root-26912::webapp_internal::wait_blocker|2444:: Waiting blocker to continue...
2025-12-16 08:20:46,947-DEBUG-root-26912::webapp_internal::wait_blocker|2469:: Blocker status: False
2025-12-16 08:20:49,245-INFO-root-26912::webapp_internal::SetLateralMenu|4203:: Menu item: "Lancamentos Avulso"
2025-12-16 08:20:49,245-DEBUG-root-26912::webapp_internal::wait_blocker|2444:: Waiting blocker to continue...
2025-12-16 08:20:49,325-DEBUG-root-26912::webapp_internal::wait_blocker|2469:: Blocker status: False
2025-12-16 08:20:50,214-DEBUG-root-26912::webapp_internal::wait_element_timeout|7726:: Element found! Waiting for element to be displayed.
2025-12-16 08:20:51,142-DEBUG-root-26912::webapp_internal::wait_blocker|2444:: Waiting blocker to continue...
2025-12-16 08:20:51,220-DEBUG-root-26912::webapp_internal::wait_blocker|2469:: Blocker status: False
2025-12-16 08:20:54,735-DEBUG-root-26912::webapp_internal::wait_blocker|2444:: Waiting blocker to continue...
2025-12-16 08:20:54,812-DEBUG-root-26912::webapp_internal::wait_blocker|2469:: Blocker status: False
2025-12-16 08:20:54,902-INFO-root-26912::webapp_internal::WaitShow|4980:: Waiting show text 'Este ambiente utiliza base de Homologação.'...
2025-12-16 08:21:00,385-DEBUG-root-26912::log::checks_empty_line|221:: Checking empty default log info
2025-12-16 08:21:00,387-DEBUG-root-26912::log::generate_log|503:: Json log_data: {'cLogDtExec': '16/12/2025 08:21:00', 'cLogNomUsr': '97137227104', 'cLogNomEst': 'GESIT03', 'cLogProgra': None, 'cLogDtProg': '', 'cLogHrProg': '', 'nLogCtsOk': 1, 'nLogCtsNok': 0, 'nLogCtsSeg': 63.22, 'cLogVersao': '12', 'cLogReleas': '12.1.2410', 'nLogCtsErr': '', 'cLogBancod': 'ORACLE', 'cLogIdenti': '', 'cLogIdExec': '20251216', 'cLogPais': 'BRA', 'cLogTool': 'TIR', 'cLogSequen': '0e8453', 'nLogCtsTot': 1, 'cLogDtExea': '16/12/2025', 'cLogHrExea': '08:21:00', 'cLogArea': 'Desenvolvimento', 'cLogMnExec': 1.0536666666666668}
2025-12-16 08:21:00,387-INFO-root-26912::log::send_log_with_retries|515:: Saving log locally.
2025-12-16 08:21:00,387-INFO-root-26912::log::save_log_locally|548:: [FwSendLog]: Não foi possível enviar o log após todas as tentativas.
2025-12-16 08:21:00,388-INFO-root-26912::log::save_log_locally|555:: [FwSendLog]: Log salvo localmente em C:\TIR_TESTE\1765884060.json.
2025-12-16 08:21:00,388-INFO-root-26912::webapp_internal::WaitShow|4980:: Waiting show text 'Moedas'...
2025-12-16 08:21:05,530-DEBUG-root-26912::webapp_internal::wait_blocker|2444:: Waiting blocker to continue...
2025-12-16 08:21:05,622-DEBUG-root-26912::webapp_internal::wait_blocker|2469:: Blocker status: False
2025-12-16 08:21:05,623-INFO-root-26912::webapp_internal::SearchBrowse|2003:: Searching: 02DF0001228383
2025-12-16 08:21:05,777-DEBUG-root-26912::webapp_internal::wait_element_timeout|7726:: Element found! Waiting for element to be displayed.
2025-12-16 08:21:05,864-DEBUG-root-26912::webapp_internal::wait_element|7623:: Waiting for element
2025-12-16 08:21:05,913-DEBUG-root-26912::webapp_internal::wait_element|7653:: Element found! Waiting for element to be displayed.
2025-12-16 08:21:06,204-DEBUG-root-26912::base::click|192:: Click Type: ClickType.JS
2025-12-16 08:21:07,986-DEBUG-root-26912::webapp_internal::wait_blocker|2444:: Waiting blocker to continue...
2025-12-16 08:21:08,087-DEBUG-root-26912::webapp_internal::wait_blocker|2469:: Blocker status: False
2025-12-16 08:21:08,100-DEBUG-root-26912::webapp_internal::wait_blocker|2444:: Waiting blocker to continue...
2025-12-16 08:21:08,217-DEBUG-root-26912::webapp_internal::wait_blocker|2469:: Blocker status: False
2025-12-16 08:21:08,217-INFO-root-26912::webapp_internal::fill_search_browse|2399:: Filling: 02DF0001228383
2025-12-16 08:21:08,232-DEBUG-root-26912::base::click|192:: Click Type: ClickType.JS
2025-12-16 08:21:09,348-DEBUG-root-26912::webapp_internal::wait_blocker|2444:: Waiting blocker to continue...
2025-12-16 08:21:09,453-DEBUG-root-26912::webapp_internal::wait_blocker|2469:: Blocker status: False
2025-12-16 08:21:09,455-DEBUG-root-26912::base::double_click|259:: Click Type: ClickType.SELENIUM
2025-12-16 08:21:09,464-WARNING-root-26912::base::double_click|280:: Warning double_click method Exception: Message: Element <button class="button-image" type="button"> is not clickable at point (1844,131) because another element <wa-button id="COMP4530" class="dict-tbutton focus"> obscures it
Stacktrace:
RemoteError@chrome://remote/content/shared/RemoteError.sys.mjs:8:8
WebDriverError@chrome://remote/content/shared/webdriver/Errors.sys.mjs:202:5
ElementClickInterceptedError@chrome://remote/content/shared/webdriver/Errors.sys.mjs:354:5
webdriverClickElement@chrome://remote/content/marionette/interaction.sys.mjs:175:11
interaction.clickElement@chrome://remote/content/marionette/interaction.sys.mjs:134:11
clickElement@chrome://remote/content/marionette/actors/MarionetteCommandsChild.sys.mjs:327:29
receiveMessage@chrome://remote/content/marionette/actors/MarionetteCommandsChild.sys.mjs:210:31

2025-12-16 08:21:19,770-INFO-root-26912::webapp_internal::WaitShow|4980:: Waiting show text 'Lançamentos Avulsos'...
2025-12-16 08:21:19,854-INFO-root-26912::webapp_internal::WaitShow|4996:: Text found! 
2025-12-16 08:21:19,854-INFO-root-26912::webapp_internal::SetButton|4444:: Clicking on Manutenção
2025-12-16 08:21:19,854-DEBUG-root-26912::webapp_internal::wait_blocker|2444:: Waiting blocker to continue...
2025-12-16 08:21:19,988-DEBUG-root-26912::webapp_internal::wait_blocker|2469:: Blocker status: False
2025-12-16 08:21:20,373-DEBUG-root-26912::webapp_internal::wait_element_timeout|7726:: Element found! Waiting for element to be displayed.
2025-12-16 08:21:20,630-DEBUG-root-26912::webapp_internal::SetButton|4481:: ***System Info*** Before Clicking on button:Manutenção
2025-12-16 08:21:20,631-DEBUG-root-26912::psutil_info::system_info|5:: CPU USAGE: 8.1%
2025-12-16 08:21:20,631-DEBUG-root-26912::psutil_info::system_info|6:: MEMORY USAGE: 84.1%
2025-12-16 08:21:20,632-DEBUG-root-26912::psutil_info::system_info|7:: MEMORY AVAILABLE: 15.92%
2025-12-16 08:21:20,991-DEBUG-root-26912::webapp_internal::wait_element_timeout|7726:: Element found! Waiting for element to be displayed.
2025-12-16 08:21:21,315-DEBUG-root-26912::webapp_internal::wait_blocker|2444:: Waiting blocker to continue...
2025-12-16 08:21:21,416-DEBUG-root-26912::webapp_internal::wait_blocker|2469:: Blocker status: False
2025-12-16 08:21:21,439-DEBUG-root-26912::webapp_internal::wait_blocker|2444:: Waiting blocker to continue...
2025-12-16 08:21:21,546-DEBUG-root-26912::webapp_internal::wait_blocker|2469:: Blocker status: False
2025-12-16 08:21:21,546-DEBUG-root-26912::webapp_internal::send_action|10480:: Trying to send action
2025-12-16 08:21:21,548-DEBUG-root-26912::base::click|192:: Click Type: ClickType.JS
2025-12-16 08:21:22,606-DEBUG-root-26912::webapp_internal::send_action|10522:: send_action method result = True
2025-12-16 08:21:22,606-DEBUG-root-26912::webapp_internal::send_action|10523:: send_action selenium status: False
2025-12-16 08:21:22,607-DEBUG-root-26912::webapp_internal::SetButton|4683:: ***System Info*** After Clicking on button:
2025-12-16 08:21:22,607-DEBUG-root-26912::psutil_info::system_info|5:: CPU USAGE: 8.3%
2025-12-16 08:21:22,607-DEBUG-root-26912::psutil_info::system_info|6:: MEMORY USAGE: 84.3%
2025-12-16 08:21:22,607-DEBUG-root-26912::psutil_info::system_info|7:: MEMORY AVAILABLE: 15.65%
2025-12-16 08:21:27,608-INFO-root-26912::webapp_internal::WaitShow|4980:: Waiting show text 'Funcionários - MANUTENÇÃO'...
2025-12-16 08:21:27,697-INFO-root-26912::webapp_internal::WaitShow|4996:: Text found! 
2025-12-16 08:21:27,697-INFO-root-26912::webapp_internal::WaitShow|4980:: Waiting show text 'Funcionários - MANUTENÇÃO'...
2025-12-16 08:21:27,785-INFO-root-26912::webapp_internal::WaitShow|4996:: Text found! 
2025-12-16 08:21:27,785-DEBUG-root-26912::webapp_internal::wait_blocker|2444:: Waiting blocker to continue...
2025-12-16 08:21:27,903-DEBUG-root-26912::webapp_internal::wait_blocker|2469:: Blocker status: False
2025-12-16 08:21:27,904-DEBUG-root-26912::webapp_internal::wait_blocker|2444:: Waiting blocker to continue...
2025-12-16 08:21:28,015-DEBUG-root-26912::webapp_internal::wait_blocker|2469:: Blocker status: False
2025-12-16 08:21:28,015-INFO-root-26912::webapp_internal::SetKey|5822:: Key pressed: DOWN
2025-12-16 08:21:28,015-DEBUG-root-26912::webapp_internal::wait_element|7623:: Waiting for element
2025-12-16 08:21:28,080-DEBUG-root-26912::webapp_internal::wait_element|7653:: Element found! Waiting for element to be displayed.
2025-12-16 08:21:28,290-DEBUG-root-26912::webapp_internal::new_grid_line|7014:: New grid line
2025-12-16 08:21:29,780-DEBUG-root-26912::webapp_internal::wait_blocker|2444:: Waiting blocker to continue...
2025-12-16 08:21:29,887-DEBUG-root-26912::webapp_internal::wait_blocker|2469:: Blocker status: False
2025-12-16 08:21:29,887-INFO-root-26912::webapp_internal::LoadGrid|6298:: Filling grid field: Dt. Inclusao
2025-12-16 08:21:29,887-DEBUG-root-26912::webapp_internal::fill_grid|6399:: Grid loading...
2025-12-16 08:21:30,005-ERROR-root-26912::webapp_internal::fill_grid|6675:: fill grid error: list index out of range
Traceback (most recent call last):
  File "C:\TIR_TESTE\venv\Lib\site-packages\tir\technologies\webapp_internal.py", line 6420, in fill_grid
    if not column_name in headers[field[2]]:
                          ~~~~~~~^^^^^^^^^^
IndexError: list index out of range
2025-12-16 08:21:30,007-WARNING-root-26912::webapp_internal::log_error|8143:: Warning log_error fill grid error: list index out of range
2025-12-16 08:21:30,007-DEBUG-root-26912::webapp_internal::log_error|8146:: ***System Info*** in log_error():
2025-12-16 08:21:30,007-DEBUG-root-26912::psutil_info::system_info|5:: CPU USAGE: 6.3%
2025-12-16 08:21:30,008-DEBUG-root-26912::psutil_info::system_info|6:: MEMORY USAGE: 84.7%
2025-12-16 08:21:30,008-DEBUG-root-26912::psutil_info::system_info|7:: MEMORY AVAILABLE: 15.3%
2025-12-16 08:21:31,565-ERROR-root-26912::webapp_internal::TearDown|9654:: Warning tearDown Close Message: Tried to run command without establishing a connection
Traceback (most recent call last):
  File "C:\TIR_TESTE\venv\Lib\site-packages\tir\technologies\webapp_internal.py", line 9652, in TearDown
    self.driver.close()
  File "C:\TIR_TESTE\venv\Lib\site-packages\selenium\webdriver\remote\webdriver.py", line 458, in close
    self.execute(Command.CLOSE)
  File "C:\TIR_TESTE\venv\Lib\site-packages\selenium\webdriver\remote\webdriver.py", line 347, in execute
    self.error_handler.check_response(response)
  File "C:\TIR_TESTE\venv\Lib\site-packages\selenium\webdriver\remote\errorhandler.py", line 229, in check_response
    raise exception_class(message, screen, stacktrace)
selenium.common.exceptions.InvalidSessionIdException: Message: Tried to run command without establishing a connection

