2025-12-16 08:01:38,186-DEBUG-root-33528::logging_config::logger|189:: Log file created: 'Log\GESIT03\TIR__20251216080138181.log'
2025-12-16 08:01:38,186-INFO-root-33528::base::Start|1183:: TIR Version: 2.4.3
2025-12-16 08:01:38,186-INFO-root-33528::base::Start|1184:: Python Version: 3.12.10
2025-12-16 08:01:38,186-INFO-root-33528::base::Start|1185:: Starting the browser
2025-12-16 08:01:45,463-INFO-root-33528::base::get_url|1294:: Page is ready!
2025-12-16 08:01:45,468-INFO-root-33528::base::Start|1256:: Browser maximized to 1936x1048
2025-12-16 08:01:45,469-INFO-root-33528::base::Start|1258:: Screen size is different from default used in headless mode
2025-12-16 08:01:45,511-INFO-root-33528::webapp_internal::Setup|247:: ***System Info*** in Setup():
2025-12-16 08:01:45,512-DEBUG-root-33528::psutil_info::system_info|5:: CPU USAGE: 17.4%
2025-12-16 08:01:45,512-DEBUG-root-33528::psutil_info::system_info|6:: MEMORY USAGE: 87.0%
2025-12-16 08:01:45,513-DEBUG-root-33528::psutil_info::system_info|7:: MEMORY AVAILABLE: 12.97%
2025-12-16 08:01:45,523-INFO-root-33528::base::webapp_shadowroot|1394:: Webapp: 10.1.6-RC4
2025-12-16 08:01:45,555-INFO-root-33528::webapp_internal::filling_initial_program|449:: Filling Initial Program: "SIGAMDI"
2025-12-16 08:01:45,555-DEBUG-root-33528::webapp_internal::wait_element|7623:: Waiting for element
2025-12-16 08:01:45,622-DEBUG-root-33528::webapp_internal::wait_element|7653:: Element found! Waiting for element to be displayed.
2025-12-16 08:01:45,788-DEBUG-root-33528::base::click|192:: Click Type: ClickType.JS
2025-12-16 08:01:45,792-DEBUG-root-33528::webapp_internal::try_send_keys|7976:: Trying to send keys to element using technique 0
2025-12-16 08:01:46,116-DEBUG-root-33528::webapp_internal::get_web_value|3232:: Current value: SIGAMDI
2025-12-16 08:01:46,116-INFO-root-33528::webapp_internal::filling_server_environment|463:: Filling Server Environment: "POUPEX_TST"
2025-12-16 08:01:46,116-DEBUG-root-33528::webapp_internal::wait_element|7623:: Waiting for element
2025-12-16 08:01:46,139-DEBUG-root-33528::webapp_internal::wait_element|7653:: Element found! Waiting for element to be displayed.
2025-12-16 08:01:46,305-DEBUG-root-33528::base::click|192:: Click Type: ClickType.JS
2025-12-16 08:01:46,309-DEBUG-root-33528::webapp_internal::try_send_keys|7976:: Trying to send keys to element using technique 0
2025-12-16 08:01:46,646-DEBUG-root-33528::webapp_internal::get_web_value|3232:: Current value: POUPEX_TST
2025-12-16 08:01:46,671-DEBUG-root-33528::base::click|192:: Click Type: ClickType.JS
2025-12-16 08:01:46,682-DEBUG-root-33528::webapp_internal::user_screen|519:: Filling user screen
2025-12-16 08:01:54,392-DEBUG-root-33528::webapp_internal::wait_element_timeout|7726:: Element found! Waiting for element to be displayed.
2025-12-16 08:01:54,440-DEBUG-root-33528::base::scroll_to_element|759:: ********Warining scroll_to_element exception: Message: TypeError: can't access property "scrollIntoView", arguments[0] is null
Stacktrace:
@https://qasrverp:10020/webapp/:2:7
@https://qasrverp:10020/webapp/:3:8
*********
2025-12-16 08:01:54,565-INFO-root-33528::webapp_internal::user_screen|561:: Filling User
2025-12-16 08:01:54,587-DEBUG-root-33528::base::double_click|259:: Click Type: ClickType.SELENIUM
2025-12-16 08:01:54,774-DEBUG-root-33528::webapp_internal::get_web_value|3232:: Current value: 97137227104
2025-12-16 08:01:54,795-INFO-root-33528::webapp_internal::user_screen|621:: Filling Password
2025-12-16 08:01:54,816-DEBUG-root-33528::base::click|192:: Click Type: ClickType.JS
2025-12-16 08:01:54,881-DEBUG-root-33528::webapp_internal::get_web_value|3232:: Current value: Deire20191817+
2025-12-16 08:01:54,881-DEBUG-root-33528::webapp_internal::wait_blocker|2444:: Waiting blocker to continue...
2025-12-16 08:01:54,908-DEBUG-root-33528::webapp_internal::wait_blocker|2469:: Blocker status: None
2025-12-16 08:01:54,928-DEBUG-root-33528::webapp_internal::wait_blocker|2444:: Waiting blocker to continue...
2025-12-16 08:01:54,953-DEBUG-root-33528::webapp_internal::wait_blocker|2469:: Blocker status: None
2025-12-16 08:01:54,990-DEBUG-root-33528::webapp_internal::wait_blocker|2444:: Waiting blocker to continue...
2025-12-16 08:01:55,016-DEBUG-root-33528::webapp_internal::wait_blocker|2469:: Blocker status: None
2025-12-16 08:01:55,016-DEBUG-root-33528::webapp_internal::send_action|10480:: Trying to send action
2025-12-16 08:01:55,022-DEBUG-root-33528::base::click|192:: Click Type: ClickType.JS
2025-12-16 08:01:56,060-DEBUG-root-33528::webapp_internal::send_action|10522:: send_action method result = True
2025-12-16 08:01:56,061-DEBUG-root-33528::webapp_internal::send_action|10523:: send_action selenium status: False
2025-12-16 08:01:58,655-DEBUG-root-33528::base::scroll_to_element|759:: ********Warining scroll_to_element exception: Message: TypeError: can't access property "scrollIntoView", arguments[0] is null
Stacktrace:
@https://qasrverp:10020/webapp/:2:7
@https://qasrverp:10020/webapp/:3:8
*********
2025-12-16 08:01:58,702-INFO-root-33528::webapp_internal::filling_date|885:: Filling Date: "17/09/2025"
2025-12-16 08:01:58,702-DEBUG-root-33528::webapp_internal::wait_blocker|2444:: Waiting blocker to continue...
2025-12-16 08:01:58,736-DEBUG-root-33528::webapp_internal::wait_blocker|2469:: Blocker status: None
2025-12-16 08:01:58,739-DEBUG-root-33528::base::click|192:: Click Type: ClickType.JS
2025-12-16 08:01:58,757-DEBUG-root-33528::webapp_internal::try_send_keys|7976:: Trying to send keys to element using technique 1
2025-12-16 08:01:58,830-DEBUG-root-33528::webapp_internal::get_web_value|3232:: Current value: 17/09/2025
2025-12-16 08:01:59,907-INFO-root-33528::webapp_internal::filling_group|955:: Filling Group: "02"
2025-12-16 08:01:59,907-DEBUG-root-33528::webapp_internal::wait_blocker|2444:: Waiting blocker to continue...
2025-12-16 08:01:59,941-DEBUG-root-33528::webapp_internal::wait_blocker|2469:: Blocker status: None
2025-12-16 08:01:59,943-DEBUG-root-33528::base::click|192:: Click Type: ClickType.JS
2025-12-16 08:01:59,994-DEBUG-root-33528::webapp_internal::get_web_value|3232:: Current value: 02
2025-12-16 08:02:01,059-INFO-root-33528::webapp_internal::filling_branch|1047:: Filling Branch: "02DF0001"
2025-12-16 08:02:01,059-DEBUG-root-33528::webapp_internal::wait_blocker|2444:: Waiting blocker to continue...
2025-12-16 08:02:01,090-DEBUG-root-33528::webapp_internal::wait_blocker|2469:: Blocker status: None
2025-12-16 08:02:01,092-DEBUG-root-33528::base::click|192:: Click Type: ClickType.JS
2025-12-16 08:02:01,144-DEBUG-root-33528::webapp_internal::get_web_value|3232:: Current value: 02DF0001
2025-12-16 08:02:02,256-INFO-root-33528::webapp_internal::filling_environment|1113:: Filling Environment: "07"
2025-12-16 08:02:02,256-DEBUG-root-33528::webapp_internal::wait_blocker|2444:: Waiting blocker to continue...
2025-12-16 08:02:02,292-DEBUG-root-33528::webapp_internal::wait_blocker|2469:: Blocker status: None
2025-12-16 08:02:02,294-DEBUG-root-33528::base::click|192:: Click Type: ClickType.JS
2025-12-16 08:02:02,361-DEBUG-root-33528::webapp_internal::get_web_value|3232:: Current value: 07
2025-12-16 08:02:03,371-DEBUG-root-33528::webapp_internal::close_warning_screen|1489:: Closing warning screen!
2025-12-16 08:02:04,404-DEBUG-root-33528::webapp_internal::check_screen_element|1291:: Checking screen element: "Atenção": False
2025-12-16 08:02:05,509-INFO-root-33528::webapp_internal::environment_screen|796:: Clicking on Button
2025-12-16 08:02:05,510-DEBUG-root-33528::webapp_internal::wait_blocker|2444:: Waiting blocker to continue...
2025-12-16 08:02:05,542-DEBUG-root-33528::webapp_internal::wait_blocker|2469:: Blocker status: None
2025-12-16 08:02:05,545-DEBUG-root-33528::base::click|192:: Click Type: ClickType.JS
2025-12-16 08:02:06,556-DEBUG-root-33528::base::click|192:: Click Type: ClickType.JS
2025-12-16 08:02:07,564-DEBUG-root-33528::base::click|192:: Click Type: ClickType.JS
2025-12-16 08:02:08,572-DEBUG-root-33528::base::click|192:: Click Type: ClickType.JS
2025-12-16 08:02:09,579-DEBUG-root-33528::base::click|192:: Click Type: ClickType.JS
2025-12-16 08:02:10,589-DEBUG-root-33528::base::click|192:: Click Type: ClickType.JS
2025-12-16 08:02:11,597-DEBUG-root-33528::webapp_internal::close_screen_before_menu|368:: Closing screen before the menu
2025-12-16 08:02:11,645-DEBUG-root-33528::webapp_internal::close_warning_screen|1489:: Closing warning screen!
2025-12-16 08:02:12,692-DEBUG-root-33528::webapp_internal::check_screen_element|1291:: Checking screen element: "Atenção": False
2025-12-16 08:02:12,692-DEBUG-root-33528::webapp_internal::close_coin_screen|1424:: Closing coin screen!
2025-12-16 08:02:13,251-DEBUG-root-33528::base::click|192:: Click Type: ClickType.JS
2025-12-16 08:02:13,313-DEBUG-root-33528::webapp_internal::close_warning_screen|1489:: Closing warning screen!
2025-12-16 08:02:14,364-DEBUG-root-33528::webapp_internal::check_screen_element|1291:: Checking screen element: "Atenção": False
2025-12-16 08:02:14,365-DEBUG-root-33528::webapp_internal::close_coin_screen|1424:: Closing coin screen!
2025-12-16 08:02:14,489-INFO-root-33528::webapp_internal::set_log_info|1623:: Getting log info
2025-12-16 08:02:14,490-INFO-root-33528::webapp_internal::SetLateralMenu|4184:: Navigating lateral menu: Ajuda > Sobre
2025-12-16 08:02:14,500-DEBUG-root-33528::webapp_internal::wait_element|7623:: Waiting for element
2025-12-16 08:02:14,541-DEBUG-root-33528::webapp_internal::wait_element|7653:: Element found! Waiting for element to be displayed.
2025-12-16 08:02:14,701-INFO-root-33528::webapp_internal::SetLateralMenu|4203:: Menu item: "Ajuda"
2025-12-16 08:02:14,701-DEBUG-root-33528::webapp_internal::wait_blocker|2444:: Waiting blocker to continue...
2025-12-16 08:02:14,775-DEBUG-root-33528::webapp_internal::wait_blocker|2469:: Blocker status: False
2025-12-16 08:02:15,127-DEBUG-root-33528::webapp_internal::wait_element_timeout|7726:: Element found! Waiting for element to be displayed.
2025-12-16 08:02:15,450-DEBUG-root-33528::webapp_internal::wait_blocker|2444:: Waiting blocker to continue...
2025-12-16 08:02:15,514-DEBUG-root-33528::webapp_internal::wait_blocker|2469:: Blocker status: False
2025-12-16 08:02:17,812-INFO-root-33528::webapp_internal::SetLateralMenu|4203:: Menu item: "Sobre"
2025-12-16 08:02:17,812-DEBUG-root-33528::webapp_internal::wait_blocker|2444:: Waiting blocker to continue...
2025-12-16 08:02:17,876-DEBUG-root-33528::webapp_internal::wait_blocker|2469:: Blocker status: False
2025-12-16 08:02:18,261-DEBUG-root-33528::webapp_internal::wait_element_timeout|7726:: Element found! Waiting for element to be displayed.
2025-12-16 08:02:18,593-DEBUG-root-33528::webapp_internal::wait_blocker|2444:: Waiting blocker to continue...
2025-12-16 08:02:18,657-DEBUG-root-33528::webapp_internal::wait_blocker|2469:: Blocker status: False
2025-12-16 08:02:21,307-DEBUG-root-33528::webapp_internal::wait_blocker|2444:: Waiting blocker to continue...
2025-12-16 08:02:21,377-DEBUG-root-33528::webapp_internal::wait_blocker|2469:: Blocker status: False
2025-12-16 08:02:21,446-DEBUG-root-33528::webapp_internal::wait_element|7623:: Waiting for element
2025-12-16 08:02:21,487-DEBUG-root-33528::webapp_internal::wait_element|7653:: Element found! Waiting for element to be displayed.
2025-12-16 08:02:21,656-INFO-root-33528::webapp_internal::SetButton|4444:: Clicking on Fechar
2025-12-16 08:02:21,657-DEBUG-root-33528::webapp_internal::wait_blocker|2444:: Waiting blocker to continue...
2025-12-16 08:02:21,729-DEBUG-root-33528::webapp_internal::wait_blocker|2469:: Blocker status: False
2025-12-16 08:02:21,906-DEBUG-root-33528::webapp_internal::wait_element_timeout|7726:: Element found! Waiting for element to be displayed.
2025-12-16 08:02:21,975-DEBUG-root-33528::webapp_internal::SetButton|4481:: ***System Info*** Before Clicking on button:Fechar
2025-12-16 08:02:21,975-DEBUG-root-33528::psutil_info::system_info|5:: CPU USAGE: 8.5%
2025-12-16 08:02:21,975-DEBUG-root-33528::psutil_info::system_info|6:: MEMORY USAGE: 87.2%
2025-12-16 08:02:21,976-DEBUG-root-33528::psutil_info::system_info|7:: MEMORY AVAILABLE: 12.81%
2025-12-16 08:02:22,141-DEBUG-root-33528::webapp_internal::wait_element_timeout|7726:: Element found! Waiting for element to be displayed.
2025-12-16 08:02:22,243-DEBUG-root-33528::webapp_internal::wait_blocker|2444:: Waiting blocker to continue...
2025-12-16 08:02:22,314-DEBUG-root-33528::webapp_internal::wait_blocker|2469:: Blocker status: False
2025-12-16 08:02:22,335-DEBUG-root-33528::webapp_internal::wait_blocker|2444:: Waiting blocker to continue...
2025-12-16 08:02:22,411-DEBUG-root-33528::webapp_internal::wait_blocker|2469:: Blocker status: False
2025-12-16 08:02:22,411-DEBUG-root-33528::webapp_internal::send_action|10480:: Trying to send action
2025-12-16 08:02:22,414-DEBUG-root-33528::base::click|192:: Click Type: ClickType.JS
2025-12-16 08:02:23,447-DEBUG-root-33528::webapp_internal::send_action|10522:: send_action method result = True
2025-12-16 08:02:23,449-DEBUG-root-33528::webapp_internal::send_action|10523:: send_action selenium status: False
2025-12-16 08:02:23,449-DEBUG-root-33528::webapp_internal::SetButton|4683:: ***System Info*** After Clicking on button:
2025-12-16 08:02:23,450-DEBUG-root-33528::psutil_info::system_info|5:: CPU USAGE: 6.5%
2025-12-16 08:02:23,450-DEBUG-root-33528::psutil_info::system_info|6:: MEMORY USAGE: 86.9%
2025-12-16 08:02:23,450-DEBUG-root-33528::psutil_info::system_info|7:: MEMORY AVAILABLE: 13.13%
2025-12-16 08:02:23,450-DEBUG-root-33528::webapp_internal::wait_element|7623:: Waiting for element
2025-12-16 08:02:23,537-INFO-root-33528::webapp_internal::SetLateralMenu|4184:: Navigating lateral menu: Atualizações > Lançamentos > Lancamentos Avulso
2025-12-16 08:02:23,548-DEBUG-root-33528::webapp_internal::wait_element|7623:: Waiting for element
2025-12-16 08:02:23,587-DEBUG-root-33528::webapp_internal::wait_element|7653:: Element found! Waiting for element to be displayed.
2025-12-16 08:02:23,744-INFO-root-33528::webapp_internal::SetLateralMenu|4203:: Menu item: "Atualizações"
2025-12-16 08:02:23,744-DEBUG-root-33528::webapp_internal::wait_blocker|2444:: Waiting blocker to continue...
2025-12-16 08:02:23,807-DEBUG-root-33528::webapp_internal::wait_blocker|2469:: Blocker status: False
2025-12-16 08:02:24,196-DEBUG-root-33528::webapp_internal::wait_element_timeout|7726:: Element found! Waiting for element to be displayed.
2025-12-16 08:02:24,529-DEBUG-root-33528::webapp_internal::wait_blocker|2444:: Waiting blocker to continue...
2025-12-16 08:02:24,592-DEBUG-root-33528::webapp_internal::wait_blocker|2469:: Blocker status: False
2025-12-16 08:02:26,877-INFO-root-33528::webapp_internal::SetLateralMenu|4203:: Menu item: "Lançamentos"
2025-12-16 08:02:26,878-DEBUG-root-33528::webapp_internal::wait_blocker|2444:: Waiting blocker to continue...
2025-12-16 08:02:26,992-DEBUG-root-33528::webapp_internal::wait_blocker|2469:: Blocker status: False
2025-12-16 08:02:27,746-DEBUG-root-33528::webapp_internal::wait_element_timeout|7726:: Element found! Waiting for element to be displayed.
2025-12-16 08:02:28,427-DEBUG-root-33528::webapp_internal::wait_blocker|2444:: Waiting blocker to continue...
2025-12-16 08:02:28,562-DEBUG-root-33528::webapp_internal::wait_blocker|2469:: Blocker status: False
2025-12-16 08:02:30,851-INFO-root-33528::webapp_internal::SetLateralMenu|4203:: Menu item: "Lancamentos Avulso"
2025-12-16 08:02:30,852-DEBUG-root-33528::webapp_internal::wait_blocker|2444:: Waiting blocker to continue...
2025-12-16 08:02:30,926-DEBUG-root-33528::webapp_internal::wait_blocker|2469:: Blocker status: False
2025-12-16 08:02:31,881-DEBUG-root-33528::webapp_internal::wait_element_timeout|7726:: Element found! Waiting for element to be displayed.
2025-12-16 08:02:32,770-DEBUG-root-33528::webapp_internal::wait_blocker|2444:: Waiting blocker to continue...
2025-12-16 08:02:32,847-DEBUG-root-33528::webapp_internal::wait_blocker|2469:: Blocker status: False
2025-12-16 08:02:36,389-DEBUG-root-33528::webapp_internal::wait_blocker|2444:: Waiting blocker to continue...
2025-12-16 08:02:36,464-DEBUG-root-33528::webapp_internal::wait_blocker|2469:: Blocker status: False
2025-12-16 08:02:36,541-INFO-root-33528::webapp_internal::WaitShow|4980:: Waiting show text 'Este ambiente utiliza base de Homologação.'...
2025-12-16 08:02:42,079-DEBUG-root-33528::log::checks_empty_line|221:: Checking empty default log info
2025-12-16 08:02:42,082-DEBUG-root-33528::log::generate_log|503:: Json log_data: {'cLogDtExec': '16/12/2025 08:02:42', 'cLogNomUsr': '97137227104', 'cLogNomEst': 'GESIT03', 'cLogProgra': None, 'cLogDtProg': '', 'cLogHrProg': '', 'nLogCtsOk': 1, 'nLogCtsNok': 0, 'nLogCtsSeg': 64.03, 'cLogVersao': '12', 'cLogReleas': '12.1.2410', 'nLogCtsErr': '', 'cLogBancod': 'ORACLE', 'cLogIdenti': '', 'cLogIdExec': '20251216', 'cLogPais': 'BRA', 'cLogTool': 'TIR', 'cLogSequen': '63f836', 'nLogCtsTot': 1, 'cLogDtExea': '16/12/2025', 'cLogHrExea': '08:02:42', 'cLogArea': 'Desenvolvimento', 'cLogMnExec': 1.0671666666666666}
2025-12-16 08:02:42,082-INFO-root-33528::log::send_log_with_retries|515:: Saving log locally.
2025-12-16 08:02:42,082-INFO-root-33528::log::save_log_locally|548:: [FwSendLog]: Não foi possível enviar o log após todas as tentativas.
2025-12-16 08:02:42,084-INFO-root-33528::log::save_log_locally|555:: [FwSendLog]: Log salvo localmente em C:\TIR_TESTE\1765882962.json.
2025-12-16 08:02:42,084-INFO-root-33528::webapp_internal::WaitShow|4980:: Waiting show text 'Moedas'...
2025-12-16 08:02:47,184-DEBUG-root-33528::webapp_internal::wait_blocker|2444:: Waiting blocker to continue...
2025-12-16 08:02:47,276-DEBUG-root-33528::webapp_internal::wait_blocker|2469:: Blocker status: False
2025-12-16 08:02:47,277-INFO-root-33528::webapp_internal::SearchBrowse|2003:: Searching: 02DF0001228383
2025-12-16 08:02:47,427-DEBUG-root-33528::webapp_internal::wait_element_timeout|7726:: Element found! Waiting for element to be displayed.
2025-12-16 08:02:47,507-DEBUG-root-33528::webapp_internal::wait_element|7623:: Waiting for element
2025-12-16 08:02:47,555-DEBUG-root-33528::webapp_internal::wait_element|7653:: Element found! Waiting for element to be displayed.
2025-12-16 08:02:47,846-DEBUG-root-33528::base::click|192:: Click Type: ClickType.JS
2025-12-16 08:02:49,630-DEBUG-root-33528::webapp_internal::wait_blocker|2444:: Waiting blocker to continue...
2025-12-16 08:02:49,742-DEBUG-root-33528::webapp_internal::wait_blocker|2469:: Blocker status: False
2025-12-16 08:02:49,757-DEBUG-root-33528::webapp_internal::wait_blocker|2444:: Waiting blocker to continue...
2025-12-16 08:02:49,879-DEBUG-root-33528::webapp_internal::wait_blocker|2469:: Blocker status: False
2025-12-16 08:02:49,879-INFO-root-33528::webapp_internal::fill_search_browse|2399:: Filling: 02DF0001228383
2025-12-16 08:02:49,893-DEBUG-root-33528::base::click|192:: Click Type: ClickType.JS
2025-12-16 08:02:51,007-DEBUG-root-33528::webapp_internal::wait_blocker|2444:: Waiting blocker to continue...
2025-12-16 08:02:51,111-DEBUG-root-33528::webapp_internal::wait_blocker|2469:: Blocker status: False
2025-12-16 08:02:51,113-DEBUG-root-33528::base::double_click|259:: Click Type: ClickType.SELENIUM
2025-12-16 08:02:51,122-WARNING-root-33528::base::double_click|280:: Warning double_click method Exception: Message: Element <button class="button-image" type="button"> is not clickable at point (1844,131) because another element <wa-button id="COMP4530" class="dict-tbutton focus"> obscures it
Stacktrace:
RemoteError@chrome://remote/content/shared/RemoteError.sys.mjs:8:8
WebDriverError@chrome://remote/content/shared/webdriver/Errors.sys.mjs:202:5
ElementClickInterceptedError@chrome://remote/content/shared/webdriver/Errors.sys.mjs:354:5
webdriverClickElement@chrome://remote/content/marionette/interaction.sys.mjs:175:11
interaction.clickElement@chrome://remote/content/marionette/interaction.sys.mjs:134:11
clickElement@chrome://remote/content/marionette/actors/MarionetteCommandsChild.sys.mjs:327:29
receiveMessage@chrome://remote/content/marionette/actors/MarionetteCommandsChild.sys.mjs:210:31

2025-12-16 08:03:01,425-INFO-root-33528::webapp_internal::WaitShow|4980:: Waiting show text 'Lançamentos Avulsos'...
2025-12-16 08:03:01,495-INFO-root-33528::webapp_internal::WaitShow|4996:: Text found! 
2025-12-16 08:03:01,496-INFO-root-33528::webapp_internal::SetButton|4444:: Clicking on Manutenção
2025-12-16 08:03:01,496-DEBUG-root-33528::webapp_internal::wait_blocker|2444:: Waiting blocker to continue...
2025-12-16 08:03:01,594-DEBUG-root-33528::webapp_internal::wait_blocker|2469:: Blocker status: False
2025-12-16 08:03:01,972-DEBUG-root-33528::webapp_internal::wait_element_timeout|7726:: Element found! Waiting for element to be displayed.
2025-12-16 08:03:02,247-DEBUG-root-33528::webapp_internal::SetButton|4481:: ***System Info*** Before Clicking on button:Manutenção
2025-12-16 08:03:02,249-DEBUG-root-33528::psutil_info::system_info|5:: CPU USAGE: 7.7%
2025-12-16 08:03:02,249-DEBUG-root-33528::psutil_info::system_info|6:: MEMORY USAGE: 87.3%
2025-12-16 08:03:02,249-DEBUG-root-33528::psutil_info::system_info|7:: MEMORY AVAILABLE: 12.67%
2025-12-16 08:03:02,608-DEBUG-root-33528::webapp_internal::wait_element_timeout|7726:: Element found! Waiting for element to be displayed.
2025-12-16 08:03:02,935-DEBUG-root-33528::webapp_internal::wait_blocker|2444:: Waiting blocker to continue...
2025-12-16 08:03:03,054-DEBUG-root-33528::webapp_internal::wait_blocker|2469:: Blocker status: False
2025-12-16 08:03:03,079-DEBUG-root-33528::webapp_internal::wait_blocker|2444:: Waiting blocker to continue...
2025-12-16 08:03:03,177-DEBUG-root-33528::webapp_internal::wait_blocker|2469:: Blocker status: False
2025-12-16 08:03:03,177-DEBUG-root-33528::webapp_internal::send_action|10480:: Trying to send action
2025-12-16 08:03:03,179-DEBUG-root-33528::base::click|192:: Click Type: ClickType.JS
2025-12-16 08:03:04,275-DEBUG-root-33528::webapp_internal::send_action|10522:: send_action method result = True
2025-12-16 08:03:04,275-DEBUG-root-33528::webapp_internal::send_action|10523:: send_action selenium status: False
2025-12-16 08:03:04,275-DEBUG-root-33528::webapp_internal::SetButton|4683:: ***System Info*** After Clicking on button:
2025-12-16 08:03:04,276-DEBUG-root-33528::psutil_info::system_info|5:: CPU USAGE: 7.3%
2025-12-16 08:03:04,276-DEBUG-root-33528::psutil_info::system_info|6:: MEMORY USAGE: 87.6%
2025-12-16 08:03:04,276-DEBUG-root-33528::psutil_info::system_info|7:: MEMORY AVAILABLE: 12.39%
2025-12-16 08:03:09,277-INFO-root-33528::webapp_internal::WaitShow|4980:: Waiting show text 'Funcionários - MANUTENÇÃO'...
2025-12-16 08:03:09,382-INFO-root-33528::webapp_internal::WaitShow|4996:: Text found! 
2025-12-16 08:03:09,382-INFO-root-33528::webapp_internal::WaitShow|4980:: Waiting show text 'Funcionários - MANUTENÇÃO'...
2025-12-16 08:03:09,472-INFO-root-33528::webapp_internal::WaitShow|4996:: Text found! 
2025-12-16 08:03:09,472-DEBUG-root-33528::webapp_internal::wait_blocker|2444:: Waiting blocker to continue...
2025-12-16 08:03:09,582-DEBUG-root-33528::webapp_internal::wait_blocker|2469:: Blocker status: False
2025-12-16 08:03:09,582-INFO-root-33528::webapp_internal::SetKey|5822:: Key pressed: DOWN
2025-12-16 08:03:09,582-DEBUG-root-33528::webapp_internal::wait_element|7623:: Waiting for element
2025-12-16 08:03:09,655-DEBUG-root-33528::webapp_internal::wait_element|7653:: Element found! Waiting for element to be displayed.
2025-12-16 08:03:09,881-DEBUG-root-33528::webapp_internal::new_grid_line|7014:: New grid line
2025-12-16 08:03:11,359-DEBUG-root-33528::webapp_internal::wait_blocker|2444:: Waiting blocker to continue...
2025-12-16 08:03:11,465-DEBUG-root-33528::webapp_internal::wait_blocker|2469:: Blocker status: False
2025-12-16 08:03:11,466-INFO-root-33528::webapp_internal::LoadGrid|6298:: Filling grid field: Dt. Inclusao
2025-12-16 08:03:11,466-DEBUG-root-33528::webapp_internal::fill_grid|6399:: Grid loading...
2025-12-16 08:03:11,589-ERROR-root-33528::webapp_internal::fill_grid|6675:: fill grid error: list index out of range
Traceback (most recent call last):
  File "C:\TIR_TESTE\venv\Lib\site-packages\tir\technologies\webapp_internal.py", line 6420, in fill_grid
    if not column_name in headers[field[2]]:
                          ~~~~~~~^^^^^^^^^^
IndexError: list index out of range
2025-12-16 08:03:11,590-WARNING-root-33528::webapp_internal::log_error|8143:: Warning log_error fill grid error: list index out of range
2025-12-16 08:03:11,590-DEBUG-root-33528::webapp_internal::log_error|8146:: ***System Info*** in log_error():
2025-12-16 08:03:11,590-DEBUG-root-33528::psutil_info::system_info|5:: CPU USAGE: 7.8%
2025-12-16 08:03:11,590-DEBUG-root-33528::psutil_info::system_info|6:: MEMORY USAGE: 87.9%
2025-12-16 08:03:11,590-DEBUG-root-33528::psutil_info::system_info|7:: MEMORY AVAILABLE: 12.13%
2025-12-16 08:03:13,067-ERROR-root-33528::webapp_internal::TearDown|9654:: Warning tearDown Close Message: Tried to run command without establishing a connection
Traceback (most recent call last):
  File "C:\TIR_TESTE\venv\Lib\site-packages\tir\technologies\webapp_internal.py", line 9652, in TearDown
    self.driver.close()
  File "C:\TIR_TESTE\venv\Lib\site-packages\selenium\webdriver\remote\webdriver.py", line 458, in close
    self.execute(Command.CLOSE)
  File "C:\TIR_TESTE\venv\Lib\site-packages\selenium\webdriver\remote\webdriver.py", line 347, in execute
    self.error_handler.check_response(response)
  File "C:\TIR_TESTE\venv\Lib\site-packages\selenium\webdriver\remote\errorhandler.py", line 229, in check_response
    raise exception_class(message, screen, stacktrace)
selenium.common.exceptions.InvalidSessionIdException: Message: Tried to run command without establishing a connection

2025-12-16 08:01:38,186-DEBUG-root-33528::logging_config::logger|189:: Log file created: 'Log\GESIT03\TIR__20251216080138181.log'
2025-12-16 08:01:38,186-INFO-root-33528::base::Start|1183:: TIR Version: 2.4.3
2025-12-16 08:01:38,186-INFO-root-33528::base::Start|1184:: Python Version: 3.12.10
2025-12-16 08:01:38,186-INFO-root-33528::base::Start|1185:: Starting the browser
2025-12-16 08:01:45,463-INFO-root-33528::base::get_url|1294:: Page is ready!
2025-12-16 08:01:45,468-INFO-root-33528::base::Start|1256:: Browser maximized to 1936x1048
2025-12-16 08:01:45,469-INFO-root-33528::base::Start|1258:: Screen size is different from default used in headless mode
2025-12-16 08:01:45,511-INFO-root-33528::webapp_internal::Setup|247:: ***System Info*** in Setup():
2025-12-16 08:01:45,512-DEBUG-root-33528::psutil_info::system_info|5:: CPU USAGE: 17.4%
2025-12-16 08:01:45,512-DEBUG-root-33528::psutil_info::system_info|6:: MEMORY USAGE: 87.0%
2025-12-16 08:01:45,513-DEBUG-root-33528::psutil_info::system_info|7:: MEMORY AVAILABLE: 12.97%
2025-12-16 08:01:45,523-INFO-root-33528::base::webapp_shadowroot|1394:: Webapp: 10.1.6-RC4
2025-12-16 08:01:45,555-INFO-root-33528::webapp_internal::filling_initial_program|449:: Filling Initial Program: "SIGAMDI"
2025-12-16 08:01:45,555-DEBUG-root-33528::webapp_internal::wait_element|7623:: Waiting for element
2025-12-16 08:01:45,622-DEBUG-root-33528::webapp_internal::wait_element|7653:: Element found! Waiting for element to be displayed.
2025-12-16 08:01:45,788-DEBUG-root-33528::base::click|192:: Click Type: ClickType.JS
2025-12-16 08:01:45,792-DEBUG-root-33528::webapp_internal::try_send_keys|7976:: Trying to send keys to element using technique 0
2025-12-16 08:01:46,116-DEBUG-root-33528::webapp_internal::get_web_value|3232:: Current value: SIGAMDI
2025-12-16 08:01:46,116-INFO-root-33528::webapp_internal::filling_server_environment|463:: Filling Server Environment: "POUPEX_TST"
2025-12-16 08:01:46,116-DEBUG-root-33528::webapp_internal::wait_element|7623:: Waiting for element
2025-12-16 08:01:46,139-DEBUG-root-33528::webapp_internal::wait_element|7653:: Element found! Waiting for element to be displayed.
2025-12-16 08:01:46,305-DEBUG-root-33528::base::click|192:: Click Type: ClickType.JS
2025-12-16 08:01:46,309-DEBUG-root-33528::webapp_internal::try_send_keys|7976:: Trying to send keys to element using technique 0
2025-12-16 08:01:46,646-DEBUG-root-33528::webapp_internal::get_web_value|3232:: Current value: POUPEX_TST
2025-12-16 08:01:46,671-DEBUG-root-33528::base::click|192:: Click Type: ClickType.JS
2025-12-16 08:01:46,682-DEBUG-root-33528::webapp_internal::user_screen|519:: Filling user screen
2025-12-16 08:01:54,392-DEBUG-root-33528::webapp_internal::wait_element_timeout|7726:: Element found! Waiting for element to be displayed.
2025-12-16 08:01:54,440-DEBUG-root-33528::base::scroll_to_element|759:: ********Warining scroll_to_element exception: Message: TypeError: can't access property "scrollIntoView", arguments[0] is null
Stacktrace:
@https://qasrverp:10020/webapp/:2:7
@https://qasrverp:10020/webapp/:3:8
*********
2025-12-16 08:01:54,565-INFO-root-33528::webapp_internal::user_screen|561:: Filling User
2025-12-16 08:01:54,587-DEBUG-root-33528::base::double_click|259:: Click Type: ClickType.SELENIUM
2025-12-16 08:01:54,774-DEBUG-root-33528::webapp_internal::get_web_value|3232:: Current value: 97137227104
2025-12-16 08:01:54,795-INFO-root-33528::webapp_internal::user_screen|621:: Filling Password
2025-12-16 08:01:54,816-DEBUG-root-33528::base::click|192:: Click Type: ClickType.JS
2025-12-16 08:01:54,881-DEBUG-root-33528::webapp_internal::get_web_value|3232:: Current value: Deire20191817+
2025-12-16 08:01:54,881-DEBUG-root-33528::webapp_internal::wait_blocker|2444:: Waiting blocker to continue...
2025-12-16 08:01:54,908-DEBUG-root-33528::webapp_internal::wait_blocker|2469:: Blocker status: None
2025-12-16 08:01:54,928-DEBUG-root-33528::webapp_internal::wait_blocker|2444:: Waiting blocker to continue...
2025-12-16 08:01:54,953-DEBUG-root-33528::webapp_internal::wait_blocker|2469:: Blocker status: None
2025-12-16 08:01:54,990-DEBUG-root-33528::webapp_internal::wait_blocker|2444:: Waiting blocker to continue...
2025-12-16 08:01:55,016-DEBUG-root-33528::webapp_internal::wait_blocker|2469:: Blocker status: None
2025-12-16 08:01:55,016-DEBUG-root-33528::webapp_internal::send_action|10480:: Trying to send action
2025-12-16 08:01:55,022-DEBUG-root-33528::base::click|192:: Click Type: ClickType.JS
2025-12-16 08:01:56,060-DEBUG-root-33528::webapp_internal::send_action|10522:: send_action method result = True
2025-12-16 08:01:56,061-DEBUG-root-33528::webapp_internal::send_action|10523:: send_action selenium status: False
2025-12-16 08:01:58,655-DEBUG-root-33528::base::scroll_to_element|759:: ********Warining scroll_to_element exception: Message: TypeError: can't access property "scrollIntoView", arguments[0] is null
Stacktrace:
@https://qasrverp:10020/webapp/:2:7
@https://qasrverp:10020/webapp/:3:8
*********
2025-12-16 08:01:58,702-INFO-root-33528::webapp_internal::filling_date|885:: Filling Date: "17/09/2025"
2025-12-16 08:01:58,702-DEBUG-root-33528::webapp_internal::wait_blocker|2444:: Waiting blocker to continue...
2025-12-16 08:01:58,736-DEBUG-root-33528::webapp_internal::wait_blocker|2469:: Blocker status: None
2025-12-16 08:01:58,739-DEBUG-root-33528::base::click|192:: Click Type: ClickType.JS
2025-12-16 08:01:58,757-DEBUG-root-33528::webapp_internal::try_send_keys|7976:: Trying to send keys to element using technique 1
2025-12-16 08:01:58,830-DEBUG-root-33528::webapp_internal::get_web_value|3232:: Current value: 17/09/2025
2025-12-16 08:01:59,907-INFO-root-33528::webapp_internal::filling_group|955:: Filling Group: "02"
2025-12-16 08:01:59,907-DEBUG-root-33528::webapp_internal::wait_blocker|2444:: Waiting blocker to continue...
2025-12-16 08:01:59,941-DEBUG-root-33528::webapp_internal::wait_blocker|2469:: Blocker status: None
2025-12-16 08:01:59,943-DEBUG-root-33528::base::click|192:: Click Type: ClickType.JS
2025-12-16 08:01:59,994-DEBUG-root-33528::webapp_internal::get_web_value|3232:: Current value: 02
2025-12-16 08:02:01,059-INFO-root-33528::webapp_internal::filling_branch|1047:: Filling Branch: "02DF0001"
2025-12-16 08:02:01,059-DEBUG-root-33528::webapp_internal::wait_blocker|2444:: Waiting blocker to continue...
2025-12-16 08:02:01,090-DEBUG-root-33528::webapp_internal::wait_blocker|2469:: Blocker status: None
2025-12-16 08:02:01,092-DEBUG-root-33528::base::click|192:: Click Type: ClickType.JS
2025-12-16 08:02:01,144-DEBUG-root-33528::webapp_internal::get_web_value|3232:: Current value: 02DF0001
2025-12-16 08:02:02,256-INFO-root-33528::webapp_internal::filling_environment|1113:: Filling Environment: "07"
2025-12-16 08:02:02,256-DEBUG-root-33528::webapp_internal::wait_blocker|2444:: Waiting blocker to continue...
2025-12-16 08:02:02,292-DEBUG-root-33528::webapp_internal::wait_blocker|2469:: Blocker status: None
2025-12-16 08:02:02,294-DEBUG-root-33528::base::click|192:: Click Type: ClickType.JS
2025-12-16 08:02:02,361-DEBUG-root-33528::webapp_internal::get_web_value|3232:: Current value: 07
2025-12-16 08:02:03,371-DEBUG-root-33528::webapp_internal::close_warning_screen|1489:: Closing warning screen!
2025-12-16 08:02:04,404-DEBUG-root-33528::webapp_internal::check_screen_element|1291:: Checking screen element: "Atenção": False
2025-12-16 08:02:05,509-INFO-root-33528::webapp_internal::environment_screen|796:: Clicking on Button
2025-12-16 08:02:05,510-DEBUG-root-33528::webapp_internal::wait_blocker|2444:: Waiting blocker to continue...
2025-12-16 08:02:05,542-DEBUG-root-33528::webapp_internal::wait_blocker|2469:: Blocker status: None
2025-12-16 08:02:05,545-DEBUG-root-33528::base::click|192:: Click Type: ClickType.JS
2025-12-16 08:02:06,556-DEBUG-root-33528::base::click|192:: Click Type: ClickType.JS
2025-12-16 08:02:07,564-DEBUG-root-33528::base::click|192:: Click Type: ClickType.JS
2025-12-16 08:02:08,572-DEBUG-root-33528::base::click|192:: Click Type: ClickType.JS
2025-12-16 08:02:09,579-DEBUG-root-33528::base::click|192:: Click Type: ClickType.JS
2025-12-16 08:02:10,589-DEBUG-root-33528::base::click|192:: Click Type: ClickType.JS
2025-12-16 08:02:11,597-DEBUG-root-33528::webapp_internal::close_screen_before_menu|368:: Closing screen before the menu
2025-12-16 08:02:11,645-DEBUG-root-33528::webapp_internal::close_warning_screen|1489:: Closing warning screen!
2025-12-16 08:02:12,692-DEBUG-root-33528::webapp_internal::check_screen_element|1291:: Checking screen element: "Atenção": False
2025-12-16 08:02:12,692-DEBUG-root-33528::webapp_internal::close_coin_screen|1424:: Closing coin screen!
2025-12-16 08:02:13,251-DEBUG-root-33528::base::click|192:: Click Type: ClickType.JS
2025-12-16 08:02:13,313-DEBUG-root-33528::webapp_internal::close_warning_screen|1489:: Closing warning screen!
2025-12-16 08:02:14,364-DEBUG-root-33528::webapp_internal::check_screen_element|1291:: Checking screen element: "Atenção": False
2025-12-16 08:02:14,365-DEBUG-root-33528::webapp_internal::close_coin_screen|1424:: Closing coin screen!
2025-12-16 08:02:14,489-INFO-root-33528::webapp_internal::set_log_info|1623:: Getting log info
2025-12-16 08:02:14,490-INFO-root-33528::webapp_internal::SetLateralMenu|4184:: Navigating lateral menu: Ajuda > Sobre
2025-12-16 08:02:14,500-DEBUG-root-33528::webapp_internal::wait_element|7623:: Waiting for element
2025-12-16 08:02:14,541-DEBUG-root-33528::webapp_internal::wait_element|7653:: Element found! Waiting for element to be displayed.
2025-12-16 08:02:14,701-INFO-root-33528::webapp_internal::SetLateralMenu|4203:: Menu item: "Ajuda"
2025-12-16 08:02:14,701-DEBUG-root-33528::webapp_internal::wait_blocker|2444:: Waiting blocker to continue...
2025-12-16 08:02:14,775-DEBUG-root-33528::webapp_internal::wait_blocker|2469:: Blocker status: False
2025-12-16 08:02:15,127-DEBUG-root-33528::webapp_internal::wait_element_timeout|7726:: Element found! Waiting for element to be displayed.
2025-12-16 08:02:15,450-DEBUG-root-33528::webapp_internal::wait_blocker|2444:: Waiting blocker to continue...
2025-12-16 08:02:15,514-DEBUG-root-33528::webapp_internal::wait_blocker|2469:: Blocker status: False
2025-12-16 08:02:17,812-INFO-root-33528::webapp_internal::SetLateralMenu|4203:: Menu item: "Sobre"
2025-12-16 08:02:17,812-DEBUG-root-33528::webapp_internal::wait_blocker|2444:: Waiting blocker to continue...
2025-12-16 08:02:17,876-DEBUG-root-33528::webapp_internal::wait_blocker|2469:: Blocker status: False
2025-12-16 08:02:18,261-DEBUG-root-33528::webapp_internal::wait_element_timeout|7726:: Element found! Waiting for element to be displayed.
2025-12-16 08:02:18,593-DEBUG-root-33528::webapp_internal::wait_blocker|2444:: Waiting blocker to continue...
2025-12-16 08:02:18,657-DEBUG-root-33528::webapp_internal::wait_blocker|2469:: Blocker status: False
2025-12-16 08:02:21,307-DEBUG-root-33528::webapp_internal::wait_blocker|2444:: Waiting blocker to continue...
2025-12-16 08:02:21,377-DEBUG-root-33528::webapp_internal::wait_blocker|2469:: Blocker status: False
2025-12-16 08:02:21,446-DEBUG-root-33528::webapp_internal::wait_element|7623:: Waiting for element
2025-12-16 08:02:21,487-DEBUG-root-33528::webapp_internal::wait_element|7653:: Element found! Waiting for element to be displayed.
2025-12-16 08:02:21,656-INFO-root-33528::webapp_internal::SetButton|4444:: Clicking on Fechar
2025-12-16 08:02:21,657-DEBUG-root-33528::webapp_internal::wait_blocker|2444:: Waiting blocker to continue...
2025-12-16 08:02:21,729-DEBUG-root-33528::webapp_internal::wait_blocker|2469:: Blocker status: False
2025-12-16 08:02:21,906-DEBUG-root-33528::webapp_internal::wait_element_timeout|7726:: Element found! Waiting for element to be displayed.
2025-12-16 08:02:21,975-DEBUG-root-33528::webapp_internal::SetButton|4481:: ***System Info*** Before Clicking on button:Fechar
2025-12-16 08:02:21,975-DEBUG-root-33528::psutil_info::system_info|5:: CPU USAGE: 8.5%
2025-12-16 08:02:21,975-DEBUG-root-33528::psutil_info::system_info|6:: MEMORY USAGE: 87.2%
2025-12-16 08:02:21,976-DEBUG-root-33528::psutil_info::system_info|7:: MEMORY AVAILABLE: 12.81%
2025-12-16 08:02:22,141-DEBUG-root-33528::webapp_internal::wait_element_timeout|7726:: Element found! Waiting for element to be displayed.
2025-12-16 08:02:22,243-DEBUG-root-33528::webapp_internal::wait_blocker|2444:: Waiting blocker to continue...
2025-12-16 08:02:22,314-DEBUG-root-33528::webapp_internal::wait_blocker|2469:: Blocker status: False
2025-12-16 08:02:22,335-DEBUG-root-33528::webapp_internal::wait_blocker|2444:: Waiting blocker to continue...
2025-12-16 08:02:22,411-DEBUG-root-33528::webapp_internal::wait_blocker|2469:: Blocker status: False
2025-12-16 08:02:22,411-DEBUG-root-33528::webapp_internal::send_action|10480:: Trying to send action
2025-12-16 08:02:22,414-DEBUG-root-33528::base::click|192:: Click Type: ClickType.JS
2025-12-16 08:02:23,447-DEBUG-root-33528::webapp_internal::send_action|10522:: send_action method result = True
2025-12-16 08:02:23,449-DEBUG-root-33528::webapp_internal::send_action|10523:: send_action selenium status: False
2025-12-16 08:02:23,449-DEBUG-root-33528::webapp_internal::SetButton|4683:: ***System Info*** After Clicking on button:
2025-12-16 08:02:23,450-DEBUG-root-33528::psutil_info::system_info|5:: CPU USAGE: 6.5%
2025-12-16 08:02:23,450-DEBUG-root-33528::psutil_info::system_info|6:: MEMORY USAGE: 86.9%
2025-12-16 08:02:23,450-DEBUG-root-33528::psutil_info::system_info|7:: MEMORY AVAILABLE: 13.13%
2025-12-16 08:02:23,450-DEBUG-root-33528::webapp_internal::wait_element|7623:: Waiting for element
2025-12-16 08:02:23,537-INFO-root-33528::webapp_internal::SetLateralMenu|4184:: Navigating lateral menu: Atualizações > Lançamentos > Lancamentos Avulso
2025-12-16 08:02:23,548-DEBUG-root-33528::webapp_internal::wait_element|7623:: Waiting for element
2025-12-16 08:02:23,587-DEBUG-root-33528::webapp_internal::wait_element|7653:: Element found! Waiting for element to be displayed.
2025-12-16 08:02:23,744-INFO-root-33528::webapp_internal::SetLateralMenu|4203:: Menu item: "Atualizações"
2025-12-16 08:02:23,744-DEBUG-root-33528::webapp_internal::wait_blocker|2444:: Waiting blocker to continue...
2025-12-16 08:02:23,807-DEBUG-root-33528::webapp_internal::wait_blocker|2469:: Blocker status: False
2025-12-16 08:02:24,196-DEBUG-root-33528::webapp_internal::wait_element_timeout|7726:: Element found! Waiting for element to be displayed.
2025-12-16 08:02:24,529-DEBUG-root-33528::webapp_internal::wait_blocker|2444:: Waiting blocker to continue...
2025-12-16 08:02:24,592-DEBUG-root-33528::webapp_internal::wait_blocker|2469:: Blocker status: False
2025-12-16 08:02:26,877-INFO-root-33528::webapp_internal::SetLateralMenu|4203:: Menu item: "Lançamentos"
2025-12-16 08:02:26,878-DEBUG-root-33528::webapp_internal::wait_blocker|2444:: Waiting blocker to continue...
2025-12-16 08:02:26,992-DEBUG-root-33528::webapp_internal::wait_blocker|2469:: Blocker status: False
2025-12-16 08:02:27,746-DEBUG-root-33528::webapp_internal::wait_element_timeout|7726:: Element found! Waiting for element to be displayed.
2025-12-16 08:02:28,427-DEBUG-root-33528::webapp_internal::wait_blocker|2444:: Waiting blocker to continue...
2025-12-16 08:02:28,562-DEBUG-root-33528::webapp_internal::wait_blocker|2469:: Blocker status: False
2025-12-16 08:02:30,851-INFO-root-33528::webapp_internal::SetLateralMenu|4203:: Menu item: "Lancamentos Avulso"
2025-12-16 08:02:30,852-DEBUG-root-33528::webapp_internal::wait_blocker|2444:: Waiting blocker to continue...
2025-12-16 08:02:30,926-DEBUG-root-33528::webapp_internal::wait_blocker|2469:: Blocker status: False
2025-12-16 08:02:31,881-DEBUG-root-33528::webapp_internal::wait_element_timeout|7726:: Element found! Waiting for element to be displayed.
2025-12-16 08:02:32,770-DEBUG-root-33528::webapp_internal::wait_blocker|2444:: Waiting blocker to continue...
2025-12-16 08:02:32,847-DEBUG-root-33528::webapp_internal::wait_blocker|2469:: Blocker status: False
2025-12-16 08:02:36,389-DEBUG-root-33528::webapp_internal::wait_blocker|2444:: Waiting blocker to continue...
2025-12-16 08:02:36,464-DEBUG-root-33528::webapp_internal::wait_blocker|2469:: Blocker status: False
2025-12-16 08:02:36,541-INFO-root-33528::webapp_internal::WaitShow|4980:: Waiting show text 'Este ambiente utiliza base de Homologação.'...
2025-12-16 08:02:42,079-DEBUG-root-33528::log::checks_empty_line|221:: Checking empty default log info
2025-12-16 08:02:42,082-DEBUG-root-33528::log::generate_log|503:: Json log_data: {'cLogDtExec': '16/12/2025 08:02:42', 'cLogNomUsr': '97137227104', 'cLogNomEst': 'GESIT03', 'cLogProgra': None, 'cLogDtProg': '', 'cLogHrProg': '', 'nLogCtsOk': 1, 'nLogCtsNok': 0, 'nLogCtsSeg': 64.03, 'cLogVersao': '12', 'cLogReleas': '12.1.2410', 'nLogCtsErr': '', 'cLogBancod': 'ORACLE', 'cLogIdenti': '', 'cLogIdExec': '20251216', 'cLogPais': 'BRA', 'cLogTool': 'TIR', 'cLogSequen': '63f836', 'nLogCtsTot': 1, 'cLogDtExea': '16/12/2025', 'cLogHrExea': '08:02:42', 'cLogArea': 'Desenvolvimento', 'cLogMnExec': 1.0671666666666666}
2025-12-16 08:02:42,082-INFO-root-33528::log::send_log_with_retries|515:: Saving log locally.
2025-12-16 08:02:42,082-INFO-root-33528::log::save_log_locally|548:: [FwSendLog]: Não foi possível enviar o log após todas as tentativas.
2025-12-16 08:02:42,084-INFO-root-33528::log::save_log_locally|555:: [FwSendLog]: Log salvo localmente em C:\TIR_TESTE\1765882962.json.
2025-12-16 08:02:42,084-INFO-root-33528::webapp_internal::WaitShow|4980:: Waiting show text 'Moedas'...
2025-12-16 08:02:47,184-DEBUG-root-33528::webapp_internal::wait_blocker|2444:: Waiting blocker to continue...
2025-12-16 08:02:47,276-DEBUG-root-33528::webapp_internal::wait_blocker|2469:: Blocker status: False
2025-12-16 08:02:47,277-INFO-root-33528::webapp_internal::SearchBrowse|2003:: Searching: 02DF0001228383
2025-12-16 08:02:47,427-DEBUG-root-33528::webapp_internal::wait_element_timeout|7726:: Element found! Waiting for element to be displayed.
2025-12-16 08:02:47,507-DEBUG-root-33528::webapp_internal::wait_element|7623:: Waiting for element
2025-12-16 08:02:47,555-DEBUG-root-33528::webapp_internal::wait_element|7653:: Element found! Waiting for element to be displayed.
2025-12-16 08:02:47,846-DEBUG-root-33528::base::click|192:: Click Type: ClickType.JS
2025-12-16 08:02:49,630-DEBUG-root-33528::webapp_internal::wait_blocker|2444:: Waiting blocker to continue...
2025-12-16 08:02:49,742-DEBUG-root-33528::webapp_internal::wait_blocker|2469:: Blocker status: False
2025-12-16 08:02:49,757-DEBUG-root-33528::webapp_internal::wait_blocker|2444:: Waiting blocker to continue...
2025-12-16 08:02:49,879-DEBUG-root-33528::webapp_internal::wait_blocker|2469:: Blocker status: False
2025-12-16 08:02:49,879-INFO-root-33528::webapp_internal::fill_search_browse|2399:: Filling: 02DF0001228383
2025-12-16 08:02:49,893-DEBUG-root-33528::base::click|192:: Click Type: ClickType.JS
2025-12-16 08:02:51,007-DEBUG-root-33528::webapp_internal::wait_blocker|2444:: Waiting blocker to continue...
2025-12-16 08:02:51,111-DEBUG-root-33528::webapp_internal::wait_blocker|2469:: Blocker status: False
2025-12-16 08:02:51,113-DEBUG-root-33528::base::double_click|259:: Click Type: ClickType.SELENIUM
2025-12-16 08:02:51,122-WARNING-root-33528::base::double_click|280:: Warning double_click method Exception: Message: Element <button class="button-image" type="button"> is not clickable at point (1844,131) because another element <wa-button id="COMP4530" class="dict-tbutton focus"> obscures it
Stacktrace:
RemoteError@chrome://remote/content/shared/RemoteError.sys.mjs:8:8
WebDriverError@chrome://remote/content/shared/webdriver/Errors.sys.mjs:202:5
ElementClickInterceptedError@chrome://remote/content/shared/webdriver/Errors.sys.mjs:354:5
webdriverClickElement@chrome://remote/content/marionette/interaction.sys.mjs:175:11
interaction.clickElement@chrome://remote/content/marionette/interaction.sys.mjs:134:11
clickElement@chrome://remote/content/marionette/actors/MarionetteCommandsChild.sys.mjs:327:29
receiveMessage@chrome://remote/content/marionette/actors/MarionetteCommandsChild.sys.mjs:210:31

2025-12-16 08:03:01,425-INFO-root-33528::webapp_internal::WaitShow|4980:: Waiting show text 'Lançamentos Avulsos'...
2025-12-16 08:03:01,495-INFO-root-33528::webapp_internal::WaitShow|4996:: Text found! 
2025-12-16 08:03:01,496-INFO-root-33528::webapp_internal::SetButton|4444:: Clicking on Manutenção
2025-12-16 08:03:01,496-DEBUG-root-33528::webapp_internal::wait_blocker|2444:: Waiting blocker to continue...
2025-12-16 08:03:01,594-DEBUG-root-33528::webapp_internal::wait_blocker|2469:: Blocker status: False
2025-12-16 08:03:01,972-DEBUG-root-33528::webapp_internal::wait_element_timeout|7726:: Element found! Waiting for element to be displayed.
2025-12-16 08:03:02,247-DEBUG-root-33528::webapp_internal::SetButton|4481:: ***System Info*** Before Clicking on button:Manutenção
2025-12-16 08:03:02,249-DEBUG-root-33528::psutil_info::system_info|5:: CPU USAGE: 7.7%
2025-12-16 08:03:02,249-DEBUG-root-33528::psutil_info::system_info|6:: MEMORY USAGE: 87.3%
2025-12-16 08:03:02,249-DEBUG-root-33528::psutil_info::system_info|7:: MEMORY AVAILABLE: 12.67%
2025-12-16 08:03:02,608-DEBUG-root-33528::webapp_internal::wait_element_timeout|7726:: Element found! Waiting for element to be displayed.
2025-12-16 08:03:02,935-DEBUG-root-33528::webapp_internal::wait_blocker|2444:: Waiting blocker to continue...
2025-12-16 08:03:03,054-DEBUG-root-33528::webapp_internal::wait_blocker|2469:: Blocker status: False
2025-12-16 08:03:03,079-DEBUG-root-33528::webapp_internal::wait_blocker|2444:: Waiting blocker to continue...
2025-12-16 08:03:03,177-DEBUG-root-33528::webapp_internal::wait_blocker|2469:: Blocker status: False
2025-12-16 08:03:03,177-DEBUG-root-33528::webapp_internal::send_action|10480:: Trying to send action
2025-12-16 08:03:03,179-DEBUG-root-33528::base::click|192:: Click Type: ClickType.JS
2025-12-16 08:03:04,275-DEBUG-root-33528::webapp_internal::send_action|10522:: send_action method result = True
2025-12-16 08:03:04,275-DEBUG-root-33528::webapp_internal::send_action|10523:: send_action selenium status: False
2025-12-16 08:03:04,275-DEBUG-root-33528::webapp_internal::SetButton|4683:: ***System Info*** After Clicking on button:
2025-12-16 08:03:04,276-DEBUG-root-33528::psutil_info::system_info|5:: CPU USAGE: 7.3%
2025-12-16 08:03:04,276-DEBUG-root-33528::psutil_info::system_info|6:: MEMORY USAGE: 87.6%
2025-12-16 08:03:04,276-DEBUG-root-33528::psutil_info::system_info|7:: MEMORY AVAILABLE: 12.39%
2025-12-16 08:03:09,277-INFO-root-33528::webapp_internal::WaitShow|4980:: Waiting show text 'Funcionários - MANUTENÇÃO'...
2025-12-16 08:03:09,382-INFO-root-33528::webapp_internal::WaitShow|4996:: Text found! 
2025-12-16 08:03:09,382-INFO-root-33528::webapp_internal::WaitShow|4980:: Waiting show text 'Funcionários - MANUTENÇÃO'...
2025-12-16 08:03:09,472-INFO-root-33528::webapp_internal::WaitShow|4996:: Text found! 
2025-12-16 08:03:09,472-DEBUG-root-33528::webapp_internal::wait_blocker|2444:: Waiting blocker to continue...
2025-12-16 08:03:09,582-DEBUG-root-33528::webapp_internal::wait_blocker|2469:: Blocker status: False
2025-12-16 08:03:09,582-INFO-root-33528::webapp_internal::SetKey|5822:: Key pressed: DOWN
2025-12-16 08:03:09,582-DEBUG-root-33528::webapp_internal::wait_element|7623:: Waiting for element
2025-12-16 08:03:09,655-DEBUG-root-33528::webapp_internal::wait_element|7653:: Element found! Waiting for element to be displayed.
2025-12-16 08:03:09,881-DEBUG-root-33528::webapp_internal::new_grid_line|7014:: New grid line
2025-12-16 08:03:11,359-DEBUG-root-33528::webapp_internal::wait_blocker|2444:: Waiting blocker to continue...
2025-12-16 08:03:11,465-DEBUG-root-33528::webapp_internal::wait_blocker|2469:: Blocker status: False
2025-12-16 08:03:11,466-INFO-root-33528::webapp_internal::LoadGrid|6298:: Filling grid field: Dt. Inclusao
2025-12-16 08:03:11,466-DEBUG-root-33528::webapp_internal::fill_grid|6399:: Grid loading...
2025-12-16 08:03:11,589-ERROR-root-33528::webapp_internal::fill_grid|6675:: fill grid error: list index out of range
Traceback (most recent call last):
  File "C:\TIR_TESTE\venv\Lib\site-packages\tir\technologies\webapp_internal.py", line 6420, in fill_grid
    if not column_name in headers[field[2]]:
                          ~~~~~~~^^^^^^^^^^
IndexError: list index out of range
2025-12-16 08:03:11,590-WARNING-root-33528::webapp_internal::log_error|8143:: Warning log_error fill grid error: list index out of range
2025-12-16 08:03:11,590-DEBUG-root-33528::webapp_internal::log_error|8146:: ***System Info*** in log_error():
2025-12-16 08:03:11,590-DEBUG-root-33528::psutil_info::system_info|5:: CPU USAGE: 7.8%
2025-12-16 08:03:11,590-DEBUG-root-33528::psutil_info::system_info|6:: MEMORY USAGE: 87.9%
2025-12-16 08:03:11,590-DEBUG-root-33528::psutil_info::system_info|7:: MEMORY AVAILABLE: 12.13%
2025-12-16 08:03:13,067-ERROR-root-33528::webapp_internal::TearDown|9654:: Warning tearDown Close Message: Tried to run command without establishing a connection
Traceback (most recent call last):
  File "C:\TIR_TESTE\venv\Lib\site-packages\tir\technologies\webapp_internal.py", line 9652, in TearDown
    self.driver.close()
  File "C:\TIR_TESTE\venv\Lib\site-packages\selenium\webdriver\remote\webdriver.py", line 458, in close
    self.execute(Command.CLOSE)
  File "C:\TIR_TESTE\venv\Lib\site-packages\selenium\webdriver\remote\webdriver.py", line 347, in execute
    self.error_handler.check_response(response)
  File "C:\TIR_TESTE\venv\Lib\site-packages\selenium\webdriver\remote\errorhandler.py", line 229, in check_response
    raise exception_class(message, screen, stacktrace)
selenium.common.exceptions.InvalidSessionIdException: Message: Tried to run command without establishing a connection

