2025-12-04 10:11:47,151-DEBUG-root-38076::logging_config::logger|189:: Log file created: 'Log\GESIT03\TIR__20251204101147147.log'
2025-12-04 10:11:47,152-INFO-root-38076::base::Start|1183:: TIR Version: 2.4.3
2025-12-04 10:11:47,153-INFO-root-38076::base::Start|1184:: Python Version: 3.12.10
2025-12-04 10:11:47,153-INFO-root-38076::base::Start|1185:: Starting the browser
2025-12-04 10:11:55,591-INFO-root-38076::base::get_url|1294:: Page is ready!
2025-12-04 10:11:55,794-INFO-root-38076::base::Start|1256:: Browser maximized to 1936x1048
2025-12-04 10:11:55,795-INFO-root-38076::base::Start|1258:: Screen size is different from default used in headless mode
2025-12-04 10:11:56,340-INFO-root-38076::webapp_internal::Setup|247:: ***System Info*** in Setup():
2025-12-04 10:11:56,341-DEBUG-root-38076::psutil_info::system_info|5:: CPU USAGE: 22.0%
2025-12-04 10:11:56,341-DEBUG-root-38076::psutil_info::system_info|6:: MEMORY USAGE: 96.8%
2025-12-04 10:11:56,342-DEBUG-root-38076::psutil_info::system_info|7:: MEMORY AVAILABLE: 3.22%
2025-12-04 10:11:56,407-INFO-root-38076::base::webapp_shadowroot|1394:: Webapp: 10.1.6-RC4
2025-12-04 10:11:56,565-INFO-root-38076::webapp_internal::filling_initial_program|449:: Filling Initial Program: "SIGAMDI"
2025-12-04 10:11:56,565-DEBUG-root-38076::webapp_internal::wait_element|7623:: Waiting for element
2025-12-04 10:11:56,649-DEBUG-root-38076::webapp_internal::wait_element|7653:: Element found! Waiting for element to be displayed.
2025-12-04 10:11:56,848-DEBUG-root-38076::base::click|192:: Click Type: ClickType.JS
2025-12-04 10:11:56,891-DEBUG-root-38076::webapp_internal::try_send_keys|7976:: Trying to send keys to element using technique 0
2025-12-04 10:11:57,660-DEBUG-root-38076::webapp_internal::get_web_value|3232:: Current value: SIGAMDI
2025-12-04 10:11:57,660-INFO-root-38076::webapp_internal::filling_server_environment|463:: Filling Server Environment: "POUPEX_TST"
2025-12-04 10:11:57,660-DEBUG-root-38076::webapp_internal::wait_element|7623:: Waiting for element
2025-12-04 10:11:57,784-DEBUG-root-38076::webapp_internal::wait_element|7653:: Element found! Waiting for element to be displayed.
2025-12-04 10:11:58,466-DEBUG-root-38076::base::click|192:: Click Type: ClickType.JS
2025-12-04 10:11:58,628-DEBUG-root-38076::webapp_internal::try_send_keys|7976:: Trying to send keys to element using technique 0
2025-12-04 10:11:59,641-DEBUG-root-38076::webapp_internal::get_web_value|3232:: Current value: POUPEX_TST
2025-12-04 10:11:59,689-DEBUG-root-38076::base::click|192:: Click Type: ClickType.JS
2025-12-04 10:11:59,718-DEBUG-root-38076::webapp_internal::user_screen|519:: Filling user screen
2025-12-04 10:12:05,144-DEBUG-root-38076::webapp_internal::wait_element_timeout|7726:: Element found! Waiting for element to be displayed.
2025-12-04 10:12:05,194-DEBUG-root-38076::base::scroll_to_element|759:: ********Warining scroll_to_element exception: Message: TypeError: can't access property "scrollIntoView", arguments[0] is null
Stacktrace:
@https://qasrverp:10020/webapp/:2:7
@https://qasrverp:10020/webapp/:3:8
*********
2025-12-04 10:12:05,353-INFO-root-38076::webapp_internal::user_screen|561:: Filling User
2025-12-04 10:12:05,380-DEBUG-root-38076::base::double_click|259:: Click Type: ClickType.SELENIUM
2025-12-04 10:12:05,576-DEBUG-root-38076::webapp_internal::get_web_value|3232:: Current value: 97137227104
2025-12-04 10:12:05,599-INFO-root-38076::webapp_internal::user_screen|621:: Filling Password
2025-12-04 10:12:05,617-DEBUG-root-38076::base::click|192:: Click Type: ClickType.JS
2025-12-04 10:12:05,692-DEBUG-root-38076::webapp_internal::get_web_value|3232:: Current value: Val20221080080094+
2025-12-04 10:12:05,692-DEBUG-root-38076::webapp_internal::wait_blocker|2444:: Waiting blocker to continue...
2025-12-04 10:12:05,720-DEBUG-root-38076::webapp_internal::wait_blocker|2469:: Blocker status: None
2025-12-04 10:12:05,743-DEBUG-root-38076::webapp_internal::wait_blocker|2444:: Waiting blocker to continue...
2025-12-04 10:12:05,775-DEBUG-root-38076::webapp_internal::wait_blocker|2469:: Blocker status: None
2025-12-04 10:12:05,812-DEBUG-root-38076::webapp_internal::wait_blocker|2444:: Waiting blocker to continue...
2025-12-04 10:12:05,845-DEBUG-root-38076::webapp_internal::wait_blocker|2469:: Blocker status: None
2025-12-04 10:12:05,845-DEBUG-root-38076::webapp_internal::send_action|10480:: Trying to send action
2025-12-04 10:12:05,854-DEBUG-root-38076::base::click|192:: Click Type: ClickType.JS
2025-12-04 10:12:06,909-DEBUG-root-38076::webapp_internal::send_action|10522:: send_action method result = True
2025-12-04 10:12:06,909-DEBUG-root-38076::webapp_internal::send_action|10523:: send_action selenium status: False
2025-12-04 10:12:09,342-DEBUG-root-38076::base::scroll_to_element|759:: ********Warining scroll_to_element exception: Message: TypeError: can't access property "scrollIntoView", arguments[0] is null
Stacktrace:
@https://qasrverp:10020/webapp/:2:7
@https://qasrverp:10020/webapp/:3:8
*********
2025-12-04 10:12:09,390-INFO-root-38076::webapp_internal::filling_date|885:: Filling Date: "04/11/2025"
2025-12-04 10:12:09,390-DEBUG-root-38076::webapp_internal::wait_blocker|2444:: Waiting blocker to continue...
2025-12-04 10:12:09,429-DEBUG-root-38076::webapp_internal::wait_blocker|2469:: Blocker status: None
2025-12-04 10:12:09,431-DEBUG-root-38076::base::click|192:: Click Type: ClickType.JS
2025-12-04 10:12:09,455-DEBUG-root-38076::webapp_internal::try_send_keys|7976:: Trying to send keys to element using technique 1
2025-12-04 10:12:09,530-DEBUG-root-38076::webapp_internal::get_web_value|3232:: Current value: 04/11/2025
2025-12-04 10:12:10,621-INFO-root-38076::webapp_internal::filling_group|955:: Filling Group: "02"
2025-12-04 10:12:10,622-DEBUG-root-38076::webapp_internal::wait_blocker|2444:: Waiting blocker to continue...
2025-12-04 10:12:10,659-DEBUG-root-38076::webapp_internal::wait_blocker|2469:: Blocker status: None
2025-12-04 10:12:10,663-DEBUG-root-38076::base::click|192:: Click Type: ClickType.JS
2025-12-04 10:12:10,715-DEBUG-root-38076::webapp_internal::get_web_value|3232:: Current value: 02
2025-12-04 10:12:11,780-INFO-root-38076::webapp_internal::filling_branch|1047:: Filling Branch: "02DF0001"
2025-12-04 10:12:11,780-DEBUG-root-38076::webapp_internal::wait_blocker|2444:: Waiting blocker to continue...
2025-12-04 10:12:11,811-DEBUG-root-38076::webapp_internal::wait_blocker|2469:: Blocker status: None
2025-12-04 10:12:11,814-DEBUG-root-38076::base::click|192:: Click Type: ClickType.JS
2025-12-04 10:12:11,872-DEBUG-root-38076::webapp_internal::get_web_value|3232:: Current value: 02DF0001
2025-12-04 10:12:12,964-INFO-root-38076::webapp_internal::filling_environment|1113:: Filling Environment: "07"
2025-12-04 10:12:12,964-DEBUG-root-38076::webapp_internal::wait_blocker|2444:: Waiting blocker to continue...
2025-12-04 10:12:13,001-DEBUG-root-38076::webapp_internal::wait_blocker|2469:: Blocker status: None
2025-12-04 10:12:13,005-DEBUG-root-38076::base::click|192:: Click Type: ClickType.JS
2025-12-04 10:12:13,079-DEBUG-root-38076::webapp_internal::get_web_value|3232:: Current value: 07
2025-12-04 10:12:14,091-DEBUG-root-38076::webapp_internal::close_warning_screen|1489:: Closing warning screen!
2025-12-04 10:12:15,122-DEBUG-root-38076::webapp_internal::check_screen_element|1291:: Checking screen element: "Atenção": False
2025-12-04 10:12:16,228-INFO-root-38076::webapp_internal::environment_screen|796:: Clicking on Button
2025-12-04 10:12:16,229-DEBUG-root-38076::webapp_internal::wait_blocker|2444:: Waiting blocker to continue...
2025-12-04 10:12:16,262-DEBUG-root-38076::webapp_internal::wait_blocker|2469:: Blocker status: None
2025-12-04 10:12:16,264-DEBUG-root-38076::base::click|192:: Click Type: ClickType.JS
2025-12-04 10:12:17,278-DEBUG-root-38076::base::click|192:: Click Type: ClickType.JS
2025-12-04 10:12:18,285-DEBUG-root-38076::base::click|192:: Click Type: ClickType.JS
2025-12-04 10:12:19,293-DEBUG-root-38076::base::click|192:: Click Type: ClickType.JS
2025-12-04 10:12:20,303-DEBUG-root-38076::base::click|192:: Click Type: ClickType.JS
2025-12-04 10:12:21,314-DEBUG-root-38076::base::click|192:: Click Type: ClickType.JS
2025-12-04 10:12:22,321-DEBUG-root-38076::webapp_internal::close_screen_before_menu|368:: Closing screen before the menu
2025-12-04 10:12:22,368-DEBUG-root-38076::webapp_internal::close_warning_screen|1489:: Closing warning screen!
2025-12-04 10:12:23,411-DEBUG-root-38076::webapp_internal::check_screen_element|1291:: Checking screen element: "Atenção": False
2025-12-04 10:12:23,411-DEBUG-root-38076::webapp_internal::close_coin_screen|1424:: Closing coin screen!
2025-12-04 10:12:23,970-DEBUG-root-38076::base::click|192:: Click Type: ClickType.JS
2025-12-04 10:12:24,030-DEBUG-root-38076::webapp_internal::close_warning_screen|1489:: Closing warning screen!
2025-12-04 10:12:25,076-DEBUG-root-38076::webapp_internal::check_screen_element|1291:: Checking screen element: "Atenção": False
2025-12-04 10:12:25,076-DEBUG-root-38076::webapp_internal::close_coin_screen|1424:: Closing coin screen!
2025-12-04 10:12:25,176-INFO-root-38076::webapp_internal::set_log_info|1623:: Getting log info
2025-12-04 10:12:25,177-INFO-root-38076::webapp_internal::SetLateralMenu|4184:: Navigating lateral menu: Ajuda > Sobre
2025-12-04 10:12:25,187-DEBUG-root-38076::webapp_internal::wait_element|7623:: Waiting for element
2025-12-04 10:12:25,230-DEBUG-root-38076::webapp_internal::wait_element|7653:: Element found! Waiting for element to be displayed.
2025-12-04 10:12:25,396-INFO-root-38076::webapp_internal::SetLateralMenu|4203:: Menu item: "Ajuda"
2025-12-04 10:12:25,396-DEBUG-root-38076::webapp_internal::wait_blocker|2444:: Waiting blocker to continue...
2025-12-04 10:12:25,488-DEBUG-root-38076::webapp_internal::wait_blocker|2469:: Blocker status: False
2025-12-04 10:12:25,823-DEBUG-root-38076::webapp_internal::wait_element_timeout|7726:: Element found! Waiting for element to be displayed.
2025-12-04 10:12:26,107-DEBUG-root-38076::webapp_internal::wait_blocker|2444:: Waiting blocker to continue...
2025-12-04 10:12:26,169-DEBUG-root-38076::webapp_internal::wait_blocker|2469:: Blocker status: False
2025-12-04 10:12:28,467-INFO-root-38076::webapp_internal::SetLateralMenu|4203:: Menu item: "Sobre"
2025-12-04 10:12:28,467-DEBUG-root-38076::webapp_internal::wait_blocker|2444:: Waiting blocker to continue...
2025-12-04 10:12:28,532-DEBUG-root-38076::webapp_internal::wait_blocker|2469:: Blocker status: False
2025-12-04 10:12:28,939-DEBUG-root-38076::webapp_internal::wait_element_timeout|7726:: Element found! Waiting for element to be displayed.
2025-12-04 10:12:29,307-DEBUG-root-38076::webapp_internal::wait_blocker|2444:: Waiting blocker to continue...
2025-12-04 10:12:29,371-DEBUG-root-38076::webapp_internal::wait_blocker|2469:: Blocker status: False
2025-12-04 10:12:32,071-DEBUG-root-38076::webapp_internal::wait_blocker|2444:: Waiting blocker to continue...
2025-12-04 10:12:32,137-DEBUG-root-38076::webapp_internal::wait_blocker|2469:: Blocker status: False
2025-12-04 10:12:32,206-DEBUG-root-38076::webapp_internal::wait_element|7623:: Waiting for element
2025-12-04 10:12:32,247-DEBUG-root-38076::webapp_internal::wait_element|7653:: Element found! Waiting for element to be displayed.
2025-12-04 10:12:32,418-INFO-root-38076::webapp_internal::SetButton|4444:: Clicking on Fechar
2025-12-04 10:12:32,419-DEBUG-root-38076::webapp_internal::wait_blocker|2444:: Waiting blocker to continue...
2025-12-04 10:12:32,490-DEBUG-root-38076::webapp_internal::wait_blocker|2469:: Blocker status: False
2025-12-04 10:12:32,669-DEBUG-root-38076::webapp_internal::wait_element_timeout|7726:: Element found! Waiting for element to be displayed.
2025-12-04 10:12:32,741-DEBUG-root-38076::webapp_internal::SetButton|4481:: ***System Info*** Before Clicking on button:Fechar
2025-12-04 10:12:32,741-DEBUG-root-38076::psutil_info::system_info|5:: CPU USAGE: 11.0%
2025-12-04 10:12:32,742-DEBUG-root-38076::psutil_info::system_info|6:: MEMORY USAGE: 94.6%
2025-12-04 10:12:32,742-DEBUG-root-38076::psutil_info::system_info|7:: MEMORY AVAILABLE: 5.39%
2025-12-04 10:12:32,914-DEBUG-root-38076::webapp_internal::wait_element_timeout|7726:: Element found! Waiting for element to be displayed.
2025-12-04 10:12:33,021-DEBUG-root-38076::webapp_internal::wait_blocker|2444:: Waiting blocker to continue...
2025-12-04 10:12:33,088-DEBUG-root-38076::webapp_internal::wait_blocker|2469:: Blocker status: False
2025-12-04 10:12:33,107-DEBUG-root-38076::webapp_internal::wait_blocker|2444:: Waiting blocker to continue...
2025-12-04 10:12:33,177-DEBUG-root-38076::webapp_internal::wait_blocker|2469:: Blocker status: False
2025-12-04 10:12:33,177-DEBUG-root-38076::webapp_internal::send_action|10480:: Trying to send action
2025-12-04 10:12:33,179-DEBUG-root-38076::base::click|192:: Click Type: ClickType.JS
2025-12-04 10:12:34,211-DEBUG-root-38076::webapp_internal::send_action|10522:: send_action method result = True
2025-12-04 10:12:34,211-DEBUG-root-38076::webapp_internal::send_action|10523:: send_action selenium status: False
2025-12-04 10:12:34,212-DEBUG-root-38076::webapp_internal::SetButton|4683:: ***System Info*** After Clicking on button:
2025-12-04 10:12:34,212-DEBUG-root-38076::psutil_info::system_info|5:: CPU USAGE: 7.2%
2025-12-04 10:12:34,212-DEBUG-root-38076::psutil_info::system_info|6:: MEMORY USAGE: 94.6%
2025-12-04 10:12:34,213-DEBUG-root-38076::psutil_info::system_info|7:: MEMORY AVAILABLE: 5.44%
2025-12-04 10:12:34,213-DEBUG-root-38076::webapp_internal::wait_element|7623:: Waiting for element
2025-12-04 10:12:34,299-INFO-root-38076::webapp_internal::SetLateralMenu|4184:: Navigating lateral menu: Atualizações > Especificos > Tipo de Convenio
2025-12-04 10:12:34,310-DEBUG-root-38076::webapp_internal::wait_element|7623:: Waiting for element
2025-12-04 10:12:34,350-DEBUG-root-38076::webapp_internal::wait_element|7653:: Element found! Waiting for element to be displayed.
2025-12-04 10:12:34,515-INFO-root-38076::webapp_internal::SetLateralMenu|4203:: Menu item: "Atualizações"
2025-12-04 10:12:34,515-DEBUG-root-38076::webapp_internal::wait_blocker|2444:: Waiting blocker to continue...
2025-12-04 10:12:34,578-DEBUG-root-38076::webapp_internal::wait_blocker|2469:: Blocker status: False
2025-12-04 10:12:34,984-DEBUG-root-38076::webapp_internal::wait_element_timeout|7726:: Element found! Waiting for element to be displayed.
2025-12-04 10:12:35,336-DEBUG-root-38076::webapp_internal::wait_blocker|2444:: Waiting blocker to continue...
2025-12-04 10:12:35,404-DEBUG-root-38076::webapp_internal::wait_blocker|2469:: Blocker status: False
2025-12-04 10:12:37,704-INFO-root-38076::webapp_internal::SetLateralMenu|4203:: Menu item: "Especificos"
2025-12-04 10:12:37,705-DEBUG-root-38076::webapp_internal::wait_blocker|2444:: Waiting blocker to continue...
2025-12-04 10:12:37,797-DEBUG-root-38076::webapp_internal::wait_blocker|2469:: Blocker status: False
2025-12-04 10:12:38,513-DEBUG-root-38076::webapp_internal::wait_element_timeout|7726:: Element found! Waiting for element to be displayed.
2025-12-04 10:12:39,217-DEBUG-root-38076::webapp_internal::wait_blocker|2444:: Waiting blocker to continue...
2025-12-04 10:12:39,310-DEBUG-root-38076::webapp_internal::wait_blocker|2469:: Blocker status: False
2025-12-04 10:12:41,597-INFO-root-38076::webapp_internal::SetLateralMenu|4203:: Menu item: "Tipo de Convenio"
2025-12-04 10:12:41,597-DEBUG-root-38076::webapp_internal::wait_blocker|2444:: Waiting blocker to continue...
2025-12-04 10:12:41,707-DEBUG-root-38076::webapp_internal::wait_blocker|2469:: Blocker status: False
2025-12-04 10:12:43,239-DEBUG-root-38076::webapp_internal::wait_element_timeout|7726:: Element found! Waiting for element to be displayed.
2025-12-04 10:12:44,765-DEBUG-root-38076::webapp_internal::wait_blocker|2444:: Waiting blocker to continue...
2025-12-04 10:12:44,865-DEBUG-root-38076::webapp_internal::wait_blocker|2469:: Blocker status: False
2025-12-04 10:12:49,322-DEBUG-root-38076::webapp_internal::wait_blocker|2444:: Waiting blocker to continue...
2025-12-04 10:12:49,418-DEBUG-root-38076::webapp_internal::wait_blocker|2469:: Blocker status: False
2025-12-04 10:12:49,531-INFO-root-38076::webapp_internal::WaitShow|4980:: Waiting show text 'Este ambiente utiliza base de Homologação.'...
2025-12-04 10:12:54,968-DEBUG-root-38076::log::checks_empty_line|221:: Checking empty default log info
2025-12-04 10:12:54,971-DEBUG-root-38076::log::generate_log|503:: Json log_data: {'cLogDtExec': '04/12/2025 10:12:54', 'cLogNomUsr': '97137227104', 'cLogNomEst': 'GESIT03', 'cLogProgra': None, 'cLogDtProg': '', 'cLogHrProg': '', 'nLogCtsOk': 1, 'nLogCtsNok': 0, 'nLogCtsSeg': 67.93, 'cLogVersao': '12', 'cLogReleas': '12.1.2410', 'nLogCtsErr': '', 'cLogBancod': 'ORACLE', 'cLogIdenti': '', 'cLogIdExec': '20251204', 'cLogPais': 'BRA', 'cLogTool': 'TIR', 'cLogSequen': '7d2eda', 'nLogCtsTot': 1, 'cLogDtExea': '04/12/2025', 'cLogHrExea': '10:12:54', 'cLogArea': 'Desenvolvimento', 'cLogMnExec': 1.1321666666666668}
2025-12-04 10:12:54,971-INFO-root-38076::log::send_log_with_retries|515:: Saving log locally.
2025-12-04 10:12:54,971-INFO-root-38076::log::save_log_locally|548:: [FwSendLog]: Não foi possível enviar o log após todas as tentativas.
2025-12-04 10:12:54,972-INFO-root-38076::log::save_log_locally|555:: [FwSendLog]: Log salvo localmente em C:\TIR_TESTE\1764853974.json.
2025-12-04 10:12:54,973-INFO-root-38076::webapp_internal::WaitShow|4980:: Waiting show text 'Moedas'...
2025-12-04 10:13:00,286-INFO-root-38076::webapp_internal::WaitShow|4980:: Waiting show text 'Tipos de Convênios'...
2025-12-04 10:13:00,367-INFO-root-38076::webapp_internal::WaitShow|4996:: Text found! 
2025-12-04 10:13:00,368-INFO-root-38076::webapp_internal::SetButton|4444:: Clicking on Incluir
2025-12-04 10:13:00,368-DEBUG-root-38076::webapp_internal::wait_blocker|2444:: Waiting blocker to continue...
2025-12-04 10:13:00,481-DEBUG-root-38076::webapp_internal::wait_blocker|2469:: Blocker status: False
2025-12-04 10:13:00,877-DEBUG-root-38076::webapp_internal::wait_element_timeout|7726:: Element found! Waiting for element to be displayed.
2025-12-04 10:13:01,215-DEBUG-root-38076::webapp_internal::SetButton|4481:: ***System Info*** Before Clicking on button:Incluir
2025-12-04 10:13:01,216-DEBUG-root-38076::psutil_info::system_info|5:: CPU USAGE: 10.8%
2025-12-04 10:13:01,216-DEBUG-root-38076::psutil_info::system_info|6:: MEMORY USAGE: 95.4%
2025-12-04 10:13:01,216-DEBUG-root-38076::psutil_info::system_info|7:: MEMORY AVAILABLE: 4.61%
2025-12-04 10:13:01,585-DEBUG-root-38076::webapp_internal::wait_element_timeout|7726:: Element found! Waiting for element to be displayed.
2025-12-04 10:13:01,950-DEBUG-root-38076::webapp_internal::wait_blocker|2444:: Waiting blocker to continue...
2025-12-04 10:13:02,096-DEBUG-root-38076::webapp_internal::wait_blocker|2469:: Blocker status: False
2025-12-04 10:13:02,130-DEBUG-root-38076::webapp_internal::wait_blocker|2444:: Waiting blocker to continue...
2025-12-04 10:13:02,263-DEBUG-root-38076::webapp_internal::wait_blocker|2469:: Blocker status: False
2025-12-04 10:13:02,263-DEBUG-root-38076::webapp_internal::send_action|10480:: Trying to send action
2025-12-04 10:13:02,265-DEBUG-root-38076::base::click|192:: Click Type: ClickType.JS
2025-12-04 10:13:03,317-DEBUG-root-38076::webapp_internal::send_action|10522:: send_action method result = True
2025-12-04 10:13:03,317-DEBUG-root-38076::webapp_internal::send_action|10523:: send_action selenium status: False
2025-12-04 10:13:03,317-DEBUG-root-38076::webapp_internal::SetButton|4683:: ***System Info*** After Clicking on button:
2025-12-04 10:13:03,318-DEBUG-root-38076::psutil_info::system_info|5:: CPU USAGE: 13.5%
2025-12-04 10:13:03,318-DEBUG-root-38076::psutil_info::system_info|6:: MEMORY USAGE: 95.5%
2025-12-04 10:13:03,318-DEBUG-root-38076::psutil_info::system_info|7:: MEMORY AVAILABLE: 4.48%
2025-12-04 10:13:03,319-INFO-root-38076::webapp_internal::WaitShow|4980:: Waiting show text 'Tipos de Convenios - INCLUIR'...
2025-12-04 10:13:03,448-INFO-root-38076::webapp_internal::WaitShow|4996:: Text found! 
2025-12-04 10:13:03,448-DEBUG-root-38076::webapp_internal::SetFocus|6011:: Setting focus on element ZD_DESCONV.
2025-12-04 10:13:03,607-DEBUG-root-38076::base::click|192:: Click Type: ClickType.SELENIUM
2025-12-04 10:13:03,672-DEBUG-root-38076::webapp_internal::wait_blocker|2444:: Waiting blocker to continue...
2025-12-04 10:13:03,798-DEBUG-root-38076::webapp_internal::wait_blocker|2469:: Blocker status: False
2025-12-04 10:13:03,798-DEBUG-root-38076::webapp_internal::wait_element|7623:: Waiting for element
2025-12-04 10:13:03,874-DEBUG-root-38076::webapp_internal::wait_element|7653:: Element found! Waiting for element to be displayed.
2025-12-04 10:13:03,938-INFO-root-38076::webapp_internal::input_value|2941:: Looking for element: ZD_DESCONV
2025-12-04 10:13:04,058-INFO-root-38076::webapp_internal::input_value|2951:: Element: ZD_DESCONV Found!
2025-12-04 10:13:04,059-INFO-root-38076::webapp_internal::input_value|2953:: Filling element: ZD_DESCONV
2025-12-04 10:13:04,083-DEBUG-root-38076::webapp_internal::get_web_value|3232:: Current value:                                                             
2025-12-04 10:13:04,118-DEBUG-root-38076::base::double_click|259:: Click Type: ClickType.SELENIUM
2025-12-04 10:13:04,376-DEBUG-root-38076::webapp_internal::wait_blocker|2444:: Waiting blocker to continue...
2025-12-04 10:13:04,499-DEBUG-root-38076::webapp_internal::wait_blocker|2469:: Blocker status: False
2025-12-04 10:13:04,835-DEBUG-root-38076::webapp_internal::get_web_value|3232:: Current value: TESTE INCLUSAO 01                                           
2025-12-04 10:13:04,836-INFO-root-38076::webapp_internal::input_value|3059:: Current field value: TESTE INCLUSAO 01
2025-12-04 10:13:04,864-DEBUG-root-38076::webapp_internal::wait_blocker|2444:: Waiting blocker to continue...
2025-12-04 10:13:05,012-DEBUG-root-38076::webapp_internal::wait_blocker|2469:: Blocker status: False
2025-12-04 10:13:05,012-INFO-root-38076::webapp_internal::SetKey|5822:: Key pressed: TAB
2025-12-04 10:13:05,013-DEBUG-root-38076::webapp_internal::SetKey|5857:: Trying press key
2025-12-04 10:13:07,018-DEBUG-root-38076::webapp_internal::wait_blocker|2444:: Waiting blocker to continue...
2025-12-04 10:13:07,191-DEBUG-root-38076::webapp_internal::wait_blocker|2469:: Blocker status: False
2025-12-04 10:13:07,218-DEBUG-root-38076::webapp_internal::wait_blocker|2444:: Waiting blocker to continue...
2025-12-04 10:13:07,357-DEBUG-root-38076::webapp_internal::wait_blocker|2469:: Blocker status: False
2025-12-04 10:13:07,357-DEBUG-root-38076::webapp_internal::send_action|10480:: Trying to send action
2025-12-04 10:13:08,391-DEBUG-root-38076::webapp_internal::send_action|10522:: send_action method result = True
2025-12-04 10:13:08,391-DEBUG-root-38076::webapp_internal::send_action|10523:: send_action selenium status: False
2025-12-04 10:13:08,391-DEBUG-root-38076::webapp_internal::wait_blocker|2444:: Waiting blocker to continue...
2025-12-04 10:13:08,518-DEBUG-root-38076::webapp_internal::wait_blocker|2469:: Blocker status: False
2025-12-04 10:13:08,518-DEBUG-root-38076::webapp_internal::wait_element|7623:: Waiting for element
2025-12-04 10:13:08,594-DEBUG-root-38076::webapp_internal::wait_element|7653:: Element found! Waiting for element to be displayed.
2025-12-04 10:13:08,657-INFO-root-38076::webapp_internal::input_value|2941:: Looking for element: ZD_TPMOV
2025-12-04 10:13:08,769-INFO-root-38076::webapp_internal::input_value|2951:: Element: ZD_TPMOV Found!
2025-12-04 10:13:08,769-INFO-root-38076::webapp_internal::input_value|2953:: Filling element: ZD_TPMOV
2025-12-04 10:13:09,970-INFO-root-38076::base::select_combo|871:: Selected value for combo is: 1 - Titular
2025-12-04 10:13:10,013-DEBUG-root-38076::webapp_internal::wait_blocker|2444:: Waiting blocker to continue...
2025-12-04 10:13:10,136-DEBUG-root-38076::webapp_internal::wait_blocker|2469:: Blocker status: False
2025-12-04 10:13:10,136-DEBUG-root-38076::webapp_internal::wait_element|7623:: Waiting for element
2025-12-04 10:13:10,209-DEBUG-root-38076::webapp_internal::wait_element|7653:: Element found! Waiting for element to be displayed.
2025-12-04 10:13:10,271-INFO-root-38076::webapp_internal::input_value|2941:: Looking for element: ZD_TPALTSA
2025-12-04 10:13:10,380-INFO-root-38076::webapp_internal::input_value|2951:: Element: ZD_TPALTSA Found!
2025-12-04 10:13:10,380-INFO-root-38076::webapp_internal::input_value|2953:: Filling element: ZD_TPALTSA
2025-12-04 10:13:10,407-DEBUG-root-38076::webapp_internal::get_web_value|3232:: Current value:    
2025-12-04 10:13:10,436-DEBUG-root-38076::base::double_click|259:: Click Type: ClickType.SELENIUM
2025-12-04 10:13:10,707-DEBUG-root-38076::webapp_internal::wait_blocker|2444:: Waiting blocker to continue...
2025-12-04 10:13:10,831-DEBUG-root-38076::webapp_internal::wait_blocker|2469:: Blocker status: False
2025-12-04 10:13:11,157-DEBUG-root-38076::webapp_internal::get_web_value|3232:: Current value: 003
2025-12-04 10:13:11,158-INFO-root-38076::webapp_internal::input_value|3059:: Current field value: 003
2025-12-04 10:13:11,165-INFO-root-38076::webapp_internal::WaitShow|4980:: Waiting show text 'Histórico'...
2025-12-04 10:13:13,016-INFO-root-38076::webapp_internal::WaitShow|4996:: Text found! 
2025-12-04 10:13:13,017-DEBUG-root-38076::webapp_internal::wait_blocker|2444:: Waiting blocker to continue...
2025-12-04 10:13:13,147-DEBUG-root-38076::webapp_internal::wait_blocker|2469:: Blocker status: False
2025-12-04 10:13:13,147-INFO-root-38076::webapp_internal::SetKey|5822:: Key pressed: TAB
2025-12-04 10:13:13,147-DEBUG-root-38076::webapp_internal::SetKey|5857:: Trying press key
2025-12-04 10:13:13,147-DEBUG-root-38076::webapp_internal::wait_element|7623:: Waiting for element
2025-12-04 10:13:13,231-DEBUG-root-38076::webapp_internal::wait_element|7653:: Element found! Waiting for element to be displayed.
2025-12-04 10:13:13,448-DEBUG-root-38076::webapp_internal::wait_blocker|2444:: Waiting blocker to continue...
2025-12-04 10:13:13,611-DEBUG-root-38076::webapp_internal::wait_blocker|2469:: Blocker status: False
2025-12-04 10:13:13,611-INFO-root-38076::webapp_internal::LoadGrid|6298:: Filling grid field: Data Inicio
2025-12-04 10:13:13,611-DEBUG-root-38076::webapp_internal::fill_grid|6399:: Grid loading...
2025-12-04 10:13:13,719-DEBUG-root-38076::webapp_internal::fill_grid|6466:: Column found!
2025-12-04 10:13:13,762-DEBUG-root-38076::base::click|192:: Click Type: ClickType.ACTIONCHAINS
2025-12-04 10:13:19,161-DEBUG-root-38076::webapp_internal::fill_grid|6498:: Trying open cell in grid!
2025-12-04 10:13:19,440-DEBUG-root-38076::webapp_internal::wait_blocker|2444:: Waiting blocker to continue...
2025-12-04 10:13:19,600-DEBUG-root-38076::webapp_internal::wait_blocker|2469:: Blocker status: False
2025-12-04 10:13:19,784-DEBUG-root-38076::webapp_internal::wait_element_timeout|7726:: Element found! Waiting for element to be displayed.
2025-12-04 10:13:20,129-DEBUG-root-38076::webapp_internal::fill_grid|6577:: Sending keys: 04/11/2025
2025-12-04 10:13:20,426-DEBUG-root-38076::webapp_internal::wait_blocker|2444:: Waiting blocker to continue...
2025-12-04 10:13:20,568-DEBUG-root-38076::webapp_internal::wait_blocker|2469:: Blocker status: False
2025-12-04 10:13:26,006-DEBUG-root-38076::webapp_internal::wait_blocker|2444:: Waiting blocker to continue...
2025-12-04 10:13:26,125-DEBUG-root-38076::webapp_internal::wait_blocker|2469:: Blocker status: False
2025-12-04 10:13:26,151-DEBUG-root-38076::webapp_internal::wait_blocker|2444:: Waiting blocker to continue...
2025-12-04 10:13:26,280-DEBUG-root-38076::webapp_internal::wait_blocker|2469:: Blocker status: False
2025-12-04 10:13:26,280-DEBUG-root-38076::webapp_internal::send_action|10480:: Trying to send action
2025-12-04 10:13:27,318-DEBUG-root-38076::webapp_internal::send_action|10522:: send_action method result = True
2025-12-04 10:13:27,318-DEBUG-root-38076::webapp_internal::send_action|10523:: send_action selenium status: False
2025-12-04 10:13:27,519-INFO-root-38076::webapp_internal::WaitShow|4980:: Waiting show text 'Aviso'...
2025-12-04 10:13:30,118-DEBUG-root-38076::webapp_internal::wait_blocker|2444:: Waiting blocker to continue...
2025-12-04 10:13:30,241-DEBUG-root-38076::webapp_internal::wait_blocker|2469:: Blocker status: False
2025-12-04 10:13:30,241-INFO-root-38076::webapp_internal::SetKey|5822:: Key pressed: TAB
2025-12-04 10:13:30,241-DEBUG-root-38076::webapp_internal::SetKey|5857:: Trying press key
2025-12-04 10:13:30,241-DEBUG-root-38076::webapp_internal::wait_element|7623:: Waiting for element
2025-12-04 10:13:30,315-DEBUG-root-38076::webapp_internal::wait_element|7653:: Element found! Waiting for element to be displayed.
2025-12-04 10:13:30,545-DEBUG-root-38076::webapp_internal::wait_blocker|2444:: Waiting blocker to continue...
2025-12-04 10:13:30,714-DEBUG-root-38076::webapp_internal::wait_blocker|2469:: Blocker status: False
2025-12-04 10:13:30,714-INFO-root-38076::webapp_internal::LoadGrid|6298:: Filling grid field: Vlr Dependen
2025-12-04 10:13:30,715-DEBUG-root-38076::webapp_internal::fill_grid|6399:: Grid loading...
2025-12-04 10:13:30,835-DEBUG-root-38076::webapp_internal::fill_grid|6466:: Column found!
2025-12-04 10:13:30,874-DEBUG-root-38076::base::click|192:: Click Type: ClickType.ACTIONCHAINS
2025-12-04 10:13:36,265-DEBUG-root-38076::webapp_internal::fill_grid|6498:: Trying open cell in grid!
2025-12-04 10:13:36,559-DEBUG-root-38076::webapp_internal::wait_blocker|2444:: Waiting blocker to continue...
2025-12-04 10:13:36,710-DEBUG-root-38076::webapp_internal::wait_blocker|2469:: Blocker status: False
2025-12-04 10:13:36,894-DEBUG-root-38076::webapp_internal::wait_element_timeout|7726:: Element found! Waiting for element to be displayed.
2025-12-04 10:13:37,048-DEBUG-root-38076::base::click|192:: Click Type: ClickType.JS
2025-12-04 10:13:37,228-DEBUG-root-38076::webapp_internal::fill_grid|6577:: Sending keys: 128
2025-12-04 10:13:37,527-DEBUG-root-38076::webapp_internal::wait_blocker|2444:: Waiting blocker to continue...
2025-12-04 10:13:37,655-DEBUG-root-38076::webapp_internal::wait_blocker|2469:: Blocker status: False
2025-12-04 10:13:37,807-DEBUG-root-38076::webapp_internal::wait_element_timeout|7726:: Element found! Waiting for element to be displayed.
2025-12-04 10:13:38,084-DEBUG-root-38076::webapp_internal::fill_grid|6466:: Column found!
2025-12-04 10:13:38,123-DEBUG-root-38076::base::click|192:: Click Type: ClickType.ACTIONCHAINS
2025-12-04 10:13:43,544-DEBUG-root-38076::webapp_internal::fill_grid|6498:: Trying open cell in grid!
2025-12-04 10:13:43,829-DEBUG-root-38076::webapp_internal::wait_blocker|2444:: Waiting blocker to continue...
2025-12-04 10:13:43,966-DEBUG-root-38076::webapp_internal::wait_blocker|2469:: Blocker status: False
2025-12-04 10:13:44,152-DEBUG-root-38076::webapp_internal::wait_element_timeout|7726:: Element found! Waiting for element to be displayed.
2025-12-04 10:13:44,343-DEBUG-root-38076::base::click|192:: Click Type: ClickType.JS
2025-12-04 10:13:44,551-DEBUG-root-38076::webapp_internal::fill_grid|6577:: Sending keys: 128
2025-12-04 10:13:44,857-DEBUG-root-38076::webapp_internal::wait_blocker|2444:: Waiting blocker to continue...
2025-12-04 10:13:44,981-DEBUG-root-38076::webapp_internal::wait_blocker|2469:: Blocker status: False
2025-12-04 10:13:45,139-DEBUG-root-38076::webapp_internal::wait_element_timeout|7726:: Element found! Waiting for element to be displayed.
2025-12-04 10:13:45,412-DEBUG-root-38076::webapp_internal::fill_grid|6466:: Column found!
2025-12-04 10:13:45,450-DEBUG-root-38076::base::click|192:: Click Type: ClickType.ACTIONCHAINS
2025-12-04 10:13:50,895-DEBUG-root-38076::webapp_internal::fill_grid|6498:: Trying open cell in grid!
2025-12-04 10:13:51,189-DEBUG-root-38076::webapp_internal::wait_blocker|2444:: Waiting blocker to continue...
2025-12-04 10:13:51,361-DEBUG-root-38076::webapp_internal::wait_blocker|2469:: Blocker status: False
2025-12-04 10:13:51,544-DEBUG-root-38076::webapp_internal::wait_element_timeout|7726:: Element found! Waiting for element to be displayed.
2025-12-04 10:13:51,701-DEBUG-root-38076::base::click|192:: Click Type: ClickType.JS
2025-12-04 10:13:51,912-DEBUG-root-38076::webapp_internal::fill_grid|6577:: Sending keys: 128
2025-12-04 10:13:52,198-DEBUG-root-38076::webapp_internal::wait_blocker|2444:: Waiting blocker to continue...
2025-12-04 10:13:52,384-DEBUG-root-38076::webapp_internal::wait_blocker|2469:: Blocker status: False
2025-12-04 10:13:52,541-DEBUG-root-38076::webapp_internal::wait_element_timeout|7726:: Element found! Waiting for element to be displayed.
2025-12-04 10:13:52,817-DEBUG-root-38076::webapp_internal::fill_grid|6466:: Column found!
2025-12-04 10:13:52,857-DEBUG-root-38076::base::click|192:: Click Type: ClickType.ACTIONCHAINS
2025-12-04 10:13:58,309-DEBUG-root-38076::webapp_internal::fill_grid|6498:: Trying open cell in grid!
2025-12-04 10:13:58,593-DEBUG-root-38076::webapp_internal::wait_blocker|2444:: Waiting blocker to continue...
2025-12-04 10:13:58,734-DEBUG-root-38076::webapp_internal::wait_blocker|2469:: Blocker status: False
2025-12-04 10:13:58,928-DEBUG-root-38076::webapp_internal::wait_element_timeout|7726:: Element found! Waiting for element to be displayed.
2025-12-04 10:13:59,096-DEBUG-root-38076::base::click|192:: Click Type: ClickType.JS
2025-12-04 10:13:59,299-DEBUG-root-38076::webapp_internal::fill_grid|6577:: Sending keys: 128
2025-12-04 10:13:59,585-DEBUG-root-38076::webapp_internal::wait_blocker|2444:: Waiting blocker to continue...
2025-12-04 10:13:59,722-DEBUG-root-38076::webapp_internal::wait_blocker|2469:: Blocker status: False
2025-12-04 10:13:59,877-DEBUG-root-38076::webapp_internal::wait_element_timeout|7726:: Element found! Waiting for element to be displayed.
2025-12-04 10:14:00,195-DEBUG-root-38076::webapp_internal::fill_grid|6466:: Column found!
2025-12-04 10:14:00,235-DEBUG-root-38076::base::click|192:: Click Type: ClickType.ACTIONCHAINS
2025-12-04 10:14:05,565-DEBUG-root-38076::webapp_internal::fill_grid|6498:: Trying open cell in grid!
2025-12-04 10:14:05,859-DEBUG-root-38076::webapp_internal::wait_blocker|2444:: Waiting blocker to continue...
2025-12-04 10:14:05,998-DEBUG-root-38076::webapp_internal::wait_blocker|2469:: Blocker status: False
2025-12-04 10:14:06,185-DEBUG-root-38076::webapp_internal::wait_element_timeout|7726:: Element found! Waiting for element to be displayed.
2025-12-04 10:14:06,348-DEBUG-root-38076::base::click|192:: Click Type: ClickType.JS
2025-12-04 10:14:06,528-DEBUG-root-38076::webapp_internal::fill_grid|6577:: Sending keys: 128
2025-12-04 10:14:06,827-DEBUG-root-38076::webapp_internal::wait_blocker|2444:: Waiting blocker to continue...
2025-12-04 10:14:06,961-DEBUG-root-38076::webapp_internal::wait_blocker|2469:: Blocker status: False
2025-12-04 10:14:07,114-DEBUG-root-38076::webapp_internal::wait_element_timeout|7726:: Element found! Waiting for element to be displayed.
2025-12-04 10:14:07,393-DEBUG-root-38076::webapp_internal::fill_grid|6466:: Column found!
2025-12-04 10:14:07,427-DEBUG-root-38076::base::click|192:: Click Type: ClickType.ACTIONCHAINS
2025-12-04 10:14:12,891-DEBUG-root-38076::webapp_internal::fill_grid|6498:: Trying open cell in grid!
2025-12-04 10:14:13,175-DEBUG-root-38076::webapp_internal::wait_blocker|2444:: Waiting blocker to continue...
2025-12-04 10:14:13,311-DEBUG-root-38076::webapp_internal::wait_blocker|2469:: Blocker status: False
2025-12-04 10:14:13,495-DEBUG-root-38076::webapp_internal::wait_element_timeout|7726:: Element found! Waiting for element to be displayed.
2025-12-04 10:14:13,760-DEBUG-root-38076::base::click|192:: Click Type: ClickType.JS
2025-12-04 10:14:13,968-DEBUG-root-38076::webapp_internal::fill_grid|6577:: Sending keys: 128
2025-12-04 10:14:14,274-DEBUG-root-38076::webapp_internal::wait_blocker|2444:: Waiting blocker to continue...
2025-12-04 10:14:14,400-DEBUG-root-38076::webapp_internal::wait_blocker|2469:: Blocker status: False
2025-12-04 10:14:14,567-DEBUG-root-38076::webapp_internal::wait_element_timeout|7726:: Element found! Waiting for element to be displayed.
2025-12-04 10:14:14,865-DEBUG-root-38076::webapp_internal::fill_grid|6466:: Column found!
2025-12-04 10:14:14,908-DEBUG-root-38076::base::click|192:: Click Type: ClickType.ACTIONCHAINS
2025-12-04 10:14:20,273-DEBUG-root-38076::webapp_internal::fill_grid|6498:: Trying open cell in grid!
2025-12-04 10:14:20,562-DEBUG-root-38076::webapp_internal::wait_blocker|2444:: Waiting blocker to continue...
2025-12-04 10:14:20,715-DEBUG-root-38076::webapp_internal::wait_blocker|2469:: Blocker status: False
2025-12-04 10:14:20,900-DEBUG-root-38076::webapp_internal::wait_element_timeout|7726:: Element found! Waiting for element to be displayed.
2025-12-04 10:14:21,065-DEBUG-root-38076::base::click|192:: Click Type: ClickType.JS
2025-12-04 10:14:21,270-DEBUG-root-38076::webapp_internal::fill_grid|6577:: Sending keys: 128
2025-12-04 10:14:21,579-DEBUG-root-38076::webapp_internal::wait_blocker|2444:: Waiting blocker to continue...
2025-12-04 10:14:21,708-DEBUG-root-38076::webapp_internal::wait_blocker|2469:: Blocker status: False
2025-12-04 10:14:21,863-DEBUG-root-38076::webapp_internal::wait_element_timeout|7726:: Element found! Waiting for element to be displayed.
2025-12-04 10:14:22,153-DEBUG-root-38076::webapp_internal::fill_grid|6466:: Column found!
2025-12-04 10:14:22,191-DEBUG-root-38076::base::click|192:: Click Type: ClickType.ACTIONCHAINS
2025-12-04 10:14:27,514-DEBUG-root-38076::webapp_internal::fill_grid|6498:: Trying open cell in grid!
2025-12-04 10:14:27,795-DEBUG-root-38076::webapp_internal::wait_blocker|2444:: Waiting blocker to continue...
2025-12-04 10:14:27,969-DEBUG-root-38076::webapp_internal::wait_blocker|2469:: Blocker status: False
2025-12-04 10:14:28,168-DEBUG-root-38076::webapp_internal::wait_element_timeout|7726:: Element found! Waiting for element to be displayed.
2025-12-04 10:14:28,378-DEBUG-root-38076::base::click|192:: Click Type: ClickType.JS
2025-12-04 10:14:28,582-DEBUG-root-38076::webapp_internal::fill_grid|6577:: Sending keys: 128
2025-12-04 10:14:28,869-DEBUG-root-38076::webapp_internal::wait_blocker|2444:: Waiting blocker to continue...
2025-12-04 10:14:29,028-DEBUG-root-38076::webapp_internal::wait_blocker|2469:: Blocker status: False
2025-12-04 10:14:29,181-DEBUG-root-38076::webapp_internal::wait_element_timeout|7726:: Element found! Waiting for element to be displayed.
2025-12-04 10:14:29,450-DEBUG-root-38076::webapp_internal::fill_grid|6466:: Column found!
2025-12-04 10:14:29,501-DEBUG-root-38076::base::click|192:: Click Type: ClickType.ACTIONCHAINS
2025-12-04 10:14:34,928-DEBUG-root-38076::webapp_internal::fill_grid|6498:: Trying open cell in grid!
2025-12-04 10:14:35,218-DEBUG-root-38076::webapp_internal::wait_blocker|2444:: Waiting blocker to continue...
2025-12-04 10:14:35,377-DEBUG-root-38076::webapp_internal::wait_blocker|2469:: Blocker status: False
2025-12-04 10:14:35,558-DEBUG-root-38076::webapp_internal::wait_element_timeout|7726:: Element found! Waiting for element to be displayed.
2025-12-04 10:14:35,724-DEBUG-root-38076::base::click|192:: Click Type: ClickType.JS
2025-12-04 10:14:35,900-DEBUG-root-38076::webapp_internal::fill_grid|6577:: Sending keys: 128
2025-12-04 10:14:36,185-DEBUG-root-38076::webapp_internal::wait_blocker|2444:: Waiting blocker to continue...
2025-12-04 10:14:36,359-DEBUG-root-38076::webapp_internal::wait_blocker|2469:: Blocker status: False
2025-12-04 10:14:36,547-DEBUG-root-38076::webapp_internal::wait_element_timeout|7726:: Element found! Waiting for element to be displayed.
2025-12-04 10:14:36,851-DEBUG-root-38076::webapp_internal::fill_grid|6466:: Column found!
2025-12-04 10:14:36,891-DEBUG-root-38076::base::click|192:: Click Type: ClickType.ACTIONCHAINS
2025-12-04 10:14:42,225-DEBUG-root-38076::webapp_internal::fill_grid|6498:: Trying open cell in grid!
2025-12-04 10:14:42,503-DEBUG-root-38076::webapp_internal::wait_blocker|2444:: Waiting blocker to continue...
2025-12-04 10:14:42,641-DEBUG-root-38076::webapp_internal::wait_blocker|2469:: Blocker status: False
2025-12-04 10:14:42,837-DEBUG-root-38076::webapp_internal::wait_element_timeout|7726:: Element found! Waiting for element to be displayed.
2025-12-04 10:14:42,994-DEBUG-root-38076::base::click|192:: Click Type: ClickType.JS
2025-12-04 10:14:43,162-DEBUG-root-38076::webapp_internal::fill_grid|6577:: Sending keys: 128
2025-12-04 10:14:43,459-DEBUG-root-38076::webapp_internal::wait_blocker|2444:: Waiting blocker to continue...
2025-12-04 10:14:43,581-DEBUG-root-38076::webapp_internal::wait_blocker|2469:: Blocker status: False
2025-12-04 10:14:43,739-DEBUG-root-38076::webapp_internal::wait_element_timeout|7726:: Element found! Waiting for element to be displayed.
2025-12-04 10:14:44,015-DEBUG-root-38076::webapp_internal::fill_grid|6466:: Column found!
2025-12-04 10:14:44,047-DEBUG-root-38076::base::click|192:: Click Type: ClickType.ACTIONCHAINS
2025-12-04 10:14:49,508-DEBUG-root-38076::webapp_internal::fill_grid|6498:: Trying open cell in grid!
2025-12-04 10:14:49,790-DEBUG-root-38076::webapp_internal::wait_blocker|2444:: Waiting blocker to continue...
2025-12-04 10:14:49,958-DEBUG-root-38076::webapp_internal::wait_blocker|2469:: Blocker status: False
2025-12-04 10:14:50,148-DEBUG-root-38076::webapp_internal::wait_element_timeout|7726:: Element found! Waiting for element to be displayed.
2025-12-04 10:14:50,342-DEBUG-root-38076::base::click|192:: Click Type: ClickType.JS
2025-12-04 10:14:50,514-DEBUG-root-38076::webapp_internal::fill_grid|6577:: Sending keys: 128
2025-12-04 10:14:50,799-DEBUG-root-38076::webapp_internal::wait_blocker|2444:: Waiting blocker to continue...
2025-12-04 10:14:50,929-DEBUG-root-38076::webapp_internal::wait_blocker|2469:: Blocker status: False
2025-12-04 10:14:51,092-DEBUG-root-38076::webapp_internal::wait_element_timeout|7726:: Element found! Waiting for element to be displayed.
2025-12-04 10:14:51,403-DEBUG-root-38076::webapp_internal::fill_grid|6466:: Column found!
2025-12-04 10:14:51,441-DEBUG-root-38076::base::click|192:: Click Type: ClickType.ACTIONCHAINS
2025-12-04 10:14:56,861-DEBUG-root-38076::webapp_internal::fill_grid|6498:: Trying open cell in grid!
2025-12-04 10:14:57,148-DEBUG-root-38076::webapp_internal::wait_blocker|2444:: Waiting blocker to continue...
2025-12-04 10:14:57,347-DEBUG-root-38076::webapp_internal::wait_blocker|2469:: Blocker status: False
2025-12-04 10:14:57,563-DEBUG-root-38076::webapp_internal::wait_element_timeout|7726:: Element found! Waiting for element to be displayed.
2025-12-04 10:14:57,846-DEBUG-root-38076::base::click|192:: Click Type: ClickType.JS
2025-12-04 10:14:58,136-DEBUG-root-38076::webapp_internal::fill_grid|6577:: Sending keys: 128
2025-12-04 10:14:58,467-DEBUG-root-38076::webapp_internal::wait_blocker|2444:: Waiting blocker to continue...
2025-12-04 10:14:58,719-DEBUG-root-38076::webapp_internal::wait_blocker|2469:: Blocker status: False
2025-12-04 10:14:58,950-DEBUG-root-38076::webapp_internal::wait_element_timeout|7726:: Element found! Waiting for element to be displayed.
2025-12-04 10:14:59,386-DEBUG-root-38076::webapp_internal::fill_grid|6466:: Column found!
2025-12-04 10:14:59,448-DEBUG-root-38076::base::click|192:: Click Type: ClickType.ACTIONCHAINS
2025-12-04 10:15:04,819-DEBUG-root-38076::webapp_internal::fill_grid|6498:: Trying open cell in grid!
2025-12-04 10:15:05,102-DEBUG-root-38076::webapp_internal::wait_blocker|2444:: Waiting blocker to continue...
2025-12-04 10:15:05,249-DEBUG-root-38076::webapp_internal::wait_blocker|2469:: Blocker status: False
2025-12-04 10:15:05,447-DEBUG-root-38076::webapp_internal::wait_element_timeout|7726:: Element found! Waiting for element to be displayed.
2025-12-04 10:15:05,636-DEBUG-root-38076::base::click|192:: Click Type: ClickType.JS
2025-12-04 10:15:05,847-DEBUG-root-38076::webapp_internal::fill_grid|6577:: Sending keys: 128
2025-12-04 10:15:06,149-DEBUG-root-38076::webapp_internal::wait_blocker|2444:: Waiting blocker to continue...
2025-12-04 10:15:06,319-DEBUG-root-38076::webapp_internal::wait_blocker|2469:: Blocker status: False
2025-12-04 10:15:06,481-DEBUG-root-38076::webapp_internal::wait_element_timeout|7726:: Element found! Waiting for element to be displayed.
2025-12-04 10:15:06,817-DEBUG-root-38076::webapp_internal::fill_grid|6466:: Column found!
2025-12-04 10:15:06,867-DEBUG-root-38076::base::click|192:: Click Type: ClickType.ACTIONCHAINS
2025-12-04 10:15:12,297-DEBUG-root-38076::webapp_internal::fill_grid|6498:: Trying open cell in grid!
2025-12-04 10:15:12,561-DEBUG-root-38076::webapp_internal::wait_blocker|2444:: Waiting blocker to continue...
2025-12-04 10:15:12,723-DEBUG-root-38076::webapp_internal::wait_blocker|2469:: Blocker status: False
2025-12-04 10:15:12,907-DEBUG-root-38076::webapp_internal::wait_element_timeout|7726:: Element found! Waiting for element to be displayed.
2025-12-04 10:15:13,085-DEBUG-root-38076::base::click|192:: Click Type: ClickType.JS
2025-12-04 10:15:13,273-DEBUG-root-38076::webapp_internal::fill_grid|6577:: Sending keys: 128
2025-12-04 10:15:13,574-DEBUG-root-38076::webapp_internal::wait_blocker|2444:: Waiting blocker to continue...
2025-12-04 10:15:13,695-DEBUG-root-38076::webapp_internal::wait_blocker|2469:: Blocker status: False
2025-12-04 10:15:13,851-DEBUG-root-38076::webapp_internal::wait_element_timeout|7726:: Element found! Waiting for element to be displayed.
2025-12-04 10:15:14,123-DEBUG-root-38076::webapp_internal::fill_grid|6466:: Column found!
2025-12-04 10:15:14,158-DEBUG-root-38076::base::click|192:: Click Type: ClickType.ACTIONCHAINS
2025-12-04 10:15:19,467-DEBUG-root-38076::webapp_internal::fill_grid|6498:: Trying open cell in grid!
2025-12-04 10:15:19,749-DEBUG-root-38076::webapp_internal::wait_blocker|2444:: Waiting blocker to continue...
2025-12-04 10:15:19,924-DEBUG-root-38076::webapp_internal::wait_blocker|2469:: Blocker status: False
2025-12-04 10:15:20,261-ERROR-root-38076::webapp_internal::fill_grid|6675:: fill grid error: Message: WebDriver session does not exist, or is not active
Stacktrace:
RemoteError@chrome://remote/content/shared/RemoteError.sys.mjs:8:8
WebDriverError@chrome://remote/content/shared/webdriver/Errors.sys.mjs:202:5
InvalidSessionIDError@chrome://remote/content/shared/webdriver/Errors.sys.mjs:472:5
assert.that/<@chrome://remote/content/shared/webdriver/Assert.sys.mjs:581:13
assert.session@chrome://remote/content/shared/webdriver/Assert.sys.mjs:38:4
dispatch@chrome://remote/content/marionette/server.sys.mjs:315:19
execute@chrome://remote/content/marionette/server.sys.mjs:289:16
onPacket/<@chrome://remote/content/marionette/server.sys.mjs:262:20
onPacket@chrome://remote/content/marionette/server.sys.mjs:263:9
_onJSONObjectReady/<@chrome://remote/content/marionette/transport.sys.mjs:494:20
Traceback (most recent call last):
  File "C:\TIR_TESTE\venv\Lib\site-packages\tir\technologies\core\base.py", line 501, in get_current_DOM
    self.driver.switch_to.default_content()
  File "C:\TIR_TESTE\venv\Lib\site-packages\selenium\webdriver\remote\switch_to.py", line 69, in default_content
    self._driver.execute(Command.SWITCH_TO_FRAME, {"id": None})
  File "C:\TIR_TESTE\venv\Lib\site-packages\selenium\webdriver\remote\webdriver.py", line 347, in execute
    self.error_handler.check_response(response)
  File "C:\TIR_TESTE\venv\Lib\site-packages\selenium\webdriver\remote\errorhandler.py", line 229, in check_response
    raise exception_class(message, screen, stacktrace)
selenium.common.exceptions.NoSuchWindowException: Message: BrowsingContext does no longer exist
Stacktrace:
RemoteError@chrome://remote/content/shared/RemoteError.sys.mjs:8:8
WebDriverError@chrome://remote/content/shared/webdriver/Errors.sys.mjs:202:5
NoSuchWindowError@chrome://remote/content/shared/webdriver/Errors.sys.mjs:782:5
getMarionetteCommandsActorProxy/get/<@chrome://remote/content/marionette/actors/MarionetteCommandsParent.sys.mjs:392:21
GeckoDriver.prototype.switchToFrame@chrome://remote/content/marionette/driver.sys.mjs:1671:57
ssi_onQuitApplicationGranted@resource:///modules/sessionstore/SessionStore.sys.mjs:2822:19
ssi_observe@resource:///modules/sessionstore/SessionStore.sys.mjs:1543:14


During handling of the above exception, another exception occurred:

Traceback (most recent call last):
  File "C:\TIR_TESTE\venv\Lib\site-packages\tir\technologies\webapp_internal.py", line 6492, in fill_grid
    while (time.time() < endtime_open_cell and not self.wait_element_timeout(term='wa-dialog',
                                                   ^^^^^^^^^^^^^^^^^^^^^^^^^^^^^^^^^^^^^^^^^^^
  File "C:\TIR_TESTE\venv\Lib\site-packages\tir\technologies\webapp_internal.py", line 7713, in wait_element_timeout
    if self.element_exists(term, scrap_type, position, optional_term, main_container, check_error, twebview):
       ^^^^^^^^^^^^^^^^^^^^^^^^^^^^^^^^^^^^^^^^^^^^^^^^^^^^^^^^^^^^^^^^^^^^^^^^^^^^^^^^^^^^^^^^^^^^^^^^^^^^^
  File "C:\TIR_TESTE\venv\Lib\site-packages\tir\technologies\webapp_internal.py", line 4073, in element_exists
    soup = self.get_current_DOM(twebview=twebview)
           ^^^^^^^^^^^^^^^^^^^^^^^^^^^^^^^^^^^^^^^
  File "C:\TIR_TESTE\venv\Lib\site-packages\tir\technologies\core\base.py", line 538, in get_current_DOM
    self.driver.switch_to.default_content()
  File "C:\TIR_TESTE\venv\Lib\site-packages\selenium\webdriver\remote\switch_to.py", line 69, in default_content
    self._driver.execute(Command.SWITCH_TO_FRAME, {"id": None})
  File "C:\TIR_TESTE\venv\Lib\site-packages\selenium\webdriver\remote\webdriver.py", line 347, in execute
    self.error_handler.check_response(response)
  File "C:\TIR_TESTE\venv\Lib\site-packages\selenium\webdriver\remote\errorhandler.py", line 229, in check_response
    raise exception_class(message, screen, stacktrace)
selenium.common.exceptions.InvalidSessionIdException: Message: WebDriver session does not exist, or is not active
Stacktrace:
RemoteError@chrome://remote/content/shared/RemoteError.sys.mjs:8:8
WebDriverError@chrome://remote/content/shared/webdriver/Errors.sys.mjs:202:5
InvalidSessionIDError@chrome://remote/content/shared/webdriver/Errors.sys.mjs:472:5
assert.that/<@chrome://remote/content/shared/webdriver/Assert.sys.mjs:581:13
assert.session@chrome://remote/content/shared/webdriver/Assert.sys.mjs:38:4
dispatch@chrome://remote/content/marionette/server.sys.mjs:315:19
execute@chrome://remote/content/marionette/server.sys.mjs:289:16
onPacket/<@chrome://remote/content/marionette/server.sys.mjs:262:20
onPacket@chrome://remote/content/marionette/server.sys.mjs:263:9
_onJSONObjectReady/<@chrome://remote/content/marionette/transport.sys.mjs:494:20

2025-12-04 10:15:20,321-WARNING-root-38076::webapp_internal::log_error|8143:: Warning log_error fill grid error: Message: WebDriver session does not exist, or is not active
Stacktrace:
RemoteError@chrome://remote/content/shared/RemoteError.sys.mjs:8:8
WebDriverError@chrome://remote/content/shared/webdriver/Errors.sys.mjs:202:5
InvalidSessionIDError@chrome://remote/content/shared/webdriver/Errors.sys.mjs:472:5
assert.that/<@chrome://remote/content/shared/webdriver/Assert.sys.mjs:581:13
assert.session@chrome://remote/content/shared/webdriver/Assert.sys.mjs:38:4
dispatch@chrome://remote/content/marionette/server.sys.mjs:315:19
execute@chrome://remote/content/marionette/server.sys.mjs:289:16
onPacket/<@chrome://remote/content/marionette/server.sys.mjs:262:20
onPacket@chrome://remote/content/marionette/server.sys.mjs:263:9
_onJSONObjectReady/<@chrome://remote/content/marionette/transport.sys.mjs:494:20

2025-12-04 10:15:20,321-DEBUG-root-38076::webapp_internal::log_error|8146:: ***System Info*** in log_error():
2025-12-04 10:15:20,323-DEBUG-root-38076::psutil_info::system_info|5:: CPU USAGE: 11.9%
2025-12-04 10:15:20,323-DEBUG-root-38076::psutil_info::system_info|6:: MEMORY USAGE: 91.6%
2025-12-04 10:15:20,324-DEBUG-root-38076::psutil_info::system_info|7:: MEMORY AVAILABLE: 8.44%
2025-12-04 10:15:20,740-ERROR-root-38076::webapp_internal::log_error|8181:: Warning Log Error Close Message: Failed to decode response from marionette
Traceback (most recent call last):
  File "C:\TIR_TESTE\venv\Lib\site-packages\tir\technologies\core\base.py", line 501, in get_current_DOM
    self.driver.switch_to.default_content()
  File "C:\TIR_TESTE\venv\Lib\site-packages\selenium\webdriver\remote\switch_to.py", line 69, in default_content
    self._driver.execute(Command.SWITCH_TO_FRAME, {"id": None})
  File "C:\TIR_TESTE\venv\Lib\site-packages\selenium\webdriver\remote\webdriver.py", line 347, in execute
    self.error_handler.check_response(response)
  File "C:\TIR_TESTE\venv\Lib\site-packages\selenium\webdriver\remote\errorhandler.py", line 229, in check_response
    raise exception_class(message, screen, stacktrace)
selenium.common.exceptions.NoSuchWindowException: Message: BrowsingContext does no longer exist
Stacktrace:
RemoteError@chrome://remote/content/shared/RemoteError.sys.mjs:8:8
WebDriverError@chrome://remote/content/shared/webdriver/Errors.sys.mjs:202:5
NoSuchWindowError@chrome://remote/content/shared/webdriver/Errors.sys.mjs:782:5
getMarionetteCommandsActorProxy/get/<@chrome://remote/content/marionette/actors/MarionetteCommandsParent.sys.mjs:392:21
GeckoDriver.prototype.switchToFrame@chrome://remote/content/marionette/driver.sys.mjs:1671:57
ssi_onQuitApplicationGranted@resource:///modules/sessionstore/SessionStore.sys.mjs:2822:19
ssi_observe@resource:///modules/sessionstore/SessionStore.sys.mjs:1543:14


During handling of the above exception, another exception occurred:

Traceback (most recent call last):
  File "C:\TIR_TESTE\venv\Lib\site-packages\tir\technologies\webapp_internal.py", line 6492, in fill_grid
    while (time.time() < endtime_open_cell and not self.wait_element_timeout(term='wa-dialog',
                                                   ^^^^^^^^^^^^^^^^^^^^^^^^^^^^^^^^^^^^^^^^^^^
  File "C:\TIR_TESTE\venv\Lib\site-packages\tir\technologies\webapp_internal.py", line 7713, in wait_element_timeout
    if self.element_exists(term, scrap_type, position, optional_term, main_container, check_error, twebview):
       ^^^^^^^^^^^^^^^^^^^^^^^^^^^^^^^^^^^^^^^^^^^^^^^^^^^^^^^^^^^^^^^^^^^^^^^^^^^^^^^^^^^^^^^^^^^^^^^^^^^^^
  File "C:\TIR_TESTE\venv\Lib\site-packages\tir\technologies\webapp_internal.py", line 4073, in element_exists
    soup = self.get_current_DOM(twebview=twebview)
           ^^^^^^^^^^^^^^^^^^^^^^^^^^^^^^^^^^^^^^^
  File "C:\TIR_TESTE\venv\Lib\site-packages\tir\technologies\core\base.py", line 538, in get_current_DOM
    self.driver.switch_to.default_content()
  File "C:\TIR_TESTE\venv\Lib\site-packages\selenium\webdriver\remote\switch_to.py", line 69, in default_content
    self._driver.execute(Command.SWITCH_TO_FRAME, {"id": None})
  File "C:\TIR_TESTE\venv\Lib\site-packages\selenium\webdriver\remote\webdriver.py", line 347, in execute
    self.error_handler.check_response(response)
  File "C:\TIR_TESTE\venv\Lib\site-packages\selenium\webdriver\remote\errorhandler.py", line 229, in check_response
    raise exception_class(message, screen, stacktrace)
selenium.common.exceptions.InvalidSessionIdException: Message: WebDriver session does not exist, or is not active
Stacktrace:
RemoteError@chrome://remote/content/shared/RemoteError.sys.mjs:8:8
WebDriverError@chrome://remote/content/shared/webdriver/Errors.sys.mjs:202:5
InvalidSessionIDError@chrome://remote/content/shared/webdriver/Errors.sys.mjs:472:5
assert.that/<@chrome://remote/content/shared/webdriver/Assert.sys.mjs:581:13
assert.session@chrome://remote/content/shared/webdriver/Assert.sys.mjs:38:4
dispatch@chrome://remote/content/marionette/server.sys.mjs:315:19
execute@chrome://remote/content/marionette/server.sys.mjs:289:16
onPacket/<@chrome://remote/content/marionette/server.sys.mjs:262:20
onPacket@chrome://remote/content/marionette/server.sys.mjs:263:9
_onJSONObjectReady/<@chrome://remote/content/marionette/transport.sys.mjs:494:20


During handling of the above exception, another exception occurred:

Traceback (most recent call last):
  File "C:\TIR_TESTE\venv\Lib\site-packages\tir\technologies\webapp_internal.py", line 8179, in log_error
    self.driver.close()
  File "C:\TIR_TESTE\venv\Lib\site-packages\selenium\webdriver\remote\webdriver.py", line 458, in close
    self.execute(Command.CLOSE)
  File "C:\TIR_TESTE\venv\Lib\site-packages\selenium\webdriver\remote\webdriver.py", line 347, in execute
    self.error_handler.check_response(response)
  File "C:\TIR_TESTE\venv\Lib\site-packages\selenium\webdriver\remote\errorhandler.py", line 229, in check_response
    raise exception_class(message, screen, stacktrace)
selenium.common.exceptions.WebDriverException: Message: Failed to decode response from marionette

2025-12-04 10:15:20,742-ERROR-root-38076::webapp_internal::SetKey|5901:: False is not true : Convenio - fill grid error: Message: WebDriver session does not exist, or is not active
Stacktrace:
RemoteError@chrome://remote/content/shared/RemoteError.sys.mjs:8:8
WebDriverError@chrome://remote/content/shared/webdriver/Errors.sys.mjs:202:5
InvalidSessionIDError@chrome://remote/content/shared/webdriver/Errors.sys.mjs:472:5
assert.that/<@chrome://remote/content/shared/webdriver/Assert.sys.mjs:581:13
assert.session@chrome://remote/content/shared/webdriver/Assert.sys.mjs:38:4
dispatch@chrome://remote/content/marionette/server.sys.mjs:315:19
execute@chrome://remote/content/marionette/server.sys.mjs:289:16
onPacket/<@chrome://remote/content/marionette/server.sys.mjs:262:20
onPacket@chrome://remote/content/marionette/server.sys.mjs:263:9
_onJSONObjectReady/<@chrome://remote/content/marionette/transport.sys.mjs:494:20
Traceback (most recent call last):
  File "C:\TIR_TESTE\venv\Lib\site-packages\tir\technologies\core\base.py", line 501, in get_current_DOM
    self.driver.switch_to.default_content()
  File "C:\TIR_TESTE\venv\Lib\site-packages\selenium\webdriver\remote\switch_to.py", line 69, in default_content
    self._driver.execute(Command.SWITCH_TO_FRAME, {"id": None})
  File "C:\TIR_TESTE\venv\Lib\site-packages\selenium\webdriver\remote\webdriver.py", line 347, in execute
    self.error_handler.check_response(response)
  File "C:\TIR_TESTE\venv\Lib\site-packages\selenium\webdriver\remote\errorhandler.py", line 229, in check_response
    raise exception_class(message, screen, stacktrace)
selenium.common.exceptions.NoSuchWindowException: Message: BrowsingContext does no longer exist
Stacktrace:
RemoteError@chrome://remote/content/shared/RemoteError.sys.mjs:8:8
WebDriverError@chrome://remote/content/shared/webdriver/Errors.sys.mjs:202:5
NoSuchWindowError@chrome://remote/content/shared/webdriver/Errors.sys.mjs:782:5
getMarionetteCommandsActorProxy/get/<@chrome://remote/content/marionette/actors/MarionetteCommandsParent.sys.mjs:392:21
GeckoDriver.prototype.switchToFrame@chrome://remote/content/marionette/driver.sys.mjs:1671:57
ssi_onQuitApplicationGranted@resource:///modules/sessionstore/SessionStore.sys.mjs:2822:19
ssi_observe@resource:///modules/sessionstore/SessionStore.sys.mjs:1543:14


During handling of the above exception, another exception occurred:

Traceback (most recent call last):
  File "C:\TIR_TESTE\venv\Lib\site-packages\tir\technologies\webapp_internal.py", line 6492, in fill_grid
    while (time.time() < endtime_open_cell and not self.wait_element_timeout(term='wa-dialog',
                                                   ^^^^^^^^^^^^^^^^^^^^^^^^^^^^^^^^^^^^^^^^^^^
  File "C:\TIR_TESTE\venv\Lib\site-packages\tir\technologies\webapp_internal.py", line 7713, in wait_element_timeout
    if self.element_exists(term, scrap_type, position, optional_term, main_container, check_error, twebview):
       ^^^^^^^^^^^^^^^^^^^^^^^^^^^^^^^^^^^^^^^^^^^^^^^^^^^^^^^^^^^^^^^^^^^^^^^^^^^^^^^^^^^^^^^^^^^^^^^^^^^^^
  File "C:\TIR_TESTE\venv\Lib\site-packages\tir\technologies\webapp_internal.py", line 4073, in element_exists
    soup = self.get_current_DOM(twebview=twebview)
           ^^^^^^^^^^^^^^^^^^^^^^^^^^^^^^^^^^^^^^^
  File "C:\TIR_TESTE\venv\Lib\site-packages\tir\technologies\core\base.py", line 538, in get_current_DOM
    self.driver.switch_to.default_content()
  File "C:\TIR_TESTE\venv\Lib\site-packages\selenium\webdriver\remote\switch_to.py", line 69, in default_content
    self._driver.execute(Command.SWITCH_TO_FRAME, {"id": None})
  File "C:\TIR_TESTE\venv\Lib\site-packages\selenium\webdriver\remote\webdriver.py", line 347, in execute
    self.error_handler.check_response(response)
  File "C:\TIR_TESTE\venv\Lib\site-packages\selenium\webdriver\remote\errorhandler.py", line 229, in check_response
    raise exception_class(message, screen, stacktrace)
selenium.common.exceptions.InvalidSessionIdException: Message: WebDriver session does not exist, or is not active
Stacktrace:
RemoteError@chrome://remote/content/shared/RemoteError.sys.mjs:8:8
WebDriverError@chrome://remote/content/shared/webdriver/Errors.sys.mjs:202:5
InvalidSessionIDError@chrome://remote/content/shared/webdriver/Errors.sys.mjs:472:5
assert.that/<@chrome://remote/content/shared/webdriver/Assert.sys.mjs:581:13
assert.session@chrome://remote/content/shared/webdriver/Assert.sys.mjs:38:4
dispatch@chrome://remote/content/marionette/server.sys.mjs:315:19
execute@chrome://remote/content/marionette/server.sys.mjs:289:16
onPacket/<@chrome://remote/content/marionette/server.sys.mjs:262:20
onPacket@chrome://remote/content/marionette/server.sys.mjs:263:9
_onJSONObjectReady/<@chrome://remote/content/marionette/transport.sys.mjs:494:20


During handling of the above exception, another exception occurred:

Traceback (most recent call last):
  File "C:\TIR_TESTE\venv\Lib\site-packages\tir\technologies\webapp_internal.py", line 5861, in SetKey
    self.LoadGrid()
  File "C:\TIR_TESTE\venv\Lib\site-packages\tir\technologies\webapp_internal.py", line 6301, in LoadGrid
    self.fill_grid(field, x3_dictionaries, initial_layer, duplicate_fields)
  File "C:\TIR_TESTE\venv\Lib\site-packages\tir\technologies\webapp_internal.py", line 6676, in fill_grid
    self.log_error(f'fill grid error: {str(e)}')
  File "C:\TIR_TESTE\venv\Lib\site-packages\tir\technologies\webapp_internal.py", line 8206, in log_error
    self.assertTrue(False, log_message)
  File "C:\Users\97137227104\AppData\Local\Programs\Python\Python312\Lib\unittest\case.py", line 727, in assertTrue
    raise self.failureException(msg)
AssertionError: False is not true : Convenio - fill grid error: Message: WebDriver session does not exist, or is not active
Stacktrace:
RemoteError@chrome://remote/content/shared/RemoteError.sys.mjs:8:8
WebDriverError@chrome://remote/content/shared/webdriver/Errors.sys.mjs:202:5
InvalidSessionIDError@chrome://remote/content/shared/webdriver/Errors.sys.mjs:472:5
assert.that/<@chrome://remote/content/shared/webdriver/Assert.sys.mjs:581:13
assert.session@chrome://remote/content/shared/webdriver/Assert.sys.mjs:38:4
dispatch@chrome://remote/content/marionette/server.sys.mjs:315:19
execute@chrome://remote/content/marionette/server.sys.mjs:289:16
onPacket/<@chrome://remote/content/marionette/server.sys.mjs:262:20
onPacket@chrome://remote/content/marionette/server.sys.mjs:263:9
_onJSONObjectReady/<@chrome://remote/content/marionette/transport.sys.mjs:494:20

2025-12-04 10:15:20,945-INFO-root-38076::webapp_internal::WaitShow|4980:: Waiting show text 'Aviso'...
2025-12-04 10:15:20,947-ERROR-root-38076::webapp_internal::web_scrap|3782:: Message: Tried to run command without establishing a connection
Traceback (most recent call last):
  File "C:\TIR_TESTE\venv\Lib\site-packages\tir\technologies\core\base.py", line 501, in get_current_DOM
    self.driver.switch_to.default_content()
  File "C:\TIR_TESTE\venv\Lib\site-packages\selenium\webdriver\remote\switch_to.py", line 69, in default_content
    self._driver.execute(Command.SWITCH_TO_FRAME, {"id": None})
  File "C:\TIR_TESTE\venv\Lib\site-packages\selenium\webdriver\remote\webdriver.py", line 347, in execute
    self.error_handler.check_response(response)
  File "C:\TIR_TESTE\venv\Lib\site-packages\selenium\webdriver\remote\errorhandler.py", line 229, in check_response
    raise exception_class(message, screen, stacktrace)
selenium.common.exceptions.InvalidSessionIdException: Message: Tried to run command without establishing a connection


During handling of the above exception, another exception occurred:

Traceback (most recent call last):
  File "C:\TIR_TESTE\venv\Lib\site-packages\tir\technologies\webapp_internal.py", line 3719, in web_scrap
    soup = self.get_current_DOM(twebview=twebview)
           ^^^^^^^^^^^^^^^^^^^^^^^^^^^^^^^^^^^^^^^
  File "C:\TIR_TESTE\venv\Lib\site-packages\tir\technologies\core\base.py", line 538, in get_current_DOM
    self.driver.switch_to.default_content()
  File "C:\TIR_TESTE\venv\Lib\site-packages\selenium\webdriver\remote\switch_to.py", line 69, in default_content
    self._driver.execute(Command.SWITCH_TO_FRAME, {"id": None})
  File "C:\TIR_TESTE\venv\Lib\site-packages\selenium\webdriver\remote\webdriver.py", line 347, in execute
    self.error_handler.check_response(response)
  File "C:\TIR_TESTE\venv\Lib\site-packages\selenium\webdriver\remote\errorhandler.py", line 229, in check_response
    raise exception_class(message, screen, stacktrace)
selenium.common.exceptions.InvalidSessionIdException: Message: Tried to run command without establishing a connection

2025-12-04 10:15:21,450-ERROR-root-38076::webapp_internal::web_scrap|3782:: Message: Tried to run command without establishing a connection
Traceback (most recent call last):
  File "C:\TIR_TESTE\venv\Lib\site-packages\tir\technologies\core\base.py", line 501, in get_current_DOM
    self.driver.switch_to.default_content()
  File "C:\TIR_TESTE\venv\Lib\site-packages\selenium\webdriver\remote\switch_to.py", line 69, in default_content
    self._driver.execute(Command.SWITCH_TO_FRAME, {"id": None})
  File "C:\TIR_TESTE\venv\Lib\site-packages\selenium\webdriver\remote\webdriver.py", line 347, in execute
    self.error_handler.check_response(response)
  File "C:\TIR_TESTE\venv\Lib\site-packages\selenium\webdriver\remote\errorhandler.py", line 229, in check_response
    raise exception_class(message, screen, stacktrace)
selenium.common.exceptions.InvalidSessionIdException: Message: Tried to run command without establishing a connection


During handling of the above exception, another exception occurred:

Traceback (most recent call last):
  File "C:\TIR_TESTE\venv\Lib\site-packages\tir\technologies\webapp_internal.py", line 3719, in web_scrap
    soup = self.get_current_DOM(twebview=twebview)
           ^^^^^^^^^^^^^^^^^^^^^^^^^^^^^^^^^^^^^^^
  File "C:\TIR_TESTE\venv\Lib\site-packages\tir\technologies\core\base.py", line 538, in get_current_DOM
    self.driver.switch_to.default_content()
  File "C:\TIR_TESTE\venv\Lib\site-packages\selenium\webdriver\remote\switch_to.py", line 69, in default_content
    self._driver.execute(Command.SWITCH_TO_FRAME, {"id": None})
  File "C:\TIR_TESTE\venv\Lib\site-packages\selenium\webdriver\remote\webdriver.py", line 347, in execute
    self.error_handler.check_response(response)
  File "C:\TIR_TESTE\venv\Lib\site-packages\selenium\webdriver\remote\errorhandler.py", line 229, in check_response
    raise exception_class(message, screen, stacktrace)
selenium.common.exceptions.InvalidSessionIdException: Message: Tried to run command without establishing a connection

2025-12-04 10:15:21,955-ERROR-root-38076::webapp_internal::web_scrap|3782:: Message: Tried to run command without establishing a connection
Traceback (most recent call last):
  File "C:\TIR_TESTE\venv\Lib\site-packages\tir\technologies\core\base.py", line 501, in get_current_DOM
    self.driver.switch_to.default_content()
  File "C:\TIR_TESTE\venv\Lib\site-packages\selenium\webdriver\remote\switch_to.py", line 69, in default_content
    self._driver.execute(Command.SWITCH_TO_FRAME, {"id": None})
  File "C:\TIR_TESTE\venv\Lib\site-packages\selenium\webdriver\remote\webdriver.py", line 347, in execute
    self.error_handler.check_response(response)
  File "C:\TIR_TESTE\venv\Lib\site-packages\selenium\webdriver\remote\errorhandler.py", line 229, in check_response
    raise exception_class(message, screen, stacktrace)
selenium.common.exceptions.InvalidSessionIdException: Message: Tried to run command without establishing a connection


During handling of the above exception, another exception occurred:

Traceback (most recent call last):
  File "C:\TIR_TESTE\venv\Lib\site-packages\tir\technologies\webapp_internal.py", line 3719, in web_scrap
    soup = self.get_current_DOM(twebview=twebview)
           ^^^^^^^^^^^^^^^^^^^^^^^^^^^^^^^^^^^^^^^
  File "C:\TIR_TESTE\venv\Lib\site-packages\tir\technologies\core\base.py", line 538, in get_current_DOM
    self.driver.switch_to.default_content()
  File "C:\TIR_TESTE\venv\Lib\site-packages\selenium\webdriver\remote\switch_to.py", line 69, in default_content
    self._driver.execute(Command.SWITCH_TO_FRAME, {"id": None})
  File "C:\TIR_TESTE\venv\Lib\site-packages\selenium\webdriver\remote\webdriver.py", line 347, in execute
    self.error_handler.check_response(response)
  File "C:\TIR_TESTE\venv\Lib\site-packages\selenium\webdriver\remote\errorhandler.py", line 229, in check_response
    raise exception_class(message, screen, stacktrace)
selenium.common.exceptions.InvalidSessionIdException: Message: Tried to run command without establishing a connection

2025-12-04 10:15:22,458-ERROR-root-38076::webapp_internal::web_scrap|3782:: Message: Tried to run command without establishing a connection
Traceback (most recent call last):
  File "C:\TIR_TESTE\venv\Lib\site-packages\tir\technologies\core\base.py", line 501, in get_current_DOM
    self.driver.switch_to.default_content()
  File "C:\TIR_TESTE\venv\Lib\site-packages\selenium\webdriver\remote\switch_to.py", line 69, in default_content
    self._driver.execute(Command.SWITCH_TO_FRAME, {"id": None})
  File "C:\TIR_TESTE\venv\Lib\site-packages\selenium\webdriver\remote\webdriver.py", line 347, in execute
    self.error_handler.check_response(response)
  File "C:\TIR_TESTE\venv\Lib\site-packages\selenium\webdriver\remote\errorhandler.py", line 229, in check_response
    raise exception_class(message, screen, stacktrace)
selenium.common.exceptions.InvalidSessionIdException: Message: Tried to run command without establishing a connection


During handling of the above exception, another exception occurred:

Traceback (most recent call last):
  File "C:\TIR_TESTE\venv\Lib\site-packages\tir\technologies\webapp_internal.py", line 3719, in web_scrap
    soup = self.get_current_DOM(twebview=twebview)
           ^^^^^^^^^^^^^^^^^^^^^^^^^^^^^^^^^^^^^^^
  File "C:\TIR_TESTE\venv\Lib\site-packages\tir\technologies\core\base.py", line 538, in get_current_DOM
    self.driver.switch_to.default_content()
  File "C:\TIR_TESTE\venv\Lib\site-packages\selenium\webdriver\remote\switch_to.py", line 69, in default_content
    self._driver.execute(Command.SWITCH_TO_FRAME, {"id": None})
  File "C:\TIR_TESTE\venv\Lib\site-packages\selenium\webdriver\remote\webdriver.py", line 347, in execute
    self.error_handler.check_response(response)
  File "C:\TIR_TESTE\venv\Lib\site-packages\selenium\webdriver\remote\errorhandler.py", line 229, in check_response
    raise exception_class(message, screen, stacktrace)
selenium.common.exceptions.InvalidSessionIdException: Message: Tried to run command without establishing a connection

2025-12-04 10:15:22,960-DEBUG-root-38076::webapp_internal::wait_blocker|2444:: Waiting blocker to continue...
2025-12-04 10:15:22,961-DEBUG-root-38076::webapp_internal::wait_blocker|2469:: Blocker status: None
2025-12-04 10:15:22,961-INFO-root-38076::webapp_internal::SetKey|5822:: Key pressed: TAB
2025-12-04 10:15:22,961-DEBUG-root-38076::webapp_internal::SetKey|5857:: Trying press key
2025-12-04 10:15:22,963-DEBUG-root-38076::webapp_internal::wait_element|7623:: Waiting for element
2025-12-04 10:15:22,964-WARNING-root-38076::webapp_internal::log_error|8143:: Warning log_error SetKey - Screen is not load: Message: Tried to run command without establishing a connection

2025-12-04 10:15:22,964-DEBUG-root-38076::webapp_internal::log_error|8146:: ***System Info*** in log_error():
2025-12-04 10:15:22,964-DEBUG-root-38076::psutil_info::system_info|5:: CPU USAGE: 9.1%
2025-12-04 10:15:22,965-DEBUG-root-38076::psutil_info::system_info|6:: MEMORY USAGE: 85.4%
2025-12-04 10:15:22,965-DEBUG-root-38076::psutil_info::system_info|7:: MEMORY AVAILABLE: 14.58%
2025-12-04 10:15:22,983-ERROR-root-38076::webapp_internal::log_error|8181:: Warning Log Error Close Message: Tried to run command without establishing a connection
Traceback (most recent call last):
  File "C:\TIR_TESTE\venv\Lib\site-packages\tir\technologies\core\base.py", line 501, in get_current_DOM
    self.driver.switch_to.default_content()
  File "C:\TIR_TESTE\venv\Lib\site-packages\selenium\webdriver\remote\switch_to.py", line 69, in default_content
    self._driver.execute(Command.SWITCH_TO_FRAME, {"id": None})
  File "C:\TIR_TESTE\venv\Lib\site-packages\selenium\webdriver\remote\webdriver.py", line 347, in execute
    self.error_handler.check_response(response)
  File "C:\TIR_TESTE\venv\Lib\site-packages\selenium\webdriver\remote\errorhandler.py", line 229, in check_response
    raise exception_class(message, screen, stacktrace)
selenium.common.exceptions.InvalidSessionIdException: Message: Tried to run command without establishing a connection


During handling of the above exception, another exception occurred:

Traceback (most recent call last):
  File "C:\TIR_TESTE\venv\Lib\site-packages\tir\technologies\webapp_internal.py", line 5861, in SetKey
    self.LoadGrid()
  File "C:\TIR_TESTE\venv\Lib\site-packages\tir\technologies\webapp_internal.py", line 6284, in LoadGrid
    self.wait_element(term=selector, scrap_type=enum.ScrapType.CSS_SELECTOR)
  File "C:\TIR_TESTE\venv\Lib\site-packages\tir\technologies\webapp_internal.py", line 7626, in wait_element
    while (not self.element_exists(term, scrap_type, position, optional_term, main_container, check_error, twebview, second_term) and time.time() < endtime):
               ^^^^^^^^^^^^^^^^^^^^^^^^^^^^^^^^^^^^^^^^^^^^^^^^^^^^^^^^^^^^^^^^^^^^^^^^^^^^^^^^^^^^^^^^^^^^^^^^^^^^^^^^^^^^^^^^^^
  File "C:\TIR_TESTE\venv\Lib\site-packages\tir\technologies\webapp_internal.py", line 4073, in element_exists
    soup = self.get_current_DOM(twebview=twebview)
           ^^^^^^^^^^^^^^^^^^^^^^^^^^^^^^^^^^^^^^^
  File "C:\TIR_TESTE\venv\Lib\site-packages\tir\technologies\core\base.py", line 538, in get_current_DOM
    self.driver.switch_to.default_content()
  File "C:\TIR_TESTE\venv\Lib\site-packages\selenium\webdriver\remote\switch_to.py", line 69, in default_content
    self._driver.execute(Command.SWITCH_TO_FRAME, {"id": None})
  File "C:\TIR_TESTE\venv\Lib\site-packages\selenium\webdriver\remote\webdriver.py", line 347, in execute
    self.error_handler.check_response(response)
  File "C:\TIR_TESTE\venv\Lib\site-packages\selenium\webdriver\remote\errorhandler.py", line 229, in check_response
    raise exception_class(message, screen, stacktrace)
selenium.common.exceptions.InvalidSessionIdException: Message: Tried to run command without establishing a connection


During handling of the above exception, another exception occurred:

Traceback (most recent call last):
  File "C:\TIR_TESTE\venv\Lib\site-packages\tir\technologies\webapp_internal.py", line 8179, in log_error
    self.driver.close()
  File "C:\TIR_TESTE\venv\Lib\site-packages\selenium\webdriver\remote\webdriver.py", line 458, in close
    self.execute(Command.CLOSE)
  File "C:\TIR_TESTE\venv\Lib\site-packages\selenium\webdriver\remote\webdriver.py", line 347, in execute
    self.error_handler.check_response(response)
  File "C:\TIR_TESTE\venv\Lib\site-packages\selenium\webdriver\remote\errorhandler.py", line 229, in check_response
    raise exception_class(message, screen, stacktrace)
selenium.common.exceptions.InvalidSessionIdException: Message: Tried to run command without establishing a connection

2025-12-04 10:15:23,472-ERROR-root-38076::webapp_internal::TearDown|9654:: Warning tearDown Close Message: Tried to run command without establishing a connection
Traceback (most recent call last):
  File "C:\TIR_TESTE\venv\Lib\site-packages\tir\technologies\webapp_internal.py", line 9652, in TearDown
    self.driver.close()
  File "C:\TIR_TESTE\venv\Lib\site-packages\selenium\webdriver\remote\webdriver.py", line 458, in close
    self.execute(Command.CLOSE)
  File "C:\TIR_TESTE\venv\Lib\site-packages\selenium\webdriver\remote\webdriver.py", line 347, in execute
    self.error_handler.check_response(response)
  File "C:\TIR_TESTE\venv\Lib\site-packages\selenium\webdriver\remote\errorhandler.py", line 229, in check_response
    raise exception_class(message, screen, stacktrace)
selenium.common.exceptions.InvalidSessionIdException: Message: Tried to run command without establishing a connection

2025-12-04 10:11:47,151-DEBUG-root-38076::logging_config::logger|189:: Log file created: 'Log\GESIT03\TIR__20251204101147147.log'
2025-12-04 10:11:47,152-INFO-root-38076::base::Start|1183:: TIR Version: 2.4.3
2025-12-04 10:11:47,153-INFO-root-38076::base::Start|1184:: Python Version: 3.12.10
2025-12-04 10:11:47,153-INFO-root-38076::base::Start|1185:: Starting the browser
2025-12-04 10:11:55,591-INFO-root-38076::base::get_url|1294:: Page is ready!
2025-12-04 10:11:55,794-INFO-root-38076::base::Start|1256:: Browser maximized to 1936x1048
2025-12-04 10:11:55,795-INFO-root-38076::base::Start|1258:: Screen size is different from default used in headless mode
2025-12-04 10:11:56,340-INFO-root-38076::webapp_internal::Setup|247:: ***System Info*** in Setup():
2025-12-04 10:11:56,341-DEBUG-root-38076::psutil_info::system_info|5:: CPU USAGE: 22.0%
2025-12-04 10:11:56,341-DEBUG-root-38076::psutil_info::system_info|6:: MEMORY USAGE: 96.8%
2025-12-04 10:11:56,342-DEBUG-root-38076::psutil_info::system_info|7:: MEMORY AVAILABLE: 3.22%
2025-12-04 10:11:56,407-INFO-root-38076::base::webapp_shadowroot|1394:: Webapp: 10.1.6-RC4
2025-12-04 10:11:56,565-INFO-root-38076::webapp_internal::filling_initial_program|449:: Filling Initial Program: "SIGAMDI"
2025-12-04 10:11:56,565-DEBUG-root-38076::webapp_internal::wait_element|7623:: Waiting for element
2025-12-04 10:11:56,649-DEBUG-root-38076::webapp_internal::wait_element|7653:: Element found! Waiting for element to be displayed.
2025-12-04 10:11:56,848-DEBUG-root-38076::base::click|192:: Click Type: ClickType.JS
2025-12-04 10:11:56,891-DEBUG-root-38076::webapp_internal::try_send_keys|7976:: Trying to send keys to element using technique 0
2025-12-04 10:11:57,660-DEBUG-root-38076::webapp_internal::get_web_value|3232:: Current value: SIGAMDI
2025-12-04 10:11:57,660-INFO-root-38076::webapp_internal::filling_server_environment|463:: Filling Server Environment: "POUPEX_TST"
2025-12-04 10:11:57,660-DEBUG-root-38076::webapp_internal::wait_element|7623:: Waiting for element
2025-12-04 10:11:57,784-DEBUG-root-38076::webapp_internal::wait_element|7653:: Element found! Waiting for element to be displayed.
2025-12-04 10:11:58,466-DEBUG-root-38076::base::click|192:: Click Type: ClickType.JS
2025-12-04 10:11:58,628-DEBUG-root-38076::webapp_internal::try_send_keys|7976:: Trying to send keys to element using technique 0
2025-12-04 10:11:59,641-DEBUG-root-38076::webapp_internal::get_web_value|3232:: Current value: POUPEX_TST
2025-12-04 10:11:59,689-DEBUG-root-38076::base::click|192:: Click Type: ClickType.JS
2025-12-04 10:11:59,718-DEBUG-root-38076::webapp_internal::user_screen|519:: Filling user screen
2025-12-04 10:12:05,144-DEBUG-root-38076::webapp_internal::wait_element_timeout|7726:: Element found! Waiting for element to be displayed.
2025-12-04 10:12:05,194-DEBUG-root-38076::base::scroll_to_element|759:: ********Warining scroll_to_element exception: Message: TypeError: can't access property "scrollIntoView", arguments[0] is null
Stacktrace:
@https://qasrverp:10020/webapp/:2:7
@https://qasrverp:10020/webapp/:3:8
*********
2025-12-04 10:12:05,353-INFO-root-38076::webapp_internal::user_screen|561:: Filling User
2025-12-04 10:12:05,380-DEBUG-root-38076::base::double_click|259:: Click Type: ClickType.SELENIUM
2025-12-04 10:12:05,576-DEBUG-root-38076::webapp_internal::get_web_value|3232:: Current value: 97137227104
2025-12-04 10:12:05,599-INFO-root-38076::webapp_internal::user_screen|621:: Filling Password
2025-12-04 10:12:05,617-DEBUG-root-38076::base::click|192:: Click Type: ClickType.JS
2025-12-04 10:12:05,692-DEBUG-root-38076::webapp_internal::get_web_value|3232:: Current value: Val20221080080094+
2025-12-04 10:12:05,692-DEBUG-root-38076::webapp_internal::wait_blocker|2444:: Waiting blocker to continue...
2025-12-04 10:12:05,720-DEBUG-root-38076::webapp_internal::wait_blocker|2469:: Blocker status: None
2025-12-04 10:12:05,743-DEBUG-root-38076::webapp_internal::wait_blocker|2444:: Waiting blocker to continue...
2025-12-04 10:12:05,775-DEBUG-root-38076::webapp_internal::wait_blocker|2469:: Blocker status: None
2025-12-04 10:12:05,812-DEBUG-root-38076::webapp_internal::wait_blocker|2444:: Waiting blocker to continue...
2025-12-04 10:12:05,845-DEBUG-root-38076::webapp_internal::wait_blocker|2469:: Blocker status: None
2025-12-04 10:12:05,845-DEBUG-root-38076::webapp_internal::send_action|10480:: Trying to send action
2025-12-04 10:12:05,854-DEBUG-root-38076::base::click|192:: Click Type: ClickType.JS
2025-12-04 10:12:06,909-DEBUG-root-38076::webapp_internal::send_action|10522:: send_action method result = True
2025-12-04 10:12:06,909-DEBUG-root-38076::webapp_internal::send_action|10523:: send_action selenium status: False
2025-12-04 10:12:09,342-DEBUG-root-38076::base::scroll_to_element|759:: ********Warining scroll_to_element exception: Message: TypeError: can't access property "scrollIntoView", arguments[0] is null
Stacktrace:
@https://qasrverp:10020/webapp/:2:7
@https://qasrverp:10020/webapp/:3:8
*********
2025-12-04 10:12:09,390-INFO-root-38076::webapp_internal::filling_date|885:: Filling Date: "04/11/2025"
2025-12-04 10:12:09,390-DEBUG-root-38076::webapp_internal::wait_blocker|2444:: Waiting blocker to continue...
2025-12-04 10:12:09,429-DEBUG-root-38076::webapp_internal::wait_blocker|2469:: Blocker status: None
2025-12-04 10:12:09,431-DEBUG-root-38076::base::click|192:: Click Type: ClickType.JS
2025-12-04 10:12:09,455-DEBUG-root-38076::webapp_internal::try_send_keys|7976:: Trying to send keys to element using technique 1
2025-12-04 10:12:09,530-DEBUG-root-38076::webapp_internal::get_web_value|3232:: Current value: 04/11/2025
2025-12-04 10:12:10,621-INFO-root-38076::webapp_internal::filling_group|955:: Filling Group: "02"
2025-12-04 10:12:10,622-DEBUG-root-38076::webapp_internal::wait_blocker|2444:: Waiting blocker to continue...
2025-12-04 10:12:10,659-DEBUG-root-38076::webapp_internal::wait_blocker|2469:: Blocker status: None
2025-12-04 10:12:10,663-DEBUG-root-38076::base::click|192:: Click Type: ClickType.JS
2025-12-04 10:12:10,715-DEBUG-root-38076::webapp_internal::get_web_value|3232:: Current value: 02
2025-12-04 10:12:11,780-INFO-root-38076::webapp_internal::filling_branch|1047:: Filling Branch: "02DF0001"
2025-12-04 10:12:11,780-DEBUG-root-38076::webapp_internal::wait_blocker|2444:: Waiting blocker to continue...
2025-12-04 10:12:11,811-DEBUG-root-38076::webapp_internal::wait_blocker|2469:: Blocker status: None
2025-12-04 10:12:11,814-DEBUG-root-38076::base::click|192:: Click Type: ClickType.JS
2025-12-04 10:12:11,872-DEBUG-root-38076::webapp_internal::get_web_value|3232:: Current value: 02DF0001
2025-12-04 10:12:12,964-INFO-root-38076::webapp_internal::filling_environment|1113:: Filling Environment: "07"
2025-12-04 10:12:12,964-DEBUG-root-38076::webapp_internal::wait_blocker|2444:: Waiting blocker to continue...
2025-12-04 10:12:13,001-DEBUG-root-38076::webapp_internal::wait_blocker|2469:: Blocker status: None
2025-12-04 10:12:13,005-DEBUG-root-38076::base::click|192:: Click Type: ClickType.JS
2025-12-04 10:12:13,079-DEBUG-root-38076::webapp_internal::get_web_value|3232:: Current value: 07
2025-12-04 10:12:14,091-DEBUG-root-38076::webapp_internal::close_warning_screen|1489:: Closing warning screen!
2025-12-04 10:12:15,122-DEBUG-root-38076::webapp_internal::check_screen_element|1291:: Checking screen element: "Atenção": False
2025-12-04 10:12:16,228-INFO-root-38076::webapp_internal::environment_screen|796:: Clicking on Button
2025-12-04 10:12:16,229-DEBUG-root-38076::webapp_internal::wait_blocker|2444:: Waiting blocker to continue...
2025-12-04 10:12:16,262-DEBUG-root-38076::webapp_internal::wait_blocker|2469:: Blocker status: None
2025-12-04 10:12:16,264-DEBUG-root-38076::base::click|192:: Click Type: ClickType.JS
2025-12-04 10:12:17,278-DEBUG-root-38076::base::click|192:: Click Type: ClickType.JS
2025-12-04 10:12:18,285-DEBUG-root-38076::base::click|192:: Click Type: ClickType.JS
2025-12-04 10:12:19,293-DEBUG-root-38076::base::click|192:: Click Type: ClickType.JS
2025-12-04 10:12:20,303-DEBUG-root-38076::base::click|192:: Click Type: ClickType.JS
2025-12-04 10:12:21,314-DEBUG-root-38076::base::click|192:: Click Type: ClickType.JS
2025-12-04 10:12:22,321-DEBUG-root-38076::webapp_internal::close_screen_before_menu|368:: Closing screen before the menu
2025-12-04 10:12:22,368-DEBUG-root-38076::webapp_internal::close_warning_screen|1489:: Closing warning screen!
2025-12-04 10:12:23,411-DEBUG-root-38076::webapp_internal::check_screen_element|1291:: Checking screen element: "Atenção": False
2025-12-04 10:12:23,411-DEBUG-root-38076::webapp_internal::close_coin_screen|1424:: Closing coin screen!
2025-12-04 10:12:23,970-DEBUG-root-38076::base::click|192:: Click Type: ClickType.JS
2025-12-04 10:12:24,030-DEBUG-root-38076::webapp_internal::close_warning_screen|1489:: Closing warning screen!
2025-12-04 10:12:25,076-DEBUG-root-38076::webapp_internal::check_screen_element|1291:: Checking screen element: "Atenção": False
2025-12-04 10:12:25,076-DEBUG-root-38076::webapp_internal::close_coin_screen|1424:: Closing coin screen!
2025-12-04 10:12:25,176-INFO-root-38076::webapp_internal::set_log_info|1623:: Getting log info
2025-12-04 10:12:25,177-INFO-root-38076::webapp_internal::SetLateralMenu|4184:: Navigating lateral menu: Ajuda > Sobre
2025-12-04 10:12:25,187-DEBUG-root-38076::webapp_internal::wait_element|7623:: Waiting for element
2025-12-04 10:12:25,230-DEBUG-root-38076::webapp_internal::wait_element|7653:: Element found! Waiting for element to be displayed.
2025-12-04 10:12:25,396-INFO-root-38076::webapp_internal::SetLateralMenu|4203:: Menu item: "Ajuda"
2025-12-04 10:12:25,396-DEBUG-root-38076::webapp_internal::wait_blocker|2444:: Waiting blocker to continue...
2025-12-04 10:12:25,488-DEBUG-root-38076::webapp_internal::wait_blocker|2469:: Blocker status: False
2025-12-04 10:12:25,823-DEBUG-root-38076::webapp_internal::wait_element_timeout|7726:: Element found! Waiting for element to be displayed.
2025-12-04 10:12:26,107-DEBUG-root-38076::webapp_internal::wait_blocker|2444:: Waiting blocker to continue...
2025-12-04 10:12:26,169-DEBUG-root-38076::webapp_internal::wait_blocker|2469:: Blocker status: False
2025-12-04 10:12:28,467-INFO-root-38076::webapp_internal::SetLateralMenu|4203:: Menu item: "Sobre"
2025-12-04 10:12:28,467-DEBUG-root-38076::webapp_internal::wait_blocker|2444:: Waiting blocker to continue...
2025-12-04 10:12:28,532-DEBUG-root-38076::webapp_internal::wait_blocker|2469:: Blocker status: False
2025-12-04 10:12:28,939-DEBUG-root-38076::webapp_internal::wait_element_timeout|7726:: Element found! Waiting for element to be displayed.
2025-12-04 10:12:29,307-DEBUG-root-38076::webapp_internal::wait_blocker|2444:: Waiting blocker to continue...
2025-12-04 10:12:29,371-DEBUG-root-38076::webapp_internal::wait_blocker|2469:: Blocker status: False
2025-12-04 10:12:32,071-DEBUG-root-38076::webapp_internal::wait_blocker|2444:: Waiting blocker to continue...
2025-12-04 10:12:32,137-DEBUG-root-38076::webapp_internal::wait_blocker|2469:: Blocker status: False
2025-12-04 10:12:32,206-DEBUG-root-38076::webapp_internal::wait_element|7623:: Waiting for element
2025-12-04 10:12:32,247-DEBUG-root-38076::webapp_internal::wait_element|7653:: Element found! Waiting for element to be displayed.
2025-12-04 10:12:32,418-INFO-root-38076::webapp_internal::SetButton|4444:: Clicking on Fechar
2025-12-04 10:12:32,419-DEBUG-root-38076::webapp_internal::wait_blocker|2444:: Waiting blocker to continue...
2025-12-04 10:12:32,490-DEBUG-root-38076::webapp_internal::wait_blocker|2469:: Blocker status: False
2025-12-04 10:12:32,669-DEBUG-root-38076::webapp_internal::wait_element_timeout|7726:: Element found! Waiting for element to be displayed.
2025-12-04 10:12:32,741-DEBUG-root-38076::webapp_internal::SetButton|4481:: ***System Info*** Before Clicking on button:Fechar
2025-12-04 10:12:32,741-DEBUG-root-38076::psutil_info::system_info|5:: CPU USAGE: 11.0%
2025-12-04 10:12:32,742-DEBUG-root-38076::psutil_info::system_info|6:: MEMORY USAGE: 94.6%
2025-12-04 10:12:32,742-DEBUG-root-38076::psutil_info::system_info|7:: MEMORY AVAILABLE: 5.39%
2025-12-04 10:12:32,914-DEBUG-root-38076::webapp_internal::wait_element_timeout|7726:: Element found! Waiting for element to be displayed.
2025-12-04 10:12:33,021-DEBUG-root-38076::webapp_internal::wait_blocker|2444:: Waiting blocker to continue...
2025-12-04 10:12:33,088-DEBUG-root-38076::webapp_internal::wait_blocker|2469:: Blocker status: False
2025-12-04 10:12:33,107-DEBUG-root-38076::webapp_internal::wait_blocker|2444:: Waiting blocker to continue...
2025-12-04 10:12:33,177-DEBUG-root-38076::webapp_internal::wait_blocker|2469:: Blocker status: False
2025-12-04 10:12:33,177-DEBUG-root-38076::webapp_internal::send_action|10480:: Trying to send action
2025-12-04 10:12:33,179-DEBUG-root-38076::base::click|192:: Click Type: ClickType.JS
2025-12-04 10:12:34,211-DEBUG-root-38076::webapp_internal::send_action|10522:: send_action method result = True
2025-12-04 10:12:34,211-DEBUG-root-38076::webapp_internal::send_action|10523:: send_action selenium status: False
2025-12-04 10:12:34,212-DEBUG-root-38076::webapp_internal::SetButton|4683:: ***System Info*** After Clicking on button:
2025-12-04 10:12:34,212-DEBUG-root-38076::psutil_info::system_info|5:: CPU USAGE: 7.2%
2025-12-04 10:12:34,212-DEBUG-root-38076::psutil_info::system_info|6:: MEMORY USAGE: 94.6%
2025-12-04 10:12:34,213-DEBUG-root-38076::psutil_info::system_info|7:: MEMORY AVAILABLE: 5.44%
2025-12-04 10:12:34,213-DEBUG-root-38076::webapp_internal::wait_element|7623:: Waiting for element
2025-12-04 10:12:34,299-INFO-root-38076::webapp_internal::SetLateralMenu|4184:: Navigating lateral menu: Atualizações > Especificos > Tipo de Convenio
2025-12-04 10:12:34,310-DEBUG-root-38076::webapp_internal::wait_element|7623:: Waiting for element
2025-12-04 10:12:34,350-DEBUG-root-38076::webapp_internal::wait_element|7653:: Element found! Waiting for element to be displayed.
2025-12-04 10:12:34,515-INFO-root-38076::webapp_internal::SetLateralMenu|4203:: Menu item: "Atualizações"
2025-12-04 10:12:34,515-DEBUG-root-38076::webapp_internal::wait_blocker|2444:: Waiting blocker to continue...
2025-12-04 10:12:34,578-DEBUG-root-38076::webapp_internal::wait_blocker|2469:: Blocker status: False
2025-12-04 10:12:34,984-DEBUG-root-38076::webapp_internal::wait_element_timeout|7726:: Element found! Waiting for element to be displayed.
2025-12-04 10:12:35,336-DEBUG-root-38076::webapp_internal::wait_blocker|2444:: Waiting blocker to continue...
2025-12-04 10:12:35,404-DEBUG-root-38076::webapp_internal::wait_blocker|2469:: Blocker status: False
2025-12-04 10:12:37,704-INFO-root-38076::webapp_internal::SetLateralMenu|4203:: Menu item: "Especificos"
2025-12-04 10:12:37,705-DEBUG-root-38076::webapp_internal::wait_blocker|2444:: Waiting blocker to continue...
2025-12-04 10:12:37,797-DEBUG-root-38076::webapp_internal::wait_blocker|2469:: Blocker status: False
2025-12-04 10:12:38,513-DEBUG-root-38076::webapp_internal::wait_element_timeout|7726:: Element found! Waiting for element to be displayed.
2025-12-04 10:12:39,217-DEBUG-root-38076::webapp_internal::wait_blocker|2444:: Waiting blocker to continue...
2025-12-04 10:12:39,310-DEBUG-root-38076::webapp_internal::wait_blocker|2469:: Blocker status: False
2025-12-04 10:12:41,597-INFO-root-38076::webapp_internal::SetLateralMenu|4203:: Menu item: "Tipo de Convenio"
2025-12-04 10:12:41,597-DEBUG-root-38076::webapp_internal::wait_blocker|2444:: Waiting blocker to continue...
2025-12-04 10:12:41,707-DEBUG-root-38076::webapp_internal::wait_blocker|2469:: Blocker status: False
2025-12-04 10:12:43,239-DEBUG-root-38076::webapp_internal::wait_element_timeout|7726:: Element found! Waiting for element to be displayed.
2025-12-04 10:12:44,765-DEBUG-root-38076::webapp_internal::wait_blocker|2444:: Waiting blocker to continue...
2025-12-04 10:12:44,865-DEBUG-root-38076::webapp_internal::wait_blocker|2469:: Blocker status: False
2025-12-04 10:12:49,322-DEBUG-root-38076::webapp_internal::wait_blocker|2444:: Waiting blocker to continue...
2025-12-04 10:12:49,418-DEBUG-root-38076::webapp_internal::wait_blocker|2469:: Blocker status: False
2025-12-04 10:12:49,531-INFO-root-38076::webapp_internal::WaitShow|4980:: Waiting show text 'Este ambiente utiliza base de Homologação.'...
2025-12-04 10:12:54,968-DEBUG-root-38076::log::checks_empty_line|221:: Checking empty default log info
2025-12-04 10:12:54,971-DEBUG-root-38076::log::generate_log|503:: Json log_data: {'cLogDtExec': '04/12/2025 10:12:54', 'cLogNomUsr': '97137227104', 'cLogNomEst': 'GESIT03', 'cLogProgra': None, 'cLogDtProg': '', 'cLogHrProg': '', 'nLogCtsOk': 1, 'nLogCtsNok': 0, 'nLogCtsSeg': 67.93, 'cLogVersao': '12', 'cLogReleas': '12.1.2410', 'nLogCtsErr': '', 'cLogBancod': 'ORACLE', 'cLogIdenti': '', 'cLogIdExec': '20251204', 'cLogPais': 'BRA', 'cLogTool': 'TIR', 'cLogSequen': '7d2eda', 'nLogCtsTot': 1, 'cLogDtExea': '04/12/2025', 'cLogHrExea': '10:12:54', 'cLogArea': 'Desenvolvimento', 'cLogMnExec': 1.1321666666666668}
2025-12-04 10:12:54,971-INFO-root-38076::log::send_log_with_retries|515:: Saving log locally.
2025-12-04 10:12:54,971-INFO-root-38076::log::save_log_locally|548:: [FwSendLog]: Não foi possível enviar o log após todas as tentativas.
2025-12-04 10:12:54,972-INFO-root-38076::log::save_log_locally|555:: [FwSendLog]: Log salvo localmente em C:\TIR_TESTE\1764853974.json.
2025-12-04 10:12:54,973-INFO-root-38076::webapp_internal::WaitShow|4980:: Waiting show text 'Moedas'...
2025-12-04 10:13:00,286-INFO-root-38076::webapp_internal::WaitShow|4980:: Waiting show text 'Tipos de Convênios'...
2025-12-04 10:13:00,367-INFO-root-38076::webapp_internal::WaitShow|4996:: Text found! 
2025-12-04 10:13:00,368-INFO-root-38076::webapp_internal::SetButton|4444:: Clicking on Incluir
2025-12-04 10:13:00,368-DEBUG-root-38076::webapp_internal::wait_blocker|2444:: Waiting blocker to continue...
2025-12-04 10:13:00,481-DEBUG-root-38076::webapp_internal::wait_blocker|2469:: Blocker status: False
2025-12-04 10:13:00,877-DEBUG-root-38076::webapp_internal::wait_element_timeout|7726:: Element found! Waiting for element to be displayed.
2025-12-04 10:13:01,215-DEBUG-root-38076::webapp_internal::SetButton|4481:: ***System Info*** Before Clicking on button:Incluir
2025-12-04 10:13:01,216-DEBUG-root-38076::psutil_info::system_info|5:: CPU USAGE: 10.8%
2025-12-04 10:13:01,216-DEBUG-root-38076::psutil_info::system_info|6:: MEMORY USAGE: 95.4%
2025-12-04 10:13:01,216-DEBUG-root-38076::psutil_info::system_info|7:: MEMORY AVAILABLE: 4.61%
2025-12-04 10:13:01,585-DEBUG-root-38076::webapp_internal::wait_element_timeout|7726:: Element found! Waiting for element to be displayed.
2025-12-04 10:13:01,950-DEBUG-root-38076::webapp_internal::wait_blocker|2444:: Waiting blocker to continue...
2025-12-04 10:13:02,096-DEBUG-root-38076::webapp_internal::wait_blocker|2469:: Blocker status: False
2025-12-04 10:13:02,130-DEBUG-root-38076::webapp_internal::wait_blocker|2444:: Waiting blocker to continue...
2025-12-04 10:13:02,263-DEBUG-root-38076::webapp_internal::wait_blocker|2469:: Blocker status: False
2025-12-04 10:13:02,263-DEBUG-root-38076::webapp_internal::send_action|10480:: Trying to send action
2025-12-04 10:13:02,265-DEBUG-root-38076::base::click|192:: Click Type: ClickType.JS
2025-12-04 10:13:03,317-DEBUG-root-38076::webapp_internal::send_action|10522:: send_action method result = True
2025-12-04 10:13:03,317-DEBUG-root-38076::webapp_internal::send_action|10523:: send_action selenium status: False
2025-12-04 10:13:03,317-DEBUG-root-38076::webapp_internal::SetButton|4683:: ***System Info*** After Clicking on button:
2025-12-04 10:13:03,318-DEBUG-root-38076::psutil_info::system_info|5:: CPU USAGE: 13.5%
2025-12-04 10:13:03,318-DEBUG-root-38076::psutil_info::system_info|6:: MEMORY USAGE: 95.5%
2025-12-04 10:13:03,318-DEBUG-root-38076::psutil_info::system_info|7:: MEMORY AVAILABLE: 4.48%
2025-12-04 10:13:03,319-INFO-root-38076::webapp_internal::WaitShow|4980:: Waiting show text 'Tipos de Convenios - INCLUIR'...
2025-12-04 10:13:03,448-INFO-root-38076::webapp_internal::WaitShow|4996:: Text found! 
2025-12-04 10:13:03,448-DEBUG-root-38076::webapp_internal::SetFocus|6011:: Setting focus on element ZD_DESCONV.
2025-12-04 10:13:03,607-DEBUG-root-38076::base::click|192:: Click Type: ClickType.SELENIUM
2025-12-04 10:13:03,672-DEBUG-root-38076::webapp_internal::wait_blocker|2444:: Waiting blocker to continue...
2025-12-04 10:13:03,798-DEBUG-root-38076::webapp_internal::wait_blocker|2469:: Blocker status: False
2025-12-04 10:13:03,798-DEBUG-root-38076::webapp_internal::wait_element|7623:: Waiting for element
2025-12-04 10:13:03,874-DEBUG-root-38076::webapp_internal::wait_element|7653:: Element found! Waiting for element to be displayed.
2025-12-04 10:13:03,938-INFO-root-38076::webapp_internal::input_value|2941:: Looking for element: ZD_DESCONV
2025-12-04 10:13:04,058-INFO-root-38076::webapp_internal::input_value|2951:: Element: ZD_DESCONV Found!
2025-12-04 10:13:04,059-INFO-root-38076::webapp_internal::input_value|2953:: Filling element: ZD_DESCONV
2025-12-04 10:13:04,083-DEBUG-root-38076::webapp_internal::get_web_value|3232:: Current value:                                                             
2025-12-04 10:13:04,118-DEBUG-root-38076::base::double_click|259:: Click Type: ClickType.SELENIUM
2025-12-04 10:13:04,376-DEBUG-root-38076::webapp_internal::wait_blocker|2444:: Waiting blocker to continue...
2025-12-04 10:13:04,499-DEBUG-root-38076::webapp_internal::wait_blocker|2469:: Blocker status: False
2025-12-04 10:13:04,835-DEBUG-root-38076::webapp_internal::get_web_value|3232:: Current value: TESTE INCLUSAO 01                                           
2025-12-04 10:13:04,836-INFO-root-38076::webapp_internal::input_value|3059:: Current field value: TESTE INCLUSAO 01
2025-12-04 10:13:04,864-DEBUG-root-38076::webapp_internal::wait_blocker|2444:: Waiting blocker to continue...
2025-12-04 10:13:05,012-DEBUG-root-38076::webapp_internal::wait_blocker|2469:: Blocker status: False
2025-12-04 10:13:05,012-INFO-root-38076::webapp_internal::SetKey|5822:: Key pressed: TAB
2025-12-04 10:13:05,013-DEBUG-root-38076::webapp_internal::SetKey|5857:: Trying press key
2025-12-04 10:13:07,018-DEBUG-root-38076::webapp_internal::wait_blocker|2444:: Waiting blocker to continue...
2025-12-04 10:13:07,191-DEBUG-root-38076::webapp_internal::wait_blocker|2469:: Blocker status: False
2025-12-04 10:13:07,218-DEBUG-root-38076::webapp_internal::wait_blocker|2444:: Waiting blocker to continue...
2025-12-04 10:13:07,357-DEBUG-root-38076::webapp_internal::wait_blocker|2469:: Blocker status: False
2025-12-04 10:13:07,357-DEBUG-root-38076::webapp_internal::send_action|10480:: Trying to send action
2025-12-04 10:13:08,391-DEBUG-root-38076::webapp_internal::send_action|10522:: send_action method result = True
2025-12-04 10:13:08,391-DEBUG-root-38076::webapp_internal::send_action|10523:: send_action selenium status: False
2025-12-04 10:13:08,391-DEBUG-root-38076::webapp_internal::wait_blocker|2444:: Waiting blocker to continue...
2025-12-04 10:13:08,518-DEBUG-root-38076::webapp_internal::wait_blocker|2469:: Blocker status: False
2025-12-04 10:13:08,518-DEBUG-root-38076::webapp_internal::wait_element|7623:: Waiting for element
2025-12-04 10:13:08,594-DEBUG-root-38076::webapp_internal::wait_element|7653:: Element found! Waiting for element to be displayed.
2025-12-04 10:13:08,657-INFO-root-38076::webapp_internal::input_value|2941:: Looking for element: ZD_TPMOV
2025-12-04 10:13:08,769-INFO-root-38076::webapp_internal::input_value|2951:: Element: ZD_TPMOV Found!
2025-12-04 10:13:08,769-INFO-root-38076::webapp_internal::input_value|2953:: Filling element: ZD_TPMOV
2025-12-04 10:13:09,970-INFO-root-38076::base::select_combo|871:: Selected value for combo is: 1 - Titular
2025-12-04 10:13:10,013-DEBUG-root-38076::webapp_internal::wait_blocker|2444:: Waiting blocker to continue...
2025-12-04 10:13:10,136-DEBUG-root-38076::webapp_internal::wait_blocker|2469:: Blocker status: False
2025-12-04 10:13:10,136-DEBUG-root-38076::webapp_internal::wait_element|7623:: Waiting for element
2025-12-04 10:13:10,209-DEBUG-root-38076::webapp_internal::wait_element|7653:: Element found! Waiting for element to be displayed.
2025-12-04 10:13:10,271-INFO-root-38076::webapp_internal::input_value|2941:: Looking for element: ZD_TPALTSA
2025-12-04 10:13:10,380-INFO-root-38076::webapp_internal::input_value|2951:: Element: ZD_TPALTSA Found!
2025-12-04 10:13:10,380-INFO-root-38076::webapp_internal::input_value|2953:: Filling element: ZD_TPALTSA
2025-12-04 10:13:10,407-DEBUG-root-38076::webapp_internal::get_web_value|3232:: Current value:    
2025-12-04 10:13:10,436-DEBUG-root-38076::base::double_click|259:: Click Type: ClickType.SELENIUM
2025-12-04 10:13:10,707-DEBUG-root-38076::webapp_internal::wait_blocker|2444:: Waiting blocker to continue...
2025-12-04 10:13:10,831-DEBUG-root-38076::webapp_internal::wait_blocker|2469:: Blocker status: False
2025-12-04 10:13:11,157-DEBUG-root-38076::webapp_internal::get_web_value|3232:: Current value: 003
2025-12-04 10:13:11,158-INFO-root-38076::webapp_internal::input_value|3059:: Current field value: 003
2025-12-04 10:13:11,165-INFO-root-38076::webapp_internal::WaitShow|4980:: Waiting show text 'Histórico'...
2025-12-04 10:13:13,016-INFO-root-38076::webapp_internal::WaitShow|4996:: Text found! 
2025-12-04 10:13:13,017-DEBUG-root-38076::webapp_internal::wait_blocker|2444:: Waiting blocker to continue...
2025-12-04 10:13:13,147-DEBUG-root-38076::webapp_internal::wait_blocker|2469:: Blocker status: False
2025-12-04 10:13:13,147-INFO-root-38076::webapp_internal::SetKey|5822:: Key pressed: TAB
2025-12-04 10:13:13,147-DEBUG-root-38076::webapp_internal::SetKey|5857:: Trying press key
2025-12-04 10:13:13,147-DEBUG-root-38076::webapp_internal::wait_element|7623:: Waiting for element
2025-12-04 10:13:13,231-DEBUG-root-38076::webapp_internal::wait_element|7653:: Element found! Waiting for element to be displayed.
2025-12-04 10:13:13,448-DEBUG-root-38076::webapp_internal::wait_blocker|2444:: Waiting blocker to continue...
2025-12-04 10:13:13,611-DEBUG-root-38076::webapp_internal::wait_blocker|2469:: Blocker status: False
2025-12-04 10:13:13,611-INFO-root-38076::webapp_internal::LoadGrid|6298:: Filling grid field: Data Inicio
2025-12-04 10:13:13,611-DEBUG-root-38076::webapp_internal::fill_grid|6399:: Grid loading...
2025-12-04 10:13:13,719-DEBUG-root-38076::webapp_internal::fill_grid|6466:: Column found!
2025-12-04 10:13:13,762-DEBUG-root-38076::base::click|192:: Click Type: ClickType.ACTIONCHAINS
2025-12-04 10:13:19,161-DEBUG-root-38076::webapp_internal::fill_grid|6498:: Trying open cell in grid!
2025-12-04 10:13:19,440-DEBUG-root-38076::webapp_internal::wait_blocker|2444:: Waiting blocker to continue...
2025-12-04 10:13:19,600-DEBUG-root-38076::webapp_internal::wait_blocker|2469:: Blocker status: False
2025-12-04 10:13:19,784-DEBUG-root-38076::webapp_internal::wait_element_timeout|7726:: Element found! Waiting for element to be displayed.
2025-12-04 10:13:20,129-DEBUG-root-38076::webapp_internal::fill_grid|6577:: Sending keys: 04/11/2025
2025-12-04 10:13:20,426-DEBUG-root-38076::webapp_internal::wait_blocker|2444:: Waiting blocker to continue...
2025-12-04 10:13:20,568-DEBUG-root-38076::webapp_internal::wait_blocker|2469:: Blocker status: False
2025-12-04 10:13:26,006-DEBUG-root-38076::webapp_internal::wait_blocker|2444:: Waiting blocker to continue...
2025-12-04 10:13:26,125-DEBUG-root-38076::webapp_internal::wait_blocker|2469:: Blocker status: False
2025-12-04 10:13:26,151-DEBUG-root-38076::webapp_internal::wait_blocker|2444:: Waiting blocker to continue...
2025-12-04 10:13:26,280-DEBUG-root-38076::webapp_internal::wait_blocker|2469:: Blocker status: False
2025-12-04 10:13:26,280-DEBUG-root-38076::webapp_internal::send_action|10480:: Trying to send action
2025-12-04 10:13:27,318-DEBUG-root-38076::webapp_internal::send_action|10522:: send_action method result = True
2025-12-04 10:13:27,318-DEBUG-root-38076::webapp_internal::send_action|10523:: send_action selenium status: False
2025-12-04 10:13:27,519-INFO-root-38076::webapp_internal::WaitShow|4980:: Waiting show text 'Aviso'...
2025-12-04 10:13:30,118-DEBUG-root-38076::webapp_internal::wait_blocker|2444:: Waiting blocker to continue...
2025-12-04 10:13:30,241-DEBUG-root-38076::webapp_internal::wait_blocker|2469:: Blocker status: False
2025-12-04 10:13:30,241-INFO-root-38076::webapp_internal::SetKey|5822:: Key pressed: TAB
2025-12-04 10:13:30,241-DEBUG-root-38076::webapp_internal::SetKey|5857:: Trying press key
2025-12-04 10:13:30,241-DEBUG-root-38076::webapp_internal::wait_element|7623:: Waiting for element
2025-12-04 10:13:30,315-DEBUG-root-38076::webapp_internal::wait_element|7653:: Element found! Waiting for element to be displayed.
2025-12-04 10:13:30,545-DEBUG-root-38076::webapp_internal::wait_blocker|2444:: Waiting blocker to continue...
2025-12-04 10:13:30,714-DEBUG-root-38076::webapp_internal::wait_blocker|2469:: Blocker status: False
2025-12-04 10:13:30,714-INFO-root-38076::webapp_internal::LoadGrid|6298:: Filling grid field: Vlr Dependen
2025-12-04 10:13:30,715-DEBUG-root-38076::webapp_internal::fill_grid|6399:: Grid loading...
2025-12-04 10:13:30,835-DEBUG-root-38076::webapp_internal::fill_grid|6466:: Column found!
2025-12-04 10:13:30,874-DEBUG-root-38076::base::click|192:: Click Type: ClickType.ACTIONCHAINS
2025-12-04 10:13:36,265-DEBUG-root-38076::webapp_internal::fill_grid|6498:: Trying open cell in grid!
2025-12-04 10:13:36,559-DEBUG-root-38076::webapp_internal::wait_blocker|2444:: Waiting blocker to continue...
2025-12-04 10:13:36,710-DEBUG-root-38076::webapp_internal::wait_blocker|2469:: Blocker status: False
2025-12-04 10:13:36,894-DEBUG-root-38076::webapp_internal::wait_element_timeout|7726:: Element found! Waiting for element to be displayed.
2025-12-04 10:13:37,048-DEBUG-root-38076::base::click|192:: Click Type: ClickType.JS
2025-12-04 10:13:37,228-DEBUG-root-38076::webapp_internal::fill_grid|6577:: Sending keys: 128
2025-12-04 10:13:37,527-DEBUG-root-38076::webapp_internal::wait_blocker|2444:: Waiting blocker to continue...
2025-12-04 10:13:37,655-DEBUG-root-38076::webapp_internal::wait_blocker|2469:: Blocker status: False
2025-12-04 10:13:37,807-DEBUG-root-38076::webapp_internal::wait_element_timeout|7726:: Element found! Waiting for element to be displayed.
2025-12-04 10:13:38,084-DEBUG-root-38076::webapp_internal::fill_grid|6466:: Column found!
2025-12-04 10:13:38,123-DEBUG-root-38076::base::click|192:: Click Type: ClickType.ACTIONCHAINS
2025-12-04 10:13:43,544-DEBUG-root-38076::webapp_internal::fill_grid|6498:: Trying open cell in grid!
2025-12-04 10:13:43,829-DEBUG-root-38076::webapp_internal::wait_blocker|2444:: Waiting blocker to continue...
2025-12-04 10:13:43,966-DEBUG-root-38076::webapp_internal::wait_blocker|2469:: Blocker status: False
2025-12-04 10:13:44,152-DEBUG-root-38076::webapp_internal::wait_element_timeout|7726:: Element found! Waiting for element to be displayed.
2025-12-04 10:13:44,343-DEBUG-root-38076::base::click|192:: Click Type: ClickType.JS
2025-12-04 10:13:44,551-DEBUG-root-38076::webapp_internal::fill_grid|6577:: Sending keys: 128
2025-12-04 10:13:44,857-DEBUG-root-38076::webapp_internal::wait_blocker|2444:: Waiting blocker to continue...
2025-12-04 10:13:44,981-DEBUG-root-38076::webapp_internal::wait_blocker|2469:: Blocker status: False
2025-12-04 10:13:45,139-DEBUG-root-38076::webapp_internal::wait_element_timeout|7726:: Element found! Waiting for element to be displayed.
2025-12-04 10:13:45,412-DEBUG-root-38076::webapp_internal::fill_grid|6466:: Column found!
2025-12-04 10:13:45,450-DEBUG-root-38076::base::click|192:: Click Type: ClickType.ACTIONCHAINS
2025-12-04 10:13:50,895-DEBUG-root-38076::webapp_internal::fill_grid|6498:: Trying open cell in grid!
2025-12-04 10:13:51,189-DEBUG-root-38076::webapp_internal::wait_blocker|2444:: Waiting blocker to continue...
2025-12-04 10:13:51,361-DEBUG-root-38076::webapp_internal::wait_blocker|2469:: Blocker status: False
2025-12-04 10:13:51,544-DEBUG-root-38076::webapp_internal::wait_element_timeout|7726:: Element found! Waiting for element to be displayed.
2025-12-04 10:13:51,701-DEBUG-root-38076::base::click|192:: Click Type: ClickType.JS
2025-12-04 10:13:51,912-DEBUG-root-38076::webapp_internal::fill_grid|6577:: Sending keys: 128
2025-12-04 10:13:52,198-DEBUG-root-38076::webapp_internal::wait_blocker|2444:: Waiting blocker to continue...
2025-12-04 10:13:52,384-DEBUG-root-38076::webapp_internal::wait_blocker|2469:: Blocker status: False
2025-12-04 10:13:52,541-DEBUG-root-38076::webapp_internal::wait_element_timeout|7726:: Element found! Waiting for element to be displayed.
2025-12-04 10:13:52,817-DEBUG-root-38076::webapp_internal::fill_grid|6466:: Column found!
2025-12-04 10:13:52,857-DEBUG-root-38076::base::click|192:: Click Type: ClickType.ACTIONCHAINS
2025-12-04 10:13:58,309-DEBUG-root-38076::webapp_internal::fill_grid|6498:: Trying open cell in grid!
2025-12-04 10:13:58,593-DEBUG-root-38076::webapp_internal::wait_blocker|2444:: Waiting blocker to continue...
2025-12-04 10:13:58,734-DEBUG-root-38076::webapp_internal::wait_blocker|2469:: Blocker status: False
2025-12-04 10:13:58,928-DEBUG-root-38076::webapp_internal::wait_element_timeout|7726:: Element found! Waiting for element to be displayed.
2025-12-04 10:13:59,096-DEBUG-root-38076::base::click|192:: Click Type: ClickType.JS
2025-12-04 10:13:59,299-DEBUG-root-38076::webapp_internal::fill_grid|6577:: Sending keys: 128
2025-12-04 10:13:59,585-DEBUG-root-38076::webapp_internal::wait_blocker|2444:: Waiting blocker to continue...
2025-12-04 10:13:59,722-DEBUG-root-38076::webapp_internal::wait_blocker|2469:: Blocker status: False
2025-12-04 10:13:59,877-DEBUG-root-38076::webapp_internal::wait_element_timeout|7726:: Element found! Waiting for element to be displayed.
2025-12-04 10:14:00,195-DEBUG-root-38076::webapp_internal::fill_grid|6466:: Column found!
2025-12-04 10:14:00,235-DEBUG-root-38076::base::click|192:: Click Type: ClickType.ACTIONCHAINS
2025-12-04 10:14:05,565-DEBUG-root-38076::webapp_internal::fill_grid|6498:: Trying open cell in grid!
2025-12-04 10:14:05,859-DEBUG-root-38076::webapp_internal::wait_blocker|2444:: Waiting blocker to continue...
2025-12-04 10:14:05,998-DEBUG-root-38076::webapp_internal::wait_blocker|2469:: Blocker status: False
2025-12-04 10:14:06,185-DEBUG-root-38076::webapp_internal::wait_element_timeout|7726:: Element found! Waiting for element to be displayed.
2025-12-04 10:14:06,348-DEBUG-root-38076::base::click|192:: Click Type: ClickType.JS
2025-12-04 10:14:06,528-DEBUG-root-38076::webapp_internal::fill_grid|6577:: Sending keys: 128
2025-12-04 10:14:06,827-DEBUG-root-38076::webapp_internal::wait_blocker|2444:: Waiting blocker to continue...
2025-12-04 10:14:06,961-DEBUG-root-38076::webapp_internal::wait_blocker|2469:: Blocker status: False
2025-12-04 10:14:07,114-DEBUG-root-38076::webapp_internal::wait_element_timeout|7726:: Element found! Waiting for element to be displayed.
2025-12-04 10:14:07,393-DEBUG-root-38076::webapp_internal::fill_grid|6466:: Column found!
2025-12-04 10:14:07,427-DEBUG-root-38076::base::click|192:: Click Type: ClickType.ACTIONCHAINS
2025-12-04 10:14:12,891-DEBUG-root-38076::webapp_internal::fill_grid|6498:: Trying open cell in grid!
2025-12-04 10:14:13,175-DEBUG-root-38076::webapp_internal::wait_blocker|2444:: Waiting blocker to continue...
2025-12-04 10:14:13,311-DEBUG-root-38076::webapp_internal::wait_blocker|2469:: Blocker status: False
2025-12-04 10:14:13,495-DEBUG-root-38076::webapp_internal::wait_element_timeout|7726:: Element found! Waiting for element to be displayed.
2025-12-04 10:14:13,760-DEBUG-root-38076::base::click|192:: Click Type: ClickType.JS
2025-12-04 10:14:13,968-DEBUG-root-38076::webapp_internal::fill_grid|6577:: Sending keys: 128
2025-12-04 10:14:14,274-DEBUG-root-38076::webapp_internal::wait_blocker|2444:: Waiting blocker to continue...
2025-12-04 10:14:14,400-DEBUG-root-38076::webapp_internal::wait_blocker|2469:: Blocker status: False
2025-12-04 10:14:14,567-DEBUG-root-38076::webapp_internal::wait_element_timeout|7726:: Element found! Waiting for element to be displayed.
2025-12-04 10:14:14,865-DEBUG-root-38076::webapp_internal::fill_grid|6466:: Column found!
2025-12-04 10:14:14,908-DEBUG-root-38076::base::click|192:: Click Type: ClickType.ACTIONCHAINS
2025-12-04 10:14:20,273-DEBUG-root-38076::webapp_internal::fill_grid|6498:: Trying open cell in grid!
2025-12-04 10:14:20,562-DEBUG-root-38076::webapp_internal::wait_blocker|2444:: Waiting blocker to continue...
2025-12-04 10:14:20,715-DEBUG-root-38076::webapp_internal::wait_blocker|2469:: Blocker status: False
2025-12-04 10:14:20,900-DEBUG-root-38076::webapp_internal::wait_element_timeout|7726:: Element found! Waiting for element to be displayed.
2025-12-04 10:14:21,065-DEBUG-root-38076::base::click|192:: Click Type: ClickType.JS
2025-12-04 10:14:21,270-DEBUG-root-38076::webapp_internal::fill_grid|6577:: Sending keys: 128
2025-12-04 10:14:21,579-DEBUG-root-38076::webapp_internal::wait_blocker|2444:: Waiting blocker to continue...
2025-12-04 10:14:21,708-DEBUG-root-38076::webapp_internal::wait_blocker|2469:: Blocker status: False
2025-12-04 10:14:21,863-DEBUG-root-38076::webapp_internal::wait_element_timeout|7726:: Element found! Waiting for element to be displayed.
2025-12-04 10:14:22,153-DEBUG-root-38076::webapp_internal::fill_grid|6466:: Column found!
2025-12-04 10:14:22,191-DEBUG-root-38076::base::click|192:: Click Type: ClickType.ACTIONCHAINS
2025-12-04 10:14:27,514-DEBUG-root-38076::webapp_internal::fill_grid|6498:: Trying open cell in grid!
2025-12-04 10:14:27,795-DEBUG-root-38076::webapp_internal::wait_blocker|2444:: Waiting blocker to continue...
2025-12-04 10:14:27,969-DEBUG-root-38076::webapp_internal::wait_blocker|2469:: Blocker status: False
2025-12-04 10:14:28,168-DEBUG-root-38076::webapp_internal::wait_element_timeout|7726:: Element found! Waiting for element to be displayed.
2025-12-04 10:14:28,378-DEBUG-root-38076::base::click|192:: Click Type: ClickType.JS
2025-12-04 10:14:28,582-DEBUG-root-38076::webapp_internal::fill_grid|6577:: Sending keys: 128
2025-12-04 10:14:28,869-DEBUG-root-38076::webapp_internal::wait_blocker|2444:: Waiting blocker to continue...
2025-12-04 10:14:29,028-DEBUG-root-38076::webapp_internal::wait_blocker|2469:: Blocker status: False
2025-12-04 10:14:29,181-DEBUG-root-38076::webapp_internal::wait_element_timeout|7726:: Element found! Waiting for element to be displayed.
2025-12-04 10:14:29,450-DEBUG-root-38076::webapp_internal::fill_grid|6466:: Column found!
2025-12-04 10:14:29,501-DEBUG-root-38076::base::click|192:: Click Type: ClickType.ACTIONCHAINS
2025-12-04 10:14:34,928-DEBUG-root-38076::webapp_internal::fill_grid|6498:: Trying open cell in grid!
2025-12-04 10:14:35,218-DEBUG-root-38076::webapp_internal::wait_blocker|2444:: Waiting blocker to continue...
2025-12-04 10:14:35,377-DEBUG-root-38076::webapp_internal::wait_blocker|2469:: Blocker status: False
2025-12-04 10:14:35,558-DEBUG-root-38076::webapp_internal::wait_element_timeout|7726:: Element found! Waiting for element to be displayed.
2025-12-04 10:14:35,724-DEBUG-root-38076::base::click|192:: Click Type: ClickType.JS
2025-12-04 10:14:35,900-DEBUG-root-38076::webapp_internal::fill_grid|6577:: Sending keys: 128
2025-12-04 10:14:36,185-DEBUG-root-38076::webapp_internal::wait_blocker|2444:: Waiting blocker to continue...
2025-12-04 10:14:36,359-DEBUG-root-38076::webapp_internal::wait_blocker|2469:: Blocker status: False
2025-12-04 10:14:36,547-DEBUG-root-38076::webapp_internal::wait_element_timeout|7726:: Element found! Waiting for element to be displayed.
2025-12-04 10:14:36,851-DEBUG-root-38076::webapp_internal::fill_grid|6466:: Column found!
2025-12-04 10:14:36,891-DEBUG-root-38076::base::click|192:: Click Type: ClickType.ACTIONCHAINS
2025-12-04 10:14:42,225-DEBUG-root-38076::webapp_internal::fill_grid|6498:: Trying open cell in grid!
2025-12-04 10:14:42,503-DEBUG-root-38076::webapp_internal::wait_blocker|2444:: Waiting blocker to continue...
2025-12-04 10:14:42,641-DEBUG-root-38076::webapp_internal::wait_blocker|2469:: Blocker status: False
2025-12-04 10:14:42,837-DEBUG-root-38076::webapp_internal::wait_element_timeout|7726:: Element found! Waiting for element to be displayed.
2025-12-04 10:14:42,994-DEBUG-root-38076::base::click|192:: Click Type: ClickType.JS
2025-12-04 10:14:43,162-DEBUG-root-38076::webapp_internal::fill_grid|6577:: Sending keys: 128
2025-12-04 10:14:43,459-DEBUG-root-38076::webapp_internal::wait_blocker|2444:: Waiting blocker to continue...
2025-12-04 10:14:43,581-DEBUG-root-38076::webapp_internal::wait_blocker|2469:: Blocker status: False
2025-12-04 10:14:43,739-DEBUG-root-38076::webapp_internal::wait_element_timeout|7726:: Element found! Waiting for element to be displayed.
2025-12-04 10:14:44,015-DEBUG-root-38076::webapp_internal::fill_grid|6466:: Column found!
2025-12-04 10:14:44,047-DEBUG-root-38076::base::click|192:: Click Type: ClickType.ACTIONCHAINS
2025-12-04 10:14:49,508-DEBUG-root-38076::webapp_internal::fill_grid|6498:: Trying open cell in grid!
2025-12-04 10:14:49,790-DEBUG-root-38076::webapp_internal::wait_blocker|2444:: Waiting blocker to continue...
2025-12-04 10:14:49,958-DEBUG-root-38076::webapp_internal::wait_blocker|2469:: Blocker status: False
2025-12-04 10:14:50,148-DEBUG-root-38076::webapp_internal::wait_element_timeout|7726:: Element found! Waiting for element to be displayed.
2025-12-04 10:14:50,342-DEBUG-root-38076::base::click|192:: Click Type: ClickType.JS
2025-12-04 10:14:50,514-DEBUG-root-38076::webapp_internal::fill_grid|6577:: Sending keys: 128
2025-12-04 10:14:50,799-DEBUG-root-38076::webapp_internal::wait_blocker|2444:: Waiting blocker to continue...
2025-12-04 10:14:50,929-DEBUG-root-38076::webapp_internal::wait_blocker|2469:: Blocker status: False
2025-12-04 10:14:51,092-DEBUG-root-38076::webapp_internal::wait_element_timeout|7726:: Element found! Waiting for element to be displayed.
2025-12-04 10:14:51,403-DEBUG-root-38076::webapp_internal::fill_grid|6466:: Column found!
2025-12-04 10:14:51,441-DEBUG-root-38076::base::click|192:: Click Type: ClickType.ACTIONCHAINS
2025-12-04 10:14:56,861-DEBUG-root-38076::webapp_internal::fill_grid|6498:: Trying open cell in grid!
2025-12-04 10:14:57,148-DEBUG-root-38076::webapp_internal::wait_blocker|2444:: Waiting blocker to continue...
2025-12-04 10:14:57,347-DEBUG-root-38076::webapp_internal::wait_blocker|2469:: Blocker status: False
2025-12-04 10:14:57,563-DEBUG-root-38076::webapp_internal::wait_element_timeout|7726:: Element found! Waiting for element to be displayed.
2025-12-04 10:14:57,846-DEBUG-root-38076::base::click|192:: Click Type: ClickType.JS
2025-12-04 10:14:58,136-DEBUG-root-38076::webapp_internal::fill_grid|6577:: Sending keys: 128
2025-12-04 10:14:58,467-DEBUG-root-38076::webapp_internal::wait_blocker|2444:: Waiting blocker to continue...
2025-12-04 10:14:58,719-DEBUG-root-38076::webapp_internal::wait_blocker|2469:: Blocker status: False
2025-12-04 10:14:58,950-DEBUG-root-38076::webapp_internal::wait_element_timeout|7726:: Element found! Waiting for element to be displayed.
2025-12-04 10:14:59,386-DEBUG-root-38076::webapp_internal::fill_grid|6466:: Column found!
2025-12-04 10:14:59,448-DEBUG-root-38076::base::click|192:: Click Type: ClickType.ACTIONCHAINS
2025-12-04 10:15:04,819-DEBUG-root-38076::webapp_internal::fill_grid|6498:: Trying open cell in grid!
2025-12-04 10:15:05,102-DEBUG-root-38076::webapp_internal::wait_blocker|2444:: Waiting blocker to continue...
2025-12-04 10:15:05,249-DEBUG-root-38076::webapp_internal::wait_blocker|2469:: Blocker status: False
2025-12-04 10:15:05,447-DEBUG-root-38076::webapp_internal::wait_element_timeout|7726:: Element found! Waiting for element to be displayed.
2025-12-04 10:15:05,636-DEBUG-root-38076::base::click|192:: Click Type: ClickType.JS
2025-12-04 10:15:05,847-DEBUG-root-38076::webapp_internal::fill_grid|6577:: Sending keys: 128
2025-12-04 10:15:06,149-DEBUG-root-38076::webapp_internal::wait_blocker|2444:: Waiting blocker to continue...
2025-12-04 10:15:06,319-DEBUG-root-38076::webapp_internal::wait_blocker|2469:: Blocker status: False
2025-12-04 10:15:06,481-DEBUG-root-38076::webapp_internal::wait_element_timeout|7726:: Element found! Waiting for element to be displayed.
2025-12-04 10:15:06,817-DEBUG-root-38076::webapp_internal::fill_grid|6466:: Column found!
2025-12-04 10:15:06,867-DEBUG-root-38076::base::click|192:: Click Type: ClickType.ACTIONCHAINS
2025-12-04 10:15:12,297-DEBUG-root-38076::webapp_internal::fill_grid|6498:: Trying open cell in grid!
2025-12-04 10:15:12,561-DEBUG-root-38076::webapp_internal::wait_blocker|2444:: Waiting blocker to continue...
2025-12-04 10:15:12,723-DEBUG-root-38076::webapp_internal::wait_blocker|2469:: Blocker status: False
2025-12-04 10:15:12,907-DEBUG-root-38076::webapp_internal::wait_element_timeout|7726:: Element found! Waiting for element to be displayed.
2025-12-04 10:15:13,085-DEBUG-root-38076::base::click|192:: Click Type: ClickType.JS
2025-12-04 10:15:13,273-DEBUG-root-38076::webapp_internal::fill_grid|6577:: Sending keys: 128
2025-12-04 10:15:13,574-DEBUG-root-38076::webapp_internal::wait_blocker|2444:: Waiting blocker to continue...
2025-12-04 10:15:13,695-DEBUG-root-38076::webapp_internal::wait_blocker|2469:: Blocker status: False
2025-12-04 10:15:13,851-DEBUG-root-38076::webapp_internal::wait_element_timeout|7726:: Element found! Waiting for element to be displayed.
2025-12-04 10:15:14,123-DEBUG-root-38076::webapp_internal::fill_grid|6466:: Column found!
2025-12-04 10:15:14,158-DEBUG-root-38076::base::click|192:: Click Type: ClickType.ACTIONCHAINS
2025-12-04 10:15:19,467-DEBUG-root-38076::webapp_internal::fill_grid|6498:: Trying open cell in grid!
2025-12-04 10:15:19,749-DEBUG-root-38076::webapp_internal::wait_blocker|2444:: Waiting blocker to continue...
2025-12-04 10:15:19,924-DEBUG-root-38076::webapp_internal::wait_blocker|2469:: Blocker status: False
2025-12-04 10:15:20,261-ERROR-root-38076::webapp_internal::fill_grid|6675:: fill grid error: Message: WebDriver session does not exist, or is not active
Stacktrace:
RemoteError@chrome://remote/content/shared/RemoteError.sys.mjs:8:8
WebDriverError@chrome://remote/content/shared/webdriver/Errors.sys.mjs:202:5
InvalidSessionIDError@chrome://remote/content/shared/webdriver/Errors.sys.mjs:472:5
assert.that/<@chrome://remote/content/shared/webdriver/Assert.sys.mjs:581:13
assert.session@chrome://remote/content/shared/webdriver/Assert.sys.mjs:38:4
dispatch@chrome://remote/content/marionette/server.sys.mjs:315:19
execute@chrome://remote/content/marionette/server.sys.mjs:289:16
onPacket/<@chrome://remote/content/marionette/server.sys.mjs:262:20
onPacket@chrome://remote/content/marionette/server.sys.mjs:263:9
_onJSONObjectReady/<@chrome://remote/content/marionette/transport.sys.mjs:494:20
Traceback (most recent call last):
  File "C:\TIR_TESTE\venv\Lib\site-packages\tir\technologies\core\base.py", line 501, in get_current_DOM
    self.driver.switch_to.default_content()
  File "C:\TIR_TESTE\venv\Lib\site-packages\selenium\webdriver\remote\switch_to.py", line 69, in default_content
    self._driver.execute(Command.SWITCH_TO_FRAME, {"id": None})
  File "C:\TIR_TESTE\venv\Lib\site-packages\selenium\webdriver\remote\webdriver.py", line 347, in execute
    self.error_handler.check_response(response)
  File "C:\TIR_TESTE\venv\Lib\site-packages\selenium\webdriver\remote\errorhandler.py", line 229, in check_response
    raise exception_class(message, screen, stacktrace)
selenium.common.exceptions.NoSuchWindowException: Message: BrowsingContext does no longer exist
Stacktrace:
RemoteError@chrome://remote/content/shared/RemoteError.sys.mjs:8:8
WebDriverError@chrome://remote/content/shared/webdriver/Errors.sys.mjs:202:5
NoSuchWindowError@chrome://remote/content/shared/webdriver/Errors.sys.mjs:782:5
getMarionetteCommandsActorProxy/get/<@chrome://remote/content/marionette/actors/MarionetteCommandsParent.sys.mjs:392:21
GeckoDriver.prototype.switchToFrame@chrome://remote/content/marionette/driver.sys.mjs:1671:57
ssi_onQuitApplicationGranted@resource:///modules/sessionstore/SessionStore.sys.mjs:2822:19
ssi_observe@resource:///modules/sessionstore/SessionStore.sys.mjs:1543:14


During handling of the above exception, another exception occurred:

Traceback (most recent call last):
  File "C:\TIR_TESTE\venv\Lib\site-packages\tir\technologies\webapp_internal.py", line 6492, in fill_grid
    while (time.time() < endtime_open_cell and not self.wait_element_timeout(term='wa-dialog',
                                                   ^^^^^^^^^^^^^^^^^^^^^^^^^^^^^^^^^^^^^^^^^^^
  File "C:\TIR_TESTE\venv\Lib\site-packages\tir\technologies\webapp_internal.py", line 7713, in wait_element_timeout
    if self.element_exists(term, scrap_type, position, optional_term, main_container, check_error, twebview):
       ^^^^^^^^^^^^^^^^^^^^^^^^^^^^^^^^^^^^^^^^^^^^^^^^^^^^^^^^^^^^^^^^^^^^^^^^^^^^^^^^^^^^^^^^^^^^^^^^^^^^^
  File "C:\TIR_TESTE\venv\Lib\site-packages\tir\technologies\webapp_internal.py", line 4073, in element_exists
    soup = self.get_current_DOM(twebview=twebview)
           ^^^^^^^^^^^^^^^^^^^^^^^^^^^^^^^^^^^^^^^
  File "C:\TIR_TESTE\venv\Lib\site-packages\tir\technologies\core\base.py", line 538, in get_current_DOM
    self.driver.switch_to.default_content()
  File "C:\TIR_TESTE\venv\Lib\site-packages\selenium\webdriver\remote\switch_to.py", line 69, in default_content
    self._driver.execute(Command.SWITCH_TO_FRAME, {"id": None})
  File "C:\TIR_TESTE\venv\Lib\site-packages\selenium\webdriver\remote\webdriver.py", line 347, in execute
    self.error_handler.check_response(response)
  File "C:\TIR_TESTE\venv\Lib\site-packages\selenium\webdriver\remote\errorhandler.py", line 229, in check_response
    raise exception_class(message, screen, stacktrace)
selenium.common.exceptions.InvalidSessionIdException: Message: WebDriver session does not exist, or is not active
Stacktrace:
RemoteError@chrome://remote/content/shared/RemoteError.sys.mjs:8:8
WebDriverError@chrome://remote/content/shared/webdriver/Errors.sys.mjs:202:5
InvalidSessionIDError@chrome://remote/content/shared/webdriver/Errors.sys.mjs:472:5
assert.that/<@chrome://remote/content/shared/webdriver/Assert.sys.mjs:581:13
assert.session@chrome://remote/content/shared/webdriver/Assert.sys.mjs:38:4
dispatch@chrome://remote/content/marionette/server.sys.mjs:315:19
execute@chrome://remote/content/marionette/server.sys.mjs:289:16
onPacket/<@chrome://remote/content/marionette/server.sys.mjs:262:20
onPacket@chrome://remote/content/marionette/server.sys.mjs:263:9
_onJSONObjectReady/<@chrome://remote/content/marionette/transport.sys.mjs:494:20

2025-12-04 10:15:20,321-WARNING-root-38076::webapp_internal::log_error|8143:: Warning log_error fill grid error: Message: WebDriver session does not exist, or is not active
Stacktrace:
RemoteError@chrome://remote/content/shared/RemoteError.sys.mjs:8:8
WebDriverError@chrome://remote/content/shared/webdriver/Errors.sys.mjs:202:5
InvalidSessionIDError@chrome://remote/content/shared/webdriver/Errors.sys.mjs:472:5
assert.that/<@chrome://remote/content/shared/webdriver/Assert.sys.mjs:581:13
assert.session@chrome://remote/content/shared/webdriver/Assert.sys.mjs:38:4
dispatch@chrome://remote/content/marionette/server.sys.mjs:315:19
execute@chrome://remote/content/marionette/server.sys.mjs:289:16
onPacket/<@chrome://remote/content/marionette/server.sys.mjs:262:20
onPacket@chrome://remote/content/marionette/server.sys.mjs:263:9
_onJSONObjectReady/<@chrome://remote/content/marionette/transport.sys.mjs:494:20

2025-12-04 10:15:20,321-DEBUG-root-38076::webapp_internal::log_error|8146:: ***System Info*** in log_error():
2025-12-04 10:15:20,323-DEBUG-root-38076::psutil_info::system_info|5:: CPU USAGE: 11.9%
2025-12-04 10:15:20,323-DEBUG-root-38076::psutil_info::system_info|6:: MEMORY USAGE: 91.6%
2025-12-04 10:15:20,324-DEBUG-root-38076::psutil_info::system_info|7:: MEMORY AVAILABLE: 8.44%
2025-12-04 10:15:20,740-ERROR-root-38076::webapp_internal::log_error|8181:: Warning Log Error Close Message: Failed to decode response from marionette
Traceback (most recent call last):
  File "C:\TIR_TESTE\venv\Lib\site-packages\tir\technologies\core\base.py", line 501, in get_current_DOM
    self.driver.switch_to.default_content()
  File "C:\TIR_TESTE\venv\Lib\site-packages\selenium\webdriver\remote\switch_to.py", line 69, in default_content
    self._driver.execute(Command.SWITCH_TO_FRAME, {"id": None})
  File "C:\TIR_TESTE\venv\Lib\site-packages\selenium\webdriver\remote\webdriver.py", line 347, in execute
    self.error_handler.check_response(response)
  File "C:\TIR_TESTE\venv\Lib\site-packages\selenium\webdriver\remote\errorhandler.py", line 229, in check_response
    raise exception_class(message, screen, stacktrace)
selenium.common.exceptions.NoSuchWindowException: Message: BrowsingContext does no longer exist
Stacktrace:
RemoteError@chrome://remote/content/shared/RemoteError.sys.mjs:8:8
WebDriverError@chrome://remote/content/shared/webdriver/Errors.sys.mjs:202:5
NoSuchWindowError@chrome://remote/content/shared/webdriver/Errors.sys.mjs:782:5
getMarionetteCommandsActorProxy/get/<@chrome://remote/content/marionette/actors/MarionetteCommandsParent.sys.mjs:392:21
GeckoDriver.prototype.switchToFrame@chrome://remote/content/marionette/driver.sys.mjs:1671:57
ssi_onQuitApplicationGranted@resource:///modules/sessionstore/SessionStore.sys.mjs:2822:19
ssi_observe@resource:///modules/sessionstore/SessionStore.sys.mjs:1543:14


During handling of the above exception, another exception occurred:

Traceback (most recent call last):
  File "C:\TIR_TESTE\venv\Lib\site-packages\tir\technologies\webapp_internal.py", line 6492, in fill_grid
    while (time.time() < endtime_open_cell and not self.wait_element_timeout(term='wa-dialog',
                                                   ^^^^^^^^^^^^^^^^^^^^^^^^^^^^^^^^^^^^^^^^^^^
  File "C:\TIR_TESTE\venv\Lib\site-packages\tir\technologies\webapp_internal.py", line 7713, in wait_element_timeout
    if self.element_exists(term, scrap_type, position, optional_term, main_container, check_error, twebview):
       ^^^^^^^^^^^^^^^^^^^^^^^^^^^^^^^^^^^^^^^^^^^^^^^^^^^^^^^^^^^^^^^^^^^^^^^^^^^^^^^^^^^^^^^^^^^^^^^^^^^^^
  File "C:\TIR_TESTE\venv\Lib\site-packages\tir\technologies\webapp_internal.py", line 4073, in element_exists
    soup = self.get_current_DOM(twebview=twebview)
           ^^^^^^^^^^^^^^^^^^^^^^^^^^^^^^^^^^^^^^^
  File "C:\TIR_TESTE\venv\Lib\site-packages\tir\technologies\core\base.py", line 538, in get_current_DOM
    self.driver.switch_to.default_content()
  File "C:\TIR_TESTE\venv\Lib\site-packages\selenium\webdriver\remote\switch_to.py", line 69, in default_content
    self._driver.execute(Command.SWITCH_TO_FRAME, {"id": None})
  File "C:\TIR_TESTE\venv\Lib\site-packages\selenium\webdriver\remote\webdriver.py", line 347, in execute
    self.error_handler.check_response(response)
  File "C:\TIR_TESTE\venv\Lib\site-packages\selenium\webdriver\remote\errorhandler.py", line 229, in check_response
    raise exception_class(message, screen, stacktrace)
selenium.common.exceptions.InvalidSessionIdException: Message: WebDriver session does not exist, or is not active
Stacktrace:
RemoteError@chrome://remote/content/shared/RemoteError.sys.mjs:8:8
WebDriverError@chrome://remote/content/shared/webdriver/Errors.sys.mjs:202:5
InvalidSessionIDError@chrome://remote/content/shared/webdriver/Errors.sys.mjs:472:5
assert.that/<@chrome://remote/content/shared/webdriver/Assert.sys.mjs:581:13
assert.session@chrome://remote/content/shared/webdriver/Assert.sys.mjs:38:4
dispatch@chrome://remote/content/marionette/server.sys.mjs:315:19
execute@chrome://remote/content/marionette/server.sys.mjs:289:16
onPacket/<@chrome://remote/content/marionette/server.sys.mjs:262:20
onPacket@chrome://remote/content/marionette/server.sys.mjs:263:9
_onJSONObjectReady/<@chrome://remote/content/marionette/transport.sys.mjs:494:20


During handling of the above exception, another exception occurred:

Traceback (most recent call last):
  File "C:\TIR_TESTE\venv\Lib\site-packages\tir\technologies\webapp_internal.py", line 8179, in log_error
    self.driver.close()
  File "C:\TIR_TESTE\venv\Lib\site-packages\selenium\webdriver\remote\webdriver.py", line 458, in close
    self.execute(Command.CLOSE)
  File "C:\TIR_TESTE\venv\Lib\site-packages\selenium\webdriver\remote\webdriver.py", line 347, in execute
    self.error_handler.check_response(response)
  File "C:\TIR_TESTE\venv\Lib\site-packages\selenium\webdriver\remote\errorhandler.py", line 229, in check_response
    raise exception_class(message, screen, stacktrace)
selenium.common.exceptions.WebDriverException: Message: Failed to decode response from marionette

2025-12-04 10:15:20,742-ERROR-root-38076::webapp_internal::SetKey|5901:: False is not true : Convenio - fill grid error: Message: WebDriver session does not exist, or is not active
Stacktrace:
RemoteError@chrome://remote/content/shared/RemoteError.sys.mjs:8:8
WebDriverError@chrome://remote/content/shared/webdriver/Errors.sys.mjs:202:5
InvalidSessionIDError@chrome://remote/content/shared/webdriver/Errors.sys.mjs:472:5
assert.that/<@chrome://remote/content/shared/webdriver/Assert.sys.mjs:581:13
assert.session@chrome://remote/content/shared/webdriver/Assert.sys.mjs:38:4
dispatch@chrome://remote/content/marionette/server.sys.mjs:315:19
execute@chrome://remote/content/marionette/server.sys.mjs:289:16
onPacket/<@chrome://remote/content/marionette/server.sys.mjs:262:20
onPacket@chrome://remote/content/marionette/server.sys.mjs:263:9
_onJSONObjectReady/<@chrome://remote/content/marionette/transport.sys.mjs:494:20
Traceback (most recent call last):
  File "C:\TIR_TESTE\venv\Lib\site-packages\tir\technologies\core\base.py", line 501, in get_current_DOM
    self.driver.switch_to.default_content()
  File "C:\TIR_TESTE\venv\Lib\site-packages\selenium\webdriver\remote\switch_to.py", line 69, in default_content
    self._driver.execute(Command.SWITCH_TO_FRAME, {"id": None})
  File "C:\TIR_TESTE\venv\Lib\site-packages\selenium\webdriver\remote\webdriver.py", line 347, in execute
    self.error_handler.check_response(response)
  File "C:\TIR_TESTE\venv\Lib\site-packages\selenium\webdriver\remote\errorhandler.py", line 229, in check_response
    raise exception_class(message, screen, stacktrace)
selenium.common.exceptions.NoSuchWindowException: Message: BrowsingContext does no longer exist
Stacktrace:
RemoteError@chrome://remote/content/shared/RemoteError.sys.mjs:8:8
WebDriverError@chrome://remote/content/shared/webdriver/Errors.sys.mjs:202:5
NoSuchWindowError@chrome://remote/content/shared/webdriver/Errors.sys.mjs:782:5
getMarionetteCommandsActorProxy/get/<@chrome://remote/content/marionette/actors/MarionetteCommandsParent.sys.mjs:392:21
GeckoDriver.prototype.switchToFrame@chrome://remote/content/marionette/driver.sys.mjs:1671:57
ssi_onQuitApplicationGranted@resource:///modules/sessionstore/SessionStore.sys.mjs:2822:19
ssi_observe@resource:///modules/sessionstore/SessionStore.sys.mjs:1543:14


During handling of the above exception, another exception occurred:

Traceback (most recent call last):
  File "C:\TIR_TESTE\venv\Lib\site-packages\tir\technologies\webapp_internal.py", line 6492, in fill_grid
    while (time.time() < endtime_open_cell and not self.wait_element_timeout(term='wa-dialog',
                                                   ^^^^^^^^^^^^^^^^^^^^^^^^^^^^^^^^^^^^^^^^^^^
  File "C:\TIR_TESTE\venv\Lib\site-packages\tir\technologies\webapp_internal.py", line 7713, in wait_element_timeout
    if self.element_exists(term, scrap_type, position, optional_term, main_container, check_error, twebview):
       ^^^^^^^^^^^^^^^^^^^^^^^^^^^^^^^^^^^^^^^^^^^^^^^^^^^^^^^^^^^^^^^^^^^^^^^^^^^^^^^^^^^^^^^^^^^^^^^^^^^^^
  File "C:\TIR_TESTE\venv\Lib\site-packages\tir\technologies\webapp_internal.py", line 4073, in element_exists
    soup = self.get_current_DOM(twebview=twebview)
           ^^^^^^^^^^^^^^^^^^^^^^^^^^^^^^^^^^^^^^^
  File "C:\TIR_TESTE\venv\Lib\site-packages\tir\technologies\core\base.py", line 538, in get_current_DOM
    self.driver.switch_to.default_content()
  File "C:\TIR_TESTE\venv\Lib\site-packages\selenium\webdriver\remote\switch_to.py", line 69, in default_content
    self._driver.execute(Command.SWITCH_TO_FRAME, {"id": None})
  File "C:\TIR_TESTE\venv\Lib\site-packages\selenium\webdriver\remote\webdriver.py", line 347, in execute
    self.error_handler.check_response(response)
  File "C:\TIR_TESTE\venv\Lib\site-packages\selenium\webdriver\remote\errorhandler.py", line 229, in check_response
    raise exception_class(message, screen, stacktrace)
selenium.common.exceptions.InvalidSessionIdException: Message: WebDriver session does not exist, or is not active
Stacktrace:
RemoteError@chrome://remote/content/shared/RemoteError.sys.mjs:8:8
WebDriverError@chrome://remote/content/shared/webdriver/Errors.sys.mjs:202:5
InvalidSessionIDError@chrome://remote/content/shared/webdriver/Errors.sys.mjs:472:5
assert.that/<@chrome://remote/content/shared/webdriver/Assert.sys.mjs:581:13
assert.session@chrome://remote/content/shared/webdriver/Assert.sys.mjs:38:4
dispatch@chrome://remote/content/marionette/server.sys.mjs:315:19
execute@chrome://remote/content/marionette/server.sys.mjs:289:16
onPacket/<@chrome://remote/content/marionette/server.sys.mjs:262:20
onPacket@chrome://remote/content/marionette/server.sys.mjs:263:9
_onJSONObjectReady/<@chrome://remote/content/marionette/transport.sys.mjs:494:20


During handling of the above exception, another exception occurred:

Traceback (most recent call last):
  File "C:\TIR_TESTE\venv\Lib\site-packages\tir\technologies\webapp_internal.py", line 5861, in SetKey
    self.LoadGrid()
  File "C:\TIR_TESTE\venv\Lib\site-packages\tir\technologies\webapp_internal.py", line 6301, in LoadGrid
    self.fill_grid(field, x3_dictionaries, initial_layer, duplicate_fields)
  File "C:\TIR_TESTE\venv\Lib\site-packages\tir\technologies\webapp_internal.py", line 6676, in fill_grid
    self.log_error(f'fill grid error: {str(e)}')
  File "C:\TIR_TESTE\venv\Lib\site-packages\tir\technologies\webapp_internal.py", line 8206, in log_error
    self.assertTrue(False, log_message)
  File "C:\Users\97137227104\AppData\Local\Programs\Python\Python312\Lib\unittest\case.py", line 727, in assertTrue
    raise self.failureException(msg)
AssertionError: False is not true : Convenio - fill grid error: Message: WebDriver session does not exist, or is not active
Stacktrace:
RemoteError@chrome://remote/content/shared/RemoteError.sys.mjs:8:8
WebDriverError@chrome://remote/content/shared/webdriver/Errors.sys.mjs:202:5
InvalidSessionIDError@chrome://remote/content/shared/webdriver/Errors.sys.mjs:472:5
assert.that/<@chrome://remote/content/shared/webdriver/Assert.sys.mjs:581:13
assert.session@chrome://remote/content/shared/webdriver/Assert.sys.mjs:38:4
dispatch@chrome://remote/content/marionette/server.sys.mjs:315:19
execute@chrome://remote/content/marionette/server.sys.mjs:289:16
onPacket/<@chrome://remote/content/marionette/server.sys.mjs:262:20
onPacket@chrome://remote/content/marionette/server.sys.mjs:263:9
_onJSONObjectReady/<@chrome://remote/content/marionette/transport.sys.mjs:494:20

2025-12-04 10:15:20,945-INFO-root-38076::webapp_internal::WaitShow|4980:: Waiting show text 'Aviso'...
2025-12-04 10:15:20,947-ERROR-root-38076::webapp_internal::web_scrap|3782:: Message: Tried to run command without establishing a connection
Traceback (most recent call last):
  File "C:\TIR_TESTE\venv\Lib\site-packages\tir\technologies\core\base.py", line 501, in get_current_DOM
    self.driver.switch_to.default_content()
  File "C:\TIR_TESTE\venv\Lib\site-packages\selenium\webdriver\remote\switch_to.py", line 69, in default_content
    self._driver.execute(Command.SWITCH_TO_FRAME, {"id": None})
  File "C:\TIR_TESTE\venv\Lib\site-packages\selenium\webdriver\remote\webdriver.py", line 347, in execute
    self.error_handler.check_response(response)
  File "C:\TIR_TESTE\venv\Lib\site-packages\selenium\webdriver\remote\errorhandler.py", line 229, in check_response
    raise exception_class(message, screen, stacktrace)
selenium.common.exceptions.InvalidSessionIdException: Message: Tried to run command without establishing a connection


During handling of the above exception, another exception occurred:

Traceback (most recent call last):
  File "C:\TIR_TESTE\venv\Lib\site-packages\tir\technologies\webapp_internal.py", line 3719, in web_scrap
    soup = self.get_current_DOM(twebview=twebview)
           ^^^^^^^^^^^^^^^^^^^^^^^^^^^^^^^^^^^^^^^
  File "C:\TIR_TESTE\venv\Lib\site-packages\tir\technologies\core\base.py", line 538, in get_current_DOM
    self.driver.switch_to.default_content()
  File "C:\TIR_TESTE\venv\Lib\site-packages\selenium\webdriver\remote\switch_to.py", line 69, in default_content
    self._driver.execute(Command.SWITCH_TO_FRAME, {"id": None})
  File "C:\TIR_TESTE\venv\Lib\site-packages\selenium\webdriver\remote\webdriver.py", line 347, in execute
    self.error_handler.check_response(response)
  File "C:\TIR_TESTE\venv\Lib\site-packages\selenium\webdriver\remote\errorhandler.py", line 229, in check_response
    raise exception_class(message, screen, stacktrace)
selenium.common.exceptions.InvalidSessionIdException: Message: Tried to run command without establishing a connection

2025-12-04 10:15:21,450-ERROR-root-38076::webapp_internal::web_scrap|3782:: Message: Tried to run command without establishing a connection
Traceback (most recent call last):
  File "C:\TIR_TESTE\venv\Lib\site-packages\tir\technologies\core\base.py", line 501, in get_current_DOM
    self.driver.switch_to.default_content()
  File "C:\TIR_TESTE\venv\Lib\site-packages\selenium\webdriver\remote\switch_to.py", line 69, in default_content
    self._driver.execute(Command.SWITCH_TO_FRAME, {"id": None})
  File "C:\TIR_TESTE\venv\Lib\site-packages\selenium\webdriver\remote\webdriver.py", line 347, in execute
    self.error_handler.check_response(response)
  File "C:\TIR_TESTE\venv\Lib\site-packages\selenium\webdriver\remote\errorhandler.py", line 229, in check_response
    raise exception_class(message, screen, stacktrace)
selenium.common.exceptions.InvalidSessionIdException: Message: Tried to run command without establishing a connection


During handling of the above exception, another exception occurred:

Traceback (most recent call last):
  File "C:\TIR_TESTE\venv\Lib\site-packages\tir\technologies\webapp_internal.py", line 3719, in web_scrap
    soup = self.get_current_DOM(twebview=twebview)
           ^^^^^^^^^^^^^^^^^^^^^^^^^^^^^^^^^^^^^^^
  File "C:\TIR_TESTE\venv\Lib\site-packages\tir\technologies\core\base.py", line 538, in get_current_DOM
    self.driver.switch_to.default_content()
  File "C:\TIR_TESTE\venv\Lib\site-packages\selenium\webdriver\remote\switch_to.py", line 69, in default_content
    self._driver.execute(Command.SWITCH_TO_FRAME, {"id": None})
  File "C:\TIR_TESTE\venv\Lib\site-packages\selenium\webdriver\remote\webdriver.py", line 347, in execute
    self.error_handler.check_response(response)
  File "C:\TIR_TESTE\venv\Lib\site-packages\selenium\webdriver\remote\errorhandler.py", line 229, in check_response
    raise exception_class(message, screen, stacktrace)
selenium.common.exceptions.InvalidSessionIdException: Message: Tried to run command without establishing a connection

2025-12-04 10:15:21,955-ERROR-root-38076::webapp_internal::web_scrap|3782:: Message: Tried to run command without establishing a connection
Traceback (most recent call last):
  File "C:\TIR_TESTE\venv\Lib\site-packages\tir\technologies\core\base.py", line 501, in get_current_DOM
    self.driver.switch_to.default_content()
  File "C:\TIR_TESTE\venv\Lib\site-packages\selenium\webdriver\remote\switch_to.py", line 69, in default_content
    self._driver.execute(Command.SWITCH_TO_FRAME, {"id": None})
  File "C:\TIR_TESTE\venv\Lib\site-packages\selenium\webdriver\remote\webdriver.py", line 347, in execute
    self.error_handler.check_response(response)
  File "C:\TIR_TESTE\venv\Lib\site-packages\selenium\webdriver\remote\errorhandler.py", line 229, in check_response
    raise exception_class(message, screen, stacktrace)
selenium.common.exceptions.InvalidSessionIdException: Message: Tried to run command without establishing a connection


During handling of the above exception, another exception occurred:

Traceback (most recent call last):
  File "C:\TIR_TESTE\venv\Lib\site-packages\tir\technologies\webapp_internal.py", line 3719, in web_scrap
    soup = self.get_current_DOM(twebview=twebview)
           ^^^^^^^^^^^^^^^^^^^^^^^^^^^^^^^^^^^^^^^
  File "C:\TIR_TESTE\venv\Lib\site-packages\tir\technologies\core\base.py", line 538, in get_current_DOM
    self.driver.switch_to.default_content()
  File "C:\TIR_TESTE\venv\Lib\site-packages\selenium\webdriver\remote\switch_to.py", line 69, in default_content
    self._driver.execute(Command.SWITCH_TO_FRAME, {"id": None})
  File "C:\TIR_TESTE\venv\Lib\site-packages\selenium\webdriver\remote\webdriver.py", line 347, in execute
    self.error_handler.check_response(response)
  File "C:\TIR_TESTE\venv\Lib\site-packages\selenium\webdriver\remote\errorhandler.py", line 229, in check_response
    raise exception_class(message, screen, stacktrace)
selenium.common.exceptions.InvalidSessionIdException: Message: Tried to run command without establishing a connection

2025-12-04 10:15:22,458-ERROR-root-38076::webapp_internal::web_scrap|3782:: Message: Tried to run command without establishing a connection
Traceback (most recent call last):
  File "C:\TIR_TESTE\venv\Lib\site-packages\tir\technologies\core\base.py", line 501, in get_current_DOM
    self.driver.switch_to.default_content()
  File "C:\TIR_TESTE\venv\Lib\site-packages\selenium\webdriver\remote\switch_to.py", line 69, in default_content
    self._driver.execute(Command.SWITCH_TO_FRAME, {"id": None})
  File "C:\TIR_TESTE\venv\Lib\site-packages\selenium\webdriver\remote\webdriver.py", line 347, in execute
    self.error_handler.check_response(response)
  File "C:\TIR_TESTE\venv\Lib\site-packages\selenium\webdriver\remote\errorhandler.py", line 229, in check_response
    raise exception_class(message, screen, stacktrace)
selenium.common.exceptions.InvalidSessionIdException: Message: Tried to run command without establishing a connection


During handling of the above exception, another exception occurred:

Traceback (most recent call last):
  File "C:\TIR_TESTE\venv\Lib\site-packages\tir\technologies\webapp_internal.py", line 3719, in web_scrap
    soup = self.get_current_DOM(twebview=twebview)
           ^^^^^^^^^^^^^^^^^^^^^^^^^^^^^^^^^^^^^^^
  File "C:\TIR_TESTE\venv\Lib\site-packages\tir\technologies\core\base.py", line 538, in get_current_DOM
    self.driver.switch_to.default_content()
  File "C:\TIR_TESTE\venv\Lib\site-packages\selenium\webdriver\remote\switch_to.py", line 69, in default_content
    self._driver.execute(Command.SWITCH_TO_FRAME, {"id": None})
  File "C:\TIR_TESTE\venv\Lib\site-packages\selenium\webdriver\remote\webdriver.py", line 347, in execute
    self.error_handler.check_response(response)
  File "C:\TIR_TESTE\venv\Lib\site-packages\selenium\webdriver\remote\errorhandler.py", line 229, in check_response
    raise exception_class(message, screen, stacktrace)
selenium.common.exceptions.InvalidSessionIdException: Message: Tried to run command without establishing a connection

2025-12-04 10:15:22,960-DEBUG-root-38076::webapp_internal::wait_blocker|2444:: Waiting blocker to continue...
2025-12-04 10:15:22,961-DEBUG-root-38076::webapp_internal::wait_blocker|2469:: Blocker status: None
2025-12-04 10:15:22,961-INFO-root-38076::webapp_internal::SetKey|5822:: Key pressed: TAB
2025-12-04 10:15:22,961-DEBUG-root-38076::webapp_internal::SetKey|5857:: Trying press key
2025-12-04 10:15:22,963-DEBUG-root-38076::webapp_internal::wait_element|7623:: Waiting for element
2025-12-04 10:15:22,964-WARNING-root-38076::webapp_internal::log_error|8143:: Warning log_error SetKey - Screen is not load: Message: Tried to run command without establishing a connection

2025-12-04 10:15:22,964-DEBUG-root-38076::webapp_internal::log_error|8146:: ***System Info*** in log_error():
2025-12-04 10:15:22,964-DEBUG-root-38076::psutil_info::system_info|5:: CPU USAGE: 9.1%
2025-12-04 10:15:22,965-DEBUG-root-38076::psutil_info::system_info|6:: MEMORY USAGE: 85.4%
2025-12-04 10:15:22,965-DEBUG-root-38076::psutil_info::system_info|7:: MEMORY AVAILABLE: 14.58%
2025-12-04 10:15:22,983-ERROR-root-38076::webapp_internal::log_error|8181:: Warning Log Error Close Message: Tried to run command without establishing a connection
Traceback (most recent call last):
  File "C:\TIR_TESTE\venv\Lib\site-packages\tir\technologies\core\base.py", line 501, in get_current_DOM
    self.driver.switch_to.default_content()
  File "C:\TIR_TESTE\venv\Lib\site-packages\selenium\webdriver\remote\switch_to.py", line 69, in default_content
    self._driver.execute(Command.SWITCH_TO_FRAME, {"id": None})
  File "C:\TIR_TESTE\venv\Lib\site-packages\selenium\webdriver\remote\webdriver.py", line 347, in execute
    self.error_handler.check_response(response)
  File "C:\TIR_TESTE\venv\Lib\site-packages\selenium\webdriver\remote\errorhandler.py", line 229, in check_response
    raise exception_class(message, screen, stacktrace)
selenium.common.exceptions.InvalidSessionIdException: Message: Tried to run command without establishing a connection


During handling of the above exception, another exception occurred:

Traceback (most recent call last):
  File "C:\TIR_TESTE\venv\Lib\site-packages\tir\technologies\webapp_internal.py", line 5861, in SetKey
    self.LoadGrid()
  File "C:\TIR_TESTE\venv\Lib\site-packages\tir\technologies\webapp_internal.py", line 6284, in LoadGrid
    self.wait_element(term=selector, scrap_type=enum.ScrapType.CSS_SELECTOR)
  File "C:\TIR_TESTE\venv\Lib\site-packages\tir\technologies\webapp_internal.py", line 7626, in wait_element
    while (not self.element_exists(term, scrap_type, position, optional_term, main_container, check_error, twebview, second_term) and time.time() < endtime):
               ^^^^^^^^^^^^^^^^^^^^^^^^^^^^^^^^^^^^^^^^^^^^^^^^^^^^^^^^^^^^^^^^^^^^^^^^^^^^^^^^^^^^^^^^^^^^^^^^^^^^^^^^^^^^^^^^^^
  File "C:\TIR_TESTE\venv\Lib\site-packages\tir\technologies\webapp_internal.py", line 4073, in element_exists
    soup = self.get_current_DOM(twebview=twebview)
           ^^^^^^^^^^^^^^^^^^^^^^^^^^^^^^^^^^^^^^^
  File "C:\TIR_TESTE\venv\Lib\site-packages\tir\technologies\core\base.py", line 538, in get_current_DOM
    self.driver.switch_to.default_content()
  File "C:\TIR_TESTE\venv\Lib\site-packages\selenium\webdriver\remote\switch_to.py", line 69, in default_content
    self._driver.execute(Command.SWITCH_TO_FRAME, {"id": None})
  File "C:\TIR_TESTE\venv\Lib\site-packages\selenium\webdriver\remote\webdriver.py", line 347, in execute
    self.error_handler.check_response(response)
  File "C:\TIR_TESTE\venv\Lib\site-packages\selenium\webdriver\remote\errorhandler.py", line 229, in check_response
    raise exception_class(message, screen, stacktrace)
selenium.common.exceptions.InvalidSessionIdException: Message: Tried to run command without establishing a connection


During handling of the above exception, another exception occurred:

Traceback (most recent call last):
  File "C:\TIR_TESTE\venv\Lib\site-packages\tir\technologies\webapp_internal.py", line 8179, in log_error
    self.driver.close()
  File "C:\TIR_TESTE\venv\Lib\site-packages\selenium\webdriver\remote\webdriver.py", line 458, in close
    self.execute(Command.CLOSE)
  File "C:\TIR_TESTE\venv\Lib\site-packages\selenium\webdriver\remote\webdriver.py", line 347, in execute
    self.error_handler.check_response(response)
  File "C:\TIR_TESTE\venv\Lib\site-packages\selenium\webdriver\remote\errorhandler.py", line 229, in check_response
    raise exception_class(message, screen, stacktrace)
selenium.common.exceptions.InvalidSessionIdException: Message: Tried to run command without establishing a connection

2025-12-04 10:15:23,472-ERROR-root-38076::webapp_internal::TearDown|9654:: Warning tearDown Close Message: Tried to run command without establishing a connection
Traceback (most recent call last):
  File "C:\TIR_TESTE\venv\Lib\site-packages\tir\technologies\webapp_internal.py", line 9652, in TearDown
    self.driver.close()
  File "C:\TIR_TESTE\venv\Lib\site-packages\selenium\webdriver\remote\webdriver.py", line 458, in close
    self.execute(Command.CLOSE)
  File "C:\TIR_TESTE\venv\Lib\site-packages\selenium\webdriver\remote\webdriver.py", line 347, in execute
    self.error_handler.check_response(response)
  File "C:\TIR_TESTE\venv\Lib\site-packages\selenium\webdriver\remote\errorhandler.py", line 229, in check_response
    raise exception_class(message, screen, stacktrace)
selenium.common.exceptions.InvalidSessionIdException: Message: Tried to run command without establishing a connection

