2025-12-05 12:11:06,747-DEBUG-root-21440::logging_config::logger|189:: Log file created: 'Log\GESIT03\TIR__20251205121106728.log'
2025-12-05 12:11:06,747-INFO-root-21440::base::Start|1183:: TIR Version: 2.4.3
2025-12-05 12:11:06,747-INFO-root-21440::base::Start|1184:: Python Version: 3.12.10
2025-12-05 12:11:06,747-INFO-root-21440::base::Start|1185:: Starting the browser
2025-12-05 12:11:13,961-INFO-root-21440::base::get_url|1294:: Page is ready!
2025-12-05 12:11:13,964-INFO-root-21440::base::Start|1256:: Browser maximized to 1936x1048
2025-12-05 12:11:13,965-INFO-root-21440::base::Start|1258:: Screen size is different from default used in headless mode
2025-12-05 12:11:14,430-INFO-root-21440::webapp_internal::Setup|247:: ***System Info*** in Setup():
2025-12-05 12:11:14,430-DEBUG-root-21440::psutil_info::system_info|5:: CPU USAGE: 17.0%
2025-12-05 12:11:14,431-DEBUG-root-21440::psutil_info::system_info|6:: MEMORY USAGE: 88.5%
2025-12-05 12:11:14,431-DEBUG-root-21440::psutil_info::system_info|7:: MEMORY AVAILABLE: 11.45%
2025-12-05 12:11:14,471-INFO-root-21440::base::webapp_shadowroot|1394:: Webapp: 10.1.6-RC4
2025-12-05 12:11:14,735-INFO-root-21440::webapp_internal::filling_initial_program|449:: Filling Initial Program: "SIGAMDI"
2025-12-05 12:11:14,735-DEBUG-root-21440::webapp_internal::wait_element|7623:: Waiting for element
2025-12-05 12:11:15,089-DEBUG-root-21440::webapp_internal::wait_element|7653:: Element found! Waiting for element to be displayed.
2025-12-05 12:11:15,422-DEBUG-root-21440::base::click|192:: Click Type: ClickType.JS
2025-12-05 12:11:15,427-DEBUG-root-21440::webapp_internal::try_send_keys|7976:: Trying to send keys to element using technique 0
2025-12-05 12:11:15,752-DEBUG-root-21440::webapp_internal::get_web_value|3232:: Current value: SIGAMDI
2025-12-05 12:11:15,752-INFO-root-21440::webapp_internal::filling_server_environment|463:: Filling Server Environment: "POUPEX_TST"
2025-12-05 12:11:15,752-DEBUG-root-21440::webapp_internal::wait_element|7623:: Waiting for element
2025-12-05 12:11:15,778-DEBUG-root-21440::webapp_internal::wait_element|7653:: Element found! Waiting for element to be displayed.
2025-12-05 12:11:15,945-DEBUG-root-21440::base::click|192:: Click Type: ClickType.JS
2025-12-05 12:11:15,957-DEBUG-root-21440::webapp_internal::try_send_keys|7976:: Trying to send keys to element using technique 0
2025-12-05 12:11:16,291-DEBUG-root-21440::webapp_internal::get_web_value|3232:: Current value: POUPEX_TST
2025-12-05 12:11:16,314-DEBUG-root-21440::base::click|192:: Click Type: ClickType.JS
2025-12-05 12:11:16,327-DEBUG-root-21440::webapp_internal::user_screen|519:: Filling user screen
2025-12-05 12:11:23,233-DEBUG-root-21440::base::scroll_to_element|759:: ********Warining scroll_to_element exception: Message: TypeError: can't access property "scrollIntoView", arguments[0] is null
Stacktrace:
@https://qasrverp:10020/webapp/:2:7
@https://qasrverp:10020/webapp/:3:8
*********
2025-12-05 12:11:23,280-DEBUG-root-21440::webapp_internal::wait_element_timeout|7726:: Element found! Waiting for element to be displayed.
2025-12-05 12:11:23,344-DEBUG-root-21440::base::scroll_to_element|759:: ********Warining scroll_to_element exception: Message: TypeError: can't access property "scrollIntoView", arguments[0] is null
Stacktrace:
@https://qasrverp:10020/webapp/:2:7
@https://qasrverp:10020/webapp/:3:8
*********
2025-12-05 12:11:23,517-INFO-root-21440::webapp_internal::user_screen|561:: Filling User
2025-12-05 12:11:23,550-DEBUG-root-21440::base::double_click|259:: Click Type: ClickType.SELENIUM
2025-12-05 12:11:23,741-DEBUG-root-21440::webapp_internal::get_web_value|3232:: Current value: 97137227104
2025-12-05 12:11:23,766-INFO-root-21440::webapp_internal::user_screen|621:: Filling Password
2025-12-05 12:11:23,791-DEBUG-root-21440::base::click|192:: Click Type: ClickType.JS
2025-12-05 12:11:23,870-DEBUG-root-21440::webapp_internal::get_web_value|3232:: Current value: Val20221080080094+
2025-12-05 12:11:23,870-DEBUG-root-21440::webapp_internal::wait_blocker|2444:: Waiting blocker to continue...
2025-12-05 12:11:23,904-DEBUG-root-21440::webapp_internal::wait_blocker|2469:: Blocker status: None
2025-12-05 12:11:23,930-DEBUG-root-21440::webapp_internal::wait_blocker|2444:: Waiting blocker to continue...
2025-12-05 12:11:23,961-DEBUG-root-21440::webapp_internal::wait_blocker|2469:: Blocker status: None
2025-12-05 12:11:24,002-DEBUG-root-21440::webapp_internal::wait_blocker|2444:: Waiting blocker to continue...
2025-12-05 12:11:24,038-DEBUG-root-21440::webapp_internal::wait_blocker|2469:: Blocker status: None
2025-12-05 12:11:24,038-DEBUG-root-21440::webapp_internal::send_action|10480:: Trying to send action
2025-12-05 12:11:24,046-DEBUG-root-21440::base::click|192:: Click Type: ClickType.JS
2025-12-05 12:11:25,086-DEBUG-root-21440::webapp_internal::send_action|10522:: send_action method result = True
2025-12-05 12:11:25,086-DEBUG-root-21440::webapp_internal::send_action|10523:: send_action selenium status: False
2025-12-05 12:11:27,550-DEBUG-root-21440::base::scroll_to_element|759:: ********Warining scroll_to_element exception: Message: TypeError: can't access property "scrollIntoView", arguments[0] is null
Stacktrace:
@https://qasrverp:10020/webapp/:2:7
@https://qasrverp:10020/webapp/:3:8
*********
2025-12-05 12:11:27,612-INFO-root-21440::webapp_internal::filling_date|885:: Filling Date: "05/12/2025"
2025-12-05 12:11:27,613-DEBUG-root-21440::webapp_internal::wait_blocker|2444:: Waiting blocker to continue...
2025-12-05 12:11:27,652-DEBUG-root-21440::webapp_internal::wait_blocker|2469:: Blocker status: None
2025-12-05 12:11:27,655-DEBUG-root-21440::base::click|192:: Click Type: ClickType.JS
2025-12-05 12:11:27,682-DEBUG-root-21440::webapp_internal::try_send_keys|7976:: Trying to send keys to element using technique 1
2025-12-05 12:11:27,784-DEBUG-root-21440::webapp_internal::get_web_value|3232:: Current value: 05/12/2025
2025-12-05 12:11:28,883-INFO-root-21440::webapp_internal::filling_group|955:: Filling Group: "02"
2025-12-05 12:11:28,883-DEBUG-root-21440::webapp_internal::wait_blocker|2444:: Waiting blocker to continue...
2025-12-05 12:11:28,919-DEBUG-root-21440::webapp_internal::wait_blocker|2469:: Blocker status: None
2025-12-05 12:11:28,922-DEBUG-root-21440::base::click|192:: Click Type: ClickType.JS
2025-12-05 12:11:28,976-DEBUG-root-21440::webapp_internal::get_web_value|3232:: Current value: 02
2025-12-05 12:11:30,048-INFO-root-21440::webapp_internal::filling_branch|1047:: Filling Branch: "02DF0001"
2025-12-05 12:11:30,048-DEBUG-root-21440::webapp_internal::wait_blocker|2444:: Waiting blocker to continue...
2025-12-05 12:11:30,084-DEBUG-root-21440::webapp_internal::wait_blocker|2469:: Blocker status: None
2025-12-05 12:11:30,091-DEBUG-root-21440::base::click|192:: Click Type: ClickType.JS
2025-12-05 12:11:30,148-DEBUG-root-21440::webapp_internal::get_web_value|3232:: Current value: 02DF0001
2025-12-05 12:11:31,248-INFO-root-21440::webapp_internal::filling_environment|1113:: Filling Environment: "07"
2025-12-05 12:11:31,249-DEBUG-root-21440::webapp_internal::wait_blocker|2444:: Waiting blocker to continue...
2025-12-05 12:11:31,287-DEBUG-root-21440::webapp_internal::wait_blocker|2469:: Blocker status: None
2025-12-05 12:11:31,290-DEBUG-root-21440::base::click|192:: Click Type: ClickType.JS
2025-12-05 12:11:31,355-DEBUG-root-21440::webapp_internal::get_web_value|3232:: Current value: 07
2025-12-05 12:11:32,366-DEBUG-root-21440::webapp_internal::close_warning_screen|1489:: Closing warning screen!
2025-12-05 12:11:33,400-DEBUG-root-21440::webapp_internal::check_screen_element|1291:: Checking screen element: "Atenção": False
2025-12-05 12:11:34,595-INFO-root-21440::webapp_internal::environment_screen|796:: Clicking on Button
2025-12-05 12:11:34,597-DEBUG-root-21440::webapp_internal::wait_blocker|2444:: Waiting blocker to continue...
2025-12-05 12:11:34,644-DEBUG-root-21440::webapp_internal::wait_blocker|2469:: Blocker status: None
2025-12-05 12:11:34,648-DEBUG-root-21440::base::click|192:: Click Type: ClickType.JS
2025-12-05 12:11:35,664-DEBUG-root-21440::base::click|192:: Click Type: ClickType.JS
2025-12-05 12:11:36,671-DEBUG-root-21440::base::click|192:: Click Type: ClickType.JS
2025-12-05 12:11:37,680-DEBUG-root-21440::base::click|192:: Click Type: ClickType.JS
2025-12-05 12:11:38,687-DEBUG-root-21440::base::click|192:: Click Type: ClickType.JS
2025-12-05 12:11:39,696-DEBUG-root-21440::base::click|192:: Click Type: ClickType.JS
2025-12-05 12:11:40,704-DEBUG-root-21440::webapp_internal::close_screen_before_menu|368:: Closing screen before the menu
2025-12-05 12:11:40,758-DEBUG-root-21440::webapp_internal::close_warning_screen|1489:: Closing warning screen!
2025-12-05 12:11:41,817-DEBUG-root-21440::webapp_internal::check_screen_element|1291:: Checking screen element: "Atenção": False
2025-12-05 12:11:41,817-DEBUG-root-21440::webapp_internal::close_coin_screen|1424:: Closing coin screen!
2025-12-05 12:11:42,388-DEBUG-root-21440::base::click|192:: Click Type: ClickType.JS
2025-12-05 12:11:42,449-DEBUG-root-21440::webapp_internal::close_warning_screen|1489:: Closing warning screen!
2025-12-05 12:11:43,508-DEBUG-root-21440::webapp_internal::check_screen_element|1291:: Checking screen element: "Atenção": False
2025-12-05 12:11:43,508-DEBUG-root-21440::webapp_internal::close_coin_screen|1424:: Closing coin screen!
2025-12-05 12:11:43,627-INFO-root-21440::webapp_internal::set_log_info|1623:: Getting log info
2025-12-05 12:11:43,628-INFO-root-21440::webapp_internal::SetLateralMenu|4184:: Navigating lateral menu: Ajuda > Sobre
2025-12-05 12:11:43,638-DEBUG-root-21440::webapp_internal::wait_element|7623:: Waiting for element
2025-12-05 12:11:43,676-DEBUG-root-21440::webapp_internal::wait_element|7653:: Element found! Waiting for element to be displayed.
2025-12-05 12:11:43,857-INFO-root-21440::webapp_internal::SetLateralMenu|4203:: Menu item: "Ajuda"
2025-12-05 12:11:43,857-DEBUG-root-21440::webapp_internal::wait_blocker|2444:: Waiting blocker to continue...
2025-12-05 12:11:43,926-DEBUG-root-21440::webapp_internal::wait_blocker|2469:: Blocker status: False
2025-12-05 12:11:44,280-DEBUG-root-21440::webapp_internal::wait_element_timeout|7726:: Element found! Waiting for element to be displayed.
2025-12-05 12:11:44,608-DEBUG-root-21440::webapp_internal::wait_blocker|2444:: Waiting blocker to continue...
2025-12-05 12:11:44,676-DEBUG-root-21440::webapp_internal::wait_blocker|2469:: Blocker status: False
2025-12-05 12:11:46,975-INFO-root-21440::webapp_internal::SetLateralMenu|4203:: Menu item: "Sobre"
2025-12-05 12:11:46,975-DEBUG-root-21440::webapp_internal::wait_blocker|2444:: Waiting blocker to continue...
2025-12-05 12:11:47,041-DEBUG-root-21440::webapp_internal::wait_blocker|2469:: Blocker status: False
2025-12-05 12:11:47,483-DEBUG-root-21440::webapp_internal::wait_element_timeout|7726:: Element found! Waiting for element to be displayed.
2025-12-05 12:11:47,872-DEBUG-root-21440::webapp_internal::wait_blocker|2444:: Waiting blocker to continue...
2025-12-05 12:11:47,943-DEBUG-root-21440::webapp_internal::wait_blocker|2469:: Blocker status: False
2025-12-05 12:11:50,576-DEBUG-root-21440::webapp_internal::wait_blocker|2444:: Waiting blocker to continue...
2025-12-05 12:11:50,645-DEBUG-root-21440::webapp_internal::wait_blocker|2469:: Blocker status: False
2025-12-05 12:11:50,720-DEBUG-root-21440::webapp_internal::wait_element|7623:: Waiting for element
2025-12-05 12:11:50,764-DEBUG-root-21440::webapp_internal::wait_element|7653:: Element found! Waiting for element to be displayed.
2025-12-05 12:11:50,934-INFO-root-21440::webapp_internal::SetButton|4444:: Clicking on Fechar
2025-12-05 12:11:50,934-DEBUG-root-21440::webapp_internal::wait_blocker|2444:: Waiting blocker to continue...
2025-12-05 12:11:51,008-DEBUG-root-21440::webapp_internal::wait_blocker|2469:: Blocker status: False
2025-12-05 12:11:51,189-DEBUG-root-21440::webapp_internal::wait_element_timeout|7726:: Element found! Waiting for element to be displayed.
2025-12-05 12:11:51,264-DEBUG-root-21440::webapp_internal::SetButton|4481:: ***System Info*** Before Clicking on button:Fechar
2025-12-05 12:11:51,264-DEBUG-root-21440::psutil_info::system_info|5:: CPU USAGE: 14.9%
2025-12-05 12:11:51,265-DEBUG-root-21440::psutil_info::system_info|6:: MEMORY USAGE: 89.4%
2025-12-05 12:11:51,265-DEBUG-root-21440::psutil_info::system_info|7:: MEMORY AVAILABLE: 10.56%
2025-12-05 12:11:51,431-DEBUG-root-21440::webapp_internal::wait_element_timeout|7726:: Element found! Waiting for element to be displayed.
2025-12-05 12:11:51,546-DEBUG-root-21440::webapp_internal::wait_blocker|2444:: Waiting blocker to continue...
2025-12-05 12:11:51,619-DEBUG-root-21440::webapp_internal::wait_blocker|2469:: Blocker status: False
2025-12-05 12:11:51,639-DEBUG-root-21440::webapp_internal::wait_blocker|2444:: Waiting blocker to continue...
2025-12-05 12:11:51,739-DEBUG-root-21440::webapp_internal::wait_blocker|2469:: Blocker status: False
2025-12-05 12:11:51,739-DEBUG-root-21440::webapp_internal::send_action|10480:: Trying to send action
2025-12-05 12:11:51,743-DEBUG-root-21440::base::click|192:: Click Type: ClickType.JS
2025-12-05 12:11:52,775-DEBUG-root-21440::webapp_internal::send_action|10522:: send_action method result = True
2025-12-05 12:11:52,775-DEBUG-root-21440::webapp_internal::send_action|10523:: send_action selenium status: False
2025-12-05 12:11:52,775-DEBUG-root-21440::webapp_internal::SetButton|4683:: ***System Info*** After Clicking on button:
2025-12-05 12:11:52,775-DEBUG-root-21440::psutil_info::system_info|5:: CPU USAGE: 10.7%
2025-12-05 12:11:52,776-DEBUG-root-21440::psutil_info::system_info|6:: MEMORY USAGE: 89.5%
2025-12-05 12:11:52,776-DEBUG-root-21440::psutil_info::system_info|7:: MEMORY AVAILABLE: 10.55%
2025-12-05 12:11:52,776-DEBUG-root-21440::webapp_internal::wait_element|7623:: Waiting for element
2025-12-05 12:11:52,865-INFO-root-21440::webapp_internal::SetLateralMenu|4184:: Navigating lateral menu: Atualizações > Gestao de Viagens > Solicitações
2025-12-05 12:11:52,875-DEBUG-root-21440::webapp_internal::wait_element|7623:: Waiting for element
2025-12-05 12:11:52,916-DEBUG-root-21440::webapp_internal::wait_element|7653:: Element found! Waiting for element to be displayed.
2025-12-05 12:11:53,077-INFO-root-21440::webapp_internal::SetLateralMenu|4203:: Menu item: "Atualizações"
2025-12-05 12:11:53,077-DEBUG-root-21440::webapp_internal::wait_blocker|2444:: Waiting blocker to continue...
2025-12-05 12:11:53,143-DEBUG-root-21440::webapp_internal::wait_blocker|2469:: Blocker status: False
2025-12-05 12:11:53,561-DEBUG-root-21440::webapp_internal::wait_element_timeout|7726:: Element found! Waiting for element to be displayed.
2025-12-05 12:11:53,926-DEBUG-root-21440::webapp_internal::wait_blocker|2444:: Waiting blocker to continue...
2025-12-05 12:11:53,989-DEBUG-root-21440::webapp_internal::wait_blocker|2469:: Blocker status: False
2025-12-05 12:11:56,266-INFO-root-21440::webapp_internal::SetLateralMenu|4203:: Menu item: "Gestao de Viagens"
2025-12-05 12:11:56,266-DEBUG-root-21440::webapp_internal::wait_blocker|2444:: Waiting blocker to continue...
2025-12-05 12:11:56,363-DEBUG-root-21440::webapp_internal::wait_blocker|2469:: Blocker status: False
2025-12-05 12:11:57,120-DEBUG-root-21440::webapp_internal::wait_element_timeout|7726:: Element found! Waiting for element to be displayed.
2025-12-05 12:11:57,894-DEBUG-root-21440::webapp_internal::wait_blocker|2444:: Waiting blocker to continue...
2025-12-05 12:11:58,027-DEBUG-root-21440::webapp_internal::wait_blocker|2469:: Blocker status: False
2025-12-05 12:12:00,330-INFO-root-21440::webapp_internal::SetLateralMenu|4203:: Menu item: "Solicitações"
2025-12-05 12:12:00,331-DEBUG-root-21440::webapp_internal::wait_blocker|2444:: Waiting blocker to continue...
2025-12-05 12:12:00,418-DEBUG-root-21440::webapp_internal::wait_blocker|2469:: Blocker status: False
2025-12-05 12:12:01,394-DEBUG-root-21440::webapp_internal::wait_element_timeout|7726:: Element found! Waiting for element to be displayed.
2025-12-05 12:12:02,302-DEBUG-root-21440::webapp_internal::wait_blocker|2444:: Waiting blocker to continue...
2025-12-05 12:12:02,397-DEBUG-root-21440::webapp_internal::wait_blocker|2469:: Blocker status: False
2025-12-05 12:12:06,075-DEBUG-root-21440::webapp_internal::wait_blocker|2444:: Waiting blocker to continue...
2025-12-05 12:12:06,171-DEBUG-root-21440::webapp_internal::wait_blocker|2469:: Blocker status: False
2025-12-05 12:12:06,259-INFO-root-21440::webapp_internal::WaitShow|4980:: Waiting show text 'Este ambiente utiliza base de Homologação.'...
2025-12-05 12:12:11,554-INFO-root-21440::webapp_internal::WaitShow|4980:: Waiting show text 'Moedas'...
2025-12-05 12:12:16,815-INFO-root-21440::webapp_internal::WaitShow|4980:: Waiting show text 'Solicitação de Viagens/Treinamento'...
2025-12-05 12:12:16,891-INFO-root-21440::webapp_internal::WaitShow|4996:: Text found! 
2025-12-05 12:12:16,892-INFO-root-21440::webapp_internal::SetButton|4444:: Clicking on Incluir
2025-12-05 12:12:16,892-DEBUG-root-21440::webapp_internal::wait_blocker|2444:: Waiting blocker to continue...
2025-12-05 12:12:16,993-DEBUG-root-21440::webapp_internal::wait_blocker|2469:: Blocker status: False
2025-12-05 12:12:17,399-DEBUG-root-21440::webapp_internal::wait_element_timeout|7726:: Element found! Waiting for element to be displayed.
2025-12-05 12:12:17,673-DEBUG-root-21440::webapp_internal::SetButton|4481:: ***System Info*** Before Clicking on button:Incluir
2025-12-05 12:12:17,673-DEBUG-root-21440::psutil_info::system_info|5:: CPU USAGE: 17.0%
2025-12-05 12:12:17,674-DEBUG-root-21440::psutil_info::system_info|6:: MEMORY USAGE: 91.4%
2025-12-05 12:12:17,674-DEBUG-root-21440::psutil_info::system_info|7:: MEMORY AVAILABLE: 8.64%
2025-12-05 12:12:18,075-DEBUG-root-21440::webapp_internal::wait_element_timeout|7726:: Element found! Waiting for element to be displayed.
2025-12-05 12:12:18,485-DEBUG-root-21440::webapp_internal::wait_blocker|2444:: Waiting blocker to continue...
2025-12-05 12:12:18,582-DEBUG-root-21440::webapp_internal::wait_blocker|2469:: Blocker status: False
2025-12-05 12:12:18,605-DEBUG-root-21440::webapp_internal::wait_blocker|2444:: Waiting blocker to continue...
2025-12-05 12:12:18,706-DEBUG-root-21440::webapp_internal::wait_blocker|2469:: Blocker status: False
2025-12-05 12:12:18,706-DEBUG-root-21440::webapp_internal::send_action|10480:: Trying to send action
2025-12-05 12:12:18,709-DEBUG-root-21440::base::click|192:: Click Type: ClickType.JS
2025-12-05 12:12:19,954-DEBUG-root-21440::webapp_internal::send_action|10522:: send_action method result = True
2025-12-05 12:12:19,954-DEBUG-root-21440::webapp_internal::send_action|10523:: send_action selenium status: True
2025-12-05 12:12:19,954-DEBUG-root-21440::webapp_internal::SetButton|4683:: ***System Info*** After Clicking on button:
2025-12-05 12:12:19,955-DEBUG-root-21440::psutil_info::system_info|5:: CPU USAGE: 13.4%
2025-12-05 12:12:19,955-DEBUG-root-21440::psutil_info::system_info|6:: MEMORY USAGE: 91.3%
2025-12-05 12:12:19,956-DEBUG-root-21440::psutil_info::system_info|7:: MEMORY AVAILABLE: 8.75%
2025-12-05 12:12:20,157-DEBUG-root-21440::webapp_internal::wait_blocker|2444:: Waiting blocker to continue...
2025-12-05 12:12:20,249-DEBUG-root-21440::webapp_internal::wait_blocker|2469:: Blocker status: False
2025-12-05 12:12:20,250-INFO-root-21440::webapp_internal::SearchBrowse|2003:: Searching: 02DF0001
2025-12-05 12:12:20,403-DEBUG-root-21440::webapp_internal::wait_element_timeout|7726:: Element found! Waiting for element to be displayed.
2025-12-05 12:12:20,488-DEBUG-root-21440::webapp_internal::wait_blocker|2444:: Waiting blocker to continue...
2025-12-05 12:12:20,593-DEBUG-root-21440::webapp_internal::wait_blocker|2469:: Blocker status: False
2025-12-05 12:12:20,601-DEBUG-root-21440::webapp_internal::wait_blocker|2444:: Waiting blocker to continue...
2025-12-05 12:12:20,716-DEBUG-root-21440::webapp_internal::wait_blocker|2469:: Blocker status: False
2025-12-05 12:12:20,717-INFO-root-21440::webapp_internal::fill_search_browse|2399:: Filling: 02DF0001
2025-12-05 12:12:20,729-DEBUG-root-21440::base::click|192:: Click Type: ClickType.JS
2025-12-05 12:12:21,828-DEBUG-root-21440::webapp_internal::wait_blocker|2444:: Waiting blocker to continue...
2025-12-05 12:12:21,933-DEBUG-root-21440::webapp_internal::wait_blocker|2469:: Blocker status: False
2025-12-05 12:12:21,935-DEBUG-root-21440::base::double_click|259:: Click Type: ClickType.SELENIUM
2025-12-05 12:12:21,940-WARNING-root-21440::base::double_click|280:: Warning double_click method Exception: Message: Element <button class="button-image" type="button"> is not clickable at point (1258,360) because another element <wa-button id="COMP6023" class="dict-tbutton focus"> obscures it
Stacktrace:
RemoteError@chrome://remote/content/shared/RemoteError.sys.mjs:8:8
WebDriverError@chrome://remote/content/shared/webdriver/Errors.sys.mjs:202:5
ElementClickInterceptedError@chrome://remote/content/shared/webdriver/Errors.sys.mjs:354:5
webdriverClickElement@chrome://remote/content/marionette/interaction.sys.mjs:175:11
interaction.clickElement@chrome://remote/content/marionette/interaction.sys.mjs:134:11
clickElement@chrome://remote/content/marionette/actors/MarionetteCommandsChild.sys.mjs:327:29
receiveMessage@chrome://remote/content/marionette/actors/MarionetteCommandsChild.sys.mjs:210:31

2025-12-05 12:12:22,246-INFO-root-21440::webapp_internal::SetButton|4444:: Clicking on OK
2025-12-05 12:12:22,246-DEBUG-root-21440::webapp_internal::wait_blocker|2444:: Waiting blocker to continue...
2025-12-05 12:12:22,371-DEBUG-root-21440::webapp_internal::wait_blocker|2469:: Blocker status: False
2025-12-05 12:12:22,701-DEBUG-root-21440::webapp_internal::wait_element_timeout|7726:: Element found! Waiting for element to be displayed.
2025-12-05 12:12:22,922-DEBUG-root-21440::webapp_internal::SetButton|4481:: ***System Info*** Before Clicking on button:OK
2025-12-05 12:12:22,922-DEBUG-root-21440::psutil_info::system_info|5:: CPU USAGE: 10.1%
2025-12-05 12:12:22,922-DEBUG-root-21440::psutil_info::system_info|6:: MEMORY USAGE: 90.9%
2025-12-05 12:12:22,923-DEBUG-root-21440::psutil_info::system_info|7:: MEMORY AVAILABLE: 9.14%
2025-12-05 12:12:23,212-DEBUG-root-21440::webapp_internal::wait_element_timeout|7726:: Element found! Waiting for element to be displayed.
2025-12-05 12:12:23,453-DEBUG-root-21440::webapp_internal::wait_blocker|2444:: Waiting blocker to continue...
2025-12-05 12:12:23,553-DEBUG-root-21440::webapp_internal::wait_blocker|2469:: Blocker status: False
2025-12-05 12:12:23,581-DEBUG-root-21440::webapp_internal::wait_blocker|2444:: Waiting blocker to continue...
2025-12-05 12:12:23,682-DEBUG-root-21440::webapp_internal::wait_blocker|2469:: Blocker status: False
2025-12-05 12:12:23,682-DEBUG-root-21440::webapp_internal::send_action|10480:: Trying to send action
2025-12-05 12:12:23,684-DEBUG-root-21440::base::click|192:: Click Type: ClickType.JS
2025-12-05 12:12:26,332-DEBUG-root-21440::webapp_internal::send_action|10522:: send_action method result = True
2025-12-05 12:12:26,332-DEBUG-root-21440::webapp_internal::send_action|10523:: send_action selenium status: True
2025-12-05 12:12:26,333-DEBUG-root-21440::webapp_internal::SetButton|4683:: ***System Info*** After Clicking on button:
2025-12-05 12:12:26,333-DEBUG-root-21440::psutil_info::system_info|5:: CPU USAGE: 13.1%
2025-12-05 12:12:26,333-DEBUG-root-21440::psutil_info::system_info|6:: MEMORY USAGE: 91.3%
2025-12-05 12:12:26,334-DEBUG-root-21440::psutil_info::system_info|7:: MEMORY AVAILABLE: 8.74%
2025-12-05 12:12:26,534-INFO-root-21440::webapp_internal::WaitShow|4980:: Waiting show text 'Solicitacoes de Viagens - INCLUIR'...
2025-12-05 12:12:26,779-INFO-root-21440::webapp_internal::WaitShow|4996:: Text found! 
2025-12-05 12:12:26,781-DEBUG-root-21440::webapp_internal::wait_blocker|2444:: Waiting blocker to continue...
2025-12-05 12:12:26,918-DEBUG-root-21440::webapp_internal::wait_blocker|2469:: Blocker status: False
2025-12-05 12:12:26,919-DEBUG-root-21440::webapp_internal::wait_element|7623:: Waiting for element
2025-12-05 12:12:27,035-DEBUG-root-21440::webapp_internal::wait_element|7653:: Element found! Waiting for element to be displayed.
2025-12-05 12:12:27,105-INFO-root-21440::webapp_internal::input_value|2941:: Looking for element: ZV3_DESCRI
2025-12-05 12:12:27,272-INFO-root-21440::webapp_internal::input_value|2951:: Element: ZV3_DESCRI Found!
2025-12-05 12:12:27,272-INFO-root-21440::webapp_internal::input_value|2953:: Filling element: ZV3_DESCRI
2025-12-05 12:12:27,303-DEBUG-root-21440::webapp_internal::get_web_value|3232:: Current value:                                                   
2025-12-05 12:12:27,339-DEBUG-root-21440::base::double_click|259:: Click Type: ClickType.SELENIUM
2025-12-05 12:12:27,614-DEBUG-root-21440::webapp_internal::wait_blocker|2444:: Waiting blocker to continue...
2025-12-05 12:12:27,778-DEBUG-root-21440::webapp_internal::wait_blocker|2469:: Blocker status: False
2025-12-05 12:12:28,129-DEBUG-root-21440::webapp_internal::get_web_value|3232:: Current value: USO PARA TESTE AUTOMATIZADO                       
2025-12-05 12:12:28,129-INFO-root-21440::webapp_internal::input_value|3059:: Current field value: USO PARA TESTE AUTOMATIZADO
2025-12-05 12:12:28,153-DEBUG-root-21440::webapp_internal::wait_blocker|2444:: Waiting blocker to continue...
2025-12-05 12:12:28,296-DEBUG-root-21440::webapp_internal::wait_blocker|2469:: Blocker status: False
2025-12-05 12:12:28,296-DEBUG-root-21440::webapp_internal::wait_element|7623:: Waiting for element
2025-12-05 12:12:28,380-DEBUG-root-21440::webapp_internal::wait_element|7653:: Element found! Waiting for element to be displayed.
2025-12-05 12:12:28,451-INFO-root-21440::webapp_internal::input_value|2941:: Looking for element: ZV3_DTINI
2025-12-05 12:12:28,635-INFO-root-21440::webapp_internal::input_value|2951:: Element: ZV3_DTINI Found!
2025-12-05 12:12:28,635-INFO-root-21440::webapp_internal::input_value|2953:: Filling element: ZV3_DTINI
2025-12-05 12:12:28,671-DEBUG-root-21440::webapp_internal::get_web_value|3232:: Current value:   /  /    
2025-12-05 12:12:28,716-DEBUG-root-21440::base::double_click|259:: Click Type: ClickType.SELENIUM
2025-12-05 12:12:28,966-DEBUG-root-21440::webapp_internal::wait_blocker|2444:: Waiting blocker to continue...
2025-12-05 12:12:29,100-DEBUG-root-21440::webapp_internal::wait_blocker|2469:: Blocker status: False
2025-12-05 12:12:29,436-DEBUG-root-21440::webapp_internal::get_web_value|3232:: Current value: 20/12/2025
2025-12-05 12:12:29,437-INFO-root-21440::webapp_internal::input_value|3059:: Current field value: 20122025
2025-12-05 12:12:29,450-DEBUG-root-21440::webapp_internal::wait_blocker|2444:: Waiting blocker to continue...
2025-12-05 12:12:29,598-DEBUG-root-21440::webapp_internal::wait_blocker|2469:: Blocker status: False
2025-12-05 12:12:29,599-DEBUG-root-21440::webapp_internal::wait_element|7623:: Waiting for element
2025-12-05 12:12:29,681-DEBUG-root-21440::webapp_internal::wait_element|7653:: Element found! Waiting for element to be displayed.
2025-12-05 12:12:29,750-INFO-root-21440::webapp_internal::input_value|2941:: Looking for element: ZV3_DTFIM
2025-12-05 12:12:29,931-INFO-root-21440::webapp_internal::input_value|2951:: Element: ZV3_DTFIM Found!
2025-12-05 12:12:29,931-INFO-root-21440::webapp_internal::input_value|2953:: Filling element: ZV3_DTFIM
2025-12-05 12:12:29,963-DEBUG-root-21440::webapp_internal::get_web_value|3232:: Current value:   /  /    
2025-12-05 12:12:29,999-DEBUG-root-21440::base::double_click|259:: Click Type: ClickType.SELENIUM
2025-12-05 12:12:30,264-DEBUG-root-21440::webapp_internal::wait_blocker|2444:: Waiting blocker to continue...
2025-12-05 12:12:30,403-DEBUG-root-21440::webapp_internal::wait_blocker|2469:: Blocker status: False
2025-12-05 12:12:30,732-DEBUG-root-21440::webapp_internal::get_web_value|3232:: Current value: 27/12/2025
2025-12-05 12:12:30,732-INFO-root-21440::webapp_internal::input_value|3059:: Current field value: 27122025
2025-12-05 12:12:31,741-DEBUG-root-21440::webapp_internal::wait_blocker|2444:: Waiting blocker to continue...
2025-12-05 12:12:31,898-DEBUG-root-21440::webapp_internal::wait_blocker|2469:: Blocker status: False
2025-12-05 12:12:31,899-DEBUG-root-21440::webapp_internal::wait_element|7623:: Waiting for element
2025-12-05 12:12:32,022-DEBUG-root-21440::webapp_internal::wait_element|7653:: Element found! Waiting for element to be displayed.
2025-12-05 12:12:32,101-INFO-root-21440::webapp_internal::input_value|2941:: Looking for element: ZV3_CC
2025-12-05 12:12:32,264-INFO-root-21440::webapp_internal::input_value|2951:: Element: ZV3_CC Found!
2025-12-05 12:12:32,265-INFO-root-21440::webapp_internal::input_value|2953:: Filling element: ZV3_CC
2025-12-05 12:12:32,287-DEBUG-root-21440::webapp_internal::get_web_value|3232:: Current value:          
2025-12-05 12:12:32,324-DEBUG-root-21440::base::double_click|259:: Click Type: ClickType.SELENIUM
2025-12-05 12:12:32,588-DEBUG-root-21440::webapp_internal::wait_blocker|2444:: Waiting blocker to continue...
2025-12-05 12:12:32,723-DEBUG-root-21440::webapp_internal::wait_blocker|2469:: Blocker status: False
2025-12-05 12:12:33,033-DEBUG-root-21440::webapp_internal::get_web_value|3232:: Current value: 000000677
2025-12-05 12:12:33,034-INFO-root-21440::webapp_internal::input_value|3059:: Current field value: 000000677
2025-12-05 12:12:33,046-DEBUG-root-21440::webapp_internal::wait_blocker|2444:: Waiting blocker to continue...
2025-12-05 12:12:33,195-DEBUG-root-21440::webapp_internal::wait_blocker|2469:: Blocker status: False
2025-12-05 12:12:33,196-DEBUG-root-21440::webapp_internal::wait_element|7623:: Waiting for element
2025-12-05 12:12:33,280-DEBUG-root-21440::webapp_internal::wait_element|7653:: Element found! Waiting for element to be displayed.
2025-12-05 12:12:33,352-INFO-root-21440::webapp_internal::input_value|2941:: Looking for element: ZV3_TIPO
2025-12-05 12:12:33,518-INFO-root-21440::webapp_internal::input_value|2951:: Element: ZV3_TIPO Found!
2025-12-05 12:12:33,518-INFO-root-21440::webapp_internal::input_value|2953:: Filling element: ZV3_TIPO
2025-12-05 12:12:34,726-INFO-root-21440::base::select_combo|871:: Selected value for combo is: 1 - Servico
2025-12-05 12:12:34,768-DEBUG-root-21440::webapp_internal::wait_blocker|2444:: Waiting blocker to continue...
2025-12-05 12:12:34,904-DEBUG-root-21440::webapp_internal::wait_blocker|2469:: Blocker status: False
2025-12-05 12:12:34,904-DEBUG-root-21440::webapp_internal::wait_element|7623:: Waiting for element
2025-12-05 12:12:35,001-DEBUG-root-21440::webapp_internal::wait_element|7653:: Element found! Waiting for element to be displayed.
2025-12-05 12:12:35,075-INFO-root-21440::webapp_internal::input_value|2941:: Looking for element: ZV3_OBS
2025-12-05 12:12:35,236-INFO-root-21440::webapp_internal::input_value|2951:: Element: ZV3_OBS Found!
2025-12-05 12:12:35,236-INFO-root-21440::webapp_internal::input_value|2953:: Filling element: ZV3_OBS
2025-12-05 12:12:35,263-DEBUG-root-21440::webapp_internal::get_web_value|3232:: Current value: 
2025-12-05 12:12:35,284-DEBUG-root-21440::base::double_click|259:: Click Type: ClickType.SELENIUM
2025-12-05 12:12:35,537-DEBUG-root-21440::webapp_internal::wait_blocker|2444:: Waiting blocker to continue...
2025-12-05 12:12:35,745-DEBUG-root-21440::webapp_internal::wait_blocker|2469:: Blocker status: False
2025-12-05 12:12:36,095-DEBUG-root-21440::webapp_internal::get_web_value|3232:: Current value: TESTE DE SOLICITAÇÃO DE VIAGEM
2025-12-05 12:12:36,095-INFO-root-21440::webapp_internal::input_value|3059:: Current field value: TESTE DE SOLICITAÇÃO DE VIAGEM
2025-12-05 12:12:36,104-DEBUG-root-21440::webapp_internal::wait_blocker|2444:: Waiting blocker to continue...
2025-12-05 12:12:36,269-DEBUG-root-21440::webapp_internal::wait_blocker|2469:: Blocker status: False
2025-12-05 12:12:36,269-INFO-root-21440::webapp_internal::SetKey|5822:: Key pressed: TAB
2025-12-05 12:12:36,269-DEBUG-root-21440::webapp_internal::SetKey|5857:: Trying press key
2025-12-05 12:12:36,439-DEBUG-root-21440::webapp_internal::wait_blocker|2444:: Waiting blocker to continue...
2025-12-05 12:12:36,579-DEBUG-root-21440::webapp_internal::wait_blocker|2469:: Blocker status: False
2025-12-05 12:12:36,623-DEBUG-root-21440::webapp_internal::wait_blocker|2444:: Waiting blocker to continue...
2025-12-05 12:12:36,762-DEBUG-root-21440::webapp_internal::wait_blocker|2469:: Blocker status: False
2025-12-05 12:12:36,763-DEBUG-root-21440::webapp_internal::send_action|10480:: Trying to send action
2025-12-05 12:12:37,806-DEBUG-root-21440::webapp_internal::send_action|10522:: send_action method result = True
2025-12-05 12:12:37,806-DEBUG-root-21440::webapp_internal::send_action|10523:: send_action selenium status: False
2025-12-05 12:12:37,806-DEBUG-root-21440::webapp_internal::wait_element|7623:: Waiting for element
2025-12-05 12:12:37,913-DEBUG-root-21440::webapp_internal::wait_element|7653:: Element found! Waiting for element to be displayed.
2025-12-05 12:12:38,188-DEBUG-root-21440::webapp_internal::wait_blocker|2444:: Waiting blocker to continue...
2025-12-05 12:12:38,322-DEBUG-root-21440::webapp_internal::wait_blocker|2469:: Blocker status: False
2025-12-05 12:12:38,322-INFO-root-21440::webapp_internal::LoadGrid|6298:: Filling grid field: Favorecido
2025-12-05 12:12:38,322-DEBUG-root-21440::webapp_internal::fill_grid|6399:: Grid loading...
2025-12-05 12:12:38,499-DEBUG-root-21440::webapp_internal::fill_grid|6466:: Column found!
2025-12-05 12:12:38,539-DEBUG-root-21440::base::click|192:: Click Type: ClickType.ACTIONCHAINS
2025-12-05 12:12:38,839-DEBUG-root-21440::webapp_internal::fill_grid|6486:: Trying to select cell in grid!
2025-12-05 12:12:38,844-DEBUG-root-21440::base::click|192:: Click Type: ClickType.ACTIONCHAINS
2025-12-05 12:12:39,131-DEBUG-root-21440::webapp_internal::fill_grid|6486:: Trying to select cell in grid!
2025-12-05 12:12:39,133-DEBUG-root-21440::base::click|192:: Click Type: ClickType.ACTIONCHAINS
2025-12-05 12:12:39,421-DEBUG-root-21440::webapp_internal::fill_grid|6486:: Trying to select cell in grid!
2025-12-05 12:12:39,427-DEBUG-root-21440::base::click|192:: Click Type: ClickType.ACTIONCHAINS
2025-12-05 12:12:39,717-DEBUG-root-21440::webapp_internal::fill_grid|6486:: Trying to select cell in grid!
2025-12-05 12:12:39,719-DEBUG-root-21440::base::click|192:: Click Type: ClickType.ACTIONCHAINS
2025-12-05 12:12:40,006-DEBUG-root-21440::webapp_internal::fill_grid|6486:: Trying to select cell in grid!
2025-12-05 12:12:40,011-DEBUG-root-21440::base::click|192:: Click Type: ClickType.ACTIONCHAINS
2025-12-05 12:12:40,303-DEBUG-root-21440::webapp_internal::fill_grid|6486:: Trying to select cell in grid!
2025-12-05 12:12:40,305-DEBUG-root-21440::base::click|192:: Click Type: ClickType.ACTIONCHAINS
2025-12-05 12:12:40,601-DEBUG-root-21440::webapp_internal::fill_grid|6486:: Trying to select cell in grid!
2025-12-05 12:12:40,603-DEBUG-root-21440::base::click|192:: Click Type: ClickType.ACTIONCHAINS
2025-12-05 12:12:40,866-DEBUG-root-21440::webapp_internal::fill_grid|6486:: Trying to select cell in grid!
2025-12-05 12:12:40,868-DEBUG-root-21440::base::click|192:: Click Type: ClickType.ACTIONCHAINS
2025-12-05 12:12:41,162-DEBUG-root-21440::webapp_internal::fill_grid|6486:: Trying to select cell in grid!
2025-12-05 12:12:41,164-DEBUG-root-21440::base::click|192:: Click Type: ClickType.ACTIONCHAINS
2025-12-05 12:12:41,462-DEBUG-root-21440::webapp_internal::fill_grid|6486:: Trying to select cell in grid!
2025-12-05 12:12:41,466-DEBUG-root-21440::base::click|192:: Click Type: ClickType.ACTIONCHAINS
2025-12-05 12:12:41,763-DEBUG-root-21440::webapp_internal::fill_grid|6486:: Trying to select cell in grid!
2025-12-05 12:12:41,766-DEBUG-root-21440::base::click|192:: Click Type: ClickType.ACTIONCHAINS
2025-12-05 12:12:42,064-DEBUG-root-21440::webapp_internal::fill_grid|6486:: Trying to select cell in grid!
2025-12-05 12:12:42,068-DEBUG-root-21440::base::click|192:: Click Type: ClickType.ACTIONCHAINS
2025-12-05 12:12:42,369-DEBUG-root-21440::webapp_internal::fill_grid|6486:: Trying to select cell in grid!
2025-12-05 12:12:42,373-DEBUG-root-21440::base::click|192:: Click Type: ClickType.ACTIONCHAINS
2025-12-05 12:12:42,663-DEBUG-root-21440::webapp_internal::fill_grid|6486:: Trying to select cell in grid!
2025-12-05 12:12:42,667-DEBUG-root-21440::base::click|192:: Click Type: ClickType.ACTIONCHAINS
2025-12-05 12:12:42,956-DEBUG-root-21440::webapp_internal::fill_grid|6486:: Trying to select cell in grid!
2025-12-05 12:12:42,963-DEBUG-root-21440::base::click|192:: Click Type: ClickType.ACTIONCHAINS
2025-12-05 12:12:43,262-DEBUG-root-21440::webapp_internal::fill_grid|6486:: Trying to select cell in grid!
2025-12-05 12:12:43,266-DEBUG-root-21440::base::click|192:: Click Type: ClickType.ACTIONCHAINS
2025-12-05 12:12:43,553-DEBUG-root-21440::webapp_internal::fill_grid|6486:: Trying to select cell in grid!
2025-12-05 12:12:43,556-DEBUG-root-21440::base::click|192:: Click Type: ClickType.ACTIONCHAINS
2025-12-05 12:12:43,848-DEBUG-root-21440::webapp_internal::fill_grid|6486:: Trying to select cell in grid!
2025-12-05 12:12:43,851-DEBUG-root-21440::base::click|192:: Click Type: ClickType.ACTIONCHAINS
2025-12-05 12:12:44,136-DEBUG-root-21440::webapp_internal::fill_grid|6486:: Trying to select cell in grid!
2025-12-05 12:12:44,138-DEBUG-root-21440::base::click|192:: Click Type: ClickType.ACTIONCHAINS
2025-12-05 12:12:44,437-DEBUG-root-21440::webapp_internal::fill_grid|6486:: Trying to select cell in grid!
2025-12-05 12:12:44,445-DEBUG-root-21440::base::click|192:: Click Type: ClickType.ACTIONCHAINS
2025-12-05 12:12:44,746-DEBUG-root-21440::webapp_internal::fill_grid|6486:: Trying to select cell in grid!
2025-12-05 12:12:44,750-DEBUG-root-21440::base::click|192:: Click Type: ClickType.ACTIONCHAINS
2025-12-05 12:12:45,056-DEBUG-root-21440::webapp_internal::fill_grid|6486:: Trying to select cell in grid!
2025-12-05 12:12:45,062-DEBUG-root-21440::base::click|192:: Click Type: ClickType.ACTIONCHAINS
2025-12-05 12:12:45,356-DEBUG-root-21440::webapp_internal::fill_grid|6486:: Trying to select cell in grid!
2025-12-05 12:12:45,361-DEBUG-root-21440::base::click|192:: Click Type: ClickType.ACTIONCHAINS
2025-12-05 12:12:45,653-DEBUG-root-21440::webapp_internal::fill_grid|6486:: Trying to select cell in grid!
2025-12-05 12:12:45,655-DEBUG-root-21440::base::click|192:: Click Type: ClickType.ACTIONCHAINS
2025-12-05 12:12:45,950-DEBUG-root-21440::webapp_internal::fill_grid|6486:: Trying to select cell in grid!
2025-12-05 12:12:45,953-DEBUG-root-21440::base::click|192:: Click Type: ClickType.ACTIONCHAINS
2025-12-05 12:12:46,252-DEBUG-root-21440::webapp_internal::fill_grid|6486:: Trying to select cell in grid!
2025-12-05 12:12:46,254-DEBUG-root-21440::base::click|192:: Click Type: ClickType.ACTIONCHAINS
2025-12-05 12:12:46,545-DEBUG-root-21440::webapp_internal::fill_grid|6486:: Trying to select cell in grid!
2025-12-05 12:12:46,547-DEBUG-root-21440::base::click|192:: Click Type: ClickType.ACTIONCHAINS
2025-12-05 12:12:46,837-DEBUG-root-21440::webapp_internal::fill_grid|6486:: Trying to select cell in grid!
2025-12-05 12:12:46,839-DEBUG-root-21440::base::click|192:: Click Type: ClickType.ACTIONCHAINS
2025-12-05 12:12:47,133-DEBUG-root-21440::webapp_internal::fill_grid|6486:: Trying to select cell in grid!
2025-12-05 12:12:47,135-DEBUG-root-21440::base::click|192:: Click Type: ClickType.ACTIONCHAINS
2025-12-05 12:12:47,431-DEBUG-root-21440::webapp_internal::fill_grid|6486:: Trying to select cell in grid!
2025-12-05 12:12:47,433-DEBUG-root-21440::base::click|192:: Click Type: ClickType.ACTIONCHAINS
2025-12-05 12:12:47,720-DEBUG-root-21440::webapp_internal::fill_grid|6486:: Trying to select cell in grid!
2025-12-05 12:12:47,722-DEBUG-root-21440::base::click|192:: Click Type: ClickType.ACTIONCHAINS
2025-12-05 12:12:48,016-DEBUG-root-21440::webapp_internal::fill_grid|6486:: Trying to select cell in grid!
2025-12-05 12:12:48,018-DEBUG-root-21440::base::click|192:: Click Type: ClickType.ACTIONCHAINS
2025-12-05 12:12:48,313-DEBUG-root-21440::webapp_internal::fill_grid|6486:: Trying to select cell in grid!
2025-12-05 12:12:48,315-DEBUG-root-21440::base::click|192:: Click Type: ClickType.ACTIONCHAINS
2025-12-05 12:12:48,604-DEBUG-root-21440::webapp_internal::fill_grid|6486:: Trying to select cell in grid!
2025-12-05 12:12:48,606-DEBUG-root-21440::base::click|192:: Click Type: ClickType.ACTIONCHAINS
2025-12-05 12:12:48,901-DEBUG-root-21440::webapp_internal::fill_grid|6486:: Trying to select cell in grid!
2025-12-05 12:12:48,903-DEBUG-root-21440::base::click|192:: Click Type: ClickType.ACTIONCHAINS
2025-12-05 12:12:49,168-DEBUG-root-21440::webapp_internal::fill_grid|6486:: Trying to select cell in grid!
2025-12-05 12:12:49,170-DEBUG-root-21440::base::click|192:: Click Type: ClickType.ACTIONCHAINS
2025-12-05 12:12:49,462-DEBUG-root-21440::webapp_internal::fill_grid|6486:: Trying to select cell in grid!
2025-12-05 12:12:49,464-DEBUG-root-21440::base::click|192:: Click Type: ClickType.ACTIONCHAINS
2025-12-05 12:12:49,753-DEBUG-root-21440::webapp_internal::fill_grid|6486:: Trying to select cell in grid!
2025-12-05 12:12:49,754-DEBUG-root-21440::base::click|192:: Click Type: ClickType.ACTIONCHAINS
2025-12-05 12:12:50,051-DEBUG-root-21440::webapp_internal::fill_grid|6486:: Trying to select cell in grid!
2025-12-05 12:12:50,053-DEBUG-root-21440::base::click|192:: Click Type: ClickType.ACTIONCHAINS
2025-12-05 12:12:50,349-DEBUG-root-21440::webapp_internal::fill_grid|6486:: Trying to select cell in grid!
2025-12-05 12:12:50,351-DEBUG-root-21440::base::click|192:: Click Type: ClickType.ACTIONCHAINS
2025-12-05 12:12:50,640-DEBUG-root-21440::webapp_internal::fill_grid|6486:: Trying to select cell in grid!
2025-12-05 12:12:50,645-DEBUG-root-21440::base::click|192:: Click Type: ClickType.ACTIONCHAINS
2025-12-05 12:12:50,936-DEBUG-root-21440::webapp_internal::fill_grid|6486:: Trying to select cell in grid!
2025-12-05 12:12:50,937-DEBUG-root-21440::base::click|192:: Click Type: ClickType.ACTIONCHAINS
2025-12-05 12:12:51,231-DEBUG-root-21440::webapp_internal::fill_grid|6486:: Trying to select cell in grid!
2025-12-05 12:12:51,233-DEBUG-root-21440::base::click|192:: Click Type: ClickType.ACTIONCHAINS
2025-12-05 12:12:51,522-DEBUG-root-21440::webapp_internal::fill_grid|6486:: Trying to select cell in grid!
2025-12-05 12:12:51,527-DEBUG-root-21440::base::click|192:: Click Type: ClickType.ACTIONCHAINS
2025-12-05 12:12:51,817-DEBUG-root-21440::webapp_internal::fill_grid|6486:: Trying to select cell in grid!
2025-12-05 12:12:51,819-DEBUG-root-21440::base::click|192:: Click Type: ClickType.ACTIONCHAINS
2025-12-05 12:12:52,114-DEBUG-root-21440::webapp_internal::fill_grid|6486:: Trying to select cell in grid!
2025-12-05 12:12:52,116-DEBUG-root-21440::base::click|192:: Click Type: ClickType.ACTIONCHAINS
2025-12-05 12:12:52,404-DEBUG-root-21440::webapp_internal::fill_grid|6486:: Trying to select cell in grid!
2025-12-05 12:12:52,405-DEBUG-root-21440::base::click|192:: Click Type: ClickType.ACTIONCHAINS
2025-12-05 12:12:52,670-DEBUG-root-21440::webapp_internal::fill_grid|6486:: Trying to select cell in grid!
2025-12-05 12:12:52,673-DEBUG-root-21440::base::click|192:: Click Type: ClickType.ACTIONCHAINS
2025-12-05 12:12:52,968-DEBUG-root-21440::webapp_internal::fill_grid|6486:: Trying to select cell in grid!
2025-12-05 12:12:52,970-DEBUG-root-21440::base::click|192:: Click Type: ClickType.ACTIONCHAINS
2025-12-05 12:12:53,256-DEBUG-root-21440::webapp_internal::fill_grid|6486:: Trying to select cell in grid!
2025-12-05 12:12:53,261-DEBUG-root-21440::base::click|192:: Click Type: ClickType.ACTIONCHAINS
2025-12-05 12:12:53,551-DEBUG-root-21440::webapp_internal::fill_grid|6486:: Trying to select cell in grid!
2025-12-05 12:12:53,553-DEBUG-root-21440::base::click|192:: Click Type: ClickType.ACTIONCHAINS
2025-12-05 12:12:53,847-DEBUG-root-21440::webapp_internal::fill_grid|6486:: Trying to select cell in grid!
2025-12-05 12:12:53,848-DEBUG-root-21440::base::click|192:: Click Type: ClickType.ACTIONCHAINS
2025-12-05 12:12:54,138-DEBUG-root-21440::webapp_internal::fill_grid|6486:: Trying to select cell in grid!
2025-12-05 12:12:54,140-DEBUG-root-21440::base::click|192:: Click Type: ClickType.ACTIONCHAINS
2025-12-05 12:12:54,433-DEBUG-root-21440::webapp_internal::fill_grid|6486:: Trying to select cell in grid!
2025-12-05 12:12:54,435-DEBUG-root-21440::base::click|192:: Click Type: ClickType.ACTIONCHAINS
2025-12-05 12:12:54,732-DEBUG-root-21440::webapp_internal::fill_grid|6486:: Trying to select cell in grid!
2025-12-05 12:12:54,734-DEBUG-root-21440::base::click|192:: Click Type: ClickType.ACTIONCHAINS
2025-12-05 12:12:55,018-DEBUG-root-21440::webapp_internal::fill_grid|6486:: Trying to select cell in grid!
2025-12-05 12:12:55,021-DEBUG-root-21440::base::click|192:: Click Type: ClickType.ACTIONCHAINS
2025-12-05 12:12:55,313-DEBUG-root-21440::webapp_internal::fill_grid|6486:: Trying to select cell in grid!
2025-12-05 12:12:55,315-DEBUG-root-21440::base::click|192:: Click Type: ClickType.ACTIONCHAINS
2025-12-05 12:12:55,612-DEBUG-root-21440::webapp_internal::fill_grid|6486:: Trying to select cell in grid!
2025-12-05 12:12:55,614-DEBUG-root-21440::base::click|192:: Click Type: ClickType.ACTIONCHAINS
2025-12-05 12:12:55,904-DEBUG-root-21440::webapp_internal::fill_grid|6486:: Trying to select cell in grid!
2025-12-05 12:12:55,906-DEBUG-root-21440::base::click|192:: Click Type: ClickType.ACTIONCHAINS
2025-12-05 12:12:56,201-DEBUG-root-21440::webapp_internal::fill_grid|6486:: Trying to select cell in grid!
2025-12-05 12:12:56,203-DEBUG-root-21440::base::click|192:: Click Type: ClickType.ACTIONCHAINS
2025-12-05 12:12:56,500-DEBUG-root-21440::webapp_internal::fill_grid|6486:: Trying to select cell in grid!
2025-12-05 12:12:56,503-DEBUG-root-21440::base::click|192:: Click Type: ClickType.ACTIONCHAINS
2025-12-05 12:12:56,787-DEBUG-root-21440::webapp_internal::fill_grid|6486:: Trying to select cell in grid!
2025-12-05 12:12:56,789-DEBUG-root-21440::base::click|192:: Click Type: ClickType.ACTIONCHAINS
2025-12-05 12:12:57,084-DEBUG-root-21440::webapp_internal::fill_grid|6486:: Trying to select cell in grid!
2025-12-05 12:12:57,086-DEBUG-root-21440::base::click|192:: Click Type: ClickType.ACTIONCHAINS
2025-12-05 12:12:57,378-DEBUG-root-21440::webapp_internal::fill_grid|6486:: Trying to select cell in grid!
2025-12-05 12:12:57,381-DEBUG-root-21440::base::click|192:: Click Type: ClickType.ACTIONCHAINS
2025-12-05 12:12:57,669-DEBUG-root-21440::webapp_internal::fill_grid|6486:: Trying to select cell in grid!
2025-12-05 12:12:57,672-DEBUG-root-21440::base::click|192:: Click Type: ClickType.ACTIONCHAINS
2025-12-05 12:12:57,964-DEBUG-root-21440::webapp_internal::fill_grid|6486:: Trying to select cell in grid!
2025-12-05 12:12:57,967-DEBUG-root-21440::base::click|192:: Click Type: ClickType.ACTIONCHAINS
2025-12-05 12:12:58,256-DEBUG-root-21440::webapp_internal::fill_grid|6486:: Trying to select cell in grid!
2025-12-05 12:12:58,262-DEBUG-root-21440::base::click|192:: Click Type: ClickType.ACTIONCHAINS
2025-12-05 12:12:58,552-DEBUG-root-21440::webapp_internal::fill_grid|6486:: Trying to select cell in grid!
2025-12-05 12:12:58,554-DEBUG-root-21440::base::click|192:: Click Type: ClickType.ACTIONCHAINS
2025-12-05 12:12:58,853-DEBUG-root-21440::webapp_internal::fill_grid|6486:: Trying to select cell in grid!
2025-12-05 12:12:58,855-DEBUG-root-21440::base::click|192:: Click Type: ClickType.ACTIONCHAINS
2025-12-05 12:12:59,145-DEBUG-root-21440::webapp_internal::fill_grid|6486:: Trying to select cell in grid!
2025-12-05 12:12:59,148-DEBUG-root-21440::base::click|192:: Click Type: ClickType.ACTIONCHAINS
2025-12-05 12:12:59,436-DEBUG-root-21440::webapp_internal::fill_grid|6486:: Trying to select cell in grid!
2025-12-05 12:12:59,437-DEBUG-root-21440::base::click|192:: Click Type: ClickType.ACTIONCHAINS
2025-12-05 12:12:59,733-DEBUG-root-21440::webapp_internal::fill_grid|6486:: Trying to select cell in grid!
2025-12-05 12:12:59,735-DEBUG-root-21440::base::click|192:: Click Type: ClickType.ACTIONCHAINS
2025-12-05 12:13:00,032-DEBUG-root-21440::webapp_internal::fill_grid|6486:: Trying to select cell in grid!
2025-12-05 12:13:00,035-DEBUG-root-21440::base::click|192:: Click Type: ClickType.ACTIONCHAINS
2025-12-05 12:13:00,329-DEBUG-root-21440::webapp_internal::fill_grid|6486:: Trying to select cell in grid!
2025-12-05 12:13:00,331-DEBUG-root-21440::base::click|192:: Click Type: ClickType.ACTIONCHAINS
2025-12-05 12:13:00,620-DEBUG-root-21440::webapp_internal::fill_grid|6486:: Trying to select cell in grid!
2025-12-05 12:13:00,622-DEBUG-root-21440::base::click|192:: Click Type: ClickType.ACTIONCHAINS
2025-12-05 12:13:00,918-DEBUG-root-21440::webapp_internal::fill_grid|6486:: Trying to select cell in grid!
2025-12-05 12:13:00,920-DEBUG-root-21440::base::click|192:: Click Type: ClickType.ACTIONCHAINS
2025-12-05 12:13:01,213-DEBUG-root-21440::webapp_internal::fill_grid|6486:: Trying to select cell in grid!
2025-12-05 12:13:01,215-DEBUG-root-21440::base::click|192:: Click Type: ClickType.ACTIONCHAINS
2025-12-05 12:13:01,506-DEBUG-root-21440::webapp_internal::fill_grid|6486:: Trying to select cell in grid!
2025-12-05 12:13:01,511-DEBUG-root-21440::base::click|192:: Click Type: ClickType.ACTIONCHAINS
2025-12-05 12:13:01,801-DEBUG-root-21440::webapp_internal::fill_grid|6486:: Trying to select cell in grid!
2025-12-05 12:13:01,803-DEBUG-root-21440::base::click|192:: Click Type: ClickType.ACTIONCHAINS
2025-12-05 12:13:02,096-DEBUG-root-21440::webapp_internal::fill_grid|6486:: Trying to select cell in grid!
2025-12-05 12:13:02,099-DEBUG-root-21440::base::click|192:: Click Type: ClickType.ACTIONCHAINS
2025-12-05 12:13:02,394-DEBUG-root-21440::webapp_internal::fill_grid|6486:: Trying to select cell in grid!
2025-12-05 12:13:02,397-DEBUG-root-21440::base::click|192:: Click Type: ClickType.ACTIONCHAINS
2025-12-05 12:13:02,697-DEBUG-root-21440::webapp_internal::fill_grid|6486:: Trying to select cell in grid!
2025-12-05 12:13:02,699-DEBUG-root-21440::base::click|192:: Click Type: ClickType.ACTIONCHAINS
2025-12-05 12:13:02,988-DEBUG-root-21440::webapp_internal::fill_grid|6486:: Trying to select cell in grid!
2025-12-05 12:13:02,994-DEBUG-root-21440::base::click|192:: Click Type: ClickType.ACTIONCHAINS
2025-12-05 12:13:03,286-DEBUG-root-21440::webapp_internal::fill_grid|6486:: Trying to select cell in grid!
2025-12-05 12:13:03,288-DEBUG-root-21440::base::click|192:: Click Type: ClickType.ACTIONCHAINS
2025-12-05 12:13:03,584-DEBUG-root-21440::webapp_internal::fill_grid|6486:: Trying to select cell in grid!
2025-12-05 12:13:03,586-DEBUG-root-21440::base::click|192:: Click Type: ClickType.ACTIONCHAINS
2025-12-05 12:13:03,880-DEBUG-root-21440::webapp_internal::fill_grid|6486:: Trying to select cell in grid!
2025-12-05 12:13:03,882-DEBUG-root-21440::base::click|192:: Click Type: ClickType.ACTIONCHAINS
2025-12-05 12:13:04,173-DEBUG-root-21440::webapp_internal::fill_grid|6486:: Trying to select cell in grid!
2025-12-05 12:13:04,178-DEBUG-root-21440::base::click|192:: Click Type: ClickType.ACTIONCHAINS
2025-12-05 12:13:04,469-DEBUG-root-21440::webapp_internal::fill_grid|6486:: Trying to select cell in grid!
2025-12-05 12:13:04,472-DEBUG-root-21440::base::click|192:: Click Type: ClickType.ACTIONCHAINS
2025-12-05 12:13:04,765-DEBUG-root-21440::webapp_internal::fill_grid|6486:: Trying to select cell in grid!
2025-12-05 12:13:04,767-DEBUG-root-21440::base::click|192:: Click Type: ClickType.ACTIONCHAINS
2025-12-05 12:13:05,055-DEBUG-root-21440::webapp_internal::fill_grid|6486:: Trying to select cell in grid!
2025-12-05 12:13:05,061-DEBUG-root-21440::base::click|192:: Click Type: ClickType.ACTIONCHAINS
2025-12-05 12:13:05,352-DEBUG-root-21440::webapp_internal::fill_grid|6486:: Trying to select cell in grid!
2025-12-05 12:13:05,354-DEBUG-root-21440::base::click|192:: Click Type: ClickType.ACTIONCHAINS
2025-12-05 12:13:05,648-DEBUG-root-21440::webapp_internal::fill_grid|6486:: Trying to select cell in grid!
2025-12-05 12:13:05,649-DEBUG-root-21440::base::click|192:: Click Type: ClickType.ACTIONCHAINS
2025-12-05 12:13:05,939-DEBUG-root-21440::webapp_internal::fill_grid|6486:: Trying to select cell in grid!
2025-12-05 12:13:05,945-DEBUG-root-21440::base::click|192:: Click Type: ClickType.ACTIONCHAINS
2025-12-05 12:13:06,235-DEBUG-root-21440::webapp_internal::fill_grid|6486:: Trying to select cell in grid!
2025-12-05 12:13:06,237-DEBUG-root-21440::base::click|192:: Click Type: ClickType.ACTIONCHAINS
2025-12-05 12:13:06,533-DEBUG-root-21440::webapp_internal::fill_grid|6486:: Trying to select cell in grid!
2025-12-05 12:13:06,534-DEBUG-root-21440::base::click|192:: Click Type: ClickType.ACTIONCHAINS
2025-12-05 12:13:06,823-DEBUG-root-21440::webapp_internal::fill_grid|6486:: Trying to select cell in grid!
2025-12-05 12:13:06,828-DEBUG-root-21440::base::click|192:: Click Type: ClickType.ACTIONCHAINS
2025-12-05 12:13:07,123-DEBUG-root-21440::webapp_internal::fill_grid|6486:: Trying to select cell in grid!
2025-12-05 12:13:07,128-DEBUG-root-21440::base::click|192:: Click Type: ClickType.ACTIONCHAINS
2025-12-05 12:13:07,419-DEBUG-root-21440::webapp_internal::fill_grid|6486:: Trying to select cell in grid!
2025-12-05 12:13:07,422-DEBUG-root-21440::base::click|192:: Click Type: ClickType.ACTIONCHAINS
2025-12-05 12:13:07,719-DEBUG-root-21440::webapp_internal::fill_grid|6486:: Trying to select cell in grid!
2025-12-05 12:13:07,722-DEBUG-root-21440::base::click|192:: Click Type: ClickType.ACTIONCHAINS
2025-12-05 12:13:08,018-DEBUG-root-21440::webapp_internal::fill_grid|6486:: Trying to select cell in grid!
2025-12-05 12:13:08,020-DEBUG-root-21440::base::click|192:: Click Type: ClickType.ACTIONCHAINS
2025-12-05 12:13:08,314-DEBUG-root-21440::webapp_internal::fill_grid|6486:: Trying to select cell in grid!
2025-12-05 12:13:08,317-DEBUG-root-21440::base::click|192:: Click Type: ClickType.ACTIONCHAINS
2025-12-05 12:13:08,606-DEBUG-root-21440::webapp_internal::fill_grid|6486:: Trying to select cell in grid!
2025-12-05 12:13:08,611-DEBUG-root-21440::base::click|192:: Click Type: ClickType.ACTIONCHAINS
2025-12-05 12:13:08,903-DEBUG-root-21440::webapp_internal::fill_grid|6486:: Trying to select cell in grid!
2025-12-05 12:13:08,905-DEBUG-root-21440::base::click|192:: Click Type: ClickType.ACTIONCHAINS
2025-12-05 12:13:09,170-DEBUG-root-21440::webapp_internal::fill_grid|6486:: Trying to select cell in grid!
2025-12-05 12:13:09,172-DEBUG-root-21440::base::click|192:: Click Type: ClickType.ACTIONCHAINS
2025-12-05 12:13:09,467-DEBUG-root-21440::webapp_internal::fill_grid|6486:: Trying to select cell in grid!
2025-12-05 12:13:09,468-DEBUG-root-21440::base::click|192:: Click Type: ClickType.ACTIONCHAINS
2025-12-05 12:13:09,752-DEBUG-root-21440::webapp_internal::fill_grid|6486:: Trying to select cell in grid!
2025-12-05 12:13:09,754-DEBUG-root-21440::base::click|192:: Click Type: ClickType.ACTIONCHAINS
2025-12-05 12:13:10,048-DEBUG-root-21440::webapp_internal::fill_grid|6486:: Trying to select cell in grid!
2025-12-05 12:13:10,050-DEBUG-root-21440::base::click|192:: Click Type: ClickType.ACTIONCHAINS
2025-12-05 12:13:10,317-DEBUG-root-21440::webapp_internal::fill_grid|6486:: Trying to select cell in grid!
2025-12-05 12:13:10,319-DEBUG-root-21440::base::click|192:: Click Type: ClickType.ACTIONCHAINS
2025-12-05 12:13:10,616-DEBUG-root-21440::webapp_internal::fill_grid|6486:: Trying to select cell in grid!
2025-12-05 12:13:10,618-DEBUG-root-21440::base::click|192:: Click Type: ClickType.ACTIONCHAINS
2025-12-05 12:13:10,912-DEBUG-root-21440::webapp_internal::fill_grid|6486:: Trying to select cell in grid!
2025-12-05 12:13:10,915-DEBUG-root-21440::base::click|192:: Click Type: ClickType.ACTIONCHAINS
2025-12-05 12:13:11,205-DEBUG-root-21440::webapp_internal::fill_grid|6486:: Trying to select cell in grid!
2025-12-05 12:13:11,208-DEBUG-root-21440::base::click|192:: Click Type: ClickType.ACTIONCHAINS
2025-12-05 12:13:11,503-DEBUG-root-21440::webapp_internal::fill_grid|6486:: Trying to select cell in grid!
2025-12-05 12:13:11,505-DEBUG-root-21440::base::click|192:: Click Type: ClickType.ACTIONCHAINS
2025-12-05 12:13:11,795-DEBUG-root-21440::webapp_internal::fill_grid|6486:: Trying to select cell in grid!
2025-12-05 12:13:11,798-DEBUG-root-21440::base::click|192:: Click Type: ClickType.ACTIONCHAINS
2025-12-05 12:13:12,088-DEBUG-root-21440::webapp_internal::fill_grid|6486:: Trying to select cell in grid!
2025-12-05 12:13:12,094-DEBUG-root-21440::base::click|192:: Click Type: ClickType.ACTIONCHAINS
2025-12-05 12:13:12,387-DEBUG-root-21440::webapp_internal::fill_grid|6486:: Trying to select cell in grid!
2025-12-05 12:13:12,389-DEBUG-root-21440::base::click|192:: Click Type: ClickType.ACTIONCHAINS
2025-12-05 12:13:12,685-DEBUG-root-21440::webapp_internal::fill_grid|6486:: Trying to select cell in grid!
2025-12-05 12:13:12,687-DEBUG-root-21440::base::click|192:: Click Type: ClickType.ACTIONCHAINS
2025-12-05 12:13:12,981-DEBUG-root-21440::webapp_internal::fill_grid|6486:: Trying to select cell in grid!
2025-12-05 12:13:12,983-DEBUG-root-21440::base::click|192:: Click Type: ClickType.ACTIONCHAINS
2025-12-05 12:13:13,272-DEBUG-root-21440::webapp_internal::fill_grid|6486:: Trying to select cell in grid!
2025-12-05 12:13:13,278-DEBUG-root-21440::base::click|192:: Click Type: ClickType.ACTIONCHAINS
2025-12-05 12:13:13,569-DEBUG-root-21440::webapp_internal::fill_grid|6486:: Trying to select cell in grid!
2025-12-05 12:13:13,571-DEBUG-root-21440::base::click|192:: Click Type: ClickType.ACTIONCHAINS
2025-12-05 12:13:13,838-DEBUG-root-21440::webapp_internal::fill_grid|6486:: Trying to select cell in grid!
2025-12-05 12:13:13,840-DEBUG-root-21440::base::click|192:: Click Type: ClickType.ACTIONCHAINS
2025-12-05 12:13:14,136-DEBUG-root-21440::webapp_internal::fill_grid|6486:: Trying to select cell in grid!
2025-12-05 12:13:14,139-DEBUG-root-21440::base::click|192:: Click Type: ClickType.ACTIONCHAINS
2025-12-05 12:13:14,435-DEBUG-root-21440::webapp_internal::fill_grid|6486:: Trying to select cell in grid!
2025-12-05 12:13:14,437-DEBUG-root-21440::base::click|192:: Click Type: ClickType.ACTIONCHAINS
2025-12-05 12:13:14,731-DEBUG-root-21440::webapp_internal::fill_grid|6486:: Trying to select cell in grid!
2025-12-05 12:13:14,733-DEBUG-root-21440::base::click|192:: Click Type: ClickType.ACTIONCHAINS
2025-12-05 12:13:15,029-DEBUG-root-21440::webapp_internal::fill_grid|6486:: Trying to select cell in grid!
2025-12-05 12:13:15,033-DEBUG-root-21440::base::click|192:: Click Type: ClickType.ACTIONCHAINS
2025-12-05 12:13:15,298-DEBUG-root-21440::webapp_internal::fill_grid|6486:: Trying to select cell in grid!
2025-12-05 12:13:15,301-DEBUG-root-21440::base::click|192:: Click Type: ClickType.ACTIONCHAINS
2025-12-05 12:13:15,587-DEBUG-root-21440::webapp_internal::fill_grid|6486:: Trying to select cell in grid!
2025-12-05 12:13:15,589-DEBUG-root-21440::base::click|192:: Click Type: ClickType.ACTIONCHAINS
2025-12-05 12:13:15,884-DEBUG-root-21440::webapp_internal::fill_grid|6486:: Trying to select cell in grid!
2025-12-05 12:13:15,886-DEBUG-root-21440::base::click|192:: Click Type: ClickType.ACTIONCHAINS
2025-12-05 12:13:16,167-DEBUG-root-21440::webapp_internal::fill_grid|6486:: Trying to select cell in grid!
2025-12-05 12:13:16,169-DEBUG-root-21440::base::click|192:: Click Type: ClickType.ACTIONCHAINS
2025-12-05 12:13:16,451-DEBUG-root-21440::webapp_internal::fill_grid|6486:: Trying to select cell in grid!
2025-12-05 12:13:16,454-DEBUG-root-21440::base::click|192:: Click Type: ClickType.ACTIONCHAINS
2025-12-05 12:13:16,746-DEBUG-root-21440::webapp_internal::fill_grid|6486:: Trying to select cell in grid!
2025-12-05 12:13:16,748-DEBUG-root-21440::base::click|192:: Click Type: ClickType.ACTIONCHAINS
2025-12-05 12:13:17,039-DEBUG-root-21440::webapp_internal::fill_grid|6486:: Trying to select cell in grid!
2025-12-05 12:13:17,044-DEBUG-root-21440::base::click|192:: Click Type: ClickType.ACTIONCHAINS
2025-12-05 12:13:17,336-DEBUG-root-21440::webapp_internal::fill_grid|6486:: Trying to select cell in grid!
2025-12-05 12:13:17,338-DEBUG-root-21440::base::click|192:: Click Type: ClickType.ACTIONCHAINS
2025-12-05 12:13:17,633-DEBUG-root-21440::webapp_internal::fill_grid|6486:: Trying to select cell in grid!
2025-12-05 12:13:17,636-DEBUG-root-21440::base::click|192:: Click Type: ClickType.ACTIONCHAINS
2025-12-05 12:13:17,928-DEBUG-root-21440::webapp_internal::fill_grid|6486:: Trying to select cell in grid!
2025-12-05 12:13:17,929-DEBUG-root-21440::base::click|192:: Click Type: ClickType.ACTIONCHAINS
2025-12-05 12:13:18,221-DEBUG-root-21440::webapp_internal::fill_grid|6486:: Trying to select cell in grid!
2025-12-05 12:13:18,223-DEBUG-root-21440::base::click|192:: Click Type: ClickType.ACTIONCHAINS
2025-12-05 12:13:18,518-DEBUG-root-21440::webapp_internal::fill_grid|6486:: Trying to select cell in grid!
2025-12-05 12:13:18,520-DEBUG-root-21440::base::click|192:: Click Type: ClickType.ACTIONCHAINS
2025-12-05 12:13:18,812-DEBUG-root-21440::webapp_internal::fill_grid|6486:: Trying to select cell in grid!
2025-12-05 12:13:18,814-DEBUG-root-21440::base::click|192:: Click Type: ClickType.ACTIONCHAINS
2025-12-05 12:13:24,165-DEBUG-root-21440::webapp_internal::fill_grid|6498:: Trying open cell in grid!
2025-12-05 12:13:24,432-DEBUG-root-21440::webapp_internal::wait_blocker|2444:: Waiting blocker to continue...
2025-12-05 12:13:24,585-DEBUG-root-21440::webapp_internal::wait_blocker|2469:: Blocker status: False
2025-12-05 12:13:24,773-DEBUG-root-21440::webapp_internal::wait_element_timeout|7726:: Element found! Waiting for element to be displayed.
2025-12-05 12:13:25,145-DEBUG-root-21440::webapp_internal::fill_grid|6577:: Sending keys: 227884
2025-12-05 12:13:25,456-DEBUG-root-21440::webapp_internal::wait_blocker|2444:: Waiting blocker to continue...
2025-12-05 12:13:25,662-DEBUG-root-21440::webapp_internal::wait_blocker|2469:: Blocker status: False
2025-12-05 12:13:25,821-DEBUG-root-21440::webapp_internal::wait_element_timeout|7726:: Element found! Waiting for element to be displayed.
2025-12-05 12:13:26,165-INFO-root-21440::webapp_internal::ClickFolder|5081:: Clicking on folder: Transporte
2025-12-05 12:13:26,165-DEBUG-root-21440::webapp_internal::wait_blocker|2444:: Waiting blocker to continue...
2025-12-05 12:13:26,323-DEBUG-root-21440::webapp_internal::wait_blocker|2469:: Blocker status: False
2025-12-05 12:13:26,361-DEBUG-root-21440::webapp_internal::wait_element|7623:: Waiting for element
2025-12-05 12:13:26,651-DEBUG-root-21440::webapp_internal::wait_element|7653:: Element found! Waiting for element to be displayed.
2025-12-05 12:13:28,263-DEBUG-root-21440::webapp_internal::wait_blocker|2444:: Waiting blocker to continue...
2025-12-05 12:13:28,420-DEBUG-root-21440::webapp_internal::wait_blocker|2469:: Blocker status: False
2025-12-05 12:13:28,420-INFO-root-21440::webapp_internal::SetKey|5822:: Key pressed: TAB
2025-12-05 12:13:28,420-DEBUG-root-21440::webapp_internal::SetKey|5857:: Trying press key
2025-12-05 12:13:28,421-DEBUG-root-21440::webapp_internal::wait_element|7623:: Waiting for element
2025-12-05 12:13:28,536-DEBUG-root-21440::webapp_internal::wait_element|7653:: Element found! Waiting for element to be displayed.
2025-12-05 12:13:28,815-DEBUG-root-21440::webapp_internal::wait_blocker|2444:: Waiting blocker to continue...
2025-12-05 12:13:28,950-DEBUG-root-21440::webapp_internal::wait_blocker|2469:: Blocker status: False
2025-12-05 12:13:28,951-INFO-root-21440::webapp_internal::LoadGrid|6298:: Filling grid field: Tipo
2025-12-05 12:13:28,951-DEBUG-root-21440::webapp_internal::fill_grid|6399:: Grid loading...
2025-12-05 12:13:29,342-DEBUG-root-21440::webapp_internal::fill_grid|6466:: Column found!
2025-12-05 12:13:29,383-DEBUG-root-21440::base::click|192:: Click Type: ClickType.ACTIONCHAINS
2025-12-05 12:13:34,684-DEBUG-root-21440::webapp_internal::fill_grid|6498:: Trying open cell in grid!
2025-12-05 12:13:34,952-DEBUG-root-21440::webapp_internal::wait_blocker|2444:: Waiting blocker to continue...
2025-12-05 12:13:35,134-DEBUG-root-21440::webapp_internal::wait_blocker|2469:: Blocker status: False
2025-12-05 12:13:35,334-DEBUG-root-21440::webapp_internal::wait_element_timeout|7726:: Element found! Waiting for element to be displayed.
2025-12-05 12:13:36,737-INFO-root-21440::base::select_combo|871:: Selected value for combo is: 1 - Aereo
2025-12-05 12:13:36,933-DEBUG-root-21440::webapp_internal::wait_blocker|2444:: Waiting blocker to continue...
2025-12-05 12:13:37,071-DEBUG-root-21440::webapp_internal::wait_blocker|2469:: Blocker status: False
2025-12-05 12:13:37,100-DEBUG-root-21440::webapp_internal::wait_blocker|2444:: Waiting blocker to continue...
2025-12-05 12:13:37,256-DEBUG-root-21440::webapp_internal::wait_blocker|2469:: Blocker status: False
2025-12-05 12:13:37,256-DEBUG-root-21440::webapp_internal::send_action|10480:: Trying to send action
2025-12-05 12:13:38,298-DEBUG-root-21440::webapp_internal::send_action|10522:: send_action method result = True
2025-12-05 12:13:38,299-DEBUG-root-21440::webapp_internal::send_action|10523:: send_action selenium status: False
2025-12-05 12:13:38,299-DEBUG-root-21440::webapp_internal::wait_blocker|2444:: Waiting blocker to continue...
2025-12-05 12:13:38,440-DEBUG-root-21440::webapp_internal::wait_blocker|2469:: Blocker status: False
2025-12-05 12:13:38,440-INFO-root-21440::webapp_internal::SetKey|5822:: Key pressed: TAB
2025-12-05 12:13:38,440-DEBUG-root-21440::webapp_internal::SetKey|5857:: Trying press key
2025-12-05 12:13:38,440-DEBUG-root-21440::webapp_internal::wait_element|7623:: Waiting for element
2025-12-05 12:13:38,546-DEBUG-root-21440::webapp_internal::wait_element|7653:: Element found! Waiting for element to be displayed.
2025-12-05 12:13:38,814-DEBUG-root-21440::webapp_internal::wait_blocker|2444:: Waiting blocker to continue...
2025-12-05 12:13:38,949-DEBUG-root-21440::webapp_internal::wait_blocker|2469:: Blocker status: False
2025-12-05 12:13:38,949-INFO-root-21440::webapp_internal::LoadGrid|6298:: Filling grid field: Partida
2025-12-05 12:13:38,950-DEBUG-root-21440::webapp_internal::fill_grid|6399:: Grid loading...
2025-12-05 12:13:39,328-DEBUG-root-21440::webapp_internal::fill_grid|6466:: Column found!
2025-12-05 12:13:39,367-DEBUG-root-21440::base::click|192:: Click Type: ClickType.ACTIONCHAINS
2025-12-05 12:13:44,703-DEBUG-root-21440::webapp_internal::fill_grid|6498:: Trying open cell in grid!
2025-12-05 12:13:45,002-DEBUG-root-21440::webapp_internal::wait_blocker|2444:: Waiting blocker to continue...
2025-12-05 12:13:45,219-DEBUG-root-21440::webapp_internal::wait_blocker|2469:: Blocker status: False
2025-12-05 12:13:45,428-DEBUG-root-21440::webapp_internal::wait_element_timeout|7726:: Element found! Waiting for element to be displayed.
2025-12-05 12:13:45,798-DEBUG-root-21440::webapp_internal::fill_grid|6577:: Sending keys: 20/12/2025
2025-12-05 12:13:46,106-DEBUG-root-21440::webapp_internal::wait_blocker|2444:: Waiting blocker to continue...
2025-12-05 12:13:46,294-DEBUG-root-21440::webapp_internal::wait_blocker|2469:: Blocker status: False
2025-12-05 12:13:51,747-DEBUG-root-21440::webapp_internal::wait_blocker|2444:: Waiting blocker to continue...
2025-12-05 12:13:51,883-DEBUG-root-21440::webapp_internal::wait_blocker|2469:: Blocker status: False
2025-12-05 12:13:51,913-DEBUG-root-21440::webapp_internal::wait_blocker|2444:: Waiting blocker to continue...
2025-12-05 12:13:52,047-DEBUG-root-21440::webapp_internal::wait_blocker|2469:: Blocker status: False
2025-12-05 12:13:52,048-DEBUG-root-21440::webapp_internal::send_action|10480:: Trying to send action
2025-12-05 12:13:53,101-DEBUG-root-21440::webapp_internal::send_action|10522:: send_action method result = True
2025-12-05 12:13:53,101-DEBUG-root-21440::webapp_internal::send_action|10523:: send_action selenium status: False
2025-12-05 12:13:53,102-DEBUG-root-21440::webapp_internal::wait_blocker|2444:: Waiting blocker to continue...
2025-12-05 12:13:53,267-DEBUG-root-21440::webapp_internal::wait_blocker|2469:: Blocker status: False
2025-12-05 12:13:53,267-INFO-root-21440::webapp_internal::SetKey|5822:: Key pressed: TAB
2025-12-05 12:13:53,268-DEBUG-root-21440::webapp_internal::SetKey|5857:: Trying press key
2025-12-05 12:13:53,268-DEBUG-root-21440::webapp_internal::wait_element|7623:: Waiting for element
2025-12-05 12:13:53,369-DEBUG-root-21440::webapp_internal::wait_element|7653:: Element found! Waiting for element to be displayed.
2025-12-05 12:13:53,649-DEBUG-root-21440::webapp_internal::wait_blocker|2444:: Waiting blocker to continue...
2025-12-05 12:13:53,790-DEBUG-root-21440::webapp_internal::wait_blocker|2469:: Blocker status: False
2025-12-05 12:13:53,791-INFO-root-21440::webapp_internal::LoadGrid|6298:: Filling grid field: Hora Partida
2025-12-05 12:13:53,791-DEBUG-root-21440::webapp_internal::fill_grid|6399:: Grid loading...
2025-12-05 12:13:54,197-DEBUG-root-21440::webapp_internal::fill_grid|6466:: Column found!
2025-12-05 12:13:54,238-DEBUG-root-21440::base::click|192:: Click Type: ClickType.ACTIONCHAINS
2025-12-05 12:13:59,602-DEBUG-root-21440::webapp_internal::fill_grid|6498:: Trying open cell in grid!
2025-12-05 12:13:59,884-DEBUG-root-21440::webapp_internal::wait_blocker|2444:: Waiting blocker to continue...
2025-12-05 12:14:00,055-DEBUG-root-21440::webapp_internal::wait_blocker|2469:: Blocker status: False
2025-12-05 12:14:00,270-DEBUG-root-21440::webapp_internal::wait_element_timeout|7726:: Element found! Waiting for element to be displayed.
2025-12-05 12:14:00,678-DEBUG-root-21440::webapp_internal::fill_grid|6577:: Sending keys: 08:00
2025-12-05 12:14:00,979-DEBUG-root-21440::webapp_internal::wait_blocker|2444:: Waiting blocker to continue...
2025-12-05 12:14:01,153-DEBUG-root-21440::webapp_internal::wait_blocker|2469:: Blocker status: False
2025-12-05 12:14:06,622-DEBUG-root-21440::webapp_internal::wait_blocker|2444:: Waiting blocker to continue...
2025-12-05 12:14:06,765-DEBUG-root-21440::webapp_internal::wait_blocker|2469:: Blocker status: False
2025-12-05 12:14:06,795-DEBUG-root-21440::webapp_internal::wait_blocker|2444:: Waiting blocker to continue...
2025-12-05 12:14:06,928-DEBUG-root-21440::webapp_internal::wait_blocker|2469:: Blocker status: False
2025-12-05 12:14:06,929-DEBUG-root-21440::webapp_internal::send_action|10480:: Trying to send action
2025-12-05 12:14:07,973-DEBUG-root-21440::webapp_internal::send_action|10522:: send_action method result = True
2025-12-05 12:14:07,973-DEBUG-root-21440::webapp_internal::send_action|10523:: send_action selenium status: False
2025-12-05 12:14:07,974-DEBUG-root-21440::webapp_internal::wait_blocker|2444:: Waiting blocker to continue...
2025-12-05 12:14:08,116-DEBUG-root-21440::webapp_internal::wait_blocker|2469:: Blocker status: False
2025-12-05 12:14:08,117-INFO-root-21440::webapp_internal::SetKey|5822:: Key pressed: TAB
2025-12-05 12:14:08,117-DEBUG-root-21440::webapp_internal::SetKey|5857:: Trying press key
2025-12-05 12:14:08,117-DEBUG-root-21440::webapp_internal::wait_element|7623:: Waiting for element
2025-12-05 12:14:08,218-DEBUG-root-21440::webapp_internal::wait_element|7653:: Element found! Waiting for element to be displayed.
2025-12-05 12:14:08,528-DEBUG-root-21440::webapp_internal::wait_blocker|2444:: Waiting blocker to continue...
2025-12-05 12:14:08,663-DEBUG-root-21440::webapp_internal::wait_blocker|2469:: Blocker status: False
2025-12-05 12:14:08,663-INFO-root-21440::webapp_internal::LoadGrid|6298:: Filling grid field: Origem
2025-12-05 12:14:08,663-DEBUG-root-21440::webapp_internal::fill_grid|6399:: Grid loading...
2025-12-05 12:14:09,023-DEBUG-root-21440::webapp_internal::fill_grid|6466:: Column found!
2025-12-05 12:14:09,065-DEBUG-root-21440::base::click|192:: Click Type: ClickType.ACTIONCHAINS
2025-12-05 12:14:14,438-DEBUG-root-21440::webapp_internal::fill_grid|6498:: Trying open cell in grid!
2025-12-05 12:14:14,736-DEBUG-root-21440::webapp_internal::wait_blocker|2444:: Waiting blocker to continue...
2025-12-05 12:14:14,945-DEBUG-root-21440::webapp_internal::wait_blocker|2469:: Blocker status: False
2025-12-05 12:14:15,137-DEBUG-root-21440::webapp_internal::wait_element_timeout|7726:: Element found! Waiting for element to be displayed.
2025-12-05 12:14:15,556-DEBUG-root-21440::webapp_internal::fill_grid|6577:: Sending keys: DF00108
2025-12-05 12:14:15,869-DEBUG-root-21440::webapp_internal::wait_blocker|2444:: Waiting blocker to continue...
2025-12-05 12:14:16,036-DEBUG-root-21440::webapp_internal::wait_blocker|2469:: Blocker status: False
2025-12-05 12:14:16,202-DEBUG-root-21440::webapp_internal::wait_element_timeout|7726:: Element found! Waiting for element to be displayed.
2025-12-05 12:14:16,638-DEBUG-root-21440::webapp_internal::wait_blocker|2444:: Waiting blocker to continue...
2025-12-05 12:14:16,789-DEBUG-root-21440::webapp_internal::wait_blocker|2469:: Blocker status: False
2025-12-05 12:14:16,820-DEBUG-root-21440::webapp_internal::wait_blocker|2444:: Waiting blocker to continue...
2025-12-05 12:14:16,970-DEBUG-root-21440::webapp_internal::wait_blocker|2469:: Blocker status: False
2025-12-05 12:14:16,971-DEBUG-root-21440::webapp_internal::send_action|10480:: Trying to send action
2025-12-05 12:14:18,021-DEBUG-root-21440::webapp_internal::send_action|10522:: send_action method result = True
2025-12-05 12:14:18,021-DEBUG-root-21440::webapp_internal::send_action|10523:: send_action selenium status: False
2025-12-05 12:14:18,022-DEBUG-root-21440::webapp_internal::wait_blocker|2444:: Waiting blocker to continue...
2025-12-05 12:14:18,162-DEBUG-root-21440::webapp_internal::wait_blocker|2469:: Blocker status: False
2025-12-05 12:14:18,162-INFO-root-21440::webapp_internal::SetKey|5822:: Key pressed: TAB
2025-12-05 12:14:18,162-DEBUG-root-21440::webapp_internal::SetKey|5857:: Trying press key
2025-12-05 12:14:18,162-DEBUG-root-21440::webapp_internal::wait_element|7623:: Waiting for element
2025-12-05 12:14:18,274-DEBUG-root-21440::webapp_internal::wait_element|7653:: Element found! Waiting for element to be displayed.
2025-12-05 12:14:18,551-DEBUG-root-21440::webapp_internal::wait_blocker|2444:: Waiting blocker to continue...
2025-12-05 12:14:18,687-DEBUG-root-21440::webapp_internal::wait_blocker|2469:: Blocker status: False
2025-12-05 12:14:18,688-INFO-root-21440::webapp_internal::LoadGrid|6298:: Filling grid field: Destino
2025-12-05 12:14:18,688-DEBUG-root-21440::webapp_internal::fill_grid|6399:: Grid loading...
2025-12-05 12:14:19,117-DEBUG-root-21440::webapp_internal::fill_grid|6466:: Column found!
2025-12-05 12:14:19,162-DEBUG-root-21440::base::click|192:: Click Type: ClickType.ACTIONCHAINS
2025-12-05 12:14:24,571-DEBUG-root-21440::webapp_internal::fill_grid|6498:: Trying open cell in grid!
2025-12-05 12:14:24,863-DEBUG-root-21440::webapp_internal::wait_blocker|2444:: Waiting blocker to continue...
2025-12-05 12:14:25,050-DEBUG-root-21440::webapp_internal::wait_blocker|2469:: Blocker status: False
2025-12-05 12:14:25,238-DEBUG-root-21440::webapp_internal::wait_element_timeout|7726:: Element found! Waiting for element to be displayed.
2025-12-05 12:14:25,611-DEBUG-root-21440::webapp_internal::fill_grid|6577:: Sending keys: GO05707
2025-12-05 12:14:25,888-DEBUG-root-21440::webapp_internal::wait_blocker|2444:: Waiting blocker to continue...
2025-12-05 12:14:26,030-DEBUG-root-21440::webapp_internal::wait_blocker|2469:: Blocker status: False
2025-12-05 12:14:26,188-DEBUG-root-21440::webapp_internal::wait_element_timeout|7726:: Element found! Waiting for element to be displayed.
2025-12-05 12:14:36,407-DEBUG-root-21440::webapp_internal::fill_grid|6634:: Consider using the waithide and setkey('ESC') method because the input can remain selected.
2025-12-05 12:14:36,479-WARNING-root-21440::webapp_internal::log_error|8143:: Warning log_error <b>Help: </b>Destino<br><br><br><b>Problema: </b> Não existe registro relacionado a chave informada no alias CC2, ordenação 1. <b>Solução: </b>1) Informe um código que exista no cadastro.<br>2) Efetue o cadastro no programa de manutenção do respectivo cadastro.    <br>3) Escolha um registro válido.<br>
2025-12-05 12:14:36,479-DEBUG-root-21440::webapp_internal::log_error|8146:: ***System Info*** in log_error():
2025-12-05 12:14:36,479-DEBUG-root-21440::psutil_info::system_info|5:: CPU USAGE: 10.8%
2025-12-05 12:14:36,479-DEBUG-root-21440::psutil_info::system_info|6:: MEMORY USAGE: 92.3%
2025-12-05 12:14:36,480-DEBUG-root-21440::psutil_info::system_info|7:: MEMORY AVAILABLE: 7.74%
2025-12-05 12:14:36,496-DEBUG-root-21440::log::take_screenshot_log|612:: take_screenshot_log in:2025-12-05 12:14:36.496764

2025-12-05 12:14:36,599-DEBUG-root-21440::log::take_screenshot_log|627:: Screenshot file created successfully: Log\GESIT03\97137227104_20251205121436496_Viagem -_test_Cadastro_Orcamento_Viagem.png
2025-12-05 12:14:37,608-DEBUG-root-21440::log::checks_empty_line|221:: Checking empty default log info
2025-12-05 12:14:37,611-DEBUG-root-21440::log::generate_log|503:: Json log_data: {'cLogDtExec': '05/12/2025 12:14:37', 'cLogNomUsr': '97137227104', 'cLogNomEst': 'GESIT03', 'cLogProgra': None, 'cLogDtProg': '', 'cLogHrProg': '', 'nLogCtsOk': 0, 'nLogCtsNok': 1, 'nLogCtsSeg': 210.12, 'cLogVersao': '12', 'cLogReleas': '12.1.2410', 'nLogCtsErr': 'Viagem - <b>Help: </b>Destino<br><br><br><b>Problema: </b> Não existe registro relacionado a chave informada no alias CC2, ordenação 1. <b>Solução: </b>1) Informe um código que exista no cadastro.<br>2) Efetue o cadastro no programa de manutenção do respectivo cadastro.    <br>3) Escolha um registro válido.<br>', 'cLogBancod': 'ORACLE', 'cLogIdenti': '', 'cLogIdExec': '20251205', 'cLogPais': 'BRA', 'cLogTool': 'TIR', 'cLogSequen': '1b097c', 'nLogCtsTot': 1, 'cLogDtExea': '05/12/2025', 'cLogHrExea': '12:14:37', 'cLogArea': 'Desenvolvimento', 'cLogMnExec': 3.5020000000000002}
2025-12-05 12:14:37,612-INFO-root-21440::log::send_log_with_retries|515:: Saving log locally.
2025-12-05 12:14:37,612-INFO-root-21440::log::save_log_locally|548:: [FwSendLog]: Não foi possível enviar o log após todas as tentativas.
2025-12-05 12:14:37,612-INFO-root-21440::log::save_log_locally|555:: [FwSendLog]: Log salvo localmente em C:\TIR_TESTE\1764947677.json.
2025-12-05 12:14:38,500-ERROR-root-21440::webapp_internal::SetKey|5901:: False is not true : Viagem - <b>Help: </b>Destino<br><br><br><b>Problema: </b> Não existe registro relacionado a chave informada no alias CC2, ordenação 1. <b>Solução: </b>1) Informe um código que exista no cadastro.<br>2) Efetue o cadastro no programa de manutenção do respectivo cadastro.    <br>3) Escolha um registro válido.<br>
Traceback (most recent call last):
  File "C:\TIR_TESTE\venv\Lib\site-packages\tir\technologies\webapp_internal.py", line 5862, in SetKey
    grids = self.get_grid(grid_list=True)
            ^^^^^^^^^^^^^^^^^^^^^^^^^^^^^
  File "C:\TIR_TESTE\venv\Lib\site-packages\tir\technologies\webapp_internal.py", line 5698, in get_grid
    grids = self.web_scrap(term=term, scrap_type=enum.ScrapType.CSS_SELECTOR)
            ^^^^^^^^^^^^^^^^^^^^^^^^^^^^^^^^^^^^^^^^^^^^^^^^^^^^^^^^^^^^^^^^^
  File "C:\TIR_TESTE\venv\Lib\site-packages\tir\technologies\webapp_internal.py", line 3722, in web_scrap
    self.search_for_errors(check_help)
  File "C:\TIR_TESTE\venv\Lib\site-packages\tir\technologies\webapp_internal.py", line 3970, in search_for_errors
    self.log_error(message)
  File "C:\TIR_TESTE\venv\Lib\site-packages\tir\technologies\webapp_internal.py", line 8206, in log_error
    self.assertTrue(False, log_message)
  File "C:\Users\97137227104\AppData\Local\Programs\Python\Python312\Lib\unittest\case.py", line 727, in assertTrue
    raise self.failureException(msg)
AssertionError: False is not true : Viagem - <b>Help: </b>Destino<br><br><br><b>Problema: </b> Não existe registro relacionado a chave informada no alias CC2, ordenação 1. <b>Solução: </b>1) Informe um código que exista no cadastro.<br>2) Efetue o cadastro no programa de manutenção do respectivo cadastro.    <br>3) Escolha um registro válido.<br>
2025-12-05 12:14:38,501-DEBUG-root-21440::webapp_internal::wait_blocker|2444:: Waiting blocker to continue...
2025-12-05 12:14:38,503-DEBUG-root-21440::webapp_internal::wait_blocker|2469:: Blocker status: None
2025-12-05 12:14:38,503-INFO-root-21440::webapp_internal::SetKey|5822:: Key pressed: TAB
2025-12-05 12:14:38,503-DEBUG-root-21440::webapp_internal::SetKey|5857:: Trying press key
2025-12-05 12:14:38,503-DEBUG-root-21440::webapp_internal::wait_element|7623:: Waiting for element
2025-12-05 12:14:38,505-WARNING-root-21440::webapp_internal::log_error|8143:: Warning log_error SetKey - Screen is not load: Message: Tried to run command without establishing a connection

2025-12-05 12:14:38,505-DEBUG-root-21440::webapp_internal::log_error|8146:: ***System Info*** in log_error():
2025-12-05 12:14:38,505-DEBUG-root-21440::psutil_info::system_info|5:: CPU USAGE: 12.4%
2025-12-05 12:14:38,506-DEBUG-root-21440::psutil_info::system_info|6:: MEMORY USAGE: 84.9%
2025-12-05 12:14:38,506-DEBUG-root-21440::psutil_info::system_info|7:: MEMORY AVAILABLE: 15.08%
2025-12-05 12:14:38,525-ERROR-root-21440::webapp_internal::log_error|8181:: Warning Log Error Close Message: Tried to run command without establishing a connection
Traceback (most recent call last):
  File "C:\TIR_TESTE\venv\Lib\site-packages\tir\technologies\core\base.py", line 501, in get_current_DOM
    self.driver.switch_to.default_content()
  File "C:\TIR_TESTE\venv\Lib\site-packages\selenium\webdriver\remote\switch_to.py", line 69, in default_content
    self._driver.execute(Command.SWITCH_TO_FRAME, {"id": None})
  File "C:\TIR_TESTE\venv\Lib\site-packages\selenium\webdriver\remote\webdriver.py", line 347, in execute
    self.error_handler.check_response(response)
  File "C:\TIR_TESTE\venv\Lib\site-packages\selenium\webdriver\remote\errorhandler.py", line 229, in check_response
    raise exception_class(message, screen, stacktrace)
selenium.common.exceptions.InvalidSessionIdException: Message: Tried to run command without establishing a connection


During handling of the above exception, another exception occurred:

Traceback (most recent call last):
  File "C:\TIR_TESTE\venv\Lib\site-packages\tir\technologies\webapp_internal.py", line 5861, in SetKey
    self.LoadGrid()
  File "C:\TIR_TESTE\venv\Lib\site-packages\tir\technologies\webapp_internal.py", line 6284, in LoadGrid
    self.wait_element(term=selector, scrap_type=enum.ScrapType.CSS_SELECTOR)
  File "C:\TIR_TESTE\venv\Lib\site-packages\tir\technologies\webapp_internal.py", line 7626, in wait_element
    while (not self.element_exists(term, scrap_type, position, optional_term, main_container, check_error, twebview, second_term) and time.time() < endtime):
               ^^^^^^^^^^^^^^^^^^^^^^^^^^^^^^^^^^^^^^^^^^^^^^^^^^^^^^^^^^^^^^^^^^^^^^^^^^^^^^^^^^^^^^^^^^^^^^^^^^^^^^^^^^^^^^^^^^
  File "C:\TIR_TESTE\venv\Lib\site-packages\tir\technologies\webapp_internal.py", line 4073, in element_exists
    soup = self.get_current_DOM(twebview=twebview)
           ^^^^^^^^^^^^^^^^^^^^^^^^^^^^^^^^^^^^^^^
  File "C:\TIR_TESTE\venv\Lib\site-packages\tir\technologies\core\base.py", line 538, in get_current_DOM
    self.driver.switch_to.default_content()
  File "C:\TIR_TESTE\venv\Lib\site-packages\selenium\webdriver\remote\switch_to.py", line 69, in default_content
    self._driver.execute(Command.SWITCH_TO_FRAME, {"id": None})
  File "C:\TIR_TESTE\venv\Lib\site-packages\selenium\webdriver\remote\webdriver.py", line 347, in execute
    self.error_handler.check_response(response)
  File "C:\TIR_TESTE\venv\Lib\site-packages\selenium\webdriver\remote\errorhandler.py", line 229, in check_response
    raise exception_class(message, screen, stacktrace)
selenium.common.exceptions.InvalidSessionIdException: Message: Tried to run command without establishing a connection


During handling of the above exception, another exception occurred:

Traceback (most recent call last):
  File "C:\TIR_TESTE\venv\Lib\site-packages\tir\technologies\webapp_internal.py", line 8179, in log_error
    self.driver.close()
  File "C:\TIR_TESTE\venv\Lib\site-packages\selenium\webdriver\remote\webdriver.py", line 458, in close
    self.execute(Command.CLOSE)
  File "C:\TIR_TESTE\venv\Lib\site-packages\selenium\webdriver\remote\webdriver.py", line 347, in execute
    self.error_handler.check_response(response)
  File "C:\TIR_TESTE\venv\Lib\site-packages\selenium\webdriver\remote\errorhandler.py", line 229, in check_response
    raise exception_class(message, screen, stacktrace)
selenium.common.exceptions.InvalidSessionIdException: Message: Tried to run command without establishing a connection

2025-12-05 12:14:39,093-ERROR-root-21440::webapp_internal::TearDown|9654:: Warning tearDown Close Message: Tried to run command without establishing a connection
Traceback (most recent call last):
  File "C:\TIR_TESTE\venv\Lib\site-packages\tir\technologies\webapp_internal.py", line 9652, in TearDown
    self.driver.close()
  File "C:\TIR_TESTE\venv\Lib\site-packages\selenium\webdriver\remote\webdriver.py", line 458, in close
    self.execute(Command.CLOSE)
  File "C:\TIR_TESTE\venv\Lib\site-packages\selenium\webdriver\remote\webdriver.py", line 347, in execute
    self.error_handler.check_response(response)
  File "C:\TIR_TESTE\venv\Lib\site-packages\selenium\webdriver\remote\errorhandler.py", line 229, in check_response
    raise exception_class(message, screen, stacktrace)
selenium.common.exceptions.InvalidSessionIdException: Message: Tried to run command without establishing a connection

2025-12-05 12:11:06,747-DEBUG-root-21440::logging_config::logger|189:: Log file created: 'Log\GESIT03\TIR__20251205121106728.log'
2025-12-05 12:11:06,747-INFO-root-21440::base::Start|1183:: TIR Version: 2.4.3
2025-12-05 12:11:06,747-INFO-root-21440::base::Start|1184:: Python Version: 3.12.10
2025-12-05 12:11:06,747-INFO-root-21440::base::Start|1185:: Starting the browser
2025-12-05 12:11:13,961-INFO-root-21440::base::get_url|1294:: Page is ready!
2025-12-05 12:11:13,964-INFO-root-21440::base::Start|1256:: Browser maximized to 1936x1048
2025-12-05 12:11:13,965-INFO-root-21440::base::Start|1258:: Screen size is different from default used in headless mode
2025-12-05 12:11:14,430-INFO-root-21440::webapp_internal::Setup|247:: ***System Info*** in Setup():
2025-12-05 12:11:14,430-DEBUG-root-21440::psutil_info::system_info|5:: CPU USAGE: 17.0%
2025-12-05 12:11:14,431-DEBUG-root-21440::psutil_info::system_info|6:: MEMORY USAGE: 88.5%
2025-12-05 12:11:14,431-DEBUG-root-21440::psutil_info::system_info|7:: MEMORY AVAILABLE: 11.45%
2025-12-05 12:11:14,471-INFO-root-21440::base::webapp_shadowroot|1394:: Webapp: 10.1.6-RC4
2025-12-05 12:11:14,735-INFO-root-21440::webapp_internal::filling_initial_program|449:: Filling Initial Program: "SIGAMDI"
2025-12-05 12:11:14,735-DEBUG-root-21440::webapp_internal::wait_element|7623:: Waiting for element
2025-12-05 12:11:15,089-DEBUG-root-21440::webapp_internal::wait_element|7653:: Element found! Waiting for element to be displayed.
2025-12-05 12:11:15,422-DEBUG-root-21440::base::click|192:: Click Type: ClickType.JS
2025-12-05 12:11:15,427-DEBUG-root-21440::webapp_internal::try_send_keys|7976:: Trying to send keys to element using technique 0
2025-12-05 12:11:15,752-DEBUG-root-21440::webapp_internal::get_web_value|3232:: Current value: SIGAMDI
2025-12-05 12:11:15,752-INFO-root-21440::webapp_internal::filling_server_environment|463:: Filling Server Environment: "POUPEX_TST"
2025-12-05 12:11:15,752-DEBUG-root-21440::webapp_internal::wait_element|7623:: Waiting for element
2025-12-05 12:11:15,778-DEBUG-root-21440::webapp_internal::wait_element|7653:: Element found! Waiting for element to be displayed.
2025-12-05 12:11:15,945-DEBUG-root-21440::base::click|192:: Click Type: ClickType.JS
2025-12-05 12:11:15,957-DEBUG-root-21440::webapp_internal::try_send_keys|7976:: Trying to send keys to element using technique 0
2025-12-05 12:11:16,291-DEBUG-root-21440::webapp_internal::get_web_value|3232:: Current value: POUPEX_TST
2025-12-05 12:11:16,314-DEBUG-root-21440::base::click|192:: Click Type: ClickType.JS
2025-12-05 12:11:16,327-DEBUG-root-21440::webapp_internal::user_screen|519:: Filling user screen
2025-12-05 12:11:23,233-DEBUG-root-21440::base::scroll_to_element|759:: ********Warining scroll_to_element exception: Message: TypeError: can't access property "scrollIntoView", arguments[0] is null
Stacktrace:
@https://qasrverp:10020/webapp/:2:7
@https://qasrverp:10020/webapp/:3:8
*********
2025-12-05 12:11:23,280-DEBUG-root-21440::webapp_internal::wait_element_timeout|7726:: Element found! Waiting for element to be displayed.
2025-12-05 12:11:23,344-DEBUG-root-21440::base::scroll_to_element|759:: ********Warining scroll_to_element exception: Message: TypeError: can't access property "scrollIntoView", arguments[0] is null
Stacktrace:
@https://qasrverp:10020/webapp/:2:7
@https://qasrverp:10020/webapp/:3:8
*********
2025-12-05 12:11:23,517-INFO-root-21440::webapp_internal::user_screen|561:: Filling User
2025-12-05 12:11:23,550-DEBUG-root-21440::base::double_click|259:: Click Type: ClickType.SELENIUM
2025-12-05 12:11:23,741-DEBUG-root-21440::webapp_internal::get_web_value|3232:: Current value: 97137227104
2025-12-05 12:11:23,766-INFO-root-21440::webapp_internal::user_screen|621:: Filling Password
2025-12-05 12:11:23,791-DEBUG-root-21440::base::click|192:: Click Type: ClickType.JS
2025-12-05 12:11:23,870-DEBUG-root-21440::webapp_internal::get_web_value|3232:: Current value: Val20221080080094+
2025-12-05 12:11:23,870-DEBUG-root-21440::webapp_internal::wait_blocker|2444:: Waiting blocker to continue...
2025-12-05 12:11:23,904-DEBUG-root-21440::webapp_internal::wait_blocker|2469:: Blocker status: None
2025-12-05 12:11:23,930-DEBUG-root-21440::webapp_internal::wait_blocker|2444:: Waiting blocker to continue...
2025-12-05 12:11:23,961-DEBUG-root-21440::webapp_internal::wait_blocker|2469:: Blocker status: None
2025-12-05 12:11:24,002-DEBUG-root-21440::webapp_internal::wait_blocker|2444:: Waiting blocker to continue...
2025-12-05 12:11:24,038-DEBUG-root-21440::webapp_internal::wait_blocker|2469:: Blocker status: None
2025-12-05 12:11:24,038-DEBUG-root-21440::webapp_internal::send_action|10480:: Trying to send action
2025-12-05 12:11:24,046-DEBUG-root-21440::base::click|192:: Click Type: ClickType.JS
2025-12-05 12:11:25,086-DEBUG-root-21440::webapp_internal::send_action|10522:: send_action method result = True
2025-12-05 12:11:25,086-DEBUG-root-21440::webapp_internal::send_action|10523:: send_action selenium status: False
2025-12-05 12:11:27,550-DEBUG-root-21440::base::scroll_to_element|759:: ********Warining scroll_to_element exception: Message: TypeError: can't access property "scrollIntoView", arguments[0] is null
Stacktrace:
@https://qasrverp:10020/webapp/:2:7
@https://qasrverp:10020/webapp/:3:8
*********
2025-12-05 12:11:27,612-INFO-root-21440::webapp_internal::filling_date|885:: Filling Date: "05/12/2025"
2025-12-05 12:11:27,613-DEBUG-root-21440::webapp_internal::wait_blocker|2444:: Waiting blocker to continue...
2025-12-05 12:11:27,652-DEBUG-root-21440::webapp_internal::wait_blocker|2469:: Blocker status: None
2025-12-05 12:11:27,655-DEBUG-root-21440::base::click|192:: Click Type: ClickType.JS
2025-12-05 12:11:27,682-DEBUG-root-21440::webapp_internal::try_send_keys|7976:: Trying to send keys to element using technique 1
2025-12-05 12:11:27,784-DEBUG-root-21440::webapp_internal::get_web_value|3232:: Current value: 05/12/2025
2025-12-05 12:11:28,883-INFO-root-21440::webapp_internal::filling_group|955:: Filling Group: "02"
2025-12-05 12:11:28,883-DEBUG-root-21440::webapp_internal::wait_blocker|2444:: Waiting blocker to continue...
2025-12-05 12:11:28,919-DEBUG-root-21440::webapp_internal::wait_blocker|2469:: Blocker status: None
2025-12-05 12:11:28,922-DEBUG-root-21440::base::click|192:: Click Type: ClickType.JS
2025-12-05 12:11:28,976-DEBUG-root-21440::webapp_internal::get_web_value|3232:: Current value: 02
2025-12-05 12:11:30,048-INFO-root-21440::webapp_internal::filling_branch|1047:: Filling Branch: "02DF0001"
2025-12-05 12:11:30,048-DEBUG-root-21440::webapp_internal::wait_blocker|2444:: Waiting blocker to continue...
2025-12-05 12:11:30,084-DEBUG-root-21440::webapp_internal::wait_blocker|2469:: Blocker status: None
2025-12-05 12:11:30,091-DEBUG-root-21440::base::click|192:: Click Type: ClickType.JS
2025-12-05 12:11:30,148-DEBUG-root-21440::webapp_internal::get_web_value|3232:: Current value: 02DF0001
2025-12-05 12:11:31,248-INFO-root-21440::webapp_internal::filling_environment|1113:: Filling Environment: "07"
2025-12-05 12:11:31,249-DEBUG-root-21440::webapp_internal::wait_blocker|2444:: Waiting blocker to continue...
2025-12-05 12:11:31,287-DEBUG-root-21440::webapp_internal::wait_blocker|2469:: Blocker status: None
2025-12-05 12:11:31,290-DEBUG-root-21440::base::click|192:: Click Type: ClickType.JS
2025-12-05 12:11:31,355-DEBUG-root-21440::webapp_internal::get_web_value|3232:: Current value: 07
2025-12-05 12:11:32,366-DEBUG-root-21440::webapp_internal::close_warning_screen|1489:: Closing warning screen!
2025-12-05 12:11:33,400-DEBUG-root-21440::webapp_internal::check_screen_element|1291:: Checking screen element: "Atenção": False
2025-12-05 12:11:34,595-INFO-root-21440::webapp_internal::environment_screen|796:: Clicking on Button
2025-12-05 12:11:34,597-DEBUG-root-21440::webapp_internal::wait_blocker|2444:: Waiting blocker to continue...
2025-12-05 12:11:34,644-DEBUG-root-21440::webapp_internal::wait_blocker|2469:: Blocker status: None
2025-12-05 12:11:34,648-DEBUG-root-21440::base::click|192:: Click Type: ClickType.JS
2025-12-05 12:11:35,664-DEBUG-root-21440::base::click|192:: Click Type: ClickType.JS
2025-12-05 12:11:36,671-DEBUG-root-21440::base::click|192:: Click Type: ClickType.JS
2025-12-05 12:11:37,680-DEBUG-root-21440::base::click|192:: Click Type: ClickType.JS
2025-12-05 12:11:38,687-DEBUG-root-21440::base::click|192:: Click Type: ClickType.JS
2025-12-05 12:11:39,696-DEBUG-root-21440::base::click|192:: Click Type: ClickType.JS
2025-12-05 12:11:40,704-DEBUG-root-21440::webapp_internal::close_screen_before_menu|368:: Closing screen before the menu
2025-12-05 12:11:40,758-DEBUG-root-21440::webapp_internal::close_warning_screen|1489:: Closing warning screen!
2025-12-05 12:11:41,817-DEBUG-root-21440::webapp_internal::check_screen_element|1291:: Checking screen element: "Atenção": False
2025-12-05 12:11:41,817-DEBUG-root-21440::webapp_internal::close_coin_screen|1424:: Closing coin screen!
2025-12-05 12:11:42,388-DEBUG-root-21440::base::click|192:: Click Type: ClickType.JS
2025-12-05 12:11:42,449-DEBUG-root-21440::webapp_internal::close_warning_screen|1489:: Closing warning screen!
2025-12-05 12:11:43,508-DEBUG-root-21440::webapp_internal::check_screen_element|1291:: Checking screen element: "Atenção": False
2025-12-05 12:11:43,508-DEBUG-root-21440::webapp_internal::close_coin_screen|1424:: Closing coin screen!
2025-12-05 12:11:43,627-INFO-root-21440::webapp_internal::set_log_info|1623:: Getting log info
2025-12-05 12:11:43,628-INFO-root-21440::webapp_internal::SetLateralMenu|4184:: Navigating lateral menu: Ajuda > Sobre
2025-12-05 12:11:43,638-DEBUG-root-21440::webapp_internal::wait_element|7623:: Waiting for element
2025-12-05 12:11:43,676-DEBUG-root-21440::webapp_internal::wait_element|7653:: Element found! Waiting for element to be displayed.
2025-12-05 12:11:43,857-INFO-root-21440::webapp_internal::SetLateralMenu|4203:: Menu item: "Ajuda"
2025-12-05 12:11:43,857-DEBUG-root-21440::webapp_internal::wait_blocker|2444:: Waiting blocker to continue...
2025-12-05 12:11:43,926-DEBUG-root-21440::webapp_internal::wait_blocker|2469:: Blocker status: False
2025-12-05 12:11:44,280-DEBUG-root-21440::webapp_internal::wait_element_timeout|7726:: Element found! Waiting for element to be displayed.
2025-12-05 12:11:44,608-DEBUG-root-21440::webapp_internal::wait_blocker|2444:: Waiting blocker to continue...
2025-12-05 12:11:44,676-DEBUG-root-21440::webapp_internal::wait_blocker|2469:: Blocker status: False
2025-12-05 12:11:46,975-INFO-root-21440::webapp_internal::SetLateralMenu|4203:: Menu item: "Sobre"
2025-12-05 12:11:46,975-DEBUG-root-21440::webapp_internal::wait_blocker|2444:: Waiting blocker to continue...
2025-12-05 12:11:47,041-DEBUG-root-21440::webapp_internal::wait_blocker|2469:: Blocker status: False
2025-12-05 12:11:47,483-DEBUG-root-21440::webapp_internal::wait_element_timeout|7726:: Element found! Waiting for element to be displayed.
2025-12-05 12:11:47,872-DEBUG-root-21440::webapp_internal::wait_blocker|2444:: Waiting blocker to continue...
2025-12-05 12:11:47,943-DEBUG-root-21440::webapp_internal::wait_blocker|2469:: Blocker status: False
2025-12-05 12:11:50,576-DEBUG-root-21440::webapp_internal::wait_blocker|2444:: Waiting blocker to continue...
2025-12-05 12:11:50,645-DEBUG-root-21440::webapp_internal::wait_blocker|2469:: Blocker status: False
2025-12-05 12:11:50,720-DEBUG-root-21440::webapp_internal::wait_element|7623:: Waiting for element
2025-12-05 12:11:50,764-DEBUG-root-21440::webapp_internal::wait_element|7653:: Element found! Waiting for element to be displayed.
2025-12-05 12:11:50,934-INFO-root-21440::webapp_internal::SetButton|4444:: Clicking on Fechar
2025-12-05 12:11:50,934-DEBUG-root-21440::webapp_internal::wait_blocker|2444:: Waiting blocker to continue...
2025-12-05 12:11:51,008-DEBUG-root-21440::webapp_internal::wait_blocker|2469:: Blocker status: False
2025-12-05 12:11:51,189-DEBUG-root-21440::webapp_internal::wait_element_timeout|7726:: Element found! Waiting for element to be displayed.
2025-12-05 12:11:51,264-DEBUG-root-21440::webapp_internal::SetButton|4481:: ***System Info*** Before Clicking on button:Fechar
2025-12-05 12:11:51,264-DEBUG-root-21440::psutil_info::system_info|5:: CPU USAGE: 14.9%
2025-12-05 12:11:51,265-DEBUG-root-21440::psutil_info::system_info|6:: MEMORY USAGE: 89.4%
2025-12-05 12:11:51,265-DEBUG-root-21440::psutil_info::system_info|7:: MEMORY AVAILABLE: 10.56%
2025-12-05 12:11:51,431-DEBUG-root-21440::webapp_internal::wait_element_timeout|7726:: Element found! Waiting for element to be displayed.
2025-12-05 12:11:51,546-DEBUG-root-21440::webapp_internal::wait_blocker|2444:: Waiting blocker to continue...
2025-12-05 12:11:51,619-DEBUG-root-21440::webapp_internal::wait_blocker|2469:: Blocker status: False
2025-12-05 12:11:51,639-DEBUG-root-21440::webapp_internal::wait_blocker|2444:: Waiting blocker to continue...
2025-12-05 12:11:51,739-DEBUG-root-21440::webapp_internal::wait_blocker|2469:: Blocker status: False
2025-12-05 12:11:51,739-DEBUG-root-21440::webapp_internal::send_action|10480:: Trying to send action
2025-12-05 12:11:51,743-DEBUG-root-21440::base::click|192:: Click Type: ClickType.JS
2025-12-05 12:11:52,775-DEBUG-root-21440::webapp_internal::send_action|10522:: send_action method result = True
2025-12-05 12:11:52,775-DEBUG-root-21440::webapp_internal::send_action|10523:: send_action selenium status: False
2025-12-05 12:11:52,775-DEBUG-root-21440::webapp_internal::SetButton|4683:: ***System Info*** After Clicking on button:
2025-12-05 12:11:52,775-DEBUG-root-21440::psutil_info::system_info|5:: CPU USAGE: 10.7%
2025-12-05 12:11:52,776-DEBUG-root-21440::psutil_info::system_info|6:: MEMORY USAGE: 89.5%
2025-12-05 12:11:52,776-DEBUG-root-21440::psutil_info::system_info|7:: MEMORY AVAILABLE: 10.55%
2025-12-05 12:11:52,776-DEBUG-root-21440::webapp_internal::wait_element|7623:: Waiting for element
2025-12-05 12:11:52,865-INFO-root-21440::webapp_internal::SetLateralMenu|4184:: Navigating lateral menu: Atualizações > Gestao de Viagens > Solicitações
2025-12-05 12:11:52,875-DEBUG-root-21440::webapp_internal::wait_element|7623:: Waiting for element
2025-12-05 12:11:52,916-DEBUG-root-21440::webapp_internal::wait_element|7653:: Element found! Waiting for element to be displayed.
2025-12-05 12:11:53,077-INFO-root-21440::webapp_internal::SetLateralMenu|4203:: Menu item: "Atualizações"
2025-12-05 12:11:53,077-DEBUG-root-21440::webapp_internal::wait_blocker|2444:: Waiting blocker to continue...
2025-12-05 12:11:53,143-DEBUG-root-21440::webapp_internal::wait_blocker|2469:: Blocker status: False
2025-12-05 12:11:53,561-DEBUG-root-21440::webapp_internal::wait_element_timeout|7726:: Element found! Waiting for element to be displayed.
2025-12-05 12:11:53,926-DEBUG-root-21440::webapp_internal::wait_blocker|2444:: Waiting blocker to continue...
2025-12-05 12:11:53,989-DEBUG-root-21440::webapp_internal::wait_blocker|2469:: Blocker status: False
2025-12-05 12:11:56,266-INFO-root-21440::webapp_internal::SetLateralMenu|4203:: Menu item: "Gestao de Viagens"
2025-12-05 12:11:56,266-DEBUG-root-21440::webapp_internal::wait_blocker|2444:: Waiting blocker to continue...
2025-12-05 12:11:56,363-DEBUG-root-21440::webapp_internal::wait_blocker|2469:: Blocker status: False
2025-12-05 12:11:57,120-DEBUG-root-21440::webapp_internal::wait_element_timeout|7726:: Element found! Waiting for element to be displayed.
2025-12-05 12:11:57,894-DEBUG-root-21440::webapp_internal::wait_blocker|2444:: Waiting blocker to continue...
2025-12-05 12:11:58,027-DEBUG-root-21440::webapp_internal::wait_blocker|2469:: Blocker status: False
2025-12-05 12:12:00,330-INFO-root-21440::webapp_internal::SetLateralMenu|4203:: Menu item: "Solicitações"
2025-12-05 12:12:00,331-DEBUG-root-21440::webapp_internal::wait_blocker|2444:: Waiting blocker to continue...
2025-12-05 12:12:00,418-DEBUG-root-21440::webapp_internal::wait_blocker|2469:: Blocker status: False
2025-12-05 12:12:01,394-DEBUG-root-21440::webapp_internal::wait_element_timeout|7726:: Element found! Waiting for element to be displayed.
2025-12-05 12:12:02,302-DEBUG-root-21440::webapp_internal::wait_blocker|2444:: Waiting blocker to continue...
2025-12-05 12:12:02,397-DEBUG-root-21440::webapp_internal::wait_blocker|2469:: Blocker status: False
2025-12-05 12:12:06,075-DEBUG-root-21440::webapp_internal::wait_blocker|2444:: Waiting blocker to continue...
2025-12-05 12:12:06,171-DEBUG-root-21440::webapp_internal::wait_blocker|2469:: Blocker status: False
2025-12-05 12:12:06,259-INFO-root-21440::webapp_internal::WaitShow|4980:: Waiting show text 'Este ambiente utiliza base de Homologação.'...
2025-12-05 12:12:11,554-INFO-root-21440::webapp_internal::WaitShow|4980:: Waiting show text 'Moedas'...
2025-12-05 12:12:16,815-INFO-root-21440::webapp_internal::WaitShow|4980:: Waiting show text 'Solicitação de Viagens/Treinamento'...
2025-12-05 12:12:16,891-INFO-root-21440::webapp_internal::WaitShow|4996:: Text found! 
2025-12-05 12:12:16,892-INFO-root-21440::webapp_internal::SetButton|4444:: Clicking on Incluir
2025-12-05 12:12:16,892-DEBUG-root-21440::webapp_internal::wait_blocker|2444:: Waiting blocker to continue...
2025-12-05 12:12:16,993-DEBUG-root-21440::webapp_internal::wait_blocker|2469:: Blocker status: False
2025-12-05 12:12:17,399-DEBUG-root-21440::webapp_internal::wait_element_timeout|7726:: Element found! Waiting for element to be displayed.
2025-12-05 12:12:17,673-DEBUG-root-21440::webapp_internal::SetButton|4481:: ***System Info*** Before Clicking on button:Incluir
2025-12-05 12:12:17,673-DEBUG-root-21440::psutil_info::system_info|5:: CPU USAGE: 17.0%
2025-12-05 12:12:17,674-DEBUG-root-21440::psutil_info::system_info|6:: MEMORY USAGE: 91.4%
2025-12-05 12:12:17,674-DEBUG-root-21440::psutil_info::system_info|7:: MEMORY AVAILABLE: 8.64%
2025-12-05 12:12:18,075-DEBUG-root-21440::webapp_internal::wait_element_timeout|7726:: Element found! Waiting for element to be displayed.
2025-12-05 12:12:18,485-DEBUG-root-21440::webapp_internal::wait_blocker|2444:: Waiting blocker to continue...
2025-12-05 12:12:18,582-DEBUG-root-21440::webapp_internal::wait_blocker|2469:: Blocker status: False
2025-12-05 12:12:18,605-DEBUG-root-21440::webapp_internal::wait_blocker|2444:: Waiting blocker to continue...
2025-12-05 12:12:18,706-DEBUG-root-21440::webapp_internal::wait_blocker|2469:: Blocker status: False
2025-12-05 12:12:18,706-DEBUG-root-21440::webapp_internal::send_action|10480:: Trying to send action
2025-12-05 12:12:18,709-DEBUG-root-21440::base::click|192:: Click Type: ClickType.JS
2025-12-05 12:12:19,954-DEBUG-root-21440::webapp_internal::send_action|10522:: send_action method result = True
2025-12-05 12:12:19,954-DEBUG-root-21440::webapp_internal::send_action|10523:: send_action selenium status: True
2025-12-05 12:12:19,954-DEBUG-root-21440::webapp_internal::SetButton|4683:: ***System Info*** After Clicking on button:
2025-12-05 12:12:19,955-DEBUG-root-21440::psutil_info::system_info|5:: CPU USAGE: 13.4%
2025-12-05 12:12:19,955-DEBUG-root-21440::psutil_info::system_info|6:: MEMORY USAGE: 91.3%
2025-12-05 12:12:19,956-DEBUG-root-21440::psutil_info::system_info|7:: MEMORY AVAILABLE: 8.75%
2025-12-05 12:12:20,157-DEBUG-root-21440::webapp_internal::wait_blocker|2444:: Waiting blocker to continue...
2025-12-05 12:12:20,249-DEBUG-root-21440::webapp_internal::wait_blocker|2469:: Blocker status: False
2025-12-05 12:12:20,250-INFO-root-21440::webapp_internal::SearchBrowse|2003:: Searching: 02DF0001
2025-12-05 12:12:20,403-DEBUG-root-21440::webapp_internal::wait_element_timeout|7726:: Element found! Waiting for element to be displayed.
2025-12-05 12:12:20,488-DEBUG-root-21440::webapp_internal::wait_blocker|2444:: Waiting blocker to continue...
2025-12-05 12:12:20,593-DEBUG-root-21440::webapp_internal::wait_blocker|2469:: Blocker status: False
2025-12-05 12:12:20,601-DEBUG-root-21440::webapp_internal::wait_blocker|2444:: Waiting blocker to continue...
2025-12-05 12:12:20,716-DEBUG-root-21440::webapp_internal::wait_blocker|2469:: Blocker status: False
2025-12-05 12:12:20,717-INFO-root-21440::webapp_internal::fill_search_browse|2399:: Filling: 02DF0001
2025-12-05 12:12:20,729-DEBUG-root-21440::base::click|192:: Click Type: ClickType.JS
2025-12-05 12:12:21,828-DEBUG-root-21440::webapp_internal::wait_blocker|2444:: Waiting blocker to continue...
2025-12-05 12:12:21,933-DEBUG-root-21440::webapp_internal::wait_blocker|2469:: Blocker status: False
2025-12-05 12:12:21,935-DEBUG-root-21440::base::double_click|259:: Click Type: ClickType.SELENIUM
2025-12-05 12:12:21,940-WARNING-root-21440::base::double_click|280:: Warning double_click method Exception: Message: Element <button class="button-image" type="button"> is not clickable at point (1258,360) because another element <wa-button id="COMP6023" class="dict-tbutton focus"> obscures it
Stacktrace:
RemoteError@chrome://remote/content/shared/RemoteError.sys.mjs:8:8
WebDriverError@chrome://remote/content/shared/webdriver/Errors.sys.mjs:202:5
ElementClickInterceptedError@chrome://remote/content/shared/webdriver/Errors.sys.mjs:354:5
webdriverClickElement@chrome://remote/content/marionette/interaction.sys.mjs:175:11
interaction.clickElement@chrome://remote/content/marionette/interaction.sys.mjs:134:11
clickElement@chrome://remote/content/marionette/actors/MarionetteCommandsChild.sys.mjs:327:29
receiveMessage@chrome://remote/content/marionette/actors/MarionetteCommandsChild.sys.mjs:210:31

2025-12-05 12:12:22,246-INFO-root-21440::webapp_internal::SetButton|4444:: Clicking on OK
2025-12-05 12:12:22,246-DEBUG-root-21440::webapp_internal::wait_blocker|2444:: Waiting blocker to continue...
2025-12-05 12:12:22,371-DEBUG-root-21440::webapp_internal::wait_blocker|2469:: Blocker status: False
2025-12-05 12:12:22,701-DEBUG-root-21440::webapp_internal::wait_element_timeout|7726:: Element found! Waiting for element to be displayed.
2025-12-05 12:12:22,922-DEBUG-root-21440::webapp_internal::SetButton|4481:: ***System Info*** Before Clicking on button:OK
2025-12-05 12:12:22,922-DEBUG-root-21440::psutil_info::system_info|5:: CPU USAGE: 10.1%
2025-12-05 12:12:22,922-DEBUG-root-21440::psutil_info::system_info|6:: MEMORY USAGE: 90.9%
2025-12-05 12:12:22,923-DEBUG-root-21440::psutil_info::system_info|7:: MEMORY AVAILABLE: 9.14%
2025-12-05 12:12:23,212-DEBUG-root-21440::webapp_internal::wait_element_timeout|7726:: Element found! Waiting for element to be displayed.
2025-12-05 12:12:23,453-DEBUG-root-21440::webapp_internal::wait_blocker|2444:: Waiting blocker to continue...
2025-12-05 12:12:23,553-DEBUG-root-21440::webapp_internal::wait_blocker|2469:: Blocker status: False
2025-12-05 12:12:23,581-DEBUG-root-21440::webapp_internal::wait_blocker|2444:: Waiting blocker to continue...
2025-12-05 12:12:23,682-DEBUG-root-21440::webapp_internal::wait_blocker|2469:: Blocker status: False
2025-12-05 12:12:23,682-DEBUG-root-21440::webapp_internal::send_action|10480:: Trying to send action
2025-12-05 12:12:23,684-DEBUG-root-21440::base::click|192:: Click Type: ClickType.JS
2025-12-05 12:12:26,332-DEBUG-root-21440::webapp_internal::send_action|10522:: send_action method result = True
2025-12-05 12:12:26,332-DEBUG-root-21440::webapp_internal::send_action|10523:: send_action selenium status: True
2025-12-05 12:12:26,333-DEBUG-root-21440::webapp_internal::SetButton|4683:: ***System Info*** After Clicking on button:
2025-12-05 12:12:26,333-DEBUG-root-21440::psutil_info::system_info|5:: CPU USAGE: 13.1%
2025-12-05 12:12:26,333-DEBUG-root-21440::psutil_info::system_info|6:: MEMORY USAGE: 91.3%
2025-12-05 12:12:26,334-DEBUG-root-21440::psutil_info::system_info|7:: MEMORY AVAILABLE: 8.74%
2025-12-05 12:12:26,534-INFO-root-21440::webapp_internal::WaitShow|4980:: Waiting show text 'Solicitacoes de Viagens - INCLUIR'...
2025-12-05 12:12:26,779-INFO-root-21440::webapp_internal::WaitShow|4996:: Text found! 
2025-12-05 12:12:26,781-DEBUG-root-21440::webapp_internal::wait_blocker|2444:: Waiting blocker to continue...
2025-12-05 12:12:26,918-DEBUG-root-21440::webapp_internal::wait_blocker|2469:: Blocker status: False
2025-12-05 12:12:26,919-DEBUG-root-21440::webapp_internal::wait_element|7623:: Waiting for element
2025-12-05 12:12:27,035-DEBUG-root-21440::webapp_internal::wait_element|7653:: Element found! Waiting for element to be displayed.
2025-12-05 12:12:27,105-INFO-root-21440::webapp_internal::input_value|2941:: Looking for element: ZV3_DESCRI
2025-12-05 12:12:27,272-INFO-root-21440::webapp_internal::input_value|2951:: Element: ZV3_DESCRI Found!
2025-12-05 12:12:27,272-INFO-root-21440::webapp_internal::input_value|2953:: Filling element: ZV3_DESCRI
2025-12-05 12:12:27,303-DEBUG-root-21440::webapp_internal::get_web_value|3232:: Current value:                                                   
2025-12-05 12:12:27,339-DEBUG-root-21440::base::double_click|259:: Click Type: ClickType.SELENIUM
2025-12-05 12:12:27,614-DEBUG-root-21440::webapp_internal::wait_blocker|2444:: Waiting blocker to continue...
2025-12-05 12:12:27,778-DEBUG-root-21440::webapp_internal::wait_blocker|2469:: Blocker status: False
2025-12-05 12:12:28,129-DEBUG-root-21440::webapp_internal::get_web_value|3232:: Current value: USO PARA TESTE AUTOMATIZADO                       
2025-12-05 12:12:28,129-INFO-root-21440::webapp_internal::input_value|3059:: Current field value: USO PARA TESTE AUTOMATIZADO
2025-12-05 12:12:28,153-DEBUG-root-21440::webapp_internal::wait_blocker|2444:: Waiting blocker to continue...
2025-12-05 12:12:28,296-DEBUG-root-21440::webapp_internal::wait_blocker|2469:: Blocker status: False
2025-12-05 12:12:28,296-DEBUG-root-21440::webapp_internal::wait_element|7623:: Waiting for element
2025-12-05 12:12:28,380-DEBUG-root-21440::webapp_internal::wait_element|7653:: Element found! Waiting for element to be displayed.
2025-12-05 12:12:28,451-INFO-root-21440::webapp_internal::input_value|2941:: Looking for element: ZV3_DTINI
2025-12-05 12:12:28,635-INFO-root-21440::webapp_internal::input_value|2951:: Element: ZV3_DTINI Found!
2025-12-05 12:12:28,635-INFO-root-21440::webapp_internal::input_value|2953:: Filling element: ZV3_DTINI
2025-12-05 12:12:28,671-DEBUG-root-21440::webapp_internal::get_web_value|3232:: Current value:   /  /    
2025-12-05 12:12:28,716-DEBUG-root-21440::base::double_click|259:: Click Type: ClickType.SELENIUM
2025-12-05 12:12:28,966-DEBUG-root-21440::webapp_internal::wait_blocker|2444:: Waiting blocker to continue...
2025-12-05 12:12:29,100-DEBUG-root-21440::webapp_internal::wait_blocker|2469:: Blocker status: False
2025-12-05 12:12:29,436-DEBUG-root-21440::webapp_internal::get_web_value|3232:: Current value: 20/12/2025
2025-12-05 12:12:29,437-INFO-root-21440::webapp_internal::input_value|3059:: Current field value: 20122025
2025-12-05 12:12:29,450-DEBUG-root-21440::webapp_internal::wait_blocker|2444:: Waiting blocker to continue...
2025-12-05 12:12:29,598-DEBUG-root-21440::webapp_internal::wait_blocker|2469:: Blocker status: False
2025-12-05 12:12:29,599-DEBUG-root-21440::webapp_internal::wait_element|7623:: Waiting for element
2025-12-05 12:12:29,681-DEBUG-root-21440::webapp_internal::wait_element|7653:: Element found! Waiting for element to be displayed.
2025-12-05 12:12:29,750-INFO-root-21440::webapp_internal::input_value|2941:: Looking for element: ZV3_DTFIM
2025-12-05 12:12:29,931-INFO-root-21440::webapp_internal::input_value|2951:: Element: ZV3_DTFIM Found!
2025-12-05 12:12:29,931-INFO-root-21440::webapp_internal::input_value|2953:: Filling element: ZV3_DTFIM
2025-12-05 12:12:29,963-DEBUG-root-21440::webapp_internal::get_web_value|3232:: Current value:   /  /    
2025-12-05 12:12:29,999-DEBUG-root-21440::base::double_click|259:: Click Type: ClickType.SELENIUM
2025-12-05 12:12:30,264-DEBUG-root-21440::webapp_internal::wait_blocker|2444:: Waiting blocker to continue...
2025-12-05 12:12:30,403-DEBUG-root-21440::webapp_internal::wait_blocker|2469:: Blocker status: False
2025-12-05 12:12:30,732-DEBUG-root-21440::webapp_internal::get_web_value|3232:: Current value: 27/12/2025
2025-12-05 12:12:30,732-INFO-root-21440::webapp_internal::input_value|3059:: Current field value: 27122025
2025-12-05 12:12:31,741-DEBUG-root-21440::webapp_internal::wait_blocker|2444:: Waiting blocker to continue...
2025-12-05 12:12:31,898-DEBUG-root-21440::webapp_internal::wait_blocker|2469:: Blocker status: False
2025-12-05 12:12:31,899-DEBUG-root-21440::webapp_internal::wait_element|7623:: Waiting for element
2025-12-05 12:12:32,022-DEBUG-root-21440::webapp_internal::wait_element|7653:: Element found! Waiting for element to be displayed.
2025-12-05 12:12:32,101-INFO-root-21440::webapp_internal::input_value|2941:: Looking for element: ZV3_CC
2025-12-05 12:12:32,264-INFO-root-21440::webapp_internal::input_value|2951:: Element: ZV3_CC Found!
2025-12-05 12:12:32,265-INFO-root-21440::webapp_internal::input_value|2953:: Filling element: ZV3_CC
2025-12-05 12:12:32,287-DEBUG-root-21440::webapp_internal::get_web_value|3232:: Current value:          
2025-12-05 12:12:32,324-DEBUG-root-21440::base::double_click|259:: Click Type: ClickType.SELENIUM
2025-12-05 12:12:32,588-DEBUG-root-21440::webapp_internal::wait_blocker|2444:: Waiting blocker to continue...
2025-12-05 12:12:32,723-DEBUG-root-21440::webapp_internal::wait_blocker|2469:: Blocker status: False
2025-12-05 12:12:33,033-DEBUG-root-21440::webapp_internal::get_web_value|3232:: Current value: 000000677
2025-12-05 12:12:33,034-INFO-root-21440::webapp_internal::input_value|3059:: Current field value: 000000677
2025-12-05 12:12:33,046-DEBUG-root-21440::webapp_internal::wait_blocker|2444:: Waiting blocker to continue...
2025-12-05 12:12:33,195-DEBUG-root-21440::webapp_internal::wait_blocker|2469:: Blocker status: False
2025-12-05 12:12:33,196-DEBUG-root-21440::webapp_internal::wait_element|7623:: Waiting for element
2025-12-05 12:12:33,280-DEBUG-root-21440::webapp_internal::wait_element|7653:: Element found! Waiting for element to be displayed.
2025-12-05 12:12:33,352-INFO-root-21440::webapp_internal::input_value|2941:: Looking for element: ZV3_TIPO
2025-12-05 12:12:33,518-INFO-root-21440::webapp_internal::input_value|2951:: Element: ZV3_TIPO Found!
2025-12-05 12:12:33,518-INFO-root-21440::webapp_internal::input_value|2953:: Filling element: ZV3_TIPO
2025-12-05 12:12:34,726-INFO-root-21440::base::select_combo|871:: Selected value for combo is: 1 - Servico
2025-12-05 12:12:34,768-DEBUG-root-21440::webapp_internal::wait_blocker|2444:: Waiting blocker to continue...
2025-12-05 12:12:34,904-DEBUG-root-21440::webapp_internal::wait_blocker|2469:: Blocker status: False
2025-12-05 12:12:34,904-DEBUG-root-21440::webapp_internal::wait_element|7623:: Waiting for element
2025-12-05 12:12:35,001-DEBUG-root-21440::webapp_internal::wait_element|7653:: Element found! Waiting for element to be displayed.
2025-12-05 12:12:35,075-INFO-root-21440::webapp_internal::input_value|2941:: Looking for element: ZV3_OBS
2025-12-05 12:12:35,236-INFO-root-21440::webapp_internal::input_value|2951:: Element: ZV3_OBS Found!
2025-12-05 12:12:35,236-INFO-root-21440::webapp_internal::input_value|2953:: Filling element: ZV3_OBS
2025-12-05 12:12:35,263-DEBUG-root-21440::webapp_internal::get_web_value|3232:: Current value: 
2025-12-05 12:12:35,284-DEBUG-root-21440::base::double_click|259:: Click Type: ClickType.SELENIUM
2025-12-05 12:12:35,537-DEBUG-root-21440::webapp_internal::wait_blocker|2444:: Waiting blocker to continue...
2025-12-05 12:12:35,745-DEBUG-root-21440::webapp_internal::wait_blocker|2469:: Blocker status: False
2025-12-05 12:12:36,095-DEBUG-root-21440::webapp_internal::get_web_value|3232:: Current value: TESTE DE SOLICITAÇÃO DE VIAGEM
2025-12-05 12:12:36,095-INFO-root-21440::webapp_internal::input_value|3059:: Current field value: TESTE DE SOLICITAÇÃO DE VIAGEM
2025-12-05 12:12:36,104-DEBUG-root-21440::webapp_internal::wait_blocker|2444:: Waiting blocker to continue...
2025-12-05 12:12:36,269-DEBUG-root-21440::webapp_internal::wait_blocker|2469:: Blocker status: False
2025-12-05 12:12:36,269-INFO-root-21440::webapp_internal::SetKey|5822:: Key pressed: TAB
2025-12-05 12:12:36,269-DEBUG-root-21440::webapp_internal::SetKey|5857:: Trying press key
2025-12-05 12:12:36,439-DEBUG-root-21440::webapp_internal::wait_blocker|2444:: Waiting blocker to continue...
2025-12-05 12:12:36,579-DEBUG-root-21440::webapp_internal::wait_blocker|2469:: Blocker status: False
2025-12-05 12:12:36,623-DEBUG-root-21440::webapp_internal::wait_blocker|2444:: Waiting blocker to continue...
2025-12-05 12:12:36,762-DEBUG-root-21440::webapp_internal::wait_blocker|2469:: Blocker status: False
2025-12-05 12:12:36,763-DEBUG-root-21440::webapp_internal::send_action|10480:: Trying to send action
2025-12-05 12:12:37,806-DEBUG-root-21440::webapp_internal::send_action|10522:: send_action method result = True
2025-12-05 12:12:37,806-DEBUG-root-21440::webapp_internal::send_action|10523:: send_action selenium status: False
2025-12-05 12:12:37,806-DEBUG-root-21440::webapp_internal::wait_element|7623:: Waiting for element
2025-12-05 12:12:37,913-DEBUG-root-21440::webapp_internal::wait_element|7653:: Element found! Waiting for element to be displayed.
2025-12-05 12:12:38,188-DEBUG-root-21440::webapp_internal::wait_blocker|2444:: Waiting blocker to continue...
2025-12-05 12:12:38,322-DEBUG-root-21440::webapp_internal::wait_blocker|2469:: Blocker status: False
2025-12-05 12:12:38,322-INFO-root-21440::webapp_internal::LoadGrid|6298:: Filling grid field: Favorecido
2025-12-05 12:12:38,322-DEBUG-root-21440::webapp_internal::fill_grid|6399:: Grid loading...
2025-12-05 12:12:38,499-DEBUG-root-21440::webapp_internal::fill_grid|6466:: Column found!
2025-12-05 12:12:38,539-DEBUG-root-21440::base::click|192:: Click Type: ClickType.ACTIONCHAINS
2025-12-05 12:12:38,839-DEBUG-root-21440::webapp_internal::fill_grid|6486:: Trying to select cell in grid!
2025-12-05 12:12:38,844-DEBUG-root-21440::base::click|192:: Click Type: ClickType.ACTIONCHAINS
2025-12-05 12:12:39,131-DEBUG-root-21440::webapp_internal::fill_grid|6486:: Trying to select cell in grid!
2025-12-05 12:12:39,133-DEBUG-root-21440::base::click|192:: Click Type: ClickType.ACTIONCHAINS
2025-12-05 12:12:39,421-DEBUG-root-21440::webapp_internal::fill_grid|6486:: Trying to select cell in grid!
2025-12-05 12:12:39,427-DEBUG-root-21440::base::click|192:: Click Type: ClickType.ACTIONCHAINS
2025-12-05 12:12:39,717-DEBUG-root-21440::webapp_internal::fill_grid|6486:: Trying to select cell in grid!
2025-12-05 12:12:39,719-DEBUG-root-21440::base::click|192:: Click Type: ClickType.ACTIONCHAINS
2025-12-05 12:12:40,006-DEBUG-root-21440::webapp_internal::fill_grid|6486:: Trying to select cell in grid!
2025-12-05 12:12:40,011-DEBUG-root-21440::base::click|192:: Click Type: ClickType.ACTIONCHAINS
2025-12-05 12:12:40,303-DEBUG-root-21440::webapp_internal::fill_grid|6486:: Trying to select cell in grid!
2025-12-05 12:12:40,305-DEBUG-root-21440::base::click|192:: Click Type: ClickType.ACTIONCHAINS
2025-12-05 12:12:40,601-DEBUG-root-21440::webapp_internal::fill_grid|6486:: Trying to select cell in grid!
2025-12-05 12:12:40,603-DEBUG-root-21440::base::click|192:: Click Type: ClickType.ACTIONCHAINS
2025-12-05 12:12:40,866-DEBUG-root-21440::webapp_internal::fill_grid|6486:: Trying to select cell in grid!
2025-12-05 12:12:40,868-DEBUG-root-21440::base::click|192:: Click Type: ClickType.ACTIONCHAINS
2025-12-05 12:12:41,162-DEBUG-root-21440::webapp_internal::fill_grid|6486:: Trying to select cell in grid!
2025-12-05 12:12:41,164-DEBUG-root-21440::base::click|192:: Click Type: ClickType.ACTIONCHAINS
2025-12-05 12:12:41,462-DEBUG-root-21440::webapp_internal::fill_grid|6486:: Trying to select cell in grid!
2025-12-05 12:12:41,466-DEBUG-root-21440::base::click|192:: Click Type: ClickType.ACTIONCHAINS
2025-12-05 12:12:41,763-DEBUG-root-21440::webapp_internal::fill_grid|6486:: Trying to select cell in grid!
2025-12-05 12:12:41,766-DEBUG-root-21440::base::click|192:: Click Type: ClickType.ACTIONCHAINS
2025-12-05 12:12:42,064-DEBUG-root-21440::webapp_internal::fill_grid|6486:: Trying to select cell in grid!
2025-12-05 12:12:42,068-DEBUG-root-21440::base::click|192:: Click Type: ClickType.ACTIONCHAINS
2025-12-05 12:12:42,369-DEBUG-root-21440::webapp_internal::fill_grid|6486:: Trying to select cell in grid!
2025-12-05 12:12:42,373-DEBUG-root-21440::base::click|192:: Click Type: ClickType.ACTIONCHAINS
2025-12-05 12:12:42,663-DEBUG-root-21440::webapp_internal::fill_grid|6486:: Trying to select cell in grid!
2025-12-05 12:12:42,667-DEBUG-root-21440::base::click|192:: Click Type: ClickType.ACTIONCHAINS
2025-12-05 12:12:42,956-DEBUG-root-21440::webapp_internal::fill_grid|6486:: Trying to select cell in grid!
2025-12-05 12:12:42,963-DEBUG-root-21440::base::click|192:: Click Type: ClickType.ACTIONCHAINS
2025-12-05 12:12:43,262-DEBUG-root-21440::webapp_internal::fill_grid|6486:: Trying to select cell in grid!
2025-12-05 12:12:43,266-DEBUG-root-21440::base::click|192:: Click Type: ClickType.ACTIONCHAINS
2025-12-05 12:12:43,553-DEBUG-root-21440::webapp_internal::fill_grid|6486:: Trying to select cell in grid!
2025-12-05 12:12:43,556-DEBUG-root-21440::base::click|192:: Click Type: ClickType.ACTIONCHAINS
2025-12-05 12:12:43,848-DEBUG-root-21440::webapp_internal::fill_grid|6486:: Trying to select cell in grid!
2025-12-05 12:12:43,851-DEBUG-root-21440::base::click|192:: Click Type: ClickType.ACTIONCHAINS
2025-12-05 12:12:44,136-DEBUG-root-21440::webapp_internal::fill_grid|6486:: Trying to select cell in grid!
2025-12-05 12:12:44,138-DEBUG-root-21440::base::click|192:: Click Type: ClickType.ACTIONCHAINS
2025-12-05 12:12:44,437-DEBUG-root-21440::webapp_internal::fill_grid|6486:: Trying to select cell in grid!
2025-12-05 12:12:44,445-DEBUG-root-21440::base::click|192:: Click Type: ClickType.ACTIONCHAINS
2025-12-05 12:12:44,746-DEBUG-root-21440::webapp_internal::fill_grid|6486:: Trying to select cell in grid!
2025-12-05 12:12:44,750-DEBUG-root-21440::base::click|192:: Click Type: ClickType.ACTIONCHAINS
2025-12-05 12:12:45,056-DEBUG-root-21440::webapp_internal::fill_grid|6486:: Trying to select cell in grid!
2025-12-05 12:12:45,062-DEBUG-root-21440::base::click|192:: Click Type: ClickType.ACTIONCHAINS
2025-12-05 12:12:45,356-DEBUG-root-21440::webapp_internal::fill_grid|6486:: Trying to select cell in grid!
2025-12-05 12:12:45,361-DEBUG-root-21440::base::click|192:: Click Type: ClickType.ACTIONCHAINS
2025-12-05 12:12:45,653-DEBUG-root-21440::webapp_internal::fill_grid|6486:: Trying to select cell in grid!
2025-12-05 12:12:45,655-DEBUG-root-21440::base::click|192:: Click Type: ClickType.ACTIONCHAINS
2025-12-05 12:12:45,950-DEBUG-root-21440::webapp_internal::fill_grid|6486:: Trying to select cell in grid!
2025-12-05 12:12:45,953-DEBUG-root-21440::base::click|192:: Click Type: ClickType.ACTIONCHAINS
2025-12-05 12:12:46,252-DEBUG-root-21440::webapp_internal::fill_grid|6486:: Trying to select cell in grid!
2025-12-05 12:12:46,254-DEBUG-root-21440::base::click|192:: Click Type: ClickType.ACTIONCHAINS
2025-12-05 12:12:46,545-DEBUG-root-21440::webapp_internal::fill_grid|6486:: Trying to select cell in grid!
2025-12-05 12:12:46,547-DEBUG-root-21440::base::click|192:: Click Type: ClickType.ACTIONCHAINS
2025-12-05 12:12:46,837-DEBUG-root-21440::webapp_internal::fill_grid|6486:: Trying to select cell in grid!
2025-12-05 12:12:46,839-DEBUG-root-21440::base::click|192:: Click Type: ClickType.ACTIONCHAINS
2025-12-05 12:12:47,133-DEBUG-root-21440::webapp_internal::fill_grid|6486:: Trying to select cell in grid!
2025-12-05 12:12:47,135-DEBUG-root-21440::base::click|192:: Click Type: ClickType.ACTIONCHAINS
2025-12-05 12:12:47,431-DEBUG-root-21440::webapp_internal::fill_grid|6486:: Trying to select cell in grid!
2025-12-05 12:12:47,433-DEBUG-root-21440::base::click|192:: Click Type: ClickType.ACTIONCHAINS
2025-12-05 12:12:47,720-DEBUG-root-21440::webapp_internal::fill_grid|6486:: Trying to select cell in grid!
2025-12-05 12:12:47,722-DEBUG-root-21440::base::click|192:: Click Type: ClickType.ACTIONCHAINS
2025-12-05 12:12:48,016-DEBUG-root-21440::webapp_internal::fill_grid|6486:: Trying to select cell in grid!
2025-12-05 12:12:48,018-DEBUG-root-21440::base::click|192:: Click Type: ClickType.ACTIONCHAINS
2025-12-05 12:12:48,313-DEBUG-root-21440::webapp_internal::fill_grid|6486:: Trying to select cell in grid!
2025-12-05 12:12:48,315-DEBUG-root-21440::base::click|192:: Click Type: ClickType.ACTIONCHAINS
2025-12-05 12:12:48,604-DEBUG-root-21440::webapp_internal::fill_grid|6486:: Trying to select cell in grid!
2025-12-05 12:12:48,606-DEBUG-root-21440::base::click|192:: Click Type: ClickType.ACTIONCHAINS
2025-12-05 12:12:48,901-DEBUG-root-21440::webapp_internal::fill_grid|6486:: Trying to select cell in grid!
2025-12-05 12:12:48,903-DEBUG-root-21440::base::click|192:: Click Type: ClickType.ACTIONCHAINS
2025-12-05 12:12:49,168-DEBUG-root-21440::webapp_internal::fill_grid|6486:: Trying to select cell in grid!
2025-12-05 12:12:49,170-DEBUG-root-21440::base::click|192:: Click Type: ClickType.ACTIONCHAINS
2025-12-05 12:12:49,462-DEBUG-root-21440::webapp_internal::fill_grid|6486:: Trying to select cell in grid!
2025-12-05 12:12:49,464-DEBUG-root-21440::base::click|192:: Click Type: ClickType.ACTIONCHAINS
2025-12-05 12:12:49,753-DEBUG-root-21440::webapp_internal::fill_grid|6486:: Trying to select cell in grid!
2025-12-05 12:12:49,754-DEBUG-root-21440::base::click|192:: Click Type: ClickType.ACTIONCHAINS
2025-12-05 12:12:50,051-DEBUG-root-21440::webapp_internal::fill_grid|6486:: Trying to select cell in grid!
2025-12-05 12:12:50,053-DEBUG-root-21440::base::click|192:: Click Type: ClickType.ACTIONCHAINS
2025-12-05 12:12:50,349-DEBUG-root-21440::webapp_internal::fill_grid|6486:: Trying to select cell in grid!
2025-12-05 12:12:50,351-DEBUG-root-21440::base::click|192:: Click Type: ClickType.ACTIONCHAINS
2025-12-05 12:12:50,640-DEBUG-root-21440::webapp_internal::fill_grid|6486:: Trying to select cell in grid!
2025-12-05 12:12:50,645-DEBUG-root-21440::base::click|192:: Click Type: ClickType.ACTIONCHAINS
2025-12-05 12:12:50,936-DEBUG-root-21440::webapp_internal::fill_grid|6486:: Trying to select cell in grid!
2025-12-05 12:12:50,937-DEBUG-root-21440::base::click|192:: Click Type: ClickType.ACTIONCHAINS
2025-12-05 12:12:51,231-DEBUG-root-21440::webapp_internal::fill_grid|6486:: Trying to select cell in grid!
2025-12-05 12:12:51,233-DEBUG-root-21440::base::click|192:: Click Type: ClickType.ACTIONCHAINS
2025-12-05 12:12:51,522-DEBUG-root-21440::webapp_internal::fill_grid|6486:: Trying to select cell in grid!
2025-12-05 12:12:51,527-DEBUG-root-21440::base::click|192:: Click Type: ClickType.ACTIONCHAINS
2025-12-05 12:12:51,817-DEBUG-root-21440::webapp_internal::fill_grid|6486:: Trying to select cell in grid!
2025-12-05 12:12:51,819-DEBUG-root-21440::base::click|192:: Click Type: ClickType.ACTIONCHAINS
2025-12-05 12:12:52,114-DEBUG-root-21440::webapp_internal::fill_grid|6486:: Trying to select cell in grid!
2025-12-05 12:12:52,116-DEBUG-root-21440::base::click|192:: Click Type: ClickType.ACTIONCHAINS
2025-12-05 12:12:52,404-DEBUG-root-21440::webapp_internal::fill_grid|6486:: Trying to select cell in grid!
2025-12-05 12:12:52,405-DEBUG-root-21440::base::click|192:: Click Type: ClickType.ACTIONCHAINS
2025-12-05 12:12:52,670-DEBUG-root-21440::webapp_internal::fill_grid|6486:: Trying to select cell in grid!
2025-12-05 12:12:52,673-DEBUG-root-21440::base::click|192:: Click Type: ClickType.ACTIONCHAINS
2025-12-05 12:12:52,968-DEBUG-root-21440::webapp_internal::fill_grid|6486:: Trying to select cell in grid!
2025-12-05 12:12:52,970-DEBUG-root-21440::base::click|192:: Click Type: ClickType.ACTIONCHAINS
2025-12-05 12:12:53,256-DEBUG-root-21440::webapp_internal::fill_grid|6486:: Trying to select cell in grid!
2025-12-05 12:12:53,261-DEBUG-root-21440::base::click|192:: Click Type: ClickType.ACTIONCHAINS
2025-12-05 12:12:53,551-DEBUG-root-21440::webapp_internal::fill_grid|6486:: Trying to select cell in grid!
2025-12-05 12:12:53,553-DEBUG-root-21440::base::click|192:: Click Type: ClickType.ACTIONCHAINS
2025-12-05 12:12:53,847-DEBUG-root-21440::webapp_internal::fill_grid|6486:: Trying to select cell in grid!
2025-12-05 12:12:53,848-DEBUG-root-21440::base::click|192:: Click Type: ClickType.ACTIONCHAINS
2025-12-05 12:12:54,138-DEBUG-root-21440::webapp_internal::fill_grid|6486:: Trying to select cell in grid!
2025-12-05 12:12:54,140-DEBUG-root-21440::base::click|192:: Click Type: ClickType.ACTIONCHAINS
2025-12-05 12:12:54,433-DEBUG-root-21440::webapp_internal::fill_grid|6486:: Trying to select cell in grid!
2025-12-05 12:12:54,435-DEBUG-root-21440::base::click|192:: Click Type: ClickType.ACTIONCHAINS
2025-12-05 12:12:54,732-DEBUG-root-21440::webapp_internal::fill_grid|6486:: Trying to select cell in grid!
2025-12-05 12:12:54,734-DEBUG-root-21440::base::click|192:: Click Type: ClickType.ACTIONCHAINS
2025-12-05 12:12:55,018-DEBUG-root-21440::webapp_internal::fill_grid|6486:: Trying to select cell in grid!
2025-12-05 12:12:55,021-DEBUG-root-21440::base::click|192:: Click Type: ClickType.ACTIONCHAINS
2025-12-05 12:12:55,313-DEBUG-root-21440::webapp_internal::fill_grid|6486:: Trying to select cell in grid!
2025-12-05 12:12:55,315-DEBUG-root-21440::base::click|192:: Click Type: ClickType.ACTIONCHAINS
2025-12-05 12:12:55,612-DEBUG-root-21440::webapp_internal::fill_grid|6486:: Trying to select cell in grid!
2025-12-05 12:12:55,614-DEBUG-root-21440::base::click|192:: Click Type: ClickType.ACTIONCHAINS
2025-12-05 12:12:55,904-DEBUG-root-21440::webapp_internal::fill_grid|6486:: Trying to select cell in grid!
2025-12-05 12:12:55,906-DEBUG-root-21440::base::click|192:: Click Type: ClickType.ACTIONCHAINS
2025-12-05 12:12:56,201-DEBUG-root-21440::webapp_internal::fill_grid|6486:: Trying to select cell in grid!
2025-12-05 12:12:56,203-DEBUG-root-21440::base::click|192:: Click Type: ClickType.ACTIONCHAINS
2025-12-05 12:12:56,500-DEBUG-root-21440::webapp_internal::fill_grid|6486:: Trying to select cell in grid!
2025-12-05 12:12:56,503-DEBUG-root-21440::base::click|192:: Click Type: ClickType.ACTIONCHAINS
2025-12-05 12:12:56,787-DEBUG-root-21440::webapp_internal::fill_grid|6486:: Trying to select cell in grid!
2025-12-05 12:12:56,789-DEBUG-root-21440::base::click|192:: Click Type: ClickType.ACTIONCHAINS
2025-12-05 12:12:57,084-DEBUG-root-21440::webapp_internal::fill_grid|6486:: Trying to select cell in grid!
2025-12-05 12:12:57,086-DEBUG-root-21440::base::click|192:: Click Type: ClickType.ACTIONCHAINS
2025-12-05 12:12:57,378-DEBUG-root-21440::webapp_internal::fill_grid|6486:: Trying to select cell in grid!
2025-12-05 12:12:57,381-DEBUG-root-21440::base::click|192:: Click Type: ClickType.ACTIONCHAINS
2025-12-05 12:12:57,669-DEBUG-root-21440::webapp_internal::fill_grid|6486:: Trying to select cell in grid!
2025-12-05 12:12:57,672-DEBUG-root-21440::base::click|192:: Click Type: ClickType.ACTIONCHAINS
2025-12-05 12:12:57,964-DEBUG-root-21440::webapp_internal::fill_grid|6486:: Trying to select cell in grid!
2025-12-05 12:12:57,967-DEBUG-root-21440::base::click|192:: Click Type: ClickType.ACTIONCHAINS
2025-12-05 12:12:58,256-DEBUG-root-21440::webapp_internal::fill_grid|6486:: Trying to select cell in grid!
2025-12-05 12:12:58,262-DEBUG-root-21440::base::click|192:: Click Type: ClickType.ACTIONCHAINS
2025-12-05 12:12:58,552-DEBUG-root-21440::webapp_internal::fill_grid|6486:: Trying to select cell in grid!
2025-12-05 12:12:58,554-DEBUG-root-21440::base::click|192:: Click Type: ClickType.ACTIONCHAINS
2025-12-05 12:12:58,853-DEBUG-root-21440::webapp_internal::fill_grid|6486:: Trying to select cell in grid!
2025-12-05 12:12:58,855-DEBUG-root-21440::base::click|192:: Click Type: ClickType.ACTIONCHAINS
2025-12-05 12:12:59,145-DEBUG-root-21440::webapp_internal::fill_grid|6486:: Trying to select cell in grid!
2025-12-05 12:12:59,148-DEBUG-root-21440::base::click|192:: Click Type: ClickType.ACTIONCHAINS
2025-12-05 12:12:59,436-DEBUG-root-21440::webapp_internal::fill_grid|6486:: Trying to select cell in grid!
2025-12-05 12:12:59,437-DEBUG-root-21440::base::click|192:: Click Type: ClickType.ACTIONCHAINS
2025-12-05 12:12:59,733-DEBUG-root-21440::webapp_internal::fill_grid|6486:: Trying to select cell in grid!
2025-12-05 12:12:59,735-DEBUG-root-21440::base::click|192:: Click Type: ClickType.ACTIONCHAINS
2025-12-05 12:13:00,032-DEBUG-root-21440::webapp_internal::fill_grid|6486:: Trying to select cell in grid!
2025-12-05 12:13:00,035-DEBUG-root-21440::base::click|192:: Click Type: ClickType.ACTIONCHAINS
2025-12-05 12:13:00,329-DEBUG-root-21440::webapp_internal::fill_grid|6486:: Trying to select cell in grid!
2025-12-05 12:13:00,331-DEBUG-root-21440::base::click|192:: Click Type: ClickType.ACTIONCHAINS
2025-12-05 12:13:00,620-DEBUG-root-21440::webapp_internal::fill_grid|6486:: Trying to select cell in grid!
2025-12-05 12:13:00,622-DEBUG-root-21440::base::click|192:: Click Type: ClickType.ACTIONCHAINS
2025-12-05 12:13:00,918-DEBUG-root-21440::webapp_internal::fill_grid|6486:: Trying to select cell in grid!
2025-12-05 12:13:00,920-DEBUG-root-21440::base::click|192:: Click Type: ClickType.ACTIONCHAINS
2025-12-05 12:13:01,213-DEBUG-root-21440::webapp_internal::fill_grid|6486:: Trying to select cell in grid!
2025-12-05 12:13:01,215-DEBUG-root-21440::base::click|192:: Click Type: ClickType.ACTIONCHAINS
2025-12-05 12:13:01,506-DEBUG-root-21440::webapp_internal::fill_grid|6486:: Trying to select cell in grid!
2025-12-05 12:13:01,511-DEBUG-root-21440::base::click|192:: Click Type: ClickType.ACTIONCHAINS
2025-12-05 12:13:01,801-DEBUG-root-21440::webapp_internal::fill_grid|6486:: Trying to select cell in grid!
2025-12-05 12:13:01,803-DEBUG-root-21440::base::click|192:: Click Type: ClickType.ACTIONCHAINS
2025-12-05 12:13:02,096-DEBUG-root-21440::webapp_internal::fill_grid|6486:: Trying to select cell in grid!
2025-12-05 12:13:02,099-DEBUG-root-21440::base::click|192:: Click Type: ClickType.ACTIONCHAINS
2025-12-05 12:13:02,394-DEBUG-root-21440::webapp_internal::fill_grid|6486:: Trying to select cell in grid!
2025-12-05 12:13:02,397-DEBUG-root-21440::base::click|192:: Click Type: ClickType.ACTIONCHAINS
2025-12-05 12:13:02,697-DEBUG-root-21440::webapp_internal::fill_grid|6486:: Trying to select cell in grid!
2025-12-05 12:13:02,699-DEBUG-root-21440::base::click|192:: Click Type: ClickType.ACTIONCHAINS
2025-12-05 12:13:02,988-DEBUG-root-21440::webapp_internal::fill_grid|6486:: Trying to select cell in grid!
2025-12-05 12:13:02,994-DEBUG-root-21440::base::click|192:: Click Type: ClickType.ACTIONCHAINS
2025-12-05 12:13:03,286-DEBUG-root-21440::webapp_internal::fill_grid|6486:: Trying to select cell in grid!
2025-12-05 12:13:03,288-DEBUG-root-21440::base::click|192:: Click Type: ClickType.ACTIONCHAINS
2025-12-05 12:13:03,584-DEBUG-root-21440::webapp_internal::fill_grid|6486:: Trying to select cell in grid!
2025-12-05 12:13:03,586-DEBUG-root-21440::base::click|192:: Click Type: ClickType.ACTIONCHAINS
2025-12-05 12:13:03,880-DEBUG-root-21440::webapp_internal::fill_grid|6486:: Trying to select cell in grid!
2025-12-05 12:13:03,882-DEBUG-root-21440::base::click|192:: Click Type: ClickType.ACTIONCHAINS
2025-12-05 12:13:04,173-DEBUG-root-21440::webapp_internal::fill_grid|6486:: Trying to select cell in grid!
2025-12-05 12:13:04,178-DEBUG-root-21440::base::click|192:: Click Type: ClickType.ACTIONCHAINS
2025-12-05 12:13:04,469-DEBUG-root-21440::webapp_internal::fill_grid|6486:: Trying to select cell in grid!
2025-12-05 12:13:04,472-DEBUG-root-21440::base::click|192:: Click Type: ClickType.ACTIONCHAINS
2025-12-05 12:13:04,765-DEBUG-root-21440::webapp_internal::fill_grid|6486:: Trying to select cell in grid!
2025-12-05 12:13:04,767-DEBUG-root-21440::base::click|192:: Click Type: ClickType.ACTIONCHAINS
2025-12-05 12:13:05,055-DEBUG-root-21440::webapp_internal::fill_grid|6486:: Trying to select cell in grid!
2025-12-05 12:13:05,061-DEBUG-root-21440::base::click|192:: Click Type: ClickType.ACTIONCHAINS
2025-12-05 12:13:05,352-DEBUG-root-21440::webapp_internal::fill_grid|6486:: Trying to select cell in grid!
2025-12-05 12:13:05,354-DEBUG-root-21440::base::click|192:: Click Type: ClickType.ACTIONCHAINS
2025-12-05 12:13:05,648-DEBUG-root-21440::webapp_internal::fill_grid|6486:: Trying to select cell in grid!
2025-12-05 12:13:05,649-DEBUG-root-21440::base::click|192:: Click Type: ClickType.ACTIONCHAINS
2025-12-05 12:13:05,939-DEBUG-root-21440::webapp_internal::fill_grid|6486:: Trying to select cell in grid!
2025-12-05 12:13:05,945-DEBUG-root-21440::base::click|192:: Click Type: ClickType.ACTIONCHAINS
2025-12-05 12:13:06,235-DEBUG-root-21440::webapp_internal::fill_grid|6486:: Trying to select cell in grid!
2025-12-05 12:13:06,237-DEBUG-root-21440::base::click|192:: Click Type: ClickType.ACTIONCHAINS
2025-12-05 12:13:06,533-DEBUG-root-21440::webapp_internal::fill_grid|6486:: Trying to select cell in grid!
2025-12-05 12:13:06,534-DEBUG-root-21440::base::click|192:: Click Type: ClickType.ACTIONCHAINS
2025-12-05 12:13:06,823-DEBUG-root-21440::webapp_internal::fill_grid|6486:: Trying to select cell in grid!
2025-12-05 12:13:06,828-DEBUG-root-21440::base::click|192:: Click Type: ClickType.ACTIONCHAINS
2025-12-05 12:13:07,123-DEBUG-root-21440::webapp_internal::fill_grid|6486:: Trying to select cell in grid!
2025-12-05 12:13:07,128-DEBUG-root-21440::base::click|192:: Click Type: ClickType.ACTIONCHAINS
2025-12-05 12:13:07,419-DEBUG-root-21440::webapp_internal::fill_grid|6486:: Trying to select cell in grid!
2025-12-05 12:13:07,422-DEBUG-root-21440::base::click|192:: Click Type: ClickType.ACTIONCHAINS
2025-12-05 12:13:07,719-DEBUG-root-21440::webapp_internal::fill_grid|6486:: Trying to select cell in grid!
2025-12-05 12:13:07,722-DEBUG-root-21440::base::click|192:: Click Type: ClickType.ACTIONCHAINS
2025-12-05 12:13:08,018-DEBUG-root-21440::webapp_internal::fill_grid|6486:: Trying to select cell in grid!
2025-12-05 12:13:08,020-DEBUG-root-21440::base::click|192:: Click Type: ClickType.ACTIONCHAINS
2025-12-05 12:13:08,314-DEBUG-root-21440::webapp_internal::fill_grid|6486:: Trying to select cell in grid!
2025-12-05 12:13:08,317-DEBUG-root-21440::base::click|192:: Click Type: ClickType.ACTIONCHAINS
2025-12-05 12:13:08,606-DEBUG-root-21440::webapp_internal::fill_grid|6486:: Trying to select cell in grid!
2025-12-05 12:13:08,611-DEBUG-root-21440::base::click|192:: Click Type: ClickType.ACTIONCHAINS
2025-12-05 12:13:08,903-DEBUG-root-21440::webapp_internal::fill_grid|6486:: Trying to select cell in grid!
2025-12-05 12:13:08,905-DEBUG-root-21440::base::click|192:: Click Type: ClickType.ACTIONCHAINS
2025-12-05 12:13:09,170-DEBUG-root-21440::webapp_internal::fill_grid|6486:: Trying to select cell in grid!
2025-12-05 12:13:09,172-DEBUG-root-21440::base::click|192:: Click Type: ClickType.ACTIONCHAINS
2025-12-05 12:13:09,467-DEBUG-root-21440::webapp_internal::fill_grid|6486:: Trying to select cell in grid!
2025-12-05 12:13:09,468-DEBUG-root-21440::base::click|192:: Click Type: ClickType.ACTIONCHAINS
2025-12-05 12:13:09,752-DEBUG-root-21440::webapp_internal::fill_grid|6486:: Trying to select cell in grid!
2025-12-05 12:13:09,754-DEBUG-root-21440::base::click|192:: Click Type: ClickType.ACTIONCHAINS
2025-12-05 12:13:10,048-DEBUG-root-21440::webapp_internal::fill_grid|6486:: Trying to select cell in grid!
2025-12-05 12:13:10,050-DEBUG-root-21440::base::click|192:: Click Type: ClickType.ACTIONCHAINS
2025-12-05 12:13:10,317-DEBUG-root-21440::webapp_internal::fill_grid|6486:: Trying to select cell in grid!
2025-12-05 12:13:10,319-DEBUG-root-21440::base::click|192:: Click Type: ClickType.ACTIONCHAINS
2025-12-05 12:13:10,616-DEBUG-root-21440::webapp_internal::fill_grid|6486:: Trying to select cell in grid!
2025-12-05 12:13:10,618-DEBUG-root-21440::base::click|192:: Click Type: ClickType.ACTIONCHAINS
2025-12-05 12:13:10,912-DEBUG-root-21440::webapp_internal::fill_grid|6486:: Trying to select cell in grid!
2025-12-05 12:13:10,915-DEBUG-root-21440::base::click|192:: Click Type: ClickType.ACTIONCHAINS
2025-12-05 12:13:11,205-DEBUG-root-21440::webapp_internal::fill_grid|6486:: Trying to select cell in grid!
2025-12-05 12:13:11,208-DEBUG-root-21440::base::click|192:: Click Type: ClickType.ACTIONCHAINS
2025-12-05 12:13:11,503-DEBUG-root-21440::webapp_internal::fill_grid|6486:: Trying to select cell in grid!
2025-12-05 12:13:11,505-DEBUG-root-21440::base::click|192:: Click Type: ClickType.ACTIONCHAINS
2025-12-05 12:13:11,795-DEBUG-root-21440::webapp_internal::fill_grid|6486:: Trying to select cell in grid!
2025-12-05 12:13:11,798-DEBUG-root-21440::base::click|192:: Click Type: ClickType.ACTIONCHAINS
2025-12-05 12:13:12,088-DEBUG-root-21440::webapp_internal::fill_grid|6486:: Trying to select cell in grid!
2025-12-05 12:13:12,094-DEBUG-root-21440::base::click|192:: Click Type: ClickType.ACTIONCHAINS
2025-12-05 12:13:12,387-DEBUG-root-21440::webapp_internal::fill_grid|6486:: Trying to select cell in grid!
2025-12-05 12:13:12,389-DEBUG-root-21440::base::click|192:: Click Type: ClickType.ACTIONCHAINS
2025-12-05 12:13:12,685-DEBUG-root-21440::webapp_internal::fill_grid|6486:: Trying to select cell in grid!
2025-12-05 12:13:12,687-DEBUG-root-21440::base::click|192:: Click Type: ClickType.ACTIONCHAINS
2025-12-05 12:13:12,981-DEBUG-root-21440::webapp_internal::fill_grid|6486:: Trying to select cell in grid!
2025-12-05 12:13:12,983-DEBUG-root-21440::base::click|192:: Click Type: ClickType.ACTIONCHAINS
2025-12-05 12:13:13,272-DEBUG-root-21440::webapp_internal::fill_grid|6486:: Trying to select cell in grid!
2025-12-05 12:13:13,278-DEBUG-root-21440::base::click|192:: Click Type: ClickType.ACTIONCHAINS
2025-12-05 12:13:13,569-DEBUG-root-21440::webapp_internal::fill_grid|6486:: Trying to select cell in grid!
2025-12-05 12:13:13,571-DEBUG-root-21440::base::click|192:: Click Type: ClickType.ACTIONCHAINS
2025-12-05 12:13:13,838-DEBUG-root-21440::webapp_internal::fill_grid|6486:: Trying to select cell in grid!
2025-12-05 12:13:13,840-DEBUG-root-21440::base::click|192:: Click Type: ClickType.ACTIONCHAINS
2025-12-05 12:13:14,136-DEBUG-root-21440::webapp_internal::fill_grid|6486:: Trying to select cell in grid!
2025-12-05 12:13:14,139-DEBUG-root-21440::base::click|192:: Click Type: ClickType.ACTIONCHAINS
2025-12-05 12:13:14,435-DEBUG-root-21440::webapp_internal::fill_grid|6486:: Trying to select cell in grid!
2025-12-05 12:13:14,437-DEBUG-root-21440::base::click|192:: Click Type: ClickType.ACTIONCHAINS
2025-12-05 12:13:14,731-DEBUG-root-21440::webapp_internal::fill_grid|6486:: Trying to select cell in grid!
2025-12-05 12:13:14,733-DEBUG-root-21440::base::click|192:: Click Type: ClickType.ACTIONCHAINS
2025-12-05 12:13:15,029-DEBUG-root-21440::webapp_internal::fill_grid|6486:: Trying to select cell in grid!
2025-12-05 12:13:15,033-DEBUG-root-21440::base::click|192:: Click Type: ClickType.ACTIONCHAINS
2025-12-05 12:13:15,298-DEBUG-root-21440::webapp_internal::fill_grid|6486:: Trying to select cell in grid!
2025-12-05 12:13:15,301-DEBUG-root-21440::base::click|192:: Click Type: ClickType.ACTIONCHAINS
2025-12-05 12:13:15,587-DEBUG-root-21440::webapp_internal::fill_grid|6486:: Trying to select cell in grid!
2025-12-05 12:13:15,589-DEBUG-root-21440::base::click|192:: Click Type: ClickType.ACTIONCHAINS
2025-12-05 12:13:15,884-DEBUG-root-21440::webapp_internal::fill_grid|6486:: Trying to select cell in grid!
2025-12-05 12:13:15,886-DEBUG-root-21440::base::click|192:: Click Type: ClickType.ACTIONCHAINS
2025-12-05 12:13:16,167-DEBUG-root-21440::webapp_internal::fill_grid|6486:: Trying to select cell in grid!
2025-12-05 12:13:16,169-DEBUG-root-21440::base::click|192:: Click Type: ClickType.ACTIONCHAINS
2025-12-05 12:13:16,451-DEBUG-root-21440::webapp_internal::fill_grid|6486:: Trying to select cell in grid!
2025-12-05 12:13:16,454-DEBUG-root-21440::base::click|192:: Click Type: ClickType.ACTIONCHAINS
2025-12-05 12:13:16,746-DEBUG-root-21440::webapp_internal::fill_grid|6486:: Trying to select cell in grid!
2025-12-05 12:13:16,748-DEBUG-root-21440::base::click|192:: Click Type: ClickType.ACTIONCHAINS
2025-12-05 12:13:17,039-DEBUG-root-21440::webapp_internal::fill_grid|6486:: Trying to select cell in grid!
2025-12-05 12:13:17,044-DEBUG-root-21440::base::click|192:: Click Type: ClickType.ACTIONCHAINS
2025-12-05 12:13:17,336-DEBUG-root-21440::webapp_internal::fill_grid|6486:: Trying to select cell in grid!
2025-12-05 12:13:17,338-DEBUG-root-21440::base::click|192:: Click Type: ClickType.ACTIONCHAINS
2025-12-05 12:13:17,633-DEBUG-root-21440::webapp_internal::fill_grid|6486:: Trying to select cell in grid!
2025-12-05 12:13:17,636-DEBUG-root-21440::base::click|192:: Click Type: ClickType.ACTIONCHAINS
2025-12-05 12:13:17,928-DEBUG-root-21440::webapp_internal::fill_grid|6486:: Trying to select cell in grid!
2025-12-05 12:13:17,929-DEBUG-root-21440::base::click|192:: Click Type: ClickType.ACTIONCHAINS
2025-12-05 12:13:18,221-DEBUG-root-21440::webapp_internal::fill_grid|6486:: Trying to select cell in grid!
2025-12-05 12:13:18,223-DEBUG-root-21440::base::click|192:: Click Type: ClickType.ACTIONCHAINS
2025-12-05 12:13:18,518-DEBUG-root-21440::webapp_internal::fill_grid|6486:: Trying to select cell in grid!
2025-12-05 12:13:18,520-DEBUG-root-21440::base::click|192:: Click Type: ClickType.ACTIONCHAINS
2025-12-05 12:13:18,812-DEBUG-root-21440::webapp_internal::fill_grid|6486:: Trying to select cell in grid!
2025-12-05 12:13:18,814-DEBUG-root-21440::base::click|192:: Click Type: ClickType.ACTIONCHAINS
2025-12-05 12:13:24,165-DEBUG-root-21440::webapp_internal::fill_grid|6498:: Trying open cell in grid!
2025-12-05 12:13:24,432-DEBUG-root-21440::webapp_internal::wait_blocker|2444:: Waiting blocker to continue...
2025-12-05 12:13:24,585-DEBUG-root-21440::webapp_internal::wait_blocker|2469:: Blocker status: False
2025-12-05 12:13:24,773-DEBUG-root-21440::webapp_internal::wait_element_timeout|7726:: Element found! Waiting for element to be displayed.
2025-12-05 12:13:25,145-DEBUG-root-21440::webapp_internal::fill_grid|6577:: Sending keys: 227884
2025-12-05 12:13:25,456-DEBUG-root-21440::webapp_internal::wait_blocker|2444:: Waiting blocker to continue...
2025-12-05 12:13:25,662-DEBUG-root-21440::webapp_internal::wait_blocker|2469:: Blocker status: False
2025-12-05 12:13:25,821-DEBUG-root-21440::webapp_internal::wait_element_timeout|7726:: Element found! Waiting for element to be displayed.
2025-12-05 12:13:26,165-INFO-root-21440::webapp_internal::ClickFolder|5081:: Clicking on folder: Transporte
2025-12-05 12:13:26,165-DEBUG-root-21440::webapp_internal::wait_blocker|2444:: Waiting blocker to continue...
2025-12-05 12:13:26,323-DEBUG-root-21440::webapp_internal::wait_blocker|2469:: Blocker status: False
2025-12-05 12:13:26,361-DEBUG-root-21440::webapp_internal::wait_element|7623:: Waiting for element
2025-12-05 12:13:26,651-DEBUG-root-21440::webapp_internal::wait_element|7653:: Element found! Waiting for element to be displayed.
2025-12-05 12:13:28,263-DEBUG-root-21440::webapp_internal::wait_blocker|2444:: Waiting blocker to continue...
2025-12-05 12:13:28,420-DEBUG-root-21440::webapp_internal::wait_blocker|2469:: Blocker status: False
2025-12-05 12:13:28,420-INFO-root-21440::webapp_internal::SetKey|5822:: Key pressed: TAB
2025-12-05 12:13:28,420-DEBUG-root-21440::webapp_internal::SetKey|5857:: Trying press key
2025-12-05 12:13:28,421-DEBUG-root-21440::webapp_internal::wait_element|7623:: Waiting for element
2025-12-05 12:13:28,536-DEBUG-root-21440::webapp_internal::wait_element|7653:: Element found! Waiting for element to be displayed.
2025-12-05 12:13:28,815-DEBUG-root-21440::webapp_internal::wait_blocker|2444:: Waiting blocker to continue...
2025-12-05 12:13:28,950-DEBUG-root-21440::webapp_internal::wait_blocker|2469:: Blocker status: False
2025-12-05 12:13:28,951-INFO-root-21440::webapp_internal::LoadGrid|6298:: Filling grid field: Tipo
2025-12-05 12:13:28,951-DEBUG-root-21440::webapp_internal::fill_grid|6399:: Grid loading...
2025-12-05 12:13:29,342-DEBUG-root-21440::webapp_internal::fill_grid|6466:: Column found!
2025-12-05 12:13:29,383-DEBUG-root-21440::base::click|192:: Click Type: ClickType.ACTIONCHAINS
2025-12-05 12:13:34,684-DEBUG-root-21440::webapp_internal::fill_grid|6498:: Trying open cell in grid!
2025-12-05 12:13:34,952-DEBUG-root-21440::webapp_internal::wait_blocker|2444:: Waiting blocker to continue...
2025-12-05 12:13:35,134-DEBUG-root-21440::webapp_internal::wait_blocker|2469:: Blocker status: False
2025-12-05 12:13:35,334-DEBUG-root-21440::webapp_internal::wait_element_timeout|7726:: Element found! Waiting for element to be displayed.
2025-12-05 12:13:36,737-INFO-root-21440::base::select_combo|871:: Selected value for combo is: 1 - Aereo
2025-12-05 12:13:36,933-DEBUG-root-21440::webapp_internal::wait_blocker|2444:: Waiting blocker to continue...
2025-12-05 12:13:37,071-DEBUG-root-21440::webapp_internal::wait_blocker|2469:: Blocker status: False
2025-12-05 12:13:37,100-DEBUG-root-21440::webapp_internal::wait_blocker|2444:: Waiting blocker to continue...
2025-12-05 12:13:37,256-DEBUG-root-21440::webapp_internal::wait_blocker|2469:: Blocker status: False
2025-12-05 12:13:37,256-DEBUG-root-21440::webapp_internal::send_action|10480:: Trying to send action
2025-12-05 12:13:38,298-DEBUG-root-21440::webapp_internal::send_action|10522:: send_action method result = True
2025-12-05 12:13:38,299-DEBUG-root-21440::webapp_internal::send_action|10523:: send_action selenium status: False
2025-12-05 12:13:38,299-DEBUG-root-21440::webapp_internal::wait_blocker|2444:: Waiting blocker to continue...
2025-12-05 12:13:38,440-DEBUG-root-21440::webapp_internal::wait_blocker|2469:: Blocker status: False
2025-12-05 12:13:38,440-INFO-root-21440::webapp_internal::SetKey|5822:: Key pressed: TAB
2025-12-05 12:13:38,440-DEBUG-root-21440::webapp_internal::SetKey|5857:: Trying press key
2025-12-05 12:13:38,440-DEBUG-root-21440::webapp_internal::wait_element|7623:: Waiting for element
2025-12-05 12:13:38,546-DEBUG-root-21440::webapp_internal::wait_element|7653:: Element found! Waiting for element to be displayed.
2025-12-05 12:13:38,814-DEBUG-root-21440::webapp_internal::wait_blocker|2444:: Waiting blocker to continue...
2025-12-05 12:13:38,949-DEBUG-root-21440::webapp_internal::wait_blocker|2469:: Blocker status: False
2025-12-05 12:13:38,949-INFO-root-21440::webapp_internal::LoadGrid|6298:: Filling grid field: Partida
2025-12-05 12:13:38,950-DEBUG-root-21440::webapp_internal::fill_grid|6399:: Grid loading...
2025-12-05 12:13:39,328-DEBUG-root-21440::webapp_internal::fill_grid|6466:: Column found!
2025-12-05 12:13:39,367-DEBUG-root-21440::base::click|192:: Click Type: ClickType.ACTIONCHAINS
2025-12-05 12:13:44,703-DEBUG-root-21440::webapp_internal::fill_grid|6498:: Trying open cell in grid!
2025-12-05 12:13:45,002-DEBUG-root-21440::webapp_internal::wait_blocker|2444:: Waiting blocker to continue...
2025-12-05 12:13:45,219-DEBUG-root-21440::webapp_internal::wait_blocker|2469:: Blocker status: False
2025-12-05 12:13:45,428-DEBUG-root-21440::webapp_internal::wait_element_timeout|7726:: Element found! Waiting for element to be displayed.
2025-12-05 12:13:45,798-DEBUG-root-21440::webapp_internal::fill_grid|6577:: Sending keys: 20/12/2025
2025-12-05 12:13:46,106-DEBUG-root-21440::webapp_internal::wait_blocker|2444:: Waiting blocker to continue...
2025-12-05 12:13:46,294-DEBUG-root-21440::webapp_internal::wait_blocker|2469:: Blocker status: False
2025-12-05 12:13:51,747-DEBUG-root-21440::webapp_internal::wait_blocker|2444:: Waiting blocker to continue...
2025-12-05 12:13:51,883-DEBUG-root-21440::webapp_internal::wait_blocker|2469:: Blocker status: False
2025-12-05 12:13:51,913-DEBUG-root-21440::webapp_internal::wait_blocker|2444:: Waiting blocker to continue...
2025-12-05 12:13:52,047-DEBUG-root-21440::webapp_internal::wait_blocker|2469:: Blocker status: False
2025-12-05 12:13:52,048-DEBUG-root-21440::webapp_internal::send_action|10480:: Trying to send action
2025-12-05 12:13:53,101-DEBUG-root-21440::webapp_internal::send_action|10522:: send_action method result = True
2025-12-05 12:13:53,101-DEBUG-root-21440::webapp_internal::send_action|10523:: send_action selenium status: False
2025-12-05 12:13:53,102-DEBUG-root-21440::webapp_internal::wait_blocker|2444:: Waiting blocker to continue...
2025-12-05 12:13:53,267-DEBUG-root-21440::webapp_internal::wait_blocker|2469:: Blocker status: False
2025-12-05 12:13:53,267-INFO-root-21440::webapp_internal::SetKey|5822:: Key pressed: TAB
2025-12-05 12:13:53,268-DEBUG-root-21440::webapp_internal::SetKey|5857:: Trying press key
2025-12-05 12:13:53,268-DEBUG-root-21440::webapp_internal::wait_element|7623:: Waiting for element
2025-12-05 12:13:53,369-DEBUG-root-21440::webapp_internal::wait_element|7653:: Element found! Waiting for element to be displayed.
2025-12-05 12:13:53,649-DEBUG-root-21440::webapp_internal::wait_blocker|2444:: Waiting blocker to continue...
2025-12-05 12:13:53,790-DEBUG-root-21440::webapp_internal::wait_blocker|2469:: Blocker status: False
2025-12-05 12:13:53,791-INFO-root-21440::webapp_internal::LoadGrid|6298:: Filling grid field: Hora Partida
2025-12-05 12:13:53,791-DEBUG-root-21440::webapp_internal::fill_grid|6399:: Grid loading...
2025-12-05 12:13:54,197-DEBUG-root-21440::webapp_internal::fill_grid|6466:: Column found!
2025-12-05 12:13:54,238-DEBUG-root-21440::base::click|192:: Click Type: ClickType.ACTIONCHAINS
2025-12-05 12:13:59,602-DEBUG-root-21440::webapp_internal::fill_grid|6498:: Trying open cell in grid!
2025-12-05 12:13:59,884-DEBUG-root-21440::webapp_internal::wait_blocker|2444:: Waiting blocker to continue...
2025-12-05 12:14:00,055-DEBUG-root-21440::webapp_internal::wait_blocker|2469:: Blocker status: False
2025-12-05 12:14:00,270-DEBUG-root-21440::webapp_internal::wait_element_timeout|7726:: Element found! Waiting for element to be displayed.
2025-12-05 12:14:00,678-DEBUG-root-21440::webapp_internal::fill_grid|6577:: Sending keys: 08:00
2025-12-05 12:14:00,979-DEBUG-root-21440::webapp_internal::wait_blocker|2444:: Waiting blocker to continue...
2025-12-05 12:14:01,153-DEBUG-root-21440::webapp_internal::wait_blocker|2469:: Blocker status: False
2025-12-05 12:14:06,622-DEBUG-root-21440::webapp_internal::wait_blocker|2444:: Waiting blocker to continue...
2025-12-05 12:14:06,765-DEBUG-root-21440::webapp_internal::wait_blocker|2469:: Blocker status: False
2025-12-05 12:14:06,795-DEBUG-root-21440::webapp_internal::wait_blocker|2444:: Waiting blocker to continue...
2025-12-05 12:14:06,928-DEBUG-root-21440::webapp_internal::wait_blocker|2469:: Blocker status: False
2025-12-05 12:14:06,929-DEBUG-root-21440::webapp_internal::send_action|10480:: Trying to send action
2025-12-05 12:14:07,973-DEBUG-root-21440::webapp_internal::send_action|10522:: send_action method result = True
2025-12-05 12:14:07,973-DEBUG-root-21440::webapp_internal::send_action|10523:: send_action selenium status: False
2025-12-05 12:14:07,974-DEBUG-root-21440::webapp_internal::wait_blocker|2444:: Waiting blocker to continue...
2025-12-05 12:14:08,116-DEBUG-root-21440::webapp_internal::wait_blocker|2469:: Blocker status: False
2025-12-05 12:14:08,117-INFO-root-21440::webapp_internal::SetKey|5822:: Key pressed: TAB
2025-12-05 12:14:08,117-DEBUG-root-21440::webapp_internal::SetKey|5857:: Trying press key
2025-12-05 12:14:08,117-DEBUG-root-21440::webapp_internal::wait_element|7623:: Waiting for element
2025-12-05 12:14:08,218-DEBUG-root-21440::webapp_internal::wait_element|7653:: Element found! Waiting for element to be displayed.
2025-12-05 12:14:08,528-DEBUG-root-21440::webapp_internal::wait_blocker|2444:: Waiting blocker to continue...
2025-12-05 12:14:08,663-DEBUG-root-21440::webapp_internal::wait_blocker|2469:: Blocker status: False
2025-12-05 12:14:08,663-INFO-root-21440::webapp_internal::LoadGrid|6298:: Filling grid field: Origem
2025-12-05 12:14:08,663-DEBUG-root-21440::webapp_internal::fill_grid|6399:: Grid loading...
2025-12-05 12:14:09,023-DEBUG-root-21440::webapp_internal::fill_grid|6466:: Column found!
2025-12-05 12:14:09,065-DEBUG-root-21440::base::click|192:: Click Type: ClickType.ACTIONCHAINS
2025-12-05 12:14:14,438-DEBUG-root-21440::webapp_internal::fill_grid|6498:: Trying open cell in grid!
2025-12-05 12:14:14,736-DEBUG-root-21440::webapp_internal::wait_blocker|2444:: Waiting blocker to continue...
2025-12-05 12:14:14,945-DEBUG-root-21440::webapp_internal::wait_blocker|2469:: Blocker status: False
2025-12-05 12:14:15,137-DEBUG-root-21440::webapp_internal::wait_element_timeout|7726:: Element found! Waiting for element to be displayed.
2025-12-05 12:14:15,556-DEBUG-root-21440::webapp_internal::fill_grid|6577:: Sending keys: DF00108
2025-12-05 12:14:15,869-DEBUG-root-21440::webapp_internal::wait_blocker|2444:: Waiting blocker to continue...
2025-12-05 12:14:16,036-DEBUG-root-21440::webapp_internal::wait_blocker|2469:: Blocker status: False
2025-12-05 12:14:16,202-DEBUG-root-21440::webapp_internal::wait_element_timeout|7726:: Element found! Waiting for element to be displayed.
2025-12-05 12:14:16,638-DEBUG-root-21440::webapp_internal::wait_blocker|2444:: Waiting blocker to continue...
2025-12-05 12:14:16,789-DEBUG-root-21440::webapp_internal::wait_blocker|2469:: Blocker status: False
2025-12-05 12:14:16,820-DEBUG-root-21440::webapp_internal::wait_blocker|2444:: Waiting blocker to continue...
2025-12-05 12:14:16,970-DEBUG-root-21440::webapp_internal::wait_blocker|2469:: Blocker status: False
2025-12-05 12:14:16,971-DEBUG-root-21440::webapp_internal::send_action|10480:: Trying to send action
2025-12-05 12:14:18,021-DEBUG-root-21440::webapp_internal::send_action|10522:: send_action method result = True
2025-12-05 12:14:18,021-DEBUG-root-21440::webapp_internal::send_action|10523:: send_action selenium status: False
2025-12-05 12:14:18,022-DEBUG-root-21440::webapp_internal::wait_blocker|2444:: Waiting blocker to continue...
2025-12-05 12:14:18,162-DEBUG-root-21440::webapp_internal::wait_blocker|2469:: Blocker status: False
2025-12-05 12:14:18,162-INFO-root-21440::webapp_internal::SetKey|5822:: Key pressed: TAB
2025-12-05 12:14:18,162-DEBUG-root-21440::webapp_internal::SetKey|5857:: Trying press key
2025-12-05 12:14:18,162-DEBUG-root-21440::webapp_internal::wait_element|7623:: Waiting for element
2025-12-05 12:14:18,274-DEBUG-root-21440::webapp_internal::wait_element|7653:: Element found! Waiting for element to be displayed.
2025-12-05 12:14:18,551-DEBUG-root-21440::webapp_internal::wait_blocker|2444:: Waiting blocker to continue...
2025-12-05 12:14:18,687-DEBUG-root-21440::webapp_internal::wait_blocker|2469:: Blocker status: False
2025-12-05 12:14:18,688-INFO-root-21440::webapp_internal::LoadGrid|6298:: Filling grid field: Destino
2025-12-05 12:14:18,688-DEBUG-root-21440::webapp_internal::fill_grid|6399:: Grid loading...
2025-12-05 12:14:19,117-DEBUG-root-21440::webapp_internal::fill_grid|6466:: Column found!
2025-12-05 12:14:19,162-DEBUG-root-21440::base::click|192:: Click Type: ClickType.ACTIONCHAINS
2025-12-05 12:14:24,571-DEBUG-root-21440::webapp_internal::fill_grid|6498:: Trying open cell in grid!
2025-12-05 12:14:24,863-DEBUG-root-21440::webapp_internal::wait_blocker|2444:: Waiting blocker to continue...
2025-12-05 12:14:25,050-DEBUG-root-21440::webapp_internal::wait_blocker|2469:: Blocker status: False
2025-12-05 12:14:25,238-DEBUG-root-21440::webapp_internal::wait_element_timeout|7726:: Element found! Waiting for element to be displayed.
2025-12-05 12:14:25,611-DEBUG-root-21440::webapp_internal::fill_grid|6577:: Sending keys: GO05707
2025-12-05 12:14:25,888-DEBUG-root-21440::webapp_internal::wait_blocker|2444:: Waiting blocker to continue...
2025-12-05 12:14:26,030-DEBUG-root-21440::webapp_internal::wait_blocker|2469:: Blocker status: False
2025-12-05 12:14:26,188-DEBUG-root-21440::webapp_internal::wait_element_timeout|7726:: Element found! Waiting for element to be displayed.
2025-12-05 12:14:36,407-DEBUG-root-21440::webapp_internal::fill_grid|6634:: Consider using the waithide and setkey('ESC') method because the input can remain selected.
2025-12-05 12:14:36,479-WARNING-root-21440::webapp_internal::log_error|8143:: Warning log_error <b>Help: </b>Destino<br><br><br><b>Problema: </b> Não existe registro relacionado a chave informada no alias CC2, ordenação 1. <b>Solução: </b>1) Informe um código que exista no cadastro.<br>2) Efetue o cadastro no programa de manutenção do respectivo cadastro.    <br>3) Escolha um registro válido.<br>
2025-12-05 12:14:36,479-DEBUG-root-21440::webapp_internal::log_error|8146:: ***System Info*** in log_error():
2025-12-05 12:14:36,479-DEBUG-root-21440::psutil_info::system_info|5:: CPU USAGE: 10.8%
2025-12-05 12:14:36,479-DEBUG-root-21440::psutil_info::system_info|6:: MEMORY USAGE: 92.3%
2025-12-05 12:14:36,480-DEBUG-root-21440::psutil_info::system_info|7:: MEMORY AVAILABLE: 7.74%
2025-12-05 12:14:36,496-DEBUG-root-21440::log::take_screenshot_log|612:: take_screenshot_log in:2025-12-05 12:14:36.496764

2025-12-05 12:14:36,599-DEBUG-root-21440::log::take_screenshot_log|627:: Screenshot file created successfully: Log\GESIT03\97137227104_20251205121436496_Viagem -_test_Cadastro_Orcamento_Viagem.png
2025-12-05 12:14:37,608-DEBUG-root-21440::log::checks_empty_line|221:: Checking empty default log info
2025-12-05 12:14:37,611-DEBUG-root-21440::log::generate_log|503:: Json log_data: {'cLogDtExec': '05/12/2025 12:14:37', 'cLogNomUsr': '97137227104', 'cLogNomEst': 'GESIT03', 'cLogProgra': None, 'cLogDtProg': '', 'cLogHrProg': '', 'nLogCtsOk': 0, 'nLogCtsNok': 1, 'nLogCtsSeg': 210.12, 'cLogVersao': '12', 'cLogReleas': '12.1.2410', 'nLogCtsErr': 'Viagem - <b>Help: </b>Destino<br><br><br><b>Problema: </b> Não existe registro relacionado a chave informada no alias CC2, ordenação 1. <b>Solução: </b>1) Informe um código que exista no cadastro.<br>2) Efetue o cadastro no programa de manutenção do respectivo cadastro.    <br>3) Escolha um registro válido.<br>', 'cLogBancod': 'ORACLE', 'cLogIdenti': '', 'cLogIdExec': '20251205', 'cLogPais': 'BRA', 'cLogTool': 'TIR', 'cLogSequen': '1b097c', 'nLogCtsTot': 1, 'cLogDtExea': '05/12/2025', 'cLogHrExea': '12:14:37', 'cLogArea': 'Desenvolvimento', 'cLogMnExec': 3.5020000000000002}
2025-12-05 12:14:37,612-INFO-root-21440::log::send_log_with_retries|515:: Saving log locally.
2025-12-05 12:14:37,612-INFO-root-21440::log::save_log_locally|548:: [FwSendLog]: Não foi possível enviar o log após todas as tentativas.
2025-12-05 12:14:37,612-INFO-root-21440::log::save_log_locally|555:: [FwSendLog]: Log salvo localmente em C:\TIR_TESTE\1764947677.json.
2025-12-05 12:14:38,500-ERROR-root-21440::webapp_internal::SetKey|5901:: False is not true : Viagem - <b>Help: </b>Destino<br><br><br><b>Problema: </b> Não existe registro relacionado a chave informada no alias CC2, ordenação 1. <b>Solução: </b>1) Informe um código que exista no cadastro.<br>2) Efetue o cadastro no programa de manutenção do respectivo cadastro.    <br>3) Escolha um registro válido.<br>
Traceback (most recent call last):
  File "C:\TIR_TESTE\venv\Lib\site-packages\tir\technologies\webapp_internal.py", line 5862, in SetKey
    grids = self.get_grid(grid_list=True)
            ^^^^^^^^^^^^^^^^^^^^^^^^^^^^^
  File "C:\TIR_TESTE\venv\Lib\site-packages\tir\technologies\webapp_internal.py", line 5698, in get_grid
    grids = self.web_scrap(term=term, scrap_type=enum.ScrapType.CSS_SELECTOR)
            ^^^^^^^^^^^^^^^^^^^^^^^^^^^^^^^^^^^^^^^^^^^^^^^^^^^^^^^^^^^^^^^^^
  File "C:\TIR_TESTE\venv\Lib\site-packages\tir\technologies\webapp_internal.py", line 3722, in web_scrap
    self.search_for_errors(check_help)
  File "C:\TIR_TESTE\venv\Lib\site-packages\tir\technologies\webapp_internal.py", line 3970, in search_for_errors
    self.log_error(message)
  File "C:\TIR_TESTE\venv\Lib\site-packages\tir\technologies\webapp_internal.py", line 8206, in log_error
    self.assertTrue(False, log_message)
  File "C:\Users\97137227104\AppData\Local\Programs\Python\Python312\Lib\unittest\case.py", line 727, in assertTrue
    raise self.failureException(msg)
AssertionError: False is not true : Viagem - <b>Help: </b>Destino<br><br><br><b>Problema: </b> Não existe registro relacionado a chave informada no alias CC2, ordenação 1. <b>Solução: </b>1) Informe um código que exista no cadastro.<br>2) Efetue o cadastro no programa de manutenção do respectivo cadastro.    <br>3) Escolha um registro válido.<br>
2025-12-05 12:14:38,501-DEBUG-root-21440::webapp_internal::wait_blocker|2444:: Waiting blocker to continue...
2025-12-05 12:14:38,503-DEBUG-root-21440::webapp_internal::wait_blocker|2469:: Blocker status: None
2025-12-05 12:14:38,503-INFO-root-21440::webapp_internal::SetKey|5822:: Key pressed: TAB
2025-12-05 12:14:38,503-DEBUG-root-21440::webapp_internal::SetKey|5857:: Trying press key
2025-12-05 12:14:38,503-DEBUG-root-21440::webapp_internal::wait_element|7623:: Waiting for element
2025-12-05 12:14:38,505-WARNING-root-21440::webapp_internal::log_error|8143:: Warning log_error SetKey - Screen is not load: Message: Tried to run command without establishing a connection

2025-12-05 12:14:38,505-DEBUG-root-21440::webapp_internal::log_error|8146:: ***System Info*** in log_error():
2025-12-05 12:14:38,505-DEBUG-root-21440::psutil_info::system_info|5:: CPU USAGE: 12.4%
2025-12-05 12:14:38,506-DEBUG-root-21440::psutil_info::system_info|6:: MEMORY USAGE: 84.9%
2025-12-05 12:14:38,506-DEBUG-root-21440::psutil_info::system_info|7:: MEMORY AVAILABLE: 15.08%
2025-12-05 12:14:38,525-ERROR-root-21440::webapp_internal::log_error|8181:: Warning Log Error Close Message: Tried to run command without establishing a connection
Traceback (most recent call last):
  File "C:\TIR_TESTE\venv\Lib\site-packages\tir\technologies\core\base.py", line 501, in get_current_DOM
    self.driver.switch_to.default_content()
  File "C:\TIR_TESTE\venv\Lib\site-packages\selenium\webdriver\remote\switch_to.py", line 69, in default_content
    self._driver.execute(Command.SWITCH_TO_FRAME, {"id": None})
  File "C:\TIR_TESTE\venv\Lib\site-packages\selenium\webdriver\remote\webdriver.py", line 347, in execute
    self.error_handler.check_response(response)
  File "C:\TIR_TESTE\venv\Lib\site-packages\selenium\webdriver\remote\errorhandler.py", line 229, in check_response
    raise exception_class(message, screen, stacktrace)
selenium.common.exceptions.InvalidSessionIdException: Message: Tried to run command without establishing a connection


During handling of the above exception, another exception occurred:

Traceback (most recent call last):
  File "C:\TIR_TESTE\venv\Lib\site-packages\tir\technologies\webapp_internal.py", line 5861, in SetKey
    self.LoadGrid()
  File "C:\TIR_TESTE\venv\Lib\site-packages\tir\technologies\webapp_internal.py", line 6284, in LoadGrid
    self.wait_element(term=selector, scrap_type=enum.ScrapType.CSS_SELECTOR)
  File "C:\TIR_TESTE\venv\Lib\site-packages\tir\technologies\webapp_internal.py", line 7626, in wait_element
    while (not self.element_exists(term, scrap_type, position, optional_term, main_container, check_error, twebview, second_term) and time.time() < endtime):
               ^^^^^^^^^^^^^^^^^^^^^^^^^^^^^^^^^^^^^^^^^^^^^^^^^^^^^^^^^^^^^^^^^^^^^^^^^^^^^^^^^^^^^^^^^^^^^^^^^^^^^^^^^^^^^^^^^^
  File "C:\TIR_TESTE\venv\Lib\site-packages\tir\technologies\webapp_internal.py", line 4073, in element_exists
    soup = self.get_current_DOM(twebview=twebview)
           ^^^^^^^^^^^^^^^^^^^^^^^^^^^^^^^^^^^^^^^
  File "C:\TIR_TESTE\venv\Lib\site-packages\tir\technologies\core\base.py", line 538, in get_current_DOM
    self.driver.switch_to.default_content()
  File "C:\TIR_TESTE\venv\Lib\site-packages\selenium\webdriver\remote\switch_to.py", line 69, in default_content
    self._driver.execute(Command.SWITCH_TO_FRAME, {"id": None})
  File "C:\TIR_TESTE\venv\Lib\site-packages\selenium\webdriver\remote\webdriver.py", line 347, in execute
    self.error_handler.check_response(response)
  File "C:\TIR_TESTE\venv\Lib\site-packages\selenium\webdriver\remote\errorhandler.py", line 229, in check_response
    raise exception_class(message, screen, stacktrace)
selenium.common.exceptions.InvalidSessionIdException: Message: Tried to run command without establishing a connection


During handling of the above exception, another exception occurred:

Traceback (most recent call last):
  File "C:\TIR_TESTE\venv\Lib\site-packages\tir\technologies\webapp_internal.py", line 8179, in log_error
    self.driver.close()
  File "C:\TIR_TESTE\venv\Lib\site-packages\selenium\webdriver\remote\webdriver.py", line 458, in close
    self.execute(Command.CLOSE)
  File "C:\TIR_TESTE\venv\Lib\site-packages\selenium\webdriver\remote\webdriver.py", line 347, in execute
    self.error_handler.check_response(response)
  File "C:\TIR_TESTE\venv\Lib\site-packages\selenium\webdriver\remote\errorhandler.py", line 229, in check_response
    raise exception_class(message, screen, stacktrace)
selenium.common.exceptions.InvalidSessionIdException: Message: Tried to run command without establishing a connection

2025-12-05 12:14:39,093-ERROR-root-21440::webapp_internal::TearDown|9654:: Warning tearDown Close Message: Tried to run command without establishing a connection
Traceback (most recent call last):
  File "C:\TIR_TESTE\venv\Lib\site-packages\tir\technologies\webapp_internal.py", line 9652, in TearDown
    self.driver.close()
  File "C:\TIR_TESTE\venv\Lib\site-packages\selenium\webdriver\remote\webdriver.py", line 458, in close
    self.execute(Command.CLOSE)
  File "C:\TIR_TESTE\venv\Lib\site-packages\selenium\webdriver\remote\webdriver.py", line 347, in execute
    self.error_handler.check_response(response)
  File "C:\TIR_TESTE\venv\Lib\site-packages\selenium\webdriver\remote\errorhandler.py", line 229, in check_response
    raise exception_class(message, screen, stacktrace)
selenium.common.exceptions.InvalidSessionIdException: Message: Tried to run command without establishing a connection

