2025-12-16 10:30:57,022-DEBUG-root-34252::logging_config::logger|189:: Log file created: 'Log\GESIT03\TIR__20251216103057007.log'
2025-12-16 10:30:57,022-INFO-root-34252::base::Start|1183:: TIR Version: 2.4.3
2025-12-16 10:30:57,023-INFO-root-34252::base::Start|1184:: Python Version: 3.12.10
2025-12-16 10:30:57,023-INFO-root-34252::base::Start|1185:: Starting the browser
2025-12-16 10:31:04,338-INFO-root-34252::base::get_url|1294:: Page is ready!
2025-12-16 10:31:04,341-INFO-root-34252::base::Start|1256:: Browser maximized to 1936x1048
2025-12-16 10:31:04,341-INFO-root-34252::base::Start|1258:: Screen size is different from default used in headless mode
2025-12-16 10:31:04,454-INFO-root-34252::webapp_internal::Setup|247:: ***System Info*** in Setup():
2025-12-16 10:31:04,455-DEBUG-root-34252::psutil_info::system_info|5:: CPU USAGE: 17.1%
2025-12-16 10:31:04,455-DEBUG-root-34252::psutil_info::system_info|6:: MEMORY USAGE: 86.5%
2025-12-16 10:31:04,455-DEBUG-root-34252::psutil_info::system_info|7:: MEMORY AVAILABLE: 13.49%
2025-12-16 10:31:04,462-INFO-root-34252::base::webapp_shadowroot|1394:: Webapp: 10.1.6-RC4
2025-12-16 10:31:04,484-INFO-root-34252::webapp_internal::filling_initial_program|449:: Filling Initial Program: "SIGAMDI"
2025-12-16 10:31:04,485-DEBUG-root-34252::webapp_internal::wait_element|7623:: Waiting for element
2025-12-16 10:31:04,534-DEBUG-root-34252::webapp_internal::wait_element|7653:: Element found! Waiting for element to be displayed.
2025-12-16 10:31:04,683-DEBUG-root-34252::base::click|192:: Click Type: ClickType.JS
2025-12-16 10:31:04,687-DEBUG-root-34252::webapp_internal::try_send_keys|7976:: Trying to send keys to element using technique 0
2025-12-16 10:31:05,028-DEBUG-root-34252::webapp_internal::get_web_value|3232:: Current value: SIGAMDI
2025-12-16 10:31:05,028-INFO-root-34252::webapp_internal::filling_server_environment|463:: Filling Server Environment: "POUPEX_TST"
2025-12-16 10:31:05,028-DEBUG-root-34252::webapp_internal::wait_element|7623:: Waiting for element
2025-12-16 10:31:05,053-DEBUG-root-34252::webapp_internal::wait_element|7653:: Element found! Waiting for element to be displayed.
2025-12-16 10:31:05,220-DEBUG-root-34252::base::click|192:: Click Type: ClickType.JS
2025-12-16 10:31:05,225-DEBUG-root-34252::webapp_internal::try_send_keys|7976:: Trying to send keys to element using technique 0
2025-12-16 10:31:05,558-DEBUG-root-34252::webapp_internal::get_web_value|3232:: Current value: POUPEX_TST
2025-12-16 10:31:05,581-DEBUG-root-34252::base::click|192:: Click Type: ClickType.JS
2025-12-16 10:31:05,591-DEBUG-root-34252::webapp_internal::user_screen|519:: Filling user screen
2025-12-16 10:31:11,844-DEBUG-root-34252::base::scroll_to_element|759:: ********Warining scroll_to_element exception: Message: TypeError: can't access property "scrollIntoView", arguments[0] is null
Stacktrace:
@https://qasrverp:10020/webapp/:2:7
@https://qasrverp:10020/webapp/:3:8
*********
2025-12-16 10:31:11,879-DEBUG-root-34252::webapp_internal::wait_element_timeout|7726:: Element found! Waiting for element to be displayed.
2025-12-16 10:31:11,925-DEBUG-root-34252::base::scroll_to_element|759:: ********Warining scroll_to_element exception: Message: TypeError: can't access property "scrollIntoView", arguments[0] is null
Stacktrace:
@https://qasrverp:10020/webapp/:2:7
@https://qasrverp:10020/webapp/:3:8
*********
2025-12-16 10:31:12,051-INFO-root-34252::webapp_internal::user_screen|561:: Filling User
2025-12-16 10:31:12,082-DEBUG-root-34252::base::double_click|259:: Click Type: ClickType.SELENIUM
2025-12-16 10:31:12,267-DEBUG-root-34252::webapp_internal::get_web_value|3232:: Current value: 97137227104
2025-12-16 10:31:12,290-INFO-root-34252::webapp_internal::user_screen|621:: Filling Password
2025-12-16 10:31:12,311-DEBUG-root-34252::base::click|192:: Click Type: ClickType.JS
2025-12-16 10:31:12,400-DEBUG-root-34252::webapp_internal::get_web_value|3232:: Current value: Deire20191817+
2025-12-16 10:31:12,400-DEBUG-root-34252::webapp_internal::wait_blocker|2444:: Waiting blocker to continue...
2025-12-16 10:31:12,428-DEBUG-root-34252::webapp_internal::wait_blocker|2469:: Blocker status: None
2025-12-16 10:31:12,454-DEBUG-root-34252::webapp_internal::wait_blocker|2444:: Waiting blocker to continue...
2025-12-16 10:31:12,481-DEBUG-root-34252::webapp_internal::wait_blocker|2469:: Blocker status: None
2025-12-16 10:31:12,514-DEBUG-root-34252::webapp_internal::wait_blocker|2444:: Waiting blocker to continue...
2025-12-16 10:31:12,541-DEBUG-root-34252::webapp_internal::wait_blocker|2469:: Blocker status: None
2025-12-16 10:31:12,541-DEBUG-root-34252::webapp_internal::send_action|10480:: Trying to send action
2025-12-16 10:31:12,547-DEBUG-root-34252::base::click|192:: Click Type: ClickType.JS
2025-12-16 10:31:13,586-DEBUG-root-34252::webapp_internal::send_action|10522:: send_action method result = True
2025-12-16 10:31:13,587-DEBUG-root-34252::webapp_internal::send_action|10523:: send_action selenium status: False
2025-12-16 10:31:16,428-DEBUG-root-34252::base::scroll_to_element|759:: ********Warining scroll_to_element exception: Message: TypeError: can't access property "scrollIntoView", arguments[0] is null
Stacktrace:
@https://qasrverp:10020/webapp/:2:7
@https://qasrverp:10020/webapp/:3:8
*********
2025-12-16 10:31:16,475-INFO-root-34252::webapp_internal::filling_date|885:: Filling Date: "17/09/2025"
2025-12-16 10:31:16,475-DEBUG-root-34252::webapp_internal::wait_blocker|2444:: Waiting blocker to continue...
2025-12-16 10:31:16,510-DEBUG-root-34252::webapp_internal::wait_blocker|2469:: Blocker status: None
2025-12-16 10:31:16,514-DEBUG-root-34252::base::click|192:: Click Type: ClickType.JS
2025-12-16 10:31:16,532-DEBUG-root-34252::webapp_internal::try_send_keys|7976:: Trying to send keys to element using technique 1
2025-12-16 10:31:16,605-DEBUG-root-34252::webapp_internal::get_web_value|3232:: Current value: 17/09/2025
2025-12-16 10:31:17,691-INFO-root-34252::webapp_internal::filling_group|955:: Filling Group: "02"
2025-12-16 10:31:17,691-DEBUG-root-34252::webapp_internal::wait_blocker|2444:: Waiting blocker to continue...
2025-12-16 10:31:17,722-DEBUG-root-34252::webapp_internal::wait_blocker|2469:: Blocker status: None
2025-12-16 10:31:17,725-DEBUG-root-34252::base::click|192:: Click Type: ClickType.JS
2025-12-16 10:31:17,779-DEBUG-root-34252::webapp_internal::get_web_value|3232:: Current value: 02
2025-12-16 10:31:18,839-INFO-root-34252::webapp_internal::filling_branch|1047:: Filling Branch: "02DF0001"
2025-12-16 10:31:18,839-DEBUG-root-34252::webapp_internal::wait_blocker|2444:: Waiting blocker to continue...
2025-12-16 10:31:18,870-DEBUG-root-34252::webapp_internal::wait_blocker|2469:: Blocker status: None
2025-12-16 10:31:18,872-DEBUG-root-34252::base::click|192:: Click Type: ClickType.JS
2025-12-16 10:31:18,922-DEBUG-root-34252::webapp_internal::get_web_value|3232:: Current value: 02DF0001
2025-12-16 10:31:19,998-INFO-root-34252::webapp_internal::filling_environment|1113:: Filling Environment: "07"
2025-12-16 10:31:19,998-DEBUG-root-34252::webapp_internal::wait_blocker|2444:: Waiting blocker to continue...
2025-12-16 10:31:20,034-DEBUG-root-34252::webapp_internal::wait_blocker|2469:: Blocker status: None
2025-12-16 10:31:20,036-DEBUG-root-34252::base::click|192:: Click Type: ClickType.JS
2025-12-16 10:31:20,083-DEBUG-root-34252::webapp_internal::get_web_value|3232:: Current value: 07
2025-12-16 10:31:21,092-DEBUG-root-34252::webapp_internal::close_warning_screen|1489:: Closing warning screen!
2025-12-16 10:31:22,125-DEBUG-root-34252::webapp_internal::check_screen_element|1291:: Checking screen element: "Atenção": False
2025-12-16 10:31:23,238-INFO-root-34252::webapp_internal::environment_screen|796:: Clicking on Button
2025-12-16 10:31:23,238-DEBUG-root-34252::webapp_internal::wait_blocker|2444:: Waiting blocker to continue...
2025-12-16 10:31:23,272-DEBUG-root-34252::webapp_internal::wait_blocker|2469:: Blocker status: None
2025-12-16 10:31:23,274-DEBUG-root-34252::base::click|192:: Click Type: ClickType.JS
2025-12-16 10:31:24,284-DEBUG-root-34252::base::click|192:: Click Type: ClickType.JS
2025-12-16 10:31:25,294-DEBUG-root-34252::base::click|192:: Click Type: ClickType.JS
2025-12-16 10:31:26,303-DEBUG-root-34252::base::click|192:: Click Type: ClickType.JS
2025-12-16 10:31:27,309-DEBUG-root-34252::base::click|192:: Click Type: ClickType.JS
2025-12-16 10:31:28,318-DEBUG-root-34252::base::click|192:: Click Type: ClickType.JS
2025-12-16 10:31:29,325-DEBUG-root-34252::webapp_internal::close_screen_before_menu|368:: Closing screen before the menu
2025-12-16 10:31:29,370-DEBUG-root-34252::webapp_internal::close_warning_screen|1489:: Closing warning screen!
2025-12-16 10:31:30,412-DEBUG-root-34252::webapp_internal::check_screen_element|1291:: Checking screen element: "Atenção": False
2025-12-16 10:31:30,412-DEBUG-root-34252::webapp_internal::close_coin_screen|1424:: Closing coin screen!
2025-12-16 10:31:30,965-DEBUG-root-34252::base::click|192:: Click Type: ClickType.JS
2025-12-16 10:31:31,020-DEBUG-root-34252::webapp_internal::close_warning_screen|1489:: Closing warning screen!
2025-12-16 10:31:32,065-DEBUG-root-34252::webapp_internal::check_screen_element|1291:: Checking screen element: "Atenção": False
2025-12-16 10:31:32,065-DEBUG-root-34252::webapp_internal::close_coin_screen|1424:: Closing coin screen!
2025-12-16 10:31:32,162-INFO-root-34252::webapp_internal::set_log_info|1623:: Getting log info
2025-12-16 10:31:32,162-INFO-root-34252::webapp_internal::SetLateralMenu|4184:: Navigating lateral menu: Ajuda > Sobre
2025-12-16 10:31:32,172-DEBUG-root-34252::webapp_internal::wait_element|7623:: Waiting for element
2025-12-16 10:31:32,207-DEBUG-root-34252::webapp_internal::wait_element|7653:: Element found! Waiting for element to be displayed.
2025-12-16 10:31:32,379-INFO-root-34252::webapp_internal::SetLateralMenu|4203:: Menu item: "Ajuda"
2025-12-16 10:31:32,379-DEBUG-root-34252::webapp_internal::wait_blocker|2444:: Waiting blocker to continue...
2025-12-16 10:31:32,466-DEBUG-root-34252::webapp_internal::wait_blocker|2469:: Blocker status: False
2025-12-16 10:31:32,837-DEBUG-root-34252::webapp_internal::wait_element_timeout|7726:: Element found! Waiting for element to be displayed.
2025-12-16 10:31:33,133-DEBUG-root-34252::webapp_internal::wait_blocker|2444:: Waiting blocker to continue...
2025-12-16 10:31:33,212-DEBUG-root-34252::webapp_internal::wait_blocker|2469:: Blocker status: False
2025-12-16 10:31:35,518-INFO-root-34252::webapp_internal::SetLateralMenu|4203:: Menu item: "Sobre"
2025-12-16 10:31:35,518-DEBUG-root-34252::webapp_internal::wait_blocker|2444:: Waiting blocker to continue...
2025-12-16 10:31:35,582-DEBUG-root-34252::webapp_internal::wait_blocker|2469:: Blocker status: False
2025-12-16 10:31:35,970-DEBUG-root-34252::webapp_internal::wait_element_timeout|7726:: Element found! Waiting for element to be displayed.
2025-12-16 10:31:36,318-DEBUG-root-34252::webapp_internal::wait_blocker|2444:: Waiting blocker to continue...
2025-12-16 10:31:36,382-DEBUG-root-34252::webapp_internal::wait_blocker|2469:: Blocker status: False
2025-12-16 10:31:38,992-DEBUG-root-34252::webapp_internal::wait_blocker|2444:: Waiting blocker to continue...
2025-12-16 10:31:39,060-DEBUG-root-34252::webapp_internal::wait_blocker|2469:: Blocker status: False
2025-12-16 10:31:39,128-DEBUG-root-34252::webapp_internal::wait_element|7623:: Waiting for element
2025-12-16 10:31:39,177-DEBUG-root-34252::webapp_internal::wait_element|7653:: Element found! Waiting for element to be displayed.
2025-12-16 10:31:39,346-INFO-root-34252::webapp_internal::SetButton|4444:: Clicking on Fechar
2025-12-16 10:31:39,347-DEBUG-root-34252::webapp_internal::wait_blocker|2444:: Waiting blocker to continue...
2025-12-16 10:31:39,423-DEBUG-root-34252::webapp_internal::wait_blocker|2469:: Blocker status: False
2025-12-16 10:31:39,602-DEBUG-root-34252::webapp_internal::wait_element_timeout|7726:: Element found! Waiting for element to be displayed.
2025-12-16 10:31:39,674-DEBUG-root-34252::webapp_internal::SetButton|4481:: ***System Info*** Before Clicking on button:Fechar
2025-12-16 10:31:39,674-DEBUG-root-34252::psutil_info::system_info|5:: CPU USAGE: 8.1%
2025-12-16 10:31:39,674-DEBUG-root-34252::psutil_info::system_info|6:: MEMORY USAGE: 86.4%
2025-12-16 10:31:39,675-DEBUG-root-34252::psutil_info::system_info|7:: MEMORY AVAILABLE: 13.55%
2025-12-16 10:31:39,838-DEBUG-root-34252::webapp_internal::wait_element_timeout|7726:: Element found! Waiting for element to be displayed.
2025-12-16 10:31:39,936-DEBUG-root-34252::webapp_internal::wait_blocker|2444:: Waiting blocker to continue...
2025-12-16 10:31:40,004-DEBUG-root-34252::webapp_internal::wait_blocker|2469:: Blocker status: False
2025-12-16 10:31:40,021-DEBUG-root-34252::webapp_internal::wait_blocker|2444:: Waiting blocker to continue...
2025-12-16 10:31:40,118-DEBUG-root-34252::webapp_internal::wait_blocker|2469:: Blocker status: False
2025-12-16 10:31:40,118-DEBUG-root-34252::webapp_internal::send_action|10480:: Trying to send action
2025-12-16 10:31:40,121-DEBUG-root-34252::base::click|192:: Click Type: ClickType.JS
2025-12-16 10:31:41,150-DEBUG-root-34252::webapp_internal::send_action|10522:: send_action method result = True
2025-12-16 10:31:41,150-DEBUG-root-34252::webapp_internal::send_action|10523:: send_action selenium status: False
2025-12-16 10:31:41,151-DEBUG-root-34252::webapp_internal::SetButton|4683:: ***System Info*** After Clicking on button:
2025-12-16 10:31:41,151-DEBUG-root-34252::psutil_info::system_info|5:: CPU USAGE: 4.6%
2025-12-16 10:31:41,151-DEBUG-root-34252::psutil_info::system_info|6:: MEMORY USAGE: 86.6%
2025-12-16 10:31:41,151-DEBUG-root-34252::psutil_info::system_info|7:: MEMORY AVAILABLE: 13.36%
2025-12-16 10:31:41,151-DEBUG-root-34252::webapp_internal::wait_element|7623:: Waiting for element
2025-12-16 10:31:41,229-INFO-root-34252::webapp_internal::SetLateralMenu|4184:: Navigating lateral menu: Miscelanea > Cálculos (13)> Por Roteiros
2025-12-16 10:31:41,239-DEBUG-root-34252::webapp_internal::wait_element|7623:: Waiting for element
2025-12-16 10:31:41,273-DEBUG-root-34252::webapp_internal::wait_element|7653:: Element found! Waiting for element to be displayed.
2025-12-16 10:31:41,432-INFO-root-34252::webapp_internal::SetLateralMenu|4203:: Menu item: "Miscelanea"
2025-12-16 10:31:41,432-DEBUG-root-34252::webapp_internal::wait_blocker|2444:: Waiting blocker to continue...
2025-12-16 10:31:41,497-DEBUG-root-34252::webapp_internal::wait_blocker|2469:: Blocker status: False
2025-12-16 10:31:41,892-DEBUG-root-34252::webapp_internal::wait_element_timeout|7726:: Element found! Waiting for element to be displayed.
2025-12-16 10:31:42,261-DEBUG-root-34252::webapp_internal::wait_blocker|2444:: Waiting blocker to continue...
2025-12-16 10:31:42,328-DEBUG-root-34252::webapp_internal::wait_blocker|2469:: Blocker status: False
2025-12-16 10:31:44,625-INFO-root-34252::webapp_internal::SetLateralMenu|4203:: Menu item: "Cálculos (13)"
2025-12-16 10:31:44,625-DEBUG-root-34252::webapp_internal::wait_blocker|2444:: Waiting blocker to continue...
2025-12-16 10:31:44,722-DEBUG-root-34252::webapp_internal::wait_blocker|2469:: Blocker status: False
2025-12-16 10:31:45,933-DEBUG-root-34252::webapp_internal::wait_element_timeout|7726:: Element found! Waiting for element to be displayed.
2025-12-16 10:31:47,138-DEBUG-root-34252::webapp_internal::wait_blocker|2444:: Waiting blocker to continue...
2025-12-16 10:31:47,236-DEBUG-root-34252::webapp_internal::wait_blocker|2469:: Blocker status: False
2025-12-16 10:31:49,531-INFO-root-34252::webapp_internal::SetLateralMenu|4203:: Menu item: "Por Roteiros"
2025-12-16 10:31:49,531-DEBUG-root-34252::webapp_internal::wait_blocker|2444:: Waiting blocker to continue...
2025-12-16 10:31:49,610-DEBUG-root-34252::webapp_internal::wait_blocker|2469:: Blocker status: False
2025-12-16 10:31:51,103-DEBUG-root-34252::webapp_internal::wait_element_timeout|7726:: Element found! Waiting for element to be displayed.
2025-12-16 10:31:52,522-DEBUG-root-34252::webapp_internal::wait_blocker|2444:: Waiting blocker to continue...
2025-12-16 10:31:52,598-DEBUG-root-34252::webapp_internal::wait_blocker|2469:: Blocker status: False
2025-12-16 10:31:56,958-DEBUG-root-34252::webapp_internal::wait_blocker|2444:: Waiting blocker to continue...
2025-12-16 10:31:57,044-DEBUG-root-34252::webapp_internal::wait_blocker|2469:: Blocker status: False
2025-12-16 10:31:57,137-INFO-root-34252::webapp_internal::WaitShow|4980:: Waiting show text 'Este ambiente utiliza base de Homologação.'...
2025-12-16 10:32:02,466-DEBUG-root-34252::log::checks_empty_line|221:: Checking empty default log info
2025-12-16 10:32:02,468-DEBUG-root-34252::log::generate_log|503:: Json log_data: {'cLogDtExec': '16/12/2025 10:32:02', 'cLogNomUsr': '97137227104', 'cLogNomEst': 'GESIT03', 'cLogProgra': None, 'cLogDtProg': '', 'cLogHrProg': '', 'nLogCtsOk': 1, 'nLogCtsNok': 0, 'nLogCtsSeg': 65.8, 'cLogVersao': '12', 'cLogReleas': '12.1.2410', 'nLogCtsErr': '', 'cLogBancod': 'ORACLE', 'cLogIdenti': '', 'cLogIdExec': '20251216', 'cLogPais': 'BRA', 'cLogTool': 'TIR', 'cLogSequen': '393655', 'nLogCtsTot': 1, 'cLogDtExea': '16/12/2025', 'cLogHrExea': '10:32:02', 'cLogArea': 'Desenvolvimento', 'cLogMnExec': 1.0966666666666667}
2025-12-16 10:32:02,469-INFO-root-34252::log::send_log_with_retries|515:: Saving log locally.
2025-12-16 10:32:02,469-INFO-root-34252::log::save_log_locally|548:: [FwSendLog]: Não foi possível enviar o log após todas as tentativas.
2025-12-16 10:32:02,469-INFO-root-34252::log::save_log_locally|555:: [FwSendLog]: Log salvo localmente em C:\TIR_TESTE\1765891922.json.
2025-12-16 10:32:02,469-INFO-root-34252::webapp_internal::WaitShow|4980:: Waiting show text 'Moedas'...
2025-12-16 10:32:07,935-INFO-root-34252::webapp_internal::WaitShow|4980:: Waiting show text 'Processo de Calculo'...
2025-12-16 10:32:08,002-INFO-root-34252::webapp_internal::WaitShow|4996:: Text found! 
2025-12-16 10:32:08,003-INFO-root-34252::webapp_internal::WaitShow|4980:: Waiting show text 'Este programa realiza processos de calculos'...
2025-12-16 10:32:08,054-INFO-root-34252::webapp_internal::WaitShow|4996:: Text found! 
2025-12-16 10:32:08,054-INFO-root-34252::webapp_internal::SetButton|4444:: Clicking on Parametros
2025-12-16 10:32:08,054-DEBUG-root-34252::webapp_internal::wait_blocker|2444:: Waiting blocker to continue...
2025-12-16 10:32:08,144-DEBUG-root-34252::webapp_internal::wait_blocker|2469:: Blocker status: False
2025-12-16 10:32:08,428-DEBUG-root-34252::webapp_internal::wait_element_timeout|7726:: Element found! Waiting for element to be displayed.
2025-12-16 10:32:08,573-DEBUG-root-34252::webapp_internal::SetButton|4481:: ***System Info*** Before Clicking on button:Parametros
2025-12-16 10:32:08,573-DEBUG-root-34252::psutil_info::system_info|5:: CPU USAGE: 9.0%
2025-12-16 10:32:08,574-DEBUG-root-34252::psutil_info::system_info|6:: MEMORY USAGE: 86.9%
2025-12-16 10:32:08,574-DEBUG-root-34252::psutil_info::system_info|7:: MEMORY AVAILABLE: 13.06%
2025-12-16 10:32:08,817-DEBUG-root-34252::webapp_internal::wait_element_timeout|7726:: Element found! Waiting for element to be displayed.
2025-12-16 10:32:08,997-DEBUG-root-34252::webapp_internal::wait_blocker|2444:: Waiting blocker to continue...
2025-12-16 10:32:09,075-DEBUG-root-34252::webapp_internal::wait_blocker|2469:: Blocker status: False
2025-12-16 10:32:09,097-DEBUG-root-34252::webapp_internal::wait_blocker|2444:: Waiting blocker to continue...
2025-12-16 10:32:09,177-DEBUG-root-34252::webapp_internal::wait_blocker|2469:: Blocker status: False
2025-12-16 10:32:09,178-DEBUG-root-34252::webapp_internal::send_action|10480:: Trying to send action
2025-12-16 10:32:09,180-DEBUG-root-34252::base::click|192:: Click Type: ClickType.JS
2025-12-16 10:32:10,214-DEBUG-root-34252::webapp_internal::send_action|10522:: send_action method result = True
2025-12-16 10:32:10,214-DEBUG-root-34252::webapp_internal::send_action|10523:: send_action selenium status: False
2025-12-16 10:32:10,215-DEBUG-root-34252::webapp_internal::SetButton|4683:: ***System Info*** After Clicking on button:
2025-12-16 10:32:10,216-DEBUG-root-34252::psutil_info::system_info|5:: CPU USAGE: 7.5%
2025-12-16 10:32:10,216-DEBUG-root-34252::psutil_info::system_info|6:: MEMORY USAGE: 86.9%
2025-12-16 10:32:10,217-DEBUG-root-34252::psutil_info::system_info|7:: MEMORY AVAILABLE: 13.06%
2025-12-16 10:32:15,218-DEBUG-root-34252::webapp_internal::wait_blocker|2444:: Waiting blocker to continue...
2025-12-16 10:32:15,306-DEBUG-root-34252::webapp_internal::wait_blocker|2469:: Blocker status: False
2025-12-16 10:32:15,307-DEBUG-root-34252::webapp_internal::wait_element|7623:: Waiting for element
2025-12-16 10:32:15,347-DEBUG-root-34252::webapp_internal::wait_element|7653:: Element found! Waiting for element to be displayed.
2025-12-16 10:32:15,505-INFO-root-34252::webapp_internal::input_value|2941:: Looking for element: Processo
2025-12-16 10:32:15,751-INFO-root-34252::webapp_internal::input_value|2951:: Element: Processo Found!
2025-12-16 10:32:15,751-INFO-root-34252::webapp_internal::input_value|2953:: Filling element: Processo
2025-12-16 10:32:15,773-DEBUG-root-34252::webapp_internal::get_web_value|3232:: Current value:      
2025-12-16 10:32:15,803-DEBUG-root-34252::base::double_click|259:: Click Type: ClickType.SELENIUM
2025-12-16 10:32:16,064-DEBUG-root-34252::webapp_internal::wait_blocker|2444:: Waiting blocker to continue...
2025-12-16 10:32:16,144-DEBUG-root-34252::webapp_internal::wait_blocker|2469:: Blocker status: False
2025-12-16 10:32:16,469-DEBUG-root-34252::webapp_internal::get_web_value|3232:: Current value: 00001
2025-12-16 10:32:16,469-INFO-root-34252::webapp_internal::input_value|3059:: Current field value: 00001
2025-12-16 10:32:16,469-DEBUG-root-34252::webapp_internal::wait_blocker|2444:: Waiting blocker to continue...
2025-12-16 10:32:16,567-DEBUG-root-34252::webapp_internal::wait_blocker|2469:: Blocker status: False
2025-12-16 10:32:16,567-DEBUG-root-34252::webapp_internal::wait_element|7623:: Waiting for element
2025-12-16 10:32:16,608-DEBUG-root-34252::webapp_internal::wait_element|7653:: Element found! Waiting for element to be displayed.
2025-12-16 10:32:16,762-INFO-root-34252::webapp_internal::input_value|2941:: Looking for element: Roteiro
2025-12-16 10:32:17,039-INFO-root-34252::webapp_internal::input_value|2951:: Element: Roteiro Found!
2025-12-16 10:32:17,040-INFO-root-34252::webapp_internal::input_value|2953:: Filling element: Roteiro
2025-12-16 10:32:17,060-DEBUG-root-34252::webapp_internal::get_web_value|3232:: Current value:    
2025-12-16 10:32:17,088-DEBUG-root-34252::base::double_click|259:: Click Type: ClickType.SELENIUM
2025-12-16 10:32:17,334-DEBUG-root-34252::webapp_internal::wait_blocker|2444:: Waiting blocker to continue...
2025-12-16 10:32:17,418-DEBUG-root-34252::webapp_internal::wait_blocker|2469:: Blocker status: False
2025-12-16 10:32:17,731-DEBUG-root-34252::webapp_internal::get_web_value|3232:: Current value: VTR
2025-12-16 10:32:17,732-INFO-root-34252::webapp_internal::input_value|3059:: Current field value: VTR
2025-12-16 10:32:18,233-INFO-root-34252::webapp_internal::SetButton|4444:: Clicking on OK
2025-12-16 10:32:18,233-DEBUG-root-34252::webapp_internal::wait_blocker|2444:: Waiting blocker to continue...
2025-12-16 10:32:18,322-DEBUG-root-34252::webapp_internal::wait_blocker|2469:: Blocker status: False
2025-12-16 10:32:18,532-DEBUG-root-34252::webapp_internal::wait_element_timeout|7726:: Element found! Waiting for element to be displayed.
2025-12-16 10:32:18,632-DEBUG-root-34252::webapp_internal::SetButton|4481:: ***System Info*** Before Clicking on button:OK
2025-12-16 10:32:18,632-DEBUG-root-34252::psutil_info::system_info|5:: CPU USAGE: 6.6%
2025-12-16 10:32:18,633-DEBUG-root-34252::psutil_info::system_info|6:: MEMORY USAGE: 86.9%
2025-12-16 10:32:18,633-DEBUG-root-34252::psutil_info::system_info|7:: MEMORY AVAILABLE: 13.08%
2025-12-16 10:32:18,821-DEBUG-root-34252::webapp_internal::wait_element_timeout|7726:: Element found! Waiting for element to be displayed.
2025-12-16 10:32:18,976-DEBUG-root-34252::webapp_internal::wait_blocker|2444:: Waiting blocker to continue...
2025-12-16 10:32:19,065-DEBUG-root-34252::webapp_internal::wait_blocker|2469:: Blocker status: False
2025-12-16 10:32:19,086-DEBUG-root-34252::webapp_internal::wait_blocker|2444:: Waiting blocker to continue...
2025-12-16 10:32:19,171-DEBUG-root-34252::webapp_internal::wait_blocker|2469:: Blocker status: False
2025-12-16 10:32:19,172-DEBUG-root-34252::webapp_internal::send_action|10480:: Trying to send action
2025-12-16 10:32:19,174-DEBUG-root-34252::base::click|192:: Click Type: ClickType.JS
2025-12-16 10:32:20,213-DEBUG-root-34252::webapp_internal::send_action|10522:: send_action method result = True
2025-12-16 10:32:20,213-DEBUG-root-34252::webapp_internal::send_action|10523:: send_action selenium status: False
2025-12-16 10:32:20,213-DEBUG-root-34252::webapp_internal::SetButton|4683:: ***System Info*** After Clicking on button:
2025-12-16 10:32:20,214-DEBUG-root-34252::psutil_info::system_info|5:: CPU USAGE: 6.3%
2025-12-16 10:32:20,214-DEBUG-root-34252::psutil_info::system_info|6:: MEMORY USAGE: 86.7%
2025-12-16 10:32:20,214-DEBUG-root-34252::psutil_info::system_info|7:: MEMORY AVAILABLE: 13.25%
2025-12-16 10:32:25,216-INFO-root-34252::webapp_internal::WaitShow|4980:: Waiting show text 'Parametros'...
2025-12-16 10:32:25,599-INFO-root-34252::webapp_internal::WaitShow|4996:: Text found! 
2025-12-16 10:32:25,600-INFO-root-34252::webapp_internal::SetButton|4444:: Clicking on OK
2025-12-16 10:32:25,600-DEBUG-root-34252::webapp_internal::wait_blocker|2444:: Waiting blocker to continue...
2025-12-16 10:32:25,707-DEBUG-root-34252::webapp_internal::wait_blocker|2469:: Blocker status: False
2025-12-16 10:32:25,936-DEBUG-root-34252::webapp_internal::wait_element_timeout|7726:: Element found! Waiting for element to be displayed.
2025-12-16 10:32:26,054-DEBUG-root-34252::webapp_internal::SetButton|4481:: ***System Info*** Before Clicking on button:OK
2025-12-16 10:32:26,054-DEBUG-root-34252::psutil_info::system_info|5:: CPU USAGE: 9.6%
2025-12-16 10:32:26,054-DEBUG-root-34252::psutil_info::system_info|6:: MEMORY USAGE: 87.1%
2025-12-16 10:32:26,054-DEBUG-root-34252::psutil_info::system_info|7:: MEMORY AVAILABLE: 12.94%
2025-12-16 10:32:26,282-DEBUG-root-34252::webapp_internal::wait_element_timeout|7726:: Element found! Waiting for element to be displayed.
2025-12-16 10:32:26,442-DEBUG-root-34252::webapp_internal::wait_blocker|2444:: Waiting blocker to continue...
2025-12-16 10:32:26,578-DEBUG-root-34252::webapp_internal::wait_blocker|2469:: Blocker status: False
2025-12-16 10:32:26,607-DEBUG-root-34252::webapp_internal::wait_blocker|2444:: Waiting blocker to continue...
2025-12-16 10:32:26,701-DEBUG-root-34252::webapp_internal::wait_blocker|2469:: Blocker status: False
2025-12-16 10:32:26,701-DEBUG-root-34252::webapp_internal::send_action|10480:: Trying to send action
2025-12-16 10:32:26,704-DEBUG-root-34252::base::click|192:: Click Type: ClickType.JS
2025-12-16 10:32:27,731-DEBUG-root-34252::webapp_internal::send_action|10522:: send_action method result = True
2025-12-16 10:32:27,732-DEBUG-root-34252::webapp_internal::send_action|10523:: send_action selenium status: False
2025-12-16 10:32:27,732-DEBUG-root-34252::webapp_internal::SetButton|4683:: ***System Info*** After Clicking on button:
2025-12-16 10:32:27,732-DEBUG-root-34252::psutil_info::system_info|5:: CPU USAGE: 10.2%
2025-12-16 10:32:27,732-DEBUG-root-34252::psutil_info::system_info|6:: MEMORY USAGE: 87.0%
2025-12-16 10:32:27,733-DEBUG-root-34252::psutil_info::system_info|7:: MEMORY AVAILABLE: 13.01%
2025-12-16 10:32:27,744-INFO-root-34252::webapp_internal::SetButton|4444:: Clicking on Calcular
2025-12-16 10:32:27,744-DEBUG-root-34252::webapp_internal::wait_blocker|2444:: Waiting blocker to continue...
2025-12-16 10:32:27,828-DEBUG-root-34252::webapp_internal::wait_blocker|2469:: Blocker status: False
2025-12-16 10:32:28,084-DEBUG-root-34252::webapp_internal::wait_element_timeout|7726:: Element found! Waiting for element to be displayed.
2025-12-16 10:32:28,232-DEBUG-root-34252::webapp_internal::SetButton|4481:: ***System Info*** Before Clicking on button:Calcular
2025-12-16 10:32:28,232-DEBUG-root-34252::psutil_info::system_info|5:: CPU USAGE: 12.1%
2025-12-16 10:32:28,233-DEBUG-root-34252::psutil_info::system_info|6:: MEMORY USAGE: 87.0%
2025-12-16 10:32:28,233-DEBUG-root-34252::psutil_info::system_info|7:: MEMORY AVAILABLE: 12.96%
2025-12-16 10:32:28,484-DEBUG-root-34252::webapp_internal::wait_element_timeout|7726:: Element found! Waiting for element to be displayed.
2025-12-16 10:32:28,679-DEBUG-root-34252::webapp_internal::wait_blocker|2444:: Waiting blocker to continue...
2025-12-16 10:32:28,759-DEBUG-root-34252::webapp_internal::wait_blocker|2469:: Blocker status: False
2025-12-16 10:32:28,779-DEBUG-root-34252::webapp_internal::wait_blocker|2444:: Waiting blocker to continue...
2025-12-16 10:32:28,859-DEBUG-root-34252::webapp_internal::wait_blocker|2469:: Blocker status: False
2025-12-16 10:32:28,859-DEBUG-root-34252::webapp_internal::send_action|10480:: Trying to send action
2025-12-16 10:32:28,861-DEBUG-root-34252::base::click|192:: Click Type: ClickType.JS
2025-12-16 10:32:29,890-DEBUG-root-34252::webapp_internal::send_action|10522:: send_action method result = True
2025-12-16 10:32:29,890-DEBUG-root-34252::webapp_internal::send_action|10523:: send_action selenium status: False
2025-12-16 10:32:29,890-DEBUG-root-34252::webapp_internal::SetButton|4683:: ***System Info*** After Clicking on button:
2025-12-16 10:32:29,891-DEBUG-root-34252::psutil_info::system_info|5:: CPU USAGE: 10.3%
2025-12-16 10:32:29,891-DEBUG-root-34252::psutil_info::system_info|6:: MEMORY USAGE: 86.9%
2025-12-16 10:32:29,891-DEBUG-root-34252::psutil_info::system_info|7:: MEMORY AVAILABLE: 13.1%
2025-12-16 10:32:29,891-INFO-root-34252::webapp_internal::WaitShow|4980:: Waiting show text 'Confirma configuracäo dos parametros?'...
2025-12-16 10:32:29,957-INFO-root-34252::webapp_internal::WaitShow|4996:: Text found! 
2025-12-16 10:32:29,958-INFO-root-34252::webapp_internal::SetButton|4444:: Clicking on Sim
2025-12-16 10:32:29,958-DEBUG-root-34252::webapp_internal::wait_blocker|2444:: Waiting blocker to continue...
2025-12-16 10:32:30,057-DEBUG-root-34252::webapp_internal::wait_blocker|2469:: Blocker status: False
2025-12-16 10:32:30,265-DEBUG-root-34252::webapp_internal::wait_element_timeout|7726:: Element found! Waiting for element to be displayed.
2025-12-16 10:32:30,367-DEBUG-root-34252::webapp_internal::SetButton|4481:: ***System Info*** Before Clicking on button:Sim
2025-12-16 10:32:30,368-DEBUG-root-34252::psutil_info::system_info|5:: CPU USAGE: 9.8%
2025-12-16 10:32:30,369-DEBUG-root-34252::psutil_info::system_info|6:: MEMORY USAGE: 87.0%
2025-12-16 10:32:30,369-DEBUG-root-34252::psutil_info::system_info|7:: MEMORY AVAILABLE: 12.96%
2025-12-16 10:32:30,559-DEBUG-root-34252::webapp_internal::wait_element_timeout|7726:: Element found! Waiting for element to be displayed.
2025-12-16 10:32:30,696-DEBUG-root-34252::webapp_internal::wait_blocker|2444:: Waiting blocker to continue...
2025-12-16 10:32:30,796-DEBUG-root-34252::webapp_internal::wait_blocker|2469:: Blocker status: False
2025-12-16 10:32:30,817-DEBUG-root-34252::webapp_internal::wait_blocker|2444:: Waiting blocker to continue...
2025-12-16 10:32:30,918-DEBUG-root-34252::webapp_internal::wait_blocker|2469:: Blocker status: False
2025-12-16 10:32:30,918-DEBUG-root-34252::webapp_internal::send_action|10480:: Trying to send action
2025-12-16 10:32:30,920-DEBUG-root-34252::base::click|192:: Click Type: ClickType.JS
2025-12-16 10:32:31,953-DEBUG-root-34252::webapp_internal::send_action|10522:: send_action method result = True
2025-12-16 10:32:31,953-DEBUG-root-34252::webapp_internal::send_action|10523:: send_action selenium status: False
2025-12-16 10:32:31,954-DEBUG-root-34252::webapp_internal::SetButton|4683:: ***System Info*** After Clicking on button:
2025-12-16 10:32:31,954-DEBUG-root-34252::psutil_info::system_info|5:: CPU USAGE: 6.7%
2025-12-16 10:32:31,954-DEBUG-root-34252::psutil_info::system_info|6:: MEMORY USAGE: 87.2%
2025-12-16 10:32:31,955-DEBUG-root-34252::psutil_info::system_info|7:: MEMORY AVAILABLE: 12.8%
2025-12-16 10:32:31,966-INFO-root-34252::webapp_internal::WaitShow|4980:: Waiting show text 'Nenhum filtro foi selecionado! Processar toda a tabela?'...
2025-12-16 10:32:32,040-INFO-root-34252::webapp_internal::WaitShow|4996:: Text found! 
2025-12-16 10:32:32,041-INFO-root-34252::webapp_internal::SetButton|4444:: Clicking on Sim
2025-12-16 10:32:32,041-DEBUG-root-34252::webapp_internal::wait_blocker|2444:: Waiting blocker to continue...
2025-12-16 10:32:32,143-DEBUG-root-34252::webapp_internal::wait_blocker|2469:: Blocker status: False
2025-12-16 10:32:32,357-DEBUG-root-34252::webapp_internal::wait_element_timeout|7726:: Element found! Waiting for element to be displayed.
2025-12-16 10:32:32,454-DEBUG-root-34252::webapp_internal::SetButton|4481:: ***System Info*** Before Clicking on button:Sim
2025-12-16 10:32:32,454-DEBUG-root-34252::psutil_info::system_info|5:: CPU USAGE: 11.1%
2025-12-16 10:32:32,455-DEBUG-root-34252::psutil_info::system_info|6:: MEMORY USAGE: 87.3%
2025-12-16 10:32:32,455-DEBUG-root-34252::psutil_info::system_info|7:: MEMORY AVAILABLE: 12.7%
2025-12-16 10:32:32,649-DEBUG-root-34252::webapp_internal::wait_element_timeout|7726:: Element found! Waiting for element to be displayed.
2025-12-16 10:32:32,802-DEBUG-root-34252::webapp_internal::wait_blocker|2444:: Waiting blocker to continue...
2025-12-16 10:32:32,936-DEBUG-root-34252::webapp_internal::wait_blocker|2469:: Blocker status: False
2025-12-16 10:32:32,957-DEBUG-root-34252::webapp_internal::wait_blocker|2444:: Waiting blocker to continue...
2025-12-16 10:32:33,055-DEBUG-root-34252::webapp_internal::wait_blocker|2469:: Blocker status: False
2025-12-16 10:32:33,057-DEBUG-root-34252::webapp_internal::send_action|10480:: Trying to send action
2025-12-16 10:32:33,059-DEBUG-root-34252::base::click|192:: Click Type: ClickType.JS
2025-12-16 10:32:34,091-DEBUG-root-34252::webapp_internal::send_action|10522:: send_action method result = True
2025-12-16 10:32:34,091-DEBUG-root-34252::webapp_internal::send_action|10523:: send_action selenium status: False
2025-12-16 10:32:34,091-DEBUG-root-34252::webapp_internal::SetButton|4683:: ***System Info*** After Clicking on button:
2025-12-16 10:32:34,092-DEBUG-root-34252::psutil_info::system_info|5:: CPU USAGE: 5.8%
2025-12-16 10:32:34,092-DEBUG-root-34252::psutil_info::system_info|6:: MEMORY USAGE: 87.2%
2025-12-16 10:32:34,092-DEBUG-root-34252::psutil_info::system_info|7:: MEMORY AVAILABLE: 12.78%
2025-12-16 10:32:34,103-INFO-root-34252::webapp_internal::WaitShow|4980:: Waiting show text 'Aguarde'...
2025-12-16 10:35:15,504-ERROR-root-34252::webapp_internal::web_scrap|3782:: Message: Tried to run command without establishing a connection
Traceback (most recent call last):
  File "C:\TIR_TESTE\venv\Lib\site-packages\tir\technologies\core\base.py", line 501, in get_current_DOM
    self.driver.switch_to.default_content()
  File "C:\TIR_TESTE\venv\Lib\site-packages\selenium\webdriver\remote\switch_to.py", line 69, in default_content
    self._driver.execute(Command.SWITCH_TO_FRAME, {"id": None})
  File "C:\TIR_TESTE\venv\Lib\site-packages\selenium\webdriver\remote\webdriver.py", line 347, in execute
    self.error_handler.check_response(response)
  File "C:\TIR_TESTE\venv\Lib\site-packages\selenium\webdriver\remote\errorhandler.py", line 229, in check_response
    raise exception_class(message, screen, stacktrace)
selenium.common.exceptions.WebDriverException: Message: Failed to decode response from marionette


During handling of the above exception, another exception occurred:

Traceback (most recent call last):
  File "C:\TIR_TESTE\venv\Lib\site-packages\tir\technologies\webapp_internal.py", line 3719, in web_scrap
    soup = self.get_current_DOM(twebview=twebview)
           ^^^^^^^^^^^^^^^^^^^^^^^^^^^^^^^^^^^^^^^
  File "C:\TIR_TESTE\venv\Lib\site-packages\tir\technologies\core\base.py", line 538, in get_current_DOM
    self.driver.switch_to.default_content()
  File "C:\TIR_TESTE\venv\Lib\site-packages\selenium\webdriver\remote\switch_to.py", line 69, in default_content
    self._driver.execute(Command.SWITCH_TO_FRAME, {"id": None})
  File "C:\TIR_TESTE\venv\Lib\site-packages\selenium\webdriver\remote\webdriver.py", line 347, in execute
    self.error_handler.check_response(response)
  File "C:\TIR_TESTE\venv\Lib\site-packages\selenium\webdriver\remote\errorhandler.py", line 229, in check_response
    raise exception_class(message, screen, stacktrace)
selenium.common.exceptions.InvalidSessionIdException: Message: Tried to run command without establishing a connection

2025-12-16 10:35:16,009-ERROR-root-34252::webapp_internal::web_scrap|3782:: Message: Tried to run command without establishing a connection
Traceback (most recent call last):
  File "C:\TIR_TESTE\venv\Lib\site-packages\tir\technologies\core\base.py", line 501, in get_current_DOM
    self.driver.switch_to.default_content()
  File "C:\TIR_TESTE\venv\Lib\site-packages\selenium\webdriver\remote\switch_to.py", line 69, in default_content
    self._driver.execute(Command.SWITCH_TO_FRAME, {"id": None})
  File "C:\TIR_TESTE\venv\Lib\site-packages\selenium\webdriver\remote\webdriver.py", line 347, in execute
    self.error_handler.check_response(response)
  File "C:\TIR_TESTE\venv\Lib\site-packages\selenium\webdriver\remote\errorhandler.py", line 229, in check_response
    raise exception_class(message, screen, stacktrace)
selenium.common.exceptions.InvalidSessionIdException: Message: Tried to run command without establishing a connection


During handling of the above exception, another exception occurred:

Traceback (most recent call last):
  File "C:\TIR_TESTE\venv\Lib\site-packages\tir\technologies\webapp_internal.py", line 3719, in web_scrap
    soup = self.get_current_DOM(twebview=twebview)
           ^^^^^^^^^^^^^^^^^^^^^^^^^^^^^^^^^^^^^^^
  File "C:\TIR_TESTE\venv\Lib\site-packages\tir\technologies\core\base.py", line 538, in get_current_DOM
    self.driver.switch_to.default_content()
  File "C:\TIR_TESTE\venv\Lib\site-packages\selenium\webdriver\remote\switch_to.py", line 69, in default_content
    self._driver.execute(Command.SWITCH_TO_FRAME, {"id": None})
  File "C:\TIR_TESTE\venv\Lib\site-packages\selenium\webdriver\remote\webdriver.py", line 347, in execute
    self.error_handler.check_response(response)
  File "C:\TIR_TESTE\venv\Lib\site-packages\selenium\webdriver\remote\errorhandler.py", line 229, in check_response
    raise exception_class(message, screen, stacktrace)
selenium.common.exceptions.InvalidSessionIdException: Message: Tried to run command without establishing a connection

2025-12-16 10:35:16,513-ERROR-root-34252::webapp_internal::web_scrap|3782:: Message: Tried to run command without establishing a connection
Traceback (most recent call last):
  File "C:\TIR_TESTE\venv\Lib\site-packages\tir\technologies\core\base.py", line 501, in get_current_DOM
    self.driver.switch_to.default_content()
  File "C:\TIR_TESTE\venv\Lib\site-packages\selenium\webdriver\remote\switch_to.py", line 69, in default_content
    self._driver.execute(Command.SWITCH_TO_FRAME, {"id": None})
  File "C:\TIR_TESTE\venv\Lib\site-packages\selenium\webdriver\remote\webdriver.py", line 347, in execute
    self.error_handler.check_response(response)
  File "C:\TIR_TESTE\venv\Lib\site-packages\selenium\webdriver\remote\errorhandler.py", line 229, in check_response
    raise exception_class(message, screen, stacktrace)
selenium.common.exceptions.InvalidSessionIdException: Message: Tried to run command without establishing a connection


During handling of the above exception, another exception occurred:

Traceback (most recent call last):
  File "C:\TIR_TESTE\venv\Lib\site-packages\tir\technologies\webapp_internal.py", line 3719, in web_scrap
    soup = self.get_current_DOM(twebview=twebview)
           ^^^^^^^^^^^^^^^^^^^^^^^^^^^^^^^^^^^^^^^
  File "C:\TIR_TESTE\venv\Lib\site-packages\tir\technologies\core\base.py", line 538, in get_current_DOM
    self.driver.switch_to.default_content()
  File "C:\TIR_TESTE\venv\Lib\site-packages\selenium\webdriver\remote\switch_to.py", line 69, in default_content
    self._driver.execute(Command.SWITCH_TO_FRAME, {"id": None})
  File "C:\TIR_TESTE\venv\Lib\site-packages\selenium\webdriver\remote\webdriver.py", line 347, in execute
    self.error_handler.check_response(response)
  File "C:\TIR_TESTE\venv\Lib\site-packages\selenium\webdriver\remote\errorhandler.py", line 229, in check_response
    raise exception_class(message, screen, stacktrace)
selenium.common.exceptions.InvalidSessionIdException: Message: Tried to run command without establishing a connection

2025-12-16 10:35:17,016-ERROR-root-34252::webapp_internal::web_scrap|3782:: Message: Tried to run command without establishing a connection
Traceback (most recent call last):
  File "C:\TIR_TESTE\venv\Lib\site-packages\tir\technologies\core\base.py", line 501, in get_current_DOM
    self.driver.switch_to.default_content()
  File "C:\TIR_TESTE\venv\Lib\site-packages\selenium\webdriver\remote\switch_to.py", line 69, in default_content
    self._driver.execute(Command.SWITCH_TO_FRAME, {"id": None})
  File "C:\TIR_TESTE\venv\Lib\site-packages\selenium\webdriver\remote\webdriver.py", line 347, in execute
    self.error_handler.check_response(response)
  File "C:\TIR_TESTE\venv\Lib\site-packages\selenium\webdriver\remote\errorhandler.py", line 229, in check_response
    raise exception_class(message, screen, stacktrace)
selenium.common.exceptions.InvalidSessionIdException: Message: Tried to run command without establishing a connection


During handling of the above exception, another exception occurred:

Traceback (most recent call last):
  File "C:\TIR_TESTE\venv\Lib\site-packages\tir\technologies\webapp_internal.py", line 3719, in web_scrap
    soup = self.get_current_DOM(twebview=twebview)
           ^^^^^^^^^^^^^^^^^^^^^^^^^^^^^^^^^^^^^^^
  File "C:\TIR_TESTE\venv\Lib\site-packages\tir\technologies\core\base.py", line 538, in get_current_DOM
    self.driver.switch_to.default_content()
  File "C:\TIR_TESTE\venv\Lib\site-packages\selenium\webdriver\remote\switch_to.py", line 69, in default_content
    self._driver.execute(Command.SWITCH_TO_FRAME, {"id": None})
  File "C:\TIR_TESTE\venv\Lib\site-packages\selenium\webdriver\remote\webdriver.py", line 347, in execute
    self.error_handler.check_response(response)
  File "C:\TIR_TESTE\venv\Lib\site-packages\selenium\webdriver\remote\errorhandler.py", line 229, in check_response
    raise exception_class(message, screen, stacktrace)
selenium.common.exceptions.InvalidSessionIdException: Message: Tried to run command without establishing a connection

2025-12-16 10:35:17,519-ERROR-root-34252::webapp_internal::web_scrap|3782:: Message: Tried to run command without establishing a connection
Traceback (most recent call last):
  File "C:\TIR_TESTE\venv\Lib\site-packages\tir\technologies\core\base.py", line 501, in get_current_DOM
    self.driver.switch_to.default_content()
  File "C:\TIR_TESTE\venv\Lib\site-packages\selenium\webdriver\remote\switch_to.py", line 69, in default_content
    self._driver.execute(Command.SWITCH_TO_FRAME, {"id": None})
  File "C:\TIR_TESTE\venv\Lib\site-packages\selenium\webdriver\remote\webdriver.py", line 347, in execute
    self.error_handler.check_response(response)
  File "C:\TIR_TESTE\venv\Lib\site-packages\selenium\webdriver\remote\errorhandler.py", line 229, in check_response
    raise exception_class(message, screen, stacktrace)
selenium.common.exceptions.InvalidSessionIdException: Message: Tried to run command without establishing a connection


During handling of the above exception, another exception occurred:

Traceback (most recent call last):
  File "C:\TIR_TESTE\venv\Lib\site-packages\tir\technologies\webapp_internal.py", line 3719, in web_scrap
    soup = self.get_current_DOM(twebview=twebview)
           ^^^^^^^^^^^^^^^^^^^^^^^^^^^^^^^^^^^^^^^
  File "C:\TIR_TESTE\venv\Lib\site-packages\tir\technologies\core\base.py", line 538, in get_current_DOM
    self.driver.switch_to.default_content()
  File "C:\TIR_TESTE\venv\Lib\site-packages\selenium\webdriver\remote\switch_to.py", line 69, in default_content
    self._driver.execute(Command.SWITCH_TO_FRAME, {"id": None})
  File "C:\TIR_TESTE\venv\Lib\site-packages\selenium\webdriver\remote\webdriver.py", line 347, in execute
    self.error_handler.check_response(response)
  File "C:\TIR_TESTE\venv\Lib\site-packages\selenium\webdriver\remote\errorhandler.py", line 229, in check_response
    raise exception_class(message, screen, stacktrace)
selenium.common.exceptions.InvalidSessionIdException: Message: Tried to run command without establishing a connection

2025-12-16 10:35:18,022-ERROR-root-34252::webapp_internal::web_scrap|3782:: Message: Tried to run command without establishing a connection
Traceback (most recent call last):
  File "C:\TIR_TESTE\venv\Lib\site-packages\tir\technologies\core\base.py", line 501, in get_current_DOM
    self.driver.switch_to.default_content()
  File "C:\TIR_TESTE\venv\Lib\site-packages\selenium\webdriver\remote\switch_to.py", line 69, in default_content
    self._driver.execute(Command.SWITCH_TO_FRAME, {"id": None})
  File "C:\TIR_TESTE\venv\Lib\site-packages\selenium\webdriver\remote\webdriver.py", line 347, in execute
    self.error_handler.check_response(response)
  File "C:\TIR_TESTE\venv\Lib\site-packages\selenium\webdriver\remote\errorhandler.py", line 229, in check_response
    raise exception_class(message, screen, stacktrace)
selenium.common.exceptions.InvalidSessionIdException: Message: Tried to run command without establishing a connection


During handling of the above exception, another exception occurred:

Traceback (most recent call last):
  File "C:\TIR_TESTE\venv\Lib\site-packages\tir\technologies\webapp_internal.py", line 3719, in web_scrap
    soup = self.get_current_DOM(twebview=twebview)
           ^^^^^^^^^^^^^^^^^^^^^^^^^^^^^^^^^^^^^^^
  File "C:\TIR_TESTE\venv\Lib\site-packages\tir\technologies\core\base.py", line 538, in get_current_DOM
    self.driver.switch_to.default_content()
  File "C:\TIR_TESTE\venv\Lib\site-packages\selenium\webdriver\remote\switch_to.py", line 69, in default_content
    self._driver.execute(Command.SWITCH_TO_FRAME, {"id": None})
  File "C:\TIR_TESTE\venv\Lib\site-packages\selenium\webdriver\remote\webdriver.py", line 347, in execute
    self.error_handler.check_response(response)
  File "C:\TIR_TESTE\venv\Lib\site-packages\selenium\webdriver\remote\errorhandler.py", line 229, in check_response
    raise exception_class(message, screen, stacktrace)
selenium.common.exceptions.InvalidSessionIdException: Message: Tried to run command without establishing a connection

