2025-12-08 08:29:33,551-DEBUG-root-28204::logging_config::logger|189:: Log file created: 'Log\GESIT03\TIR__20251208082933545.log'
2025-12-08 08:29:33,551-INFO-root-28204::base::Start|1183:: TIR Version: 2.4.3
2025-12-08 08:29:33,552-INFO-root-28204::base::Start|1184:: Python Version: 3.12.10
2025-12-08 08:29:33,552-INFO-root-28204::base::Start|1185:: Starting the browser
2025-12-08 08:29:40,751-INFO-root-28204::base::get_url|1294:: Page is ready!
2025-12-08 08:29:40,796-INFO-root-28204::base::Start|1256:: Browser maximized to 1936x1048
2025-12-08 08:29:40,796-INFO-root-28204::base::Start|1258:: Screen size is different from default used in headless mode
2025-12-08 08:29:41,073-INFO-root-28204::webapp_internal::Setup|247:: ***System Info*** in Setup():
2025-12-08 08:29:41,073-DEBUG-root-28204::psutil_info::system_info|5:: CPU USAGE: 15.7%
2025-12-08 08:29:41,073-DEBUG-root-28204::psutil_info::system_info|6:: MEMORY USAGE: 87.1%
2025-12-08 08:29:41,074-DEBUG-root-28204::psutil_info::system_info|7:: MEMORY AVAILABLE: 12.92%
2025-12-08 08:29:41,120-INFO-root-28204::base::webapp_shadowroot|1394:: Webapp: 10.1.6-RC4
2025-12-08 08:29:41,461-INFO-root-28204::webapp_internal::filling_initial_program|449:: Filling Initial Program: "SIGAMDI"
2025-12-08 08:29:41,461-DEBUG-root-28204::webapp_internal::wait_element|7623:: Waiting for element
2025-12-08 08:29:41,669-DEBUG-root-28204::webapp_internal::wait_element|7653:: Element found! Waiting for element to be displayed.
2025-12-08 08:29:41,812-DEBUG-root-28204::base::click|192:: Click Type: ClickType.JS
2025-12-08 08:29:41,816-DEBUG-root-28204::webapp_internal::try_send_keys|7976:: Trying to send keys to element using technique 0
2025-12-08 08:29:42,156-DEBUG-root-28204::webapp_internal::get_web_value|3232:: Current value: SIGAMDI
2025-12-08 08:29:42,156-INFO-root-28204::webapp_internal::filling_server_environment|463:: Filling Server Environment: "POUPEX_TST"
2025-12-08 08:29:42,156-DEBUG-root-28204::webapp_internal::wait_element|7623:: Waiting for element
2025-12-08 08:29:42,180-DEBUG-root-28204::webapp_internal::wait_element|7653:: Element found! Waiting for element to be displayed.
2025-12-08 08:29:42,341-DEBUG-root-28204::base::click|192:: Click Type: ClickType.JS
2025-12-08 08:29:42,347-DEBUG-root-28204::webapp_internal::try_send_keys|7976:: Trying to send keys to element using technique 0
2025-12-08 08:29:42,663-DEBUG-root-28204::webapp_internal::get_web_value|3232:: Current value: POUPEX_TST
2025-12-08 08:29:42,682-DEBUG-root-28204::base::click|192:: Click Type: ClickType.JS
2025-12-08 08:29:42,693-DEBUG-root-28204::webapp_internal::user_screen|519:: Filling user screen
2025-12-08 08:29:48,407-DEBUG-root-28204::webapp_internal::wait_element_timeout|7726:: Element found! Waiting for element to be displayed.
2025-12-08 08:29:48,460-DEBUG-root-28204::base::scroll_to_element|759:: ********Warining scroll_to_element exception: Message: TypeError: can't access property "scrollIntoView", arguments[0] is null
Stacktrace:
@https://qasrverp:10020/webapp/:2:7
@https://qasrverp:10020/webapp/:3:8
*********
2025-12-08 08:29:48,609-INFO-root-28204::webapp_internal::user_screen|561:: Filling User
2025-12-08 08:29:48,636-DEBUG-root-28204::base::double_click|259:: Click Type: ClickType.SELENIUM
2025-12-08 08:29:48,816-DEBUG-root-28204::webapp_internal::get_web_value|3232:: Current value: 97137227104
2025-12-08 08:29:48,839-INFO-root-28204::webapp_internal::user_screen|621:: Filling Password
2025-12-08 08:29:48,858-DEBUG-root-28204::base::click|192:: Click Type: ClickType.JS
2025-12-08 08:29:48,929-DEBUG-root-28204::webapp_internal::get_web_value|3232:: Current value: Val20221080080094+
2025-12-08 08:29:48,929-DEBUG-root-28204::webapp_internal::wait_blocker|2444:: Waiting blocker to continue...
2025-12-08 08:29:48,955-DEBUG-root-28204::webapp_internal::wait_blocker|2469:: Blocker status: None
2025-12-08 08:29:48,976-DEBUG-root-28204::webapp_internal::wait_blocker|2444:: Waiting blocker to continue...
2025-12-08 08:29:49,002-DEBUG-root-28204::webapp_internal::wait_blocker|2469:: Blocker status: None
2025-12-08 08:29:49,035-DEBUG-root-28204::webapp_internal::wait_blocker|2444:: Waiting blocker to continue...
2025-12-08 08:29:49,061-DEBUG-root-28204::webapp_internal::wait_blocker|2469:: Blocker status: None
2025-12-08 08:29:49,061-DEBUG-root-28204::webapp_internal::send_action|10480:: Trying to send action
2025-12-08 08:29:49,067-DEBUG-root-28204::base::click|192:: Click Type: ClickType.JS
2025-12-08 08:29:50,105-DEBUG-root-28204::webapp_internal::send_action|10522:: send_action method result = True
2025-12-08 08:29:50,105-DEBUG-root-28204::webapp_internal::send_action|10523:: send_action selenium status: False
2025-12-08 08:29:52,604-DEBUG-root-28204::base::scroll_to_element|759:: ********Warining scroll_to_element exception: Message: TypeError: can't access property "scrollIntoView", arguments[0] is null
Stacktrace:
@https://qasrverp:10020/webapp/:2:7
@https://qasrverp:10020/webapp/:3:8
*********
2025-12-08 08:29:52,650-INFO-root-28204::webapp_internal::filling_date|885:: Filling Date: "08/12/2025"
2025-12-08 08:29:52,651-DEBUG-root-28204::webapp_internal::wait_blocker|2444:: Waiting blocker to continue...
2025-12-08 08:29:52,691-DEBUG-root-28204::webapp_internal::wait_blocker|2469:: Blocker status: None
2025-12-08 08:29:52,693-DEBUG-root-28204::base::click|192:: Click Type: ClickType.JS
2025-12-08 08:29:52,711-DEBUG-root-28204::webapp_internal::try_send_keys|7976:: Trying to send keys to element using technique 1
2025-12-08 08:29:52,788-DEBUG-root-28204::webapp_internal::get_web_value|3232:: Current value: 08/12/2025
2025-12-08 08:29:53,871-INFO-root-28204::webapp_internal::filling_group|955:: Filling Group: "02"
2025-12-08 08:29:53,871-DEBUG-root-28204::webapp_internal::wait_blocker|2444:: Waiting blocker to continue...
2025-12-08 08:29:53,905-DEBUG-root-28204::webapp_internal::wait_blocker|2469:: Blocker status: None
2025-12-08 08:29:53,908-DEBUG-root-28204::base::click|192:: Click Type: ClickType.JS
2025-12-08 08:29:53,956-DEBUG-root-28204::webapp_internal::get_web_value|3232:: Current value: 02
2025-12-08 08:29:55,011-INFO-root-28204::webapp_internal::filling_branch|1047:: Filling Branch: "02DF0001"
2025-12-08 08:29:55,012-DEBUG-root-28204::webapp_internal::wait_blocker|2444:: Waiting blocker to continue...
2025-12-08 08:29:55,066-DEBUG-root-28204::webapp_internal::wait_blocker|2469:: Blocker status: None
2025-12-08 08:29:55,071-DEBUG-root-28204::base::click|192:: Click Type: ClickType.JS
2025-12-08 08:29:55,120-DEBUG-root-28204::webapp_internal::get_web_value|3232:: Current value: 02DF0001
2025-12-08 08:29:56,202-INFO-root-28204::webapp_internal::filling_environment|1113:: Filling Environment: "07"
2025-12-08 08:29:56,203-DEBUG-root-28204::webapp_internal::wait_blocker|2444:: Waiting blocker to continue...
2025-12-08 08:29:56,233-DEBUG-root-28204::webapp_internal::wait_blocker|2469:: Blocker status: None
2025-12-08 08:29:56,236-DEBUG-root-28204::base::click|192:: Click Type: ClickType.JS
2025-12-08 08:29:56,288-DEBUG-root-28204::webapp_internal::get_web_value|3232:: Current value: 07
2025-12-08 08:29:57,296-DEBUG-root-28204::webapp_internal::close_warning_screen|1489:: Closing warning screen!
2025-12-08 08:29:58,331-DEBUG-root-28204::webapp_internal::check_screen_element|1291:: Checking screen element: "Atenção": False
2025-12-08 08:29:59,425-INFO-root-28204::webapp_internal::environment_screen|796:: Clicking on Button
2025-12-08 08:29:59,425-DEBUG-root-28204::webapp_internal::wait_blocker|2444:: Waiting blocker to continue...
2025-12-08 08:29:59,462-DEBUG-root-28204::webapp_internal::wait_blocker|2469:: Blocker status: None
2025-12-08 08:29:59,465-DEBUG-root-28204::base::click|192:: Click Type: ClickType.JS
2025-12-08 08:30:00,478-DEBUG-root-28204::base::click|192:: Click Type: ClickType.JS
2025-12-08 08:30:01,500-DEBUG-root-28204::base::click|192:: Click Type: ClickType.JS
2025-12-08 08:30:02,510-DEBUG-root-28204::base::click|192:: Click Type: ClickType.JS
2025-12-08 08:30:03,518-DEBUG-root-28204::base::click|192:: Click Type: ClickType.JS
2025-12-08 08:30:04,526-DEBUG-root-28204::base::click|192:: Click Type: ClickType.JS
2025-12-08 08:30:05,535-DEBUG-root-28204::webapp_internal::close_screen_before_menu|368:: Closing screen before the menu
2025-12-08 08:30:05,578-DEBUG-root-28204::webapp_internal::close_warning_screen|1489:: Closing warning screen!
2025-12-08 08:30:06,627-DEBUG-root-28204::webapp_internal::check_screen_element|1291:: Checking screen element: "Atenção": False
2025-12-08 08:30:06,627-DEBUG-root-28204::webapp_internal::close_coin_screen|1424:: Closing coin screen!
2025-12-08 08:30:07,179-DEBUG-root-28204::base::click|192:: Click Type: ClickType.JS
2025-12-08 08:30:07,235-DEBUG-root-28204::webapp_internal::close_warning_screen|1489:: Closing warning screen!
2025-12-08 08:30:08,398-DEBUG-root-28204::webapp_internal::check_screen_element|1291:: Checking screen element: "Atenção": False
2025-12-08 08:30:08,399-DEBUG-root-28204::webapp_internal::close_coin_screen|1424:: Closing coin screen!
2025-12-08 08:30:08,911-INFO-root-28204::webapp_internal::set_log_info|1623:: Getting log info
2025-12-08 08:30:08,911-INFO-root-28204::webapp_internal::SetLateralMenu|4184:: Navigating lateral menu: Ajuda > Sobre
2025-12-08 08:30:08,969-DEBUG-root-28204::webapp_internal::wait_element|7623:: Waiting for element
2025-12-08 08:30:09,072-DEBUG-root-28204::webapp_internal::wait_element|7653:: Element found! Waiting for element to be displayed.
2025-12-08 08:30:09,455-INFO-root-28204::webapp_internal::SetLateralMenu|4203:: Menu item: "Ajuda"
2025-12-08 08:30:09,455-DEBUG-root-28204::webapp_internal::wait_blocker|2444:: Waiting blocker to continue...
2025-12-08 08:30:09,654-DEBUG-root-28204::webapp_internal::wait_blocker|2469:: Blocker status: False
2025-12-08 08:30:10,128-DEBUG-root-28204::webapp_internal::wait_element_timeout|7726:: Element found! Waiting for element to be displayed.
2025-12-08 08:30:10,543-DEBUG-root-28204::webapp_internal::wait_blocker|2444:: Waiting blocker to continue...
2025-12-08 08:30:10,622-DEBUG-root-28204::webapp_internal::wait_blocker|2469:: Blocker status: False
2025-12-08 08:30:12,930-INFO-root-28204::webapp_internal::SetLateralMenu|4203:: Menu item: "Sobre"
2025-12-08 08:30:12,930-DEBUG-root-28204::webapp_internal::wait_blocker|2444:: Waiting blocker to continue...
2025-12-08 08:30:12,996-DEBUG-root-28204::webapp_internal::wait_blocker|2469:: Blocker status: False
2025-12-08 08:30:13,462-DEBUG-root-28204::webapp_internal::wait_element_timeout|7726:: Element found! Waiting for element to be displayed.
2025-12-08 08:30:13,851-DEBUG-root-28204::webapp_internal::wait_blocker|2444:: Waiting blocker to continue...
2025-12-08 08:30:13,923-DEBUG-root-28204::webapp_internal::wait_blocker|2469:: Blocker status: False
2025-12-08 08:30:16,569-DEBUG-root-28204::webapp_internal::wait_blocker|2444:: Waiting blocker to continue...
2025-12-08 08:30:16,635-DEBUG-root-28204::webapp_internal::wait_blocker|2469:: Blocker status: False
2025-12-08 08:30:16,701-DEBUG-root-28204::webapp_internal::wait_element|7623:: Waiting for element
2025-12-08 08:30:16,742-DEBUG-root-28204::webapp_internal::wait_element|7653:: Element found! Waiting for element to be displayed.
2025-12-08 08:30:16,909-INFO-root-28204::webapp_internal::SetButton|4444:: Clicking on Fechar
2025-12-08 08:30:16,909-DEBUG-root-28204::webapp_internal::wait_blocker|2444:: Waiting blocker to continue...
2025-12-08 08:30:16,979-DEBUG-root-28204::webapp_internal::wait_blocker|2469:: Blocker status: False
2025-12-08 08:30:17,159-DEBUG-root-28204::webapp_internal::wait_element_timeout|7726:: Element found! Waiting for element to be displayed.
2025-12-08 08:30:17,226-DEBUG-root-28204::webapp_internal::SetButton|4481:: ***System Info*** Before Clicking on button:Fechar
2025-12-08 08:30:17,226-DEBUG-root-28204::psutil_info::system_info|5:: CPU USAGE: 8.1%
2025-12-08 08:30:17,228-DEBUG-root-28204::psutil_info::system_info|6:: MEMORY USAGE: 87.7%
2025-12-08 08:30:17,228-DEBUG-root-28204::psutil_info::system_info|7:: MEMORY AVAILABLE: 12.33%
2025-12-08 08:30:17,390-DEBUG-root-28204::webapp_internal::wait_element_timeout|7726:: Element found! Waiting for element to be displayed.
2025-12-08 08:30:17,525-DEBUG-root-28204::webapp_internal::wait_blocker|2444:: Waiting blocker to continue...
2025-12-08 08:30:17,593-DEBUG-root-28204::webapp_internal::wait_blocker|2469:: Blocker status: False
2025-12-08 08:30:17,610-DEBUG-root-28204::webapp_internal::wait_blocker|2444:: Waiting blocker to continue...
2025-12-08 08:30:17,686-DEBUG-root-28204::webapp_internal::wait_blocker|2469:: Blocker status: False
2025-12-08 08:30:17,686-DEBUG-root-28204::webapp_internal::send_action|10480:: Trying to send action
2025-12-08 08:30:17,688-DEBUG-root-28204::base::click|192:: Click Type: ClickType.JS
2025-12-08 08:30:18,718-DEBUG-root-28204::webapp_internal::send_action|10522:: send_action method result = True
2025-12-08 08:30:18,718-DEBUG-root-28204::webapp_internal::send_action|10523:: send_action selenium status: False
2025-12-08 08:30:18,719-DEBUG-root-28204::webapp_internal::SetButton|4683:: ***System Info*** After Clicking on button:
2025-12-08 08:30:18,719-DEBUG-root-28204::psutil_info::system_info|5:: CPU USAGE: 4.5%
2025-12-08 08:30:18,719-DEBUG-root-28204::psutil_info::system_info|6:: MEMORY USAGE: 87.4%
2025-12-08 08:30:18,720-DEBUG-root-28204::psutil_info::system_info|7:: MEMORY AVAILABLE: 12.56%
2025-12-08 08:30:18,720-DEBUG-root-28204::webapp_internal::wait_element|7623:: Waiting for element
2025-12-08 08:30:18,813-INFO-root-28204::webapp_internal::SetLateralMenu|4184:: Navigating lateral menu: Atualizações > Gestao de Viagens > Solicitações
2025-12-08 08:30:18,824-DEBUG-root-28204::webapp_internal::wait_element|7623:: Waiting for element
2025-12-08 08:30:18,866-DEBUG-root-28204::webapp_internal::wait_element|7653:: Element found! Waiting for element to be displayed.
2025-12-08 08:30:19,025-INFO-root-28204::webapp_internal::SetLateralMenu|4203:: Menu item: "Atualizações"
2025-12-08 08:30:19,026-DEBUG-root-28204::webapp_internal::wait_blocker|2444:: Waiting blocker to continue...
2025-12-08 08:30:19,083-DEBUG-root-28204::webapp_internal::wait_blocker|2469:: Blocker status: False
2025-12-08 08:30:19,492-DEBUG-root-28204::webapp_internal::wait_element_timeout|7726:: Element found! Waiting for element to be displayed.
2025-12-08 08:30:19,848-DEBUG-root-28204::webapp_internal::wait_blocker|2444:: Waiting blocker to continue...
2025-12-08 08:30:19,912-DEBUG-root-28204::webapp_internal::wait_blocker|2469:: Blocker status: False
2025-12-08 08:30:22,202-INFO-root-28204::webapp_internal::SetLateralMenu|4203:: Menu item: "Gestao de Viagens"
2025-12-08 08:30:22,202-DEBUG-root-28204::webapp_internal::wait_blocker|2444:: Waiting blocker to continue...
2025-12-08 08:30:22,288-DEBUG-root-28204::webapp_internal::wait_blocker|2469:: Blocker status: False
2025-12-08 08:30:23,102-DEBUG-root-28204::webapp_internal::wait_element_timeout|7726:: Element found! Waiting for element to be displayed.
2025-12-08 08:30:23,828-DEBUG-root-28204::webapp_internal::wait_blocker|2444:: Waiting blocker to continue...
2025-12-08 08:30:23,920-DEBUG-root-28204::webapp_internal::wait_blocker|2469:: Blocker status: False
2025-12-08 08:30:26,217-INFO-root-28204::webapp_internal::SetLateralMenu|4203:: Menu item: "Solicitações"
2025-12-08 08:30:26,217-DEBUG-root-28204::webapp_internal::wait_blocker|2444:: Waiting blocker to continue...
2025-12-08 08:30:26,301-DEBUG-root-28204::webapp_internal::wait_blocker|2469:: Blocker status: False
2025-12-08 08:30:27,130-DEBUG-root-28204::webapp_internal::wait_element_timeout|7726:: Element found! Waiting for element to be displayed.
2025-12-08 08:30:27,970-DEBUG-root-28204::webapp_internal::wait_blocker|2444:: Waiting blocker to continue...
2025-12-08 08:30:28,044-DEBUG-root-28204::webapp_internal::wait_blocker|2469:: Blocker status: False
2025-12-08 08:30:31,446-DEBUG-root-28204::webapp_internal::wait_blocker|2444:: Waiting blocker to continue...
2025-12-08 08:30:31,528-DEBUG-root-28204::webapp_internal::wait_blocker|2469:: Blocker status: False
2025-12-08 08:30:31,606-INFO-root-28204::webapp_internal::WaitShow|4980:: Waiting show text 'Este ambiente utiliza base de Homologação.'...
2025-12-08 08:30:37,412-INFO-root-28204::webapp_internal::WaitShow|4980:: Waiting show text 'Moedas'...
2025-12-08 08:30:42,923-INFO-root-28204::webapp_internal::WaitShow|4980:: Waiting show text 'Solicitação de Viagens/Treinamento'...
2025-12-08 08:30:42,976-INFO-root-28204::webapp_internal::WaitShow|4996:: Text found! 
2025-12-08 08:30:42,976-INFO-root-28204::webapp_internal::SetButton|4444:: Clicking on Incluir
2025-12-08 08:30:42,976-DEBUG-root-28204::webapp_internal::wait_blocker|2444:: Waiting blocker to continue...
2025-12-08 08:30:43,069-DEBUG-root-28204::webapp_internal::wait_blocker|2469:: Blocker status: False
2025-12-08 08:30:43,442-DEBUG-root-28204::webapp_internal::wait_element_timeout|7726:: Element found! Waiting for element to be displayed.
2025-12-08 08:30:43,694-DEBUG-root-28204::webapp_internal::SetButton|4481:: ***System Info*** Before Clicking on button:Incluir
2025-12-08 08:30:43,695-DEBUG-root-28204::psutil_info::system_info|5:: CPU USAGE: 7.7%
2025-12-08 08:30:43,695-DEBUG-root-28204::psutil_info::system_info|6:: MEMORY USAGE: 88.6%
2025-12-08 08:30:43,695-DEBUG-root-28204::psutil_info::system_info|7:: MEMORY AVAILABLE: 11.35%
2025-12-08 08:30:44,063-DEBUG-root-28204::webapp_internal::wait_element_timeout|7726:: Element found! Waiting for element to be displayed.
2025-12-08 08:30:44,393-DEBUG-root-28204::webapp_internal::wait_blocker|2444:: Waiting blocker to continue...
2025-12-08 08:30:44,490-DEBUG-root-28204::webapp_internal::wait_blocker|2469:: Blocker status: False
2025-12-08 08:30:44,510-DEBUG-root-28204::webapp_internal::wait_blocker|2444:: Waiting blocker to continue...
2025-12-08 08:30:44,600-DEBUG-root-28204::webapp_internal::wait_blocker|2469:: Blocker status: False
2025-12-08 08:30:44,600-DEBUG-root-28204::webapp_internal::send_action|10480:: Trying to send action
2025-12-08 08:30:44,603-DEBUG-root-28204::base::click|192:: Click Type: ClickType.JS
2025-12-08 08:30:45,819-DEBUG-root-28204::webapp_internal::send_action|10522:: send_action method result = True
2025-12-08 08:30:45,819-DEBUG-root-28204::webapp_internal::send_action|10523:: send_action selenium status: True
2025-12-08 08:30:45,819-DEBUG-root-28204::webapp_internal::SetButton|4683:: ***System Info*** After Clicking on button:
2025-12-08 08:30:45,820-DEBUG-root-28204::psutil_info::system_info|5:: CPU USAGE: 8.7%
2025-12-08 08:30:45,820-DEBUG-root-28204::psutil_info::system_info|6:: MEMORY USAGE: 88.1%
2025-12-08 08:30:45,820-DEBUG-root-28204::psutil_info::system_info|7:: MEMORY AVAILABLE: 11.91%
2025-12-08 08:30:46,021-DEBUG-root-28204::webapp_internal::wait_blocker|2444:: Waiting blocker to continue...
2025-12-08 08:30:46,114-DEBUG-root-28204::webapp_internal::wait_blocker|2469:: Blocker status: False
2025-12-08 08:30:46,114-INFO-root-28204::webapp_internal::SearchBrowse|2003:: Searching: 02DF0001
2025-12-08 08:30:46,270-DEBUG-root-28204::webapp_internal::wait_element_timeout|7726:: Element found! Waiting for element to be displayed.
2025-12-08 08:30:46,355-DEBUG-root-28204::webapp_internal::wait_blocker|2444:: Waiting blocker to continue...
2025-12-08 08:30:46,452-DEBUG-root-28204::webapp_internal::wait_blocker|2469:: Blocker status: False
2025-12-08 08:30:46,459-DEBUG-root-28204::webapp_internal::wait_blocker|2444:: Waiting blocker to continue...
2025-12-08 08:30:46,556-DEBUG-root-28204::webapp_internal::wait_blocker|2469:: Blocker status: False
2025-12-08 08:30:46,556-INFO-root-28204::webapp_internal::fill_search_browse|2399:: Filling: 02DF0001
2025-12-08 08:30:46,568-DEBUG-root-28204::base::click|192:: Click Type: ClickType.JS
2025-12-08 08:30:47,652-DEBUG-root-28204::webapp_internal::wait_blocker|2444:: Waiting blocker to continue...
2025-12-08 08:30:47,755-DEBUG-root-28204::webapp_internal::wait_blocker|2469:: Blocker status: False
2025-12-08 08:30:47,757-DEBUG-root-28204::base::double_click|259:: Click Type: ClickType.SELENIUM
2025-12-08 08:30:47,762-WARNING-root-28204::base::double_click|280:: Warning double_click method Exception: Message: Element <button class="button-image" type="button"> is not clickable at point (1258,360) because another element <wa-button id="COMP6023" class="dict-tbutton focus"> obscures it
Stacktrace:
RemoteError@chrome://remote/content/shared/RemoteError.sys.mjs:8:8
WebDriverError@chrome://remote/content/shared/webdriver/Errors.sys.mjs:202:5
ElementClickInterceptedError@chrome://remote/content/shared/webdriver/Errors.sys.mjs:354:5
webdriverClickElement@chrome://remote/content/marionette/interaction.sys.mjs:175:11
interaction.clickElement@chrome://remote/content/marionette/interaction.sys.mjs:134:11
clickElement@chrome://remote/content/marionette/actors/MarionetteCommandsChild.sys.mjs:327:29
receiveMessage@chrome://remote/content/marionette/actors/MarionetteCommandsChild.sys.mjs:210:31

2025-12-08 08:30:48,071-INFO-root-28204::webapp_internal::SetButton|4444:: Clicking on OK
2025-12-08 08:30:48,071-DEBUG-root-28204::webapp_internal::wait_blocker|2444:: Waiting blocker to continue...
2025-12-08 08:30:48,189-DEBUG-root-28204::webapp_internal::wait_blocker|2469:: Blocker status: False
2025-12-08 08:30:48,491-DEBUG-root-28204::webapp_internal::wait_element_timeout|7726:: Element found! Waiting for element to be displayed.
2025-12-08 08:30:48,689-DEBUG-root-28204::webapp_internal::SetButton|4481:: ***System Info*** Before Clicking on button:OK
2025-12-08 08:30:48,689-DEBUG-root-28204::psutil_info::system_info|5:: CPU USAGE: 7.4%
2025-12-08 08:30:48,690-DEBUG-root-28204::psutil_info::system_info|6:: MEMORY USAGE: 88.3%
2025-12-08 08:30:48,690-DEBUG-root-28204::psutil_info::system_info|7:: MEMORY AVAILABLE: 11.73%
2025-12-08 08:30:48,960-DEBUG-root-28204::webapp_internal::wait_element_timeout|7726:: Element found! Waiting for element to be displayed.
2025-12-08 08:30:49,255-DEBUG-root-28204::webapp_internal::wait_blocker|2444:: Waiting blocker to continue...
2025-12-08 08:30:49,352-DEBUG-root-28204::webapp_internal::wait_blocker|2469:: Blocker status: False
2025-12-08 08:30:49,375-DEBUG-root-28204::webapp_internal::wait_blocker|2444:: Waiting blocker to continue...
2025-12-08 08:30:49,473-DEBUG-root-28204::webapp_internal::wait_blocker|2469:: Blocker status: False
2025-12-08 08:30:49,473-DEBUG-root-28204::webapp_internal::send_action|10480:: Trying to send action
2025-12-08 08:30:49,475-DEBUG-root-28204::base::click|192:: Click Type: ClickType.JS
2025-12-08 08:30:51,929-DEBUG-root-28204::webapp_internal::send_action|10522:: send_action method result = True
2025-12-08 08:30:51,929-DEBUG-root-28204::webapp_internal::send_action|10523:: send_action selenium status: True
2025-12-08 08:30:51,930-DEBUG-root-28204::webapp_internal::SetButton|4683:: ***System Info*** After Clicking on button:
2025-12-08 08:30:51,930-DEBUG-root-28204::psutil_info::system_info|5:: CPU USAGE: 9.7%
2025-12-08 08:30:51,930-DEBUG-root-28204::psutil_info::system_info|6:: MEMORY USAGE: 88.3%
2025-12-08 08:30:51,931-DEBUG-root-28204::psutil_info::system_info|7:: MEMORY AVAILABLE: 11.66%
2025-12-08 08:30:52,132-INFO-root-28204::webapp_internal::WaitShow|4980:: Waiting show text 'Solicitacoes de Viagens - INCLUIR'...
2025-12-08 08:30:52,353-INFO-root-28204::webapp_internal::WaitShow|4996:: Text found! 
2025-12-08 08:30:52,354-DEBUG-root-28204::webapp_internal::wait_blocker|2444:: Waiting blocker to continue...
2025-12-08 08:30:52,490-DEBUG-root-28204::webapp_internal::wait_blocker|2469:: Blocker status: False
2025-12-08 08:30:52,491-DEBUG-root-28204::webapp_internal::wait_element|7623:: Waiting for element
2025-12-08 08:30:52,571-DEBUG-root-28204::webapp_internal::wait_element|7653:: Element found! Waiting for element to be displayed.
2025-12-08 08:30:52,666-INFO-root-28204::webapp_internal::input_value|2941:: Looking for element: ZV3_DESCRI
2025-12-08 08:30:52,851-INFO-root-28204::webapp_internal::input_value|2951:: Element: ZV3_DESCRI Found!
2025-12-08 08:30:52,852-INFO-root-28204::webapp_internal::input_value|2953:: Filling element: ZV3_DESCRI
2025-12-08 08:30:52,877-DEBUG-root-28204::webapp_internal::get_web_value|3232:: Current value:                                                   
2025-12-08 08:30:52,912-DEBUG-root-28204::base::double_click|259:: Click Type: ClickType.SELENIUM
2025-12-08 08:30:53,173-DEBUG-root-28204::webapp_internal::wait_blocker|2444:: Waiting blocker to continue...
2025-12-08 08:30:53,310-DEBUG-root-28204::webapp_internal::wait_blocker|2469:: Blocker status: False
2025-12-08 08:30:53,704-DEBUG-root-28204::webapp_internal::get_web_value|3232:: Current value: USO PARA TESTE AUTOMATIZADO                       
2025-12-08 08:30:53,704-INFO-root-28204::webapp_internal::input_value|3059:: Current field value: USO PARA TESTE AUTOMATIZADO
2025-12-08 08:30:53,735-DEBUG-root-28204::webapp_internal::wait_blocker|2444:: Waiting blocker to continue...
2025-12-08 08:30:53,892-DEBUG-root-28204::webapp_internal::wait_blocker|2469:: Blocker status: False
2025-12-08 08:30:53,892-DEBUG-root-28204::webapp_internal::wait_element|7623:: Waiting for element
2025-12-08 08:30:53,992-DEBUG-root-28204::webapp_internal::wait_element|7653:: Element found! Waiting for element to be displayed.
2025-12-08 08:30:54,061-INFO-root-28204::webapp_internal::input_value|2941:: Looking for element: ZV3_DTINI
2025-12-08 08:30:54,244-INFO-root-28204::webapp_internal::input_value|2951:: Element: ZV3_DTINI Found!
2025-12-08 08:30:54,244-INFO-root-28204::webapp_internal::input_value|2953:: Filling element: ZV3_DTINI
2025-12-08 08:30:54,276-DEBUG-root-28204::webapp_internal::get_web_value|3232:: Current value:   /  /    
2025-12-08 08:30:54,313-DEBUG-root-28204::base::double_click|259:: Click Type: ClickType.SELENIUM
2025-12-08 08:30:54,573-DEBUG-root-28204::webapp_internal::wait_blocker|2444:: Waiting blocker to continue...
2025-12-08 08:30:54,709-DEBUG-root-28204::webapp_internal::wait_blocker|2469:: Blocker status: False
2025-12-08 08:30:55,039-DEBUG-root-28204::webapp_internal::get_web_value|3232:: Current value: 21/12/2025
2025-12-08 08:30:55,039-INFO-root-28204::webapp_internal::input_value|3059:: Current field value: 21122025
2025-12-08 08:30:55,046-DEBUG-root-28204::webapp_internal::wait_blocker|2444:: Waiting blocker to continue...
2025-12-08 08:30:55,185-DEBUG-root-28204::webapp_internal::wait_blocker|2469:: Blocker status: False
2025-12-08 08:30:55,185-DEBUG-root-28204::webapp_internal::wait_element|7623:: Waiting for element
2025-12-08 08:30:55,306-DEBUG-root-28204::webapp_internal::wait_element|7653:: Element found! Waiting for element to be displayed.
2025-12-08 08:30:55,375-INFO-root-28204::webapp_internal::input_value|2941:: Looking for element: ZV3_DTFIM
2025-12-08 08:30:55,539-INFO-root-28204::webapp_internal::input_value|2951:: Element: ZV3_DTFIM Found!
2025-12-08 08:30:55,539-INFO-root-28204::webapp_internal::input_value|2953:: Filling element: ZV3_DTFIM
2025-12-08 08:30:55,571-DEBUG-root-28204::webapp_internal::get_web_value|3232:: Current value:   /  /    
2025-12-08 08:30:55,607-DEBUG-root-28204::base::double_click|259:: Click Type: ClickType.SELENIUM
2025-12-08 08:30:55,853-DEBUG-root-28204::webapp_internal::wait_blocker|2444:: Waiting blocker to continue...
2025-12-08 08:30:55,988-DEBUG-root-28204::webapp_internal::wait_blocker|2469:: Blocker status: False
2025-12-08 08:30:56,322-DEBUG-root-28204::webapp_internal::get_web_value|3232:: Current value: 28/12/2025
2025-12-08 08:30:56,323-INFO-root-28204::webapp_internal::input_value|3059:: Current field value: 28122025
2025-12-08 08:30:57,336-DEBUG-root-28204::webapp_internal::wait_blocker|2444:: Waiting blocker to continue...
2025-12-08 08:30:57,484-DEBUG-root-28204::webapp_internal::wait_blocker|2469:: Blocker status: False
2025-12-08 08:30:57,484-DEBUG-root-28204::webapp_internal::wait_element|7623:: Waiting for element
2025-12-08 08:30:57,574-DEBUG-root-28204::webapp_internal::wait_element|7653:: Element found! Waiting for element to be displayed.
2025-12-08 08:30:57,643-INFO-root-28204::webapp_internal::input_value|2941:: Looking for element: ZV3_CC
2025-12-08 08:30:57,821-INFO-root-28204::webapp_internal::input_value|2951:: Element: ZV3_CC Found!
2025-12-08 08:30:57,821-INFO-root-28204::webapp_internal::input_value|2953:: Filling element: ZV3_CC
2025-12-08 08:30:57,864-DEBUG-root-28204::webapp_internal::get_web_value|3232:: Current value:          
2025-12-08 08:30:57,921-DEBUG-root-28204::base::double_click|259:: Click Type: ClickType.SELENIUM
2025-12-08 08:30:58,171-DEBUG-root-28204::webapp_internal::wait_blocker|2444:: Waiting blocker to continue...
2025-12-08 08:30:58,319-DEBUG-root-28204::webapp_internal::wait_blocker|2469:: Blocker status: False
2025-12-08 08:30:58,662-DEBUG-root-28204::webapp_internal::get_web_value|3232:: Current value: 000000677
2025-12-08 08:30:58,662-INFO-root-28204::webapp_internal::input_value|3059:: Current field value: 000000677
2025-12-08 08:30:58,674-DEBUG-root-28204::webapp_internal::wait_blocker|2444:: Waiting blocker to continue...
2025-12-08 08:30:58,817-DEBUG-root-28204::webapp_internal::wait_blocker|2469:: Blocker status: False
2025-12-08 08:30:58,818-DEBUG-root-28204::webapp_internal::wait_element|7623:: Waiting for element
2025-12-08 08:30:58,903-DEBUG-root-28204::webapp_internal::wait_element|7653:: Element found! Waiting for element to be displayed.
2025-12-08 08:30:58,973-INFO-root-28204::webapp_internal::input_value|2941:: Looking for element: ZV3_TIPO
2025-12-08 08:30:59,127-INFO-root-28204::webapp_internal::input_value|2951:: Element: ZV3_TIPO Found!
2025-12-08 08:30:59,127-INFO-root-28204::webapp_internal::input_value|2953:: Filling element: ZV3_TIPO
2025-12-08 08:31:00,306-INFO-root-28204::base::select_combo|871:: Selected value for combo is: 1 - Servico
2025-12-08 08:31:00,347-DEBUG-root-28204::webapp_internal::wait_blocker|2444:: Waiting blocker to continue...
2025-12-08 08:31:00,480-DEBUG-root-28204::webapp_internal::wait_blocker|2469:: Blocker status: False
2025-12-08 08:31:00,481-DEBUG-root-28204::webapp_internal::wait_element|7623:: Waiting for element
2025-12-08 08:31:00,604-DEBUG-root-28204::webapp_internal::wait_element|7653:: Element found! Waiting for element to be displayed.
2025-12-08 08:31:00,672-INFO-root-28204::webapp_internal::input_value|2941:: Looking for element: ZV3_OBS
2025-12-08 08:31:00,829-INFO-root-28204::webapp_internal::input_value|2951:: Element: ZV3_OBS Found!
2025-12-08 08:31:00,829-INFO-root-28204::webapp_internal::input_value|2953:: Filling element: ZV3_OBS
2025-12-08 08:31:00,858-DEBUG-root-28204::webapp_internal::get_web_value|3232:: Current value: 
2025-12-08 08:31:00,879-DEBUG-root-28204::base::double_click|259:: Click Type: ClickType.SELENIUM
2025-12-08 08:31:01,135-DEBUG-root-28204::webapp_internal::wait_blocker|2444:: Waiting blocker to continue...
2025-12-08 08:31:01,269-DEBUG-root-28204::webapp_internal::wait_blocker|2469:: Blocker status: False
2025-12-08 08:31:01,663-DEBUG-root-28204::webapp_internal::get_web_value|3232:: Current value: TESTE DE SOLICITAÇÃO DE VIAGEM
2025-12-08 08:31:01,663-INFO-root-28204::webapp_internal::input_value|3059:: Current field value: TESTE DE SOLICITAÇÃO DE VIAGEM
2025-12-08 08:31:01,681-DEBUG-root-28204::webapp_internal::wait_blocker|2444:: Waiting blocker to continue...
2025-12-08 08:31:01,830-DEBUG-root-28204::webapp_internal::wait_blocker|2469:: Blocker status: False
2025-12-08 08:31:01,831-INFO-root-28204::webapp_internal::SetKey|5822:: Key pressed: TAB
2025-12-08 08:31:01,831-DEBUG-root-28204::webapp_internal::SetKey|5857:: Trying press key
2025-12-08 08:31:01,977-DEBUG-root-28204::webapp_internal::wait_blocker|2444:: Waiting blocker to continue...
2025-12-08 08:31:02,147-DEBUG-root-28204::webapp_internal::wait_blocker|2469:: Blocker status: False
2025-12-08 08:31:02,182-DEBUG-root-28204::webapp_internal::wait_blocker|2444:: Waiting blocker to continue...
2025-12-08 08:31:02,310-DEBUG-root-28204::webapp_internal::wait_blocker|2469:: Blocker status: False
2025-12-08 08:31:02,310-DEBUG-root-28204::webapp_internal::send_action|10480:: Trying to send action
2025-12-08 08:31:03,357-DEBUG-root-28204::webapp_internal::send_action|10522:: send_action method result = True
2025-12-08 08:31:03,357-DEBUG-root-28204::webapp_internal::send_action|10523:: send_action selenium status: False
2025-12-08 08:31:03,358-DEBUG-root-28204::webapp_internal::wait_element|7623:: Waiting for element
2025-12-08 08:31:03,471-DEBUG-root-28204::webapp_internal::wait_element|7653:: Element found! Waiting for element to be displayed.
2025-12-08 08:31:03,786-DEBUG-root-28204::webapp_internal::wait_blocker|2444:: Waiting blocker to continue...
2025-12-08 08:31:03,945-DEBUG-root-28204::webapp_internal::wait_blocker|2469:: Blocker status: False
2025-12-08 08:31:03,945-INFO-root-28204::webapp_internal::LoadGrid|6298:: Filling grid field: Favorecido
2025-12-08 08:31:03,945-DEBUG-root-28204::webapp_internal::fill_grid|6399:: Grid loading...
2025-12-08 08:31:04,168-DEBUG-root-28204::webapp_internal::fill_grid|6466:: Column found!
2025-12-08 08:31:04,209-DEBUG-root-28204::base::click|192:: Click Type: ClickType.ACTIONCHAINS
2025-12-08 08:31:04,515-DEBUG-root-28204::webapp_internal::fill_grid|6486:: Trying to select cell in grid!
2025-12-08 08:31:04,521-DEBUG-root-28204::base::click|192:: Click Type: ClickType.ACTIONCHAINS
2025-12-08 08:31:04,794-DEBUG-root-28204::webapp_internal::fill_grid|6486:: Trying to select cell in grid!
2025-12-08 08:31:04,796-DEBUG-root-28204::base::click|192:: Click Type: ClickType.ACTIONCHAINS
2025-12-08 08:31:05,091-DEBUG-root-28204::webapp_internal::fill_grid|6486:: Trying to select cell in grid!
2025-12-08 08:31:05,093-DEBUG-root-28204::base::click|192:: Click Type: ClickType.ACTIONCHAINS
2025-12-08 08:31:05,386-DEBUG-root-28204::webapp_internal::fill_grid|6486:: Trying to select cell in grid!
2025-12-08 08:31:05,388-DEBUG-root-28204::base::click|192:: Click Type: ClickType.ACTIONCHAINS
2025-12-08 08:31:05,676-DEBUG-root-28204::webapp_internal::fill_grid|6486:: Trying to select cell in grid!
2025-12-08 08:31:05,678-DEBUG-root-28204::base::click|192:: Click Type: ClickType.ACTIONCHAINS
2025-12-08 08:31:05,976-DEBUG-root-28204::webapp_internal::fill_grid|6486:: Trying to select cell in grid!
2025-12-08 08:31:05,978-DEBUG-root-28204::base::click|192:: Click Type: ClickType.ACTIONCHAINS
2025-12-08 08:31:06,272-DEBUG-root-28204::webapp_internal::fill_grid|6486:: Trying to select cell in grid!
2025-12-08 08:31:06,274-DEBUG-root-28204::base::click|192:: Click Type: ClickType.ACTIONCHAINS
2025-12-08 08:31:06,563-DEBUG-root-28204::webapp_internal::fill_grid|6486:: Trying to select cell in grid!
2025-12-08 08:31:06,568-DEBUG-root-28204::base::click|192:: Click Type: ClickType.ACTIONCHAINS
2025-12-08 08:31:06,860-DEBUG-root-28204::webapp_internal::fill_grid|6486:: Trying to select cell in grid!
2025-12-08 08:31:06,864-DEBUG-root-28204::base::click|192:: Click Type: ClickType.ACTIONCHAINS
2025-12-08 08:31:07,153-DEBUG-root-28204::webapp_internal::fill_grid|6486:: Trying to select cell in grid!
2025-12-08 08:31:07,155-DEBUG-root-28204::base::click|192:: Click Type: ClickType.ACTIONCHAINS
2025-12-08 08:31:07,444-DEBUG-root-28204::webapp_internal::fill_grid|6486:: Trying to select cell in grid!
2025-12-08 08:31:07,452-DEBUG-root-28204::base::click|192:: Click Type: ClickType.ACTIONCHAINS
2025-12-08 08:31:07,738-DEBUG-root-28204::webapp_internal::fill_grid|6486:: Trying to select cell in grid!
2025-12-08 08:31:07,740-DEBUG-root-28204::base::click|192:: Click Type: ClickType.ACTIONCHAINS
2025-12-08 08:31:08,028-DEBUG-root-28204::webapp_internal::fill_grid|6486:: Trying to select cell in grid!
2025-12-08 08:31:08,030-DEBUG-root-28204::base::click|192:: Click Type: ClickType.ACTIONCHAINS
2025-12-08 08:31:08,325-DEBUG-root-28204::webapp_internal::fill_grid|6486:: Trying to select cell in grid!
2025-12-08 08:31:08,326-DEBUG-root-28204::base::click|192:: Click Type: ClickType.ACTIONCHAINS
2025-12-08 08:31:08,621-DEBUG-root-28204::webapp_internal::fill_grid|6486:: Trying to select cell in grid!
2025-12-08 08:31:08,623-DEBUG-root-28204::base::click|192:: Click Type: ClickType.ACTIONCHAINS
2025-12-08 08:31:08,885-DEBUG-root-28204::webapp_internal::fill_grid|6486:: Trying to select cell in grid!
2025-12-08 08:31:08,888-DEBUG-root-28204::base::click|192:: Click Type: ClickType.ACTIONCHAINS
2025-12-08 08:31:09,176-DEBUG-root-28204::webapp_internal::fill_grid|6486:: Trying to select cell in grid!
2025-12-08 08:31:09,180-DEBUG-root-28204::base::click|192:: Click Type: ClickType.ACTIONCHAINS
2025-12-08 08:31:09,473-DEBUG-root-28204::webapp_internal::fill_grid|6486:: Trying to select cell in grid!
2025-12-08 08:31:09,475-DEBUG-root-28204::base::click|192:: Click Type: ClickType.ACTIONCHAINS
2025-12-08 08:31:09,738-DEBUG-root-28204::webapp_internal::fill_grid|6486:: Trying to select cell in grid!
2025-12-08 08:31:09,740-DEBUG-root-28204::base::click|192:: Click Type: ClickType.ACTIONCHAINS
2025-12-08 08:31:10,002-DEBUG-root-28204::webapp_internal::fill_grid|6486:: Trying to select cell in grid!
2025-12-08 08:31:10,005-DEBUG-root-28204::base::click|192:: Click Type: ClickType.ACTIONCHAINS
2025-12-08 08:31:10,294-DEBUG-root-28204::webapp_internal::fill_grid|6486:: Trying to select cell in grid!
2025-12-08 08:31:10,296-DEBUG-root-28204::base::click|192:: Click Type: ClickType.ACTIONCHAINS
2025-12-08 08:31:10,597-DEBUG-root-28204::webapp_internal::fill_grid|6486:: Trying to select cell in grid!
2025-12-08 08:31:10,603-DEBUG-root-28204::base::click|192:: Click Type: ClickType.ACTIONCHAINS
2025-12-08 08:31:10,885-DEBUG-root-28204::webapp_internal::fill_grid|6486:: Trying to select cell in grid!
2025-12-08 08:31:10,887-DEBUG-root-28204::base::click|192:: Click Type: ClickType.ACTIONCHAINS
2025-12-08 08:31:11,178-DEBUG-root-28204::webapp_internal::fill_grid|6486:: Trying to select cell in grid!
2025-12-08 08:31:11,180-DEBUG-root-28204::base::click|192:: Click Type: ClickType.ACTIONCHAINS
2025-12-08 08:31:11,474-DEBUG-root-28204::webapp_internal::fill_grid|6486:: Trying to select cell in grid!
2025-12-08 08:31:11,476-DEBUG-root-28204::base::click|192:: Click Type: ClickType.ACTIONCHAINS
2025-12-08 08:31:11,770-DEBUG-root-28204::webapp_internal::fill_grid|6486:: Trying to select cell in grid!
2025-12-08 08:31:11,771-DEBUG-root-28204::base::click|192:: Click Type: ClickType.ACTIONCHAINS
2025-12-08 08:31:12,035-DEBUG-root-28204::webapp_internal::fill_grid|6486:: Trying to select cell in grid!
2025-12-08 08:31:12,037-DEBUG-root-28204::base::click|192:: Click Type: ClickType.ACTIONCHAINS
2025-12-08 08:31:12,326-DEBUG-root-28204::webapp_internal::fill_grid|6486:: Trying to select cell in grid!
2025-12-08 08:31:12,328-DEBUG-root-28204::base::click|192:: Click Type: ClickType.ACTIONCHAINS
2025-12-08 08:31:12,592-DEBUG-root-28204::webapp_internal::fill_grid|6486:: Trying to select cell in grid!
2025-12-08 08:31:12,594-DEBUG-root-28204::base::click|192:: Click Type: ClickType.ACTIONCHAINS
2025-12-08 08:31:12,892-DEBUG-root-28204::webapp_internal::fill_grid|6486:: Trying to select cell in grid!
2025-12-08 08:31:12,894-DEBUG-root-28204::base::click|192:: Click Type: ClickType.ACTIONCHAINS
2025-12-08 08:31:13,185-DEBUG-root-28204::webapp_internal::fill_grid|6486:: Trying to select cell in grid!
2025-12-08 08:31:13,187-DEBUG-root-28204::base::click|192:: Click Type: ClickType.ACTIONCHAINS
2025-12-08 08:31:13,451-DEBUG-root-28204::webapp_internal::fill_grid|6486:: Trying to select cell in grid!
2025-12-08 08:31:13,454-DEBUG-root-28204::base::click|192:: Click Type: ClickType.ACTIONCHAINS
2025-12-08 08:31:13,742-DEBUG-root-28204::webapp_internal::fill_grid|6486:: Trying to select cell in grid!
2025-12-08 08:31:13,744-DEBUG-root-28204::base::click|192:: Click Type: ClickType.ACTIONCHAINS
2025-12-08 08:31:14,041-DEBUG-root-28204::webapp_internal::fill_grid|6486:: Trying to select cell in grid!
2025-12-08 08:31:14,043-DEBUG-root-28204::base::click|192:: Click Type: ClickType.ACTIONCHAINS
2025-12-08 08:31:14,335-DEBUG-root-28204::webapp_internal::fill_grid|6486:: Trying to select cell in grid!
2025-12-08 08:31:14,337-DEBUG-root-28204::base::click|192:: Click Type: ClickType.ACTIONCHAINS
2025-12-08 08:31:14,627-DEBUG-root-28204::webapp_internal::fill_grid|6486:: Trying to select cell in grid!
2025-12-08 08:31:14,629-DEBUG-root-28204::base::click|192:: Click Type: ClickType.ACTIONCHAINS
2025-12-08 08:31:14,924-DEBUG-root-28204::webapp_internal::fill_grid|6486:: Trying to select cell in grid!
2025-12-08 08:31:14,926-DEBUG-root-28204::base::click|192:: Click Type: ClickType.ACTIONCHAINS
2025-12-08 08:31:15,219-DEBUG-root-28204::webapp_internal::fill_grid|6486:: Trying to select cell in grid!
2025-12-08 08:31:15,222-DEBUG-root-28204::base::click|192:: Click Type: ClickType.ACTIONCHAINS
2025-12-08 08:31:15,512-DEBUG-root-28204::webapp_internal::fill_grid|6486:: Trying to select cell in grid!
2025-12-08 08:31:15,518-DEBUG-root-28204::base::click|192:: Click Type: ClickType.ACTIONCHAINS
2025-12-08 08:31:15,806-DEBUG-root-28204::webapp_internal::fill_grid|6486:: Trying to select cell in grid!
2025-12-08 08:31:15,809-DEBUG-root-28204::base::click|192:: Click Type: ClickType.ACTIONCHAINS
2025-12-08 08:31:16,090-DEBUG-root-28204::webapp_internal::fill_grid|6486:: Trying to select cell in grid!
2025-12-08 08:31:16,091-DEBUG-root-28204::base::click|192:: Click Type: ClickType.ACTIONCHAINS
2025-12-08 08:31:16,356-DEBUG-root-28204::webapp_internal::fill_grid|6486:: Trying to select cell in grid!
2025-12-08 08:31:16,358-DEBUG-root-28204::base::click|192:: Click Type: ClickType.ACTIONCHAINS
2025-12-08 08:31:16,651-DEBUG-root-28204::webapp_internal::fill_grid|6486:: Trying to select cell in grid!
2025-12-08 08:31:16,653-DEBUG-root-28204::base::click|192:: Click Type: ClickType.ACTIONCHAINS
2025-12-08 08:31:16,946-DEBUG-root-28204::webapp_internal::fill_grid|6486:: Trying to select cell in grid!
2025-12-08 08:31:16,947-DEBUG-root-28204::base::click|192:: Click Type: ClickType.ACTIONCHAINS
2025-12-08 08:31:17,226-DEBUG-root-28204::webapp_internal::fill_grid|6486:: Trying to select cell in grid!
2025-12-08 08:31:17,229-DEBUG-root-28204::base::click|192:: Click Type: ClickType.ACTIONCHAINS
2025-12-08 08:31:17,491-DEBUG-root-28204::webapp_internal::fill_grid|6486:: Trying to select cell in grid!
2025-12-08 08:31:17,493-DEBUG-root-28204::base::click|192:: Click Type: ClickType.ACTIONCHAINS
2025-12-08 08:31:17,785-DEBUG-root-28204::webapp_internal::fill_grid|6486:: Trying to select cell in grid!
2025-12-08 08:31:17,787-DEBUG-root-28204::base::click|192:: Click Type: ClickType.ACTIONCHAINS
2025-12-08 08:31:18,052-DEBUG-root-28204::webapp_internal::fill_grid|6486:: Trying to select cell in grid!
2025-12-08 08:31:18,053-DEBUG-root-28204::base::click|192:: Click Type: ClickType.ACTIONCHAINS
2025-12-08 08:31:18,344-DEBUG-root-28204::webapp_internal::fill_grid|6486:: Trying to select cell in grid!
2025-12-08 08:31:18,346-DEBUG-root-28204::base::click|192:: Click Type: ClickType.ACTIONCHAINS
2025-12-08 08:31:18,612-DEBUG-root-28204::webapp_internal::fill_grid|6486:: Trying to select cell in grid!
2025-12-08 08:31:18,618-DEBUG-root-28204::base::click|192:: Click Type: ClickType.ACTIONCHAINS
2025-12-08 08:31:18,905-DEBUG-root-28204::webapp_internal::fill_grid|6486:: Trying to select cell in grid!
2025-12-08 08:31:18,908-DEBUG-root-28204::base::click|192:: Click Type: ClickType.ACTIONCHAINS
2025-12-08 08:31:19,173-DEBUG-root-28204::webapp_internal::fill_grid|6486:: Trying to select cell in grid!
2025-12-08 08:31:19,175-DEBUG-root-28204::base::click|192:: Click Type: ClickType.ACTIONCHAINS
2025-12-08 08:31:19,445-DEBUG-root-28204::webapp_internal::fill_grid|6486:: Trying to select cell in grid!
2025-12-08 08:31:19,451-DEBUG-root-28204::base::click|192:: Click Type: ClickType.ACTIONCHAINS
2025-12-08 08:31:19,737-DEBUG-root-28204::webapp_internal::fill_grid|6486:: Trying to select cell in grid!
2025-12-08 08:31:19,739-DEBUG-root-28204::base::click|192:: Click Type: ClickType.ACTIONCHAINS
2025-12-08 08:31:20,035-DEBUG-root-28204::webapp_internal::fill_grid|6486:: Trying to select cell in grid!
2025-12-08 08:31:20,038-DEBUG-root-28204::base::click|192:: Click Type: ClickType.ACTIONCHAINS
2025-12-08 08:31:20,329-DEBUG-root-28204::webapp_internal::fill_grid|6486:: Trying to select cell in grid!
2025-12-08 08:31:20,334-DEBUG-root-28204::base::click|192:: Click Type: ClickType.ACTIONCHAINS
2025-12-08 08:31:20,626-DEBUG-root-28204::webapp_internal::fill_grid|6486:: Trying to select cell in grid!
2025-12-08 08:31:20,628-DEBUG-root-28204::base::click|192:: Click Type: ClickType.ACTIONCHAINS
2025-12-08 08:31:20,924-DEBUG-root-28204::webapp_internal::fill_grid|6486:: Trying to select cell in grid!
2025-12-08 08:31:20,926-DEBUG-root-28204::base::click|192:: Click Type: ClickType.ACTIONCHAINS
2025-12-08 08:31:21,221-DEBUG-root-28204::webapp_internal::fill_grid|6486:: Trying to select cell in grid!
2025-12-08 08:31:21,223-DEBUG-root-28204::base::click|192:: Click Type: ClickType.ACTIONCHAINS
2025-12-08 08:31:21,513-DEBUG-root-28204::webapp_internal::fill_grid|6486:: Trying to select cell in grid!
2025-12-08 08:31:21,518-DEBUG-root-28204::base::click|192:: Click Type: ClickType.ACTIONCHAINS
2025-12-08 08:31:21,810-DEBUG-root-28204::webapp_internal::fill_grid|6486:: Trying to select cell in grid!
2025-12-08 08:31:21,812-DEBUG-root-28204::base::click|192:: Click Type: ClickType.ACTIONCHAINS
2025-12-08 08:31:22,075-DEBUG-root-28204::webapp_internal::fill_grid|6486:: Trying to select cell in grid!
2025-12-08 08:31:22,078-DEBUG-root-28204::base::click|192:: Click Type: ClickType.ACTIONCHAINS
2025-12-08 08:31:22,374-DEBUG-root-28204::webapp_internal::fill_grid|6486:: Trying to select cell in grid!
2025-12-08 08:31:22,376-DEBUG-root-28204::base::click|192:: Click Type: ClickType.ACTIONCHAINS
2025-12-08 08:31:22,669-DEBUG-root-28204::webapp_internal::fill_grid|6486:: Trying to select cell in grid!
2025-12-08 08:31:22,671-DEBUG-root-28204::base::click|192:: Click Type: ClickType.ACTIONCHAINS
2025-12-08 08:31:22,963-DEBUG-root-28204::webapp_internal::fill_grid|6486:: Trying to select cell in grid!
2025-12-08 08:31:22,968-DEBUG-root-28204::base::click|192:: Click Type: ClickType.ACTIONCHAINS
2025-12-08 08:31:23,260-DEBUG-root-28204::webapp_internal::fill_grid|6486:: Trying to select cell in grid!
2025-12-08 08:31:23,263-DEBUG-root-28204::base::click|192:: Click Type: ClickType.ACTIONCHAINS
2025-12-08 08:31:23,558-DEBUG-root-28204::webapp_internal::fill_grid|6486:: Trying to select cell in grid!
2025-12-08 08:31:23,560-DEBUG-root-28204::base::click|192:: Click Type: ClickType.ACTIONCHAINS
2025-12-08 08:31:23,856-DEBUG-root-28204::webapp_internal::fill_grid|6486:: Trying to select cell in grid!
2025-12-08 08:31:23,859-DEBUG-root-28204::base::click|192:: Click Type: ClickType.ACTIONCHAINS
2025-12-08 08:31:24,151-DEBUG-root-28204::webapp_internal::fill_grid|6486:: Trying to select cell in grid!
2025-12-08 08:31:24,153-DEBUG-root-28204::base::click|192:: Click Type: ClickType.ACTIONCHAINS
2025-12-08 08:31:24,418-DEBUG-root-28204::webapp_internal::fill_grid|6486:: Trying to select cell in grid!
2025-12-08 08:31:24,421-DEBUG-root-28204::base::click|192:: Click Type: ClickType.ACTIONCHAINS
2025-12-08 08:31:24,711-DEBUG-root-28204::webapp_internal::fill_grid|6486:: Trying to select cell in grid!
2025-12-08 08:31:24,713-DEBUG-root-28204::base::click|192:: Click Type: ClickType.ACTIONCHAINS
2025-12-08 08:31:25,008-DEBUG-root-28204::webapp_internal::fill_grid|6486:: Trying to select cell in grid!
2025-12-08 08:31:25,010-DEBUG-root-28204::base::click|192:: Click Type: ClickType.ACTIONCHAINS
2025-12-08 08:31:25,309-DEBUG-root-28204::webapp_internal::fill_grid|6486:: Trying to select cell in grid!
2025-12-08 08:31:25,312-DEBUG-root-28204::base::click|192:: Click Type: ClickType.ACTIONCHAINS
2025-12-08 08:31:25,605-DEBUG-root-28204::webapp_internal::fill_grid|6486:: Trying to select cell in grid!
2025-12-08 08:31:25,608-DEBUG-root-28204::base::click|192:: Click Type: ClickType.ACTIONCHAINS
2025-12-08 08:31:25,902-DEBUG-root-28204::webapp_internal::fill_grid|6486:: Trying to select cell in grid!
2025-12-08 08:31:25,904-DEBUG-root-28204::base::click|192:: Click Type: ClickType.ACTIONCHAINS
2025-12-08 08:31:26,195-DEBUG-root-28204::webapp_internal::fill_grid|6486:: Trying to select cell in grid!
2025-12-08 08:31:26,201-DEBUG-root-28204::base::click|192:: Click Type: ClickType.ACTIONCHAINS
2025-12-08 08:31:26,492-DEBUG-root-28204::webapp_internal::fill_grid|6486:: Trying to select cell in grid!
2025-12-08 08:31:26,493-DEBUG-root-28204::base::click|192:: Click Type: ClickType.ACTIONCHAINS
2025-12-08 08:31:26,791-DEBUG-root-28204::webapp_internal::fill_grid|6486:: Trying to select cell in grid!
2025-12-08 08:31:26,793-DEBUG-root-28204::base::click|192:: Click Type: ClickType.ACTIONCHAINS
2025-12-08 08:31:27,088-DEBUG-root-28204::webapp_internal::fill_grid|6486:: Trying to select cell in grid!
2025-12-08 08:31:27,091-DEBUG-root-28204::base::click|192:: Click Type: ClickType.ACTIONCHAINS
2025-12-08 08:31:27,381-DEBUG-root-28204::webapp_internal::fill_grid|6486:: Trying to select cell in grid!
2025-12-08 08:31:27,384-DEBUG-root-28204::base::click|192:: Click Type: ClickType.ACTIONCHAINS
2025-12-08 08:31:27,645-DEBUG-root-28204::webapp_internal::fill_grid|6486:: Trying to select cell in grid!
2025-12-08 08:31:27,651-DEBUG-root-28204::base::click|192:: Click Type: ClickType.ACTIONCHAINS
2025-12-08 08:31:27,912-DEBUG-root-28204::webapp_internal::fill_grid|6486:: Trying to select cell in grid!
2025-12-08 08:31:27,916-DEBUG-root-28204::base::click|192:: Click Type: ClickType.ACTIONCHAINS
2025-12-08 08:31:28,207-DEBUG-root-28204::webapp_internal::fill_grid|6486:: Trying to select cell in grid!
2025-12-08 08:31:28,209-DEBUG-root-28204::base::click|192:: Click Type: ClickType.ACTIONCHAINS
2025-12-08 08:31:28,492-DEBUG-root-28204::webapp_internal::fill_grid|6486:: Trying to select cell in grid!
2025-12-08 08:31:28,496-DEBUG-root-28204::base::click|192:: Click Type: ClickType.ACTIONCHAINS
2025-12-08 08:31:28,787-DEBUG-root-28204::webapp_internal::fill_grid|6486:: Trying to select cell in grid!
2025-12-08 08:31:28,789-DEBUG-root-28204::base::click|192:: Click Type: ClickType.ACTIONCHAINS
2025-12-08 08:31:29,089-DEBUG-root-28204::webapp_internal::fill_grid|6486:: Trying to select cell in grid!
2025-12-08 08:31:29,093-DEBUG-root-28204::base::click|192:: Click Type: ClickType.ACTIONCHAINS
2025-12-08 08:31:29,380-DEBUG-root-28204::webapp_internal::fill_grid|6486:: Trying to select cell in grid!
2025-12-08 08:31:29,384-DEBUG-root-28204::base::click|192:: Click Type: ClickType.ACTIONCHAINS
2025-12-08 08:31:29,647-DEBUG-root-28204::webapp_internal::fill_grid|6486:: Trying to select cell in grid!
2025-12-08 08:31:29,651-DEBUG-root-28204::base::click|192:: Click Type: ClickType.ACTIONCHAINS
2025-12-08 08:31:29,942-DEBUG-root-28204::webapp_internal::fill_grid|6486:: Trying to select cell in grid!
2025-12-08 08:31:29,944-DEBUG-root-28204::base::click|192:: Click Type: ClickType.ACTIONCHAINS
2025-12-08 08:31:30,240-DEBUG-root-28204::webapp_internal::fill_grid|6486:: Trying to select cell in grid!
2025-12-08 08:31:30,242-DEBUG-root-28204::base::click|192:: Click Type: ClickType.ACTIONCHAINS
2025-12-08 08:31:30,536-DEBUG-root-28204::webapp_internal::fill_grid|6486:: Trying to select cell in grid!
2025-12-08 08:31:30,538-DEBUG-root-28204::base::click|192:: Click Type: ClickType.ACTIONCHAINS
2025-12-08 08:31:30,804-DEBUG-root-28204::webapp_internal::fill_grid|6486:: Trying to select cell in grid!
2025-12-08 08:31:30,806-DEBUG-root-28204::base::click|192:: Click Type: ClickType.ACTIONCHAINS
2025-12-08 08:31:31,096-DEBUG-root-28204::webapp_internal::fill_grid|6486:: Trying to select cell in grid!
2025-12-08 08:31:31,102-DEBUG-root-28204::base::click|192:: Click Type: ClickType.ACTIONCHAINS
2025-12-08 08:31:31,392-DEBUG-root-28204::webapp_internal::fill_grid|6486:: Trying to select cell in grid!
2025-12-08 08:31:31,394-DEBUG-root-28204::base::click|192:: Click Type: ClickType.ACTIONCHAINS
2025-12-08 08:31:31,687-DEBUG-root-28204::webapp_internal::fill_grid|6486:: Trying to select cell in grid!
2025-12-08 08:31:31,689-DEBUG-root-28204::base::click|192:: Click Type: ClickType.ACTIONCHAINS
2025-12-08 08:31:31,954-DEBUG-root-28204::webapp_internal::fill_grid|6486:: Trying to select cell in grid!
2025-12-08 08:31:31,956-DEBUG-root-28204::base::click|192:: Click Type: ClickType.ACTIONCHAINS
2025-12-08 08:31:32,242-DEBUG-root-28204::webapp_internal::fill_grid|6486:: Trying to select cell in grid!
2025-12-08 08:31:32,244-DEBUG-root-28204::base::click|192:: Click Type: ClickType.ACTIONCHAINS
2025-12-08 08:31:32,538-DEBUG-root-28204::webapp_internal::fill_grid|6486:: Trying to select cell in grid!
2025-12-08 08:31:32,540-DEBUG-root-28204::base::click|192:: Click Type: ClickType.ACTIONCHAINS
2025-12-08 08:31:32,804-DEBUG-root-28204::webapp_internal::fill_grid|6486:: Trying to select cell in grid!
2025-12-08 08:31:32,806-DEBUG-root-28204::base::click|192:: Click Type: ClickType.ACTIONCHAINS
2025-12-08 08:31:33,096-DEBUG-root-28204::webapp_internal::fill_grid|6486:: Trying to select cell in grid!
2025-12-08 08:31:33,102-DEBUG-root-28204::base::click|192:: Click Type: ClickType.ACTIONCHAINS
2025-12-08 08:31:33,391-DEBUG-root-28204::webapp_internal::fill_grid|6486:: Trying to select cell in grid!
2025-12-08 08:31:33,392-DEBUG-root-28204::base::click|192:: Click Type: ClickType.ACTIONCHAINS
2025-12-08 08:31:33,671-DEBUG-root-28204::webapp_internal::fill_grid|6486:: Trying to select cell in grid!
2025-12-08 08:31:33,672-DEBUG-root-28204::base::click|192:: Click Type: ClickType.ACTIONCHAINS
2025-12-08 08:31:33,967-DEBUG-root-28204::webapp_internal::fill_grid|6486:: Trying to select cell in grid!
2025-12-08 08:31:33,970-DEBUG-root-28204::base::click|192:: Click Type: ClickType.ACTIONCHAINS
2025-12-08 08:31:34,258-DEBUG-root-28204::webapp_internal::fill_grid|6486:: Trying to select cell in grid!
2025-12-08 08:31:34,259-DEBUG-root-28204::base::click|192:: Click Type: ClickType.ACTIONCHAINS
2025-12-08 08:31:34,540-DEBUG-root-28204::webapp_internal::fill_grid|6486:: Trying to select cell in grid!
2025-12-08 08:31:34,542-DEBUG-root-28204::base::click|192:: Click Type: ClickType.ACTIONCHAINS
2025-12-08 08:31:34,833-DEBUG-root-28204::webapp_internal::fill_grid|6486:: Trying to select cell in grid!
2025-12-08 08:31:34,835-DEBUG-root-28204::base::click|192:: Click Type: ClickType.ACTIONCHAINS
2025-12-08 08:31:35,124-DEBUG-root-28204::webapp_internal::fill_grid|6486:: Trying to select cell in grid!
2025-12-08 08:31:35,126-DEBUG-root-28204::base::click|192:: Click Type: ClickType.ACTIONCHAINS
2025-12-08 08:31:35,395-DEBUG-root-28204::webapp_internal::fill_grid|6486:: Trying to select cell in grid!
2025-12-08 08:31:35,397-DEBUG-root-28204::base::click|192:: Click Type: ClickType.ACTIONCHAINS
2025-12-08 08:31:35,685-DEBUG-root-28204::webapp_internal::fill_grid|6486:: Trying to select cell in grid!
2025-12-08 08:31:35,686-DEBUG-root-28204::base::click|192:: Click Type: ClickType.ACTIONCHAINS
2025-12-08 08:31:35,978-DEBUG-root-28204::webapp_internal::fill_grid|6486:: Trying to select cell in grid!
2025-12-08 08:31:35,980-DEBUG-root-28204::base::click|192:: Click Type: ClickType.ACTIONCHAINS
2025-12-08 08:31:36,273-DEBUG-root-28204::webapp_internal::fill_grid|6486:: Trying to select cell in grid!
2025-12-08 08:31:36,276-DEBUG-root-28204::base::click|192:: Click Type: ClickType.ACTIONCHAINS
2025-12-08 08:31:36,557-DEBUG-root-28204::webapp_internal::fill_grid|6486:: Trying to select cell in grid!
2025-12-08 08:31:36,559-DEBUG-root-28204::base::click|192:: Click Type: ClickType.ACTIONCHAINS
2025-12-08 08:31:36,851-DEBUG-root-28204::webapp_internal::fill_grid|6486:: Trying to select cell in grid!
2025-12-08 08:31:36,854-DEBUG-root-28204::base::click|192:: Click Type: ClickType.ACTIONCHAINS
2025-12-08 08:31:37,119-DEBUG-root-28204::webapp_internal::fill_grid|6486:: Trying to select cell in grid!
2025-12-08 08:31:37,121-DEBUG-root-28204::base::click|192:: Click Type: ClickType.ACTIONCHAINS
2025-12-08 08:31:37,401-DEBUG-root-28204::webapp_internal::fill_grid|6486:: Trying to select cell in grid!
2025-12-08 08:31:37,404-DEBUG-root-28204::base::click|192:: Click Type: ClickType.ACTIONCHAINS
2025-12-08 08:31:37,690-DEBUG-root-28204::webapp_internal::fill_grid|6486:: Trying to select cell in grid!
2025-12-08 08:31:37,691-DEBUG-root-28204::base::click|192:: Click Type: ClickType.ACTIONCHAINS
2025-12-08 08:31:37,972-DEBUG-root-28204::webapp_internal::fill_grid|6486:: Trying to select cell in grid!
2025-12-08 08:31:37,974-DEBUG-root-28204::base::click|192:: Click Type: ClickType.ACTIONCHAINS
2025-12-08 08:31:38,263-DEBUG-root-28204::webapp_internal::fill_grid|6486:: Trying to select cell in grid!
2025-12-08 08:31:38,268-DEBUG-root-28204::base::click|192:: Click Type: ClickType.ACTIONCHAINS
2025-12-08 08:31:38,559-DEBUG-root-28204::webapp_internal::fill_grid|6486:: Trying to select cell in grid!
2025-12-08 08:31:38,561-DEBUG-root-28204::base::click|192:: Click Type: ClickType.ACTIONCHAINS
2025-12-08 08:31:38,855-DEBUG-root-28204::webapp_internal::fill_grid|6486:: Trying to select cell in grid!
2025-12-08 08:31:38,857-DEBUG-root-28204::base::click|192:: Click Type: ClickType.ACTIONCHAINS
2025-12-08 08:31:39,120-DEBUG-root-28204::webapp_internal::fill_grid|6486:: Trying to select cell in grid!
2025-12-08 08:31:39,122-DEBUG-root-28204::base::click|192:: Click Type: ClickType.ACTIONCHAINS
2025-12-08 08:31:39,387-DEBUG-root-28204::webapp_internal::fill_grid|6486:: Trying to select cell in grid!
2025-12-08 08:31:39,389-DEBUG-root-28204::base::click|192:: Click Type: ClickType.ACTIONCHAINS
2025-12-08 08:31:39,679-DEBUG-root-28204::webapp_internal::fill_grid|6486:: Trying to select cell in grid!
2025-12-08 08:31:39,684-DEBUG-root-28204::base::click|192:: Click Type: ClickType.ACTIONCHAINS
2025-12-08 08:31:39,974-DEBUG-root-28204::webapp_internal::fill_grid|6486:: Trying to select cell in grid!
2025-12-08 08:31:39,975-DEBUG-root-28204::base::click|192:: Click Type: ClickType.ACTIONCHAINS
2025-12-08 08:31:40,257-DEBUG-root-28204::webapp_internal::fill_grid|6486:: Trying to select cell in grid!
2025-12-08 08:31:40,259-DEBUG-root-28204::base::click|192:: Click Type: ClickType.ACTIONCHAINS
2025-12-08 08:31:40,547-DEBUG-root-28204::webapp_internal::fill_grid|6486:: Trying to select cell in grid!
2025-12-08 08:31:40,551-DEBUG-root-28204::base::click|192:: Click Type: ClickType.ACTIONCHAINS
2025-12-08 08:31:40,842-DEBUG-root-28204::webapp_internal::fill_grid|6486:: Trying to select cell in grid!
2025-12-08 08:31:40,844-DEBUG-root-28204::base::click|192:: Click Type: ClickType.ACTIONCHAINS
2025-12-08 08:31:41,135-DEBUG-root-28204::webapp_internal::fill_grid|6486:: Trying to select cell in grid!
2025-12-08 08:31:41,137-DEBUG-root-28204::base::click|192:: Click Type: ClickType.ACTIONCHAINS
2025-12-08 08:31:41,426-DEBUG-root-28204::webapp_internal::fill_grid|6486:: Trying to select cell in grid!
2025-12-08 08:31:41,428-DEBUG-root-28204::base::click|192:: Click Type: ClickType.ACTIONCHAINS
2025-12-08 08:31:41,722-DEBUG-root-28204::webapp_internal::fill_grid|6486:: Trying to select cell in grid!
2025-12-08 08:31:41,724-DEBUG-root-28204::base::click|192:: Click Type: ClickType.ACTIONCHAINS
2025-12-08 08:31:42,013-DEBUG-root-28204::webapp_internal::fill_grid|6486:: Trying to select cell in grid!
2025-12-08 08:31:42,018-DEBUG-root-28204::base::click|192:: Click Type: ClickType.ACTIONCHAINS
2025-12-08 08:31:42,308-DEBUG-root-28204::webapp_internal::fill_grid|6486:: Trying to select cell in grid!
2025-12-08 08:31:42,310-DEBUG-root-28204::base::click|192:: Click Type: ClickType.ACTIONCHAINS
2025-12-08 08:31:42,605-DEBUG-root-28204::webapp_internal::fill_grid|6486:: Trying to select cell in grid!
2025-12-08 08:31:42,607-DEBUG-root-28204::base::click|192:: Click Type: ClickType.ACTIONCHAINS
2025-12-08 08:31:42,871-DEBUG-root-28204::webapp_internal::fill_grid|6486:: Trying to select cell in grid!
2025-12-08 08:31:42,873-DEBUG-root-28204::base::click|192:: Click Type: ClickType.ACTIONCHAINS
2025-12-08 08:31:43,163-DEBUG-root-28204::webapp_internal::fill_grid|6486:: Trying to select cell in grid!
2025-12-08 08:31:43,168-DEBUG-root-28204::base::click|192:: Click Type: ClickType.ACTIONCHAINS
2025-12-08 08:31:43,457-DEBUG-root-28204::webapp_internal::fill_grid|6486:: Trying to select cell in grid!
2025-12-08 08:31:43,459-DEBUG-root-28204::base::click|192:: Click Type: ClickType.ACTIONCHAINS
2025-12-08 08:31:43,742-DEBUG-root-28204::webapp_internal::fill_grid|6486:: Trying to select cell in grid!
2025-12-08 08:31:43,743-DEBUG-root-28204::base::click|192:: Click Type: ClickType.ACTIONCHAINS
2025-12-08 08:31:44,039-DEBUG-root-28204::webapp_internal::fill_grid|6486:: Trying to select cell in grid!
2025-12-08 08:31:44,041-DEBUG-root-28204::base::click|192:: Click Type: ClickType.ACTIONCHAINS
2025-12-08 08:31:44,306-DEBUG-root-28204::webapp_internal::fill_grid|6486:: Trying to select cell in grid!
2025-12-08 08:31:44,309-DEBUG-root-28204::base::click|192:: Click Type: ClickType.ACTIONCHAINS
2025-12-08 08:31:49,769-DEBUG-root-28204::webapp_internal::fill_grid|6498:: Trying open cell in grid!
2025-12-08 08:31:50,059-DEBUG-root-28204::webapp_internal::wait_blocker|2444:: Waiting blocker to continue...
2025-12-08 08:31:50,208-DEBUG-root-28204::webapp_internal::wait_blocker|2469:: Blocker status: False
2025-12-08 08:31:50,395-DEBUG-root-28204::webapp_internal::wait_element_timeout|7726:: Element found! Waiting for element to be displayed.
2025-12-08 08:31:50,763-DEBUG-root-28204::webapp_internal::fill_grid|6577:: Sending keys: 227884
2025-12-08 08:31:51,079-DEBUG-root-28204::webapp_internal::wait_blocker|2444:: Waiting blocker to continue...
2025-12-08 08:31:51,223-DEBUG-root-28204::webapp_internal::wait_blocker|2469:: Blocker status: False
2025-12-08 08:31:51,377-DEBUG-root-28204::webapp_internal::wait_element_timeout|7726:: Element found! Waiting for element to be displayed.
2025-12-08 08:31:51,687-INFO-root-28204::webapp_internal::ClickFolder|5081:: Clicking on folder: Transporte
2025-12-08 08:31:51,687-DEBUG-root-28204::webapp_internal::wait_blocker|2444:: Waiting blocker to continue...
2025-12-08 08:31:51,812-DEBUG-root-28204::webapp_internal::wait_blocker|2469:: Blocker status: False
2025-12-08 08:31:51,847-DEBUG-root-28204::webapp_internal::wait_element|7623:: Waiting for element
2025-12-08 08:31:52,120-DEBUG-root-28204::webapp_internal::wait_element|7653:: Element found! Waiting for element to be displayed.
2025-12-08 08:31:53,660-DEBUG-root-28204::webapp_internal::wait_blocker|2444:: Waiting blocker to continue...
2025-12-08 08:31:53,844-DEBUG-root-28204::webapp_internal::wait_blocker|2469:: Blocker status: False
2025-12-08 08:31:53,844-INFO-root-28204::webapp_internal::SetKey|5822:: Key pressed: TAB
2025-12-08 08:31:53,844-DEBUG-root-28204::webapp_internal::SetKey|5857:: Trying press key
2025-12-08 08:31:53,844-DEBUG-root-28204::webapp_internal::wait_element|7623:: Waiting for element
2025-12-08 08:31:53,947-DEBUG-root-28204::webapp_internal::wait_element|7653:: Element found! Waiting for element to be displayed.
2025-12-08 08:31:54,210-DEBUG-root-28204::webapp_internal::wait_blocker|2444:: Waiting blocker to continue...
2025-12-08 08:31:54,341-DEBUG-root-28204::webapp_internal::wait_blocker|2469:: Blocker status: False
2025-12-08 08:31:54,341-INFO-root-28204::webapp_internal::LoadGrid|6298:: Filling grid field: Tipo
2025-12-08 08:31:54,341-DEBUG-root-28204::webapp_internal::fill_grid|6399:: Grid loading...
2025-12-08 08:31:54,674-DEBUG-root-28204::webapp_internal::fill_grid|6466:: Column found!
2025-12-08 08:31:54,723-DEBUG-root-28204::base::click|192:: Click Type: ClickType.ACTIONCHAINS
2025-12-08 08:32:00,129-DEBUG-root-28204::webapp_internal::fill_grid|6498:: Trying open cell in grid!
2025-12-08 08:32:00,418-DEBUG-root-28204::webapp_internal::wait_blocker|2444:: Waiting blocker to continue...
2025-12-08 08:32:00,584-DEBUG-root-28204::webapp_internal::wait_blocker|2469:: Blocker status: False
2025-12-08 08:32:00,774-DEBUG-root-28204::webapp_internal::wait_element_timeout|7726:: Element found! Waiting for element to be displayed.
2025-12-08 08:32:02,140-INFO-root-28204::base::select_combo|871:: Selected value for combo is: 1 - Aereo
2025-12-08 08:32:02,309-DEBUG-root-28204::webapp_internal::wait_blocker|2444:: Waiting blocker to continue...
2025-12-08 08:32:02,441-DEBUG-root-28204::webapp_internal::wait_blocker|2469:: Blocker status: False
2025-12-08 08:32:02,471-DEBUG-root-28204::webapp_internal::wait_blocker|2444:: Waiting blocker to continue...
2025-12-08 08:32:02,671-DEBUG-root-28204::webapp_internal::wait_blocker|2469:: Blocker status: False
2025-12-08 08:32:02,671-DEBUG-root-28204::webapp_internal::send_action|10480:: Trying to send action
2025-12-08 08:32:03,709-DEBUG-root-28204::webapp_internal::send_action|10522:: send_action method result = True
2025-12-08 08:32:03,709-DEBUG-root-28204::webapp_internal::send_action|10523:: send_action selenium status: False
2025-12-08 08:32:03,709-DEBUG-root-28204::webapp_internal::wait_blocker|2444:: Waiting blocker to continue...
2025-12-08 08:32:03,843-DEBUG-root-28204::webapp_internal::wait_blocker|2469:: Blocker status: False
2025-12-08 08:32:03,843-INFO-root-28204::webapp_internal::SetKey|5822:: Key pressed: TAB
2025-12-08 08:32:03,843-DEBUG-root-28204::webapp_internal::SetKey|5857:: Trying press key
2025-12-08 08:32:03,843-DEBUG-root-28204::webapp_internal::wait_element|7623:: Waiting for element
2025-12-08 08:32:03,942-DEBUG-root-28204::webapp_internal::wait_element|7653:: Element found! Waiting for element to be displayed.
2025-12-08 08:32:04,197-DEBUG-root-28204::webapp_internal::wait_blocker|2444:: Waiting blocker to continue...
2025-12-08 08:32:04,326-DEBUG-root-28204::webapp_internal::wait_blocker|2469:: Blocker status: False
2025-12-08 08:32:04,326-INFO-root-28204::webapp_internal::LoadGrid|6298:: Filling grid field: Partida
2025-12-08 08:32:04,326-DEBUG-root-28204::webapp_internal::fill_grid|6399:: Grid loading...
2025-12-08 08:32:04,706-DEBUG-root-28204::webapp_internal::fill_grid|6466:: Column found!
2025-12-08 08:32:04,748-DEBUG-root-28204::base::click|192:: Click Type: ClickType.ACTIONCHAINS
2025-12-08 08:32:10,136-DEBUG-root-28204::webapp_internal::fill_grid|6498:: Trying open cell in grid!
2025-12-08 08:32:10,425-DEBUG-root-28204::webapp_internal::wait_blocker|2444:: Waiting blocker to continue...
2025-12-08 08:32:10,587-DEBUG-root-28204::webapp_internal::wait_blocker|2469:: Blocker status: False
2025-12-08 08:32:10,775-DEBUG-root-28204::webapp_internal::wait_element_timeout|7726:: Element found! Waiting for element to be displayed.
2025-12-08 08:32:11,159-DEBUG-root-28204::webapp_internal::fill_grid|6577:: Sending keys: 21/12/2025
2025-12-08 08:32:11,470-DEBUG-root-28204::webapp_internal::wait_blocker|2444:: Waiting blocker to continue...
2025-12-08 08:32:11,640-DEBUG-root-28204::webapp_internal::wait_blocker|2469:: Blocker status: False
2025-12-08 08:32:17,063-DEBUG-root-28204::webapp_internal::wait_blocker|2444:: Waiting blocker to continue...
2025-12-08 08:32:17,195-DEBUG-root-28204::webapp_internal::wait_blocker|2469:: Blocker status: False
2025-12-08 08:32:17,224-DEBUG-root-28204::webapp_internal::wait_blocker|2444:: Waiting blocker to continue...
2025-12-08 08:32:17,392-DEBUG-root-28204::webapp_internal::wait_blocker|2469:: Blocker status: False
2025-12-08 08:32:17,392-DEBUG-root-28204::webapp_internal::send_action|10480:: Trying to send action
2025-12-08 08:32:18,432-DEBUG-root-28204::webapp_internal::send_action|10522:: send_action method result = True
2025-12-08 08:32:18,432-DEBUG-root-28204::webapp_internal::send_action|10523:: send_action selenium status: False
2025-12-08 08:32:18,433-DEBUG-root-28204::webapp_internal::wait_blocker|2444:: Waiting blocker to continue...
2025-12-08 08:32:18,560-DEBUG-root-28204::webapp_internal::wait_blocker|2469:: Blocker status: False
2025-12-08 08:32:18,560-INFO-root-28204::webapp_internal::SetKey|5822:: Key pressed: TAB
2025-12-08 08:32:18,560-DEBUG-root-28204::webapp_internal::SetKey|5857:: Trying press key
2025-12-08 08:32:18,560-DEBUG-root-28204::webapp_internal::wait_element|7623:: Waiting for element
2025-12-08 08:32:18,656-DEBUG-root-28204::webapp_internal::wait_element|7653:: Element found! Waiting for element to be displayed.
2025-12-08 08:32:18,913-DEBUG-root-28204::webapp_internal::wait_blocker|2444:: Waiting blocker to continue...
2025-12-08 08:32:19,042-DEBUG-root-28204::webapp_internal::wait_blocker|2469:: Blocker status: False
2025-12-08 08:32:19,042-INFO-root-28204::webapp_internal::LoadGrid|6298:: Filling grid field: Hora Partida
2025-12-08 08:32:19,042-DEBUG-root-28204::webapp_internal::fill_grid|6399:: Grid loading...
2025-12-08 08:32:19,393-DEBUG-root-28204::webapp_internal::fill_grid|6466:: Column found!
2025-12-08 08:32:19,435-DEBUG-root-28204::base::click|192:: Click Type: ClickType.ACTIONCHAINS
2025-12-08 08:32:24,827-DEBUG-root-28204::webapp_internal::fill_grid|6498:: Trying open cell in grid!
2025-12-08 08:32:25,093-DEBUG-root-28204::webapp_internal::wait_blocker|2444:: Waiting blocker to continue...
2025-12-08 08:32:25,245-DEBUG-root-28204::webapp_internal::wait_blocker|2469:: Blocker status: False
2025-12-08 08:32:25,436-DEBUG-root-28204::webapp_internal::wait_element_timeout|7726:: Element found! Waiting for element to be displayed.
2025-12-08 08:32:25,825-DEBUG-root-28204::webapp_internal::fill_grid|6577:: Sending keys: 08:00
2025-12-08 08:32:26,136-DEBUG-root-28204::webapp_internal::wait_blocker|2444:: Waiting blocker to continue...
2025-12-08 08:32:26,286-DEBUG-root-28204::webapp_internal::wait_blocker|2469:: Blocker status: False
2025-12-08 08:32:31,820-DEBUG-root-28204::webapp_internal::wait_blocker|2444:: Waiting blocker to continue...
2025-12-08 08:32:31,945-DEBUG-root-28204::webapp_internal::wait_blocker|2469:: Blocker status: False
2025-12-08 08:32:31,975-DEBUG-root-28204::webapp_internal::wait_blocker|2444:: Waiting blocker to continue...
2025-12-08 08:32:32,103-DEBUG-root-28204::webapp_internal::wait_blocker|2469:: Blocker status: False
2025-12-08 08:32:32,103-DEBUG-root-28204::webapp_internal::send_action|10480:: Trying to send action
2025-12-08 08:32:33,182-DEBUG-root-28204::webapp_internal::send_action|10522:: send_action method result = True
2025-12-08 08:32:33,183-DEBUG-root-28204::webapp_internal::send_action|10523:: send_action selenium status: False
2025-12-08 08:32:33,183-DEBUG-root-28204::webapp_internal::wait_blocker|2444:: Waiting blocker to continue...
2025-12-08 08:32:33,326-DEBUG-root-28204::webapp_internal::wait_blocker|2469:: Blocker status: False
2025-12-08 08:32:33,327-INFO-root-28204::webapp_internal::SetKey|5822:: Key pressed: TAB
2025-12-08 08:32:33,327-DEBUG-root-28204::webapp_internal::SetKey|5857:: Trying press key
2025-12-08 08:32:33,327-DEBUG-root-28204::webapp_internal::wait_element|7623:: Waiting for element
2025-12-08 08:32:33,420-DEBUG-root-28204::webapp_internal::wait_element|7653:: Element found! Waiting for element to be displayed.
2025-12-08 08:32:33,678-DEBUG-root-28204::webapp_internal::wait_blocker|2444:: Waiting blocker to continue...
2025-12-08 08:32:33,830-DEBUG-root-28204::webapp_internal::wait_blocker|2469:: Blocker status: False
2025-12-08 08:32:33,830-INFO-root-28204::webapp_internal::LoadGrid|6298:: Filling grid field: Origem
2025-12-08 08:32:33,830-DEBUG-root-28204::webapp_internal::fill_grid|6399:: Grid loading...
2025-12-08 08:32:34,192-DEBUG-root-28204::webapp_internal::fill_grid|6466:: Column found!
2025-12-08 08:32:34,229-DEBUG-root-28204::base::click|192:: Click Type: ClickType.ACTIONCHAINS
2025-12-08 08:32:39,580-DEBUG-root-28204::webapp_internal::fill_grid|6498:: Trying open cell in grid!
2025-12-08 08:32:39,869-DEBUG-root-28204::webapp_internal::wait_blocker|2444:: Waiting blocker to continue...
2025-12-08 08:32:40,012-DEBUG-root-28204::webapp_internal::wait_blocker|2469:: Blocker status: False
2025-12-08 08:32:40,207-DEBUG-root-28204::webapp_internal::wait_element_timeout|7726:: Element found! Waiting for element to be displayed.
2025-12-08 08:32:40,612-DEBUG-root-28204::webapp_internal::fill_grid|6577:: Sending keys: DF00108
2025-12-08 08:32:40,911-DEBUG-root-28204::webapp_internal::wait_blocker|2444:: Waiting blocker to continue...
2025-12-08 08:32:41,055-DEBUG-root-28204::webapp_internal::wait_blocker|2469:: Blocker status: False
2025-12-08 08:32:41,214-DEBUG-root-28204::webapp_internal::wait_element_timeout|7726:: Element found! Waiting for element to be displayed.
2025-12-08 08:32:41,639-DEBUG-root-28204::webapp_internal::wait_blocker|2444:: Waiting blocker to continue...
2025-12-08 08:32:41,778-DEBUG-root-28204::webapp_internal::wait_blocker|2469:: Blocker status: False
2025-12-08 08:32:41,805-DEBUG-root-28204::webapp_internal::wait_blocker|2444:: Waiting blocker to continue...
2025-12-08 08:32:41,951-DEBUG-root-28204::webapp_internal::wait_blocker|2469:: Blocker status: False
2025-12-08 08:32:41,951-DEBUG-root-28204::webapp_internal::send_action|10480:: Trying to send action
2025-12-08 08:32:42,984-DEBUG-root-28204::webapp_internal::send_action|10522:: send_action method result = True
2025-12-08 08:32:42,986-DEBUG-root-28204::webapp_internal::send_action|10523:: send_action selenium status: False
2025-12-08 08:32:42,986-DEBUG-root-28204::webapp_internal::wait_blocker|2444:: Waiting blocker to continue...
2025-12-08 08:32:43,113-DEBUG-root-28204::webapp_internal::wait_blocker|2469:: Blocker status: False
2025-12-08 08:32:43,113-INFO-root-28204::webapp_internal::SetKey|5822:: Key pressed: TAB
2025-12-08 08:32:43,114-DEBUG-root-28204::webapp_internal::SetKey|5857:: Trying press key
2025-12-08 08:32:43,114-DEBUG-root-28204::webapp_internal::wait_element|7623:: Waiting for element
2025-12-08 08:32:43,209-DEBUG-root-28204::webapp_internal::wait_element|7653:: Element found! Waiting for element to be displayed.
2025-12-08 08:32:43,471-DEBUG-root-28204::webapp_internal::wait_blocker|2444:: Waiting blocker to continue...
2025-12-08 08:32:43,596-DEBUG-root-28204::webapp_internal::wait_blocker|2469:: Blocker status: False
2025-12-08 08:32:43,596-INFO-root-28204::webapp_internal::LoadGrid|6298:: Filling grid field: Destino
2025-12-08 08:32:43,596-DEBUG-root-28204::webapp_internal::fill_grid|6399:: Grid loading...
2025-12-08 08:32:43,947-DEBUG-root-28204::webapp_internal::fill_grid|6466:: Column found!
2025-12-08 08:32:43,985-DEBUG-root-28204::base::click|192:: Click Type: ClickType.ACTIONCHAINS
2025-12-08 08:32:49,391-DEBUG-root-28204::webapp_internal::fill_grid|6498:: Trying open cell in grid!
2025-12-08 08:32:49,679-DEBUG-root-28204::webapp_internal::wait_blocker|2444:: Waiting blocker to continue...
2025-12-08 08:32:49,844-DEBUG-root-28204::webapp_internal::wait_blocker|2469:: Blocker status: False
2025-12-08 08:32:50,037-DEBUG-root-28204::webapp_internal::wait_element_timeout|7726:: Element found! Waiting for element to be displayed.
2025-12-08 08:32:50,388-DEBUG-root-28204::webapp_internal::fill_grid|6577:: Sending keys: GO08707
2025-12-08 08:32:50,706-DEBUG-root-28204::webapp_internal::wait_blocker|2444:: Waiting blocker to continue...
2025-12-08 08:32:50,840-DEBUG-root-28204::webapp_internal::wait_blocker|2469:: Blocker status: False
2025-12-08 08:32:50,994-DEBUG-root-28204::webapp_internal::wait_element_timeout|7726:: Element found! Waiting for element to be displayed.
2025-12-08 08:32:51,463-DEBUG-root-28204::webapp_internal::wait_blocker|2444:: Waiting blocker to continue...
2025-12-08 08:32:51,596-DEBUG-root-28204::webapp_internal::wait_blocker|2469:: Blocker status: False
2025-12-08 08:32:51,625-DEBUG-root-28204::webapp_internal::wait_blocker|2444:: Waiting blocker to continue...
2025-12-08 08:32:51,756-DEBUG-root-28204::webapp_internal::wait_blocker|2469:: Blocker status: False
2025-12-08 08:32:51,756-DEBUG-root-28204::webapp_internal::send_action|10480:: Trying to send action
2025-12-08 08:32:52,794-DEBUG-root-28204::webapp_internal::send_action|10522:: send_action method result = True
2025-12-08 08:32:52,795-DEBUG-root-28204::webapp_internal::send_action|10523:: send_action selenium status: False
2025-12-08 08:32:52,795-DEBUG-root-28204::webapp_internal::wait_blocker|2444:: Waiting blocker to continue...
2025-12-08 08:32:52,979-DEBUG-root-28204::webapp_internal::wait_blocker|2469:: Blocker status: False
2025-12-08 08:32:52,980-INFO-root-28204::webapp_internal::SetKey|5822:: Key pressed: TAB
2025-12-08 08:32:52,980-DEBUG-root-28204::webapp_internal::SetKey|5857:: Trying press key
2025-12-08 08:32:52,980-DEBUG-root-28204::webapp_internal::wait_element|7623:: Waiting for element
2025-12-08 08:32:53,087-DEBUG-root-28204::webapp_internal::wait_element|7653:: Element found! Waiting for element to be displayed.
2025-12-08 08:32:53,354-DEBUG-root-28204::webapp_internal::wait_blocker|2444:: Waiting blocker to continue...
2025-12-08 08:32:53,484-DEBUG-root-28204::webapp_internal::wait_blocker|2469:: Blocker status: False
2025-12-08 08:32:53,484-INFO-root-28204::webapp_internal::LoadGrid|6298:: Filling grid field: Chegada
2025-12-08 08:32:53,484-DEBUG-root-28204::webapp_internal::fill_grid|6399:: Grid loading...
2025-12-08 08:32:53,825-DEBUG-root-28204::webapp_internal::fill_grid|6466:: Column found!
2025-12-08 08:32:53,869-DEBUG-root-28204::base::click|192:: Click Type: ClickType.ACTIONCHAINS
2025-12-08 08:32:59,236-DEBUG-root-28204::webapp_internal::fill_grid|6498:: Trying open cell in grid!
2025-12-08 08:32:59,524-DEBUG-root-28204::webapp_internal::wait_blocker|2444:: Waiting blocker to continue...
2025-12-08 08:32:59,701-DEBUG-root-28204::webapp_internal::wait_blocker|2469:: Blocker status: False
2025-12-08 08:32:59,891-DEBUG-root-28204::webapp_internal::wait_element_timeout|7726:: Element found! Waiting for element to be displayed.
2025-12-08 08:33:00,255-DEBUG-root-28204::webapp_internal::fill_grid|6577:: Sending keys: 21/12/2025
2025-12-08 08:33:00,560-DEBUG-root-28204::webapp_internal::wait_blocker|2444:: Waiting blocker to continue...
2025-12-08 08:33:00,741-DEBUG-root-28204::webapp_internal::wait_blocker|2469:: Blocker status: False
2025-12-08 08:33:06,106-DEBUG-root-28204::webapp_internal::wait_blocker|2444:: Waiting blocker to continue...
2025-12-08 08:33:06,236-DEBUG-root-28204::webapp_internal::wait_blocker|2469:: Blocker status: False
2025-12-08 08:33:06,273-DEBUG-root-28204::webapp_internal::wait_blocker|2444:: Waiting blocker to continue...
2025-12-08 08:33:06,458-DEBUG-root-28204::webapp_internal::wait_blocker|2469:: Blocker status: False
2025-12-08 08:33:06,458-DEBUG-root-28204::webapp_internal::send_action|10480:: Trying to send action
2025-12-08 08:33:07,512-DEBUG-root-28204::webapp_internal::send_action|10522:: send_action method result = True
2025-12-08 08:33:07,512-DEBUG-root-28204::webapp_internal::send_action|10523:: send_action selenium status: False
2025-12-08 08:33:07,513-DEBUG-root-28204::webapp_internal::wait_blocker|2444:: Waiting blocker to continue...
2025-12-08 08:33:07,654-DEBUG-root-28204::webapp_internal::wait_blocker|2469:: Blocker status: False
2025-12-08 08:33:07,655-INFO-root-28204::webapp_internal::SetKey|5822:: Key pressed: TAB
2025-12-08 08:33:07,655-DEBUG-root-28204::webapp_internal::SetKey|5857:: Trying press key
2025-12-08 08:33:07,655-DEBUG-root-28204::webapp_internal::wait_element|7623:: Waiting for element
2025-12-08 08:33:07,752-DEBUG-root-28204::webapp_internal::wait_element|7653:: Element found! Waiting for element to be displayed.
2025-12-08 08:33:08,012-DEBUG-root-28204::webapp_internal::wait_blocker|2444:: Waiting blocker to continue...
2025-12-08 08:33:08,144-DEBUG-root-28204::webapp_internal::wait_blocker|2469:: Blocker status: False
2025-12-08 08:33:08,145-INFO-root-28204::webapp_internal::LoadGrid|6298:: Filling grid field: Hora Chegada
2025-12-08 08:33:08,145-DEBUG-root-28204::webapp_internal::fill_grid|6399:: Grid loading...
2025-12-08 08:33:08,495-DEBUG-root-28204::webapp_internal::fill_grid|6466:: Column found!
2025-12-08 08:33:08,536-DEBUG-root-28204::base::click|192:: Click Type: ClickType.ACTIONCHAINS
2025-12-08 08:33:13,891-DEBUG-root-28204::webapp_internal::fill_grid|6498:: Trying open cell in grid!
2025-12-08 08:33:14,186-DEBUG-root-28204::webapp_internal::wait_blocker|2444:: Waiting blocker to continue...
2025-12-08 08:33:14,341-DEBUG-root-28204::webapp_internal::wait_blocker|2469:: Blocker status: False
2025-12-08 08:33:14,529-DEBUG-root-28204::webapp_internal::wait_element_timeout|7726:: Element found! Waiting for element to be displayed.
2025-12-08 08:33:14,943-DEBUG-root-28204::webapp_internal::fill_grid|6577:: Sending keys: 12:00
2025-12-08 08:33:15,248-DEBUG-root-28204::webapp_internal::wait_blocker|2444:: Waiting blocker to continue...
2025-12-08 08:33:15,394-DEBUG-root-28204::webapp_internal::wait_blocker|2469:: Blocker status: False
2025-12-08 08:33:20,811-DEBUG-root-28204::webapp_internal::wait_blocker|2444:: Waiting blocker to continue...
2025-12-08 08:33:20,940-DEBUG-root-28204::webapp_internal::wait_blocker|2469:: Blocker status: False
2025-12-08 08:33:21,006-DEBUG-root-28204::webapp_internal::wait_blocker|2444:: Waiting blocker to continue...
2025-12-08 08:33:21,134-DEBUG-root-28204::webapp_internal::wait_blocker|2469:: Blocker status: False
2025-12-08 08:33:21,134-DEBUG-root-28204::webapp_internal::send_action|10480:: Trying to send action
2025-12-08 08:33:22,175-DEBUG-root-28204::webapp_internal::send_action|10522:: send_action method result = True
2025-12-08 08:33:22,175-DEBUG-root-28204::webapp_internal::send_action|10523:: send_action selenium status: False
2025-12-08 08:33:22,175-DEBUG-root-28204::webapp_internal::wait_blocker|2444:: Waiting blocker to continue...
2025-12-08 08:33:22,319-DEBUG-root-28204::webapp_internal::wait_blocker|2469:: Blocker status: False
2025-12-08 08:33:22,319-INFO-root-28204::webapp_internal::SetKey|5822:: Key pressed: DOWN
2025-12-08 08:33:22,319-DEBUG-root-28204::webapp_internal::SetKey|5857:: Trying press key
2025-12-08 08:33:24,322-DEBUG-root-28204::webapp_internal::wait_blocker|2444:: Waiting blocker to continue...
2025-12-08 08:33:24,460-DEBUG-root-28204::webapp_internal::wait_blocker|2469:: Blocker status: False
2025-12-08 08:33:24,488-DEBUG-root-28204::webapp_internal::wait_blocker|2444:: Waiting blocker to continue...
2025-12-08 08:33:24,640-DEBUG-root-28204::webapp_internal::wait_blocker|2469:: Blocker status: False
2025-12-08 08:33:24,640-DEBUG-root-28204::webapp_internal::send_action|10480:: Trying to send action
2025-12-08 08:33:25,684-DEBUG-root-28204::webapp_internal::send_action|10522:: send_action method result = True
2025-12-08 08:33:25,685-DEBUG-root-28204::webapp_internal::send_action|10523:: send_action selenium status: False
2025-12-08 08:33:25,685-DEBUG-root-28204::webapp_internal::wait_blocker|2444:: Waiting blocker to continue...
2025-12-08 08:33:25,834-DEBUG-root-28204::webapp_internal::wait_blocker|2469:: Blocker status: False
2025-12-08 08:33:25,834-INFO-root-28204::webapp_internal::SetKey|5822:: Key pressed: TAB
2025-12-08 08:33:25,834-DEBUG-root-28204::webapp_internal::SetKey|5857:: Trying press key
2025-12-08 08:33:25,834-DEBUG-root-28204::webapp_internal::wait_element|7623:: Waiting for element
2025-12-08 08:33:25,925-DEBUG-root-28204::webapp_internal::wait_element|7653:: Element found! Waiting for element to be displayed.
2025-12-08 08:33:26,179-DEBUG-root-28204::webapp_internal::wait_blocker|2444:: Waiting blocker to continue...
2025-12-08 08:33:26,326-DEBUG-root-28204::webapp_internal::wait_blocker|2469:: Blocker status: False
2025-12-08 08:33:26,326-INFO-root-28204::webapp_internal::LoadGrid|6298:: Filling grid field: Tipo
2025-12-08 08:33:26,326-DEBUG-root-28204::webapp_internal::fill_grid|6399:: Grid loading...
2025-12-08 08:33:26,539-DEBUG-root-28204::webapp_internal::fill_grid|6466:: Column found!
2025-12-08 08:33:26,575-DEBUG-root-28204::base::click|192:: Click Type: ClickType.ACTIONCHAINS
2025-12-08 08:33:31,953-DEBUG-root-28204::webapp_internal::fill_grid|6498:: Trying open cell in grid!
2025-12-08 08:33:32,219-DEBUG-root-28204::webapp_internal::wait_blocker|2444:: Waiting blocker to continue...
2025-12-08 08:33:32,360-DEBUG-root-28204::webapp_internal::wait_blocker|2469:: Blocker status: False
2025-12-08 08:33:32,568-DEBUG-root-28204::webapp_internal::wait_element_timeout|7726:: Element found! Waiting for element to be displayed.
2025-12-08 08:33:33,053-DEBUG-root-28204::webapp_internal::wait_blocker|2444:: Waiting blocker to continue...
2025-12-08 08:33:33,195-DEBUG-root-28204::webapp_internal::wait_blocker|2469:: Blocker status: False
2025-12-08 08:33:33,227-DEBUG-root-28204::webapp_internal::wait_blocker|2444:: Waiting blocker to continue...
2025-12-08 08:33:33,358-DEBUG-root-28204::webapp_internal::wait_blocker|2469:: Blocker status: False
2025-12-08 08:33:33,359-DEBUG-root-28204::webapp_internal::send_action|10480:: Trying to send action
2025-12-08 08:33:34,399-DEBUG-root-28204::webapp_internal::send_action|10522:: send_action method result = True
2025-12-08 08:33:34,400-DEBUG-root-28204::webapp_internal::send_action|10523:: send_action selenium status: False
2025-12-08 08:33:34,400-DEBUG-root-28204::webapp_internal::wait_blocker|2444:: Waiting blocker to continue...
2025-12-08 08:33:34,526-DEBUG-root-28204::webapp_internal::wait_blocker|2469:: Blocker status: False
2025-12-08 08:33:34,526-INFO-root-28204::webapp_internal::SetKey|5822:: Key pressed: TAB
2025-12-08 08:33:34,526-DEBUG-root-28204::webapp_internal::SetKey|5857:: Trying press key
2025-12-08 08:33:34,526-DEBUG-root-28204::webapp_internal::wait_element|7623:: Waiting for element
2025-12-08 08:33:34,623-DEBUG-root-28204::webapp_internal::wait_element|7653:: Element found! Waiting for element to be displayed.
2025-12-08 08:33:34,895-DEBUG-root-28204::webapp_internal::wait_blocker|2444:: Waiting blocker to continue...
2025-12-08 08:33:35,026-DEBUG-root-28204::webapp_internal::wait_blocker|2469:: Blocker status: False
2025-12-08 08:33:35,026-INFO-root-28204::webapp_internal::LoadGrid|6298:: Filling grid field: Partida
2025-12-08 08:33:35,026-DEBUG-root-28204::webapp_internal::fill_grid|6399:: Grid loading...
2025-12-08 08:33:35,243-DEBUG-root-28204::webapp_internal::fill_grid|6466:: Column found!
2025-12-08 08:33:35,279-DEBUG-root-28204::base::click|192:: Click Type: ClickType.ACTIONCHAINS
2025-12-08 08:33:40,759-DEBUG-root-28204::webapp_internal::fill_grid|6498:: Trying open cell in grid!
2025-12-08 08:33:41,042-DEBUG-root-28204::webapp_internal::wait_blocker|2444:: Waiting blocker to continue...
2025-12-08 08:33:41,196-DEBUG-root-28204::webapp_internal::wait_blocker|2469:: Blocker status: False
2025-12-08 08:33:41,389-DEBUG-root-28204::webapp_internal::wait_element_timeout|7726:: Element found! Waiting for element to be displayed.
2025-12-08 08:33:41,742-DEBUG-root-28204::webapp_internal::fill_grid|6577:: Sending keys: 28/12/2025
2025-12-08 08:33:42,054-DEBUG-root-28204::webapp_internal::wait_blocker|2444:: Waiting blocker to continue...
2025-12-08 08:33:42,225-DEBUG-root-28204::webapp_internal::wait_blocker|2469:: Blocker status: False
2025-12-08 08:33:42,403-DEBUG-root-28204::webapp_internal::wait_element_timeout|7726:: Element found! Waiting for element to be displayed.
2025-12-08 08:33:45,785-ERROR-root-28204::webapp_internal::fill_grid|6675:: fill grid error: Message: WebDriver session does not exist, or is not active
Stacktrace:
RemoteError@chrome://remote/content/shared/RemoteError.sys.mjs:8:8
WebDriverError@chrome://remote/content/shared/webdriver/Errors.sys.mjs:202:5
InvalidSessionIDError@chrome://remote/content/shared/webdriver/Errors.sys.mjs:472:5
assert.that/<@chrome://remote/content/shared/webdriver/Assert.sys.mjs:581:13
assert.session@chrome://remote/content/shared/webdriver/Assert.sys.mjs:38:4
dispatch@chrome://remote/content/marionette/server.sys.mjs:315:19
execute@chrome://remote/content/marionette/server.sys.mjs:289:16
onPacket/<@chrome://remote/content/marionette/server.sys.mjs:262:20
onPacket@chrome://remote/content/marionette/server.sys.mjs:263:9
_onJSONObjectReady/<@chrome://remote/content/marionette/transport.sys.mjs:494:20
Traceback (most recent call last):
  File "C:\TIR_TESTE\venv\Lib\site-packages\tir\technologies\core\base.py", line 511, in get_current_DOM
    soup = BeautifulSoup(self.driver.page_source,"html.parser")
                         ^^^^^^^^^^^^^^^^^^^^^^^
  File "C:\TIR_TESTE\venv\Lib\site-packages\selenium\webdriver\remote\webdriver.py", line 448, in page_source
    return self.execute(Command.GET_PAGE_SOURCE)["value"]
           ^^^^^^^^^^^^^^^^^^^^^^^^^^^^^^^^^^^^^
  File "C:\TIR_TESTE\venv\Lib\site-packages\selenium\webdriver\remote\webdriver.py", line 347, in execute
    self.error_handler.check_response(response)
  File "C:\TIR_TESTE\venv\Lib\site-packages\selenium\webdriver\remote\errorhandler.py", line 229, in check_response
    raise exception_class(message, screen, stacktrace)
selenium.common.exceptions.InvalidSessionIdException: Message: WebDriver session does not exist, or is not active
Stacktrace:
RemoteError@chrome://remote/content/shared/RemoteError.sys.mjs:8:8
WebDriverError@chrome://remote/content/shared/webdriver/Errors.sys.mjs:202:5
InvalidSessionIDError@chrome://remote/content/shared/webdriver/Errors.sys.mjs:472:5
assert.that/<@chrome://remote/content/shared/webdriver/Assert.sys.mjs:581:13
assert.session@chrome://remote/content/shared/webdriver/Assert.sys.mjs:38:4
dispatch@chrome://remote/content/marionette/server.sys.mjs:315:19
execute@chrome://remote/content/marionette/server.sys.mjs:289:16
onPacket/<@chrome://remote/content/marionette/server.sys.mjs:262:20
onPacket@chrome://remote/content/marionette/server.sys.mjs:263:9
_onJSONObjectReady/<@chrome://remote/content/marionette/transport.sys.mjs:494:20


During handling of the above exception, another exception occurred:

Traceback (most recent call last):
  File "C:\TIR_TESTE\venv\Lib\site-packages\tir\technologies\webapp_internal.py", line 6623, in fill_grid
    element_exist = self.wait_element_timeout(term='wa-dialog', scrap_type=enum.ScrapType.CSS_SELECTOR, position= tmodal_layer + 1, timeout=10, presence=False, main_container='body', check_error=False)
                    ^^^^^^^^^^^^^^^^^^^^^^^^^^^^^^^^^^^^^^^^^^^^^^^^^^^^^^^^^^^^^^^^^^^^^^^^^^^^^^^^^^^^^^^^^^^^^^^^^^^^^^^^^^^^^^^^^^^^^^^^^^^^^^^^^^^^^^^^^^^^^^^^^^^^^^^^^^^^^^^^^^^^^^^^^^^^^^^^^^^^^
  File "C:\TIR_TESTE\venv\Lib\site-packages\tir\technologies\webapp_internal.py", line 7720, in wait_element_timeout
    if not self.element_exists(term, scrap_type, position, optional_term, main_container, check_error):
           ^^^^^^^^^^^^^^^^^^^^^^^^^^^^^^^^^^^^^^^^^^^^^^^^^^^^^^^^^^^^^^^^^^^^^^^^^^^^^^^^^^^^^^^^^^^
  File "C:\TIR_TESTE\venv\Lib\site-packages\tir\technologies\webapp_internal.py", line 4073, in element_exists
    soup = self.get_current_DOM(twebview=twebview)
           ^^^^^^^^^^^^^^^^^^^^^^^^^^^^^^^^^^^^^^^
  File "C:\TIR_TESTE\venv\Lib\site-packages\tir\technologies\core\base.py", line 538, in get_current_DOM
    self.driver.switch_to.default_content()
  File "C:\TIR_TESTE\venv\Lib\site-packages\selenium\webdriver\remote\switch_to.py", line 69, in default_content
    self._driver.execute(Command.SWITCH_TO_FRAME, {"id": None})
  File "C:\TIR_TESTE\venv\Lib\site-packages\selenium\webdriver\remote\webdriver.py", line 347, in execute
    self.error_handler.check_response(response)
  File "C:\TIR_TESTE\venv\Lib\site-packages\selenium\webdriver\remote\errorhandler.py", line 229, in check_response
    raise exception_class(message, screen, stacktrace)
selenium.common.exceptions.InvalidSessionIdException: Message: WebDriver session does not exist, or is not active
Stacktrace:
RemoteError@chrome://remote/content/shared/RemoteError.sys.mjs:8:8
WebDriverError@chrome://remote/content/shared/webdriver/Errors.sys.mjs:202:5
InvalidSessionIDError@chrome://remote/content/shared/webdriver/Errors.sys.mjs:472:5
assert.that/<@chrome://remote/content/shared/webdriver/Assert.sys.mjs:581:13
assert.session@chrome://remote/content/shared/webdriver/Assert.sys.mjs:38:4
dispatch@chrome://remote/content/marionette/server.sys.mjs:315:19
execute@chrome://remote/content/marionette/server.sys.mjs:289:16
onPacket/<@chrome://remote/content/marionette/server.sys.mjs:262:20
onPacket@chrome://remote/content/marionette/server.sys.mjs:263:9
_onJSONObjectReady/<@chrome://remote/content/marionette/transport.sys.mjs:494:20

2025-12-08 08:33:45,848-WARNING-root-28204::webapp_internal::log_error|8143:: Warning log_error fill grid error: Message: WebDriver session does not exist, or is not active
Stacktrace:
RemoteError@chrome://remote/content/shared/RemoteError.sys.mjs:8:8
WebDriverError@chrome://remote/content/shared/webdriver/Errors.sys.mjs:202:5
InvalidSessionIDError@chrome://remote/content/shared/webdriver/Errors.sys.mjs:472:5
assert.that/<@chrome://remote/content/shared/webdriver/Assert.sys.mjs:581:13
assert.session@chrome://remote/content/shared/webdriver/Assert.sys.mjs:38:4
dispatch@chrome://remote/content/marionette/server.sys.mjs:315:19
execute@chrome://remote/content/marionette/server.sys.mjs:289:16
onPacket/<@chrome://remote/content/marionette/server.sys.mjs:262:20
onPacket@chrome://remote/content/marionette/server.sys.mjs:263:9
_onJSONObjectReady/<@chrome://remote/content/marionette/transport.sys.mjs:494:20

2025-12-08 08:33:45,848-DEBUG-root-28204::webapp_internal::log_error|8146:: ***System Info*** in log_error():
2025-12-08 08:33:45,849-DEBUG-root-28204::psutil_info::system_info|5:: CPU USAGE: 8.1%
2025-12-08 08:33:45,850-DEBUG-root-28204::psutil_info::system_info|6:: MEMORY USAGE: 85.8%
2025-12-08 08:33:45,851-DEBUG-root-28204::psutil_info::system_info|7:: MEMORY AVAILABLE: 14.23%
2025-12-08 08:33:45,880-DEBUG-root-28204::log::take_screenshot_log|612:: take_screenshot_log in:2025-12-08 08:33:45.880250

2025-12-08 08:33:46,241-ERROR-root-28204::log::take_screenshot_log|629:: Warning Log Error save_screenshot exception Message: Failed to decode response from marionette
Traceback (most recent call last):
  File "C:\TIR_TESTE\venv\Lib\site-packages\tir\technologies\core\base.py", line 511, in get_current_DOM
    soup = BeautifulSoup(self.driver.page_source,"html.parser")
                         ^^^^^^^^^^^^^^^^^^^^^^^
  File "C:\TIR_TESTE\venv\Lib\site-packages\selenium\webdriver\remote\webdriver.py", line 448, in page_source
    return self.execute(Command.GET_PAGE_SOURCE)["value"]
           ^^^^^^^^^^^^^^^^^^^^^^^^^^^^^^^^^^^^^
  File "C:\TIR_TESTE\venv\Lib\site-packages\selenium\webdriver\remote\webdriver.py", line 347, in execute
    self.error_handler.check_response(response)
  File "C:\TIR_TESTE\venv\Lib\site-packages\selenium\webdriver\remote\errorhandler.py", line 229, in check_response
    raise exception_class(message, screen, stacktrace)
selenium.common.exceptions.InvalidSessionIdException: Message: WebDriver session does not exist, or is not active
Stacktrace:
RemoteError@chrome://remote/content/shared/RemoteError.sys.mjs:8:8
WebDriverError@chrome://remote/content/shared/webdriver/Errors.sys.mjs:202:5
InvalidSessionIDError@chrome://remote/content/shared/webdriver/Errors.sys.mjs:472:5
assert.that/<@chrome://remote/content/shared/webdriver/Assert.sys.mjs:581:13
assert.session@chrome://remote/content/shared/webdriver/Assert.sys.mjs:38:4
dispatch@chrome://remote/content/marionette/server.sys.mjs:315:19
execute@chrome://remote/content/marionette/server.sys.mjs:289:16
onPacket/<@chrome://remote/content/marionette/server.sys.mjs:262:20
onPacket@chrome://remote/content/marionette/server.sys.mjs:263:9
_onJSONObjectReady/<@chrome://remote/content/marionette/transport.sys.mjs:494:20


During handling of the above exception, another exception occurred:

Traceback (most recent call last):
  File "C:\TIR_TESTE\venv\Lib\site-packages\tir\technologies\webapp_internal.py", line 6623, in fill_grid
    element_exist = self.wait_element_timeout(term='wa-dialog', scrap_type=enum.ScrapType.CSS_SELECTOR, position= tmodal_layer + 1, timeout=10, presence=False, main_container='body', check_error=False)
                    ^^^^^^^^^^^^^^^^^^^^^^^^^^^^^^^^^^^^^^^^^^^^^^^^^^^^^^^^^^^^^^^^^^^^^^^^^^^^^^^^^^^^^^^^^^^^^^^^^^^^^^^^^^^^^^^^^^^^^^^^^^^^^^^^^^^^^^^^^^^^^^^^^^^^^^^^^^^^^^^^^^^^^^^^^^^^^^^^^^^^^
  File "C:\TIR_TESTE\venv\Lib\site-packages\tir\technologies\webapp_internal.py", line 7720, in wait_element_timeout
    if not self.element_exists(term, scrap_type, position, optional_term, main_container, check_error):
           ^^^^^^^^^^^^^^^^^^^^^^^^^^^^^^^^^^^^^^^^^^^^^^^^^^^^^^^^^^^^^^^^^^^^^^^^^^^^^^^^^^^^^^^^^^^
  File "C:\TIR_TESTE\venv\Lib\site-packages\tir\technologies\webapp_internal.py", line 4073, in element_exists
    soup = self.get_current_DOM(twebview=twebview)
           ^^^^^^^^^^^^^^^^^^^^^^^^^^^^^^^^^^^^^^^
  File "C:\TIR_TESTE\venv\Lib\site-packages\tir\technologies\core\base.py", line 538, in get_current_DOM
    self.driver.switch_to.default_content()
  File "C:\TIR_TESTE\venv\Lib\site-packages\selenium\webdriver\remote\switch_to.py", line 69, in default_content
    self._driver.execute(Command.SWITCH_TO_FRAME, {"id": None})
  File "C:\TIR_TESTE\venv\Lib\site-packages\selenium\webdriver\remote\webdriver.py", line 347, in execute
    self.error_handler.check_response(response)
  File "C:\TIR_TESTE\venv\Lib\site-packages\selenium\webdriver\remote\errorhandler.py", line 229, in check_response
    raise exception_class(message, screen, stacktrace)
selenium.common.exceptions.InvalidSessionIdException: Message: WebDriver session does not exist, or is not active
Stacktrace:
RemoteError@chrome://remote/content/shared/RemoteError.sys.mjs:8:8
WebDriverError@chrome://remote/content/shared/webdriver/Errors.sys.mjs:202:5
InvalidSessionIDError@chrome://remote/content/shared/webdriver/Errors.sys.mjs:472:5
assert.that/<@chrome://remote/content/shared/webdriver/Assert.sys.mjs:581:13
assert.session@chrome://remote/content/shared/webdriver/Assert.sys.mjs:38:4
dispatch@chrome://remote/content/marionette/server.sys.mjs:315:19
execute@chrome://remote/content/marionette/server.sys.mjs:289:16
onPacket/<@chrome://remote/content/marionette/server.sys.mjs:262:20
onPacket@chrome://remote/content/marionette/server.sys.mjs:263:9
_onJSONObjectReady/<@chrome://remote/content/marionette/transport.sys.mjs:494:20


During handling of the above exception, another exception occurred:

Traceback (most recent call last):
  File "C:\TIR_TESTE\venv\Lib\site-packages\tir\technologies\core\log.py", line 626, in take_screenshot_log
    driver.save_screenshot(str(path))
  File "C:\TIR_TESTE\venv\Lib\site-packages\selenium\webdriver\remote\webdriver.py", line 822, in save_screenshot
    return self.get_screenshot_as_file(filename)
           ^^^^^^^^^^^^^^^^^^^^^^^^^^^^^^^^^^^^^
  File "C:\TIR_TESTE\venv\Lib\site-packages\selenium\webdriver\remote\webdriver.py", line 798, in get_screenshot_as_file
    png = self.get_screenshot_as_png()
          ^^^^^^^^^^^^^^^^^^^^^^^^^^^^
  File "C:\TIR_TESTE\venv\Lib\site-packages\selenium\webdriver\remote\webdriver.py", line 832, in get_screenshot_as_png
    return b64decode(self.get_screenshot_as_base64().encode("ascii"))
                     ^^^^^^^^^^^^^^^^^^^^^^^^^^^^^^^
  File "C:\TIR_TESTE\venv\Lib\site-packages\selenium\webdriver\remote\webdriver.py", line 843, in get_screenshot_as_base64
    return self.execute(Command.SCREENSHOT)["value"]
           ^^^^^^^^^^^^^^^^^^^^^^^^^^^^^^^^
  File "C:\TIR_TESTE\venv\Lib\site-packages\selenium\webdriver\remote\webdriver.py", line 347, in execute
    self.error_handler.check_response(response)
  File "C:\TIR_TESTE\venv\Lib\site-packages\selenium\webdriver\remote\errorhandler.py", line 229, in check_response
    raise exception_class(message, screen, stacktrace)
selenium.common.exceptions.WebDriverException: Message: Failed to decode response from marionette

2025-12-08 08:33:47,251-DEBUG-root-28204::log::checks_empty_line|221:: Checking empty default log info
2025-12-08 08:33:47,256-DEBUG-root-28204::log::generate_log|503:: Json log_data: {'cLogDtExec': '08/12/2025 08:33:47', 'cLogNomUsr': '97137227104', 'cLogNomEst': 'GESIT03', 'cLogProgra': None, 'cLogDtProg': '', 'cLogHrProg': '', 'nLogCtsOk': 0, 'nLogCtsNok': 1, 'nLogCtsSeg': 252.43, 'cLogVersao': '12', 'cLogReleas': '12.1.2410', 'nLogCtsErr': 'Viagem - fill grid error: Message: WebDriver session does not exist, or is not activeStacktrace:RemoteError@chrome://remote/content/shared/RemoteError.sys.mjs:8:8WebDriverError@chrome://remote/content/shared/webdriver/Errors.sys.mjs:202:5InvalidSessionIDError@chrome://remote/content/shared/webdriver/Errors.sys.mjs:472:5assert.that/<@chrome://remote/content/shared/webdriver/Assert.sys.mjs:581:13assert.session@chrome://remote/content/shared/webdriver/Assert.sys.mjs:38:4dispatch@chrome://remote/content/marionette/server.sys.mjs:315:19execute@chrome://remote/content/marionette/server.sys.mjs:289:1', 'cLogBancod': 'ORACLE', 'cLogIdenti': '', 'cLogIdExec': '20251208', 'cLogPais': 'BRA', 'cLogTool': 'TIR', 'cLogSequen': '2956b0', 'nLogCtsTot': 1, 'cLogDtExea': '08/12/2025', 'cLogHrExea': '08:33:47', 'cLogArea': 'Desenvolvimento', 'cLogMnExec': 4.207166666666667}
2025-12-08 08:33:47,256-INFO-root-28204::log::send_log_with_retries|515:: Saving log locally.
2025-12-08 08:33:47,256-INFO-root-28204::log::save_log_locally|548:: [FwSendLog]: Não foi possível enviar o log após todas as tentativas.
2025-12-08 08:33:47,257-INFO-root-28204::log::save_log_locally|555:: [FwSendLog]: Log salvo localmente em C:\TIR_TESTE\1765193627.json.
2025-12-08 08:33:47,262-ERROR-root-28204::webapp_internal::log_error|8181:: Warning Log Error Close Message: Tried to run command without establishing a connection
Traceback (most recent call last):
  File "C:\TIR_TESTE\venv\Lib\site-packages\tir\technologies\core\base.py", line 511, in get_current_DOM
    soup = BeautifulSoup(self.driver.page_source,"html.parser")
                         ^^^^^^^^^^^^^^^^^^^^^^^
  File "C:\TIR_TESTE\venv\Lib\site-packages\selenium\webdriver\remote\webdriver.py", line 448, in page_source
    return self.execute(Command.GET_PAGE_SOURCE)["value"]
           ^^^^^^^^^^^^^^^^^^^^^^^^^^^^^^^^^^^^^
  File "C:\TIR_TESTE\venv\Lib\site-packages\selenium\webdriver\remote\webdriver.py", line 347, in execute
    self.error_handler.check_response(response)
  File "C:\TIR_TESTE\venv\Lib\site-packages\selenium\webdriver\remote\errorhandler.py", line 229, in check_response
    raise exception_class(message, screen, stacktrace)
selenium.common.exceptions.InvalidSessionIdException: Message: WebDriver session does not exist, or is not active
Stacktrace:
RemoteError@chrome://remote/content/shared/RemoteError.sys.mjs:8:8
WebDriverError@chrome://remote/content/shared/webdriver/Errors.sys.mjs:202:5
InvalidSessionIDError@chrome://remote/content/shared/webdriver/Errors.sys.mjs:472:5
assert.that/<@chrome://remote/content/shared/webdriver/Assert.sys.mjs:581:13
assert.session@chrome://remote/content/shared/webdriver/Assert.sys.mjs:38:4
dispatch@chrome://remote/content/marionette/server.sys.mjs:315:19
execute@chrome://remote/content/marionette/server.sys.mjs:289:16
onPacket/<@chrome://remote/content/marionette/server.sys.mjs:262:20
onPacket@chrome://remote/content/marionette/server.sys.mjs:263:9
_onJSONObjectReady/<@chrome://remote/content/marionette/transport.sys.mjs:494:20


During handling of the above exception, another exception occurred:

Traceback (most recent call last):
  File "C:\TIR_TESTE\venv\Lib\site-packages\tir\technologies\webapp_internal.py", line 6623, in fill_grid
    element_exist = self.wait_element_timeout(term='wa-dialog', scrap_type=enum.ScrapType.CSS_SELECTOR, position= tmodal_layer + 1, timeout=10, presence=False, main_container='body', check_error=False)
                    ^^^^^^^^^^^^^^^^^^^^^^^^^^^^^^^^^^^^^^^^^^^^^^^^^^^^^^^^^^^^^^^^^^^^^^^^^^^^^^^^^^^^^^^^^^^^^^^^^^^^^^^^^^^^^^^^^^^^^^^^^^^^^^^^^^^^^^^^^^^^^^^^^^^^^^^^^^^^^^^^^^^^^^^^^^^^^^^^^^^^^
  File "C:\TIR_TESTE\venv\Lib\site-packages\tir\technologies\webapp_internal.py", line 7720, in wait_element_timeout
    if not self.element_exists(term, scrap_type, position, optional_term, main_container, check_error):
           ^^^^^^^^^^^^^^^^^^^^^^^^^^^^^^^^^^^^^^^^^^^^^^^^^^^^^^^^^^^^^^^^^^^^^^^^^^^^^^^^^^^^^^^^^^^
  File "C:\TIR_TESTE\venv\Lib\site-packages\tir\technologies\webapp_internal.py", line 4073, in element_exists
    soup = self.get_current_DOM(twebview=twebview)
           ^^^^^^^^^^^^^^^^^^^^^^^^^^^^^^^^^^^^^^^
  File "C:\TIR_TESTE\venv\Lib\site-packages\tir\technologies\core\base.py", line 538, in get_current_DOM
    self.driver.switch_to.default_content()
  File "C:\TIR_TESTE\venv\Lib\site-packages\selenium\webdriver\remote\switch_to.py", line 69, in default_content
    self._driver.execute(Command.SWITCH_TO_FRAME, {"id": None})
  File "C:\TIR_TESTE\venv\Lib\site-packages\selenium\webdriver\remote\webdriver.py", line 347, in execute
    self.error_handler.check_response(response)
  File "C:\TIR_TESTE\venv\Lib\site-packages\selenium\webdriver\remote\errorhandler.py", line 229, in check_response
    raise exception_class(message, screen, stacktrace)
selenium.common.exceptions.InvalidSessionIdException: Message: WebDriver session does not exist, or is not active
Stacktrace:
RemoteError@chrome://remote/content/shared/RemoteError.sys.mjs:8:8
WebDriverError@chrome://remote/content/shared/webdriver/Errors.sys.mjs:202:5
InvalidSessionIDError@chrome://remote/content/shared/webdriver/Errors.sys.mjs:472:5
assert.that/<@chrome://remote/content/shared/webdriver/Assert.sys.mjs:581:13
assert.session@chrome://remote/content/shared/webdriver/Assert.sys.mjs:38:4
dispatch@chrome://remote/content/marionette/server.sys.mjs:315:19
execute@chrome://remote/content/marionette/server.sys.mjs:289:16
onPacket/<@chrome://remote/content/marionette/server.sys.mjs:262:20
onPacket@chrome://remote/content/marionette/server.sys.mjs:263:9
_onJSONObjectReady/<@chrome://remote/content/marionette/transport.sys.mjs:494:20


During handling of the above exception, another exception occurred:

Traceback (most recent call last):
  File "C:\TIR_TESTE\venv\Lib\site-packages\tir\technologies\webapp_internal.py", line 8179, in log_error
    self.driver.close()
  File "C:\TIR_TESTE\venv\Lib\site-packages\selenium\webdriver\remote\webdriver.py", line 458, in close
    self.execute(Command.CLOSE)
  File "C:\TIR_TESTE\venv\Lib\site-packages\selenium\webdriver\remote\webdriver.py", line 347, in execute
    self.error_handler.check_response(response)
  File "C:\TIR_TESTE\venv\Lib\site-packages\selenium\webdriver\remote\errorhandler.py", line 229, in check_response
    raise exception_class(message, screen, stacktrace)
selenium.common.exceptions.InvalidSessionIdException: Message: Tried to run command without establishing a connection

2025-12-08 08:33:47,263-ERROR-root-28204::webapp_internal::SetKey|5901:: False is not true : Viagem - fill grid error: Message: WebDriver session does not exist, or is not active
Stacktrace:
RemoteError@chrome://remote/content/shared/RemoteError.sys.mjs:8:8
WebDriverError@chrome://remote/content/shared/webdriver/Errors.sys.mjs:202:5
InvalidSessionIDError@chrome://remote/content/shared/webdriver/Errors.sys.mjs:472:5
assert.that/<@chrome://remote/content/shared/webdriver/Assert.sys.mjs:581:13
assert.session@chrome://remote/content/shared/webdriver/Assert.sys.mjs:38:4
dispatch@chrome://remote/content/marionette/server.sys.mjs:315:19
execute@chrome://remote/content/marionette/server.sys.mjs:289:16
onPacket/<@chrome://remote/content/marionette/server.sys.mjs:262:20
onPacket@chrome://remote/content/marionette/server.sys.mjs:263:9
_onJSONObjectReady/<@chrome://remote/content/marionette/transport.sys.mjs:494:20
Traceback (most recent call last):
  File "C:\TIR_TESTE\venv\Lib\site-packages\tir\technologies\core\base.py", line 511, in get_current_DOM
    soup = BeautifulSoup(self.driver.page_source,"html.parser")
                         ^^^^^^^^^^^^^^^^^^^^^^^
  File "C:\TIR_TESTE\venv\Lib\site-packages\selenium\webdriver\remote\webdriver.py", line 448, in page_source
    return self.execute(Command.GET_PAGE_SOURCE)["value"]
           ^^^^^^^^^^^^^^^^^^^^^^^^^^^^^^^^^^^^^
  File "C:\TIR_TESTE\venv\Lib\site-packages\selenium\webdriver\remote\webdriver.py", line 347, in execute
    self.error_handler.check_response(response)
  File "C:\TIR_TESTE\venv\Lib\site-packages\selenium\webdriver\remote\errorhandler.py", line 229, in check_response
    raise exception_class(message, screen, stacktrace)
selenium.common.exceptions.InvalidSessionIdException: Message: WebDriver session does not exist, or is not active
Stacktrace:
RemoteError@chrome://remote/content/shared/RemoteError.sys.mjs:8:8
WebDriverError@chrome://remote/content/shared/webdriver/Errors.sys.mjs:202:5
InvalidSessionIDError@chrome://remote/content/shared/webdriver/Errors.sys.mjs:472:5
assert.that/<@chrome://remote/content/shared/webdriver/Assert.sys.mjs:581:13
assert.session@chrome://remote/content/shared/webdriver/Assert.sys.mjs:38:4
dispatch@chrome://remote/content/marionette/server.sys.mjs:315:19
execute@chrome://remote/content/marionette/server.sys.mjs:289:16
onPacket/<@chrome://remote/content/marionette/server.sys.mjs:262:20
onPacket@chrome://remote/content/marionette/server.sys.mjs:263:9
_onJSONObjectReady/<@chrome://remote/content/marionette/transport.sys.mjs:494:20


During handling of the above exception, another exception occurred:

Traceback (most recent call last):
  File "C:\TIR_TESTE\venv\Lib\site-packages\tir\technologies\webapp_internal.py", line 6623, in fill_grid
    element_exist = self.wait_element_timeout(term='wa-dialog', scrap_type=enum.ScrapType.CSS_SELECTOR, position= tmodal_layer + 1, timeout=10, presence=False, main_container='body', check_error=False)
                    ^^^^^^^^^^^^^^^^^^^^^^^^^^^^^^^^^^^^^^^^^^^^^^^^^^^^^^^^^^^^^^^^^^^^^^^^^^^^^^^^^^^^^^^^^^^^^^^^^^^^^^^^^^^^^^^^^^^^^^^^^^^^^^^^^^^^^^^^^^^^^^^^^^^^^^^^^^^^^^^^^^^^^^^^^^^^^^^^^^^^^
  File "C:\TIR_TESTE\venv\Lib\site-packages\tir\technologies\webapp_internal.py", line 7720, in wait_element_timeout
    if not self.element_exists(term, scrap_type, position, optional_term, main_container, check_error):
           ^^^^^^^^^^^^^^^^^^^^^^^^^^^^^^^^^^^^^^^^^^^^^^^^^^^^^^^^^^^^^^^^^^^^^^^^^^^^^^^^^^^^^^^^^^^
  File "C:\TIR_TESTE\venv\Lib\site-packages\tir\technologies\webapp_internal.py", line 4073, in element_exists
    soup = self.get_current_DOM(twebview=twebview)
           ^^^^^^^^^^^^^^^^^^^^^^^^^^^^^^^^^^^^^^^
  File "C:\TIR_TESTE\venv\Lib\site-packages\tir\technologies\core\base.py", line 538, in get_current_DOM
    self.driver.switch_to.default_content()
  File "C:\TIR_TESTE\venv\Lib\site-packages\selenium\webdriver\remote\switch_to.py", line 69, in default_content
    self._driver.execute(Command.SWITCH_TO_FRAME, {"id": None})
  File "C:\TIR_TESTE\venv\Lib\site-packages\selenium\webdriver\remote\webdriver.py", line 347, in execute
    self.error_handler.check_response(response)
  File "C:\TIR_TESTE\venv\Lib\site-packages\selenium\webdriver\remote\errorhandler.py", line 229, in check_response
    raise exception_class(message, screen, stacktrace)
selenium.common.exceptions.InvalidSessionIdException: Message: WebDriver session does not exist, or is not active
Stacktrace:
RemoteError@chrome://remote/content/shared/RemoteError.sys.mjs:8:8
WebDriverError@chrome://remote/content/shared/webdriver/Errors.sys.mjs:202:5
InvalidSessionIDError@chrome://remote/content/shared/webdriver/Errors.sys.mjs:472:5
assert.that/<@chrome://remote/content/shared/webdriver/Assert.sys.mjs:581:13
assert.session@chrome://remote/content/shared/webdriver/Assert.sys.mjs:38:4
dispatch@chrome://remote/content/marionette/server.sys.mjs:315:19
execute@chrome://remote/content/marionette/server.sys.mjs:289:16
onPacket/<@chrome://remote/content/marionette/server.sys.mjs:262:20
onPacket@chrome://remote/content/marionette/server.sys.mjs:263:9
_onJSONObjectReady/<@chrome://remote/content/marionette/transport.sys.mjs:494:20


During handling of the above exception, another exception occurred:

Traceback (most recent call last):
  File "C:\TIR_TESTE\venv\Lib\site-packages\tir\technologies\webapp_internal.py", line 5861, in SetKey
    self.LoadGrid()
  File "C:\TIR_TESTE\venv\Lib\site-packages\tir\technologies\webapp_internal.py", line 6301, in LoadGrid
    self.fill_grid(field, x3_dictionaries, initial_layer, duplicate_fields)
  File "C:\TIR_TESTE\venv\Lib\site-packages\tir\technologies\webapp_internal.py", line 6676, in fill_grid
    self.log_error(f'fill grid error: {str(e)}')
  File "C:\TIR_TESTE\venv\Lib\site-packages\tir\technologies\webapp_internal.py", line 8206, in log_error
    self.assertTrue(False, log_message)
  File "C:\Users\97137227104\AppData\Local\Programs\Python\Python312\Lib\unittest\case.py", line 727, in assertTrue
    raise self.failureException(msg)
AssertionError: False is not true : Viagem - fill grid error: Message: WebDriver session does not exist, or is not active
Stacktrace:
RemoteError@chrome://remote/content/shared/RemoteError.sys.mjs:8:8
WebDriverError@chrome://remote/content/shared/webdriver/Errors.sys.mjs:202:5
InvalidSessionIDError@chrome://remote/content/shared/webdriver/Errors.sys.mjs:472:5
assert.that/<@chrome://remote/content/shared/webdriver/Assert.sys.mjs:581:13
assert.session@chrome://remote/content/shared/webdriver/Assert.sys.mjs:38:4
dispatch@chrome://remote/content/marionette/server.sys.mjs:315:19
execute@chrome://remote/content/marionette/server.sys.mjs:289:16
onPacket/<@chrome://remote/content/marionette/server.sys.mjs:262:20
onPacket@chrome://remote/content/marionette/server.sys.mjs:263:9
_onJSONObjectReady/<@chrome://remote/content/marionette/transport.sys.mjs:494:20

2025-12-08 08:33:47,265-DEBUG-root-28204::webapp_internal::wait_blocker|2444:: Waiting blocker to continue...
2025-12-08 08:33:47,267-DEBUG-root-28204::webapp_internal::wait_blocker|2469:: Blocker status: None
2025-12-08 08:33:47,268-INFO-root-28204::webapp_internal::SetKey|5822:: Key pressed: TAB
2025-12-08 08:33:47,268-DEBUG-root-28204::webapp_internal::SetKey|5857:: Trying press key
2025-12-08 08:33:47,268-DEBUG-root-28204::webapp_internal::wait_element|7623:: Waiting for element
2025-12-08 08:33:47,269-WARNING-root-28204::webapp_internal::log_error|8143:: Warning log_error SetKey - Screen is not load: Message: Tried to run command without establishing a connection

2025-12-08 08:33:47,269-DEBUG-root-28204::webapp_internal::log_error|8146:: ***System Info*** in log_error():
2025-12-08 08:33:47,269-DEBUG-root-28204::psutil_info::system_info|5:: CPU USAGE: 10.6%
2025-12-08 08:33:47,270-DEBUG-root-28204::psutil_info::system_info|6:: MEMORY USAGE: 79.7%
2025-12-08 08:33:47,270-DEBUG-root-28204::psutil_info::system_info|7:: MEMORY AVAILABLE: 20.33%
2025-12-08 08:33:47,287-ERROR-root-28204::webapp_internal::log_error|8181:: Warning Log Error Close Message: Tried to run command without establishing a connection
Traceback (most recent call last):
  File "C:\TIR_TESTE\venv\Lib\site-packages\tir\technologies\core\base.py", line 501, in get_current_DOM
    self.driver.switch_to.default_content()
  File "C:\TIR_TESTE\venv\Lib\site-packages\selenium\webdriver\remote\switch_to.py", line 69, in default_content
    self._driver.execute(Command.SWITCH_TO_FRAME, {"id": None})
  File "C:\TIR_TESTE\venv\Lib\site-packages\selenium\webdriver\remote\webdriver.py", line 347, in execute
    self.error_handler.check_response(response)
  File "C:\TIR_TESTE\venv\Lib\site-packages\selenium\webdriver\remote\errorhandler.py", line 229, in check_response
    raise exception_class(message, screen, stacktrace)
selenium.common.exceptions.InvalidSessionIdException: Message: Tried to run command without establishing a connection


During handling of the above exception, another exception occurred:

Traceback (most recent call last):
  File "C:\TIR_TESTE\venv\Lib\site-packages\tir\technologies\webapp_internal.py", line 5861, in SetKey
    self.LoadGrid()
  File "C:\TIR_TESTE\venv\Lib\site-packages\tir\technologies\webapp_internal.py", line 6284, in LoadGrid
    self.wait_element(term=selector, scrap_type=enum.ScrapType.CSS_SELECTOR)
  File "C:\TIR_TESTE\venv\Lib\site-packages\tir\technologies\webapp_internal.py", line 7626, in wait_element
    while (not self.element_exists(term, scrap_type, position, optional_term, main_container, check_error, twebview, second_term) and time.time() < endtime):
               ^^^^^^^^^^^^^^^^^^^^^^^^^^^^^^^^^^^^^^^^^^^^^^^^^^^^^^^^^^^^^^^^^^^^^^^^^^^^^^^^^^^^^^^^^^^^^^^^^^^^^^^^^^^^^^^^^^
  File "C:\TIR_TESTE\venv\Lib\site-packages\tir\technologies\webapp_internal.py", line 4073, in element_exists
    soup = self.get_current_DOM(twebview=twebview)
           ^^^^^^^^^^^^^^^^^^^^^^^^^^^^^^^^^^^^^^^
  File "C:\TIR_TESTE\venv\Lib\site-packages\tir\technologies\core\base.py", line 538, in get_current_DOM
    self.driver.switch_to.default_content()
  File "C:\TIR_TESTE\venv\Lib\site-packages\selenium\webdriver\remote\switch_to.py", line 69, in default_content
    self._driver.execute(Command.SWITCH_TO_FRAME, {"id": None})
  File "C:\TIR_TESTE\venv\Lib\site-packages\selenium\webdriver\remote\webdriver.py", line 347, in execute
    self.error_handler.check_response(response)
  File "C:\TIR_TESTE\venv\Lib\site-packages\selenium\webdriver\remote\errorhandler.py", line 229, in check_response
    raise exception_class(message, screen, stacktrace)
selenium.common.exceptions.InvalidSessionIdException: Message: Tried to run command without establishing a connection


During handling of the above exception, another exception occurred:

Traceback (most recent call last):
  File "C:\TIR_TESTE\venv\Lib\site-packages\tir\technologies\webapp_internal.py", line 8179, in log_error
    self.driver.close()
  File "C:\TIR_TESTE\venv\Lib\site-packages\selenium\webdriver\remote\webdriver.py", line 458, in close
    self.execute(Command.CLOSE)
  File "C:\TIR_TESTE\venv\Lib\site-packages\selenium\webdriver\remote\webdriver.py", line 347, in execute
    self.error_handler.check_response(response)
  File "C:\TIR_TESTE\venv\Lib\site-packages\selenium\webdriver\remote\errorhandler.py", line 229, in check_response
    raise exception_class(message, screen, stacktrace)
selenium.common.exceptions.InvalidSessionIdException: Message: Tried to run command without establishing a connection

2025-12-08 08:33:47,736-ERROR-root-28204::webapp_internal::TearDown|9654:: Warning tearDown Close Message: Tried to run command without establishing a connection
Traceback (most recent call last):
  File "C:\TIR_TESTE\venv\Lib\site-packages\tir\technologies\webapp_internal.py", line 9652, in TearDown
    self.driver.close()
  File "C:\TIR_TESTE\venv\Lib\site-packages\selenium\webdriver\remote\webdriver.py", line 458, in close
    self.execute(Command.CLOSE)
  File "C:\TIR_TESTE\venv\Lib\site-packages\selenium\webdriver\remote\webdriver.py", line 347, in execute
    self.error_handler.check_response(response)
  File "C:\TIR_TESTE\venv\Lib\site-packages\selenium\webdriver\remote\errorhandler.py", line 229, in check_response
    raise exception_class(message, screen, stacktrace)
selenium.common.exceptions.InvalidSessionIdException: Message: Tried to run command without establishing a connection

2025-12-08 08:29:33,551-DEBUG-root-28204::logging_config::logger|189:: Log file created: 'Log\GESIT03\TIR__20251208082933545.log'
2025-12-08 08:29:33,551-INFO-root-28204::base::Start|1183:: TIR Version: 2.4.3
2025-12-08 08:29:33,552-INFO-root-28204::base::Start|1184:: Python Version: 3.12.10
2025-12-08 08:29:33,552-INFO-root-28204::base::Start|1185:: Starting the browser
2025-12-08 08:29:40,751-INFO-root-28204::base::get_url|1294:: Page is ready!
2025-12-08 08:29:40,796-INFO-root-28204::base::Start|1256:: Browser maximized to 1936x1048
2025-12-08 08:29:40,796-INFO-root-28204::base::Start|1258:: Screen size is different from default used in headless mode
2025-12-08 08:29:41,073-INFO-root-28204::webapp_internal::Setup|247:: ***System Info*** in Setup():
2025-12-08 08:29:41,073-DEBUG-root-28204::psutil_info::system_info|5:: CPU USAGE: 15.7%
2025-12-08 08:29:41,073-DEBUG-root-28204::psutil_info::system_info|6:: MEMORY USAGE: 87.1%
2025-12-08 08:29:41,074-DEBUG-root-28204::psutil_info::system_info|7:: MEMORY AVAILABLE: 12.92%
2025-12-08 08:29:41,120-INFO-root-28204::base::webapp_shadowroot|1394:: Webapp: 10.1.6-RC4
2025-12-08 08:29:41,461-INFO-root-28204::webapp_internal::filling_initial_program|449:: Filling Initial Program: "SIGAMDI"
2025-12-08 08:29:41,461-DEBUG-root-28204::webapp_internal::wait_element|7623:: Waiting for element
2025-12-08 08:29:41,669-DEBUG-root-28204::webapp_internal::wait_element|7653:: Element found! Waiting for element to be displayed.
2025-12-08 08:29:41,812-DEBUG-root-28204::base::click|192:: Click Type: ClickType.JS
2025-12-08 08:29:41,816-DEBUG-root-28204::webapp_internal::try_send_keys|7976:: Trying to send keys to element using technique 0
2025-12-08 08:29:42,156-DEBUG-root-28204::webapp_internal::get_web_value|3232:: Current value: SIGAMDI
2025-12-08 08:29:42,156-INFO-root-28204::webapp_internal::filling_server_environment|463:: Filling Server Environment: "POUPEX_TST"
2025-12-08 08:29:42,156-DEBUG-root-28204::webapp_internal::wait_element|7623:: Waiting for element
2025-12-08 08:29:42,180-DEBUG-root-28204::webapp_internal::wait_element|7653:: Element found! Waiting for element to be displayed.
2025-12-08 08:29:42,341-DEBUG-root-28204::base::click|192:: Click Type: ClickType.JS
2025-12-08 08:29:42,347-DEBUG-root-28204::webapp_internal::try_send_keys|7976:: Trying to send keys to element using technique 0
2025-12-08 08:29:42,663-DEBUG-root-28204::webapp_internal::get_web_value|3232:: Current value: POUPEX_TST
2025-12-08 08:29:42,682-DEBUG-root-28204::base::click|192:: Click Type: ClickType.JS
2025-12-08 08:29:42,693-DEBUG-root-28204::webapp_internal::user_screen|519:: Filling user screen
2025-12-08 08:29:48,407-DEBUG-root-28204::webapp_internal::wait_element_timeout|7726:: Element found! Waiting for element to be displayed.
2025-12-08 08:29:48,460-DEBUG-root-28204::base::scroll_to_element|759:: ********Warining scroll_to_element exception: Message: TypeError: can't access property "scrollIntoView", arguments[0] is null
Stacktrace:
@https://qasrverp:10020/webapp/:2:7
@https://qasrverp:10020/webapp/:3:8
*********
2025-12-08 08:29:48,609-INFO-root-28204::webapp_internal::user_screen|561:: Filling User
2025-12-08 08:29:48,636-DEBUG-root-28204::base::double_click|259:: Click Type: ClickType.SELENIUM
2025-12-08 08:29:48,816-DEBUG-root-28204::webapp_internal::get_web_value|3232:: Current value: 97137227104
2025-12-08 08:29:48,839-INFO-root-28204::webapp_internal::user_screen|621:: Filling Password
2025-12-08 08:29:48,858-DEBUG-root-28204::base::click|192:: Click Type: ClickType.JS
2025-12-08 08:29:48,929-DEBUG-root-28204::webapp_internal::get_web_value|3232:: Current value: Val20221080080094+
2025-12-08 08:29:48,929-DEBUG-root-28204::webapp_internal::wait_blocker|2444:: Waiting blocker to continue...
2025-12-08 08:29:48,955-DEBUG-root-28204::webapp_internal::wait_blocker|2469:: Blocker status: None
2025-12-08 08:29:48,976-DEBUG-root-28204::webapp_internal::wait_blocker|2444:: Waiting blocker to continue...
2025-12-08 08:29:49,002-DEBUG-root-28204::webapp_internal::wait_blocker|2469:: Blocker status: None
2025-12-08 08:29:49,035-DEBUG-root-28204::webapp_internal::wait_blocker|2444:: Waiting blocker to continue...
2025-12-08 08:29:49,061-DEBUG-root-28204::webapp_internal::wait_blocker|2469:: Blocker status: None
2025-12-08 08:29:49,061-DEBUG-root-28204::webapp_internal::send_action|10480:: Trying to send action
2025-12-08 08:29:49,067-DEBUG-root-28204::base::click|192:: Click Type: ClickType.JS
2025-12-08 08:29:50,105-DEBUG-root-28204::webapp_internal::send_action|10522:: send_action method result = True
2025-12-08 08:29:50,105-DEBUG-root-28204::webapp_internal::send_action|10523:: send_action selenium status: False
2025-12-08 08:29:52,604-DEBUG-root-28204::base::scroll_to_element|759:: ********Warining scroll_to_element exception: Message: TypeError: can't access property "scrollIntoView", arguments[0] is null
Stacktrace:
@https://qasrverp:10020/webapp/:2:7
@https://qasrverp:10020/webapp/:3:8
*********
2025-12-08 08:29:52,650-INFO-root-28204::webapp_internal::filling_date|885:: Filling Date: "08/12/2025"
2025-12-08 08:29:52,651-DEBUG-root-28204::webapp_internal::wait_blocker|2444:: Waiting blocker to continue...
2025-12-08 08:29:52,691-DEBUG-root-28204::webapp_internal::wait_blocker|2469:: Blocker status: None
2025-12-08 08:29:52,693-DEBUG-root-28204::base::click|192:: Click Type: ClickType.JS
2025-12-08 08:29:52,711-DEBUG-root-28204::webapp_internal::try_send_keys|7976:: Trying to send keys to element using technique 1
2025-12-08 08:29:52,788-DEBUG-root-28204::webapp_internal::get_web_value|3232:: Current value: 08/12/2025
2025-12-08 08:29:53,871-INFO-root-28204::webapp_internal::filling_group|955:: Filling Group: "02"
2025-12-08 08:29:53,871-DEBUG-root-28204::webapp_internal::wait_blocker|2444:: Waiting blocker to continue...
2025-12-08 08:29:53,905-DEBUG-root-28204::webapp_internal::wait_blocker|2469:: Blocker status: None
2025-12-08 08:29:53,908-DEBUG-root-28204::base::click|192:: Click Type: ClickType.JS
2025-12-08 08:29:53,956-DEBUG-root-28204::webapp_internal::get_web_value|3232:: Current value: 02
2025-12-08 08:29:55,011-INFO-root-28204::webapp_internal::filling_branch|1047:: Filling Branch: "02DF0001"
2025-12-08 08:29:55,012-DEBUG-root-28204::webapp_internal::wait_blocker|2444:: Waiting blocker to continue...
2025-12-08 08:29:55,066-DEBUG-root-28204::webapp_internal::wait_blocker|2469:: Blocker status: None
2025-12-08 08:29:55,071-DEBUG-root-28204::base::click|192:: Click Type: ClickType.JS
2025-12-08 08:29:55,120-DEBUG-root-28204::webapp_internal::get_web_value|3232:: Current value: 02DF0001
2025-12-08 08:29:56,202-INFO-root-28204::webapp_internal::filling_environment|1113:: Filling Environment: "07"
2025-12-08 08:29:56,203-DEBUG-root-28204::webapp_internal::wait_blocker|2444:: Waiting blocker to continue...
2025-12-08 08:29:56,233-DEBUG-root-28204::webapp_internal::wait_blocker|2469:: Blocker status: None
2025-12-08 08:29:56,236-DEBUG-root-28204::base::click|192:: Click Type: ClickType.JS
2025-12-08 08:29:56,288-DEBUG-root-28204::webapp_internal::get_web_value|3232:: Current value: 07
2025-12-08 08:29:57,296-DEBUG-root-28204::webapp_internal::close_warning_screen|1489:: Closing warning screen!
2025-12-08 08:29:58,331-DEBUG-root-28204::webapp_internal::check_screen_element|1291:: Checking screen element: "Atenção": False
2025-12-08 08:29:59,425-INFO-root-28204::webapp_internal::environment_screen|796:: Clicking on Button
2025-12-08 08:29:59,425-DEBUG-root-28204::webapp_internal::wait_blocker|2444:: Waiting blocker to continue...
2025-12-08 08:29:59,462-DEBUG-root-28204::webapp_internal::wait_blocker|2469:: Blocker status: None
2025-12-08 08:29:59,465-DEBUG-root-28204::base::click|192:: Click Type: ClickType.JS
2025-12-08 08:30:00,478-DEBUG-root-28204::base::click|192:: Click Type: ClickType.JS
2025-12-08 08:30:01,500-DEBUG-root-28204::base::click|192:: Click Type: ClickType.JS
2025-12-08 08:30:02,510-DEBUG-root-28204::base::click|192:: Click Type: ClickType.JS
2025-12-08 08:30:03,518-DEBUG-root-28204::base::click|192:: Click Type: ClickType.JS
2025-12-08 08:30:04,526-DEBUG-root-28204::base::click|192:: Click Type: ClickType.JS
2025-12-08 08:30:05,535-DEBUG-root-28204::webapp_internal::close_screen_before_menu|368:: Closing screen before the menu
2025-12-08 08:30:05,578-DEBUG-root-28204::webapp_internal::close_warning_screen|1489:: Closing warning screen!
2025-12-08 08:30:06,627-DEBUG-root-28204::webapp_internal::check_screen_element|1291:: Checking screen element: "Atenção": False
2025-12-08 08:30:06,627-DEBUG-root-28204::webapp_internal::close_coin_screen|1424:: Closing coin screen!
2025-12-08 08:30:07,179-DEBUG-root-28204::base::click|192:: Click Type: ClickType.JS
2025-12-08 08:30:07,235-DEBUG-root-28204::webapp_internal::close_warning_screen|1489:: Closing warning screen!
2025-12-08 08:30:08,398-DEBUG-root-28204::webapp_internal::check_screen_element|1291:: Checking screen element: "Atenção": False
2025-12-08 08:30:08,399-DEBUG-root-28204::webapp_internal::close_coin_screen|1424:: Closing coin screen!
2025-12-08 08:30:08,911-INFO-root-28204::webapp_internal::set_log_info|1623:: Getting log info
2025-12-08 08:30:08,911-INFO-root-28204::webapp_internal::SetLateralMenu|4184:: Navigating lateral menu: Ajuda > Sobre
2025-12-08 08:30:08,969-DEBUG-root-28204::webapp_internal::wait_element|7623:: Waiting for element
2025-12-08 08:30:09,072-DEBUG-root-28204::webapp_internal::wait_element|7653:: Element found! Waiting for element to be displayed.
2025-12-08 08:30:09,455-INFO-root-28204::webapp_internal::SetLateralMenu|4203:: Menu item: "Ajuda"
2025-12-08 08:30:09,455-DEBUG-root-28204::webapp_internal::wait_blocker|2444:: Waiting blocker to continue...
2025-12-08 08:30:09,654-DEBUG-root-28204::webapp_internal::wait_blocker|2469:: Blocker status: False
2025-12-08 08:30:10,128-DEBUG-root-28204::webapp_internal::wait_element_timeout|7726:: Element found! Waiting for element to be displayed.
2025-12-08 08:30:10,543-DEBUG-root-28204::webapp_internal::wait_blocker|2444:: Waiting blocker to continue...
2025-12-08 08:30:10,622-DEBUG-root-28204::webapp_internal::wait_blocker|2469:: Blocker status: False
2025-12-08 08:30:12,930-INFO-root-28204::webapp_internal::SetLateralMenu|4203:: Menu item: "Sobre"
2025-12-08 08:30:12,930-DEBUG-root-28204::webapp_internal::wait_blocker|2444:: Waiting blocker to continue...
2025-12-08 08:30:12,996-DEBUG-root-28204::webapp_internal::wait_blocker|2469:: Blocker status: False
2025-12-08 08:30:13,462-DEBUG-root-28204::webapp_internal::wait_element_timeout|7726:: Element found! Waiting for element to be displayed.
2025-12-08 08:30:13,851-DEBUG-root-28204::webapp_internal::wait_blocker|2444:: Waiting blocker to continue...
2025-12-08 08:30:13,923-DEBUG-root-28204::webapp_internal::wait_blocker|2469:: Blocker status: False
2025-12-08 08:30:16,569-DEBUG-root-28204::webapp_internal::wait_blocker|2444:: Waiting blocker to continue...
2025-12-08 08:30:16,635-DEBUG-root-28204::webapp_internal::wait_blocker|2469:: Blocker status: False
2025-12-08 08:30:16,701-DEBUG-root-28204::webapp_internal::wait_element|7623:: Waiting for element
2025-12-08 08:30:16,742-DEBUG-root-28204::webapp_internal::wait_element|7653:: Element found! Waiting for element to be displayed.
2025-12-08 08:30:16,909-INFO-root-28204::webapp_internal::SetButton|4444:: Clicking on Fechar
2025-12-08 08:30:16,909-DEBUG-root-28204::webapp_internal::wait_blocker|2444:: Waiting blocker to continue...
2025-12-08 08:30:16,979-DEBUG-root-28204::webapp_internal::wait_blocker|2469:: Blocker status: False
2025-12-08 08:30:17,159-DEBUG-root-28204::webapp_internal::wait_element_timeout|7726:: Element found! Waiting for element to be displayed.
2025-12-08 08:30:17,226-DEBUG-root-28204::webapp_internal::SetButton|4481:: ***System Info*** Before Clicking on button:Fechar
2025-12-08 08:30:17,226-DEBUG-root-28204::psutil_info::system_info|5:: CPU USAGE: 8.1%
2025-12-08 08:30:17,228-DEBUG-root-28204::psutil_info::system_info|6:: MEMORY USAGE: 87.7%
2025-12-08 08:30:17,228-DEBUG-root-28204::psutil_info::system_info|7:: MEMORY AVAILABLE: 12.33%
2025-12-08 08:30:17,390-DEBUG-root-28204::webapp_internal::wait_element_timeout|7726:: Element found! Waiting for element to be displayed.
2025-12-08 08:30:17,525-DEBUG-root-28204::webapp_internal::wait_blocker|2444:: Waiting blocker to continue...
2025-12-08 08:30:17,593-DEBUG-root-28204::webapp_internal::wait_blocker|2469:: Blocker status: False
2025-12-08 08:30:17,610-DEBUG-root-28204::webapp_internal::wait_blocker|2444:: Waiting blocker to continue...
2025-12-08 08:30:17,686-DEBUG-root-28204::webapp_internal::wait_blocker|2469:: Blocker status: False
2025-12-08 08:30:17,686-DEBUG-root-28204::webapp_internal::send_action|10480:: Trying to send action
2025-12-08 08:30:17,688-DEBUG-root-28204::base::click|192:: Click Type: ClickType.JS
2025-12-08 08:30:18,718-DEBUG-root-28204::webapp_internal::send_action|10522:: send_action method result = True
2025-12-08 08:30:18,718-DEBUG-root-28204::webapp_internal::send_action|10523:: send_action selenium status: False
2025-12-08 08:30:18,719-DEBUG-root-28204::webapp_internal::SetButton|4683:: ***System Info*** After Clicking on button:
2025-12-08 08:30:18,719-DEBUG-root-28204::psutil_info::system_info|5:: CPU USAGE: 4.5%
2025-12-08 08:30:18,719-DEBUG-root-28204::psutil_info::system_info|6:: MEMORY USAGE: 87.4%
2025-12-08 08:30:18,720-DEBUG-root-28204::psutil_info::system_info|7:: MEMORY AVAILABLE: 12.56%
2025-12-08 08:30:18,720-DEBUG-root-28204::webapp_internal::wait_element|7623:: Waiting for element
2025-12-08 08:30:18,813-INFO-root-28204::webapp_internal::SetLateralMenu|4184:: Navigating lateral menu: Atualizações > Gestao de Viagens > Solicitações
2025-12-08 08:30:18,824-DEBUG-root-28204::webapp_internal::wait_element|7623:: Waiting for element
2025-12-08 08:30:18,866-DEBUG-root-28204::webapp_internal::wait_element|7653:: Element found! Waiting for element to be displayed.
2025-12-08 08:30:19,025-INFO-root-28204::webapp_internal::SetLateralMenu|4203:: Menu item: "Atualizações"
2025-12-08 08:30:19,026-DEBUG-root-28204::webapp_internal::wait_blocker|2444:: Waiting blocker to continue...
2025-12-08 08:30:19,083-DEBUG-root-28204::webapp_internal::wait_blocker|2469:: Blocker status: False
2025-12-08 08:30:19,492-DEBUG-root-28204::webapp_internal::wait_element_timeout|7726:: Element found! Waiting for element to be displayed.
2025-12-08 08:30:19,848-DEBUG-root-28204::webapp_internal::wait_blocker|2444:: Waiting blocker to continue...
2025-12-08 08:30:19,912-DEBUG-root-28204::webapp_internal::wait_blocker|2469:: Blocker status: False
2025-12-08 08:30:22,202-INFO-root-28204::webapp_internal::SetLateralMenu|4203:: Menu item: "Gestao de Viagens"
2025-12-08 08:30:22,202-DEBUG-root-28204::webapp_internal::wait_blocker|2444:: Waiting blocker to continue...
2025-12-08 08:30:22,288-DEBUG-root-28204::webapp_internal::wait_blocker|2469:: Blocker status: False
2025-12-08 08:30:23,102-DEBUG-root-28204::webapp_internal::wait_element_timeout|7726:: Element found! Waiting for element to be displayed.
2025-12-08 08:30:23,828-DEBUG-root-28204::webapp_internal::wait_blocker|2444:: Waiting blocker to continue...
2025-12-08 08:30:23,920-DEBUG-root-28204::webapp_internal::wait_blocker|2469:: Blocker status: False
2025-12-08 08:30:26,217-INFO-root-28204::webapp_internal::SetLateralMenu|4203:: Menu item: "Solicitações"
2025-12-08 08:30:26,217-DEBUG-root-28204::webapp_internal::wait_blocker|2444:: Waiting blocker to continue...
2025-12-08 08:30:26,301-DEBUG-root-28204::webapp_internal::wait_blocker|2469:: Blocker status: False
2025-12-08 08:30:27,130-DEBUG-root-28204::webapp_internal::wait_element_timeout|7726:: Element found! Waiting for element to be displayed.
2025-12-08 08:30:27,970-DEBUG-root-28204::webapp_internal::wait_blocker|2444:: Waiting blocker to continue...
2025-12-08 08:30:28,044-DEBUG-root-28204::webapp_internal::wait_blocker|2469:: Blocker status: False
2025-12-08 08:30:31,446-DEBUG-root-28204::webapp_internal::wait_blocker|2444:: Waiting blocker to continue...
2025-12-08 08:30:31,528-DEBUG-root-28204::webapp_internal::wait_blocker|2469:: Blocker status: False
2025-12-08 08:30:31,606-INFO-root-28204::webapp_internal::WaitShow|4980:: Waiting show text 'Este ambiente utiliza base de Homologação.'...
2025-12-08 08:30:37,412-INFO-root-28204::webapp_internal::WaitShow|4980:: Waiting show text 'Moedas'...
2025-12-08 08:30:42,923-INFO-root-28204::webapp_internal::WaitShow|4980:: Waiting show text 'Solicitação de Viagens/Treinamento'...
2025-12-08 08:30:42,976-INFO-root-28204::webapp_internal::WaitShow|4996:: Text found! 
2025-12-08 08:30:42,976-INFO-root-28204::webapp_internal::SetButton|4444:: Clicking on Incluir
2025-12-08 08:30:42,976-DEBUG-root-28204::webapp_internal::wait_blocker|2444:: Waiting blocker to continue...
2025-12-08 08:30:43,069-DEBUG-root-28204::webapp_internal::wait_blocker|2469:: Blocker status: False
2025-12-08 08:30:43,442-DEBUG-root-28204::webapp_internal::wait_element_timeout|7726:: Element found! Waiting for element to be displayed.
2025-12-08 08:30:43,694-DEBUG-root-28204::webapp_internal::SetButton|4481:: ***System Info*** Before Clicking on button:Incluir
2025-12-08 08:30:43,695-DEBUG-root-28204::psutil_info::system_info|5:: CPU USAGE: 7.7%
2025-12-08 08:30:43,695-DEBUG-root-28204::psutil_info::system_info|6:: MEMORY USAGE: 88.6%
2025-12-08 08:30:43,695-DEBUG-root-28204::psutil_info::system_info|7:: MEMORY AVAILABLE: 11.35%
2025-12-08 08:30:44,063-DEBUG-root-28204::webapp_internal::wait_element_timeout|7726:: Element found! Waiting for element to be displayed.
2025-12-08 08:30:44,393-DEBUG-root-28204::webapp_internal::wait_blocker|2444:: Waiting blocker to continue...
2025-12-08 08:30:44,490-DEBUG-root-28204::webapp_internal::wait_blocker|2469:: Blocker status: False
2025-12-08 08:30:44,510-DEBUG-root-28204::webapp_internal::wait_blocker|2444:: Waiting blocker to continue...
2025-12-08 08:30:44,600-DEBUG-root-28204::webapp_internal::wait_blocker|2469:: Blocker status: False
2025-12-08 08:30:44,600-DEBUG-root-28204::webapp_internal::send_action|10480:: Trying to send action
2025-12-08 08:30:44,603-DEBUG-root-28204::base::click|192:: Click Type: ClickType.JS
2025-12-08 08:30:45,819-DEBUG-root-28204::webapp_internal::send_action|10522:: send_action method result = True
2025-12-08 08:30:45,819-DEBUG-root-28204::webapp_internal::send_action|10523:: send_action selenium status: True
2025-12-08 08:30:45,819-DEBUG-root-28204::webapp_internal::SetButton|4683:: ***System Info*** After Clicking on button:
2025-12-08 08:30:45,820-DEBUG-root-28204::psutil_info::system_info|5:: CPU USAGE: 8.7%
2025-12-08 08:30:45,820-DEBUG-root-28204::psutil_info::system_info|6:: MEMORY USAGE: 88.1%
2025-12-08 08:30:45,820-DEBUG-root-28204::psutil_info::system_info|7:: MEMORY AVAILABLE: 11.91%
2025-12-08 08:30:46,021-DEBUG-root-28204::webapp_internal::wait_blocker|2444:: Waiting blocker to continue...
2025-12-08 08:30:46,114-DEBUG-root-28204::webapp_internal::wait_blocker|2469:: Blocker status: False
2025-12-08 08:30:46,114-INFO-root-28204::webapp_internal::SearchBrowse|2003:: Searching: 02DF0001
2025-12-08 08:30:46,270-DEBUG-root-28204::webapp_internal::wait_element_timeout|7726:: Element found! Waiting for element to be displayed.
2025-12-08 08:30:46,355-DEBUG-root-28204::webapp_internal::wait_blocker|2444:: Waiting blocker to continue...
2025-12-08 08:30:46,452-DEBUG-root-28204::webapp_internal::wait_blocker|2469:: Blocker status: False
2025-12-08 08:30:46,459-DEBUG-root-28204::webapp_internal::wait_blocker|2444:: Waiting blocker to continue...
2025-12-08 08:30:46,556-DEBUG-root-28204::webapp_internal::wait_blocker|2469:: Blocker status: False
2025-12-08 08:30:46,556-INFO-root-28204::webapp_internal::fill_search_browse|2399:: Filling: 02DF0001
2025-12-08 08:30:46,568-DEBUG-root-28204::base::click|192:: Click Type: ClickType.JS
2025-12-08 08:30:47,652-DEBUG-root-28204::webapp_internal::wait_blocker|2444:: Waiting blocker to continue...
2025-12-08 08:30:47,755-DEBUG-root-28204::webapp_internal::wait_blocker|2469:: Blocker status: False
2025-12-08 08:30:47,757-DEBUG-root-28204::base::double_click|259:: Click Type: ClickType.SELENIUM
2025-12-08 08:30:47,762-WARNING-root-28204::base::double_click|280:: Warning double_click method Exception: Message: Element <button class="button-image" type="button"> is not clickable at point (1258,360) because another element <wa-button id="COMP6023" class="dict-tbutton focus"> obscures it
Stacktrace:
RemoteError@chrome://remote/content/shared/RemoteError.sys.mjs:8:8
WebDriverError@chrome://remote/content/shared/webdriver/Errors.sys.mjs:202:5
ElementClickInterceptedError@chrome://remote/content/shared/webdriver/Errors.sys.mjs:354:5
webdriverClickElement@chrome://remote/content/marionette/interaction.sys.mjs:175:11
interaction.clickElement@chrome://remote/content/marionette/interaction.sys.mjs:134:11
clickElement@chrome://remote/content/marionette/actors/MarionetteCommandsChild.sys.mjs:327:29
receiveMessage@chrome://remote/content/marionette/actors/MarionetteCommandsChild.sys.mjs:210:31

2025-12-08 08:30:48,071-INFO-root-28204::webapp_internal::SetButton|4444:: Clicking on OK
2025-12-08 08:30:48,071-DEBUG-root-28204::webapp_internal::wait_blocker|2444:: Waiting blocker to continue...
2025-12-08 08:30:48,189-DEBUG-root-28204::webapp_internal::wait_blocker|2469:: Blocker status: False
2025-12-08 08:30:48,491-DEBUG-root-28204::webapp_internal::wait_element_timeout|7726:: Element found! Waiting for element to be displayed.
2025-12-08 08:30:48,689-DEBUG-root-28204::webapp_internal::SetButton|4481:: ***System Info*** Before Clicking on button:OK
2025-12-08 08:30:48,689-DEBUG-root-28204::psutil_info::system_info|5:: CPU USAGE: 7.4%
2025-12-08 08:30:48,690-DEBUG-root-28204::psutil_info::system_info|6:: MEMORY USAGE: 88.3%
2025-12-08 08:30:48,690-DEBUG-root-28204::psutil_info::system_info|7:: MEMORY AVAILABLE: 11.73%
2025-12-08 08:30:48,960-DEBUG-root-28204::webapp_internal::wait_element_timeout|7726:: Element found! Waiting for element to be displayed.
2025-12-08 08:30:49,255-DEBUG-root-28204::webapp_internal::wait_blocker|2444:: Waiting blocker to continue...
2025-12-08 08:30:49,352-DEBUG-root-28204::webapp_internal::wait_blocker|2469:: Blocker status: False
2025-12-08 08:30:49,375-DEBUG-root-28204::webapp_internal::wait_blocker|2444:: Waiting blocker to continue...
2025-12-08 08:30:49,473-DEBUG-root-28204::webapp_internal::wait_blocker|2469:: Blocker status: False
2025-12-08 08:30:49,473-DEBUG-root-28204::webapp_internal::send_action|10480:: Trying to send action
2025-12-08 08:30:49,475-DEBUG-root-28204::base::click|192:: Click Type: ClickType.JS
2025-12-08 08:30:51,929-DEBUG-root-28204::webapp_internal::send_action|10522:: send_action method result = True
2025-12-08 08:30:51,929-DEBUG-root-28204::webapp_internal::send_action|10523:: send_action selenium status: True
2025-12-08 08:30:51,930-DEBUG-root-28204::webapp_internal::SetButton|4683:: ***System Info*** After Clicking on button:
2025-12-08 08:30:51,930-DEBUG-root-28204::psutil_info::system_info|5:: CPU USAGE: 9.7%
2025-12-08 08:30:51,930-DEBUG-root-28204::psutil_info::system_info|6:: MEMORY USAGE: 88.3%
2025-12-08 08:30:51,931-DEBUG-root-28204::psutil_info::system_info|7:: MEMORY AVAILABLE: 11.66%
2025-12-08 08:30:52,132-INFO-root-28204::webapp_internal::WaitShow|4980:: Waiting show text 'Solicitacoes de Viagens - INCLUIR'...
2025-12-08 08:30:52,353-INFO-root-28204::webapp_internal::WaitShow|4996:: Text found! 
2025-12-08 08:30:52,354-DEBUG-root-28204::webapp_internal::wait_blocker|2444:: Waiting blocker to continue...
2025-12-08 08:30:52,490-DEBUG-root-28204::webapp_internal::wait_blocker|2469:: Blocker status: False
2025-12-08 08:30:52,491-DEBUG-root-28204::webapp_internal::wait_element|7623:: Waiting for element
2025-12-08 08:30:52,571-DEBUG-root-28204::webapp_internal::wait_element|7653:: Element found! Waiting for element to be displayed.
2025-12-08 08:30:52,666-INFO-root-28204::webapp_internal::input_value|2941:: Looking for element: ZV3_DESCRI
2025-12-08 08:30:52,851-INFO-root-28204::webapp_internal::input_value|2951:: Element: ZV3_DESCRI Found!
2025-12-08 08:30:52,852-INFO-root-28204::webapp_internal::input_value|2953:: Filling element: ZV3_DESCRI
2025-12-08 08:30:52,877-DEBUG-root-28204::webapp_internal::get_web_value|3232:: Current value:                                                   
2025-12-08 08:30:52,912-DEBUG-root-28204::base::double_click|259:: Click Type: ClickType.SELENIUM
2025-12-08 08:30:53,173-DEBUG-root-28204::webapp_internal::wait_blocker|2444:: Waiting blocker to continue...
2025-12-08 08:30:53,310-DEBUG-root-28204::webapp_internal::wait_blocker|2469:: Blocker status: False
2025-12-08 08:30:53,704-DEBUG-root-28204::webapp_internal::get_web_value|3232:: Current value: USO PARA TESTE AUTOMATIZADO                       
2025-12-08 08:30:53,704-INFO-root-28204::webapp_internal::input_value|3059:: Current field value: USO PARA TESTE AUTOMATIZADO
2025-12-08 08:30:53,735-DEBUG-root-28204::webapp_internal::wait_blocker|2444:: Waiting blocker to continue...
2025-12-08 08:30:53,892-DEBUG-root-28204::webapp_internal::wait_blocker|2469:: Blocker status: False
2025-12-08 08:30:53,892-DEBUG-root-28204::webapp_internal::wait_element|7623:: Waiting for element
2025-12-08 08:30:53,992-DEBUG-root-28204::webapp_internal::wait_element|7653:: Element found! Waiting for element to be displayed.
2025-12-08 08:30:54,061-INFO-root-28204::webapp_internal::input_value|2941:: Looking for element: ZV3_DTINI
2025-12-08 08:30:54,244-INFO-root-28204::webapp_internal::input_value|2951:: Element: ZV3_DTINI Found!
2025-12-08 08:30:54,244-INFO-root-28204::webapp_internal::input_value|2953:: Filling element: ZV3_DTINI
2025-12-08 08:30:54,276-DEBUG-root-28204::webapp_internal::get_web_value|3232:: Current value:   /  /    
2025-12-08 08:30:54,313-DEBUG-root-28204::base::double_click|259:: Click Type: ClickType.SELENIUM
2025-12-08 08:30:54,573-DEBUG-root-28204::webapp_internal::wait_blocker|2444:: Waiting blocker to continue...
2025-12-08 08:30:54,709-DEBUG-root-28204::webapp_internal::wait_blocker|2469:: Blocker status: False
2025-12-08 08:30:55,039-DEBUG-root-28204::webapp_internal::get_web_value|3232:: Current value: 21/12/2025
2025-12-08 08:30:55,039-INFO-root-28204::webapp_internal::input_value|3059:: Current field value: 21122025
2025-12-08 08:30:55,046-DEBUG-root-28204::webapp_internal::wait_blocker|2444:: Waiting blocker to continue...
2025-12-08 08:30:55,185-DEBUG-root-28204::webapp_internal::wait_blocker|2469:: Blocker status: False
2025-12-08 08:30:55,185-DEBUG-root-28204::webapp_internal::wait_element|7623:: Waiting for element
2025-12-08 08:30:55,306-DEBUG-root-28204::webapp_internal::wait_element|7653:: Element found! Waiting for element to be displayed.
2025-12-08 08:30:55,375-INFO-root-28204::webapp_internal::input_value|2941:: Looking for element: ZV3_DTFIM
2025-12-08 08:30:55,539-INFO-root-28204::webapp_internal::input_value|2951:: Element: ZV3_DTFIM Found!
2025-12-08 08:30:55,539-INFO-root-28204::webapp_internal::input_value|2953:: Filling element: ZV3_DTFIM
2025-12-08 08:30:55,571-DEBUG-root-28204::webapp_internal::get_web_value|3232:: Current value:   /  /    
2025-12-08 08:30:55,607-DEBUG-root-28204::base::double_click|259:: Click Type: ClickType.SELENIUM
2025-12-08 08:30:55,853-DEBUG-root-28204::webapp_internal::wait_blocker|2444:: Waiting blocker to continue...
2025-12-08 08:30:55,988-DEBUG-root-28204::webapp_internal::wait_blocker|2469:: Blocker status: False
2025-12-08 08:30:56,322-DEBUG-root-28204::webapp_internal::get_web_value|3232:: Current value: 28/12/2025
2025-12-08 08:30:56,323-INFO-root-28204::webapp_internal::input_value|3059:: Current field value: 28122025
2025-12-08 08:30:57,336-DEBUG-root-28204::webapp_internal::wait_blocker|2444:: Waiting blocker to continue...
2025-12-08 08:30:57,484-DEBUG-root-28204::webapp_internal::wait_blocker|2469:: Blocker status: False
2025-12-08 08:30:57,484-DEBUG-root-28204::webapp_internal::wait_element|7623:: Waiting for element
2025-12-08 08:30:57,574-DEBUG-root-28204::webapp_internal::wait_element|7653:: Element found! Waiting for element to be displayed.
2025-12-08 08:30:57,643-INFO-root-28204::webapp_internal::input_value|2941:: Looking for element: ZV3_CC
2025-12-08 08:30:57,821-INFO-root-28204::webapp_internal::input_value|2951:: Element: ZV3_CC Found!
2025-12-08 08:30:57,821-INFO-root-28204::webapp_internal::input_value|2953:: Filling element: ZV3_CC
2025-12-08 08:30:57,864-DEBUG-root-28204::webapp_internal::get_web_value|3232:: Current value:          
2025-12-08 08:30:57,921-DEBUG-root-28204::base::double_click|259:: Click Type: ClickType.SELENIUM
2025-12-08 08:30:58,171-DEBUG-root-28204::webapp_internal::wait_blocker|2444:: Waiting blocker to continue...
2025-12-08 08:30:58,319-DEBUG-root-28204::webapp_internal::wait_blocker|2469:: Blocker status: False
2025-12-08 08:30:58,662-DEBUG-root-28204::webapp_internal::get_web_value|3232:: Current value: 000000677
2025-12-08 08:30:58,662-INFO-root-28204::webapp_internal::input_value|3059:: Current field value: 000000677
2025-12-08 08:30:58,674-DEBUG-root-28204::webapp_internal::wait_blocker|2444:: Waiting blocker to continue...
2025-12-08 08:30:58,817-DEBUG-root-28204::webapp_internal::wait_blocker|2469:: Blocker status: False
2025-12-08 08:30:58,818-DEBUG-root-28204::webapp_internal::wait_element|7623:: Waiting for element
2025-12-08 08:30:58,903-DEBUG-root-28204::webapp_internal::wait_element|7653:: Element found! Waiting for element to be displayed.
2025-12-08 08:30:58,973-INFO-root-28204::webapp_internal::input_value|2941:: Looking for element: ZV3_TIPO
2025-12-08 08:30:59,127-INFO-root-28204::webapp_internal::input_value|2951:: Element: ZV3_TIPO Found!
2025-12-08 08:30:59,127-INFO-root-28204::webapp_internal::input_value|2953:: Filling element: ZV3_TIPO
2025-12-08 08:31:00,306-INFO-root-28204::base::select_combo|871:: Selected value for combo is: 1 - Servico
2025-12-08 08:31:00,347-DEBUG-root-28204::webapp_internal::wait_blocker|2444:: Waiting blocker to continue...
2025-12-08 08:31:00,480-DEBUG-root-28204::webapp_internal::wait_blocker|2469:: Blocker status: False
2025-12-08 08:31:00,481-DEBUG-root-28204::webapp_internal::wait_element|7623:: Waiting for element
2025-12-08 08:31:00,604-DEBUG-root-28204::webapp_internal::wait_element|7653:: Element found! Waiting for element to be displayed.
2025-12-08 08:31:00,672-INFO-root-28204::webapp_internal::input_value|2941:: Looking for element: ZV3_OBS
2025-12-08 08:31:00,829-INFO-root-28204::webapp_internal::input_value|2951:: Element: ZV3_OBS Found!
2025-12-08 08:31:00,829-INFO-root-28204::webapp_internal::input_value|2953:: Filling element: ZV3_OBS
2025-12-08 08:31:00,858-DEBUG-root-28204::webapp_internal::get_web_value|3232:: Current value: 
2025-12-08 08:31:00,879-DEBUG-root-28204::base::double_click|259:: Click Type: ClickType.SELENIUM
2025-12-08 08:31:01,135-DEBUG-root-28204::webapp_internal::wait_blocker|2444:: Waiting blocker to continue...
2025-12-08 08:31:01,269-DEBUG-root-28204::webapp_internal::wait_blocker|2469:: Blocker status: False
2025-12-08 08:31:01,663-DEBUG-root-28204::webapp_internal::get_web_value|3232:: Current value: TESTE DE SOLICITAÇÃO DE VIAGEM
2025-12-08 08:31:01,663-INFO-root-28204::webapp_internal::input_value|3059:: Current field value: TESTE DE SOLICITAÇÃO DE VIAGEM
2025-12-08 08:31:01,681-DEBUG-root-28204::webapp_internal::wait_blocker|2444:: Waiting blocker to continue...
2025-12-08 08:31:01,830-DEBUG-root-28204::webapp_internal::wait_blocker|2469:: Blocker status: False
2025-12-08 08:31:01,831-INFO-root-28204::webapp_internal::SetKey|5822:: Key pressed: TAB
2025-12-08 08:31:01,831-DEBUG-root-28204::webapp_internal::SetKey|5857:: Trying press key
2025-12-08 08:31:01,977-DEBUG-root-28204::webapp_internal::wait_blocker|2444:: Waiting blocker to continue...
2025-12-08 08:31:02,147-DEBUG-root-28204::webapp_internal::wait_blocker|2469:: Blocker status: False
2025-12-08 08:31:02,182-DEBUG-root-28204::webapp_internal::wait_blocker|2444:: Waiting blocker to continue...
2025-12-08 08:31:02,310-DEBUG-root-28204::webapp_internal::wait_blocker|2469:: Blocker status: False
2025-12-08 08:31:02,310-DEBUG-root-28204::webapp_internal::send_action|10480:: Trying to send action
2025-12-08 08:31:03,357-DEBUG-root-28204::webapp_internal::send_action|10522:: send_action method result = True
2025-12-08 08:31:03,357-DEBUG-root-28204::webapp_internal::send_action|10523:: send_action selenium status: False
2025-12-08 08:31:03,358-DEBUG-root-28204::webapp_internal::wait_element|7623:: Waiting for element
2025-12-08 08:31:03,471-DEBUG-root-28204::webapp_internal::wait_element|7653:: Element found! Waiting for element to be displayed.
2025-12-08 08:31:03,786-DEBUG-root-28204::webapp_internal::wait_blocker|2444:: Waiting blocker to continue...
2025-12-08 08:31:03,945-DEBUG-root-28204::webapp_internal::wait_blocker|2469:: Blocker status: False
2025-12-08 08:31:03,945-INFO-root-28204::webapp_internal::LoadGrid|6298:: Filling grid field: Favorecido
2025-12-08 08:31:03,945-DEBUG-root-28204::webapp_internal::fill_grid|6399:: Grid loading...
2025-12-08 08:31:04,168-DEBUG-root-28204::webapp_internal::fill_grid|6466:: Column found!
2025-12-08 08:31:04,209-DEBUG-root-28204::base::click|192:: Click Type: ClickType.ACTIONCHAINS
2025-12-08 08:31:04,515-DEBUG-root-28204::webapp_internal::fill_grid|6486:: Trying to select cell in grid!
2025-12-08 08:31:04,521-DEBUG-root-28204::base::click|192:: Click Type: ClickType.ACTIONCHAINS
2025-12-08 08:31:04,794-DEBUG-root-28204::webapp_internal::fill_grid|6486:: Trying to select cell in grid!
2025-12-08 08:31:04,796-DEBUG-root-28204::base::click|192:: Click Type: ClickType.ACTIONCHAINS
2025-12-08 08:31:05,091-DEBUG-root-28204::webapp_internal::fill_grid|6486:: Trying to select cell in grid!
2025-12-08 08:31:05,093-DEBUG-root-28204::base::click|192:: Click Type: ClickType.ACTIONCHAINS
2025-12-08 08:31:05,386-DEBUG-root-28204::webapp_internal::fill_grid|6486:: Trying to select cell in grid!
2025-12-08 08:31:05,388-DEBUG-root-28204::base::click|192:: Click Type: ClickType.ACTIONCHAINS
2025-12-08 08:31:05,676-DEBUG-root-28204::webapp_internal::fill_grid|6486:: Trying to select cell in grid!
2025-12-08 08:31:05,678-DEBUG-root-28204::base::click|192:: Click Type: ClickType.ACTIONCHAINS
2025-12-08 08:31:05,976-DEBUG-root-28204::webapp_internal::fill_grid|6486:: Trying to select cell in grid!
2025-12-08 08:31:05,978-DEBUG-root-28204::base::click|192:: Click Type: ClickType.ACTIONCHAINS
2025-12-08 08:31:06,272-DEBUG-root-28204::webapp_internal::fill_grid|6486:: Trying to select cell in grid!
2025-12-08 08:31:06,274-DEBUG-root-28204::base::click|192:: Click Type: ClickType.ACTIONCHAINS
2025-12-08 08:31:06,563-DEBUG-root-28204::webapp_internal::fill_grid|6486:: Trying to select cell in grid!
2025-12-08 08:31:06,568-DEBUG-root-28204::base::click|192:: Click Type: ClickType.ACTIONCHAINS
2025-12-08 08:31:06,860-DEBUG-root-28204::webapp_internal::fill_grid|6486:: Trying to select cell in grid!
2025-12-08 08:31:06,864-DEBUG-root-28204::base::click|192:: Click Type: ClickType.ACTIONCHAINS
2025-12-08 08:31:07,153-DEBUG-root-28204::webapp_internal::fill_grid|6486:: Trying to select cell in grid!
2025-12-08 08:31:07,155-DEBUG-root-28204::base::click|192:: Click Type: ClickType.ACTIONCHAINS
2025-12-08 08:31:07,444-DEBUG-root-28204::webapp_internal::fill_grid|6486:: Trying to select cell in grid!
2025-12-08 08:31:07,452-DEBUG-root-28204::base::click|192:: Click Type: ClickType.ACTIONCHAINS
2025-12-08 08:31:07,738-DEBUG-root-28204::webapp_internal::fill_grid|6486:: Trying to select cell in grid!
2025-12-08 08:31:07,740-DEBUG-root-28204::base::click|192:: Click Type: ClickType.ACTIONCHAINS
2025-12-08 08:31:08,028-DEBUG-root-28204::webapp_internal::fill_grid|6486:: Trying to select cell in grid!
2025-12-08 08:31:08,030-DEBUG-root-28204::base::click|192:: Click Type: ClickType.ACTIONCHAINS
2025-12-08 08:31:08,325-DEBUG-root-28204::webapp_internal::fill_grid|6486:: Trying to select cell in grid!
2025-12-08 08:31:08,326-DEBUG-root-28204::base::click|192:: Click Type: ClickType.ACTIONCHAINS
2025-12-08 08:31:08,621-DEBUG-root-28204::webapp_internal::fill_grid|6486:: Trying to select cell in grid!
2025-12-08 08:31:08,623-DEBUG-root-28204::base::click|192:: Click Type: ClickType.ACTIONCHAINS
2025-12-08 08:31:08,885-DEBUG-root-28204::webapp_internal::fill_grid|6486:: Trying to select cell in grid!
2025-12-08 08:31:08,888-DEBUG-root-28204::base::click|192:: Click Type: ClickType.ACTIONCHAINS
2025-12-08 08:31:09,176-DEBUG-root-28204::webapp_internal::fill_grid|6486:: Trying to select cell in grid!
2025-12-08 08:31:09,180-DEBUG-root-28204::base::click|192:: Click Type: ClickType.ACTIONCHAINS
2025-12-08 08:31:09,473-DEBUG-root-28204::webapp_internal::fill_grid|6486:: Trying to select cell in grid!
2025-12-08 08:31:09,475-DEBUG-root-28204::base::click|192:: Click Type: ClickType.ACTIONCHAINS
2025-12-08 08:31:09,738-DEBUG-root-28204::webapp_internal::fill_grid|6486:: Trying to select cell in grid!
2025-12-08 08:31:09,740-DEBUG-root-28204::base::click|192:: Click Type: ClickType.ACTIONCHAINS
2025-12-08 08:31:10,002-DEBUG-root-28204::webapp_internal::fill_grid|6486:: Trying to select cell in grid!
2025-12-08 08:31:10,005-DEBUG-root-28204::base::click|192:: Click Type: ClickType.ACTIONCHAINS
2025-12-08 08:31:10,294-DEBUG-root-28204::webapp_internal::fill_grid|6486:: Trying to select cell in grid!
2025-12-08 08:31:10,296-DEBUG-root-28204::base::click|192:: Click Type: ClickType.ACTIONCHAINS
2025-12-08 08:31:10,597-DEBUG-root-28204::webapp_internal::fill_grid|6486:: Trying to select cell in grid!
2025-12-08 08:31:10,603-DEBUG-root-28204::base::click|192:: Click Type: ClickType.ACTIONCHAINS
2025-12-08 08:31:10,885-DEBUG-root-28204::webapp_internal::fill_grid|6486:: Trying to select cell in grid!
2025-12-08 08:31:10,887-DEBUG-root-28204::base::click|192:: Click Type: ClickType.ACTIONCHAINS
2025-12-08 08:31:11,178-DEBUG-root-28204::webapp_internal::fill_grid|6486:: Trying to select cell in grid!
2025-12-08 08:31:11,180-DEBUG-root-28204::base::click|192:: Click Type: ClickType.ACTIONCHAINS
2025-12-08 08:31:11,474-DEBUG-root-28204::webapp_internal::fill_grid|6486:: Trying to select cell in grid!
2025-12-08 08:31:11,476-DEBUG-root-28204::base::click|192:: Click Type: ClickType.ACTIONCHAINS
2025-12-08 08:31:11,770-DEBUG-root-28204::webapp_internal::fill_grid|6486:: Trying to select cell in grid!
2025-12-08 08:31:11,771-DEBUG-root-28204::base::click|192:: Click Type: ClickType.ACTIONCHAINS
2025-12-08 08:31:12,035-DEBUG-root-28204::webapp_internal::fill_grid|6486:: Trying to select cell in grid!
2025-12-08 08:31:12,037-DEBUG-root-28204::base::click|192:: Click Type: ClickType.ACTIONCHAINS
2025-12-08 08:31:12,326-DEBUG-root-28204::webapp_internal::fill_grid|6486:: Trying to select cell in grid!
2025-12-08 08:31:12,328-DEBUG-root-28204::base::click|192:: Click Type: ClickType.ACTIONCHAINS
2025-12-08 08:31:12,592-DEBUG-root-28204::webapp_internal::fill_grid|6486:: Trying to select cell in grid!
2025-12-08 08:31:12,594-DEBUG-root-28204::base::click|192:: Click Type: ClickType.ACTIONCHAINS
2025-12-08 08:31:12,892-DEBUG-root-28204::webapp_internal::fill_grid|6486:: Trying to select cell in grid!
2025-12-08 08:31:12,894-DEBUG-root-28204::base::click|192:: Click Type: ClickType.ACTIONCHAINS
2025-12-08 08:31:13,185-DEBUG-root-28204::webapp_internal::fill_grid|6486:: Trying to select cell in grid!
2025-12-08 08:31:13,187-DEBUG-root-28204::base::click|192:: Click Type: ClickType.ACTIONCHAINS
2025-12-08 08:31:13,451-DEBUG-root-28204::webapp_internal::fill_grid|6486:: Trying to select cell in grid!
2025-12-08 08:31:13,454-DEBUG-root-28204::base::click|192:: Click Type: ClickType.ACTIONCHAINS
2025-12-08 08:31:13,742-DEBUG-root-28204::webapp_internal::fill_grid|6486:: Trying to select cell in grid!
2025-12-08 08:31:13,744-DEBUG-root-28204::base::click|192:: Click Type: ClickType.ACTIONCHAINS
2025-12-08 08:31:14,041-DEBUG-root-28204::webapp_internal::fill_grid|6486:: Trying to select cell in grid!
2025-12-08 08:31:14,043-DEBUG-root-28204::base::click|192:: Click Type: ClickType.ACTIONCHAINS
2025-12-08 08:31:14,335-DEBUG-root-28204::webapp_internal::fill_grid|6486:: Trying to select cell in grid!
2025-12-08 08:31:14,337-DEBUG-root-28204::base::click|192:: Click Type: ClickType.ACTIONCHAINS
2025-12-08 08:31:14,627-DEBUG-root-28204::webapp_internal::fill_grid|6486:: Trying to select cell in grid!
2025-12-08 08:31:14,629-DEBUG-root-28204::base::click|192:: Click Type: ClickType.ACTIONCHAINS
2025-12-08 08:31:14,924-DEBUG-root-28204::webapp_internal::fill_grid|6486:: Trying to select cell in grid!
2025-12-08 08:31:14,926-DEBUG-root-28204::base::click|192:: Click Type: ClickType.ACTIONCHAINS
2025-12-08 08:31:15,219-DEBUG-root-28204::webapp_internal::fill_grid|6486:: Trying to select cell in grid!
2025-12-08 08:31:15,222-DEBUG-root-28204::base::click|192:: Click Type: ClickType.ACTIONCHAINS
2025-12-08 08:31:15,512-DEBUG-root-28204::webapp_internal::fill_grid|6486:: Trying to select cell in grid!
2025-12-08 08:31:15,518-DEBUG-root-28204::base::click|192:: Click Type: ClickType.ACTIONCHAINS
2025-12-08 08:31:15,806-DEBUG-root-28204::webapp_internal::fill_grid|6486:: Trying to select cell in grid!
2025-12-08 08:31:15,809-DEBUG-root-28204::base::click|192:: Click Type: ClickType.ACTIONCHAINS
2025-12-08 08:31:16,090-DEBUG-root-28204::webapp_internal::fill_grid|6486:: Trying to select cell in grid!
2025-12-08 08:31:16,091-DEBUG-root-28204::base::click|192:: Click Type: ClickType.ACTIONCHAINS
2025-12-08 08:31:16,356-DEBUG-root-28204::webapp_internal::fill_grid|6486:: Trying to select cell in grid!
2025-12-08 08:31:16,358-DEBUG-root-28204::base::click|192:: Click Type: ClickType.ACTIONCHAINS
2025-12-08 08:31:16,651-DEBUG-root-28204::webapp_internal::fill_grid|6486:: Trying to select cell in grid!
2025-12-08 08:31:16,653-DEBUG-root-28204::base::click|192:: Click Type: ClickType.ACTIONCHAINS
2025-12-08 08:31:16,946-DEBUG-root-28204::webapp_internal::fill_grid|6486:: Trying to select cell in grid!
2025-12-08 08:31:16,947-DEBUG-root-28204::base::click|192:: Click Type: ClickType.ACTIONCHAINS
2025-12-08 08:31:17,226-DEBUG-root-28204::webapp_internal::fill_grid|6486:: Trying to select cell in grid!
2025-12-08 08:31:17,229-DEBUG-root-28204::base::click|192:: Click Type: ClickType.ACTIONCHAINS
2025-12-08 08:31:17,491-DEBUG-root-28204::webapp_internal::fill_grid|6486:: Trying to select cell in grid!
2025-12-08 08:31:17,493-DEBUG-root-28204::base::click|192:: Click Type: ClickType.ACTIONCHAINS
2025-12-08 08:31:17,785-DEBUG-root-28204::webapp_internal::fill_grid|6486:: Trying to select cell in grid!
2025-12-08 08:31:17,787-DEBUG-root-28204::base::click|192:: Click Type: ClickType.ACTIONCHAINS
2025-12-08 08:31:18,052-DEBUG-root-28204::webapp_internal::fill_grid|6486:: Trying to select cell in grid!
2025-12-08 08:31:18,053-DEBUG-root-28204::base::click|192:: Click Type: ClickType.ACTIONCHAINS
2025-12-08 08:31:18,344-DEBUG-root-28204::webapp_internal::fill_grid|6486:: Trying to select cell in grid!
2025-12-08 08:31:18,346-DEBUG-root-28204::base::click|192:: Click Type: ClickType.ACTIONCHAINS
2025-12-08 08:31:18,612-DEBUG-root-28204::webapp_internal::fill_grid|6486:: Trying to select cell in grid!
2025-12-08 08:31:18,618-DEBUG-root-28204::base::click|192:: Click Type: ClickType.ACTIONCHAINS
2025-12-08 08:31:18,905-DEBUG-root-28204::webapp_internal::fill_grid|6486:: Trying to select cell in grid!
2025-12-08 08:31:18,908-DEBUG-root-28204::base::click|192:: Click Type: ClickType.ACTIONCHAINS
2025-12-08 08:31:19,173-DEBUG-root-28204::webapp_internal::fill_grid|6486:: Trying to select cell in grid!
2025-12-08 08:31:19,175-DEBUG-root-28204::base::click|192:: Click Type: ClickType.ACTIONCHAINS
2025-12-08 08:31:19,445-DEBUG-root-28204::webapp_internal::fill_grid|6486:: Trying to select cell in grid!
2025-12-08 08:31:19,451-DEBUG-root-28204::base::click|192:: Click Type: ClickType.ACTIONCHAINS
2025-12-08 08:31:19,737-DEBUG-root-28204::webapp_internal::fill_grid|6486:: Trying to select cell in grid!
2025-12-08 08:31:19,739-DEBUG-root-28204::base::click|192:: Click Type: ClickType.ACTIONCHAINS
2025-12-08 08:31:20,035-DEBUG-root-28204::webapp_internal::fill_grid|6486:: Trying to select cell in grid!
2025-12-08 08:31:20,038-DEBUG-root-28204::base::click|192:: Click Type: ClickType.ACTIONCHAINS
2025-12-08 08:31:20,329-DEBUG-root-28204::webapp_internal::fill_grid|6486:: Trying to select cell in grid!
2025-12-08 08:31:20,334-DEBUG-root-28204::base::click|192:: Click Type: ClickType.ACTIONCHAINS
2025-12-08 08:31:20,626-DEBUG-root-28204::webapp_internal::fill_grid|6486:: Trying to select cell in grid!
2025-12-08 08:31:20,628-DEBUG-root-28204::base::click|192:: Click Type: ClickType.ACTIONCHAINS
2025-12-08 08:31:20,924-DEBUG-root-28204::webapp_internal::fill_grid|6486:: Trying to select cell in grid!
2025-12-08 08:31:20,926-DEBUG-root-28204::base::click|192:: Click Type: ClickType.ACTIONCHAINS
2025-12-08 08:31:21,221-DEBUG-root-28204::webapp_internal::fill_grid|6486:: Trying to select cell in grid!
2025-12-08 08:31:21,223-DEBUG-root-28204::base::click|192:: Click Type: ClickType.ACTIONCHAINS
2025-12-08 08:31:21,513-DEBUG-root-28204::webapp_internal::fill_grid|6486:: Trying to select cell in grid!
2025-12-08 08:31:21,518-DEBUG-root-28204::base::click|192:: Click Type: ClickType.ACTIONCHAINS
2025-12-08 08:31:21,810-DEBUG-root-28204::webapp_internal::fill_grid|6486:: Trying to select cell in grid!
2025-12-08 08:31:21,812-DEBUG-root-28204::base::click|192:: Click Type: ClickType.ACTIONCHAINS
2025-12-08 08:31:22,075-DEBUG-root-28204::webapp_internal::fill_grid|6486:: Trying to select cell in grid!
2025-12-08 08:31:22,078-DEBUG-root-28204::base::click|192:: Click Type: ClickType.ACTIONCHAINS
2025-12-08 08:31:22,374-DEBUG-root-28204::webapp_internal::fill_grid|6486:: Trying to select cell in grid!
2025-12-08 08:31:22,376-DEBUG-root-28204::base::click|192:: Click Type: ClickType.ACTIONCHAINS
2025-12-08 08:31:22,669-DEBUG-root-28204::webapp_internal::fill_grid|6486:: Trying to select cell in grid!
2025-12-08 08:31:22,671-DEBUG-root-28204::base::click|192:: Click Type: ClickType.ACTIONCHAINS
2025-12-08 08:31:22,963-DEBUG-root-28204::webapp_internal::fill_grid|6486:: Trying to select cell in grid!
2025-12-08 08:31:22,968-DEBUG-root-28204::base::click|192:: Click Type: ClickType.ACTIONCHAINS
2025-12-08 08:31:23,260-DEBUG-root-28204::webapp_internal::fill_grid|6486:: Trying to select cell in grid!
2025-12-08 08:31:23,263-DEBUG-root-28204::base::click|192:: Click Type: ClickType.ACTIONCHAINS
2025-12-08 08:31:23,558-DEBUG-root-28204::webapp_internal::fill_grid|6486:: Trying to select cell in grid!
2025-12-08 08:31:23,560-DEBUG-root-28204::base::click|192:: Click Type: ClickType.ACTIONCHAINS
2025-12-08 08:31:23,856-DEBUG-root-28204::webapp_internal::fill_grid|6486:: Trying to select cell in grid!
2025-12-08 08:31:23,859-DEBUG-root-28204::base::click|192:: Click Type: ClickType.ACTIONCHAINS
2025-12-08 08:31:24,151-DEBUG-root-28204::webapp_internal::fill_grid|6486:: Trying to select cell in grid!
2025-12-08 08:31:24,153-DEBUG-root-28204::base::click|192:: Click Type: ClickType.ACTIONCHAINS
2025-12-08 08:31:24,418-DEBUG-root-28204::webapp_internal::fill_grid|6486:: Trying to select cell in grid!
2025-12-08 08:31:24,421-DEBUG-root-28204::base::click|192:: Click Type: ClickType.ACTIONCHAINS
2025-12-08 08:31:24,711-DEBUG-root-28204::webapp_internal::fill_grid|6486:: Trying to select cell in grid!
2025-12-08 08:31:24,713-DEBUG-root-28204::base::click|192:: Click Type: ClickType.ACTIONCHAINS
2025-12-08 08:31:25,008-DEBUG-root-28204::webapp_internal::fill_grid|6486:: Trying to select cell in grid!
2025-12-08 08:31:25,010-DEBUG-root-28204::base::click|192:: Click Type: ClickType.ACTIONCHAINS
2025-12-08 08:31:25,309-DEBUG-root-28204::webapp_internal::fill_grid|6486:: Trying to select cell in grid!
2025-12-08 08:31:25,312-DEBUG-root-28204::base::click|192:: Click Type: ClickType.ACTIONCHAINS
2025-12-08 08:31:25,605-DEBUG-root-28204::webapp_internal::fill_grid|6486:: Trying to select cell in grid!
2025-12-08 08:31:25,608-DEBUG-root-28204::base::click|192:: Click Type: ClickType.ACTIONCHAINS
2025-12-08 08:31:25,902-DEBUG-root-28204::webapp_internal::fill_grid|6486:: Trying to select cell in grid!
2025-12-08 08:31:25,904-DEBUG-root-28204::base::click|192:: Click Type: ClickType.ACTIONCHAINS
2025-12-08 08:31:26,195-DEBUG-root-28204::webapp_internal::fill_grid|6486:: Trying to select cell in grid!
2025-12-08 08:31:26,201-DEBUG-root-28204::base::click|192:: Click Type: ClickType.ACTIONCHAINS
2025-12-08 08:31:26,492-DEBUG-root-28204::webapp_internal::fill_grid|6486:: Trying to select cell in grid!
2025-12-08 08:31:26,493-DEBUG-root-28204::base::click|192:: Click Type: ClickType.ACTIONCHAINS
2025-12-08 08:31:26,791-DEBUG-root-28204::webapp_internal::fill_grid|6486:: Trying to select cell in grid!
2025-12-08 08:31:26,793-DEBUG-root-28204::base::click|192:: Click Type: ClickType.ACTIONCHAINS
2025-12-08 08:31:27,088-DEBUG-root-28204::webapp_internal::fill_grid|6486:: Trying to select cell in grid!
2025-12-08 08:31:27,091-DEBUG-root-28204::base::click|192:: Click Type: ClickType.ACTIONCHAINS
2025-12-08 08:31:27,381-DEBUG-root-28204::webapp_internal::fill_grid|6486:: Trying to select cell in grid!
2025-12-08 08:31:27,384-DEBUG-root-28204::base::click|192:: Click Type: ClickType.ACTIONCHAINS
2025-12-08 08:31:27,645-DEBUG-root-28204::webapp_internal::fill_grid|6486:: Trying to select cell in grid!
2025-12-08 08:31:27,651-DEBUG-root-28204::base::click|192:: Click Type: ClickType.ACTIONCHAINS
2025-12-08 08:31:27,912-DEBUG-root-28204::webapp_internal::fill_grid|6486:: Trying to select cell in grid!
2025-12-08 08:31:27,916-DEBUG-root-28204::base::click|192:: Click Type: ClickType.ACTIONCHAINS
2025-12-08 08:31:28,207-DEBUG-root-28204::webapp_internal::fill_grid|6486:: Trying to select cell in grid!
2025-12-08 08:31:28,209-DEBUG-root-28204::base::click|192:: Click Type: ClickType.ACTIONCHAINS
2025-12-08 08:31:28,492-DEBUG-root-28204::webapp_internal::fill_grid|6486:: Trying to select cell in grid!
2025-12-08 08:31:28,496-DEBUG-root-28204::base::click|192:: Click Type: ClickType.ACTIONCHAINS
2025-12-08 08:31:28,787-DEBUG-root-28204::webapp_internal::fill_grid|6486:: Trying to select cell in grid!
2025-12-08 08:31:28,789-DEBUG-root-28204::base::click|192:: Click Type: ClickType.ACTIONCHAINS
2025-12-08 08:31:29,089-DEBUG-root-28204::webapp_internal::fill_grid|6486:: Trying to select cell in grid!
2025-12-08 08:31:29,093-DEBUG-root-28204::base::click|192:: Click Type: ClickType.ACTIONCHAINS
2025-12-08 08:31:29,380-DEBUG-root-28204::webapp_internal::fill_grid|6486:: Trying to select cell in grid!
2025-12-08 08:31:29,384-DEBUG-root-28204::base::click|192:: Click Type: ClickType.ACTIONCHAINS
2025-12-08 08:31:29,647-DEBUG-root-28204::webapp_internal::fill_grid|6486:: Trying to select cell in grid!
2025-12-08 08:31:29,651-DEBUG-root-28204::base::click|192:: Click Type: ClickType.ACTIONCHAINS
2025-12-08 08:31:29,942-DEBUG-root-28204::webapp_internal::fill_grid|6486:: Trying to select cell in grid!
2025-12-08 08:31:29,944-DEBUG-root-28204::base::click|192:: Click Type: ClickType.ACTIONCHAINS
2025-12-08 08:31:30,240-DEBUG-root-28204::webapp_internal::fill_grid|6486:: Trying to select cell in grid!
2025-12-08 08:31:30,242-DEBUG-root-28204::base::click|192:: Click Type: ClickType.ACTIONCHAINS
2025-12-08 08:31:30,536-DEBUG-root-28204::webapp_internal::fill_grid|6486:: Trying to select cell in grid!
2025-12-08 08:31:30,538-DEBUG-root-28204::base::click|192:: Click Type: ClickType.ACTIONCHAINS
2025-12-08 08:31:30,804-DEBUG-root-28204::webapp_internal::fill_grid|6486:: Trying to select cell in grid!
2025-12-08 08:31:30,806-DEBUG-root-28204::base::click|192:: Click Type: ClickType.ACTIONCHAINS
2025-12-08 08:31:31,096-DEBUG-root-28204::webapp_internal::fill_grid|6486:: Trying to select cell in grid!
2025-12-08 08:31:31,102-DEBUG-root-28204::base::click|192:: Click Type: ClickType.ACTIONCHAINS
2025-12-08 08:31:31,392-DEBUG-root-28204::webapp_internal::fill_grid|6486:: Trying to select cell in grid!
2025-12-08 08:31:31,394-DEBUG-root-28204::base::click|192:: Click Type: ClickType.ACTIONCHAINS
2025-12-08 08:31:31,687-DEBUG-root-28204::webapp_internal::fill_grid|6486:: Trying to select cell in grid!
2025-12-08 08:31:31,689-DEBUG-root-28204::base::click|192:: Click Type: ClickType.ACTIONCHAINS
2025-12-08 08:31:31,954-DEBUG-root-28204::webapp_internal::fill_grid|6486:: Trying to select cell in grid!
2025-12-08 08:31:31,956-DEBUG-root-28204::base::click|192:: Click Type: ClickType.ACTIONCHAINS
2025-12-08 08:31:32,242-DEBUG-root-28204::webapp_internal::fill_grid|6486:: Trying to select cell in grid!
2025-12-08 08:31:32,244-DEBUG-root-28204::base::click|192:: Click Type: ClickType.ACTIONCHAINS
2025-12-08 08:31:32,538-DEBUG-root-28204::webapp_internal::fill_grid|6486:: Trying to select cell in grid!
2025-12-08 08:31:32,540-DEBUG-root-28204::base::click|192:: Click Type: ClickType.ACTIONCHAINS
2025-12-08 08:31:32,804-DEBUG-root-28204::webapp_internal::fill_grid|6486:: Trying to select cell in grid!
2025-12-08 08:31:32,806-DEBUG-root-28204::base::click|192:: Click Type: ClickType.ACTIONCHAINS
2025-12-08 08:31:33,096-DEBUG-root-28204::webapp_internal::fill_grid|6486:: Trying to select cell in grid!
2025-12-08 08:31:33,102-DEBUG-root-28204::base::click|192:: Click Type: ClickType.ACTIONCHAINS
2025-12-08 08:31:33,391-DEBUG-root-28204::webapp_internal::fill_grid|6486:: Trying to select cell in grid!
2025-12-08 08:31:33,392-DEBUG-root-28204::base::click|192:: Click Type: ClickType.ACTIONCHAINS
2025-12-08 08:31:33,671-DEBUG-root-28204::webapp_internal::fill_grid|6486:: Trying to select cell in grid!
2025-12-08 08:31:33,672-DEBUG-root-28204::base::click|192:: Click Type: ClickType.ACTIONCHAINS
2025-12-08 08:31:33,967-DEBUG-root-28204::webapp_internal::fill_grid|6486:: Trying to select cell in grid!
2025-12-08 08:31:33,970-DEBUG-root-28204::base::click|192:: Click Type: ClickType.ACTIONCHAINS
2025-12-08 08:31:34,258-DEBUG-root-28204::webapp_internal::fill_grid|6486:: Trying to select cell in grid!
2025-12-08 08:31:34,259-DEBUG-root-28204::base::click|192:: Click Type: ClickType.ACTIONCHAINS
2025-12-08 08:31:34,540-DEBUG-root-28204::webapp_internal::fill_grid|6486:: Trying to select cell in grid!
2025-12-08 08:31:34,542-DEBUG-root-28204::base::click|192:: Click Type: ClickType.ACTIONCHAINS
2025-12-08 08:31:34,833-DEBUG-root-28204::webapp_internal::fill_grid|6486:: Trying to select cell in grid!
2025-12-08 08:31:34,835-DEBUG-root-28204::base::click|192:: Click Type: ClickType.ACTIONCHAINS
2025-12-08 08:31:35,124-DEBUG-root-28204::webapp_internal::fill_grid|6486:: Trying to select cell in grid!
2025-12-08 08:31:35,126-DEBUG-root-28204::base::click|192:: Click Type: ClickType.ACTIONCHAINS
2025-12-08 08:31:35,395-DEBUG-root-28204::webapp_internal::fill_grid|6486:: Trying to select cell in grid!
2025-12-08 08:31:35,397-DEBUG-root-28204::base::click|192:: Click Type: ClickType.ACTIONCHAINS
2025-12-08 08:31:35,685-DEBUG-root-28204::webapp_internal::fill_grid|6486:: Trying to select cell in grid!
2025-12-08 08:31:35,686-DEBUG-root-28204::base::click|192:: Click Type: ClickType.ACTIONCHAINS
2025-12-08 08:31:35,978-DEBUG-root-28204::webapp_internal::fill_grid|6486:: Trying to select cell in grid!
2025-12-08 08:31:35,980-DEBUG-root-28204::base::click|192:: Click Type: ClickType.ACTIONCHAINS
2025-12-08 08:31:36,273-DEBUG-root-28204::webapp_internal::fill_grid|6486:: Trying to select cell in grid!
2025-12-08 08:31:36,276-DEBUG-root-28204::base::click|192:: Click Type: ClickType.ACTIONCHAINS
2025-12-08 08:31:36,557-DEBUG-root-28204::webapp_internal::fill_grid|6486:: Trying to select cell in grid!
2025-12-08 08:31:36,559-DEBUG-root-28204::base::click|192:: Click Type: ClickType.ACTIONCHAINS
2025-12-08 08:31:36,851-DEBUG-root-28204::webapp_internal::fill_grid|6486:: Trying to select cell in grid!
2025-12-08 08:31:36,854-DEBUG-root-28204::base::click|192:: Click Type: ClickType.ACTIONCHAINS
2025-12-08 08:31:37,119-DEBUG-root-28204::webapp_internal::fill_grid|6486:: Trying to select cell in grid!
2025-12-08 08:31:37,121-DEBUG-root-28204::base::click|192:: Click Type: ClickType.ACTIONCHAINS
2025-12-08 08:31:37,401-DEBUG-root-28204::webapp_internal::fill_grid|6486:: Trying to select cell in grid!
2025-12-08 08:31:37,404-DEBUG-root-28204::base::click|192:: Click Type: ClickType.ACTIONCHAINS
2025-12-08 08:31:37,690-DEBUG-root-28204::webapp_internal::fill_grid|6486:: Trying to select cell in grid!
2025-12-08 08:31:37,691-DEBUG-root-28204::base::click|192:: Click Type: ClickType.ACTIONCHAINS
2025-12-08 08:31:37,972-DEBUG-root-28204::webapp_internal::fill_grid|6486:: Trying to select cell in grid!
2025-12-08 08:31:37,974-DEBUG-root-28204::base::click|192:: Click Type: ClickType.ACTIONCHAINS
2025-12-08 08:31:38,263-DEBUG-root-28204::webapp_internal::fill_grid|6486:: Trying to select cell in grid!
2025-12-08 08:31:38,268-DEBUG-root-28204::base::click|192:: Click Type: ClickType.ACTIONCHAINS
2025-12-08 08:31:38,559-DEBUG-root-28204::webapp_internal::fill_grid|6486:: Trying to select cell in grid!
2025-12-08 08:31:38,561-DEBUG-root-28204::base::click|192:: Click Type: ClickType.ACTIONCHAINS
2025-12-08 08:31:38,855-DEBUG-root-28204::webapp_internal::fill_grid|6486:: Trying to select cell in grid!
2025-12-08 08:31:38,857-DEBUG-root-28204::base::click|192:: Click Type: ClickType.ACTIONCHAINS
2025-12-08 08:31:39,120-DEBUG-root-28204::webapp_internal::fill_grid|6486:: Trying to select cell in grid!
2025-12-08 08:31:39,122-DEBUG-root-28204::base::click|192:: Click Type: ClickType.ACTIONCHAINS
2025-12-08 08:31:39,387-DEBUG-root-28204::webapp_internal::fill_grid|6486:: Trying to select cell in grid!
2025-12-08 08:31:39,389-DEBUG-root-28204::base::click|192:: Click Type: ClickType.ACTIONCHAINS
2025-12-08 08:31:39,679-DEBUG-root-28204::webapp_internal::fill_grid|6486:: Trying to select cell in grid!
2025-12-08 08:31:39,684-DEBUG-root-28204::base::click|192:: Click Type: ClickType.ACTIONCHAINS
2025-12-08 08:31:39,974-DEBUG-root-28204::webapp_internal::fill_grid|6486:: Trying to select cell in grid!
2025-12-08 08:31:39,975-DEBUG-root-28204::base::click|192:: Click Type: ClickType.ACTIONCHAINS
2025-12-08 08:31:40,257-DEBUG-root-28204::webapp_internal::fill_grid|6486:: Trying to select cell in grid!
2025-12-08 08:31:40,259-DEBUG-root-28204::base::click|192:: Click Type: ClickType.ACTIONCHAINS
2025-12-08 08:31:40,547-DEBUG-root-28204::webapp_internal::fill_grid|6486:: Trying to select cell in grid!
2025-12-08 08:31:40,551-DEBUG-root-28204::base::click|192:: Click Type: ClickType.ACTIONCHAINS
2025-12-08 08:31:40,842-DEBUG-root-28204::webapp_internal::fill_grid|6486:: Trying to select cell in grid!
2025-12-08 08:31:40,844-DEBUG-root-28204::base::click|192:: Click Type: ClickType.ACTIONCHAINS
2025-12-08 08:31:41,135-DEBUG-root-28204::webapp_internal::fill_grid|6486:: Trying to select cell in grid!
2025-12-08 08:31:41,137-DEBUG-root-28204::base::click|192:: Click Type: ClickType.ACTIONCHAINS
2025-12-08 08:31:41,426-DEBUG-root-28204::webapp_internal::fill_grid|6486:: Trying to select cell in grid!
2025-12-08 08:31:41,428-DEBUG-root-28204::base::click|192:: Click Type: ClickType.ACTIONCHAINS
2025-12-08 08:31:41,722-DEBUG-root-28204::webapp_internal::fill_grid|6486:: Trying to select cell in grid!
2025-12-08 08:31:41,724-DEBUG-root-28204::base::click|192:: Click Type: ClickType.ACTIONCHAINS
2025-12-08 08:31:42,013-DEBUG-root-28204::webapp_internal::fill_grid|6486:: Trying to select cell in grid!
2025-12-08 08:31:42,018-DEBUG-root-28204::base::click|192:: Click Type: ClickType.ACTIONCHAINS
2025-12-08 08:31:42,308-DEBUG-root-28204::webapp_internal::fill_grid|6486:: Trying to select cell in grid!
2025-12-08 08:31:42,310-DEBUG-root-28204::base::click|192:: Click Type: ClickType.ACTIONCHAINS
2025-12-08 08:31:42,605-DEBUG-root-28204::webapp_internal::fill_grid|6486:: Trying to select cell in grid!
2025-12-08 08:31:42,607-DEBUG-root-28204::base::click|192:: Click Type: ClickType.ACTIONCHAINS
2025-12-08 08:31:42,871-DEBUG-root-28204::webapp_internal::fill_grid|6486:: Trying to select cell in grid!
2025-12-08 08:31:42,873-DEBUG-root-28204::base::click|192:: Click Type: ClickType.ACTIONCHAINS
2025-12-08 08:31:43,163-DEBUG-root-28204::webapp_internal::fill_grid|6486:: Trying to select cell in grid!
2025-12-08 08:31:43,168-DEBUG-root-28204::base::click|192:: Click Type: ClickType.ACTIONCHAINS
2025-12-08 08:31:43,457-DEBUG-root-28204::webapp_internal::fill_grid|6486:: Trying to select cell in grid!
2025-12-08 08:31:43,459-DEBUG-root-28204::base::click|192:: Click Type: ClickType.ACTIONCHAINS
2025-12-08 08:31:43,742-DEBUG-root-28204::webapp_internal::fill_grid|6486:: Trying to select cell in grid!
2025-12-08 08:31:43,743-DEBUG-root-28204::base::click|192:: Click Type: ClickType.ACTIONCHAINS
2025-12-08 08:31:44,039-DEBUG-root-28204::webapp_internal::fill_grid|6486:: Trying to select cell in grid!
2025-12-08 08:31:44,041-DEBUG-root-28204::base::click|192:: Click Type: ClickType.ACTIONCHAINS
2025-12-08 08:31:44,306-DEBUG-root-28204::webapp_internal::fill_grid|6486:: Trying to select cell in grid!
2025-12-08 08:31:44,309-DEBUG-root-28204::base::click|192:: Click Type: ClickType.ACTIONCHAINS
2025-12-08 08:31:49,769-DEBUG-root-28204::webapp_internal::fill_grid|6498:: Trying open cell in grid!
2025-12-08 08:31:50,059-DEBUG-root-28204::webapp_internal::wait_blocker|2444:: Waiting blocker to continue...
2025-12-08 08:31:50,208-DEBUG-root-28204::webapp_internal::wait_blocker|2469:: Blocker status: False
2025-12-08 08:31:50,395-DEBUG-root-28204::webapp_internal::wait_element_timeout|7726:: Element found! Waiting for element to be displayed.
2025-12-08 08:31:50,763-DEBUG-root-28204::webapp_internal::fill_grid|6577:: Sending keys: 227884
2025-12-08 08:31:51,079-DEBUG-root-28204::webapp_internal::wait_blocker|2444:: Waiting blocker to continue...
2025-12-08 08:31:51,223-DEBUG-root-28204::webapp_internal::wait_blocker|2469:: Blocker status: False
2025-12-08 08:31:51,377-DEBUG-root-28204::webapp_internal::wait_element_timeout|7726:: Element found! Waiting for element to be displayed.
2025-12-08 08:31:51,687-INFO-root-28204::webapp_internal::ClickFolder|5081:: Clicking on folder: Transporte
2025-12-08 08:31:51,687-DEBUG-root-28204::webapp_internal::wait_blocker|2444:: Waiting blocker to continue...
2025-12-08 08:31:51,812-DEBUG-root-28204::webapp_internal::wait_blocker|2469:: Blocker status: False
2025-12-08 08:31:51,847-DEBUG-root-28204::webapp_internal::wait_element|7623:: Waiting for element
2025-12-08 08:31:52,120-DEBUG-root-28204::webapp_internal::wait_element|7653:: Element found! Waiting for element to be displayed.
2025-12-08 08:31:53,660-DEBUG-root-28204::webapp_internal::wait_blocker|2444:: Waiting blocker to continue...
2025-12-08 08:31:53,844-DEBUG-root-28204::webapp_internal::wait_blocker|2469:: Blocker status: False
2025-12-08 08:31:53,844-INFO-root-28204::webapp_internal::SetKey|5822:: Key pressed: TAB
2025-12-08 08:31:53,844-DEBUG-root-28204::webapp_internal::SetKey|5857:: Trying press key
2025-12-08 08:31:53,844-DEBUG-root-28204::webapp_internal::wait_element|7623:: Waiting for element
2025-12-08 08:31:53,947-DEBUG-root-28204::webapp_internal::wait_element|7653:: Element found! Waiting for element to be displayed.
2025-12-08 08:31:54,210-DEBUG-root-28204::webapp_internal::wait_blocker|2444:: Waiting blocker to continue...
2025-12-08 08:31:54,341-DEBUG-root-28204::webapp_internal::wait_blocker|2469:: Blocker status: False
2025-12-08 08:31:54,341-INFO-root-28204::webapp_internal::LoadGrid|6298:: Filling grid field: Tipo
2025-12-08 08:31:54,341-DEBUG-root-28204::webapp_internal::fill_grid|6399:: Grid loading...
2025-12-08 08:31:54,674-DEBUG-root-28204::webapp_internal::fill_grid|6466:: Column found!
2025-12-08 08:31:54,723-DEBUG-root-28204::base::click|192:: Click Type: ClickType.ACTIONCHAINS
2025-12-08 08:32:00,129-DEBUG-root-28204::webapp_internal::fill_grid|6498:: Trying open cell in grid!
2025-12-08 08:32:00,418-DEBUG-root-28204::webapp_internal::wait_blocker|2444:: Waiting blocker to continue...
2025-12-08 08:32:00,584-DEBUG-root-28204::webapp_internal::wait_blocker|2469:: Blocker status: False
2025-12-08 08:32:00,774-DEBUG-root-28204::webapp_internal::wait_element_timeout|7726:: Element found! Waiting for element to be displayed.
2025-12-08 08:32:02,140-INFO-root-28204::base::select_combo|871:: Selected value for combo is: 1 - Aereo
2025-12-08 08:32:02,309-DEBUG-root-28204::webapp_internal::wait_blocker|2444:: Waiting blocker to continue...
2025-12-08 08:32:02,441-DEBUG-root-28204::webapp_internal::wait_blocker|2469:: Blocker status: False
2025-12-08 08:32:02,471-DEBUG-root-28204::webapp_internal::wait_blocker|2444:: Waiting blocker to continue...
2025-12-08 08:32:02,671-DEBUG-root-28204::webapp_internal::wait_blocker|2469:: Blocker status: False
2025-12-08 08:32:02,671-DEBUG-root-28204::webapp_internal::send_action|10480:: Trying to send action
2025-12-08 08:32:03,709-DEBUG-root-28204::webapp_internal::send_action|10522:: send_action method result = True
2025-12-08 08:32:03,709-DEBUG-root-28204::webapp_internal::send_action|10523:: send_action selenium status: False
2025-12-08 08:32:03,709-DEBUG-root-28204::webapp_internal::wait_blocker|2444:: Waiting blocker to continue...
2025-12-08 08:32:03,843-DEBUG-root-28204::webapp_internal::wait_blocker|2469:: Blocker status: False
2025-12-08 08:32:03,843-INFO-root-28204::webapp_internal::SetKey|5822:: Key pressed: TAB
2025-12-08 08:32:03,843-DEBUG-root-28204::webapp_internal::SetKey|5857:: Trying press key
2025-12-08 08:32:03,843-DEBUG-root-28204::webapp_internal::wait_element|7623:: Waiting for element
2025-12-08 08:32:03,942-DEBUG-root-28204::webapp_internal::wait_element|7653:: Element found! Waiting for element to be displayed.
2025-12-08 08:32:04,197-DEBUG-root-28204::webapp_internal::wait_blocker|2444:: Waiting blocker to continue...
2025-12-08 08:32:04,326-DEBUG-root-28204::webapp_internal::wait_blocker|2469:: Blocker status: False
2025-12-08 08:32:04,326-INFO-root-28204::webapp_internal::LoadGrid|6298:: Filling grid field: Partida
2025-12-08 08:32:04,326-DEBUG-root-28204::webapp_internal::fill_grid|6399:: Grid loading...
2025-12-08 08:32:04,706-DEBUG-root-28204::webapp_internal::fill_grid|6466:: Column found!
2025-12-08 08:32:04,748-DEBUG-root-28204::base::click|192:: Click Type: ClickType.ACTIONCHAINS
2025-12-08 08:32:10,136-DEBUG-root-28204::webapp_internal::fill_grid|6498:: Trying open cell in grid!
2025-12-08 08:32:10,425-DEBUG-root-28204::webapp_internal::wait_blocker|2444:: Waiting blocker to continue...
2025-12-08 08:32:10,587-DEBUG-root-28204::webapp_internal::wait_blocker|2469:: Blocker status: False
2025-12-08 08:32:10,775-DEBUG-root-28204::webapp_internal::wait_element_timeout|7726:: Element found! Waiting for element to be displayed.
2025-12-08 08:32:11,159-DEBUG-root-28204::webapp_internal::fill_grid|6577:: Sending keys: 21/12/2025
2025-12-08 08:32:11,470-DEBUG-root-28204::webapp_internal::wait_blocker|2444:: Waiting blocker to continue...
2025-12-08 08:32:11,640-DEBUG-root-28204::webapp_internal::wait_blocker|2469:: Blocker status: False
2025-12-08 08:32:17,063-DEBUG-root-28204::webapp_internal::wait_blocker|2444:: Waiting blocker to continue...
2025-12-08 08:32:17,195-DEBUG-root-28204::webapp_internal::wait_blocker|2469:: Blocker status: False
2025-12-08 08:32:17,224-DEBUG-root-28204::webapp_internal::wait_blocker|2444:: Waiting blocker to continue...
2025-12-08 08:32:17,392-DEBUG-root-28204::webapp_internal::wait_blocker|2469:: Blocker status: False
2025-12-08 08:32:17,392-DEBUG-root-28204::webapp_internal::send_action|10480:: Trying to send action
2025-12-08 08:32:18,432-DEBUG-root-28204::webapp_internal::send_action|10522:: send_action method result = True
2025-12-08 08:32:18,432-DEBUG-root-28204::webapp_internal::send_action|10523:: send_action selenium status: False
2025-12-08 08:32:18,433-DEBUG-root-28204::webapp_internal::wait_blocker|2444:: Waiting blocker to continue...
2025-12-08 08:32:18,560-DEBUG-root-28204::webapp_internal::wait_blocker|2469:: Blocker status: False
2025-12-08 08:32:18,560-INFO-root-28204::webapp_internal::SetKey|5822:: Key pressed: TAB
2025-12-08 08:32:18,560-DEBUG-root-28204::webapp_internal::SetKey|5857:: Trying press key
2025-12-08 08:32:18,560-DEBUG-root-28204::webapp_internal::wait_element|7623:: Waiting for element
2025-12-08 08:32:18,656-DEBUG-root-28204::webapp_internal::wait_element|7653:: Element found! Waiting for element to be displayed.
2025-12-08 08:32:18,913-DEBUG-root-28204::webapp_internal::wait_blocker|2444:: Waiting blocker to continue...
2025-12-08 08:32:19,042-DEBUG-root-28204::webapp_internal::wait_blocker|2469:: Blocker status: False
2025-12-08 08:32:19,042-INFO-root-28204::webapp_internal::LoadGrid|6298:: Filling grid field: Hora Partida
2025-12-08 08:32:19,042-DEBUG-root-28204::webapp_internal::fill_grid|6399:: Grid loading...
2025-12-08 08:32:19,393-DEBUG-root-28204::webapp_internal::fill_grid|6466:: Column found!
2025-12-08 08:32:19,435-DEBUG-root-28204::base::click|192:: Click Type: ClickType.ACTIONCHAINS
2025-12-08 08:32:24,827-DEBUG-root-28204::webapp_internal::fill_grid|6498:: Trying open cell in grid!
2025-12-08 08:32:25,093-DEBUG-root-28204::webapp_internal::wait_blocker|2444:: Waiting blocker to continue...
2025-12-08 08:32:25,245-DEBUG-root-28204::webapp_internal::wait_blocker|2469:: Blocker status: False
2025-12-08 08:32:25,436-DEBUG-root-28204::webapp_internal::wait_element_timeout|7726:: Element found! Waiting for element to be displayed.
2025-12-08 08:32:25,825-DEBUG-root-28204::webapp_internal::fill_grid|6577:: Sending keys: 08:00
2025-12-08 08:32:26,136-DEBUG-root-28204::webapp_internal::wait_blocker|2444:: Waiting blocker to continue...
2025-12-08 08:32:26,286-DEBUG-root-28204::webapp_internal::wait_blocker|2469:: Blocker status: False
2025-12-08 08:32:31,820-DEBUG-root-28204::webapp_internal::wait_blocker|2444:: Waiting blocker to continue...
2025-12-08 08:32:31,945-DEBUG-root-28204::webapp_internal::wait_blocker|2469:: Blocker status: False
2025-12-08 08:32:31,975-DEBUG-root-28204::webapp_internal::wait_blocker|2444:: Waiting blocker to continue...
2025-12-08 08:32:32,103-DEBUG-root-28204::webapp_internal::wait_blocker|2469:: Blocker status: False
2025-12-08 08:32:32,103-DEBUG-root-28204::webapp_internal::send_action|10480:: Trying to send action
2025-12-08 08:32:33,182-DEBUG-root-28204::webapp_internal::send_action|10522:: send_action method result = True
2025-12-08 08:32:33,183-DEBUG-root-28204::webapp_internal::send_action|10523:: send_action selenium status: False
2025-12-08 08:32:33,183-DEBUG-root-28204::webapp_internal::wait_blocker|2444:: Waiting blocker to continue...
2025-12-08 08:32:33,326-DEBUG-root-28204::webapp_internal::wait_blocker|2469:: Blocker status: False
2025-12-08 08:32:33,327-INFO-root-28204::webapp_internal::SetKey|5822:: Key pressed: TAB
2025-12-08 08:32:33,327-DEBUG-root-28204::webapp_internal::SetKey|5857:: Trying press key
2025-12-08 08:32:33,327-DEBUG-root-28204::webapp_internal::wait_element|7623:: Waiting for element
2025-12-08 08:32:33,420-DEBUG-root-28204::webapp_internal::wait_element|7653:: Element found! Waiting for element to be displayed.
2025-12-08 08:32:33,678-DEBUG-root-28204::webapp_internal::wait_blocker|2444:: Waiting blocker to continue...
2025-12-08 08:32:33,830-DEBUG-root-28204::webapp_internal::wait_blocker|2469:: Blocker status: False
2025-12-08 08:32:33,830-INFO-root-28204::webapp_internal::LoadGrid|6298:: Filling grid field: Origem
2025-12-08 08:32:33,830-DEBUG-root-28204::webapp_internal::fill_grid|6399:: Grid loading...
2025-12-08 08:32:34,192-DEBUG-root-28204::webapp_internal::fill_grid|6466:: Column found!
2025-12-08 08:32:34,229-DEBUG-root-28204::base::click|192:: Click Type: ClickType.ACTIONCHAINS
2025-12-08 08:32:39,580-DEBUG-root-28204::webapp_internal::fill_grid|6498:: Trying open cell in grid!
2025-12-08 08:32:39,869-DEBUG-root-28204::webapp_internal::wait_blocker|2444:: Waiting blocker to continue...
2025-12-08 08:32:40,012-DEBUG-root-28204::webapp_internal::wait_blocker|2469:: Blocker status: False
2025-12-08 08:32:40,207-DEBUG-root-28204::webapp_internal::wait_element_timeout|7726:: Element found! Waiting for element to be displayed.
2025-12-08 08:32:40,612-DEBUG-root-28204::webapp_internal::fill_grid|6577:: Sending keys: DF00108
2025-12-08 08:32:40,911-DEBUG-root-28204::webapp_internal::wait_blocker|2444:: Waiting blocker to continue...
2025-12-08 08:32:41,055-DEBUG-root-28204::webapp_internal::wait_blocker|2469:: Blocker status: False
2025-12-08 08:32:41,214-DEBUG-root-28204::webapp_internal::wait_element_timeout|7726:: Element found! Waiting for element to be displayed.
2025-12-08 08:32:41,639-DEBUG-root-28204::webapp_internal::wait_blocker|2444:: Waiting blocker to continue...
2025-12-08 08:32:41,778-DEBUG-root-28204::webapp_internal::wait_blocker|2469:: Blocker status: False
2025-12-08 08:32:41,805-DEBUG-root-28204::webapp_internal::wait_blocker|2444:: Waiting blocker to continue...
2025-12-08 08:32:41,951-DEBUG-root-28204::webapp_internal::wait_blocker|2469:: Blocker status: False
2025-12-08 08:32:41,951-DEBUG-root-28204::webapp_internal::send_action|10480:: Trying to send action
2025-12-08 08:32:42,984-DEBUG-root-28204::webapp_internal::send_action|10522:: send_action method result = True
2025-12-08 08:32:42,986-DEBUG-root-28204::webapp_internal::send_action|10523:: send_action selenium status: False
2025-12-08 08:32:42,986-DEBUG-root-28204::webapp_internal::wait_blocker|2444:: Waiting blocker to continue...
2025-12-08 08:32:43,113-DEBUG-root-28204::webapp_internal::wait_blocker|2469:: Blocker status: False
2025-12-08 08:32:43,113-INFO-root-28204::webapp_internal::SetKey|5822:: Key pressed: TAB
2025-12-08 08:32:43,114-DEBUG-root-28204::webapp_internal::SetKey|5857:: Trying press key
2025-12-08 08:32:43,114-DEBUG-root-28204::webapp_internal::wait_element|7623:: Waiting for element
2025-12-08 08:32:43,209-DEBUG-root-28204::webapp_internal::wait_element|7653:: Element found! Waiting for element to be displayed.
2025-12-08 08:32:43,471-DEBUG-root-28204::webapp_internal::wait_blocker|2444:: Waiting blocker to continue...
2025-12-08 08:32:43,596-DEBUG-root-28204::webapp_internal::wait_blocker|2469:: Blocker status: False
2025-12-08 08:32:43,596-INFO-root-28204::webapp_internal::LoadGrid|6298:: Filling grid field: Destino
2025-12-08 08:32:43,596-DEBUG-root-28204::webapp_internal::fill_grid|6399:: Grid loading...
2025-12-08 08:32:43,947-DEBUG-root-28204::webapp_internal::fill_grid|6466:: Column found!
2025-12-08 08:32:43,985-DEBUG-root-28204::base::click|192:: Click Type: ClickType.ACTIONCHAINS
2025-12-08 08:32:49,391-DEBUG-root-28204::webapp_internal::fill_grid|6498:: Trying open cell in grid!
2025-12-08 08:32:49,679-DEBUG-root-28204::webapp_internal::wait_blocker|2444:: Waiting blocker to continue...
2025-12-08 08:32:49,844-DEBUG-root-28204::webapp_internal::wait_blocker|2469:: Blocker status: False
2025-12-08 08:32:50,037-DEBUG-root-28204::webapp_internal::wait_element_timeout|7726:: Element found! Waiting for element to be displayed.
2025-12-08 08:32:50,388-DEBUG-root-28204::webapp_internal::fill_grid|6577:: Sending keys: GO08707
2025-12-08 08:32:50,706-DEBUG-root-28204::webapp_internal::wait_blocker|2444:: Waiting blocker to continue...
2025-12-08 08:32:50,840-DEBUG-root-28204::webapp_internal::wait_blocker|2469:: Blocker status: False
2025-12-08 08:32:50,994-DEBUG-root-28204::webapp_internal::wait_element_timeout|7726:: Element found! Waiting for element to be displayed.
2025-12-08 08:32:51,463-DEBUG-root-28204::webapp_internal::wait_blocker|2444:: Waiting blocker to continue...
2025-12-08 08:32:51,596-DEBUG-root-28204::webapp_internal::wait_blocker|2469:: Blocker status: False
2025-12-08 08:32:51,625-DEBUG-root-28204::webapp_internal::wait_blocker|2444:: Waiting blocker to continue...
2025-12-08 08:32:51,756-DEBUG-root-28204::webapp_internal::wait_blocker|2469:: Blocker status: False
2025-12-08 08:32:51,756-DEBUG-root-28204::webapp_internal::send_action|10480:: Trying to send action
2025-12-08 08:32:52,794-DEBUG-root-28204::webapp_internal::send_action|10522:: send_action method result = True
2025-12-08 08:32:52,795-DEBUG-root-28204::webapp_internal::send_action|10523:: send_action selenium status: False
2025-12-08 08:32:52,795-DEBUG-root-28204::webapp_internal::wait_blocker|2444:: Waiting blocker to continue...
2025-12-08 08:32:52,979-DEBUG-root-28204::webapp_internal::wait_blocker|2469:: Blocker status: False
2025-12-08 08:32:52,980-INFO-root-28204::webapp_internal::SetKey|5822:: Key pressed: TAB
2025-12-08 08:32:52,980-DEBUG-root-28204::webapp_internal::SetKey|5857:: Trying press key
2025-12-08 08:32:52,980-DEBUG-root-28204::webapp_internal::wait_element|7623:: Waiting for element
2025-12-08 08:32:53,087-DEBUG-root-28204::webapp_internal::wait_element|7653:: Element found! Waiting for element to be displayed.
2025-12-08 08:32:53,354-DEBUG-root-28204::webapp_internal::wait_blocker|2444:: Waiting blocker to continue...
2025-12-08 08:32:53,484-DEBUG-root-28204::webapp_internal::wait_blocker|2469:: Blocker status: False
2025-12-08 08:32:53,484-INFO-root-28204::webapp_internal::LoadGrid|6298:: Filling grid field: Chegada
2025-12-08 08:32:53,484-DEBUG-root-28204::webapp_internal::fill_grid|6399:: Grid loading...
2025-12-08 08:32:53,825-DEBUG-root-28204::webapp_internal::fill_grid|6466:: Column found!
2025-12-08 08:32:53,869-DEBUG-root-28204::base::click|192:: Click Type: ClickType.ACTIONCHAINS
2025-12-08 08:32:59,236-DEBUG-root-28204::webapp_internal::fill_grid|6498:: Trying open cell in grid!
2025-12-08 08:32:59,524-DEBUG-root-28204::webapp_internal::wait_blocker|2444:: Waiting blocker to continue...
2025-12-08 08:32:59,701-DEBUG-root-28204::webapp_internal::wait_blocker|2469:: Blocker status: False
2025-12-08 08:32:59,891-DEBUG-root-28204::webapp_internal::wait_element_timeout|7726:: Element found! Waiting for element to be displayed.
2025-12-08 08:33:00,255-DEBUG-root-28204::webapp_internal::fill_grid|6577:: Sending keys: 21/12/2025
2025-12-08 08:33:00,560-DEBUG-root-28204::webapp_internal::wait_blocker|2444:: Waiting blocker to continue...
2025-12-08 08:33:00,741-DEBUG-root-28204::webapp_internal::wait_blocker|2469:: Blocker status: False
2025-12-08 08:33:06,106-DEBUG-root-28204::webapp_internal::wait_blocker|2444:: Waiting blocker to continue...
2025-12-08 08:33:06,236-DEBUG-root-28204::webapp_internal::wait_blocker|2469:: Blocker status: False
2025-12-08 08:33:06,273-DEBUG-root-28204::webapp_internal::wait_blocker|2444:: Waiting blocker to continue...
2025-12-08 08:33:06,458-DEBUG-root-28204::webapp_internal::wait_blocker|2469:: Blocker status: False
2025-12-08 08:33:06,458-DEBUG-root-28204::webapp_internal::send_action|10480:: Trying to send action
2025-12-08 08:33:07,512-DEBUG-root-28204::webapp_internal::send_action|10522:: send_action method result = True
2025-12-08 08:33:07,512-DEBUG-root-28204::webapp_internal::send_action|10523:: send_action selenium status: False
2025-12-08 08:33:07,513-DEBUG-root-28204::webapp_internal::wait_blocker|2444:: Waiting blocker to continue...
2025-12-08 08:33:07,654-DEBUG-root-28204::webapp_internal::wait_blocker|2469:: Blocker status: False
2025-12-08 08:33:07,655-INFO-root-28204::webapp_internal::SetKey|5822:: Key pressed: TAB
2025-12-08 08:33:07,655-DEBUG-root-28204::webapp_internal::SetKey|5857:: Trying press key
2025-12-08 08:33:07,655-DEBUG-root-28204::webapp_internal::wait_element|7623:: Waiting for element
2025-12-08 08:33:07,752-DEBUG-root-28204::webapp_internal::wait_element|7653:: Element found! Waiting for element to be displayed.
2025-12-08 08:33:08,012-DEBUG-root-28204::webapp_internal::wait_blocker|2444:: Waiting blocker to continue...
2025-12-08 08:33:08,144-DEBUG-root-28204::webapp_internal::wait_blocker|2469:: Blocker status: False
2025-12-08 08:33:08,145-INFO-root-28204::webapp_internal::LoadGrid|6298:: Filling grid field: Hora Chegada
2025-12-08 08:33:08,145-DEBUG-root-28204::webapp_internal::fill_grid|6399:: Grid loading...
2025-12-08 08:33:08,495-DEBUG-root-28204::webapp_internal::fill_grid|6466:: Column found!
2025-12-08 08:33:08,536-DEBUG-root-28204::base::click|192:: Click Type: ClickType.ACTIONCHAINS
2025-12-08 08:33:13,891-DEBUG-root-28204::webapp_internal::fill_grid|6498:: Trying open cell in grid!
2025-12-08 08:33:14,186-DEBUG-root-28204::webapp_internal::wait_blocker|2444:: Waiting blocker to continue...
2025-12-08 08:33:14,341-DEBUG-root-28204::webapp_internal::wait_blocker|2469:: Blocker status: False
2025-12-08 08:33:14,529-DEBUG-root-28204::webapp_internal::wait_element_timeout|7726:: Element found! Waiting for element to be displayed.
2025-12-08 08:33:14,943-DEBUG-root-28204::webapp_internal::fill_grid|6577:: Sending keys: 12:00
2025-12-08 08:33:15,248-DEBUG-root-28204::webapp_internal::wait_blocker|2444:: Waiting blocker to continue...
2025-12-08 08:33:15,394-DEBUG-root-28204::webapp_internal::wait_blocker|2469:: Blocker status: False
2025-12-08 08:33:20,811-DEBUG-root-28204::webapp_internal::wait_blocker|2444:: Waiting blocker to continue...
2025-12-08 08:33:20,940-DEBUG-root-28204::webapp_internal::wait_blocker|2469:: Blocker status: False
2025-12-08 08:33:21,006-DEBUG-root-28204::webapp_internal::wait_blocker|2444:: Waiting blocker to continue...
2025-12-08 08:33:21,134-DEBUG-root-28204::webapp_internal::wait_blocker|2469:: Blocker status: False
2025-12-08 08:33:21,134-DEBUG-root-28204::webapp_internal::send_action|10480:: Trying to send action
2025-12-08 08:33:22,175-DEBUG-root-28204::webapp_internal::send_action|10522:: send_action method result = True
2025-12-08 08:33:22,175-DEBUG-root-28204::webapp_internal::send_action|10523:: send_action selenium status: False
2025-12-08 08:33:22,175-DEBUG-root-28204::webapp_internal::wait_blocker|2444:: Waiting blocker to continue...
2025-12-08 08:33:22,319-DEBUG-root-28204::webapp_internal::wait_blocker|2469:: Blocker status: False
2025-12-08 08:33:22,319-INFO-root-28204::webapp_internal::SetKey|5822:: Key pressed: DOWN
2025-12-08 08:33:22,319-DEBUG-root-28204::webapp_internal::SetKey|5857:: Trying press key
2025-12-08 08:33:24,322-DEBUG-root-28204::webapp_internal::wait_blocker|2444:: Waiting blocker to continue...
2025-12-08 08:33:24,460-DEBUG-root-28204::webapp_internal::wait_blocker|2469:: Blocker status: False
2025-12-08 08:33:24,488-DEBUG-root-28204::webapp_internal::wait_blocker|2444:: Waiting blocker to continue...
2025-12-08 08:33:24,640-DEBUG-root-28204::webapp_internal::wait_blocker|2469:: Blocker status: False
2025-12-08 08:33:24,640-DEBUG-root-28204::webapp_internal::send_action|10480:: Trying to send action
2025-12-08 08:33:25,684-DEBUG-root-28204::webapp_internal::send_action|10522:: send_action method result = True
2025-12-08 08:33:25,685-DEBUG-root-28204::webapp_internal::send_action|10523:: send_action selenium status: False
2025-12-08 08:33:25,685-DEBUG-root-28204::webapp_internal::wait_blocker|2444:: Waiting blocker to continue...
2025-12-08 08:33:25,834-DEBUG-root-28204::webapp_internal::wait_blocker|2469:: Blocker status: False
2025-12-08 08:33:25,834-INFO-root-28204::webapp_internal::SetKey|5822:: Key pressed: TAB
2025-12-08 08:33:25,834-DEBUG-root-28204::webapp_internal::SetKey|5857:: Trying press key
2025-12-08 08:33:25,834-DEBUG-root-28204::webapp_internal::wait_element|7623:: Waiting for element
2025-12-08 08:33:25,925-DEBUG-root-28204::webapp_internal::wait_element|7653:: Element found! Waiting for element to be displayed.
2025-12-08 08:33:26,179-DEBUG-root-28204::webapp_internal::wait_blocker|2444:: Waiting blocker to continue...
2025-12-08 08:33:26,326-DEBUG-root-28204::webapp_internal::wait_blocker|2469:: Blocker status: False
2025-12-08 08:33:26,326-INFO-root-28204::webapp_internal::LoadGrid|6298:: Filling grid field: Tipo
2025-12-08 08:33:26,326-DEBUG-root-28204::webapp_internal::fill_grid|6399:: Grid loading...
2025-12-08 08:33:26,539-DEBUG-root-28204::webapp_internal::fill_grid|6466:: Column found!
2025-12-08 08:33:26,575-DEBUG-root-28204::base::click|192:: Click Type: ClickType.ACTIONCHAINS
2025-12-08 08:33:31,953-DEBUG-root-28204::webapp_internal::fill_grid|6498:: Trying open cell in grid!
2025-12-08 08:33:32,219-DEBUG-root-28204::webapp_internal::wait_blocker|2444:: Waiting blocker to continue...
2025-12-08 08:33:32,360-DEBUG-root-28204::webapp_internal::wait_blocker|2469:: Blocker status: False
2025-12-08 08:33:32,568-DEBUG-root-28204::webapp_internal::wait_element_timeout|7726:: Element found! Waiting for element to be displayed.
2025-12-08 08:33:33,053-DEBUG-root-28204::webapp_internal::wait_blocker|2444:: Waiting blocker to continue...
2025-12-08 08:33:33,195-DEBUG-root-28204::webapp_internal::wait_blocker|2469:: Blocker status: False
2025-12-08 08:33:33,227-DEBUG-root-28204::webapp_internal::wait_blocker|2444:: Waiting blocker to continue...
2025-12-08 08:33:33,358-DEBUG-root-28204::webapp_internal::wait_blocker|2469:: Blocker status: False
2025-12-08 08:33:33,359-DEBUG-root-28204::webapp_internal::send_action|10480:: Trying to send action
2025-12-08 08:33:34,399-DEBUG-root-28204::webapp_internal::send_action|10522:: send_action method result = True
2025-12-08 08:33:34,400-DEBUG-root-28204::webapp_internal::send_action|10523:: send_action selenium status: False
2025-12-08 08:33:34,400-DEBUG-root-28204::webapp_internal::wait_blocker|2444:: Waiting blocker to continue...
2025-12-08 08:33:34,526-DEBUG-root-28204::webapp_internal::wait_blocker|2469:: Blocker status: False
2025-12-08 08:33:34,526-INFO-root-28204::webapp_internal::SetKey|5822:: Key pressed: TAB
2025-12-08 08:33:34,526-DEBUG-root-28204::webapp_internal::SetKey|5857:: Trying press key
2025-12-08 08:33:34,526-DEBUG-root-28204::webapp_internal::wait_element|7623:: Waiting for element
2025-12-08 08:33:34,623-DEBUG-root-28204::webapp_internal::wait_element|7653:: Element found! Waiting for element to be displayed.
2025-12-08 08:33:34,895-DEBUG-root-28204::webapp_internal::wait_blocker|2444:: Waiting blocker to continue...
2025-12-08 08:33:35,026-DEBUG-root-28204::webapp_internal::wait_blocker|2469:: Blocker status: False
2025-12-08 08:33:35,026-INFO-root-28204::webapp_internal::LoadGrid|6298:: Filling grid field: Partida
2025-12-08 08:33:35,026-DEBUG-root-28204::webapp_internal::fill_grid|6399:: Grid loading...
2025-12-08 08:33:35,243-DEBUG-root-28204::webapp_internal::fill_grid|6466:: Column found!
2025-12-08 08:33:35,279-DEBUG-root-28204::base::click|192:: Click Type: ClickType.ACTIONCHAINS
2025-12-08 08:33:40,759-DEBUG-root-28204::webapp_internal::fill_grid|6498:: Trying open cell in grid!
2025-12-08 08:33:41,042-DEBUG-root-28204::webapp_internal::wait_blocker|2444:: Waiting blocker to continue...
2025-12-08 08:33:41,196-DEBUG-root-28204::webapp_internal::wait_blocker|2469:: Blocker status: False
2025-12-08 08:33:41,389-DEBUG-root-28204::webapp_internal::wait_element_timeout|7726:: Element found! Waiting for element to be displayed.
2025-12-08 08:33:41,742-DEBUG-root-28204::webapp_internal::fill_grid|6577:: Sending keys: 28/12/2025
2025-12-08 08:33:42,054-DEBUG-root-28204::webapp_internal::wait_blocker|2444:: Waiting blocker to continue...
2025-12-08 08:33:42,225-DEBUG-root-28204::webapp_internal::wait_blocker|2469:: Blocker status: False
2025-12-08 08:33:42,403-DEBUG-root-28204::webapp_internal::wait_element_timeout|7726:: Element found! Waiting for element to be displayed.
2025-12-08 08:33:45,785-ERROR-root-28204::webapp_internal::fill_grid|6675:: fill grid error: Message: WebDriver session does not exist, or is not active
Stacktrace:
RemoteError@chrome://remote/content/shared/RemoteError.sys.mjs:8:8
WebDriverError@chrome://remote/content/shared/webdriver/Errors.sys.mjs:202:5
InvalidSessionIDError@chrome://remote/content/shared/webdriver/Errors.sys.mjs:472:5
assert.that/<@chrome://remote/content/shared/webdriver/Assert.sys.mjs:581:13
assert.session@chrome://remote/content/shared/webdriver/Assert.sys.mjs:38:4
dispatch@chrome://remote/content/marionette/server.sys.mjs:315:19
execute@chrome://remote/content/marionette/server.sys.mjs:289:16
onPacket/<@chrome://remote/content/marionette/server.sys.mjs:262:20
onPacket@chrome://remote/content/marionette/server.sys.mjs:263:9
_onJSONObjectReady/<@chrome://remote/content/marionette/transport.sys.mjs:494:20
Traceback (most recent call last):
  File "C:\TIR_TESTE\venv\Lib\site-packages\tir\technologies\core\base.py", line 511, in get_current_DOM
    soup = BeautifulSoup(self.driver.page_source,"html.parser")
                         ^^^^^^^^^^^^^^^^^^^^^^^
  File "C:\TIR_TESTE\venv\Lib\site-packages\selenium\webdriver\remote\webdriver.py", line 448, in page_source
    return self.execute(Command.GET_PAGE_SOURCE)["value"]
           ^^^^^^^^^^^^^^^^^^^^^^^^^^^^^^^^^^^^^
  File "C:\TIR_TESTE\venv\Lib\site-packages\selenium\webdriver\remote\webdriver.py", line 347, in execute
    self.error_handler.check_response(response)
  File "C:\TIR_TESTE\venv\Lib\site-packages\selenium\webdriver\remote\errorhandler.py", line 229, in check_response
    raise exception_class(message, screen, stacktrace)
selenium.common.exceptions.InvalidSessionIdException: Message: WebDriver session does not exist, or is not active
Stacktrace:
RemoteError@chrome://remote/content/shared/RemoteError.sys.mjs:8:8
WebDriverError@chrome://remote/content/shared/webdriver/Errors.sys.mjs:202:5
InvalidSessionIDError@chrome://remote/content/shared/webdriver/Errors.sys.mjs:472:5
assert.that/<@chrome://remote/content/shared/webdriver/Assert.sys.mjs:581:13
assert.session@chrome://remote/content/shared/webdriver/Assert.sys.mjs:38:4
dispatch@chrome://remote/content/marionette/server.sys.mjs:315:19
execute@chrome://remote/content/marionette/server.sys.mjs:289:16
onPacket/<@chrome://remote/content/marionette/server.sys.mjs:262:20
onPacket@chrome://remote/content/marionette/server.sys.mjs:263:9
_onJSONObjectReady/<@chrome://remote/content/marionette/transport.sys.mjs:494:20


During handling of the above exception, another exception occurred:

Traceback (most recent call last):
  File "C:\TIR_TESTE\venv\Lib\site-packages\tir\technologies\webapp_internal.py", line 6623, in fill_grid
    element_exist = self.wait_element_timeout(term='wa-dialog', scrap_type=enum.ScrapType.CSS_SELECTOR, position= tmodal_layer + 1, timeout=10, presence=False, main_container='body', check_error=False)
                    ^^^^^^^^^^^^^^^^^^^^^^^^^^^^^^^^^^^^^^^^^^^^^^^^^^^^^^^^^^^^^^^^^^^^^^^^^^^^^^^^^^^^^^^^^^^^^^^^^^^^^^^^^^^^^^^^^^^^^^^^^^^^^^^^^^^^^^^^^^^^^^^^^^^^^^^^^^^^^^^^^^^^^^^^^^^^^^^^^^^^^
  File "C:\TIR_TESTE\venv\Lib\site-packages\tir\technologies\webapp_internal.py", line 7720, in wait_element_timeout
    if not self.element_exists(term, scrap_type, position, optional_term, main_container, check_error):
           ^^^^^^^^^^^^^^^^^^^^^^^^^^^^^^^^^^^^^^^^^^^^^^^^^^^^^^^^^^^^^^^^^^^^^^^^^^^^^^^^^^^^^^^^^^^
  File "C:\TIR_TESTE\venv\Lib\site-packages\tir\technologies\webapp_internal.py", line 4073, in element_exists
    soup = self.get_current_DOM(twebview=twebview)
           ^^^^^^^^^^^^^^^^^^^^^^^^^^^^^^^^^^^^^^^
  File "C:\TIR_TESTE\venv\Lib\site-packages\tir\technologies\core\base.py", line 538, in get_current_DOM
    self.driver.switch_to.default_content()
  File "C:\TIR_TESTE\venv\Lib\site-packages\selenium\webdriver\remote\switch_to.py", line 69, in default_content
    self._driver.execute(Command.SWITCH_TO_FRAME, {"id": None})
  File "C:\TIR_TESTE\venv\Lib\site-packages\selenium\webdriver\remote\webdriver.py", line 347, in execute
    self.error_handler.check_response(response)
  File "C:\TIR_TESTE\venv\Lib\site-packages\selenium\webdriver\remote\errorhandler.py", line 229, in check_response
    raise exception_class(message, screen, stacktrace)
selenium.common.exceptions.InvalidSessionIdException: Message: WebDriver session does not exist, or is not active
Stacktrace:
RemoteError@chrome://remote/content/shared/RemoteError.sys.mjs:8:8
WebDriverError@chrome://remote/content/shared/webdriver/Errors.sys.mjs:202:5
InvalidSessionIDError@chrome://remote/content/shared/webdriver/Errors.sys.mjs:472:5
assert.that/<@chrome://remote/content/shared/webdriver/Assert.sys.mjs:581:13
assert.session@chrome://remote/content/shared/webdriver/Assert.sys.mjs:38:4
dispatch@chrome://remote/content/marionette/server.sys.mjs:315:19
execute@chrome://remote/content/marionette/server.sys.mjs:289:16
onPacket/<@chrome://remote/content/marionette/server.sys.mjs:262:20
onPacket@chrome://remote/content/marionette/server.sys.mjs:263:9
_onJSONObjectReady/<@chrome://remote/content/marionette/transport.sys.mjs:494:20

2025-12-08 08:33:45,848-WARNING-root-28204::webapp_internal::log_error|8143:: Warning log_error fill grid error: Message: WebDriver session does not exist, or is not active
Stacktrace:
RemoteError@chrome://remote/content/shared/RemoteError.sys.mjs:8:8
WebDriverError@chrome://remote/content/shared/webdriver/Errors.sys.mjs:202:5
InvalidSessionIDError@chrome://remote/content/shared/webdriver/Errors.sys.mjs:472:5
assert.that/<@chrome://remote/content/shared/webdriver/Assert.sys.mjs:581:13
assert.session@chrome://remote/content/shared/webdriver/Assert.sys.mjs:38:4
dispatch@chrome://remote/content/marionette/server.sys.mjs:315:19
execute@chrome://remote/content/marionette/server.sys.mjs:289:16
onPacket/<@chrome://remote/content/marionette/server.sys.mjs:262:20
onPacket@chrome://remote/content/marionette/server.sys.mjs:263:9
_onJSONObjectReady/<@chrome://remote/content/marionette/transport.sys.mjs:494:20

2025-12-08 08:33:45,848-DEBUG-root-28204::webapp_internal::log_error|8146:: ***System Info*** in log_error():
2025-12-08 08:33:45,849-DEBUG-root-28204::psutil_info::system_info|5:: CPU USAGE: 8.1%
2025-12-08 08:33:45,850-DEBUG-root-28204::psutil_info::system_info|6:: MEMORY USAGE: 85.8%
2025-12-08 08:33:45,851-DEBUG-root-28204::psutil_info::system_info|7:: MEMORY AVAILABLE: 14.23%
2025-12-08 08:33:45,880-DEBUG-root-28204::log::take_screenshot_log|612:: take_screenshot_log in:2025-12-08 08:33:45.880250

2025-12-08 08:33:46,241-ERROR-root-28204::log::take_screenshot_log|629:: Warning Log Error save_screenshot exception Message: Failed to decode response from marionette
Traceback (most recent call last):
  File "C:\TIR_TESTE\venv\Lib\site-packages\tir\technologies\core\base.py", line 511, in get_current_DOM
    soup = BeautifulSoup(self.driver.page_source,"html.parser")
                         ^^^^^^^^^^^^^^^^^^^^^^^
  File "C:\TIR_TESTE\venv\Lib\site-packages\selenium\webdriver\remote\webdriver.py", line 448, in page_source
    return self.execute(Command.GET_PAGE_SOURCE)["value"]
           ^^^^^^^^^^^^^^^^^^^^^^^^^^^^^^^^^^^^^
  File "C:\TIR_TESTE\venv\Lib\site-packages\selenium\webdriver\remote\webdriver.py", line 347, in execute
    self.error_handler.check_response(response)
  File "C:\TIR_TESTE\venv\Lib\site-packages\selenium\webdriver\remote\errorhandler.py", line 229, in check_response
    raise exception_class(message, screen, stacktrace)
selenium.common.exceptions.InvalidSessionIdException: Message: WebDriver session does not exist, or is not active
Stacktrace:
RemoteError@chrome://remote/content/shared/RemoteError.sys.mjs:8:8
WebDriverError@chrome://remote/content/shared/webdriver/Errors.sys.mjs:202:5
InvalidSessionIDError@chrome://remote/content/shared/webdriver/Errors.sys.mjs:472:5
assert.that/<@chrome://remote/content/shared/webdriver/Assert.sys.mjs:581:13
assert.session@chrome://remote/content/shared/webdriver/Assert.sys.mjs:38:4
dispatch@chrome://remote/content/marionette/server.sys.mjs:315:19
execute@chrome://remote/content/marionette/server.sys.mjs:289:16
onPacket/<@chrome://remote/content/marionette/server.sys.mjs:262:20
onPacket@chrome://remote/content/marionette/server.sys.mjs:263:9
_onJSONObjectReady/<@chrome://remote/content/marionette/transport.sys.mjs:494:20


During handling of the above exception, another exception occurred:

Traceback (most recent call last):
  File "C:\TIR_TESTE\venv\Lib\site-packages\tir\technologies\webapp_internal.py", line 6623, in fill_grid
    element_exist = self.wait_element_timeout(term='wa-dialog', scrap_type=enum.ScrapType.CSS_SELECTOR, position= tmodal_layer + 1, timeout=10, presence=False, main_container='body', check_error=False)
                    ^^^^^^^^^^^^^^^^^^^^^^^^^^^^^^^^^^^^^^^^^^^^^^^^^^^^^^^^^^^^^^^^^^^^^^^^^^^^^^^^^^^^^^^^^^^^^^^^^^^^^^^^^^^^^^^^^^^^^^^^^^^^^^^^^^^^^^^^^^^^^^^^^^^^^^^^^^^^^^^^^^^^^^^^^^^^^^^^^^^^^
  File "C:\TIR_TESTE\venv\Lib\site-packages\tir\technologies\webapp_internal.py", line 7720, in wait_element_timeout
    if not self.element_exists(term, scrap_type, position, optional_term, main_container, check_error):
           ^^^^^^^^^^^^^^^^^^^^^^^^^^^^^^^^^^^^^^^^^^^^^^^^^^^^^^^^^^^^^^^^^^^^^^^^^^^^^^^^^^^^^^^^^^^
  File "C:\TIR_TESTE\venv\Lib\site-packages\tir\technologies\webapp_internal.py", line 4073, in element_exists
    soup = self.get_current_DOM(twebview=twebview)
           ^^^^^^^^^^^^^^^^^^^^^^^^^^^^^^^^^^^^^^^
  File "C:\TIR_TESTE\venv\Lib\site-packages\tir\technologies\core\base.py", line 538, in get_current_DOM
    self.driver.switch_to.default_content()
  File "C:\TIR_TESTE\venv\Lib\site-packages\selenium\webdriver\remote\switch_to.py", line 69, in default_content
    self._driver.execute(Command.SWITCH_TO_FRAME, {"id": None})
  File "C:\TIR_TESTE\venv\Lib\site-packages\selenium\webdriver\remote\webdriver.py", line 347, in execute
    self.error_handler.check_response(response)
  File "C:\TIR_TESTE\venv\Lib\site-packages\selenium\webdriver\remote\errorhandler.py", line 229, in check_response
    raise exception_class(message, screen, stacktrace)
selenium.common.exceptions.InvalidSessionIdException: Message: WebDriver session does not exist, or is not active
Stacktrace:
RemoteError@chrome://remote/content/shared/RemoteError.sys.mjs:8:8
WebDriverError@chrome://remote/content/shared/webdriver/Errors.sys.mjs:202:5
InvalidSessionIDError@chrome://remote/content/shared/webdriver/Errors.sys.mjs:472:5
assert.that/<@chrome://remote/content/shared/webdriver/Assert.sys.mjs:581:13
assert.session@chrome://remote/content/shared/webdriver/Assert.sys.mjs:38:4
dispatch@chrome://remote/content/marionette/server.sys.mjs:315:19
execute@chrome://remote/content/marionette/server.sys.mjs:289:16
onPacket/<@chrome://remote/content/marionette/server.sys.mjs:262:20
onPacket@chrome://remote/content/marionette/server.sys.mjs:263:9
_onJSONObjectReady/<@chrome://remote/content/marionette/transport.sys.mjs:494:20


During handling of the above exception, another exception occurred:

Traceback (most recent call last):
  File "C:\TIR_TESTE\venv\Lib\site-packages\tir\technologies\core\log.py", line 626, in take_screenshot_log
    driver.save_screenshot(str(path))
  File "C:\TIR_TESTE\venv\Lib\site-packages\selenium\webdriver\remote\webdriver.py", line 822, in save_screenshot
    return self.get_screenshot_as_file(filename)
           ^^^^^^^^^^^^^^^^^^^^^^^^^^^^^^^^^^^^^
  File "C:\TIR_TESTE\venv\Lib\site-packages\selenium\webdriver\remote\webdriver.py", line 798, in get_screenshot_as_file
    png = self.get_screenshot_as_png()
          ^^^^^^^^^^^^^^^^^^^^^^^^^^^^
  File "C:\TIR_TESTE\venv\Lib\site-packages\selenium\webdriver\remote\webdriver.py", line 832, in get_screenshot_as_png
    return b64decode(self.get_screenshot_as_base64().encode("ascii"))
                     ^^^^^^^^^^^^^^^^^^^^^^^^^^^^^^^
  File "C:\TIR_TESTE\venv\Lib\site-packages\selenium\webdriver\remote\webdriver.py", line 843, in get_screenshot_as_base64
    return self.execute(Command.SCREENSHOT)["value"]
           ^^^^^^^^^^^^^^^^^^^^^^^^^^^^^^^^
  File "C:\TIR_TESTE\venv\Lib\site-packages\selenium\webdriver\remote\webdriver.py", line 347, in execute
    self.error_handler.check_response(response)
  File "C:\TIR_TESTE\venv\Lib\site-packages\selenium\webdriver\remote\errorhandler.py", line 229, in check_response
    raise exception_class(message, screen, stacktrace)
selenium.common.exceptions.WebDriverException: Message: Failed to decode response from marionette

2025-12-08 08:33:47,251-DEBUG-root-28204::log::checks_empty_line|221:: Checking empty default log info
2025-12-08 08:33:47,256-DEBUG-root-28204::log::generate_log|503:: Json log_data: {'cLogDtExec': '08/12/2025 08:33:47', 'cLogNomUsr': '97137227104', 'cLogNomEst': 'GESIT03', 'cLogProgra': None, 'cLogDtProg': '', 'cLogHrProg': '', 'nLogCtsOk': 0, 'nLogCtsNok': 1, 'nLogCtsSeg': 252.43, 'cLogVersao': '12', 'cLogReleas': '12.1.2410', 'nLogCtsErr': 'Viagem - fill grid error: Message: WebDriver session does not exist, or is not activeStacktrace:RemoteError@chrome://remote/content/shared/RemoteError.sys.mjs:8:8WebDriverError@chrome://remote/content/shared/webdriver/Errors.sys.mjs:202:5InvalidSessionIDError@chrome://remote/content/shared/webdriver/Errors.sys.mjs:472:5assert.that/<@chrome://remote/content/shared/webdriver/Assert.sys.mjs:581:13assert.session@chrome://remote/content/shared/webdriver/Assert.sys.mjs:38:4dispatch@chrome://remote/content/marionette/server.sys.mjs:315:19execute@chrome://remote/content/marionette/server.sys.mjs:289:1', 'cLogBancod': 'ORACLE', 'cLogIdenti': '', 'cLogIdExec': '20251208', 'cLogPais': 'BRA', 'cLogTool': 'TIR', 'cLogSequen': '2956b0', 'nLogCtsTot': 1, 'cLogDtExea': '08/12/2025', 'cLogHrExea': '08:33:47', 'cLogArea': 'Desenvolvimento', 'cLogMnExec': 4.207166666666667}
2025-12-08 08:33:47,256-INFO-root-28204::log::send_log_with_retries|515:: Saving log locally.
2025-12-08 08:33:47,256-INFO-root-28204::log::save_log_locally|548:: [FwSendLog]: Não foi possível enviar o log após todas as tentativas.
2025-12-08 08:33:47,257-INFO-root-28204::log::save_log_locally|555:: [FwSendLog]: Log salvo localmente em C:\TIR_TESTE\1765193627.json.
2025-12-08 08:33:47,262-ERROR-root-28204::webapp_internal::log_error|8181:: Warning Log Error Close Message: Tried to run command without establishing a connection
Traceback (most recent call last):
  File "C:\TIR_TESTE\venv\Lib\site-packages\tir\technologies\core\base.py", line 511, in get_current_DOM
    soup = BeautifulSoup(self.driver.page_source,"html.parser")
                         ^^^^^^^^^^^^^^^^^^^^^^^
  File "C:\TIR_TESTE\venv\Lib\site-packages\selenium\webdriver\remote\webdriver.py", line 448, in page_source
    return self.execute(Command.GET_PAGE_SOURCE)["value"]
           ^^^^^^^^^^^^^^^^^^^^^^^^^^^^^^^^^^^^^
  File "C:\TIR_TESTE\venv\Lib\site-packages\selenium\webdriver\remote\webdriver.py", line 347, in execute
    self.error_handler.check_response(response)
  File "C:\TIR_TESTE\venv\Lib\site-packages\selenium\webdriver\remote\errorhandler.py", line 229, in check_response
    raise exception_class(message, screen, stacktrace)
selenium.common.exceptions.InvalidSessionIdException: Message: WebDriver session does not exist, or is not active
Stacktrace:
RemoteError@chrome://remote/content/shared/RemoteError.sys.mjs:8:8
WebDriverError@chrome://remote/content/shared/webdriver/Errors.sys.mjs:202:5
InvalidSessionIDError@chrome://remote/content/shared/webdriver/Errors.sys.mjs:472:5
assert.that/<@chrome://remote/content/shared/webdriver/Assert.sys.mjs:581:13
assert.session@chrome://remote/content/shared/webdriver/Assert.sys.mjs:38:4
dispatch@chrome://remote/content/marionette/server.sys.mjs:315:19
execute@chrome://remote/content/marionette/server.sys.mjs:289:16
onPacket/<@chrome://remote/content/marionette/server.sys.mjs:262:20
onPacket@chrome://remote/content/marionette/server.sys.mjs:263:9
_onJSONObjectReady/<@chrome://remote/content/marionette/transport.sys.mjs:494:20


During handling of the above exception, another exception occurred:

Traceback (most recent call last):
  File "C:\TIR_TESTE\venv\Lib\site-packages\tir\technologies\webapp_internal.py", line 6623, in fill_grid
    element_exist = self.wait_element_timeout(term='wa-dialog', scrap_type=enum.ScrapType.CSS_SELECTOR, position= tmodal_layer + 1, timeout=10, presence=False, main_container='body', check_error=False)
                    ^^^^^^^^^^^^^^^^^^^^^^^^^^^^^^^^^^^^^^^^^^^^^^^^^^^^^^^^^^^^^^^^^^^^^^^^^^^^^^^^^^^^^^^^^^^^^^^^^^^^^^^^^^^^^^^^^^^^^^^^^^^^^^^^^^^^^^^^^^^^^^^^^^^^^^^^^^^^^^^^^^^^^^^^^^^^^^^^^^^^^
  File "C:\TIR_TESTE\venv\Lib\site-packages\tir\technologies\webapp_internal.py", line 7720, in wait_element_timeout
    if not self.element_exists(term, scrap_type, position, optional_term, main_container, check_error):
           ^^^^^^^^^^^^^^^^^^^^^^^^^^^^^^^^^^^^^^^^^^^^^^^^^^^^^^^^^^^^^^^^^^^^^^^^^^^^^^^^^^^^^^^^^^^
  File "C:\TIR_TESTE\venv\Lib\site-packages\tir\technologies\webapp_internal.py", line 4073, in element_exists
    soup = self.get_current_DOM(twebview=twebview)
           ^^^^^^^^^^^^^^^^^^^^^^^^^^^^^^^^^^^^^^^
  File "C:\TIR_TESTE\venv\Lib\site-packages\tir\technologies\core\base.py", line 538, in get_current_DOM
    self.driver.switch_to.default_content()
  File "C:\TIR_TESTE\venv\Lib\site-packages\selenium\webdriver\remote\switch_to.py", line 69, in default_content
    self._driver.execute(Command.SWITCH_TO_FRAME, {"id": None})
  File "C:\TIR_TESTE\venv\Lib\site-packages\selenium\webdriver\remote\webdriver.py", line 347, in execute
    self.error_handler.check_response(response)
  File "C:\TIR_TESTE\venv\Lib\site-packages\selenium\webdriver\remote\errorhandler.py", line 229, in check_response
    raise exception_class(message, screen, stacktrace)
selenium.common.exceptions.InvalidSessionIdException: Message: WebDriver session does not exist, or is not active
Stacktrace:
RemoteError@chrome://remote/content/shared/RemoteError.sys.mjs:8:8
WebDriverError@chrome://remote/content/shared/webdriver/Errors.sys.mjs:202:5
InvalidSessionIDError@chrome://remote/content/shared/webdriver/Errors.sys.mjs:472:5
assert.that/<@chrome://remote/content/shared/webdriver/Assert.sys.mjs:581:13
assert.session@chrome://remote/content/shared/webdriver/Assert.sys.mjs:38:4
dispatch@chrome://remote/content/marionette/server.sys.mjs:315:19
execute@chrome://remote/content/marionette/server.sys.mjs:289:16
onPacket/<@chrome://remote/content/marionette/server.sys.mjs:262:20
onPacket@chrome://remote/content/marionette/server.sys.mjs:263:9
_onJSONObjectReady/<@chrome://remote/content/marionette/transport.sys.mjs:494:20


During handling of the above exception, another exception occurred:

Traceback (most recent call last):
  File "C:\TIR_TESTE\venv\Lib\site-packages\tir\technologies\webapp_internal.py", line 8179, in log_error
    self.driver.close()
  File "C:\TIR_TESTE\venv\Lib\site-packages\selenium\webdriver\remote\webdriver.py", line 458, in close
    self.execute(Command.CLOSE)
  File "C:\TIR_TESTE\venv\Lib\site-packages\selenium\webdriver\remote\webdriver.py", line 347, in execute
    self.error_handler.check_response(response)
  File "C:\TIR_TESTE\venv\Lib\site-packages\selenium\webdriver\remote\errorhandler.py", line 229, in check_response
    raise exception_class(message, screen, stacktrace)
selenium.common.exceptions.InvalidSessionIdException: Message: Tried to run command without establishing a connection

2025-12-08 08:33:47,263-ERROR-root-28204::webapp_internal::SetKey|5901:: False is not true : Viagem - fill grid error: Message: WebDriver session does not exist, or is not active
Stacktrace:
RemoteError@chrome://remote/content/shared/RemoteError.sys.mjs:8:8
WebDriverError@chrome://remote/content/shared/webdriver/Errors.sys.mjs:202:5
InvalidSessionIDError@chrome://remote/content/shared/webdriver/Errors.sys.mjs:472:5
assert.that/<@chrome://remote/content/shared/webdriver/Assert.sys.mjs:581:13
assert.session@chrome://remote/content/shared/webdriver/Assert.sys.mjs:38:4
dispatch@chrome://remote/content/marionette/server.sys.mjs:315:19
execute@chrome://remote/content/marionette/server.sys.mjs:289:16
onPacket/<@chrome://remote/content/marionette/server.sys.mjs:262:20
onPacket@chrome://remote/content/marionette/server.sys.mjs:263:9
_onJSONObjectReady/<@chrome://remote/content/marionette/transport.sys.mjs:494:20
Traceback (most recent call last):
  File "C:\TIR_TESTE\venv\Lib\site-packages\tir\technologies\core\base.py", line 511, in get_current_DOM
    soup = BeautifulSoup(self.driver.page_source,"html.parser")
                         ^^^^^^^^^^^^^^^^^^^^^^^
  File "C:\TIR_TESTE\venv\Lib\site-packages\selenium\webdriver\remote\webdriver.py", line 448, in page_source
    return self.execute(Command.GET_PAGE_SOURCE)["value"]
           ^^^^^^^^^^^^^^^^^^^^^^^^^^^^^^^^^^^^^
  File "C:\TIR_TESTE\venv\Lib\site-packages\selenium\webdriver\remote\webdriver.py", line 347, in execute
    self.error_handler.check_response(response)
  File "C:\TIR_TESTE\venv\Lib\site-packages\selenium\webdriver\remote\errorhandler.py", line 229, in check_response
    raise exception_class(message, screen, stacktrace)
selenium.common.exceptions.InvalidSessionIdException: Message: WebDriver session does not exist, or is not active
Stacktrace:
RemoteError@chrome://remote/content/shared/RemoteError.sys.mjs:8:8
WebDriverError@chrome://remote/content/shared/webdriver/Errors.sys.mjs:202:5
InvalidSessionIDError@chrome://remote/content/shared/webdriver/Errors.sys.mjs:472:5
assert.that/<@chrome://remote/content/shared/webdriver/Assert.sys.mjs:581:13
assert.session@chrome://remote/content/shared/webdriver/Assert.sys.mjs:38:4
dispatch@chrome://remote/content/marionette/server.sys.mjs:315:19
execute@chrome://remote/content/marionette/server.sys.mjs:289:16
onPacket/<@chrome://remote/content/marionette/server.sys.mjs:262:20
onPacket@chrome://remote/content/marionette/server.sys.mjs:263:9
_onJSONObjectReady/<@chrome://remote/content/marionette/transport.sys.mjs:494:20


During handling of the above exception, another exception occurred:

Traceback (most recent call last):
  File "C:\TIR_TESTE\venv\Lib\site-packages\tir\technologies\webapp_internal.py", line 6623, in fill_grid
    element_exist = self.wait_element_timeout(term='wa-dialog', scrap_type=enum.ScrapType.CSS_SELECTOR, position= tmodal_layer + 1, timeout=10, presence=False, main_container='body', check_error=False)
                    ^^^^^^^^^^^^^^^^^^^^^^^^^^^^^^^^^^^^^^^^^^^^^^^^^^^^^^^^^^^^^^^^^^^^^^^^^^^^^^^^^^^^^^^^^^^^^^^^^^^^^^^^^^^^^^^^^^^^^^^^^^^^^^^^^^^^^^^^^^^^^^^^^^^^^^^^^^^^^^^^^^^^^^^^^^^^^^^^^^^^^
  File "C:\TIR_TESTE\venv\Lib\site-packages\tir\technologies\webapp_internal.py", line 7720, in wait_element_timeout
    if not self.element_exists(term, scrap_type, position, optional_term, main_container, check_error):
           ^^^^^^^^^^^^^^^^^^^^^^^^^^^^^^^^^^^^^^^^^^^^^^^^^^^^^^^^^^^^^^^^^^^^^^^^^^^^^^^^^^^^^^^^^^^
  File "C:\TIR_TESTE\venv\Lib\site-packages\tir\technologies\webapp_internal.py", line 4073, in element_exists
    soup = self.get_current_DOM(twebview=twebview)
           ^^^^^^^^^^^^^^^^^^^^^^^^^^^^^^^^^^^^^^^
  File "C:\TIR_TESTE\venv\Lib\site-packages\tir\technologies\core\base.py", line 538, in get_current_DOM
    self.driver.switch_to.default_content()
  File "C:\TIR_TESTE\venv\Lib\site-packages\selenium\webdriver\remote\switch_to.py", line 69, in default_content
    self._driver.execute(Command.SWITCH_TO_FRAME, {"id": None})
  File "C:\TIR_TESTE\venv\Lib\site-packages\selenium\webdriver\remote\webdriver.py", line 347, in execute
    self.error_handler.check_response(response)
  File "C:\TIR_TESTE\venv\Lib\site-packages\selenium\webdriver\remote\errorhandler.py", line 229, in check_response
    raise exception_class(message, screen, stacktrace)
selenium.common.exceptions.InvalidSessionIdException: Message: WebDriver session does not exist, or is not active
Stacktrace:
RemoteError@chrome://remote/content/shared/RemoteError.sys.mjs:8:8
WebDriverError@chrome://remote/content/shared/webdriver/Errors.sys.mjs:202:5
InvalidSessionIDError@chrome://remote/content/shared/webdriver/Errors.sys.mjs:472:5
assert.that/<@chrome://remote/content/shared/webdriver/Assert.sys.mjs:581:13
assert.session@chrome://remote/content/shared/webdriver/Assert.sys.mjs:38:4
dispatch@chrome://remote/content/marionette/server.sys.mjs:315:19
execute@chrome://remote/content/marionette/server.sys.mjs:289:16
onPacket/<@chrome://remote/content/marionette/server.sys.mjs:262:20
onPacket@chrome://remote/content/marionette/server.sys.mjs:263:9
_onJSONObjectReady/<@chrome://remote/content/marionette/transport.sys.mjs:494:20


During handling of the above exception, another exception occurred:

Traceback (most recent call last):
  File "C:\TIR_TESTE\venv\Lib\site-packages\tir\technologies\webapp_internal.py", line 5861, in SetKey
    self.LoadGrid()
  File "C:\TIR_TESTE\venv\Lib\site-packages\tir\technologies\webapp_internal.py", line 6301, in LoadGrid
    self.fill_grid(field, x3_dictionaries, initial_layer, duplicate_fields)
  File "C:\TIR_TESTE\venv\Lib\site-packages\tir\technologies\webapp_internal.py", line 6676, in fill_grid
    self.log_error(f'fill grid error: {str(e)}')
  File "C:\TIR_TESTE\venv\Lib\site-packages\tir\technologies\webapp_internal.py", line 8206, in log_error
    self.assertTrue(False, log_message)
  File "C:\Users\97137227104\AppData\Local\Programs\Python\Python312\Lib\unittest\case.py", line 727, in assertTrue
    raise self.failureException(msg)
AssertionError: False is not true : Viagem - fill grid error: Message: WebDriver session does not exist, or is not active
Stacktrace:
RemoteError@chrome://remote/content/shared/RemoteError.sys.mjs:8:8
WebDriverError@chrome://remote/content/shared/webdriver/Errors.sys.mjs:202:5
InvalidSessionIDError@chrome://remote/content/shared/webdriver/Errors.sys.mjs:472:5
assert.that/<@chrome://remote/content/shared/webdriver/Assert.sys.mjs:581:13
assert.session@chrome://remote/content/shared/webdriver/Assert.sys.mjs:38:4
dispatch@chrome://remote/content/marionette/server.sys.mjs:315:19
execute@chrome://remote/content/marionette/server.sys.mjs:289:16
onPacket/<@chrome://remote/content/marionette/server.sys.mjs:262:20
onPacket@chrome://remote/content/marionette/server.sys.mjs:263:9
_onJSONObjectReady/<@chrome://remote/content/marionette/transport.sys.mjs:494:20

2025-12-08 08:33:47,265-DEBUG-root-28204::webapp_internal::wait_blocker|2444:: Waiting blocker to continue...
2025-12-08 08:33:47,267-DEBUG-root-28204::webapp_internal::wait_blocker|2469:: Blocker status: None
2025-12-08 08:33:47,268-INFO-root-28204::webapp_internal::SetKey|5822:: Key pressed: TAB
2025-12-08 08:33:47,268-DEBUG-root-28204::webapp_internal::SetKey|5857:: Trying press key
2025-12-08 08:33:47,268-DEBUG-root-28204::webapp_internal::wait_element|7623:: Waiting for element
2025-12-08 08:33:47,269-WARNING-root-28204::webapp_internal::log_error|8143:: Warning log_error SetKey - Screen is not load: Message: Tried to run command without establishing a connection

2025-12-08 08:33:47,269-DEBUG-root-28204::webapp_internal::log_error|8146:: ***System Info*** in log_error():
2025-12-08 08:33:47,269-DEBUG-root-28204::psutil_info::system_info|5:: CPU USAGE: 10.6%
2025-12-08 08:33:47,270-DEBUG-root-28204::psutil_info::system_info|6:: MEMORY USAGE: 79.7%
2025-12-08 08:33:47,270-DEBUG-root-28204::psutil_info::system_info|7:: MEMORY AVAILABLE: 20.33%
2025-12-08 08:33:47,287-ERROR-root-28204::webapp_internal::log_error|8181:: Warning Log Error Close Message: Tried to run command without establishing a connection
Traceback (most recent call last):
  File "C:\TIR_TESTE\venv\Lib\site-packages\tir\technologies\core\base.py", line 501, in get_current_DOM
    self.driver.switch_to.default_content()
  File "C:\TIR_TESTE\venv\Lib\site-packages\selenium\webdriver\remote\switch_to.py", line 69, in default_content
    self._driver.execute(Command.SWITCH_TO_FRAME, {"id": None})
  File "C:\TIR_TESTE\venv\Lib\site-packages\selenium\webdriver\remote\webdriver.py", line 347, in execute
    self.error_handler.check_response(response)
  File "C:\TIR_TESTE\venv\Lib\site-packages\selenium\webdriver\remote\errorhandler.py", line 229, in check_response
    raise exception_class(message, screen, stacktrace)
selenium.common.exceptions.InvalidSessionIdException: Message: Tried to run command without establishing a connection


During handling of the above exception, another exception occurred:

Traceback (most recent call last):
  File "C:\TIR_TESTE\venv\Lib\site-packages\tir\technologies\webapp_internal.py", line 5861, in SetKey
    self.LoadGrid()
  File "C:\TIR_TESTE\venv\Lib\site-packages\tir\technologies\webapp_internal.py", line 6284, in LoadGrid
    self.wait_element(term=selector, scrap_type=enum.ScrapType.CSS_SELECTOR)
  File "C:\TIR_TESTE\venv\Lib\site-packages\tir\technologies\webapp_internal.py", line 7626, in wait_element
    while (not self.element_exists(term, scrap_type, position, optional_term, main_container, check_error, twebview, second_term) and time.time() < endtime):
               ^^^^^^^^^^^^^^^^^^^^^^^^^^^^^^^^^^^^^^^^^^^^^^^^^^^^^^^^^^^^^^^^^^^^^^^^^^^^^^^^^^^^^^^^^^^^^^^^^^^^^^^^^^^^^^^^^^
  File "C:\TIR_TESTE\venv\Lib\site-packages\tir\technologies\webapp_internal.py", line 4073, in element_exists
    soup = self.get_current_DOM(twebview=twebview)
           ^^^^^^^^^^^^^^^^^^^^^^^^^^^^^^^^^^^^^^^
  File "C:\TIR_TESTE\venv\Lib\site-packages\tir\technologies\core\base.py", line 538, in get_current_DOM
    self.driver.switch_to.default_content()
  File "C:\TIR_TESTE\venv\Lib\site-packages\selenium\webdriver\remote\switch_to.py", line 69, in default_content
    self._driver.execute(Command.SWITCH_TO_FRAME, {"id": None})
  File "C:\TIR_TESTE\venv\Lib\site-packages\selenium\webdriver\remote\webdriver.py", line 347, in execute
    self.error_handler.check_response(response)
  File "C:\TIR_TESTE\venv\Lib\site-packages\selenium\webdriver\remote\errorhandler.py", line 229, in check_response
    raise exception_class(message, screen, stacktrace)
selenium.common.exceptions.InvalidSessionIdException: Message: Tried to run command without establishing a connection


During handling of the above exception, another exception occurred:

Traceback (most recent call last):
  File "C:\TIR_TESTE\venv\Lib\site-packages\tir\technologies\webapp_internal.py", line 8179, in log_error
    self.driver.close()
  File "C:\TIR_TESTE\venv\Lib\site-packages\selenium\webdriver\remote\webdriver.py", line 458, in close
    self.execute(Command.CLOSE)
  File "C:\TIR_TESTE\venv\Lib\site-packages\selenium\webdriver\remote\webdriver.py", line 347, in execute
    self.error_handler.check_response(response)
  File "C:\TIR_TESTE\venv\Lib\site-packages\selenium\webdriver\remote\errorhandler.py", line 229, in check_response
    raise exception_class(message, screen, stacktrace)
selenium.common.exceptions.InvalidSessionIdException: Message: Tried to run command without establishing a connection

2025-12-08 08:33:47,736-ERROR-root-28204::webapp_internal::TearDown|9654:: Warning tearDown Close Message: Tried to run command without establishing a connection
Traceback (most recent call last):
  File "C:\TIR_TESTE\venv\Lib\site-packages\tir\technologies\webapp_internal.py", line 9652, in TearDown
    self.driver.close()
  File "C:\TIR_TESTE\venv\Lib\site-packages\selenium\webdriver\remote\webdriver.py", line 458, in close
    self.execute(Command.CLOSE)
  File "C:\TIR_TESTE\venv\Lib\site-packages\selenium\webdriver\remote\webdriver.py", line 347, in execute
    self.error_handler.check_response(response)
  File "C:\TIR_TESTE\venv\Lib\site-packages\selenium\webdriver\remote\errorhandler.py", line 229, in check_response
    raise exception_class(message, screen, stacktrace)
selenium.common.exceptions.InvalidSessionIdException: Message: Tried to run command without establishing a connection

