2025-12-11 12:22:26,942-DEBUG-root-47264::logging_config::logger|189:: Log file created: 'Log\GESIT03\TIR__20251211122226936.log'
2025-12-11 12:22:26,943-INFO-root-47264::base::Start|1183:: TIR Version: 2.4.3
2025-12-11 12:22:26,943-INFO-root-47264::base::Start|1184:: Python Version: 3.12.10
2025-12-11 12:22:26,943-INFO-root-47264::base::Start|1185:: Starting the browser
2025-12-11 12:22:34,752-INFO-root-47264::base::get_url|1294:: Page is ready!
2025-12-11 12:22:34,754-INFO-root-47264::base::Start|1256:: Browser maximized to 160x28
2025-12-11 12:22:34,754-INFO-root-47264::base::Start|1258:: Screen size is different from default used in headless mode
2025-12-11 12:22:36,338-INFO-root-47264::webapp_internal::Setup|247:: ***System Info*** in Setup():
2025-12-11 12:22:36,338-DEBUG-root-47264::psutil_info::system_info|5:: CPU USAGE: 20.3%
2025-12-11 12:22:36,339-DEBUG-root-47264::psutil_info::system_info|6:: MEMORY USAGE: 91.5%
2025-12-11 12:22:36,339-DEBUG-root-47264::psutil_info::system_info|7:: MEMORY AVAILABLE: 8.51%
2025-12-11 12:22:36,348-INFO-root-47264::base::webapp_shadowroot|1394:: Webapp: 10.1.6-RC4
2025-12-11 12:22:36,392-INFO-root-47264::webapp_internal::filling_initial_program|449:: Filling Initial Program: "SIGAMDI"
2025-12-11 12:22:36,392-DEBUG-root-47264::webapp_internal::wait_element|7623:: Waiting for element
2025-12-11 12:22:36,680-DEBUG-root-47264::webapp_internal::wait_element|7653:: Element found! Waiting for element to be displayed.
2025-12-11 12:22:37,626-DEBUG-root-47264::base::click|192:: Click Type: ClickType.JS
2025-12-11 12:22:37,770-DEBUG-root-47264::webapp_internal::try_send_keys|7976:: Trying to send keys to element using technique 0
2025-12-11 12:22:38,675-DEBUG-root-47264::webapp_internal::get_web_value|3232:: Current value: SIGAMDI
2025-12-11 12:22:38,675-INFO-root-47264::webapp_internal::filling_server_environment|463:: Filling Server Environment: "POUPEX_TST"
2025-12-11 12:22:38,675-DEBUG-root-47264::webapp_internal::wait_element|7623:: Waiting for element
2025-12-11 12:22:38,701-DEBUG-root-47264::webapp_internal::wait_element|7653:: Element found! Waiting for element to be displayed.
2025-12-11 12:22:38,887-DEBUG-root-47264::base::click|192:: Click Type: ClickType.JS
2025-12-11 12:22:38,896-DEBUG-root-47264::webapp_internal::try_send_keys|7976:: Trying to send keys to element using technique 0
2025-12-11 12:22:39,240-DEBUG-root-47264::webapp_internal::get_web_value|3232:: Current value: POUPEX_TST
2025-12-11 12:22:39,273-DEBUG-root-47264::base::click|192:: Click Type: ClickType.JS
2025-12-11 12:22:39,289-DEBUG-root-47264::webapp_internal::user_screen|519:: Filling user screen
2025-12-11 12:23:40,253-ERROR-root-47264::webapp_internal::web_scrap|3782:: Message: WebDriver session does not exist, or is not active
Stacktrace:
RemoteError@chrome://remote/content/shared/RemoteError.sys.mjs:8:8
WebDriverError@chrome://remote/content/shared/webdriver/Errors.sys.mjs:202:5
InvalidSessionIDError@chrome://remote/content/shared/webdriver/Errors.sys.mjs:472:5
assert.that/<@chrome://remote/content/shared/webdriver/Assert.sys.mjs:581:13
assert.session@chrome://remote/content/shared/webdriver/Assert.sys.mjs:38:4
dispatch@chrome://remote/content/marionette/server.sys.mjs:315:19
execute@chrome://remote/content/marionette/server.sys.mjs:289:16
onPacket/<@chrome://remote/content/marionette/server.sys.mjs:262:20
onPacket@chrome://remote/content/marionette/server.sys.mjs:263:9
_onJSONObjectReady/<@chrome://remote/content/marionette/transport.sys.mjs:494:20
Traceback (most recent call last):
  File "C:\TIR_TESTE\venv\Lib\site-packages\tir\technologies\core\base.py", line 501, in get_current_DOM
    self.driver.switch_to.default_content()
  File "C:\TIR_TESTE\venv\Lib\site-packages\selenium\webdriver\remote\switch_to.py", line 69, in default_content
    self._driver.execute(Command.SWITCH_TO_FRAME, {"id": None})
  File "C:\TIR_TESTE\venv\Lib\site-packages\selenium\webdriver\remote\webdriver.py", line 347, in execute
    self.error_handler.check_response(response)
  File "C:\TIR_TESTE\venv\Lib\site-packages\selenium\webdriver\remote\errorhandler.py", line 229, in check_response
    raise exception_class(message, screen, stacktrace)
selenium.common.exceptions.InvalidSessionIdException: Message: WebDriver session does not exist, or is not active
Stacktrace:
RemoteError@chrome://remote/content/shared/RemoteError.sys.mjs:8:8
WebDriverError@chrome://remote/content/shared/webdriver/Errors.sys.mjs:202:5
InvalidSessionIDError@chrome://remote/content/shared/webdriver/Errors.sys.mjs:472:5
assert.that/<@chrome://remote/content/shared/webdriver/Assert.sys.mjs:581:13
assert.session@chrome://remote/content/shared/webdriver/Assert.sys.mjs:38:4
dispatch@chrome://remote/content/marionette/server.sys.mjs:315:19
execute@chrome://remote/content/marionette/server.sys.mjs:289:16
onPacket/<@chrome://remote/content/marionette/server.sys.mjs:262:20
onPacket@chrome://remote/content/marionette/server.sys.mjs:263:9
_onJSONObjectReady/<@chrome://remote/content/marionette/transport.sys.mjs:494:20


During handling of the above exception, another exception occurred:

Traceback (most recent call last):
  File "C:\TIR_TESTE\venv\Lib\site-packages\tir\technologies\webapp_internal.py", line 3719, in web_scrap
    soup = self.get_current_DOM(twebview=twebview)
           ^^^^^^^^^^^^^^^^^^^^^^^^^^^^^^^^^^^^^^^
  File "C:\TIR_TESTE\venv\Lib\site-packages\tir\technologies\core\base.py", line 538, in get_current_DOM
    self.driver.switch_to.default_content()
  File "C:\TIR_TESTE\venv\Lib\site-packages\selenium\webdriver\remote\switch_to.py", line 69, in default_content
    self._driver.execute(Command.SWITCH_TO_FRAME, {"id": None})
  File "C:\TIR_TESTE\venv\Lib\site-packages\selenium\webdriver\remote\webdriver.py", line 347, in execute
    self.error_handler.check_response(response)
  File "C:\TIR_TESTE\venv\Lib\site-packages\selenium\webdriver\remote\errorhandler.py", line 229, in check_response
    raise exception_class(message, screen, stacktrace)
selenium.common.exceptions.InvalidSessionIdException: Message: WebDriver session does not exist, or is not active
Stacktrace:
RemoteError@chrome://remote/content/shared/RemoteError.sys.mjs:8:8
WebDriverError@chrome://remote/content/shared/webdriver/Errors.sys.mjs:202:5
InvalidSessionIDError@chrome://remote/content/shared/webdriver/Errors.sys.mjs:472:5
assert.that/<@chrome://remote/content/shared/webdriver/Assert.sys.mjs:581:13
assert.session@chrome://remote/content/shared/webdriver/Assert.sys.mjs:38:4
dispatch@chrome://remote/content/marionette/server.sys.mjs:315:19
execute@chrome://remote/content/marionette/server.sys.mjs:289:16
onPacket/<@chrome://remote/content/marionette/server.sys.mjs:262:20
onPacket@chrome://remote/content/marionette/server.sys.mjs:263:9
_onJSONObjectReady/<@chrome://remote/content/marionette/transport.sys.mjs:494:20

2025-12-11 12:23:40,656-ERROR-root-47264::webapp_internal::Setup|320:: Message: Tried to run command without establishing a connection
Traceback (most recent call last):
  File "C:\TIR_TESTE\venv\Lib\site-packages\tir\technologies\core\base.py", line 501, in get_current_DOM
    self.driver.switch_to.default_content()
  File "C:\TIR_TESTE\venv\Lib\site-packages\selenium\webdriver\remote\switch_to.py", line 69, in default_content
    self._driver.execute(Command.SWITCH_TO_FRAME, {"id": None})
  File "C:\TIR_TESTE\venv\Lib\site-packages\selenium\webdriver\remote\webdriver.py", line 347, in execute
    self.error_handler.check_response(response)
  File "C:\TIR_TESTE\venv\Lib\site-packages\selenium\webdriver\remote\errorhandler.py", line 229, in check_response
    raise exception_class(message, screen, stacktrace)
selenium.common.exceptions.WebDriverException: Message: Failed to decode response from marionette


During handling of the above exception, another exception occurred:

Traceback (most recent call last):
  File "C:\TIR_TESTE\venv\Lib\site-packages\tir\technologies\webapp_internal.py", line 291, in Setup
    self.user_screen(True) if initial_program.lower() == "sigacfg" else self.user_screen()
                                                                        ^^^^^^^^^^^^^^^^^^
  File "C:\TIR_TESTE\venv\Lib\site-packages\tir\technologies\webapp_internal.py", line 539, in user_screen
    if not self.wait_element_timeout(term=".po-page-login-info-field .po-input",
           ^^^^^^^^^^^^^^^^^^^^^^^^^^^^^^^^^^^^^^^^^^^^^^^^^^^^^^^^^^^^^^^^^^^^^
  File "C:\TIR_TESTE\venv\Lib\site-packages\tir\technologies\webapp_internal.py", line 7713, in wait_element_timeout
    if self.element_exists(term, scrap_type, position, optional_term, main_container, check_error, twebview):
       ^^^^^^^^^^^^^^^^^^^^^^^^^^^^^^^^^^^^^^^^^^^^^^^^^^^^^^^^^^^^^^^^^^^^^^^^^^^^^^^^^^^^^^^^^^^^^^^^^^^^^
  File "C:\TIR_TESTE\venv\Lib\site-packages\tir\technologies\webapp_internal.py", line 4073, in element_exists
    soup = self.get_current_DOM(twebview=twebview)
           ^^^^^^^^^^^^^^^^^^^^^^^^^^^^^^^^^^^^^^^
  File "C:\TIR_TESTE\venv\Lib\site-packages\tir\technologies\core\base.py", line 538, in get_current_DOM
    self.driver.switch_to.default_content()
  File "C:\TIR_TESTE\venv\Lib\site-packages\selenium\webdriver\remote\switch_to.py", line 69, in default_content
    self._driver.execute(Command.SWITCH_TO_FRAME, {"id": None})
  File "C:\TIR_TESTE\venv\Lib\site-packages\selenium\webdriver\remote\webdriver.py", line 347, in execute
    self.error_handler.check_response(response)
  File "C:\TIR_TESTE\venv\Lib\site-packages\selenium\webdriver\remote\errorhandler.py", line 229, in check_response
    raise exception_class(message, screen, stacktrace)
selenium.common.exceptions.InvalidSessionIdException: Message: Tried to run command without establishing a connection

2025-12-11 12:23:40,657-INFO-root-47264::webapp_internal::SetLateralMenu|4184:: Navigating lateral menu: Atualizações > Gestao de Viagens > Cadastro (5) > Orcamento por UTA
2025-12-11 12:22:26,942-DEBUG-root-47264::logging_config::logger|189:: Log file created: 'Log\GESIT03\TIR__20251211122226936.log'
2025-12-11 12:22:26,943-INFO-root-47264::base::Start|1183:: TIR Version: 2.4.3
2025-12-11 12:22:26,943-INFO-root-47264::base::Start|1184:: Python Version: 3.12.10
2025-12-11 12:22:26,943-INFO-root-47264::base::Start|1185:: Starting the browser
2025-12-11 12:22:34,752-INFO-root-47264::base::get_url|1294:: Page is ready!
2025-12-11 12:22:34,754-INFO-root-47264::base::Start|1256:: Browser maximized to 160x28
2025-12-11 12:22:34,754-INFO-root-47264::base::Start|1258:: Screen size is different from default used in headless mode
2025-12-11 12:22:36,338-INFO-root-47264::webapp_internal::Setup|247:: ***System Info*** in Setup():
2025-12-11 12:22:36,338-DEBUG-root-47264::psutil_info::system_info|5:: CPU USAGE: 20.3%
2025-12-11 12:22:36,339-DEBUG-root-47264::psutil_info::system_info|6:: MEMORY USAGE: 91.5%
2025-12-11 12:22:36,339-DEBUG-root-47264::psutil_info::system_info|7:: MEMORY AVAILABLE: 8.51%
2025-12-11 12:22:36,348-INFO-root-47264::base::webapp_shadowroot|1394:: Webapp: 10.1.6-RC4
2025-12-11 12:22:36,392-INFO-root-47264::webapp_internal::filling_initial_program|449:: Filling Initial Program: "SIGAMDI"
2025-12-11 12:22:36,392-DEBUG-root-47264::webapp_internal::wait_element|7623:: Waiting for element
2025-12-11 12:22:36,680-DEBUG-root-47264::webapp_internal::wait_element|7653:: Element found! Waiting for element to be displayed.
2025-12-11 12:22:37,626-DEBUG-root-47264::base::click|192:: Click Type: ClickType.JS
2025-12-11 12:22:37,770-DEBUG-root-47264::webapp_internal::try_send_keys|7976:: Trying to send keys to element using technique 0
2025-12-11 12:22:38,675-DEBUG-root-47264::webapp_internal::get_web_value|3232:: Current value: SIGAMDI
2025-12-11 12:22:38,675-INFO-root-47264::webapp_internal::filling_server_environment|463:: Filling Server Environment: "POUPEX_TST"
2025-12-11 12:22:38,675-DEBUG-root-47264::webapp_internal::wait_element|7623:: Waiting for element
2025-12-11 12:22:38,701-DEBUG-root-47264::webapp_internal::wait_element|7653:: Element found! Waiting for element to be displayed.
2025-12-11 12:22:38,887-DEBUG-root-47264::base::click|192:: Click Type: ClickType.JS
2025-12-11 12:22:38,896-DEBUG-root-47264::webapp_internal::try_send_keys|7976:: Trying to send keys to element using technique 0
2025-12-11 12:22:39,240-DEBUG-root-47264::webapp_internal::get_web_value|3232:: Current value: POUPEX_TST
2025-12-11 12:22:39,273-DEBUG-root-47264::base::click|192:: Click Type: ClickType.JS
2025-12-11 12:22:39,289-DEBUG-root-47264::webapp_internal::user_screen|519:: Filling user screen
2025-12-11 12:23:40,253-ERROR-root-47264::webapp_internal::web_scrap|3782:: Message: WebDriver session does not exist, or is not active
Stacktrace:
RemoteError@chrome://remote/content/shared/RemoteError.sys.mjs:8:8
WebDriverError@chrome://remote/content/shared/webdriver/Errors.sys.mjs:202:5
InvalidSessionIDError@chrome://remote/content/shared/webdriver/Errors.sys.mjs:472:5
assert.that/<@chrome://remote/content/shared/webdriver/Assert.sys.mjs:581:13
assert.session@chrome://remote/content/shared/webdriver/Assert.sys.mjs:38:4
dispatch@chrome://remote/content/marionette/server.sys.mjs:315:19
execute@chrome://remote/content/marionette/server.sys.mjs:289:16
onPacket/<@chrome://remote/content/marionette/server.sys.mjs:262:20
onPacket@chrome://remote/content/marionette/server.sys.mjs:263:9
_onJSONObjectReady/<@chrome://remote/content/marionette/transport.sys.mjs:494:20
Traceback (most recent call last):
  File "C:\TIR_TESTE\venv\Lib\site-packages\tir\technologies\core\base.py", line 501, in get_current_DOM
    self.driver.switch_to.default_content()
  File "C:\TIR_TESTE\venv\Lib\site-packages\selenium\webdriver\remote\switch_to.py", line 69, in default_content
    self._driver.execute(Command.SWITCH_TO_FRAME, {"id": None})
  File "C:\TIR_TESTE\venv\Lib\site-packages\selenium\webdriver\remote\webdriver.py", line 347, in execute
    self.error_handler.check_response(response)
  File "C:\TIR_TESTE\venv\Lib\site-packages\selenium\webdriver\remote\errorhandler.py", line 229, in check_response
    raise exception_class(message, screen, stacktrace)
selenium.common.exceptions.InvalidSessionIdException: Message: WebDriver session does not exist, or is not active
Stacktrace:
RemoteError@chrome://remote/content/shared/RemoteError.sys.mjs:8:8
WebDriverError@chrome://remote/content/shared/webdriver/Errors.sys.mjs:202:5
InvalidSessionIDError@chrome://remote/content/shared/webdriver/Errors.sys.mjs:472:5
assert.that/<@chrome://remote/content/shared/webdriver/Assert.sys.mjs:581:13
assert.session@chrome://remote/content/shared/webdriver/Assert.sys.mjs:38:4
dispatch@chrome://remote/content/marionette/server.sys.mjs:315:19
execute@chrome://remote/content/marionette/server.sys.mjs:289:16
onPacket/<@chrome://remote/content/marionette/server.sys.mjs:262:20
onPacket@chrome://remote/content/marionette/server.sys.mjs:263:9
_onJSONObjectReady/<@chrome://remote/content/marionette/transport.sys.mjs:494:20


During handling of the above exception, another exception occurred:

Traceback (most recent call last):
  File "C:\TIR_TESTE\venv\Lib\site-packages\tir\technologies\webapp_internal.py", line 3719, in web_scrap
    soup = self.get_current_DOM(twebview=twebview)
           ^^^^^^^^^^^^^^^^^^^^^^^^^^^^^^^^^^^^^^^
  File "C:\TIR_TESTE\venv\Lib\site-packages\tir\technologies\core\base.py", line 538, in get_current_DOM
    self.driver.switch_to.default_content()
  File "C:\TIR_TESTE\venv\Lib\site-packages\selenium\webdriver\remote\switch_to.py", line 69, in default_content
    self._driver.execute(Command.SWITCH_TO_FRAME, {"id": None})
  File "C:\TIR_TESTE\venv\Lib\site-packages\selenium\webdriver\remote\webdriver.py", line 347, in execute
    self.error_handler.check_response(response)
  File "C:\TIR_TESTE\venv\Lib\site-packages\selenium\webdriver\remote\errorhandler.py", line 229, in check_response
    raise exception_class(message, screen, stacktrace)
selenium.common.exceptions.InvalidSessionIdException: Message: WebDriver session does not exist, or is not active
Stacktrace:
RemoteError@chrome://remote/content/shared/RemoteError.sys.mjs:8:8
WebDriverError@chrome://remote/content/shared/webdriver/Errors.sys.mjs:202:5
InvalidSessionIDError@chrome://remote/content/shared/webdriver/Errors.sys.mjs:472:5
assert.that/<@chrome://remote/content/shared/webdriver/Assert.sys.mjs:581:13
assert.session@chrome://remote/content/shared/webdriver/Assert.sys.mjs:38:4
dispatch@chrome://remote/content/marionette/server.sys.mjs:315:19
execute@chrome://remote/content/marionette/server.sys.mjs:289:16
onPacket/<@chrome://remote/content/marionette/server.sys.mjs:262:20
onPacket@chrome://remote/content/marionette/server.sys.mjs:263:9
_onJSONObjectReady/<@chrome://remote/content/marionette/transport.sys.mjs:494:20

2025-12-11 12:23:40,656-ERROR-root-47264::webapp_internal::Setup|320:: Message: Tried to run command without establishing a connection
Traceback (most recent call last):
  File "C:\TIR_TESTE\venv\Lib\site-packages\tir\technologies\core\base.py", line 501, in get_current_DOM
    self.driver.switch_to.default_content()
  File "C:\TIR_TESTE\venv\Lib\site-packages\selenium\webdriver\remote\switch_to.py", line 69, in default_content
    self._driver.execute(Command.SWITCH_TO_FRAME, {"id": None})
  File "C:\TIR_TESTE\venv\Lib\site-packages\selenium\webdriver\remote\webdriver.py", line 347, in execute
    self.error_handler.check_response(response)
  File "C:\TIR_TESTE\venv\Lib\site-packages\selenium\webdriver\remote\errorhandler.py", line 229, in check_response
    raise exception_class(message, screen, stacktrace)
selenium.common.exceptions.WebDriverException: Message: Failed to decode response from marionette


During handling of the above exception, another exception occurred:

Traceback (most recent call last):
  File "C:\TIR_TESTE\venv\Lib\site-packages\tir\technologies\webapp_internal.py", line 291, in Setup
    self.user_screen(True) if initial_program.lower() == "sigacfg" else self.user_screen()
                                                                        ^^^^^^^^^^^^^^^^^^
  File "C:\TIR_TESTE\venv\Lib\site-packages\tir\technologies\webapp_internal.py", line 539, in user_screen
    if not self.wait_element_timeout(term=".po-page-login-info-field .po-input",
           ^^^^^^^^^^^^^^^^^^^^^^^^^^^^^^^^^^^^^^^^^^^^^^^^^^^^^^^^^^^^^^^^^^^^^
  File "C:\TIR_TESTE\venv\Lib\site-packages\tir\technologies\webapp_internal.py", line 7713, in wait_element_timeout
    if self.element_exists(term, scrap_type, position, optional_term, main_container, check_error, twebview):
       ^^^^^^^^^^^^^^^^^^^^^^^^^^^^^^^^^^^^^^^^^^^^^^^^^^^^^^^^^^^^^^^^^^^^^^^^^^^^^^^^^^^^^^^^^^^^^^^^^^^^^
  File "C:\TIR_TESTE\venv\Lib\site-packages\tir\technologies\webapp_internal.py", line 4073, in element_exists
    soup = self.get_current_DOM(twebview=twebview)
           ^^^^^^^^^^^^^^^^^^^^^^^^^^^^^^^^^^^^^^^
  File "C:\TIR_TESTE\venv\Lib\site-packages\tir\technologies\core\base.py", line 538, in get_current_DOM
    self.driver.switch_to.default_content()
  File "C:\TIR_TESTE\venv\Lib\site-packages\selenium\webdriver\remote\switch_to.py", line 69, in default_content
    self._driver.execute(Command.SWITCH_TO_FRAME, {"id": None})
  File "C:\TIR_TESTE\venv\Lib\site-packages\selenium\webdriver\remote\webdriver.py", line 347, in execute
    self.error_handler.check_response(response)
  File "C:\TIR_TESTE\venv\Lib\site-packages\selenium\webdriver\remote\errorhandler.py", line 229, in check_response
    raise exception_class(message, screen, stacktrace)
selenium.common.exceptions.InvalidSessionIdException: Message: Tried to run command without establishing a connection

2025-12-11 12:23:40,657-INFO-root-47264::webapp_internal::SetLateralMenu|4184:: Navigating lateral menu: Atualizações > Gestao de Viagens > Cadastro (5) > Orcamento por UTA
