2025-12-05 12:31:12,893-DEBUG-root-34208::logging_config::logger|189:: Log file created: 'Log\GESIT03\TIR__20251205123112869.log'
2025-12-05 12:31:12,893-INFO-root-34208::base::Start|1183:: TIR Version: 2.4.3
2025-12-05 12:31:12,894-INFO-root-34208::base::Start|1184:: Python Version: 3.12.10
2025-12-05 12:31:12,894-INFO-root-34208::base::Start|1185:: Starting the browser
2025-12-05 12:31:20,429-INFO-root-34208::base::get_url|1294:: Page is ready!
2025-12-05 12:31:20,553-INFO-root-34208::base::Start|1256:: Browser maximized to 1936x1048
2025-12-05 12:31:20,554-INFO-root-34208::base::Start|1258:: Screen size is different from default used in headless mode
2025-12-05 12:31:20,792-INFO-root-34208::webapp_internal::Setup|247:: ***System Info*** in Setup():
2025-12-05 12:31:20,793-DEBUG-root-34208::psutil_info::system_info|5:: CPU USAGE: 20.4%
2025-12-05 12:31:20,793-DEBUG-root-34208::psutil_info::system_info|6:: MEMORY USAGE: 91.3%
2025-12-05 12:31:20,793-DEBUG-root-34208::psutil_info::system_info|7:: MEMORY AVAILABLE: 8.75%
2025-12-05 12:31:20,800-INFO-root-34208::base::webapp_shadowroot|1394:: Webapp: 10.1.6-RC4
2025-12-05 12:31:20,820-INFO-root-34208::webapp_internal::filling_initial_program|449:: Filling Initial Program: "SIGAMDI"
2025-12-05 12:31:20,821-DEBUG-root-34208::webapp_internal::wait_element|7623:: Waiting for element
2025-12-05 12:31:20,879-DEBUG-root-34208::webapp_internal::wait_element|7653:: Element found! Waiting for element to be displayed.
2025-12-05 12:31:21,040-DEBUG-root-34208::base::click|192:: Click Type: ClickType.JS
2025-12-05 12:31:21,045-DEBUG-root-34208::webapp_internal::try_send_keys|7976:: Trying to send keys to element using technique 0
2025-12-05 12:31:21,387-DEBUG-root-34208::webapp_internal::get_web_value|3232:: Current value: SIGAMDI
2025-12-05 12:31:21,387-INFO-root-34208::webapp_internal::filling_server_environment|463:: Filling Server Environment: "POUPEX_TST"
2025-12-05 12:31:21,387-DEBUG-root-34208::webapp_internal::wait_element|7623:: Waiting for element
2025-12-05 12:31:21,430-DEBUG-root-34208::webapp_internal::wait_element|7653:: Element found! Waiting for element to be displayed.
2025-12-05 12:31:21,607-DEBUG-root-34208::base::click|192:: Click Type: ClickType.JS
2025-12-05 12:31:21,612-DEBUG-root-34208::webapp_internal::try_send_keys|7976:: Trying to send keys to element using technique 0
2025-12-05 12:31:22,361-DEBUG-root-34208::webapp_internal::get_web_value|3232:: Current value: POUPEX_TST
2025-12-05 12:31:22,384-DEBUG-root-34208::base::click|192:: Click Type: ClickType.JS
2025-12-05 12:31:22,397-DEBUG-root-34208::webapp_internal::user_screen|519:: Filling user screen
2025-12-05 12:31:28,660-DEBUG-root-34208::webapp_internal::wait_element_timeout|7726:: Element found! Waiting for element to be displayed.
2025-12-05 12:31:28,710-DEBUG-root-34208::base::scroll_to_element|759:: ********Warining scroll_to_element exception: Message: TypeError: can't access property "scrollIntoView", arguments[0] is null
Stacktrace:
@https://qasrverp:10020/webapp/:2:7
@https://qasrverp:10020/webapp/:3:8
*********
2025-12-05 12:31:28,834-INFO-root-34208::webapp_internal::user_screen|561:: Filling User
2025-12-05 12:31:28,857-DEBUG-root-34208::base::double_click|259:: Click Type: ClickType.SELENIUM
2025-12-05 12:31:29,038-DEBUG-root-34208::webapp_internal::get_web_value|3232:: Current value: 97137227104
2025-12-05 12:31:29,059-INFO-root-34208::webapp_internal::user_screen|621:: Filling Password
2025-12-05 12:31:29,081-DEBUG-root-34208::base::click|192:: Click Type: ClickType.JS
2025-12-05 12:31:29,150-DEBUG-root-34208::webapp_internal::get_web_value|3232:: Current value: Val20221080080094+
2025-12-05 12:31:29,151-DEBUG-root-34208::webapp_internal::wait_blocker|2444:: Waiting blocker to continue...
2025-12-05 12:31:29,178-DEBUG-root-34208::webapp_internal::wait_blocker|2469:: Blocker status: None
2025-12-05 12:31:29,197-DEBUG-root-34208::webapp_internal::wait_blocker|2444:: Waiting blocker to continue...
2025-12-05 12:31:29,222-DEBUG-root-34208::webapp_internal::wait_blocker|2469:: Blocker status: None
2025-12-05 12:31:29,254-DEBUG-root-34208::webapp_internal::wait_blocker|2444:: Waiting blocker to continue...
2025-12-05 12:31:29,281-DEBUG-root-34208::webapp_internal::wait_blocker|2469:: Blocker status: None
2025-12-05 12:31:29,282-DEBUG-root-34208::webapp_internal::send_action|10480:: Trying to send action
2025-12-05 12:31:29,287-DEBUG-root-34208::base::click|192:: Click Type: ClickType.JS
2025-12-05 12:31:30,329-DEBUG-root-34208::webapp_internal::send_action|10522:: send_action method result = True
2025-12-05 12:31:30,330-DEBUG-root-34208::webapp_internal::send_action|10523:: send_action selenium status: False
2025-12-05 12:31:32,785-DEBUG-root-34208::base::scroll_to_element|759:: ********Warining scroll_to_element exception: Message: TypeError: can't access property "scrollIntoView", arguments[0] is null
Stacktrace:
@https://qasrverp:10020/webapp/:2:7
@https://qasrverp:10020/webapp/:3:8
*********
2025-12-05 12:31:32,837-INFO-root-34208::webapp_internal::filling_date|885:: Filling Date: "05/12/2025"
2025-12-05 12:31:32,837-DEBUG-root-34208::webapp_internal::wait_blocker|2444:: Waiting blocker to continue...
2025-12-05 12:31:32,871-DEBUG-root-34208::webapp_internal::wait_blocker|2469:: Blocker status: None
2025-12-05 12:31:32,874-DEBUG-root-34208::base::click|192:: Click Type: ClickType.JS
2025-12-05 12:31:32,891-DEBUG-root-34208::webapp_internal::try_send_keys|7976:: Trying to send keys to element using technique 1
2025-12-05 12:31:32,972-DEBUG-root-34208::webapp_internal::get_web_value|3232:: Current value: 05/12/2025
2025-12-05 12:31:34,049-INFO-root-34208::webapp_internal::filling_group|955:: Filling Group: "02"
2025-12-05 12:31:34,049-DEBUG-root-34208::webapp_internal::wait_blocker|2444:: Waiting blocker to continue...
2025-12-05 12:31:34,080-DEBUG-root-34208::webapp_internal::wait_blocker|2469:: Blocker status: None
2025-12-05 12:31:34,082-DEBUG-root-34208::base::click|192:: Click Type: ClickType.JS
2025-12-05 12:31:34,127-DEBUG-root-34208::webapp_internal::get_web_value|3232:: Current value: 02
2025-12-05 12:31:35,187-INFO-root-34208::webapp_internal::filling_branch|1047:: Filling Branch: "02DF0001"
2025-12-05 12:31:35,187-DEBUG-root-34208::webapp_internal::wait_blocker|2444:: Waiting blocker to continue...
2025-12-05 12:31:35,219-DEBUG-root-34208::webapp_internal::wait_blocker|2469:: Blocker status: None
2025-12-05 12:31:35,222-DEBUG-root-34208::base::click|192:: Click Type: ClickType.JS
2025-12-05 12:31:35,271-DEBUG-root-34208::webapp_internal::get_web_value|3232:: Current value: 02DF0001
2025-12-05 12:31:36,351-INFO-root-34208::webapp_internal::filling_environment|1113:: Filling Environment: "07"
2025-12-05 12:31:36,351-DEBUG-root-34208::webapp_internal::wait_blocker|2444:: Waiting blocker to continue...
2025-12-05 12:31:36,383-DEBUG-root-34208::webapp_internal::wait_blocker|2469:: Blocker status: None
2025-12-05 12:31:36,386-DEBUG-root-34208::base::click|192:: Click Type: ClickType.JS
2025-12-05 12:31:36,443-DEBUG-root-34208::webapp_internal::get_web_value|3232:: Current value: 07
2025-12-05 12:31:37,452-DEBUG-root-34208::webapp_internal::close_warning_screen|1489:: Closing warning screen!
2025-12-05 12:31:38,489-DEBUG-root-34208::webapp_internal::check_screen_element|1291:: Checking screen element: "Atenção": False
2025-12-05 12:31:39,588-INFO-root-34208::webapp_internal::environment_screen|796:: Clicking on Button
2025-12-05 12:31:39,588-DEBUG-root-34208::webapp_internal::wait_blocker|2444:: Waiting blocker to continue...
2025-12-05 12:31:39,624-DEBUG-root-34208::webapp_internal::wait_blocker|2469:: Blocker status: None
2025-12-05 12:31:39,627-DEBUG-root-34208::base::click|192:: Click Type: ClickType.JS
2025-12-05 12:31:40,634-DEBUG-root-34208::base::click|192:: Click Type: ClickType.JS
2025-12-05 12:31:41,642-DEBUG-root-34208::base::click|192:: Click Type: ClickType.JS
2025-12-05 12:31:42,650-DEBUG-root-34208::base::click|192:: Click Type: ClickType.JS
2025-12-05 12:31:43,657-DEBUG-root-34208::base::click|192:: Click Type: ClickType.JS
2025-12-05 12:31:44,666-DEBUG-root-34208::base::click|192:: Click Type: ClickType.JS
2025-12-05 12:31:45,672-DEBUG-root-34208::webapp_internal::close_screen_before_menu|368:: Closing screen before the menu
2025-12-05 12:31:45,717-DEBUG-root-34208::webapp_internal::close_warning_screen|1489:: Closing warning screen!
2025-12-05 12:31:46,764-DEBUG-root-34208::webapp_internal::check_screen_element|1291:: Checking screen element: "Atenção": False
2025-12-05 12:31:46,764-DEBUG-root-34208::webapp_internal::close_coin_screen|1424:: Closing coin screen!
2025-12-05 12:31:47,326-DEBUG-root-34208::base::click|192:: Click Type: ClickType.JS
2025-12-05 12:31:47,390-DEBUG-root-34208::webapp_internal::close_warning_screen|1489:: Closing warning screen!
2025-12-05 12:31:48,435-DEBUG-root-34208::webapp_internal::check_screen_element|1291:: Checking screen element: "Atenção": False
2025-12-05 12:31:48,435-DEBUG-root-34208::webapp_internal::close_coin_screen|1424:: Closing coin screen!
2025-12-05 12:31:48,539-INFO-root-34208::webapp_internal::set_log_info|1623:: Getting log info
2025-12-05 12:31:48,539-INFO-root-34208::webapp_internal::SetLateralMenu|4184:: Navigating lateral menu: Ajuda > Sobre
2025-12-05 12:31:48,558-DEBUG-root-34208::webapp_internal::wait_element|7623:: Waiting for element
2025-12-05 12:31:48,597-DEBUG-root-34208::webapp_internal::wait_element|7653:: Element found! Waiting for element to be displayed.
2025-12-05 12:31:48,757-INFO-root-34208::webapp_internal::SetLateralMenu|4203:: Menu item: "Ajuda"
2025-12-05 12:31:48,758-DEBUG-root-34208::webapp_internal::wait_blocker|2444:: Waiting blocker to continue...
2025-12-05 12:31:48,820-DEBUG-root-34208::webapp_internal::wait_blocker|2469:: Blocker status: False
2025-12-05 12:31:49,174-DEBUG-root-34208::webapp_internal::wait_element_timeout|7726:: Element found! Waiting for element to be displayed.
2025-12-05 12:31:49,473-DEBUG-root-34208::webapp_internal::wait_blocker|2444:: Waiting blocker to continue...
2025-12-05 12:31:49,543-DEBUG-root-34208::webapp_internal::wait_blocker|2469:: Blocker status: False
2025-12-05 12:31:51,846-INFO-root-34208::webapp_internal::SetLateralMenu|4203:: Menu item: "Sobre"
2025-12-05 12:31:51,847-DEBUG-root-34208::webapp_internal::wait_blocker|2444:: Waiting blocker to continue...
2025-12-05 12:31:51,906-DEBUG-root-34208::webapp_internal::wait_blocker|2469:: Blocker status: False
2025-12-05 12:31:52,291-DEBUG-root-34208::webapp_internal::wait_element_timeout|7726:: Element found! Waiting for element to be displayed.
2025-12-05 12:31:52,974-DEBUG-root-34208::webapp_internal::wait_blocker|2444:: Waiting blocker to continue...
2025-12-05 12:31:53,054-DEBUG-root-34208::webapp_internal::wait_blocker|2469:: Blocker status: False
2025-12-05 12:31:55,923-DEBUG-root-34208::webapp_internal::wait_blocker|2444:: Waiting blocker to continue...
2025-12-05 12:31:56,047-DEBUG-root-34208::webapp_internal::wait_blocker|2469:: Blocker status: False
2025-12-05 12:31:56,166-DEBUG-root-34208::webapp_internal::wait_element|7623:: Waiting for element
2025-12-05 12:31:56,241-DEBUG-root-34208::webapp_internal::wait_element|7653:: Element found! Waiting for element to be displayed.
2025-12-05 12:31:56,452-INFO-root-34208::webapp_internal::SetButton|4444:: Clicking on Fechar
2025-12-05 12:31:56,452-DEBUG-root-34208::webapp_internal::wait_blocker|2444:: Waiting blocker to continue...
2025-12-05 12:31:56,540-DEBUG-root-34208::webapp_internal::wait_blocker|2469:: Blocker status: False
2025-12-05 12:31:56,804-DEBUG-root-34208::webapp_internal::wait_element_timeout|7726:: Element found! Waiting for element to be displayed.
2025-12-05 12:31:56,923-DEBUG-root-34208::webapp_internal::SetButton|4481:: ***System Info*** Before Clicking on button:Fechar
2025-12-05 12:31:56,924-DEBUG-root-34208::psutil_info::system_info|5:: CPU USAGE: 10.8%
2025-12-05 12:31:56,924-DEBUG-root-34208::psutil_info::system_info|6:: MEMORY USAGE: 93.7%
2025-12-05 12:31:56,925-DEBUG-root-34208::psutil_info::system_info|7:: MEMORY AVAILABLE: 6.29%
2025-12-05 12:31:57,152-DEBUG-root-34208::webapp_internal::wait_element_timeout|7726:: Element found! Waiting for element to be displayed.
2025-12-05 12:31:57,368-DEBUG-root-34208::webapp_internal::wait_blocker|2444:: Waiting blocker to continue...
2025-12-05 12:31:57,514-DEBUG-root-34208::webapp_internal::wait_blocker|2469:: Blocker status: False
2025-12-05 12:31:57,555-DEBUG-root-34208::webapp_internal::wait_blocker|2444:: Waiting blocker to continue...
2025-12-05 12:31:57,689-DEBUG-root-34208::webapp_internal::wait_blocker|2469:: Blocker status: False
2025-12-05 12:31:57,690-DEBUG-root-34208::webapp_internal::send_action|10480:: Trying to send action
2025-12-05 12:31:57,694-DEBUG-root-34208::base::click|192:: Click Type: ClickType.JS
2025-12-05 12:31:58,747-DEBUG-root-34208::webapp_internal::send_action|10522:: send_action method result = True
2025-12-05 12:31:58,747-DEBUG-root-34208::webapp_internal::send_action|10523:: send_action selenium status: False
2025-12-05 12:31:58,747-DEBUG-root-34208::webapp_internal::SetButton|4683:: ***System Info*** After Clicking on button:
2025-12-05 12:31:58,747-DEBUG-root-34208::psutil_info::system_info|5:: CPU USAGE: 22.5%
2025-12-05 12:31:58,748-DEBUG-root-34208::psutil_info::system_info|6:: MEMORY USAGE: 94.0%
2025-12-05 12:31:58,748-DEBUG-root-34208::psutil_info::system_info|7:: MEMORY AVAILABLE: 6.03%
2025-12-05 12:31:58,748-DEBUG-root-34208::webapp_internal::wait_element|7623:: Waiting for element
2025-12-05 12:31:58,846-INFO-root-34208::webapp_internal::SetLateralMenu|4184:: Navigating lateral menu: Atualizações > Gestao de Viagens > Solicitações
2025-12-05 12:31:58,858-DEBUG-root-34208::webapp_internal::wait_element|7623:: Waiting for element
2025-12-05 12:31:58,891-DEBUG-root-34208::webapp_internal::wait_element|7653:: Element found! Waiting for element to be displayed.
2025-12-05 12:31:59,074-INFO-root-34208::webapp_internal::SetLateralMenu|4203:: Menu item: "Atualizações"
2025-12-05 12:31:59,075-DEBUG-root-34208::webapp_internal::wait_blocker|2444:: Waiting blocker to continue...
2025-12-05 12:31:59,139-DEBUG-root-34208::webapp_internal::wait_blocker|2469:: Blocker status: False
2025-12-05 12:31:59,678-DEBUG-root-34208::webapp_internal::wait_element_timeout|7726:: Element found! Waiting for element to be displayed.
2025-12-05 12:32:00,169-DEBUG-root-34208::webapp_internal::wait_blocker|2444:: Waiting blocker to continue...
2025-12-05 12:32:00,271-DEBUG-root-34208::webapp_internal::wait_blocker|2469:: Blocker status: False
2025-12-05 12:32:02,577-INFO-root-34208::webapp_internal::SetLateralMenu|4203:: Menu item: "Gestao de Viagens"
2025-12-05 12:32:02,578-DEBUG-root-34208::webapp_internal::wait_blocker|2444:: Waiting blocker to continue...
2025-12-05 12:32:02,742-DEBUG-root-34208::webapp_internal::wait_blocker|2469:: Blocker status: False
2025-12-05 12:32:04,036-DEBUG-root-34208::webapp_internal::wait_element_timeout|7726:: Element found! Waiting for element to be displayed.
2025-12-05 12:32:05,182-DEBUG-root-34208::webapp_internal::wait_blocker|2444:: Waiting blocker to continue...
2025-12-05 12:32:05,334-DEBUG-root-34208::webapp_internal::wait_blocker|2469:: Blocker status: False
2025-12-05 12:32:07,654-INFO-root-34208::webapp_internal::SetLateralMenu|4203:: Menu item: "Solicitações"
2025-12-05 12:32:07,654-DEBUG-root-34208::webapp_internal::wait_blocker|2444:: Waiting blocker to continue...
2025-12-05 12:32:07,742-DEBUG-root-34208::webapp_internal::wait_blocker|2469:: Blocker status: False
2025-12-05 12:32:08,837-DEBUG-root-34208::webapp_internal::wait_element_timeout|7726:: Element found! Waiting for element to be displayed.
2025-12-05 12:32:09,873-DEBUG-root-34208::webapp_internal::wait_blocker|2444:: Waiting blocker to continue...
2025-12-05 12:32:09,954-DEBUG-root-34208::webapp_internal::wait_blocker|2469:: Blocker status: False
2025-12-05 12:32:14,089-DEBUG-root-34208::webapp_internal::wait_blocker|2444:: Waiting blocker to continue...
2025-12-05 12:32:14,226-DEBUG-root-34208::webapp_internal::wait_blocker|2469:: Blocker status: False
2025-12-05 12:32:14,333-INFO-root-34208::webapp_internal::WaitShow|4980:: Waiting show text 'Este ambiente utiliza base de Homologação.'...
2025-12-05 12:32:19,449-INFO-root-34208::webapp_internal::WaitShow|4980:: Waiting show text 'Moedas'...
2025-12-05 12:32:24,902-INFO-root-34208::webapp_internal::WaitShow|4980:: Waiting show text 'Solicitação de Viagens/Treinamento'...
2025-12-05 12:32:24,992-INFO-root-34208::webapp_internal::WaitShow|4996:: Text found! 
2025-12-05 12:32:24,992-INFO-root-34208::webapp_internal::SetButton|4444:: Clicking on Incluir
2025-12-05 12:32:24,992-DEBUG-root-34208::webapp_internal::wait_blocker|2444:: Waiting blocker to continue...
2025-12-05 12:32:25,110-DEBUG-root-34208::webapp_internal::wait_blocker|2469:: Blocker status: False
2025-12-05 12:32:25,647-DEBUG-root-34208::webapp_internal::wait_element_timeout|7726:: Element found! Waiting for element to be displayed.
2025-12-05 12:32:26,005-DEBUG-root-34208::webapp_internal::SetButton|4481:: ***System Info*** Before Clicking on button:Incluir
2025-12-05 12:32:26,005-DEBUG-root-34208::psutil_info::system_info|5:: CPU USAGE: 15.2%
2025-12-05 12:32:26,006-DEBUG-root-34208::psutil_info::system_info|6:: MEMORY USAGE: 95.8%
2025-12-05 12:32:26,006-DEBUG-root-34208::psutil_info::system_info|7:: MEMORY AVAILABLE: 4.2%
2025-12-05 12:32:26,540-DEBUG-root-34208::webapp_internal::wait_element_timeout|7726:: Element found! Waiting for element to be displayed.
2025-12-05 12:32:26,951-DEBUG-root-34208::webapp_internal::wait_blocker|2444:: Waiting blocker to continue...
2025-12-05 12:32:27,053-DEBUG-root-34208::webapp_internal::wait_blocker|2469:: Blocker status: False
2025-12-05 12:32:27,077-DEBUG-root-34208::webapp_internal::wait_blocker|2444:: Waiting blocker to continue...
2025-12-05 12:32:27,186-DEBUG-root-34208::webapp_internal::wait_blocker|2469:: Blocker status: False
2025-12-05 12:32:27,186-DEBUG-root-34208::webapp_internal::send_action|10480:: Trying to send action
2025-12-05 12:32:27,188-DEBUG-root-34208::base::click|192:: Click Type: ClickType.JS
2025-12-05 12:32:28,541-DEBUG-root-34208::webapp_internal::send_action|10522:: send_action method result = True
2025-12-05 12:32:28,541-DEBUG-root-34208::webapp_internal::send_action|10523:: send_action selenium status: True
2025-12-05 12:32:28,542-DEBUG-root-34208::webapp_internal::SetButton|4683:: ***System Info*** After Clicking on button:
2025-12-05 12:32:28,542-DEBUG-root-34208::psutil_info::system_info|5:: CPU USAGE: 9.5%
2025-12-05 12:32:28,542-DEBUG-root-34208::psutil_info::system_info|6:: MEMORY USAGE: 95.3%
2025-12-05 12:32:28,542-DEBUG-root-34208::psutil_info::system_info|7:: MEMORY AVAILABLE: 4.68%
2025-12-05 12:32:28,743-DEBUG-root-34208::webapp_internal::wait_blocker|2444:: Waiting blocker to continue...
2025-12-05 12:32:28,854-DEBUG-root-34208::webapp_internal::wait_blocker|2469:: Blocker status: False
2025-12-05 12:32:28,854-INFO-root-34208::webapp_internal::SearchBrowse|2003:: Searching: 02DF0001
2025-12-05 12:32:29,009-DEBUG-root-34208::webapp_internal::wait_element_timeout|7726:: Element found! Waiting for element to be displayed.
2025-12-05 12:32:29,146-DEBUG-root-34208::webapp_internal::wait_blocker|2444:: Waiting blocker to continue...
2025-12-05 12:32:29,268-DEBUG-root-34208::webapp_internal::wait_blocker|2469:: Blocker status: False
2025-12-05 12:32:29,275-DEBUG-root-34208::webapp_internal::wait_blocker|2444:: Waiting blocker to continue...
2025-12-05 12:32:29,392-DEBUG-root-34208::webapp_internal::wait_blocker|2469:: Blocker status: False
2025-12-05 12:32:29,392-INFO-root-34208::webapp_internal::fill_search_browse|2399:: Filling: 02DF0001
2025-12-05 12:32:29,408-DEBUG-root-34208::base::click|192:: Click Type: ClickType.JS
2025-12-05 12:32:30,535-DEBUG-root-34208::webapp_internal::wait_blocker|2444:: Waiting blocker to continue...
2025-12-05 12:32:30,712-DEBUG-root-34208::webapp_internal::wait_blocker|2469:: Blocker status: False
2025-12-05 12:32:30,720-DEBUG-root-34208::base::double_click|259:: Click Type: ClickType.SELENIUM
2025-12-05 12:32:30,740-WARNING-root-34208::base::double_click|280:: Warning double_click method Exception: Message: Element <button class="button-image" type="button"> is not clickable at point (1258,360) because another element <wa-button id="COMP6023" class="dict-tbutton focus"> obscures it
Stacktrace:
RemoteError@chrome://remote/content/shared/RemoteError.sys.mjs:8:8
WebDriverError@chrome://remote/content/shared/webdriver/Errors.sys.mjs:202:5
ElementClickInterceptedError@chrome://remote/content/shared/webdriver/Errors.sys.mjs:354:5
webdriverClickElement@chrome://remote/content/marionette/interaction.sys.mjs:175:11
interaction.clickElement@chrome://remote/content/marionette/interaction.sys.mjs:134:11
clickElement@chrome://remote/content/marionette/actors/MarionetteCommandsChild.sys.mjs:327:29
receiveMessage@chrome://remote/content/marionette/actors/MarionetteCommandsChild.sys.mjs:210:31

2025-12-05 12:32:31,045-INFO-root-34208::webapp_internal::SetButton|4444:: Clicking on OK
2025-12-05 12:32:31,045-DEBUG-root-34208::webapp_internal::wait_blocker|2444:: Waiting blocker to continue...
2025-12-05 12:32:31,234-DEBUG-root-34208::webapp_internal::wait_blocker|2469:: Blocker status: False
2025-12-05 12:32:31,620-DEBUG-root-34208::webapp_internal::wait_element_timeout|7726:: Element found! Waiting for element to be displayed.
2025-12-05 12:32:31,910-DEBUG-root-34208::webapp_internal::SetButton|4481:: ***System Info*** Before Clicking on button:OK
2025-12-05 12:32:31,910-DEBUG-root-34208::psutil_info::system_info|5:: CPU USAGE: 13.7%
2025-12-05 12:32:31,910-DEBUG-root-34208::psutil_info::system_info|6:: MEMORY USAGE: 95.5%
2025-12-05 12:32:31,911-DEBUG-root-34208::psutil_info::system_info|7:: MEMORY AVAILABLE: 4.5%
2025-12-05 12:32:32,258-DEBUG-root-34208::webapp_internal::wait_element_timeout|7726:: Element found! Waiting for element to be displayed.
2025-12-05 12:32:32,591-DEBUG-root-34208::webapp_internal::wait_blocker|2444:: Waiting blocker to continue...
2025-12-05 12:32:32,709-DEBUG-root-34208::webapp_internal::wait_blocker|2469:: Blocker status: False
2025-12-05 12:32:32,740-DEBUG-root-34208::webapp_internal::wait_blocker|2444:: Waiting blocker to continue...
2025-12-05 12:32:32,870-DEBUG-root-34208::webapp_internal::wait_blocker|2469:: Blocker status: False
2025-12-05 12:32:32,870-DEBUG-root-34208::webapp_internal::send_action|10480:: Trying to send action
2025-12-05 12:32:32,875-DEBUG-root-34208::base::click|192:: Click Type: ClickType.JS
2025-12-05 12:32:36,066-DEBUG-root-34208::webapp_internal::send_action|10522:: send_action method result = True
2025-12-05 12:32:36,066-DEBUG-root-34208::webapp_internal::send_action|10523:: send_action selenium status: True
2025-12-05 12:32:36,067-DEBUG-root-34208::webapp_internal::SetButton|4683:: ***System Info*** After Clicking on button:
2025-12-05 12:32:36,067-DEBUG-root-34208::psutil_info::system_info|5:: CPU USAGE: 10.2%
2025-12-05 12:32:36,067-DEBUG-root-34208::psutil_info::system_info|6:: MEMORY USAGE: 95.6%
2025-12-05 12:32:36,067-DEBUG-root-34208::psutil_info::system_info|7:: MEMORY AVAILABLE: 4.4%
2025-12-05 12:32:36,269-INFO-root-34208::webapp_internal::WaitShow|4980:: Waiting show text 'Solicitacoes de Viagens - INCLUIR'...
2025-12-05 12:32:36,640-INFO-root-34208::webapp_internal::WaitShow|4996:: Text found! 
2025-12-05 12:32:36,640-DEBUG-root-34208::webapp_internal::wait_blocker|2444:: Waiting blocker to continue...
2025-12-05 12:32:36,793-DEBUG-root-34208::webapp_internal::wait_blocker|2469:: Blocker status: False
2025-12-05 12:32:36,793-DEBUG-root-34208::webapp_internal::wait_element|7623:: Waiting for element
2025-12-05 12:32:36,898-DEBUG-root-34208::webapp_internal::wait_element|7653:: Element found! Waiting for element to be displayed.
2025-12-05 12:32:36,999-INFO-root-34208::webapp_internal::input_value|2941:: Looking for element: ZV3_DESCRI
2025-12-05 12:32:37,221-INFO-root-34208::webapp_internal::input_value|2951:: Element: ZV3_DESCRI Found!
2025-12-05 12:32:37,221-INFO-root-34208::webapp_internal::input_value|2953:: Filling element: ZV3_DESCRI
2025-12-05 12:32:37,277-DEBUG-root-34208::webapp_internal::get_web_value|3232:: Current value:                                                   
2025-12-05 12:32:37,345-DEBUG-root-34208::base::double_click|259:: Click Type: ClickType.SELENIUM
2025-12-05 12:32:37,676-DEBUG-root-34208::webapp_internal::wait_blocker|2444:: Waiting blocker to continue...
2025-12-05 12:32:37,838-DEBUG-root-34208::webapp_internal::wait_blocker|2469:: Blocker status: False
2025-12-05 12:32:38,207-DEBUG-root-34208::webapp_internal::get_web_value|3232:: Current value: USO PARA TESTE AUTOMATIZADO                       
2025-12-05 12:32:38,208-INFO-root-34208::webapp_internal::input_value|3059:: Current field value: USO PARA TESTE AUTOMATIZADO
2025-12-05 12:32:38,239-DEBUG-root-34208::webapp_internal::wait_blocker|2444:: Waiting blocker to continue...
2025-12-05 12:32:38,403-DEBUG-root-34208::webapp_internal::wait_blocker|2469:: Blocker status: False
2025-12-05 12:32:38,404-DEBUG-root-34208::webapp_internal::wait_element|7623:: Waiting for element
2025-12-05 12:32:38,504-DEBUG-root-34208::webapp_internal::wait_element|7653:: Element found! Waiting for element to be displayed.
2025-12-05 12:32:38,594-INFO-root-34208::webapp_internal::input_value|2941:: Looking for element: ZV3_DTINI
2025-12-05 12:32:38,774-INFO-root-34208::webapp_internal::input_value|2951:: Element: ZV3_DTINI Found!
2025-12-05 12:32:38,775-INFO-root-34208::webapp_internal::input_value|2953:: Filling element: ZV3_DTINI
2025-12-05 12:32:38,808-DEBUG-root-34208::webapp_internal::get_web_value|3232:: Current value:   /  /    
2025-12-05 12:32:38,886-DEBUG-root-34208::base::double_click|259:: Click Type: ClickType.SELENIUM
2025-12-05 12:32:39,172-DEBUG-root-34208::webapp_internal::wait_blocker|2444:: Waiting blocker to continue...
2025-12-05 12:32:39,370-DEBUG-root-34208::webapp_internal::wait_blocker|2469:: Blocker status: False
2025-12-05 12:32:39,787-DEBUG-root-34208::webapp_internal::get_web_value|3232:: Current value: 20/12/2025
2025-12-05 12:32:39,787-INFO-root-34208::webapp_internal::input_value|3059:: Current field value: 20122025
2025-12-05 12:32:39,808-DEBUG-root-34208::webapp_internal::wait_blocker|2444:: Waiting blocker to continue...
2025-12-05 12:32:40,022-DEBUG-root-34208::webapp_internal::wait_blocker|2469:: Blocker status: False
2025-12-05 12:32:40,022-DEBUG-root-34208::webapp_internal::wait_element|7623:: Waiting for element
2025-12-05 12:32:40,124-DEBUG-root-34208::webapp_internal::wait_element|7653:: Element found! Waiting for element to be displayed.
2025-12-05 12:32:40,198-INFO-root-34208::webapp_internal::input_value|2941:: Looking for element: ZV3_DTFIM
2025-12-05 12:32:40,436-INFO-root-34208::webapp_internal::input_value|2951:: Element: ZV3_DTFIM Found!
2025-12-05 12:32:40,436-INFO-root-34208::webapp_internal::input_value|2953:: Filling element: ZV3_DTFIM
2025-12-05 12:32:40,487-DEBUG-root-34208::webapp_internal::get_web_value|3232:: Current value:   /  /    
2025-12-05 12:32:40,542-DEBUG-root-34208::base::double_click|259:: Click Type: ClickType.SELENIUM
2025-12-05 12:32:40,825-DEBUG-root-34208::webapp_internal::wait_blocker|2444:: Waiting blocker to continue...
2025-12-05 12:32:41,013-DEBUG-root-34208::webapp_internal::wait_blocker|2469:: Blocker status: False
2025-12-05 12:32:41,436-DEBUG-root-34208::webapp_internal::get_web_value|3232:: Current value: 27/12/2025
2025-12-05 12:32:41,437-INFO-root-34208::webapp_internal::input_value|3059:: Current field value: 27122025
2025-12-05 12:32:42,459-DEBUG-root-34208::webapp_internal::wait_blocker|2444:: Waiting blocker to continue...
2025-12-05 12:32:42,634-DEBUG-root-34208::webapp_internal::wait_blocker|2469:: Blocker status: False
2025-12-05 12:32:42,634-DEBUG-root-34208::webapp_internal::wait_element|7623:: Waiting for element
2025-12-05 12:32:42,721-DEBUG-root-34208::webapp_internal::wait_element|7653:: Element found! Waiting for element to be displayed.
2025-12-05 12:32:42,798-INFO-root-34208::webapp_internal::input_value|2941:: Looking for element: ZV3_CC
2025-12-05 12:32:42,965-INFO-root-34208::webapp_internal::input_value|2951:: Element: ZV3_CC Found!
2025-12-05 12:32:42,966-INFO-root-34208::webapp_internal::input_value|2953:: Filling element: ZV3_CC
2025-12-05 12:32:42,992-DEBUG-root-34208::webapp_internal::get_web_value|3232:: Current value:          
2025-12-05 12:32:43,038-DEBUG-root-34208::base::double_click|259:: Click Type: ClickType.SELENIUM
2025-12-05 12:32:43,326-DEBUG-root-34208::webapp_internal::wait_blocker|2444:: Waiting blocker to continue...
2025-12-05 12:32:43,494-DEBUG-root-34208::webapp_internal::wait_blocker|2469:: Blocker status: False
2025-12-05 12:32:43,924-DEBUG-root-34208::webapp_internal::get_web_value|3232:: Current value: 000000677
2025-12-05 12:32:43,924-INFO-root-34208::webapp_internal::input_value|3059:: Current field value: 000000677
2025-12-05 12:32:43,937-DEBUG-root-34208::webapp_internal::wait_blocker|2444:: Waiting blocker to continue...
2025-12-05 12:32:44,137-DEBUG-root-34208::webapp_internal::wait_blocker|2469:: Blocker status: False
2025-12-05 12:32:44,137-DEBUG-root-34208::webapp_internal::wait_element|7623:: Waiting for element
2025-12-05 12:32:44,239-DEBUG-root-34208::webapp_internal::wait_element|7653:: Element found! Waiting for element to be displayed.
2025-12-05 12:32:44,325-INFO-root-34208::webapp_internal::input_value|2941:: Looking for element: ZV3_TIPO
2025-12-05 12:32:44,527-INFO-root-34208::webapp_internal::input_value|2951:: Element: ZV3_TIPO Found!
2025-12-05 12:32:44,527-INFO-root-34208::webapp_internal::input_value|2953:: Filling element: ZV3_TIPO
2025-12-05 12:32:45,747-INFO-root-34208::base::select_combo|871:: Selected value for combo is: 1 - Servico
2025-12-05 12:32:45,856-DEBUG-root-34208::webapp_internal::wait_blocker|2444:: Waiting blocker to continue...
2025-12-05 12:32:46,058-DEBUG-root-34208::webapp_internal::wait_blocker|2469:: Blocker status: False
2025-12-05 12:32:46,058-DEBUG-root-34208::webapp_internal::wait_element|7623:: Waiting for element
2025-12-05 12:32:46,184-DEBUG-root-34208::webapp_internal::wait_element|7653:: Element found! Waiting for element to be displayed.
2025-12-05 12:32:46,277-INFO-root-34208::webapp_internal::input_value|2941:: Looking for element: ZV3_OBS
2025-12-05 12:32:46,522-INFO-root-34208::webapp_internal::input_value|2951:: Element: ZV3_OBS Found!
2025-12-05 12:32:46,523-INFO-root-34208::webapp_internal::input_value|2953:: Filling element: ZV3_OBS
2025-12-05 12:32:46,584-DEBUG-root-34208::webapp_internal::get_web_value|3232:: Current value: 
2025-12-05 12:32:46,624-DEBUG-root-34208::base::double_click|259:: Click Type: ClickType.SELENIUM
2025-12-05 12:32:46,922-DEBUG-root-34208::webapp_internal::wait_blocker|2444:: Waiting blocker to continue...
2025-12-05 12:32:47,094-DEBUG-root-34208::webapp_internal::wait_blocker|2469:: Blocker status: False
2025-12-05 12:32:47,753-DEBUG-root-34208::webapp_internal::get_web_value|3232:: Current value: TESTE DE SOLICITAÇÃO DE VIAGEM
2025-12-05 12:32:47,753-INFO-root-34208::webapp_internal::input_value|3059:: Current field value: TESTE DE SOLICITAÇÃO DE VIAGEM
2025-12-05 12:32:47,771-DEBUG-root-34208::webapp_internal::wait_blocker|2444:: Waiting blocker to continue...
2025-12-05 12:32:48,037-DEBUG-root-34208::webapp_internal::wait_blocker|2469:: Blocker status: False
2025-12-05 12:32:48,037-INFO-root-34208::webapp_internal::SetKey|5822:: Key pressed: TAB
2025-12-05 12:32:48,038-DEBUG-root-34208::webapp_internal::SetKey|5857:: Trying press key
2025-12-05 12:32:48,234-DEBUG-root-34208::webapp_internal::wait_blocker|2444:: Waiting blocker to continue...
2025-12-05 12:32:48,526-DEBUG-root-34208::webapp_internal::wait_blocker|2469:: Blocker status: False
2025-12-05 12:32:48,573-DEBUG-root-34208::webapp_internal::wait_blocker|2444:: Waiting blocker to continue...
2025-12-05 12:32:48,719-DEBUG-root-34208::webapp_internal::wait_blocker|2469:: Blocker status: False
2025-12-05 12:32:48,720-DEBUG-root-34208::webapp_internal::send_action|10480:: Trying to send action
2025-12-05 12:32:49,784-DEBUG-root-34208::webapp_internal::send_action|10522:: send_action method result = True
2025-12-05 12:32:49,784-DEBUG-root-34208::webapp_internal::send_action|10523:: send_action selenium status: False
2025-12-05 12:32:49,785-DEBUG-root-34208::webapp_internal::wait_element|7623:: Waiting for element
2025-12-05 12:32:49,924-DEBUG-root-34208::webapp_internal::wait_element|7653:: Element found! Waiting for element to be displayed.
2025-12-05 12:32:50,255-DEBUG-root-34208::webapp_internal::wait_blocker|2444:: Waiting blocker to continue...
2025-12-05 12:32:50,427-DEBUG-root-34208::webapp_internal::wait_blocker|2469:: Blocker status: False
2025-12-05 12:32:50,427-INFO-root-34208::webapp_internal::LoadGrid|6298:: Filling grid field: Favorecido
2025-12-05 12:32:50,427-DEBUG-root-34208::webapp_internal::fill_grid|6399:: Grid loading...
2025-12-05 12:32:50,674-DEBUG-root-34208::webapp_internal::fill_grid|6466:: Column found!
2025-12-05 12:32:50,724-DEBUG-root-34208::base::click|192:: Click Type: ClickType.ACTIONCHAINS
2025-12-05 12:32:51,052-DEBUG-root-34208::webapp_internal::fill_grid|6486:: Trying to select cell in grid!
2025-12-05 12:32:51,055-DEBUG-root-34208::base::click|192:: Click Type: ClickType.ACTIONCHAINS
2025-12-05 12:32:51,350-DEBUG-root-34208::webapp_internal::fill_grid|6486:: Trying to select cell in grid!
2025-12-05 12:32:51,353-DEBUG-root-34208::base::click|192:: Click Type: ClickType.ACTIONCHAINS
2025-12-05 12:32:51,644-DEBUG-root-34208::webapp_internal::fill_grid|6486:: Trying to select cell in grid!
2025-12-05 12:32:51,649-DEBUG-root-34208::base::click|192:: Click Type: ClickType.ACTIONCHAINS
2025-12-05 12:32:51,934-DEBUG-root-34208::webapp_internal::fill_grid|6486:: Trying to select cell in grid!
2025-12-05 12:32:51,937-DEBUG-root-34208::base::click|192:: Click Type: ClickType.ACTIONCHAINS
2025-12-05 12:32:52,225-DEBUG-root-34208::webapp_internal::fill_grid|6486:: Trying to select cell in grid!
2025-12-05 12:32:52,232-DEBUG-root-34208::base::click|192:: Click Type: ClickType.ACTIONCHAINS
2025-12-05 12:32:52,524-DEBUG-root-34208::webapp_internal::fill_grid|6486:: Trying to select cell in grid!
2025-12-05 12:32:52,526-DEBUG-root-34208::base::click|192:: Click Type: ClickType.ACTIONCHAINS
2025-12-05 12:32:52,818-DEBUG-root-34208::webapp_internal::fill_grid|6486:: Trying to select cell in grid!
2025-12-05 12:32:52,821-DEBUG-root-34208::base::click|192:: Click Type: ClickType.ACTIONCHAINS
2025-12-05 12:32:53,111-DEBUG-root-34208::webapp_internal::fill_grid|6486:: Trying to select cell in grid!
2025-12-05 12:32:53,116-DEBUG-root-34208::base::click|192:: Click Type: ClickType.ACTIONCHAINS
2025-12-05 12:32:53,406-DEBUG-root-34208::webapp_internal::fill_grid|6486:: Trying to select cell in grid!
2025-12-05 12:32:53,409-DEBUG-root-34208::base::click|192:: Click Type: ClickType.ACTIONCHAINS
2025-12-05 12:32:53,703-DEBUG-root-34208::webapp_internal::fill_grid|6486:: Trying to select cell in grid!
2025-12-05 12:32:53,706-DEBUG-root-34208::base::click|192:: Click Type: ClickType.ACTIONCHAINS
2025-12-05 12:32:54,002-DEBUG-root-34208::webapp_internal::fill_grid|6486:: Trying to select cell in grid!
2025-12-05 12:32:54,005-DEBUG-root-34208::base::click|192:: Click Type: ClickType.ACTIONCHAINS
2025-12-05 12:32:54,294-DEBUG-root-34208::webapp_internal::fill_grid|6486:: Trying to select cell in grid!
2025-12-05 12:32:54,300-DEBUG-root-34208::base::click|192:: Click Type: ClickType.ACTIONCHAINS
2025-12-05 12:32:54,607-DEBUG-root-34208::webapp_internal::fill_grid|6486:: Trying to select cell in grid!
2025-12-05 12:32:54,610-DEBUG-root-34208::base::click|192:: Click Type: ClickType.ACTIONCHAINS
2025-12-05 12:32:54,901-DEBUG-root-34208::webapp_internal::fill_grid|6486:: Trying to select cell in grid!
2025-12-05 12:32:54,904-DEBUG-root-34208::base::click|192:: Click Type: ClickType.ACTIONCHAINS
2025-12-05 12:32:55,193-DEBUG-root-34208::webapp_internal::fill_grid|6486:: Trying to select cell in grid!
2025-12-05 12:32:55,199-DEBUG-root-34208::base::click|192:: Click Type: ClickType.ACTIONCHAINS
2025-12-05 12:32:55,489-DEBUG-root-34208::webapp_internal::fill_grid|6486:: Trying to select cell in grid!
2025-12-05 12:32:55,492-DEBUG-root-34208::base::click|192:: Click Type: ClickType.ACTIONCHAINS
2025-12-05 12:32:55,782-DEBUG-root-34208::webapp_internal::fill_grid|6486:: Trying to select cell in grid!
2025-12-05 12:32:55,784-DEBUG-root-34208::base::click|192:: Click Type: ClickType.ACTIONCHAINS
2025-12-05 12:32:56,072-DEBUG-root-34208::webapp_internal::fill_grid|6486:: Trying to select cell in grid!
2025-12-05 12:32:56,074-DEBUG-root-34208::base::click|192:: Click Type: ClickType.ACTIONCHAINS
2025-12-05 12:32:56,369-DEBUG-root-34208::webapp_internal::fill_grid|6486:: Trying to select cell in grid!
2025-12-05 12:32:56,371-DEBUG-root-34208::base::click|192:: Click Type: ClickType.ACTIONCHAINS
2025-12-05 12:32:56,661-DEBUG-root-34208::webapp_internal::fill_grid|6486:: Trying to select cell in grid!
2025-12-05 12:32:56,666-DEBUG-root-34208::base::click|192:: Click Type: ClickType.ACTIONCHAINS
2025-12-05 12:32:56,956-DEBUG-root-34208::webapp_internal::fill_grid|6486:: Trying to select cell in grid!
2025-12-05 12:32:56,958-DEBUG-root-34208::base::click|192:: Click Type: ClickType.ACTIONCHAINS
2025-12-05 12:32:57,251-DEBUG-root-34208::webapp_internal::fill_grid|6486:: Trying to select cell in grid!
2025-12-05 12:32:57,253-DEBUG-root-34208::base::click|192:: Click Type: ClickType.ACTIONCHAINS
2025-12-05 12:32:57,540-DEBUG-root-34208::webapp_internal::fill_grid|6486:: Trying to select cell in grid!
2025-12-05 12:32:57,542-DEBUG-root-34208::base::click|192:: Click Type: ClickType.ACTIONCHAINS
2025-12-05 12:32:57,821-DEBUG-root-34208::webapp_internal::fill_grid|6486:: Trying to select cell in grid!
2025-12-05 12:32:57,827-DEBUG-root-34208::base::click|192:: Click Type: ClickType.ACTIONCHAINS
2025-12-05 12:32:58,122-DEBUG-root-34208::webapp_internal::fill_grid|6486:: Trying to select cell in grid!
2025-12-05 12:32:58,123-DEBUG-root-34208::base::click|192:: Click Type: ClickType.ACTIONCHAINS
2025-12-05 12:32:58,419-DEBUG-root-34208::webapp_internal::fill_grid|6486:: Trying to select cell in grid!
2025-12-05 12:32:58,421-DEBUG-root-34208::base::click|192:: Click Type: ClickType.ACTIONCHAINS
2025-12-05 12:32:58,708-DEBUG-root-34208::webapp_internal::fill_grid|6486:: Trying to select cell in grid!
2025-12-05 12:32:58,710-DEBUG-root-34208::base::click|192:: Click Type: ClickType.ACTIONCHAINS
2025-12-05 12:32:59,005-DEBUG-root-34208::webapp_internal::fill_grid|6486:: Trying to select cell in grid!
2025-12-05 12:32:59,008-DEBUG-root-34208::base::click|192:: Click Type: ClickType.ACTIONCHAINS
2025-12-05 12:32:59,304-DEBUG-root-34208::webapp_internal::fill_grid|6486:: Trying to select cell in grid!
2025-12-05 12:32:59,307-DEBUG-root-34208::base::click|192:: Click Type: ClickType.ACTIONCHAINS
2025-12-05 12:32:59,571-DEBUG-root-34208::webapp_internal::fill_grid|6486:: Trying to select cell in grid!
2025-12-05 12:32:59,573-DEBUG-root-34208::base::click|192:: Click Type: ClickType.ACTIONCHAINS
2025-12-05 12:32:59,859-DEBUG-root-34208::webapp_internal::fill_grid|6486:: Trying to select cell in grid!
2025-12-05 12:32:59,861-DEBUG-root-34208::base::click|192:: Click Type: ClickType.ACTIONCHAINS
2025-12-05 12:33:00,156-DEBUG-root-34208::webapp_internal::fill_grid|6486:: Trying to select cell in grid!
2025-12-05 12:33:00,158-DEBUG-root-34208::base::click|192:: Click Type: ClickType.ACTIONCHAINS
2025-12-05 12:33:00,451-DEBUG-root-34208::webapp_internal::fill_grid|6486:: Trying to select cell in grid!
2025-12-05 12:33:00,454-DEBUG-root-34208::base::click|192:: Click Type: ClickType.ACTIONCHAINS
2025-12-05 12:33:00,743-DEBUG-root-34208::webapp_internal::fill_grid|6486:: Trying to select cell in grid!
2025-12-05 12:33:00,749-DEBUG-root-34208::base::click|192:: Click Type: ClickType.ACTIONCHAINS
2025-12-05 12:33:01,037-DEBUG-root-34208::webapp_internal::fill_grid|6486:: Trying to select cell in grid!
2025-12-05 12:33:01,039-DEBUG-root-34208::base::click|192:: Click Type: ClickType.ACTIONCHAINS
2025-12-05 12:33:01,318-DEBUG-root-34208::webapp_internal::fill_grid|6486:: Trying to select cell in grid!
2025-12-05 12:33:01,320-DEBUG-root-34208::base::click|192:: Click Type: ClickType.ACTIONCHAINS
2025-12-05 12:33:01,599-DEBUG-root-34208::webapp_internal::fill_grid|6486:: Trying to select cell in grid!
2025-12-05 12:33:01,601-DEBUG-root-34208::base::click|192:: Click Type: ClickType.ACTIONCHAINS
2025-12-05 12:33:01,890-DEBUG-root-34208::webapp_internal::fill_grid|6486:: Trying to select cell in grid!
2025-12-05 12:33:01,891-DEBUG-root-34208::base::click|192:: Click Type: ClickType.ACTIONCHAINS
2025-12-05 12:33:02,156-DEBUG-root-34208::webapp_internal::fill_grid|6486:: Trying to select cell in grid!
2025-12-05 12:33:02,157-DEBUG-root-34208::base::click|192:: Click Type: ClickType.ACTIONCHAINS
2025-12-05 12:33:02,438-DEBUG-root-34208::webapp_internal::fill_grid|6486:: Trying to select cell in grid!
2025-12-05 12:33:02,439-DEBUG-root-34208::base::click|192:: Click Type: ClickType.ACTIONCHAINS
2025-12-05 12:33:02,727-DEBUG-root-34208::webapp_internal::fill_grid|6486:: Trying to select cell in grid!
2025-12-05 12:33:02,731-DEBUG-root-34208::base::click|192:: Click Type: ClickType.ACTIONCHAINS
2025-12-05 12:33:03,022-DEBUG-root-34208::webapp_internal::fill_grid|6486:: Trying to select cell in grid!
2025-12-05 12:33:03,024-DEBUG-root-34208::base::click|192:: Click Type: ClickType.ACTIONCHAINS
2025-12-05 12:33:03,316-DEBUG-root-34208::webapp_internal::fill_grid|6486:: Trying to select cell in grid!
2025-12-05 12:33:03,318-DEBUG-root-34208::base::click|192:: Click Type: ClickType.ACTIONCHAINS
2025-12-05 12:33:03,608-DEBUG-root-34208::webapp_internal::fill_grid|6486:: Trying to select cell in grid!
2025-12-05 12:33:03,610-DEBUG-root-34208::base::click|192:: Click Type: ClickType.ACTIONCHAINS
2025-12-05 12:33:03,873-DEBUG-root-34208::webapp_internal::fill_grid|6486:: Trying to select cell in grid!
2025-12-05 12:33:03,875-DEBUG-root-34208::base::click|192:: Click Type: ClickType.ACTIONCHAINS
2025-12-05 12:33:04,171-DEBUG-root-34208::webapp_internal::fill_grid|6486:: Trying to select cell in grid!
2025-12-05 12:33:04,173-DEBUG-root-34208::base::click|192:: Click Type: ClickType.ACTIONCHAINS
2025-12-05 12:33:04,460-DEBUG-root-34208::webapp_internal::fill_grid|6486:: Trying to select cell in grid!
2025-12-05 12:33:04,465-DEBUG-root-34208::base::click|192:: Click Type: ClickType.ACTIONCHAINS
2025-12-05 12:33:04,757-DEBUG-root-34208::webapp_internal::fill_grid|6486:: Trying to select cell in grid!
2025-12-05 12:33:04,758-DEBUG-root-34208::base::click|192:: Click Type: ClickType.ACTIONCHAINS
2025-12-05 12:33:05,053-DEBUG-root-34208::webapp_internal::fill_grid|6486:: Trying to select cell in grid!
2025-12-05 12:33:05,055-DEBUG-root-34208::base::click|192:: Click Type: ClickType.ACTIONCHAINS
2025-12-05 12:33:05,318-DEBUG-root-34208::webapp_internal::fill_grid|6486:: Trying to select cell in grid!
2025-12-05 12:33:05,320-DEBUG-root-34208::base::click|192:: Click Type: ClickType.ACTIONCHAINS
2025-12-05 12:33:05,610-DEBUG-root-34208::webapp_internal::fill_grid|6486:: Trying to select cell in grid!
2025-12-05 12:33:05,614-DEBUG-root-34208::base::click|192:: Click Type: ClickType.ACTIONCHAINS
2025-12-05 12:33:05,904-DEBUG-root-34208::webapp_internal::fill_grid|6486:: Trying to select cell in grid!
2025-12-05 12:33:05,907-DEBUG-root-34208::base::click|192:: Click Type: ClickType.ACTIONCHAINS
2025-12-05 12:33:06,172-DEBUG-root-34208::webapp_internal::fill_grid|6486:: Trying to select cell in grid!
2025-12-05 12:33:06,174-DEBUG-root-34208::base::click|192:: Click Type: ClickType.ACTIONCHAINS
2025-12-05 12:33:06,467-DEBUG-root-34208::webapp_internal::fill_grid|6486:: Trying to select cell in grid!
2025-12-05 12:33:06,469-DEBUG-root-34208::base::click|192:: Click Type: ClickType.ACTIONCHAINS
2025-12-05 12:33:06,759-DEBUG-root-34208::webapp_internal::fill_grid|6486:: Trying to select cell in grid!
2025-12-05 12:33:06,761-DEBUG-root-34208::base::click|192:: Click Type: ClickType.ACTIONCHAINS
2025-12-05 12:33:07,054-DEBUG-root-34208::webapp_internal::fill_grid|6486:: Trying to select cell in grid!
2025-12-05 12:33:07,057-DEBUG-root-34208::base::click|192:: Click Type: ClickType.ACTIONCHAINS
2025-12-05 12:33:07,321-DEBUG-root-34208::webapp_internal::fill_grid|6486:: Trying to select cell in grid!
2025-12-05 12:33:07,322-DEBUG-root-34208::base::click|192:: Click Type: ClickType.ACTIONCHAINS
2025-12-05 12:33:07,615-DEBUG-root-34208::webapp_internal::fill_grid|6486:: Trying to select cell in grid!
2025-12-05 12:33:07,618-DEBUG-root-34208::base::click|192:: Click Type: ClickType.ACTIONCHAINS
2025-12-05 12:33:07,905-DEBUG-root-34208::webapp_internal::fill_grid|6486:: Trying to select cell in grid!
2025-12-05 12:33:07,908-DEBUG-root-34208::base::click|192:: Click Type: ClickType.ACTIONCHAINS
2025-12-05 12:33:08,203-DEBUG-root-34208::webapp_internal::fill_grid|6486:: Trying to select cell in grid!
2025-12-05 12:33:08,205-DEBUG-root-34208::base::click|192:: Click Type: ClickType.ACTIONCHAINS
2025-12-05 12:33:08,499-DEBUG-root-34208::webapp_internal::fill_grid|6486:: Trying to select cell in grid!
2025-12-05 12:33:08,502-DEBUG-root-34208::base::click|192:: Click Type: ClickType.ACTIONCHAINS
2025-12-05 12:33:08,790-DEBUG-root-34208::webapp_internal::fill_grid|6486:: Trying to select cell in grid!
2025-12-05 12:33:08,792-DEBUG-root-34208::base::click|192:: Click Type: ClickType.ACTIONCHAINS
2025-12-05 12:33:09,087-DEBUG-root-34208::webapp_internal::fill_grid|6486:: Trying to select cell in grid!
2025-12-05 12:33:09,089-DEBUG-root-34208::base::click|192:: Click Type: ClickType.ACTIONCHAINS
2025-12-05 12:33:09,377-DEBUG-root-34208::webapp_internal::fill_grid|6486:: Trying to select cell in grid!
2025-12-05 12:33:09,382-DEBUG-root-34208::base::click|192:: Click Type: ClickType.ACTIONCHAINS
2025-12-05 12:33:09,671-DEBUG-root-34208::webapp_internal::fill_grid|6486:: Trying to select cell in grid!
2025-12-05 12:33:09,672-DEBUG-root-34208::base::click|192:: Click Type: ClickType.ACTIONCHAINS
2025-12-05 12:33:09,937-DEBUG-root-34208::webapp_internal::fill_grid|6486:: Trying to select cell in grid!
2025-12-05 12:33:09,940-DEBUG-root-34208::base::click|192:: Click Type: ClickType.ACTIONCHAINS
2025-12-05 12:33:10,233-DEBUG-root-34208::webapp_internal::fill_grid|6486:: Trying to select cell in grid!
2025-12-05 12:33:10,235-DEBUG-root-34208::base::click|192:: Click Type: ClickType.ACTIONCHAINS
2025-12-05 12:33:10,525-DEBUG-root-34208::webapp_internal::fill_grid|6486:: Trying to select cell in grid!
2025-12-05 12:33:10,531-DEBUG-root-34208::base::click|192:: Click Type: ClickType.ACTIONCHAINS
2025-12-05 12:33:10,822-DEBUG-root-34208::webapp_internal::fill_grid|6486:: Trying to select cell in grid!
2025-12-05 12:33:10,824-DEBUG-root-34208::base::click|192:: Click Type: ClickType.ACTIONCHAINS
2025-12-05 12:33:11,117-DEBUG-root-34208::webapp_internal::fill_grid|6486:: Trying to select cell in grid!
2025-12-05 12:33:11,119-DEBUG-root-34208::base::click|192:: Click Type: ClickType.ACTIONCHAINS
2025-12-05 12:33:11,408-DEBUG-root-34208::webapp_internal::fill_grid|6486:: Trying to select cell in grid!
2025-12-05 12:33:11,410-DEBUG-root-34208::base::click|192:: Click Type: ClickType.ACTIONCHAINS
2025-12-05 12:33:11,672-DEBUG-root-34208::webapp_internal::fill_grid|6486:: Trying to select cell in grid!
2025-12-05 12:33:11,674-DEBUG-root-34208::base::click|192:: Click Type: ClickType.ACTIONCHAINS
2025-12-05 12:33:11,970-DEBUG-root-34208::webapp_internal::fill_grid|6486:: Trying to select cell in grid!
2025-12-05 12:33:11,971-DEBUG-root-34208::base::click|192:: Click Type: ClickType.ACTIONCHAINS
2025-12-05 12:33:12,261-DEBUG-root-34208::webapp_internal::fill_grid|6486:: Trying to select cell in grid!
2025-12-05 12:33:12,266-DEBUG-root-34208::base::click|192:: Click Type: ClickType.ACTIONCHAINS
2025-12-05 12:33:12,554-DEBUG-root-34208::webapp_internal::fill_grid|6486:: Trying to select cell in grid!
2025-12-05 12:33:12,555-DEBUG-root-34208::base::click|192:: Click Type: ClickType.ACTIONCHAINS
2025-12-05 12:33:12,834-DEBUG-root-34208::webapp_internal::fill_grid|6486:: Trying to select cell in grid!
2025-12-05 12:33:12,836-DEBUG-root-34208::base::click|192:: Click Type: ClickType.ACTIONCHAINS
2025-12-05 12:33:13,099-DEBUG-root-34208::webapp_internal::fill_grid|6486:: Trying to select cell in grid!
2025-12-05 12:33:13,101-DEBUG-root-34208::base::click|192:: Click Type: ClickType.ACTIONCHAINS
2025-12-05 12:33:13,391-DEBUG-root-34208::webapp_internal::fill_grid|6486:: Trying to select cell in grid!
2025-12-05 12:33:13,392-DEBUG-root-34208::base::click|192:: Click Type: ClickType.ACTIONCHAINS
2025-12-05 12:33:13,690-DEBUG-root-34208::webapp_internal::fill_grid|6486:: Trying to select cell in grid!
2025-12-05 12:33:13,691-DEBUG-root-34208::base::click|192:: Click Type: ClickType.ACTIONCHAINS
2025-12-05 12:33:13,983-DEBUG-root-34208::webapp_internal::fill_grid|6486:: Trying to select cell in grid!
2025-12-05 12:33:13,985-DEBUG-root-34208::base::click|192:: Click Type: ClickType.ACTIONCHAINS
2025-12-05 12:33:14,274-DEBUG-root-34208::webapp_internal::fill_grid|6486:: Trying to select cell in grid!
2025-12-05 12:33:14,276-DEBUG-root-34208::base::click|192:: Click Type: ClickType.ACTIONCHAINS
2025-12-05 12:33:14,539-DEBUG-root-34208::webapp_internal::fill_grid|6486:: Trying to select cell in grid!
2025-12-05 12:33:14,541-DEBUG-root-34208::base::click|192:: Click Type: ClickType.ACTIONCHAINS
2025-12-05 12:33:14,835-DEBUG-root-34208::webapp_internal::fill_grid|6486:: Trying to select cell in grid!
2025-12-05 12:33:14,837-DEBUG-root-34208::base::click|192:: Click Type: ClickType.ACTIONCHAINS
2025-12-05 12:33:15,100-DEBUG-root-34208::webapp_internal::fill_grid|6486:: Trying to select cell in grid!
2025-12-05 12:33:15,102-DEBUG-root-34208::base::click|192:: Click Type: ClickType.ACTIONCHAINS
2025-12-05 12:33:15,365-DEBUG-root-34208::webapp_internal::fill_grid|6486:: Trying to select cell in grid!
2025-12-05 12:33:15,368-DEBUG-root-34208::base::click|192:: Click Type: ClickType.ACTIONCHAINS
2025-12-05 12:33:15,654-DEBUG-root-34208::webapp_internal::fill_grid|6486:: Trying to select cell in grid!
2025-12-05 12:33:15,656-DEBUG-root-34208::base::click|192:: Click Type: ClickType.ACTIONCHAINS
2025-12-05 12:33:15,939-DEBUG-root-34208::webapp_internal::fill_grid|6486:: Trying to select cell in grid!
2025-12-05 12:33:15,941-DEBUG-root-34208::base::click|192:: Click Type: ClickType.ACTIONCHAINS
2025-12-05 12:33:16,232-DEBUG-root-34208::webapp_internal::fill_grid|6486:: Trying to select cell in grid!
2025-12-05 12:33:16,234-DEBUG-root-34208::base::click|192:: Click Type: ClickType.ACTIONCHAINS
2025-12-05 12:33:16,523-DEBUG-root-34208::webapp_internal::fill_grid|6486:: Trying to select cell in grid!
2025-12-05 12:33:16,524-DEBUG-root-34208::base::click|192:: Click Type: ClickType.ACTIONCHAINS
2025-12-05 12:33:16,820-DEBUG-root-34208::webapp_internal::fill_grid|6486:: Trying to select cell in grid!
2025-12-05 12:33:16,822-DEBUG-root-34208::base::click|192:: Click Type: ClickType.ACTIONCHAINS
2025-12-05 12:33:17,110-DEBUG-root-34208::webapp_internal::fill_grid|6486:: Trying to select cell in grid!
2025-12-05 12:33:17,114-DEBUG-root-34208::base::click|192:: Click Type: ClickType.ACTIONCHAINS
2025-12-05 12:33:17,404-DEBUG-root-34208::webapp_internal::fill_grid|6486:: Trying to select cell in grid!
2025-12-05 12:33:17,407-DEBUG-root-34208::base::click|192:: Click Type: ClickType.ACTIONCHAINS
2025-12-05 12:33:17,693-DEBUG-root-34208::webapp_internal::fill_grid|6486:: Trying to select cell in grid!
2025-12-05 12:33:17,699-DEBUG-root-34208::base::click|192:: Click Type: ClickType.ACTIONCHAINS
2025-12-05 12:33:17,982-DEBUG-root-34208::webapp_internal::fill_grid|6486:: Trying to select cell in grid!
2025-12-05 12:33:17,984-DEBUG-root-34208::base::click|192:: Click Type: ClickType.ACTIONCHAINS
2025-12-05 12:33:18,275-DEBUG-root-34208::webapp_internal::fill_grid|6486:: Trying to select cell in grid!
2025-12-05 12:33:18,276-DEBUG-root-34208::base::click|192:: Click Type: ClickType.ACTIONCHAINS
2025-12-05 12:33:18,571-DEBUG-root-34208::webapp_internal::fill_grid|6486:: Trying to select cell in grid!
2025-12-05 12:33:18,573-DEBUG-root-34208::base::click|192:: Click Type: ClickType.ACTIONCHAINS
2025-12-05 12:33:18,853-DEBUG-root-34208::webapp_internal::fill_grid|6486:: Trying to select cell in grid!
2025-12-05 12:33:18,855-DEBUG-root-34208::base::click|192:: Click Type: ClickType.ACTIONCHAINS
2025-12-05 12:33:19,120-DEBUG-root-34208::webapp_internal::fill_grid|6486:: Trying to select cell in grid!
2025-12-05 12:33:19,122-DEBUG-root-34208::base::click|192:: Click Type: ClickType.ACTIONCHAINS
2025-12-05 12:33:19,387-DEBUG-root-34208::webapp_internal::fill_grid|6486:: Trying to select cell in grid!
2025-12-05 12:33:19,389-DEBUG-root-34208::base::click|192:: Click Type: ClickType.ACTIONCHAINS
2025-12-05 12:33:19,676-DEBUG-root-34208::webapp_internal::fill_grid|6486:: Trying to select cell in grid!
2025-12-05 12:33:19,678-DEBUG-root-34208::base::click|192:: Click Type: ClickType.ACTIONCHAINS
2025-12-05 12:33:19,972-DEBUG-root-34208::webapp_internal::fill_grid|6486:: Trying to select cell in grid!
2025-12-05 12:33:19,974-DEBUG-root-34208::base::click|192:: Click Type: ClickType.ACTIONCHAINS
2025-12-05 12:33:20,267-DEBUG-root-34208::webapp_internal::fill_grid|6486:: Trying to select cell in grid!
2025-12-05 12:33:20,269-DEBUG-root-34208::base::click|192:: Click Type: ClickType.ACTIONCHAINS
2025-12-05 12:33:20,558-DEBUG-root-34208::webapp_internal::fill_grid|6486:: Trying to select cell in grid!
2025-12-05 12:33:20,560-DEBUG-root-34208::base::click|192:: Click Type: ClickType.ACTIONCHAINS
2025-12-05 12:33:20,855-DEBUG-root-34208::webapp_internal::fill_grid|6486:: Trying to select cell in grid!
2025-12-05 12:33:20,857-DEBUG-root-34208::base::click|192:: Click Type: ClickType.ACTIONCHAINS
2025-12-05 12:33:21,149-DEBUG-root-34208::webapp_internal::fill_grid|6486:: Trying to select cell in grid!
2025-12-05 12:33:21,152-DEBUG-root-34208::base::click|192:: Click Type: ClickType.ACTIONCHAINS
2025-12-05 12:33:21,441-DEBUG-root-34208::webapp_internal::fill_grid|6486:: Trying to select cell in grid!
2025-12-05 12:33:21,443-DEBUG-root-34208::base::click|192:: Click Type: ClickType.ACTIONCHAINS
2025-12-05 12:33:21,737-DEBUG-root-34208::webapp_internal::fill_grid|6486:: Trying to select cell in grid!
2025-12-05 12:33:21,740-DEBUG-root-34208::base::click|192:: Click Type: ClickType.ACTIONCHAINS
2025-12-05 12:33:22,027-DEBUG-root-34208::webapp_internal::fill_grid|6486:: Trying to select cell in grid!
2025-12-05 12:33:22,032-DEBUG-root-34208::base::click|192:: Click Type: ClickType.ACTIONCHAINS
2025-12-05 12:33:22,321-DEBUG-root-34208::webapp_internal::fill_grid|6486:: Trying to select cell in grid!
2025-12-05 12:33:22,323-DEBUG-root-34208::base::click|192:: Click Type: ClickType.ACTIONCHAINS
2025-12-05 12:33:22,621-DEBUG-root-34208::webapp_internal::fill_grid|6486:: Trying to select cell in grid!
2025-12-05 12:33:22,623-DEBUG-root-34208::base::click|192:: Click Type: ClickType.ACTIONCHAINS
2025-12-05 12:33:22,917-DEBUG-root-34208::webapp_internal::fill_grid|6486:: Trying to select cell in grid!
2025-12-05 12:33:22,918-DEBUG-root-34208::base::click|192:: Click Type: ClickType.ACTIONCHAINS
2025-12-05 12:33:23,207-DEBUG-root-34208::webapp_internal::fill_grid|6486:: Trying to select cell in grid!
2025-12-05 12:33:23,209-DEBUG-root-34208::base::click|192:: Click Type: ClickType.ACTIONCHAINS
2025-12-05 12:33:23,518-DEBUG-root-34208::webapp_internal::fill_grid|6486:: Trying to select cell in grid!
2025-12-05 12:33:23,520-DEBUG-root-34208::base::click|192:: Click Type: ClickType.ACTIONCHAINS
2025-12-05 12:33:23,784-DEBUG-root-34208::webapp_internal::fill_grid|6486:: Trying to select cell in grid!
2025-12-05 12:33:23,786-DEBUG-root-34208::base::click|192:: Click Type: ClickType.ACTIONCHAINS
2025-12-05 12:33:24,076-DEBUG-root-34208::webapp_internal::fill_grid|6486:: Trying to select cell in grid!
2025-12-05 12:33:24,082-DEBUG-root-34208::base::click|192:: Click Type: ClickType.ACTIONCHAINS
2025-12-05 12:33:24,374-DEBUG-root-34208::webapp_internal::fill_grid|6486:: Trying to select cell in grid!
2025-12-05 12:33:24,376-DEBUG-root-34208::base::click|192:: Click Type: ClickType.ACTIONCHAINS
2025-12-05 12:33:24,671-DEBUG-root-34208::webapp_internal::fill_grid|6486:: Trying to select cell in grid!
2025-12-05 12:33:24,672-DEBUG-root-34208::base::click|192:: Click Type: ClickType.ACTIONCHAINS
2025-12-05 12:33:24,937-DEBUG-root-34208::webapp_internal::fill_grid|6486:: Trying to select cell in grid!
2025-12-05 12:33:24,939-DEBUG-root-34208::base::click|192:: Click Type: ClickType.ACTIONCHAINS
2025-12-05 12:33:25,231-DEBUG-root-34208::webapp_internal::fill_grid|6486:: Trying to select cell in grid!
2025-12-05 12:33:25,234-DEBUG-root-34208::base::click|192:: Click Type: ClickType.ACTIONCHAINS
2025-12-05 12:33:25,523-DEBUG-root-34208::webapp_internal::fill_grid|6486:: Trying to select cell in grid!
2025-12-05 12:33:25,524-DEBUG-root-34208::base::click|192:: Click Type: ClickType.ACTIONCHAINS
2025-12-05 12:33:25,789-DEBUG-root-34208::webapp_internal::fill_grid|6486:: Trying to select cell in grid!
2025-12-05 12:33:25,791-DEBUG-root-34208::base::click|192:: Click Type: ClickType.ACTIONCHAINS
2025-12-05 12:33:26,085-DEBUG-root-34208::webapp_internal::fill_grid|6486:: Trying to select cell in grid!
2025-12-05 12:33:26,088-DEBUG-root-34208::base::click|192:: Click Type: ClickType.ACTIONCHAINS
2025-12-05 12:33:26,382-DEBUG-root-34208::webapp_internal::fill_grid|6486:: Trying to select cell in grid!
2025-12-05 12:33:26,384-DEBUG-root-34208::base::click|192:: Click Type: ClickType.ACTIONCHAINS
2025-12-05 12:33:26,675-DEBUG-root-34208::webapp_internal::fill_grid|6486:: Trying to select cell in grid!
2025-12-05 12:33:26,677-DEBUG-root-34208::base::click|192:: Click Type: ClickType.ACTIONCHAINS
2025-12-05 12:33:26,970-DEBUG-root-34208::webapp_internal::fill_grid|6486:: Trying to select cell in grid!
2025-12-05 12:33:26,972-DEBUG-root-34208::base::click|192:: Click Type: ClickType.ACTIONCHAINS
2025-12-05 12:33:27,254-DEBUG-root-34208::webapp_internal::fill_grid|6486:: Trying to select cell in grid!
2025-12-05 12:33:27,255-DEBUG-root-34208::base::click|192:: Click Type: ClickType.ACTIONCHAINS
2025-12-05 12:33:27,549-DEBUG-root-34208::webapp_internal::fill_grid|6486:: Trying to select cell in grid!
2025-12-05 12:33:27,551-DEBUG-root-34208::base::click|192:: Click Type: ClickType.ACTIONCHAINS
2025-12-05 12:33:27,840-DEBUG-root-34208::webapp_internal::fill_grid|6486:: Trying to select cell in grid!
2025-12-05 12:33:27,842-DEBUG-root-34208::base::click|192:: Click Type: ClickType.ACTIONCHAINS
2025-12-05 12:33:28,136-DEBUG-root-34208::webapp_internal::fill_grid|6486:: Trying to select cell in grid!
2025-12-05 12:33:28,138-DEBUG-root-34208::base::click|192:: Click Type: ClickType.ACTIONCHAINS
2025-12-05 12:33:28,426-DEBUG-root-34208::webapp_internal::fill_grid|6486:: Trying to select cell in grid!
2025-12-05 12:33:28,431-DEBUG-root-34208::base::click|192:: Click Type: ClickType.ACTIONCHAINS
2025-12-05 12:33:28,721-DEBUG-root-34208::webapp_internal::fill_grid|6486:: Trying to select cell in grid!
2025-12-05 12:33:28,723-DEBUG-root-34208::base::click|192:: Click Type: ClickType.ACTIONCHAINS
2025-12-05 12:33:29,004-DEBUG-root-34208::webapp_internal::fill_grid|6486:: Trying to select cell in grid!
2025-12-05 12:33:29,007-DEBUG-root-34208::base::click|192:: Click Type: ClickType.ACTIONCHAINS
2025-12-05 12:33:29,299-DEBUG-root-34208::webapp_internal::fill_grid|6486:: Trying to select cell in grid!
2025-12-05 12:33:29,301-DEBUG-root-34208::base::click|192:: Click Type: ClickType.ACTIONCHAINS
2025-12-05 12:33:29,592-DEBUG-root-34208::webapp_internal::fill_grid|6486:: Trying to select cell in grid!
2025-12-05 12:33:29,593-DEBUG-root-34208::base::click|192:: Click Type: ClickType.ACTIONCHAINS
2025-12-05 12:33:29,857-DEBUG-root-34208::webapp_internal::fill_grid|6486:: Trying to select cell in grid!
2025-12-05 12:33:29,859-DEBUG-root-34208::base::click|192:: Click Type: ClickType.ACTIONCHAINS
2025-12-05 12:33:30,155-DEBUG-root-34208::webapp_internal::fill_grid|6486:: Trying to select cell in grid!
2025-12-05 12:33:30,157-DEBUG-root-34208::base::click|192:: Click Type: ClickType.ACTIONCHAINS
2025-12-05 12:33:30,450-DEBUG-root-34208::webapp_internal::fill_grid|6486:: Trying to select cell in grid!
2025-12-05 12:33:30,452-DEBUG-root-34208::base::click|192:: Click Type: ClickType.ACTIONCHAINS
2025-12-05 12:33:30,740-DEBUG-root-34208::webapp_internal::fill_grid|6486:: Trying to select cell in grid!
2025-12-05 12:33:30,742-DEBUG-root-34208::base::click|192:: Click Type: ClickType.ACTIONCHAINS
2025-12-05 12:33:31,038-DEBUG-root-34208::webapp_internal::fill_grid|6486:: Trying to select cell in grid!
2025-12-05 12:33:31,040-DEBUG-root-34208::base::click|192:: Click Type: ClickType.ACTIONCHAINS
2025-12-05 12:33:36,358-DEBUG-root-34208::webapp_internal::fill_grid|6498:: Trying open cell in grid!
2025-12-05 12:33:36,643-DEBUG-root-34208::webapp_internal::wait_blocker|2444:: Waiting blocker to continue...
2025-12-05 12:33:36,810-DEBUG-root-34208::webapp_internal::wait_blocker|2469:: Blocker status: False
2025-12-05 12:33:37,038-DEBUG-root-34208::webapp_internal::wait_element_timeout|7726:: Element found! Waiting for element to be displayed.
2025-12-05 12:33:37,372-DEBUG-root-34208::webapp_internal::fill_grid|6577:: Sending keys: 227884
2025-12-05 12:33:37,682-DEBUG-root-34208::webapp_internal::wait_blocker|2444:: Waiting blocker to continue...
2025-12-05 12:33:37,825-DEBUG-root-34208::webapp_internal::wait_blocker|2469:: Blocker status: False
2025-12-05 12:33:37,984-DEBUG-root-34208::webapp_internal::wait_element_timeout|7726:: Element found! Waiting for element to be displayed.
2025-12-05 12:33:38,292-INFO-root-34208::webapp_internal::ClickFolder|5081:: Clicking on folder: Transporte
2025-12-05 12:33:38,293-DEBUG-root-34208::webapp_internal::wait_blocker|2444:: Waiting blocker to continue...
2025-12-05 12:33:38,427-DEBUG-root-34208::webapp_internal::wait_blocker|2469:: Blocker status: False
2025-12-05 12:33:38,460-DEBUG-root-34208::webapp_internal::wait_element|7623:: Waiting for element
2025-12-05 12:33:38,732-DEBUG-root-34208::webapp_internal::wait_element|7653:: Element found! Waiting for element to be displayed.
2025-12-05 12:33:40,294-DEBUG-root-34208::webapp_internal::wait_blocker|2444:: Waiting blocker to continue...
2025-12-05 12:33:40,449-DEBUG-root-34208::webapp_internal::wait_blocker|2469:: Blocker status: False
2025-12-05 12:33:40,450-INFO-root-34208::webapp_internal::SetKey|5822:: Key pressed: TAB
2025-12-05 12:33:40,450-DEBUG-root-34208::webapp_internal::SetKey|5857:: Trying press key
2025-12-05 12:33:40,450-DEBUG-root-34208::webapp_internal::wait_element|7623:: Waiting for element
2025-12-05 12:33:40,554-DEBUG-root-34208::webapp_internal::wait_element|7653:: Element found! Waiting for element to be displayed.
2025-12-05 12:33:40,838-DEBUG-root-34208::webapp_internal::wait_blocker|2444:: Waiting blocker to continue...
2025-12-05 12:33:40,983-DEBUG-root-34208::webapp_internal::wait_blocker|2469:: Blocker status: False
2025-12-05 12:33:40,983-INFO-root-34208::webapp_internal::LoadGrid|6298:: Filling grid field: Tipo
2025-12-05 12:33:40,983-DEBUG-root-34208::webapp_internal::fill_grid|6399:: Grid loading...
2025-12-05 12:33:41,382-DEBUG-root-34208::webapp_internal::fill_grid|6466:: Column found!
2025-12-05 12:33:41,419-DEBUG-root-34208::base::click|192:: Click Type: ClickType.ACTIONCHAINS
2025-12-05 12:33:46,824-DEBUG-root-34208::webapp_internal::fill_grid|6498:: Trying open cell in grid!
2025-12-05 12:33:47,120-DEBUG-root-34208::webapp_internal::wait_blocker|2444:: Waiting blocker to continue...
2025-12-05 12:33:47,261-DEBUG-root-34208::webapp_internal::wait_blocker|2469:: Blocker status: False
2025-12-05 12:33:47,450-DEBUG-root-34208::webapp_internal::wait_element_timeout|7726:: Element found! Waiting for element to be displayed.
2025-12-05 12:33:48,819-INFO-root-34208::base::select_combo|871:: Selected value for combo is: 1 - Aereo
2025-12-05 12:33:49,007-DEBUG-root-34208::webapp_internal::wait_blocker|2444:: Waiting blocker to continue...
2025-12-05 12:33:49,156-DEBUG-root-34208::webapp_internal::wait_blocker|2469:: Blocker status: False
2025-12-05 12:33:49,184-DEBUG-root-34208::webapp_internal::wait_blocker|2444:: Waiting blocker to continue...
2025-12-05 12:33:49,334-DEBUG-root-34208::webapp_internal::wait_blocker|2469:: Blocker status: False
2025-12-05 12:33:49,335-DEBUG-root-34208::webapp_internal::send_action|10480:: Trying to send action
2025-12-05 12:33:50,373-DEBUG-root-34208::webapp_internal::send_action|10522:: send_action method result = True
2025-12-05 12:33:50,374-DEBUG-root-34208::webapp_internal::send_action|10523:: send_action selenium status: False
2025-12-05 12:33:50,374-DEBUG-root-34208::webapp_internal::wait_blocker|2444:: Waiting blocker to continue...
2025-12-05 12:33:50,507-DEBUG-root-34208::webapp_internal::wait_blocker|2469:: Blocker status: False
2025-12-05 12:33:50,507-INFO-root-34208::webapp_internal::SetKey|5822:: Key pressed: TAB
2025-12-05 12:33:50,507-DEBUG-root-34208::webapp_internal::SetKey|5857:: Trying press key
2025-12-05 12:33:50,508-DEBUG-root-34208::webapp_internal::wait_element|7623:: Waiting for element
2025-12-05 12:33:50,604-DEBUG-root-34208::webapp_internal::wait_element|7653:: Element found! Waiting for element to be displayed.
2025-12-05 12:33:50,901-DEBUG-root-34208::webapp_internal::wait_blocker|2444:: Waiting blocker to continue...
2025-12-05 12:33:51,028-DEBUG-root-34208::webapp_internal::wait_blocker|2469:: Blocker status: False
2025-12-05 12:33:51,029-INFO-root-34208::webapp_internal::LoadGrid|6298:: Filling grid field: Partida
2025-12-05 12:33:51,029-DEBUG-root-34208::webapp_internal::fill_grid|6399:: Grid loading...
2025-12-05 12:33:51,377-DEBUG-root-34208::webapp_internal::fill_grid|6466:: Column found!
2025-12-05 12:33:51,417-DEBUG-root-34208::base::click|192:: Click Type: ClickType.ACTIONCHAINS
2025-12-05 12:33:56,804-DEBUG-root-34208::webapp_internal::fill_grid|6498:: Trying open cell in grid!
2025-12-05 12:33:57,089-DEBUG-root-34208::webapp_internal::wait_blocker|2444:: Waiting blocker to continue...
2025-12-05 12:33:57,255-DEBUG-root-34208::webapp_internal::wait_blocker|2469:: Blocker status: False
2025-12-05 12:33:57,466-DEBUG-root-34208::webapp_internal::wait_element_timeout|7726:: Element found! Waiting for element to be displayed.
2025-12-05 12:33:57,817-DEBUG-root-34208::webapp_internal::fill_grid|6577:: Sending keys: 20/12/2025
2025-12-05 12:33:58,132-DEBUG-root-34208::webapp_internal::wait_blocker|2444:: Waiting blocker to continue...
2025-12-05 12:33:58,293-DEBUG-root-34208::webapp_internal::wait_blocker|2469:: Blocker status: False
2025-12-05 12:34:03,804-DEBUG-root-34208::webapp_internal::wait_blocker|2444:: Waiting blocker to continue...
2025-12-05 12:34:03,950-DEBUG-root-34208::webapp_internal::wait_blocker|2469:: Blocker status: False
2025-12-05 12:34:04,000-DEBUG-root-34208::webapp_internal::wait_blocker|2444:: Waiting blocker to continue...
2025-12-05 12:34:04,138-DEBUG-root-34208::webapp_internal::wait_blocker|2469:: Blocker status: False
2025-12-05 12:34:04,138-DEBUG-root-34208::webapp_internal::send_action|10480:: Trying to send action
2025-12-05 12:34:05,183-DEBUG-root-34208::webapp_internal::send_action|10522:: send_action method result = True
2025-12-05 12:34:05,183-DEBUG-root-34208::webapp_internal::send_action|10523:: send_action selenium status: False
2025-12-05 12:34:05,183-DEBUG-root-34208::webapp_internal::wait_blocker|2444:: Waiting blocker to continue...
2025-12-05 12:34:05,357-DEBUG-root-34208::webapp_internal::wait_blocker|2469:: Blocker status: False
2025-12-05 12:34:05,357-INFO-root-34208::webapp_internal::SetKey|5822:: Key pressed: TAB
2025-12-05 12:34:05,357-DEBUG-root-34208::webapp_internal::SetKey|5857:: Trying press key
2025-12-05 12:34:05,357-DEBUG-root-34208::webapp_internal::wait_element|7623:: Waiting for element
2025-12-05 12:34:05,483-DEBUG-root-34208::webapp_internal::wait_element|7653:: Element found! Waiting for element to be displayed.
2025-12-05 12:34:05,851-DEBUG-root-34208::webapp_internal::wait_blocker|2444:: Waiting blocker to continue...
2025-12-05 12:34:06,004-DEBUG-root-34208::webapp_internal::wait_blocker|2469:: Blocker status: False
2025-12-05 12:34:06,004-INFO-root-34208::webapp_internal::LoadGrid|6298:: Filling grid field: Hora Partida
2025-12-05 12:34:06,006-DEBUG-root-34208::webapp_internal::fill_grid|6399:: Grid loading...
2025-12-05 12:34:06,400-DEBUG-root-34208::webapp_internal::fill_grid|6466:: Column found!
2025-12-05 12:34:06,443-DEBUG-root-34208::base::click|192:: Click Type: ClickType.ACTIONCHAINS
2025-12-05 12:34:11,892-DEBUG-root-34208::webapp_internal::fill_grid|6498:: Trying open cell in grid!
2025-12-05 12:34:12,182-DEBUG-root-34208::webapp_internal::wait_blocker|2444:: Waiting blocker to continue...
2025-12-05 12:34:12,338-DEBUG-root-34208::webapp_internal::wait_blocker|2469:: Blocker status: False
2025-12-05 12:34:12,524-DEBUG-root-34208::webapp_internal::wait_element_timeout|7726:: Element found! Waiting for element to be displayed.
2025-12-05 12:34:12,876-DEBUG-root-34208::webapp_internal::fill_grid|6577:: Sending keys: 08:00
2025-12-05 12:34:13,153-DEBUG-root-34208::webapp_internal::wait_blocker|2444:: Waiting blocker to continue...
2025-12-05 12:34:13,321-DEBUG-root-34208::webapp_internal::wait_blocker|2469:: Blocker status: False
2025-12-05 12:34:18,689-DEBUG-root-34208::webapp_internal::wait_blocker|2444:: Waiting blocker to continue...
2025-12-05 12:34:18,818-DEBUG-root-34208::webapp_internal::wait_blocker|2469:: Blocker status: False
2025-12-05 12:34:18,852-DEBUG-root-34208::webapp_internal::wait_blocker|2444:: Waiting blocker to continue...
2025-12-05 12:34:18,988-DEBUG-root-34208::webapp_internal::wait_blocker|2469:: Blocker status: False
2025-12-05 12:34:18,989-DEBUG-root-34208::webapp_internal::send_action|10480:: Trying to send action
2025-12-05 12:34:20,030-DEBUG-root-34208::webapp_internal::send_action|10522:: send_action method result = True
2025-12-05 12:34:20,030-DEBUG-root-34208::webapp_internal::send_action|10523:: send_action selenium status: False
2025-12-05 12:34:20,031-DEBUG-root-34208::webapp_internal::wait_blocker|2444:: Waiting blocker to continue...
2025-12-05 12:34:20,155-DEBUG-root-34208::webapp_internal::wait_blocker|2469:: Blocker status: False
2025-12-05 12:34:20,155-INFO-root-34208::webapp_internal::SetKey|5822:: Key pressed: TAB
2025-12-05 12:34:20,155-DEBUG-root-34208::webapp_internal::SetKey|5857:: Trying press key
2025-12-05 12:34:20,155-DEBUG-root-34208::webapp_internal::wait_element|7623:: Waiting for element
2025-12-05 12:34:20,250-DEBUG-root-34208::webapp_internal::wait_element|7653:: Element found! Waiting for element to be displayed.
2025-12-05 12:34:20,537-DEBUG-root-34208::webapp_internal::wait_blocker|2444:: Waiting blocker to continue...
2025-12-05 12:34:20,715-DEBUG-root-34208::webapp_internal::wait_blocker|2469:: Blocker status: False
2025-12-05 12:34:20,715-INFO-root-34208::webapp_internal::LoadGrid|6298:: Filling grid field: Origem
2025-12-05 12:34:20,715-DEBUG-root-34208::webapp_internal::fill_grid|6399:: Grid loading...
2025-12-05 12:34:21,053-DEBUG-root-34208::webapp_internal::fill_grid|6466:: Column found!
2025-12-05 12:34:21,092-DEBUG-root-34208::base::click|192:: Click Type: ClickType.ACTIONCHAINS
2025-12-05 12:34:26,420-DEBUG-root-34208::webapp_internal::fill_grid|6498:: Trying open cell in grid!
2025-12-05 12:34:26,723-DEBUG-root-34208::webapp_internal::wait_blocker|2444:: Waiting blocker to continue...
2025-12-05 12:34:26,873-DEBUG-root-34208::webapp_internal::wait_blocker|2469:: Blocker status: False
2025-12-05 12:34:27,058-DEBUG-root-34208::webapp_internal::wait_element_timeout|7726:: Element found! Waiting for element to be displayed.
2025-12-05 12:34:27,394-DEBUG-root-34208::webapp_internal::fill_grid|6577:: Sending keys: DF00108
2025-12-05 12:34:27,690-DEBUG-root-34208::webapp_internal::wait_blocker|2444:: Waiting blocker to continue...
2025-12-05 12:34:27,821-DEBUG-root-34208::webapp_internal::wait_blocker|2469:: Blocker status: False
2025-12-05 12:34:27,974-DEBUG-root-34208::webapp_internal::wait_element_timeout|7726:: Element found! Waiting for element to be displayed.
2025-12-05 12:34:28,402-DEBUG-root-34208::webapp_internal::wait_blocker|2444:: Waiting blocker to continue...
2025-12-05 12:34:28,589-DEBUG-root-34208::webapp_internal::wait_blocker|2469:: Blocker status: False
2025-12-05 12:34:28,614-DEBUG-root-34208::webapp_internal::wait_blocker|2444:: Waiting blocker to continue...
2025-12-05 12:34:28,758-DEBUG-root-34208::webapp_internal::wait_blocker|2469:: Blocker status: False
2025-12-05 12:34:28,758-DEBUG-root-34208::webapp_internal::send_action|10480:: Trying to send action
2025-12-05 12:34:29,796-DEBUG-root-34208::webapp_internal::send_action|10522:: send_action method result = True
2025-12-05 12:34:29,797-DEBUG-root-34208::webapp_internal::send_action|10523:: send_action selenium status: False
2025-12-05 12:34:29,797-DEBUG-root-34208::webapp_internal::wait_blocker|2444:: Waiting blocker to continue...
2025-12-05 12:34:29,923-DEBUG-root-34208::webapp_internal::wait_blocker|2469:: Blocker status: False
2025-12-05 12:34:29,923-INFO-root-34208::webapp_internal::SetKey|5822:: Key pressed: TAB
2025-12-05 12:34:29,923-DEBUG-root-34208::webapp_internal::SetKey|5857:: Trying press key
2025-12-05 12:34:29,923-DEBUG-root-34208::webapp_internal::wait_element|7623:: Waiting for element
2025-12-05 12:34:30,018-DEBUG-root-34208::webapp_internal::wait_element|7653:: Element found! Waiting for element to be displayed.
2025-12-05 12:34:30,305-DEBUG-root-34208::webapp_internal::wait_blocker|2444:: Waiting blocker to continue...
2025-12-05 12:34:30,448-DEBUG-root-34208::webapp_internal::wait_blocker|2469:: Blocker status: False
2025-12-05 12:34:30,448-INFO-root-34208::webapp_internal::LoadGrid|6298:: Filling grid field: Destino
2025-12-05 12:34:30,449-DEBUG-root-34208::webapp_internal::fill_grid|6399:: Grid loading...
2025-12-05 12:34:30,818-DEBUG-root-34208::webapp_internal::fill_grid|6466:: Column found!
2025-12-05 12:34:30,854-DEBUG-root-34208::base::click|192:: Click Type: ClickType.ACTIONCHAINS
2025-12-05 12:34:36,242-DEBUG-root-34208::webapp_internal::fill_grid|6498:: Trying open cell in grid!
2025-12-05 12:34:36,536-DEBUG-root-34208::webapp_internal::wait_blocker|2444:: Waiting blocker to continue...
2025-12-05 12:34:36,688-DEBUG-root-34208::webapp_internal::wait_blocker|2469:: Blocker status: False
2025-12-05 12:34:36,920-DEBUG-root-34208::webapp_internal::wait_element_timeout|7726:: Element found! Waiting for element to be displayed.
2025-12-05 12:34:37,289-DEBUG-root-34208::webapp_internal::fill_grid|6577:: Sending keys: GO08707
2025-12-05 12:34:37,593-DEBUG-root-34208::webapp_internal::wait_blocker|2444:: Waiting blocker to continue...
2025-12-05 12:34:37,737-DEBUG-root-34208::webapp_internal::wait_blocker|2469:: Blocker status: False
2025-12-05 12:34:37,902-DEBUG-root-34208::webapp_internal::wait_element_timeout|7726:: Element found! Waiting for element to be displayed.
2025-12-05 12:34:38,402-DEBUG-root-34208::webapp_internal::wait_blocker|2444:: Waiting blocker to continue...
2025-12-05 12:34:38,538-DEBUG-root-34208::webapp_internal::wait_blocker|2469:: Blocker status: False
2025-12-05 12:34:38,564-DEBUG-root-34208::webapp_internal::wait_blocker|2444:: Waiting blocker to continue...
2025-12-05 12:34:38,690-DEBUG-root-34208::webapp_internal::wait_blocker|2469:: Blocker status: False
2025-12-05 12:34:38,690-DEBUG-root-34208::webapp_internal::send_action|10480:: Trying to send action
2025-12-05 12:34:39,730-DEBUG-root-34208::webapp_internal::send_action|10522:: send_action method result = True
2025-12-05 12:34:39,731-DEBUG-root-34208::webapp_internal::send_action|10523:: send_action selenium status: False
2025-12-05 12:34:39,731-DEBUG-root-34208::webapp_internal::wait_blocker|2444:: Waiting blocker to continue...
2025-12-05 12:34:39,865-DEBUG-root-34208::webapp_internal::wait_blocker|2469:: Blocker status: False
2025-12-05 12:34:39,865-INFO-root-34208::webapp_internal::SetKey|5822:: Key pressed: TAB
2025-12-05 12:34:39,865-DEBUG-root-34208::webapp_internal::SetKey|5857:: Trying press key
2025-12-05 12:34:39,865-DEBUG-root-34208::webapp_internal::wait_element|7623:: Waiting for element
2025-12-05 12:34:39,969-DEBUG-root-34208::webapp_internal::wait_element|7653:: Element found! Waiting for element to be displayed.
2025-12-05 12:34:40,232-DEBUG-root-34208::webapp_internal::wait_blocker|2444:: Waiting blocker to continue...
2025-12-05 12:34:40,387-DEBUG-root-34208::webapp_internal::wait_blocker|2469:: Blocker status: False
2025-12-05 12:34:40,387-INFO-root-34208::webapp_internal::LoadGrid|6298:: Filling grid field: Chegada
2025-12-05 12:34:40,387-DEBUG-root-34208::webapp_internal::fill_grid|6399:: Grid loading...
2025-12-05 12:34:40,756-DEBUG-root-34208::webapp_internal::fill_grid|6466:: Column found!
2025-12-05 12:34:40,841-DEBUG-root-34208::base::click|192:: Click Type: ClickType.ACTIONCHAINS
2025-12-05 12:34:46,254-DEBUG-root-34208::webapp_internal::fill_grid|6498:: Trying open cell in grid!
2025-12-05 12:34:46,538-DEBUG-root-34208::webapp_internal::wait_blocker|2444:: Waiting blocker to continue...
2025-12-05 12:34:46,717-DEBUG-root-34208::webapp_internal::wait_blocker|2469:: Blocker status: False
2025-12-05 12:34:46,902-DEBUG-root-34208::webapp_internal::wait_element_timeout|7726:: Element found! Waiting for element to be displayed.
2025-12-05 12:34:47,238-DEBUG-root-34208::webapp_internal::fill_grid|6577:: Sending keys: 20/12/2025
2025-12-05 12:34:47,567-DEBUG-root-34208::webapp_internal::wait_blocker|2444:: Waiting blocker to continue...
2025-12-05 12:34:47,720-DEBUG-root-34208::webapp_internal::wait_blocker|2469:: Blocker status: False
2025-12-05 12:34:53,109-DEBUG-root-34208::webapp_internal::wait_blocker|2444:: Waiting blocker to continue...
2025-12-05 12:34:53,241-DEBUG-root-34208::webapp_internal::wait_blocker|2469:: Blocker status: False
2025-12-05 12:34:53,268-DEBUG-root-34208::webapp_internal::wait_blocker|2444:: Waiting blocker to continue...
2025-12-05 12:34:53,398-DEBUG-root-34208::webapp_internal::wait_blocker|2469:: Blocker status: False
2025-12-05 12:34:53,398-DEBUG-root-34208::webapp_internal::send_action|10480:: Trying to send action
2025-12-05 12:34:54,441-DEBUG-root-34208::webapp_internal::send_action|10522:: send_action method result = True
2025-12-05 12:34:54,441-DEBUG-root-34208::webapp_internal::send_action|10523:: send_action selenium status: False
2025-12-05 12:34:54,442-DEBUG-root-34208::webapp_internal::wait_blocker|2444:: Waiting blocker to continue...
2025-12-05 12:34:54,576-DEBUG-root-34208::webapp_internal::wait_blocker|2469:: Blocker status: False
2025-12-05 12:34:54,576-INFO-root-34208::webapp_internal::SetKey|5822:: Key pressed: TAB
2025-12-05 12:34:54,576-DEBUG-root-34208::webapp_internal::SetKey|5857:: Trying press key
2025-12-05 12:34:54,576-DEBUG-root-34208::webapp_internal::wait_element|7623:: Waiting for element
2025-12-05 12:34:54,671-DEBUG-root-34208::webapp_internal::wait_element|7653:: Element found! Waiting for element to be displayed.
2025-12-05 12:34:54,925-DEBUG-root-34208::webapp_internal::wait_blocker|2444:: Waiting blocker to continue...
2025-12-05 12:34:55,070-DEBUG-root-34208::webapp_internal::wait_blocker|2469:: Blocker status: False
2025-12-05 12:34:55,070-INFO-root-34208::webapp_internal::LoadGrid|6298:: Filling grid field: Hora Chegada
2025-12-05 12:34:55,071-DEBUG-root-34208::webapp_internal::fill_grid|6399:: Grid loading...
2025-12-05 12:34:55,469-DEBUG-root-34208::webapp_internal::fill_grid|6466:: Column found!
2025-12-05 12:34:55,516-DEBUG-root-34208::base::click|192:: Click Type: ClickType.ACTIONCHAINS
2025-12-05 12:35:00,901-DEBUG-root-34208::webapp_internal::fill_grid|6498:: Trying open cell in grid!
2025-12-05 12:35:01,188-DEBUG-root-34208::webapp_internal::wait_blocker|2444:: Waiting blocker to continue...
2025-12-05 12:35:01,341-DEBUG-root-34208::webapp_internal::wait_blocker|2469:: Blocker status: False
2025-12-05 12:35:01,527-DEBUG-root-34208::webapp_internal::wait_element_timeout|7726:: Element found! Waiting for element to be displayed.
2025-12-05 12:35:01,891-DEBUG-root-34208::webapp_internal::fill_grid|6577:: Sending keys: 12:00
2025-12-05 12:35:02,194-DEBUG-root-34208::webapp_internal::wait_blocker|2444:: Waiting blocker to continue...
2025-12-05 12:35:02,358-DEBUG-root-34208::webapp_internal::wait_blocker|2469:: Blocker status: False
2025-12-05 12:35:07,823-DEBUG-root-34208::webapp_internal::wait_blocker|2444:: Waiting blocker to continue...
2025-12-05 12:35:07,960-DEBUG-root-34208::webapp_internal::wait_blocker|2469:: Blocker status: False
2025-12-05 12:35:07,990-DEBUG-root-34208::webapp_internal::wait_blocker|2444:: Waiting blocker to continue...
2025-12-05 12:35:08,127-DEBUG-root-34208::webapp_internal::wait_blocker|2469:: Blocker status: False
2025-12-05 12:35:08,127-DEBUG-root-34208::webapp_internal::send_action|10480:: Trying to send action
2025-12-05 12:35:09,173-DEBUG-root-34208::webapp_internal::send_action|10522:: send_action method result = True
2025-12-05 12:35:09,174-DEBUG-root-34208::webapp_internal::send_action|10523:: send_action selenium status: False
2025-12-05 12:35:09,174-DEBUG-root-34208::webapp_internal::wait_blocker|2444:: Waiting blocker to continue...
2025-12-05 12:35:09,306-DEBUG-root-34208::webapp_internal::wait_blocker|2469:: Blocker status: False
2025-12-05 12:35:09,306-INFO-root-34208::webapp_internal::SetKey|5822:: Key pressed: DOWN
2025-12-05 12:35:09,306-DEBUG-root-34208::webapp_internal::wait_blocker|2444:: Waiting blocker to continue...
2025-12-05 12:35:09,436-DEBUG-root-34208::webapp_internal::wait_blocker|2469:: Blocker status: False
2025-12-05 12:35:09,437-INFO-root-34208::webapp_internal::SetKey|5822:: Key pressed: TAB
2025-12-05 12:35:09,437-DEBUG-root-34208::webapp_internal::SetKey|5857:: Trying press key
2025-12-05 12:35:09,437-DEBUG-root-34208::webapp_internal::wait_element|7623:: Waiting for element
2025-12-05 12:35:09,539-DEBUG-root-34208::webapp_internal::wait_element|7653:: Element found! Waiting for element to be displayed.
2025-12-05 12:35:09,833-DEBUG-root-34208::webapp_internal::new_grid_line|7014:: New grid line
2025-12-05 12:35:11,399-DEBUG-root-34208::webapp_internal::wait_blocker|2444:: Waiting blocker to continue...
2025-12-05 12:35:11,556-DEBUG-root-34208::webapp_internal::wait_blocker|2469:: Blocker status: False
2025-12-05 12:35:11,557-INFO-root-34208::webapp_internal::LoadGrid|6298:: Filling grid field: Tipo
2025-12-05 12:35:11,557-DEBUG-root-34208::webapp_internal::fill_grid|6399:: Grid loading...
2025-12-05 12:35:11,758-DEBUG-root-34208::webapp_internal::new_grid_line|7014:: New grid line
2025-12-05 12:35:13,326-DEBUG-root-34208::webapp_internal::new_grid_line|7014:: New grid line
2025-12-05 12:35:14,909-ERROR-root-34208::webapp_internal::fill_grid|6675:: fill grid error: Message: TypeError: can't access property "querySelectorAll", arguments[0] is null
Stacktrace:
@https://qasrverp:10020/webapp/:2:7
@https://qasrverp:10020/webapp/:3:8
Traceback (most recent call last):
  File "C:\TIR_TESTE\venv\Lib\site-packages\tir\technologies\webapp_internal.py", line 6463, in fill_grid
    columns = self.driver.execute_script("return arguments[0].querySelectorAll('td')", row)
              ^^^^^^^^^^^^^^^^^^^^^^^^^^^^^^^^^^^^^^^^^^^^^^^^^^^^^^^^^^^^^^^^^^^^^^^^^^^^^
  File "C:\TIR_TESTE\venv\Lib\site-packages\selenium\webdriver\remote\webdriver.py", line 407, in execute_script
    return self.execute(command, {"script": script, "args": converted_args})["value"]
           ^^^^^^^^^^^^^^^^^^^^^^^^^^^^^^^^^^^^^^^^^^^^^^^^^^^^^^^^^^^^^^^^^
  File "C:\TIR_TESTE\venv\Lib\site-packages\selenium\webdriver\remote\webdriver.py", line 347, in execute
    self.error_handler.check_response(response)
  File "C:\TIR_TESTE\venv\Lib\site-packages\selenium\webdriver\remote\errorhandler.py", line 229, in check_response
    raise exception_class(message, screen, stacktrace)
selenium.common.exceptions.JavascriptException: Message: TypeError: can't access property "querySelectorAll", arguments[0] is null
Stacktrace:
@https://qasrverp:10020/webapp/:2:7
@https://qasrverp:10020/webapp/:3:8

2025-12-05 12:35:14,951-WARNING-root-34208::webapp_internal::log_error|8143:: Warning log_error fill grid error: Message: TypeError: can't access property "querySelectorAll", arguments[0] is null
Stacktrace:
@https://qasrverp:10020/webapp/:2:7
@https://qasrverp:10020/webapp/:3:8

2025-12-05 12:35:14,951-DEBUG-root-34208::webapp_internal::log_error|8146:: ***System Info*** in log_error():
2025-12-05 12:35:14,951-DEBUG-root-34208::psutil_info::system_info|5:: CPU USAGE: 9.1%
2025-12-05 12:35:14,952-DEBUG-root-34208::psutil_info::system_info|6:: MEMORY USAGE: 85.3%
2025-12-05 12:35:14,952-DEBUG-root-34208::psutil_info::system_info|7:: MEMORY AVAILABLE: 14.68%
2025-12-05 12:35:14,968-DEBUG-root-34208::log::take_screenshot_log|612:: take_screenshot_log in:2025-12-05 12:35:14.968707

2025-12-05 12:35:15,068-DEBUG-root-34208::log::take_screenshot_log|627:: Screenshot file created successfully: Log\GESIT03\97137227104_20251205123514968_Viagem -_test_Cadastro_Orcamento_Viagem.png
2025-12-05 12:35:16,078-DEBUG-root-34208::log::checks_empty_line|221:: Checking empty default log info
2025-12-05 12:35:16,082-DEBUG-root-34208::log::generate_log|503:: Json log_data: {'cLogDtExec': '05/12/2025 12:35:16', 'cLogNomUsr': '97137227104', 'cLogNomEst': 'GESIT03', 'cLogProgra': None, 'cLogDtProg': '', 'cLogHrProg': '', 'nLogCtsOk': 0, 'nLogCtsNok': 1, 'nLogCtsSeg': 242.51, 'cLogVersao': '12', 'cLogReleas': '12.1.2410', 'nLogCtsErr': 'Viagem - fill grid error: Message: TypeError: can\'t access property "querySelectorAll", arguments[0] is nullStacktrace:@https://qasrverp:10020/webapp/:2:7@https://qasrverp:10020/webapp/:3:8', 'cLogBancod': 'ORACLE', 'cLogIdenti': '', 'cLogIdExec': '20251205', 'cLogPais': 'BRA', 'cLogTool': 'TIR', 'cLogSequen': '7fe19b', 'nLogCtsTot': 1, 'cLogDtExea': '05/12/2025', 'cLogHrExea': '12:35:16', 'cLogArea': 'Desenvolvimento', 'cLogMnExec': 4.041833333333333}
2025-12-05 12:35:16,082-INFO-root-34208::log::send_log_with_retries|515:: Saving log locally.
2025-12-05 12:35:16,082-INFO-root-34208::log::save_log_locally|548:: [FwSendLog]: Não foi possível enviar o log após todas as tentativas.
2025-12-05 12:35:16,084-INFO-root-34208::log::save_log_locally|555:: [FwSendLog]: Log salvo localmente em C:\TIR_TESTE\1764948916.json.
2025-12-05 12:35:17,041-ERROR-root-34208::webapp_internal::SetKey|5901:: False is not true : Viagem - fill grid error: Message: TypeError: can't access property "querySelectorAll", arguments[0] is null
Stacktrace:
@https://qasrverp:10020/webapp/:2:7
@https://qasrverp:10020/webapp/:3:8
Traceback (most recent call last):
  File "C:\TIR_TESTE\venv\Lib\site-packages\tir\technologies\webapp_internal.py", line 6463, in fill_grid
    columns = self.driver.execute_script("return arguments[0].querySelectorAll('td')", row)
              ^^^^^^^^^^^^^^^^^^^^^^^^^^^^^^^^^^^^^^^^^^^^^^^^^^^^^^^^^^^^^^^^^^^^^^^^^^^^^
  File "C:\TIR_TESTE\venv\Lib\site-packages\selenium\webdriver\remote\webdriver.py", line 407, in execute_script
    return self.execute(command, {"script": script, "args": converted_args})["value"]
           ^^^^^^^^^^^^^^^^^^^^^^^^^^^^^^^^^^^^^^^^^^^^^^^^^^^^^^^^^^^^^^^^^
  File "C:\TIR_TESTE\venv\Lib\site-packages\selenium\webdriver\remote\webdriver.py", line 347, in execute
    self.error_handler.check_response(response)
  File "C:\TIR_TESTE\venv\Lib\site-packages\selenium\webdriver\remote\errorhandler.py", line 229, in check_response
    raise exception_class(message, screen, stacktrace)
selenium.common.exceptions.JavascriptException: Message: TypeError: can't access property "querySelectorAll", arguments[0] is null
Stacktrace:
@https://qasrverp:10020/webapp/:2:7
@https://qasrverp:10020/webapp/:3:8


During handling of the above exception, another exception occurred:

Traceback (most recent call last):
  File "C:\TIR_TESTE\venv\Lib\site-packages\tir\technologies\webapp_internal.py", line 5861, in SetKey
    self.LoadGrid()
  File "C:\TIR_TESTE\venv\Lib\site-packages\tir\technologies\webapp_internal.py", line 6301, in LoadGrid
    self.fill_grid(field, x3_dictionaries, initial_layer, duplicate_fields)
  File "C:\TIR_TESTE\venv\Lib\site-packages\tir\technologies\webapp_internal.py", line 6676, in fill_grid
    self.log_error(f'fill grid error: {str(e)}')
  File "C:\TIR_TESTE\venv\Lib\site-packages\tir\technologies\webapp_internal.py", line 8206, in log_error
    self.assertTrue(False, log_message)
  File "C:\Users\97137227104\AppData\Local\Programs\Python\Python312\Lib\unittest\case.py", line 727, in assertTrue
    raise self.failureException(msg)
AssertionError: False is not true : Viagem - fill grid error: Message: TypeError: can't access property "querySelectorAll", arguments[0] is null
Stacktrace:
@https://qasrverp:10020/webapp/:2:7
@https://qasrverp:10020/webapp/:3:8

2025-12-05 12:35:17,042-DEBUG-root-34208::webapp_internal::wait_blocker|2444:: Waiting blocker to continue...
2025-12-05 12:35:17,044-DEBUG-root-34208::webapp_internal::wait_blocker|2469:: Blocker status: None
2025-12-05 12:35:17,044-INFO-root-34208::webapp_internal::SetKey|5822:: Key pressed: TAB
2025-12-05 12:35:17,044-DEBUG-root-34208::webapp_internal::SetKey|5857:: Trying press key
2025-12-05 12:35:17,044-DEBUG-root-34208::webapp_internal::wait_element|7623:: Waiting for element
2025-12-05 12:35:17,047-WARNING-root-34208::webapp_internal::log_error|8143:: Warning log_error SetKey - Screen is not load: Message: Tried to run command without establishing a connection

2025-12-05 12:35:17,047-DEBUG-root-34208::webapp_internal::log_error|8146:: ***System Info*** in log_error():
2025-12-05 12:35:17,048-DEBUG-root-34208::psutil_info::system_info|5:: CPU USAGE: 16.7%
2025-12-05 12:35:17,048-DEBUG-root-34208::psutil_info::system_info|6:: MEMORY USAGE: 77.9%
2025-12-05 12:35:17,048-DEBUG-root-34208::psutil_info::system_info|7:: MEMORY AVAILABLE: 22.12%
2025-12-05 12:35:17,069-ERROR-root-34208::webapp_internal::log_error|8181:: Warning Log Error Close Message: Tried to run command without establishing a connection
Traceback (most recent call last):
  File "C:\TIR_TESTE\venv\Lib\site-packages\tir\technologies\core\base.py", line 501, in get_current_DOM
    self.driver.switch_to.default_content()
  File "C:\TIR_TESTE\venv\Lib\site-packages\selenium\webdriver\remote\switch_to.py", line 69, in default_content
    self._driver.execute(Command.SWITCH_TO_FRAME, {"id": None})
  File "C:\TIR_TESTE\venv\Lib\site-packages\selenium\webdriver\remote\webdriver.py", line 347, in execute
    self.error_handler.check_response(response)
  File "C:\TIR_TESTE\venv\Lib\site-packages\selenium\webdriver\remote\errorhandler.py", line 229, in check_response
    raise exception_class(message, screen, stacktrace)
selenium.common.exceptions.InvalidSessionIdException: Message: Tried to run command without establishing a connection


During handling of the above exception, another exception occurred:

Traceback (most recent call last):
  File "C:\TIR_TESTE\venv\Lib\site-packages\tir\technologies\webapp_internal.py", line 5861, in SetKey
    self.LoadGrid()
  File "C:\TIR_TESTE\venv\Lib\site-packages\tir\technologies\webapp_internal.py", line 6284, in LoadGrid
    self.wait_element(term=selector, scrap_type=enum.ScrapType.CSS_SELECTOR)
  File "C:\TIR_TESTE\venv\Lib\site-packages\tir\technologies\webapp_internal.py", line 7626, in wait_element
    while (not self.element_exists(term, scrap_type, position, optional_term, main_container, check_error, twebview, second_term) and time.time() < endtime):
               ^^^^^^^^^^^^^^^^^^^^^^^^^^^^^^^^^^^^^^^^^^^^^^^^^^^^^^^^^^^^^^^^^^^^^^^^^^^^^^^^^^^^^^^^^^^^^^^^^^^^^^^^^^^^^^^^^^
  File "C:\TIR_TESTE\venv\Lib\site-packages\tir\technologies\webapp_internal.py", line 4073, in element_exists
    soup = self.get_current_DOM(twebview=twebview)
           ^^^^^^^^^^^^^^^^^^^^^^^^^^^^^^^^^^^^^^^
  File "C:\TIR_TESTE\venv\Lib\site-packages\tir\technologies\core\base.py", line 538, in get_current_DOM
    self.driver.switch_to.default_content()
  File "C:\TIR_TESTE\venv\Lib\site-packages\selenium\webdriver\remote\switch_to.py", line 69, in default_content
    self._driver.execute(Command.SWITCH_TO_FRAME, {"id": None})
  File "C:\TIR_TESTE\venv\Lib\site-packages\selenium\webdriver\remote\webdriver.py", line 347, in execute
    self.error_handler.check_response(response)
  File "C:\TIR_TESTE\venv\Lib\site-packages\selenium\webdriver\remote\errorhandler.py", line 229, in check_response
    raise exception_class(message, screen, stacktrace)
selenium.common.exceptions.InvalidSessionIdException: Message: Tried to run command without establishing a connection


During handling of the above exception, another exception occurred:

Traceback (most recent call last):
  File "C:\TIR_TESTE\venv\Lib\site-packages\tir\technologies\webapp_internal.py", line 8179, in log_error
    self.driver.close()
  File "C:\TIR_TESTE\venv\Lib\site-packages\selenium\webdriver\remote\webdriver.py", line 458, in close
    self.execute(Command.CLOSE)
  File "C:\TIR_TESTE\venv\Lib\site-packages\selenium\webdriver\remote\webdriver.py", line 347, in execute
    self.error_handler.check_response(response)
  File "C:\TIR_TESTE\venv\Lib\site-packages\selenium\webdriver\remote\errorhandler.py", line 229, in check_response
    raise exception_class(message, screen, stacktrace)
selenium.common.exceptions.InvalidSessionIdException: Message: Tried to run command without establishing a connection

2025-12-05 12:35:17,604-ERROR-root-34208::webapp_internal::TearDown|9654:: Warning tearDown Close Message: Tried to run command without establishing a connection
Traceback (most recent call last):
  File "C:\TIR_TESTE\venv\Lib\site-packages\tir\technologies\webapp_internal.py", line 9652, in TearDown
    self.driver.close()
  File "C:\TIR_TESTE\venv\Lib\site-packages\selenium\webdriver\remote\webdriver.py", line 458, in close
    self.execute(Command.CLOSE)
  File "C:\TIR_TESTE\venv\Lib\site-packages\selenium\webdriver\remote\webdriver.py", line 347, in execute
    self.error_handler.check_response(response)
  File "C:\TIR_TESTE\venv\Lib\site-packages\selenium\webdriver\remote\errorhandler.py", line 229, in check_response
    raise exception_class(message, screen, stacktrace)
selenium.common.exceptions.InvalidSessionIdException: Message: Tried to run command without establishing a connection

2025-12-05 12:31:12,893-DEBUG-root-34208::logging_config::logger|189:: Log file created: 'Log\GESIT03\TIR__20251205123112869.log'
2025-12-05 12:31:12,893-INFO-root-34208::base::Start|1183:: TIR Version: 2.4.3
2025-12-05 12:31:12,894-INFO-root-34208::base::Start|1184:: Python Version: 3.12.10
2025-12-05 12:31:12,894-INFO-root-34208::base::Start|1185:: Starting the browser
2025-12-05 12:31:20,429-INFO-root-34208::base::get_url|1294:: Page is ready!
2025-12-05 12:31:20,553-INFO-root-34208::base::Start|1256:: Browser maximized to 1936x1048
2025-12-05 12:31:20,554-INFO-root-34208::base::Start|1258:: Screen size is different from default used in headless mode
2025-12-05 12:31:20,792-INFO-root-34208::webapp_internal::Setup|247:: ***System Info*** in Setup():
2025-12-05 12:31:20,793-DEBUG-root-34208::psutil_info::system_info|5:: CPU USAGE: 20.4%
2025-12-05 12:31:20,793-DEBUG-root-34208::psutil_info::system_info|6:: MEMORY USAGE: 91.3%
2025-12-05 12:31:20,793-DEBUG-root-34208::psutil_info::system_info|7:: MEMORY AVAILABLE: 8.75%
2025-12-05 12:31:20,800-INFO-root-34208::base::webapp_shadowroot|1394:: Webapp: 10.1.6-RC4
2025-12-05 12:31:20,820-INFO-root-34208::webapp_internal::filling_initial_program|449:: Filling Initial Program: "SIGAMDI"
2025-12-05 12:31:20,821-DEBUG-root-34208::webapp_internal::wait_element|7623:: Waiting for element
2025-12-05 12:31:20,879-DEBUG-root-34208::webapp_internal::wait_element|7653:: Element found! Waiting for element to be displayed.
2025-12-05 12:31:21,040-DEBUG-root-34208::base::click|192:: Click Type: ClickType.JS
2025-12-05 12:31:21,045-DEBUG-root-34208::webapp_internal::try_send_keys|7976:: Trying to send keys to element using technique 0
2025-12-05 12:31:21,387-DEBUG-root-34208::webapp_internal::get_web_value|3232:: Current value: SIGAMDI
2025-12-05 12:31:21,387-INFO-root-34208::webapp_internal::filling_server_environment|463:: Filling Server Environment: "POUPEX_TST"
2025-12-05 12:31:21,387-DEBUG-root-34208::webapp_internal::wait_element|7623:: Waiting for element
2025-12-05 12:31:21,430-DEBUG-root-34208::webapp_internal::wait_element|7653:: Element found! Waiting for element to be displayed.
2025-12-05 12:31:21,607-DEBUG-root-34208::base::click|192:: Click Type: ClickType.JS
2025-12-05 12:31:21,612-DEBUG-root-34208::webapp_internal::try_send_keys|7976:: Trying to send keys to element using technique 0
2025-12-05 12:31:22,361-DEBUG-root-34208::webapp_internal::get_web_value|3232:: Current value: POUPEX_TST
2025-12-05 12:31:22,384-DEBUG-root-34208::base::click|192:: Click Type: ClickType.JS
2025-12-05 12:31:22,397-DEBUG-root-34208::webapp_internal::user_screen|519:: Filling user screen
2025-12-05 12:31:28,660-DEBUG-root-34208::webapp_internal::wait_element_timeout|7726:: Element found! Waiting for element to be displayed.
2025-12-05 12:31:28,710-DEBUG-root-34208::base::scroll_to_element|759:: ********Warining scroll_to_element exception: Message: TypeError: can't access property "scrollIntoView", arguments[0] is null
Stacktrace:
@https://qasrverp:10020/webapp/:2:7
@https://qasrverp:10020/webapp/:3:8
*********
2025-12-05 12:31:28,834-INFO-root-34208::webapp_internal::user_screen|561:: Filling User
2025-12-05 12:31:28,857-DEBUG-root-34208::base::double_click|259:: Click Type: ClickType.SELENIUM
2025-12-05 12:31:29,038-DEBUG-root-34208::webapp_internal::get_web_value|3232:: Current value: 97137227104
2025-12-05 12:31:29,059-INFO-root-34208::webapp_internal::user_screen|621:: Filling Password
2025-12-05 12:31:29,081-DEBUG-root-34208::base::click|192:: Click Type: ClickType.JS
2025-12-05 12:31:29,150-DEBUG-root-34208::webapp_internal::get_web_value|3232:: Current value: Val20221080080094+
2025-12-05 12:31:29,151-DEBUG-root-34208::webapp_internal::wait_blocker|2444:: Waiting blocker to continue...
2025-12-05 12:31:29,178-DEBUG-root-34208::webapp_internal::wait_blocker|2469:: Blocker status: None
2025-12-05 12:31:29,197-DEBUG-root-34208::webapp_internal::wait_blocker|2444:: Waiting blocker to continue...
2025-12-05 12:31:29,222-DEBUG-root-34208::webapp_internal::wait_blocker|2469:: Blocker status: None
2025-12-05 12:31:29,254-DEBUG-root-34208::webapp_internal::wait_blocker|2444:: Waiting blocker to continue...
2025-12-05 12:31:29,281-DEBUG-root-34208::webapp_internal::wait_blocker|2469:: Blocker status: None
2025-12-05 12:31:29,282-DEBUG-root-34208::webapp_internal::send_action|10480:: Trying to send action
2025-12-05 12:31:29,287-DEBUG-root-34208::base::click|192:: Click Type: ClickType.JS
2025-12-05 12:31:30,329-DEBUG-root-34208::webapp_internal::send_action|10522:: send_action method result = True
2025-12-05 12:31:30,330-DEBUG-root-34208::webapp_internal::send_action|10523:: send_action selenium status: False
2025-12-05 12:31:32,785-DEBUG-root-34208::base::scroll_to_element|759:: ********Warining scroll_to_element exception: Message: TypeError: can't access property "scrollIntoView", arguments[0] is null
Stacktrace:
@https://qasrverp:10020/webapp/:2:7
@https://qasrverp:10020/webapp/:3:8
*********
2025-12-05 12:31:32,837-INFO-root-34208::webapp_internal::filling_date|885:: Filling Date: "05/12/2025"
2025-12-05 12:31:32,837-DEBUG-root-34208::webapp_internal::wait_blocker|2444:: Waiting blocker to continue...
2025-12-05 12:31:32,871-DEBUG-root-34208::webapp_internal::wait_blocker|2469:: Blocker status: None
2025-12-05 12:31:32,874-DEBUG-root-34208::base::click|192:: Click Type: ClickType.JS
2025-12-05 12:31:32,891-DEBUG-root-34208::webapp_internal::try_send_keys|7976:: Trying to send keys to element using technique 1
2025-12-05 12:31:32,972-DEBUG-root-34208::webapp_internal::get_web_value|3232:: Current value: 05/12/2025
2025-12-05 12:31:34,049-INFO-root-34208::webapp_internal::filling_group|955:: Filling Group: "02"
2025-12-05 12:31:34,049-DEBUG-root-34208::webapp_internal::wait_blocker|2444:: Waiting blocker to continue...
2025-12-05 12:31:34,080-DEBUG-root-34208::webapp_internal::wait_blocker|2469:: Blocker status: None
2025-12-05 12:31:34,082-DEBUG-root-34208::base::click|192:: Click Type: ClickType.JS
2025-12-05 12:31:34,127-DEBUG-root-34208::webapp_internal::get_web_value|3232:: Current value: 02
2025-12-05 12:31:35,187-INFO-root-34208::webapp_internal::filling_branch|1047:: Filling Branch: "02DF0001"
2025-12-05 12:31:35,187-DEBUG-root-34208::webapp_internal::wait_blocker|2444:: Waiting blocker to continue...
2025-12-05 12:31:35,219-DEBUG-root-34208::webapp_internal::wait_blocker|2469:: Blocker status: None
2025-12-05 12:31:35,222-DEBUG-root-34208::base::click|192:: Click Type: ClickType.JS
2025-12-05 12:31:35,271-DEBUG-root-34208::webapp_internal::get_web_value|3232:: Current value: 02DF0001
2025-12-05 12:31:36,351-INFO-root-34208::webapp_internal::filling_environment|1113:: Filling Environment: "07"
2025-12-05 12:31:36,351-DEBUG-root-34208::webapp_internal::wait_blocker|2444:: Waiting blocker to continue...
2025-12-05 12:31:36,383-DEBUG-root-34208::webapp_internal::wait_blocker|2469:: Blocker status: None
2025-12-05 12:31:36,386-DEBUG-root-34208::base::click|192:: Click Type: ClickType.JS
2025-12-05 12:31:36,443-DEBUG-root-34208::webapp_internal::get_web_value|3232:: Current value: 07
2025-12-05 12:31:37,452-DEBUG-root-34208::webapp_internal::close_warning_screen|1489:: Closing warning screen!
2025-12-05 12:31:38,489-DEBUG-root-34208::webapp_internal::check_screen_element|1291:: Checking screen element: "Atenção": False
2025-12-05 12:31:39,588-INFO-root-34208::webapp_internal::environment_screen|796:: Clicking on Button
2025-12-05 12:31:39,588-DEBUG-root-34208::webapp_internal::wait_blocker|2444:: Waiting blocker to continue...
2025-12-05 12:31:39,624-DEBUG-root-34208::webapp_internal::wait_blocker|2469:: Blocker status: None
2025-12-05 12:31:39,627-DEBUG-root-34208::base::click|192:: Click Type: ClickType.JS
2025-12-05 12:31:40,634-DEBUG-root-34208::base::click|192:: Click Type: ClickType.JS
2025-12-05 12:31:41,642-DEBUG-root-34208::base::click|192:: Click Type: ClickType.JS
2025-12-05 12:31:42,650-DEBUG-root-34208::base::click|192:: Click Type: ClickType.JS
2025-12-05 12:31:43,657-DEBUG-root-34208::base::click|192:: Click Type: ClickType.JS
2025-12-05 12:31:44,666-DEBUG-root-34208::base::click|192:: Click Type: ClickType.JS
2025-12-05 12:31:45,672-DEBUG-root-34208::webapp_internal::close_screen_before_menu|368:: Closing screen before the menu
2025-12-05 12:31:45,717-DEBUG-root-34208::webapp_internal::close_warning_screen|1489:: Closing warning screen!
2025-12-05 12:31:46,764-DEBUG-root-34208::webapp_internal::check_screen_element|1291:: Checking screen element: "Atenção": False
2025-12-05 12:31:46,764-DEBUG-root-34208::webapp_internal::close_coin_screen|1424:: Closing coin screen!
2025-12-05 12:31:47,326-DEBUG-root-34208::base::click|192:: Click Type: ClickType.JS
2025-12-05 12:31:47,390-DEBUG-root-34208::webapp_internal::close_warning_screen|1489:: Closing warning screen!
2025-12-05 12:31:48,435-DEBUG-root-34208::webapp_internal::check_screen_element|1291:: Checking screen element: "Atenção": False
2025-12-05 12:31:48,435-DEBUG-root-34208::webapp_internal::close_coin_screen|1424:: Closing coin screen!
2025-12-05 12:31:48,539-INFO-root-34208::webapp_internal::set_log_info|1623:: Getting log info
2025-12-05 12:31:48,539-INFO-root-34208::webapp_internal::SetLateralMenu|4184:: Navigating lateral menu: Ajuda > Sobre
2025-12-05 12:31:48,558-DEBUG-root-34208::webapp_internal::wait_element|7623:: Waiting for element
2025-12-05 12:31:48,597-DEBUG-root-34208::webapp_internal::wait_element|7653:: Element found! Waiting for element to be displayed.
2025-12-05 12:31:48,757-INFO-root-34208::webapp_internal::SetLateralMenu|4203:: Menu item: "Ajuda"
2025-12-05 12:31:48,758-DEBUG-root-34208::webapp_internal::wait_blocker|2444:: Waiting blocker to continue...
2025-12-05 12:31:48,820-DEBUG-root-34208::webapp_internal::wait_blocker|2469:: Blocker status: False
2025-12-05 12:31:49,174-DEBUG-root-34208::webapp_internal::wait_element_timeout|7726:: Element found! Waiting for element to be displayed.
2025-12-05 12:31:49,473-DEBUG-root-34208::webapp_internal::wait_blocker|2444:: Waiting blocker to continue...
2025-12-05 12:31:49,543-DEBUG-root-34208::webapp_internal::wait_blocker|2469:: Blocker status: False
2025-12-05 12:31:51,846-INFO-root-34208::webapp_internal::SetLateralMenu|4203:: Menu item: "Sobre"
2025-12-05 12:31:51,847-DEBUG-root-34208::webapp_internal::wait_blocker|2444:: Waiting blocker to continue...
2025-12-05 12:31:51,906-DEBUG-root-34208::webapp_internal::wait_blocker|2469:: Blocker status: False
2025-12-05 12:31:52,291-DEBUG-root-34208::webapp_internal::wait_element_timeout|7726:: Element found! Waiting for element to be displayed.
2025-12-05 12:31:52,974-DEBUG-root-34208::webapp_internal::wait_blocker|2444:: Waiting blocker to continue...
2025-12-05 12:31:53,054-DEBUG-root-34208::webapp_internal::wait_blocker|2469:: Blocker status: False
2025-12-05 12:31:55,923-DEBUG-root-34208::webapp_internal::wait_blocker|2444:: Waiting blocker to continue...
2025-12-05 12:31:56,047-DEBUG-root-34208::webapp_internal::wait_blocker|2469:: Blocker status: False
2025-12-05 12:31:56,166-DEBUG-root-34208::webapp_internal::wait_element|7623:: Waiting for element
2025-12-05 12:31:56,241-DEBUG-root-34208::webapp_internal::wait_element|7653:: Element found! Waiting for element to be displayed.
2025-12-05 12:31:56,452-INFO-root-34208::webapp_internal::SetButton|4444:: Clicking on Fechar
2025-12-05 12:31:56,452-DEBUG-root-34208::webapp_internal::wait_blocker|2444:: Waiting blocker to continue...
2025-12-05 12:31:56,540-DEBUG-root-34208::webapp_internal::wait_blocker|2469:: Blocker status: False
2025-12-05 12:31:56,804-DEBUG-root-34208::webapp_internal::wait_element_timeout|7726:: Element found! Waiting for element to be displayed.
2025-12-05 12:31:56,923-DEBUG-root-34208::webapp_internal::SetButton|4481:: ***System Info*** Before Clicking on button:Fechar
2025-12-05 12:31:56,924-DEBUG-root-34208::psutil_info::system_info|5:: CPU USAGE: 10.8%
2025-12-05 12:31:56,924-DEBUG-root-34208::psutil_info::system_info|6:: MEMORY USAGE: 93.7%
2025-12-05 12:31:56,925-DEBUG-root-34208::psutil_info::system_info|7:: MEMORY AVAILABLE: 6.29%
2025-12-05 12:31:57,152-DEBUG-root-34208::webapp_internal::wait_element_timeout|7726:: Element found! Waiting for element to be displayed.
2025-12-05 12:31:57,368-DEBUG-root-34208::webapp_internal::wait_blocker|2444:: Waiting blocker to continue...
2025-12-05 12:31:57,514-DEBUG-root-34208::webapp_internal::wait_blocker|2469:: Blocker status: False
2025-12-05 12:31:57,555-DEBUG-root-34208::webapp_internal::wait_blocker|2444:: Waiting blocker to continue...
2025-12-05 12:31:57,689-DEBUG-root-34208::webapp_internal::wait_blocker|2469:: Blocker status: False
2025-12-05 12:31:57,690-DEBUG-root-34208::webapp_internal::send_action|10480:: Trying to send action
2025-12-05 12:31:57,694-DEBUG-root-34208::base::click|192:: Click Type: ClickType.JS
2025-12-05 12:31:58,747-DEBUG-root-34208::webapp_internal::send_action|10522:: send_action method result = True
2025-12-05 12:31:58,747-DEBUG-root-34208::webapp_internal::send_action|10523:: send_action selenium status: False
2025-12-05 12:31:58,747-DEBUG-root-34208::webapp_internal::SetButton|4683:: ***System Info*** After Clicking on button:
2025-12-05 12:31:58,747-DEBUG-root-34208::psutil_info::system_info|5:: CPU USAGE: 22.5%
2025-12-05 12:31:58,748-DEBUG-root-34208::psutil_info::system_info|6:: MEMORY USAGE: 94.0%
2025-12-05 12:31:58,748-DEBUG-root-34208::psutil_info::system_info|7:: MEMORY AVAILABLE: 6.03%
2025-12-05 12:31:58,748-DEBUG-root-34208::webapp_internal::wait_element|7623:: Waiting for element
2025-12-05 12:31:58,846-INFO-root-34208::webapp_internal::SetLateralMenu|4184:: Navigating lateral menu: Atualizações > Gestao de Viagens > Solicitações
2025-12-05 12:31:58,858-DEBUG-root-34208::webapp_internal::wait_element|7623:: Waiting for element
2025-12-05 12:31:58,891-DEBUG-root-34208::webapp_internal::wait_element|7653:: Element found! Waiting for element to be displayed.
2025-12-05 12:31:59,074-INFO-root-34208::webapp_internal::SetLateralMenu|4203:: Menu item: "Atualizações"
2025-12-05 12:31:59,075-DEBUG-root-34208::webapp_internal::wait_blocker|2444:: Waiting blocker to continue...
2025-12-05 12:31:59,139-DEBUG-root-34208::webapp_internal::wait_blocker|2469:: Blocker status: False
2025-12-05 12:31:59,678-DEBUG-root-34208::webapp_internal::wait_element_timeout|7726:: Element found! Waiting for element to be displayed.
2025-12-05 12:32:00,169-DEBUG-root-34208::webapp_internal::wait_blocker|2444:: Waiting blocker to continue...
2025-12-05 12:32:00,271-DEBUG-root-34208::webapp_internal::wait_blocker|2469:: Blocker status: False
2025-12-05 12:32:02,577-INFO-root-34208::webapp_internal::SetLateralMenu|4203:: Menu item: "Gestao de Viagens"
2025-12-05 12:32:02,578-DEBUG-root-34208::webapp_internal::wait_blocker|2444:: Waiting blocker to continue...
2025-12-05 12:32:02,742-DEBUG-root-34208::webapp_internal::wait_blocker|2469:: Blocker status: False
2025-12-05 12:32:04,036-DEBUG-root-34208::webapp_internal::wait_element_timeout|7726:: Element found! Waiting for element to be displayed.
2025-12-05 12:32:05,182-DEBUG-root-34208::webapp_internal::wait_blocker|2444:: Waiting blocker to continue...
2025-12-05 12:32:05,334-DEBUG-root-34208::webapp_internal::wait_blocker|2469:: Blocker status: False
2025-12-05 12:32:07,654-INFO-root-34208::webapp_internal::SetLateralMenu|4203:: Menu item: "Solicitações"
2025-12-05 12:32:07,654-DEBUG-root-34208::webapp_internal::wait_blocker|2444:: Waiting blocker to continue...
2025-12-05 12:32:07,742-DEBUG-root-34208::webapp_internal::wait_blocker|2469:: Blocker status: False
2025-12-05 12:32:08,837-DEBUG-root-34208::webapp_internal::wait_element_timeout|7726:: Element found! Waiting for element to be displayed.
2025-12-05 12:32:09,873-DEBUG-root-34208::webapp_internal::wait_blocker|2444:: Waiting blocker to continue...
2025-12-05 12:32:09,954-DEBUG-root-34208::webapp_internal::wait_blocker|2469:: Blocker status: False
2025-12-05 12:32:14,089-DEBUG-root-34208::webapp_internal::wait_blocker|2444:: Waiting blocker to continue...
2025-12-05 12:32:14,226-DEBUG-root-34208::webapp_internal::wait_blocker|2469:: Blocker status: False
2025-12-05 12:32:14,333-INFO-root-34208::webapp_internal::WaitShow|4980:: Waiting show text 'Este ambiente utiliza base de Homologação.'...
2025-12-05 12:32:19,449-INFO-root-34208::webapp_internal::WaitShow|4980:: Waiting show text 'Moedas'...
2025-12-05 12:32:24,902-INFO-root-34208::webapp_internal::WaitShow|4980:: Waiting show text 'Solicitação de Viagens/Treinamento'...
2025-12-05 12:32:24,992-INFO-root-34208::webapp_internal::WaitShow|4996:: Text found! 
2025-12-05 12:32:24,992-INFO-root-34208::webapp_internal::SetButton|4444:: Clicking on Incluir
2025-12-05 12:32:24,992-DEBUG-root-34208::webapp_internal::wait_blocker|2444:: Waiting blocker to continue...
2025-12-05 12:32:25,110-DEBUG-root-34208::webapp_internal::wait_blocker|2469:: Blocker status: False
2025-12-05 12:32:25,647-DEBUG-root-34208::webapp_internal::wait_element_timeout|7726:: Element found! Waiting for element to be displayed.
2025-12-05 12:32:26,005-DEBUG-root-34208::webapp_internal::SetButton|4481:: ***System Info*** Before Clicking on button:Incluir
2025-12-05 12:32:26,005-DEBUG-root-34208::psutil_info::system_info|5:: CPU USAGE: 15.2%
2025-12-05 12:32:26,006-DEBUG-root-34208::psutil_info::system_info|6:: MEMORY USAGE: 95.8%
2025-12-05 12:32:26,006-DEBUG-root-34208::psutil_info::system_info|7:: MEMORY AVAILABLE: 4.2%
2025-12-05 12:32:26,540-DEBUG-root-34208::webapp_internal::wait_element_timeout|7726:: Element found! Waiting for element to be displayed.
2025-12-05 12:32:26,951-DEBUG-root-34208::webapp_internal::wait_blocker|2444:: Waiting blocker to continue...
2025-12-05 12:32:27,053-DEBUG-root-34208::webapp_internal::wait_blocker|2469:: Blocker status: False
2025-12-05 12:32:27,077-DEBUG-root-34208::webapp_internal::wait_blocker|2444:: Waiting blocker to continue...
2025-12-05 12:32:27,186-DEBUG-root-34208::webapp_internal::wait_blocker|2469:: Blocker status: False
2025-12-05 12:32:27,186-DEBUG-root-34208::webapp_internal::send_action|10480:: Trying to send action
2025-12-05 12:32:27,188-DEBUG-root-34208::base::click|192:: Click Type: ClickType.JS
2025-12-05 12:32:28,541-DEBUG-root-34208::webapp_internal::send_action|10522:: send_action method result = True
2025-12-05 12:32:28,541-DEBUG-root-34208::webapp_internal::send_action|10523:: send_action selenium status: True
2025-12-05 12:32:28,542-DEBUG-root-34208::webapp_internal::SetButton|4683:: ***System Info*** After Clicking on button:
2025-12-05 12:32:28,542-DEBUG-root-34208::psutil_info::system_info|5:: CPU USAGE: 9.5%
2025-12-05 12:32:28,542-DEBUG-root-34208::psutil_info::system_info|6:: MEMORY USAGE: 95.3%
2025-12-05 12:32:28,542-DEBUG-root-34208::psutil_info::system_info|7:: MEMORY AVAILABLE: 4.68%
2025-12-05 12:32:28,743-DEBUG-root-34208::webapp_internal::wait_blocker|2444:: Waiting blocker to continue...
2025-12-05 12:32:28,854-DEBUG-root-34208::webapp_internal::wait_blocker|2469:: Blocker status: False
2025-12-05 12:32:28,854-INFO-root-34208::webapp_internal::SearchBrowse|2003:: Searching: 02DF0001
2025-12-05 12:32:29,009-DEBUG-root-34208::webapp_internal::wait_element_timeout|7726:: Element found! Waiting for element to be displayed.
2025-12-05 12:32:29,146-DEBUG-root-34208::webapp_internal::wait_blocker|2444:: Waiting blocker to continue...
2025-12-05 12:32:29,268-DEBUG-root-34208::webapp_internal::wait_blocker|2469:: Blocker status: False
2025-12-05 12:32:29,275-DEBUG-root-34208::webapp_internal::wait_blocker|2444:: Waiting blocker to continue...
2025-12-05 12:32:29,392-DEBUG-root-34208::webapp_internal::wait_blocker|2469:: Blocker status: False
2025-12-05 12:32:29,392-INFO-root-34208::webapp_internal::fill_search_browse|2399:: Filling: 02DF0001
2025-12-05 12:32:29,408-DEBUG-root-34208::base::click|192:: Click Type: ClickType.JS
2025-12-05 12:32:30,535-DEBUG-root-34208::webapp_internal::wait_blocker|2444:: Waiting blocker to continue...
2025-12-05 12:32:30,712-DEBUG-root-34208::webapp_internal::wait_blocker|2469:: Blocker status: False
2025-12-05 12:32:30,720-DEBUG-root-34208::base::double_click|259:: Click Type: ClickType.SELENIUM
2025-12-05 12:32:30,740-WARNING-root-34208::base::double_click|280:: Warning double_click method Exception: Message: Element <button class="button-image" type="button"> is not clickable at point (1258,360) because another element <wa-button id="COMP6023" class="dict-tbutton focus"> obscures it
Stacktrace:
RemoteError@chrome://remote/content/shared/RemoteError.sys.mjs:8:8
WebDriverError@chrome://remote/content/shared/webdriver/Errors.sys.mjs:202:5
ElementClickInterceptedError@chrome://remote/content/shared/webdriver/Errors.sys.mjs:354:5
webdriverClickElement@chrome://remote/content/marionette/interaction.sys.mjs:175:11
interaction.clickElement@chrome://remote/content/marionette/interaction.sys.mjs:134:11
clickElement@chrome://remote/content/marionette/actors/MarionetteCommandsChild.sys.mjs:327:29
receiveMessage@chrome://remote/content/marionette/actors/MarionetteCommandsChild.sys.mjs:210:31

2025-12-05 12:32:31,045-INFO-root-34208::webapp_internal::SetButton|4444:: Clicking on OK
2025-12-05 12:32:31,045-DEBUG-root-34208::webapp_internal::wait_blocker|2444:: Waiting blocker to continue...
2025-12-05 12:32:31,234-DEBUG-root-34208::webapp_internal::wait_blocker|2469:: Blocker status: False
2025-12-05 12:32:31,620-DEBUG-root-34208::webapp_internal::wait_element_timeout|7726:: Element found! Waiting for element to be displayed.
2025-12-05 12:32:31,910-DEBUG-root-34208::webapp_internal::SetButton|4481:: ***System Info*** Before Clicking on button:OK
2025-12-05 12:32:31,910-DEBUG-root-34208::psutil_info::system_info|5:: CPU USAGE: 13.7%
2025-12-05 12:32:31,910-DEBUG-root-34208::psutil_info::system_info|6:: MEMORY USAGE: 95.5%
2025-12-05 12:32:31,911-DEBUG-root-34208::psutil_info::system_info|7:: MEMORY AVAILABLE: 4.5%
2025-12-05 12:32:32,258-DEBUG-root-34208::webapp_internal::wait_element_timeout|7726:: Element found! Waiting for element to be displayed.
2025-12-05 12:32:32,591-DEBUG-root-34208::webapp_internal::wait_blocker|2444:: Waiting blocker to continue...
2025-12-05 12:32:32,709-DEBUG-root-34208::webapp_internal::wait_blocker|2469:: Blocker status: False
2025-12-05 12:32:32,740-DEBUG-root-34208::webapp_internal::wait_blocker|2444:: Waiting blocker to continue...
2025-12-05 12:32:32,870-DEBUG-root-34208::webapp_internal::wait_blocker|2469:: Blocker status: False
2025-12-05 12:32:32,870-DEBUG-root-34208::webapp_internal::send_action|10480:: Trying to send action
2025-12-05 12:32:32,875-DEBUG-root-34208::base::click|192:: Click Type: ClickType.JS
2025-12-05 12:32:36,066-DEBUG-root-34208::webapp_internal::send_action|10522:: send_action method result = True
2025-12-05 12:32:36,066-DEBUG-root-34208::webapp_internal::send_action|10523:: send_action selenium status: True
2025-12-05 12:32:36,067-DEBUG-root-34208::webapp_internal::SetButton|4683:: ***System Info*** After Clicking on button:
2025-12-05 12:32:36,067-DEBUG-root-34208::psutil_info::system_info|5:: CPU USAGE: 10.2%
2025-12-05 12:32:36,067-DEBUG-root-34208::psutil_info::system_info|6:: MEMORY USAGE: 95.6%
2025-12-05 12:32:36,067-DEBUG-root-34208::psutil_info::system_info|7:: MEMORY AVAILABLE: 4.4%
2025-12-05 12:32:36,269-INFO-root-34208::webapp_internal::WaitShow|4980:: Waiting show text 'Solicitacoes de Viagens - INCLUIR'...
2025-12-05 12:32:36,640-INFO-root-34208::webapp_internal::WaitShow|4996:: Text found! 
2025-12-05 12:32:36,640-DEBUG-root-34208::webapp_internal::wait_blocker|2444:: Waiting blocker to continue...
2025-12-05 12:32:36,793-DEBUG-root-34208::webapp_internal::wait_blocker|2469:: Blocker status: False
2025-12-05 12:32:36,793-DEBUG-root-34208::webapp_internal::wait_element|7623:: Waiting for element
2025-12-05 12:32:36,898-DEBUG-root-34208::webapp_internal::wait_element|7653:: Element found! Waiting for element to be displayed.
2025-12-05 12:32:36,999-INFO-root-34208::webapp_internal::input_value|2941:: Looking for element: ZV3_DESCRI
2025-12-05 12:32:37,221-INFO-root-34208::webapp_internal::input_value|2951:: Element: ZV3_DESCRI Found!
2025-12-05 12:32:37,221-INFO-root-34208::webapp_internal::input_value|2953:: Filling element: ZV3_DESCRI
2025-12-05 12:32:37,277-DEBUG-root-34208::webapp_internal::get_web_value|3232:: Current value:                                                   
2025-12-05 12:32:37,345-DEBUG-root-34208::base::double_click|259:: Click Type: ClickType.SELENIUM
2025-12-05 12:32:37,676-DEBUG-root-34208::webapp_internal::wait_blocker|2444:: Waiting blocker to continue...
2025-12-05 12:32:37,838-DEBUG-root-34208::webapp_internal::wait_blocker|2469:: Blocker status: False
2025-12-05 12:32:38,207-DEBUG-root-34208::webapp_internal::get_web_value|3232:: Current value: USO PARA TESTE AUTOMATIZADO                       
2025-12-05 12:32:38,208-INFO-root-34208::webapp_internal::input_value|3059:: Current field value: USO PARA TESTE AUTOMATIZADO
2025-12-05 12:32:38,239-DEBUG-root-34208::webapp_internal::wait_blocker|2444:: Waiting blocker to continue...
2025-12-05 12:32:38,403-DEBUG-root-34208::webapp_internal::wait_blocker|2469:: Blocker status: False
2025-12-05 12:32:38,404-DEBUG-root-34208::webapp_internal::wait_element|7623:: Waiting for element
2025-12-05 12:32:38,504-DEBUG-root-34208::webapp_internal::wait_element|7653:: Element found! Waiting for element to be displayed.
2025-12-05 12:32:38,594-INFO-root-34208::webapp_internal::input_value|2941:: Looking for element: ZV3_DTINI
2025-12-05 12:32:38,774-INFO-root-34208::webapp_internal::input_value|2951:: Element: ZV3_DTINI Found!
2025-12-05 12:32:38,775-INFO-root-34208::webapp_internal::input_value|2953:: Filling element: ZV3_DTINI
2025-12-05 12:32:38,808-DEBUG-root-34208::webapp_internal::get_web_value|3232:: Current value:   /  /    
2025-12-05 12:32:38,886-DEBUG-root-34208::base::double_click|259:: Click Type: ClickType.SELENIUM
2025-12-05 12:32:39,172-DEBUG-root-34208::webapp_internal::wait_blocker|2444:: Waiting blocker to continue...
2025-12-05 12:32:39,370-DEBUG-root-34208::webapp_internal::wait_blocker|2469:: Blocker status: False
2025-12-05 12:32:39,787-DEBUG-root-34208::webapp_internal::get_web_value|3232:: Current value: 20/12/2025
2025-12-05 12:32:39,787-INFO-root-34208::webapp_internal::input_value|3059:: Current field value: 20122025
2025-12-05 12:32:39,808-DEBUG-root-34208::webapp_internal::wait_blocker|2444:: Waiting blocker to continue...
2025-12-05 12:32:40,022-DEBUG-root-34208::webapp_internal::wait_blocker|2469:: Blocker status: False
2025-12-05 12:32:40,022-DEBUG-root-34208::webapp_internal::wait_element|7623:: Waiting for element
2025-12-05 12:32:40,124-DEBUG-root-34208::webapp_internal::wait_element|7653:: Element found! Waiting for element to be displayed.
2025-12-05 12:32:40,198-INFO-root-34208::webapp_internal::input_value|2941:: Looking for element: ZV3_DTFIM
2025-12-05 12:32:40,436-INFO-root-34208::webapp_internal::input_value|2951:: Element: ZV3_DTFIM Found!
2025-12-05 12:32:40,436-INFO-root-34208::webapp_internal::input_value|2953:: Filling element: ZV3_DTFIM
2025-12-05 12:32:40,487-DEBUG-root-34208::webapp_internal::get_web_value|3232:: Current value:   /  /    
2025-12-05 12:32:40,542-DEBUG-root-34208::base::double_click|259:: Click Type: ClickType.SELENIUM
2025-12-05 12:32:40,825-DEBUG-root-34208::webapp_internal::wait_blocker|2444:: Waiting blocker to continue...
2025-12-05 12:32:41,013-DEBUG-root-34208::webapp_internal::wait_blocker|2469:: Blocker status: False
2025-12-05 12:32:41,436-DEBUG-root-34208::webapp_internal::get_web_value|3232:: Current value: 27/12/2025
2025-12-05 12:32:41,437-INFO-root-34208::webapp_internal::input_value|3059:: Current field value: 27122025
2025-12-05 12:32:42,459-DEBUG-root-34208::webapp_internal::wait_blocker|2444:: Waiting blocker to continue...
2025-12-05 12:32:42,634-DEBUG-root-34208::webapp_internal::wait_blocker|2469:: Blocker status: False
2025-12-05 12:32:42,634-DEBUG-root-34208::webapp_internal::wait_element|7623:: Waiting for element
2025-12-05 12:32:42,721-DEBUG-root-34208::webapp_internal::wait_element|7653:: Element found! Waiting for element to be displayed.
2025-12-05 12:32:42,798-INFO-root-34208::webapp_internal::input_value|2941:: Looking for element: ZV3_CC
2025-12-05 12:32:42,965-INFO-root-34208::webapp_internal::input_value|2951:: Element: ZV3_CC Found!
2025-12-05 12:32:42,966-INFO-root-34208::webapp_internal::input_value|2953:: Filling element: ZV3_CC
2025-12-05 12:32:42,992-DEBUG-root-34208::webapp_internal::get_web_value|3232:: Current value:          
2025-12-05 12:32:43,038-DEBUG-root-34208::base::double_click|259:: Click Type: ClickType.SELENIUM
2025-12-05 12:32:43,326-DEBUG-root-34208::webapp_internal::wait_blocker|2444:: Waiting blocker to continue...
2025-12-05 12:32:43,494-DEBUG-root-34208::webapp_internal::wait_blocker|2469:: Blocker status: False
2025-12-05 12:32:43,924-DEBUG-root-34208::webapp_internal::get_web_value|3232:: Current value: 000000677
2025-12-05 12:32:43,924-INFO-root-34208::webapp_internal::input_value|3059:: Current field value: 000000677
2025-12-05 12:32:43,937-DEBUG-root-34208::webapp_internal::wait_blocker|2444:: Waiting blocker to continue...
2025-12-05 12:32:44,137-DEBUG-root-34208::webapp_internal::wait_blocker|2469:: Blocker status: False
2025-12-05 12:32:44,137-DEBUG-root-34208::webapp_internal::wait_element|7623:: Waiting for element
2025-12-05 12:32:44,239-DEBUG-root-34208::webapp_internal::wait_element|7653:: Element found! Waiting for element to be displayed.
2025-12-05 12:32:44,325-INFO-root-34208::webapp_internal::input_value|2941:: Looking for element: ZV3_TIPO
2025-12-05 12:32:44,527-INFO-root-34208::webapp_internal::input_value|2951:: Element: ZV3_TIPO Found!
2025-12-05 12:32:44,527-INFO-root-34208::webapp_internal::input_value|2953:: Filling element: ZV3_TIPO
2025-12-05 12:32:45,747-INFO-root-34208::base::select_combo|871:: Selected value for combo is: 1 - Servico
2025-12-05 12:32:45,856-DEBUG-root-34208::webapp_internal::wait_blocker|2444:: Waiting blocker to continue...
2025-12-05 12:32:46,058-DEBUG-root-34208::webapp_internal::wait_blocker|2469:: Blocker status: False
2025-12-05 12:32:46,058-DEBUG-root-34208::webapp_internal::wait_element|7623:: Waiting for element
2025-12-05 12:32:46,184-DEBUG-root-34208::webapp_internal::wait_element|7653:: Element found! Waiting for element to be displayed.
2025-12-05 12:32:46,277-INFO-root-34208::webapp_internal::input_value|2941:: Looking for element: ZV3_OBS
2025-12-05 12:32:46,522-INFO-root-34208::webapp_internal::input_value|2951:: Element: ZV3_OBS Found!
2025-12-05 12:32:46,523-INFO-root-34208::webapp_internal::input_value|2953:: Filling element: ZV3_OBS
2025-12-05 12:32:46,584-DEBUG-root-34208::webapp_internal::get_web_value|3232:: Current value: 
2025-12-05 12:32:46,624-DEBUG-root-34208::base::double_click|259:: Click Type: ClickType.SELENIUM
2025-12-05 12:32:46,922-DEBUG-root-34208::webapp_internal::wait_blocker|2444:: Waiting blocker to continue...
2025-12-05 12:32:47,094-DEBUG-root-34208::webapp_internal::wait_blocker|2469:: Blocker status: False
2025-12-05 12:32:47,753-DEBUG-root-34208::webapp_internal::get_web_value|3232:: Current value: TESTE DE SOLICITAÇÃO DE VIAGEM
2025-12-05 12:32:47,753-INFO-root-34208::webapp_internal::input_value|3059:: Current field value: TESTE DE SOLICITAÇÃO DE VIAGEM
2025-12-05 12:32:47,771-DEBUG-root-34208::webapp_internal::wait_blocker|2444:: Waiting blocker to continue...
2025-12-05 12:32:48,037-DEBUG-root-34208::webapp_internal::wait_blocker|2469:: Blocker status: False
2025-12-05 12:32:48,037-INFO-root-34208::webapp_internal::SetKey|5822:: Key pressed: TAB
2025-12-05 12:32:48,038-DEBUG-root-34208::webapp_internal::SetKey|5857:: Trying press key
2025-12-05 12:32:48,234-DEBUG-root-34208::webapp_internal::wait_blocker|2444:: Waiting blocker to continue...
2025-12-05 12:32:48,526-DEBUG-root-34208::webapp_internal::wait_blocker|2469:: Blocker status: False
2025-12-05 12:32:48,573-DEBUG-root-34208::webapp_internal::wait_blocker|2444:: Waiting blocker to continue...
2025-12-05 12:32:48,719-DEBUG-root-34208::webapp_internal::wait_blocker|2469:: Blocker status: False
2025-12-05 12:32:48,720-DEBUG-root-34208::webapp_internal::send_action|10480:: Trying to send action
2025-12-05 12:32:49,784-DEBUG-root-34208::webapp_internal::send_action|10522:: send_action method result = True
2025-12-05 12:32:49,784-DEBUG-root-34208::webapp_internal::send_action|10523:: send_action selenium status: False
2025-12-05 12:32:49,785-DEBUG-root-34208::webapp_internal::wait_element|7623:: Waiting for element
2025-12-05 12:32:49,924-DEBUG-root-34208::webapp_internal::wait_element|7653:: Element found! Waiting for element to be displayed.
2025-12-05 12:32:50,255-DEBUG-root-34208::webapp_internal::wait_blocker|2444:: Waiting blocker to continue...
2025-12-05 12:32:50,427-DEBUG-root-34208::webapp_internal::wait_blocker|2469:: Blocker status: False
2025-12-05 12:32:50,427-INFO-root-34208::webapp_internal::LoadGrid|6298:: Filling grid field: Favorecido
2025-12-05 12:32:50,427-DEBUG-root-34208::webapp_internal::fill_grid|6399:: Grid loading...
2025-12-05 12:32:50,674-DEBUG-root-34208::webapp_internal::fill_grid|6466:: Column found!
2025-12-05 12:32:50,724-DEBUG-root-34208::base::click|192:: Click Type: ClickType.ACTIONCHAINS
2025-12-05 12:32:51,052-DEBUG-root-34208::webapp_internal::fill_grid|6486:: Trying to select cell in grid!
2025-12-05 12:32:51,055-DEBUG-root-34208::base::click|192:: Click Type: ClickType.ACTIONCHAINS
2025-12-05 12:32:51,350-DEBUG-root-34208::webapp_internal::fill_grid|6486:: Trying to select cell in grid!
2025-12-05 12:32:51,353-DEBUG-root-34208::base::click|192:: Click Type: ClickType.ACTIONCHAINS
2025-12-05 12:32:51,644-DEBUG-root-34208::webapp_internal::fill_grid|6486:: Trying to select cell in grid!
2025-12-05 12:32:51,649-DEBUG-root-34208::base::click|192:: Click Type: ClickType.ACTIONCHAINS
2025-12-05 12:32:51,934-DEBUG-root-34208::webapp_internal::fill_grid|6486:: Trying to select cell in grid!
2025-12-05 12:32:51,937-DEBUG-root-34208::base::click|192:: Click Type: ClickType.ACTIONCHAINS
2025-12-05 12:32:52,225-DEBUG-root-34208::webapp_internal::fill_grid|6486:: Trying to select cell in grid!
2025-12-05 12:32:52,232-DEBUG-root-34208::base::click|192:: Click Type: ClickType.ACTIONCHAINS
2025-12-05 12:32:52,524-DEBUG-root-34208::webapp_internal::fill_grid|6486:: Trying to select cell in grid!
2025-12-05 12:32:52,526-DEBUG-root-34208::base::click|192:: Click Type: ClickType.ACTIONCHAINS
2025-12-05 12:32:52,818-DEBUG-root-34208::webapp_internal::fill_grid|6486:: Trying to select cell in grid!
2025-12-05 12:32:52,821-DEBUG-root-34208::base::click|192:: Click Type: ClickType.ACTIONCHAINS
2025-12-05 12:32:53,111-DEBUG-root-34208::webapp_internal::fill_grid|6486:: Trying to select cell in grid!
2025-12-05 12:32:53,116-DEBUG-root-34208::base::click|192:: Click Type: ClickType.ACTIONCHAINS
2025-12-05 12:32:53,406-DEBUG-root-34208::webapp_internal::fill_grid|6486:: Trying to select cell in grid!
2025-12-05 12:32:53,409-DEBUG-root-34208::base::click|192:: Click Type: ClickType.ACTIONCHAINS
2025-12-05 12:32:53,703-DEBUG-root-34208::webapp_internal::fill_grid|6486:: Trying to select cell in grid!
2025-12-05 12:32:53,706-DEBUG-root-34208::base::click|192:: Click Type: ClickType.ACTIONCHAINS
2025-12-05 12:32:54,002-DEBUG-root-34208::webapp_internal::fill_grid|6486:: Trying to select cell in grid!
2025-12-05 12:32:54,005-DEBUG-root-34208::base::click|192:: Click Type: ClickType.ACTIONCHAINS
2025-12-05 12:32:54,294-DEBUG-root-34208::webapp_internal::fill_grid|6486:: Trying to select cell in grid!
2025-12-05 12:32:54,300-DEBUG-root-34208::base::click|192:: Click Type: ClickType.ACTIONCHAINS
2025-12-05 12:32:54,607-DEBUG-root-34208::webapp_internal::fill_grid|6486:: Trying to select cell in grid!
2025-12-05 12:32:54,610-DEBUG-root-34208::base::click|192:: Click Type: ClickType.ACTIONCHAINS
2025-12-05 12:32:54,901-DEBUG-root-34208::webapp_internal::fill_grid|6486:: Trying to select cell in grid!
2025-12-05 12:32:54,904-DEBUG-root-34208::base::click|192:: Click Type: ClickType.ACTIONCHAINS
2025-12-05 12:32:55,193-DEBUG-root-34208::webapp_internal::fill_grid|6486:: Trying to select cell in grid!
2025-12-05 12:32:55,199-DEBUG-root-34208::base::click|192:: Click Type: ClickType.ACTIONCHAINS
2025-12-05 12:32:55,489-DEBUG-root-34208::webapp_internal::fill_grid|6486:: Trying to select cell in grid!
2025-12-05 12:32:55,492-DEBUG-root-34208::base::click|192:: Click Type: ClickType.ACTIONCHAINS
2025-12-05 12:32:55,782-DEBUG-root-34208::webapp_internal::fill_grid|6486:: Trying to select cell in grid!
2025-12-05 12:32:55,784-DEBUG-root-34208::base::click|192:: Click Type: ClickType.ACTIONCHAINS
2025-12-05 12:32:56,072-DEBUG-root-34208::webapp_internal::fill_grid|6486:: Trying to select cell in grid!
2025-12-05 12:32:56,074-DEBUG-root-34208::base::click|192:: Click Type: ClickType.ACTIONCHAINS
2025-12-05 12:32:56,369-DEBUG-root-34208::webapp_internal::fill_grid|6486:: Trying to select cell in grid!
2025-12-05 12:32:56,371-DEBUG-root-34208::base::click|192:: Click Type: ClickType.ACTIONCHAINS
2025-12-05 12:32:56,661-DEBUG-root-34208::webapp_internal::fill_grid|6486:: Trying to select cell in grid!
2025-12-05 12:32:56,666-DEBUG-root-34208::base::click|192:: Click Type: ClickType.ACTIONCHAINS
2025-12-05 12:32:56,956-DEBUG-root-34208::webapp_internal::fill_grid|6486:: Trying to select cell in grid!
2025-12-05 12:32:56,958-DEBUG-root-34208::base::click|192:: Click Type: ClickType.ACTIONCHAINS
2025-12-05 12:32:57,251-DEBUG-root-34208::webapp_internal::fill_grid|6486:: Trying to select cell in grid!
2025-12-05 12:32:57,253-DEBUG-root-34208::base::click|192:: Click Type: ClickType.ACTIONCHAINS
2025-12-05 12:32:57,540-DEBUG-root-34208::webapp_internal::fill_grid|6486:: Trying to select cell in grid!
2025-12-05 12:32:57,542-DEBUG-root-34208::base::click|192:: Click Type: ClickType.ACTIONCHAINS
2025-12-05 12:32:57,821-DEBUG-root-34208::webapp_internal::fill_grid|6486:: Trying to select cell in grid!
2025-12-05 12:32:57,827-DEBUG-root-34208::base::click|192:: Click Type: ClickType.ACTIONCHAINS
2025-12-05 12:32:58,122-DEBUG-root-34208::webapp_internal::fill_grid|6486:: Trying to select cell in grid!
2025-12-05 12:32:58,123-DEBUG-root-34208::base::click|192:: Click Type: ClickType.ACTIONCHAINS
2025-12-05 12:32:58,419-DEBUG-root-34208::webapp_internal::fill_grid|6486:: Trying to select cell in grid!
2025-12-05 12:32:58,421-DEBUG-root-34208::base::click|192:: Click Type: ClickType.ACTIONCHAINS
2025-12-05 12:32:58,708-DEBUG-root-34208::webapp_internal::fill_grid|6486:: Trying to select cell in grid!
2025-12-05 12:32:58,710-DEBUG-root-34208::base::click|192:: Click Type: ClickType.ACTIONCHAINS
2025-12-05 12:32:59,005-DEBUG-root-34208::webapp_internal::fill_grid|6486:: Trying to select cell in grid!
2025-12-05 12:32:59,008-DEBUG-root-34208::base::click|192:: Click Type: ClickType.ACTIONCHAINS
2025-12-05 12:32:59,304-DEBUG-root-34208::webapp_internal::fill_grid|6486:: Trying to select cell in grid!
2025-12-05 12:32:59,307-DEBUG-root-34208::base::click|192:: Click Type: ClickType.ACTIONCHAINS
2025-12-05 12:32:59,571-DEBUG-root-34208::webapp_internal::fill_grid|6486:: Trying to select cell in grid!
2025-12-05 12:32:59,573-DEBUG-root-34208::base::click|192:: Click Type: ClickType.ACTIONCHAINS
2025-12-05 12:32:59,859-DEBUG-root-34208::webapp_internal::fill_grid|6486:: Trying to select cell in grid!
2025-12-05 12:32:59,861-DEBUG-root-34208::base::click|192:: Click Type: ClickType.ACTIONCHAINS
2025-12-05 12:33:00,156-DEBUG-root-34208::webapp_internal::fill_grid|6486:: Trying to select cell in grid!
2025-12-05 12:33:00,158-DEBUG-root-34208::base::click|192:: Click Type: ClickType.ACTIONCHAINS
2025-12-05 12:33:00,451-DEBUG-root-34208::webapp_internal::fill_grid|6486:: Trying to select cell in grid!
2025-12-05 12:33:00,454-DEBUG-root-34208::base::click|192:: Click Type: ClickType.ACTIONCHAINS
2025-12-05 12:33:00,743-DEBUG-root-34208::webapp_internal::fill_grid|6486:: Trying to select cell in grid!
2025-12-05 12:33:00,749-DEBUG-root-34208::base::click|192:: Click Type: ClickType.ACTIONCHAINS
2025-12-05 12:33:01,037-DEBUG-root-34208::webapp_internal::fill_grid|6486:: Trying to select cell in grid!
2025-12-05 12:33:01,039-DEBUG-root-34208::base::click|192:: Click Type: ClickType.ACTIONCHAINS
2025-12-05 12:33:01,318-DEBUG-root-34208::webapp_internal::fill_grid|6486:: Trying to select cell in grid!
2025-12-05 12:33:01,320-DEBUG-root-34208::base::click|192:: Click Type: ClickType.ACTIONCHAINS
2025-12-05 12:33:01,599-DEBUG-root-34208::webapp_internal::fill_grid|6486:: Trying to select cell in grid!
2025-12-05 12:33:01,601-DEBUG-root-34208::base::click|192:: Click Type: ClickType.ACTIONCHAINS
2025-12-05 12:33:01,890-DEBUG-root-34208::webapp_internal::fill_grid|6486:: Trying to select cell in grid!
2025-12-05 12:33:01,891-DEBUG-root-34208::base::click|192:: Click Type: ClickType.ACTIONCHAINS
2025-12-05 12:33:02,156-DEBUG-root-34208::webapp_internal::fill_grid|6486:: Trying to select cell in grid!
2025-12-05 12:33:02,157-DEBUG-root-34208::base::click|192:: Click Type: ClickType.ACTIONCHAINS
2025-12-05 12:33:02,438-DEBUG-root-34208::webapp_internal::fill_grid|6486:: Trying to select cell in grid!
2025-12-05 12:33:02,439-DEBUG-root-34208::base::click|192:: Click Type: ClickType.ACTIONCHAINS
2025-12-05 12:33:02,727-DEBUG-root-34208::webapp_internal::fill_grid|6486:: Trying to select cell in grid!
2025-12-05 12:33:02,731-DEBUG-root-34208::base::click|192:: Click Type: ClickType.ACTIONCHAINS
2025-12-05 12:33:03,022-DEBUG-root-34208::webapp_internal::fill_grid|6486:: Trying to select cell in grid!
2025-12-05 12:33:03,024-DEBUG-root-34208::base::click|192:: Click Type: ClickType.ACTIONCHAINS
2025-12-05 12:33:03,316-DEBUG-root-34208::webapp_internal::fill_grid|6486:: Trying to select cell in grid!
2025-12-05 12:33:03,318-DEBUG-root-34208::base::click|192:: Click Type: ClickType.ACTIONCHAINS
2025-12-05 12:33:03,608-DEBUG-root-34208::webapp_internal::fill_grid|6486:: Trying to select cell in grid!
2025-12-05 12:33:03,610-DEBUG-root-34208::base::click|192:: Click Type: ClickType.ACTIONCHAINS
2025-12-05 12:33:03,873-DEBUG-root-34208::webapp_internal::fill_grid|6486:: Trying to select cell in grid!
2025-12-05 12:33:03,875-DEBUG-root-34208::base::click|192:: Click Type: ClickType.ACTIONCHAINS
2025-12-05 12:33:04,171-DEBUG-root-34208::webapp_internal::fill_grid|6486:: Trying to select cell in grid!
2025-12-05 12:33:04,173-DEBUG-root-34208::base::click|192:: Click Type: ClickType.ACTIONCHAINS
2025-12-05 12:33:04,460-DEBUG-root-34208::webapp_internal::fill_grid|6486:: Trying to select cell in grid!
2025-12-05 12:33:04,465-DEBUG-root-34208::base::click|192:: Click Type: ClickType.ACTIONCHAINS
2025-12-05 12:33:04,757-DEBUG-root-34208::webapp_internal::fill_grid|6486:: Trying to select cell in grid!
2025-12-05 12:33:04,758-DEBUG-root-34208::base::click|192:: Click Type: ClickType.ACTIONCHAINS
2025-12-05 12:33:05,053-DEBUG-root-34208::webapp_internal::fill_grid|6486:: Trying to select cell in grid!
2025-12-05 12:33:05,055-DEBUG-root-34208::base::click|192:: Click Type: ClickType.ACTIONCHAINS
2025-12-05 12:33:05,318-DEBUG-root-34208::webapp_internal::fill_grid|6486:: Trying to select cell in grid!
2025-12-05 12:33:05,320-DEBUG-root-34208::base::click|192:: Click Type: ClickType.ACTIONCHAINS
2025-12-05 12:33:05,610-DEBUG-root-34208::webapp_internal::fill_grid|6486:: Trying to select cell in grid!
2025-12-05 12:33:05,614-DEBUG-root-34208::base::click|192:: Click Type: ClickType.ACTIONCHAINS
2025-12-05 12:33:05,904-DEBUG-root-34208::webapp_internal::fill_grid|6486:: Trying to select cell in grid!
2025-12-05 12:33:05,907-DEBUG-root-34208::base::click|192:: Click Type: ClickType.ACTIONCHAINS
2025-12-05 12:33:06,172-DEBUG-root-34208::webapp_internal::fill_grid|6486:: Trying to select cell in grid!
2025-12-05 12:33:06,174-DEBUG-root-34208::base::click|192:: Click Type: ClickType.ACTIONCHAINS
2025-12-05 12:33:06,467-DEBUG-root-34208::webapp_internal::fill_grid|6486:: Trying to select cell in grid!
2025-12-05 12:33:06,469-DEBUG-root-34208::base::click|192:: Click Type: ClickType.ACTIONCHAINS
2025-12-05 12:33:06,759-DEBUG-root-34208::webapp_internal::fill_grid|6486:: Trying to select cell in grid!
2025-12-05 12:33:06,761-DEBUG-root-34208::base::click|192:: Click Type: ClickType.ACTIONCHAINS
2025-12-05 12:33:07,054-DEBUG-root-34208::webapp_internal::fill_grid|6486:: Trying to select cell in grid!
2025-12-05 12:33:07,057-DEBUG-root-34208::base::click|192:: Click Type: ClickType.ACTIONCHAINS
2025-12-05 12:33:07,321-DEBUG-root-34208::webapp_internal::fill_grid|6486:: Trying to select cell in grid!
2025-12-05 12:33:07,322-DEBUG-root-34208::base::click|192:: Click Type: ClickType.ACTIONCHAINS
2025-12-05 12:33:07,615-DEBUG-root-34208::webapp_internal::fill_grid|6486:: Trying to select cell in grid!
2025-12-05 12:33:07,618-DEBUG-root-34208::base::click|192:: Click Type: ClickType.ACTIONCHAINS
2025-12-05 12:33:07,905-DEBUG-root-34208::webapp_internal::fill_grid|6486:: Trying to select cell in grid!
2025-12-05 12:33:07,908-DEBUG-root-34208::base::click|192:: Click Type: ClickType.ACTIONCHAINS
2025-12-05 12:33:08,203-DEBUG-root-34208::webapp_internal::fill_grid|6486:: Trying to select cell in grid!
2025-12-05 12:33:08,205-DEBUG-root-34208::base::click|192:: Click Type: ClickType.ACTIONCHAINS
2025-12-05 12:33:08,499-DEBUG-root-34208::webapp_internal::fill_grid|6486:: Trying to select cell in grid!
2025-12-05 12:33:08,502-DEBUG-root-34208::base::click|192:: Click Type: ClickType.ACTIONCHAINS
2025-12-05 12:33:08,790-DEBUG-root-34208::webapp_internal::fill_grid|6486:: Trying to select cell in grid!
2025-12-05 12:33:08,792-DEBUG-root-34208::base::click|192:: Click Type: ClickType.ACTIONCHAINS
2025-12-05 12:33:09,087-DEBUG-root-34208::webapp_internal::fill_grid|6486:: Trying to select cell in grid!
2025-12-05 12:33:09,089-DEBUG-root-34208::base::click|192:: Click Type: ClickType.ACTIONCHAINS
2025-12-05 12:33:09,377-DEBUG-root-34208::webapp_internal::fill_grid|6486:: Trying to select cell in grid!
2025-12-05 12:33:09,382-DEBUG-root-34208::base::click|192:: Click Type: ClickType.ACTIONCHAINS
2025-12-05 12:33:09,671-DEBUG-root-34208::webapp_internal::fill_grid|6486:: Trying to select cell in grid!
2025-12-05 12:33:09,672-DEBUG-root-34208::base::click|192:: Click Type: ClickType.ACTIONCHAINS
2025-12-05 12:33:09,937-DEBUG-root-34208::webapp_internal::fill_grid|6486:: Trying to select cell in grid!
2025-12-05 12:33:09,940-DEBUG-root-34208::base::click|192:: Click Type: ClickType.ACTIONCHAINS
2025-12-05 12:33:10,233-DEBUG-root-34208::webapp_internal::fill_grid|6486:: Trying to select cell in grid!
2025-12-05 12:33:10,235-DEBUG-root-34208::base::click|192:: Click Type: ClickType.ACTIONCHAINS
2025-12-05 12:33:10,525-DEBUG-root-34208::webapp_internal::fill_grid|6486:: Trying to select cell in grid!
2025-12-05 12:33:10,531-DEBUG-root-34208::base::click|192:: Click Type: ClickType.ACTIONCHAINS
2025-12-05 12:33:10,822-DEBUG-root-34208::webapp_internal::fill_grid|6486:: Trying to select cell in grid!
2025-12-05 12:33:10,824-DEBUG-root-34208::base::click|192:: Click Type: ClickType.ACTIONCHAINS
2025-12-05 12:33:11,117-DEBUG-root-34208::webapp_internal::fill_grid|6486:: Trying to select cell in grid!
2025-12-05 12:33:11,119-DEBUG-root-34208::base::click|192:: Click Type: ClickType.ACTIONCHAINS
2025-12-05 12:33:11,408-DEBUG-root-34208::webapp_internal::fill_grid|6486:: Trying to select cell in grid!
2025-12-05 12:33:11,410-DEBUG-root-34208::base::click|192:: Click Type: ClickType.ACTIONCHAINS
2025-12-05 12:33:11,672-DEBUG-root-34208::webapp_internal::fill_grid|6486:: Trying to select cell in grid!
2025-12-05 12:33:11,674-DEBUG-root-34208::base::click|192:: Click Type: ClickType.ACTIONCHAINS
2025-12-05 12:33:11,970-DEBUG-root-34208::webapp_internal::fill_grid|6486:: Trying to select cell in grid!
2025-12-05 12:33:11,971-DEBUG-root-34208::base::click|192:: Click Type: ClickType.ACTIONCHAINS
2025-12-05 12:33:12,261-DEBUG-root-34208::webapp_internal::fill_grid|6486:: Trying to select cell in grid!
2025-12-05 12:33:12,266-DEBUG-root-34208::base::click|192:: Click Type: ClickType.ACTIONCHAINS
2025-12-05 12:33:12,554-DEBUG-root-34208::webapp_internal::fill_grid|6486:: Trying to select cell in grid!
2025-12-05 12:33:12,555-DEBUG-root-34208::base::click|192:: Click Type: ClickType.ACTIONCHAINS
2025-12-05 12:33:12,834-DEBUG-root-34208::webapp_internal::fill_grid|6486:: Trying to select cell in grid!
2025-12-05 12:33:12,836-DEBUG-root-34208::base::click|192:: Click Type: ClickType.ACTIONCHAINS
2025-12-05 12:33:13,099-DEBUG-root-34208::webapp_internal::fill_grid|6486:: Trying to select cell in grid!
2025-12-05 12:33:13,101-DEBUG-root-34208::base::click|192:: Click Type: ClickType.ACTIONCHAINS
2025-12-05 12:33:13,391-DEBUG-root-34208::webapp_internal::fill_grid|6486:: Trying to select cell in grid!
2025-12-05 12:33:13,392-DEBUG-root-34208::base::click|192:: Click Type: ClickType.ACTIONCHAINS
2025-12-05 12:33:13,690-DEBUG-root-34208::webapp_internal::fill_grid|6486:: Trying to select cell in grid!
2025-12-05 12:33:13,691-DEBUG-root-34208::base::click|192:: Click Type: ClickType.ACTIONCHAINS
2025-12-05 12:33:13,983-DEBUG-root-34208::webapp_internal::fill_grid|6486:: Trying to select cell in grid!
2025-12-05 12:33:13,985-DEBUG-root-34208::base::click|192:: Click Type: ClickType.ACTIONCHAINS
2025-12-05 12:33:14,274-DEBUG-root-34208::webapp_internal::fill_grid|6486:: Trying to select cell in grid!
2025-12-05 12:33:14,276-DEBUG-root-34208::base::click|192:: Click Type: ClickType.ACTIONCHAINS
2025-12-05 12:33:14,539-DEBUG-root-34208::webapp_internal::fill_grid|6486:: Trying to select cell in grid!
2025-12-05 12:33:14,541-DEBUG-root-34208::base::click|192:: Click Type: ClickType.ACTIONCHAINS
2025-12-05 12:33:14,835-DEBUG-root-34208::webapp_internal::fill_grid|6486:: Trying to select cell in grid!
2025-12-05 12:33:14,837-DEBUG-root-34208::base::click|192:: Click Type: ClickType.ACTIONCHAINS
2025-12-05 12:33:15,100-DEBUG-root-34208::webapp_internal::fill_grid|6486:: Trying to select cell in grid!
2025-12-05 12:33:15,102-DEBUG-root-34208::base::click|192:: Click Type: ClickType.ACTIONCHAINS
2025-12-05 12:33:15,365-DEBUG-root-34208::webapp_internal::fill_grid|6486:: Trying to select cell in grid!
2025-12-05 12:33:15,368-DEBUG-root-34208::base::click|192:: Click Type: ClickType.ACTIONCHAINS
2025-12-05 12:33:15,654-DEBUG-root-34208::webapp_internal::fill_grid|6486:: Trying to select cell in grid!
2025-12-05 12:33:15,656-DEBUG-root-34208::base::click|192:: Click Type: ClickType.ACTIONCHAINS
2025-12-05 12:33:15,939-DEBUG-root-34208::webapp_internal::fill_grid|6486:: Trying to select cell in grid!
2025-12-05 12:33:15,941-DEBUG-root-34208::base::click|192:: Click Type: ClickType.ACTIONCHAINS
2025-12-05 12:33:16,232-DEBUG-root-34208::webapp_internal::fill_grid|6486:: Trying to select cell in grid!
2025-12-05 12:33:16,234-DEBUG-root-34208::base::click|192:: Click Type: ClickType.ACTIONCHAINS
2025-12-05 12:33:16,523-DEBUG-root-34208::webapp_internal::fill_grid|6486:: Trying to select cell in grid!
2025-12-05 12:33:16,524-DEBUG-root-34208::base::click|192:: Click Type: ClickType.ACTIONCHAINS
2025-12-05 12:33:16,820-DEBUG-root-34208::webapp_internal::fill_grid|6486:: Trying to select cell in grid!
2025-12-05 12:33:16,822-DEBUG-root-34208::base::click|192:: Click Type: ClickType.ACTIONCHAINS
2025-12-05 12:33:17,110-DEBUG-root-34208::webapp_internal::fill_grid|6486:: Trying to select cell in grid!
2025-12-05 12:33:17,114-DEBUG-root-34208::base::click|192:: Click Type: ClickType.ACTIONCHAINS
2025-12-05 12:33:17,404-DEBUG-root-34208::webapp_internal::fill_grid|6486:: Trying to select cell in grid!
2025-12-05 12:33:17,407-DEBUG-root-34208::base::click|192:: Click Type: ClickType.ACTIONCHAINS
2025-12-05 12:33:17,693-DEBUG-root-34208::webapp_internal::fill_grid|6486:: Trying to select cell in grid!
2025-12-05 12:33:17,699-DEBUG-root-34208::base::click|192:: Click Type: ClickType.ACTIONCHAINS
2025-12-05 12:33:17,982-DEBUG-root-34208::webapp_internal::fill_grid|6486:: Trying to select cell in grid!
2025-12-05 12:33:17,984-DEBUG-root-34208::base::click|192:: Click Type: ClickType.ACTIONCHAINS
2025-12-05 12:33:18,275-DEBUG-root-34208::webapp_internal::fill_grid|6486:: Trying to select cell in grid!
2025-12-05 12:33:18,276-DEBUG-root-34208::base::click|192:: Click Type: ClickType.ACTIONCHAINS
2025-12-05 12:33:18,571-DEBUG-root-34208::webapp_internal::fill_grid|6486:: Trying to select cell in grid!
2025-12-05 12:33:18,573-DEBUG-root-34208::base::click|192:: Click Type: ClickType.ACTIONCHAINS
2025-12-05 12:33:18,853-DEBUG-root-34208::webapp_internal::fill_grid|6486:: Trying to select cell in grid!
2025-12-05 12:33:18,855-DEBUG-root-34208::base::click|192:: Click Type: ClickType.ACTIONCHAINS
2025-12-05 12:33:19,120-DEBUG-root-34208::webapp_internal::fill_grid|6486:: Trying to select cell in grid!
2025-12-05 12:33:19,122-DEBUG-root-34208::base::click|192:: Click Type: ClickType.ACTIONCHAINS
2025-12-05 12:33:19,387-DEBUG-root-34208::webapp_internal::fill_grid|6486:: Trying to select cell in grid!
2025-12-05 12:33:19,389-DEBUG-root-34208::base::click|192:: Click Type: ClickType.ACTIONCHAINS
2025-12-05 12:33:19,676-DEBUG-root-34208::webapp_internal::fill_grid|6486:: Trying to select cell in grid!
2025-12-05 12:33:19,678-DEBUG-root-34208::base::click|192:: Click Type: ClickType.ACTIONCHAINS
2025-12-05 12:33:19,972-DEBUG-root-34208::webapp_internal::fill_grid|6486:: Trying to select cell in grid!
2025-12-05 12:33:19,974-DEBUG-root-34208::base::click|192:: Click Type: ClickType.ACTIONCHAINS
2025-12-05 12:33:20,267-DEBUG-root-34208::webapp_internal::fill_grid|6486:: Trying to select cell in grid!
2025-12-05 12:33:20,269-DEBUG-root-34208::base::click|192:: Click Type: ClickType.ACTIONCHAINS
2025-12-05 12:33:20,558-DEBUG-root-34208::webapp_internal::fill_grid|6486:: Trying to select cell in grid!
2025-12-05 12:33:20,560-DEBUG-root-34208::base::click|192:: Click Type: ClickType.ACTIONCHAINS
2025-12-05 12:33:20,855-DEBUG-root-34208::webapp_internal::fill_grid|6486:: Trying to select cell in grid!
2025-12-05 12:33:20,857-DEBUG-root-34208::base::click|192:: Click Type: ClickType.ACTIONCHAINS
2025-12-05 12:33:21,149-DEBUG-root-34208::webapp_internal::fill_grid|6486:: Trying to select cell in grid!
2025-12-05 12:33:21,152-DEBUG-root-34208::base::click|192:: Click Type: ClickType.ACTIONCHAINS
2025-12-05 12:33:21,441-DEBUG-root-34208::webapp_internal::fill_grid|6486:: Trying to select cell in grid!
2025-12-05 12:33:21,443-DEBUG-root-34208::base::click|192:: Click Type: ClickType.ACTIONCHAINS
2025-12-05 12:33:21,737-DEBUG-root-34208::webapp_internal::fill_grid|6486:: Trying to select cell in grid!
2025-12-05 12:33:21,740-DEBUG-root-34208::base::click|192:: Click Type: ClickType.ACTIONCHAINS
2025-12-05 12:33:22,027-DEBUG-root-34208::webapp_internal::fill_grid|6486:: Trying to select cell in grid!
2025-12-05 12:33:22,032-DEBUG-root-34208::base::click|192:: Click Type: ClickType.ACTIONCHAINS
2025-12-05 12:33:22,321-DEBUG-root-34208::webapp_internal::fill_grid|6486:: Trying to select cell in grid!
2025-12-05 12:33:22,323-DEBUG-root-34208::base::click|192:: Click Type: ClickType.ACTIONCHAINS
2025-12-05 12:33:22,621-DEBUG-root-34208::webapp_internal::fill_grid|6486:: Trying to select cell in grid!
2025-12-05 12:33:22,623-DEBUG-root-34208::base::click|192:: Click Type: ClickType.ACTIONCHAINS
2025-12-05 12:33:22,917-DEBUG-root-34208::webapp_internal::fill_grid|6486:: Trying to select cell in grid!
2025-12-05 12:33:22,918-DEBUG-root-34208::base::click|192:: Click Type: ClickType.ACTIONCHAINS
2025-12-05 12:33:23,207-DEBUG-root-34208::webapp_internal::fill_grid|6486:: Trying to select cell in grid!
2025-12-05 12:33:23,209-DEBUG-root-34208::base::click|192:: Click Type: ClickType.ACTIONCHAINS
2025-12-05 12:33:23,518-DEBUG-root-34208::webapp_internal::fill_grid|6486:: Trying to select cell in grid!
2025-12-05 12:33:23,520-DEBUG-root-34208::base::click|192:: Click Type: ClickType.ACTIONCHAINS
2025-12-05 12:33:23,784-DEBUG-root-34208::webapp_internal::fill_grid|6486:: Trying to select cell in grid!
2025-12-05 12:33:23,786-DEBUG-root-34208::base::click|192:: Click Type: ClickType.ACTIONCHAINS
2025-12-05 12:33:24,076-DEBUG-root-34208::webapp_internal::fill_grid|6486:: Trying to select cell in grid!
2025-12-05 12:33:24,082-DEBUG-root-34208::base::click|192:: Click Type: ClickType.ACTIONCHAINS
2025-12-05 12:33:24,374-DEBUG-root-34208::webapp_internal::fill_grid|6486:: Trying to select cell in grid!
2025-12-05 12:33:24,376-DEBUG-root-34208::base::click|192:: Click Type: ClickType.ACTIONCHAINS
2025-12-05 12:33:24,671-DEBUG-root-34208::webapp_internal::fill_grid|6486:: Trying to select cell in grid!
2025-12-05 12:33:24,672-DEBUG-root-34208::base::click|192:: Click Type: ClickType.ACTIONCHAINS
2025-12-05 12:33:24,937-DEBUG-root-34208::webapp_internal::fill_grid|6486:: Trying to select cell in grid!
2025-12-05 12:33:24,939-DEBUG-root-34208::base::click|192:: Click Type: ClickType.ACTIONCHAINS
2025-12-05 12:33:25,231-DEBUG-root-34208::webapp_internal::fill_grid|6486:: Trying to select cell in grid!
2025-12-05 12:33:25,234-DEBUG-root-34208::base::click|192:: Click Type: ClickType.ACTIONCHAINS
2025-12-05 12:33:25,523-DEBUG-root-34208::webapp_internal::fill_grid|6486:: Trying to select cell in grid!
2025-12-05 12:33:25,524-DEBUG-root-34208::base::click|192:: Click Type: ClickType.ACTIONCHAINS
2025-12-05 12:33:25,789-DEBUG-root-34208::webapp_internal::fill_grid|6486:: Trying to select cell in grid!
2025-12-05 12:33:25,791-DEBUG-root-34208::base::click|192:: Click Type: ClickType.ACTIONCHAINS
2025-12-05 12:33:26,085-DEBUG-root-34208::webapp_internal::fill_grid|6486:: Trying to select cell in grid!
2025-12-05 12:33:26,088-DEBUG-root-34208::base::click|192:: Click Type: ClickType.ACTIONCHAINS
2025-12-05 12:33:26,382-DEBUG-root-34208::webapp_internal::fill_grid|6486:: Trying to select cell in grid!
2025-12-05 12:33:26,384-DEBUG-root-34208::base::click|192:: Click Type: ClickType.ACTIONCHAINS
2025-12-05 12:33:26,675-DEBUG-root-34208::webapp_internal::fill_grid|6486:: Trying to select cell in grid!
2025-12-05 12:33:26,677-DEBUG-root-34208::base::click|192:: Click Type: ClickType.ACTIONCHAINS
2025-12-05 12:33:26,970-DEBUG-root-34208::webapp_internal::fill_grid|6486:: Trying to select cell in grid!
2025-12-05 12:33:26,972-DEBUG-root-34208::base::click|192:: Click Type: ClickType.ACTIONCHAINS
2025-12-05 12:33:27,254-DEBUG-root-34208::webapp_internal::fill_grid|6486:: Trying to select cell in grid!
2025-12-05 12:33:27,255-DEBUG-root-34208::base::click|192:: Click Type: ClickType.ACTIONCHAINS
2025-12-05 12:33:27,549-DEBUG-root-34208::webapp_internal::fill_grid|6486:: Trying to select cell in grid!
2025-12-05 12:33:27,551-DEBUG-root-34208::base::click|192:: Click Type: ClickType.ACTIONCHAINS
2025-12-05 12:33:27,840-DEBUG-root-34208::webapp_internal::fill_grid|6486:: Trying to select cell in grid!
2025-12-05 12:33:27,842-DEBUG-root-34208::base::click|192:: Click Type: ClickType.ACTIONCHAINS
2025-12-05 12:33:28,136-DEBUG-root-34208::webapp_internal::fill_grid|6486:: Trying to select cell in grid!
2025-12-05 12:33:28,138-DEBUG-root-34208::base::click|192:: Click Type: ClickType.ACTIONCHAINS
2025-12-05 12:33:28,426-DEBUG-root-34208::webapp_internal::fill_grid|6486:: Trying to select cell in grid!
2025-12-05 12:33:28,431-DEBUG-root-34208::base::click|192:: Click Type: ClickType.ACTIONCHAINS
2025-12-05 12:33:28,721-DEBUG-root-34208::webapp_internal::fill_grid|6486:: Trying to select cell in grid!
2025-12-05 12:33:28,723-DEBUG-root-34208::base::click|192:: Click Type: ClickType.ACTIONCHAINS
2025-12-05 12:33:29,004-DEBUG-root-34208::webapp_internal::fill_grid|6486:: Trying to select cell in grid!
2025-12-05 12:33:29,007-DEBUG-root-34208::base::click|192:: Click Type: ClickType.ACTIONCHAINS
2025-12-05 12:33:29,299-DEBUG-root-34208::webapp_internal::fill_grid|6486:: Trying to select cell in grid!
2025-12-05 12:33:29,301-DEBUG-root-34208::base::click|192:: Click Type: ClickType.ACTIONCHAINS
2025-12-05 12:33:29,592-DEBUG-root-34208::webapp_internal::fill_grid|6486:: Trying to select cell in grid!
2025-12-05 12:33:29,593-DEBUG-root-34208::base::click|192:: Click Type: ClickType.ACTIONCHAINS
2025-12-05 12:33:29,857-DEBUG-root-34208::webapp_internal::fill_grid|6486:: Trying to select cell in grid!
2025-12-05 12:33:29,859-DEBUG-root-34208::base::click|192:: Click Type: ClickType.ACTIONCHAINS
2025-12-05 12:33:30,155-DEBUG-root-34208::webapp_internal::fill_grid|6486:: Trying to select cell in grid!
2025-12-05 12:33:30,157-DEBUG-root-34208::base::click|192:: Click Type: ClickType.ACTIONCHAINS
2025-12-05 12:33:30,450-DEBUG-root-34208::webapp_internal::fill_grid|6486:: Trying to select cell in grid!
2025-12-05 12:33:30,452-DEBUG-root-34208::base::click|192:: Click Type: ClickType.ACTIONCHAINS
2025-12-05 12:33:30,740-DEBUG-root-34208::webapp_internal::fill_grid|6486:: Trying to select cell in grid!
2025-12-05 12:33:30,742-DEBUG-root-34208::base::click|192:: Click Type: ClickType.ACTIONCHAINS
2025-12-05 12:33:31,038-DEBUG-root-34208::webapp_internal::fill_grid|6486:: Trying to select cell in grid!
2025-12-05 12:33:31,040-DEBUG-root-34208::base::click|192:: Click Type: ClickType.ACTIONCHAINS
2025-12-05 12:33:36,358-DEBUG-root-34208::webapp_internal::fill_grid|6498:: Trying open cell in grid!
2025-12-05 12:33:36,643-DEBUG-root-34208::webapp_internal::wait_blocker|2444:: Waiting blocker to continue...
2025-12-05 12:33:36,810-DEBUG-root-34208::webapp_internal::wait_blocker|2469:: Blocker status: False
2025-12-05 12:33:37,038-DEBUG-root-34208::webapp_internal::wait_element_timeout|7726:: Element found! Waiting for element to be displayed.
2025-12-05 12:33:37,372-DEBUG-root-34208::webapp_internal::fill_grid|6577:: Sending keys: 227884
2025-12-05 12:33:37,682-DEBUG-root-34208::webapp_internal::wait_blocker|2444:: Waiting blocker to continue...
2025-12-05 12:33:37,825-DEBUG-root-34208::webapp_internal::wait_blocker|2469:: Blocker status: False
2025-12-05 12:33:37,984-DEBUG-root-34208::webapp_internal::wait_element_timeout|7726:: Element found! Waiting for element to be displayed.
2025-12-05 12:33:38,292-INFO-root-34208::webapp_internal::ClickFolder|5081:: Clicking on folder: Transporte
2025-12-05 12:33:38,293-DEBUG-root-34208::webapp_internal::wait_blocker|2444:: Waiting blocker to continue...
2025-12-05 12:33:38,427-DEBUG-root-34208::webapp_internal::wait_blocker|2469:: Blocker status: False
2025-12-05 12:33:38,460-DEBUG-root-34208::webapp_internal::wait_element|7623:: Waiting for element
2025-12-05 12:33:38,732-DEBUG-root-34208::webapp_internal::wait_element|7653:: Element found! Waiting for element to be displayed.
2025-12-05 12:33:40,294-DEBUG-root-34208::webapp_internal::wait_blocker|2444:: Waiting blocker to continue...
2025-12-05 12:33:40,449-DEBUG-root-34208::webapp_internal::wait_blocker|2469:: Blocker status: False
2025-12-05 12:33:40,450-INFO-root-34208::webapp_internal::SetKey|5822:: Key pressed: TAB
2025-12-05 12:33:40,450-DEBUG-root-34208::webapp_internal::SetKey|5857:: Trying press key
2025-12-05 12:33:40,450-DEBUG-root-34208::webapp_internal::wait_element|7623:: Waiting for element
2025-12-05 12:33:40,554-DEBUG-root-34208::webapp_internal::wait_element|7653:: Element found! Waiting for element to be displayed.
2025-12-05 12:33:40,838-DEBUG-root-34208::webapp_internal::wait_blocker|2444:: Waiting blocker to continue...
2025-12-05 12:33:40,983-DEBUG-root-34208::webapp_internal::wait_blocker|2469:: Blocker status: False
2025-12-05 12:33:40,983-INFO-root-34208::webapp_internal::LoadGrid|6298:: Filling grid field: Tipo
2025-12-05 12:33:40,983-DEBUG-root-34208::webapp_internal::fill_grid|6399:: Grid loading...
2025-12-05 12:33:41,382-DEBUG-root-34208::webapp_internal::fill_grid|6466:: Column found!
2025-12-05 12:33:41,419-DEBUG-root-34208::base::click|192:: Click Type: ClickType.ACTIONCHAINS
2025-12-05 12:33:46,824-DEBUG-root-34208::webapp_internal::fill_grid|6498:: Trying open cell in grid!
2025-12-05 12:33:47,120-DEBUG-root-34208::webapp_internal::wait_blocker|2444:: Waiting blocker to continue...
2025-12-05 12:33:47,261-DEBUG-root-34208::webapp_internal::wait_blocker|2469:: Blocker status: False
2025-12-05 12:33:47,450-DEBUG-root-34208::webapp_internal::wait_element_timeout|7726:: Element found! Waiting for element to be displayed.
2025-12-05 12:33:48,819-INFO-root-34208::base::select_combo|871:: Selected value for combo is: 1 - Aereo
2025-12-05 12:33:49,007-DEBUG-root-34208::webapp_internal::wait_blocker|2444:: Waiting blocker to continue...
2025-12-05 12:33:49,156-DEBUG-root-34208::webapp_internal::wait_blocker|2469:: Blocker status: False
2025-12-05 12:33:49,184-DEBUG-root-34208::webapp_internal::wait_blocker|2444:: Waiting blocker to continue...
2025-12-05 12:33:49,334-DEBUG-root-34208::webapp_internal::wait_blocker|2469:: Blocker status: False
2025-12-05 12:33:49,335-DEBUG-root-34208::webapp_internal::send_action|10480:: Trying to send action
2025-12-05 12:33:50,373-DEBUG-root-34208::webapp_internal::send_action|10522:: send_action method result = True
2025-12-05 12:33:50,374-DEBUG-root-34208::webapp_internal::send_action|10523:: send_action selenium status: False
2025-12-05 12:33:50,374-DEBUG-root-34208::webapp_internal::wait_blocker|2444:: Waiting blocker to continue...
2025-12-05 12:33:50,507-DEBUG-root-34208::webapp_internal::wait_blocker|2469:: Blocker status: False
2025-12-05 12:33:50,507-INFO-root-34208::webapp_internal::SetKey|5822:: Key pressed: TAB
2025-12-05 12:33:50,507-DEBUG-root-34208::webapp_internal::SetKey|5857:: Trying press key
2025-12-05 12:33:50,508-DEBUG-root-34208::webapp_internal::wait_element|7623:: Waiting for element
2025-12-05 12:33:50,604-DEBUG-root-34208::webapp_internal::wait_element|7653:: Element found! Waiting for element to be displayed.
2025-12-05 12:33:50,901-DEBUG-root-34208::webapp_internal::wait_blocker|2444:: Waiting blocker to continue...
2025-12-05 12:33:51,028-DEBUG-root-34208::webapp_internal::wait_blocker|2469:: Blocker status: False
2025-12-05 12:33:51,029-INFO-root-34208::webapp_internal::LoadGrid|6298:: Filling grid field: Partida
2025-12-05 12:33:51,029-DEBUG-root-34208::webapp_internal::fill_grid|6399:: Grid loading...
2025-12-05 12:33:51,377-DEBUG-root-34208::webapp_internal::fill_grid|6466:: Column found!
2025-12-05 12:33:51,417-DEBUG-root-34208::base::click|192:: Click Type: ClickType.ACTIONCHAINS
2025-12-05 12:33:56,804-DEBUG-root-34208::webapp_internal::fill_grid|6498:: Trying open cell in grid!
2025-12-05 12:33:57,089-DEBUG-root-34208::webapp_internal::wait_blocker|2444:: Waiting blocker to continue...
2025-12-05 12:33:57,255-DEBUG-root-34208::webapp_internal::wait_blocker|2469:: Blocker status: False
2025-12-05 12:33:57,466-DEBUG-root-34208::webapp_internal::wait_element_timeout|7726:: Element found! Waiting for element to be displayed.
2025-12-05 12:33:57,817-DEBUG-root-34208::webapp_internal::fill_grid|6577:: Sending keys: 20/12/2025
2025-12-05 12:33:58,132-DEBUG-root-34208::webapp_internal::wait_blocker|2444:: Waiting blocker to continue...
2025-12-05 12:33:58,293-DEBUG-root-34208::webapp_internal::wait_blocker|2469:: Blocker status: False
2025-12-05 12:34:03,804-DEBUG-root-34208::webapp_internal::wait_blocker|2444:: Waiting blocker to continue...
2025-12-05 12:34:03,950-DEBUG-root-34208::webapp_internal::wait_blocker|2469:: Blocker status: False
2025-12-05 12:34:04,000-DEBUG-root-34208::webapp_internal::wait_blocker|2444:: Waiting blocker to continue...
2025-12-05 12:34:04,138-DEBUG-root-34208::webapp_internal::wait_blocker|2469:: Blocker status: False
2025-12-05 12:34:04,138-DEBUG-root-34208::webapp_internal::send_action|10480:: Trying to send action
2025-12-05 12:34:05,183-DEBUG-root-34208::webapp_internal::send_action|10522:: send_action method result = True
2025-12-05 12:34:05,183-DEBUG-root-34208::webapp_internal::send_action|10523:: send_action selenium status: False
2025-12-05 12:34:05,183-DEBUG-root-34208::webapp_internal::wait_blocker|2444:: Waiting blocker to continue...
2025-12-05 12:34:05,357-DEBUG-root-34208::webapp_internal::wait_blocker|2469:: Blocker status: False
2025-12-05 12:34:05,357-INFO-root-34208::webapp_internal::SetKey|5822:: Key pressed: TAB
2025-12-05 12:34:05,357-DEBUG-root-34208::webapp_internal::SetKey|5857:: Trying press key
2025-12-05 12:34:05,357-DEBUG-root-34208::webapp_internal::wait_element|7623:: Waiting for element
2025-12-05 12:34:05,483-DEBUG-root-34208::webapp_internal::wait_element|7653:: Element found! Waiting for element to be displayed.
2025-12-05 12:34:05,851-DEBUG-root-34208::webapp_internal::wait_blocker|2444:: Waiting blocker to continue...
2025-12-05 12:34:06,004-DEBUG-root-34208::webapp_internal::wait_blocker|2469:: Blocker status: False
2025-12-05 12:34:06,004-INFO-root-34208::webapp_internal::LoadGrid|6298:: Filling grid field: Hora Partida
2025-12-05 12:34:06,006-DEBUG-root-34208::webapp_internal::fill_grid|6399:: Grid loading...
2025-12-05 12:34:06,400-DEBUG-root-34208::webapp_internal::fill_grid|6466:: Column found!
2025-12-05 12:34:06,443-DEBUG-root-34208::base::click|192:: Click Type: ClickType.ACTIONCHAINS
2025-12-05 12:34:11,892-DEBUG-root-34208::webapp_internal::fill_grid|6498:: Trying open cell in grid!
2025-12-05 12:34:12,182-DEBUG-root-34208::webapp_internal::wait_blocker|2444:: Waiting blocker to continue...
2025-12-05 12:34:12,338-DEBUG-root-34208::webapp_internal::wait_blocker|2469:: Blocker status: False
2025-12-05 12:34:12,524-DEBUG-root-34208::webapp_internal::wait_element_timeout|7726:: Element found! Waiting for element to be displayed.
2025-12-05 12:34:12,876-DEBUG-root-34208::webapp_internal::fill_grid|6577:: Sending keys: 08:00
2025-12-05 12:34:13,153-DEBUG-root-34208::webapp_internal::wait_blocker|2444:: Waiting blocker to continue...
2025-12-05 12:34:13,321-DEBUG-root-34208::webapp_internal::wait_blocker|2469:: Blocker status: False
2025-12-05 12:34:18,689-DEBUG-root-34208::webapp_internal::wait_blocker|2444:: Waiting blocker to continue...
2025-12-05 12:34:18,818-DEBUG-root-34208::webapp_internal::wait_blocker|2469:: Blocker status: False
2025-12-05 12:34:18,852-DEBUG-root-34208::webapp_internal::wait_blocker|2444:: Waiting blocker to continue...
2025-12-05 12:34:18,988-DEBUG-root-34208::webapp_internal::wait_blocker|2469:: Blocker status: False
2025-12-05 12:34:18,989-DEBUG-root-34208::webapp_internal::send_action|10480:: Trying to send action
2025-12-05 12:34:20,030-DEBUG-root-34208::webapp_internal::send_action|10522:: send_action method result = True
2025-12-05 12:34:20,030-DEBUG-root-34208::webapp_internal::send_action|10523:: send_action selenium status: False
2025-12-05 12:34:20,031-DEBUG-root-34208::webapp_internal::wait_blocker|2444:: Waiting blocker to continue...
2025-12-05 12:34:20,155-DEBUG-root-34208::webapp_internal::wait_blocker|2469:: Blocker status: False
2025-12-05 12:34:20,155-INFO-root-34208::webapp_internal::SetKey|5822:: Key pressed: TAB
2025-12-05 12:34:20,155-DEBUG-root-34208::webapp_internal::SetKey|5857:: Trying press key
2025-12-05 12:34:20,155-DEBUG-root-34208::webapp_internal::wait_element|7623:: Waiting for element
2025-12-05 12:34:20,250-DEBUG-root-34208::webapp_internal::wait_element|7653:: Element found! Waiting for element to be displayed.
2025-12-05 12:34:20,537-DEBUG-root-34208::webapp_internal::wait_blocker|2444:: Waiting blocker to continue...
2025-12-05 12:34:20,715-DEBUG-root-34208::webapp_internal::wait_blocker|2469:: Blocker status: False
2025-12-05 12:34:20,715-INFO-root-34208::webapp_internal::LoadGrid|6298:: Filling grid field: Origem
2025-12-05 12:34:20,715-DEBUG-root-34208::webapp_internal::fill_grid|6399:: Grid loading...
2025-12-05 12:34:21,053-DEBUG-root-34208::webapp_internal::fill_grid|6466:: Column found!
2025-12-05 12:34:21,092-DEBUG-root-34208::base::click|192:: Click Type: ClickType.ACTIONCHAINS
2025-12-05 12:34:26,420-DEBUG-root-34208::webapp_internal::fill_grid|6498:: Trying open cell in grid!
2025-12-05 12:34:26,723-DEBUG-root-34208::webapp_internal::wait_blocker|2444:: Waiting blocker to continue...
2025-12-05 12:34:26,873-DEBUG-root-34208::webapp_internal::wait_blocker|2469:: Blocker status: False
2025-12-05 12:34:27,058-DEBUG-root-34208::webapp_internal::wait_element_timeout|7726:: Element found! Waiting for element to be displayed.
2025-12-05 12:34:27,394-DEBUG-root-34208::webapp_internal::fill_grid|6577:: Sending keys: DF00108
2025-12-05 12:34:27,690-DEBUG-root-34208::webapp_internal::wait_blocker|2444:: Waiting blocker to continue...
2025-12-05 12:34:27,821-DEBUG-root-34208::webapp_internal::wait_blocker|2469:: Blocker status: False
2025-12-05 12:34:27,974-DEBUG-root-34208::webapp_internal::wait_element_timeout|7726:: Element found! Waiting for element to be displayed.
2025-12-05 12:34:28,402-DEBUG-root-34208::webapp_internal::wait_blocker|2444:: Waiting blocker to continue...
2025-12-05 12:34:28,589-DEBUG-root-34208::webapp_internal::wait_blocker|2469:: Blocker status: False
2025-12-05 12:34:28,614-DEBUG-root-34208::webapp_internal::wait_blocker|2444:: Waiting blocker to continue...
2025-12-05 12:34:28,758-DEBUG-root-34208::webapp_internal::wait_blocker|2469:: Blocker status: False
2025-12-05 12:34:28,758-DEBUG-root-34208::webapp_internal::send_action|10480:: Trying to send action
2025-12-05 12:34:29,796-DEBUG-root-34208::webapp_internal::send_action|10522:: send_action method result = True
2025-12-05 12:34:29,797-DEBUG-root-34208::webapp_internal::send_action|10523:: send_action selenium status: False
2025-12-05 12:34:29,797-DEBUG-root-34208::webapp_internal::wait_blocker|2444:: Waiting blocker to continue...
2025-12-05 12:34:29,923-DEBUG-root-34208::webapp_internal::wait_blocker|2469:: Blocker status: False
2025-12-05 12:34:29,923-INFO-root-34208::webapp_internal::SetKey|5822:: Key pressed: TAB
2025-12-05 12:34:29,923-DEBUG-root-34208::webapp_internal::SetKey|5857:: Trying press key
2025-12-05 12:34:29,923-DEBUG-root-34208::webapp_internal::wait_element|7623:: Waiting for element
2025-12-05 12:34:30,018-DEBUG-root-34208::webapp_internal::wait_element|7653:: Element found! Waiting for element to be displayed.
2025-12-05 12:34:30,305-DEBUG-root-34208::webapp_internal::wait_blocker|2444:: Waiting blocker to continue...
2025-12-05 12:34:30,448-DEBUG-root-34208::webapp_internal::wait_blocker|2469:: Blocker status: False
2025-12-05 12:34:30,448-INFO-root-34208::webapp_internal::LoadGrid|6298:: Filling grid field: Destino
2025-12-05 12:34:30,449-DEBUG-root-34208::webapp_internal::fill_grid|6399:: Grid loading...
2025-12-05 12:34:30,818-DEBUG-root-34208::webapp_internal::fill_grid|6466:: Column found!
2025-12-05 12:34:30,854-DEBUG-root-34208::base::click|192:: Click Type: ClickType.ACTIONCHAINS
2025-12-05 12:34:36,242-DEBUG-root-34208::webapp_internal::fill_grid|6498:: Trying open cell in grid!
2025-12-05 12:34:36,536-DEBUG-root-34208::webapp_internal::wait_blocker|2444:: Waiting blocker to continue...
2025-12-05 12:34:36,688-DEBUG-root-34208::webapp_internal::wait_blocker|2469:: Blocker status: False
2025-12-05 12:34:36,920-DEBUG-root-34208::webapp_internal::wait_element_timeout|7726:: Element found! Waiting for element to be displayed.
2025-12-05 12:34:37,289-DEBUG-root-34208::webapp_internal::fill_grid|6577:: Sending keys: GO08707
2025-12-05 12:34:37,593-DEBUG-root-34208::webapp_internal::wait_blocker|2444:: Waiting blocker to continue...
2025-12-05 12:34:37,737-DEBUG-root-34208::webapp_internal::wait_blocker|2469:: Blocker status: False
2025-12-05 12:34:37,902-DEBUG-root-34208::webapp_internal::wait_element_timeout|7726:: Element found! Waiting for element to be displayed.
2025-12-05 12:34:38,402-DEBUG-root-34208::webapp_internal::wait_blocker|2444:: Waiting blocker to continue...
2025-12-05 12:34:38,538-DEBUG-root-34208::webapp_internal::wait_blocker|2469:: Blocker status: False
2025-12-05 12:34:38,564-DEBUG-root-34208::webapp_internal::wait_blocker|2444:: Waiting blocker to continue...
2025-12-05 12:34:38,690-DEBUG-root-34208::webapp_internal::wait_blocker|2469:: Blocker status: False
2025-12-05 12:34:38,690-DEBUG-root-34208::webapp_internal::send_action|10480:: Trying to send action
2025-12-05 12:34:39,730-DEBUG-root-34208::webapp_internal::send_action|10522:: send_action method result = True
2025-12-05 12:34:39,731-DEBUG-root-34208::webapp_internal::send_action|10523:: send_action selenium status: False
2025-12-05 12:34:39,731-DEBUG-root-34208::webapp_internal::wait_blocker|2444:: Waiting blocker to continue...
2025-12-05 12:34:39,865-DEBUG-root-34208::webapp_internal::wait_blocker|2469:: Blocker status: False
2025-12-05 12:34:39,865-INFO-root-34208::webapp_internal::SetKey|5822:: Key pressed: TAB
2025-12-05 12:34:39,865-DEBUG-root-34208::webapp_internal::SetKey|5857:: Trying press key
2025-12-05 12:34:39,865-DEBUG-root-34208::webapp_internal::wait_element|7623:: Waiting for element
2025-12-05 12:34:39,969-DEBUG-root-34208::webapp_internal::wait_element|7653:: Element found! Waiting for element to be displayed.
2025-12-05 12:34:40,232-DEBUG-root-34208::webapp_internal::wait_blocker|2444:: Waiting blocker to continue...
2025-12-05 12:34:40,387-DEBUG-root-34208::webapp_internal::wait_blocker|2469:: Blocker status: False
2025-12-05 12:34:40,387-INFO-root-34208::webapp_internal::LoadGrid|6298:: Filling grid field: Chegada
2025-12-05 12:34:40,387-DEBUG-root-34208::webapp_internal::fill_grid|6399:: Grid loading...
2025-12-05 12:34:40,756-DEBUG-root-34208::webapp_internal::fill_grid|6466:: Column found!
2025-12-05 12:34:40,841-DEBUG-root-34208::base::click|192:: Click Type: ClickType.ACTIONCHAINS
2025-12-05 12:34:46,254-DEBUG-root-34208::webapp_internal::fill_grid|6498:: Trying open cell in grid!
2025-12-05 12:34:46,538-DEBUG-root-34208::webapp_internal::wait_blocker|2444:: Waiting blocker to continue...
2025-12-05 12:34:46,717-DEBUG-root-34208::webapp_internal::wait_blocker|2469:: Blocker status: False
2025-12-05 12:34:46,902-DEBUG-root-34208::webapp_internal::wait_element_timeout|7726:: Element found! Waiting for element to be displayed.
2025-12-05 12:34:47,238-DEBUG-root-34208::webapp_internal::fill_grid|6577:: Sending keys: 20/12/2025
2025-12-05 12:34:47,567-DEBUG-root-34208::webapp_internal::wait_blocker|2444:: Waiting blocker to continue...
2025-12-05 12:34:47,720-DEBUG-root-34208::webapp_internal::wait_blocker|2469:: Blocker status: False
2025-12-05 12:34:53,109-DEBUG-root-34208::webapp_internal::wait_blocker|2444:: Waiting blocker to continue...
2025-12-05 12:34:53,241-DEBUG-root-34208::webapp_internal::wait_blocker|2469:: Blocker status: False
2025-12-05 12:34:53,268-DEBUG-root-34208::webapp_internal::wait_blocker|2444:: Waiting blocker to continue...
2025-12-05 12:34:53,398-DEBUG-root-34208::webapp_internal::wait_blocker|2469:: Blocker status: False
2025-12-05 12:34:53,398-DEBUG-root-34208::webapp_internal::send_action|10480:: Trying to send action
2025-12-05 12:34:54,441-DEBUG-root-34208::webapp_internal::send_action|10522:: send_action method result = True
2025-12-05 12:34:54,441-DEBUG-root-34208::webapp_internal::send_action|10523:: send_action selenium status: False
2025-12-05 12:34:54,442-DEBUG-root-34208::webapp_internal::wait_blocker|2444:: Waiting blocker to continue...
2025-12-05 12:34:54,576-DEBUG-root-34208::webapp_internal::wait_blocker|2469:: Blocker status: False
2025-12-05 12:34:54,576-INFO-root-34208::webapp_internal::SetKey|5822:: Key pressed: TAB
2025-12-05 12:34:54,576-DEBUG-root-34208::webapp_internal::SetKey|5857:: Trying press key
2025-12-05 12:34:54,576-DEBUG-root-34208::webapp_internal::wait_element|7623:: Waiting for element
2025-12-05 12:34:54,671-DEBUG-root-34208::webapp_internal::wait_element|7653:: Element found! Waiting for element to be displayed.
2025-12-05 12:34:54,925-DEBUG-root-34208::webapp_internal::wait_blocker|2444:: Waiting blocker to continue...
2025-12-05 12:34:55,070-DEBUG-root-34208::webapp_internal::wait_blocker|2469:: Blocker status: False
2025-12-05 12:34:55,070-INFO-root-34208::webapp_internal::LoadGrid|6298:: Filling grid field: Hora Chegada
2025-12-05 12:34:55,071-DEBUG-root-34208::webapp_internal::fill_grid|6399:: Grid loading...
2025-12-05 12:34:55,469-DEBUG-root-34208::webapp_internal::fill_grid|6466:: Column found!
2025-12-05 12:34:55,516-DEBUG-root-34208::base::click|192:: Click Type: ClickType.ACTIONCHAINS
2025-12-05 12:35:00,901-DEBUG-root-34208::webapp_internal::fill_grid|6498:: Trying open cell in grid!
2025-12-05 12:35:01,188-DEBUG-root-34208::webapp_internal::wait_blocker|2444:: Waiting blocker to continue...
2025-12-05 12:35:01,341-DEBUG-root-34208::webapp_internal::wait_blocker|2469:: Blocker status: False
2025-12-05 12:35:01,527-DEBUG-root-34208::webapp_internal::wait_element_timeout|7726:: Element found! Waiting for element to be displayed.
2025-12-05 12:35:01,891-DEBUG-root-34208::webapp_internal::fill_grid|6577:: Sending keys: 12:00
2025-12-05 12:35:02,194-DEBUG-root-34208::webapp_internal::wait_blocker|2444:: Waiting blocker to continue...
2025-12-05 12:35:02,358-DEBUG-root-34208::webapp_internal::wait_blocker|2469:: Blocker status: False
2025-12-05 12:35:07,823-DEBUG-root-34208::webapp_internal::wait_blocker|2444:: Waiting blocker to continue...
2025-12-05 12:35:07,960-DEBUG-root-34208::webapp_internal::wait_blocker|2469:: Blocker status: False
2025-12-05 12:35:07,990-DEBUG-root-34208::webapp_internal::wait_blocker|2444:: Waiting blocker to continue...
2025-12-05 12:35:08,127-DEBUG-root-34208::webapp_internal::wait_blocker|2469:: Blocker status: False
2025-12-05 12:35:08,127-DEBUG-root-34208::webapp_internal::send_action|10480:: Trying to send action
2025-12-05 12:35:09,173-DEBUG-root-34208::webapp_internal::send_action|10522:: send_action method result = True
2025-12-05 12:35:09,174-DEBUG-root-34208::webapp_internal::send_action|10523:: send_action selenium status: False
2025-12-05 12:35:09,174-DEBUG-root-34208::webapp_internal::wait_blocker|2444:: Waiting blocker to continue...
2025-12-05 12:35:09,306-DEBUG-root-34208::webapp_internal::wait_blocker|2469:: Blocker status: False
2025-12-05 12:35:09,306-INFO-root-34208::webapp_internal::SetKey|5822:: Key pressed: DOWN
2025-12-05 12:35:09,306-DEBUG-root-34208::webapp_internal::wait_blocker|2444:: Waiting blocker to continue...
2025-12-05 12:35:09,436-DEBUG-root-34208::webapp_internal::wait_blocker|2469:: Blocker status: False
2025-12-05 12:35:09,437-INFO-root-34208::webapp_internal::SetKey|5822:: Key pressed: TAB
2025-12-05 12:35:09,437-DEBUG-root-34208::webapp_internal::SetKey|5857:: Trying press key
2025-12-05 12:35:09,437-DEBUG-root-34208::webapp_internal::wait_element|7623:: Waiting for element
2025-12-05 12:35:09,539-DEBUG-root-34208::webapp_internal::wait_element|7653:: Element found! Waiting for element to be displayed.
2025-12-05 12:35:09,833-DEBUG-root-34208::webapp_internal::new_grid_line|7014:: New grid line
2025-12-05 12:35:11,399-DEBUG-root-34208::webapp_internal::wait_blocker|2444:: Waiting blocker to continue...
2025-12-05 12:35:11,556-DEBUG-root-34208::webapp_internal::wait_blocker|2469:: Blocker status: False
2025-12-05 12:35:11,557-INFO-root-34208::webapp_internal::LoadGrid|6298:: Filling grid field: Tipo
2025-12-05 12:35:11,557-DEBUG-root-34208::webapp_internal::fill_grid|6399:: Grid loading...
2025-12-05 12:35:11,758-DEBUG-root-34208::webapp_internal::new_grid_line|7014:: New grid line
2025-12-05 12:35:13,326-DEBUG-root-34208::webapp_internal::new_grid_line|7014:: New grid line
2025-12-05 12:35:14,909-ERROR-root-34208::webapp_internal::fill_grid|6675:: fill grid error: Message: TypeError: can't access property "querySelectorAll", arguments[0] is null
Stacktrace:
@https://qasrverp:10020/webapp/:2:7
@https://qasrverp:10020/webapp/:3:8
Traceback (most recent call last):
  File "C:\TIR_TESTE\venv\Lib\site-packages\tir\technologies\webapp_internal.py", line 6463, in fill_grid
    columns = self.driver.execute_script("return arguments[0].querySelectorAll('td')", row)
              ^^^^^^^^^^^^^^^^^^^^^^^^^^^^^^^^^^^^^^^^^^^^^^^^^^^^^^^^^^^^^^^^^^^^^^^^^^^^^
  File "C:\TIR_TESTE\venv\Lib\site-packages\selenium\webdriver\remote\webdriver.py", line 407, in execute_script
    return self.execute(command, {"script": script, "args": converted_args})["value"]
           ^^^^^^^^^^^^^^^^^^^^^^^^^^^^^^^^^^^^^^^^^^^^^^^^^^^^^^^^^^^^^^^^^
  File "C:\TIR_TESTE\venv\Lib\site-packages\selenium\webdriver\remote\webdriver.py", line 347, in execute
    self.error_handler.check_response(response)
  File "C:\TIR_TESTE\venv\Lib\site-packages\selenium\webdriver\remote\errorhandler.py", line 229, in check_response
    raise exception_class(message, screen, stacktrace)
selenium.common.exceptions.JavascriptException: Message: TypeError: can't access property "querySelectorAll", arguments[0] is null
Stacktrace:
@https://qasrverp:10020/webapp/:2:7
@https://qasrverp:10020/webapp/:3:8

2025-12-05 12:35:14,951-WARNING-root-34208::webapp_internal::log_error|8143:: Warning log_error fill grid error: Message: TypeError: can't access property "querySelectorAll", arguments[0] is null
Stacktrace:
@https://qasrverp:10020/webapp/:2:7
@https://qasrverp:10020/webapp/:3:8

2025-12-05 12:35:14,951-DEBUG-root-34208::webapp_internal::log_error|8146:: ***System Info*** in log_error():
2025-12-05 12:35:14,951-DEBUG-root-34208::psutil_info::system_info|5:: CPU USAGE: 9.1%
2025-12-05 12:35:14,952-DEBUG-root-34208::psutil_info::system_info|6:: MEMORY USAGE: 85.3%
2025-12-05 12:35:14,952-DEBUG-root-34208::psutil_info::system_info|7:: MEMORY AVAILABLE: 14.68%
2025-12-05 12:35:14,968-DEBUG-root-34208::log::take_screenshot_log|612:: take_screenshot_log in:2025-12-05 12:35:14.968707

2025-12-05 12:35:15,068-DEBUG-root-34208::log::take_screenshot_log|627:: Screenshot file created successfully: Log\GESIT03\97137227104_20251205123514968_Viagem -_test_Cadastro_Orcamento_Viagem.png
2025-12-05 12:35:16,078-DEBUG-root-34208::log::checks_empty_line|221:: Checking empty default log info
2025-12-05 12:35:16,082-DEBUG-root-34208::log::generate_log|503:: Json log_data: {'cLogDtExec': '05/12/2025 12:35:16', 'cLogNomUsr': '97137227104', 'cLogNomEst': 'GESIT03', 'cLogProgra': None, 'cLogDtProg': '', 'cLogHrProg': '', 'nLogCtsOk': 0, 'nLogCtsNok': 1, 'nLogCtsSeg': 242.51, 'cLogVersao': '12', 'cLogReleas': '12.1.2410', 'nLogCtsErr': 'Viagem - fill grid error: Message: TypeError: can\'t access property "querySelectorAll", arguments[0] is nullStacktrace:@https://qasrverp:10020/webapp/:2:7@https://qasrverp:10020/webapp/:3:8', 'cLogBancod': 'ORACLE', 'cLogIdenti': '', 'cLogIdExec': '20251205', 'cLogPais': 'BRA', 'cLogTool': 'TIR', 'cLogSequen': '7fe19b', 'nLogCtsTot': 1, 'cLogDtExea': '05/12/2025', 'cLogHrExea': '12:35:16', 'cLogArea': 'Desenvolvimento', 'cLogMnExec': 4.041833333333333}
2025-12-05 12:35:16,082-INFO-root-34208::log::send_log_with_retries|515:: Saving log locally.
2025-12-05 12:35:16,082-INFO-root-34208::log::save_log_locally|548:: [FwSendLog]: Não foi possível enviar o log após todas as tentativas.
2025-12-05 12:35:16,084-INFO-root-34208::log::save_log_locally|555:: [FwSendLog]: Log salvo localmente em C:\TIR_TESTE\1764948916.json.
2025-12-05 12:35:17,041-ERROR-root-34208::webapp_internal::SetKey|5901:: False is not true : Viagem - fill grid error: Message: TypeError: can't access property "querySelectorAll", arguments[0] is null
Stacktrace:
@https://qasrverp:10020/webapp/:2:7
@https://qasrverp:10020/webapp/:3:8
Traceback (most recent call last):
  File "C:\TIR_TESTE\venv\Lib\site-packages\tir\technologies\webapp_internal.py", line 6463, in fill_grid
    columns = self.driver.execute_script("return arguments[0].querySelectorAll('td')", row)
              ^^^^^^^^^^^^^^^^^^^^^^^^^^^^^^^^^^^^^^^^^^^^^^^^^^^^^^^^^^^^^^^^^^^^^^^^^^^^^
  File "C:\TIR_TESTE\venv\Lib\site-packages\selenium\webdriver\remote\webdriver.py", line 407, in execute_script
    return self.execute(command, {"script": script, "args": converted_args})["value"]
           ^^^^^^^^^^^^^^^^^^^^^^^^^^^^^^^^^^^^^^^^^^^^^^^^^^^^^^^^^^^^^^^^^
  File "C:\TIR_TESTE\venv\Lib\site-packages\selenium\webdriver\remote\webdriver.py", line 347, in execute
    self.error_handler.check_response(response)
  File "C:\TIR_TESTE\venv\Lib\site-packages\selenium\webdriver\remote\errorhandler.py", line 229, in check_response
    raise exception_class(message, screen, stacktrace)
selenium.common.exceptions.JavascriptException: Message: TypeError: can't access property "querySelectorAll", arguments[0] is null
Stacktrace:
@https://qasrverp:10020/webapp/:2:7
@https://qasrverp:10020/webapp/:3:8


During handling of the above exception, another exception occurred:

Traceback (most recent call last):
  File "C:\TIR_TESTE\venv\Lib\site-packages\tir\technologies\webapp_internal.py", line 5861, in SetKey
    self.LoadGrid()
  File "C:\TIR_TESTE\venv\Lib\site-packages\tir\technologies\webapp_internal.py", line 6301, in LoadGrid
    self.fill_grid(field, x3_dictionaries, initial_layer, duplicate_fields)
  File "C:\TIR_TESTE\venv\Lib\site-packages\tir\technologies\webapp_internal.py", line 6676, in fill_grid
    self.log_error(f'fill grid error: {str(e)}')
  File "C:\TIR_TESTE\venv\Lib\site-packages\tir\technologies\webapp_internal.py", line 8206, in log_error
    self.assertTrue(False, log_message)
  File "C:\Users\97137227104\AppData\Local\Programs\Python\Python312\Lib\unittest\case.py", line 727, in assertTrue
    raise self.failureException(msg)
AssertionError: False is not true : Viagem - fill grid error: Message: TypeError: can't access property "querySelectorAll", arguments[0] is null
Stacktrace:
@https://qasrverp:10020/webapp/:2:7
@https://qasrverp:10020/webapp/:3:8

2025-12-05 12:35:17,042-DEBUG-root-34208::webapp_internal::wait_blocker|2444:: Waiting blocker to continue...
2025-12-05 12:35:17,044-DEBUG-root-34208::webapp_internal::wait_blocker|2469:: Blocker status: None
2025-12-05 12:35:17,044-INFO-root-34208::webapp_internal::SetKey|5822:: Key pressed: TAB
2025-12-05 12:35:17,044-DEBUG-root-34208::webapp_internal::SetKey|5857:: Trying press key
2025-12-05 12:35:17,044-DEBUG-root-34208::webapp_internal::wait_element|7623:: Waiting for element
2025-12-05 12:35:17,047-WARNING-root-34208::webapp_internal::log_error|8143:: Warning log_error SetKey - Screen is not load: Message: Tried to run command without establishing a connection

2025-12-05 12:35:17,047-DEBUG-root-34208::webapp_internal::log_error|8146:: ***System Info*** in log_error():
2025-12-05 12:35:17,048-DEBUG-root-34208::psutil_info::system_info|5:: CPU USAGE: 16.7%
2025-12-05 12:35:17,048-DEBUG-root-34208::psutil_info::system_info|6:: MEMORY USAGE: 77.9%
2025-12-05 12:35:17,048-DEBUG-root-34208::psutil_info::system_info|7:: MEMORY AVAILABLE: 22.12%
2025-12-05 12:35:17,069-ERROR-root-34208::webapp_internal::log_error|8181:: Warning Log Error Close Message: Tried to run command without establishing a connection
Traceback (most recent call last):
  File "C:\TIR_TESTE\venv\Lib\site-packages\tir\technologies\core\base.py", line 501, in get_current_DOM
    self.driver.switch_to.default_content()
  File "C:\TIR_TESTE\venv\Lib\site-packages\selenium\webdriver\remote\switch_to.py", line 69, in default_content
    self._driver.execute(Command.SWITCH_TO_FRAME, {"id": None})
  File "C:\TIR_TESTE\venv\Lib\site-packages\selenium\webdriver\remote\webdriver.py", line 347, in execute
    self.error_handler.check_response(response)
  File "C:\TIR_TESTE\venv\Lib\site-packages\selenium\webdriver\remote\errorhandler.py", line 229, in check_response
    raise exception_class(message, screen, stacktrace)
selenium.common.exceptions.InvalidSessionIdException: Message: Tried to run command without establishing a connection


During handling of the above exception, another exception occurred:

Traceback (most recent call last):
  File "C:\TIR_TESTE\venv\Lib\site-packages\tir\technologies\webapp_internal.py", line 5861, in SetKey
    self.LoadGrid()
  File "C:\TIR_TESTE\venv\Lib\site-packages\tir\technologies\webapp_internal.py", line 6284, in LoadGrid
    self.wait_element(term=selector, scrap_type=enum.ScrapType.CSS_SELECTOR)
  File "C:\TIR_TESTE\venv\Lib\site-packages\tir\technologies\webapp_internal.py", line 7626, in wait_element
    while (not self.element_exists(term, scrap_type, position, optional_term, main_container, check_error, twebview, second_term) and time.time() < endtime):
               ^^^^^^^^^^^^^^^^^^^^^^^^^^^^^^^^^^^^^^^^^^^^^^^^^^^^^^^^^^^^^^^^^^^^^^^^^^^^^^^^^^^^^^^^^^^^^^^^^^^^^^^^^^^^^^^^^^
  File "C:\TIR_TESTE\venv\Lib\site-packages\tir\technologies\webapp_internal.py", line 4073, in element_exists
    soup = self.get_current_DOM(twebview=twebview)
           ^^^^^^^^^^^^^^^^^^^^^^^^^^^^^^^^^^^^^^^
  File "C:\TIR_TESTE\venv\Lib\site-packages\tir\technologies\core\base.py", line 538, in get_current_DOM
    self.driver.switch_to.default_content()
  File "C:\TIR_TESTE\venv\Lib\site-packages\selenium\webdriver\remote\switch_to.py", line 69, in default_content
    self._driver.execute(Command.SWITCH_TO_FRAME, {"id": None})
  File "C:\TIR_TESTE\venv\Lib\site-packages\selenium\webdriver\remote\webdriver.py", line 347, in execute
    self.error_handler.check_response(response)
  File "C:\TIR_TESTE\venv\Lib\site-packages\selenium\webdriver\remote\errorhandler.py", line 229, in check_response
    raise exception_class(message, screen, stacktrace)
selenium.common.exceptions.InvalidSessionIdException: Message: Tried to run command without establishing a connection


During handling of the above exception, another exception occurred:

Traceback (most recent call last):
  File "C:\TIR_TESTE\venv\Lib\site-packages\tir\technologies\webapp_internal.py", line 8179, in log_error
    self.driver.close()
  File "C:\TIR_TESTE\venv\Lib\site-packages\selenium\webdriver\remote\webdriver.py", line 458, in close
    self.execute(Command.CLOSE)
  File "C:\TIR_TESTE\venv\Lib\site-packages\selenium\webdriver\remote\webdriver.py", line 347, in execute
    self.error_handler.check_response(response)
  File "C:\TIR_TESTE\venv\Lib\site-packages\selenium\webdriver\remote\errorhandler.py", line 229, in check_response
    raise exception_class(message, screen, stacktrace)
selenium.common.exceptions.InvalidSessionIdException: Message: Tried to run command without establishing a connection

2025-12-05 12:35:17,604-ERROR-root-34208::webapp_internal::TearDown|9654:: Warning tearDown Close Message: Tried to run command without establishing a connection
Traceback (most recent call last):
  File "C:\TIR_TESTE\venv\Lib\site-packages\tir\technologies\webapp_internal.py", line 9652, in TearDown
    self.driver.close()
  File "C:\TIR_TESTE\venv\Lib\site-packages\selenium\webdriver\remote\webdriver.py", line 458, in close
    self.execute(Command.CLOSE)
  File "C:\TIR_TESTE\venv\Lib\site-packages\selenium\webdriver\remote\webdriver.py", line 347, in execute
    self.error_handler.check_response(response)
  File "C:\TIR_TESTE\venv\Lib\site-packages\selenium\webdriver\remote\errorhandler.py", line 229, in check_response
    raise exception_class(message, screen, stacktrace)
selenium.common.exceptions.InvalidSessionIdException: Message: Tried to run command without establishing a connection

