2025-12-11 09:59:59,042-DEBUG-root-10276::logging_config::logger|189:: Log file created: 'Log\GESIT03\TIR__20251211095959023.log'
2025-12-11 09:59:59,042-INFO-root-10276::base::Start|1183:: TIR Version: 2.4.3
2025-12-11 09:59:59,042-INFO-root-10276::base::Start|1184:: Python Version: 3.12.10
2025-12-11 09:59:59,042-INFO-root-10276::base::Start|1185:: Starting the browser
2025-12-11 10:00:07,690-INFO-root-10276::base::get_url|1294:: Page is ready!
2025-12-11 10:00:07,692-INFO-root-10276::base::Start|1256:: Browser maximized to 1936x1048
2025-12-11 10:00:07,692-INFO-root-10276::base::Start|1258:: Screen size is different from default used in headless mode
2025-12-11 10:00:08,589-INFO-root-10276::webapp_internal::Setup|247:: ***System Info*** in Setup():
2025-12-11 10:00:08,589-DEBUG-root-10276::psutil_info::system_info|5:: CPU USAGE: 15.9%
2025-12-11 10:00:08,591-DEBUG-root-10276::psutil_info::system_info|6:: MEMORY USAGE: 95.3%
2025-12-11 10:00:08,591-DEBUG-root-10276::psutil_info::system_info|7:: MEMORY AVAILABLE: 4.71%
2025-12-11 10:00:08,712-INFO-root-10276::base::webapp_shadowroot|1394:: Webapp: 10.1.6-RC4
2025-12-11 10:00:09,142-INFO-root-10276::webapp_internal::filling_initial_program|449:: Filling Initial Program: "SIGAMDI"
2025-12-11 10:00:09,142-DEBUG-root-10276::webapp_internal::wait_element|7623:: Waiting for element
2025-12-11 10:00:09,601-DEBUG-root-10276::webapp_internal::wait_element|7653:: Element found! Waiting for element to be displayed.
2025-12-11 10:00:09,751-DEBUG-root-10276::base::click|192:: Click Type: ClickType.JS
2025-12-11 10:00:09,755-DEBUG-root-10276::webapp_internal::try_send_keys|7976:: Trying to send keys to element using technique 0
2025-12-11 10:00:11,043-DEBUG-root-10276::webapp_internal::get_web_value|3232:: Current value: SIGAMDI
2025-12-11 10:00:11,043-INFO-root-10276::webapp_internal::filling_server_environment|463:: Filling Server Environment: "POUPEX_TST"
2025-12-11 10:00:11,043-DEBUG-root-10276::webapp_internal::wait_element|7623:: Waiting for element
2025-12-11 10:00:11,122-DEBUG-root-10276::webapp_internal::wait_element|7653:: Element found! Waiting for element to be displayed.
2025-12-11 10:00:11,277-DEBUG-root-10276::base::click|192:: Click Type: ClickType.JS
2025-12-11 10:00:11,281-DEBUG-root-10276::webapp_internal::try_send_keys|7976:: Trying to send keys to element using technique 0
2025-12-11 10:00:11,597-DEBUG-root-10276::webapp_internal::get_web_value|3232:: Current value: POUPEX_TST
2025-12-11 10:00:11,620-DEBUG-root-10276::base::click|192:: Click Type: ClickType.JS
2025-12-11 10:00:11,632-DEBUG-root-10276::webapp_internal::user_screen|519:: Filling user screen
2025-12-11 10:00:18,172-DEBUG-root-10276::base::scroll_to_element|759:: ********Warining scroll_to_element exception: Message: TypeError: can't access property "scrollIntoView", arguments[0] is null
Stacktrace:
@https://qasrverp:10020/webapp/:2:7
@https://qasrverp:10020/webapp/:3:8
*********
2025-12-11 10:00:18,198-DEBUG-root-10276::webapp_internal::wait_element_timeout|7726:: Element found! Waiting for element to be displayed.
2025-12-11 10:00:18,256-DEBUG-root-10276::base::scroll_to_element|759:: ********Warining scroll_to_element exception: Message: TypeError: can't access property "scrollIntoView", arguments[0] is null
Stacktrace:
@https://qasrverp:10020/webapp/:2:7
@https://qasrverp:10020/webapp/:3:8
*********
2025-12-11 10:00:18,400-INFO-root-10276::webapp_internal::user_screen|561:: Filling User
2025-12-11 10:00:18,426-DEBUG-root-10276::base::double_click|259:: Click Type: ClickType.SELENIUM
2025-12-11 10:00:18,608-DEBUG-root-10276::webapp_internal::get_web_value|3232:: Current value: 97137227104
2025-12-11 10:00:18,628-INFO-root-10276::webapp_internal::user_screen|621:: Filling Password
2025-12-11 10:00:18,648-DEBUG-root-10276::base::click|192:: Click Type: ClickType.JS
2025-12-11 10:00:18,718-DEBUG-root-10276::webapp_internal::get_web_value|3232:: Current value: Val20221080080094+
2025-12-11 10:00:18,718-DEBUG-root-10276::webapp_internal::wait_blocker|2444:: Waiting blocker to continue...
2025-12-11 10:00:18,744-DEBUG-root-10276::webapp_internal::wait_blocker|2469:: Blocker status: None
2025-12-11 10:00:18,765-DEBUG-root-10276::webapp_internal::wait_blocker|2444:: Waiting blocker to continue...
2025-12-11 10:00:18,794-DEBUG-root-10276::webapp_internal::wait_blocker|2469:: Blocker status: None
2025-12-11 10:00:18,825-DEBUG-root-10276::webapp_internal::wait_blocker|2444:: Waiting blocker to continue...
2025-12-11 10:00:18,854-DEBUG-root-10276::webapp_internal::wait_blocker|2469:: Blocker status: None
2025-12-11 10:00:18,854-DEBUG-root-10276::webapp_internal::send_action|10480:: Trying to send action
2025-12-11 10:00:18,861-DEBUG-root-10276::base::click|192:: Click Type: ClickType.JS
2025-12-11 10:00:19,898-DEBUG-root-10276::webapp_internal::send_action|10522:: send_action method result = True
2025-12-11 10:00:19,898-DEBUG-root-10276::webapp_internal::send_action|10523:: send_action selenium status: False
2025-12-11 10:00:22,578-DEBUG-root-10276::base::scroll_to_element|759:: ********Warining scroll_to_element exception: Message: TypeError: can't access property "scrollIntoView", arguments[0] is null
Stacktrace:
@https://qasrverp:10020/webapp/:2:7
@https://qasrverp:10020/webapp/:3:8
*********
2025-12-11 10:00:22,642-INFO-root-10276::webapp_internal::filling_date|885:: Filling Date: "11/12/2025"
2025-12-11 10:00:22,642-DEBUG-root-10276::webapp_internal::wait_blocker|2444:: Waiting blocker to continue...
2025-12-11 10:00:22,679-DEBUG-root-10276::webapp_internal::wait_blocker|2469:: Blocker status: None
2025-12-11 10:00:22,682-DEBUG-root-10276::base::click|192:: Click Type: ClickType.JS
2025-12-11 10:00:22,699-DEBUG-root-10276::webapp_internal::try_send_keys|7976:: Trying to send keys to element using technique 1
2025-12-11 10:00:22,774-DEBUG-root-10276::webapp_internal::get_web_value|3232:: Current value: 11/12/2025
2025-12-11 10:00:23,857-INFO-root-10276::webapp_internal::filling_group|955:: Filling Group: "02"
2025-12-11 10:00:23,857-DEBUG-root-10276::webapp_internal::wait_blocker|2444:: Waiting blocker to continue...
2025-12-11 10:00:23,900-DEBUG-root-10276::webapp_internal::wait_blocker|2469:: Blocker status: None
2025-12-11 10:00:23,903-DEBUG-root-10276::base::click|192:: Click Type: ClickType.JS
2025-12-11 10:00:23,962-DEBUG-root-10276::webapp_internal::get_web_value|3232:: Current value: 02
2025-12-11 10:00:25,024-INFO-root-10276::webapp_internal::filling_branch|1047:: Filling Branch: "02DF0001"
2025-12-11 10:00:25,024-DEBUG-root-10276::webapp_internal::wait_blocker|2444:: Waiting blocker to continue...
2025-12-11 10:00:25,056-DEBUG-root-10276::webapp_internal::wait_blocker|2469:: Blocker status: None
2025-12-11 10:00:25,059-DEBUG-root-10276::base::click|192:: Click Type: ClickType.JS
2025-12-11 10:00:25,110-DEBUG-root-10276::webapp_internal::get_web_value|3232:: Current value: 02DF0001
2025-12-11 10:00:26,192-INFO-root-10276::webapp_internal::filling_environment|1113:: Filling Environment: "07"
2025-12-11 10:00:26,192-DEBUG-root-10276::webapp_internal::wait_blocker|2444:: Waiting blocker to continue...
2025-12-11 10:00:26,224-DEBUG-root-10276::webapp_internal::wait_blocker|2469:: Blocker status: None
2025-12-11 10:00:26,227-DEBUG-root-10276::base::click|192:: Click Type: ClickType.JS
2025-12-11 10:00:26,279-DEBUG-root-10276::webapp_internal::get_web_value|3232:: Current value: 07
2025-12-11 10:00:27,289-DEBUG-root-10276::webapp_internal::close_warning_screen|1489:: Closing warning screen!
2025-12-11 10:00:28,318-DEBUG-root-10276::webapp_internal::check_screen_element|1291:: Checking screen element: "Atenção": False
2025-12-11 10:00:29,419-INFO-root-10276::webapp_internal::environment_screen|796:: Clicking on Button
2025-12-11 10:00:29,419-DEBUG-root-10276::webapp_internal::wait_blocker|2444:: Waiting blocker to continue...
2025-12-11 10:00:29,451-DEBUG-root-10276::webapp_internal::wait_blocker|2469:: Blocker status: None
2025-12-11 10:00:29,455-DEBUG-root-10276::base::click|192:: Click Type: ClickType.JS
2025-12-11 10:00:30,465-DEBUG-root-10276::base::click|192:: Click Type: ClickType.JS
2025-12-11 10:00:31,471-DEBUG-root-10276::base::click|192:: Click Type: ClickType.JS
2025-12-11 10:00:32,478-DEBUG-root-10276::base::click|192:: Click Type: ClickType.JS
2025-12-11 10:00:33,486-DEBUG-root-10276::base::click|192:: Click Type: ClickType.JS
2025-12-11 10:00:34,494-DEBUG-root-10276::base::click|192:: Click Type: ClickType.JS
2025-12-11 10:00:35,502-DEBUG-root-10276::webapp_internal::close_screen_before_menu|368:: Closing screen before the menu
2025-12-11 10:00:35,550-DEBUG-root-10276::webapp_internal::close_warning_screen|1489:: Closing warning screen!
2025-12-11 10:00:36,589-DEBUG-root-10276::webapp_internal::check_screen_element|1291:: Checking screen element: "Atenção": False
2025-12-11 10:00:36,589-DEBUG-root-10276::webapp_internal::close_coin_screen|1424:: Closing coin screen!
2025-12-11 10:00:37,141-DEBUG-root-10276::base::click|192:: Click Type: ClickType.JS
2025-12-11 10:00:37,198-DEBUG-root-10276::webapp_internal::close_warning_screen|1489:: Closing warning screen!
2025-12-11 10:00:38,533-DEBUG-root-10276::webapp_internal::check_screen_element|1291:: Checking screen element: "Atenção": False
2025-12-11 10:00:38,534-DEBUG-root-10276::webapp_internal::close_coin_screen|1424:: Closing coin screen!
2025-12-11 10:00:39,019-INFO-root-10276::webapp_internal::set_log_info|1623:: Getting log info
2025-12-11 10:00:39,019-INFO-root-10276::webapp_internal::SetLateralMenu|4184:: Navigating lateral menu: Ajuda > Sobre
2025-12-11 10:00:39,094-DEBUG-root-10276::webapp_internal::wait_element|7623:: Waiting for element
2025-12-11 10:00:39,183-DEBUG-root-10276::webapp_internal::wait_element|7653:: Element found! Waiting for element to be displayed.
2025-12-11 10:00:39,474-INFO-root-10276::webapp_internal::SetLateralMenu|4203:: Menu item: "Ajuda"
2025-12-11 10:00:39,475-DEBUG-root-10276::webapp_internal::wait_blocker|2444:: Waiting blocker to continue...
2025-12-11 10:00:39,642-DEBUG-root-10276::webapp_internal::wait_blocker|2469:: Blocker status: False
2025-12-11 10:00:40,097-DEBUG-root-10276::webapp_internal::wait_element_timeout|7726:: Element found! Waiting for element to be displayed.
2025-12-11 10:00:40,437-DEBUG-root-10276::webapp_internal::wait_blocker|2444:: Waiting blocker to continue...
2025-12-11 10:00:40,506-DEBUG-root-10276::webapp_internal::wait_blocker|2469:: Blocker status: False
2025-12-11 10:00:42,794-INFO-root-10276::webapp_internal::SetLateralMenu|4203:: Menu item: "Sobre"
2025-12-11 10:00:42,794-DEBUG-root-10276::webapp_internal::wait_blocker|2444:: Waiting blocker to continue...
2025-12-11 10:00:42,854-DEBUG-root-10276::webapp_internal::wait_blocker|2469:: Blocker status: False
2025-12-11 10:00:43,259-DEBUG-root-10276::webapp_internal::wait_element_timeout|7726:: Element found! Waiting for element to be displayed.
2025-12-11 10:00:43,614-DEBUG-root-10276::webapp_internal::wait_blocker|2444:: Waiting blocker to continue...
2025-12-11 10:00:43,678-DEBUG-root-10276::webapp_internal::wait_blocker|2469:: Blocker status: False
2025-12-11 10:00:46,299-DEBUG-root-10276::webapp_internal::wait_blocker|2444:: Waiting blocker to continue...
2025-12-11 10:00:46,367-DEBUG-root-10276::webapp_internal::wait_blocker|2469:: Blocker status: False
2025-12-11 10:00:46,435-DEBUG-root-10276::webapp_internal::wait_element|7623:: Waiting for element
2025-12-11 10:00:46,476-DEBUG-root-10276::webapp_internal::wait_element|7653:: Element found! Waiting for element to be displayed.
2025-12-11 10:00:46,647-INFO-root-10276::webapp_internal::SetButton|4444:: Clicking on Fechar
2025-12-11 10:00:46,648-DEBUG-root-10276::webapp_internal::wait_blocker|2444:: Waiting blocker to continue...
2025-12-11 10:00:46,716-DEBUG-root-10276::webapp_internal::wait_blocker|2469:: Blocker status: False
2025-12-11 10:00:46,922-DEBUG-root-10276::webapp_internal::wait_element_timeout|7726:: Element found! Waiting for element to be displayed.
2025-12-11 10:00:46,994-DEBUG-root-10276::webapp_internal::SetButton|4481:: ***System Info*** Before Clicking on button:Fechar
2025-12-11 10:00:46,994-DEBUG-root-10276::psutil_info::system_info|5:: CPU USAGE: 8.0%
2025-12-11 10:00:46,995-DEBUG-root-10276::psutil_info::system_info|6:: MEMORY USAGE: 95.7%
2025-12-11 10:00:46,995-DEBUG-root-10276::psutil_info::system_info|7:: MEMORY AVAILABLE: 4.29%
2025-12-11 10:00:47,154-DEBUG-root-10276::webapp_internal::wait_element_timeout|7726:: Element found! Waiting for element to be displayed.
2025-12-11 10:00:47,255-DEBUG-root-10276::webapp_internal::wait_blocker|2444:: Waiting blocker to continue...
2025-12-11 10:00:47,325-DEBUG-root-10276::webapp_internal::wait_blocker|2469:: Blocker status: False
2025-12-11 10:00:47,342-DEBUG-root-10276::webapp_internal::wait_blocker|2444:: Waiting blocker to continue...
2025-12-11 10:00:47,445-DEBUG-root-10276::webapp_internal::wait_blocker|2469:: Blocker status: False
2025-12-11 10:00:47,445-DEBUG-root-10276::webapp_internal::send_action|10480:: Trying to send action
2025-12-11 10:00:47,449-DEBUG-root-10276::base::click|192:: Click Type: ClickType.JS
2025-12-11 10:00:48,478-DEBUG-root-10276::webapp_internal::send_action|10522:: send_action method result = True
2025-12-11 10:00:48,478-DEBUG-root-10276::webapp_internal::send_action|10523:: send_action selenium status: False
2025-12-11 10:00:48,479-DEBUG-root-10276::webapp_internal::SetButton|4683:: ***System Info*** After Clicking on button:
2025-12-11 10:00:48,479-DEBUG-root-10276::psutil_info::system_info|5:: CPU USAGE: 7.3%
2025-12-11 10:00:48,479-DEBUG-root-10276::psutil_info::system_info|6:: MEMORY USAGE: 95.5%
2025-12-11 10:00:48,480-DEBUG-root-10276::psutil_info::system_info|7:: MEMORY AVAILABLE: 4.53%
2025-12-11 10:00:48,480-DEBUG-root-10276::webapp_internal::wait_element|7623:: Waiting for element
2025-12-11 10:00:48,570-INFO-root-10276::webapp_internal::SetLateralMenu|4184:: Navigating lateral menu: Atualizações > Gestao de Viagens > Solicitações
2025-12-11 10:00:48,579-DEBUG-root-10276::webapp_internal::wait_element|7623:: Waiting for element
2025-12-11 10:00:48,624-DEBUG-root-10276::webapp_internal::wait_element|7653:: Element found! Waiting for element to be displayed.
2025-12-11 10:00:48,791-INFO-root-10276::webapp_internal::SetLateralMenu|4203:: Menu item: "Atualizações"
2025-12-11 10:00:48,791-DEBUG-root-10276::webapp_internal::wait_blocker|2444:: Waiting blocker to continue...
2025-12-11 10:00:48,860-DEBUG-root-10276::webapp_internal::wait_blocker|2469:: Blocker status: False
2025-12-11 10:00:49,269-DEBUG-root-10276::webapp_internal::wait_element_timeout|7726:: Element found! Waiting for element to be displayed.
2025-12-11 10:00:49,645-DEBUG-root-10276::webapp_internal::wait_blocker|2444:: Waiting blocker to continue...
2025-12-11 10:00:49,707-DEBUG-root-10276::webapp_internal::wait_blocker|2469:: Blocker status: False
2025-12-11 10:00:51,986-INFO-root-10276::webapp_internal::SetLateralMenu|4203:: Menu item: "Gestao de Viagens"
2025-12-11 10:00:51,987-DEBUG-root-10276::webapp_internal::wait_blocker|2444:: Waiting blocker to continue...
2025-12-11 10:00:52,078-DEBUG-root-10276::webapp_internal::wait_blocker|2469:: Blocker status: False
2025-12-11 10:00:52,787-DEBUG-root-10276::webapp_internal::wait_element_timeout|7726:: Element found! Waiting for element to be displayed.
2025-12-11 10:00:53,566-DEBUG-root-10276::webapp_internal::wait_blocker|2444:: Waiting blocker to continue...
2025-12-11 10:00:53,672-DEBUG-root-10276::webapp_internal::wait_blocker|2469:: Blocker status: False
2025-12-11 10:00:55,958-INFO-root-10276::webapp_internal::SetLateralMenu|4203:: Menu item: "Solicitações"
2025-12-11 10:00:55,958-DEBUG-root-10276::webapp_internal::wait_blocker|2444:: Waiting blocker to continue...
2025-12-11 10:00:56,039-DEBUG-root-10276::webapp_internal::wait_blocker|2469:: Blocker status: False
2025-12-11 10:00:56,917-DEBUG-root-10276::webapp_internal::wait_element_timeout|7726:: Element found! Waiting for element to be displayed.
2025-12-11 10:00:57,748-DEBUG-root-10276::webapp_internal::wait_blocker|2444:: Waiting blocker to continue...
2025-12-11 10:00:57,826-DEBUG-root-10276::webapp_internal::wait_blocker|2469:: Blocker status: False
2025-12-11 10:01:01,346-DEBUG-root-10276::webapp_internal::wait_blocker|2444:: Waiting blocker to continue...
2025-12-11 10:01:01,421-DEBUG-root-10276::webapp_internal::wait_blocker|2469:: Blocker status: False
2025-12-11 10:01:01,497-INFO-root-10276::webapp_internal::WaitShow|4980:: Waiting show text 'Este ambiente utiliza base de Homologação.'...
2025-12-11 10:01:06,510-INFO-root-10276::webapp_internal::WaitShow|4980:: Waiting show text 'Moedas'...
2025-12-11 10:01:11,804-INFO-root-10276::webapp_internal::WaitShow|4980:: Waiting show text 'Solicitação de Viagens/Treinamento'...
2025-12-11 10:01:11,879-INFO-root-10276::webapp_internal::WaitShow|4996:: Text found! 
2025-12-11 10:01:11,879-INFO-root-10276::webapp_internal::SetButton|4444:: Clicking on Incluir
2025-12-11 10:01:11,879-DEBUG-root-10276::webapp_internal::wait_blocker|2444:: Waiting blocker to continue...
2025-12-11 10:01:12,011-DEBUG-root-10276::webapp_internal::wait_blocker|2469:: Blocker status: False
2025-12-11 10:01:12,494-DEBUG-root-10276::webapp_internal::wait_element_timeout|7726:: Element found! Waiting for element to be displayed.
2025-12-11 10:01:12,779-DEBUG-root-10276::webapp_internal::SetButton|4481:: ***System Info*** Before Clicking on button:Incluir
2025-12-11 10:01:12,779-DEBUG-root-10276::psutil_info::system_info|5:: CPU USAGE: 10.6%
2025-12-11 10:01:12,780-DEBUG-root-10276::psutil_info::system_info|6:: MEMORY USAGE: 94.6%
2025-12-11 10:01:12,780-DEBUG-root-10276::psutil_info::system_info|7:: MEMORY AVAILABLE: 5.44%
2025-12-11 10:01:13,159-DEBUG-root-10276::webapp_internal::wait_element_timeout|7726:: Element found! Waiting for element to be displayed.
2025-12-11 10:01:13,499-DEBUG-root-10276::webapp_internal::wait_blocker|2444:: Waiting blocker to continue...
2025-12-11 10:01:13,601-DEBUG-root-10276::webapp_internal::wait_blocker|2469:: Blocker status: False
2025-12-11 10:01:13,624-DEBUG-root-10276::webapp_internal::wait_blocker|2444:: Waiting blocker to continue...
2025-12-11 10:01:13,735-DEBUG-root-10276::webapp_internal::wait_blocker|2469:: Blocker status: False
2025-12-11 10:01:13,735-DEBUG-root-10276::webapp_internal::send_action|10480:: Trying to send action
2025-12-11 10:01:13,737-DEBUG-root-10276::base::click|192:: Click Type: ClickType.JS
2025-12-11 10:01:15,002-DEBUG-root-10276::webapp_internal::send_action|10522:: send_action method result = True
2025-12-11 10:01:15,003-DEBUG-root-10276::webapp_internal::send_action|10523:: send_action selenium status: True
2025-12-11 10:01:15,003-DEBUG-root-10276::webapp_internal::SetButton|4683:: ***System Info*** After Clicking on button:
2025-12-11 10:01:15,003-DEBUG-root-10276::psutil_info::system_info|5:: CPU USAGE: 12.4%
2025-12-11 10:01:15,004-DEBUG-root-10276::psutil_info::system_info|6:: MEMORY USAGE: 94.6%
2025-12-11 10:01:15,004-DEBUG-root-10276::psutil_info::system_info|7:: MEMORY AVAILABLE: 5.45%
2025-12-11 10:01:15,205-DEBUG-root-10276::webapp_internal::wait_blocker|2444:: Waiting blocker to continue...
2025-12-11 10:01:15,307-DEBUG-root-10276::webapp_internal::wait_blocker|2469:: Blocker status: False
2025-12-11 10:01:15,307-INFO-root-10276::webapp_internal::SearchBrowse|2003:: Searching: 02DF0001
2025-12-11 10:01:15,476-DEBUG-root-10276::webapp_internal::wait_element_timeout|7726:: Element found! Waiting for element to be displayed.
2025-12-11 10:01:15,589-DEBUG-root-10276::webapp_internal::wait_blocker|2444:: Waiting blocker to continue...
2025-12-11 10:01:15,692-DEBUG-root-10276::webapp_internal::wait_blocker|2469:: Blocker status: False
2025-12-11 10:01:15,706-DEBUG-root-10276::webapp_internal::wait_blocker|2444:: Waiting blocker to continue...
2025-12-11 10:01:15,809-DEBUG-root-10276::webapp_internal::wait_blocker|2469:: Blocker status: False
2025-12-11 10:01:15,809-INFO-root-10276::webapp_internal::fill_search_browse|2399:: Filling: 02DF0001
2025-12-11 10:01:15,823-DEBUG-root-10276::base::click|192:: Click Type: ClickType.JS
2025-12-11 10:01:16,917-DEBUG-root-10276::webapp_internal::wait_blocker|2444:: Waiting blocker to continue...
2025-12-11 10:01:17,026-DEBUG-root-10276::webapp_internal::wait_blocker|2469:: Blocker status: False
2025-12-11 10:01:17,028-DEBUG-root-10276::base::double_click|259:: Click Type: ClickType.SELENIUM
2025-12-11 10:01:17,039-WARNING-root-10276::base::double_click|280:: Warning double_click method Exception: Message: Element <button class="button-image" type="button"> is not clickable at point (1258,360) because another element <wa-button id="COMP6023" class="dict-tbutton focus"> obscures it
Stacktrace:
RemoteError@chrome://remote/content/shared/RemoteError.sys.mjs:8:8
WebDriverError@chrome://remote/content/shared/webdriver/Errors.sys.mjs:202:5
ElementClickInterceptedError@chrome://remote/content/shared/webdriver/Errors.sys.mjs:354:5
webdriverClickElement@chrome://remote/content/marionette/interaction.sys.mjs:175:11
interaction.clickElement@chrome://remote/content/marionette/interaction.sys.mjs:134:11
clickElement@chrome://remote/content/marionette/actors/MarionetteCommandsChild.sys.mjs:327:29
receiveMessage@chrome://remote/content/marionette/actors/MarionetteCommandsChild.sys.mjs:210:31

2025-12-11 10:01:17,324-INFO-root-10276::webapp_internal::SetButton|4444:: Clicking on OK
2025-12-11 10:01:17,324-DEBUG-root-10276::webapp_internal::wait_blocker|2444:: Waiting blocker to continue...
2025-12-11 10:01:17,452-DEBUG-root-10276::webapp_internal::wait_blocker|2469:: Blocker status: False
2025-12-11 10:01:17,756-DEBUG-root-10276::webapp_internal::wait_element_timeout|7726:: Element found! Waiting for element to be displayed.
2025-12-11 10:01:17,950-DEBUG-root-10276::webapp_internal::SetButton|4481:: ***System Info*** Before Clicking on button:OK
2025-12-11 10:01:17,951-DEBUG-root-10276::psutil_info::system_info|5:: CPU USAGE: 13.8%
2025-12-11 10:01:17,951-DEBUG-root-10276::psutil_info::system_info|6:: MEMORY USAGE: 94.7%
2025-12-11 10:01:17,951-DEBUG-root-10276::psutil_info::system_info|7:: MEMORY AVAILABLE: 5.33%
2025-12-11 10:01:18,236-DEBUG-root-10276::webapp_internal::wait_element_timeout|7726:: Element found! Waiting for element to be displayed.
2025-12-11 10:01:18,488-DEBUG-root-10276::webapp_internal::wait_blocker|2444:: Waiting blocker to continue...
2025-12-11 10:01:18,589-DEBUG-root-10276::webapp_internal::wait_blocker|2469:: Blocker status: False
2025-12-11 10:01:18,612-DEBUG-root-10276::webapp_internal::wait_blocker|2444:: Waiting blocker to continue...
2025-12-11 10:01:18,749-DEBUG-root-10276::webapp_internal::wait_blocker|2469:: Blocker status: False
2025-12-11 10:01:18,750-DEBUG-root-10276::webapp_internal::send_action|10480:: Trying to send action
2025-12-11 10:01:18,752-DEBUG-root-10276::base::click|192:: Click Type: ClickType.JS
2025-12-11 10:01:21,376-DEBUG-root-10276::webapp_internal::send_action|10522:: send_action method result = True
2025-12-11 10:01:21,376-DEBUG-root-10276::webapp_internal::send_action|10523:: send_action selenium status: True
2025-12-11 10:01:21,376-DEBUG-root-10276::webapp_internal::SetButton|4683:: ***System Info*** After Clicking on button:
2025-12-11 10:01:21,377-DEBUG-root-10276::psutil_info::system_info|5:: CPU USAGE: 13.2%
2025-12-11 10:01:21,377-DEBUG-root-10276::psutil_info::system_info|6:: MEMORY USAGE: 94.9%
2025-12-11 10:01:21,377-DEBUG-root-10276::psutil_info::system_info|7:: MEMORY AVAILABLE: 5.12%
2025-12-11 10:01:21,579-INFO-root-10276::webapp_internal::WaitShow|4980:: Waiting show text 'Solicitacoes de Viagens - INCLUIR'...
2025-12-11 10:01:21,829-INFO-root-10276::webapp_internal::WaitShow|4996:: Text found! 
2025-12-11 10:01:21,829-DEBUG-root-10276::webapp_internal::wait_blocker|2444:: Waiting blocker to continue...
2025-12-11 10:01:21,967-DEBUG-root-10276::webapp_internal::wait_blocker|2469:: Blocker status: False
2025-12-11 10:01:21,967-DEBUG-root-10276::webapp_internal::wait_element|7623:: Waiting for element
2025-12-11 10:01:22,056-DEBUG-root-10276::webapp_internal::wait_element|7653:: Element found! Waiting for element to be displayed.
2025-12-11 10:01:22,130-INFO-root-10276::webapp_internal::input_value|2941:: Looking for element: ZV3_DESCRI
2025-12-11 10:01:22,295-INFO-root-10276::webapp_internal::input_value|2951:: Element: ZV3_DESCRI Found!
2025-12-11 10:01:22,295-INFO-root-10276::webapp_internal::input_value|2953:: Filling element: ZV3_DESCRI
2025-12-11 10:01:22,326-DEBUG-root-10276::webapp_internal::get_web_value|3232:: Current value:                                                   
2025-12-11 10:01:22,373-DEBUG-root-10276::base::double_click|259:: Click Type: ClickType.SELENIUM
2025-12-11 10:01:22,642-DEBUG-root-10276::webapp_internal::wait_blocker|2444:: Waiting blocker to continue...
2025-12-11 10:01:22,777-DEBUG-root-10276::webapp_internal::wait_blocker|2469:: Blocker status: False
2025-12-11 10:01:23,155-DEBUG-root-10276::webapp_internal::get_web_value|3232:: Current value: USO PARA TESTE AUTOMATIZADO                       
2025-12-11 10:01:23,155-INFO-root-10276::webapp_internal::input_value|3059:: Current field value: USO PARA TESTE AUTOMATIZADO
2025-12-11 10:01:23,185-DEBUG-root-10276::webapp_internal::wait_blocker|2444:: Waiting blocker to continue...
2025-12-11 10:01:23,338-DEBUG-root-10276::webapp_internal::wait_blocker|2469:: Blocker status: False
2025-12-11 10:01:23,339-DEBUG-root-10276::webapp_internal::wait_element|7623:: Waiting for element
2025-12-11 10:01:23,424-DEBUG-root-10276::webapp_internal::wait_element|7653:: Element found! Waiting for element to be displayed.
2025-12-11 10:01:23,493-INFO-root-10276::webapp_internal::input_value|2941:: Looking for element: ZV3_DTINI
2025-12-11 10:01:23,670-INFO-root-10276::webapp_internal::input_value|2951:: Element: ZV3_DTINI Found!
2025-12-11 10:01:23,671-INFO-root-10276::webapp_internal::input_value|2953:: Filling element: ZV3_DTINI
2025-12-11 10:01:23,703-DEBUG-root-10276::webapp_internal::get_web_value|3232:: Current value:   /  /    
2025-12-11 10:01:23,757-DEBUG-root-10276::base::double_click|259:: Click Type: ClickType.SELENIUM
2025-12-11 10:01:24,039-DEBUG-root-10276::webapp_internal::wait_blocker|2444:: Waiting blocker to continue...
2025-12-11 10:01:24,173-DEBUG-root-10276::webapp_internal::wait_blocker|2469:: Blocker status: False
2025-12-11 10:01:24,503-DEBUG-root-10276::webapp_internal::get_web_value|3232:: Current value: 24/12/2025
2025-12-11 10:01:24,504-INFO-root-10276::webapp_internal::input_value|3059:: Current field value: 24122025
2025-12-11 10:01:24,513-DEBUG-root-10276::webapp_internal::wait_blocker|2444:: Waiting blocker to continue...
2025-12-11 10:01:24,691-DEBUG-root-10276::webapp_internal::wait_blocker|2469:: Blocker status: False
2025-12-11 10:01:24,691-DEBUG-root-10276::webapp_internal::wait_element|7623:: Waiting for element
2025-12-11 10:01:24,787-DEBUG-root-10276::webapp_internal::wait_element|7653:: Element found! Waiting for element to be displayed.
2025-12-11 10:01:24,874-INFO-root-10276::webapp_internal::input_value|2941:: Looking for element: ZV3_DTFIM
2025-12-11 10:01:25,111-INFO-root-10276::webapp_internal::input_value|2951:: Element: ZV3_DTFIM Found!
2025-12-11 10:01:25,112-INFO-root-10276::webapp_internal::input_value|2953:: Filling element: ZV3_DTFIM
2025-12-11 10:01:25,186-DEBUG-root-10276::webapp_internal::get_web_value|3232:: Current value:   /  /    
2025-12-11 10:01:25,235-DEBUG-root-10276::base::double_click|259:: Click Type: ClickType.SELENIUM
2025-12-11 10:01:25,494-DEBUG-root-10276::webapp_internal::wait_blocker|2444:: Waiting blocker to continue...
2025-12-11 10:01:25,646-DEBUG-root-10276::webapp_internal::wait_blocker|2469:: Blocker status: False
2025-12-11 10:01:25,959-DEBUG-root-10276::webapp_internal::get_web_value|3232:: Current value: 31/12/2025
2025-12-11 10:01:25,959-INFO-root-10276::webapp_internal::input_value|3059:: Current field value: 31122025
2025-12-11 10:01:26,972-DEBUG-root-10276::webapp_internal::wait_blocker|2444:: Waiting blocker to continue...
2025-12-11 10:01:27,169-DEBUG-root-10276::webapp_internal::wait_blocker|2469:: Blocker status: False
2025-12-11 10:01:27,169-DEBUG-root-10276::webapp_internal::wait_element|7623:: Waiting for element
2025-12-11 10:01:27,254-DEBUG-root-10276::webapp_internal::wait_element|7653:: Element found! Waiting for element to be displayed.
2025-12-11 10:01:27,323-INFO-root-10276::webapp_internal::input_value|2941:: Looking for element: ZV3_CC
2025-12-11 10:01:27,491-INFO-root-10276::webapp_internal::input_value|2951:: Element: ZV3_CC Found!
2025-12-11 10:01:27,491-INFO-root-10276::webapp_internal::input_value|2953:: Filling element: ZV3_CC
2025-12-11 10:01:27,524-DEBUG-root-10276::webapp_internal::get_web_value|3232:: Current value:          
2025-12-11 10:01:27,573-DEBUG-root-10276::base::double_click|259:: Click Type: ClickType.SELENIUM
2025-12-11 10:01:27,839-DEBUG-root-10276::webapp_internal::wait_blocker|2444:: Waiting blocker to continue...
2025-12-11 10:01:27,995-DEBUG-root-10276::webapp_internal::wait_blocker|2469:: Blocker status: False
2025-12-11 10:01:28,327-DEBUG-root-10276::webapp_internal::get_web_value|3232:: Current value: 000000677
2025-12-11 10:01:28,327-INFO-root-10276::webapp_internal::input_value|3059:: Current field value: 000000677
2025-12-11 10:01:28,339-DEBUG-root-10276::webapp_internal::wait_blocker|2444:: Waiting blocker to continue...
2025-12-11 10:01:28,486-DEBUG-root-10276::webapp_internal::wait_blocker|2469:: Blocker status: False
2025-12-11 10:01:28,486-DEBUG-root-10276::webapp_internal::wait_element|7623:: Waiting for element
2025-12-11 10:01:28,575-DEBUG-root-10276::webapp_internal::wait_element|7653:: Element found! Waiting for element to be displayed.
2025-12-11 10:01:28,646-INFO-root-10276::webapp_internal::input_value|2941:: Looking for element: ZV3_TIPO
2025-12-11 10:01:28,821-INFO-root-10276::webapp_internal::input_value|2951:: Element: ZV3_TIPO Found!
2025-12-11 10:01:28,821-INFO-root-10276::webapp_internal::input_value|2953:: Filling element: ZV3_TIPO
2025-12-11 10:01:30,029-INFO-root-10276::base::select_combo|871:: Selected value for combo is: 1 - Servico
2025-12-11 10:01:30,075-DEBUG-root-10276::webapp_internal::wait_blocker|2444:: Waiting blocker to continue...
2025-12-11 10:01:30,217-DEBUG-root-10276::webapp_internal::wait_blocker|2469:: Blocker status: False
2025-12-11 10:01:30,217-DEBUG-root-10276::webapp_internal::wait_element|7623:: Waiting for element
2025-12-11 10:01:30,304-DEBUG-root-10276::webapp_internal::wait_element|7653:: Element found! Waiting for element to be displayed.
2025-12-11 10:01:30,400-INFO-root-10276::webapp_internal::input_value|2941:: Looking for element: ZV3_OBS
2025-12-11 10:01:30,629-INFO-root-10276::webapp_internal::input_value|2951:: Element: ZV3_OBS Found!
2025-12-11 10:01:30,629-INFO-root-10276::webapp_internal::input_value|2953:: Filling element: ZV3_OBS
2025-12-11 10:01:30,668-DEBUG-root-10276::webapp_internal::get_web_value|3232:: Current value: 
2025-12-11 10:01:30,691-DEBUG-root-10276::base::double_click|259:: Click Type: ClickType.SELENIUM
2025-12-11 10:01:30,955-DEBUG-root-10276::webapp_internal::wait_blocker|2444:: Waiting blocker to continue...
2025-12-11 10:01:31,102-DEBUG-root-10276::webapp_internal::wait_blocker|2469:: Blocker status: False
2025-12-11 10:01:31,446-DEBUG-root-10276::webapp_internal::get_web_value|3232:: Current value: TESTE DE SOLICITAÇÃO DE VIAGEM
2025-12-11 10:01:31,446-INFO-root-10276::webapp_internal::input_value|3059:: Current field value: TESTE DE SOLICITAÇÃO DE VIAGEM
2025-12-11 10:01:31,460-DEBUG-root-10276::webapp_internal::wait_blocker|2444:: Waiting blocker to continue...
2025-12-11 10:01:31,616-DEBUG-root-10276::webapp_internal::wait_blocker|2469:: Blocker status: False
2025-12-11 10:01:31,617-INFO-root-10276::webapp_internal::SetKey|5822:: Key pressed: TAB
2025-12-11 10:01:31,617-DEBUG-root-10276::webapp_internal::SetKey|5857:: Trying press key
2025-12-11 10:01:31,753-DEBUG-root-10276::webapp_internal::wait_blocker|2444:: Waiting blocker to continue...
2025-12-11 10:01:31,885-DEBUG-root-10276::webapp_internal::wait_blocker|2469:: Blocker status: False
2025-12-11 10:01:31,913-DEBUG-root-10276::webapp_internal::wait_blocker|2444:: Waiting blocker to continue...
2025-12-11 10:01:32,046-DEBUG-root-10276::webapp_internal::wait_blocker|2469:: Blocker status: False
2025-12-11 10:01:32,047-DEBUG-root-10276::webapp_internal::send_action|10480:: Trying to send action
2025-12-11 10:01:33,088-DEBUG-root-10276::webapp_internal::send_action|10522:: send_action method result = True
2025-12-11 10:01:33,088-DEBUG-root-10276::webapp_internal::send_action|10523:: send_action selenium status: False
2025-12-11 10:01:33,089-DEBUG-root-10276::webapp_internal::wait_element|7623:: Waiting for element
2025-12-11 10:01:33,190-DEBUG-root-10276::webapp_internal::wait_element|7653:: Element found! Waiting for element to be displayed.
2025-12-11 10:01:33,469-DEBUG-root-10276::webapp_internal::wait_blocker|2444:: Waiting blocker to continue...
2025-12-11 10:01:33,604-DEBUG-root-10276::webapp_internal::wait_blocker|2469:: Blocker status: False
2025-12-11 10:01:33,604-INFO-root-10276::webapp_internal::LoadGrid|6298:: Filling grid field: Favorecido
2025-12-11 10:01:33,604-DEBUG-root-10276::webapp_internal::fill_grid|6399:: Grid loading...
2025-12-11 10:01:33,770-DEBUG-root-10276::webapp_internal::fill_grid|6466:: Column found!
2025-12-11 10:01:33,808-DEBUG-root-10276::base::click|192:: Click Type: ClickType.ACTIONCHAINS
2025-12-11 10:01:34,109-DEBUG-root-10276::webapp_internal::fill_grid|6486:: Trying to select cell in grid!
2025-12-11 10:01:34,111-DEBUG-root-10276::base::click|192:: Click Type: ClickType.ACTIONCHAINS
2025-12-11 10:01:34,401-DEBUG-root-10276::webapp_internal::fill_grid|6486:: Trying to select cell in grid!
2025-12-11 10:01:34,404-DEBUG-root-10276::base::click|192:: Click Type: ClickType.ACTIONCHAINS
2025-12-11 10:01:34,690-DEBUG-root-10276::webapp_internal::fill_grid|6486:: Trying to select cell in grid!
2025-12-11 10:01:34,692-DEBUG-root-10276::base::click|192:: Click Type: ClickType.ACTIONCHAINS
2025-12-11 10:01:34,970-DEBUG-root-10276::webapp_internal::fill_grid|6486:: Trying to select cell in grid!
2025-12-11 10:01:34,973-DEBUG-root-10276::base::click|192:: Click Type: ClickType.ACTIONCHAINS
2025-12-11 10:01:35,261-DEBUG-root-10276::webapp_internal::fill_grid|6486:: Trying to select cell in grid!
2025-12-11 10:01:35,263-DEBUG-root-10276::base::click|192:: Click Type: ClickType.ACTIONCHAINS
2025-12-11 10:01:35,556-DEBUG-root-10276::webapp_internal::fill_grid|6486:: Trying to select cell in grid!
2025-12-11 10:01:35,558-DEBUG-root-10276::base::click|192:: Click Type: ClickType.ACTIONCHAINS
2025-12-11 10:01:35,843-DEBUG-root-10276::webapp_internal::fill_grid|6486:: Trying to select cell in grid!
2025-12-11 10:01:35,844-DEBUG-root-10276::base::click|192:: Click Type: ClickType.ACTIONCHAINS
2025-12-11 10:01:36,134-DEBUG-root-10276::webapp_internal::fill_grid|6486:: Trying to select cell in grid!
2025-12-11 10:01:36,136-DEBUG-root-10276::base::click|192:: Click Type: ClickType.ACTIONCHAINS
2025-12-11 10:01:36,429-DEBUG-root-10276::webapp_internal::fill_grid|6486:: Trying to select cell in grid!
2025-12-11 10:01:36,434-DEBUG-root-10276::base::click|192:: Click Type: ClickType.ACTIONCHAINS
2025-12-11 10:01:36,725-DEBUG-root-10276::webapp_internal::fill_grid|6486:: Trying to select cell in grid!
2025-12-11 10:01:36,727-DEBUG-root-10276::base::click|192:: Click Type: ClickType.ACTIONCHAINS
2025-12-11 10:01:37,021-DEBUG-root-10276::webapp_internal::fill_grid|6486:: Trying to select cell in grid!
2025-12-11 10:01:37,023-DEBUG-root-10276::base::click|192:: Click Type: ClickType.ACTIONCHAINS
2025-12-11 10:01:37,311-DEBUG-root-10276::webapp_internal::fill_grid|6486:: Trying to select cell in grid!
2025-12-11 10:01:37,313-DEBUG-root-10276::base::click|192:: Click Type: ClickType.ACTIONCHAINS
2025-12-11 10:01:37,610-DEBUG-root-10276::webapp_internal::fill_grid|6486:: Trying to select cell in grid!
2025-12-11 10:01:37,612-DEBUG-root-10276::base::click|192:: Click Type: ClickType.ACTIONCHAINS
2025-12-11 10:01:37,901-DEBUG-root-10276::webapp_internal::fill_grid|6486:: Trying to select cell in grid!
2025-12-11 10:01:37,904-DEBUG-root-10276::base::click|192:: Click Type: ClickType.ACTIONCHAINS
2025-12-11 10:01:38,192-DEBUG-root-10276::webapp_internal::fill_grid|6486:: Trying to select cell in grid!
2025-12-11 10:01:38,194-DEBUG-root-10276::base::click|192:: Click Type: ClickType.ACTIONCHAINS
2025-12-11 10:01:38,493-DEBUG-root-10276::webapp_internal::fill_grid|6486:: Trying to select cell in grid!
2025-12-11 10:01:38,495-DEBUG-root-10276::base::click|192:: Click Type: ClickType.ACTIONCHAINS
2025-12-11 10:01:38,786-DEBUG-root-10276::webapp_internal::fill_grid|6486:: Trying to select cell in grid!
2025-12-11 10:01:38,788-DEBUG-root-10276::base::click|192:: Click Type: ClickType.ACTIONCHAINS
2025-12-11 10:01:39,079-DEBUG-root-10276::webapp_internal::fill_grid|6486:: Trying to select cell in grid!
2025-12-11 10:01:39,084-DEBUG-root-10276::base::click|192:: Click Type: ClickType.ACTIONCHAINS
2025-12-11 10:01:39,373-DEBUG-root-10276::webapp_internal::fill_grid|6486:: Trying to select cell in grid!
2025-12-11 10:01:39,375-DEBUG-root-10276::base::click|192:: Click Type: ClickType.ACTIONCHAINS
2025-12-11 10:01:39,639-DEBUG-root-10276::webapp_internal::fill_grid|6486:: Trying to select cell in grid!
2025-12-11 10:01:39,641-DEBUG-root-10276::base::click|192:: Click Type: ClickType.ACTIONCHAINS
2025-12-11 10:01:39,929-DEBUG-root-10276::webapp_internal::fill_grid|6486:: Trying to select cell in grid!
2025-12-11 10:01:39,934-DEBUG-root-10276::base::click|192:: Click Type: ClickType.ACTIONCHAINS
2025-12-11 10:01:40,224-DEBUG-root-10276::webapp_internal::fill_grid|6486:: Trying to select cell in grid!
2025-12-11 10:01:40,225-DEBUG-root-10276::base::click|192:: Click Type: ClickType.ACTIONCHAINS
2025-12-11 10:01:40,504-DEBUG-root-10276::webapp_internal::fill_grid|6486:: Trying to select cell in grid!
2025-12-11 10:01:40,507-DEBUG-root-10276::base::click|192:: Click Type: ClickType.ACTIONCHAINS
2025-12-11 10:01:40,796-DEBUG-root-10276::webapp_internal::fill_grid|6486:: Trying to select cell in grid!
2025-12-11 10:01:40,801-DEBUG-root-10276::base::click|192:: Click Type: ClickType.ACTIONCHAINS
2025-12-11 10:01:41,091-DEBUG-root-10276::webapp_internal::fill_grid|6486:: Trying to select cell in grid!
2025-12-11 10:01:41,093-DEBUG-root-10276::base::click|192:: Click Type: ClickType.ACTIONCHAINS
2025-12-11 10:01:41,372-DEBUG-root-10276::webapp_internal::fill_grid|6486:: Trying to select cell in grid!
2025-12-11 10:01:41,374-DEBUG-root-10276::base::click|192:: Click Type: ClickType.ACTIONCHAINS
2025-12-11 10:01:41,667-DEBUG-root-10276::webapp_internal::fill_grid|6486:: Trying to select cell in grid!
2025-12-11 10:01:41,670-DEBUG-root-10276::base::click|192:: Click Type: ClickType.ACTIONCHAINS
2025-12-11 10:01:41,958-DEBUG-root-10276::webapp_internal::fill_grid|6486:: Trying to select cell in grid!
2025-12-11 10:01:41,960-DEBUG-root-10276::base::click|192:: Click Type: ClickType.ACTIONCHAINS
2025-12-11 10:01:42,257-DEBUG-root-10276::webapp_internal::fill_grid|6486:: Trying to select cell in grid!
2025-12-11 10:01:42,259-DEBUG-root-10276::base::click|192:: Click Type: ClickType.ACTIONCHAINS
2025-12-11 10:01:42,558-DEBUG-root-10276::webapp_internal::fill_grid|6486:: Trying to select cell in grid!
2025-12-11 10:01:42,561-DEBUG-root-10276::base::click|192:: Click Type: ClickType.ACTIONCHAINS
2025-12-11 10:01:42,856-DEBUG-root-10276::webapp_internal::fill_grid|6486:: Trying to select cell in grid!
2025-12-11 10:01:42,859-DEBUG-root-10276::base::click|192:: Click Type: ClickType.ACTIONCHAINS
2025-12-11 10:01:43,152-DEBUG-root-10276::webapp_internal::fill_grid|6486:: Trying to select cell in grid!
2025-12-11 10:01:43,155-DEBUG-root-10276::base::click|192:: Click Type: ClickType.ACTIONCHAINS
2025-12-11 10:01:43,442-DEBUG-root-10276::webapp_internal::fill_grid|6486:: Trying to select cell in grid!
2025-12-11 10:01:43,445-DEBUG-root-10276::base::click|192:: Click Type: ClickType.ACTIONCHAINS
2025-12-11 10:01:43,736-DEBUG-root-10276::webapp_internal::fill_grid|6486:: Trying to select cell in grid!
2025-12-11 10:01:43,738-DEBUG-root-10276::base::click|192:: Click Type: ClickType.ACTIONCHAINS
2025-12-11 10:01:44,030-DEBUG-root-10276::webapp_internal::fill_grid|6486:: Trying to select cell in grid!
2025-12-11 10:01:44,033-DEBUG-root-10276::base::click|192:: Click Type: ClickType.ACTIONCHAINS
2025-12-11 10:01:44,324-DEBUG-root-10276::webapp_internal::fill_grid|6486:: Trying to select cell in grid!
2025-12-11 10:01:44,326-DEBUG-root-10276::base::click|192:: Click Type: ClickType.ACTIONCHAINS
2025-12-11 10:01:44,619-DEBUG-root-10276::webapp_internal::fill_grid|6486:: Trying to select cell in grid!
2025-12-11 10:01:44,621-DEBUG-root-10276::base::click|192:: Click Type: ClickType.ACTIONCHAINS
2025-12-11 10:01:44,913-DEBUG-root-10276::webapp_internal::fill_grid|6486:: Trying to select cell in grid!
2025-12-11 10:01:44,918-DEBUG-root-10276::base::click|192:: Click Type: ClickType.ACTIONCHAINS
2025-12-11 10:01:45,208-DEBUG-root-10276::webapp_internal::fill_grid|6486:: Trying to select cell in grid!
2025-12-11 10:01:45,210-DEBUG-root-10276::base::click|192:: Click Type: ClickType.ACTIONCHAINS
2025-12-11 10:01:45,504-DEBUG-root-10276::webapp_internal::fill_grid|6486:: Trying to select cell in grid!
2025-12-11 10:01:45,506-DEBUG-root-10276::base::click|192:: Click Type: ClickType.ACTIONCHAINS
2025-12-11 10:01:45,793-DEBUG-root-10276::webapp_internal::fill_grid|6486:: Trying to select cell in grid!
2025-12-11 10:01:45,795-DEBUG-root-10276::base::click|192:: Click Type: ClickType.ACTIONCHAINS
2025-12-11 10:01:46,089-DEBUG-root-10276::webapp_internal::fill_grid|6486:: Trying to select cell in grid!
2025-12-11 10:01:46,091-DEBUG-root-10276::base::click|192:: Click Type: ClickType.ACTIONCHAINS
2025-12-11 10:01:46,371-DEBUG-root-10276::webapp_internal::fill_grid|6486:: Trying to select cell in grid!
2025-12-11 10:01:46,372-DEBUG-root-10276::base::click|192:: Click Type: ClickType.ACTIONCHAINS
2025-12-11 10:01:46,642-DEBUG-root-10276::webapp_internal::fill_grid|6486:: Trying to select cell in grid!
2025-12-11 10:01:46,644-DEBUG-root-10276::base::click|192:: Click Type: ClickType.ACTIONCHAINS
2025-12-11 10:01:46,936-DEBUG-root-10276::webapp_internal::fill_grid|6486:: Trying to select cell in grid!
2025-12-11 10:01:46,939-DEBUG-root-10276::base::click|192:: Click Type: ClickType.ACTIONCHAINS
2025-12-11 10:01:47,229-DEBUG-root-10276::webapp_internal::fill_grid|6486:: Trying to select cell in grid!
2025-12-11 10:01:47,233-DEBUG-root-10276::base::click|192:: Click Type: ClickType.ACTIONCHAINS
2025-12-11 10:01:47,525-DEBUG-root-10276::webapp_internal::fill_grid|6486:: Trying to select cell in grid!
2025-12-11 10:01:47,527-DEBUG-root-10276::base::click|192:: Click Type: ClickType.ACTIONCHAINS
2025-12-11 10:01:47,820-DEBUG-root-10276::webapp_internal::fill_grid|6486:: Trying to select cell in grid!
2025-12-11 10:01:47,822-DEBUG-root-10276::base::click|192:: Click Type: ClickType.ACTIONCHAINS
2025-12-11 10:01:48,087-DEBUG-root-10276::webapp_internal::fill_grid|6486:: Trying to select cell in grid!
2025-12-11 10:01:48,089-DEBUG-root-10276::base::click|192:: Click Type: ClickType.ACTIONCHAINS
2025-12-11 10:01:48,376-DEBUG-root-10276::webapp_internal::fill_grid|6486:: Trying to select cell in grid!
2025-12-11 10:01:48,377-DEBUG-root-10276::base::click|192:: Click Type: ClickType.ACTIONCHAINS
2025-12-11 10:01:48,673-DEBUG-root-10276::webapp_internal::fill_grid|6486:: Trying to select cell in grid!
2025-12-11 10:01:48,675-DEBUG-root-10276::base::click|192:: Click Type: ClickType.ACTIONCHAINS
2025-12-11 10:01:48,974-DEBUG-root-10276::webapp_internal::fill_grid|6486:: Trying to select cell in grid!
2025-12-11 10:01:48,976-DEBUG-root-10276::base::click|192:: Click Type: ClickType.ACTIONCHAINS
2025-12-11 10:01:49,259-DEBUG-root-10276::webapp_internal::fill_grid|6486:: Trying to select cell in grid!
2025-12-11 10:01:49,261-DEBUG-root-10276::base::click|192:: Click Type: ClickType.ACTIONCHAINS
2025-12-11 10:01:49,554-DEBUG-root-10276::webapp_internal::fill_grid|6486:: Trying to select cell in grid!
2025-12-11 10:01:49,556-DEBUG-root-10276::base::click|192:: Click Type: ClickType.ACTIONCHAINS
2025-12-11 10:01:49,821-DEBUG-root-10276::webapp_internal::fill_grid|6486:: Trying to select cell in grid!
2025-12-11 10:01:49,823-DEBUG-root-10276::base::click|192:: Click Type: ClickType.ACTIONCHAINS
2025-12-11 10:01:50,111-DEBUG-root-10276::webapp_internal::fill_grid|6486:: Trying to select cell in grid!
2025-12-11 10:01:50,116-DEBUG-root-10276::base::click|192:: Click Type: ClickType.ACTIONCHAINS
2025-12-11 10:01:50,407-DEBUG-root-10276::webapp_internal::fill_grid|6486:: Trying to select cell in grid!
2025-12-11 10:01:50,409-DEBUG-root-10276::base::click|192:: Click Type: ClickType.ACTIONCHAINS
2025-12-11 10:01:50,703-DEBUG-root-10276::webapp_internal::fill_grid|6486:: Trying to select cell in grid!
2025-12-11 10:01:50,705-DEBUG-root-10276::base::click|192:: Click Type: ClickType.ACTIONCHAINS
2025-12-11 10:01:50,994-DEBUG-root-10276::webapp_internal::fill_grid|6486:: Trying to select cell in grid!
2025-12-11 10:01:50,996-DEBUG-root-10276::base::click|192:: Click Type: ClickType.ACTIONCHAINS
2025-12-11 10:01:51,291-DEBUG-root-10276::webapp_internal::fill_grid|6486:: Trying to select cell in grid!
2025-12-11 10:01:51,292-DEBUG-root-10276::base::click|192:: Click Type: ClickType.ACTIONCHAINS
2025-12-11 10:01:51,579-DEBUG-root-10276::webapp_internal::fill_grid|6486:: Trying to select cell in grid!
2025-12-11 10:01:51,584-DEBUG-root-10276::base::click|192:: Click Type: ClickType.ACTIONCHAINS
2025-12-11 10:01:51,875-DEBUG-root-10276::webapp_internal::fill_grid|6486:: Trying to select cell in grid!
2025-12-11 10:01:51,877-DEBUG-root-10276::base::click|192:: Click Type: ClickType.ACTIONCHAINS
2025-12-11 10:01:52,173-DEBUG-root-10276::webapp_internal::fill_grid|6486:: Trying to select cell in grid!
2025-12-11 10:01:52,175-DEBUG-root-10276::base::click|192:: Click Type: ClickType.ACTIONCHAINS
2025-12-11 10:01:52,467-DEBUG-root-10276::webapp_internal::fill_grid|6486:: Trying to select cell in grid!
2025-12-11 10:01:52,470-DEBUG-root-10276::base::click|192:: Click Type: ClickType.ACTIONCHAINS
2025-12-11 10:01:52,759-DEBUG-root-10276::webapp_internal::fill_grid|6486:: Trying to select cell in grid!
2025-12-11 10:01:52,761-DEBUG-root-10276::base::click|192:: Click Type: ClickType.ACTIONCHAINS
2025-12-11 10:01:53,026-DEBUG-root-10276::webapp_internal::fill_grid|6486:: Trying to select cell in grid!
2025-12-11 10:01:53,029-DEBUG-root-10276::base::click|192:: Click Type: ClickType.ACTIONCHAINS
2025-12-11 10:01:53,324-DEBUG-root-10276::webapp_internal::fill_grid|6486:: Trying to select cell in grid!
2025-12-11 10:01:53,326-DEBUG-root-10276::base::click|192:: Click Type: ClickType.ACTIONCHAINS
2025-12-11 10:01:53,613-DEBUG-root-10276::webapp_internal::fill_grid|6486:: Trying to select cell in grid!
2025-12-11 10:01:53,617-DEBUG-root-10276::base::click|192:: Click Type: ClickType.ACTIONCHAINS
2025-12-11 10:01:53,907-DEBUG-root-10276::webapp_internal::fill_grid|6486:: Trying to select cell in grid!
2025-12-11 10:01:53,909-DEBUG-root-10276::base::click|192:: Click Type: ClickType.ACTIONCHAINS
2025-12-11 10:01:54,208-DEBUG-root-10276::webapp_internal::fill_grid|6486:: Trying to select cell in grid!
2025-12-11 10:01:54,211-DEBUG-root-10276::base::click|192:: Click Type: ClickType.ACTIONCHAINS
2025-12-11 10:01:54,506-DEBUG-root-10276::webapp_internal::fill_grid|6486:: Trying to select cell in grid!
2025-12-11 10:01:54,510-DEBUG-root-10276::base::click|192:: Click Type: ClickType.ACTIONCHAINS
2025-12-11 10:01:54,801-DEBUG-root-10276::webapp_internal::fill_grid|6486:: Trying to select cell in grid!
2025-12-11 10:01:54,805-DEBUG-root-10276::base::click|192:: Click Type: ClickType.ACTIONCHAINS
2025-12-11 10:01:55,093-DEBUG-root-10276::webapp_internal::fill_grid|6486:: Trying to select cell in grid!
2025-12-11 10:01:55,095-DEBUG-root-10276::base::click|192:: Click Type: ClickType.ACTIONCHAINS
2025-12-11 10:01:55,389-DEBUG-root-10276::webapp_internal::fill_grid|6486:: Trying to select cell in grid!
2025-12-11 10:01:55,391-DEBUG-root-10276::base::click|192:: Click Type: ClickType.ACTIONCHAINS
2025-12-11 10:01:55,676-DEBUG-root-10276::webapp_internal::fill_grid|6486:: Trying to select cell in grid!
2025-12-11 10:01:55,678-DEBUG-root-10276::base::click|192:: Click Type: ClickType.ACTIONCHAINS
2025-12-11 10:01:55,972-DEBUG-root-10276::webapp_internal::fill_grid|6486:: Trying to select cell in grid!
2025-12-11 10:01:55,974-DEBUG-root-10276::base::click|192:: Click Type: ClickType.ACTIONCHAINS
2025-12-11 10:01:56,268-DEBUG-root-10276::webapp_internal::fill_grid|6486:: Trying to select cell in grid!
2025-12-11 10:01:56,271-DEBUG-root-10276::base::click|192:: Click Type: ClickType.ACTIONCHAINS
2025-12-11 10:01:56,560-DEBUG-root-10276::webapp_internal::fill_grid|6486:: Trying to select cell in grid!
2025-12-11 10:01:56,561-DEBUG-root-10276::base::click|192:: Click Type: ClickType.ACTIONCHAINS
2025-12-11 10:01:56,856-DEBUG-root-10276::webapp_internal::fill_grid|6486:: Trying to select cell in grid!
2025-12-11 10:01:56,857-DEBUG-root-10276::base::click|192:: Click Type: ClickType.ACTIONCHAINS
2025-12-11 10:01:57,152-DEBUG-root-10276::webapp_internal::fill_grid|6486:: Trying to select cell in grid!
2025-12-11 10:01:57,155-DEBUG-root-10276::base::click|192:: Click Type: ClickType.ACTIONCHAINS
2025-12-11 10:01:57,444-DEBUG-root-10276::webapp_internal::fill_grid|6486:: Trying to select cell in grid!
2025-12-11 10:01:57,446-DEBUG-root-10276::base::click|192:: Click Type: ClickType.ACTIONCHAINS
2025-12-11 10:01:57,736-DEBUG-root-10276::webapp_internal::fill_grid|6486:: Trying to select cell in grid!
2025-12-11 10:01:57,739-DEBUG-root-10276::base::click|192:: Click Type: ClickType.ACTIONCHAINS
2025-12-11 10:01:58,033-DEBUG-root-10276::webapp_internal::fill_grid|6486:: Trying to select cell in grid!
2025-12-11 10:01:58,036-DEBUG-root-10276::base::click|192:: Click Type: ClickType.ACTIONCHAINS
2025-12-11 10:01:58,324-DEBUG-root-10276::webapp_internal::fill_grid|6486:: Trying to select cell in grid!
2025-12-11 10:01:58,326-DEBUG-root-10276::base::click|192:: Click Type: ClickType.ACTIONCHAINS
2025-12-11 10:01:58,625-DEBUG-root-10276::webapp_internal::fill_grid|6486:: Trying to select cell in grid!
2025-12-11 10:01:58,627-DEBUG-root-10276::base::click|192:: Click Type: ClickType.ACTIONCHAINS
2025-12-11 10:01:58,921-DEBUG-root-10276::webapp_internal::fill_grid|6486:: Trying to select cell in grid!
2025-12-11 10:01:58,924-DEBUG-root-10276::base::click|192:: Click Type: ClickType.ACTIONCHAINS
2025-12-11 10:01:59,219-DEBUG-root-10276::webapp_internal::fill_grid|6486:: Trying to select cell in grid!
2025-12-11 10:01:59,222-DEBUG-root-10276::base::click|192:: Click Type: ClickType.ACTIONCHAINS
2025-12-11 10:01:59,507-DEBUG-root-10276::webapp_internal::fill_grid|6486:: Trying to select cell in grid!
2025-12-11 10:01:59,509-DEBUG-root-10276::base::click|192:: Click Type: ClickType.ACTIONCHAINS
2025-12-11 10:01:59,804-DEBUG-root-10276::webapp_internal::fill_grid|6486:: Trying to select cell in grid!
2025-12-11 10:01:59,806-DEBUG-root-10276::base::click|192:: Click Type: ClickType.ACTIONCHAINS
2025-12-11 10:02:00,095-DEBUG-root-10276::webapp_internal::fill_grid|6486:: Trying to select cell in grid!
2025-12-11 10:02:00,101-DEBUG-root-10276::base::click|192:: Click Type: ClickType.ACTIONCHAINS
2025-12-11 10:02:00,391-DEBUG-root-10276::webapp_internal::fill_grid|6486:: Trying to select cell in grid!
2025-12-11 10:02:00,393-DEBUG-root-10276::base::click|192:: Click Type: ClickType.ACTIONCHAINS
2025-12-11 10:02:00,687-DEBUG-root-10276::webapp_internal::fill_grid|6486:: Trying to select cell in grid!
2025-12-11 10:02:00,690-DEBUG-root-10276::base::click|192:: Click Type: ClickType.ACTIONCHAINS
2025-12-11 10:02:00,978-DEBUG-root-10276::webapp_internal::fill_grid|6486:: Trying to select cell in grid!
2025-12-11 10:02:00,984-DEBUG-root-10276::base::click|192:: Click Type: ClickType.ACTIONCHAINS
2025-12-11 10:02:01,274-DEBUG-root-10276::webapp_internal::fill_grid|6486:: Trying to select cell in grid!
2025-12-11 10:02:01,276-DEBUG-root-10276::base::click|192:: Click Type: ClickType.ACTIONCHAINS
2025-12-11 10:02:01,570-DEBUG-root-10276::webapp_internal::fill_grid|6486:: Trying to select cell in grid!
2025-12-11 10:02:01,572-DEBUG-root-10276::base::click|192:: Click Type: ClickType.ACTIONCHAINS
2025-12-11 10:02:01,867-DEBUG-root-10276::webapp_internal::fill_grid|6486:: Trying to select cell in grid!
2025-12-11 10:02:01,870-DEBUG-root-10276::base::click|192:: Click Type: ClickType.ACTIONCHAINS
2025-12-11 10:02:02,159-DEBUG-root-10276::webapp_internal::fill_grid|6486:: Trying to select cell in grid!
2025-12-11 10:02:02,161-DEBUG-root-10276::base::click|192:: Click Type: ClickType.ACTIONCHAINS
2025-12-11 10:02:02,460-DEBUG-root-10276::webapp_internal::fill_grid|6486:: Trying to select cell in grid!
2025-12-11 10:02:02,462-DEBUG-root-10276::base::click|192:: Click Type: ClickType.ACTIONCHAINS
2025-12-11 10:02:02,755-DEBUG-root-10276::webapp_internal::fill_grid|6486:: Trying to select cell in grid!
2025-12-11 10:02:02,758-DEBUG-root-10276::base::click|192:: Click Type: ClickType.ACTIONCHAINS
2025-12-11 10:02:03,043-DEBUG-root-10276::webapp_internal::fill_grid|6486:: Trying to select cell in grid!
2025-12-11 10:02:03,045-DEBUG-root-10276::base::click|192:: Click Type: ClickType.ACTIONCHAINS
2025-12-11 10:02:03,339-DEBUG-root-10276::webapp_internal::fill_grid|6486:: Trying to select cell in grid!
2025-12-11 10:02:03,341-DEBUG-root-10276::base::click|192:: Click Type: ClickType.ACTIONCHAINS
2025-12-11 10:02:03,606-DEBUG-root-10276::webapp_internal::fill_grid|6486:: Trying to select cell in grid!
2025-12-11 10:02:03,608-DEBUG-root-10276::base::click|192:: Click Type: ClickType.ACTIONCHAINS
2025-12-11 10:02:03,901-DEBUG-root-10276::webapp_internal::fill_grid|6486:: Trying to select cell in grid!
2025-12-11 10:02:03,903-DEBUG-root-10276::base::click|192:: Click Type: ClickType.ACTIONCHAINS
2025-12-11 10:02:04,193-DEBUG-root-10276::webapp_internal::fill_grid|6486:: Trying to select cell in grid!
2025-12-11 10:02:04,194-DEBUG-root-10276::base::click|192:: Click Type: ClickType.ACTIONCHAINS
2025-12-11 10:02:04,491-DEBUG-root-10276::webapp_internal::fill_grid|6486:: Trying to select cell in grid!
2025-12-11 10:02:04,493-DEBUG-root-10276::base::click|192:: Click Type: ClickType.ACTIONCHAINS
2025-12-11 10:02:04,757-DEBUG-root-10276::webapp_internal::fill_grid|6486:: Trying to select cell in grid!
2025-12-11 10:02:04,759-DEBUG-root-10276::base::click|192:: Click Type: ClickType.ACTIONCHAINS
2025-12-11 10:02:05,046-DEBUG-root-10276::webapp_internal::fill_grid|6486:: Trying to select cell in grid!
2025-12-11 10:02:05,050-DEBUG-root-10276::base::click|192:: Click Type: ClickType.ACTIONCHAINS
2025-12-11 10:02:05,340-DEBUG-root-10276::webapp_internal::fill_grid|6486:: Trying to select cell in grid!
2025-12-11 10:02:05,342-DEBUG-root-10276::base::click|192:: Click Type: ClickType.ACTIONCHAINS
2025-12-11 10:02:05,623-DEBUG-root-10276::webapp_internal::fill_grid|6486:: Trying to select cell in grid!
2025-12-11 10:02:05,625-DEBUG-root-10276::base::click|192:: Click Type: ClickType.ACTIONCHAINS
2025-12-11 10:02:05,919-DEBUG-root-10276::webapp_internal::fill_grid|6486:: Trying to select cell in grid!
2025-12-11 10:02:05,921-DEBUG-root-10276::base::click|192:: Click Type: ClickType.ACTIONCHAINS
2025-12-11 10:02:06,211-DEBUG-root-10276::webapp_internal::fill_grid|6486:: Trying to select cell in grid!
2025-12-11 10:02:06,218-DEBUG-root-10276::base::click|192:: Click Type: ClickType.ACTIONCHAINS
2025-12-11 10:02:06,508-DEBUG-root-10276::webapp_internal::fill_grid|6486:: Trying to select cell in grid!
2025-12-11 10:02:06,510-DEBUG-root-10276::base::click|192:: Click Type: ClickType.ACTIONCHAINS
2025-12-11 10:02:06,801-DEBUG-root-10276::webapp_internal::fill_grid|6486:: Trying to select cell in grid!
2025-12-11 10:02:06,803-DEBUG-root-10276::base::click|192:: Click Type: ClickType.ACTIONCHAINS
2025-12-11 10:02:07,095-DEBUG-root-10276::webapp_internal::fill_grid|6486:: Trying to select cell in grid!
2025-12-11 10:02:07,102-DEBUG-root-10276::base::click|192:: Click Type: ClickType.ACTIONCHAINS
2025-12-11 10:02:07,391-DEBUG-root-10276::webapp_internal::fill_grid|6486:: Trying to select cell in grid!
2025-12-11 10:02:07,393-DEBUG-root-10276::base::click|192:: Click Type: ClickType.ACTIONCHAINS
2025-12-11 10:02:07,684-DEBUG-root-10276::webapp_internal::fill_grid|6486:: Trying to select cell in grid!
2025-12-11 10:02:07,686-DEBUG-root-10276::base::click|192:: Click Type: ClickType.ACTIONCHAINS
2025-12-11 10:02:07,975-DEBUG-root-10276::webapp_internal::fill_grid|6486:: Trying to select cell in grid!
2025-12-11 10:02:07,976-DEBUG-root-10276::base::click|192:: Click Type: ClickType.ACTIONCHAINS
2025-12-11 10:02:08,275-DEBUG-root-10276::webapp_internal::fill_grid|6486:: Trying to select cell in grid!
2025-12-11 10:02:08,277-DEBUG-root-10276::base::click|192:: Click Type: ClickType.ACTIONCHAINS
2025-12-11 10:02:08,569-DEBUG-root-10276::webapp_internal::fill_grid|6486:: Trying to select cell in grid!
2025-12-11 10:02:08,571-DEBUG-root-10276::base::click|192:: Click Type: ClickType.ACTIONCHAINS
2025-12-11 10:02:08,863-DEBUG-root-10276::webapp_internal::fill_grid|6486:: Trying to select cell in grid!
2025-12-11 10:02:08,868-DEBUG-root-10276::base::click|192:: Click Type: ClickType.ACTIONCHAINS
2025-12-11 10:02:09,158-DEBUG-root-10276::webapp_internal::fill_grid|6486:: Trying to select cell in grid!
2025-12-11 10:02:09,160-DEBUG-root-10276::base::click|192:: Click Type: ClickType.ACTIONCHAINS
2025-12-11 10:02:09,454-DEBUG-root-10276::webapp_internal::fill_grid|6486:: Trying to select cell in grid!
2025-12-11 10:02:09,456-DEBUG-root-10276::base::click|192:: Click Type: ClickType.ACTIONCHAINS
2025-12-11 10:02:09,745-DEBUG-root-10276::webapp_internal::fill_grid|6486:: Trying to select cell in grid!
2025-12-11 10:02:09,751-DEBUG-root-10276::base::click|192:: Click Type: ClickType.ACTIONCHAINS
2025-12-11 10:02:10,041-DEBUG-root-10276::webapp_internal::fill_grid|6486:: Trying to select cell in grid!
2025-12-11 10:02:10,043-DEBUG-root-10276::base::click|192:: Click Type: ClickType.ACTIONCHAINS
2025-12-11 10:02:10,335-DEBUG-root-10276::webapp_internal::fill_grid|6486:: Trying to select cell in grid!
2025-12-11 10:02:10,338-DEBUG-root-10276::base::click|192:: Click Type: ClickType.ACTIONCHAINS
2025-12-11 10:02:10,625-DEBUG-root-10276::webapp_internal::fill_grid|6486:: Trying to select cell in grid!
2025-12-11 10:02:10,627-DEBUG-root-10276::base::click|192:: Click Type: ClickType.ACTIONCHAINS
2025-12-11 10:02:10,919-DEBUG-root-10276::webapp_internal::fill_grid|6486:: Trying to select cell in grid!
2025-12-11 10:02:10,922-DEBUG-root-10276::base::click|192:: Click Type: ClickType.ACTIONCHAINS
2025-12-11 10:02:11,211-DEBUG-root-10276::webapp_internal::fill_grid|6486:: Trying to select cell in grid!
2025-12-11 10:02:11,217-DEBUG-root-10276::base::click|192:: Click Type: ClickType.ACTIONCHAINS
2025-12-11 10:02:11,508-DEBUG-root-10276::webapp_internal::fill_grid|6486:: Trying to select cell in grid!
2025-12-11 10:02:11,511-DEBUG-root-10276::base::click|192:: Click Type: ClickType.ACTIONCHAINS
2025-12-11 10:02:11,822-DEBUG-root-10276::webapp_internal::fill_grid|6486:: Trying to select cell in grid!
2025-12-11 10:02:11,826-DEBUG-root-10276::base::click|192:: Click Type: ClickType.ACTIONCHAINS
2025-12-11 10:02:12,118-DEBUG-root-10276::webapp_internal::fill_grid|6486:: Trying to select cell in grid!
2025-12-11 10:02:12,120-DEBUG-root-10276::base::click|192:: Click Type: ClickType.ACTIONCHAINS
2025-12-11 10:02:12,408-DEBUG-root-10276::webapp_internal::fill_grid|6486:: Trying to select cell in grid!
2025-12-11 10:02:12,409-DEBUG-root-10276::base::click|192:: Click Type: ClickType.ACTIONCHAINS
2025-12-11 10:02:12,690-DEBUG-root-10276::webapp_internal::fill_grid|6486:: Trying to select cell in grid!
2025-12-11 10:02:12,692-DEBUG-root-10276::base::click|192:: Click Type: ClickType.ACTIONCHAINS
2025-12-11 10:02:12,957-DEBUG-root-10276::webapp_internal::fill_grid|6486:: Trying to select cell in grid!
2025-12-11 10:02:12,960-DEBUG-root-10276::base::click|192:: Click Type: ClickType.ACTIONCHAINS
2025-12-11 10:02:13,246-DEBUG-root-10276::webapp_internal::fill_grid|6486:: Trying to select cell in grid!
2025-12-11 10:02:13,251-DEBUG-root-10276::base::click|192:: Click Type: ClickType.ACTIONCHAINS
2025-12-11 10:02:13,540-DEBUG-root-10276::webapp_internal::fill_grid|6486:: Trying to select cell in grid!
2025-12-11 10:02:13,542-DEBUG-root-10276::base::click|192:: Click Type: ClickType.ACTIONCHAINS
2025-12-11 10:02:13,834-DEBUG-root-10276::webapp_internal::fill_grid|6486:: Trying to select cell in grid!
2025-12-11 10:02:13,836-DEBUG-root-10276::base::click|192:: Click Type: ClickType.ACTIONCHAINS
2025-12-11 10:02:19,352-DEBUG-root-10276::webapp_internal::fill_grid|6498:: Trying open cell in grid!
2025-12-11 10:02:19,639-DEBUG-root-10276::webapp_internal::wait_blocker|2444:: Waiting blocker to continue...
2025-12-11 10:02:19,790-DEBUG-root-10276::webapp_internal::wait_blocker|2469:: Blocker status: False
2025-12-11 10:02:20,003-DEBUG-root-10276::webapp_internal::wait_element_timeout|7726:: Element found! Waiting for element to be displayed.
2025-12-11 10:02:20,422-DEBUG-root-10276::webapp_internal::fill_grid|6577:: Sending keys: 227884
2025-12-11 10:02:20,754-DEBUG-root-10276::webapp_internal::wait_blocker|2444:: Waiting blocker to continue...
2025-12-11 10:02:20,927-DEBUG-root-10276::webapp_internal::wait_blocker|2469:: Blocker status: False
2025-12-11 10:02:21,106-DEBUG-root-10276::webapp_internal::wait_element_timeout|7726:: Element found! Waiting for element to be displayed.
2025-12-11 10:02:21,612-INFO-root-10276::webapp_internal::ClickFolder|5081:: Clicking on folder: Transporte
2025-12-11 10:02:21,612-DEBUG-root-10276::webapp_internal::wait_blocker|2444:: Waiting blocker to continue...
2025-12-11 10:02:21,776-DEBUG-root-10276::webapp_internal::wait_blocker|2469:: Blocker status: False
2025-12-11 10:02:21,830-DEBUG-root-10276::webapp_internal::wait_element|7623:: Waiting for element
2025-12-11 10:02:22,128-DEBUG-root-10276::webapp_internal::wait_element|7653:: Element found! Waiting for element to be displayed.
2025-12-11 10:02:23,736-DEBUG-root-10276::webapp_internal::wait_blocker|2444:: Waiting blocker to continue...
2025-12-11 10:02:23,910-DEBUG-root-10276::webapp_internal::wait_blocker|2469:: Blocker status: False
2025-12-11 10:02:23,910-INFO-root-10276::webapp_internal::SetKey|5822:: Key pressed: TAB
2025-12-11 10:02:23,911-DEBUG-root-10276::webapp_internal::SetKey|5857:: Trying press key
2025-12-11 10:02:23,911-DEBUG-root-10276::webapp_internal::wait_element|7623:: Waiting for element
2025-12-11 10:02:24,013-DEBUG-root-10276::webapp_internal::wait_element|7653:: Element found! Waiting for element to be displayed.
2025-12-11 10:02:24,286-DEBUG-root-10276::webapp_internal::wait_blocker|2444:: Waiting blocker to continue...
2025-12-11 10:02:24,476-DEBUG-root-10276::webapp_internal::wait_blocker|2469:: Blocker status: False
2025-12-11 10:02:24,476-INFO-root-10276::webapp_internal::LoadGrid|6298:: Filling grid field: Tipo
2025-12-11 10:02:24,476-DEBUG-root-10276::webapp_internal::fill_grid|6399:: Grid loading...
2025-12-11 10:02:24,840-DEBUG-root-10276::webapp_internal::fill_grid|6466:: Column found!
2025-12-11 10:02:24,879-DEBUG-root-10276::base::click|192:: Click Type: ClickType.ACTIONCHAINS
2025-12-11 10:02:30,173-DEBUG-root-10276::webapp_internal::fill_grid|6498:: Trying open cell in grid!
2025-12-11 10:02:30,455-DEBUG-root-10276::webapp_internal::wait_blocker|2444:: Waiting blocker to continue...
2025-12-11 10:02:30,638-DEBUG-root-10276::webapp_internal::wait_blocker|2469:: Blocker status: False
2025-12-11 10:02:30,827-DEBUG-root-10276::webapp_internal::wait_element_timeout|7726:: Element found! Waiting for element to be displayed.
2025-12-11 10:02:32,227-INFO-root-10276::base::select_combo|871:: Selected value for combo is: 1 - Aereo
2025-12-11 10:02:32,443-DEBUG-root-10276::webapp_internal::wait_blocker|2444:: Waiting blocker to continue...
2025-12-11 10:02:32,607-DEBUG-root-10276::webapp_internal::wait_blocker|2469:: Blocker status: False
2025-12-11 10:02:32,635-DEBUG-root-10276::webapp_internal::wait_blocker|2444:: Waiting blocker to continue...
2025-12-11 10:02:32,793-DEBUG-root-10276::webapp_internal::wait_blocker|2469:: Blocker status: False
2025-12-11 10:02:32,793-DEBUG-root-10276::webapp_internal::send_action|10480:: Trying to send action
2025-12-11 10:02:33,849-DEBUG-root-10276::webapp_internal::send_action|10522:: send_action method result = True
2025-12-11 10:02:33,849-DEBUG-root-10276::webapp_internal::send_action|10523:: send_action selenium status: False
2025-12-11 10:02:33,850-DEBUG-root-10276::webapp_internal::wait_blocker|2444:: Waiting blocker to continue...
2025-12-11 10:02:34,016-DEBUG-root-10276::webapp_internal::wait_blocker|2469:: Blocker status: False
2025-12-11 10:02:34,018-INFO-root-10276::webapp_internal::SetKey|5822:: Key pressed: TAB
2025-12-11 10:02:34,018-DEBUG-root-10276::webapp_internal::SetKey|5857:: Trying press key
2025-12-11 10:02:34,018-DEBUG-root-10276::webapp_internal::wait_element|7623:: Waiting for element
2025-12-11 10:02:34,135-DEBUG-root-10276::webapp_internal::wait_element|7653:: Element found! Waiting for element to be displayed.
2025-12-11 10:02:34,469-DEBUG-root-10276::webapp_internal::wait_blocker|2444:: Waiting blocker to continue...
2025-12-11 10:02:34,624-DEBUG-root-10276::webapp_internal::wait_blocker|2469:: Blocker status: False
2025-12-11 10:02:34,624-INFO-root-10276::webapp_internal::LoadGrid|6298:: Filling grid field: Partida
2025-12-11 10:02:34,625-DEBUG-root-10276::webapp_internal::fill_grid|6399:: Grid loading...
2025-12-11 10:02:35,095-DEBUG-root-10276::webapp_internal::fill_grid|6466:: Column found!
2025-12-11 10:02:35,139-DEBUG-root-10276::base::click|192:: Click Type: ClickType.ACTIONCHAINS
2025-12-11 10:02:40,553-DEBUG-root-10276::webapp_internal::fill_grid|6498:: Trying open cell in grid!
2025-12-11 10:02:40,845-DEBUG-root-10276::webapp_internal::wait_blocker|2444:: Waiting blocker to continue...
2025-12-11 10:02:41,010-DEBUG-root-10276::webapp_internal::wait_blocker|2469:: Blocker status: False
2025-12-11 10:02:41,219-DEBUG-root-10276::webapp_internal::wait_element_timeout|7726:: Element found! Waiting for element to be displayed.
2025-12-11 10:02:41,593-DEBUG-root-10276::webapp_internal::fill_grid|6577:: Sending keys: 24/12/2025
2025-12-11 10:02:41,896-DEBUG-root-10276::webapp_internal::wait_blocker|2444:: Waiting blocker to continue...
2025-12-11 10:02:42,073-DEBUG-root-10276::webapp_internal::wait_blocker|2469:: Blocker status: False
2025-12-11 10:02:47,479-DEBUG-root-10276::webapp_internal::wait_blocker|2444:: Waiting blocker to continue...
2025-12-11 10:02:47,623-DEBUG-root-10276::webapp_internal::wait_blocker|2469:: Blocker status: False
2025-12-11 10:02:47,653-DEBUG-root-10276::webapp_internal::wait_blocker|2444:: Waiting blocker to continue...
2025-12-11 10:02:47,796-DEBUG-root-10276::webapp_internal::wait_blocker|2469:: Blocker status: False
2025-12-11 10:02:47,796-DEBUG-root-10276::webapp_internal::send_action|10480:: Trying to send action
2025-12-11 10:02:48,842-DEBUG-root-10276::webapp_internal::send_action|10522:: send_action method result = True
2025-12-11 10:02:48,843-DEBUG-root-10276::webapp_internal::send_action|10523:: send_action selenium status: False
2025-12-11 10:02:48,843-DEBUG-root-10276::webapp_internal::wait_blocker|2444:: Waiting blocker to continue...
2025-12-11 10:02:49,005-DEBUG-root-10276::webapp_internal::wait_blocker|2469:: Blocker status: False
2025-12-11 10:02:49,005-INFO-root-10276::webapp_internal::SetKey|5822:: Key pressed: TAB
2025-12-11 10:02:49,005-DEBUG-root-10276::webapp_internal::SetKey|5857:: Trying press key
2025-12-11 10:02:49,005-DEBUG-root-10276::webapp_internal::wait_element|7623:: Waiting for element
2025-12-11 10:02:49,143-DEBUG-root-10276::webapp_internal::wait_element|7653:: Element found! Waiting for element to be displayed.
2025-12-11 10:02:49,400-DEBUG-root-10276::webapp_internal::wait_blocker|2444:: Waiting blocker to continue...
2025-12-11 10:02:49,526-DEBUG-root-10276::webapp_internal::wait_blocker|2469:: Blocker status: False
2025-12-11 10:02:49,526-INFO-root-10276::webapp_internal::LoadGrid|6298:: Filling grid field: Hora Partida
2025-12-11 10:02:49,526-DEBUG-root-10276::webapp_internal::fill_grid|6399:: Grid loading...
2025-12-11 10:02:49,893-DEBUG-root-10276::webapp_internal::fill_grid|6466:: Column found!
2025-12-11 10:02:49,935-DEBUG-root-10276::base::click|192:: Click Type: ClickType.ACTIONCHAINS
2025-12-11 10:02:55,239-DEBUG-root-10276::webapp_internal::fill_grid|6498:: Trying open cell in grid!
2025-12-11 10:02:55,526-DEBUG-root-10276::webapp_internal::wait_blocker|2444:: Waiting blocker to continue...
2025-12-11 10:02:55,693-DEBUG-root-10276::webapp_internal::wait_blocker|2469:: Blocker status: False
2025-12-11 10:02:55,890-DEBUG-root-10276::webapp_internal::wait_element_timeout|7726:: Element found! Waiting for element to be displayed.
2025-12-11 10:02:56,255-DEBUG-root-10276::webapp_internal::fill_grid|6577:: Sending keys: 08:00
2025-12-11 10:02:56,560-DEBUG-root-10276::webapp_internal::wait_blocker|2444:: Waiting blocker to continue...
2025-12-11 10:02:56,727-DEBUG-root-10276::webapp_internal::wait_blocker|2469:: Blocker status: False
2025-12-11 10:03:02,245-DEBUG-root-10276::webapp_internal::wait_blocker|2444:: Waiting blocker to continue...
2025-12-11 10:03:02,393-DEBUG-root-10276::webapp_internal::wait_blocker|2469:: Blocker status: False
2025-12-11 10:03:02,427-DEBUG-root-10276::webapp_internal::wait_blocker|2444:: Waiting blocker to continue...
2025-12-11 10:03:02,587-DEBUG-root-10276::webapp_internal::wait_blocker|2469:: Blocker status: False
2025-12-11 10:03:02,587-DEBUG-root-10276::webapp_internal::send_action|10480:: Trying to send action
2025-12-11 10:03:03,632-DEBUG-root-10276::webapp_internal::send_action|10522:: send_action method result = True
2025-12-11 10:03:03,632-DEBUG-root-10276::webapp_internal::send_action|10523:: send_action selenium status: False
2025-12-11 10:03:03,633-DEBUG-root-10276::webapp_internal::wait_blocker|2444:: Waiting blocker to continue...
2025-12-11 10:03:03,781-DEBUG-root-10276::webapp_internal::wait_blocker|2469:: Blocker status: False
2025-12-11 10:03:03,781-INFO-root-10276::webapp_internal::SetKey|5822:: Key pressed: TAB
2025-12-11 10:03:03,781-DEBUG-root-10276::webapp_internal::SetKey|5857:: Trying press key
2025-12-11 10:03:03,781-DEBUG-root-10276::webapp_internal::wait_element|7623:: Waiting for element
2025-12-11 10:03:03,885-DEBUG-root-10276::webapp_internal::wait_element|7653:: Element found! Waiting for element to be displayed.
2025-12-11 10:03:04,169-DEBUG-root-10276::webapp_internal::wait_blocker|2444:: Waiting blocker to continue...
2025-12-11 10:03:04,355-DEBUG-root-10276::webapp_internal::wait_blocker|2469:: Blocker status: False
2025-12-11 10:03:04,356-INFO-root-10276::webapp_internal::LoadGrid|6298:: Filling grid field: Origem
2025-12-11 10:03:04,356-DEBUG-root-10276::webapp_internal::fill_grid|6399:: Grid loading...
2025-12-11 10:03:04,720-DEBUG-root-10276::webapp_internal::fill_grid|6466:: Column found!
2025-12-11 10:03:04,756-DEBUG-root-10276::base::click|192:: Click Type: ClickType.ACTIONCHAINS
2025-12-11 10:03:10,106-DEBUG-root-10276::webapp_internal::fill_grid|6498:: Trying open cell in grid!
2025-12-11 10:03:10,394-DEBUG-root-10276::webapp_internal::wait_blocker|2444:: Waiting blocker to continue...
2025-12-11 10:03:10,569-DEBUG-root-10276::webapp_internal::wait_blocker|2469:: Blocker status: False
2025-12-11 10:03:10,757-DEBUG-root-10276::webapp_internal::wait_element_timeout|7726:: Element found! Waiting for element to be displayed.
2025-12-11 10:03:11,109-DEBUG-root-10276::webapp_internal::fill_grid|6577:: Sending keys: DF00108
2025-12-11 10:03:11,411-DEBUG-root-10276::webapp_internal::wait_blocker|2444:: Waiting blocker to continue...
2025-12-11 10:03:11,551-DEBUG-root-10276::webapp_internal::wait_blocker|2469:: Blocker status: False
2025-12-11 10:03:11,710-DEBUG-root-10276::webapp_internal::wait_element_timeout|7726:: Element found! Waiting for element to be displayed.
2025-12-11 10:03:12,521-DEBUG-root-10276::webapp_internal::wait_blocker|2444:: Waiting blocker to continue...
2025-12-11 10:03:12,658-DEBUG-root-10276::webapp_internal::wait_blocker|2469:: Blocker status: False
2025-12-11 10:03:12,685-DEBUG-root-10276::webapp_internal::wait_blocker|2444:: Waiting blocker to continue...
2025-12-11 10:03:12,822-DEBUG-root-10276::webapp_internal::wait_blocker|2469:: Blocker status: False
2025-12-11 10:03:12,822-DEBUG-root-10276::webapp_internal::send_action|10480:: Trying to send action
2025-12-11 10:03:13,860-DEBUG-root-10276::webapp_internal::send_action|10522:: send_action method result = True
2025-12-11 10:03:13,860-DEBUG-root-10276::webapp_internal::send_action|10523:: send_action selenium status: False
2025-12-11 10:03:13,860-DEBUG-root-10276::webapp_internal::wait_blocker|2444:: Waiting blocker to continue...
2025-12-11 10:03:14,003-DEBUG-root-10276::webapp_internal::wait_blocker|2469:: Blocker status: False
2025-12-11 10:03:14,004-INFO-root-10276::webapp_internal::SetKey|5822:: Key pressed: TAB
2025-12-11 10:03:14,004-DEBUG-root-10276::webapp_internal::SetKey|5857:: Trying press key
2025-12-11 10:03:14,004-DEBUG-root-10276::webapp_internal::wait_element|7623:: Waiting for element
2025-12-11 10:03:14,107-DEBUG-root-10276::webapp_internal::wait_element|7653:: Element found! Waiting for element to be displayed.
2025-12-11 10:03:14,373-DEBUG-root-10276::webapp_internal::wait_blocker|2444:: Waiting blocker to continue...
2025-12-11 10:03:14,508-DEBUG-root-10276::webapp_internal::wait_blocker|2469:: Blocker status: False
2025-12-11 10:03:14,509-INFO-root-10276::webapp_internal::LoadGrid|6298:: Filling grid field: Destino
2025-12-11 10:03:14,509-DEBUG-root-10276::webapp_internal::fill_grid|6399:: Grid loading...
2025-12-11 10:03:14,863-DEBUG-root-10276::webapp_internal::fill_grid|6466:: Column found!
2025-12-11 10:03:14,903-DEBUG-root-10276::base::click|192:: Click Type: ClickType.ACTIONCHAINS
2025-12-11 10:03:20,353-DEBUG-root-10276::webapp_internal::fill_grid|6498:: Trying open cell in grid!
2025-12-11 10:03:20,641-DEBUG-root-10276::webapp_internal::wait_blocker|2444:: Waiting blocker to continue...
2025-12-11 10:03:20,861-DEBUG-root-10276::webapp_internal::wait_blocker|2469:: Blocker status: False
2025-12-11 10:03:21,057-DEBUG-root-10276::webapp_internal::wait_element_timeout|7726:: Element found! Waiting for element to be displayed.
2025-12-11 10:03:21,443-DEBUG-root-10276::webapp_internal::fill_grid|6577:: Sending keys: GO08707
2025-12-11 10:03:21,743-DEBUG-root-10276::webapp_internal::wait_blocker|2444:: Waiting blocker to continue...
2025-12-11 10:03:21,874-DEBUG-root-10276::webapp_internal::wait_blocker|2469:: Blocker status: False
2025-12-11 10:03:22,053-DEBUG-root-10276::webapp_internal::wait_element_timeout|7726:: Element found! Waiting for element to be displayed.
2025-12-11 10:03:22,631-DEBUG-root-10276::webapp_internal::wait_blocker|2444:: Waiting blocker to continue...
2025-12-11 10:03:22,773-DEBUG-root-10276::webapp_internal::wait_blocker|2469:: Blocker status: False
2025-12-11 10:03:22,801-DEBUG-root-10276::webapp_internal::wait_blocker|2444:: Waiting blocker to continue...
2025-12-11 10:03:22,931-DEBUG-root-10276::webapp_internal::wait_blocker|2469:: Blocker status: False
2025-12-11 10:03:22,931-DEBUG-root-10276::webapp_internal::send_action|10480:: Trying to send action
2025-12-11 10:03:23,969-DEBUG-root-10276::webapp_internal::send_action|10522:: send_action method result = True
2025-12-11 10:03:23,969-DEBUG-root-10276::webapp_internal::send_action|10523:: send_action selenium status: False
2025-12-11 10:03:23,970-DEBUG-root-10276::webapp_internal::wait_blocker|2444:: Waiting blocker to continue...
2025-12-11 10:03:24,125-DEBUG-root-10276::webapp_internal::wait_blocker|2469:: Blocker status: False
2025-12-11 10:03:24,125-INFO-root-10276::webapp_internal::SetKey|5822:: Key pressed: TAB
2025-12-11 10:03:24,125-DEBUG-root-10276::webapp_internal::SetKey|5857:: Trying press key
2025-12-11 10:03:24,125-DEBUG-root-10276::webapp_internal::wait_element|7623:: Waiting for element
2025-12-11 10:03:24,220-DEBUG-root-10276::webapp_internal::wait_element|7653:: Element found! Waiting for element to be displayed.
2025-12-11 10:03:24,485-DEBUG-root-10276::webapp_internal::wait_blocker|2444:: Waiting blocker to continue...
2025-12-11 10:03:24,659-DEBUG-root-10276::webapp_internal::wait_blocker|2469:: Blocker status: False
2025-12-11 10:03:24,660-INFO-root-10276::webapp_internal::LoadGrid|6298:: Filling grid field: Chegada
2025-12-11 10:03:24,660-DEBUG-root-10276::webapp_internal::fill_grid|6399:: Grid loading...
2025-12-11 10:03:25,062-DEBUG-root-10276::webapp_internal::fill_grid|6466:: Column found!
2025-12-11 10:03:25,103-DEBUG-root-10276::base::click|192:: Click Type: ClickType.ACTIONCHAINS
2025-12-11 10:03:30,525-DEBUG-root-10276::webapp_internal::fill_grid|6498:: Trying open cell in grid!
2025-12-11 10:03:30,818-DEBUG-root-10276::webapp_internal::wait_blocker|2444:: Waiting blocker to continue...
2025-12-11 10:03:30,973-DEBUG-root-10276::webapp_internal::wait_blocker|2469:: Blocker status: False
2025-12-11 10:03:31,168-DEBUG-root-10276::webapp_internal::wait_element_timeout|7726:: Element found! Waiting for element to be displayed.
2025-12-11 10:03:31,518-DEBUG-root-10276::webapp_internal::fill_grid|6577:: Sending keys: 24/12/2025
2025-12-11 10:03:31,827-DEBUG-root-10276::webapp_internal::wait_blocker|2444:: Waiting blocker to continue...
2025-12-11 10:03:32,004-DEBUG-root-10276::webapp_internal::wait_blocker|2469:: Blocker status: False
2025-12-11 10:03:37,423-DEBUG-root-10276::webapp_internal::wait_blocker|2444:: Waiting blocker to continue...
2025-12-11 10:03:37,563-DEBUG-root-10276::webapp_internal::wait_blocker|2469:: Blocker status: False
2025-12-11 10:03:37,593-DEBUG-root-10276::webapp_internal::wait_blocker|2444:: Waiting blocker to continue...
2025-12-11 10:03:37,724-DEBUG-root-10276::webapp_internal::wait_blocker|2469:: Blocker status: False
2025-12-11 10:03:37,725-DEBUG-root-10276::webapp_internal::send_action|10480:: Trying to send action
2025-12-11 10:03:38,769-DEBUG-root-10276::webapp_internal::send_action|10522:: send_action method result = True
2025-12-11 10:03:38,769-DEBUG-root-10276::webapp_internal::send_action|10523:: send_action selenium status: False
2025-12-11 10:03:38,770-DEBUG-root-10276::webapp_internal::wait_element|7623:: Waiting for element
2025-12-11 10:03:38,873-DEBUG-root-10276::webapp_internal::wait_element|7653:: Element found! Waiting for element to be displayed.
2025-12-11 10:03:39,152-DEBUG-root-10276::webapp_internal::wait_blocker|2444:: Waiting blocker to continue...
2025-12-11 10:03:39,342-DEBUG-root-10276::webapp_internal::wait_blocker|2469:: Blocker status: False
2025-12-11 10:03:39,342-INFO-root-10276::webapp_internal::LoadGrid|6298:: Filling grid field: Hora Chegada
2025-12-11 10:03:39,342-DEBUG-root-10276::webapp_internal::fill_grid|6399:: Grid loading...
2025-12-11 10:03:39,690-DEBUG-root-10276::webapp_internal::fill_grid|6466:: Column found!
2025-12-11 10:03:39,728-DEBUG-root-10276::base::click|192:: Click Type: ClickType.ACTIONCHAINS
2025-12-11 10:03:45,040-DEBUG-root-10276::webapp_internal::fill_grid|6498:: Trying open cell in grid!
2025-12-11 10:03:45,329-DEBUG-root-10276::webapp_internal::wait_blocker|2444:: Waiting blocker to continue...
2025-12-11 10:03:45,481-DEBUG-root-10276::webapp_internal::wait_blocker|2469:: Blocker status: False
2025-12-11 10:03:45,670-DEBUG-root-10276::webapp_internal::wait_element_timeout|7726:: Element found! Waiting for element to be displayed.
2025-12-11 10:03:46,022-DEBUG-root-10276::webapp_internal::fill_grid|6577:: Sending keys: 12:00
2025-12-11 10:03:46,336-DEBUG-root-10276::webapp_internal::wait_blocker|2444:: Waiting blocker to continue...
2025-12-11 10:03:46,487-DEBUG-root-10276::webapp_internal::wait_blocker|2469:: Blocker status: False
2025-12-11 10:03:51,753-INFO-root-10276::webapp_internal::ClickFolder|5081:: Clicking on folder: Treinamento
2025-12-11 10:03:51,753-DEBUG-root-10276::webapp_internal::wait_blocker|2444:: Waiting blocker to continue...
2025-12-11 10:03:51,897-DEBUG-root-10276::webapp_internal::wait_blocker|2469:: Blocker status: False
2025-12-11 10:03:51,933-DEBUG-root-10276::webapp_internal::wait_element|7623:: Waiting for element
2025-12-11 10:03:52,208-DEBUG-root-10276::webapp_internal::wait_element|7653:: Element found! Waiting for element to be displayed.
2025-12-11 10:03:54,271-DEBUG-root-10276::webapp_internal::wait_blocker|2444:: Waiting blocker to continue...
2025-12-11 10:03:54,418-DEBUG-root-10276::webapp_internal::wait_blocker|2469:: Blocker status: False
2025-12-11 10:03:54,419-INFO-root-10276::webapp_internal::SetKey|5822:: Key pressed: DOWN
2025-12-11 10:03:54,419-INFO-root-10276::webapp_internal::ClickFolder|5081:: Clicking on folder: Transporte
2025-12-11 10:03:54,419-DEBUG-root-10276::webapp_internal::wait_blocker|2444:: Waiting blocker to continue...
2025-12-11 10:03:54,553-DEBUG-root-10276::webapp_internal::wait_blocker|2469:: Blocker status: False
2025-12-11 10:03:54,587-DEBUG-root-10276::webapp_internal::wait_element|7623:: Waiting for element
2025-12-11 10:03:54,857-DEBUG-root-10276::webapp_internal::wait_element|7653:: Element found! Waiting for element to be displayed.
2025-12-11 10:03:56,428-DEBUG-root-10276::webapp_internal::wait_blocker|2444:: Waiting blocker to continue...
2025-12-11 10:03:56,642-DEBUG-root-10276::webapp_internal::wait_blocker|2469:: Blocker status: False
2025-12-11 10:03:56,642-INFO-root-10276::webapp_internal::SetKey|5822:: Key pressed: TAB
2025-12-11 10:03:56,642-DEBUG-root-10276::webapp_internal::SetKey|5857:: Trying press key
2025-12-11 10:03:56,642-DEBUG-root-10276::webapp_internal::wait_element|7623:: Waiting for element
2025-12-11 10:03:56,743-DEBUG-root-10276::webapp_internal::wait_element|7653:: Element found! Waiting for element to be displayed.
2025-12-11 10:03:57,023-DEBUG-root-10276::webapp_internal::new_grid_line|7014:: New grid line
2025-12-11 10:03:58,596-DEBUG-root-10276::webapp_internal::wait_blocker|2444:: Waiting blocker to continue...
2025-12-11 10:03:58,736-DEBUG-root-10276::webapp_internal::wait_blocker|2469:: Blocker status: False
2025-12-11 10:03:58,738-INFO-root-10276::webapp_internal::LoadGrid|6298:: Filling grid field: Tipo
2025-12-11 10:03:58,738-DEBUG-root-10276::webapp_internal::fill_grid|6399:: Grid loading...
2025-12-11 10:03:58,947-DEBUG-root-10276::webapp_internal::fill_grid|6466:: Column found!
2025-12-11 10:03:58,987-DEBUG-root-10276::base::click|192:: Click Type: ClickType.ACTIONCHAINS
2025-12-11 10:04:04,308-DEBUG-root-10276::webapp_internal::fill_grid|6498:: Trying open cell in grid!
2025-12-11 10:04:04,608-DEBUG-root-10276::webapp_internal::wait_blocker|2444:: Waiting blocker to continue...
2025-12-11 10:04:04,761-DEBUG-root-10276::webapp_internal::wait_blocker|2469:: Blocker status: False
2025-12-11 10:04:04,958-DEBUG-root-10276::webapp_internal::wait_element_timeout|7726:: Element found! Waiting for element to be displayed.
2025-12-11 10:04:05,414-DEBUG-root-10276::webapp_internal::wait_blocker|2444:: Waiting blocker to continue...
2025-12-11 10:04:05,545-DEBUG-root-10276::webapp_internal::wait_blocker|2469:: Blocker status: False
2025-12-11 10:04:05,619-DEBUG-root-10276::webapp_internal::wait_blocker|2444:: Waiting blocker to continue...
2025-12-11 10:04:05,751-DEBUG-root-10276::webapp_internal::wait_blocker|2469:: Blocker status: False
2025-12-11 10:04:05,751-DEBUG-root-10276::webapp_internal::send_action|10480:: Trying to send action
2025-12-11 10:04:06,790-DEBUG-root-10276::webapp_internal::send_action|10522:: send_action method result = True
2025-12-11 10:04:06,791-DEBUG-root-10276::webapp_internal::send_action|10523:: send_action selenium status: False
2025-12-11 10:04:06,791-DEBUG-root-10276::webapp_internal::wait_blocker|2444:: Waiting blocker to continue...
2025-12-11 10:04:06,929-DEBUG-root-10276::webapp_internal::wait_blocker|2469:: Blocker status: False
2025-12-11 10:04:06,929-INFO-root-10276::webapp_internal::SetKey|5822:: Key pressed: TAB
2025-12-11 10:04:06,929-DEBUG-root-10276::webapp_internal::SetKey|5857:: Trying press key
2025-12-11 10:04:06,929-DEBUG-root-10276::webapp_internal::wait_element|7623:: Waiting for element
2025-12-11 10:04:07,040-DEBUG-root-10276::webapp_internal::wait_element|7653:: Element found! Waiting for element to be displayed.
2025-12-11 10:04:07,329-DEBUG-root-10276::webapp_internal::wait_blocker|2444:: Waiting blocker to continue...
2025-12-11 10:04:07,462-DEBUG-root-10276::webapp_internal::wait_blocker|2469:: Blocker status: False
2025-12-11 10:04:07,462-INFO-root-10276::webapp_internal::LoadGrid|6298:: Filling grid field: Partida
2025-12-11 10:04:07,462-DEBUG-root-10276::webapp_internal::fill_grid|6399:: Grid loading...
2025-12-11 10:04:07,697-DEBUG-root-10276::webapp_internal::fill_grid|6466:: Column found!
2025-12-11 10:04:07,736-DEBUG-root-10276::base::click|192:: Click Type: ClickType.ACTIONCHAINS
2025-12-11 10:04:13,172-DEBUG-root-10276::webapp_internal::fill_grid|6498:: Trying open cell in grid!
2025-12-11 10:04:13,456-DEBUG-root-10276::webapp_internal::wait_blocker|2444:: Waiting blocker to continue...
2025-12-11 10:04:13,611-DEBUG-root-10276::webapp_internal::wait_blocker|2469:: Blocker status: False
2025-12-11 10:04:13,803-DEBUG-root-10276::webapp_internal::wait_element_timeout|7726:: Element found! Waiting for element to be displayed.
2025-12-11 10:04:14,209-DEBUG-root-10276::webapp_internal::fill_grid|6577:: Sending keys: 31/12/2025
2025-12-11 10:04:14,519-DEBUG-root-10276::webapp_internal::wait_blocker|2444:: Waiting blocker to continue...
2025-12-11 10:04:14,681-DEBUG-root-10276::webapp_internal::wait_blocker|2469:: Blocker status: False
2025-12-11 10:04:14,852-DEBUG-root-10276::webapp_internal::wait_element_timeout|7726:: Element found! Waiting for element to be displayed.
2025-12-11 10:04:19,399-ERROR-root-10276::webapp_internal::fill_grid|6675:: fill grid error: Message: WebDriver session does not exist, or is not active
Stacktrace:
RemoteError@chrome://remote/content/shared/RemoteError.sys.mjs:8:8
WebDriverError@chrome://remote/content/shared/webdriver/Errors.sys.mjs:202:5
InvalidSessionIDError@chrome://remote/content/shared/webdriver/Errors.sys.mjs:472:5
assert.that/<@chrome://remote/content/shared/webdriver/Assert.sys.mjs:581:13
assert.session@chrome://remote/content/shared/webdriver/Assert.sys.mjs:38:4
dispatch@chrome://remote/content/marionette/server.sys.mjs:315:19
execute@chrome://remote/content/marionette/server.sys.mjs:289:16
onPacket/<@chrome://remote/content/marionette/server.sys.mjs:262:20
onPacket@chrome://remote/content/marionette/server.sys.mjs:263:9
_onJSONObjectReady/<@chrome://remote/content/marionette/transport.sys.mjs:494:20
Traceback (most recent call last):
  File "C:\TIR_TESTE\venv\Lib\site-packages\tir\technologies\webapp_internal.py", line 6625, in fill_grid
    current_value = self.get_element_text(selenium_column())
                    ^^^^^^^^^^^^^^^^^^^^^^^^^^^^^^^^^^^^^^^^
  File "C:\TIR_TESTE\venv\Lib\site-packages\tir\technologies\core\base.py", line 606, in get_element_text
    return self.driver.execute_script("return arguments[0].innerText", element)
           ^^^^^^^^^^^^^^^^^^^^^^^^^^^^^^^^^^^^^^^^^^^^^^^^^^^^^^^^^^^^^^^^^^^^
  File "C:\TIR_TESTE\venv\Lib\site-packages\selenium\webdriver\remote\webdriver.py", line 407, in execute_script
    return self.execute(command, {"script": script, "args": converted_args})["value"]
           ^^^^^^^^^^^^^^^^^^^^^^^^^^^^^^^^^^^^^^^^^^^^^^^^^^^^^^^^^^^^^^^^^
  File "C:\TIR_TESTE\venv\Lib\site-packages\selenium\webdriver\remote\webdriver.py", line 347, in execute
    self.error_handler.check_response(response)
  File "C:\TIR_TESTE\venv\Lib\site-packages\selenium\webdriver\remote\errorhandler.py", line 229, in check_response
    raise exception_class(message, screen, stacktrace)
selenium.common.exceptions.InvalidSessionIdException: Message: WebDriver session does not exist, or is not active
Stacktrace:
RemoteError@chrome://remote/content/shared/RemoteError.sys.mjs:8:8
WebDriverError@chrome://remote/content/shared/webdriver/Errors.sys.mjs:202:5
InvalidSessionIDError@chrome://remote/content/shared/webdriver/Errors.sys.mjs:472:5
assert.that/<@chrome://remote/content/shared/webdriver/Assert.sys.mjs:581:13
assert.session@chrome://remote/content/shared/webdriver/Assert.sys.mjs:38:4
dispatch@chrome://remote/content/marionette/server.sys.mjs:315:19
execute@chrome://remote/content/marionette/server.sys.mjs:289:16
onPacket/<@chrome://remote/content/marionette/server.sys.mjs:262:20
onPacket@chrome://remote/content/marionette/server.sys.mjs:263:9
_onJSONObjectReady/<@chrome://remote/content/marionette/transport.sys.mjs:494:20

2025-12-11 10:04:19,470-WARNING-root-10276::webapp_internal::log_error|8143:: Warning log_error fill grid error: Message: WebDriver session does not exist, or is not active
Stacktrace:
RemoteError@chrome://remote/content/shared/RemoteError.sys.mjs:8:8
WebDriverError@chrome://remote/content/shared/webdriver/Errors.sys.mjs:202:5
InvalidSessionIDError@chrome://remote/content/shared/webdriver/Errors.sys.mjs:472:5
assert.that/<@chrome://remote/content/shared/webdriver/Assert.sys.mjs:581:13
assert.session@chrome://remote/content/shared/webdriver/Assert.sys.mjs:38:4
dispatch@chrome://remote/content/marionette/server.sys.mjs:315:19
execute@chrome://remote/content/marionette/server.sys.mjs:289:16
onPacket/<@chrome://remote/content/marionette/server.sys.mjs:262:20
onPacket@chrome://remote/content/marionette/server.sys.mjs:263:9
_onJSONObjectReady/<@chrome://remote/content/marionette/transport.sys.mjs:494:20

2025-12-11 10:04:19,471-DEBUG-root-10276::webapp_internal::log_error|8146:: ***System Info*** in log_error():
2025-12-11 10:04:19,471-DEBUG-root-10276::psutil_info::system_info|5:: CPU USAGE: 10.4%
2025-12-11 10:04:19,472-DEBUG-root-10276::psutil_info::system_info|6:: MEMORY USAGE: 86.9%
2025-12-11 10:04:19,472-DEBUG-root-10276::psutil_info::system_info|7:: MEMORY AVAILABLE: 13.1%
2025-12-11 10:04:19,509-DEBUG-root-10276::log::take_screenshot_log|612:: take_screenshot_log in:2025-12-11 10:04:19.509404

2025-12-11 10:04:19,927-ERROR-root-10276::log::take_screenshot_log|629:: Warning Log Error save_screenshot exception Message: Failed to decode response from marionette
Traceback (most recent call last):
  File "C:\TIR_TESTE\venv\Lib\site-packages\tir\technologies\webapp_internal.py", line 6625, in fill_grid
    current_value = self.get_element_text(selenium_column())
                    ^^^^^^^^^^^^^^^^^^^^^^^^^^^^^^^^^^^^^^^^
  File "C:\TIR_TESTE\venv\Lib\site-packages\tir\technologies\core\base.py", line 606, in get_element_text
    return self.driver.execute_script("return arguments[0].innerText", element)
           ^^^^^^^^^^^^^^^^^^^^^^^^^^^^^^^^^^^^^^^^^^^^^^^^^^^^^^^^^^^^^^^^^^^^
  File "C:\TIR_TESTE\venv\Lib\site-packages\selenium\webdriver\remote\webdriver.py", line 407, in execute_script
    return self.execute(command, {"script": script, "args": converted_args})["value"]
           ^^^^^^^^^^^^^^^^^^^^^^^^^^^^^^^^^^^^^^^^^^^^^^^^^^^^^^^^^^^^^^^^^
  File "C:\TIR_TESTE\venv\Lib\site-packages\selenium\webdriver\remote\webdriver.py", line 347, in execute
    self.error_handler.check_response(response)
  File "C:\TIR_TESTE\venv\Lib\site-packages\selenium\webdriver\remote\errorhandler.py", line 229, in check_response
    raise exception_class(message, screen, stacktrace)
selenium.common.exceptions.InvalidSessionIdException: Message: WebDriver session does not exist, or is not active
Stacktrace:
RemoteError@chrome://remote/content/shared/RemoteError.sys.mjs:8:8
WebDriverError@chrome://remote/content/shared/webdriver/Errors.sys.mjs:202:5
InvalidSessionIDError@chrome://remote/content/shared/webdriver/Errors.sys.mjs:472:5
assert.that/<@chrome://remote/content/shared/webdriver/Assert.sys.mjs:581:13
assert.session@chrome://remote/content/shared/webdriver/Assert.sys.mjs:38:4
dispatch@chrome://remote/content/marionette/server.sys.mjs:315:19
execute@chrome://remote/content/marionette/server.sys.mjs:289:16
onPacket/<@chrome://remote/content/marionette/server.sys.mjs:262:20
onPacket@chrome://remote/content/marionette/server.sys.mjs:263:9
_onJSONObjectReady/<@chrome://remote/content/marionette/transport.sys.mjs:494:20


During handling of the above exception, another exception occurred:

Traceback (most recent call last):
  File "C:\TIR_TESTE\venv\Lib\site-packages\tir\technologies\core\log.py", line 626, in take_screenshot_log
    driver.save_screenshot(str(path))
  File "C:\TIR_TESTE\venv\Lib\site-packages\selenium\webdriver\remote\webdriver.py", line 822, in save_screenshot
    return self.get_screenshot_as_file(filename)
           ^^^^^^^^^^^^^^^^^^^^^^^^^^^^^^^^^^^^^
  File "C:\TIR_TESTE\venv\Lib\site-packages\selenium\webdriver\remote\webdriver.py", line 798, in get_screenshot_as_file
    png = self.get_screenshot_as_png()
          ^^^^^^^^^^^^^^^^^^^^^^^^^^^^
  File "C:\TIR_TESTE\venv\Lib\site-packages\selenium\webdriver\remote\webdriver.py", line 832, in get_screenshot_as_png
    return b64decode(self.get_screenshot_as_base64().encode("ascii"))
                     ^^^^^^^^^^^^^^^^^^^^^^^^^^^^^^^
  File "C:\TIR_TESTE\venv\Lib\site-packages\selenium\webdriver\remote\webdriver.py", line 843, in get_screenshot_as_base64
    return self.execute(Command.SCREENSHOT)["value"]
           ^^^^^^^^^^^^^^^^^^^^^^^^^^^^^^^^
  File "C:\TIR_TESTE\venv\Lib\site-packages\selenium\webdriver\remote\webdriver.py", line 347, in execute
    self.error_handler.check_response(response)
  File "C:\TIR_TESTE\venv\Lib\site-packages\selenium\webdriver\remote\errorhandler.py", line 229, in check_response
    raise exception_class(message, screen, stacktrace)
selenium.common.exceptions.WebDriverException: Message: Failed to decode response from marionette

2025-12-11 10:04:20,940-DEBUG-root-10276::log::checks_empty_line|221:: Checking empty default log info
2025-12-11 10:04:20,943-DEBUG-root-10276::log::generate_log|503:: Json log_data: {'cLogDtExec': '11/12/2025 10:04:20', 'cLogNomUsr': '97137227104', 'cLogNomEst': 'GESIT03', 'cLogProgra': None, 'cLogDtProg': '', 'cLogHrProg': '', 'nLogCtsOk': 0, 'nLogCtsNok': 1, 'nLogCtsSeg': 260.82, 'cLogVersao': '12', 'cLogReleas': '12.1.2410', 'nLogCtsErr': 'Viagem - fill grid error: Message: WebDriver session does not exist, or is not activeStacktrace:RemoteError@chrome://remote/content/shared/RemoteError.sys.mjs:8:8WebDriverError@chrome://remote/content/shared/webdriver/Errors.sys.mjs:202:5InvalidSessionIDError@chrome://remote/content/shared/webdriver/Errors.sys.mjs:472:5assert.that/<@chrome://remote/content/shared/webdriver/Assert.sys.mjs:581:13assert.session@chrome://remote/content/shared/webdriver/Assert.sys.mjs:38:4dispatch@chrome://remote/content/marionette/server.sys.mjs:315:19execute@chrome://remote/content/marionette/server.sys.mjs:289:1', 'cLogBancod': 'ORACLE', 'cLogIdenti': '', 'cLogIdExec': '20251211', 'cLogPais': 'BRA', 'cLogTool': 'TIR', 'cLogSequen': '2ffa23', 'nLogCtsTot': 1, 'cLogDtExea': '11/12/2025', 'cLogHrExea': '10:04:20', 'cLogArea': 'Desenvolvimento', 'cLogMnExec': 4.3469999999999995}
2025-12-11 10:04:20,943-INFO-root-10276::log::send_log_with_retries|515:: Saving log locally.
2025-12-11 10:04:20,943-INFO-root-10276::log::save_log_locally|548:: [FwSendLog]: Não foi possível enviar o log após todas as tentativas.
2025-12-11 10:04:20,945-INFO-root-10276::log::save_log_locally|555:: [FwSendLog]: Log salvo localmente em C:\TIR_TESTE\1765458260.json.
2025-12-11 10:04:20,950-ERROR-root-10276::webapp_internal::log_error|8181:: Warning Log Error Close Message: Tried to run command without establishing a connection
Traceback (most recent call last):
  File "C:\TIR_TESTE\venv\Lib\site-packages\tir\technologies\webapp_internal.py", line 6625, in fill_grid
    current_value = self.get_element_text(selenium_column())
                    ^^^^^^^^^^^^^^^^^^^^^^^^^^^^^^^^^^^^^^^^
  File "C:\TIR_TESTE\venv\Lib\site-packages\tir\technologies\core\base.py", line 606, in get_element_text
    return self.driver.execute_script("return arguments[0].innerText", element)
           ^^^^^^^^^^^^^^^^^^^^^^^^^^^^^^^^^^^^^^^^^^^^^^^^^^^^^^^^^^^^^^^^^^^^
  File "C:\TIR_TESTE\venv\Lib\site-packages\selenium\webdriver\remote\webdriver.py", line 407, in execute_script
    return self.execute(command, {"script": script, "args": converted_args})["value"]
           ^^^^^^^^^^^^^^^^^^^^^^^^^^^^^^^^^^^^^^^^^^^^^^^^^^^^^^^^^^^^^^^^^
  File "C:\TIR_TESTE\venv\Lib\site-packages\selenium\webdriver\remote\webdriver.py", line 347, in execute
    self.error_handler.check_response(response)
  File "C:\TIR_TESTE\venv\Lib\site-packages\selenium\webdriver\remote\errorhandler.py", line 229, in check_response
    raise exception_class(message, screen, stacktrace)
selenium.common.exceptions.InvalidSessionIdException: Message: WebDriver session does not exist, or is not active
Stacktrace:
RemoteError@chrome://remote/content/shared/RemoteError.sys.mjs:8:8
WebDriverError@chrome://remote/content/shared/webdriver/Errors.sys.mjs:202:5
InvalidSessionIDError@chrome://remote/content/shared/webdriver/Errors.sys.mjs:472:5
assert.that/<@chrome://remote/content/shared/webdriver/Assert.sys.mjs:581:13
assert.session@chrome://remote/content/shared/webdriver/Assert.sys.mjs:38:4
dispatch@chrome://remote/content/marionette/server.sys.mjs:315:19
execute@chrome://remote/content/marionette/server.sys.mjs:289:16
onPacket/<@chrome://remote/content/marionette/server.sys.mjs:262:20
onPacket@chrome://remote/content/marionette/server.sys.mjs:263:9
_onJSONObjectReady/<@chrome://remote/content/marionette/transport.sys.mjs:494:20


During handling of the above exception, another exception occurred:

Traceback (most recent call last):
  File "C:\TIR_TESTE\venv\Lib\site-packages\tir\technologies\webapp_internal.py", line 8179, in log_error
    self.driver.close()
  File "C:\TIR_TESTE\venv\Lib\site-packages\selenium\webdriver\remote\webdriver.py", line 458, in close
    self.execute(Command.CLOSE)
  File "C:\TIR_TESTE\venv\Lib\site-packages\selenium\webdriver\remote\webdriver.py", line 347, in execute
    self.error_handler.check_response(response)
  File "C:\TIR_TESTE\venv\Lib\site-packages\selenium\webdriver\remote\errorhandler.py", line 229, in check_response
    raise exception_class(message, screen, stacktrace)
selenium.common.exceptions.InvalidSessionIdException: Message: Tried to run command without establishing a connection

2025-12-11 10:04:20,951-ERROR-root-10276::webapp_internal::SetKey|5901:: False is not true : Viagem - fill grid error: Message: WebDriver session does not exist, or is not active
Stacktrace:
RemoteError@chrome://remote/content/shared/RemoteError.sys.mjs:8:8
WebDriverError@chrome://remote/content/shared/webdriver/Errors.sys.mjs:202:5
InvalidSessionIDError@chrome://remote/content/shared/webdriver/Errors.sys.mjs:472:5
assert.that/<@chrome://remote/content/shared/webdriver/Assert.sys.mjs:581:13
assert.session@chrome://remote/content/shared/webdriver/Assert.sys.mjs:38:4
dispatch@chrome://remote/content/marionette/server.sys.mjs:315:19
execute@chrome://remote/content/marionette/server.sys.mjs:289:16
onPacket/<@chrome://remote/content/marionette/server.sys.mjs:262:20
onPacket@chrome://remote/content/marionette/server.sys.mjs:263:9
_onJSONObjectReady/<@chrome://remote/content/marionette/transport.sys.mjs:494:20
Traceback (most recent call last):
  File "C:\TIR_TESTE\venv\Lib\site-packages\tir\technologies\webapp_internal.py", line 6625, in fill_grid
    current_value = self.get_element_text(selenium_column())
                    ^^^^^^^^^^^^^^^^^^^^^^^^^^^^^^^^^^^^^^^^
  File "C:\TIR_TESTE\venv\Lib\site-packages\tir\technologies\core\base.py", line 606, in get_element_text
    return self.driver.execute_script("return arguments[0].innerText", element)
           ^^^^^^^^^^^^^^^^^^^^^^^^^^^^^^^^^^^^^^^^^^^^^^^^^^^^^^^^^^^^^^^^^^^^
  File "C:\TIR_TESTE\venv\Lib\site-packages\selenium\webdriver\remote\webdriver.py", line 407, in execute_script
    return self.execute(command, {"script": script, "args": converted_args})["value"]
           ^^^^^^^^^^^^^^^^^^^^^^^^^^^^^^^^^^^^^^^^^^^^^^^^^^^^^^^^^^^^^^^^^
  File "C:\TIR_TESTE\venv\Lib\site-packages\selenium\webdriver\remote\webdriver.py", line 347, in execute
    self.error_handler.check_response(response)
  File "C:\TIR_TESTE\venv\Lib\site-packages\selenium\webdriver\remote\errorhandler.py", line 229, in check_response
    raise exception_class(message, screen, stacktrace)
selenium.common.exceptions.InvalidSessionIdException: Message: WebDriver session does not exist, or is not active
Stacktrace:
RemoteError@chrome://remote/content/shared/RemoteError.sys.mjs:8:8
WebDriverError@chrome://remote/content/shared/webdriver/Errors.sys.mjs:202:5
InvalidSessionIDError@chrome://remote/content/shared/webdriver/Errors.sys.mjs:472:5
assert.that/<@chrome://remote/content/shared/webdriver/Assert.sys.mjs:581:13
assert.session@chrome://remote/content/shared/webdriver/Assert.sys.mjs:38:4
dispatch@chrome://remote/content/marionette/server.sys.mjs:315:19
execute@chrome://remote/content/marionette/server.sys.mjs:289:16
onPacket/<@chrome://remote/content/marionette/server.sys.mjs:262:20
onPacket@chrome://remote/content/marionette/server.sys.mjs:263:9
_onJSONObjectReady/<@chrome://remote/content/marionette/transport.sys.mjs:494:20


During handling of the above exception, another exception occurred:

Traceback (most recent call last):
  File "C:\TIR_TESTE\venv\Lib\site-packages\tir\technologies\webapp_internal.py", line 5861, in SetKey
    self.LoadGrid()
  File "C:\TIR_TESTE\venv\Lib\site-packages\tir\technologies\webapp_internal.py", line 6301, in LoadGrid
    self.fill_grid(field, x3_dictionaries, initial_layer, duplicate_fields)
  File "C:\TIR_TESTE\venv\Lib\site-packages\tir\technologies\webapp_internal.py", line 6676, in fill_grid
    self.log_error(f'fill grid error: {str(e)}')
  File "C:\TIR_TESTE\venv\Lib\site-packages\tir\technologies\webapp_internal.py", line 8206, in log_error
    self.assertTrue(False, log_message)
  File "C:\Users\97137227104\AppData\Local\Programs\Python\Python312\Lib\unittest\case.py", line 727, in assertTrue
    raise self.failureException(msg)
AssertionError: False is not true : Viagem - fill grid error: Message: WebDriver session does not exist, or is not active
Stacktrace:
RemoteError@chrome://remote/content/shared/RemoteError.sys.mjs:8:8
WebDriverError@chrome://remote/content/shared/webdriver/Errors.sys.mjs:202:5
InvalidSessionIDError@chrome://remote/content/shared/webdriver/Errors.sys.mjs:472:5
assert.that/<@chrome://remote/content/shared/webdriver/Assert.sys.mjs:581:13
assert.session@chrome://remote/content/shared/webdriver/Assert.sys.mjs:38:4
dispatch@chrome://remote/content/marionette/server.sys.mjs:315:19
execute@chrome://remote/content/marionette/server.sys.mjs:289:16
onPacket/<@chrome://remote/content/marionette/server.sys.mjs:262:20
onPacket@chrome://remote/content/marionette/server.sys.mjs:263:9
_onJSONObjectReady/<@chrome://remote/content/marionette/transport.sys.mjs:494:20

2025-12-11 10:04:20,954-DEBUG-root-10276::webapp_internal::wait_blocker|2444:: Waiting blocker to continue...
2025-12-11 10:04:20,956-DEBUG-root-10276::webapp_internal::wait_blocker|2469:: Blocker status: None
2025-12-11 10:04:20,956-INFO-root-10276::webapp_internal::SetKey|5822:: Key pressed: TAB
2025-12-11 10:04:20,956-DEBUG-root-10276::webapp_internal::SetKey|5857:: Trying press key
2025-12-11 10:04:20,956-DEBUG-root-10276::webapp_internal::wait_element|7623:: Waiting for element
2025-12-11 10:04:20,957-WARNING-root-10276::webapp_internal::log_error|8143:: Warning log_error SetKey - Screen is not load: Message: Tried to run command without establishing a connection

2025-12-11 10:04:20,958-DEBUG-root-10276::webapp_internal::log_error|8146:: ***System Info*** in log_error():
2025-12-11 10:04:20,958-DEBUG-root-10276::psutil_info::system_info|5:: CPU USAGE: 15.5%
2025-12-11 10:04:20,958-DEBUG-root-10276::psutil_info::system_info|6:: MEMORY USAGE: 80.0%
2025-12-11 10:04:20,959-DEBUG-root-10276::psutil_info::system_info|7:: MEMORY AVAILABLE: 20.0%
2025-12-11 10:04:20,977-ERROR-root-10276::webapp_internal::log_error|8181:: Warning Log Error Close Message: Tried to run command without establishing a connection
Traceback (most recent call last):
  File "C:\TIR_TESTE\venv\Lib\site-packages\tir\technologies\core\base.py", line 501, in get_current_DOM
    self.driver.switch_to.default_content()
  File "C:\TIR_TESTE\venv\Lib\site-packages\selenium\webdriver\remote\switch_to.py", line 69, in default_content
    self._driver.execute(Command.SWITCH_TO_FRAME, {"id": None})
  File "C:\TIR_TESTE\venv\Lib\site-packages\selenium\webdriver\remote\webdriver.py", line 347, in execute
    self.error_handler.check_response(response)
  File "C:\TIR_TESTE\venv\Lib\site-packages\selenium\webdriver\remote\errorhandler.py", line 229, in check_response
    raise exception_class(message, screen, stacktrace)
selenium.common.exceptions.InvalidSessionIdException: Message: Tried to run command without establishing a connection


During handling of the above exception, another exception occurred:

Traceback (most recent call last):
  File "C:\TIR_TESTE\venv\Lib\site-packages\tir\technologies\webapp_internal.py", line 5861, in SetKey
    self.LoadGrid()
  File "C:\TIR_TESTE\venv\Lib\site-packages\tir\technologies\webapp_internal.py", line 6284, in LoadGrid
    self.wait_element(term=selector, scrap_type=enum.ScrapType.CSS_SELECTOR)
  File "C:\TIR_TESTE\venv\Lib\site-packages\tir\technologies\webapp_internal.py", line 7626, in wait_element
    while (not self.element_exists(term, scrap_type, position, optional_term, main_container, check_error, twebview, second_term) and time.time() < endtime):
               ^^^^^^^^^^^^^^^^^^^^^^^^^^^^^^^^^^^^^^^^^^^^^^^^^^^^^^^^^^^^^^^^^^^^^^^^^^^^^^^^^^^^^^^^^^^^^^^^^^^^^^^^^^^^^^^^^^
  File "C:\TIR_TESTE\venv\Lib\site-packages\tir\technologies\webapp_internal.py", line 4073, in element_exists
    soup = self.get_current_DOM(twebview=twebview)
           ^^^^^^^^^^^^^^^^^^^^^^^^^^^^^^^^^^^^^^^
  File "C:\TIR_TESTE\venv\Lib\site-packages\tir\technologies\core\base.py", line 538, in get_current_DOM
    self.driver.switch_to.default_content()
  File "C:\TIR_TESTE\venv\Lib\site-packages\selenium\webdriver\remote\switch_to.py", line 69, in default_content
    self._driver.execute(Command.SWITCH_TO_FRAME, {"id": None})
  File "C:\TIR_TESTE\venv\Lib\site-packages\selenium\webdriver\remote\webdriver.py", line 347, in execute
    self.error_handler.check_response(response)
  File "C:\TIR_TESTE\venv\Lib\site-packages\selenium\webdriver\remote\errorhandler.py", line 229, in check_response
    raise exception_class(message, screen, stacktrace)
selenium.common.exceptions.InvalidSessionIdException: Message: Tried to run command without establishing a connection


During handling of the above exception, another exception occurred:

Traceback (most recent call last):
  File "C:\TIR_TESTE\venv\Lib\site-packages\tir\technologies\webapp_internal.py", line 8179, in log_error
    self.driver.close()
  File "C:\TIR_TESTE\venv\Lib\site-packages\selenium\webdriver\remote\webdriver.py", line 458, in close
    self.execute(Command.CLOSE)
  File "C:\TIR_TESTE\venv\Lib\site-packages\selenium\webdriver\remote\webdriver.py", line 347, in execute
    self.error_handler.check_response(response)
  File "C:\TIR_TESTE\venv\Lib\site-packages\selenium\webdriver\remote\errorhandler.py", line 229, in check_response
    raise exception_class(message, screen, stacktrace)
selenium.common.exceptions.InvalidSessionIdException: Message: Tried to run command without establishing a connection

2025-12-11 10:04:21,466-ERROR-root-10276::webapp_internal::TearDown|9654:: Warning tearDown Close Message: Tried to run command without establishing a connection
Traceback (most recent call last):
  File "C:\TIR_TESTE\venv\Lib\site-packages\tir\technologies\webapp_internal.py", line 9652, in TearDown
    self.driver.close()
  File "C:\TIR_TESTE\venv\Lib\site-packages\selenium\webdriver\remote\webdriver.py", line 458, in close
    self.execute(Command.CLOSE)
  File "C:\TIR_TESTE\venv\Lib\site-packages\selenium\webdriver\remote\webdriver.py", line 347, in execute
    self.error_handler.check_response(response)
  File "C:\TIR_TESTE\venv\Lib\site-packages\selenium\webdriver\remote\errorhandler.py", line 229, in check_response
    raise exception_class(message, screen, stacktrace)
selenium.common.exceptions.InvalidSessionIdException: Message: Tried to run command without establishing a connection

2025-12-11 09:59:59,042-DEBUG-root-10276::logging_config::logger|189:: Log file created: 'Log\GESIT03\TIR__20251211095959023.log'
2025-12-11 09:59:59,042-INFO-root-10276::base::Start|1183:: TIR Version: 2.4.3
2025-12-11 09:59:59,042-INFO-root-10276::base::Start|1184:: Python Version: 3.12.10
2025-12-11 09:59:59,042-INFO-root-10276::base::Start|1185:: Starting the browser
2025-12-11 10:00:07,690-INFO-root-10276::base::get_url|1294:: Page is ready!
2025-12-11 10:00:07,692-INFO-root-10276::base::Start|1256:: Browser maximized to 1936x1048
2025-12-11 10:00:07,692-INFO-root-10276::base::Start|1258:: Screen size is different from default used in headless mode
2025-12-11 10:00:08,589-INFO-root-10276::webapp_internal::Setup|247:: ***System Info*** in Setup():
2025-12-11 10:00:08,589-DEBUG-root-10276::psutil_info::system_info|5:: CPU USAGE: 15.9%
2025-12-11 10:00:08,591-DEBUG-root-10276::psutil_info::system_info|6:: MEMORY USAGE: 95.3%
2025-12-11 10:00:08,591-DEBUG-root-10276::psutil_info::system_info|7:: MEMORY AVAILABLE: 4.71%
2025-12-11 10:00:08,712-INFO-root-10276::base::webapp_shadowroot|1394:: Webapp: 10.1.6-RC4
2025-12-11 10:00:09,142-INFO-root-10276::webapp_internal::filling_initial_program|449:: Filling Initial Program: "SIGAMDI"
2025-12-11 10:00:09,142-DEBUG-root-10276::webapp_internal::wait_element|7623:: Waiting for element
2025-12-11 10:00:09,601-DEBUG-root-10276::webapp_internal::wait_element|7653:: Element found! Waiting for element to be displayed.
2025-12-11 10:00:09,751-DEBUG-root-10276::base::click|192:: Click Type: ClickType.JS
2025-12-11 10:00:09,755-DEBUG-root-10276::webapp_internal::try_send_keys|7976:: Trying to send keys to element using technique 0
2025-12-11 10:00:11,043-DEBUG-root-10276::webapp_internal::get_web_value|3232:: Current value: SIGAMDI
2025-12-11 10:00:11,043-INFO-root-10276::webapp_internal::filling_server_environment|463:: Filling Server Environment: "POUPEX_TST"
2025-12-11 10:00:11,043-DEBUG-root-10276::webapp_internal::wait_element|7623:: Waiting for element
2025-12-11 10:00:11,122-DEBUG-root-10276::webapp_internal::wait_element|7653:: Element found! Waiting for element to be displayed.
2025-12-11 10:00:11,277-DEBUG-root-10276::base::click|192:: Click Type: ClickType.JS
2025-12-11 10:00:11,281-DEBUG-root-10276::webapp_internal::try_send_keys|7976:: Trying to send keys to element using technique 0
2025-12-11 10:00:11,597-DEBUG-root-10276::webapp_internal::get_web_value|3232:: Current value: POUPEX_TST
2025-12-11 10:00:11,620-DEBUG-root-10276::base::click|192:: Click Type: ClickType.JS
2025-12-11 10:00:11,632-DEBUG-root-10276::webapp_internal::user_screen|519:: Filling user screen
2025-12-11 10:00:18,172-DEBUG-root-10276::base::scroll_to_element|759:: ********Warining scroll_to_element exception: Message: TypeError: can't access property "scrollIntoView", arguments[0] is null
Stacktrace:
@https://qasrverp:10020/webapp/:2:7
@https://qasrverp:10020/webapp/:3:8
*********
2025-12-11 10:00:18,198-DEBUG-root-10276::webapp_internal::wait_element_timeout|7726:: Element found! Waiting for element to be displayed.
2025-12-11 10:00:18,256-DEBUG-root-10276::base::scroll_to_element|759:: ********Warining scroll_to_element exception: Message: TypeError: can't access property "scrollIntoView", arguments[0] is null
Stacktrace:
@https://qasrverp:10020/webapp/:2:7
@https://qasrverp:10020/webapp/:3:8
*********
2025-12-11 10:00:18,400-INFO-root-10276::webapp_internal::user_screen|561:: Filling User
2025-12-11 10:00:18,426-DEBUG-root-10276::base::double_click|259:: Click Type: ClickType.SELENIUM
2025-12-11 10:00:18,608-DEBUG-root-10276::webapp_internal::get_web_value|3232:: Current value: 97137227104
2025-12-11 10:00:18,628-INFO-root-10276::webapp_internal::user_screen|621:: Filling Password
2025-12-11 10:00:18,648-DEBUG-root-10276::base::click|192:: Click Type: ClickType.JS
2025-12-11 10:00:18,718-DEBUG-root-10276::webapp_internal::get_web_value|3232:: Current value: Val20221080080094+
2025-12-11 10:00:18,718-DEBUG-root-10276::webapp_internal::wait_blocker|2444:: Waiting blocker to continue...
2025-12-11 10:00:18,744-DEBUG-root-10276::webapp_internal::wait_blocker|2469:: Blocker status: None
2025-12-11 10:00:18,765-DEBUG-root-10276::webapp_internal::wait_blocker|2444:: Waiting blocker to continue...
2025-12-11 10:00:18,794-DEBUG-root-10276::webapp_internal::wait_blocker|2469:: Blocker status: None
2025-12-11 10:00:18,825-DEBUG-root-10276::webapp_internal::wait_blocker|2444:: Waiting blocker to continue...
2025-12-11 10:00:18,854-DEBUG-root-10276::webapp_internal::wait_blocker|2469:: Blocker status: None
2025-12-11 10:00:18,854-DEBUG-root-10276::webapp_internal::send_action|10480:: Trying to send action
2025-12-11 10:00:18,861-DEBUG-root-10276::base::click|192:: Click Type: ClickType.JS
2025-12-11 10:00:19,898-DEBUG-root-10276::webapp_internal::send_action|10522:: send_action method result = True
2025-12-11 10:00:19,898-DEBUG-root-10276::webapp_internal::send_action|10523:: send_action selenium status: False
2025-12-11 10:00:22,578-DEBUG-root-10276::base::scroll_to_element|759:: ********Warining scroll_to_element exception: Message: TypeError: can't access property "scrollIntoView", arguments[0] is null
Stacktrace:
@https://qasrverp:10020/webapp/:2:7
@https://qasrverp:10020/webapp/:3:8
*********
2025-12-11 10:00:22,642-INFO-root-10276::webapp_internal::filling_date|885:: Filling Date: "11/12/2025"
2025-12-11 10:00:22,642-DEBUG-root-10276::webapp_internal::wait_blocker|2444:: Waiting blocker to continue...
2025-12-11 10:00:22,679-DEBUG-root-10276::webapp_internal::wait_blocker|2469:: Blocker status: None
2025-12-11 10:00:22,682-DEBUG-root-10276::base::click|192:: Click Type: ClickType.JS
2025-12-11 10:00:22,699-DEBUG-root-10276::webapp_internal::try_send_keys|7976:: Trying to send keys to element using technique 1
2025-12-11 10:00:22,774-DEBUG-root-10276::webapp_internal::get_web_value|3232:: Current value: 11/12/2025
2025-12-11 10:00:23,857-INFO-root-10276::webapp_internal::filling_group|955:: Filling Group: "02"
2025-12-11 10:00:23,857-DEBUG-root-10276::webapp_internal::wait_blocker|2444:: Waiting blocker to continue...
2025-12-11 10:00:23,900-DEBUG-root-10276::webapp_internal::wait_blocker|2469:: Blocker status: None
2025-12-11 10:00:23,903-DEBUG-root-10276::base::click|192:: Click Type: ClickType.JS
2025-12-11 10:00:23,962-DEBUG-root-10276::webapp_internal::get_web_value|3232:: Current value: 02
2025-12-11 10:00:25,024-INFO-root-10276::webapp_internal::filling_branch|1047:: Filling Branch: "02DF0001"
2025-12-11 10:00:25,024-DEBUG-root-10276::webapp_internal::wait_blocker|2444:: Waiting blocker to continue...
2025-12-11 10:00:25,056-DEBUG-root-10276::webapp_internal::wait_blocker|2469:: Blocker status: None
2025-12-11 10:00:25,059-DEBUG-root-10276::base::click|192:: Click Type: ClickType.JS
2025-12-11 10:00:25,110-DEBUG-root-10276::webapp_internal::get_web_value|3232:: Current value: 02DF0001
2025-12-11 10:00:26,192-INFO-root-10276::webapp_internal::filling_environment|1113:: Filling Environment: "07"
2025-12-11 10:00:26,192-DEBUG-root-10276::webapp_internal::wait_blocker|2444:: Waiting blocker to continue...
2025-12-11 10:00:26,224-DEBUG-root-10276::webapp_internal::wait_blocker|2469:: Blocker status: None
2025-12-11 10:00:26,227-DEBUG-root-10276::base::click|192:: Click Type: ClickType.JS
2025-12-11 10:00:26,279-DEBUG-root-10276::webapp_internal::get_web_value|3232:: Current value: 07
2025-12-11 10:00:27,289-DEBUG-root-10276::webapp_internal::close_warning_screen|1489:: Closing warning screen!
2025-12-11 10:00:28,318-DEBUG-root-10276::webapp_internal::check_screen_element|1291:: Checking screen element: "Atenção": False
2025-12-11 10:00:29,419-INFO-root-10276::webapp_internal::environment_screen|796:: Clicking on Button
2025-12-11 10:00:29,419-DEBUG-root-10276::webapp_internal::wait_blocker|2444:: Waiting blocker to continue...
2025-12-11 10:00:29,451-DEBUG-root-10276::webapp_internal::wait_blocker|2469:: Blocker status: None
2025-12-11 10:00:29,455-DEBUG-root-10276::base::click|192:: Click Type: ClickType.JS
2025-12-11 10:00:30,465-DEBUG-root-10276::base::click|192:: Click Type: ClickType.JS
2025-12-11 10:00:31,471-DEBUG-root-10276::base::click|192:: Click Type: ClickType.JS
2025-12-11 10:00:32,478-DEBUG-root-10276::base::click|192:: Click Type: ClickType.JS
2025-12-11 10:00:33,486-DEBUG-root-10276::base::click|192:: Click Type: ClickType.JS
2025-12-11 10:00:34,494-DEBUG-root-10276::base::click|192:: Click Type: ClickType.JS
2025-12-11 10:00:35,502-DEBUG-root-10276::webapp_internal::close_screen_before_menu|368:: Closing screen before the menu
2025-12-11 10:00:35,550-DEBUG-root-10276::webapp_internal::close_warning_screen|1489:: Closing warning screen!
2025-12-11 10:00:36,589-DEBUG-root-10276::webapp_internal::check_screen_element|1291:: Checking screen element: "Atenção": False
2025-12-11 10:00:36,589-DEBUG-root-10276::webapp_internal::close_coin_screen|1424:: Closing coin screen!
2025-12-11 10:00:37,141-DEBUG-root-10276::base::click|192:: Click Type: ClickType.JS
2025-12-11 10:00:37,198-DEBUG-root-10276::webapp_internal::close_warning_screen|1489:: Closing warning screen!
2025-12-11 10:00:38,533-DEBUG-root-10276::webapp_internal::check_screen_element|1291:: Checking screen element: "Atenção": False
2025-12-11 10:00:38,534-DEBUG-root-10276::webapp_internal::close_coin_screen|1424:: Closing coin screen!
2025-12-11 10:00:39,019-INFO-root-10276::webapp_internal::set_log_info|1623:: Getting log info
2025-12-11 10:00:39,019-INFO-root-10276::webapp_internal::SetLateralMenu|4184:: Navigating lateral menu: Ajuda > Sobre
2025-12-11 10:00:39,094-DEBUG-root-10276::webapp_internal::wait_element|7623:: Waiting for element
2025-12-11 10:00:39,183-DEBUG-root-10276::webapp_internal::wait_element|7653:: Element found! Waiting for element to be displayed.
2025-12-11 10:00:39,474-INFO-root-10276::webapp_internal::SetLateralMenu|4203:: Menu item: "Ajuda"
2025-12-11 10:00:39,475-DEBUG-root-10276::webapp_internal::wait_blocker|2444:: Waiting blocker to continue...
2025-12-11 10:00:39,642-DEBUG-root-10276::webapp_internal::wait_blocker|2469:: Blocker status: False
2025-12-11 10:00:40,097-DEBUG-root-10276::webapp_internal::wait_element_timeout|7726:: Element found! Waiting for element to be displayed.
2025-12-11 10:00:40,437-DEBUG-root-10276::webapp_internal::wait_blocker|2444:: Waiting blocker to continue...
2025-12-11 10:00:40,506-DEBUG-root-10276::webapp_internal::wait_blocker|2469:: Blocker status: False
2025-12-11 10:00:42,794-INFO-root-10276::webapp_internal::SetLateralMenu|4203:: Menu item: "Sobre"
2025-12-11 10:00:42,794-DEBUG-root-10276::webapp_internal::wait_blocker|2444:: Waiting blocker to continue...
2025-12-11 10:00:42,854-DEBUG-root-10276::webapp_internal::wait_blocker|2469:: Blocker status: False
2025-12-11 10:00:43,259-DEBUG-root-10276::webapp_internal::wait_element_timeout|7726:: Element found! Waiting for element to be displayed.
2025-12-11 10:00:43,614-DEBUG-root-10276::webapp_internal::wait_blocker|2444:: Waiting blocker to continue...
2025-12-11 10:00:43,678-DEBUG-root-10276::webapp_internal::wait_blocker|2469:: Blocker status: False
2025-12-11 10:00:46,299-DEBUG-root-10276::webapp_internal::wait_blocker|2444:: Waiting blocker to continue...
2025-12-11 10:00:46,367-DEBUG-root-10276::webapp_internal::wait_blocker|2469:: Blocker status: False
2025-12-11 10:00:46,435-DEBUG-root-10276::webapp_internal::wait_element|7623:: Waiting for element
2025-12-11 10:00:46,476-DEBUG-root-10276::webapp_internal::wait_element|7653:: Element found! Waiting for element to be displayed.
2025-12-11 10:00:46,647-INFO-root-10276::webapp_internal::SetButton|4444:: Clicking on Fechar
2025-12-11 10:00:46,648-DEBUG-root-10276::webapp_internal::wait_blocker|2444:: Waiting blocker to continue...
2025-12-11 10:00:46,716-DEBUG-root-10276::webapp_internal::wait_blocker|2469:: Blocker status: False
2025-12-11 10:00:46,922-DEBUG-root-10276::webapp_internal::wait_element_timeout|7726:: Element found! Waiting for element to be displayed.
2025-12-11 10:00:46,994-DEBUG-root-10276::webapp_internal::SetButton|4481:: ***System Info*** Before Clicking on button:Fechar
2025-12-11 10:00:46,994-DEBUG-root-10276::psutil_info::system_info|5:: CPU USAGE: 8.0%
2025-12-11 10:00:46,995-DEBUG-root-10276::psutil_info::system_info|6:: MEMORY USAGE: 95.7%
2025-12-11 10:00:46,995-DEBUG-root-10276::psutil_info::system_info|7:: MEMORY AVAILABLE: 4.29%
2025-12-11 10:00:47,154-DEBUG-root-10276::webapp_internal::wait_element_timeout|7726:: Element found! Waiting for element to be displayed.
2025-12-11 10:00:47,255-DEBUG-root-10276::webapp_internal::wait_blocker|2444:: Waiting blocker to continue...
2025-12-11 10:00:47,325-DEBUG-root-10276::webapp_internal::wait_blocker|2469:: Blocker status: False
2025-12-11 10:00:47,342-DEBUG-root-10276::webapp_internal::wait_blocker|2444:: Waiting blocker to continue...
2025-12-11 10:00:47,445-DEBUG-root-10276::webapp_internal::wait_blocker|2469:: Blocker status: False
2025-12-11 10:00:47,445-DEBUG-root-10276::webapp_internal::send_action|10480:: Trying to send action
2025-12-11 10:00:47,449-DEBUG-root-10276::base::click|192:: Click Type: ClickType.JS
2025-12-11 10:00:48,478-DEBUG-root-10276::webapp_internal::send_action|10522:: send_action method result = True
2025-12-11 10:00:48,478-DEBUG-root-10276::webapp_internal::send_action|10523:: send_action selenium status: False
2025-12-11 10:00:48,479-DEBUG-root-10276::webapp_internal::SetButton|4683:: ***System Info*** After Clicking on button:
2025-12-11 10:00:48,479-DEBUG-root-10276::psutil_info::system_info|5:: CPU USAGE: 7.3%
2025-12-11 10:00:48,479-DEBUG-root-10276::psutil_info::system_info|6:: MEMORY USAGE: 95.5%
2025-12-11 10:00:48,480-DEBUG-root-10276::psutil_info::system_info|7:: MEMORY AVAILABLE: 4.53%
2025-12-11 10:00:48,480-DEBUG-root-10276::webapp_internal::wait_element|7623:: Waiting for element
2025-12-11 10:00:48,570-INFO-root-10276::webapp_internal::SetLateralMenu|4184:: Navigating lateral menu: Atualizações > Gestao de Viagens > Solicitações
2025-12-11 10:00:48,579-DEBUG-root-10276::webapp_internal::wait_element|7623:: Waiting for element
2025-12-11 10:00:48,624-DEBUG-root-10276::webapp_internal::wait_element|7653:: Element found! Waiting for element to be displayed.
2025-12-11 10:00:48,791-INFO-root-10276::webapp_internal::SetLateralMenu|4203:: Menu item: "Atualizações"
2025-12-11 10:00:48,791-DEBUG-root-10276::webapp_internal::wait_blocker|2444:: Waiting blocker to continue...
2025-12-11 10:00:48,860-DEBUG-root-10276::webapp_internal::wait_blocker|2469:: Blocker status: False
2025-12-11 10:00:49,269-DEBUG-root-10276::webapp_internal::wait_element_timeout|7726:: Element found! Waiting for element to be displayed.
2025-12-11 10:00:49,645-DEBUG-root-10276::webapp_internal::wait_blocker|2444:: Waiting blocker to continue...
2025-12-11 10:00:49,707-DEBUG-root-10276::webapp_internal::wait_blocker|2469:: Blocker status: False
2025-12-11 10:00:51,986-INFO-root-10276::webapp_internal::SetLateralMenu|4203:: Menu item: "Gestao de Viagens"
2025-12-11 10:00:51,987-DEBUG-root-10276::webapp_internal::wait_blocker|2444:: Waiting blocker to continue...
2025-12-11 10:00:52,078-DEBUG-root-10276::webapp_internal::wait_blocker|2469:: Blocker status: False
2025-12-11 10:00:52,787-DEBUG-root-10276::webapp_internal::wait_element_timeout|7726:: Element found! Waiting for element to be displayed.
2025-12-11 10:00:53,566-DEBUG-root-10276::webapp_internal::wait_blocker|2444:: Waiting blocker to continue...
2025-12-11 10:00:53,672-DEBUG-root-10276::webapp_internal::wait_blocker|2469:: Blocker status: False
2025-12-11 10:00:55,958-INFO-root-10276::webapp_internal::SetLateralMenu|4203:: Menu item: "Solicitações"
2025-12-11 10:00:55,958-DEBUG-root-10276::webapp_internal::wait_blocker|2444:: Waiting blocker to continue...
2025-12-11 10:00:56,039-DEBUG-root-10276::webapp_internal::wait_blocker|2469:: Blocker status: False
2025-12-11 10:00:56,917-DEBUG-root-10276::webapp_internal::wait_element_timeout|7726:: Element found! Waiting for element to be displayed.
2025-12-11 10:00:57,748-DEBUG-root-10276::webapp_internal::wait_blocker|2444:: Waiting blocker to continue...
2025-12-11 10:00:57,826-DEBUG-root-10276::webapp_internal::wait_blocker|2469:: Blocker status: False
2025-12-11 10:01:01,346-DEBUG-root-10276::webapp_internal::wait_blocker|2444:: Waiting blocker to continue...
2025-12-11 10:01:01,421-DEBUG-root-10276::webapp_internal::wait_blocker|2469:: Blocker status: False
2025-12-11 10:01:01,497-INFO-root-10276::webapp_internal::WaitShow|4980:: Waiting show text 'Este ambiente utiliza base de Homologação.'...
2025-12-11 10:01:06,510-INFO-root-10276::webapp_internal::WaitShow|4980:: Waiting show text 'Moedas'...
2025-12-11 10:01:11,804-INFO-root-10276::webapp_internal::WaitShow|4980:: Waiting show text 'Solicitação de Viagens/Treinamento'...
2025-12-11 10:01:11,879-INFO-root-10276::webapp_internal::WaitShow|4996:: Text found! 
2025-12-11 10:01:11,879-INFO-root-10276::webapp_internal::SetButton|4444:: Clicking on Incluir
2025-12-11 10:01:11,879-DEBUG-root-10276::webapp_internal::wait_blocker|2444:: Waiting blocker to continue...
2025-12-11 10:01:12,011-DEBUG-root-10276::webapp_internal::wait_blocker|2469:: Blocker status: False
2025-12-11 10:01:12,494-DEBUG-root-10276::webapp_internal::wait_element_timeout|7726:: Element found! Waiting for element to be displayed.
2025-12-11 10:01:12,779-DEBUG-root-10276::webapp_internal::SetButton|4481:: ***System Info*** Before Clicking on button:Incluir
2025-12-11 10:01:12,779-DEBUG-root-10276::psutil_info::system_info|5:: CPU USAGE: 10.6%
2025-12-11 10:01:12,780-DEBUG-root-10276::psutil_info::system_info|6:: MEMORY USAGE: 94.6%
2025-12-11 10:01:12,780-DEBUG-root-10276::psutil_info::system_info|7:: MEMORY AVAILABLE: 5.44%
2025-12-11 10:01:13,159-DEBUG-root-10276::webapp_internal::wait_element_timeout|7726:: Element found! Waiting for element to be displayed.
2025-12-11 10:01:13,499-DEBUG-root-10276::webapp_internal::wait_blocker|2444:: Waiting blocker to continue...
2025-12-11 10:01:13,601-DEBUG-root-10276::webapp_internal::wait_blocker|2469:: Blocker status: False
2025-12-11 10:01:13,624-DEBUG-root-10276::webapp_internal::wait_blocker|2444:: Waiting blocker to continue...
2025-12-11 10:01:13,735-DEBUG-root-10276::webapp_internal::wait_blocker|2469:: Blocker status: False
2025-12-11 10:01:13,735-DEBUG-root-10276::webapp_internal::send_action|10480:: Trying to send action
2025-12-11 10:01:13,737-DEBUG-root-10276::base::click|192:: Click Type: ClickType.JS
2025-12-11 10:01:15,002-DEBUG-root-10276::webapp_internal::send_action|10522:: send_action method result = True
2025-12-11 10:01:15,003-DEBUG-root-10276::webapp_internal::send_action|10523:: send_action selenium status: True
2025-12-11 10:01:15,003-DEBUG-root-10276::webapp_internal::SetButton|4683:: ***System Info*** After Clicking on button:
2025-12-11 10:01:15,003-DEBUG-root-10276::psutil_info::system_info|5:: CPU USAGE: 12.4%
2025-12-11 10:01:15,004-DEBUG-root-10276::psutil_info::system_info|6:: MEMORY USAGE: 94.6%
2025-12-11 10:01:15,004-DEBUG-root-10276::psutil_info::system_info|7:: MEMORY AVAILABLE: 5.45%
2025-12-11 10:01:15,205-DEBUG-root-10276::webapp_internal::wait_blocker|2444:: Waiting blocker to continue...
2025-12-11 10:01:15,307-DEBUG-root-10276::webapp_internal::wait_blocker|2469:: Blocker status: False
2025-12-11 10:01:15,307-INFO-root-10276::webapp_internal::SearchBrowse|2003:: Searching: 02DF0001
2025-12-11 10:01:15,476-DEBUG-root-10276::webapp_internal::wait_element_timeout|7726:: Element found! Waiting for element to be displayed.
2025-12-11 10:01:15,589-DEBUG-root-10276::webapp_internal::wait_blocker|2444:: Waiting blocker to continue...
2025-12-11 10:01:15,692-DEBUG-root-10276::webapp_internal::wait_blocker|2469:: Blocker status: False
2025-12-11 10:01:15,706-DEBUG-root-10276::webapp_internal::wait_blocker|2444:: Waiting blocker to continue...
2025-12-11 10:01:15,809-DEBUG-root-10276::webapp_internal::wait_blocker|2469:: Blocker status: False
2025-12-11 10:01:15,809-INFO-root-10276::webapp_internal::fill_search_browse|2399:: Filling: 02DF0001
2025-12-11 10:01:15,823-DEBUG-root-10276::base::click|192:: Click Type: ClickType.JS
2025-12-11 10:01:16,917-DEBUG-root-10276::webapp_internal::wait_blocker|2444:: Waiting blocker to continue...
2025-12-11 10:01:17,026-DEBUG-root-10276::webapp_internal::wait_blocker|2469:: Blocker status: False
2025-12-11 10:01:17,028-DEBUG-root-10276::base::double_click|259:: Click Type: ClickType.SELENIUM
2025-12-11 10:01:17,039-WARNING-root-10276::base::double_click|280:: Warning double_click method Exception: Message: Element <button class="button-image" type="button"> is not clickable at point (1258,360) because another element <wa-button id="COMP6023" class="dict-tbutton focus"> obscures it
Stacktrace:
RemoteError@chrome://remote/content/shared/RemoteError.sys.mjs:8:8
WebDriverError@chrome://remote/content/shared/webdriver/Errors.sys.mjs:202:5
ElementClickInterceptedError@chrome://remote/content/shared/webdriver/Errors.sys.mjs:354:5
webdriverClickElement@chrome://remote/content/marionette/interaction.sys.mjs:175:11
interaction.clickElement@chrome://remote/content/marionette/interaction.sys.mjs:134:11
clickElement@chrome://remote/content/marionette/actors/MarionetteCommandsChild.sys.mjs:327:29
receiveMessage@chrome://remote/content/marionette/actors/MarionetteCommandsChild.sys.mjs:210:31

2025-12-11 10:01:17,324-INFO-root-10276::webapp_internal::SetButton|4444:: Clicking on OK
2025-12-11 10:01:17,324-DEBUG-root-10276::webapp_internal::wait_blocker|2444:: Waiting blocker to continue...
2025-12-11 10:01:17,452-DEBUG-root-10276::webapp_internal::wait_blocker|2469:: Blocker status: False
2025-12-11 10:01:17,756-DEBUG-root-10276::webapp_internal::wait_element_timeout|7726:: Element found! Waiting for element to be displayed.
2025-12-11 10:01:17,950-DEBUG-root-10276::webapp_internal::SetButton|4481:: ***System Info*** Before Clicking on button:OK
2025-12-11 10:01:17,951-DEBUG-root-10276::psutil_info::system_info|5:: CPU USAGE: 13.8%
2025-12-11 10:01:17,951-DEBUG-root-10276::psutil_info::system_info|6:: MEMORY USAGE: 94.7%
2025-12-11 10:01:17,951-DEBUG-root-10276::psutil_info::system_info|7:: MEMORY AVAILABLE: 5.33%
2025-12-11 10:01:18,236-DEBUG-root-10276::webapp_internal::wait_element_timeout|7726:: Element found! Waiting for element to be displayed.
2025-12-11 10:01:18,488-DEBUG-root-10276::webapp_internal::wait_blocker|2444:: Waiting blocker to continue...
2025-12-11 10:01:18,589-DEBUG-root-10276::webapp_internal::wait_blocker|2469:: Blocker status: False
2025-12-11 10:01:18,612-DEBUG-root-10276::webapp_internal::wait_blocker|2444:: Waiting blocker to continue...
2025-12-11 10:01:18,749-DEBUG-root-10276::webapp_internal::wait_blocker|2469:: Blocker status: False
2025-12-11 10:01:18,750-DEBUG-root-10276::webapp_internal::send_action|10480:: Trying to send action
2025-12-11 10:01:18,752-DEBUG-root-10276::base::click|192:: Click Type: ClickType.JS
2025-12-11 10:01:21,376-DEBUG-root-10276::webapp_internal::send_action|10522:: send_action method result = True
2025-12-11 10:01:21,376-DEBUG-root-10276::webapp_internal::send_action|10523:: send_action selenium status: True
2025-12-11 10:01:21,376-DEBUG-root-10276::webapp_internal::SetButton|4683:: ***System Info*** After Clicking on button:
2025-12-11 10:01:21,377-DEBUG-root-10276::psutil_info::system_info|5:: CPU USAGE: 13.2%
2025-12-11 10:01:21,377-DEBUG-root-10276::psutil_info::system_info|6:: MEMORY USAGE: 94.9%
2025-12-11 10:01:21,377-DEBUG-root-10276::psutil_info::system_info|7:: MEMORY AVAILABLE: 5.12%
2025-12-11 10:01:21,579-INFO-root-10276::webapp_internal::WaitShow|4980:: Waiting show text 'Solicitacoes de Viagens - INCLUIR'...
2025-12-11 10:01:21,829-INFO-root-10276::webapp_internal::WaitShow|4996:: Text found! 
2025-12-11 10:01:21,829-DEBUG-root-10276::webapp_internal::wait_blocker|2444:: Waiting blocker to continue...
2025-12-11 10:01:21,967-DEBUG-root-10276::webapp_internal::wait_blocker|2469:: Blocker status: False
2025-12-11 10:01:21,967-DEBUG-root-10276::webapp_internal::wait_element|7623:: Waiting for element
2025-12-11 10:01:22,056-DEBUG-root-10276::webapp_internal::wait_element|7653:: Element found! Waiting for element to be displayed.
2025-12-11 10:01:22,130-INFO-root-10276::webapp_internal::input_value|2941:: Looking for element: ZV3_DESCRI
2025-12-11 10:01:22,295-INFO-root-10276::webapp_internal::input_value|2951:: Element: ZV3_DESCRI Found!
2025-12-11 10:01:22,295-INFO-root-10276::webapp_internal::input_value|2953:: Filling element: ZV3_DESCRI
2025-12-11 10:01:22,326-DEBUG-root-10276::webapp_internal::get_web_value|3232:: Current value:                                                   
2025-12-11 10:01:22,373-DEBUG-root-10276::base::double_click|259:: Click Type: ClickType.SELENIUM
2025-12-11 10:01:22,642-DEBUG-root-10276::webapp_internal::wait_blocker|2444:: Waiting blocker to continue...
2025-12-11 10:01:22,777-DEBUG-root-10276::webapp_internal::wait_blocker|2469:: Blocker status: False
2025-12-11 10:01:23,155-DEBUG-root-10276::webapp_internal::get_web_value|3232:: Current value: USO PARA TESTE AUTOMATIZADO                       
2025-12-11 10:01:23,155-INFO-root-10276::webapp_internal::input_value|3059:: Current field value: USO PARA TESTE AUTOMATIZADO
2025-12-11 10:01:23,185-DEBUG-root-10276::webapp_internal::wait_blocker|2444:: Waiting blocker to continue...
2025-12-11 10:01:23,338-DEBUG-root-10276::webapp_internal::wait_blocker|2469:: Blocker status: False
2025-12-11 10:01:23,339-DEBUG-root-10276::webapp_internal::wait_element|7623:: Waiting for element
2025-12-11 10:01:23,424-DEBUG-root-10276::webapp_internal::wait_element|7653:: Element found! Waiting for element to be displayed.
2025-12-11 10:01:23,493-INFO-root-10276::webapp_internal::input_value|2941:: Looking for element: ZV3_DTINI
2025-12-11 10:01:23,670-INFO-root-10276::webapp_internal::input_value|2951:: Element: ZV3_DTINI Found!
2025-12-11 10:01:23,671-INFO-root-10276::webapp_internal::input_value|2953:: Filling element: ZV3_DTINI
2025-12-11 10:01:23,703-DEBUG-root-10276::webapp_internal::get_web_value|3232:: Current value:   /  /    
2025-12-11 10:01:23,757-DEBUG-root-10276::base::double_click|259:: Click Type: ClickType.SELENIUM
2025-12-11 10:01:24,039-DEBUG-root-10276::webapp_internal::wait_blocker|2444:: Waiting blocker to continue...
2025-12-11 10:01:24,173-DEBUG-root-10276::webapp_internal::wait_blocker|2469:: Blocker status: False
2025-12-11 10:01:24,503-DEBUG-root-10276::webapp_internal::get_web_value|3232:: Current value: 24/12/2025
2025-12-11 10:01:24,504-INFO-root-10276::webapp_internal::input_value|3059:: Current field value: 24122025
2025-12-11 10:01:24,513-DEBUG-root-10276::webapp_internal::wait_blocker|2444:: Waiting blocker to continue...
2025-12-11 10:01:24,691-DEBUG-root-10276::webapp_internal::wait_blocker|2469:: Blocker status: False
2025-12-11 10:01:24,691-DEBUG-root-10276::webapp_internal::wait_element|7623:: Waiting for element
2025-12-11 10:01:24,787-DEBUG-root-10276::webapp_internal::wait_element|7653:: Element found! Waiting for element to be displayed.
2025-12-11 10:01:24,874-INFO-root-10276::webapp_internal::input_value|2941:: Looking for element: ZV3_DTFIM
2025-12-11 10:01:25,111-INFO-root-10276::webapp_internal::input_value|2951:: Element: ZV3_DTFIM Found!
2025-12-11 10:01:25,112-INFO-root-10276::webapp_internal::input_value|2953:: Filling element: ZV3_DTFIM
2025-12-11 10:01:25,186-DEBUG-root-10276::webapp_internal::get_web_value|3232:: Current value:   /  /    
2025-12-11 10:01:25,235-DEBUG-root-10276::base::double_click|259:: Click Type: ClickType.SELENIUM
2025-12-11 10:01:25,494-DEBUG-root-10276::webapp_internal::wait_blocker|2444:: Waiting blocker to continue...
2025-12-11 10:01:25,646-DEBUG-root-10276::webapp_internal::wait_blocker|2469:: Blocker status: False
2025-12-11 10:01:25,959-DEBUG-root-10276::webapp_internal::get_web_value|3232:: Current value: 31/12/2025
2025-12-11 10:01:25,959-INFO-root-10276::webapp_internal::input_value|3059:: Current field value: 31122025
2025-12-11 10:01:26,972-DEBUG-root-10276::webapp_internal::wait_blocker|2444:: Waiting blocker to continue...
2025-12-11 10:01:27,169-DEBUG-root-10276::webapp_internal::wait_blocker|2469:: Blocker status: False
2025-12-11 10:01:27,169-DEBUG-root-10276::webapp_internal::wait_element|7623:: Waiting for element
2025-12-11 10:01:27,254-DEBUG-root-10276::webapp_internal::wait_element|7653:: Element found! Waiting for element to be displayed.
2025-12-11 10:01:27,323-INFO-root-10276::webapp_internal::input_value|2941:: Looking for element: ZV3_CC
2025-12-11 10:01:27,491-INFO-root-10276::webapp_internal::input_value|2951:: Element: ZV3_CC Found!
2025-12-11 10:01:27,491-INFO-root-10276::webapp_internal::input_value|2953:: Filling element: ZV3_CC
2025-12-11 10:01:27,524-DEBUG-root-10276::webapp_internal::get_web_value|3232:: Current value:          
2025-12-11 10:01:27,573-DEBUG-root-10276::base::double_click|259:: Click Type: ClickType.SELENIUM
2025-12-11 10:01:27,839-DEBUG-root-10276::webapp_internal::wait_blocker|2444:: Waiting blocker to continue...
2025-12-11 10:01:27,995-DEBUG-root-10276::webapp_internal::wait_blocker|2469:: Blocker status: False
2025-12-11 10:01:28,327-DEBUG-root-10276::webapp_internal::get_web_value|3232:: Current value: 000000677
2025-12-11 10:01:28,327-INFO-root-10276::webapp_internal::input_value|3059:: Current field value: 000000677
2025-12-11 10:01:28,339-DEBUG-root-10276::webapp_internal::wait_blocker|2444:: Waiting blocker to continue...
2025-12-11 10:01:28,486-DEBUG-root-10276::webapp_internal::wait_blocker|2469:: Blocker status: False
2025-12-11 10:01:28,486-DEBUG-root-10276::webapp_internal::wait_element|7623:: Waiting for element
2025-12-11 10:01:28,575-DEBUG-root-10276::webapp_internal::wait_element|7653:: Element found! Waiting for element to be displayed.
2025-12-11 10:01:28,646-INFO-root-10276::webapp_internal::input_value|2941:: Looking for element: ZV3_TIPO
2025-12-11 10:01:28,821-INFO-root-10276::webapp_internal::input_value|2951:: Element: ZV3_TIPO Found!
2025-12-11 10:01:28,821-INFO-root-10276::webapp_internal::input_value|2953:: Filling element: ZV3_TIPO
2025-12-11 10:01:30,029-INFO-root-10276::base::select_combo|871:: Selected value for combo is: 1 - Servico
2025-12-11 10:01:30,075-DEBUG-root-10276::webapp_internal::wait_blocker|2444:: Waiting blocker to continue...
2025-12-11 10:01:30,217-DEBUG-root-10276::webapp_internal::wait_blocker|2469:: Blocker status: False
2025-12-11 10:01:30,217-DEBUG-root-10276::webapp_internal::wait_element|7623:: Waiting for element
2025-12-11 10:01:30,304-DEBUG-root-10276::webapp_internal::wait_element|7653:: Element found! Waiting for element to be displayed.
2025-12-11 10:01:30,400-INFO-root-10276::webapp_internal::input_value|2941:: Looking for element: ZV3_OBS
2025-12-11 10:01:30,629-INFO-root-10276::webapp_internal::input_value|2951:: Element: ZV3_OBS Found!
2025-12-11 10:01:30,629-INFO-root-10276::webapp_internal::input_value|2953:: Filling element: ZV3_OBS
2025-12-11 10:01:30,668-DEBUG-root-10276::webapp_internal::get_web_value|3232:: Current value: 
2025-12-11 10:01:30,691-DEBUG-root-10276::base::double_click|259:: Click Type: ClickType.SELENIUM
2025-12-11 10:01:30,955-DEBUG-root-10276::webapp_internal::wait_blocker|2444:: Waiting blocker to continue...
2025-12-11 10:01:31,102-DEBUG-root-10276::webapp_internal::wait_blocker|2469:: Blocker status: False
2025-12-11 10:01:31,446-DEBUG-root-10276::webapp_internal::get_web_value|3232:: Current value: TESTE DE SOLICITAÇÃO DE VIAGEM
2025-12-11 10:01:31,446-INFO-root-10276::webapp_internal::input_value|3059:: Current field value: TESTE DE SOLICITAÇÃO DE VIAGEM
2025-12-11 10:01:31,460-DEBUG-root-10276::webapp_internal::wait_blocker|2444:: Waiting blocker to continue...
2025-12-11 10:01:31,616-DEBUG-root-10276::webapp_internal::wait_blocker|2469:: Blocker status: False
2025-12-11 10:01:31,617-INFO-root-10276::webapp_internal::SetKey|5822:: Key pressed: TAB
2025-12-11 10:01:31,617-DEBUG-root-10276::webapp_internal::SetKey|5857:: Trying press key
2025-12-11 10:01:31,753-DEBUG-root-10276::webapp_internal::wait_blocker|2444:: Waiting blocker to continue...
2025-12-11 10:01:31,885-DEBUG-root-10276::webapp_internal::wait_blocker|2469:: Blocker status: False
2025-12-11 10:01:31,913-DEBUG-root-10276::webapp_internal::wait_blocker|2444:: Waiting blocker to continue...
2025-12-11 10:01:32,046-DEBUG-root-10276::webapp_internal::wait_blocker|2469:: Blocker status: False
2025-12-11 10:01:32,047-DEBUG-root-10276::webapp_internal::send_action|10480:: Trying to send action
2025-12-11 10:01:33,088-DEBUG-root-10276::webapp_internal::send_action|10522:: send_action method result = True
2025-12-11 10:01:33,088-DEBUG-root-10276::webapp_internal::send_action|10523:: send_action selenium status: False
2025-12-11 10:01:33,089-DEBUG-root-10276::webapp_internal::wait_element|7623:: Waiting for element
2025-12-11 10:01:33,190-DEBUG-root-10276::webapp_internal::wait_element|7653:: Element found! Waiting for element to be displayed.
2025-12-11 10:01:33,469-DEBUG-root-10276::webapp_internal::wait_blocker|2444:: Waiting blocker to continue...
2025-12-11 10:01:33,604-DEBUG-root-10276::webapp_internal::wait_blocker|2469:: Blocker status: False
2025-12-11 10:01:33,604-INFO-root-10276::webapp_internal::LoadGrid|6298:: Filling grid field: Favorecido
2025-12-11 10:01:33,604-DEBUG-root-10276::webapp_internal::fill_grid|6399:: Grid loading...
2025-12-11 10:01:33,770-DEBUG-root-10276::webapp_internal::fill_grid|6466:: Column found!
2025-12-11 10:01:33,808-DEBUG-root-10276::base::click|192:: Click Type: ClickType.ACTIONCHAINS
2025-12-11 10:01:34,109-DEBUG-root-10276::webapp_internal::fill_grid|6486:: Trying to select cell in grid!
2025-12-11 10:01:34,111-DEBUG-root-10276::base::click|192:: Click Type: ClickType.ACTIONCHAINS
2025-12-11 10:01:34,401-DEBUG-root-10276::webapp_internal::fill_grid|6486:: Trying to select cell in grid!
2025-12-11 10:01:34,404-DEBUG-root-10276::base::click|192:: Click Type: ClickType.ACTIONCHAINS
2025-12-11 10:01:34,690-DEBUG-root-10276::webapp_internal::fill_grid|6486:: Trying to select cell in grid!
2025-12-11 10:01:34,692-DEBUG-root-10276::base::click|192:: Click Type: ClickType.ACTIONCHAINS
2025-12-11 10:01:34,970-DEBUG-root-10276::webapp_internal::fill_grid|6486:: Trying to select cell in grid!
2025-12-11 10:01:34,973-DEBUG-root-10276::base::click|192:: Click Type: ClickType.ACTIONCHAINS
2025-12-11 10:01:35,261-DEBUG-root-10276::webapp_internal::fill_grid|6486:: Trying to select cell in grid!
2025-12-11 10:01:35,263-DEBUG-root-10276::base::click|192:: Click Type: ClickType.ACTIONCHAINS
2025-12-11 10:01:35,556-DEBUG-root-10276::webapp_internal::fill_grid|6486:: Trying to select cell in grid!
2025-12-11 10:01:35,558-DEBUG-root-10276::base::click|192:: Click Type: ClickType.ACTIONCHAINS
2025-12-11 10:01:35,843-DEBUG-root-10276::webapp_internal::fill_grid|6486:: Trying to select cell in grid!
2025-12-11 10:01:35,844-DEBUG-root-10276::base::click|192:: Click Type: ClickType.ACTIONCHAINS
2025-12-11 10:01:36,134-DEBUG-root-10276::webapp_internal::fill_grid|6486:: Trying to select cell in grid!
2025-12-11 10:01:36,136-DEBUG-root-10276::base::click|192:: Click Type: ClickType.ACTIONCHAINS
2025-12-11 10:01:36,429-DEBUG-root-10276::webapp_internal::fill_grid|6486:: Trying to select cell in grid!
2025-12-11 10:01:36,434-DEBUG-root-10276::base::click|192:: Click Type: ClickType.ACTIONCHAINS
2025-12-11 10:01:36,725-DEBUG-root-10276::webapp_internal::fill_grid|6486:: Trying to select cell in grid!
2025-12-11 10:01:36,727-DEBUG-root-10276::base::click|192:: Click Type: ClickType.ACTIONCHAINS
2025-12-11 10:01:37,021-DEBUG-root-10276::webapp_internal::fill_grid|6486:: Trying to select cell in grid!
2025-12-11 10:01:37,023-DEBUG-root-10276::base::click|192:: Click Type: ClickType.ACTIONCHAINS
2025-12-11 10:01:37,311-DEBUG-root-10276::webapp_internal::fill_grid|6486:: Trying to select cell in grid!
2025-12-11 10:01:37,313-DEBUG-root-10276::base::click|192:: Click Type: ClickType.ACTIONCHAINS
2025-12-11 10:01:37,610-DEBUG-root-10276::webapp_internal::fill_grid|6486:: Trying to select cell in grid!
2025-12-11 10:01:37,612-DEBUG-root-10276::base::click|192:: Click Type: ClickType.ACTIONCHAINS
2025-12-11 10:01:37,901-DEBUG-root-10276::webapp_internal::fill_grid|6486:: Trying to select cell in grid!
2025-12-11 10:01:37,904-DEBUG-root-10276::base::click|192:: Click Type: ClickType.ACTIONCHAINS
2025-12-11 10:01:38,192-DEBUG-root-10276::webapp_internal::fill_grid|6486:: Trying to select cell in grid!
2025-12-11 10:01:38,194-DEBUG-root-10276::base::click|192:: Click Type: ClickType.ACTIONCHAINS
2025-12-11 10:01:38,493-DEBUG-root-10276::webapp_internal::fill_grid|6486:: Trying to select cell in grid!
2025-12-11 10:01:38,495-DEBUG-root-10276::base::click|192:: Click Type: ClickType.ACTIONCHAINS
2025-12-11 10:01:38,786-DEBUG-root-10276::webapp_internal::fill_grid|6486:: Trying to select cell in grid!
2025-12-11 10:01:38,788-DEBUG-root-10276::base::click|192:: Click Type: ClickType.ACTIONCHAINS
2025-12-11 10:01:39,079-DEBUG-root-10276::webapp_internal::fill_grid|6486:: Trying to select cell in grid!
2025-12-11 10:01:39,084-DEBUG-root-10276::base::click|192:: Click Type: ClickType.ACTIONCHAINS
2025-12-11 10:01:39,373-DEBUG-root-10276::webapp_internal::fill_grid|6486:: Trying to select cell in grid!
2025-12-11 10:01:39,375-DEBUG-root-10276::base::click|192:: Click Type: ClickType.ACTIONCHAINS
2025-12-11 10:01:39,639-DEBUG-root-10276::webapp_internal::fill_grid|6486:: Trying to select cell in grid!
2025-12-11 10:01:39,641-DEBUG-root-10276::base::click|192:: Click Type: ClickType.ACTIONCHAINS
2025-12-11 10:01:39,929-DEBUG-root-10276::webapp_internal::fill_grid|6486:: Trying to select cell in grid!
2025-12-11 10:01:39,934-DEBUG-root-10276::base::click|192:: Click Type: ClickType.ACTIONCHAINS
2025-12-11 10:01:40,224-DEBUG-root-10276::webapp_internal::fill_grid|6486:: Trying to select cell in grid!
2025-12-11 10:01:40,225-DEBUG-root-10276::base::click|192:: Click Type: ClickType.ACTIONCHAINS
2025-12-11 10:01:40,504-DEBUG-root-10276::webapp_internal::fill_grid|6486:: Trying to select cell in grid!
2025-12-11 10:01:40,507-DEBUG-root-10276::base::click|192:: Click Type: ClickType.ACTIONCHAINS
2025-12-11 10:01:40,796-DEBUG-root-10276::webapp_internal::fill_grid|6486:: Trying to select cell in grid!
2025-12-11 10:01:40,801-DEBUG-root-10276::base::click|192:: Click Type: ClickType.ACTIONCHAINS
2025-12-11 10:01:41,091-DEBUG-root-10276::webapp_internal::fill_grid|6486:: Trying to select cell in grid!
2025-12-11 10:01:41,093-DEBUG-root-10276::base::click|192:: Click Type: ClickType.ACTIONCHAINS
2025-12-11 10:01:41,372-DEBUG-root-10276::webapp_internal::fill_grid|6486:: Trying to select cell in grid!
2025-12-11 10:01:41,374-DEBUG-root-10276::base::click|192:: Click Type: ClickType.ACTIONCHAINS
2025-12-11 10:01:41,667-DEBUG-root-10276::webapp_internal::fill_grid|6486:: Trying to select cell in grid!
2025-12-11 10:01:41,670-DEBUG-root-10276::base::click|192:: Click Type: ClickType.ACTIONCHAINS
2025-12-11 10:01:41,958-DEBUG-root-10276::webapp_internal::fill_grid|6486:: Trying to select cell in grid!
2025-12-11 10:01:41,960-DEBUG-root-10276::base::click|192:: Click Type: ClickType.ACTIONCHAINS
2025-12-11 10:01:42,257-DEBUG-root-10276::webapp_internal::fill_grid|6486:: Trying to select cell in grid!
2025-12-11 10:01:42,259-DEBUG-root-10276::base::click|192:: Click Type: ClickType.ACTIONCHAINS
2025-12-11 10:01:42,558-DEBUG-root-10276::webapp_internal::fill_grid|6486:: Trying to select cell in grid!
2025-12-11 10:01:42,561-DEBUG-root-10276::base::click|192:: Click Type: ClickType.ACTIONCHAINS
2025-12-11 10:01:42,856-DEBUG-root-10276::webapp_internal::fill_grid|6486:: Trying to select cell in grid!
2025-12-11 10:01:42,859-DEBUG-root-10276::base::click|192:: Click Type: ClickType.ACTIONCHAINS
2025-12-11 10:01:43,152-DEBUG-root-10276::webapp_internal::fill_grid|6486:: Trying to select cell in grid!
2025-12-11 10:01:43,155-DEBUG-root-10276::base::click|192:: Click Type: ClickType.ACTIONCHAINS
2025-12-11 10:01:43,442-DEBUG-root-10276::webapp_internal::fill_grid|6486:: Trying to select cell in grid!
2025-12-11 10:01:43,445-DEBUG-root-10276::base::click|192:: Click Type: ClickType.ACTIONCHAINS
2025-12-11 10:01:43,736-DEBUG-root-10276::webapp_internal::fill_grid|6486:: Trying to select cell in grid!
2025-12-11 10:01:43,738-DEBUG-root-10276::base::click|192:: Click Type: ClickType.ACTIONCHAINS
2025-12-11 10:01:44,030-DEBUG-root-10276::webapp_internal::fill_grid|6486:: Trying to select cell in grid!
2025-12-11 10:01:44,033-DEBUG-root-10276::base::click|192:: Click Type: ClickType.ACTIONCHAINS
2025-12-11 10:01:44,324-DEBUG-root-10276::webapp_internal::fill_grid|6486:: Trying to select cell in grid!
2025-12-11 10:01:44,326-DEBUG-root-10276::base::click|192:: Click Type: ClickType.ACTIONCHAINS
2025-12-11 10:01:44,619-DEBUG-root-10276::webapp_internal::fill_grid|6486:: Trying to select cell in grid!
2025-12-11 10:01:44,621-DEBUG-root-10276::base::click|192:: Click Type: ClickType.ACTIONCHAINS
2025-12-11 10:01:44,913-DEBUG-root-10276::webapp_internal::fill_grid|6486:: Trying to select cell in grid!
2025-12-11 10:01:44,918-DEBUG-root-10276::base::click|192:: Click Type: ClickType.ACTIONCHAINS
2025-12-11 10:01:45,208-DEBUG-root-10276::webapp_internal::fill_grid|6486:: Trying to select cell in grid!
2025-12-11 10:01:45,210-DEBUG-root-10276::base::click|192:: Click Type: ClickType.ACTIONCHAINS
2025-12-11 10:01:45,504-DEBUG-root-10276::webapp_internal::fill_grid|6486:: Trying to select cell in grid!
2025-12-11 10:01:45,506-DEBUG-root-10276::base::click|192:: Click Type: ClickType.ACTIONCHAINS
2025-12-11 10:01:45,793-DEBUG-root-10276::webapp_internal::fill_grid|6486:: Trying to select cell in grid!
2025-12-11 10:01:45,795-DEBUG-root-10276::base::click|192:: Click Type: ClickType.ACTIONCHAINS
2025-12-11 10:01:46,089-DEBUG-root-10276::webapp_internal::fill_grid|6486:: Trying to select cell in grid!
2025-12-11 10:01:46,091-DEBUG-root-10276::base::click|192:: Click Type: ClickType.ACTIONCHAINS
2025-12-11 10:01:46,371-DEBUG-root-10276::webapp_internal::fill_grid|6486:: Trying to select cell in grid!
2025-12-11 10:01:46,372-DEBUG-root-10276::base::click|192:: Click Type: ClickType.ACTIONCHAINS
2025-12-11 10:01:46,642-DEBUG-root-10276::webapp_internal::fill_grid|6486:: Trying to select cell in grid!
2025-12-11 10:01:46,644-DEBUG-root-10276::base::click|192:: Click Type: ClickType.ACTIONCHAINS
2025-12-11 10:01:46,936-DEBUG-root-10276::webapp_internal::fill_grid|6486:: Trying to select cell in grid!
2025-12-11 10:01:46,939-DEBUG-root-10276::base::click|192:: Click Type: ClickType.ACTIONCHAINS
2025-12-11 10:01:47,229-DEBUG-root-10276::webapp_internal::fill_grid|6486:: Trying to select cell in grid!
2025-12-11 10:01:47,233-DEBUG-root-10276::base::click|192:: Click Type: ClickType.ACTIONCHAINS
2025-12-11 10:01:47,525-DEBUG-root-10276::webapp_internal::fill_grid|6486:: Trying to select cell in grid!
2025-12-11 10:01:47,527-DEBUG-root-10276::base::click|192:: Click Type: ClickType.ACTIONCHAINS
2025-12-11 10:01:47,820-DEBUG-root-10276::webapp_internal::fill_grid|6486:: Trying to select cell in grid!
2025-12-11 10:01:47,822-DEBUG-root-10276::base::click|192:: Click Type: ClickType.ACTIONCHAINS
2025-12-11 10:01:48,087-DEBUG-root-10276::webapp_internal::fill_grid|6486:: Trying to select cell in grid!
2025-12-11 10:01:48,089-DEBUG-root-10276::base::click|192:: Click Type: ClickType.ACTIONCHAINS
2025-12-11 10:01:48,376-DEBUG-root-10276::webapp_internal::fill_grid|6486:: Trying to select cell in grid!
2025-12-11 10:01:48,377-DEBUG-root-10276::base::click|192:: Click Type: ClickType.ACTIONCHAINS
2025-12-11 10:01:48,673-DEBUG-root-10276::webapp_internal::fill_grid|6486:: Trying to select cell in grid!
2025-12-11 10:01:48,675-DEBUG-root-10276::base::click|192:: Click Type: ClickType.ACTIONCHAINS
2025-12-11 10:01:48,974-DEBUG-root-10276::webapp_internal::fill_grid|6486:: Trying to select cell in grid!
2025-12-11 10:01:48,976-DEBUG-root-10276::base::click|192:: Click Type: ClickType.ACTIONCHAINS
2025-12-11 10:01:49,259-DEBUG-root-10276::webapp_internal::fill_grid|6486:: Trying to select cell in grid!
2025-12-11 10:01:49,261-DEBUG-root-10276::base::click|192:: Click Type: ClickType.ACTIONCHAINS
2025-12-11 10:01:49,554-DEBUG-root-10276::webapp_internal::fill_grid|6486:: Trying to select cell in grid!
2025-12-11 10:01:49,556-DEBUG-root-10276::base::click|192:: Click Type: ClickType.ACTIONCHAINS
2025-12-11 10:01:49,821-DEBUG-root-10276::webapp_internal::fill_grid|6486:: Trying to select cell in grid!
2025-12-11 10:01:49,823-DEBUG-root-10276::base::click|192:: Click Type: ClickType.ACTIONCHAINS
2025-12-11 10:01:50,111-DEBUG-root-10276::webapp_internal::fill_grid|6486:: Trying to select cell in grid!
2025-12-11 10:01:50,116-DEBUG-root-10276::base::click|192:: Click Type: ClickType.ACTIONCHAINS
2025-12-11 10:01:50,407-DEBUG-root-10276::webapp_internal::fill_grid|6486:: Trying to select cell in grid!
2025-12-11 10:01:50,409-DEBUG-root-10276::base::click|192:: Click Type: ClickType.ACTIONCHAINS
2025-12-11 10:01:50,703-DEBUG-root-10276::webapp_internal::fill_grid|6486:: Trying to select cell in grid!
2025-12-11 10:01:50,705-DEBUG-root-10276::base::click|192:: Click Type: ClickType.ACTIONCHAINS
2025-12-11 10:01:50,994-DEBUG-root-10276::webapp_internal::fill_grid|6486:: Trying to select cell in grid!
2025-12-11 10:01:50,996-DEBUG-root-10276::base::click|192:: Click Type: ClickType.ACTIONCHAINS
2025-12-11 10:01:51,291-DEBUG-root-10276::webapp_internal::fill_grid|6486:: Trying to select cell in grid!
2025-12-11 10:01:51,292-DEBUG-root-10276::base::click|192:: Click Type: ClickType.ACTIONCHAINS
2025-12-11 10:01:51,579-DEBUG-root-10276::webapp_internal::fill_grid|6486:: Trying to select cell in grid!
2025-12-11 10:01:51,584-DEBUG-root-10276::base::click|192:: Click Type: ClickType.ACTIONCHAINS
2025-12-11 10:01:51,875-DEBUG-root-10276::webapp_internal::fill_grid|6486:: Trying to select cell in grid!
2025-12-11 10:01:51,877-DEBUG-root-10276::base::click|192:: Click Type: ClickType.ACTIONCHAINS
2025-12-11 10:01:52,173-DEBUG-root-10276::webapp_internal::fill_grid|6486:: Trying to select cell in grid!
2025-12-11 10:01:52,175-DEBUG-root-10276::base::click|192:: Click Type: ClickType.ACTIONCHAINS
2025-12-11 10:01:52,467-DEBUG-root-10276::webapp_internal::fill_grid|6486:: Trying to select cell in grid!
2025-12-11 10:01:52,470-DEBUG-root-10276::base::click|192:: Click Type: ClickType.ACTIONCHAINS
2025-12-11 10:01:52,759-DEBUG-root-10276::webapp_internal::fill_grid|6486:: Trying to select cell in grid!
2025-12-11 10:01:52,761-DEBUG-root-10276::base::click|192:: Click Type: ClickType.ACTIONCHAINS
2025-12-11 10:01:53,026-DEBUG-root-10276::webapp_internal::fill_grid|6486:: Trying to select cell in grid!
2025-12-11 10:01:53,029-DEBUG-root-10276::base::click|192:: Click Type: ClickType.ACTIONCHAINS
2025-12-11 10:01:53,324-DEBUG-root-10276::webapp_internal::fill_grid|6486:: Trying to select cell in grid!
2025-12-11 10:01:53,326-DEBUG-root-10276::base::click|192:: Click Type: ClickType.ACTIONCHAINS
2025-12-11 10:01:53,613-DEBUG-root-10276::webapp_internal::fill_grid|6486:: Trying to select cell in grid!
2025-12-11 10:01:53,617-DEBUG-root-10276::base::click|192:: Click Type: ClickType.ACTIONCHAINS
2025-12-11 10:01:53,907-DEBUG-root-10276::webapp_internal::fill_grid|6486:: Trying to select cell in grid!
2025-12-11 10:01:53,909-DEBUG-root-10276::base::click|192:: Click Type: ClickType.ACTIONCHAINS
2025-12-11 10:01:54,208-DEBUG-root-10276::webapp_internal::fill_grid|6486:: Trying to select cell in grid!
2025-12-11 10:01:54,211-DEBUG-root-10276::base::click|192:: Click Type: ClickType.ACTIONCHAINS
2025-12-11 10:01:54,506-DEBUG-root-10276::webapp_internal::fill_grid|6486:: Trying to select cell in grid!
2025-12-11 10:01:54,510-DEBUG-root-10276::base::click|192:: Click Type: ClickType.ACTIONCHAINS
2025-12-11 10:01:54,801-DEBUG-root-10276::webapp_internal::fill_grid|6486:: Trying to select cell in grid!
2025-12-11 10:01:54,805-DEBUG-root-10276::base::click|192:: Click Type: ClickType.ACTIONCHAINS
2025-12-11 10:01:55,093-DEBUG-root-10276::webapp_internal::fill_grid|6486:: Trying to select cell in grid!
2025-12-11 10:01:55,095-DEBUG-root-10276::base::click|192:: Click Type: ClickType.ACTIONCHAINS
2025-12-11 10:01:55,389-DEBUG-root-10276::webapp_internal::fill_grid|6486:: Trying to select cell in grid!
2025-12-11 10:01:55,391-DEBUG-root-10276::base::click|192:: Click Type: ClickType.ACTIONCHAINS
2025-12-11 10:01:55,676-DEBUG-root-10276::webapp_internal::fill_grid|6486:: Trying to select cell in grid!
2025-12-11 10:01:55,678-DEBUG-root-10276::base::click|192:: Click Type: ClickType.ACTIONCHAINS
2025-12-11 10:01:55,972-DEBUG-root-10276::webapp_internal::fill_grid|6486:: Trying to select cell in grid!
2025-12-11 10:01:55,974-DEBUG-root-10276::base::click|192:: Click Type: ClickType.ACTIONCHAINS
2025-12-11 10:01:56,268-DEBUG-root-10276::webapp_internal::fill_grid|6486:: Trying to select cell in grid!
2025-12-11 10:01:56,271-DEBUG-root-10276::base::click|192:: Click Type: ClickType.ACTIONCHAINS
2025-12-11 10:01:56,560-DEBUG-root-10276::webapp_internal::fill_grid|6486:: Trying to select cell in grid!
2025-12-11 10:01:56,561-DEBUG-root-10276::base::click|192:: Click Type: ClickType.ACTIONCHAINS
2025-12-11 10:01:56,856-DEBUG-root-10276::webapp_internal::fill_grid|6486:: Trying to select cell in grid!
2025-12-11 10:01:56,857-DEBUG-root-10276::base::click|192:: Click Type: ClickType.ACTIONCHAINS
2025-12-11 10:01:57,152-DEBUG-root-10276::webapp_internal::fill_grid|6486:: Trying to select cell in grid!
2025-12-11 10:01:57,155-DEBUG-root-10276::base::click|192:: Click Type: ClickType.ACTIONCHAINS
2025-12-11 10:01:57,444-DEBUG-root-10276::webapp_internal::fill_grid|6486:: Trying to select cell in grid!
2025-12-11 10:01:57,446-DEBUG-root-10276::base::click|192:: Click Type: ClickType.ACTIONCHAINS
2025-12-11 10:01:57,736-DEBUG-root-10276::webapp_internal::fill_grid|6486:: Trying to select cell in grid!
2025-12-11 10:01:57,739-DEBUG-root-10276::base::click|192:: Click Type: ClickType.ACTIONCHAINS
2025-12-11 10:01:58,033-DEBUG-root-10276::webapp_internal::fill_grid|6486:: Trying to select cell in grid!
2025-12-11 10:01:58,036-DEBUG-root-10276::base::click|192:: Click Type: ClickType.ACTIONCHAINS
2025-12-11 10:01:58,324-DEBUG-root-10276::webapp_internal::fill_grid|6486:: Trying to select cell in grid!
2025-12-11 10:01:58,326-DEBUG-root-10276::base::click|192:: Click Type: ClickType.ACTIONCHAINS
2025-12-11 10:01:58,625-DEBUG-root-10276::webapp_internal::fill_grid|6486:: Trying to select cell in grid!
2025-12-11 10:01:58,627-DEBUG-root-10276::base::click|192:: Click Type: ClickType.ACTIONCHAINS
2025-12-11 10:01:58,921-DEBUG-root-10276::webapp_internal::fill_grid|6486:: Trying to select cell in grid!
2025-12-11 10:01:58,924-DEBUG-root-10276::base::click|192:: Click Type: ClickType.ACTIONCHAINS
2025-12-11 10:01:59,219-DEBUG-root-10276::webapp_internal::fill_grid|6486:: Trying to select cell in grid!
2025-12-11 10:01:59,222-DEBUG-root-10276::base::click|192:: Click Type: ClickType.ACTIONCHAINS
2025-12-11 10:01:59,507-DEBUG-root-10276::webapp_internal::fill_grid|6486:: Trying to select cell in grid!
2025-12-11 10:01:59,509-DEBUG-root-10276::base::click|192:: Click Type: ClickType.ACTIONCHAINS
2025-12-11 10:01:59,804-DEBUG-root-10276::webapp_internal::fill_grid|6486:: Trying to select cell in grid!
2025-12-11 10:01:59,806-DEBUG-root-10276::base::click|192:: Click Type: ClickType.ACTIONCHAINS
2025-12-11 10:02:00,095-DEBUG-root-10276::webapp_internal::fill_grid|6486:: Trying to select cell in grid!
2025-12-11 10:02:00,101-DEBUG-root-10276::base::click|192:: Click Type: ClickType.ACTIONCHAINS
2025-12-11 10:02:00,391-DEBUG-root-10276::webapp_internal::fill_grid|6486:: Trying to select cell in grid!
2025-12-11 10:02:00,393-DEBUG-root-10276::base::click|192:: Click Type: ClickType.ACTIONCHAINS
2025-12-11 10:02:00,687-DEBUG-root-10276::webapp_internal::fill_grid|6486:: Trying to select cell in grid!
2025-12-11 10:02:00,690-DEBUG-root-10276::base::click|192:: Click Type: ClickType.ACTIONCHAINS
2025-12-11 10:02:00,978-DEBUG-root-10276::webapp_internal::fill_grid|6486:: Trying to select cell in grid!
2025-12-11 10:02:00,984-DEBUG-root-10276::base::click|192:: Click Type: ClickType.ACTIONCHAINS
2025-12-11 10:02:01,274-DEBUG-root-10276::webapp_internal::fill_grid|6486:: Trying to select cell in grid!
2025-12-11 10:02:01,276-DEBUG-root-10276::base::click|192:: Click Type: ClickType.ACTIONCHAINS
2025-12-11 10:02:01,570-DEBUG-root-10276::webapp_internal::fill_grid|6486:: Trying to select cell in grid!
2025-12-11 10:02:01,572-DEBUG-root-10276::base::click|192:: Click Type: ClickType.ACTIONCHAINS
2025-12-11 10:02:01,867-DEBUG-root-10276::webapp_internal::fill_grid|6486:: Trying to select cell in grid!
2025-12-11 10:02:01,870-DEBUG-root-10276::base::click|192:: Click Type: ClickType.ACTIONCHAINS
2025-12-11 10:02:02,159-DEBUG-root-10276::webapp_internal::fill_grid|6486:: Trying to select cell in grid!
2025-12-11 10:02:02,161-DEBUG-root-10276::base::click|192:: Click Type: ClickType.ACTIONCHAINS
2025-12-11 10:02:02,460-DEBUG-root-10276::webapp_internal::fill_grid|6486:: Trying to select cell in grid!
2025-12-11 10:02:02,462-DEBUG-root-10276::base::click|192:: Click Type: ClickType.ACTIONCHAINS
2025-12-11 10:02:02,755-DEBUG-root-10276::webapp_internal::fill_grid|6486:: Trying to select cell in grid!
2025-12-11 10:02:02,758-DEBUG-root-10276::base::click|192:: Click Type: ClickType.ACTIONCHAINS
2025-12-11 10:02:03,043-DEBUG-root-10276::webapp_internal::fill_grid|6486:: Trying to select cell in grid!
2025-12-11 10:02:03,045-DEBUG-root-10276::base::click|192:: Click Type: ClickType.ACTIONCHAINS
2025-12-11 10:02:03,339-DEBUG-root-10276::webapp_internal::fill_grid|6486:: Trying to select cell in grid!
2025-12-11 10:02:03,341-DEBUG-root-10276::base::click|192:: Click Type: ClickType.ACTIONCHAINS
2025-12-11 10:02:03,606-DEBUG-root-10276::webapp_internal::fill_grid|6486:: Trying to select cell in grid!
2025-12-11 10:02:03,608-DEBUG-root-10276::base::click|192:: Click Type: ClickType.ACTIONCHAINS
2025-12-11 10:02:03,901-DEBUG-root-10276::webapp_internal::fill_grid|6486:: Trying to select cell in grid!
2025-12-11 10:02:03,903-DEBUG-root-10276::base::click|192:: Click Type: ClickType.ACTIONCHAINS
2025-12-11 10:02:04,193-DEBUG-root-10276::webapp_internal::fill_grid|6486:: Trying to select cell in grid!
2025-12-11 10:02:04,194-DEBUG-root-10276::base::click|192:: Click Type: ClickType.ACTIONCHAINS
2025-12-11 10:02:04,491-DEBUG-root-10276::webapp_internal::fill_grid|6486:: Trying to select cell in grid!
2025-12-11 10:02:04,493-DEBUG-root-10276::base::click|192:: Click Type: ClickType.ACTIONCHAINS
2025-12-11 10:02:04,757-DEBUG-root-10276::webapp_internal::fill_grid|6486:: Trying to select cell in grid!
2025-12-11 10:02:04,759-DEBUG-root-10276::base::click|192:: Click Type: ClickType.ACTIONCHAINS
2025-12-11 10:02:05,046-DEBUG-root-10276::webapp_internal::fill_grid|6486:: Trying to select cell in grid!
2025-12-11 10:02:05,050-DEBUG-root-10276::base::click|192:: Click Type: ClickType.ACTIONCHAINS
2025-12-11 10:02:05,340-DEBUG-root-10276::webapp_internal::fill_grid|6486:: Trying to select cell in grid!
2025-12-11 10:02:05,342-DEBUG-root-10276::base::click|192:: Click Type: ClickType.ACTIONCHAINS
2025-12-11 10:02:05,623-DEBUG-root-10276::webapp_internal::fill_grid|6486:: Trying to select cell in grid!
2025-12-11 10:02:05,625-DEBUG-root-10276::base::click|192:: Click Type: ClickType.ACTIONCHAINS
2025-12-11 10:02:05,919-DEBUG-root-10276::webapp_internal::fill_grid|6486:: Trying to select cell in grid!
2025-12-11 10:02:05,921-DEBUG-root-10276::base::click|192:: Click Type: ClickType.ACTIONCHAINS
2025-12-11 10:02:06,211-DEBUG-root-10276::webapp_internal::fill_grid|6486:: Trying to select cell in grid!
2025-12-11 10:02:06,218-DEBUG-root-10276::base::click|192:: Click Type: ClickType.ACTIONCHAINS
2025-12-11 10:02:06,508-DEBUG-root-10276::webapp_internal::fill_grid|6486:: Trying to select cell in grid!
2025-12-11 10:02:06,510-DEBUG-root-10276::base::click|192:: Click Type: ClickType.ACTIONCHAINS
2025-12-11 10:02:06,801-DEBUG-root-10276::webapp_internal::fill_grid|6486:: Trying to select cell in grid!
2025-12-11 10:02:06,803-DEBUG-root-10276::base::click|192:: Click Type: ClickType.ACTIONCHAINS
2025-12-11 10:02:07,095-DEBUG-root-10276::webapp_internal::fill_grid|6486:: Trying to select cell in grid!
2025-12-11 10:02:07,102-DEBUG-root-10276::base::click|192:: Click Type: ClickType.ACTIONCHAINS
2025-12-11 10:02:07,391-DEBUG-root-10276::webapp_internal::fill_grid|6486:: Trying to select cell in grid!
2025-12-11 10:02:07,393-DEBUG-root-10276::base::click|192:: Click Type: ClickType.ACTIONCHAINS
2025-12-11 10:02:07,684-DEBUG-root-10276::webapp_internal::fill_grid|6486:: Trying to select cell in grid!
2025-12-11 10:02:07,686-DEBUG-root-10276::base::click|192:: Click Type: ClickType.ACTIONCHAINS
2025-12-11 10:02:07,975-DEBUG-root-10276::webapp_internal::fill_grid|6486:: Trying to select cell in grid!
2025-12-11 10:02:07,976-DEBUG-root-10276::base::click|192:: Click Type: ClickType.ACTIONCHAINS
2025-12-11 10:02:08,275-DEBUG-root-10276::webapp_internal::fill_grid|6486:: Trying to select cell in grid!
2025-12-11 10:02:08,277-DEBUG-root-10276::base::click|192:: Click Type: ClickType.ACTIONCHAINS
2025-12-11 10:02:08,569-DEBUG-root-10276::webapp_internal::fill_grid|6486:: Trying to select cell in grid!
2025-12-11 10:02:08,571-DEBUG-root-10276::base::click|192:: Click Type: ClickType.ACTIONCHAINS
2025-12-11 10:02:08,863-DEBUG-root-10276::webapp_internal::fill_grid|6486:: Trying to select cell in grid!
2025-12-11 10:02:08,868-DEBUG-root-10276::base::click|192:: Click Type: ClickType.ACTIONCHAINS
2025-12-11 10:02:09,158-DEBUG-root-10276::webapp_internal::fill_grid|6486:: Trying to select cell in grid!
2025-12-11 10:02:09,160-DEBUG-root-10276::base::click|192:: Click Type: ClickType.ACTIONCHAINS
2025-12-11 10:02:09,454-DEBUG-root-10276::webapp_internal::fill_grid|6486:: Trying to select cell in grid!
2025-12-11 10:02:09,456-DEBUG-root-10276::base::click|192:: Click Type: ClickType.ACTIONCHAINS
2025-12-11 10:02:09,745-DEBUG-root-10276::webapp_internal::fill_grid|6486:: Trying to select cell in grid!
2025-12-11 10:02:09,751-DEBUG-root-10276::base::click|192:: Click Type: ClickType.ACTIONCHAINS
2025-12-11 10:02:10,041-DEBUG-root-10276::webapp_internal::fill_grid|6486:: Trying to select cell in grid!
2025-12-11 10:02:10,043-DEBUG-root-10276::base::click|192:: Click Type: ClickType.ACTIONCHAINS
2025-12-11 10:02:10,335-DEBUG-root-10276::webapp_internal::fill_grid|6486:: Trying to select cell in grid!
2025-12-11 10:02:10,338-DEBUG-root-10276::base::click|192:: Click Type: ClickType.ACTIONCHAINS
2025-12-11 10:02:10,625-DEBUG-root-10276::webapp_internal::fill_grid|6486:: Trying to select cell in grid!
2025-12-11 10:02:10,627-DEBUG-root-10276::base::click|192:: Click Type: ClickType.ACTIONCHAINS
2025-12-11 10:02:10,919-DEBUG-root-10276::webapp_internal::fill_grid|6486:: Trying to select cell in grid!
2025-12-11 10:02:10,922-DEBUG-root-10276::base::click|192:: Click Type: ClickType.ACTIONCHAINS
2025-12-11 10:02:11,211-DEBUG-root-10276::webapp_internal::fill_grid|6486:: Trying to select cell in grid!
2025-12-11 10:02:11,217-DEBUG-root-10276::base::click|192:: Click Type: ClickType.ACTIONCHAINS
2025-12-11 10:02:11,508-DEBUG-root-10276::webapp_internal::fill_grid|6486:: Trying to select cell in grid!
2025-12-11 10:02:11,511-DEBUG-root-10276::base::click|192:: Click Type: ClickType.ACTIONCHAINS
2025-12-11 10:02:11,822-DEBUG-root-10276::webapp_internal::fill_grid|6486:: Trying to select cell in grid!
2025-12-11 10:02:11,826-DEBUG-root-10276::base::click|192:: Click Type: ClickType.ACTIONCHAINS
2025-12-11 10:02:12,118-DEBUG-root-10276::webapp_internal::fill_grid|6486:: Trying to select cell in grid!
2025-12-11 10:02:12,120-DEBUG-root-10276::base::click|192:: Click Type: ClickType.ACTIONCHAINS
2025-12-11 10:02:12,408-DEBUG-root-10276::webapp_internal::fill_grid|6486:: Trying to select cell in grid!
2025-12-11 10:02:12,409-DEBUG-root-10276::base::click|192:: Click Type: ClickType.ACTIONCHAINS
2025-12-11 10:02:12,690-DEBUG-root-10276::webapp_internal::fill_grid|6486:: Trying to select cell in grid!
2025-12-11 10:02:12,692-DEBUG-root-10276::base::click|192:: Click Type: ClickType.ACTIONCHAINS
2025-12-11 10:02:12,957-DEBUG-root-10276::webapp_internal::fill_grid|6486:: Trying to select cell in grid!
2025-12-11 10:02:12,960-DEBUG-root-10276::base::click|192:: Click Type: ClickType.ACTIONCHAINS
2025-12-11 10:02:13,246-DEBUG-root-10276::webapp_internal::fill_grid|6486:: Trying to select cell in grid!
2025-12-11 10:02:13,251-DEBUG-root-10276::base::click|192:: Click Type: ClickType.ACTIONCHAINS
2025-12-11 10:02:13,540-DEBUG-root-10276::webapp_internal::fill_grid|6486:: Trying to select cell in grid!
2025-12-11 10:02:13,542-DEBUG-root-10276::base::click|192:: Click Type: ClickType.ACTIONCHAINS
2025-12-11 10:02:13,834-DEBUG-root-10276::webapp_internal::fill_grid|6486:: Trying to select cell in grid!
2025-12-11 10:02:13,836-DEBUG-root-10276::base::click|192:: Click Type: ClickType.ACTIONCHAINS
2025-12-11 10:02:19,352-DEBUG-root-10276::webapp_internal::fill_grid|6498:: Trying open cell in grid!
2025-12-11 10:02:19,639-DEBUG-root-10276::webapp_internal::wait_blocker|2444:: Waiting blocker to continue...
2025-12-11 10:02:19,790-DEBUG-root-10276::webapp_internal::wait_blocker|2469:: Blocker status: False
2025-12-11 10:02:20,003-DEBUG-root-10276::webapp_internal::wait_element_timeout|7726:: Element found! Waiting for element to be displayed.
2025-12-11 10:02:20,422-DEBUG-root-10276::webapp_internal::fill_grid|6577:: Sending keys: 227884
2025-12-11 10:02:20,754-DEBUG-root-10276::webapp_internal::wait_blocker|2444:: Waiting blocker to continue...
2025-12-11 10:02:20,927-DEBUG-root-10276::webapp_internal::wait_blocker|2469:: Blocker status: False
2025-12-11 10:02:21,106-DEBUG-root-10276::webapp_internal::wait_element_timeout|7726:: Element found! Waiting for element to be displayed.
2025-12-11 10:02:21,612-INFO-root-10276::webapp_internal::ClickFolder|5081:: Clicking on folder: Transporte
2025-12-11 10:02:21,612-DEBUG-root-10276::webapp_internal::wait_blocker|2444:: Waiting blocker to continue...
2025-12-11 10:02:21,776-DEBUG-root-10276::webapp_internal::wait_blocker|2469:: Blocker status: False
2025-12-11 10:02:21,830-DEBUG-root-10276::webapp_internal::wait_element|7623:: Waiting for element
2025-12-11 10:02:22,128-DEBUG-root-10276::webapp_internal::wait_element|7653:: Element found! Waiting for element to be displayed.
2025-12-11 10:02:23,736-DEBUG-root-10276::webapp_internal::wait_blocker|2444:: Waiting blocker to continue...
2025-12-11 10:02:23,910-DEBUG-root-10276::webapp_internal::wait_blocker|2469:: Blocker status: False
2025-12-11 10:02:23,910-INFO-root-10276::webapp_internal::SetKey|5822:: Key pressed: TAB
2025-12-11 10:02:23,911-DEBUG-root-10276::webapp_internal::SetKey|5857:: Trying press key
2025-12-11 10:02:23,911-DEBUG-root-10276::webapp_internal::wait_element|7623:: Waiting for element
2025-12-11 10:02:24,013-DEBUG-root-10276::webapp_internal::wait_element|7653:: Element found! Waiting for element to be displayed.
2025-12-11 10:02:24,286-DEBUG-root-10276::webapp_internal::wait_blocker|2444:: Waiting blocker to continue...
2025-12-11 10:02:24,476-DEBUG-root-10276::webapp_internal::wait_blocker|2469:: Blocker status: False
2025-12-11 10:02:24,476-INFO-root-10276::webapp_internal::LoadGrid|6298:: Filling grid field: Tipo
2025-12-11 10:02:24,476-DEBUG-root-10276::webapp_internal::fill_grid|6399:: Grid loading...
2025-12-11 10:02:24,840-DEBUG-root-10276::webapp_internal::fill_grid|6466:: Column found!
2025-12-11 10:02:24,879-DEBUG-root-10276::base::click|192:: Click Type: ClickType.ACTIONCHAINS
2025-12-11 10:02:30,173-DEBUG-root-10276::webapp_internal::fill_grid|6498:: Trying open cell in grid!
2025-12-11 10:02:30,455-DEBUG-root-10276::webapp_internal::wait_blocker|2444:: Waiting blocker to continue...
2025-12-11 10:02:30,638-DEBUG-root-10276::webapp_internal::wait_blocker|2469:: Blocker status: False
2025-12-11 10:02:30,827-DEBUG-root-10276::webapp_internal::wait_element_timeout|7726:: Element found! Waiting for element to be displayed.
2025-12-11 10:02:32,227-INFO-root-10276::base::select_combo|871:: Selected value for combo is: 1 - Aereo
2025-12-11 10:02:32,443-DEBUG-root-10276::webapp_internal::wait_blocker|2444:: Waiting blocker to continue...
2025-12-11 10:02:32,607-DEBUG-root-10276::webapp_internal::wait_blocker|2469:: Blocker status: False
2025-12-11 10:02:32,635-DEBUG-root-10276::webapp_internal::wait_blocker|2444:: Waiting blocker to continue...
2025-12-11 10:02:32,793-DEBUG-root-10276::webapp_internal::wait_blocker|2469:: Blocker status: False
2025-12-11 10:02:32,793-DEBUG-root-10276::webapp_internal::send_action|10480:: Trying to send action
2025-12-11 10:02:33,849-DEBUG-root-10276::webapp_internal::send_action|10522:: send_action method result = True
2025-12-11 10:02:33,849-DEBUG-root-10276::webapp_internal::send_action|10523:: send_action selenium status: False
2025-12-11 10:02:33,850-DEBUG-root-10276::webapp_internal::wait_blocker|2444:: Waiting blocker to continue...
2025-12-11 10:02:34,016-DEBUG-root-10276::webapp_internal::wait_blocker|2469:: Blocker status: False
2025-12-11 10:02:34,018-INFO-root-10276::webapp_internal::SetKey|5822:: Key pressed: TAB
2025-12-11 10:02:34,018-DEBUG-root-10276::webapp_internal::SetKey|5857:: Trying press key
2025-12-11 10:02:34,018-DEBUG-root-10276::webapp_internal::wait_element|7623:: Waiting for element
2025-12-11 10:02:34,135-DEBUG-root-10276::webapp_internal::wait_element|7653:: Element found! Waiting for element to be displayed.
2025-12-11 10:02:34,469-DEBUG-root-10276::webapp_internal::wait_blocker|2444:: Waiting blocker to continue...
2025-12-11 10:02:34,624-DEBUG-root-10276::webapp_internal::wait_blocker|2469:: Blocker status: False
2025-12-11 10:02:34,624-INFO-root-10276::webapp_internal::LoadGrid|6298:: Filling grid field: Partida
2025-12-11 10:02:34,625-DEBUG-root-10276::webapp_internal::fill_grid|6399:: Grid loading...
2025-12-11 10:02:35,095-DEBUG-root-10276::webapp_internal::fill_grid|6466:: Column found!
2025-12-11 10:02:35,139-DEBUG-root-10276::base::click|192:: Click Type: ClickType.ACTIONCHAINS
2025-12-11 10:02:40,553-DEBUG-root-10276::webapp_internal::fill_grid|6498:: Trying open cell in grid!
2025-12-11 10:02:40,845-DEBUG-root-10276::webapp_internal::wait_blocker|2444:: Waiting blocker to continue...
2025-12-11 10:02:41,010-DEBUG-root-10276::webapp_internal::wait_blocker|2469:: Blocker status: False
2025-12-11 10:02:41,219-DEBUG-root-10276::webapp_internal::wait_element_timeout|7726:: Element found! Waiting for element to be displayed.
2025-12-11 10:02:41,593-DEBUG-root-10276::webapp_internal::fill_grid|6577:: Sending keys: 24/12/2025
2025-12-11 10:02:41,896-DEBUG-root-10276::webapp_internal::wait_blocker|2444:: Waiting blocker to continue...
2025-12-11 10:02:42,073-DEBUG-root-10276::webapp_internal::wait_blocker|2469:: Blocker status: False
2025-12-11 10:02:47,479-DEBUG-root-10276::webapp_internal::wait_blocker|2444:: Waiting blocker to continue...
2025-12-11 10:02:47,623-DEBUG-root-10276::webapp_internal::wait_blocker|2469:: Blocker status: False
2025-12-11 10:02:47,653-DEBUG-root-10276::webapp_internal::wait_blocker|2444:: Waiting blocker to continue...
2025-12-11 10:02:47,796-DEBUG-root-10276::webapp_internal::wait_blocker|2469:: Blocker status: False
2025-12-11 10:02:47,796-DEBUG-root-10276::webapp_internal::send_action|10480:: Trying to send action
2025-12-11 10:02:48,842-DEBUG-root-10276::webapp_internal::send_action|10522:: send_action method result = True
2025-12-11 10:02:48,843-DEBUG-root-10276::webapp_internal::send_action|10523:: send_action selenium status: False
2025-12-11 10:02:48,843-DEBUG-root-10276::webapp_internal::wait_blocker|2444:: Waiting blocker to continue...
2025-12-11 10:02:49,005-DEBUG-root-10276::webapp_internal::wait_blocker|2469:: Blocker status: False
2025-12-11 10:02:49,005-INFO-root-10276::webapp_internal::SetKey|5822:: Key pressed: TAB
2025-12-11 10:02:49,005-DEBUG-root-10276::webapp_internal::SetKey|5857:: Trying press key
2025-12-11 10:02:49,005-DEBUG-root-10276::webapp_internal::wait_element|7623:: Waiting for element
2025-12-11 10:02:49,143-DEBUG-root-10276::webapp_internal::wait_element|7653:: Element found! Waiting for element to be displayed.
2025-12-11 10:02:49,400-DEBUG-root-10276::webapp_internal::wait_blocker|2444:: Waiting blocker to continue...
2025-12-11 10:02:49,526-DEBUG-root-10276::webapp_internal::wait_blocker|2469:: Blocker status: False
2025-12-11 10:02:49,526-INFO-root-10276::webapp_internal::LoadGrid|6298:: Filling grid field: Hora Partida
2025-12-11 10:02:49,526-DEBUG-root-10276::webapp_internal::fill_grid|6399:: Grid loading...
2025-12-11 10:02:49,893-DEBUG-root-10276::webapp_internal::fill_grid|6466:: Column found!
2025-12-11 10:02:49,935-DEBUG-root-10276::base::click|192:: Click Type: ClickType.ACTIONCHAINS
2025-12-11 10:02:55,239-DEBUG-root-10276::webapp_internal::fill_grid|6498:: Trying open cell in grid!
2025-12-11 10:02:55,526-DEBUG-root-10276::webapp_internal::wait_blocker|2444:: Waiting blocker to continue...
2025-12-11 10:02:55,693-DEBUG-root-10276::webapp_internal::wait_blocker|2469:: Blocker status: False
2025-12-11 10:02:55,890-DEBUG-root-10276::webapp_internal::wait_element_timeout|7726:: Element found! Waiting for element to be displayed.
2025-12-11 10:02:56,255-DEBUG-root-10276::webapp_internal::fill_grid|6577:: Sending keys: 08:00
2025-12-11 10:02:56,560-DEBUG-root-10276::webapp_internal::wait_blocker|2444:: Waiting blocker to continue...
2025-12-11 10:02:56,727-DEBUG-root-10276::webapp_internal::wait_blocker|2469:: Blocker status: False
2025-12-11 10:03:02,245-DEBUG-root-10276::webapp_internal::wait_blocker|2444:: Waiting blocker to continue...
2025-12-11 10:03:02,393-DEBUG-root-10276::webapp_internal::wait_blocker|2469:: Blocker status: False
2025-12-11 10:03:02,427-DEBUG-root-10276::webapp_internal::wait_blocker|2444:: Waiting blocker to continue...
2025-12-11 10:03:02,587-DEBUG-root-10276::webapp_internal::wait_blocker|2469:: Blocker status: False
2025-12-11 10:03:02,587-DEBUG-root-10276::webapp_internal::send_action|10480:: Trying to send action
2025-12-11 10:03:03,632-DEBUG-root-10276::webapp_internal::send_action|10522:: send_action method result = True
2025-12-11 10:03:03,632-DEBUG-root-10276::webapp_internal::send_action|10523:: send_action selenium status: False
2025-12-11 10:03:03,633-DEBUG-root-10276::webapp_internal::wait_blocker|2444:: Waiting blocker to continue...
2025-12-11 10:03:03,781-DEBUG-root-10276::webapp_internal::wait_blocker|2469:: Blocker status: False
2025-12-11 10:03:03,781-INFO-root-10276::webapp_internal::SetKey|5822:: Key pressed: TAB
2025-12-11 10:03:03,781-DEBUG-root-10276::webapp_internal::SetKey|5857:: Trying press key
2025-12-11 10:03:03,781-DEBUG-root-10276::webapp_internal::wait_element|7623:: Waiting for element
2025-12-11 10:03:03,885-DEBUG-root-10276::webapp_internal::wait_element|7653:: Element found! Waiting for element to be displayed.
2025-12-11 10:03:04,169-DEBUG-root-10276::webapp_internal::wait_blocker|2444:: Waiting blocker to continue...
2025-12-11 10:03:04,355-DEBUG-root-10276::webapp_internal::wait_blocker|2469:: Blocker status: False
2025-12-11 10:03:04,356-INFO-root-10276::webapp_internal::LoadGrid|6298:: Filling grid field: Origem
2025-12-11 10:03:04,356-DEBUG-root-10276::webapp_internal::fill_grid|6399:: Grid loading...
2025-12-11 10:03:04,720-DEBUG-root-10276::webapp_internal::fill_grid|6466:: Column found!
2025-12-11 10:03:04,756-DEBUG-root-10276::base::click|192:: Click Type: ClickType.ACTIONCHAINS
2025-12-11 10:03:10,106-DEBUG-root-10276::webapp_internal::fill_grid|6498:: Trying open cell in grid!
2025-12-11 10:03:10,394-DEBUG-root-10276::webapp_internal::wait_blocker|2444:: Waiting blocker to continue...
2025-12-11 10:03:10,569-DEBUG-root-10276::webapp_internal::wait_blocker|2469:: Blocker status: False
2025-12-11 10:03:10,757-DEBUG-root-10276::webapp_internal::wait_element_timeout|7726:: Element found! Waiting for element to be displayed.
2025-12-11 10:03:11,109-DEBUG-root-10276::webapp_internal::fill_grid|6577:: Sending keys: DF00108
2025-12-11 10:03:11,411-DEBUG-root-10276::webapp_internal::wait_blocker|2444:: Waiting blocker to continue...
2025-12-11 10:03:11,551-DEBUG-root-10276::webapp_internal::wait_blocker|2469:: Blocker status: False
2025-12-11 10:03:11,710-DEBUG-root-10276::webapp_internal::wait_element_timeout|7726:: Element found! Waiting for element to be displayed.
2025-12-11 10:03:12,521-DEBUG-root-10276::webapp_internal::wait_blocker|2444:: Waiting blocker to continue...
2025-12-11 10:03:12,658-DEBUG-root-10276::webapp_internal::wait_blocker|2469:: Blocker status: False
2025-12-11 10:03:12,685-DEBUG-root-10276::webapp_internal::wait_blocker|2444:: Waiting blocker to continue...
2025-12-11 10:03:12,822-DEBUG-root-10276::webapp_internal::wait_blocker|2469:: Blocker status: False
2025-12-11 10:03:12,822-DEBUG-root-10276::webapp_internal::send_action|10480:: Trying to send action
2025-12-11 10:03:13,860-DEBUG-root-10276::webapp_internal::send_action|10522:: send_action method result = True
2025-12-11 10:03:13,860-DEBUG-root-10276::webapp_internal::send_action|10523:: send_action selenium status: False
2025-12-11 10:03:13,860-DEBUG-root-10276::webapp_internal::wait_blocker|2444:: Waiting blocker to continue...
2025-12-11 10:03:14,003-DEBUG-root-10276::webapp_internal::wait_blocker|2469:: Blocker status: False
2025-12-11 10:03:14,004-INFO-root-10276::webapp_internal::SetKey|5822:: Key pressed: TAB
2025-12-11 10:03:14,004-DEBUG-root-10276::webapp_internal::SetKey|5857:: Trying press key
2025-12-11 10:03:14,004-DEBUG-root-10276::webapp_internal::wait_element|7623:: Waiting for element
2025-12-11 10:03:14,107-DEBUG-root-10276::webapp_internal::wait_element|7653:: Element found! Waiting for element to be displayed.
2025-12-11 10:03:14,373-DEBUG-root-10276::webapp_internal::wait_blocker|2444:: Waiting blocker to continue...
2025-12-11 10:03:14,508-DEBUG-root-10276::webapp_internal::wait_blocker|2469:: Blocker status: False
2025-12-11 10:03:14,509-INFO-root-10276::webapp_internal::LoadGrid|6298:: Filling grid field: Destino
2025-12-11 10:03:14,509-DEBUG-root-10276::webapp_internal::fill_grid|6399:: Grid loading...
2025-12-11 10:03:14,863-DEBUG-root-10276::webapp_internal::fill_grid|6466:: Column found!
2025-12-11 10:03:14,903-DEBUG-root-10276::base::click|192:: Click Type: ClickType.ACTIONCHAINS
2025-12-11 10:03:20,353-DEBUG-root-10276::webapp_internal::fill_grid|6498:: Trying open cell in grid!
2025-12-11 10:03:20,641-DEBUG-root-10276::webapp_internal::wait_blocker|2444:: Waiting blocker to continue...
2025-12-11 10:03:20,861-DEBUG-root-10276::webapp_internal::wait_blocker|2469:: Blocker status: False
2025-12-11 10:03:21,057-DEBUG-root-10276::webapp_internal::wait_element_timeout|7726:: Element found! Waiting for element to be displayed.
2025-12-11 10:03:21,443-DEBUG-root-10276::webapp_internal::fill_grid|6577:: Sending keys: GO08707
2025-12-11 10:03:21,743-DEBUG-root-10276::webapp_internal::wait_blocker|2444:: Waiting blocker to continue...
2025-12-11 10:03:21,874-DEBUG-root-10276::webapp_internal::wait_blocker|2469:: Blocker status: False
2025-12-11 10:03:22,053-DEBUG-root-10276::webapp_internal::wait_element_timeout|7726:: Element found! Waiting for element to be displayed.
2025-12-11 10:03:22,631-DEBUG-root-10276::webapp_internal::wait_blocker|2444:: Waiting blocker to continue...
2025-12-11 10:03:22,773-DEBUG-root-10276::webapp_internal::wait_blocker|2469:: Blocker status: False
2025-12-11 10:03:22,801-DEBUG-root-10276::webapp_internal::wait_blocker|2444:: Waiting blocker to continue...
2025-12-11 10:03:22,931-DEBUG-root-10276::webapp_internal::wait_blocker|2469:: Blocker status: False
2025-12-11 10:03:22,931-DEBUG-root-10276::webapp_internal::send_action|10480:: Trying to send action
2025-12-11 10:03:23,969-DEBUG-root-10276::webapp_internal::send_action|10522:: send_action method result = True
2025-12-11 10:03:23,969-DEBUG-root-10276::webapp_internal::send_action|10523:: send_action selenium status: False
2025-12-11 10:03:23,970-DEBUG-root-10276::webapp_internal::wait_blocker|2444:: Waiting blocker to continue...
2025-12-11 10:03:24,125-DEBUG-root-10276::webapp_internal::wait_blocker|2469:: Blocker status: False
2025-12-11 10:03:24,125-INFO-root-10276::webapp_internal::SetKey|5822:: Key pressed: TAB
2025-12-11 10:03:24,125-DEBUG-root-10276::webapp_internal::SetKey|5857:: Trying press key
2025-12-11 10:03:24,125-DEBUG-root-10276::webapp_internal::wait_element|7623:: Waiting for element
2025-12-11 10:03:24,220-DEBUG-root-10276::webapp_internal::wait_element|7653:: Element found! Waiting for element to be displayed.
2025-12-11 10:03:24,485-DEBUG-root-10276::webapp_internal::wait_blocker|2444:: Waiting blocker to continue...
2025-12-11 10:03:24,659-DEBUG-root-10276::webapp_internal::wait_blocker|2469:: Blocker status: False
2025-12-11 10:03:24,660-INFO-root-10276::webapp_internal::LoadGrid|6298:: Filling grid field: Chegada
2025-12-11 10:03:24,660-DEBUG-root-10276::webapp_internal::fill_grid|6399:: Grid loading...
2025-12-11 10:03:25,062-DEBUG-root-10276::webapp_internal::fill_grid|6466:: Column found!
2025-12-11 10:03:25,103-DEBUG-root-10276::base::click|192:: Click Type: ClickType.ACTIONCHAINS
2025-12-11 10:03:30,525-DEBUG-root-10276::webapp_internal::fill_grid|6498:: Trying open cell in grid!
2025-12-11 10:03:30,818-DEBUG-root-10276::webapp_internal::wait_blocker|2444:: Waiting blocker to continue...
2025-12-11 10:03:30,973-DEBUG-root-10276::webapp_internal::wait_blocker|2469:: Blocker status: False
2025-12-11 10:03:31,168-DEBUG-root-10276::webapp_internal::wait_element_timeout|7726:: Element found! Waiting for element to be displayed.
2025-12-11 10:03:31,518-DEBUG-root-10276::webapp_internal::fill_grid|6577:: Sending keys: 24/12/2025
2025-12-11 10:03:31,827-DEBUG-root-10276::webapp_internal::wait_blocker|2444:: Waiting blocker to continue...
2025-12-11 10:03:32,004-DEBUG-root-10276::webapp_internal::wait_blocker|2469:: Blocker status: False
2025-12-11 10:03:37,423-DEBUG-root-10276::webapp_internal::wait_blocker|2444:: Waiting blocker to continue...
2025-12-11 10:03:37,563-DEBUG-root-10276::webapp_internal::wait_blocker|2469:: Blocker status: False
2025-12-11 10:03:37,593-DEBUG-root-10276::webapp_internal::wait_blocker|2444:: Waiting blocker to continue...
2025-12-11 10:03:37,724-DEBUG-root-10276::webapp_internal::wait_blocker|2469:: Blocker status: False
2025-12-11 10:03:37,725-DEBUG-root-10276::webapp_internal::send_action|10480:: Trying to send action
2025-12-11 10:03:38,769-DEBUG-root-10276::webapp_internal::send_action|10522:: send_action method result = True
2025-12-11 10:03:38,769-DEBUG-root-10276::webapp_internal::send_action|10523:: send_action selenium status: False
2025-12-11 10:03:38,770-DEBUG-root-10276::webapp_internal::wait_element|7623:: Waiting for element
2025-12-11 10:03:38,873-DEBUG-root-10276::webapp_internal::wait_element|7653:: Element found! Waiting for element to be displayed.
2025-12-11 10:03:39,152-DEBUG-root-10276::webapp_internal::wait_blocker|2444:: Waiting blocker to continue...
2025-12-11 10:03:39,342-DEBUG-root-10276::webapp_internal::wait_blocker|2469:: Blocker status: False
2025-12-11 10:03:39,342-INFO-root-10276::webapp_internal::LoadGrid|6298:: Filling grid field: Hora Chegada
2025-12-11 10:03:39,342-DEBUG-root-10276::webapp_internal::fill_grid|6399:: Grid loading...
2025-12-11 10:03:39,690-DEBUG-root-10276::webapp_internal::fill_grid|6466:: Column found!
2025-12-11 10:03:39,728-DEBUG-root-10276::base::click|192:: Click Type: ClickType.ACTIONCHAINS
2025-12-11 10:03:45,040-DEBUG-root-10276::webapp_internal::fill_grid|6498:: Trying open cell in grid!
2025-12-11 10:03:45,329-DEBUG-root-10276::webapp_internal::wait_blocker|2444:: Waiting blocker to continue...
2025-12-11 10:03:45,481-DEBUG-root-10276::webapp_internal::wait_blocker|2469:: Blocker status: False
2025-12-11 10:03:45,670-DEBUG-root-10276::webapp_internal::wait_element_timeout|7726:: Element found! Waiting for element to be displayed.
2025-12-11 10:03:46,022-DEBUG-root-10276::webapp_internal::fill_grid|6577:: Sending keys: 12:00
2025-12-11 10:03:46,336-DEBUG-root-10276::webapp_internal::wait_blocker|2444:: Waiting blocker to continue...
2025-12-11 10:03:46,487-DEBUG-root-10276::webapp_internal::wait_blocker|2469:: Blocker status: False
2025-12-11 10:03:51,753-INFO-root-10276::webapp_internal::ClickFolder|5081:: Clicking on folder: Treinamento
2025-12-11 10:03:51,753-DEBUG-root-10276::webapp_internal::wait_blocker|2444:: Waiting blocker to continue...
2025-12-11 10:03:51,897-DEBUG-root-10276::webapp_internal::wait_blocker|2469:: Blocker status: False
2025-12-11 10:03:51,933-DEBUG-root-10276::webapp_internal::wait_element|7623:: Waiting for element
2025-12-11 10:03:52,208-DEBUG-root-10276::webapp_internal::wait_element|7653:: Element found! Waiting for element to be displayed.
2025-12-11 10:03:54,271-DEBUG-root-10276::webapp_internal::wait_blocker|2444:: Waiting blocker to continue...
2025-12-11 10:03:54,418-DEBUG-root-10276::webapp_internal::wait_blocker|2469:: Blocker status: False
2025-12-11 10:03:54,419-INFO-root-10276::webapp_internal::SetKey|5822:: Key pressed: DOWN
2025-12-11 10:03:54,419-INFO-root-10276::webapp_internal::ClickFolder|5081:: Clicking on folder: Transporte
2025-12-11 10:03:54,419-DEBUG-root-10276::webapp_internal::wait_blocker|2444:: Waiting blocker to continue...
2025-12-11 10:03:54,553-DEBUG-root-10276::webapp_internal::wait_blocker|2469:: Blocker status: False
2025-12-11 10:03:54,587-DEBUG-root-10276::webapp_internal::wait_element|7623:: Waiting for element
2025-12-11 10:03:54,857-DEBUG-root-10276::webapp_internal::wait_element|7653:: Element found! Waiting for element to be displayed.
2025-12-11 10:03:56,428-DEBUG-root-10276::webapp_internal::wait_blocker|2444:: Waiting blocker to continue...
2025-12-11 10:03:56,642-DEBUG-root-10276::webapp_internal::wait_blocker|2469:: Blocker status: False
2025-12-11 10:03:56,642-INFO-root-10276::webapp_internal::SetKey|5822:: Key pressed: TAB
2025-12-11 10:03:56,642-DEBUG-root-10276::webapp_internal::SetKey|5857:: Trying press key
2025-12-11 10:03:56,642-DEBUG-root-10276::webapp_internal::wait_element|7623:: Waiting for element
2025-12-11 10:03:56,743-DEBUG-root-10276::webapp_internal::wait_element|7653:: Element found! Waiting for element to be displayed.
2025-12-11 10:03:57,023-DEBUG-root-10276::webapp_internal::new_grid_line|7014:: New grid line
2025-12-11 10:03:58,596-DEBUG-root-10276::webapp_internal::wait_blocker|2444:: Waiting blocker to continue...
2025-12-11 10:03:58,736-DEBUG-root-10276::webapp_internal::wait_blocker|2469:: Blocker status: False
2025-12-11 10:03:58,738-INFO-root-10276::webapp_internal::LoadGrid|6298:: Filling grid field: Tipo
2025-12-11 10:03:58,738-DEBUG-root-10276::webapp_internal::fill_grid|6399:: Grid loading...
2025-12-11 10:03:58,947-DEBUG-root-10276::webapp_internal::fill_grid|6466:: Column found!
2025-12-11 10:03:58,987-DEBUG-root-10276::base::click|192:: Click Type: ClickType.ACTIONCHAINS
2025-12-11 10:04:04,308-DEBUG-root-10276::webapp_internal::fill_grid|6498:: Trying open cell in grid!
2025-12-11 10:04:04,608-DEBUG-root-10276::webapp_internal::wait_blocker|2444:: Waiting blocker to continue...
2025-12-11 10:04:04,761-DEBUG-root-10276::webapp_internal::wait_blocker|2469:: Blocker status: False
2025-12-11 10:04:04,958-DEBUG-root-10276::webapp_internal::wait_element_timeout|7726:: Element found! Waiting for element to be displayed.
2025-12-11 10:04:05,414-DEBUG-root-10276::webapp_internal::wait_blocker|2444:: Waiting blocker to continue...
2025-12-11 10:04:05,545-DEBUG-root-10276::webapp_internal::wait_blocker|2469:: Blocker status: False
2025-12-11 10:04:05,619-DEBUG-root-10276::webapp_internal::wait_blocker|2444:: Waiting blocker to continue...
2025-12-11 10:04:05,751-DEBUG-root-10276::webapp_internal::wait_blocker|2469:: Blocker status: False
2025-12-11 10:04:05,751-DEBUG-root-10276::webapp_internal::send_action|10480:: Trying to send action
2025-12-11 10:04:06,790-DEBUG-root-10276::webapp_internal::send_action|10522:: send_action method result = True
2025-12-11 10:04:06,791-DEBUG-root-10276::webapp_internal::send_action|10523:: send_action selenium status: False
2025-12-11 10:04:06,791-DEBUG-root-10276::webapp_internal::wait_blocker|2444:: Waiting blocker to continue...
2025-12-11 10:04:06,929-DEBUG-root-10276::webapp_internal::wait_blocker|2469:: Blocker status: False
2025-12-11 10:04:06,929-INFO-root-10276::webapp_internal::SetKey|5822:: Key pressed: TAB
2025-12-11 10:04:06,929-DEBUG-root-10276::webapp_internal::SetKey|5857:: Trying press key
2025-12-11 10:04:06,929-DEBUG-root-10276::webapp_internal::wait_element|7623:: Waiting for element
2025-12-11 10:04:07,040-DEBUG-root-10276::webapp_internal::wait_element|7653:: Element found! Waiting for element to be displayed.
2025-12-11 10:04:07,329-DEBUG-root-10276::webapp_internal::wait_blocker|2444:: Waiting blocker to continue...
2025-12-11 10:04:07,462-DEBUG-root-10276::webapp_internal::wait_blocker|2469:: Blocker status: False
2025-12-11 10:04:07,462-INFO-root-10276::webapp_internal::LoadGrid|6298:: Filling grid field: Partida
2025-12-11 10:04:07,462-DEBUG-root-10276::webapp_internal::fill_grid|6399:: Grid loading...
2025-12-11 10:04:07,697-DEBUG-root-10276::webapp_internal::fill_grid|6466:: Column found!
2025-12-11 10:04:07,736-DEBUG-root-10276::base::click|192:: Click Type: ClickType.ACTIONCHAINS
2025-12-11 10:04:13,172-DEBUG-root-10276::webapp_internal::fill_grid|6498:: Trying open cell in grid!
2025-12-11 10:04:13,456-DEBUG-root-10276::webapp_internal::wait_blocker|2444:: Waiting blocker to continue...
2025-12-11 10:04:13,611-DEBUG-root-10276::webapp_internal::wait_blocker|2469:: Blocker status: False
2025-12-11 10:04:13,803-DEBUG-root-10276::webapp_internal::wait_element_timeout|7726:: Element found! Waiting for element to be displayed.
2025-12-11 10:04:14,209-DEBUG-root-10276::webapp_internal::fill_grid|6577:: Sending keys: 31/12/2025
2025-12-11 10:04:14,519-DEBUG-root-10276::webapp_internal::wait_blocker|2444:: Waiting blocker to continue...
2025-12-11 10:04:14,681-DEBUG-root-10276::webapp_internal::wait_blocker|2469:: Blocker status: False
2025-12-11 10:04:14,852-DEBUG-root-10276::webapp_internal::wait_element_timeout|7726:: Element found! Waiting for element to be displayed.
2025-12-11 10:04:19,399-ERROR-root-10276::webapp_internal::fill_grid|6675:: fill grid error: Message: WebDriver session does not exist, or is not active
Stacktrace:
RemoteError@chrome://remote/content/shared/RemoteError.sys.mjs:8:8
WebDriverError@chrome://remote/content/shared/webdriver/Errors.sys.mjs:202:5
InvalidSessionIDError@chrome://remote/content/shared/webdriver/Errors.sys.mjs:472:5
assert.that/<@chrome://remote/content/shared/webdriver/Assert.sys.mjs:581:13
assert.session@chrome://remote/content/shared/webdriver/Assert.sys.mjs:38:4
dispatch@chrome://remote/content/marionette/server.sys.mjs:315:19
execute@chrome://remote/content/marionette/server.sys.mjs:289:16
onPacket/<@chrome://remote/content/marionette/server.sys.mjs:262:20
onPacket@chrome://remote/content/marionette/server.sys.mjs:263:9
_onJSONObjectReady/<@chrome://remote/content/marionette/transport.sys.mjs:494:20
Traceback (most recent call last):
  File "C:\TIR_TESTE\venv\Lib\site-packages\tir\technologies\webapp_internal.py", line 6625, in fill_grid
    current_value = self.get_element_text(selenium_column())
                    ^^^^^^^^^^^^^^^^^^^^^^^^^^^^^^^^^^^^^^^^
  File "C:\TIR_TESTE\venv\Lib\site-packages\tir\technologies\core\base.py", line 606, in get_element_text
    return self.driver.execute_script("return arguments[0].innerText", element)
           ^^^^^^^^^^^^^^^^^^^^^^^^^^^^^^^^^^^^^^^^^^^^^^^^^^^^^^^^^^^^^^^^^^^^
  File "C:\TIR_TESTE\venv\Lib\site-packages\selenium\webdriver\remote\webdriver.py", line 407, in execute_script
    return self.execute(command, {"script": script, "args": converted_args})["value"]
           ^^^^^^^^^^^^^^^^^^^^^^^^^^^^^^^^^^^^^^^^^^^^^^^^^^^^^^^^^^^^^^^^^
  File "C:\TIR_TESTE\venv\Lib\site-packages\selenium\webdriver\remote\webdriver.py", line 347, in execute
    self.error_handler.check_response(response)
  File "C:\TIR_TESTE\venv\Lib\site-packages\selenium\webdriver\remote\errorhandler.py", line 229, in check_response
    raise exception_class(message, screen, stacktrace)
selenium.common.exceptions.InvalidSessionIdException: Message: WebDriver session does not exist, or is not active
Stacktrace:
RemoteError@chrome://remote/content/shared/RemoteError.sys.mjs:8:8
WebDriverError@chrome://remote/content/shared/webdriver/Errors.sys.mjs:202:5
InvalidSessionIDError@chrome://remote/content/shared/webdriver/Errors.sys.mjs:472:5
assert.that/<@chrome://remote/content/shared/webdriver/Assert.sys.mjs:581:13
assert.session@chrome://remote/content/shared/webdriver/Assert.sys.mjs:38:4
dispatch@chrome://remote/content/marionette/server.sys.mjs:315:19
execute@chrome://remote/content/marionette/server.sys.mjs:289:16
onPacket/<@chrome://remote/content/marionette/server.sys.mjs:262:20
onPacket@chrome://remote/content/marionette/server.sys.mjs:263:9
_onJSONObjectReady/<@chrome://remote/content/marionette/transport.sys.mjs:494:20

2025-12-11 10:04:19,470-WARNING-root-10276::webapp_internal::log_error|8143:: Warning log_error fill grid error: Message: WebDriver session does not exist, or is not active
Stacktrace:
RemoteError@chrome://remote/content/shared/RemoteError.sys.mjs:8:8
WebDriverError@chrome://remote/content/shared/webdriver/Errors.sys.mjs:202:5
InvalidSessionIDError@chrome://remote/content/shared/webdriver/Errors.sys.mjs:472:5
assert.that/<@chrome://remote/content/shared/webdriver/Assert.sys.mjs:581:13
assert.session@chrome://remote/content/shared/webdriver/Assert.sys.mjs:38:4
dispatch@chrome://remote/content/marionette/server.sys.mjs:315:19
execute@chrome://remote/content/marionette/server.sys.mjs:289:16
onPacket/<@chrome://remote/content/marionette/server.sys.mjs:262:20
onPacket@chrome://remote/content/marionette/server.sys.mjs:263:9
_onJSONObjectReady/<@chrome://remote/content/marionette/transport.sys.mjs:494:20

2025-12-11 10:04:19,471-DEBUG-root-10276::webapp_internal::log_error|8146:: ***System Info*** in log_error():
2025-12-11 10:04:19,471-DEBUG-root-10276::psutil_info::system_info|5:: CPU USAGE: 10.4%
2025-12-11 10:04:19,472-DEBUG-root-10276::psutil_info::system_info|6:: MEMORY USAGE: 86.9%
2025-12-11 10:04:19,472-DEBUG-root-10276::psutil_info::system_info|7:: MEMORY AVAILABLE: 13.1%
2025-12-11 10:04:19,509-DEBUG-root-10276::log::take_screenshot_log|612:: take_screenshot_log in:2025-12-11 10:04:19.509404

2025-12-11 10:04:19,927-ERROR-root-10276::log::take_screenshot_log|629:: Warning Log Error save_screenshot exception Message: Failed to decode response from marionette
Traceback (most recent call last):
  File "C:\TIR_TESTE\venv\Lib\site-packages\tir\technologies\webapp_internal.py", line 6625, in fill_grid
    current_value = self.get_element_text(selenium_column())
                    ^^^^^^^^^^^^^^^^^^^^^^^^^^^^^^^^^^^^^^^^
  File "C:\TIR_TESTE\venv\Lib\site-packages\tir\technologies\core\base.py", line 606, in get_element_text
    return self.driver.execute_script("return arguments[0].innerText", element)
           ^^^^^^^^^^^^^^^^^^^^^^^^^^^^^^^^^^^^^^^^^^^^^^^^^^^^^^^^^^^^^^^^^^^^
  File "C:\TIR_TESTE\venv\Lib\site-packages\selenium\webdriver\remote\webdriver.py", line 407, in execute_script
    return self.execute(command, {"script": script, "args": converted_args})["value"]
           ^^^^^^^^^^^^^^^^^^^^^^^^^^^^^^^^^^^^^^^^^^^^^^^^^^^^^^^^^^^^^^^^^
  File "C:\TIR_TESTE\venv\Lib\site-packages\selenium\webdriver\remote\webdriver.py", line 347, in execute
    self.error_handler.check_response(response)
  File "C:\TIR_TESTE\venv\Lib\site-packages\selenium\webdriver\remote\errorhandler.py", line 229, in check_response
    raise exception_class(message, screen, stacktrace)
selenium.common.exceptions.InvalidSessionIdException: Message: WebDriver session does not exist, or is not active
Stacktrace:
RemoteError@chrome://remote/content/shared/RemoteError.sys.mjs:8:8
WebDriverError@chrome://remote/content/shared/webdriver/Errors.sys.mjs:202:5
InvalidSessionIDError@chrome://remote/content/shared/webdriver/Errors.sys.mjs:472:5
assert.that/<@chrome://remote/content/shared/webdriver/Assert.sys.mjs:581:13
assert.session@chrome://remote/content/shared/webdriver/Assert.sys.mjs:38:4
dispatch@chrome://remote/content/marionette/server.sys.mjs:315:19
execute@chrome://remote/content/marionette/server.sys.mjs:289:16
onPacket/<@chrome://remote/content/marionette/server.sys.mjs:262:20
onPacket@chrome://remote/content/marionette/server.sys.mjs:263:9
_onJSONObjectReady/<@chrome://remote/content/marionette/transport.sys.mjs:494:20


During handling of the above exception, another exception occurred:

Traceback (most recent call last):
  File "C:\TIR_TESTE\venv\Lib\site-packages\tir\technologies\core\log.py", line 626, in take_screenshot_log
    driver.save_screenshot(str(path))
  File "C:\TIR_TESTE\venv\Lib\site-packages\selenium\webdriver\remote\webdriver.py", line 822, in save_screenshot
    return self.get_screenshot_as_file(filename)
           ^^^^^^^^^^^^^^^^^^^^^^^^^^^^^^^^^^^^^
  File "C:\TIR_TESTE\venv\Lib\site-packages\selenium\webdriver\remote\webdriver.py", line 798, in get_screenshot_as_file
    png = self.get_screenshot_as_png()
          ^^^^^^^^^^^^^^^^^^^^^^^^^^^^
  File "C:\TIR_TESTE\venv\Lib\site-packages\selenium\webdriver\remote\webdriver.py", line 832, in get_screenshot_as_png
    return b64decode(self.get_screenshot_as_base64().encode("ascii"))
                     ^^^^^^^^^^^^^^^^^^^^^^^^^^^^^^^
  File "C:\TIR_TESTE\venv\Lib\site-packages\selenium\webdriver\remote\webdriver.py", line 843, in get_screenshot_as_base64
    return self.execute(Command.SCREENSHOT)["value"]
           ^^^^^^^^^^^^^^^^^^^^^^^^^^^^^^^^
  File "C:\TIR_TESTE\venv\Lib\site-packages\selenium\webdriver\remote\webdriver.py", line 347, in execute
    self.error_handler.check_response(response)
  File "C:\TIR_TESTE\venv\Lib\site-packages\selenium\webdriver\remote\errorhandler.py", line 229, in check_response
    raise exception_class(message, screen, stacktrace)
selenium.common.exceptions.WebDriverException: Message: Failed to decode response from marionette

2025-12-11 10:04:20,940-DEBUG-root-10276::log::checks_empty_line|221:: Checking empty default log info
2025-12-11 10:04:20,943-DEBUG-root-10276::log::generate_log|503:: Json log_data: {'cLogDtExec': '11/12/2025 10:04:20', 'cLogNomUsr': '97137227104', 'cLogNomEst': 'GESIT03', 'cLogProgra': None, 'cLogDtProg': '', 'cLogHrProg': '', 'nLogCtsOk': 0, 'nLogCtsNok': 1, 'nLogCtsSeg': 260.82, 'cLogVersao': '12', 'cLogReleas': '12.1.2410', 'nLogCtsErr': 'Viagem - fill grid error: Message: WebDriver session does not exist, or is not activeStacktrace:RemoteError@chrome://remote/content/shared/RemoteError.sys.mjs:8:8WebDriverError@chrome://remote/content/shared/webdriver/Errors.sys.mjs:202:5InvalidSessionIDError@chrome://remote/content/shared/webdriver/Errors.sys.mjs:472:5assert.that/<@chrome://remote/content/shared/webdriver/Assert.sys.mjs:581:13assert.session@chrome://remote/content/shared/webdriver/Assert.sys.mjs:38:4dispatch@chrome://remote/content/marionette/server.sys.mjs:315:19execute@chrome://remote/content/marionette/server.sys.mjs:289:1', 'cLogBancod': 'ORACLE', 'cLogIdenti': '', 'cLogIdExec': '20251211', 'cLogPais': 'BRA', 'cLogTool': 'TIR', 'cLogSequen': '2ffa23', 'nLogCtsTot': 1, 'cLogDtExea': '11/12/2025', 'cLogHrExea': '10:04:20', 'cLogArea': 'Desenvolvimento', 'cLogMnExec': 4.3469999999999995}
2025-12-11 10:04:20,943-INFO-root-10276::log::send_log_with_retries|515:: Saving log locally.
2025-12-11 10:04:20,943-INFO-root-10276::log::save_log_locally|548:: [FwSendLog]: Não foi possível enviar o log após todas as tentativas.
2025-12-11 10:04:20,945-INFO-root-10276::log::save_log_locally|555:: [FwSendLog]: Log salvo localmente em C:\TIR_TESTE\1765458260.json.
2025-12-11 10:04:20,950-ERROR-root-10276::webapp_internal::log_error|8181:: Warning Log Error Close Message: Tried to run command without establishing a connection
Traceback (most recent call last):
  File "C:\TIR_TESTE\venv\Lib\site-packages\tir\technologies\webapp_internal.py", line 6625, in fill_grid
    current_value = self.get_element_text(selenium_column())
                    ^^^^^^^^^^^^^^^^^^^^^^^^^^^^^^^^^^^^^^^^
  File "C:\TIR_TESTE\venv\Lib\site-packages\tir\technologies\core\base.py", line 606, in get_element_text
    return self.driver.execute_script("return arguments[0].innerText", element)
           ^^^^^^^^^^^^^^^^^^^^^^^^^^^^^^^^^^^^^^^^^^^^^^^^^^^^^^^^^^^^^^^^^^^^
  File "C:\TIR_TESTE\venv\Lib\site-packages\selenium\webdriver\remote\webdriver.py", line 407, in execute_script
    return self.execute(command, {"script": script, "args": converted_args})["value"]
           ^^^^^^^^^^^^^^^^^^^^^^^^^^^^^^^^^^^^^^^^^^^^^^^^^^^^^^^^^^^^^^^^^
  File "C:\TIR_TESTE\venv\Lib\site-packages\selenium\webdriver\remote\webdriver.py", line 347, in execute
    self.error_handler.check_response(response)
  File "C:\TIR_TESTE\venv\Lib\site-packages\selenium\webdriver\remote\errorhandler.py", line 229, in check_response
    raise exception_class(message, screen, stacktrace)
selenium.common.exceptions.InvalidSessionIdException: Message: WebDriver session does not exist, or is not active
Stacktrace:
RemoteError@chrome://remote/content/shared/RemoteError.sys.mjs:8:8
WebDriverError@chrome://remote/content/shared/webdriver/Errors.sys.mjs:202:5
InvalidSessionIDError@chrome://remote/content/shared/webdriver/Errors.sys.mjs:472:5
assert.that/<@chrome://remote/content/shared/webdriver/Assert.sys.mjs:581:13
assert.session@chrome://remote/content/shared/webdriver/Assert.sys.mjs:38:4
dispatch@chrome://remote/content/marionette/server.sys.mjs:315:19
execute@chrome://remote/content/marionette/server.sys.mjs:289:16
onPacket/<@chrome://remote/content/marionette/server.sys.mjs:262:20
onPacket@chrome://remote/content/marionette/server.sys.mjs:263:9
_onJSONObjectReady/<@chrome://remote/content/marionette/transport.sys.mjs:494:20


During handling of the above exception, another exception occurred:

Traceback (most recent call last):
  File "C:\TIR_TESTE\venv\Lib\site-packages\tir\technologies\webapp_internal.py", line 8179, in log_error
    self.driver.close()
  File "C:\TIR_TESTE\venv\Lib\site-packages\selenium\webdriver\remote\webdriver.py", line 458, in close
    self.execute(Command.CLOSE)
  File "C:\TIR_TESTE\venv\Lib\site-packages\selenium\webdriver\remote\webdriver.py", line 347, in execute
    self.error_handler.check_response(response)
  File "C:\TIR_TESTE\venv\Lib\site-packages\selenium\webdriver\remote\errorhandler.py", line 229, in check_response
    raise exception_class(message, screen, stacktrace)
selenium.common.exceptions.InvalidSessionIdException: Message: Tried to run command without establishing a connection

2025-12-11 10:04:20,951-ERROR-root-10276::webapp_internal::SetKey|5901:: False is not true : Viagem - fill grid error: Message: WebDriver session does not exist, or is not active
Stacktrace:
RemoteError@chrome://remote/content/shared/RemoteError.sys.mjs:8:8
WebDriverError@chrome://remote/content/shared/webdriver/Errors.sys.mjs:202:5
InvalidSessionIDError@chrome://remote/content/shared/webdriver/Errors.sys.mjs:472:5
assert.that/<@chrome://remote/content/shared/webdriver/Assert.sys.mjs:581:13
assert.session@chrome://remote/content/shared/webdriver/Assert.sys.mjs:38:4
dispatch@chrome://remote/content/marionette/server.sys.mjs:315:19
execute@chrome://remote/content/marionette/server.sys.mjs:289:16
onPacket/<@chrome://remote/content/marionette/server.sys.mjs:262:20
onPacket@chrome://remote/content/marionette/server.sys.mjs:263:9
_onJSONObjectReady/<@chrome://remote/content/marionette/transport.sys.mjs:494:20
Traceback (most recent call last):
  File "C:\TIR_TESTE\venv\Lib\site-packages\tir\technologies\webapp_internal.py", line 6625, in fill_grid
    current_value = self.get_element_text(selenium_column())
                    ^^^^^^^^^^^^^^^^^^^^^^^^^^^^^^^^^^^^^^^^
  File "C:\TIR_TESTE\venv\Lib\site-packages\tir\technologies\core\base.py", line 606, in get_element_text
    return self.driver.execute_script("return arguments[0].innerText", element)
           ^^^^^^^^^^^^^^^^^^^^^^^^^^^^^^^^^^^^^^^^^^^^^^^^^^^^^^^^^^^^^^^^^^^^
  File "C:\TIR_TESTE\venv\Lib\site-packages\selenium\webdriver\remote\webdriver.py", line 407, in execute_script
    return self.execute(command, {"script": script, "args": converted_args})["value"]
           ^^^^^^^^^^^^^^^^^^^^^^^^^^^^^^^^^^^^^^^^^^^^^^^^^^^^^^^^^^^^^^^^^
  File "C:\TIR_TESTE\venv\Lib\site-packages\selenium\webdriver\remote\webdriver.py", line 347, in execute
    self.error_handler.check_response(response)
  File "C:\TIR_TESTE\venv\Lib\site-packages\selenium\webdriver\remote\errorhandler.py", line 229, in check_response
    raise exception_class(message, screen, stacktrace)
selenium.common.exceptions.InvalidSessionIdException: Message: WebDriver session does not exist, or is not active
Stacktrace:
RemoteError@chrome://remote/content/shared/RemoteError.sys.mjs:8:8
WebDriverError@chrome://remote/content/shared/webdriver/Errors.sys.mjs:202:5
InvalidSessionIDError@chrome://remote/content/shared/webdriver/Errors.sys.mjs:472:5
assert.that/<@chrome://remote/content/shared/webdriver/Assert.sys.mjs:581:13
assert.session@chrome://remote/content/shared/webdriver/Assert.sys.mjs:38:4
dispatch@chrome://remote/content/marionette/server.sys.mjs:315:19
execute@chrome://remote/content/marionette/server.sys.mjs:289:16
onPacket/<@chrome://remote/content/marionette/server.sys.mjs:262:20
onPacket@chrome://remote/content/marionette/server.sys.mjs:263:9
_onJSONObjectReady/<@chrome://remote/content/marionette/transport.sys.mjs:494:20


During handling of the above exception, another exception occurred:

Traceback (most recent call last):
  File "C:\TIR_TESTE\venv\Lib\site-packages\tir\technologies\webapp_internal.py", line 5861, in SetKey
    self.LoadGrid()
  File "C:\TIR_TESTE\venv\Lib\site-packages\tir\technologies\webapp_internal.py", line 6301, in LoadGrid
    self.fill_grid(field, x3_dictionaries, initial_layer, duplicate_fields)
  File "C:\TIR_TESTE\venv\Lib\site-packages\tir\technologies\webapp_internal.py", line 6676, in fill_grid
    self.log_error(f'fill grid error: {str(e)}')
  File "C:\TIR_TESTE\venv\Lib\site-packages\tir\technologies\webapp_internal.py", line 8206, in log_error
    self.assertTrue(False, log_message)
  File "C:\Users\97137227104\AppData\Local\Programs\Python\Python312\Lib\unittest\case.py", line 727, in assertTrue
    raise self.failureException(msg)
AssertionError: False is not true : Viagem - fill grid error: Message: WebDriver session does not exist, or is not active
Stacktrace:
RemoteError@chrome://remote/content/shared/RemoteError.sys.mjs:8:8
WebDriverError@chrome://remote/content/shared/webdriver/Errors.sys.mjs:202:5
InvalidSessionIDError@chrome://remote/content/shared/webdriver/Errors.sys.mjs:472:5
assert.that/<@chrome://remote/content/shared/webdriver/Assert.sys.mjs:581:13
assert.session@chrome://remote/content/shared/webdriver/Assert.sys.mjs:38:4
dispatch@chrome://remote/content/marionette/server.sys.mjs:315:19
execute@chrome://remote/content/marionette/server.sys.mjs:289:16
onPacket/<@chrome://remote/content/marionette/server.sys.mjs:262:20
onPacket@chrome://remote/content/marionette/server.sys.mjs:263:9
_onJSONObjectReady/<@chrome://remote/content/marionette/transport.sys.mjs:494:20

2025-12-11 10:04:20,954-DEBUG-root-10276::webapp_internal::wait_blocker|2444:: Waiting blocker to continue...
2025-12-11 10:04:20,956-DEBUG-root-10276::webapp_internal::wait_blocker|2469:: Blocker status: None
2025-12-11 10:04:20,956-INFO-root-10276::webapp_internal::SetKey|5822:: Key pressed: TAB
2025-12-11 10:04:20,956-DEBUG-root-10276::webapp_internal::SetKey|5857:: Trying press key
2025-12-11 10:04:20,956-DEBUG-root-10276::webapp_internal::wait_element|7623:: Waiting for element
2025-12-11 10:04:20,957-WARNING-root-10276::webapp_internal::log_error|8143:: Warning log_error SetKey - Screen is not load: Message: Tried to run command without establishing a connection

2025-12-11 10:04:20,958-DEBUG-root-10276::webapp_internal::log_error|8146:: ***System Info*** in log_error():
2025-12-11 10:04:20,958-DEBUG-root-10276::psutil_info::system_info|5:: CPU USAGE: 15.5%
2025-12-11 10:04:20,958-DEBUG-root-10276::psutil_info::system_info|6:: MEMORY USAGE: 80.0%
2025-12-11 10:04:20,959-DEBUG-root-10276::psutil_info::system_info|7:: MEMORY AVAILABLE: 20.0%
2025-12-11 10:04:20,977-ERROR-root-10276::webapp_internal::log_error|8181:: Warning Log Error Close Message: Tried to run command without establishing a connection
Traceback (most recent call last):
  File "C:\TIR_TESTE\venv\Lib\site-packages\tir\technologies\core\base.py", line 501, in get_current_DOM
    self.driver.switch_to.default_content()
  File "C:\TIR_TESTE\venv\Lib\site-packages\selenium\webdriver\remote\switch_to.py", line 69, in default_content
    self._driver.execute(Command.SWITCH_TO_FRAME, {"id": None})
  File "C:\TIR_TESTE\venv\Lib\site-packages\selenium\webdriver\remote\webdriver.py", line 347, in execute
    self.error_handler.check_response(response)
  File "C:\TIR_TESTE\venv\Lib\site-packages\selenium\webdriver\remote\errorhandler.py", line 229, in check_response
    raise exception_class(message, screen, stacktrace)
selenium.common.exceptions.InvalidSessionIdException: Message: Tried to run command without establishing a connection


During handling of the above exception, another exception occurred:

Traceback (most recent call last):
  File "C:\TIR_TESTE\venv\Lib\site-packages\tir\technologies\webapp_internal.py", line 5861, in SetKey
    self.LoadGrid()
  File "C:\TIR_TESTE\venv\Lib\site-packages\tir\technologies\webapp_internal.py", line 6284, in LoadGrid
    self.wait_element(term=selector, scrap_type=enum.ScrapType.CSS_SELECTOR)
  File "C:\TIR_TESTE\venv\Lib\site-packages\tir\technologies\webapp_internal.py", line 7626, in wait_element
    while (not self.element_exists(term, scrap_type, position, optional_term, main_container, check_error, twebview, second_term) and time.time() < endtime):
               ^^^^^^^^^^^^^^^^^^^^^^^^^^^^^^^^^^^^^^^^^^^^^^^^^^^^^^^^^^^^^^^^^^^^^^^^^^^^^^^^^^^^^^^^^^^^^^^^^^^^^^^^^^^^^^^^^^
  File "C:\TIR_TESTE\venv\Lib\site-packages\tir\technologies\webapp_internal.py", line 4073, in element_exists
    soup = self.get_current_DOM(twebview=twebview)
           ^^^^^^^^^^^^^^^^^^^^^^^^^^^^^^^^^^^^^^^
  File "C:\TIR_TESTE\venv\Lib\site-packages\tir\technologies\core\base.py", line 538, in get_current_DOM
    self.driver.switch_to.default_content()
  File "C:\TIR_TESTE\venv\Lib\site-packages\selenium\webdriver\remote\switch_to.py", line 69, in default_content
    self._driver.execute(Command.SWITCH_TO_FRAME, {"id": None})
  File "C:\TIR_TESTE\venv\Lib\site-packages\selenium\webdriver\remote\webdriver.py", line 347, in execute
    self.error_handler.check_response(response)
  File "C:\TIR_TESTE\venv\Lib\site-packages\selenium\webdriver\remote\errorhandler.py", line 229, in check_response
    raise exception_class(message, screen, stacktrace)
selenium.common.exceptions.InvalidSessionIdException: Message: Tried to run command without establishing a connection


During handling of the above exception, another exception occurred:

Traceback (most recent call last):
  File "C:\TIR_TESTE\venv\Lib\site-packages\tir\technologies\webapp_internal.py", line 8179, in log_error
    self.driver.close()
  File "C:\TIR_TESTE\venv\Lib\site-packages\selenium\webdriver\remote\webdriver.py", line 458, in close
    self.execute(Command.CLOSE)
  File "C:\TIR_TESTE\venv\Lib\site-packages\selenium\webdriver\remote\webdriver.py", line 347, in execute
    self.error_handler.check_response(response)
  File "C:\TIR_TESTE\venv\Lib\site-packages\selenium\webdriver\remote\errorhandler.py", line 229, in check_response
    raise exception_class(message, screen, stacktrace)
selenium.common.exceptions.InvalidSessionIdException: Message: Tried to run command without establishing a connection

2025-12-11 10:04:21,466-ERROR-root-10276::webapp_internal::TearDown|9654:: Warning tearDown Close Message: Tried to run command without establishing a connection
Traceback (most recent call last):
  File "C:\TIR_TESTE\venv\Lib\site-packages\tir\technologies\webapp_internal.py", line 9652, in TearDown
    self.driver.close()
  File "C:\TIR_TESTE\venv\Lib\site-packages\selenium\webdriver\remote\webdriver.py", line 458, in close
    self.execute(Command.CLOSE)
  File "C:\TIR_TESTE\venv\Lib\site-packages\selenium\webdriver\remote\webdriver.py", line 347, in execute
    self.error_handler.check_response(response)
  File "C:\TIR_TESTE\venv\Lib\site-packages\selenium\webdriver\remote\errorhandler.py", line 229, in check_response
    raise exception_class(message, screen, stacktrace)
selenium.common.exceptions.InvalidSessionIdException: Message: Tried to run command without establishing a connection

