2025-12-04 09:33:53,338-DEBUG-root-13800::logging_config::logger|189:: Log file created: 'Log\GESIT03\TIR__20251204093353334.log'
2025-12-04 09:33:53,340-INFO-root-13800::base::Start|1183:: TIR Version: 2.4.3
2025-12-04 09:33:53,340-INFO-root-13800::base::Start|1184:: Python Version: 3.12.10
2025-12-04 09:33:53,340-INFO-root-13800::base::Start|1185:: Starting the browser
2025-12-04 09:34:01,491-INFO-root-13800::base::get_url|1294:: Page is ready!
2025-12-04 09:34:01,493-INFO-root-13800::base::Start|1256:: Browser maximized to 1936x1048
2025-12-04 09:34:01,493-INFO-root-13800::base::Start|1258:: Screen size is different from default used in headless mode
2025-12-04 09:34:01,930-INFO-root-13800::webapp_internal::Setup|247:: ***System Info*** in Setup():
2025-12-04 09:34:01,930-DEBUG-root-13800::psutil_info::system_info|5:: CPU USAGE: 27.3%
2025-12-04 09:34:01,931-DEBUG-root-13800::psutil_info::system_info|6:: MEMORY USAGE: 96.3%
2025-12-04 09:34:01,931-DEBUG-root-13800::psutil_info::system_info|7:: MEMORY AVAILABLE: 3.68%
2025-12-04 09:34:01,995-INFO-root-13800::base::webapp_shadowroot|1394:: Webapp: 10.1.6-RC4
2025-12-04 09:34:02,127-INFO-root-13800::webapp_internal::filling_initial_program|449:: Filling Initial Program: "SIGAMDI"
2025-12-04 09:34:02,128-DEBUG-root-13800::webapp_internal::wait_element|7623:: Waiting for element
2025-12-04 09:34:02,152-DEBUG-root-13800::webapp_internal::wait_element|7653:: Element found! Waiting for element to be displayed.
2025-12-04 09:34:02,299-DEBUG-root-13800::base::click|192:: Click Type: ClickType.JS
2025-12-04 09:34:02,330-DEBUG-root-13800::webapp_internal::try_send_keys|7976:: Trying to send keys to element using technique 0
2025-12-04 09:34:03,116-DEBUG-root-13800::webapp_internal::get_web_value|3232:: Current value: SIGAMDI
2025-12-04 09:34:03,117-INFO-root-13800::webapp_internal::filling_server_environment|463:: Filling Server Environment: "POUPEX_TST"
2025-12-04 09:34:03,117-DEBUG-root-13800::webapp_internal::wait_element|7623:: Waiting for element
2025-12-04 09:34:03,223-DEBUG-root-13800::webapp_internal::wait_element|7653:: Element found! Waiting for element to be displayed.
2025-12-04 09:34:03,381-DEBUG-root-13800::base::click|192:: Click Type: ClickType.JS
2025-12-04 09:34:03,386-DEBUG-root-13800::webapp_internal::try_send_keys|7976:: Trying to send keys to element using technique 0
2025-12-04 09:34:03,725-DEBUG-root-13800::webapp_internal::get_web_value|3232:: Current value: POUPEX_TST
2025-12-04 09:34:03,770-DEBUG-root-13800::base::click|192:: Click Type: ClickType.JS
2025-12-04 09:34:03,832-DEBUG-root-13800::webapp_internal::user_screen|519:: Filling user screen
2025-12-04 09:34:10,040-DEBUG-root-13800::webapp_internal::wait_element_timeout|7726:: Element found! Waiting for element to be displayed.
2025-12-04 09:34:10,088-DEBUG-root-13800::base::scroll_to_element|759:: ********Warining scroll_to_element exception: Message: TypeError: can't access property "scrollIntoView", arguments[0] is null
Stacktrace:
@https://qasrverp:10020/webapp/:2:7
@https://qasrverp:10020/webapp/:3:8
*********
2025-12-04 09:34:10,223-INFO-root-13800::webapp_internal::user_screen|561:: Filling User
2025-12-04 09:34:10,246-DEBUG-root-13800::base::double_click|259:: Click Type: ClickType.SELENIUM
2025-12-04 09:34:10,430-DEBUG-root-13800::webapp_internal::get_web_value|3232:: Current value: 97137227104
2025-12-04 09:34:10,454-INFO-root-13800::webapp_internal::user_screen|621:: Filling Password
2025-12-04 09:34:10,472-DEBUG-root-13800::base::click|192:: Click Type: ClickType.JS
2025-12-04 09:34:10,544-DEBUG-root-13800::webapp_internal::get_web_value|3232:: Current value: Val20221080080094+
2025-12-04 09:34:10,544-DEBUG-root-13800::webapp_internal::wait_blocker|2444:: Waiting blocker to continue...
2025-12-04 09:34:10,572-DEBUG-root-13800::webapp_internal::wait_blocker|2469:: Blocker status: None
2025-12-04 09:34:10,599-DEBUG-root-13800::webapp_internal::wait_blocker|2444:: Waiting blocker to continue...
2025-12-04 09:34:10,628-DEBUG-root-13800::webapp_internal::wait_blocker|2469:: Blocker status: None
2025-12-04 09:34:10,659-DEBUG-root-13800::webapp_internal::wait_blocker|2444:: Waiting blocker to continue...
2025-12-04 09:34:10,686-DEBUG-root-13800::webapp_internal::wait_blocker|2469:: Blocker status: None
2025-12-04 09:34:10,686-DEBUG-root-13800::webapp_internal::send_action|10480:: Trying to send action
2025-12-04 09:34:10,692-DEBUG-root-13800::base::click|192:: Click Type: ClickType.JS
2025-12-04 09:34:11,739-DEBUG-root-13800::webapp_internal::send_action|10522:: send_action method result = True
2025-12-04 09:34:11,739-DEBUG-root-13800::webapp_internal::send_action|10523:: send_action selenium status: False
2025-12-04 09:34:14,172-DEBUG-root-13800::base::scroll_to_element|759:: ********Warining scroll_to_element exception: Message: TypeError: can't access property "scrollIntoView", arguments[0] is null
Stacktrace:
@https://qasrverp:10020/webapp/:2:7
@https://qasrverp:10020/webapp/:3:8
*********
2025-12-04 09:34:14,222-INFO-root-13800::webapp_internal::filling_date|885:: Filling Date: "04/11/2025"
2025-12-04 09:34:14,222-DEBUG-root-13800::webapp_internal::wait_blocker|2444:: Waiting blocker to continue...
2025-12-04 09:34:14,266-DEBUG-root-13800::webapp_internal::wait_blocker|2469:: Blocker status: None
2025-12-04 09:34:14,271-DEBUG-root-13800::base::click|192:: Click Type: ClickType.JS
2025-12-04 09:34:14,292-DEBUG-root-13800::webapp_internal::try_send_keys|7976:: Trying to send keys to element using technique 1
2025-12-04 09:34:14,372-DEBUG-root-13800::webapp_internal::get_web_value|3232:: Current value: 04/11/2025
2025-12-04 09:34:15,460-INFO-root-13800::webapp_internal::filling_group|955:: Filling Group: "02"
2025-12-04 09:34:15,460-DEBUG-root-13800::webapp_internal::wait_blocker|2444:: Waiting blocker to continue...
2025-12-04 09:34:15,492-DEBUG-root-13800::webapp_internal::wait_blocker|2469:: Blocker status: None
2025-12-04 09:34:15,496-DEBUG-root-13800::base::click|192:: Click Type: ClickType.JS
2025-12-04 09:34:15,540-DEBUG-root-13800::webapp_internal::get_web_value|3232:: Current value: 02
2025-12-04 09:34:16,608-INFO-root-13800::webapp_internal::filling_branch|1047:: Filling Branch: "02DF0001"
2025-12-04 09:34:16,608-DEBUG-root-13800::webapp_internal::wait_blocker|2444:: Waiting blocker to continue...
2025-12-04 09:34:16,643-DEBUG-root-13800::webapp_internal::wait_blocker|2469:: Blocker status: None
2025-12-04 09:34:16,646-DEBUG-root-13800::base::click|192:: Click Type: ClickType.JS
2025-12-04 09:34:16,711-DEBUG-root-13800::webapp_internal::get_web_value|3232:: Current value: 02DF0001
2025-12-04 09:34:17,802-INFO-root-13800::webapp_internal::filling_environment|1113:: Filling Environment: "07"
2025-12-04 09:34:17,802-DEBUG-root-13800::webapp_internal::wait_blocker|2444:: Waiting blocker to continue...
2025-12-04 09:34:17,838-DEBUG-root-13800::webapp_internal::wait_blocker|2469:: Blocker status: None
2025-12-04 09:34:17,842-DEBUG-root-13800::base::click|192:: Click Type: ClickType.JS
2025-12-04 09:34:17,890-DEBUG-root-13800::webapp_internal::get_web_value|3232:: Current value: 07
2025-12-04 09:34:18,900-DEBUG-root-13800::webapp_internal::close_warning_screen|1489:: Closing warning screen!
2025-12-04 09:34:19,940-DEBUG-root-13800::webapp_internal::check_screen_element|1291:: Checking screen element: "Atenção": False
2025-12-04 09:34:21,044-INFO-root-13800::webapp_internal::environment_screen|796:: Clicking on Button
2025-12-04 09:34:21,044-DEBUG-root-13800::webapp_internal::wait_blocker|2444:: Waiting blocker to continue...
2025-12-04 09:34:21,077-DEBUG-root-13800::webapp_internal::wait_blocker|2469:: Blocker status: None
2025-12-04 09:34:21,080-DEBUG-root-13800::base::click|192:: Click Type: ClickType.JS
2025-12-04 09:34:22,087-DEBUG-root-13800::base::click|192:: Click Type: ClickType.JS
2025-12-04 09:34:23,096-DEBUG-root-13800::base::click|192:: Click Type: ClickType.JS
2025-12-04 09:34:24,102-DEBUG-root-13800::base::click|192:: Click Type: ClickType.JS
2025-12-04 09:34:25,111-DEBUG-root-13800::base::click|192:: Click Type: ClickType.JS
2025-12-04 09:34:26,119-DEBUG-root-13800::base::click|192:: Click Type: ClickType.JS
2025-12-04 09:34:27,126-DEBUG-root-13800::webapp_internal::close_screen_before_menu|368:: Closing screen before the menu
2025-12-04 09:34:27,179-DEBUG-root-13800::webapp_internal::close_warning_screen|1489:: Closing warning screen!
2025-12-04 09:34:28,240-DEBUG-root-13800::webapp_internal::check_screen_element|1291:: Checking screen element: "Atenção": False
2025-12-04 09:34:28,241-DEBUG-root-13800::webapp_internal::close_coin_screen|1424:: Closing coin screen!
2025-12-04 09:34:28,808-DEBUG-root-13800::base::click|192:: Click Type: ClickType.JS
2025-12-04 09:34:28,891-DEBUG-root-13800::webapp_internal::close_warning_screen|1489:: Closing warning screen!
2025-12-04 09:34:29,939-DEBUG-root-13800::webapp_internal::check_screen_element|1291:: Checking screen element: "Atenção": False
2025-12-04 09:34:29,939-DEBUG-root-13800::webapp_internal::close_coin_screen|1424:: Closing coin screen!
2025-12-04 09:34:30,044-INFO-root-13800::webapp_internal::set_log_info|1623:: Getting log info
2025-12-04 09:34:30,044-INFO-root-13800::webapp_internal::SetLateralMenu|4184:: Navigating lateral menu: Ajuda > Sobre
2025-12-04 09:34:30,054-DEBUG-root-13800::webapp_internal::wait_element|7623:: Waiting for element
2025-12-04 09:34:30,091-DEBUG-root-13800::webapp_internal::wait_element|7653:: Element found! Waiting for element to be displayed.
2025-12-04 09:34:30,258-INFO-root-13800::webapp_internal::SetLateralMenu|4203:: Menu item: "Ajuda"
2025-12-04 09:34:30,258-DEBUG-root-13800::webapp_internal::wait_blocker|2444:: Waiting blocker to continue...
2025-12-04 09:34:30,352-DEBUG-root-13800::webapp_internal::wait_blocker|2469:: Blocker status: False
2025-12-04 09:34:30,708-DEBUG-root-13800::webapp_internal::wait_element_timeout|7726:: Element found! Waiting for element to be displayed.
2025-12-04 09:34:30,999-DEBUG-root-13800::webapp_internal::wait_blocker|2444:: Waiting blocker to continue...
2025-12-04 09:34:31,061-DEBUG-root-13800::webapp_internal::wait_blocker|2469:: Blocker status: False
2025-12-04 09:34:33,356-INFO-root-13800::webapp_internal::SetLateralMenu|4203:: Menu item: "Sobre"
2025-12-04 09:34:33,356-DEBUG-root-13800::webapp_internal::wait_blocker|2444:: Waiting blocker to continue...
2025-12-04 09:34:33,419-DEBUG-root-13800::webapp_internal::wait_blocker|2469:: Blocker status: False
2025-12-04 09:34:33,827-DEBUG-root-13800::webapp_internal::wait_element_timeout|7726:: Element found! Waiting for element to be displayed.
2025-12-04 09:34:34,211-DEBUG-root-13800::webapp_internal::wait_blocker|2444:: Waiting blocker to continue...
2025-12-04 09:34:34,276-DEBUG-root-13800::webapp_internal::wait_blocker|2469:: Blocker status: False
2025-12-04 09:34:36,918-DEBUG-root-13800::webapp_internal::wait_blocker|2444:: Waiting blocker to continue...
2025-12-04 09:34:36,989-DEBUG-root-13800::webapp_internal::wait_blocker|2469:: Blocker status: False
2025-12-04 09:34:37,055-DEBUG-root-13800::webapp_internal::wait_element|7623:: Waiting for element
2025-12-04 09:34:37,096-DEBUG-root-13800::webapp_internal::wait_element|7653:: Element found! Waiting for element to be displayed.
2025-12-04 09:34:37,267-INFO-root-13800::webapp_internal::SetButton|4444:: Clicking on Fechar
2025-12-04 09:34:37,267-DEBUG-root-13800::webapp_internal::wait_blocker|2444:: Waiting blocker to continue...
2025-12-04 09:34:37,339-DEBUG-root-13800::webapp_internal::wait_blocker|2469:: Blocker status: False
2025-12-04 09:34:37,517-DEBUG-root-13800::webapp_internal::wait_element_timeout|7726:: Element found! Waiting for element to be displayed.
2025-12-04 09:34:37,588-DEBUG-root-13800::webapp_internal::SetButton|4481:: ***System Info*** Before Clicking on button:Fechar
2025-12-04 09:34:37,588-DEBUG-root-13800::psutil_info::system_info|5:: CPU USAGE: 10.7%
2025-12-04 09:34:37,590-DEBUG-root-13800::psutil_info::system_info|6:: MEMORY USAGE: 95.8%
2025-12-04 09:34:37,590-DEBUG-root-13800::psutil_info::system_info|7:: MEMORY AVAILABLE: 4.21%
2025-12-04 09:34:37,754-DEBUG-root-13800::webapp_internal::wait_element_timeout|7726:: Element found! Waiting for element to be displayed.
2025-12-04 09:34:37,863-DEBUG-root-13800::webapp_internal::wait_blocker|2444:: Waiting blocker to continue...
2025-12-04 09:34:37,933-DEBUG-root-13800::webapp_internal::wait_blocker|2469:: Blocker status: False
2025-12-04 09:34:37,951-DEBUG-root-13800::webapp_internal::wait_blocker|2444:: Waiting blocker to continue...
2025-12-04 09:34:38,031-DEBUG-root-13800::webapp_internal::wait_blocker|2469:: Blocker status: False
2025-12-04 09:34:38,031-DEBUG-root-13800::webapp_internal::send_action|10480:: Trying to send action
2025-12-04 09:34:38,033-DEBUG-root-13800::base::click|192:: Click Type: ClickType.JS
2025-12-04 09:34:39,069-DEBUG-root-13800::webapp_internal::send_action|10522:: send_action method result = True
2025-12-04 09:34:39,070-DEBUG-root-13800::webapp_internal::send_action|10523:: send_action selenium status: False
2025-12-04 09:34:39,070-DEBUG-root-13800::webapp_internal::SetButton|4683:: ***System Info*** After Clicking on button:
2025-12-04 09:34:39,070-DEBUG-root-13800::psutil_info::system_info|5:: CPU USAGE: 8.8%
2025-12-04 09:34:39,070-DEBUG-root-13800::psutil_info::system_info|6:: MEMORY USAGE: 95.7%
2025-12-04 09:34:39,071-DEBUG-root-13800::psutil_info::system_info|7:: MEMORY AVAILABLE: 4.34%
2025-12-04 09:34:39,071-DEBUG-root-13800::webapp_internal::wait_element|7623:: Waiting for element
2025-12-04 09:34:39,181-INFO-root-13800::webapp_internal::SetLateralMenu|4184:: Navigating lateral menu: Atualizações > Especificos > Tipo de Convenio
2025-12-04 09:34:39,192-DEBUG-root-13800::webapp_internal::wait_element|7623:: Waiting for element
2025-12-04 09:34:39,233-DEBUG-root-13800::webapp_internal::wait_element|7653:: Element found! Waiting for element to be displayed.
2025-12-04 09:34:39,394-INFO-root-13800::webapp_internal::SetLateralMenu|4203:: Menu item: "Atualizações"
2025-12-04 09:34:39,394-DEBUG-root-13800::webapp_internal::wait_blocker|2444:: Waiting blocker to continue...
2025-12-04 09:34:39,456-DEBUG-root-13800::webapp_internal::wait_blocker|2469:: Blocker status: False
2025-12-04 09:34:39,911-DEBUG-root-13800::webapp_internal::wait_element_timeout|7726:: Element found! Waiting for element to be displayed.
2025-12-04 09:34:40,287-DEBUG-root-13800::webapp_internal::wait_blocker|2444:: Waiting blocker to continue...
2025-12-04 09:34:40,357-DEBUG-root-13800::webapp_internal::wait_blocker|2469:: Blocker status: False
2025-12-04 09:34:42,667-INFO-root-13800::webapp_internal::SetLateralMenu|4203:: Menu item: "Especificos"
2025-12-04 09:34:42,667-DEBUG-root-13800::webapp_internal::wait_blocker|2444:: Waiting blocker to continue...
2025-12-04 09:34:42,792-DEBUG-root-13800::webapp_internal::wait_blocker|2469:: Blocker status: False
2025-12-04 09:34:43,564-DEBUG-root-13800::webapp_internal::wait_element_timeout|7726:: Element found! Waiting for element to be displayed.
2025-12-04 09:34:44,314-DEBUG-root-13800::webapp_internal::wait_blocker|2444:: Waiting blocker to continue...
2025-12-04 09:34:44,407-DEBUG-root-13800::webapp_internal::wait_blocker|2469:: Blocker status: False
2025-12-04 09:34:46,702-INFO-root-13800::webapp_internal::SetLateralMenu|4203:: Menu item: "Tipo de Convenio"
2025-12-04 09:34:46,702-DEBUG-root-13800::webapp_internal::wait_blocker|2444:: Waiting blocker to continue...
2025-12-04 09:34:46,815-DEBUG-root-13800::webapp_internal::wait_blocker|2469:: Blocker status: False
2025-12-04 09:34:48,411-DEBUG-root-13800::webapp_internal::wait_element_timeout|7726:: Element found! Waiting for element to be displayed.
2025-12-04 09:34:49,983-DEBUG-root-13800::webapp_internal::wait_blocker|2444:: Waiting blocker to continue...
2025-12-04 09:34:50,120-DEBUG-root-13800::webapp_internal::wait_blocker|2469:: Blocker status: False
2025-12-04 09:34:54,846-DEBUG-root-13800::webapp_internal::wait_blocker|2444:: Waiting blocker to continue...
2025-12-04 09:34:54,969-DEBUG-root-13800::webapp_internal::wait_blocker|2469:: Blocker status: False
2025-12-04 09:34:55,080-INFO-root-13800::webapp_internal::WaitShow|4980:: Waiting show text 'Este ambiente utiliza base de Homologação.'...
2025-12-04 09:35:02,010-DEBUG-root-13800::log::checks_empty_line|221:: Checking empty default log info
2025-12-04 09:35:02,014-DEBUG-root-13800::log::generate_log|503:: Json log_data: {'cLogDtExec': '04/12/2025 09:35:02', 'cLogNomUsr': '97137227104', 'cLogNomEst': 'GESIT03', 'cLogProgra': None, 'cLogDtProg': '', 'cLogHrProg': '', 'nLogCtsOk': 1, 'nLogCtsNok': 0, 'nLogCtsSeg': 68.8, 'cLogVersao': '12', 'cLogReleas': '12.1.2410', 'nLogCtsErr': '', 'cLogBancod': 'ORACLE', 'cLogIdenti': '', 'cLogIdExec': '20251204', 'cLogPais': 'BRA', 'cLogTool': 'TIR', 'cLogSequen': '63cb66', 'nLogCtsTot': 1, 'cLogDtExea': '04/12/2025', 'cLogHrExea': '09:35:02', 'cLogArea': 'Desenvolvimento', 'cLogMnExec': 1.1466666666666667}
2025-12-04 09:35:02,014-INFO-root-13800::log::send_log_with_retries|515:: Saving log locally.
2025-12-04 09:35:02,014-INFO-root-13800::log::save_log_locally|548:: [FwSendLog]: Não foi possível enviar o log após todas as tentativas.
2025-12-04 09:35:02,015-INFO-root-13800::log::save_log_locally|555:: [FwSendLog]: Log salvo localmente em C:\TIR_TESTE\1764851702.json.
2025-12-04 09:35:02,015-INFO-root-13800::webapp_internal::WaitShow|4980:: Waiting show text 'Moedas'...
2025-12-04 09:35:07,288-INFO-root-13800::webapp_internal::WaitShow|4980:: Waiting show text 'Tipos de Convênios'...
2025-12-04 09:35:07,390-INFO-root-13800::webapp_internal::WaitShow|4996:: Text found! 
2025-12-04 09:35:07,390-INFO-root-13800::webapp_internal::SetButton|4444:: Clicking on Incluir
2025-12-04 09:35:07,390-DEBUG-root-13800::webapp_internal::wait_blocker|2444:: Waiting blocker to continue...
2025-12-04 09:35:07,501-DEBUG-root-13800::webapp_internal::wait_blocker|2469:: Blocker status: False
2025-12-04 09:35:07,888-DEBUG-root-13800::webapp_internal::wait_element_timeout|7726:: Element found! Waiting for element to be displayed.
2025-12-04 09:35:08,208-DEBUG-root-13800::webapp_internal::SetButton|4481:: ***System Info*** Before Clicking on button:Incluir
2025-12-04 09:35:08,208-DEBUG-root-13800::psutil_info::system_info|5:: CPU USAGE: 13.4%
2025-12-04 09:35:08,209-DEBUG-root-13800::psutil_info::system_info|6:: MEMORY USAGE: 92.2%
2025-12-04 09:35:08,209-DEBUG-root-13800::psutil_info::system_info|7:: MEMORY AVAILABLE: 7.82%
2025-12-04 09:35:08,572-DEBUG-root-13800::webapp_internal::wait_element_timeout|7726:: Element found! Waiting for element to be displayed.
2025-12-04 09:35:08,892-DEBUG-root-13800::webapp_internal::wait_blocker|2444:: Waiting blocker to continue...
2025-12-04 09:35:09,002-DEBUG-root-13800::webapp_internal::wait_blocker|2469:: Blocker status: False
2025-12-04 09:35:09,035-DEBUG-root-13800::webapp_internal::wait_blocker|2444:: Waiting blocker to continue...
2025-12-04 09:35:09,139-DEBUG-root-13800::webapp_internal::wait_blocker|2469:: Blocker status: False
2025-12-04 09:35:09,139-DEBUG-root-13800::webapp_internal::send_action|10480:: Trying to send action
2025-12-04 09:35:09,141-DEBUG-root-13800::base::click|192:: Click Type: ClickType.JS
2025-12-04 09:35:10,199-DEBUG-root-13800::webapp_internal::send_action|10522:: send_action method result = True
2025-12-04 09:35:10,199-DEBUG-root-13800::webapp_internal::send_action|10523:: send_action selenium status: False
2025-12-04 09:35:10,200-DEBUG-root-13800::webapp_internal::SetButton|4683:: ***System Info*** After Clicking on button:
2025-12-04 09:35:10,200-DEBUG-root-13800::psutil_info::system_info|5:: CPU USAGE: 13.3%
2025-12-04 09:35:10,200-DEBUG-root-13800::psutil_info::system_info|6:: MEMORY USAGE: 92.5%
2025-12-04 09:35:10,201-DEBUG-root-13800::psutil_info::system_info|7:: MEMORY AVAILABLE: 7.48%
2025-12-04 09:35:10,201-INFO-root-13800::webapp_internal::WaitShow|4980:: Waiting show text 'Tipos de Convenios - INCLUIR'...
2025-12-04 09:35:10,339-INFO-root-13800::webapp_internal::WaitShow|4996:: Text found! 
2025-12-04 09:35:10,339-DEBUG-root-13800::webapp_internal::SetFocus|6011:: Setting focus on element ZD_DESCONV.
2025-12-04 09:35:10,491-DEBUG-root-13800::base::click|192:: Click Type: ClickType.SELENIUM
2025-12-04 09:35:10,558-DEBUG-root-13800::webapp_internal::wait_blocker|2444:: Waiting blocker to continue...
2025-12-04 09:35:10,690-DEBUG-root-13800::webapp_internal::wait_blocker|2469:: Blocker status: False
2025-12-04 09:35:10,691-DEBUG-root-13800::webapp_internal::wait_element|7623:: Waiting for element
2025-12-04 09:35:10,765-DEBUG-root-13800::webapp_internal::wait_element|7653:: Element found! Waiting for element to be displayed.
2025-12-04 09:35:10,831-INFO-root-13800::webapp_internal::input_value|2941:: Looking for element: ZD_DESCONV
2025-12-04 09:35:10,949-INFO-root-13800::webapp_internal::input_value|2951:: Element: ZD_DESCONV Found!
2025-12-04 09:35:10,949-INFO-root-13800::webapp_internal::input_value|2953:: Filling element: ZD_DESCONV
2025-12-04 09:35:10,981-DEBUG-root-13800::webapp_internal::get_web_value|3232:: Current value:                                                             
2025-12-04 09:35:11,020-DEBUG-root-13800::base::double_click|259:: Click Type: ClickType.SELENIUM
2025-12-04 09:35:11,272-DEBUG-root-13800::webapp_internal::wait_blocker|2444:: Waiting blocker to continue...
2025-12-04 09:35:11,396-DEBUG-root-13800::webapp_internal::wait_blocker|2469:: Blocker status: False
2025-12-04 09:35:11,737-DEBUG-root-13800::webapp_internal::get_web_value|3232:: Current value: TESTE INCLUSAO 01                                           
2025-12-04 09:35:11,737-INFO-root-13800::webapp_internal::input_value|3059:: Current field value: TESTE INCLUSAO 01
2025-12-04 09:35:11,763-DEBUG-root-13800::webapp_internal::wait_blocker|2444:: Waiting blocker to continue...
2025-12-04 09:35:11,896-DEBUG-root-13800::webapp_internal::wait_blocker|2469:: Blocker status: False
2025-12-04 09:35:11,896-INFO-root-13800::webapp_internal::SetKey|5822:: Key pressed: TAB
2025-12-04 09:35:11,896-DEBUG-root-13800::webapp_internal::SetKey|5857:: Trying press key
2025-12-04 09:35:13,900-DEBUG-root-13800::webapp_internal::wait_blocker|2444:: Waiting blocker to continue...
2025-12-04 09:35:14,024-DEBUG-root-13800::webapp_internal::wait_blocker|2469:: Blocker status: False
2025-12-04 09:35:14,051-DEBUG-root-13800::webapp_internal::wait_blocker|2444:: Waiting blocker to continue...
2025-12-04 09:35:14,196-DEBUG-root-13800::webapp_internal::wait_blocker|2469:: Blocker status: False
2025-12-04 09:35:14,196-DEBUG-root-13800::webapp_internal::send_action|10480:: Trying to send action
2025-12-04 09:35:15,234-DEBUG-root-13800::webapp_internal::send_action|10522:: send_action method result = True
2025-12-04 09:35:15,234-DEBUG-root-13800::webapp_internal::send_action|10523:: send_action selenium status: False
2025-12-04 09:35:15,234-DEBUG-root-13800::webapp_internal::wait_blocker|2444:: Waiting blocker to continue...
2025-12-04 09:35:15,399-DEBUG-root-13800::webapp_internal::wait_blocker|2469:: Blocker status: False
2025-12-04 09:35:15,399-DEBUG-root-13800::webapp_internal::wait_element|7623:: Waiting for element
2025-12-04 09:35:15,472-DEBUG-root-13800::webapp_internal::wait_element|7653:: Element found! Waiting for element to be displayed.
2025-12-04 09:35:15,545-INFO-root-13800::webapp_internal::input_value|2941:: Looking for element: ZD_TPMOV
2025-12-04 09:35:15,665-INFO-root-13800::webapp_internal::input_value|2951:: Element: ZD_TPMOV Found!
2025-12-04 09:35:15,665-INFO-root-13800::webapp_internal::input_value|2953:: Filling element: ZD_TPMOV
2025-12-04 09:35:16,889-INFO-root-13800::base::select_combo|871:: Selected value for combo is: 1 - Titular
2025-12-04 09:35:16,937-DEBUG-root-13800::webapp_internal::wait_blocker|2444:: Waiting blocker to continue...
2025-12-04 09:35:17,057-DEBUG-root-13800::webapp_internal::wait_blocker|2469:: Blocker status: False
2025-12-04 09:35:17,057-DEBUG-root-13800::webapp_internal::wait_element|7623:: Waiting for element
2025-12-04 09:35:17,131-DEBUG-root-13800::webapp_internal::wait_element|7653:: Element found! Waiting for element to be displayed.
2025-12-04 09:35:17,192-INFO-root-13800::webapp_internal::input_value|2941:: Looking for element: ZD_TPALTSA
2025-12-04 09:35:17,313-INFO-root-13800::webapp_internal::input_value|2951:: Element: ZD_TPALTSA Found!
2025-12-04 09:35:17,313-INFO-root-13800::webapp_internal::input_value|2953:: Filling element: ZD_TPALTSA
2025-12-04 09:35:17,338-DEBUG-root-13800::webapp_internal::get_web_value|3232:: Current value:    
2025-12-04 09:35:17,373-DEBUG-root-13800::base::double_click|259:: Click Type: ClickType.SELENIUM
2025-12-04 09:35:17,636-DEBUG-root-13800::webapp_internal::wait_blocker|2444:: Waiting blocker to continue...
2025-12-04 09:35:17,759-DEBUG-root-13800::webapp_internal::wait_blocker|2469:: Blocker status: False
2025-12-04 09:35:18,084-DEBUG-root-13800::webapp_internal::get_web_value|3232:: Current value: 003
2025-12-04 09:35:18,084-INFO-root-13800::webapp_internal::input_value|3059:: Current field value: 003
2025-12-04 09:35:18,092-INFO-root-13800::webapp_internal::WaitShow|4980:: Waiting show text 'Histórico'...
2025-12-04 09:35:19,858-INFO-root-13800::webapp_internal::WaitShow|4996:: Text found! 
2025-12-04 09:35:19,859-DEBUG-root-13800::webapp_internal::wait_blocker|2444:: Waiting blocker to continue...
2025-12-04 09:35:19,980-DEBUG-root-13800::webapp_internal::wait_blocker|2469:: Blocker status: False
2025-12-04 09:35:19,980-INFO-root-13800::webapp_internal::SetKey|5822:: Key pressed: TAB
2025-12-04 09:35:19,981-DEBUG-root-13800::webapp_internal::SetKey|5857:: Trying press key
2025-12-04 09:35:19,981-DEBUG-root-13800::webapp_internal::wait_element|7623:: Waiting for element
2025-12-04 09:35:20,054-DEBUG-root-13800::webapp_internal::wait_element|7653:: Element found! Waiting for element to be displayed.
2025-12-04 09:35:20,273-DEBUG-root-13800::webapp_internal::wait_blocker|2444:: Waiting blocker to continue...
2025-12-04 09:35:20,397-DEBUG-root-13800::webapp_internal::wait_blocker|2469:: Blocker status: False
2025-12-04 09:35:20,398-INFO-root-13800::webapp_internal::LoadGrid|6298:: Filling grid field: Vlr Dependen
2025-12-04 09:35:20,398-DEBUG-root-13800::webapp_internal::fill_grid|6399:: Grid loading...
2025-12-04 09:35:20,517-DEBUG-root-13800::webapp_internal::fill_grid|6466:: Column found!
2025-12-04 09:35:20,553-DEBUG-root-13800::base::click|192:: Click Type: ClickType.ACTIONCHAINS
2025-12-04 09:35:25,979-DEBUG-root-13800::webapp_internal::fill_grid|6498:: Trying open cell in grid!
2025-12-04 09:35:26,268-DEBUG-root-13800::webapp_internal::wait_blocker|2444:: Waiting blocker to continue...
2025-12-04 09:35:26,402-DEBUG-root-13800::webapp_internal::wait_blocker|2469:: Blocker status: False
2025-12-04 09:35:26,589-DEBUG-root-13800::webapp_internal::wait_element_timeout|7726:: Element found! Waiting for element to be displayed.
2025-12-04 09:35:26,768-DEBUG-root-13800::base::click|192:: Click Type: ClickType.JS
2025-12-04 09:35:26,941-DEBUG-root-13800::webapp_internal::fill_grid|6577:: Sending keys: 128
2025-12-04 09:35:27,234-DEBUG-root-13800::webapp_internal::wait_blocker|2444:: Waiting blocker to continue...
2025-12-04 09:35:27,358-DEBUG-root-13800::webapp_internal::wait_blocker|2469:: Blocker status: False
2025-12-04 09:35:27,514-DEBUG-root-13800::webapp_internal::wait_element_timeout|7726:: Element found! Waiting for element to be displayed.
2025-12-04 09:35:27,788-DEBUG-root-13800::webapp_internal::fill_grid|6466:: Column found!
2025-12-04 09:35:27,824-DEBUG-root-13800::base::click|192:: Click Type: ClickType.ACTIONCHAINS
2025-12-04 09:35:33,274-DEBUG-root-13800::webapp_internal::fill_grid|6498:: Trying open cell in grid!
2025-12-04 09:35:33,564-DEBUG-root-13800::webapp_internal::wait_blocker|2444:: Waiting blocker to continue...
2025-12-04 09:35:33,696-DEBUG-root-13800::webapp_internal::wait_blocker|2469:: Blocker status: False
2025-12-04 09:35:33,881-DEBUG-root-13800::webapp_internal::wait_element_timeout|7726:: Element found! Waiting for element to be displayed.
2025-12-04 09:35:34,058-DEBUG-root-13800::base::click|192:: Click Type: ClickType.JS
2025-12-04 09:35:34,240-DEBUG-root-13800::webapp_internal::fill_grid|6577:: Sending keys: 128
2025-12-04 09:35:34,524-DEBUG-root-13800::webapp_internal::wait_blocker|2444:: Waiting blocker to continue...
2025-12-04 09:35:34,653-DEBUG-root-13800::webapp_internal::wait_blocker|2469:: Blocker status: False
2025-12-04 09:35:34,806-DEBUG-root-13800::webapp_internal::wait_element_timeout|7726:: Element found! Waiting for element to be displayed.
2025-12-04 09:35:35,122-DEBUG-root-13800::webapp_internal::fill_grid|6466:: Column found!
2025-12-04 09:35:35,157-DEBUG-root-13800::base::click|192:: Click Type: ClickType.ACTIONCHAINS
2025-12-04 09:35:40,621-DEBUG-root-13800::webapp_internal::fill_grid|6498:: Trying open cell in grid!
2025-12-04 09:35:40,908-DEBUG-root-13800::webapp_internal::wait_blocker|2444:: Waiting blocker to continue...
2025-12-04 09:35:41,053-DEBUG-root-13800::webapp_internal::wait_blocker|2469:: Blocker status: False
2025-12-04 09:35:41,234-DEBUG-root-13800::webapp_internal::wait_element_timeout|7726:: Element found! Waiting for element to be displayed.
2025-12-04 09:35:41,400-DEBUG-root-13800::base::click|192:: Click Type: ClickType.JS
2025-12-04 09:35:41,600-DEBUG-root-13800::webapp_internal::fill_grid|6577:: Sending keys: 128
2025-12-04 09:35:41,903-DEBUG-root-13800::webapp_internal::wait_blocker|2444:: Waiting blocker to continue...
2025-12-04 09:35:42,024-DEBUG-root-13800::webapp_internal::wait_blocker|2469:: Blocker status: False
2025-12-04 09:35:42,180-DEBUG-root-13800::webapp_internal::wait_element_timeout|7726:: Element found! Waiting for element to be displayed.
2025-12-04 09:35:42,458-DEBUG-root-13800::webapp_internal::fill_grid|6466:: Column found!
2025-12-04 09:35:42,499-DEBUG-root-13800::base::click|192:: Click Type: ClickType.ACTIONCHAINS
2025-12-04 09:35:47,822-DEBUG-root-13800::webapp_internal::fill_grid|6498:: Trying open cell in grid!
2025-12-04 09:35:48,104-DEBUG-root-13800::webapp_internal::wait_blocker|2444:: Waiting blocker to continue...
2025-12-04 09:35:48,272-DEBUG-root-13800::webapp_internal::wait_blocker|2469:: Blocker status: False
2025-12-04 09:35:48,501-DEBUG-root-13800::webapp_internal::wait_element_timeout|7726:: Element found! Waiting for element to be displayed.
2025-12-04 09:35:48,658-DEBUG-root-13800::base::click|192:: Click Type: ClickType.JS
2025-12-04 09:35:48,836-DEBUG-root-13800::webapp_internal::fill_grid|6577:: Sending keys: 128
2025-12-04 09:35:49,133-DEBUG-root-13800::webapp_internal::wait_blocker|2444:: Waiting blocker to continue...
2025-12-04 09:35:49,262-DEBUG-root-13800::webapp_internal::wait_blocker|2469:: Blocker status: False
2025-12-04 09:35:49,414-DEBUG-root-13800::webapp_internal::wait_element_timeout|7726:: Element found! Waiting for element to be displayed.
2025-12-04 09:35:49,686-DEBUG-root-13800::webapp_internal::fill_grid|6466:: Column found!
2025-12-04 09:35:49,724-DEBUG-root-13800::base::click|192:: Click Type: ClickType.ACTIONCHAINS
2025-12-04 09:35:55,153-DEBUG-root-13800::webapp_internal::fill_grid|6498:: Trying open cell in grid!
2025-12-04 09:35:55,437-DEBUG-root-13800::webapp_internal::wait_blocker|2444:: Waiting blocker to continue...
2025-12-04 09:35:55,599-DEBUG-root-13800::webapp_internal::wait_blocker|2469:: Blocker status: False
2025-12-04 09:35:55,785-DEBUG-root-13800::webapp_internal::wait_element_timeout|7726:: Element found! Waiting for element to be displayed.
2025-12-04 09:35:55,940-DEBUG-root-13800::base::click|192:: Click Type: ClickType.JS
2025-12-04 09:35:56,155-DEBUG-root-13800::webapp_internal::fill_grid|6577:: Sending keys: 128
2025-12-04 09:35:56,447-DEBUG-root-13800::webapp_internal::wait_blocker|2444:: Waiting blocker to continue...
2025-12-04 09:35:56,564-DEBUG-root-13800::webapp_internal::wait_blocker|2469:: Blocker status: False
2025-12-04 09:35:56,718-DEBUG-root-13800::webapp_internal::wait_element_timeout|7726:: Element found! Waiting for element to be displayed.
2025-12-04 09:35:56,989-DEBUG-root-13800::webapp_internal::fill_grid|6466:: Column found!
2025-12-04 09:35:57,022-DEBUG-root-13800::base::click|192:: Click Type: ClickType.ACTIONCHAINS
2025-12-04 09:36:02,356-DEBUG-root-13800::webapp_internal::fill_grid|6498:: Trying open cell in grid!
2025-12-04 09:36:02,648-DEBUG-root-13800::webapp_internal::wait_blocker|2444:: Waiting blocker to continue...
2025-12-04 09:36:02,782-DEBUG-root-13800::webapp_internal::wait_blocker|2469:: Blocker status: False
2025-12-04 09:36:02,970-DEBUG-root-13800::webapp_internal::wait_element_timeout|7726:: Element found! Waiting for element to be displayed.
2025-12-04 09:36:03,141-DEBUG-root-13800::base::click|192:: Click Type: ClickType.JS
2025-12-04 09:36:03,319-DEBUG-root-13800::webapp_internal::fill_grid|6577:: Sending keys: 128
2025-12-04 09:36:03,612-DEBUG-root-13800::webapp_internal::wait_blocker|2444:: Waiting blocker to continue...
2025-12-04 09:36:03,759-DEBUG-root-13800::webapp_internal::wait_blocker|2469:: Blocker status: False
2025-12-04 09:36:03,915-DEBUG-root-13800::webapp_internal::wait_element_timeout|7726:: Element found! Waiting for element to be displayed.
2025-12-04 09:36:04,188-DEBUG-root-13800::webapp_internal::fill_grid|6466:: Column found!
2025-12-04 09:36:04,224-DEBUG-root-13800::base::click|192:: Click Type: ClickType.ACTIONCHAINS
2025-12-04 09:36:09,684-DEBUG-root-13800::webapp_internal::fill_grid|6498:: Trying open cell in grid!
2025-12-04 09:36:09,975-DEBUG-root-13800::webapp_internal::wait_blocker|2444:: Waiting blocker to continue...
2025-12-04 09:36:10,167-DEBUG-root-13800::webapp_internal::wait_blocker|2469:: Blocker status: False
2025-12-04 09:36:10,353-DEBUG-root-13800::webapp_internal::wait_element_timeout|7726:: Element found! Waiting for element to be displayed.
2025-12-04 09:36:10,523-DEBUG-root-13800::base::click|192:: Click Type: ClickType.JS
2025-12-04 09:36:10,703-DEBUG-root-13800::webapp_internal::fill_grid|6577:: Sending keys: 128
2025-12-04 09:36:10,992-DEBUG-root-13800::webapp_internal::wait_blocker|2444:: Waiting blocker to continue...
2025-12-04 09:36:11,131-DEBUG-root-13800::webapp_internal::wait_blocker|2469:: Blocker status: False
2025-12-04 09:36:11,286-DEBUG-root-13800::webapp_internal::wait_element_timeout|7726:: Element found! Waiting for element to be displayed.
2025-12-04 09:36:11,593-DEBUG-root-13800::webapp_internal::fill_grid|6466:: Column found!
2025-12-04 09:36:11,637-DEBUG-root-13800::base::click|192:: Click Type: ClickType.ACTIONCHAINS
2025-12-04 09:36:16,935-DEBUG-root-13800::webapp_internal::fill_grid|6498:: Trying open cell in grid!
2025-12-04 09:36:17,221-DEBUG-root-13800::webapp_internal::wait_blocker|2444:: Waiting blocker to continue...
2025-12-04 09:36:17,355-DEBUG-root-13800::webapp_internal::wait_blocker|2469:: Blocker status: False
2025-12-04 09:36:17,540-DEBUG-root-13800::webapp_internal::wait_element_timeout|7726:: Element found! Waiting for element to be displayed.
2025-12-04 09:36:17,724-DEBUG-root-13800::base::click|192:: Click Type: ClickType.JS
2025-12-04 09:36:17,970-DEBUG-root-13800::webapp_internal::fill_grid|6577:: Sending keys: 128
2025-12-04 09:36:18,268-DEBUG-root-13800::webapp_internal::wait_blocker|2444:: Waiting blocker to continue...
2025-12-04 09:36:18,396-DEBUG-root-13800::webapp_internal::wait_blocker|2469:: Blocker status: False
2025-12-04 09:36:18,548-DEBUG-root-13800::webapp_internal::wait_element_timeout|7726:: Element found! Waiting for element to be displayed.
2025-12-04 09:36:18,830-DEBUG-root-13800::webapp_internal::fill_grid|6466:: Column found!
2025-12-04 09:36:18,866-DEBUG-root-13800::base::click|192:: Click Type: ClickType.ACTIONCHAINS
2025-12-04 09:36:24,242-DEBUG-root-13800::webapp_internal::fill_grid|6498:: Trying open cell in grid!
2025-12-04 09:36:24,530-DEBUG-root-13800::webapp_internal::wait_blocker|2444:: Waiting blocker to continue...
2025-12-04 09:36:24,705-DEBUG-root-13800::webapp_internal::wait_blocker|2469:: Blocker status: False
2025-12-04 09:36:24,914-DEBUG-root-13800::webapp_internal::wait_element_timeout|7726:: Element found! Waiting for element to be displayed.
2025-12-04 09:36:25,106-DEBUG-root-13800::base::click|192:: Click Type: ClickType.JS
2025-12-04 09:36:25,303-DEBUG-root-13800::webapp_internal::fill_grid|6577:: Sending keys: 128
2025-12-04 09:36:25,600-DEBUG-root-13800::webapp_internal::wait_blocker|2444:: Waiting blocker to continue...
2025-12-04 09:36:25,729-DEBUG-root-13800::webapp_internal::wait_blocker|2469:: Blocker status: False
2025-12-04 09:36:25,885-DEBUG-root-13800::webapp_internal::wait_element_timeout|7726:: Element found! Waiting for element to be displayed.
2025-12-04 09:36:26,156-DEBUG-root-13800::webapp_internal::fill_grid|6466:: Column found!
2025-12-04 09:36:26,189-DEBUG-root-13800::base::click|192:: Click Type: ClickType.ACTIONCHAINS
2025-12-04 09:36:31,624-DEBUG-root-13800::webapp_internal::fill_grid|6498:: Trying open cell in grid!
2025-12-04 09:36:31,918-DEBUG-root-13800::webapp_internal::wait_blocker|2444:: Waiting blocker to continue...
2025-12-04 09:36:32,066-DEBUG-root-13800::webapp_internal::wait_blocker|2469:: Blocker status: False
2025-12-04 09:36:32,251-DEBUG-root-13800::webapp_internal::wait_element_timeout|7726:: Element found! Waiting for element to be displayed.
2025-12-04 09:36:32,426-DEBUG-root-13800::base::click|192:: Click Type: ClickType.JS
2025-12-04 09:36:32,609-DEBUG-root-13800::webapp_internal::fill_grid|6577:: Sending keys: 128
2025-12-04 09:36:32,902-DEBUG-root-13800::webapp_internal::wait_blocker|2444:: Waiting blocker to continue...
2025-12-04 09:36:33,029-DEBUG-root-13800::webapp_internal::wait_blocker|2469:: Blocker status: False
2025-12-04 09:36:33,185-DEBUG-root-13800::webapp_internal::wait_element_timeout|7726:: Element found! Waiting for element to be displayed.
2025-12-04 09:36:33,491-DEBUG-root-13800::webapp_internal::fill_grid|6466:: Column found!
2025-12-04 09:36:33,534-DEBUG-root-13800::base::click|192:: Click Type: ClickType.ACTIONCHAINS
2025-12-04 09:36:38,835-DEBUG-root-13800::webapp_internal::fill_grid|6498:: Trying open cell in grid!
2025-12-04 09:36:39,122-DEBUG-root-13800::webapp_internal::wait_blocker|2444:: Waiting blocker to continue...
2025-12-04 09:36:39,283-DEBUG-root-13800::webapp_internal::wait_blocker|2469:: Blocker status: False
2025-12-04 09:36:39,468-DEBUG-root-13800::webapp_internal::wait_element_timeout|7726:: Element found! Waiting for element to be displayed.
2025-12-04 09:36:39,667-DEBUG-root-13800::base::click|192:: Click Type: ClickType.JS
2025-12-04 09:36:39,853-DEBUG-root-13800::webapp_internal::fill_grid|6577:: Sending keys: 128
2025-12-04 09:36:40,150-DEBUG-root-13800::webapp_internal::wait_blocker|2444:: Waiting blocker to continue...
2025-12-04 09:36:40,291-DEBUG-root-13800::webapp_internal::wait_blocker|2469:: Blocker status: False
2025-12-04 09:36:40,448-DEBUG-root-13800::webapp_internal::wait_element_timeout|7726:: Element found! Waiting for element to be displayed.
2025-12-04 09:36:40,718-DEBUG-root-13800::webapp_internal::fill_grid|6466:: Column found!
2025-12-04 09:36:40,751-DEBUG-root-13800::base::click|192:: Click Type: ClickType.ACTIONCHAINS
2025-12-04 09:36:46,122-DEBUG-root-13800::webapp_internal::fill_grid|6498:: Trying open cell in grid!
2025-12-04 09:36:46,416-DEBUG-root-13800::webapp_internal::wait_blocker|2444:: Waiting blocker to continue...
2025-12-04 09:36:46,548-DEBUG-root-13800::webapp_internal::wait_blocker|2469:: Blocker status: False
2025-12-04 09:36:46,739-DEBUG-root-13800::webapp_internal::wait_element_timeout|7726:: Element found! Waiting for element to be displayed.
2025-12-04 09:36:46,921-DEBUG-root-13800::base::click|192:: Click Type: ClickType.JS
2025-12-04 09:36:47,102-DEBUG-root-13800::webapp_internal::fill_grid|6577:: Sending keys: 128
2025-12-04 09:36:47,393-DEBUG-root-13800::webapp_internal::wait_blocker|2444:: Waiting blocker to continue...
2025-12-04 09:36:47,518-DEBUG-root-13800::webapp_internal::wait_blocker|2469:: Blocker status: False
2025-12-04 09:36:47,671-DEBUG-root-13800::webapp_internal::wait_element_timeout|7726:: Element found! Waiting for element to be displayed.
2025-12-04 09:36:47,982-DEBUG-root-13800::webapp_internal::fill_grid|6466:: Column found!
2025-12-04 09:36:48,017-DEBUG-root-13800::base::click|192:: Click Type: ClickType.ACTIONCHAINS
2025-12-04 09:36:53,353-DEBUG-root-13800::webapp_internal::fill_grid|6498:: Trying open cell in grid!
2025-12-04 09:36:53,636-DEBUG-root-13800::webapp_internal::wait_blocker|2444:: Waiting blocker to continue...
2025-12-04 09:36:53,821-DEBUG-root-13800::webapp_internal::wait_blocker|2469:: Blocker status: False
2025-12-04 09:36:54,026-DEBUG-root-13800::webapp_internal::wait_element_timeout|7726:: Element found! Waiting for element to be displayed.
2025-12-04 09:36:54,221-DEBUG-root-13800::base::click|192:: Click Type: ClickType.JS
2025-12-04 09:36:54,408-DEBUG-root-13800::webapp_internal::fill_grid|6577:: Sending keys: 128
2025-12-04 09:36:54,699-DEBUG-root-13800::webapp_internal::wait_blocker|2444:: Waiting blocker to continue...
2025-12-04 09:36:54,822-DEBUG-root-13800::webapp_internal::wait_blocker|2469:: Blocker status: False
2025-12-04 09:36:54,980-DEBUG-root-13800::webapp_internal::wait_element_timeout|7726:: Element found! Waiting for element to be displayed.
2025-12-04 09:36:55,253-DEBUG-root-13800::webapp_internal::fill_grid|6466:: Column found!
2025-12-04 09:36:55,289-DEBUG-root-13800::base::click|192:: Click Type: ClickType.ACTIONCHAINS
2025-12-04 09:37:00,682-DEBUG-root-13800::webapp_internal::fill_grid|6498:: Trying open cell in grid!
2025-12-04 09:37:00,967-DEBUG-root-13800::webapp_internal::wait_blocker|2444:: Waiting blocker to continue...
2025-12-04 09:37:01,113-DEBUG-root-13800::webapp_internal::wait_blocker|2469:: Blocker status: False
2025-12-04 09:37:01,348-DEBUG-root-13800::webapp_internal::wait_element_timeout|7726:: Element found! Waiting for element to be displayed.
2025-12-04 09:37:01,513-DEBUG-root-13800::base::click|192:: Click Type: ClickType.JS
2025-12-04 09:37:01,706-DEBUG-root-13800::webapp_internal::fill_grid|6577:: Sending keys: 128
2025-12-04 09:37:02,019-DEBUG-root-13800::webapp_internal::wait_blocker|2444:: Waiting blocker to continue...
2025-12-04 09:37:02,164-DEBUG-root-13800::webapp_internal::wait_blocker|2469:: Blocker status: False
2025-12-04 09:37:02,321-DEBUG-root-13800::webapp_internal::wait_element_timeout|7726:: Element found! Waiting for element to be displayed.
2025-12-04 09:37:02,619-DEBUG-root-13800::webapp_internal::fill_grid|6466:: Column found!
2025-12-04 09:37:02,654-DEBUG-root-13800::base::click|192:: Click Type: ClickType.ACTIONCHAINS
2025-12-04 09:37:06,452-ERROR-root-13800::webapp_internal::web_scrap|3782:: Message: WebDriver session does not exist, or is not active
Stacktrace:
RemoteError@chrome://remote/content/shared/RemoteError.sys.mjs:8:8
WebDriverError@chrome://remote/content/shared/webdriver/Errors.sys.mjs:202:5
InvalidSessionIDError@chrome://remote/content/shared/webdriver/Errors.sys.mjs:472:5
assert.that/<@chrome://remote/content/shared/webdriver/Assert.sys.mjs:581:13
assert.session@chrome://remote/content/shared/webdriver/Assert.sys.mjs:38:4
dispatch@chrome://remote/content/marionette/server.sys.mjs:315:19
execute@chrome://remote/content/marionette/server.sys.mjs:289:16
onPacket/<@chrome://remote/content/marionette/server.sys.mjs:262:20
onPacket@chrome://remote/content/marionette/server.sys.mjs:263:9
_onJSONObjectReady/<@chrome://remote/content/marionette/transport.sys.mjs:494:20
Traceback (most recent call last):
  File "C:\TIR_TESTE\venv\Lib\site-packages\tir\technologies\core\base.py", line 501, in get_current_DOM
    self.driver.switch_to.default_content()
  File "C:\TIR_TESTE\venv\Lib\site-packages\selenium\webdriver\remote\switch_to.py", line 69, in default_content
    self._driver.execute(Command.SWITCH_TO_FRAME, {"id": None})
  File "C:\TIR_TESTE\venv\Lib\site-packages\selenium\webdriver\remote\webdriver.py", line 347, in execute
    self.error_handler.check_response(response)
  File "C:\TIR_TESTE\venv\Lib\site-packages\selenium\webdriver\remote\errorhandler.py", line 229, in check_response
    raise exception_class(message, screen, stacktrace)
selenium.common.exceptions.InvalidSessionIdException: Message: WebDriver session does not exist, or is not active
Stacktrace:
RemoteError@chrome://remote/content/shared/RemoteError.sys.mjs:8:8
WebDriverError@chrome://remote/content/shared/webdriver/Errors.sys.mjs:202:5
InvalidSessionIDError@chrome://remote/content/shared/webdriver/Errors.sys.mjs:472:5
assert.that/<@chrome://remote/content/shared/webdriver/Assert.sys.mjs:581:13
assert.session@chrome://remote/content/shared/webdriver/Assert.sys.mjs:38:4
dispatch@chrome://remote/content/marionette/server.sys.mjs:315:19
execute@chrome://remote/content/marionette/server.sys.mjs:289:16
onPacket/<@chrome://remote/content/marionette/server.sys.mjs:262:20
onPacket@chrome://remote/content/marionette/server.sys.mjs:263:9
_onJSONObjectReady/<@chrome://remote/content/marionette/transport.sys.mjs:494:20


During handling of the above exception, another exception occurred:

Traceback (most recent call last):
  File "C:\TIR_TESTE\venv\Lib\site-packages\tir\technologies\webapp_internal.py", line 3719, in web_scrap
    soup = self.get_current_DOM(twebview=twebview)
           ^^^^^^^^^^^^^^^^^^^^^^^^^^^^^^^^^^^^^^^
  File "C:\TIR_TESTE\venv\Lib\site-packages\tir\technologies\core\base.py", line 538, in get_current_DOM
    self.driver.switch_to.default_content()
  File "C:\TIR_TESTE\venv\Lib\site-packages\selenium\webdriver\remote\switch_to.py", line 69, in default_content
    self._driver.execute(Command.SWITCH_TO_FRAME, {"id": None})
  File "C:\TIR_TESTE\venv\Lib\site-packages\selenium\webdriver\remote\webdriver.py", line 347, in execute
    self.error_handler.check_response(response)
  File "C:\TIR_TESTE\venv\Lib\site-packages\selenium\webdriver\remote\errorhandler.py", line 229, in check_response
    raise exception_class(message, screen, stacktrace)
selenium.common.exceptions.InvalidSessionIdException: Message: WebDriver session does not exist, or is not active
Stacktrace:
RemoteError@chrome://remote/content/shared/RemoteError.sys.mjs:8:8
WebDriverError@chrome://remote/content/shared/webdriver/Errors.sys.mjs:202:5
InvalidSessionIDError@chrome://remote/content/shared/webdriver/Errors.sys.mjs:472:5
assert.that/<@chrome://remote/content/shared/webdriver/Assert.sys.mjs:581:13
assert.session@chrome://remote/content/shared/webdriver/Assert.sys.mjs:38:4
dispatch@chrome://remote/content/marionette/server.sys.mjs:315:19
execute@chrome://remote/content/marionette/server.sys.mjs:289:16
onPacket/<@chrome://remote/content/marionette/server.sys.mjs:262:20
onPacket@chrome://remote/content/marionette/server.sys.mjs:263:9
_onJSONObjectReady/<@chrome://remote/content/marionette/transport.sys.mjs:494:20

2025-12-04 09:37:06,978-ERROR-root-13800::webapp_internal::fill_grid|6675:: fill grid error: Message: Tried to run command without establishing a connection
Traceback (most recent call last):
  File "C:\TIR_TESTE\venv\Lib\site-packages\tir\technologies\core\base.py", line 501, in get_current_DOM
    self.driver.switch_to.default_content()
  File "C:\TIR_TESTE\venv\Lib\site-packages\selenium\webdriver\remote\switch_to.py", line 69, in default_content
    self._driver.execute(Command.SWITCH_TO_FRAME, {"id": None})
  File "C:\TIR_TESTE\venv\Lib\site-packages\selenium\webdriver\remote\webdriver.py", line 347, in execute
    self.error_handler.check_response(response)
  File "C:\TIR_TESTE\venv\Lib\site-packages\selenium\webdriver\remote\errorhandler.py", line 229, in check_response
    raise exception_class(message, screen, stacktrace)
selenium.common.exceptions.WebDriverException: Message: Failed to decode response from marionette


During handling of the above exception, another exception occurred:

Traceback (most recent call last):
  File "C:\TIR_TESTE\venv\Lib\site-packages\tir\technologies\webapp_internal.py", line 6492, in fill_grid
    while (time.time() < endtime_open_cell and not self.wait_element_timeout(term='wa-dialog',
                                                   ^^^^^^^^^^^^^^^^^^^^^^^^^^^^^^^^^^^^^^^^^^^
  File "C:\TIR_TESTE\venv\Lib\site-packages\tir\technologies\webapp_internal.py", line 7713, in wait_element_timeout
    if self.element_exists(term, scrap_type, position, optional_term, main_container, check_error, twebview):
       ^^^^^^^^^^^^^^^^^^^^^^^^^^^^^^^^^^^^^^^^^^^^^^^^^^^^^^^^^^^^^^^^^^^^^^^^^^^^^^^^^^^^^^^^^^^^^^^^^^^^^
  File "C:\TIR_TESTE\venv\Lib\site-packages\tir\technologies\webapp_internal.py", line 4073, in element_exists
    soup = self.get_current_DOM(twebview=twebview)
           ^^^^^^^^^^^^^^^^^^^^^^^^^^^^^^^^^^^^^^^
  File "C:\TIR_TESTE\venv\Lib\site-packages\tir\technologies\core\base.py", line 538, in get_current_DOM
    self.driver.switch_to.default_content()
  File "C:\TIR_TESTE\venv\Lib\site-packages\selenium\webdriver\remote\switch_to.py", line 69, in default_content
    self._driver.execute(Command.SWITCH_TO_FRAME, {"id": None})
  File "C:\TIR_TESTE\venv\Lib\site-packages\selenium\webdriver\remote\webdriver.py", line 347, in execute
    self.error_handler.check_response(response)
  File "C:\TIR_TESTE\venv\Lib\site-packages\selenium\webdriver\remote\errorhandler.py", line 229, in check_response
    raise exception_class(message, screen, stacktrace)
selenium.common.exceptions.InvalidSessionIdException: Message: Tried to run command without establishing a connection

2025-12-04 09:37:06,981-WARNING-root-13800::webapp_internal::log_error|8143:: Warning log_error fill grid error: Message: Tried to run command without establishing a connection

2025-12-04 09:37:06,981-DEBUG-root-13800::webapp_internal::log_error|8146:: ***System Info*** in log_error():
2025-12-04 09:37:06,982-DEBUG-root-13800::psutil_info::system_info|5:: CPU USAGE: 11.0%
2025-12-04 09:37:06,982-DEBUG-root-13800::psutil_info::system_info|6:: MEMORY USAGE: 84.3%
2025-12-04 09:37:06,983-DEBUG-root-13800::psutil_info::system_info|7:: MEMORY AVAILABLE: 15.72%
2025-12-04 09:37:07,012-ERROR-root-13800::webapp_internal::log_error|8181:: Warning Log Error Close Message: Tried to run command without establishing a connection
Traceback (most recent call last):
  File "C:\TIR_TESTE\venv\Lib\site-packages\tir\technologies\core\base.py", line 501, in get_current_DOM
    self.driver.switch_to.default_content()
  File "C:\TIR_TESTE\venv\Lib\site-packages\selenium\webdriver\remote\switch_to.py", line 69, in default_content
    self._driver.execute(Command.SWITCH_TO_FRAME, {"id": None})
  File "C:\TIR_TESTE\venv\Lib\site-packages\selenium\webdriver\remote\webdriver.py", line 347, in execute
    self.error_handler.check_response(response)
  File "C:\TIR_TESTE\venv\Lib\site-packages\selenium\webdriver\remote\errorhandler.py", line 229, in check_response
    raise exception_class(message, screen, stacktrace)
selenium.common.exceptions.WebDriverException: Message: Failed to decode response from marionette


During handling of the above exception, another exception occurred:

Traceback (most recent call last):
  File "C:\TIR_TESTE\venv\Lib\site-packages\tir\technologies\webapp_internal.py", line 6492, in fill_grid
    while (time.time() < endtime_open_cell and not self.wait_element_timeout(term='wa-dialog',
                                                   ^^^^^^^^^^^^^^^^^^^^^^^^^^^^^^^^^^^^^^^^^^^
  File "C:\TIR_TESTE\venv\Lib\site-packages\tir\technologies\webapp_internal.py", line 7713, in wait_element_timeout
    if self.element_exists(term, scrap_type, position, optional_term, main_container, check_error, twebview):
       ^^^^^^^^^^^^^^^^^^^^^^^^^^^^^^^^^^^^^^^^^^^^^^^^^^^^^^^^^^^^^^^^^^^^^^^^^^^^^^^^^^^^^^^^^^^^^^^^^^^^^
  File "C:\TIR_TESTE\venv\Lib\site-packages\tir\technologies\webapp_internal.py", line 4073, in element_exists
    soup = self.get_current_DOM(twebview=twebview)
           ^^^^^^^^^^^^^^^^^^^^^^^^^^^^^^^^^^^^^^^
  File "C:\TIR_TESTE\venv\Lib\site-packages\tir\technologies\core\base.py", line 538, in get_current_DOM
    self.driver.switch_to.default_content()
  File "C:\TIR_TESTE\venv\Lib\site-packages\selenium\webdriver\remote\switch_to.py", line 69, in default_content
    self._driver.execute(Command.SWITCH_TO_FRAME, {"id": None})
  File "C:\TIR_TESTE\venv\Lib\site-packages\selenium\webdriver\remote\webdriver.py", line 347, in execute
    self.error_handler.check_response(response)
  File "C:\TIR_TESTE\venv\Lib\site-packages\selenium\webdriver\remote\errorhandler.py", line 229, in check_response
    raise exception_class(message, screen, stacktrace)
selenium.common.exceptions.InvalidSessionIdException: Message: Tried to run command without establishing a connection


During handling of the above exception, another exception occurred:

Traceback (most recent call last):
  File "C:\TIR_TESTE\venv\Lib\site-packages\tir\technologies\webapp_internal.py", line 8179, in log_error
    self.driver.close()
  File "C:\TIR_TESTE\venv\Lib\site-packages\selenium\webdriver\remote\webdriver.py", line 458, in close
    self.execute(Command.CLOSE)
  File "C:\TIR_TESTE\venv\Lib\site-packages\selenium\webdriver\remote\webdriver.py", line 347, in execute
    self.error_handler.check_response(response)
  File "C:\TIR_TESTE\venv\Lib\site-packages\selenium\webdriver\remote\errorhandler.py", line 229, in check_response
    raise exception_class(message, screen, stacktrace)
selenium.common.exceptions.InvalidSessionIdException: Message: Tried to run command without establishing a connection

2025-12-04 09:37:07,013-ERROR-root-13800::webapp_internal::SetKey|5901:: False is not true : Convenio - fill grid error: Message: Tried to run command without establishing a connection
Traceback (most recent call last):
  File "C:\TIR_TESTE\venv\Lib\site-packages\tir\technologies\core\base.py", line 501, in get_current_DOM
    self.driver.switch_to.default_content()
  File "C:\TIR_TESTE\venv\Lib\site-packages\selenium\webdriver\remote\switch_to.py", line 69, in default_content
    self._driver.execute(Command.SWITCH_TO_FRAME, {"id": None})
  File "C:\TIR_TESTE\venv\Lib\site-packages\selenium\webdriver\remote\webdriver.py", line 347, in execute
    self.error_handler.check_response(response)
  File "C:\TIR_TESTE\venv\Lib\site-packages\selenium\webdriver\remote\errorhandler.py", line 229, in check_response
    raise exception_class(message, screen, stacktrace)
selenium.common.exceptions.WebDriverException: Message: Failed to decode response from marionette


During handling of the above exception, another exception occurred:

Traceback (most recent call last):
  File "C:\TIR_TESTE\venv\Lib\site-packages\tir\technologies\webapp_internal.py", line 6492, in fill_grid
    while (time.time() < endtime_open_cell and not self.wait_element_timeout(term='wa-dialog',
                                                   ^^^^^^^^^^^^^^^^^^^^^^^^^^^^^^^^^^^^^^^^^^^
  File "C:\TIR_TESTE\venv\Lib\site-packages\tir\technologies\webapp_internal.py", line 7713, in wait_element_timeout
    if self.element_exists(term, scrap_type, position, optional_term, main_container, check_error, twebview):
       ^^^^^^^^^^^^^^^^^^^^^^^^^^^^^^^^^^^^^^^^^^^^^^^^^^^^^^^^^^^^^^^^^^^^^^^^^^^^^^^^^^^^^^^^^^^^^^^^^^^^^
  File "C:\TIR_TESTE\venv\Lib\site-packages\tir\technologies\webapp_internal.py", line 4073, in element_exists
    soup = self.get_current_DOM(twebview=twebview)
           ^^^^^^^^^^^^^^^^^^^^^^^^^^^^^^^^^^^^^^^
  File "C:\TIR_TESTE\venv\Lib\site-packages\tir\technologies\core\base.py", line 538, in get_current_DOM
    self.driver.switch_to.default_content()
  File "C:\TIR_TESTE\venv\Lib\site-packages\selenium\webdriver\remote\switch_to.py", line 69, in default_content
    self._driver.execute(Command.SWITCH_TO_FRAME, {"id": None})
  File "C:\TIR_TESTE\venv\Lib\site-packages\selenium\webdriver\remote\webdriver.py", line 347, in execute
    self.error_handler.check_response(response)
  File "C:\TIR_TESTE\venv\Lib\site-packages\selenium\webdriver\remote\errorhandler.py", line 229, in check_response
    raise exception_class(message, screen, stacktrace)
selenium.common.exceptions.InvalidSessionIdException: Message: Tried to run command without establishing a connection


During handling of the above exception, another exception occurred:

Traceback (most recent call last):
  File "C:\TIR_TESTE\venv\Lib\site-packages\tir\technologies\webapp_internal.py", line 5861, in SetKey
    self.LoadGrid()
  File "C:\TIR_TESTE\venv\Lib\site-packages\tir\technologies\webapp_internal.py", line 6301, in LoadGrid
    self.fill_grid(field, x3_dictionaries, initial_layer, duplicate_fields)
  File "C:\TIR_TESTE\venv\Lib\site-packages\tir\technologies\webapp_internal.py", line 6676, in fill_grid
    self.log_error(f'fill grid error: {str(e)}')
  File "C:\TIR_TESTE\venv\Lib\site-packages\tir\technologies\webapp_internal.py", line 8206, in log_error
    self.assertTrue(False, log_message)
  File "C:\Users\97137227104\AppData\Local\Programs\Python\Python312\Lib\unittest\case.py", line 727, in assertTrue
    raise self.failureException(msg)
AssertionError: False is not true : Convenio - fill grid error: Message: Tried to run command without establishing a connection

2025-12-04 09:37:07,016-DEBUG-root-13800::webapp_internal::wait_blocker|2444:: Waiting blocker to continue...
2025-12-04 09:37:07,019-DEBUG-root-13800::webapp_internal::wait_blocker|2469:: Blocker status: None
2025-12-04 09:37:07,019-INFO-root-13800::webapp_internal::SetKey|5822:: Key pressed: TAB
2025-12-04 09:37:07,019-DEBUG-root-13800::webapp_internal::SetKey|5857:: Trying press key
2025-12-04 09:37:07,019-DEBUG-root-13800::webapp_internal::wait_element|7623:: Waiting for element
2025-12-04 09:37:07,022-WARNING-root-13800::webapp_internal::log_error|8143:: Warning log_error SetKey - Screen is not load: Message: Tried to run command without establishing a connection

2025-12-04 09:37:07,022-DEBUG-root-13800::webapp_internal::log_error|8146:: ***System Info*** in log_error():
2025-12-04 09:37:07,023-DEBUG-root-13800::psutil_info::system_info|5:: CPU USAGE: 20.5%
2025-12-04 09:37:07,023-DEBUG-root-13800::psutil_info::system_info|6:: MEMORY USAGE: 84.3%
2025-12-04 09:37:07,024-DEBUG-root-13800::psutil_info::system_info|7:: MEMORY AVAILABLE: 15.73%
2025-12-04 09:37:07,047-ERROR-root-13800::webapp_internal::log_error|8181:: Warning Log Error Close Message: Tried to run command without establishing a connection
Traceback (most recent call last):
  File "C:\TIR_TESTE\venv\Lib\site-packages\tir\technologies\core\base.py", line 501, in get_current_DOM
    self.driver.switch_to.default_content()
  File "C:\TIR_TESTE\venv\Lib\site-packages\selenium\webdriver\remote\switch_to.py", line 69, in default_content
    self._driver.execute(Command.SWITCH_TO_FRAME, {"id": None})
  File "C:\TIR_TESTE\venv\Lib\site-packages\selenium\webdriver\remote\webdriver.py", line 347, in execute
    self.error_handler.check_response(response)
  File "C:\TIR_TESTE\venv\Lib\site-packages\selenium\webdriver\remote\errorhandler.py", line 229, in check_response
    raise exception_class(message, screen, stacktrace)
selenium.common.exceptions.InvalidSessionIdException: Message: Tried to run command without establishing a connection


During handling of the above exception, another exception occurred:

Traceback (most recent call last):
  File "C:\TIR_TESTE\venv\Lib\site-packages\tir\technologies\webapp_internal.py", line 5861, in SetKey
    self.LoadGrid()
  File "C:\TIR_TESTE\venv\Lib\site-packages\tir\technologies\webapp_internal.py", line 6284, in LoadGrid
    self.wait_element(term=selector, scrap_type=enum.ScrapType.CSS_SELECTOR)
  File "C:\TIR_TESTE\venv\Lib\site-packages\tir\technologies\webapp_internal.py", line 7626, in wait_element
    while (not self.element_exists(term, scrap_type, position, optional_term, main_container, check_error, twebview, second_term) and time.time() < endtime):
               ^^^^^^^^^^^^^^^^^^^^^^^^^^^^^^^^^^^^^^^^^^^^^^^^^^^^^^^^^^^^^^^^^^^^^^^^^^^^^^^^^^^^^^^^^^^^^^^^^^^^^^^^^^^^^^^^^^
  File "C:\TIR_TESTE\venv\Lib\site-packages\tir\technologies\webapp_internal.py", line 4073, in element_exists
    soup = self.get_current_DOM(twebview=twebview)
           ^^^^^^^^^^^^^^^^^^^^^^^^^^^^^^^^^^^^^^^
  File "C:\TIR_TESTE\venv\Lib\site-packages\tir\technologies\core\base.py", line 538, in get_current_DOM
    self.driver.switch_to.default_content()
  File "C:\TIR_TESTE\venv\Lib\site-packages\selenium\webdriver\remote\switch_to.py", line 69, in default_content
    self._driver.execute(Command.SWITCH_TO_FRAME, {"id": None})
  File "C:\TIR_TESTE\venv\Lib\site-packages\selenium\webdriver\remote\webdriver.py", line 347, in execute
    self.error_handler.check_response(response)
  File "C:\TIR_TESTE\venv\Lib\site-packages\selenium\webdriver\remote\errorhandler.py", line 229, in check_response
    raise exception_class(message, screen, stacktrace)
selenium.common.exceptions.InvalidSessionIdException: Message: Tried to run command without establishing a connection


During handling of the above exception, another exception occurred:

Traceback (most recent call last):
  File "C:\TIR_TESTE\venv\Lib\site-packages\tir\technologies\webapp_internal.py", line 8179, in log_error
    self.driver.close()
  File "C:\TIR_TESTE\venv\Lib\site-packages\selenium\webdriver\remote\webdriver.py", line 458, in close
    self.execute(Command.CLOSE)
  File "C:\TIR_TESTE\venv\Lib\site-packages\selenium\webdriver\remote\webdriver.py", line 347, in execute
    self.error_handler.check_response(response)
  File "C:\TIR_TESTE\venv\Lib\site-packages\selenium\webdriver\remote\errorhandler.py", line 229, in check_response
    raise exception_class(message, screen, stacktrace)
selenium.common.exceptions.InvalidSessionIdException: Message: Tried to run command without establishing a connection

2025-12-04 09:37:07,667-ERROR-root-13800::webapp_internal::TearDown|9654:: Warning tearDown Close Message: Tried to run command without establishing a connection
Traceback (most recent call last):
  File "C:\TIR_TESTE\venv\Lib\site-packages\tir\technologies\webapp_internal.py", line 9652, in TearDown
    self.driver.close()
  File "C:\TIR_TESTE\venv\Lib\site-packages\selenium\webdriver\remote\webdriver.py", line 458, in close
    self.execute(Command.CLOSE)
  File "C:\TIR_TESTE\venv\Lib\site-packages\selenium\webdriver\remote\webdriver.py", line 347, in execute
    self.error_handler.check_response(response)
  File "C:\TIR_TESTE\venv\Lib\site-packages\selenium\webdriver\remote\errorhandler.py", line 229, in check_response
    raise exception_class(message, screen, stacktrace)
selenium.common.exceptions.InvalidSessionIdException: Message: Tried to run command without establishing a connection

2025-12-04 09:33:53,338-DEBUG-root-13800::logging_config::logger|189:: Log file created: 'Log\GESIT03\TIR__20251204093353334.log'
2025-12-04 09:33:53,340-INFO-root-13800::base::Start|1183:: TIR Version: 2.4.3
2025-12-04 09:33:53,340-INFO-root-13800::base::Start|1184:: Python Version: 3.12.10
2025-12-04 09:33:53,340-INFO-root-13800::base::Start|1185:: Starting the browser
2025-12-04 09:34:01,491-INFO-root-13800::base::get_url|1294:: Page is ready!
2025-12-04 09:34:01,493-INFO-root-13800::base::Start|1256:: Browser maximized to 1936x1048
2025-12-04 09:34:01,493-INFO-root-13800::base::Start|1258:: Screen size is different from default used in headless mode
2025-12-04 09:34:01,930-INFO-root-13800::webapp_internal::Setup|247:: ***System Info*** in Setup():
2025-12-04 09:34:01,930-DEBUG-root-13800::psutil_info::system_info|5:: CPU USAGE: 27.3%
2025-12-04 09:34:01,931-DEBUG-root-13800::psutil_info::system_info|6:: MEMORY USAGE: 96.3%
2025-12-04 09:34:01,931-DEBUG-root-13800::psutil_info::system_info|7:: MEMORY AVAILABLE: 3.68%
2025-12-04 09:34:01,995-INFO-root-13800::base::webapp_shadowroot|1394:: Webapp: 10.1.6-RC4
2025-12-04 09:34:02,127-INFO-root-13800::webapp_internal::filling_initial_program|449:: Filling Initial Program: "SIGAMDI"
2025-12-04 09:34:02,128-DEBUG-root-13800::webapp_internal::wait_element|7623:: Waiting for element
2025-12-04 09:34:02,152-DEBUG-root-13800::webapp_internal::wait_element|7653:: Element found! Waiting for element to be displayed.
2025-12-04 09:34:02,299-DEBUG-root-13800::base::click|192:: Click Type: ClickType.JS
2025-12-04 09:34:02,330-DEBUG-root-13800::webapp_internal::try_send_keys|7976:: Trying to send keys to element using technique 0
2025-12-04 09:34:03,116-DEBUG-root-13800::webapp_internal::get_web_value|3232:: Current value: SIGAMDI
2025-12-04 09:34:03,117-INFO-root-13800::webapp_internal::filling_server_environment|463:: Filling Server Environment: "POUPEX_TST"
2025-12-04 09:34:03,117-DEBUG-root-13800::webapp_internal::wait_element|7623:: Waiting for element
2025-12-04 09:34:03,223-DEBUG-root-13800::webapp_internal::wait_element|7653:: Element found! Waiting for element to be displayed.
2025-12-04 09:34:03,381-DEBUG-root-13800::base::click|192:: Click Type: ClickType.JS
2025-12-04 09:34:03,386-DEBUG-root-13800::webapp_internal::try_send_keys|7976:: Trying to send keys to element using technique 0
2025-12-04 09:34:03,725-DEBUG-root-13800::webapp_internal::get_web_value|3232:: Current value: POUPEX_TST
2025-12-04 09:34:03,770-DEBUG-root-13800::base::click|192:: Click Type: ClickType.JS
2025-12-04 09:34:03,832-DEBUG-root-13800::webapp_internal::user_screen|519:: Filling user screen
2025-12-04 09:34:10,040-DEBUG-root-13800::webapp_internal::wait_element_timeout|7726:: Element found! Waiting for element to be displayed.
2025-12-04 09:34:10,088-DEBUG-root-13800::base::scroll_to_element|759:: ********Warining scroll_to_element exception: Message: TypeError: can't access property "scrollIntoView", arguments[0] is null
Stacktrace:
@https://qasrverp:10020/webapp/:2:7
@https://qasrverp:10020/webapp/:3:8
*********
2025-12-04 09:34:10,223-INFO-root-13800::webapp_internal::user_screen|561:: Filling User
2025-12-04 09:34:10,246-DEBUG-root-13800::base::double_click|259:: Click Type: ClickType.SELENIUM
2025-12-04 09:34:10,430-DEBUG-root-13800::webapp_internal::get_web_value|3232:: Current value: 97137227104
2025-12-04 09:34:10,454-INFO-root-13800::webapp_internal::user_screen|621:: Filling Password
2025-12-04 09:34:10,472-DEBUG-root-13800::base::click|192:: Click Type: ClickType.JS
2025-12-04 09:34:10,544-DEBUG-root-13800::webapp_internal::get_web_value|3232:: Current value: Val20221080080094+
2025-12-04 09:34:10,544-DEBUG-root-13800::webapp_internal::wait_blocker|2444:: Waiting blocker to continue...
2025-12-04 09:34:10,572-DEBUG-root-13800::webapp_internal::wait_blocker|2469:: Blocker status: None
2025-12-04 09:34:10,599-DEBUG-root-13800::webapp_internal::wait_blocker|2444:: Waiting blocker to continue...
2025-12-04 09:34:10,628-DEBUG-root-13800::webapp_internal::wait_blocker|2469:: Blocker status: None
2025-12-04 09:34:10,659-DEBUG-root-13800::webapp_internal::wait_blocker|2444:: Waiting blocker to continue...
2025-12-04 09:34:10,686-DEBUG-root-13800::webapp_internal::wait_blocker|2469:: Blocker status: None
2025-12-04 09:34:10,686-DEBUG-root-13800::webapp_internal::send_action|10480:: Trying to send action
2025-12-04 09:34:10,692-DEBUG-root-13800::base::click|192:: Click Type: ClickType.JS
2025-12-04 09:34:11,739-DEBUG-root-13800::webapp_internal::send_action|10522:: send_action method result = True
2025-12-04 09:34:11,739-DEBUG-root-13800::webapp_internal::send_action|10523:: send_action selenium status: False
2025-12-04 09:34:14,172-DEBUG-root-13800::base::scroll_to_element|759:: ********Warining scroll_to_element exception: Message: TypeError: can't access property "scrollIntoView", arguments[0] is null
Stacktrace:
@https://qasrverp:10020/webapp/:2:7
@https://qasrverp:10020/webapp/:3:8
*********
2025-12-04 09:34:14,222-INFO-root-13800::webapp_internal::filling_date|885:: Filling Date: "04/11/2025"
2025-12-04 09:34:14,222-DEBUG-root-13800::webapp_internal::wait_blocker|2444:: Waiting blocker to continue...
2025-12-04 09:34:14,266-DEBUG-root-13800::webapp_internal::wait_blocker|2469:: Blocker status: None
2025-12-04 09:34:14,271-DEBUG-root-13800::base::click|192:: Click Type: ClickType.JS
2025-12-04 09:34:14,292-DEBUG-root-13800::webapp_internal::try_send_keys|7976:: Trying to send keys to element using technique 1
2025-12-04 09:34:14,372-DEBUG-root-13800::webapp_internal::get_web_value|3232:: Current value: 04/11/2025
2025-12-04 09:34:15,460-INFO-root-13800::webapp_internal::filling_group|955:: Filling Group: "02"
2025-12-04 09:34:15,460-DEBUG-root-13800::webapp_internal::wait_blocker|2444:: Waiting blocker to continue...
2025-12-04 09:34:15,492-DEBUG-root-13800::webapp_internal::wait_blocker|2469:: Blocker status: None
2025-12-04 09:34:15,496-DEBUG-root-13800::base::click|192:: Click Type: ClickType.JS
2025-12-04 09:34:15,540-DEBUG-root-13800::webapp_internal::get_web_value|3232:: Current value: 02
2025-12-04 09:34:16,608-INFO-root-13800::webapp_internal::filling_branch|1047:: Filling Branch: "02DF0001"
2025-12-04 09:34:16,608-DEBUG-root-13800::webapp_internal::wait_blocker|2444:: Waiting blocker to continue...
2025-12-04 09:34:16,643-DEBUG-root-13800::webapp_internal::wait_blocker|2469:: Blocker status: None
2025-12-04 09:34:16,646-DEBUG-root-13800::base::click|192:: Click Type: ClickType.JS
2025-12-04 09:34:16,711-DEBUG-root-13800::webapp_internal::get_web_value|3232:: Current value: 02DF0001
2025-12-04 09:34:17,802-INFO-root-13800::webapp_internal::filling_environment|1113:: Filling Environment: "07"
2025-12-04 09:34:17,802-DEBUG-root-13800::webapp_internal::wait_blocker|2444:: Waiting blocker to continue...
2025-12-04 09:34:17,838-DEBUG-root-13800::webapp_internal::wait_blocker|2469:: Blocker status: None
2025-12-04 09:34:17,842-DEBUG-root-13800::base::click|192:: Click Type: ClickType.JS
2025-12-04 09:34:17,890-DEBUG-root-13800::webapp_internal::get_web_value|3232:: Current value: 07
2025-12-04 09:34:18,900-DEBUG-root-13800::webapp_internal::close_warning_screen|1489:: Closing warning screen!
2025-12-04 09:34:19,940-DEBUG-root-13800::webapp_internal::check_screen_element|1291:: Checking screen element: "Atenção": False
2025-12-04 09:34:21,044-INFO-root-13800::webapp_internal::environment_screen|796:: Clicking on Button
2025-12-04 09:34:21,044-DEBUG-root-13800::webapp_internal::wait_blocker|2444:: Waiting blocker to continue...
2025-12-04 09:34:21,077-DEBUG-root-13800::webapp_internal::wait_blocker|2469:: Blocker status: None
2025-12-04 09:34:21,080-DEBUG-root-13800::base::click|192:: Click Type: ClickType.JS
2025-12-04 09:34:22,087-DEBUG-root-13800::base::click|192:: Click Type: ClickType.JS
2025-12-04 09:34:23,096-DEBUG-root-13800::base::click|192:: Click Type: ClickType.JS
2025-12-04 09:34:24,102-DEBUG-root-13800::base::click|192:: Click Type: ClickType.JS
2025-12-04 09:34:25,111-DEBUG-root-13800::base::click|192:: Click Type: ClickType.JS
2025-12-04 09:34:26,119-DEBUG-root-13800::base::click|192:: Click Type: ClickType.JS
2025-12-04 09:34:27,126-DEBUG-root-13800::webapp_internal::close_screen_before_menu|368:: Closing screen before the menu
2025-12-04 09:34:27,179-DEBUG-root-13800::webapp_internal::close_warning_screen|1489:: Closing warning screen!
2025-12-04 09:34:28,240-DEBUG-root-13800::webapp_internal::check_screen_element|1291:: Checking screen element: "Atenção": False
2025-12-04 09:34:28,241-DEBUG-root-13800::webapp_internal::close_coin_screen|1424:: Closing coin screen!
2025-12-04 09:34:28,808-DEBUG-root-13800::base::click|192:: Click Type: ClickType.JS
2025-12-04 09:34:28,891-DEBUG-root-13800::webapp_internal::close_warning_screen|1489:: Closing warning screen!
2025-12-04 09:34:29,939-DEBUG-root-13800::webapp_internal::check_screen_element|1291:: Checking screen element: "Atenção": False
2025-12-04 09:34:29,939-DEBUG-root-13800::webapp_internal::close_coin_screen|1424:: Closing coin screen!
2025-12-04 09:34:30,044-INFO-root-13800::webapp_internal::set_log_info|1623:: Getting log info
2025-12-04 09:34:30,044-INFO-root-13800::webapp_internal::SetLateralMenu|4184:: Navigating lateral menu: Ajuda > Sobre
2025-12-04 09:34:30,054-DEBUG-root-13800::webapp_internal::wait_element|7623:: Waiting for element
2025-12-04 09:34:30,091-DEBUG-root-13800::webapp_internal::wait_element|7653:: Element found! Waiting for element to be displayed.
2025-12-04 09:34:30,258-INFO-root-13800::webapp_internal::SetLateralMenu|4203:: Menu item: "Ajuda"
2025-12-04 09:34:30,258-DEBUG-root-13800::webapp_internal::wait_blocker|2444:: Waiting blocker to continue...
2025-12-04 09:34:30,352-DEBUG-root-13800::webapp_internal::wait_blocker|2469:: Blocker status: False
2025-12-04 09:34:30,708-DEBUG-root-13800::webapp_internal::wait_element_timeout|7726:: Element found! Waiting for element to be displayed.
2025-12-04 09:34:30,999-DEBUG-root-13800::webapp_internal::wait_blocker|2444:: Waiting blocker to continue...
2025-12-04 09:34:31,061-DEBUG-root-13800::webapp_internal::wait_blocker|2469:: Blocker status: False
2025-12-04 09:34:33,356-INFO-root-13800::webapp_internal::SetLateralMenu|4203:: Menu item: "Sobre"
2025-12-04 09:34:33,356-DEBUG-root-13800::webapp_internal::wait_blocker|2444:: Waiting blocker to continue...
2025-12-04 09:34:33,419-DEBUG-root-13800::webapp_internal::wait_blocker|2469:: Blocker status: False
2025-12-04 09:34:33,827-DEBUG-root-13800::webapp_internal::wait_element_timeout|7726:: Element found! Waiting for element to be displayed.
2025-12-04 09:34:34,211-DEBUG-root-13800::webapp_internal::wait_blocker|2444:: Waiting blocker to continue...
2025-12-04 09:34:34,276-DEBUG-root-13800::webapp_internal::wait_blocker|2469:: Blocker status: False
2025-12-04 09:34:36,918-DEBUG-root-13800::webapp_internal::wait_blocker|2444:: Waiting blocker to continue...
2025-12-04 09:34:36,989-DEBUG-root-13800::webapp_internal::wait_blocker|2469:: Blocker status: False
2025-12-04 09:34:37,055-DEBUG-root-13800::webapp_internal::wait_element|7623:: Waiting for element
2025-12-04 09:34:37,096-DEBUG-root-13800::webapp_internal::wait_element|7653:: Element found! Waiting for element to be displayed.
2025-12-04 09:34:37,267-INFO-root-13800::webapp_internal::SetButton|4444:: Clicking on Fechar
2025-12-04 09:34:37,267-DEBUG-root-13800::webapp_internal::wait_blocker|2444:: Waiting blocker to continue...
2025-12-04 09:34:37,339-DEBUG-root-13800::webapp_internal::wait_blocker|2469:: Blocker status: False
2025-12-04 09:34:37,517-DEBUG-root-13800::webapp_internal::wait_element_timeout|7726:: Element found! Waiting for element to be displayed.
2025-12-04 09:34:37,588-DEBUG-root-13800::webapp_internal::SetButton|4481:: ***System Info*** Before Clicking on button:Fechar
2025-12-04 09:34:37,588-DEBUG-root-13800::psutil_info::system_info|5:: CPU USAGE: 10.7%
2025-12-04 09:34:37,590-DEBUG-root-13800::psutil_info::system_info|6:: MEMORY USAGE: 95.8%
2025-12-04 09:34:37,590-DEBUG-root-13800::psutil_info::system_info|7:: MEMORY AVAILABLE: 4.21%
2025-12-04 09:34:37,754-DEBUG-root-13800::webapp_internal::wait_element_timeout|7726:: Element found! Waiting for element to be displayed.
2025-12-04 09:34:37,863-DEBUG-root-13800::webapp_internal::wait_blocker|2444:: Waiting blocker to continue...
2025-12-04 09:34:37,933-DEBUG-root-13800::webapp_internal::wait_blocker|2469:: Blocker status: False
2025-12-04 09:34:37,951-DEBUG-root-13800::webapp_internal::wait_blocker|2444:: Waiting blocker to continue...
2025-12-04 09:34:38,031-DEBUG-root-13800::webapp_internal::wait_blocker|2469:: Blocker status: False
2025-12-04 09:34:38,031-DEBUG-root-13800::webapp_internal::send_action|10480:: Trying to send action
2025-12-04 09:34:38,033-DEBUG-root-13800::base::click|192:: Click Type: ClickType.JS
2025-12-04 09:34:39,069-DEBUG-root-13800::webapp_internal::send_action|10522:: send_action method result = True
2025-12-04 09:34:39,070-DEBUG-root-13800::webapp_internal::send_action|10523:: send_action selenium status: False
2025-12-04 09:34:39,070-DEBUG-root-13800::webapp_internal::SetButton|4683:: ***System Info*** After Clicking on button:
2025-12-04 09:34:39,070-DEBUG-root-13800::psutil_info::system_info|5:: CPU USAGE: 8.8%
2025-12-04 09:34:39,070-DEBUG-root-13800::psutil_info::system_info|6:: MEMORY USAGE: 95.7%
2025-12-04 09:34:39,071-DEBUG-root-13800::psutil_info::system_info|7:: MEMORY AVAILABLE: 4.34%
2025-12-04 09:34:39,071-DEBUG-root-13800::webapp_internal::wait_element|7623:: Waiting for element
2025-12-04 09:34:39,181-INFO-root-13800::webapp_internal::SetLateralMenu|4184:: Navigating lateral menu: Atualizações > Especificos > Tipo de Convenio
2025-12-04 09:34:39,192-DEBUG-root-13800::webapp_internal::wait_element|7623:: Waiting for element
2025-12-04 09:34:39,233-DEBUG-root-13800::webapp_internal::wait_element|7653:: Element found! Waiting for element to be displayed.
2025-12-04 09:34:39,394-INFO-root-13800::webapp_internal::SetLateralMenu|4203:: Menu item: "Atualizações"
2025-12-04 09:34:39,394-DEBUG-root-13800::webapp_internal::wait_blocker|2444:: Waiting blocker to continue...
2025-12-04 09:34:39,456-DEBUG-root-13800::webapp_internal::wait_blocker|2469:: Blocker status: False
2025-12-04 09:34:39,911-DEBUG-root-13800::webapp_internal::wait_element_timeout|7726:: Element found! Waiting for element to be displayed.
2025-12-04 09:34:40,287-DEBUG-root-13800::webapp_internal::wait_blocker|2444:: Waiting blocker to continue...
2025-12-04 09:34:40,357-DEBUG-root-13800::webapp_internal::wait_blocker|2469:: Blocker status: False
2025-12-04 09:34:42,667-INFO-root-13800::webapp_internal::SetLateralMenu|4203:: Menu item: "Especificos"
2025-12-04 09:34:42,667-DEBUG-root-13800::webapp_internal::wait_blocker|2444:: Waiting blocker to continue...
2025-12-04 09:34:42,792-DEBUG-root-13800::webapp_internal::wait_blocker|2469:: Blocker status: False
2025-12-04 09:34:43,564-DEBUG-root-13800::webapp_internal::wait_element_timeout|7726:: Element found! Waiting for element to be displayed.
2025-12-04 09:34:44,314-DEBUG-root-13800::webapp_internal::wait_blocker|2444:: Waiting blocker to continue...
2025-12-04 09:34:44,407-DEBUG-root-13800::webapp_internal::wait_blocker|2469:: Blocker status: False
2025-12-04 09:34:46,702-INFO-root-13800::webapp_internal::SetLateralMenu|4203:: Menu item: "Tipo de Convenio"
2025-12-04 09:34:46,702-DEBUG-root-13800::webapp_internal::wait_blocker|2444:: Waiting blocker to continue...
2025-12-04 09:34:46,815-DEBUG-root-13800::webapp_internal::wait_blocker|2469:: Blocker status: False
2025-12-04 09:34:48,411-DEBUG-root-13800::webapp_internal::wait_element_timeout|7726:: Element found! Waiting for element to be displayed.
2025-12-04 09:34:49,983-DEBUG-root-13800::webapp_internal::wait_blocker|2444:: Waiting blocker to continue...
2025-12-04 09:34:50,120-DEBUG-root-13800::webapp_internal::wait_blocker|2469:: Blocker status: False
2025-12-04 09:34:54,846-DEBUG-root-13800::webapp_internal::wait_blocker|2444:: Waiting blocker to continue...
2025-12-04 09:34:54,969-DEBUG-root-13800::webapp_internal::wait_blocker|2469:: Blocker status: False
2025-12-04 09:34:55,080-INFO-root-13800::webapp_internal::WaitShow|4980:: Waiting show text 'Este ambiente utiliza base de Homologação.'...
2025-12-04 09:35:02,010-DEBUG-root-13800::log::checks_empty_line|221:: Checking empty default log info
2025-12-04 09:35:02,014-DEBUG-root-13800::log::generate_log|503:: Json log_data: {'cLogDtExec': '04/12/2025 09:35:02', 'cLogNomUsr': '97137227104', 'cLogNomEst': 'GESIT03', 'cLogProgra': None, 'cLogDtProg': '', 'cLogHrProg': '', 'nLogCtsOk': 1, 'nLogCtsNok': 0, 'nLogCtsSeg': 68.8, 'cLogVersao': '12', 'cLogReleas': '12.1.2410', 'nLogCtsErr': '', 'cLogBancod': 'ORACLE', 'cLogIdenti': '', 'cLogIdExec': '20251204', 'cLogPais': 'BRA', 'cLogTool': 'TIR', 'cLogSequen': '63cb66', 'nLogCtsTot': 1, 'cLogDtExea': '04/12/2025', 'cLogHrExea': '09:35:02', 'cLogArea': 'Desenvolvimento', 'cLogMnExec': 1.1466666666666667}
2025-12-04 09:35:02,014-INFO-root-13800::log::send_log_with_retries|515:: Saving log locally.
2025-12-04 09:35:02,014-INFO-root-13800::log::save_log_locally|548:: [FwSendLog]: Não foi possível enviar o log após todas as tentativas.
2025-12-04 09:35:02,015-INFO-root-13800::log::save_log_locally|555:: [FwSendLog]: Log salvo localmente em C:\TIR_TESTE\1764851702.json.
2025-12-04 09:35:02,015-INFO-root-13800::webapp_internal::WaitShow|4980:: Waiting show text 'Moedas'...
2025-12-04 09:35:07,288-INFO-root-13800::webapp_internal::WaitShow|4980:: Waiting show text 'Tipos de Convênios'...
2025-12-04 09:35:07,390-INFO-root-13800::webapp_internal::WaitShow|4996:: Text found! 
2025-12-04 09:35:07,390-INFO-root-13800::webapp_internal::SetButton|4444:: Clicking on Incluir
2025-12-04 09:35:07,390-DEBUG-root-13800::webapp_internal::wait_blocker|2444:: Waiting blocker to continue...
2025-12-04 09:35:07,501-DEBUG-root-13800::webapp_internal::wait_blocker|2469:: Blocker status: False
2025-12-04 09:35:07,888-DEBUG-root-13800::webapp_internal::wait_element_timeout|7726:: Element found! Waiting for element to be displayed.
2025-12-04 09:35:08,208-DEBUG-root-13800::webapp_internal::SetButton|4481:: ***System Info*** Before Clicking on button:Incluir
2025-12-04 09:35:08,208-DEBUG-root-13800::psutil_info::system_info|5:: CPU USAGE: 13.4%
2025-12-04 09:35:08,209-DEBUG-root-13800::psutil_info::system_info|6:: MEMORY USAGE: 92.2%
2025-12-04 09:35:08,209-DEBUG-root-13800::psutil_info::system_info|7:: MEMORY AVAILABLE: 7.82%
2025-12-04 09:35:08,572-DEBUG-root-13800::webapp_internal::wait_element_timeout|7726:: Element found! Waiting for element to be displayed.
2025-12-04 09:35:08,892-DEBUG-root-13800::webapp_internal::wait_blocker|2444:: Waiting blocker to continue...
2025-12-04 09:35:09,002-DEBUG-root-13800::webapp_internal::wait_blocker|2469:: Blocker status: False
2025-12-04 09:35:09,035-DEBUG-root-13800::webapp_internal::wait_blocker|2444:: Waiting blocker to continue...
2025-12-04 09:35:09,139-DEBUG-root-13800::webapp_internal::wait_blocker|2469:: Blocker status: False
2025-12-04 09:35:09,139-DEBUG-root-13800::webapp_internal::send_action|10480:: Trying to send action
2025-12-04 09:35:09,141-DEBUG-root-13800::base::click|192:: Click Type: ClickType.JS
2025-12-04 09:35:10,199-DEBUG-root-13800::webapp_internal::send_action|10522:: send_action method result = True
2025-12-04 09:35:10,199-DEBUG-root-13800::webapp_internal::send_action|10523:: send_action selenium status: False
2025-12-04 09:35:10,200-DEBUG-root-13800::webapp_internal::SetButton|4683:: ***System Info*** After Clicking on button:
2025-12-04 09:35:10,200-DEBUG-root-13800::psutil_info::system_info|5:: CPU USAGE: 13.3%
2025-12-04 09:35:10,200-DEBUG-root-13800::psutil_info::system_info|6:: MEMORY USAGE: 92.5%
2025-12-04 09:35:10,201-DEBUG-root-13800::psutil_info::system_info|7:: MEMORY AVAILABLE: 7.48%
2025-12-04 09:35:10,201-INFO-root-13800::webapp_internal::WaitShow|4980:: Waiting show text 'Tipos de Convenios - INCLUIR'...
2025-12-04 09:35:10,339-INFO-root-13800::webapp_internal::WaitShow|4996:: Text found! 
2025-12-04 09:35:10,339-DEBUG-root-13800::webapp_internal::SetFocus|6011:: Setting focus on element ZD_DESCONV.
2025-12-04 09:35:10,491-DEBUG-root-13800::base::click|192:: Click Type: ClickType.SELENIUM
2025-12-04 09:35:10,558-DEBUG-root-13800::webapp_internal::wait_blocker|2444:: Waiting blocker to continue...
2025-12-04 09:35:10,690-DEBUG-root-13800::webapp_internal::wait_blocker|2469:: Blocker status: False
2025-12-04 09:35:10,691-DEBUG-root-13800::webapp_internal::wait_element|7623:: Waiting for element
2025-12-04 09:35:10,765-DEBUG-root-13800::webapp_internal::wait_element|7653:: Element found! Waiting for element to be displayed.
2025-12-04 09:35:10,831-INFO-root-13800::webapp_internal::input_value|2941:: Looking for element: ZD_DESCONV
2025-12-04 09:35:10,949-INFO-root-13800::webapp_internal::input_value|2951:: Element: ZD_DESCONV Found!
2025-12-04 09:35:10,949-INFO-root-13800::webapp_internal::input_value|2953:: Filling element: ZD_DESCONV
2025-12-04 09:35:10,981-DEBUG-root-13800::webapp_internal::get_web_value|3232:: Current value:                                                             
2025-12-04 09:35:11,020-DEBUG-root-13800::base::double_click|259:: Click Type: ClickType.SELENIUM
2025-12-04 09:35:11,272-DEBUG-root-13800::webapp_internal::wait_blocker|2444:: Waiting blocker to continue...
2025-12-04 09:35:11,396-DEBUG-root-13800::webapp_internal::wait_blocker|2469:: Blocker status: False
2025-12-04 09:35:11,737-DEBUG-root-13800::webapp_internal::get_web_value|3232:: Current value: TESTE INCLUSAO 01                                           
2025-12-04 09:35:11,737-INFO-root-13800::webapp_internal::input_value|3059:: Current field value: TESTE INCLUSAO 01
2025-12-04 09:35:11,763-DEBUG-root-13800::webapp_internal::wait_blocker|2444:: Waiting blocker to continue...
2025-12-04 09:35:11,896-DEBUG-root-13800::webapp_internal::wait_blocker|2469:: Blocker status: False
2025-12-04 09:35:11,896-INFO-root-13800::webapp_internal::SetKey|5822:: Key pressed: TAB
2025-12-04 09:35:11,896-DEBUG-root-13800::webapp_internal::SetKey|5857:: Trying press key
2025-12-04 09:35:13,900-DEBUG-root-13800::webapp_internal::wait_blocker|2444:: Waiting blocker to continue...
2025-12-04 09:35:14,024-DEBUG-root-13800::webapp_internal::wait_blocker|2469:: Blocker status: False
2025-12-04 09:35:14,051-DEBUG-root-13800::webapp_internal::wait_blocker|2444:: Waiting blocker to continue...
2025-12-04 09:35:14,196-DEBUG-root-13800::webapp_internal::wait_blocker|2469:: Blocker status: False
2025-12-04 09:35:14,196-DEBUG-root-13800::webapp_internal::send_action|10480:: Trying to send action
2025-12-04 09:35:15,234-DEBUG-root-13800::webapp_internal::send_action|10522:: send_action method result = True
2025-12-04 09:35:15,234-DEBUG-root-13800::webapp_internal::send_action|10523:: send_action selenium status: False
2025-12-04 09:35:15,234-DEBUG-root-13800::webapp_internal::wait_blocker|2444:: Waiting blocker to continue...
2025-12-04 09:35:15,399-DEBUG-root-13800::webapp_internal::wait_blocker|2469:: Blocker status: False
2025-12-04 09:35:15,399-DEBUG-root-13800::webapp_internal::wait_element|7623:: Waiting for element
2025-12-04 09:35:15,472-DEBUG-root-13800::webapp_internal::wait_element|7653:: Element found! Waiting for element to be displayed.
2025-12-04 09:35:15,545-INFO-root-13800::webapp_internal::input_value|2941:: Looking for element: ZD_TPMOV
2025-12-04 09:35:15,665-INFO-root-13800::webapp_internal::input_value|2951:: Element: ZD_TPMOV Found!
2025-12-04 09:35:15,665-INFO-root-13800::webapp_internal::input_value|2953:: Filling element: ZD_TPMOV
2025-12-04 09:35:16,889-INFO-root-13800::base::select_combo|871:: Selected value for combo is: 1 - Titular
2025-12-04 09:35:16,937-DEBUG-root-13800::webapp_internal::wait_blocker|2444:: Waiting blocker to continue...
2025-12-04 09:35:17,057-DEBUG-root-13800::webapp_internal::wait_blocker|2469:: Blocker status: False
2025-12-04 09:35:17,057-DEBUG-root-13800::webapp_internal::wait_element|7623:: Waiting for element
2025-12-04 09:35:17,131-DEBUG-root-13800::webapp_internal::wait_element|7653:: Element found! Waiting for element to be displayed.
2025-12-04 09:35:17,192-INFO-root-13800::webapp_internal::input_value|2941:: Looking for element: ZD_TPALTSA
2025-12-04 09:35:17,313-INFO-root-13800::webapp_internal::input_value|2951:: Element: ZD_TPALTSA Found!
2025-12-04 09:35:17,313-INFO-root-13800::webapp_internal::input_value|2953:: Filling element: ZD_TPALTSA
2025-12-04 09:35:17,338-DEBUG-root-13800::webapp_internal::get_web_value|3232:: Current value:    
2025-12-04 09:35:17,373-DEBUG-root-13800::base::double_click|259:: Click Type: ClickType.SELENIUM
2025-12-04 09:35:17,636-DEBUG-root-13800::webapp_internal::wait_blocker|2444:: Waiting blocker to continue...
2025-12-04 09:35:17,759-DEBUG-root-13800::webapp_internal::wait_blocker|2469:: Blocker status: False
2025-12-04 09:35:18,084-DEBUG-root-13800::webapp_internal::get_web_value|3232:: Current value: 003
2025-12-04 09:35:18,084-INFO-root-13800::webapp_internal::input_value|3059:: Current field value: 003
2025-12-04 09:35:18,092-INFO-root-13800::webapp_internal::WaitShow|4980:: Waiting show text 'Histórico'...
2025-12-04 09:35:19,858-INFO-root-13800::webapp_internal::WaitShow|4996:: Text found! 
2025-12-04 09:35:19,859-DEBUG-root-13800::webapp_internal::wait_blocker|2444:: Waiting blocker to continue...
2025-12-04 09:35:19,980-DEBUG-root-13800::webapp_internal::wait_blocker|2469:: Blocker status: False
2025-12-04 09:35:19,980-INFO-root-13800::webapp_internal::SetKey|5822:: Key pressed: TAB
2025-12-04 09:35:19,981-DEBUG-root-13800::webapp_internal::SetKey|5857:: Trying press key
2025-12-04 09:35:19,981-DEBUG-root-13800::webapp_internal::wait_element|7623:: Waiting for element
2025-12-04 09:35:20,054-DEBUG-root-13800::webapp_internal::wait_element|7653:: Element found! Waiting for element to be displayed.
2025-12-04 09:35:20,273-DEBUG-root-13800::webapp_internal::wait_blocker|2444:: Waiting blocker to continue...
2025-12-04 09:35:20,397-DEBUG-root-13800::webapp_internal::wait_blocker|2469:: Blocker status: False
2025-12-04 09:35:20,398-INFO-root-13800::webapp_internal::LoadGrid|6298:: Filling grid field: Vlr Dependen
2025-12-04 09:35:20,398-DEBUG-root-13800::webapp_internal::fill_grid|6399:: Grid loading...
2025-12-04 09:35:20,517-DEBUG-root-13800::webapp_internal::fill_grid|6466:: Column found!
2025-12-04 09:35:20,553-DEBUG-root-13800::base::click|192:: Click Type: ClickType.ACTIONCHAINS
2025-12-04 09:35:25,979-DEBUG-root-13800::webapp_internal::fill_grid|6498:: Trying open cell in grid!
2025-12-04 09:35:26,268-DEBUG-root-13800::webapp_internal::wait_blocker|2444:: Waiting blocker to continue...
2025-12-04 09:35:26,402-DEBUG-root-13800::webapp_internal::wait_blocker|2469:: Blocker status: False
2025-12-04 09:35:26,589-DEBUG-root-13800::webapp_internal::wait_element_timeout|7726:: Element found! Waiting for element to be displayed.
2025-12-04 09:35:26,768-DEBUG-root-13800::base::click|192:: Click Type: ClickType.JS
2025-12-04 09:35:26,941-DEBUG-root-13800::webapp_internal::fill_grid|6577:: Sending keys: 128
2025-12-04 09:35:27,234-DEBUG-root-13800::webapp_internal::wait_blocker|2444:: Waiting blocker to continue...
2025-12-04 09:35:27,358-DEBUG-root-13800::webapp_internal::wait_blocker|2469:: Blocker status: False
2025-12-04 09:35:27,514-DEBUG-root-13800::webapp_internal::wait_element_timeout|7726:: Element found! Waiting for element to be displayed.
2025-12-04 09:35:27,788-DEBUG-root-13800::webapp_internal::fill_grid|6466:: Column found!
2025-12-04 09:35:27,824-DEBUG-root-13800::base::click|192:: Click Type: ClickType.ACTIONCHAINS
2025-12-04 09:35:33,274-DEBUG-root-13800::webapp_internal::fill_grid|6498:: Trying open cell in grid!
2025-12-04 09:35:33,564-DEBUG-root-13800::webapp_internal::wait_blocker|2444:: Waiting blocker to continue...
2025-12-04 09:35:33,696-DEBUG-root-13800::webapp_internal::wait_blocker|2469:: Blocker status: False
2025-12-04 09:35:33,881-DEBUG-root-13800::webapp_internal::wait_element_timeout|7726:: Element found! Waiting for element to be displayed.
2025-12-04 09:35:34,058-DEBUG-root-13800::base::click|192:: Click Type: ClickType.JS
2025-12-04 09:35:34,240-DEBUG-root-13800::webapp_internal::fill_grid|6577:: Sending keys: 128
2025-12-04 09:35:34,524-DEBUG-root-13800::webapp_internal::wait_blocker|2444:: Waiting blocker to continue...
2025-12-04 09:35:34,653-DEBUG-root-13800::webapp_internal::wait_blocker|2469:: Blocker status: False
2025-12-04 09:35:34,806-DEBUG-root-13800::webapp_internal::wait_element_timeout|7726:: Element found! Waiting for element to be displayed.
2025-12-04 09:35:35,122-DEBUG-root-13800::webapp_internal::fill_grid|6466:: Column found!
2025-12-04 09:35:35,157-DEBUG-root-13800::base::click|192:: Click Type: ClickType.ACTIONCHAINS
2025-12-04 09:35:40,621-DEBUG-root-13800::webapp_internal::fill_grid|6498:: Trying open cell in grid!
2025-12-04 09:35:40,908-DEBUG-root-13800::webapp_internal::wait_blocker|2444:: Waiting blocker to continue...
2025-12-04 09:35:41,053-DEBUG-root-13800::webapp_internal::wait_blocker|2469:: Blocker status: False
2025-12-04 09:35:41,234-DEBUG-root-13800::webapp_internal::wait_element_timeout|7726:: Element found! Waiting for element to be displayed.
2025-12-04 09:35:41,400-DEBUG-root-13800::base::click|192:: Click Type: ClickType.JS
2025-12-04 09:35:41,600-DEBUG-root-13800::webapp_internal::fill_grid|6577:: Sending keys: 128
2025-12-04 09:35:41,903-DEBUG-root-13800::webapp_internal::wait_blocker|2444:: Waiting blocker to continue...
2025-12-04 09:35:42,024-DEBUG-root-13800::webapp_internal::wait_blocker|2469:: Blocker status: False
2025-12-04 09:35:42,180-DEBUG-root-13800::webapp_internal::wait_element_timeout|7726:: Element found! Waiting for element to be displayed.
2025-12-04 09:35:42,458-DEBUG-root-13800::webapp_internal::fill_grid|6466:: Column found!
2025-12-04 09:35:42,499-DEBUG-root-13800::base::click|192:: Click Type: ClickType.ACTIONCHAINS
2025-12-04 09:35:47,822-DEBUG-root-13800::webapp_internal::fill_grid|6498:: Trying open cell in grid!
2025-12-04 09:35:48,104-DEBUG-root-13800::webapp_internal::wait_blocker|2444:: Waiting blocker to continue...
2025-12-04 09:35:48,272-DEBUG-root-13800::webapp_internal::wait_blocker|2469:: Blocker status: False
2025-12-04 09:35:48,501-DEBUG-root-13800::webapp_internal::wait_element_timeout|7726:: Element found! Waiting for element to be displayed.
2025-12-04 09:35:48,658-DEBUG-root-13800::base::click|192:: Click Type: ClickType.JS
2025-12-04 09:35:48,836-DEBUG-root-13800::webapp_internal::fill_grid|6577:: Sending keys: 128
2025-12-04 09:35:49,133-DEBUG-root-13800::webapp_internal::wait_blocker|2444:: Waiting blocker to continue...
2025-12-04 09:35:49,262-DEBUG-root-13800::webapp_internal::wait_blocker|2469:: Blocker status: False
2025-12-04 09:35:49,414-DEBUG-root-13800::webapp_internal::wait_element_timeout|7726:: Element found! Waiting for element to be displayed.
2025-12-04 09:35:49,686-DEBUG-root-13800::webapp_internal::fill_grid|6466:: Column found!
2025-12-04 09:35:49,724-DEBUG-root-13800::base::click|192:: Click Type: ClickType.ACTIONCHAINS
2025-12-04 09:35:55,153-DEBUG-root-13800::webapp_internal::fill_grid|6498:: Trying open cell in grid!
2025-12-04 09:35:55,437-DEBUG-root-13800::webapp_internal::wait_blocker|2444:: Waiting blocker to continue...
2025-12-04 09:35:55,599-DEBUG-root-13800::webapp_internal::wait_blocker|2469:: Blocker status: False
2025-12-04 09:35:55,785-DEBUG-root-13800::webapp_internal::wait_element_timeout|7726:: Element found! Waiting for element to be displayed.
2025-12-04 09:35:55,940-DEBUG-root-13800::base::click|192:: Click Type: ClickType.JS
2025-12-04 09:35:56,155-DEBUG-root-13800::webapp_internal::fill_grid|6577:: Sending keys: 128
2025-12-04 09:35:56,447-DEBUG-root-13800::webapp_internal::wait_blocker|2444:: Waiting blocker to continue...
2025-12-04 09:35:56,564-DEBUG-root-13800::webapp_internal::wait_blocker|2469:: Blocker status: False
2025-12-04 09:35:56,718-DEBUG-root-13800::webapp_internal::wait_element_timeout|7726:: Element found! Waiting for element to be displayed.
2025-12-04 09:35:56,989-DEBUG-root-13800::webapp_internal::fill_grid|6466:: Column found!
2025-12-04 09:35:57,022-DEBUG-root-13800::base::click|192:: Click Type: ClickType.ACTIONCHAINS
2025-12-04 09:36:02,356-DEBUG-root-13800::webapp_internal::fill_grid|6498:: Trying open cell in grid!
2025-12-04 09:36:02,648-DEBUG-root-13800::webapp_internal::wait_blocker|2444:: Waiting blocker to continue...
2025-12-04 09:36:02,782-DEBUG-root-13800::webapp_internal::wait_blocker|2469:: Blocker status: False
2025-12-04 09:36:02,970-DEBUG-root-13800::webapp_internal::wait_element_timeout|7726:: Element found! Waiting for element to be displayed.
2025-12-04 09:36:03,141-DEBUG-root-13800::base::click|192:: Click Type: ClickType.JS
2025-12-04 09:36:03,319-DEBUG-root-13800::webapp_internal::fill_grid|6577:: Sending keys: 128
2025-12-04 09:36:03,612-DEBUG-root-13800::webapp_internal::wait_blocker|2444:: Waiting blocker to continue...
2025-12-04 09:36:03,759-DEBUG-root-13800::webapp_internal::wait_blocker|2469:: Blocker status: False
2025-12-04 09:36:03,915-DEBUG-root-13800::webapp_internal::wait_element_timeout|7726:: Element found! Waiting for element to be displayed.
2025-12-04 09:36:04,188-DEBUG-root-13800::webapp_internal::fill_grid|6466:: Column found!
2025-12-04 09:36:04,224-DEBUG-root-13800::base::click|192:: Click Type: ClickType.ACTIONCHAINS
2025-12-04 09:36:09,684-DEBUG-root-13800::webapp_internal::fill_grid|6498:: Trying open cell in grid!
2025-12-04 09:36:09,975-DEBUG-root-13800::webapp_internal::wait_blocker|2444:: Waiting blocker to continue...
2025-12-04 09:36:10,167-DEBUG-root-13800::webapp_internal::wait_blocker|2469:: Blocker status: False
2025-12-04 09:36:10,353-DEBUG-root-13800::webapp_internal::wait_element_timeout|7726:: Element found! Waiting for element to be displayed.
2025-12-04 09:36:10,523-DEBUG-root-13800::base::click|192:: Click Type: ClickType.JS
2025-12-04 09:36:10,703-DEBUG-root-13800::webapp_internal::fill_grid|6577:: Sending keys: 128
2025-12-04 09:36:10,992-DEBUG-root-13800::webapp_internal::wait_blocker|2444:: Waiting blocker to continue...
2025-12-04 09:36:11,131-DEBUG-root-13800::webapp_internal::wait_blocker|2469:: Blocker status: False
2025-12-04 09:36:11,286-DEBUG-root-13800::webapp_internal::wait_element_timeout|7726:: Element found! Waiting for element to be displayed.
2025-12-04 09:36:11,593-DEBUG-root-13800::webapp_internal::fill_grid|6466:: Column found!
2025-12-04 09:36:11,637-DEBUG-root-13800::base::click|192:: Click Type: ClickType.ACTIONCHAINS
2025-12-04 09:36:16,935-DEBUG-root-13800::webapp_internal::fill_grid|6498:: Trying open cell in grid!
2025-12-04 09:36:17,221-DEBUG-root-13800::webapp_internal::wait_blocker|2444:: Waiting blocker to continue...
2025-12-04 09:36:17,355-DEBUG-root-13800::webapp_internal::wait_blocker|2469:: Blocker status: False
2025-12-04 09:36:17,540-DEBUG-root-13800::webapp_internal::wait_element_timeout|7726:: Element found! Waiting for element to be displayed.
2025-12-04 09:36:17,724-DEBUG-root-13800::base::click|192:: Click Type: ClickType.JS
2025-12-04 09:36:17,970-DEBUG-root-13800::webapp_internal::fill_grid|6577:: Sending keys: 128
2025-12-04 09:36:18,268-DEBUG-root-13800::webapp_internal::wait_blocker|2444:: Waiting blocker to continue...
2025-12-04 09:36:18,396-DEBUG-root-13800::webapp_internal::wait_blocker|2469:: Blocker status: False
2025-12-04 09:36:18,548-DEBUG-root-13800::webapp_internal::wait_element_timeout|7726:: Element found! Waiting for element to be displayed.
2025-12-04 09:36:18,830-DEBUG-root-13800::webapp_internal::fill_grid|6466:: Column found!
2025-12-04 09:36:18,866-DEBUG-root-13800::base::click|192:: Click Type: ClickType.ACTIONCHAINS
2025-12-04 09:36:24,242-DEBUG-root-13800::webapp_internal::fill_grid|6498:: Trying open cell in grid!
2025-12-04 09:36:24,530-DEBUG-root-13800::webapp_internal::wait_blocker|2444:: Waiting blocker to continue...
2025-12-04 09:36:24,705-DEBUG-root-13800::webapp_internal::wait_blocker|2469:: Blocker status: False
2025-12-04 09:36:24,914-DEBUG-root-13800::webapp_internal::wait_element_timeout|7726:: Element found! Waiting for element to be displayed.
2025-12-04 09:36:25,106-DEBUG-root-13800::base::click|192:: Click Type: ClickType.JS
2025-12-04 09:36:25,303-DEBUG-root-13800::webapp_internal::fill_grid|6577:: Sending keys: 128
2025-12-04 09:36:25,600-DEBUG-root-13800::webapp_internal::wait_blocker|2444:: Waiting blocker to continue...
2025-12-04 09:36:25,729-DEBUG-root-13800::webapp_internal::wait_blocker|2469:: Blocker status: False
2025-12-04 09:36:25,885-DEBUG-root-13800::webapp_internal::wait_element_timeout|7726:: Element found! Waiting for element to be displayed.
2025-12-04 09:36:26,156-DEBUG-root-13800::webapp_internal::fill_grid|6466:: Column found!
2025-12-04 09:36:26,189-DEBUG-root-13800::base::click|192:: Click Type: ClickType.ACTIONCHAINS
2025-12-04 09:36:31,624-DEBUG-root-13800::webapp_internal::fill_grid|6498:: Trying open cell in grid!
2025-12-04 09:36:31,918-DEBUG-root-13800::webapp_internal::wait_blocker|2444:: Waiting blocker to continue...
2025-12-04 09:36:32,066-DEBUG-root-13800::webapp_internal::wait_blocker|2469:: Blocker status: False
2025-12-04 09:36:32,251-DEBUG-root-13800::webapp_internal::wait_element_timeout|7726:: Element found! Waiting for element to be displayed.
2025-12-04 09:36:32,426-DEBUG-root-13800::base::click|192:: Click Type: ClickType.JS
2025-12-04 09:36:32,609-DEBUG-root-13800::webapp_internal::fill_grid|6577:: Sending keys: 128
2025-12-04 09:36:32,902-DEBUG-root-13800::webapp_internal::wait_blocker|2444:: Waiting blocker to continue...
2025-12-04 09:36:33,029-DEBUG-root-13800::webapp_internal::wait_blocker|2469:: Blocker status: False
2025-12-04 09:36:33,185-DEBUG-root-13800::webapp_internal::wait_element_timeout|7726:: Element found! Waiting for element to be displayed.
2025-12-04 09:36:33,491-DEBUG-root-13800::webapp_internal::fill_grid|6466:: Column found!
2025-12-04 09:36:33,534-DEBUG-root-13800::base::click|192:: Click Type: ClickType.ACTIONCHAINS
2025-12-04 09:36:38,835-DEBUG-root-13800::webapp_internal::fill_grid|6498:: Trying open cell in grid!
2025-12-04 09:36:39,122-DEBUG-root-13800::webapp_internal::wait_blocker|2444:: Waiting blocker to continue...
2025-12-04 09:36:39,283-DEBUG-root-13800::webapp_internal::wait_blocker|2469:: Blocker status: False
2025-12-04 09:36:39,468-DEBUG-root-13800::webapp_internal::wait_element_timeout|7726:: Element found! Waiting for element to be displayed.
2025-12-04 09:36:39,667-DEBUG-root-13800::base::click|192:: Click Type: ClickType.JS
2025-12-04 09:36:39,853-DEBUG-root-13800::webapp_internal::fill_grid|6577:: Sending keys: 128
2025-12-04 09:36:40,150-DEBUG-root-13800::webapp_internal::wait_blocker|2444:: Waiting blocker to continue...
2025-12-04 09:36:40,291-DEBUG-root-13800::webapp_internal::wait_blocker|2469:: Blocker status: False
2025-12-04 09:36:40,448-DEBUG-root-13800::webapp_internal::wait_element_timeout|7726:: Element found! Waiting for element to be displayed.
2025-12-04 09:36:40,718-DEBUG-root-13800::webapp_internal::fill_grid|6466:: Column found!
2025-12-04 09:36:40,751-DEBUG-root-13800::base::click|192:: Click Type: ClickType.ACTIONCHAINS
2025-12-04 09:36:46,122-DEBUG-root-13800::webapp_internal::fill_grid|6498:: Trying open cell in grid!
2025-12-04 09:36:46,416-DEBUG-root-13800::webapp_internal::wait_blocker|2444:: Waiting blocker to continue...
2025-12-04 09:36:46,548-DEBUG-root-13800::webapp_internal::wait_blocker|2469:: Blocker status: False
2025-12-04 09:36:46,739-DEBUG-root-13800::webapp_internal::wait_element_timeout|7726:: Element found! Waiting for element to be displayed.
2025-12-04 09:36:46,921-DEBUG-root-13800::base::click|192:: Click Type: ClickType.JS
2025-12-04 09:36:47,102-DEBUG-root-13800::webapp_internal::fill_grid|6577:: Sending keys: 128
2025-12-04 09:36:47,393-DEBUG-root-13800::webapp_internal::wait_blocker|2444:: Waiting blocker to continue...
2025-12-04 09:36:47,518-DEBUG-root-13800::webapp_internal::wait_blocker|2469:: Blocker status: False
2025-12-04 09:36:47,671-DEBUG-root-13800::webapp_internal::wait_element_timeout|7726:: Element found! Waiting for element to be displayed.
2025-12-04 09:36:47,982-DEBUG-root-13800::webapp_internal::fill_grid|6466:: Column found!
2025-12-04 09:36:48,017-DEBUG-root-13800::base::click|192:: Click Type: ClickType.ACTIONCHAINS
2025-12-04 09:36:53,353-DEBUG-root-13800::webapp_internal::fill_grid|6498:: Trying open cell in grid!
2025-12-04 09:36:53,636-DEBUG-root-13800::webapp_internal::wait_blocker|2444:: Waiting blocker to continue...
2025-12-04 09:36:53,821-DEBUG-root-13800::webapp_internal::wait_blocker|2469:: Blocker status: False
2025-12-04 09:36:54,026-DEBUG-root-13800::webapp_internal::wait_element_timeout|7726:: Element found! Waiting for element to be displayed.
2025-12-04 09:36:54,221-DEBUG-root-13800::base::click|192:: Click Type: ClickType.JS
2025-12-04 09:36:54,408-DEBUG-root-13800::webapp_internal::fill_grid|6577:: Sending keys: 128
2025-12-04 09:36:54,699-DEBUG-root-13800::webapp_internal::wait_blocker|2444:: Waiting blocker to continue...
2025-12-04 09:36:54,822-DEBUG-root-13800::webapp_internal::wait_blocker|2469:: Blocker status: False
2025-12-04 09:36:54,980-DEBUG-root-13800::webapp_internal::wait_element_timeout|7726:: Element found! Waiting for element to be displayed.
2025-12-04 09:36:55,253-DEBUG-root-13800::webapp_internal::fill_grid|6466:: Column found!
2025-12-04 09:36:55,289-DEBUG-root-13800::base::click|192:: Click Type: ClickType.ACTIONCHAINS
2025-12-04 09:37:00,682-DEBUG-root-13800::webapp_internal::fill_grid|6498:: Trying open cell in grid!
2025-12-04 09:37:00,967-DEBUG-root-13800::webapp_internal::wait_blocker|2444:: Waiting blocker to continue...
2025-12-04 09:37:01,113-DEBUG-root-13800::webapp_internal::wait_blocker|2469:: Blocker status: False
2025-12-04 09:37:01,348-DEBUG-root-13800::webapp_internal::wait_element_timeout|7726:: Element found! Waiting for element to be displayed.
2025-12-04 09:37:01,513-DEBUG-root-13800::base::click|192:: Click Type: ClickType.JS
2025-12-04 09:37:01,706-DEBUG-root-13800::webapp_internal::fill_grid|6577:: Sending keys: 128
2025-12-04 09:37:02,019-DEBUG-root-13800::webapp_internal::wait_blocker|2444:: Waiting blocker to continue...
2025-12-04 09:37:02,164-DEBUG-root-13800::webapp_internal::wait_blocker|2469:: Blocker status: False
2025-12-04 09:37:02,321-DEBUG-root-13800::webapp_internal::wait_element_timeout|7726:: Element found! Waiting for element to be displayed.
2025-12-04 09:37:02,619-DEBUG-root-13800::webapp_internal::fill_grid|6466:: Column found!
2025-12-04 09:37:02,654-DEBUG-root-13800::base::click|192:: Click Type: ClickType.ACTIONCHAINS
2025-12-04 09:37:06,452-ERROR-root-13800::webapp_internal::web_scrap|3782:: Message: WebDriver session does not exist, or is not active
Stacktrace:
RemoteError@chrome://remote/content/shared/RemoteError.sys.mjs:8:8
WebDriverError@chrome://remote/content/shared/webdriver/Errors.sys.mjs:202:5
InvalidSessionIDError@chrome://remote/content/shared/webdriver/Errors.sys.mjs:472:5
assert.that/<@chrome://remote/content/shared/webdriver/Assert.sys.mjs:581:13
assert.session@chrome://remote/content/shared/webdriver/Assert.sys.mjs:38:4
dispatch@chrome://remote/content/marionette/server.sys.mjs:315:19
execute@chrome://remote/content/marionette/server.sys.mjs:289:16
onPacket/<@chrome://remote/content/marionette/server.sys.mjs:262:20
onPacket@chrome://remote/content/marionette/server.sys.mjs:263:9
_onJSONObjectReady/<@chrome://remote/content/marionette/transport.sys.mjs:494:20
Traceback (most recent call last):
  File "C:\TIR_TESTE\venv\Lib\site-packages\tir\technologies\core\base.py", line 501, in get_current_DOM
    self.driver.switch_to.default_content()
  File "C:\TIR_TESTE\venv\Lib\site-packages\selenium\webdriver\remote\switch_to.py", line 69, in default_content
    self._driver.execute(Command.SWITCH_TO_FRAME, {"id": None})
  File "C:\TIR_TESTE\venv\Lib\site-packages\selenium\webdriver\remote\webdriver.py", line 347, in execute
    self.error_handler.check_response(response)
  File "C:\TIR_TESTE\venv\Lib\site-packages\selenium\webdriver\remote\errorhandler.py", line 229, in check_response
    raise exception_class(message, screen, stacktrace)
selenium.common.exceptions.InvalidSessionIdException: Message: WebDriver session does not exist, or is not active
Stacktrace:
RemoteError@chrome://remote/content/shared/RemoteError.sys.mjs:8:8
WebDriverError@chrome://remote/content/shared/webdriver/Errors.sys.mjs:202:5
InvalidSessionIDError@chrome://remote/content/shared/webdriver/Errors.sys.mjs:472:5
assert.that/<@chrome://remote/content/shared/webdriver/Assert.sys.mjs:581:13
assert.session@chrome://remote/content/shared/webdriver/Assert.sys.mjs:38:4
dispatch@chrome://remote/content/marionette/server.sys.mjs:315:19
execute@chrome://remote/content/marionette/server.sys.mjs:289:16
onPacket/<@chrome://remote/content/marionette/server.sys.mjs:262:20
onPacket@chrome://remote/content/marionette/server.sys.mjs:263:9
_onJSONObjectReady/<@chrome://remote/content/marionette/transport.sys.mjs:494:20


During handling of the above exception, another exception occurred:

Traceback (most recent call last):
  File "C:\TIR_TESTE\venv\Lib\site-packages\tir\technologies\webapp_internal.py", line 3719, in web_scrap
    soup = self.get_current_DOM(twebview=twebview)
           ^^^^^^^^^^^^^^^^^^^^^^^^^^^^^^^^^^^^^^^
  File "C:\TIR_TESTE\venv\Lib\site-packages\tir\technologies\core\base.py", line 538, in get_current_DOM
    self.driver.switch_to.default_content()
  File "C:\TIR_TESTE\venv\Lib\site-packages\selenium\webdriver\remote\switch_to.py", line 69, in default_content
    self._driver.execute(Command.SWITCH_TO_FRAME, {"id": None})
  File "C:\TIR_TESTE\venv\Lib\site-packages\selenium\webdriver\remote\webdriver.py", line 347, in execute
    self.error_handler.check_response(response)
  File "C:\TIR_TESTE\venv\Lib\site-packages\selenium\webdriver\remote\errorhandler.py", line 229, in check_response
    raise exception_class(message, screen, stacktrace)
selenium.common.exceptions.InvalidSessionIdException: Message: WebDriver session does not exist, or is not active
Stacktrace:
RemoteError@chrome://remote/content/shared/RemoteError.sys.mjs:8:8
WebDriverError@chrome://remote/content/shared/webdriver/Errors.sys.mjs:202:5
InvalidSessionIDError@chrome://remote/content/shared/webdriver/Errors.sys.mjs:472:5
assert.that/<@chrome://remote/content/shared/webdriver/Assert.sys.mjs:581:13
assert.session@chrome://remote/content/shared/webdriver/Assert.sys.mjs:38:4
dispatch@chrome://remote/content/marionette/server.sys.mjs:315:19
execute@chrome://remote/content/marionette/server.sys.mjs:289:16
onPacket/<@chrome://remote/content/marionette/server.sys.mjs:262:20
onPacket@chrome://remote/content/marionette/server.sys.mjs:263:9
_onJSONObjectReady/<@chrome://remote/content/marionette/transport.sys.mjs:494:20

2025-12-04 09:37:06,978-ERROR-root-13800::webapp_internal::fill_grid|6675:: fill grid error: Message: Tried to run command without establishing a connection
Traceback (most recent call last):
  File "C:\TIR_TESTE\venv\Lib\site-packages\tir\technologies\core\base.py", line 501, in get_current_DOM
    self.driver.switch_to.default_content()
  File "C:\TIR_TESTE\venv\Lib\site-packages\selenium\webdriver\remote\switch_to.py", line 69, in default_content
    self._driver.execute(Command.SWITCH_TO_FRAME, {"id": None})
  File "C:\TIR_TESTE\venv\Lib\site-packages\selenium\webdriver\remote\webdriver.py", line 347, in execute
    self.error_handler.check_response(response)
  File "C:\TIR_TESTE\venv\Lib\site-packages\selenium\webdriver\remote\errorhandler.py", line 229, in check_response
    raise exception_class(message, screen, stacktrace)
selenium.common.exceptions.WebDriverException: Message: Failed to decode response from marionette


During handling of the above exception, another exception occurred:

Traceback (most recent call last):
  File "C:\TIR_TESTE\venv\Lib\site-packages\tir\technologies\webapp_internal.py", line 6492, in fill_grid
    while (time.time() < endtime_open_cell and not self.wait_element_timeout(term='wa-dialog',
                                                   ^^^^^^^^^^^^^^^^^^^^^^^^^^^^^^^^^^^^^^^^^^^
  File "C:\TIR_TESTE\venv\Lib\site-packages\tir\technologies\webapp_internal.py", line 7713, in wait_element_timeout
    if self.element_exists(term, scrap_type, position, optional_term, main_container, check_error, twebview):
       ^^^^^^^^^^^^^^^^^^^^^^^^^^^^^^^^^^^^^^^^^^^^^^^^^^^^^^^^^^^^^^^^^^^^^^^^^^^^^^^^^^^^^^^^^^^^^^^^^^^^^
  File "C:\TIR_TESTE\venv\Lib\site-packages\tir\technologies\webapp_internal.py", line 4073, in element_exists
    soup = self.get_current_DOM(twebview=twebview)
           ^^^^^^^^^^^^^^^^^^^^^^^^^^^^^^^^^^^^^^^
  File "C:\TIR_TESTE\venv\Lib\site-packages\tir\technologies\core\base.py", line 538, in get_current_DOM
    self.driver.switch_to.default_content()
  File "C:\TIR_TESTE\venv\Lib\site-packages\selenium\webdriver\remote\switch_to.py", line 69, in default_content
    self._driver.execute(Command.SWITCH_TO_FRAME, {"id": None})
  File "C:\TIR_TESTE\venv\Lib\site-packages\selenium\webdriver\remote\webdriver.py", line 347, in execute
    self.error_handler.check_response(response)
  File "C:\TIR_TESTE\venv\Lib\site-packages\selenium\webdriver\remote\errorhandler.py", line 229, in check_response
    raise exception_class(message, screen, stacktrace)
selenium.common.exceptions.InvalidSessionIdException: Message: Tried to run command without establishing a connection

2025-12-04 09:37:06,981-WARNING-root-13800::webapp_internal::log_error|8143:: Warning log_error fill grid error: Message: Tried to run command without establishing a connection

2025-12-04 09:37:06,981-DEBUG-root-13800::webapp_internal::log_error|8146:: ***System Info*** in log_error():
2025-12-04 09:37:06,982-DEBUG-root-13800::psutil_info::system_info|5:: CPU USAGE: 11.0%
2025-12-04 09:37:06,982-DEBUG-root-13800::psutil_info::system_info|6:: MEMORY USAGE: 84.3%
2025-12-04 09:37:06,983-DEBUG-root-13800::psutil_info::system_info|7:: MEMORY AVAILABLE: 15.72%
2025-12-04 09:37:07,012-ERROR-root-13800::webapp_internal::log_error|8181:: Warning Log Error Close Message: Tried to run command without establishing a connection
Traceback (most recent call last):
  File "C:\TIR_TESTE\venv\Lib\site-packages\tir\technologies\core\base.py", line 501, in get_current_DOM
    self.driver.switch_to.default_content()
  File "C:\TIR_TESTE\venv\Lib\site-packages\selenium\webdriver\remote\switch_to.py", line 69, in default_content
    self._driver.execute(Command.SWITCH_TO_FRAME, {"id": None})
  File "C:\TIR_TESTE\venv\Lib\site-packages\selenium\webdriver\remote\webdriver.py", line 347, in execute
    self.error_handler.check_response(response)
  File "C:\TIR_TESTE\venv\Lib\site-packages\selenium\webdriver\remote\errorhandler.py", line 229, in check_response
    raise exception_class(message, screen, stacktrace)
selenium.common.exceptions.WebDriverException: Message: Failed to decode response from marionette


During handling of the above exception, another exception occurred:

Traceback (most recent call last):
  File "C:\TIR_TESTE\venv\Lib\site-packages\tir\technologies\webapp_internal.py", line 6492, in fill_grid
    while (time.time() < endtime_open_cell and not self.wait_element_timeout(term='wa-dialog',
                                                   ^^^^^^^^^^^^^^^^^^^^^^^^^^^^^^^^^^^^^^^^^^^
  File "C:\TIR_TESTE\venv\Lib\site-packages\tir\technologies\webapp_internal.py", line 7713, in wait_element_timeout
    if self.element_exists(term, scrap_type, position, optional_term, main_container, check_error, twebview):
       ^^^^^^^^^^^^^^^^^^^^^^^^^^^^^^^^^^^^^^^^^^^^^^^^^^^^^^^^^^^^^^^^^^^^^^^^^^^^^^^^^^^^^^^^^^^^^^^^^^^^^
  File "C:\TIR_TESTE\venv\Lib\site-packages\tir\technologies\webapp_internal.py", line 4073, in element_exists
    soup = self.get_current_DOM(twebview=twebview)
           ^^^^^^^^^^^^^^^^^^^^^^^^^^^^^^^^^^^^^^^
  File "C:\TIR_TESTE\venv\Lib\site-packages\tir\technologies\core\base.py", line 538, in get_current_DOM
    self.driver.switch_to.default_content()
  File "C:\TIR_TESTE\venv\Lib\site-packages\selenium\webdriver\remote\switch_to.py", line 69, in default_content
    self._driver.execute(Command.SWITCH_TO_FRAME, {"id": None})
  File "C:\TIR_TESTE\venv\Lib\site-packages\selenium\webdriver\remote\webdriver.py", line 347, in execute
    self.error_handler.check_response(response)
  File "C:\TIR_TESTE\venv\Lib\site-packages\selenium\webdriver\remote\errorhandler.py", line 229, in check_response
    raise exception_class(message, screen, stacktrace)
selenium.common.exceptions.InvalidSessionIdException: Message: Tried to run command without establishing a connection


During handling of the above exception, another exception occurred:

Traceback (most recent call last):
  File "C:\TIR_TESTE\venv\Lib\site-packages\tir\technologies\webapp_internal.py", line 8179, in log_error
    self.driver.close()
  File "C:\TIR_TESTE\venv\Lib\site-packages\selenium\webdriver\remote\webdriver.py", line 458, in close
    self.execute(Command.CLOSE)
  File "C:\TIR_TESTE\venv\Lib\site-packages\selenium\webdriver\remote\webdriver.py", line 347, in execute
    self.error_handler.check_response(response)
  File "C:\TIR_TESTE\venv\Lib\site-packages\selenium\webdriver\remote\errorhandler.py", line 229, in check_response
    raise exception_class(message, screen, stacktrace)
selenium.common.exceptions.InvalidSessionIdException: Message: Tried to run command without establishing a connection

2025-12-04 09:37:07,013-ERROR-root-13800::webapp_internal::SetKey|5901:: False is not true : Convenio - fill grid error: Message: Tried to run command without establishing a connection
Traceback (most recent call last):
  File "C:\TIR_TESTE\venv\Lib\site-packages\tir\technologies\core\base.py", line 501, in get_current_DOM
    self.driver.switch_to.default_content()
  File "C:\TIR_TESTE\venv\Lib\site-packages\selenium\webdriver\remote\switch_to.py", line 69, in default_content
    self._driver.execute(Command.SWITCH_TO_FRAME, {"id": None})
  File "C:\TIR_TESTE\venv\Lib\site-packages\selenium\webdriver\remote\webdriver.py", line 347, in execute
    self.error_handler.check_response(response)
  File "C:\TIR_TESTE\venv\Lib\site-packages\selenium\webdriver\remote\errorhandler.py", line 229, in check_response
    raise exception_class(message, screen, stacktrace)
selenium.common.exceptions.WebDriverException: Message: Failed to decode response from marionette


During handling of the above exception, another exception occurred:

Traceback (most recent call last):
  File "C:\TIR_TESTE\venv\Lib\site-packages\tir\technologies\webapp_internal.py", line 6492, in fill_grid
    while (time.time() < endtime_open_cell and not self.wait_element_timeout(term='wa-dialog',
                                                   ^^^^^^^^^^^^^^^^^^^^^^^^^^^^^^^^^^^^^^^^^^^
  File "C:\TIR_TESTE\venv\Lib\site-packages\tir\technologies\webapp_internal.py", line 7713, in wait_element_timeout
    if self.element_exists(term, scrap_type, position, optional_term, main_container, check_error, twebview):
       ^^^^^^^^^^^^^^^^^^^^^^^^^^^^^^^^^^^^^^^^^^^^^^^^^^^^^^^^^^^^^^^^^^^^^^^^^^^^^^^^^^^^^^^^^^^^^^^^^^^^^
  File "C:\TIR_TESTE\venv\Lib\site-packages\tir\technologies\webapp_internal.py", line 4073, in element_exists
    soup = self.get_current_DOM(twebview=twebview)
           ^^^^^^^^^^^^^^^^^^^^^^^^^^^^^^^^^^^^^^^
  File "C:\TIR_TESTE\venv\Lib\site-packages\tir\technologies\core\base.py", line 538, in get_current_DOM
    self.driver.switch_to.default_content()
  File "C:\TIR_TESTE\venv\Lib\site-packages\selenium\webdriver\remote\switch_to.py", line 69, in default_content
    self._driver.execute(Command.SWITCH_TO_FRAME, {"id": None})
  File "C:\TIR_TESTE\venv\Lib\site-packages\selenium\webdriver\remote\webdriver.py", line 347, in execute
    self.error_handler.check_response(response)
  File "C:\TIR_TESTE\venv\Lib\site-packages\selenium\webdriver\remote\errorhandler.py", line 229, in check_response
    raise exception_class(message, screen, stacktrace)
selenium.common.exceptions.InvalidSessionIdException: Message: Tried to run command without establishing a connection


During handling of the above exception, another exception occurred:

Traceback (most recent call last):
  File "C:\TIR_TESTE\venv\Lib\site-packages\tir\technologies\webapp_internal.py", line 5861, in SetKey
    self.LoadGrid()
  File "C:\TIR_TESTE\venv\Lib\site-packages\tir\technologies\webapp_internal.py", line 6301, in LoadGrid
    self.fill_grid(field, x3_dictionaries, initial_layer, duplicate_fields)
  File "C:\TIR_TESTE\venv\Lib\site-packages\tir\technologies\webapp_internal.py", line 6676, in fill_grid
    self.log_error(f'fill grid error: {str(e)}')
  File "C:\TIR_TESTE\venv\Lib\site-packages\tir\technologies\webapp_internal.py", line 8206, in log_error
    self.assertTrue(False, log_message)
  File "C:\Users\97137227104\AppData\Local\Programs\Python\Python312\Lib\unittest\case.py", line 727, in assertTrue
    raise self.failureException(msg)
AssertionError: False is not true : Convenio - fill grid error: Message: Tried to run command without establishing a connection

2025-12-04 09:37:07,016-DEBUG-root-13800::webapp_internal::wait_blocker|2444:: Waiting blocker to continue...
2025-12-04 09:37:07,019-DEBUG-root-13800::webapp_internal::wait_blocker|2469:: Blocker status: None
2025-12-04 09:37:07,019-INFO-root-13800::webapp_internal::SetKey|5822:: Key pressed: TAB
2025-12-04 09:37:07,019-DEBUG-root-13800::webapp_internal::SetKey|5857:: Trying press key
2025-12-04 09:37:07,019-DEBUG-root-13800::webapp_internal::wait_element|7623:: Waiting for element
2025-12-04 09:37:07,022-WARNING-root-13800::webapp_internal::log_error|8143:: Warning log_error SetKey - Screen is not load: Message: Tried to run command without establishing a connection

2025-12-04 09:37:07,022-DEBUG-root-13800::webapp_internal::log_error|8146:: ***System Info*** in log_error():
2025-12-04 09:37:07,023-DEBUG-root-13800::psutil_info::system_info|5:: CPU USAGE: 20.5%
2025-12-04 09:37:07,023-DEBUG-root-13800::psutil_info::system_info|6:: MEMORY USAGE: 84.3%
2025-12-04 09:37:07,024-DEBUG-root-13800::psutil_info::system_info|7:: MEMORY AVAILABLE: 15.73%
2025-12-04 09:37:07,047-ERROR-root-13800::webapp_internal::log_error|8181:: Warning Log Error Close Message: Tried to run command without establishing a connection
Traceback (most recent call last):
  File "C:\TIR_TESTE\venv\Lib\site-packages\tir\technologies\core\base.py", line 501, in get_current_DOM
    self.driver.switch_to.default_content()
  File "C:\TIR_TESTE\venv\Lib\site-packages\selenium\webdriver\remote\switch_to.py", line 69, in default_content
    self._driver.execute(Command.SWITCH_TO_FRAME, {"id": None})
  File "C:\TIR_TESTE\venv\Lib\site-packages\selenium\webdriver\remote\webdriver.py", line 347, in execute
    self.error_handler.check_response(response)
  File "C:\TIR_TESTE\venv\Lib\site-packages\selenium\webdriver\remote\errorhandler.py", line 229, in check_response
    raise exception_class(message, screen, stacktrace)
selenium.common.exceptions.InvalidSessionIdException: Message: Tried to run command without establishing a connection


During handling of the above exception, another exception occurred:

Traceback (most recent call last):
  File "C:\TIR_TESTE\venv\Lib\site-packages\tir\technologies\webapp_internal.py", line 5861, in SetKey
    self.LoadGrid()
  File "C:\TIR_TESTE\venv\Lib\site-packages\tir\technologies\webapp_internal.py", line 6284, in LoadGrid
    self.wait_element(term=selector, scrap_type=enum.ScrapType.CSS_SELECTOR)
  File "C:\TIR_TESTE\venv\Lib\site-packages\tir\technologies\webapp_internal.py", line 7626, in wait_element
    while (not self.element_exists(term, scrap_type, position, optional_term, main_container, check_error, twebview, second_term) and time.time() < endtime):
               ^^^^^^^^^^^^^^^^^^^^^^^^^^^^^^^^^^^^^^^^^^^^^^^^^^^^^^^^^^^^^^^^^^^^^^^^^^^^^^^^^^^^^^^^^^^^^^^^^^^^^^^^^^^^^^^^^^
  File "C:\TIR_TESTE\venv\Lib\site-packages\tir\technologies\webapp_internal.py", line 4073, in element_exists
    soup = self.get_current_DOM(twebview=twebview)
           ^^^^^^^^^^^^^^^^^^^^^^^^^^^^^^^^^^^^^^^
  File "C:\TIR_TESTE\venv\Lib\site-packages\tir\technologies\core\base.py", line 538, in get_current_DOM
    self.driver.switch_to.default_content()
  File "C:\TIR_TESTE\venv\Lib\site-packages\selenium\webdriver\remote\switch_to.py", line 69, in default_content
    self._driver.execute(Command.SWITCH_TO_FRAME, {"id": None})
  File "C:\TIR_TESTE\venv\Lib\site-packages\selenium\webdriver\remote\webdriver.py", line 347, in execute
    self.error_handler.check_response(response)
  File "C:\TIR_TESTE\venv\Lib\site-packages\selenium\webdriver\remote\errorhandler.py", line 229, in check_response
    raise exception_class(message, screen, stacktrace)
selenium.common.exceptions.InvalidSessionIdException: Message: Tried to run command without establishing a connection


During handling of the above exception, another exception occurred:

Traceback (most recent call last):
  File "C:\TIR_TESTE\venv\Lib\site-packages\tir\technologies\webapp_internal.py", line 8179, in log_error
    self.driver.close()
  File "C:\TIR_TESTE\venv\Lib\site-packages\selenium\webdriver\remote\webdriver.py", line 458, in close
    self.execute(Command.CLOSE)
  File "C:\TIR_TESTE\venv\Lib\site-packages\selenium\webdriver\remote\webdriver.py", line 347, in execute
    self.error_handler.check_response(response)
  File "C:\TIR_TESTE\venv\Lib\site-packages\selenium\webdriver\remote\errorhandler.py", line 229, in check_response
    raise exception_class(message, screen, stacktrace)
selenium.common.exceptions.InvalidSessionIdException: Message: Tried to run command without establishing a connection

2025-12-04 09:37:07,667-ERROR-root-13800::webapp_internal::TearDown|9654:: Warning tearDown Close Message: Tried to run command without establishing a connection
Traceback (most recent call last):
  File "C:\TIR_TESTE\venv\Lib\site-packages\tir\technologies\webapp_internal.py", line 9652, in TearDown
    self.driver.close()
  File "C:\TIR_TESTE\venv\Lib\site-packages\selenium\webdriver\remote\webdriver.py", line 458, in close
    self.execute(Command.CLOSE)
  File "C:\TIR_TESTE\venv\Lib\site-packages\selenium\webdriver\remote\webdriver.py", line 347, in execute
    self.error_handler.check_response(response)
  File "C:\TIR_TESTE\venv\Lib\site-packages\selenium\webdriver\remote\errorhandler.py", line 229, in check_response
    raise exception_class(message, screen, stacktrace)
selenium.common.exceptions.InvalidSessionIdException: Message: Tried to run command without establishing a connection

