2025-12-16 09:00:15,662-DEBUG-root-36340::logging_config::logger|189:: Log file created: 'Log\GESIT03\TIR__20251216090015656.log'
2025-12-16 09:00:15,663-INFO-root-36340::base::Start|1183:: TIR Version: 2.4.3
2025-12-16 09:00:15,663-INFO-root-36340::base::Start|1184:: Python Version: 3.12.10
2025-12-16 09:00:15,663-INFO-root-36340::base::Start|1185:: Starting the browser
2025-12-16 09:00:23,009-INFO-root-36340::base::get_url|1294:: Page is ready!
2025-12-16 09:00:23,024-INFO-root-36340::base::Start|1256:: Browser maximized to 1936x1048
2025-12-16 09:00:23,024-INFO-root-36340::base::Start|1258:: Screen size is different from default used in headless mode
2025-12-16 09:00:23,815-INFO-root-36340::webapp_internal::Setup|247:: ***System Info*** in Setup():
2025-12-16 09:00:23,816-DEBUG-root-36340::psutil_info::system_info|5:: CPU USAGE: 17.7%
2025-12-16 09:00:23,816-DEBUG-root-36340::psutil_info::system_info|6:: MEMORY USAGE: 87.9%
2025-12-16 09:00:23,816-DEBUG-root-36340::psutil_info::system_info|7:: MEMORY AVAILABLE: 12.06%
2025-12-16 09:00:23,836-INFO-root-36340::base::webapp_shadowroot|1394:: Webapp: 10.1.6-RC4
2025-12-16 09:00:23,978-INFO-root-36340::webapp_internal::filling_initial_program|449:: Filling Initial Program: "SIGAMDI"
2025-12-16 09:00:23,978-DEBUG-root-36340::webapp_internal::wait_element|7623:: Waiting for element
2025-12-16 09:00:24,054-DEBUG-root-36340::webapp_internal::wait_element|7653:: Element found! Waiting for element to be displayed.
2025-12-16 09:00:24,206-DEBUG-root-36340::base::click|192:: Click Type: ClickType.JS
2025-12-16 09:00:24,245-DEBUG-root-36340::webapp_internal::try_send_keys|7976:: Trying to send keys to element using technique 0
2025-12-16 09:00:25,437-DEBUG-root-36340::webapp_internal::get_web_value|3232:: Current value: SIGAMDI
2025-12-16 09:00:25,438-INFO-root-36340::webapp_internal::filling_server_environment|463:: Filling Server Environment: "POUPEX_TST"
2025-12-16 09:00:25,438-DEBUG-root-36340::webapp_internal::wait_element|7623:: Waiting for element
2025-12-16 09:00:25,462-DEBUG-root-36340::webapp_internal::wait_element|7653:: Element found! Waiting for element to be displayed.
2025-12-16 09:00:25,614-DEBUG-root-36340::base::click|192:: Click Type: ClickType.JS
2025-12-16 09:00:25,618-DEBUG-root-36340::webapp_internal::try_send_keys|7976:: Trying to send keys to element using technique 0
2025-12-16 09:00:26,054-DEBUG-root-36340::webapp_internal::get_web_value|3232:: Current value: POUPEX_TST
2025-12-16 09:00:26,083-DEBUG-root-36340::base::click|192:: Click Type: ClickType.JS
2025-12-16 09:00:26,114-DEBUG-root-36340::webapp_internal::user_screen|519:: Filling user screen
2025-12-16 09:00:32,696-DEBUG-root-36340::webapp_internal::wait_element_timeout|7726:: Element found! Waiting for element to be displayed.
2025-12-16 09:00:32,751-DEBUG-root-36340::base::scroll_to_element|759:: ********Warining scroll_to_element exception: Message: TypeError: can't access property "scrollIntoView", arguments[0] is null
Stacktrace:
@https://qasrverp:10020/webapp/:2:7
@https://qasrverp:10020/webapp/:3:8
*********
2025-12-16 09:00:32,942-INFO-root-36340::webapp_internal::user_screen|561:: Filling User
2025-12-16 09:00:32,975-DEBUG-root-36340::base::double_click|259:: Click Type: ClickType.SELENIUM
2025-12-16 09:00:33,174-DEBUG-root-36340::webapp_internal::get_web_value|3232:: Current value: 97137227104
2025-12-16 09:00:33,197-INFO-root-36340::webapp_internal::user_screen|621:: Filling Password
2025-12-16 09:00:33,215-DEBUG-root-36340::base::click|192:: Click Type: ClickType.JS
2025-12-16 09:00:33,276-DEBUG-root-36340::webapp_internal::get_web_value|3232:: Current value: Deire20191817+
2025-12-16 09:00:33,276-DEBUG-root-36340::webapp_internal::wait_blocker|2444:: Waiting blocker to continue...
2025-12-16 09:00:33,304-DEBUG-root-36340::webapp_internal::wait_blocker|2469:: Blocker status: None
2025-12-16 09:00:33,324-DEBUG-root-36340::webapp_internal::wait_blocker|2444:: Waiting blocker to continue...
2025-12-16 09:00:33,350-DEBUG-root-36340::webapp_internal::wait_blocker|2469:: Blocker status: None
2025-12-16 09:00:33,384-DEBUG-root-36340::webapp_internal::wait_blocker|2444:: Waiting blocker to continue...
2025-12-16 09:00:33,414-DEBUG-root-36340::webapp_internal::wait_blocker|2469:: Blocker status: None
2025-12-16 09:00:33,415-DEBUG-root-36340::webapp_internal::send_action|10480:: Trying to send action
2025-12-16 09:00:33,421-DEBUG-root-36340::base::click|192:: Click Type: ClickType.JS
2025-12-16 09:00:34,462-DEBUG-root-36340::webapp_internal::send_action|10522:: send_action method result = True
2025-12-16 09:00:34,463-DEBUG-root-36340::webapp_internal::send_action|10523:: send_action selenium status: False
2025-12-16 09:00:37,091-DEBUG-root-36340::base::scroll_to_element|759:: ********Warining scroll_to_element exception: Message: TypeError: can't access property "scrollIntoView", arguments[0] is null
Stacktrace:
@https://qasrverp:10020/webapp/:2:7
@https://qasrverp:10020/webapp/:3:8
*********
2025-12-16 09:00:37,153-INFO-root-36340::webapp_internal::filling_date|885:: Filling Date: "17/09/2025"
2025-12-16 09:00:37,153-DEBUG-root-36340::webapp_internal::wait_blocker|2444:: Waiting blocker to continue...
2025-12-16 09:00:37,229-DEBUG-root-36340::webapp_internal::wait_blocker|2469:: Blocker status: None
2025-12-16 09:00:37,244-DEBUG-root-36340::base::click|192:: Click Type: ClickType.JS
2025-12-16 09:00:37,334-DEBUG-root-36340::webapp_internal::try_send_keys|7976:: Trying to send keys to element using technique 1
2025-12-16 09:00:37,421-DEBUG-root-36340::webapp_internal::get_web_value|3232:: Current value: 17/09/2025
2025-12-16 09:00:38,499-INFO-root-36340::webapp_internal::filling_group|955:: Filling Group: "02"
2025-12-16 09:00:38,499-DEBUG-root-36340::webapp_internal::wait_blocker|2444:: Waiting blocker to continue...
2025-12-16 09:00:38,533-DEBUG-root-36340::webapp_internal::wait_blocker|2469:: Blocker status: None
2025-12-16 09:00:38,537-DEBUG-root-36340::base::click|192:: Click Type: ClickType.JS
2025-12-16 09:00:38,578-DEBUG-root-36340::webapp_internal::get_web_value|3232:: Current value: 02
2025-12-16 09:00:39,637-INFO-root-36340::webapp_internal::filling_branch|1047:: Filling Branch: "02DF0001"
2025-12-16 09:00:39,638-DEBUG-root-36340::webapp_internal::wait_blocker|2444:: Waiting blocker to continue...
2025-12-16 09:00:39,680-DEBUG-root-36340::webapp_internal::wait_blocker|2469:: Blocker status: None
2025-12-16 09:00:39,683-DEBUG-root-36340::base::click|192:: Click Type: ClickType.JS
2025-12-16 09:00:39,726-DEBUG-root-36340::webapp_internal::get_web_value|3232:: Current value: 02DF0001
2025-12-16 09:00:40,815-INFO-root-36340::webapp_internal::filling_environment|1113:: Filling Environment: "07"
2025-12-16 09:00:40,815-DEBUG-root-36340::webapp_internal::wait_blocker|2444:: Waiting blocker to continue...
2025-12-16 09:00:40,849-DEBUG-root-36340::webapp_internal::wait_blocker|2469:: Blocker status: None
2025-12-16 09:00:40,851-DEBUG-root-36340::base::click|192:: Click Type: ClickType.JS
2025-12-16 09:00:40,892-DEBUG-root-36340::webapp_internal::get_web_value|3232:: Current value: 07
2025-12-16 09:00:41,902-DEBUG-root-36340::webapp_internal::close_warning_screen|1489:: Closing warning screen!
2025-12-16 09:00:42,933-DEBUG-root-36340::webapp_internal::check_screen_element|1291:: Checking screen element: "Atenção": False
2025-12-16 09:00:44,032-INFO-root-36340::webapp_internal::environment_screen|796:: Clicking on Button
2025-12-16 09:00:44,032-DEBUG-root-36340::webapp_internal::wait_blocker|2444:: Waiting blocker to continue...
2025-12-16 09:00:44,063-DEBUG-root-36340::webapp_internal::wait_blocker|2469:: Blocker status: None
2025-12-16 09:00:44,066-DEBUG-root-36340::base::click|192:: Click Type: ClickType.JS
2025-12-16 09:00:45,076-DEBUG-root-36340::base::click|192:: Click Type: ClickType.JS
2025-12-16 09:00:46,083-DEBUG-root-36340::base::click|192:: Click Type: ClickType.JS
2025-12-16 09:00:47,090-DEBUG-root-36340::base::click|192:: Click Type: ClickType.JS
2025-12-16 09:00:48,098-DEBUG-root-36340::base::click|192:: Click Type: ClickType.JS
2025-12-16 09:00:49,105-DEBUG-root-36340::base::click|192:: Click Type: ClickType.JS
2025-12-16 09:00:50,113-DEBUG-root-36340::webapp_internal::close_screen_before_menu|368:: Closing screen before the menu
2025-12-16 09:00:50,166-DEBUG-root-36340::webapp_internal::close_warning_screen|1489:: Closing warning screen!
2025-12-16 09:00:51,207-DEBUG-root-36340::webapp_internal::check_screen_element|1291:: Checking screen element: "Atenção": False
2025-12-16 09:00:51,208-DEBUG-root-36340::webapp_internal::close_coin_screen|1424:: Closing coin screen!
2025-12-16 09:00:51,759-DEBUG-root-36340::base::click|192:: Click Type: ClickType.JS
2025-12-16 09:00:51,816-DEBUG-root-36340::webapp_internal::close_warning_screen|1489:: Closing warning screen!
2025-12-16 09:00:52,962-DEBUG-root-36340::webapp_internal::check_screen_element|1291:: Checking screen element: "Atenção": False
2025-12-16 09:00:52,962-DEBUG-root-36340::webapp_internal::close_coin_screen|1424:: Closing coin screen!
2025-12-16 09:00:53,059-INFO-root-36340::webapp_internal::set_log_info|1623:: Getting log info
2025-12-16 09:00:53,059-INFO-root-36340::webapp_internal::SetLateralMenu|4184:: Navigating lateral menu: Ajuda > Sobre
2025-12-16 09:00:53,068-DEBUG-root-36340::webapp_internal::wait_element|7623:: Waiting for element
2025-12-16 09:00:53,119-DEBUG-root-36340::webapp_internal::wait_element|7653:: Element found! Waiting for element to be displayed.
2025-12-16 09:00:53,287-INFO-root-36340::webapp_internal::SetLateralMenu|4203:: Menu item: "Ajuda"
2025-12-16 09:00:53,287-DEBUG-root-36340::webapp_internal::wait_blocker|2444:: Waiting blocker to continue...
2025-12-16 09:00:53,346-DEBUG-root-36340::webapp_internal::wait_blocker|2469:: Blocker status: False
2025-12-16 09:00:53,761-DEBUG-root-36340::webapp_internal::wait_element_timeout|7726:: Element found! Waiting for element to be displayed.
2025-12-16 09:00:54,024-DEBUG-root-36340::webapp_internal::wait_blocker|2444:: Waiting blocker to continue...
2025-12-16 09:00:54,080-DEBUG-root-36340::webapp_internal::wait_blocker|2469:: Blocker status: False
2025-12-16 09:00:56,377-INFO-root-36340::webapp_internal::SetLateralMenu|4203:: Menu item: "Sobre"
2025-12-16 09:00:56,377-DEBUG-root-36340::webapp_internal::wait_blocker|2444:: Waiting blocker to continue...
2025-12-16 09:00:56,438-DEBUG-root-36340::webapp_internal::wait_blocker|2469:: Blocker status: False
2025-12-16 09:00:56,815-DEBUG-root-36340::webapp_internal::wait_element_timeout|7726:: Element found! Waiting for element to be displayed.
2025-12-16 09:00:57,147-DEBUG-root-36340::webapp_internal::wait_blocker|2444:: Waiting blocker to continue...
2025-12-16 09:00:57,234-DEBUG-root-36340::webapp_internal::wait_blocker|2469:: Blocker status: False
2025-12-16 09:00:59,948-DEBUG-root-36340::webapp_internal::wait_blocker|2444:: Waiting blocker to continue...
2025-12-16 09:01:00,014-DEBUG-root-36340::webapp_internal::wait_blocker|2469:: Blocker status: False
2025-12-16 09:01:00,084-DEBUG-root-36340::webapp_internal::wait_element|7623:: Waiting for element
2025-12-16 09:01:00,124-DEBUG-root-36340::webapp_internal::wait_element|7653:: Element found! Waiting for element to be displayed.
2025-12-16 09:01:00,290-INFO-root-36340::webapp_internal::SetButton|4444:: Clicking on Fechar
2025-12-16 09:01:00,290-DEBUG-root-36340::webapp_internal::wait_blocker|2444:: Waiting blocker to continue...
2025-12-16 09:01:00,363-DEBUG-root-36340::webapp_internal::wait_blocker|2469:: Blocker status: False
2025-12-16 09:01:00,538-DEBUG-root-36340::webapp_internal::wait_element_timeout|7726:: Element found! Waiting for element to be displayed.
2025-12-16 09:01:00,609-DEBUG-root-36340::webapp_internal::SetButton|4481:: ***System Info*** Before Clicking on button:Fechar
2025-12-16 09:01:00,609-DEBUG-root-36340::psutil_info::system_info|5:: CPU USAGE: 9.7%
2025-12-16 09:01:00,609-DEBUG-root-36340::psutil_info::system_info|6:: MEMORY USAGE: 87.3%
2025-12-16 09:01:00,609-DEBUG-root-36340::psutil_info::system_info|7:: MEMORY AVAILABLE: 12.68%
2025-12-16 09:01:00,771-DEBUG-root-36340::webapp_internal::wait_element_timeout|7726:: Element found! Waiting for element to be displayed.
2025-12-16 09:01:00,869-DEBUG-root-36340::webapp_internal::wait_blocker|2444:: Waiting blocker to continue...
2025-12-16 09:01:00,965-DEBUG-root-36340::webapp_internal::wait_blocker|2469:: Blocker status: False
2025-12-16 09:01:00,981-DEBUG-root-36340::webapp_internal::wait_blocker|2444:: Waiting blocker to continue...
2025-12-16 09:01:01,046-DEBUG-root-36340::webapp_internal::wait_blocker|2469:: Blocker status: False
2025-12-16 09:01:01,046-DEBUG-root-36340::webapp_internal::send_action|10480:: Trying to send action
2025-12-16 09:01:01,048-DEBUG-root-36340::base::click|192:: Click Type: ClickType.JS
2025-12-16 09:01:02,081-DEBUG-root-36340::webapp_internal::send_action|10522:: send_action method result = True
2025-12-16 09:01:02,081-DEBUG-root-36340::webapp_internal::send_action|10523:: send_action selenium status: False
2025-12-16 09:01:02,082-DEBUG-root-36340::webapp_internal::SetButton|4683:: ***System Info*** After Clicking on button:
2025-12-16 09:01:02,082-DEBUG-root-36340::psutil_info::system_info|5:: CPU USAGE: 7.1%
2025-12-16 09:01:02,082-DEBUG-root-36340::psutil_info::system_info|6:: MEMORY USAGE: 87.0%
2025-12-16 09:01:02,082-DEBUG-root-36340::psutil_info::system_info|7:: MEMORY AVAILABLE: 13.04%
2025-12-16 09:01:02,083-DEBUG-root-36340::webapp_internal::wait_element|7623:: Waiting for element
2025-12-16 09:01:02,161-INFO-root-36340::webapp_internal::SetLateralMenu|4184:: Navigating lateral menu: Atualizações > Lançamentos > Lancamentos Avulso
2025-12-16 09:01:02,169-DEBUG-root-36340::webapp_internal::wait_element|7623:: Waiting for element
2025-12-16 09:01:02,206-DEBUG-root-36340::webapp_internal::wait_element|7653:: Element found! Waiting for element to be displayed.
2025-12-16 09:01:02,379-INFO-root-36340::webapp_internal::SetLateralMenu|4203:: Menu item: "Atualizações"
2025-12-16 09:01:02,381-DEBUG-root-36340::webapp_internal::wait_blocker|2444:: Waiting blocker to continue...
2025-12-16 09:01:02,444-DEBUG-root-36340::webapp_internal::wait_blocker|2469:: Blocker status: False
2025-12-16 09:01:02,829-DEBUG-root-36340::webapp_internal::wait_element_timeout|7726:: Element found! Waiting for element to be displayed.
2025-12-16 09:01:03,153-DEBUG-root-36340::webapp_internal::wait_blocker|2444:: Waiting blocker to continue...
2025-12-16 09:01:03,211-DEBUG-root-36340::webapp_internal::wait_blocker|2469:: Blocker status: False
2025-12-16 09:01:05,496-INFO-root-36340::webapp_internal::SetLateralMenu|4203:: Menu item: "Lançamentos"
2025-12-16 09:01:05,496-DEBUG-root-36340::webapp_internal::wait_blocker|2444:: Waiting blocker to continue...
2025-12-16 09:01:05,599-DEBUG-root-36340::webapp_internal::wait_blocker|2469:: Blocker status: False
2025-12-16 09:01:06,302-DEBUG-root-36340::webapp_internal::wait_element_timeout|7726:: Element found! Waiting for element to be displayed.
2025-12-16 09:01:06,965-DEBUG-root-36340::webapp_internal::wait_blocker|2444:: Waiting blocker to continue...
2025-12-16 09:01:07,051-DEBUG-root-36340::webapp_internal::wait_blocker|2469:: Blocker status: False
2025-12-16 09:01:09,351-INFO-root-36340::webapp_internal::SetLateralMenu|4203:: Menu item: "Lancamentos Avulso"
2025-12-16 09:01:09,351-DEBUG-root-36340::webapp_internal::wait_blocker|2444:: Waiting blocker to continue...
2025-12-16 09:01:09,434-DEBUG-root-36340::webapp_internal::wait_blocker|2469:: Blocker status: False
2025-12-16 09:01:10,404-DEBUG-root-36340::webapp_internal::wait_element_timeout|7726:: Element found! Waiting for element to be displayed.
2025-12-16 09:01:11,272-DEBUG-root-36340::webapp_internal::wait_blocker|2444:: Waiting blocker to continue...
2025-12-16 09:01:11,362-DEBUG-root-36340::webapp_internal::wait_blocker|2469:: Blocker status: False
2025-12-16 09:01:15,036-DEBUG-root-36340::webapp_internal::wait_blocker|2444:: Waiting blocker to continue...
2025-12-16 09:01:15,116-DEBUG-root-36340::webapp_internal::wait_blocker|2469:: Blocker status: False
2025-12-16 09:01:15,194-INFO-root-36340::webapp_internal::WaitShow|4980:: Waiting show text 'Este ambiente utiliza base de Homologação.'...
2025-12-16 09:01:20,859-DEBUG-root-36340::log::checks_empty_line|221:: Checking empty default log info
2025-12-16 09:01:20,862-DEBUG-root-36340::log::generate_log|503:: Json log_data: {'cLogDtExec': '16/12/2025 09:01:20', 'cLogNomUsr': '97137227104', 'cLogNomEst': 'GESIT03', 'cLogProgra': None, 'cLogDtProg': '', 'cLogHrProg': '', 'nLogCtsOk': 1, 'nLogCtsNok': 0, 'nLogCtsSeg': 65.56, 'cLogVersao': '12', 'cLogReleas': '12.1.2410', 'nLogCtsErr': '', 'cLogBancod': 'ORACLE', 'cLogIdenti': '', 'cLogIdExec': '20251216', 'cLogPais': 'BRA', 'cLogTool': 'TIR', 'cLogSequen': '5da9ce', 'nLogCtsTot': 1, 'cLogDtExea': '16/12/2025', 'cLogHrExea': '09:01:20', 'cLogArea': 'Desenvolvimento', 'cLogMnExec': 1.0926666666666667}
2025-12-16 09:01:20,862-INFO-root-36340::log::send_log_with_retries|515:: Saving log locally.
2025-12-16 09:01:20,863-INFO-root-36340::log::save_log_locally|548:: [FwSendLog]: Não foi possível enviar o log após todas as tentativas.
2025-12-16 09:01:20,864-INFO-root-36340::log::save_log_locally|555:: [FwSendLog]: Log salvo localmente em C:\TIR_TESTE\1765886480.json.
2025-12-16 09:01:20,865-INFO-root-36340::webapp_internal::WaitShow|4980:: Waiting show text 'Moedas'...
2025-12-16 09:01:25,988-DEBUG-root-36340::webapp_internal::wait_blocker|2444:: Waiting blocker to continue...
2025-12-16 09:01:26,081-DEBUG-root-36340::webapp_internal::wait_blocker|2469:: Blocker status: False
2025-12-16 09:01:26,082-INFO-root-36340::webapp_internal::SearchBrowse|2003:: Searching: 02DF0001228383
2025-12-16 09:01:26,229-DEBUG-root-36340::webapp_internal::wait_element_timeout|7726:: Element found! Waiting for element to be displayed.
2025-12-16 09:01:26,312-DEBUG-root-36340::webapp_internal::wait_element|7623:: Waiting for element
2025-12-16 09:01:26,389-DEBUG-root-36340::webapp_internal::wait_element|7653:: Element found! Waiting for element to be displayed.
2025-12-16 09:01:26,701-DEBUG-root-36340::base::click|192:: Click Type: ClickType.JS
2025-12-16 09:01:28,493-DEBUG-root-36340::webapp_internal::wait_blocker|2444:: Waiting blocker to continue...
2025-12-16 09:01:28,595-DEBUG-root-36340::webapp_internal::wait_blocker|2469:: Blocker status: False
2025-12-16 09:01:28,602-DEBUG-root-36340::webapp_internal::wait_blocker|2444:: Waiting blocker to continue...
2025-12-16 09:01:28,706-DEBUG-root-36340::webapp_internal::wait_blocker|2469:: Blocker status: False
2025-12-16 09:01:28,706-INFO-root-36340::webapp_internal::fill_search_browse|2399:: Filling: 02DF0001228383
2025-12-16 09:01:28,716-DEBUG-root-36340::base::click|192:: Click Type: ClickType.JS
2025-12-16 09:01:29,813-DEBUG-root-36340::webapp_internal::wait_blocker|2444:: Waiting blocker to continue...
2025-12-16 09:01:29,914-DEBUG-root-36340::webapp_internal::wait_blocker|2469:: Blocker status: False
2025-12-16 09:01:29,915-DEBUG-root-36340::base::double_click|259:: Click Type: ClickType.SELENIUM
2025-12-16 09:01:29,925-WARNING-root-36340::base::double_click|280:: Warning double_click method Exception: Message: Element <button class="button-image" type="button"> is not clickable at point (1844,131) because another element <wa-button id="COMP4530" class="dict-tbutton"> obscures it
Stacktrace:
RemoteError@chrome://remote/content/shared/RemoteError.sys.mjs:8:8
WebDriverError@chrome://remote/content/shared/webdriver/Errors.sys.mjs:202:5
ElementClickInterceptedError@chrome://remote/content/shared/webdriver/Errors.sys.mjs:354:5
webdriverClickElement@chrome://remote/content/marionette/interaction.sys.mjs:175:11
interaction.clickElement@chrome://remote/content/marionette/interaction.sys.mjs:134:11
clickElement@chrome://remote/content/marionette/actors/MarionetteCommandsChild.sys.mjs:327:29
receiveMessage@chrome://remote/content/marionette/actors/MarionetteCommandsChild.sys.mjs:210:31

2025-12-16 09:01:40,232-INFO-root-36340::webapp_internal::WaitShow|4980:: Waiting show text 'Lançamentos Avulsos'...
2025-12-16 09:01:40,301-INFO-root-36340::webapp_internal::WaitShow|4996:: Text found! 
2025-12-16 09:01:40,302-INFO-root-36340::webapp_internal::SetButton|4444:: Clicking on Manutenção
2025-12-16 09:01:40,302-DEBUG-root-36340::webapp_internal::wait_blocker|2444:: Waiting blocker to continue...
2025-12-16 09:01:40,412-DEBUG-root-36340::webapp_internal::wait_blocker|2469:: Blocker status: False
2025-12-16 09:01:40,828-DEBUG-root-36340::webapp_internal::wait_element_timeout|7726:: Element found! Waiting for element to be displayed.
2025-12-16 09:01:41,084-DEBUG-root-36340::webapp_internal::SetButton|4481:: ***System Info*** Before Clicking on button:Manutenção
2025-12-16 09:01:41,084-DEBUG-root-36340::psutil_info::system_info|5:: CPU USAGE: 8.2%
2025-12-16 09:01:41,084-DEBUG-root-36340::psutil_info::system_info|6:: MEMORY USAGE: 87.0%
2025-12-16 09:01:41,085-DEBUG-root-36340::psutil_info::system_info|7:: MEMORY AVAILABLE: 12.97%
2025-12-16 09:01:41,484-DEBUG-root-36340::webapp_internal::wait_element_timeout|7726:: Element found! Waiting for element to be displayed.
2025-12-16 09:01:41,867-DEBUG-root-36340::webapp_internal::wait_blocker|2444:: Waiting blocker to continue...
2025-12-16 09:01:41,979-DEBUG-root-36340::webapp_internal::wait_blocker|2469:: Blocker status: False
2025-12-16 09:01:42,007-DEBUG-root-36340::webapp_internal::wait_blocker|2444:: Waiting blocker to continue...
2025-12-16 09:01:42,111-DEBUG-root-36340::webapp_internal::wait_blocker|2469:: Blocker status: False
2025-12-16 09:01:42,111-DEBUG-root-36340::webapp_internal::send_action|10480:: Trying to send action
2025-12-16 09:01:42,114-DEBUG-root-36340::base::click|192:: Click Type: ClickType.JS
2025-12-16 09:01:43,179-DEBUG-root-36340::webapp_internal::send_action|10522:: send_action method result = True
2025-12-16 09:01:43,179-DEBUG-root-36340::webapp_internal::send_action|10523:: send_action selenium status: False
2025-12-16 09:01:43,179-DEBUG-root-36340::webapp_internal::SetButton|4683:: ***System Info*** After Clicking on button:
2025-12-16 09:01:43,179-DEBUG-root-36340::psutil_info::system_info|5:: CPU USAGE: 20.9%
2025-12-16 09:01:43,179-DEBUG-root-36340::psutil_info::system_info|6:: MEMORY USAGE: 87.6%
2025-12-16 09:01:43,180-DEBUG-root-36340::psutil_info::system_info|7:: MEMORY AVAILABLE: 12.35%
2025-12-16 09:01:48,181-INFO-root-36340::webapp_internal::WaitShow|4980:: Waiting show text 'Funcionários - MANUTENÇÃO'...
2025-12-16 09:01:48,278-INFO-root-36340::webapp_internal::WaitShow|4996:: Text found! 
2025-12-16 09:01:48,279-INFO-root-36340::webapp_internal::WaitShow|4980:: Waiting show text 'Funcionários - MANUTENÇÃO'...
2025-12-16 09:01:48,364-INFO-root-36340::webapp_internal::WaitShow|4996:: Text found! 
2025-12-16 09:01:48,365-DEBUG-root-36340::webapp_internal::SetFocus|6011:: Setting focus on element Verba.
2025-12-16 09:03:29,676-ERROR-root-36340::webapp_internal::search_element_position|2684:: Message: Browsing context has been discarded
Stacktrace:
RemoteError@chrome://remote/content/shared/RemoteError.sys.mjs:8:8
WebDriverError@chrome://remote/content/shared/webdriver/Errors.sys.mjs:202:5
NoSuchWindowError@chrome://remote/content/shared/webdriver/Errors.sys.mjs:782:5
assert.that/<@chrome://remote/content/shared/webdriver/Assert.sys.mjs:581:13
assert.open@chrome://remote/content/shared/webdriver/Assert.sys.mjs:169:4
GeckoDriver.prototype.execute_@chrome://remote/content/marionette/driver.sys.mjs:1071:15
GeckoDriver.prototype.executeScript@chrome://remote/content/marionette/driver.sys.mjs:983:15
dispatch@chrome://remote/content/marionette/server.sys.mjs:318:40
execute@chrome://remote/content/marionette/server.sys.mjs:289:16
onPacket/<@chrome://remote/content/marionette/server.sys.mjs:262:20
onPacket@chrome://remote/content/marionette/server.sys.mjs:263:9
_onJSONObjectReady/<@chrome://remote/content/marionette/transport.sys.mjs:494:20
ssi_onQuitApplicationGranted@resource:///modules/sessionstore/SessionStore.sys.mjs:2822:19
ssi_observe@resource:///modules/sessionstore/SessionStore.sys.mjs:1543:14
Traceback (most recent call last):
  File "C:\TIR_TESTE\venv\Lib\site-packages\tir\technologies\webapp_internal.py", line 2597, in search_element_position
    labels_displayed = list(filter(lambda x: self.element_is_displayed(x) ,labels))
                       ^^^^^^^^^^^^^^^^^^^^^^^^^^^^^^^^^^^^^^^^^^^^^^^^^^^^^^^^^^^^
  File "C:\TIR_TESTE\venv\Lib\site-packages\tir\technologies\webapp_internal.py", line 2597, in <lambda>
    labels_displayed = list(filter(lambda x: self.element_is_displayed(x) ,labels))
                                             ^^^^^^^^^^^^^^^^^^^^^^^^^^^^
  File "C:\TIR_TESTE\venv\Lib\site-packages\tir\technologies\webapp_internal.py", line 9762, in element_is_displayed
    return element_selenium.is_displayed()
           ^^^^^^^^^^^^^^^^^^^^^^^^^^^^^^^
  File "C:\TIR_TESTE\venv\Lib\site-packages\selenium\webdriver\remote\webelement.py", line 252, in is_displayed
    return self.parent.execute_script(f"/* isDisplayed */return ({isDisplayed_js}).apply(null, arguments);", self)
           ^^^^^^^^^^^^^^^^^^^^^^^^^^^^^^^^^^^^^^^^^^^^^^^^^^^^^^^^^^^^^^^^^^^^^^^^^^^^^^^^^^^^^^^^^^^^^^^^^^^^^^^
  File "C:\TIR_TESTE\venv\Lib\site-packages\selenium\webdriver\remote\webdriver.py", line 407, in execute_script
    return self.execute(command, {"script": script, "args": converted_args})["value"]
           ^^^^^^^^^^^^^^^^^^^^^^^^^^^^^^^^^^^^^^^^^^^^^^^^^^^^^^^^^^^^^^^^^
  File "C:\TIR_TESTE\venv\Lib\site-packages\selenium\webdriver\remote\webdriver.py", line 347, in execute
    self.error_handler.check_response(response)
  File "C:\TIR_TESTE\venv\Lib\site-packages\selenium\webdriver\remote\errorhandler.py", line 229, in check_response
    raise exception_class(message, screen, stacktrace)
selenium.common.exceptions.NoSuchWindowException: Message: Browsing context has been discarded
Stacktrace:
RemoteError@chrome://remote/content/shared/RemoteError.sys.mjs:8:8
WebDriverError@chrome://remote/content/shared/webdriver/Errors.sys.mjs:202:5
NoSuchWindowError@chrome://remote/content/shared/webdriver/Errors.sys.mjs:782:5
assert.that/<@chrome://remote/content/shared/webdriver/Assert.sys.mjs:581:13
assert.open@chrome://remote/content/shared/webdriver/Assert.sys.mjs:169:4
GeckoDriver.prototype.execute_@chrome://remote/content/marionette/driver.sys.mjs:1071:15
GeckoDriver.prototype.executeScript@chrome://remote/content/marionette/driver.sys.mjs:983:15
dispatch@chrome://remote/content/marionette/server.sys.mjs:318:40
execute@chrome://remote/content/marionette/server.sys.mjs:289:16
onPacket/<@chrome://remote/content/marionette/server.sys.mjs:262:20
onPacket@chrome://remote/content/marionette/server.sys.mjs:263:9
_onJSONObjectReady/<@chrome://remote/content/marionette/transport.sys.mjs:494:20
ssi_onQuitApplicationGranted@resource:///modules/sessionstore/SessionStore.sys.mjs:2822:19
ssi_observe@resource:///modules/sessionstore/SessionStore.sys.mjs:1543:14

2025-12-16 09:03:29,791-ERROR-root-36340::webapp_internal::search_element_position|2684:: Message: Tried to run command without establishing a connection
Traceback (most recent call last):
  File "C:\TIR_TESTE\venv\Lib\site-packages\tir\technologies\webapp_internal.py", line 8051, in find_label_element
    next_sibling = element.find_next_sibling("div")
                   ^^^^^^^^^^^^^^^^^^^^^^^^^
AttributeError: 'WebElement' object has no attribute 'find_next_sibling'

During handling of the above exception, another exception occurred:

Traceback (most recent call last):
  File "C:\TIR_TESTE\venv\Lib\site-packages\tir\technologies\core\base.py", line 501, in get_current_DOM
    self.driver.switch_to.default_content()
  File "C:\TIR_TESTE\venv\Lib\site-packages\selenium\webdriver\remote\switch_to.py", line 69, in default_content
    self._driver.execute(Command.SWITCH_TO_FRAME, {"id": None})
  File "C:\TIR_TESTE\venv\Lib\site-packages\selenium\webdriver\remote\webdriver.py", line 347, in execute
    self.error_handler.check_response(response)
  File "C:\TIR_TESTE\venv\Lib\site-packages\selenium\webdriver\remote\errorhandler.py", line 229, in check_response
    raise exception_class(message, screen, stacktrace)
selenium.common.exceptions.WebDriverException: Message: Failed to decode response from marionette


During handling of the above exception, another exception occurred:

Traceback (most recent call last):
  File "C:\TIR_TESTE\venv\Lib\site-packages\tir\technologies\webapp_internal.py", line 2594, in search_element_position
    container = self.get_current_container()
                ^^^^^^^^^^^^^^^^^^^^^^^^^^^^
  File "C:\TIR_TESTE\venv\Lib\site-packages\tir\technologies\webapp_internal.py", line 8993, in get_current_container
    soup = self.get_current_DOM()
           ^^^^^^^^^^^^^^^^^^^^^^
  File "C:\TIR_TESTE\venv\Lib\site-packages\tir\technologies\core\base.py", line 538, in get_current_DOM
    self.driver.switch_to.default_content()
  File "C:\TIR_TESTE\venv\Lib\site-packages\selenium\webdriver\remote\switch_to.py", line 69, in default_content
    self._driver.execute(Command.SWITCH_TO_FRAME, {"id": None})
  File "C:\TIR_TESTE\venv\Lib\site-packages\selenium\webdriver\remote\webdriver.py", line 347, in execute
    self.error_handler.check_response(response)
  File "C:\TIR_TESTE\venv\Lib\site-packages\selenium\webdriver\remote\errorhandler.py", line 229, in check_response
    raise exception_class(message, screen, stacktrace)
selenium.common.exceptions.InvalidSessionIdException: Message: Tried to run command without establishing a connection

2025-12-16 09:03:29,827-ERROR-root-36340::webapp_internal::web_scrap|3782:: Message: Tried to run command without establishing a connection
Traceback (most recent call last):
  File "C:\TIR_TESTE\venv\Lib\site-packages\tir\technologies\core\base.py", line 501, in get_current_DOM
    self.driver.switch_to.default_content()
  File "C:\TIR_TESTE\venv\Lib\site-packages\selenium\webdriver\remote\switch_to.py", line 69, in default_content
    self._driver.execute(Command.SWITCH_TO_FRAME, {"id": None})
  File "C:\TIR_TESTE\venv\Lib\site-packages\selenium\webdriver\remote\webdriver.py", line 347, in execute
    self.error_handler.check_response(response)
  File "C:\TIR_TESTE\venv\Lib\site-packages\selenium\webdriver\remote\errorhandler.py", line 229, in check_response
    raise exception_class(message, screen, stacktrace)
selenium.common.exceptions.InvalidSessionIdException: Message: Tried to run command without establishing a connection


During handling of the above exception, another exception occurred:

Traceback (most recent call last):
  File "C:\TIR_TESTE\venv\Lib\site-packages\tir\technologies\webapp_internal.py", line 3719, in web_scrap
    soup = self.get_current_DOM(twebview=twebview)
           ^^^^^^^^^^^^^^^^^^^^^^^^^^^^^^^^^^^^^^^
  File "C:\TIR_TESTE\venv\Lib\site-packages\tir\technologies\core\base.py", line 538, in get_current_DOM
    self.driver.switch_to.default_content()
  File "C:\TIR_TESTE\venv\Lib\site-packages\selenium\webdriver\remote\switch_to.py", line 69, in default_content
    self._driver.execute(Command.SWITCH_TO_FRAME, {"id": None})
  File "C:\TIR_TESTE\venv\Lib\site-packages\selenium\webdriver\remote\webdriver.py", line 347, in execute
    self.error_handler.check_response(response)
  File "C:\TIR_TESTE\venv\Lib\site-packages\selenium\webdriver\remote\errorhandler.py", line 229, in check_response
    raise exception_class(message, screen, stacktrace)
selenium.common.exceptions.InvalidSessionIdException: Message: Tried to run command without establishing a connection

2025-12-16 09:03:30,153-ERROR-root-36340::webapp_internal::TearDown|9654:: Warning tearDown Close Message: Tried to run command without establishing a connection
Traceback (most recent call last):
  File "C:\TIR_TESTE\venv\Lib\site-packages\tir\technologies\webapp_internal.py", line 9652, in TearDown
    self.driver.close()
  File "C:\TIR_TESTE\venv\Lib\site-packages\selenium\webdriver\remote\webdriver.py", line 458, in close
    self.execute(Command.CLOSE)
  File "C:\TIR_TESTE\venv\Lib\site-packages\selenium\webdriver\remote\webdriver.py", line 347, in execute
    self.error_handler.check_response(response)
  File "C:\TIR_TESTE\venv\Lib\site-packages\selenium\webdriver\remote\errorhandler.py", line 229, in check_response
    raise exception_class(message, screen, stacktrace)
selenium.common.exceptions.InvalidSessionIdException: Message: Tried to run command without establishing a connection

2025-12-16 09:00:15,662-DEBUG-root-36340::logging_config::logger|189:: Log file created: 'Log\GESIT03\TIR__20251216090015656.log'
2025-12-16 09:00:15,663-INFO-root-36340::base::Start|1183:: TIR Version: 2.4.3
2025-12-16 09:00:15,663-INFO-root-36340::base::Start|1184:: Python Version: 3.12.10
2025-12-16 09:00:15,663-INFO-root-36340::base::Start|1185:: Starting the browser
2025-12-16 09:00:23,009-INFO-root-36340::base::get_url|1294:: Page is ready!
2025-12-16 09:00:23,024-INFO-root-36340::base::Start|1256:: Browser maximized to 1936x1048
2025-12-16 09:00:23,024-INFO-root-36340::base::Start|1258:: Screen size is different from default used in headless mode
2025-12-16 09:00:23,815-INFO-root-36340::webapp_internal::Setup|247:: ***System Info*** in Setup():
2025-12-16 09:00:23,816-DEBUG-root-36340::psutil_info::system_info|5:: CPU USAGE: 17.7%
2025-12-16 09:00:23,816-DEBUG-root-36340::psutil_info::system_info|6:: MEMORY USAGE: 87.9%
2025-12-16 09:00:23,816-DEBUG-root-36340::psutil_info::system_info|7:: MEMORY AVAILABLE: 12.06%
2025-12-16 09:00:23,836-INFO-root-36340::base::webapp_shadowroot|1394:: Webapp: 10.1.6-RC4
2025-12-16 09:00:23,978-INFO-root-36340::webapp_internal::filling_initial_program|449:: Filling Initial Program: "SIGAMDI"
2025-12-16 09:00:23,978-DEBUG-root-36340::webapp_internal::wait_element|7623:: Waiting for element
2025-12-16 09:00:24,054-DEBUG-root-36340::webapp_internal::wait_element|7653:: Element found! Waiting for element to be displayed.
2025-12-16 09:00:24,206-DEBUG-root-36340::base::click|192:: Click Type: ClickType.JS
2025-12-16 09:00:24,245-DEBUG-root-36340::webapp_internal::try_send_keys|7976:: Trying to send keys to element using technique 0
2025-12-16 09:00:25,437-DEBUG-root-36340::webapp_internal::get_web_value|3232:: Current value: SIGAMDI
2025-12-16 09:00:25,438-INFO-root-36340::webapp_internal::filling_server_environment|463:: Filling Server Environment: "POUPEX_TST"
2025-12-16 09:00:25,438-DEBUG-root-36340::webapp_internal::wait_element|7623:: Waiting for element
2025-12-16 09:00:25,462-DEBUG-root-36340::webapp_internal::wait_element|7653:: Element found! Waiting for element to be displayed.
2025-12-16 09:00:25,614-DEBUG-root-36340::base::click|192:: Click Type: ClickType.JS
2025-12-16 09:00:25,618-DEBUG-root-36340::webapp_internal::try_send_keys|7976:: Trying to send keys to element using technique 0
2025-12-16 09:00:26,054-DEBUG-root-36340::webapp_internal::get_web_value|3232:: Current value: POUPEX_TST
2025-12-16 09:00:26,083-DEBUG-root-36340::base::click|192:: Click Type: ClickType.JS
2025-12-16 09:00:26,114-DEBUG-root-36340::webapp_internal::user_screen|519:: Filling user screen
2025-12-16 09:00:32,696-DEBUG-root-36340::webapp_internal::wait_element_timeout|7726:: Element found! Waiting for element to be displayed.
2025-12-16 09:00:32,751-DEBUG-root-36340::base::scroll_to_element|759:: ********Warining scroll_to_element exception: Message: TypeError: can't access property "scrollIntoView", arguments[0] is null
Stacktrace:
@https://qasrverp:10020/webapp/:2:7
@https://qasrverp:10020/webapp/:3:8
*********
2025-12-16 09:00:32,942-INFO-root-36340::webapp_internal::user_screen|561:: Filling User
2025-12-16 09:00:32,975-DEBUG-root-36340::base::double_click|259:: Click Type: ClickType.SELENIUM
2025-12-16 09:00:33,174-DEBUG-root-36340::webapp_internal::get_web_value|3232:: Current value: 97137227104
2025-12-16 09:00:33,197-INFO-root-36340::webapp_internal::user_screen|621:: Filling Password
2025-12-16 09:00:33,215-DEBUG-root-36340::base::click|192:: Click Type: ClickType.JS
2025-12-16 09:00:33,276-DEBUG-root-36340::webapp_internal::get_web_value|3232:: Current value: Deire20191817+
2025-12-16 09:00:33,276-DEBUG-root-36340::webapp_internal::wait_blocker|2444:: Waiting blocker to continue...
2025-12-16 09:00:33,304-DEBUG-root-36340::webapp_internal::wait_blocker|2469:: Blocker status: None
2025-12-16 09:00:33,324-DEBUG-root-36340::webapp_internal::wait_blocker|2444:: Waiting blocker to continue...
2025-12-16 09:00:33,350-DEBUG-root-36340::webapp_internal::wait_blocker|2469:: Blocker status: None
2025-12-16 09:00:33,384-DEBUG-root-36340::webapp_internal::wait_blocker|2444:: Waiting blocker to continue...
2025-12-16 09:00:33,414-DEBUG-root-36340::webapp_internal::wait_blocker|2469:: Blocker status: None
2025-12-16 09:00:33,415-DEBUG-root-36340::webapp_internal::send_action|10480:: Trying to send action
2025-12-16 09:00:33,421-DEBUG-root-36340::base::click|192:: Click Type: ClickType.JS
2025-12-16 09:00:34,462-DEBUG-root-36340::webapp_internal::send_action|10522:: send_action method result = True
2025-12-16 09:00:34,463-DEBUG-root-36340::webapp_internal::send_action|10523:: send_action selenium status: False
2025-12-16 09:00:37,091-DEBUG-root-36340::base::scroll_to_element|759:: ********Warining scroll_to_element exception: Message: TypeError: can't access property "scrollIntoView", arguments[0] is null
Stacktrace:
@https://qasrverp:10020/webapp/:2:7
@https://qasrverp:10020/webapp/:3:8
*********
2025-12-16 09:00:37,153-INFO-root-36340::webapp_internal::filling_date|885:: Filling Date: "17/09/2025"
2025-12-16 09:00:37,153-DEBUG-root-36340::webapp_internal::wait_blocker|2444:: Waiting blocker to continue...
2025-12-16 09:00:37,229-DEBUG-root-36340::webapp_internal::wait_blocker|2469:: Blocker status: None
2025-12-16 09:00:37,244-DEBUG-root-36340::base::click|192:: Click Type: ClickType.JS
2025-12-16 09:00:37,334-DEBUG-root-36340::webapp_internal::try_send_keys|7976:: Trying to send keys to element using technique 1
2025-12-16 09:00:37,421-DEBUG-root-36340::webapp_internal::get_web_value|3232:: Current value: 17/09/2025
2025-12-16 09:00:38,499-INFO-root-36340::webapp_internal::filling_group|955:: Filling Group: "02"
2025-12-16 09:00:38,499-DEBUG-root-36340::webapp_internal::wait_blocker|2444:: Waiting blocker to continue...
2025-12-16 09:00:38,533-DEBUG-root-36340::webapp_internal::wait_blocker|2469:: Blocker status: None
2025-12-16 09:00:38,537-DEBUG-root-36340::base::click|192:: Click Type: ClickType.JS
2025-12-16 09:00:38,578-DEBUG-root-36340::webapp_internal::get_web_value|3232:: Current value: 02
2025-12-16 09:00:39,637-INFO-root-36340::webapp_internal::filling_branch|1047:: Filling Branch: "02DF0001"
2025-12-16 09:00:39,638-DEBUG-root-36340::webapp_internal::wait_blocker|2444:: Waiting blocker to continue...
2025-12-16 09:00:39,680-DEBUG-root-36340::webapp_internal::wait_blocker|2469:: Blocker status: None
2025-12-16 09:00:39,683-DEBUG-root-36340::base::click|192:: Click Type: ClickType.JS
2025-12-16 09:00:39,726-DEBUG-root-36340::webapp_internal::get_web_value|3232:: Current value: 02DF0001
2025-12-16 09:00:40,815-INFO-root-36340::webapp_internal::filling_environment|1113:: Filling Environment: "07"
2025-12-16 09:00:40,815-DEBUG-root-36340::webapp_internal::wait_blocker|2444:: Waiting blocker to continue...
2025-12-16 09:00:40,849-DEBUG-root-36340::webapp_internal::wait_blocker|2469:: Blocker status: None
2025-12-16 09:00:40,851-DEBUG-root-36340::base::click|192:: Click Type: ClickType.JS
2025-12-16 09:00:40,892-DEBUG-root-36340::webapp_internal::get_web_value|3232:: Current value: 07
2025-12-16 09:00:41,902-DEBUG-root-36340::webapp_internal::close_warning_screen|1489:: Closing warning screen!
2025-12-16 09:00:42,933-DEBUG-root-36340::webapp_internal::check_screen_element|1291:: Checking screen element: "Atenção": False
2025-12-16 09:00:44,032-INFO-root-36340::webapp_internal::environment_screen|796:: Clicking on Button
2025-12-16 09:00:44,032-DEBUG-root-36340::webapp_internal::wait_blocker|2444:: Waiting blocker to continue...
2025-12-16 09:00:44,063-DEBUG-root-36340::webapp_internal::wait_blocker|2469:: Blocker status: None
2025-12-16 09:00:44,066-DEBUG-root-36340::base::click|192:: Click Type: ClickType.JS
2025-12-16 09:00:45,076-DEBUG-root-36340::base::click|192:: Click Type: ClickType.JS
2025-12-16 09:00:46,083-DEBUG-root-36340::base::click|192:: Click Type: ClickType.JS
2025-12-16 09:00:47,090-DEBUG-root-36340::base::click|192:: Click Type: ClickType.JS
2025-12-16 09:00:48,098-DEBUG-root-36340::base::click|192:: Click Type: ClickType.JS
2025-12-16 09:00:49,105-DEBUG-root-36340::base::click|192:: Click Type: ClickType.JS
2025-12-16 09:00:50,113-DEBUG-root-36340::webapp_internal::close_screen_before_menu|368:: Closing screen before the menu
2025-12-16 09:00:50,166-DEBUG-root-36340::webapp_internal::close_warning_screen|1489:: Closing warning screen!
2025-12-16 09:00:51,207-DEBUG-root-36340::webapp_internal::check_screen_element|1291:: Checking screen element: "Atenção": False
2025-12-16 09:00:51,208-DEBUG-root-36340::webapp_internal::close_coin_screen|1424:: Closing coin screen!
2025-12-16 09:00:51,759-DEBUG-root-36340::base::click|192:: Click Type: ClickType.JS
2025-12-16 09:00:51,816-DEBUG-root-36340::webapp_internal::close_warning_screen|1489:: Closing warning screen!
2025-12-16 09:00:52,962-DEBUG-root-36340::webapp_internal::check_screen_element|1291:: Checking screen element: "Atenção": False
2025-12-16 09:00:52,962-DEBUG-root-36340::webapp_internal::close_coin_screen|1424:: Closing coin screen!
2025-12-16 09:00:53,059-INFO-root-36340::webapp_internal::set_log_info|1623:: Getting log info
2025-12-16 09:00:53,059-INFO-root-36340::webapp_internal::SetLateralMenu|4184:: Navigating lateral menu: Ajuda > Sobre
2025-12-16 09:00:53,068-DEBUG-root-36340::webapp_internal::wait_element|7623:: Waiting for element
2025-12-16 09:00:53,119-DEBUG-root-36340::webapp_internal::wait_element|7653:: Element found! Waiting for element to be displayed.
2025-12-16 09:00:53,287-INFO-root-36340::webapp_internal::SetLateralMenu|4203:: Menu item: "Ajuda"
2025-12-16 09:00:53,287-DEBUG-root-36340::webapp_internal::wait_blocker|2444:: Waiting blocker to continue...
2025-12-16 09:00:53,346-DEBUG-root-36340::webapp_internal::wait_blocker|2469:: Blocker status: False
2025-12-16 09:00:53,761-DEBUG-root-36340::webapp_internal::wait_element_timeout|7726:: Element found! Waiting for element to be displayed.
2025-12-16 09:00:54,024-DEBUG-root-36340::webapp_internal::wait_blocker|2444:: Waiting blocker to continue...
2025-12-16 09:00:54,080-DEBUG-root-36340::webapp_internal::wait_blocker|2469:: Blocker status: False
2025-12-16 09:00:56,377-INFO-root-36340::webapp_internal::SetLateralMenu|4203:: Menu item: "Sobre"
2025-12-16 09:00:56,377-DEBUG-root-36340::webapp_internal::wait_blocker|2444:: Waiting blocker to continue...
2025-12-16 09:00:56,438-DEBUG-root-36340::webapp_internal::wait_blocker|2469:: Blocker status: False
2025-12-16 09:00:56,815-DEBUG-root-36340::webapp_internal::wait_element_timeout|7726:: Element found! Waiting for element to be displayed.
2025-12-16 09:00:57,147-DEBUG-root-36340::webapp_internal::wait_blocker|2444:: Waiting blocker to continue...
2025-12-16 09:00:57,234-DEBUG-root-36340::webapp_internal::wait_blocker|2469:: Blocker status: False
2025-12-16 09:00:59,948-DEBUG-root-36340::webapp_internal::wait_blocker|2444:: Waiting blocker to continue...
2025-12-16 09:01:00,014-DEBUG-root-36340::webapp_internal::wait_blocker|2469:: Blocker status: False
2025-12-16 09:01:00,084-DEBUG-root-36340::webapp_internal::wait_element|7623:: Waiting for element
2025-12-16 09:01:00,124-DEBUG-root-36340::webapp_internal::wait_element|7653:: Element found! Waiting for element to be displayed.
2025-12-16 09:01:00,290-INFO-root-36340::webapp_internal::SetButton|4444:: Clicking on Fechar
2025-12-16 09:01:00,290-DEBUG-root-36340::webapp_internal::wait_blocker|2444:: Waiting blocker to continue...
2025-12-16 09:01:00,363-DEBUG-root-36340::webapp_internal::wait_blocker|2469:: Blocker status: False
2025-12-16 09:01:00,538-DEBUG-root-36340::webapp_internal::wait_element_timeout|7726:: Element found! Waiting for element to be displayed.
2025-12-16 09:01:00,609-DEBUG-root-36340::webapp_internal::SetButton|4481:: ***System Info*** Before Clicking on button:Fechar
2025-12-16 09:01:00,609-DEBUG-root-36340::psutil_info::system_info|5:: CPU USAGE: 9.7%
2025-12-16 09:01:00,609-DEBUG-root-36340::psutil_info::system_info|6:: MEMORY USAGE: 87.3%
2025-12-16 09:01:00,609-DEBUG-root-36340::psutil_info::system_info|7:: MEMORY AVAILABLE: 12.68%
2025-12-16 09:01:00,771-DEBUG-root-36340::webapp_internal::wait_element_timeout|7726:: Element found! Waiting for element to be displayed.
2025-12-16 09:01:00,869-DEBUG-root-36340::webapp_internal::wait_blocker|2444:: Waiting blocker to continue...
2025-12-16 09:01:00,965-DEBUG-root-36340::webapp_internal::wait_blocker|2469:: Blocker status: False
2025-12-16 09:01:00,981-DEBUG-root-36340::webapp_internal::wait_blocker|2444:: Waiting blocker to continue...
2025-12-16 09:01:01,046-DEBUG-root-36340::webapp_internal::wait_blocker|2469:: Blocker status: False
2025-12-16 09:01:01,046-DEBUG-root-36340::webapp_internal::send_action|10480:: Trying to send action
2025-12-16 09:01:01,048-DEBUG-root-36340::base::click|192:: Click Type: ClickType.JS
2025-12-16 09:01:02,081-DEBUG-root-36340::webapp_internal::send_action|10522:: send_action method result = True
2025-12-16 09:01:02,081-DEBUG-root-36340::webapp_internal::send_action|10523:: send_action selenium status: False
2025-12-16 09:01:02,082-DEBUG-root-36340::webapp_internal::SetButton|4683:: ***System Info*** After Clicking on button:
2025-12-16 09:01:02,082-DEBUG-root-36340::psutil_info::system_info|5:: CPU USAGE: 7.1%
2025-12-16 09:01:02,082-DEBUG-root-36340::psutil_info::system_info|6:: MEMORY USAGE: 87.0%
2025-12-16 09:01:02,082-DEBUG-root-36340::psutil_info::system_info|7:: MEMORY AVAILABLE: 13.04%
2025-12-16 09:01:02,083-DEBUG-root-36340::webapp_internal::wait_element|7623:: Waiting for element
2025-12-16 09:01:02,161-INFO-root-36340::webapp_internal::SetLateralMenu|4184:: Navigating lateral menu: Atualizações > Lançamentos > Lancamentos Avulso
2025-12-16 09:01:02,169-DEBUG-root-36340::webapp_internal::wait_element|7623:: Waiting for element
2025-12-16 09:01:02,206-DEBUG-root-36340::webapp_internal::wait_element|7653:: Element found! Waiting for element to be displayed.
2025-12-16 09:01:02,379-INFO-root-36340::webapp_internal::SetLateralMenu|4203:: Menu item: "Atualizações"
2025-12-16 09:01:02,381-DEBUG-root-36340::webapp_internal::wait_blocker|2444:: Waiting blocker to continue...
2025-12-16 09:01:02,444-DEBUG-root-36340::webapp_internal::wait_blocker|2469:: Blocker status: False
2025-12-16 09:01:02,829-DEBUG-root-36340::webapp_internal::wait_element_timeout|7726:: Element found! Waiting for element to be displayed.
2025-12-16 09:01:03,153-DEBUG-root-36340::webapp_internal::wait_blocker|2444:: Waiting blocker to continue...
2025-12-16 09:01:03,211-DEBUG-root-36340::webapp_internal::wait_blocker|2469:: Blocker status: False
2025-12-16 09:01:05,496-INFO-root-36340::webapp_internal::SetLateralMenu|4203:: Menu item: "Lançamentos"
2025-12-16 09:01:05,496-DEBUG-root-36340::webapp_internal::wait_blocker|2444:: Waiting blocker to continue...
2025-12-16 09:01:05,599-DEBUG-root-36340::webapp_internal::wait_blocker|2469:: Blocker status: False
2025-12-16 09:01:06,302-DEBUG-root-36340::webapp_internal::wait_element_timeout|7726:: Element found! Waiting for element to be displayed.
2025-12-16 09:01:06,965-DEBUG-root-36340::webapp_internal::wait_blocker|2444:: Waiting blocker to continue...
2025-12-16 09:01:07,051-DEBUG-root-36340::webapp_internal::wait_blocker|2469:: Blocker status: False
2025-12-16 09:01:09,351-INFO-root-36340::webapp_internal::SetLateralMenu|4203:: Menu item: "Lancamentos Avulso"
2025-12-16 09:01:09,351-DEBUG-root-36340::webapp_internal::wait_blocker|2444:: Waiting blocker to continue...
2025-12-16 09:01:09,434-DEBUG-root-36340::webapp_internal::wait_blocker|2469:: Blocker status: False
2025-12-16 09:01:10,404-DEBUG-root-36340::webapp_internal::wait_element_timeout|7726:: Element found! Waiting for element to be displayed.
2025-12-16 09:01:11,272-DEBUG-root-36340::webapp_internal::wait_blocker|2444:: Waiting blocker to continue...
2025-12-16 09:01:11,362-DEBUG-root-36340::webapp_internal::wait_blocker|2469:: Blocker status: False
2025-12-16 09:01:15,036-DEBUG-root-36340::webapp_internal::wait_blocker|2444:: Waiting blocker to continue...
2025-12-16 09:01:15,116-DEBUG-root-36340::webapp_internal::wait_blocker|2469:: Blocker status: False
2025-12-16 09:01:15,194-INFO-root-36340::webapp_internal::WaitShow|4980:: Waiting show text 'Este ambiente utiliza base de Homologação.'...
2025-12-16 09:01:20,859-DEBUG-root-36340::log::checks_empty_line|221:: Checking empty default log info
2025-12-16 09:01:20,862-DEBUG-root-36340::log::generate_log|503:: Json log_data: {'cLogDtExec': '16/12/2025 09:01:20', 'cLogNomUsr': '97137227104', 'cLogNomEst': 'GESIT03', 'cLogProgra': None, 'cLogDtProg': '', 'cLogHrProg': '', 'nLogCtsOk': 1, 'nLogCtsNok': 0, 'nLogCtsSeg': 65.56, 'cLogVersao': '12', 'cLogReleas': '12.1.2410', 'nLogCtsErr': '', 'cLogBancod': 'ORACLE', 'cLogIdenti': '', 'cLogIdExec': '20251216', 'cLogPais': 'BRA', 'cLogTool': 'TIR', 'cLogSequen': '5da9ce', 'nLogCtsTot': 1, 'cLogDtExea': '16/12/2025', 'cLogHrExea': '09:01:20', 'cLogArea': 'Desenvolvimento', 'cLogMnExec': 1.0926666666666667}
2025-12-16 09:01:20,862-INFO-root-36340::log::send_log_with_retries|515:: Saving log locally.
2025-12-16 09:01:20,863-INFO-root-36340::log::save_log_locally|548:: [FwSendLog]: Não foi possível enviar o log após todas as tentativas.
2025-12-16 09:01:20,864-INFO-root-36340::log::save_log_locally|555:: [FwSendLog]: Log salvo localmente em C:\TIR_TESTE\1765886480.json.
2025-12-16 09:01:20,865-INFO-root-36340::webapp_internal::WaitShow|4980:: Waiting show text 'Moedas'...
2025-12-16 09:01:25,988-DEBUG-root-36340::webapp_internal::wait_blocker|2444:: Waiting blocker to continue...
2025-12-16 09:01:26,081-DEBUG-root-36340::webapp_internal::wait_blocker|2469:: Blocker status: False
2025-12-16 09:01:26,082-INFO-root-36340::webapp_internal::SearchBrowse|2003:: Searching: 02DF0001228383
2025-12-16 09:01:26,229-DEBUG-root-36340::webapp_internal::wait_element_timeout|7726:: Element found! Waiting for element to be displayed.
2025-12-16 09:01:26,312-DEBUG-root-36340::webapp_internal::wait_element|7623:: Waiting for element
2025-12-16 09:01:26,389-DEBUG-root-36340::webapp_internal::wait_element|7653:: Element found! Waiting for element to be displayed.
2025-12-16 09:01:26,701-DEBUG-root-36340::base::click|192:: Click Type: ClickType.JS
2025-12-16 09:01:28,493-DEBUG-root-36340::webapp_internal::wait_blocker|2444:: Waiting blocker to continue...
2025-12-16 09:01:28,595-DEBUG-root-36340::webapp_internal::wait_blocker|2469:: Blocker status: False
2025-12-16 09:01:28,602-DEBUG-root-36340::webapp_internal::wait_blocker|2444:: Waiting blocker to continue...
2025-12-16 09:01:28,706-DEBUG-root-36340::webapp_internal::wait_blocker|2469:: Blocker status: False
2025-12-16 09:01:28,706-INFO-root-36340::webapp_internal::fill_search_browse|2399:: Filling: 02DF0001228383
2025-12-16 09:01:28,716-DEBUG-root-36340::base::click|192:: Click Type: ClickType.JS
2025-12-16 09:01:29,813-DEBUG-root-36340::webapp_internal::wait_blocker|2444:: Waiting blocker to continue...
2025-12-16 09:01:29,914-DEBUG-root-36340::webapp_internal::wait_blocker|2469:: Blocker status: False
2025-12-16 09:01:29,915-DEBUG-root-36340::base::double_click|259:: Click Type: ClickType.SELENIUM
2025-12-16 09:01:29,925-WARNING-root-36340::base::double_click|280:: Warning double_click method Exception: Message: Element <button class="button-image" type="button"> is not clickable at point (1844,131) because another element <wa-button id="COMP4530" class="dict-tbutton"> obscures it
Stacktrace:
RemoteError@chrome://remote/content/shared/RemoteError.sys.mjs:8:8
WebDriverError@chrome://remote/content/shared/webdriver/Errors.sys.mjs:202:5
ElementClickInterceptedError@chrome://remote/content/shared/webdriver/Errors.sys.mjs:354:5
webdriverClickElement@chrome://remote/content/marionette/interaction.sys.mjs:175:11
interaction.clickElement@chrome://remote/content/marionette/interaction.sys.mjs:134:11
clickElement@chrome://remote/content/marionette/actors/MarionetteCommandsChild.sys.mjs:327:29
receiveMessage@chrome://remote/content/marionette/actors/MarionetteCommandsChild.sys.mjs:210:31

2025-12-16 09:01:40,232-INFO-root-36340::webapp_internal::WaitShow|4980:: Waiting show text 'Lançamentos Avulsos'...
2025-12-16 09:01:40,301-INFO-root-36340::webapp_internal::WaitShow|4996:: Text found! 
2025-12-16 09:01:40,302-INFO-root-36340::webapp_internal::SetButton|4444:: Clicking on Manutenção
2025-12-16 09:01:40,302-DEBUG-root-36340::webapp_internal::wait_blocker|2444:: Waiting blocker to continue...
2025-12-16 09:01:40,412-DEBUG-root-36340::webapp_internal::wait_blocker|2469:: Blocker status: False
2025-12-16 09:01:40,828-DEBUG-root-36340::webapp_internal::wait_element_timeout|7726:: Element found! Waiting for element to be displayed.
2025-12-16 09:01:41,084-DEBUG-root-36340::webapp_internal::SetButton|4481:: ***System Info*** Before Clicking on button:Manutenção
2025-12-16 09:01:41,084-DEBUG-root-36340::psutil_info::system_info|5:: CPU USAGE: 8.2%
2025-12-16 09:01:41,084-DEBUG-root-36340::psutil_info::system_info|6:: MEMORY USAGE: 87.0%
2025-12-16 09:01:41,085-DEBUG-root-36340::psutil_info::system_info|7:: MEMORY AVAILABLE: 12.97%
2025-12-16 09:01:41,484-DEBUG-root-36340::webapp_internal::wait_element_timeout|7726:: Element found! Waiting for element to be displayed.
2025-12-16 09:01:41,867-DEBUG-root-36340::webapp_internal::wait_blocker|2444:: Waiting blocker to continue...
2025-12-16 09:01:41,979-DEBUG-root-36340::webapp_internal::wait_blocker|2469:: Blocker status: False
2025-12-16 09:01:42,007-DEBUG-root-36340::webapp_internal::wait_blocker|2444:: Waiting blocker to continue...
2025-12-16 09:01:42,111-DEBUG-root-36340::webapp_internal::wait_blocker|2469:: Blocker status: False
2025-12-16 09:01:42,111-DEBUG-root-36340::webapp_internal::send_action|10480:: Trying to send action
2025-12-16 09:01:42,114-DEBUG-root-36340::base::click|192:: Click Type: ClickType.JS
2025-12-16 09:01:43,179-DEBUG-root-36340::webapp_internal::send_action|10522:: send_action method result = True
2025-12-16 09:01:43,179-DEBUG-root-36340::webapp_internal::send_action|10523:: send_action selenium status: False
2025-12-16 09:01:43,179-DEBUG-root-36340::webapp_internal::SetButton|4683:: ***System Info*** After Clicking on button:
2025-12-16 09:01:43,179-DEBUG-root-36340::psutil_info::system_info|5:: CPU USAGE: 20.9%
2025-12-16 09:01:43,179-DEBUG-root-36340::psutil_info::system_info|6:: MEMORY USAGE: 87.6%
2025-12-16 09:01:43,180-DEBUG-root-36340::psutil_info::system_info|7:: MEMORY AVAILABLE: 12.35%
2025-12-16 09:01:48,181-INFO-root-36340::webapp_internal::WaitShow|4980:: Waiting show text 'Funcionários - MANUTENÇÃO'...
2025-12-16 09:01:48,278-INFO-root-36340::webapp_internal::WaitShow|4996:: Text found! 
2025-12-16 09:01:48,279-INFO-root-36340::webapp_internal::WaitShow|4980:: Waiting show text 'Funcionários - MANUTENÇÃO'...
2025-12-16 09:01:48,364-INFO-root-36340::webapp_internal::WaitShow|4996:: Text found! 
2025-12-16 09:01:48,365-DEBUG-root-36340::webapp_internal::SetFocus|6011:: Setting focus on element Verba.
2025-12-16 09:03:29,676-ERROR-root-36340::webapp_internal::search_element_position|2684:: Message: Browsing context has been discarded
Stacktrace:
RemoteError@chrome://remote/content/shared/RemoteError.sys.mjs:8:8
WebDriverError@chrome://remote/content/shared/webdriver/Errors.sys.mjs:202:5
NoSuchWindowError@chrome://remote/content/shared/webdriver/Errors.sys.mjs:782:5
assert.that/<@chrome://remote/content/shared/webdriver/Assert.sys.mjs:581:13
assert.open@chrome://remote/content/shared/webdriver/Assert.sys.mjs:169:4
GeckoDriver.prototype.execute_@chrome://remote/content/marionette/driver.sys.mjs:1071:15
GeckoDriver.prototype.executeScript@chrome://remote/content/marionette/driver.sys.mjs:983:15
dispatch@chrome://remote/content/marionette/server.sys.mjs:318:40
execute@chrome://remote/content/marionette/server.sys.mjs:289:16
onPacket/<@chrome://remote/content/marionette/server.sys.mjs:262:20
onPacket@chrome://remote/content/marionette/server.sys.mjs:263:9
_onJSONObjectReady/<@chrome://remote/content/marionette/transport.sys.mjs:494:20
ssi_onQuitApplicationGranted@resource:///modules/sessionstore/SessionStore.sys.mjs:2822:19
ssi_observe@resource:///modules/sessionstore/SessionStore.sys.mjs:1543:14
Traceback (most recent call last):
  File "C:\TIR_TESTE\venv\Lib\site-packages\tir\technologies\webapp_internal.py", line 2597, in search_element_position
    labels_displayed = list(filter(lambda x: self.element_is_displayed(x) ,labels))
                       ^^^^^^^^^^^^^^^^^^^^^^^^^^^^^^^^^^^^^^^^^^^^^^^^^^^^^^^^^^^^
  File "C:\TIR_TESTE\venv\Lib\site-packages\tir\technologies\webapp_internal.py", line 2597, in <lambda>
    labels_displayed = list(filter(lambda x: self.element_is_displayed(x) ,labels))
                                             ^^^^^^^^^^^^^^^^^^^^^^^^^^^^
  File "C:\TIR_TESTE\venv\Lib\site-packages\tir\technologies\webapp_internal.py", line 9762, in element_is_displayed
    return element_selenium.is_displayed()
           ^^^^^^^^^^^^^^^^^^^^^^^^^^^^^^^
  File "C:\TIR_TESTE\venv\Lib\site-packages\selenium\webdriver\remote\webelement.py", line 252, in is_displayed
    return self.parent.execute_script(f"/* isDisplayed */return ({isDisplayed_js}).apply(null, arguments);", self)
           ^^^^^^^^^^^^^^^^^^^^^^^^^^^^^^^^^^^^^^^^^^^^^^^^^^^^^^^^^^^^^^^^^^^^^^^^^^^^^^^^^^^^^^^^^^^^^^^^^^^^^^^
  File "C:\TIR_TESTE\venv\Lib\site-packages\selenium\webdriver\remote\webdriver.py", line 407, in execute_script
    return self.execute(command, {"script": script, "args": converted_args})["value"]
           ^^^^^^^^^^^^^^^^^^^^^^^^^^^^^^^^^^^^^^^^^^^^^^^^^^^^^^^^^^^^^^^^^
  File "C:\TIR_TESTE\venv\Lib\site-packages\selenium\webdriver\remote\webdriver.py", line 347, in execute
    self.error_handler.check_response(response)
  File "C:\TIR_TESTE\venv\Lib\site-packages\selenium\webdriver\remote\errorhandler.py", line 229, in check_response
    raise exception_class(message, screen, stacktrace)
selenium.common.exceptions.NoSuchWindowException: Message: Browsing context has been discarded
Stacktrace:
RemoteError@chrome://remote/content/shared/RemoteError.sys.mjs:8:8
WebDriverError@chrome://remote/content/shared/webdriver/Errors.sys.mjs:202:5
NoSuchWindowError@chrome://remote/content/shared/webdriver/Errors.sys.mjs:782:5
assert.that/<@chrome://remote/content/shared/webdriver/Assert.sys.mjs:581:13
assert.open@chrome://remote/content/shared/webdriver/Assert.sys.mjs:169:4
GeckoDriver.prototype.execute_@chrome://remote/content/marionette/driver.sys.mjs:1071:15
GeckoDriver.prototype.executeScript@chrome://remote/content/marionette/driver.sys.mjs:983:15
dispatch@chrome://remote/content/marionette/server.sys.mjs:318:40
execute@chrome://remote/content/marionette/server.sys.mjs:289:16
onPacket/<@chrome://remote/content/marionette/server.sys.mjs:262:20
onPacket@chrome://remote/content/marionette/server.sys.mjs:263:9
_onJSONObjectReady/<@chrome://remote/content/marionette/transport.sys.mjs:494:20
ssi_onQuitApplicationGranted@resource:///modules/sessionstore/SessionStore.sys.mjs:2822:19
ssi_observe@resource:///modules/sessionstore/SessionStore.sys.mjs:1543:14

2025-12-16 09:03:29,791-ERROR-root-36340::webapp_internal::search_element_position|2684:: Message: Tried to run command without establishing a connection
Traceback (most recent call last):
  File "C:\TIR_TESTE\venv\Lib\site-packages\tir\technologies\webapp_internal.py", line 8051, in find_label_element
    next_sibling = element.find_next_sibling("div")
                   ^^^^^^^^^^^^^^^^^^^^^^^^^
AttributeError: 'WebElement' object has no attribute 'find_next_sibling'

During handling of the above exception, another exception occurred:

Traceback (most recent call last):
  File "C:\TIR_TESTE\venv\Lib\site-packages\tir\technologies\core\base.py", line 501, in get_current_DOM
    self.driver.switch_to.default_content()
  File "C:\TIR_TESTE\venv\Lib\site-packages\selenium\webdriver\remote\switch_to.py", line 69, in default_content
    self._driver.execute(Command.SWITCH_TO_FRAME, {"id": None})
  File "C:\TIR_TESTE\venv\Lib\site-packages\selenium\webdriver\remote\webdriver.py", line 347, in execute
    self.error_handler.check_response(response)
  File "C:\TIR_TESTE\venv\Lib\site-packages\selenium\webdriver\remote\errorhandler.py", line 229, in check_response
    raise exception_class(message, screen, stacktrace)
selenium.common.exceptions.WebDriverException: Message: Failed to decode response from marionette


During handling of the above exception, another exception occurred:

Traceback (most recent call last):
  File "C:\TIR_TESTE\venv\Lib\site-packages\tir\technologies\webapp_internal.py", line 2594, in search_element_position
    container = self.get_current_container()
                ^^^^^^^^^^^^^^^^^^^^^^^^^^^^
  File "C:\TIR_TESTE\venv\Lib\site-packages\tir\technologies\webapp_internal.py", line 8993, in get_current_container
    soup = self.get_current_DOM()
           ^^^^^^^^^^^^^^^^^^^^^^
  File "C:\TIR_TESTE\venv\Lib\site-packages\tir\technologies\core\base.py", line 538, in get_current_DOM
    self.driver.switch_to.default_content()
  File "C:\TIR_TESTE\venv\Lib\site-packages\selenium\webdriver\remote\switch_to.py", line 69, in default_content
    self._driver.execute(Command.SWITCH_TO_FRAME, {"id": None})
  File "C:\TIR_TESTE\venv\Lib\site-packages\selenium\webdriver\remote\webdriver.py", line 347, in execute
    self.error_handler.check_response(response)
  File "C:\TIR_TESTE\venv\Lib\site-packages\selenium\webdriver\remote\errorhandler.py", line 229, in check_response
    raise exception_class(message, screen, stacktrace)
selenium.common.exceptions.InvalidSessionIdException: Message: Tried to run command without establishing a connection

2025-12-16 09:03:29,827-ERROR-root-36340::webapp_internal::web_scrap|3782:: Message: Tried to run command without establishing a connection
Traceback (most recent call last):
  File "C:\TIR_TESTE\venv\Lib\site-packages\tir\technologies\core\base.py", line 501, in get_current_DOM
    self.driver.switch_to.default_content()
  File "C:\TIR_TESTE\venv\Lib\site-packages\selenium\webdriver\remote\switch_to.py", line 69, in default_content
    self._driver.execute(Command.SWITCH_TO_FRAME, {"id": None})
  File "C:\TIR_TESTE\venv\Lib\site-packages\selenium\webdriver\remote\webdriver.py", line 347, in execute
    self.error_handler.check_response(response)
  File "C:\TIR_TESTE\venv\Lib\site-packages\selenium\webdriver\remote\errorhandler.py", line 229, in check_response
    raise exception_class(message, screen, stacktrace)
selenium.common.exceptions.InvalidSessionIdException: Message: Tried to run command without establishing a connection


During handling of the above exception, another exception occurred:

Traceback (most recent call last):
  File "C:\TIR_TESTE\venv\Lib\site-packages\tir\technologies\webapp_internal.py", line 3719, in web_scrap
    soup = self.get_current_DOM(twebview=twebview)
           ^^^^^^^^^^^^^^^^^^^^^^^^^^^^^^^^^^^^^^^
  File "C:\TIR_TESTE\venv\Lib\site-packages\tir\technologies\core\base.py", line 538, in get_current_DOM
    self.driver.switch_to.default_content()
  File "C:\TIR_TESTE\venv\Lib\site-packages\selenium\webdriver\remote\switch_to.py", line 69, in default_content
    self._driver.execute(Command.SWITCH_TO_FRAME, {"id": None})
  File "C:\TIR_TESTE\venv\Lib\site-packages\selenium\webdriver\remote\webdriver.py", line 347, in execute
    self.error_handler.check_response(response)
  File "C:\TIR_TESTE\venv\Lib\site-packages\selenium\webdriver\remote\errorhandler.py", line 229, in check_response
    raise exception_class(message, screen, stacktrace)
selenium.common.exceptions.InvalidSessionIdException: Message: Tried to run command without establishing a connection

2025-12-16 09:03:30,153-ERROR-root-36340::webapp_internal::TearDown|9654:: Warning tearDown Close Message: Tried to run command without establishing a connection
Traceback (most recent call last):
  File "C:\TIR_TESTE\venv\Lib\site-packages\tir\technologies\webapp_internal.py", line 9652, in TearDown
    self.driver.close()
  File "C:\TIR_TESTE\venv\Lib\site-packages\selenium\webdriver\remote\webdriver.py", line 458, in close
    self.execute(Command.CLOSE)
  File "C:\TIR_TESTE\venv\Lib\site-packages\selenium\webdriver\remote\webdriver.py", line 347, in execute
    self.error_handler.check_response(response)
  File "C:\TIR_TESTE\venv\Lib\site-packages\selenium\webdriver\remote\errorhandler.py", line 229, in check_response
    raise exception_class(message, screen, stacktrace)
selenium.common.exceptions.InvalidSessionIdException: Message: Tried to run command without establishing a connection

