2025-12-16 08:12:49,422-DEBUG-root-33288::logging_config::logger|189:: Log file created: 'Log\GESIT03\TIR__20251216081249416.log'
2025-12-16 08:12:49,422-INFO-root-33288::base::Start|1183:: TIR Version: 2.4.3
2025-12-16 08:12:49,422-INFO-root-33288::base::Start|1184:: Python Version: 3.12.10
2025-12-16 08:12:49,423-INFO-root-33288::base::Start|1185:: Starting the browser
2025-12-16 08:12:56,860-INFO-root-33288::base::get_url|1294:: Page is ready!
2025-12-16 08:12:56,862-INFO-root-33288::base::Start|1256:: Browser maximized to 1936x1048
2025-12-16 08:12:56,862-INFO-root-33288::base::Start|1258:: Screen size is different from default used in headless mode
2025-12-16 08:12:56,913-INFO-root-33288::webapp_internal::Setup|247:: ***System Info*** in Setup():
2025-12-16 08:12:56,914-DEBUG-root-33288::psutil_info::system_info|5:: CPU USAGE: 15.5%
2025-12-16 08:12:56,914-DEBUG-root-33288::psutil_info::system_info|6:: MEMORY USAGE: 92.2%
2025-12-16 08:12:56,915-DEBUG-root-33288::psutil_info::system_info|7:: MEMORY AVAILABLE: 7.77%
2025-12-16 08:12:56,928-INFO-root-33288::base::webapp_shadowroot|1394:: Webapp: 10.1.6-RC4
2025-12-16 08:12:57,010-INFO-root-33288::webapp_internal::filling_initial_program|449:: Filling Initial Program: "SIGAMDI"
2025-12-16 08:12:57,011-DEBUG-root-33288::webapp_internal::wait_element|7623:: Waiting for element
2025-12-16 08:12:57,069-DEBUG-root-33288::webapp_internal::wait_element|7653:: Element found! Waiting for element to be displayed.
2025-12-16 08:12:57,219-DEBUG-root-33288::base::click|192:: Click Type: ClickType.JS
2025-12-16 08:12:57,224-DEBUG-root-33288::webapp_internal::try_send_keys|7976:: Trying to send keys to element using technique 0
2025-12-16 08:12:57,554-DEBUG-root-33288::webapp_internal::get_web_value|3232:: Current value: SIGAMDI
2025-12-16 08:12:57,554-INFO-root-33288::webapp_internal::filling_server_environment|463:: Filling Server Environment: "POUPEX_TST"
2025-12-16 08:12:57,554-DEBUG-root-33288::webapp_internal::wait_element|7623:: Waiting for element
2025-12-16 08:12:57,582-DEBUG-root-33288::webapp_internal::wait_element|7653:: Element found! Waiting for element to be displayed.
2025-12-16 08:12:57,952-DEBUG-root-33288::base::click|192:: Click Type: ClickType.JS
2025-12-16 08:12:57,957-DEBUG-root-33288::webapp_internal::try_send_keys|7976:: Trying to send keys to element using technique 0
2025-12-16 08:12:58,645-DEBUG-root-33288::webapp_internal::get_web_value|3232:: Current value: POUPEX_TST
2025-12-16 08:12:58,665-DEBUG-root-33288::base::click|192:: Click Type: ClickType.JS
2025-12-16 08:12:58,686-DEBUG-root-33288::webapp_internal::user_screen|519:: Filling user screen
2025-12-16 08:13:06,237-DEBUG-root-33288::webapp_internal::wait_element_timeout|7726:: Element found! Waiting for element to be displayed.
2025-12-16 08:13:06,298-DEBUG-root-33288::base::scroll_to_element|759:: ********Warining scroll_to_element exception: Message: TypeError: can't access property "scrollIntoView", arguments[0] is null
Stacktrace:
@https://qasrverp:10020/webapp/:2:7
@https://qasrverp:10020/webapp/:3:8
*********
2025-12-16 08:13:06,445-INFO-root-33288::webapp_internal::user_screen|561:: Filling User
2025-12-16 08:13:06,474-DEBUG-root-33288::base::double_click|259:: Click Type: ClickType.SELENIUM
2025-12-16 08:13:06,652-DEBUG-root-33288::webapp_internal::get_web_value|3232:: Current value: 97137227104
2025-12-16 08:13:06,675-INFO-root-33288::webapp_internal::user_screen|621:: Filling Password
2025-12-16 08:13:06,693-DEBUG-root-33288::base::click|192:: Click Type: ClickType.JS
2025-12-16 08:13:06,758-DEBUG-root-33288::webapp_internal::get_web_value|3232:: Current value: Deire20191817+
2025-12-16 08:13:06,758-DEBUG-root-33288::webapp_internal::wait_blocker|2444:: Waiting blocker to continue...
2025-12-16 08:13:06,785-DEBUG-root-33288::webapp_internal::wait_blocker|2469:: Blocker status: None
2025-12-16 08:13:06,804-DEBUG-root-33288::webapp_internal::wait_blocker|2444:: Waiting blocker to continue...
2025-12-16 08:13:06,836-DEBUG-root-33288::webapp_internal::wait_blocker|2469:: Blocker status: None
2025-12-16 08:13:06,870-DEBUG-root-33288::webapp_internal::wait_blocker|2444:: Waiting blocker to continue...
2025-12-16 08:13:06,896-DEBUG-root-33288::webapp_internal::wait_blocker|2469:: Blocker status: None
2025-12-16 08:13:06,896-DEBUG-root-33288::webapp_internal::send_action|10480:: Trying to send action
2025-12-16 08:13:06,904-DEBUG-root-33288::base::click|192:: Click Type: ClickType.JS
2025-12-16 08:13:07,941-DEBUG-root-33288::webapp_internal::send_action|10522:: send_action method result = True
2025-12-16 08:13:07,941-DEBUG-root-33288::webapp_internal::send_action|10523:: send_action selenium status: False
2025-12-16 08:13:10,524-DEBUG-root-33288::base::scroll_to_element|759:: ********Warining scroll_to_element exception: Message: TypeError: can't access property "scrollIntoView", arguments[0] is null
Stacktrace:
@https://qasrverp:10020/webapp/:2:7
@https://qasrverp:10020/webapp/:3:8
*********
2025-12-16 08:13:10,569-INFO-root-33288::webapp_internal::filling_date|885:: Filling Date: "17/09/2025"
2025-12-16 08:13:10,570-DEBUG-root-33288::webapp_internal::wait_blocker|2444:: Waiting blocker to continue...
2025-12-16 08:13:10,627-DEBUG-root-33288::webapp_internal::wait_blocker|2469:: Blocker status: None
2025-12-16 08:13:10,629-DEBUG-root-33288::base::click|192:: Click Type: ClickType.JS
2025-12-16 08:13:10,647-DEBUG-root-33288::webapp_internal::try_send_keys|7976:: Trying to send keys to element using technique 1
2025-12-16 08:13:10,723-DEBUG-root-33288::webapp_internal::get_web_value|3232:: Current value: 17/09/2025
2025-12-16 08:13:11,799-INFO-root-33288::webapp_internal::filling_group|955:: Filling Group: "02"
2025-12-16 08:13:11,799-DEBUG-root-33288::webapp_internal::wait_blocker|2444:: Waiting blocker to continue...
2025-12-16 08:13:11,830-DEBUG-root-33288::webapp_internal::wait_blocker|2469:: Blocker status: None
2025-12-16 08:13:11,832-DEBUG-root-33288::base::click|192:: Click Type: ClickType.JS
2025-12-16 08:13:11,881-DEBUG-root-33288::webapp_internal::get_web_value|3232:: Current value: 02
2025-12-16 08:13:12,943-INFO-root-33288::webapp_internal::filling_branch|1047:: Filling Branch: "02DF0001"
2025-12-16 08:13:12,943-DEBUG-root-33288::webapp_internal::wait_blocker|2444:: Waiting blocker to continue...
2025-12-16 08:13:12,976-DEBUG-root-33288::webapp_internal::wait_blocker|2469:: Blocker status: None
2025-12-16 08:13:12,979-DEBUG-root-33288::base::click|192:: Click Type: ClickType.JS
2025-12-16 08:13:13,035-DEBUG-root-33288::webapp_internal::get_web_value|3232:: Current value: 02DF0001
2025-12-16 08:13:14,114-INFO-root-33288::webapp_internal::filling_environment|1113:: Filling Environment: "07"
2025-12-16 08:13:14,114-DEBUG-root-33288::webapp_internal::wait_blocker|2444:: Waiting blocker to continue...
2025-12-16 08:13:14,147-DEBUG-root-33288::webapp_internal::wait_blocker|2469:: Blocker status: None
2025-12-16 08:13:14,150-DEBUG-root-33288::base::click|192:: Click Type: ClickType.JS
2025-12-16 08:13:14,202-DEBUG-root-33288::webapp_internal::get_web_value|3232:: Current value: 07
2025-12-16 08:13:15,215-DEBUG-root-33288::webapp_internal::close_warning_screen|1489:: Closing warning screen!
2025-12-16 08:13:16,246-DEBUG-root-33288::webapp_internal::check_screen_element|1291:: Checking screen element: "Atenção": False
2025-12-16 08:13:17,349-INFO-root-33288::webapp_internal::environment_screen|796:: Clicking on Button
2025-12-16 08:13:17,349-DEBUG-root-33288::webapp_internal::wait_blocker|2444:: Waiting blocker to continue...
2025-12-16 08:13:17,381-DEBUG-root-33288::webapp_internal::wait_blocker|2469:: Blocker status: None
2025-12-16 08:13:17,384-DEBUG-root-33288::base::click|192:: Click Type: ClickType.JS
2025-12-16 08:13:18,394-DEBUG-root-33288::base::click|192:: Click Type: ClickType.JS
2025-12-16 08:13:19,402-DEBUG-root-33288::base::click|192:: Click Type: ClickType.JS
2025-12-16 08:13:20,411-DEBUG-root-33288::base::click|192:: Click Type: ClickType.JS
2025-12-16 08:13:21,419-DEBUG-root-33288::base::click|192:: Click Type: ClickType.JS
2025-12-16 08:13:22,426-DEBUG-root-33288::base::click|192:: Click Type: ClickType.JS
2025-12-16 08:13:23,438-DEBUG-root-33288::webapp_internal::close_screen_before_menu|368:: Closing screen before the menu
2025-12-16 08:13:23,504-DEBUG-root-33288::webapp_internal::close_warning_screen|1489:: Closing warning screen!
2025-12-16 08:13:24,546-DEBUG-root-33288::webapp_internal::check_screen_element|1291:: Checking screen element: "Atenção": False
2025-12-16 08:13:24,546-DEBUG-root-33288::webapp_internal::close_coin_screen|1424:: Closing coin screen!
2025-12-16 08:13:25,099-DEBUG-root-33288::base::click|192:: Click Type: ClickType.JS
2025-12-16 08:13:25,156-DEBUG-root-33288::webapp_internal::close_warning_screen|1489:: Closing warning screen!
2025-12-16 08:13:26,224-DEBUG-root-33288::webapp_internal::check_screen_element|1291:: Checking screen element: "Atenção": False
2025-12-16 08:13:26,225-DEBUG-root-33288::webapp_internal::close_coin_screen|1424:: Closing coin screen!
2025-12-16 08:13:26,354-INFO-root-33288::webapp_internal::set_log_info|1623:: Getting log info
2025-12-16 08:13:26,354-INFO-root-33288::webapp_internal::SetLateralMenu|4184:: Navigating lateral menu: Ajuda > Sobre
2025-12-16 08:13:26,362-DEBUG-root-33288::webapp_internal::wait_element|7623:: Waiting for element
2025-12-16 08:13:26,398-DEBUG-root-33288::webapp_internal::wait_element|7653:: Element found! Waiting for element to be displayed.
2025-12-16 08:13:26,557-INFO-root-33288::webapp_internal::SetLateralMenu|4203:: Menu item: "Ajuda"
2025-12-16 08:13:26,557-DEBUG-root-33288::webapp_internal::wait_blocker|2444:: Waiting blocker to continue...
2025-12-16 08:13:26,631-DEBUG-root-33288::webapp_internal::wait_blocker|2469:: Blocker status: False
2025-12-16 08:13:26,976-DEBUG-root-33288::webapp_internal::wait_element_timeout|7726:: Element found! Waiting for element to be displayed.
2025-12-16 08:13:27,293-DEBUG-root-33288::webapp_internal::wait_blocker|2444:: Waiting blocker to continue...
2025-12-16 08:13:27,362-DEBUG-root-33288::webapp_internal::wait_blocker|2469:: Blocker status: False
2025-12-16 08:13:29,663-INFO-root-33288::webapp_internal::SetLateralMenu|4203:: Menu item: "Sobre"
2025-12-16 08:13:29,663-DEBUG-root-33288::webapp_internal::wait_blocker|2444:: Waiting blocker to continue...
2025-12-16 08:13:29,766-DEBUG-root-33288::webapp_internal::wait_blocker|2469:: Blocker status: False
2025-12-16 08:13:30,382-DEBUG-root-33288::webapp_internal::wait_element_timeout|7726:: Element found! Waiting for element to be displayed.
2025-12-16 08:13:30,997-DEBUG-root-33288::webapp_internal::wait_blocker|2444:: Waiting blocker to continue...
2025-12-16 08:13:31,075-DEBUG-root-33288::webapp_internal::wait_blocker|2469:: Blocker status: False
2025-12-16 08:13:33,841-DEBUG-root-33288::webapp_internal::wait_blocker|2444:: Waiting blocker to continue...
2025-12-16 08:13:33,912-DEBUG-root-33288::webapp_internal::wait_blocker|2469:: Blocker status: False
2025-12-16 08:13:34,027-DEBUG-root-33288::webapp_internal::wait_element|7623:: Waiting for element
2025-12-16 08:13:34,073-DEBUG-root-33288::webapp_internal::wait_element|7653:: Element found! Waiting for element to be displayed.
2025-12-16 08:13:34,272-INFO-root-33288::webapp_internal::SetButton|4444:: Clicking on Fechar
2025-12-16 08:13:34,272-DEBUG-root-33288::webapp_internal::wait_blocker|2444:: Waiting blocker to continue...
2025-12-16 08:13:34,385-DEBUG-root-33288::webapp_internal::wait_blocker|2469:: Blocker status: False
2025-12-16 08:13:34,629-DEBUG-root-33288::webapp_internal::wait_element_timeout|7726:: Element found! Waiting for element to be displayed.
2025-12-16 08:13:34,733-DEBUG-root-33288::webapp_internal::SetButton|4481:: ***System Info*** Before Clicking on button:Fechar
2025-12-16 08:13:34,734-DEBUG-root-33288::psutil_info::system_info|5:: CPU USAGE: 9.4%
2025-12-16 08:13:34,735-DEBUG-root-33288::psutil_info::system_info|6:: MEMORY USAGE: 94.7%
2025-12-16 08:13:34,735-DEBUG-root-33288::psutil_info::system_info|7:: MEMORY AVAILABLE: 5.34%
2025-12-16 08:13:34,896-DEBUG-root-33288::webapp_internal::wait_element_timeout|7726:: Element found! Waiting for element to be displayed.
2025-12-16 08:13:35,021-DEBUG-root-33288::webapp_internal::wait_blocker|2444:: Waiting blocker to continue...
2025-12-16 08:13:35,103-DEBUG-root-33288::webapp_internal::wait_blocker|2469:: Blocker status: False
2025-12-16 08:13:35,120-DEBUG-root-33288::webapp_internal::wait_blocker|2444:: Waiting blocker to continue...
2025-12-16 08:13:35,204-DEBUG-root-33288::webapp_internal::wait_blocker|2469:: Blocker status: False
2025-12-16 08:13:35,205-DEBUG-root-33288::webapp_internal::send_action|10480:: Trying to send action
2025-12-16 08:13:35,208-DEBUG-root-33288::base::click|192:: Click Type: ClickType.JS
2025-12-16 08:13:36,244-DEBUG-root-33288::webapp_internal::send_action|10522:: send_action method result = True
2025-12-16 08:13:36,244-DEBUG-root-33288::webapp_internal::send_action|10523:: send_action selenium status: False
2025-12-16 08:13:36,244-DEBUG-root-33288::webapp_internal::SetButton|4683:: ***System Info*** After Clicking on button:
2025-12-16 08:13:36,245-DEBUG-root-33288::psutil_info::system_info|5:: CPU USAGE: 5.5%
2025-12-16 08:13:36,245-DEBUG-root-33288::psutil_info::system_info|6:: MEMORY USAGE: 94.2%
2025-12-16 08:13:36,245-DEBUG-root-33288::psutil_info::system_info|7:: MEMORY AVAILABLE: 5.77%
2025-12-16 08:13:36,245-DEBUG-root-33288::webapp_internal::wait_element|7623:: Waiting for element
2025-12-16 08:13:36,346-INFO-root-33288::webapp_internal::SetLateralMenu|4184:: Navigating lateral menu: Atualizações > Lançamentos > Lancamentos Avulso
2025-12-16 08:13:36,359-DEBUG-root-33288::webapp_internal::wait_element|7623:: Waiting for element
2025-12-16 08:13:36,415-DEBUG-root-33288::webapp_internal::wait_element|7653:: Element found! Waiting for element to be displayed.
2025-12-16 08:13:36,591-INFO-root-33288::webapp_internal::SetLateralMenu|4203:: Menu item: "Atualizações"
2025-12-16 08:13:36,592-DEBUG-root-33288::webapp_internal::wait_blocker|2444:: Waiting blocker to continue...
2025-12-16 08:13:36,690-DEBUG-root-33288::webapp_internal::wait_blocker|2469:: Blocker status: False
2025-12-16 08:13:37,104-DEBUG-root-33288::webapp_internal::wait_element_timeout|7726:: Element found! Waiting for element to be displayed.
2025-12-16 08:13:37,509-DEBUG-root-33288::webapp_internal::wait_blocker|2444:: Waiting blocker to continue...
2025-12-16 08:13:37,580-DEBUG-root-33288::webapp_internal::wait_blocker|2469:: Blocker status: False
2025-12-16 08:13:39,881-INFO-root-33288::webapp_internal::SetLateralMenu|4203:: Menu item: "Lançamentos"
2025-12-16 08:13:39,882-DEBUG-root-33288::webapp_internal::wait_blocker|2444:: Waiting blocker to continue...
2025-12-16 08:13:40,025-DEBUG-root-33288::webapp_internal::wait_blocker|2469:: Blocker status: False
2025-12-16 08:13:40,892-DEBUG-root-33288::webapp_internal::wait_element_timeout|7726:: Element found! Waiting for element to be displayed.
2025-12-16 08:13:41,852-DEBUG-root-33288::webapp_internal::wait_blocker|2444:: Waiting blocker to continue...
2025-12-16 08:13:41,946-DEBUG-root-33288::webapp_internal::wait_blocker|2469:: Blocker status: False
2025-12-16 08:13:44,241-INFO-root-33288::webapp_internal::SetLateralMenu|4203:: Menu item: "Lancamentos Avulso"
2025-12-16 08:13:44,242-DEBUG-root-33288::webapp_internal::wait_blocker|2444:: Waiting blocker to continue...
2025-12-16 08:13:44,369-DEBUG-root-33288::webapp_internal::wait_blocker|2469:: Blocker status: False
2025-12-16 08:13:45,555-DEBUG-root-33288::webapp_internal::wait_element_timeout|7726:: Element found! Waiting for element to be displayed.
2025-12-16 08:13:46,567-DEBUG-root-33288::webapp_internal::wait_blocker|2444:: Waiting blocker to continue...
2025-12-16 08:13:46,673-DEBUG-root-33288::webapp_internal::wait_blocker|2469:: Blocker status: False
2025-12-16 08:13:50,431-DEBUG-root-33288::webapp_internal::wait_blocker|2444:: Waiting blocker to continue...
2025-12-16 08:13:50,504-DEBUG-root-33288::webapp_internal::wait_blocker|2469:: Blocker status: False
2025-12-16 08:13:50,611-INFO-root-33288::webapp_internal::WaitShow|4980:: Waiting show text 'Este ambiente utiliza base de Homologação.'...
2025-12-16 08:13:56,460-DEBUG-root-33288::log::checks_empty_line|221:: Checking empty default log info
2025-12-16 08:13:56,463-DEBUG-root-33288::log::generate_log|503:: Json log_data: {'cLogDtExec': '16/12/2025 08:13:56', 'cLogNomUsr': '97137227104', 'cLogNomEst': 'GESIT03', 'cLogProgra': None, 'cLogDtProg': '', 'cLogHrProg': '', 'nLogCtsOk': 1, 'nLogCtsNok': 0, 'nLogCtsSeg': 67.18, 'cLogVersao': '12', 'cLogReleas': '12.1.2410', 'nLogCtsErr': '', 'cLogBancod': 'ORACLE', 'cLogIdenti': '', 'cLogIdExec': '20251216', 'cLogPais': 'BRA', 'cLogTool': 'TIR', 'cLogSequen': 'b4422b', 'nLogCtsTot': 1, 'cLogDtExea': '16/12/2025', 'cLogHrExea': '08:13:56', 'cLogArea': 'Desenvolvimento', 'cLogMnExec': 1.1196666666666668}
2025-12-16 08:13:56,463-INFO-root-33288::log::send_log_with_retries|515:: Saving log locally.
2025-12-16 08:13:56,463-INFO-root-33288::log::save_log_locally|548:: [FwSendLog]: Não foi possível enviar o log após todas as tentativas.
2025-12-16 08:13:56,464-INFO-root-33288::log::save_log_locally|555:: [FwSendLog]: Log salvo localmente em C:\TIR_TESTE\1765883636.json.
2025-12-16 08:13:56,464-INFO-root-33288::webapp_internal::WaitShow|4980:: Waiting show text 'Moedas'...
2025-12-16 08:14:01,713-DEBUG-root-33288::webapp_internal::wait_blocker|2444:: Waiting blocker to continue...
2025-12-16 08:14:01,827-DEBUG-root-33288::webapp_internal::wait_blocker|2469:: Blocker status: False
2025-12-16 08:14:01,828-INFO-root-33288::webapp_internal::SearchBrowse|2003:: Searching: 02DF0001228383
2025-12-16 08:14:02,010-DEBUG-root-33288::webapp_internal::wait_element_timeout|7726:: Element found! Waiting for element to be displayed.
2025-12-16 08:14:02,128-DEBUG-root-33288::webapp_internal::wait_element|7623:: Waiting for element
2025-12-16 08:14:02,186-DEBUG-root-33288::webapp_internal::wait_element|7653:: Element found! Waiting for element to be displayed.
2025-12-16 08:14:02,553-DEBUG-root-33288::base::click|192:: Click Type: ClickType.JS
2025-12-16 08:14:04,444-DEBUG-root-33288::webapp_internal::wait_blocker|2444:: Waiting blocker to continue...
2025-12-16 08:14:04,632-DEBUG-root-33288::webapp_internal::wait_blocker|2469:: Blocker status: False
2025-12-16 08:14:04,647-DEBUG-root-33288::webapp_internal::wait_blocker|2444:: Waiting blocker to continue...
2025-12-16 08:14:04,795-DEBUG-root-33288::webapp_internal::wait_blocker|2469:: Blocker status: False
2025-12-16 08:14:04,795-INFO-root-33288::webapp_internal::fill_search_browse|2399:: Filling: 02DF0001228383
2025-12-16 08:14:04,808-DEBUG-root-33288::base::click|192:: Click Type: ClickType.JS
2025-12-16 08:14:05,914-DEBUG-root-33288::webapp_internal::wait_blocker|2444:: Waiting blocker to continue...
2025-12-16 08:14:06,057-DEBUG-root-33288::webapp_internal::wait_blocker|2469:: Blocker status: False
2025-12-16 08:14:06,058-DEBUG-root-33288::base::double_click|259:: Click Type: ClickType.SELENIUM
2025-12-16 08:14:06,064-WARNING-root-33288::base::double_click|280:: Warning double_click method Exception: Message: Element <button class="button-image" type="button"> is not clickable at point (1844,131) because another element <wa-button id="COMP4530" class="dict-tbutton focus"> obscures it
Stacktrace:
RemoteError@chrome://remote/content/shared/RemoteError.sys.mjs:8:8
WebDriverError@chrome://remote/content/shared/webdriver/Errors.sys.mjs:202:5
ElementClickInterceptedError@chrome://remote/content/shared/webdriver/Errors.sys.mjs:354:5
webdriverClickElement@chrome://remote/content/marionette/interaction.sys.mjs:175:11
interaction.clickElement@chrome://remote/content/marionette/interaction.sys.mjs:134:11
clickElement@chrome://remote/content/marionette/actors/MarionetteCommandsChild.sys.mjs:327:29
receiveMessage@chrome://remote/content/marionette/actors/MarionetteCommandsChild.sys.mjs:210:31

2025-12-16 08:14:16,372-INFO-root-33288::webapp_internal::WaitShow|4980:: Waiting show text 'Lançamentos Avulsos'...
2025-12-16 08:14:16,452-INFO-root-33288::webapp_internal::WaitShow|4996:: Text found! 
2025-12-16 08:14:16,452-INFO-root-33288::webapp_internal::SetButton|4444:: Clicking on Manutenção
2025-12-16 08:14:16,452-DEBUG-root-33288::webapp_internal::wait_blocker|2444:: Waiting blocker to continue...
2025-12-16 08:14:16,552-DEBUG-root-33288::webapp_internal::wait_blocker|2469:: Blocker status: False
2025-12-16 08:14:17,035-DEBUG-root-33288::webapp_internal::wait_element_timeout|7726:: Element found! Waiting for element to be displayed.
2025-12-16 08:14:17,332-DEBUG-root-33288::webapp_internal::SetButton|4481:: ***System Info*** Before Clicking on button:Manutenção
2025-12-16 08:14:17,332-DEBUG-root-33288::psutil_info::system_info|5:: CPU USAGE: 9.5%
2025-12-16 08:14:17,334-DEBUG-root-33288::psutil_info::system_info|6:: MEMORY USAGE: 87.5%
2025-12-16 08:14:17,334-DEBUG-root-33288::psutil_info::system_info|7:: MEMORY AVAILABLE: 12.49%
2025-12-16 08:14:17,713-DEBUG-root-33288::webapp_internal::wait_element_timeout|7726:: Element found! Waiting for element to be displayed.
2025-12-16 08:14:18,086-DEBUG-root-33288::webapp_internal::wait_blocker|2444:: Waiting blocker to continue...
2025-12-16 08:14:18,245-DEBUG-root-33288::webapp_internal::wait_blocker|2469:: Blocker status: False
2025-12-16 08:14:18,279-DEBUG-root-33288::webapp_internal::wait_blocker|2444:: Waiting blocker to continue...
2025-12-16 08:14:18,416-DEBUG-root-33288::webapp_internal::wait_blocker|2469:: Blocker status: False
2025-12-16 08:14:18,416-DEBUG-root-33288::webapp_internal::send_action|10480:: Trying to send action
2025-12-16 08:14:18,419-DEBUG-root-33288::base::click|192:: Click Type: ClickType.JS
2025-12-16 08:14:19,478-DEBUG-root-33288::webapp_internal::send_action|10522:: send_action method result = True
2025-12-16 08:14:19,478-DEBUG-root-33288::webapp_internal::send_action|10523:: send_action selenium status: False
2025-12-16 08:14:19,478-DEBUG-root-33288::webapp_internal::SetButton|4683:: ***System Info*** After Clicking on button:
2025-12-16 08:14:19,479-DEBUG-root-33288::psutil_info::system_info|5:: CPU USAGE: 9.1%
2025-12-16 08:14:19,479-DEBUG-root-33288::psutil_info::system_info|6:: MEMORY USAGE: 87.4%
2025-12-16 08:14:19,479-DEBUG-root-33288::psutil_info::system_info|7:: MEMORY AVAILABLE: 12.58%
2025-12-16 08:14:24,481-INFO-root-33288::webapp_internal::WaitShow|4980:: Waiting show text 'Funcionários - MANUTENÇÃO'...
2025-12-16 08:14:24,603-INFO-root-33288::webapp_internal::WaitShow|4996:: Text found! 
2025-12-16 08:14:24,603-INFO-root-33288::webapp_internal::WaitShow|4980:: Waiting show text 'Funcionários - MANUTENÇÃO'...
2025-12-16 08:14:24,696-INFO-root-33288::webapp_internal::WaitShow|4996:: Text found! 
2025-12-16 08:14:24,697-DEBUG-root-33288::webapp_internal::wait_blocker|2444:: Waiting blocker to continue...
2025-12-16 08:14:24,861-DEBUG-root-33288::webapp_internal::wait_blocker|2469:: Blocker status: False
2025-12-16 08:14:24,861-INFO-root-33288::webapp_internal::SetKey|5822:: Key pressed: DOWN
2025-12-16 08:14:24,861-DEBUG-root-33288::webapp_internal::wait_element|7623:: Waiting for element
2025-12-16 08:14:24,937-DEBUG-root-33288::webapp_internal::wait_element|7653:: Element found! Waiting for element to be displayed.
2025-12-16 08:14:25,171-DEBUG-root-33288::webapp_internal::wait_blocker|2444:: Waiting blocker to continue...
2025-12-16 08:14:25,347-DEBUG-root-33288::webapp_internal::wait_blocker|2469:: Blocker status: False
2025-12-16 08:14:25,347-INFO-root-33288::webapp_internal::LoadGrid|6298:: Filling grid field: Sequencia
2025-12-16 08:14:25,347-DEBUG-root-33288::webapp_internal::fill_grid|6399:: Grid loading...
2025-12-16 08:14:25,467-ERROR-root-33288::webapp_internal::fill_grid|6675:: fill grid error: list index out of range
Traceback (most recent call last):
  File "C:\TIR_TESTE\venv\Lib\site-packages\tir\technologies\webapp_internal.py", line 6420, in fill_grid
    if not column_name in headers[field[2]]:
                          ~~~~~~~^^^^^^^^^^
IndexError: list index out of range
2025-12-16 08:14:25,468-WARNING-root-33288::webapp_internal::log_error|8143:: Warning log_error fill grid error: list index out of range
2025-12-16 08:14:25,468-DEBUG-root-33288::webapp_internal::log_error|8146:: ***System Info*** in log_error():
2025-12-16 08:14:25,468-DEBUG-root-33288::psutil_info::system_info|5:: CPU USAGE: 7.6%
2025-12-16 08:14:25,468-DEBUG-root-33288::psutil_info::system_info|6:: MEMORY USAGE: 87.4%
2025-12-16 08:14:25,469-DEBUG-root-33288::psutil_info::system_info|7:: MEMORY AVAILABLE: 12.56%
2025-12-16 08:14:28,051-ERROR-root-33288::webapp_internal::TearDown|9654:: Warning tearDown Close Message: Tried to run command without establishing a connection
Traceback (most recent call last):
  File "C:\TIR_TESTE\venv\Lib\site-packages\tir\technologies\webapp_internal.py", line 9652, in TearDown
    self.driver.close()
  File "C:\TIR_TESTE\venv\Lib\site-packages\selenium\webdriver\remote\webdriver.py", line 458, in close
    self.execute(Command.CLOSE)
  File "C:\TIR_TESTE\venv\Lib\site-packages\selenium\webdriver\remote\webdriver.py", line 347, in execute
    self.error_handler.check_response(response)
  File "C:\TIR_TESTE\venv\Lib\site-packages\selenium\webdriver\remote\errorhandler.py", line 229, in check_response
    raise exception_class(message, screen, stacktrace)
selenium.common.exceptions.InvalidSessionIdException: Message: Tried to run command without establishing a connection

2025-12-16 08:12:49,422-DEBUG-root-33288::logging_config::logger|189:: Log file created: 'Log\GESIT03\TIR__20251216081249416.log'
2025-12-16 08:12:49,422-INFO-root-33288::base::Start|1183:: TIR Version: 2.4.3
2025-12-16 08:12:49,422-INFO-root-33288::base::Start|1184:: Python Version: 3.12.10
2025-12-16 08:12:49,423-INFO-root-33288::base::Start|1185:: Starting the browser
2025-12-16 08:12:56,860-INFO-root-33288::base::get_url|1294:: Page is ready!
2025-12-16 08:12:56,862-INFO-root-33288::base::Start|1256:: Browser maximized to 1936x1048
2025-12-16 08:12:56,862-INFO-root-33288::base::Start|1258:: Screen size is different from default used in headless mode
2025-12-16 08:12:56,913-INFO-root-33288::webapp_internal::Setup|247:: ***System Info*** in Setup():
2025-12-16 08:12:56,914-DEBUG-root-33288::psutil_info::system_info|5:: CPU USAGE: 15.5%
2025-12-16 08:12:56,914-DEBUG-root-33288::psutil_info::system_info|6:: MEMORY USAGE: 92.2%
2025-12-16 08:12:56,915-DEBUG-root-33288::psutil_info::system_info|7:: MEMORY AVAILABLE: 7.77%
2025-12-16 08:12:56,928-INFO-root-33288::base::webapp_shadowroot|1394:: Webapp: 10.1.6-RC4
2025-12-16 08:12:57,010-INFO-root-33288::webapp_internal::filling_initial_program|449:: Filling Initial Program: "SIGAMDI"
2025-12-16 08:12:57,011-DEBUG-root-33288::webapp_internal::wait_element|7623:: Waiting for element
2025-12-16 08:12:57,069-DEBUG-root-33288::webapp_internal::wait_element|7653:: Element found! Waiting for element to be displayed.
2025-12-16 08:12:57,219-DEBUG-root-33288::base::click|192:: Click Type: ClickType.JS
2025-12-16 08:12:57,224-DEBUG-root-33288::webapp_internal::try_send_keys|7976:: Trying to send keys to element using technique 0
2025-12-16 08:12:57,554-DEBUG-root-33288::webapp_internal::get_web_value|3232:: Current value: SIGAMDI
2025-12-16 08:12:57,554-INFO-root-33288::webapp_internal::filling_server_environment|463:: Filling Server Environment: "POUPEX_TST"
2025-12-16 08:12:57,554-DEBUG-root-33288::webapp_internal::wait_element|7623:: Waiting for element
2025-12-16 08:12:57,582-DEBUG-root-33288::webapp_internal::wait_element|7653:: Element found! Waiting for element to be displayed.
2025-12-16 08:12:57,952-DEBUG-root-33288::base::click|192:: Click Type: ClickType.JS
2025-12-16 08:12:57,957-DEBUG-root-33288::webapp_internal::try_send_keys|7976:: Trying to send keys to element using technique 0
2025-12-16 08:12:58,645-DEBUG-root-33288::webapp_internal::get_web_value|3232:: Current value: POUPEX_TST
2025-12-16 08:12:58,665-DEBUG-root-33288::base::click|192:: Click Type: ClickType.JS
2025-12-16 08:12:58,686-DEBUG-root-33288::webapp_internal::user_screen|519:: Filling user screen
2025-12-16 08:13:06,237-DEBUG-root-33288::webapp_internal::wait_element_timeout|7726:: Element found! Waiting for element to be displayed.
2025-12-16 08:13:06,298-DEBUG-root-33288::base::scroll_to_element|759:: ********Warining scroll_to_element exception: Message: TypeError: can't access property "scrollIntoView", arguments[0] is null
Stacktrace:
@https://qasrverp:10020/webapp/:2:7
@https://qasrverp:10020/webapp/:3:8
*********
2025-12-16 08:13:06,445-INFO-root-33288::webapp_internal::user_screen|561:: Filling User
2025-12-16 08:13:06,474-DEBUG-root-33288::base::double_click|259:: Click Type: ClickType.SELENIUM
2025-12-16 08:13:06,652-DEBUG-root-33288::webapp_internal::get_web_value|3232:: Current value: 97137227104
2025-12-16 08:13:06,675-INFO-root-33288::webapp_internal::user_screen|621:: Filling Password
2025-12-16 08:13:06,693-DEBUG-root-33288::base::click|192:: Click Type: ClickType.JS
2025-12-16 08:13:06,758-DEBUG-root-33288::webapp_internal::get_web_value|3232:: Current value: Deire20191817+
2025-12-16 08:13:06,758-DEBUG-root-33288::webapp_internal::wait_blocker|2444:: Waiting blocker to continue...
2025-12-16 08:13:06,785-DEBUG-root-33288::webapp_internal::wait_blocker|2469:: Blocker status: None
2025-12-16 08:13:06,804-DEBUG-root-33288::webapp_internal::wait_blocker|2444:: Waiting blocker to continue...
2025-12-16 08:13:06,836-DEBUG-root-33288::webapp_internal::wait_blocker|2469:: Blocker status: None
2025-12-16 08:13:06,870-DEBUG-root-33288::webapp_internal::wait_blocker|2444:: Waiting blocker to continue...
2025-12-16 08:13:06,896-DEBUG-root-33288::webapp_internal::wait_blocker|2469:: Blocker status: None
2025-12-16 08:13:06,896-DEBUG-root-33288::webapp_internal::send_action|10480:: Trying to send action
2025-12-16 08:13:06,904-DEBUG-root-33288::base::click|192:: Click Type: ClickType.JS
2025-12-16 08:13:07,941-DEBUG-root-33288::webapp_internal::send_action|10522:: send_action method result = True
2025-12-16 08:13:07,941-DEBUG-root-33288::webapp_internal::send_action|10523:: send_action selenium status: False
2025-12-16 08:13:10,524-DEBUG-root-33288::base::scroll_to_element|759:: ********Warining scroll_to_element exception: Message: TypeError: can't access property "scrollIntoView", arguments[0] is null
Stacktrace:
@https://qasrverp:10020/webapp/:2:7
@https://qasrverp:10020/webapp/:3:8
*********
2025-12-16 08:13:10,569-INFO-root-33288::webapp_internal::filling_date|885:: Filling Date: "17/09/2025"
2025-12-16 08:13:10,570-DEBUG-root-33288::webapp_internal::wait_blocker|2444:: Waiting blocker to continue...
2025-12-16 08:13:10,627-DEBUG-root-33288::webapp_internal::wait_blocker|2469:: Blocker status: None
2025-12-16 08:13:10,629-DEBUG-root-33288::base::click|192:: Click Type: ClickType.JS
2025-12-16 08:13:10,647-DEBUG-root-33288::webapp_internal::try_send_keys|7976:: Trying to send keys to element using technique 1
2025-12-16 08:13:10,723-DEBUG-root-33288::webapp_internal::get_web_value|3232:: Current value: 17/09/2025
2025-12-16 08:13:11,799-INFO-root-33288::webapp_internal::filling_group|955:: Filling Group: "02"
2025-12-16 08:13:11,799-DEBUG-root-33288::webapp_internal::wait_blocker|2444:: Waiting blocker to continue...
2025-12-16 08:13:11,830-DEBUG-root-33288::webapp_internal::wait_blocker|2469:: Blocker status: None
2025-12-16 08:13:11,832-DEBUG-root-33288::base::click|192:: Click Type: ClickType.JS
2025-12-16 08:13:11,881-DEBUG-root-33288::webapp_internal::get_web_value|3232:: Current value: 02
2025-12-16 08:13:12,943-INFO-root-33288::webapp_internal::filling_branch|1047:: Filling Branch: "02DF0001"
2025-12-16 08:13:12,943-DEBUG-root-33288::webapp_internal::wait_blocker|2444:: Waiting blocker to continue...
2025-12-16 08:13:12,976-DEBUG-root-33288::webapp_internal::wait_blocker|2469:: Blocker status: None
2025-12-16 08:13:12,979-DEBUG-root-33288::base::click|192:: Click Type: ClickType.JS
2025-12-16 08:13:13,035-DEBUG-root-33288::webapp_internal::get_web_value|3232:: Current value: 02DF0001
2025-12-16 08:13:14,114-INFO-root-33288::webapp_internal::filling_environment|1113:: Filling Environment: "07"
2025-12-16 08:13:14,114-DEBUG-root-33288::webapp_internal::wait_blocker|2444:: Waiting blocker to continue...
2025-12-16 08:13:14,147-DEBUG-root-33288::webapp_internal::wait_blocker|2469:: Blocker status: None
2025-12-16 08:13:14,150-DEBUG-root-33288::base::click|192:: Click Type: ClickType.JS
2025-12-16 08:13:14,202-DEBUG-root-33288::webapp_internal::get_web_value|3232:: Current value: 07
2025-12-16 08:13:15,215-DEBUG-root-33288::webapp_internal::close_warning_screen|1489:: Closing warning screen!
2025-12-16 08:13:16,246-DEBUG-root-33288::webapp_internal::check_screen_element|1291:: Checking screen element: "Atenção": False
2025-12-16 08:13:17,349-INFO-root-33288::webapp_internal::environment_screen|796:: Clicking on Button
2025-12-16 08:13:17,349-DEBUG-root-33288::webapp_internal::wait_blocker|2444:: Waiting blocker to continue...
2025-12-16 08:13:17,381-DEBUG-root-33288::webapp_internal::wait_blocker|2469:: Blocker status: None
2025-12-16 08:13:17,384-DEBUG-root-33288::base::click|192:: Click Type: ClickType.JS
2025-12-16 08:13:18,394-DEBUG-root-33288::base::click|192:: Click Type: ClickType.JS
2025-12-16 08:13:19,402-DEBUG-root-33288::base::click|192:: Click Type: ClickType.JS
2025-12-16 08:13:20,411-DEBUG-root-33288::base::click|192:: Click Type: ClickType.JS
2025-12-16 08:13:21,419-DEBUG-root-33288::base::click|192:: Click Type: ClickType.JS
2025-12-16 08:13:22,426-DEBUG-root-33288::base::click|192:: Click Type: ClickType.JS
2025-12-16 08:13:23,438-DEBUG-root-33288::webapp_internal::close_screen_before_menu|368:: Closing screen before the menu
2025-12-16 08:13:23,504-DEBUG-root-33288::webapp_internal::close_warning_screen|1489:: Closing warning screen!
2025-12-16 08:13:24,546-DEBUG-root-33288::webapp_internal::check_screen_element|1291:: Checking screen element: "Atenção": False
2025-12-16 08:13:24,546-DEBUG-root-33288::webapp_internal::close_coin_screen|1424:: Closing coin screen!
2025-12-16 08:13:25,099-DEBUG-root-33288::base::click|192:: Click Type: ClickType.JS
2025-12-16 08:13:25,156-DEBUG-root-33288::webapp_internal::close_warning_screen|1489:: Closing warning screen!
2025-12-16 08:13:26,224-DEBUG-root-33288::webapp_internal::check_screen_element|1291:: Checking screen element: "Atenção": False
2025-12-16 08:13:26,225-DEBUG-root-33288::webapp_internal::close_coin_screen|1424:: Closing coin screen!
2025-12-16 08:13:26,354-INFO-root-33288::webapp_internal::set_log_info|1623:: Getting log info
2025-12-16 08:13:26,354-INFO-root-33288::webapp_internal::SetLateralMenu|4184:: Navigating lateral menu: Ajuda > Sobre
2025-12-16 08:13:26,362-DEBUG-root-33288::webapp_internal::wait_element|7623:: Waiting for element
2025-12-16 08:13:26,398-DEBUG-root-33288::webapp_internal::wait_element|7653:: Element found! Waiting for element to be displayed.
2025-12-16 08:13:26,557-INFO-root-33288::webapp_internal::SetLateralMenu|4203:: Menu item: "Ajuda"
2025-12-16 08:13:26,557-DEBUG-root-33288::webapp_internal::wait_blocker|2444:: Waiting blocker to continue...
2025-12-16 08:13:26,631-DEBUG-root-33288::webapp_internal::wait_blocker|2469:: Blocker status: False
2025-12-16 08:13:26,976-DEBUG-root-33288::webapp_internal::wait_element_timeout|7726:: Element found! Waiting for element to be displayed.
2025-12-16 08:13:27,293-DEBUG-root-33288::webapp_internal::wait_blocker|2444:: Waiting blocker to continue...
2025-12-16 08:13:27,362-DEBUG-root-33288::webapp_internal::wait_blocker|2469:: Blocker status: False
2025-12-16 08:13:29,663-INFO-root-33288::webapp_internal::SetLateralMenu|4203:: Menu item: "Sobre"
2025-12-16 08:13:29,663-DEBUG-root-33288::webapp_internal::wait_blocker|2444:: Waiting blocker to continue...
2025-12-16 08:13:29,766-DEBUG-root-33288::webapp_internal::wait_blocker|2469:: Blocker status: False
2025-12-16 08:13:30,382-DEBUG-root-33288::webapp_internal::wait_element_timeout|7726:: Element found! Waiting for element to be displayed.
2025-12-16 08:13:30,997-DEBUG-root-33288::webapp_internal::wait_blocker|2444:: Waiting blocker to continue...
2025-12-16 08:13:31,075-DEBUG-root-33288::webapp_internal::wait_blocker|2469:: Blocker status: False
2025-12-16 08:13:33,841-DEBUG-root-33288::webapp_internal::wait_blocker|2444:: Waiting blocker to continue...
2025-12-16 08:13:33,912-DEBUG-root-33288::webapp_internal::wait_blocker|2469:: Blocker status: False
2025-12-16 08:13:34,027-DEBUG-root-33288::webapp_internal::wait_element|7623:: Waiting for element
2025-12-16 08:13:34,073-DEBUG-root-33288::webapp_internal::wait_element|7653:: Element found! Waiting for element to be displayed.
2025-12-16 08:13:34,272-INFO-root-33288::webapp_internal::SetButton|4444:: Clicking on Fechar
2025-12-16 08:13:34,272-DEBUG-root-33288::webapp_internal::wait_blocker|2444:: Waiting blocker to continue...
2025-12-16 08:13:34,385-DEBUG-root-33288::webapp_internal::wait_blocker|2469:: Blocker status: False
2025-12-16 08:13:34,629-DEBUG-root-33288::webapp_internal::wait_element_timeout|7726:: Element found! Waiting for element to be displayed.
2025-12-16 08:13:34,733-DEBUG-root-33288::webapp_internal::SetButton|4481:: ***System Info*** Before Clicking on button:Fechar
2025-12-16 08:13:34,734-DEBUG-root-33288::psutil_info::system_info|5:: CPU USAGE: 9.4%
2025-12-16 08:13:34,735-DEBUG-root-33288::psutil_info::system_info|6:: MEMORY USAGE: 94.7%
2025-12-16 08:13:34,735-DEBUG-root-33288::psutil_info::system_info|7:: MEMORY AVAILABLE: 5.34%
2025-12-16 08:13:34,896-DEBUG-root-33288::webapp_internal::wait_element_timeout|7726:: Element found! Waiting for element to be displayed.
2025-12-16 08:13:35,021-DEBUG-root-33288::webapp_internal::wait_blocker|2444:: Waiting blocker to continue...
2025-12-16 08:13:35,103-DEBUG-root-33288::webapp_internal::wait_blocker|2469:: Blocker status: False
2025-12-16 08:13:35,120-DEBUG-root-33288::webapp_internal::wait_blocker|2444:: Waiting blocker to continue...
2025-12-16 08:13:35,204-DEBUG-root-33288::webapp_internal::wait_blocker|2469:: Blocker status: False
2025-12-16 08:13:35,205-DEBUG-root-33288::webapp_internal::send_action|10480:: Trying to send action
2025-12-16 08:13:35,208-DEBUG-root-33288::base::click|192:: Click Type: ClickType.JS
2025-12-16 08:13:36,244-DEBUG-root-33288::webapp_internal::send_action|10522:: send_action method result = True
2025-12-16 08:13:36,244-DEBUG-root-33288::webapp_internal::send_action|10523:: send_action selenium status: False
2025-12-16 08:13:36,244-DEBUG-root-33288::webapp_internal::SetButton|4683:: ***System Info*** After Clicking on button:
2025-12-16 08:13:36,245-DEBUG-root-33288::psutil_info::system_info|5:: CPU USAGE: 5.5%
2025-12-16 08:13:36,245-DEBUG-root-33288::psutil_info::system_info|6:: MEMORY USAGE: 94.2%
2025-12-16 08:13:36,245-DEBUG-root-33288::psutil_info::system_info|7:: MEMORY AVAILABLE: 5.77%
2025-12-16 08:13:36,245-DEBUG-root-33288::webapp_internal::wait_element|7623:: Waiting for element
2025-12-16 08:13:36,346-INFO-root-33288::webapp_internal::SetLateralMenu|4184:: Navigating lateral menu: Atualizações > Lançamentos > Lancamentos Avulso
2025-12-16 08:13:36,359-DEBUG-root-33288::webapp_internal::wait_element|7623:: Waiting for element
2025-12-16 08:13:36,415-DEBUG-root-33288::webapp_internal::wait_element|7653:: Element found! Waiting for element to be displayed.
2025-12-16 08:13:36,591-INFO-root-33288::webapp_internal::SetLateralMenu|4203:: Menu item: "Atualizações"
2025-12-16 08:13:36,592-DEBUG-root-33288::webapp_internal::wait_blocker|2444:: Waiting blocker to continue...
2025-12-16 08:13:36,690-DEBUG-root-33288::webapp_internal::wait_blocker|2469:: Blocker status: False
2025-12-16 08:13:37,104-DEBUG-root-33288::webapp_internal::wait_element_timeout|7726:: Element found! Waiting for element to be displayed.
2025-12-16 08:13:37,509-DEBUG-root-33288::webapp_internal::wait_blocker|2444:: Waiting blocker to continue...
2025-12-16 08:13:37,580-DEBUG-root-33288::webapp_internal::wait_blocker|2469:: Blocker status: False
2025-12-16 08:13:39,881-INFO-root-33288::webapp_internal::SetLateralMenu|4203:: Menu item: "Lançamentos"
2025-12-16 08:13:39,882-DEBUG-root-33288::webapp_internal::wait_blocker|2444:: Waiting blocker to continue...
2025-12-16 08:13:40,025-DEBUG-root-33288::webapp_internal::wait_blocker|2469:: Blocker status: False
2025-12-16 08:13:40,892-DEBUG-root-33288::webapp_internal::wait_element_timeout|7726:: Element found! Waiting for element to be displayed.
2025-12-16 08:13:41,852-DEBUG-root-33288::webapp_internal::wait_blocker|2444:: Waiting blocker to continue...
2025-12-16 08:13:41,946-DEBUG-root-33288::webapp_internal::wait_blocker|2469:: Blocker status: False
2025-12-16 08:13:44,241-INFO-root-33288::webapp_internal::SetLateralMenu|4203:: Menu item: "Lancamentos Avulso"
2025-12-16 08:13:44,242-DEBUG-root-33288::webapp_internal::wait_blocker|2444:: Waiting blocker to continue...
2025-12-16 08:13:44,369-DEBUG-root-33288::webapp_internal::wait_blocker|2469:: Blocker status: False
2025-12-16 08:13:45,555-DEBUG-root-33288::webapp_internal::wait_element_timeout|7726:: Element found! Waiting for element to be displayed.
2025-12-16 08:13:46,567-DEBUG-root-33288::webapp_internal::wait_blocker|2444:: Waiting blocker to continue...
2025-12-16 08:13:46,673-DEBUG-root-33288::webapp_internal::wait_blocker|2469:: Blocker status: False
2025-12-16 08:13:50,431-DEBUG-root-33288::webapp_internal::wait_blocker|2444:: Waiting blocker to continue...
2025-12-16 08:13:50,504-DEBUG-root-33288::webapp_internal::wait_blocker|2469:: Blocker status: False
2025-12-16 08:13:50,611-INFO-root-33288::webapp_internal::WaitShow|4980:: Waiting show text 'Este ambiente utiliza base de Homologação.'...
2025-12-16 08:13:56,460-DEBUG-root-33288::log::checks_empty_line|221:: Checking empty default log info
2025-12-16 08:13:56,463-DEBUG-root-33288::log::generate_log|503:: Json log_data: {'cLogDtExec': '16/12/2025 08:13:56', 'cLogNomUsr': '97137227104', 'cLogNomEst': 'GESIT03', 'cLogProgra': None, 'cLogDtProg': '', 'cLogHrProg': '', 'nLogCtsOk': 1, 'nLogCtsNok': 0, 'nLogCtsSeg': 67.18, 'cLogVersao': '12', 'cLogReleas': '12.1.2410', 'nLogCtsErr': '', 'cLogBancod': 'ORACLE', 'cLogIdenti': '', 'cLogIdExec': '20251216', 'cLogPais': 'BRA', 'cLogTool': 'TIR', 'cLogSequen': 'b4422b', 'nLogCtsTot': 1, 'cLogDtExea': '16/12/2025', 'cLogHrExea': '08:13:56', 'cLogArea': 'Desenvolvimento', 'cLogMnExec': 1.1196666666666668}
2025-12-16 08:13:56,463-INFO-root-33288::log::send_log_with_retries|515:: Saving log locally.
2025-12-16 08:13:56,463-INFO-root-33288::log::save_log_locally|548:: [FwSendLog]: Não foi possível enviar o log após todas as tentativas.
2025-12-16 08:13:56,464-INFO-root-33288::log::save_log_locally|555:: [FwSendLog]: Log salvo localmente em C:\TIR_TESTE\1765883636.json.
2025-12-16 08:13:56,464-INFO-root-33288::webapp_internal::WaitShow|4980:: Waiting show text 'Moedas'...
2025-12-16 08:14:01,713-DEBUG-root-33288::webapp_internal::wait_blocker|2444:: Waiting blocker to continue...
2025-12-16 08:14:01,827-DEBUG-root-33288::webapp_internal::wait_blocker|2469:: Blocker status: False
2025-12-16 08:14:01,828-INFO-root-33288::webapp_internal::SearchBrowse|2003:: Searching: 02DF0001228383
2025-12-16 08:14:02,010-DEBUG-root-33288::webapp_internal::wait_element_timeout|7726:: Element found! Waiting for element to be displayed.
2025-12-16 08:14:02,128-DEBUG-root-33288::webapp_internal::wait_element|7623:: Waiting for element
2025-12-16 08:14:02,186-DEBUG-root-33288::webapp_internal::wait_element|7653:: Element found! Waiting for element to be displayed.
2025-12-16 08:14:02,553-DEBUG-root-33288::base::click|192:: Click Type: ClickType.JS
2025-12-16 08:14:04,444-DEBUG-root-33288::webapp_internal::wait_blocker|2444:: Waiting blocker to continue...
2025-12-16 08:14:04,632-DEBUG-root-33288::webapp_internal::wait_blocker|2469:: Blocker status: False
2025-12-16 08:14:04,647-DEBUG-root-33288::webapp_internal::wait_blocker|2444:: Waiting blocker to continue...
2025-12-16 08:14:04,795-DEBUG-root-33288::webapp_internal::wait_blocker|2469:: Blocker status: False
2025-12-16 08:14:04,795-INFO-root-33288::webapp_internal::fill_search_browse|2399:: Filling: 02DF0001228383
2025-12-16 08:14:04,808-DEBUG-root-33288::base::click|192:: Click Type: ClickType.JS
2025-12-16 08:14:05,914-DEBUG-root-33288::webapp_internal::wait_blocker|2444:: Waiting blocker to continue...
2025-12-16 08:14:06,057-DEBUG-root-33288::webapp_internal::wait_blocker|2469:: Blocker status: False
2025-12-16 08:14:06,058-DEBUG-root-33288::base::double_click|259:: Click Type: ClickType.SELENIUM
2025-12-16 08:14:06,064-WARNING-root-33288::base::double_click|280:: Warning double_click method Exception: Message: Element <button class="button-image" type="button"> is not clickable at point (1844,131) because another element <wa-button id="COMP4530" class="dict-tbutton focus"> obscures it
Stacktrace:
RemoteError@chrome://remote/content/shared/RemoteError.sys.mjs:8:8
WebDriverError@chrome://remote/content/shared/webdriver/Errors.sys.mjs:202:5
ElementClickInterceptedError@chrome://remote/content/shared/webdriver/Errors.sys.mjs:354:5
webdriverClickElement@chrome://remote/content/marionette/interaction.sys.mjs:175:11
interaction.clickElement@chrome://remote/content/marionette/interaction.sys.mjs:134:11
clickElement@chrome://remote/content/marionette/actors/MarionetteCommandsChild.sys.mjs:327:29
receiveMessage@chrome://remote/content/marionette/actors/MarionetteCommandsChild.sys.mjs:210:31

2025-12-16 08:14:16,372-INFO-root-33288::webapp_internal::WaitShow|4980:: Waiting show text 'Lançamentos Avulsos'...
2025-12-16 08:14:16,452-INFO-root-33288::webapp_internal::WaitShow|4996:: Text found! 
2025-12-16 08:14:16,452-INFO-root-33288::webapp_internal::SetButton|4444:: Clicking on Manutenção
2025-12-16 08:14:16,452-DEBUG-root-33288::webapp_internal::wait_blocker|2444:: Waiting blocker to continue...
2025-12-16 08:14:16,552-DEBUG-root-33288::webapp_internal::wait_blocker|2469:: Blocker status: False
2025-12-16 08:14:17,035-DEBUG-root-33288::webapp_internal::wait_element_timeout|7726:: Element found! Waiting for element to be displayed.
2025-12-16 08:14:17,332-DEBUG-root-33288::webapp_internal::SetButton|4481:: ***System Info*** Before Clicking on button:Manutenção
2025-12-16 08:14:17,332-DEBUG-root-33288::psutil_info::system_info|5:: CPU USAGE: 9.5%
2025-12-16 08:14:17,334-DEBUG-root-33288::psutil_info::system_info|6:: MEMORY USAGE: 87.5%
2025-12-16 08:14:17,334-DEBUG-root-33288::psutil_info::system_info|7:: MEMORY AVAILABLE: 12.49%
2025-12-16 08:14:17,713-DEBUG-root-33288::webapp_internal::wait_element_timeout|7726:: Element found! Waiting for element to be displayed.
2025-12-16 08:14:18,086-DEBUG-root-33288::webapp_internal::wait_blocker|2444:: Waiting blocker to continue...
2025-12-16 08:14:18,245-DEBUG-root-33288::webapp_internal::wait_blocker|2469:: Blocker status: False
2025-12-16 08:14:18,279-DEBUG-root-33288::webapp_internal::wait_blocker|2444:: Waiting blocker to continue...
2025-12-16 08:14:18,416-DEBUG-root-33288::webapp_internal::wait_blocker|2469:: Blocker status: False
2025-12-16 08:14:18,416-DEBUG-root-33288::webapp_internal::send_action|10480:: Trying to send action
2025-12-16 08:14:18,419-DEBUG-root-33288::base::click|192:: Click Type: ClickType.JS
2025-12-16 08:14:19,478-DEBUG-root-33288::webapp_internal::send_action|10522:: send_action method result = True
2025-12-16 08:14:19,478-DEBUG-root-33288::webapp_internal::send_action|10523:: send_action selenium status: False
2025-12-16 08:14:19,478-DEBUG-root-33288::webapp_internal::SetButton|4683:: ***System Info*** After Clicking on button:
2025-12-16 08:14:19,479-DEBUG-root-33288::psutil_info::system_info|5:: CPU USAGE: 9.1%
2025-12-16 08:14:19,479-DEBUG-root-33288::psutil_info::system_info|6:: MEMORY USAGE: 87.4%
2025-12-16 08:14:19,479-DEBUG-root-33288::psutil_info::system_info|7:: MEMORY AVAILABLE: 12.58%
2025-12-16 08:14:24,481-INFO-root-33288::webapp_internal::WaitShow|4980:: Waiting show text 'Funcionários - MANUTENÇÃO'...
2025-12-16 08:14:24,603-INFO-root-33288::webapp_internal::WaitShow|4996:: Text found! 
2025-12-16 08:14:24,603-INFO-root-33288::webapp_internal::WaitShow|4980:: Waiting show text 'Funcionários - MANUTENÇÃO'...
2025-12-16 08:14:24,696-INFO-root-33288::webapp_internal::WaitShow|4996:: Text found! 
2025-12-16 08:14:24,697-DEBUG-root-33288::webapp_internal::wait_blocker|2444:: Waiting blocker to continue...
2025-12-16 08:14:24,861-DEBUG-root-33288::webapp_internal::wait_blocker|2469:: Blocker status: False
2025-12-16 08:14:24,861-INFO-root-33288::webapp_internal::SetKey|5822:: Key pressed: DOWN
2025-12-16 08:14:24,861-DEBUG-root-33288::webapp_internal::wait_element|7623:: Waiting for element
2025-12-16 08:14:24,937-DEBUG-root-33288::webapp_internal::wait_element|7653:: Element found! Waiting for element to be displayed.
2025-12-16 08:14:25,171-DEBUG-root-33288::webapp_internal::wait_blocker|2444:: Waiting blocker to continue...
2025-12-16 08:14:25,347-DEBUG-root-33288::webapp_internal::wait_blocker|2469:: Blocker status: False
2025-12-16 08:14:25,347-INFO-root-33288::webapp_internal::LoadGrid|6298:: Filling grid field: Sequencia
2025-12-16 08:14:25,347-DEBUG-root-33288::webapp_internal::fill_grid|6399:: Grid loading...
2025-12-16 08:14:25,467-ERROR-root-33288::webapp_internal::fill_grid|6675:: fill grid error: list index out of range
Traceback (most recent call last):
  File "C:\TIR_TESTE\venv\Lib\site-packages\tir\technologies\webapp_internal.py", line 6420, in fill_grid
    if not column_name in headers[field[2]]:
                          ~~~~~~~^^^^^^^^^^
IndexError: list index out of range
2025-12-16 08:14:25,468-WARNING-root-33288::webapp_internal::log_error|8143:: Warning log_error fill grid error: list index out of range
2025-12-16 08:14:25,468-DEBUG-root-33288::webapp_internal::log_error|8146:: ***System Info*** in log_error():
2025-12-16 08:14:25,468-DEBUG-root-33288::psutil_info::system_info|5:: CPU USAGE: 7.6%
2025-12-16 08:14:25,468-DEBUG-root-33288::psutil_info::system_info|6:: MEMORY USAGE: 87.4%
2025-12-16 08:14:25,469-DEBUG-root-33288::psutil_info::system_info|7:: MEMORY AVAILABLE: 12.56%
2025-12-16 08:14:28,051-ERROR-root-33288::webapp_internal::TearDown|9654:: Warning tearDown Close Message: Tried to run command without establishing a connection
Traceback (most recent call last):
  File "C:\TIR_TESTE\venv\Lib\site-packages\tir\technologies\webapp_internal.py", line 9652, in TearDown
    self.driver.close()
  File "C:\TIR_TESTE\venv\Lib\site-packages\selenium\webdriver\remote\webdriver.py", line 458, in close
    self.execute(Command.CLOSE)
  File "C:\TIR_TESTE\venv\Lib\site-packages\selenium\webdriver\remote\webdriver.py", line 347, in execute
    self.error_handler.check_response(response)
  File "C:\TIR_TESTE\venv\Lib\site-packages\selenium\webdriver\remote\errorhandler.py", line 229, in check_response
    raise exception_class(message, screen, stacktrace)
selenium.common.exceptions.InvalidSessionIdException: Message: Tried to run command without establishing a connection

