2025-12-04 07:44:12,018-DEBUG-root-43768::logging_config::logger|189:: Log file created: 'Log\GESIT03\TIR__20251204074412011.log'
2025-12-04 07:44:12,018-INFO-root-43768::base::Start|1183:: TIR Version: 2.4.3
2025-12-04 07:44:12,019-INFO-root-43768::base::Start|1184:: Python Version: 3.12.10
2025-12-04 07:44:12,019-INFO-root-43768::base::Start|1185:: Starting the browser
2025-12-04 07:44:19,304-INFO-root-43768::base::get_url|1294:: Page is ready!
2025-12-04 07:44:19,310-INFO-root-43768::base::Start|1256:: Browser maximized to 1936x1048
2025-12-04 07:44:19,310-INFO-root-43768::base::Start|1258:: Screen size is different from default used in headless mode
2025-12-04 07:44:19,363-INFO-root-43768::webapp_internal::Setup|247:: ***System Info*** in Setup():
2025-12-04 07:44:19,364-DEBUG-root-43768::psutil_info::system_info|5:: CPU USAGE: 16.8%
2025-12-04 07:44:19,365-DEBUG-root-43768::psutil_info::system_info|6:: MEMORY USAGE: 90.4%
2025-12-04 07:44:19,366-DEBUG-root-43768::psutil_info::system_info|7:: MEMORY AVAILABLE: 9.57%
2025-12-04 07:44:19,375-INFO-root-43768::base::webapp_shadowroot|1394:: Webapp: 10.1.6-RC4
2025-12-04 07:44:19,407-INFO-root-43768::webapp_internal::filling_initial_program|449:: Filling Initial Program: "SIGAMDI"
2025-12-04 07:44:19,407-DEBUG-root-43768::webapp_internal::wait_element|7636:: Waiting for element
2025-12-04 07:44:19,568-DEBUG-root-43768::webapp_internal::wait_element|7666:: Element found! Waiting for element to be displayed.
2025-12-04 07:44:20,578-DEBUG-root-43768::base::click|192:: Click Type: ClickType.JS
2025-12-04 07:44:20,660-DEBUG-root-43768::webapp_internal::try_send_keys|7989:: Trying to send keys to element using technique 0
2025-12-04 07:44:20,994-DEBUG-root-43768::webapp_internal::get_web_value|3232:: Current value: SIGAMDI
2025-12-04 07:44:20,994-INFO-root-43768::webapp_internal::filling_server_environment|463:: Filling Server Environment: "POUPEX_TST"
2025-12-04 07:44:20,994-DEBUG-root-43768::webapp_internal::wait_element|7636:: Waiting for element
2025-12-04 07:44:21,020-DEBUG-root-43768::webapp_internal::wait_element|7666:: Element found! Waiting for element to be displayed.
2025-12-04 07:44:21,187-DEBUG-root-43768::base::click|192:: Click Type: ClickType.JS
2025-12-04 07:44:21,191-DEBUG-root-43768::webapp_internal::try_send_keys|7989:: Trying to send keys to element using technique 0
2025-12-04 07:44:21,520-DEBUG-root-43768::webapp_internal::get_web_value|3232:: Current value: POUPEX_TST
2025-12-04 07:44:21,541-DEBUG-root-43768::base::click|192:: Click Type: ClickType.JS
2025-12-04 07:44:21,554-DEBUG-root-43768::webapp_internal::user_screen|519:: Filling user screen
2025-12-04 07:44:27,320-DEBUG-root-43768::webapp_internal::wait_element_timeout|7739:: Element found! Waiting for element to be displayed.
2025-12-04 07:44:27,371-DEBUG-root-43768::base::scroll_to_element|759:: ********Warining scroll_to_element exception: Message: TypeError: can't access property "scrollIntoView", arguments[0] is null
Stacktrace:
@https://qasrverp:10020/webapp/:2:7
@https://qasrverp:10020/webapp/:3:8
*********
2025-12-04 07:44:27,497-INFO-root-43768::webapp_internal::user_screen|561:: Filling User
2025-12-04 07:44:27,530-DEBUG-root-43768::base::double_click|259:: Click Type: ClickType.SELENIUM
2025-12-04 07:44:27,721-DEBUG-root-43768::webapp_internal::get_web_value|3232:: Current value: 97137227104
2025-12-04 07:44:27,742-INFO-root-43768::webapp_internal::user_screen|621:: Filling Password
2025-12-04 07:44:27,763-DEBUG-root-43768::base::click|192:: Click Type: ClickType.JS
2025-12-04 07:44:27,837-DEBUG-root-43768::webapp_internal::get_web_value|3232:: Current value: Val20221080080094+
2025-12-04 07:44:27,837-DEBUG-root-43768::webapp_internal::wait_blocker|2444:: Waiting blocker to continue...
2025-12-04 07:44:27,864-DEBUG-root-43768::webapp_internal::wait_blocker|2469:: Blocker status: None
2025-12-04 07:44:27,888-DEBUG-root-43768::webapp_internal::wait_blocker|2444:: Waiting blocker to continue...
2025-12-04 07:44:27,915-DEBUG-root-43768::webapp_internal::wait_blocker|2469:: Blocker status: None
2025-12-04 07:44:27,950-DEBUG-root-43768::webapp_internal::wait_blocker|2444:: Waiting blocker to continue...
2025-12-04 07:44:27,978-DEBUG-root-43768::webapp_internal::wait_blocker|2469:: Blocker status: None
2025-12-04 07:44:27,978-DEBUG-root-43768::webapp_internal::send_action|10493:: Trying to send action
2025-12-04 07:44:27,986-DEBUG-root-43768::base::click|192:: Click Type: ClickType.JS
2025-12-04 07:44:29,026-DEBUG-root-43768::webapp_internal::send_action|10535:: send_action method result = True
2025-12-04 07:44:29,026-DEBUG-root-43768::webapp_internal::send_action|10536:: send_action selenium status: False
2025-12-04 07:44:31,604-DEBUG-root-43768::base::scroll_to_element|759:: ********Warining scroll_to_element exception: Message: TypeError: can't access property "scrollIntoView", arguments[0] is null
Stacktrace:
@https://qasrverp:10020/webapp/:2:7
@https://qasrverp:10020/webapp/:3:8
*********
2025-12-04 07:44:31,657-INFO-root-43768::webapp_internal::filling_date|885:: Filling Date: "04/11/2025"
2025-12-04 07:44:31,657-DEBUG-root-43768::webapp_internal::wait_blocker|2444:: Waiting blocker to continue...
2025-12-04 07:44:31,694-DEBUG-root-43768::webapp_internal::wait_blocker|2469:: Blocker status: None
2025-12-04 07:44:31,698-DEBUG-root-43768::base::click|192:: Click Type: ClickType.JS
2025-12-04 07:44:31,714-DEBUG-root-43768::webapp_internal::try_send_keys|7989:: Trying to send keys to element using technique 1
2025-12-04 07:44:31,801-DEBUG-root-43768::webapp_internal::get_web_value|3232:: Current value: 04/11/2025
2025-12-04 07:44:32,895-INFO-root-43768::webapp_internal::filling_group|955:: Filling Group: "02"
2025-12-04 07:44:32,896-DEBUG-root-43768::webapp_internal::wait_blocker|2444:: Waiting blocker to continue...
2025-12-04 07:44:32,928-DEBUG-root-43768::webapp_internal::wait_blocker|2469:: Blocker status: None
2025-12-04 07:44:32,933-DEBUG-root-43768::base::click|192:: Click Type: ClickType.JS
2025-12-04 07:44:32,984-DEBUG-root-43768::webapp_internal::get_web_value|3232:: Current value: 02
2025-12-04 07:44:34,044-INFO-root-43768::webapp_internal::filling_branch|1047:: Filling Branch: "02DF0001"
2025-12-04 07:44:34,044-DEBUG-root-43768::webapp_internal::wait_blocker|2444:: Waiting blocker to continue...
2025-12-04 07:44:34,074-DEBUG-root-43768::webapp_internal::wait_blocker|2469:: Blocker status: None
2025-12-04 07:44:34,077-DEBUG-root-43768::base::click|192:: Click Type: ClickType.JS
2025-12-04 07:44:34,129-DEBUG-root-43768::webapp_internal::get_web_value|3232:: Current value: 02DF0001
2025-12-04 07:44:35,210-INFO-root-43768::webapp_internal::filling_environment|1113:: Filling Environment: "07"
2025-12-04 07:44:35,210-DEBUG-root-43768::webapp_internal::wait_blocker|2444:: Waiting blocker to continue...
2025-12-04 07:44:35,243-DEBUG-root-43768::webapp_internal::wait_blocker|2469:: Blocker status: None
2025-12-04 07:44:35,247-DEBUG-root-43768::base::click|192:: Click Type: ClickType.JS
2025-12-04 07:44:35,300-DEBUG-root-43768::webapp_internal::get_web_value|3232:: Current value: 07
2025-12-04 07:44:36,309-DEBUG-root-43768::webapp_internal::close_warning_screen|1489:: Closing warning screen!
2025-12-04 07:44:37,346-DEBUG-root-43768::webapp_internal::check_screen_element|1291:: Checking screen element: "Atenção": False
2025-12-04 07:44:38,443-INFO-root-43768::webapp_internal::environment_screen|796:: Clicking on Button
2025-12-04 07:44:38,443-DEBUG-root-43768::webapp_internal::wait_blocker|2444:: Waiting blocker to continue...
2025-12-04 07:44:38,476-DEBUG-root-43768::webapp_internal::wait_blocker|2469:: Blocker status: None
2025-12-04 07:44:38,479-DEBUG-root-43768::base::click|192:: Click Type: ClickType.JS
2025-12-04 07:44:39,488-DEBUG-root-43768::base::click|192:: Click Type: ClickType.JS
2025-12-04 07:44:40,497-DEBUG-root-43768::base::click|192:: Click Type: ClickType.JS
2025-12-04 07:44:41,505-DEBUG-root-43768::base::click|192:: Click Type: ClickType.JS
2025-12-04 07:44:42,513-DEBUG-root-43768::base::click|192:: Click Type: ClickType.JS
2025-12-04 07:44:43,520-DEBUG-root-43768::base::click|192:: Click Type: ClickType.JS
2025-12-04 07:44:44,526-DEBUG-root-43768::webapp_internal::close_screen_before_menu|368:: Closing screen before the menu
2025-12-04 07:44:44,571-DEBUG-root-43768::webapp_internal::close_warning_screen|1489:: Closing warning screen!
2025-12-04 07:44:45,612-DEBUG-root-43768::webapp_internal::check_screen_element|1291:: Checking screen element: "Atenção": False
2025-12-04 07:44:45,612-DEBUG-root-43768::webapp_internal::close_coin_screen|1424:: Closing coin screen!
2025-12-04 07:44:46,172-DEBUG-root-43768::base::click|192:: Click Type: ClickType.JS
2025-12-04 07:44:46,229-DEBUG-root-43768::webapp_internal::close_warning_screen|1489:: Closing warning screen!
2025-12-04 07:44:47,297-DEBUG-root-43768::webapp_internal::check_screen_element|1291:: Checking screen element: "Atenção": False
2025-12-04 07:44:47,298-DEBUG-root-43768::webapp_internal::close_coin_screen|1424:: Closing coin screen!
2025-12-04 07:44:47,425-INFO-root-43768::webapp_internal::set_log_info|1623:: Getting log info
2025-12-04 07:44:47,425-INFO-root-43768::webapp_internal::SetLateralMenu|4184:: Navigating lateral menu: Ajuda > Sobre
2025-12-04 07:44:47,434-DEBUG-root-43768::webapp_internal::wait_element|7636:: Waiting for element
2025-12-04 07:44:47,475-DEBUG-root-43768::webapp_internal::wait_element|7666:: Element found! Waiting for element to be displayed.
2025-12-04 07:44:47,641-INFO-root-43768::webapp_internal::SetLateralMenu|4203:: Menu item: "Ajuda"
2025-12-04 07:44:47,642-DEBUG-root-43768::webapp_internal::wait_blocker|2444:: Waiting blocker to continue...
2025-12-04 07:44:47,708-DEBUG-root-43768::webapp_internal::wait_blocker|2469:: Blocker status: False
2025-12-04 07:44:48,076-DEBUG-root-43768::webapp_internal::wait_element_timeout|7739:: Element found! Waiting for element to be displayed.
2025-12-04 07:44:48,391-DEBUG-root-43768::webapp_internal::wait_blocker|2444:: Waiting blocker to continue...
2025-12-04 07:44:48,456-DEBUG-root-43768::webapp_internal::wait_blocker|2469:: Blocker status: False
2025-12-04 07:44:50,749-INFO-root-43768::webapp_internal::SetLateralMenu|4203:: Menu item: "Sobre"
2025-12-04 07:44:50,749-DEBUG-root-43768::webapp_internal::wait_blocker|2444:: Waiting blocker to continue...
2025-12-04 07:44:50,814-DEBUG-root-43768::webapp_internal::wait_blocker|2469:: Blocker status: False
2025-12-04 07:44:51,210-DEBUG-root-43768::webapp_internal::wait_element_timeout|7739:: Element found! Waiting for element to be displayed.
2025-12-04 07:44:51,564-DEBUG-root-43768::webapp_internal::wait_blocker|2444:: Waiting blocker to continue...
2025-12-04 07:44:51,626-DEBUG-root-43768::webapp_internal::wait_blocker|2469:: Blocker status: False
2025-12-04 07:44:54,266-DEBUG-root-43768::webapp_internal::wait_blocker|2444:: Waiting blocker to continue...
2025-12-04 07:44:54,334-DEBUG-root-43768::webapp_internal::wait_blocker|2469:: Blocker status: False
2025-12-04 07:44:54,405-DEBUG-root-43768::webapp_internal::wait_element|7636:: Waiting for element
2025-12-04 07:44:54,446-DEBUG-root-43768::webapp_internal::wait_element|7666:: Element found! Waiting for element to be displayed.
2025-12-04 07:44:54,620-INFO-root-43768::webapp_internal::SetButton|4444:: Clicking on Fechar
2025-12-04 07:44:54,620-DEBUG-root-43768::webapp_internal::wait_blocker|2444:: Waiting blocker to continue...
2025-12-04 07:44:54,695-DEBUG-root-43768::webapp_internal::wait_blocker|2469:: Blocker status: False
2025-12-04 07:44:54,880-DEBUG-root-43768::webapp_internal::wait_element_timeout|7739:: Element found! Waiting for element to be displayed.
2025-12-04 07:44:54,958-DEBUG-root-43768::webapp_internal::SetButton|4481:: ***System Info*** Before Clicking on button:Fechar
2025-12-04 07:44:54,958-DEBUG-root-43768::psutil_info::system_info|5:: CPU USAGE: 8.2%
2025-12-04 07:44:54,960-DEBUG-root-43768::psutil_info::system_info|6:: MEMORY USAGE: 90.0%
2025-12-04 07:44:54,960-DEBUG-root-43768::psutil_info::system_info|7:: MEMORY AVAILABLE: 9.97%
2025-12-04 07:44:55,124-DEBUG-root-43768::webapp_internal::wait_element_timeout|7739:: Element found! Waiting for element to be displayed.
2025-12-04 07:44:55,227-DEBUG-root-43768::webapp_internal::wait_blocker|2444:: Waiting blocker to continue...
2025-12-04 07:44:55,296-DEBUG-root-43768::webapp_internal::wait_blocker|2469:: Blocker status: False
2025-12-04 07:44:55,315-DEBUG-root-43768::webapp_internal::wait_blocker|2444:: Waiting blocker to continue...
2025-12-04 07:44:55,386-DEBUG-root-43768::webapp_internal::wait_blocker|2469:: Blocker status: False
2025-12-04 07:44:55,387-DEBUG-root-43768::webapp_internal::send_action|10493:: Trying to send action
2025-12-04 07:44:55,389-DEBUG-root-43768::base::click|192:: Click Type: ClickType.JS
2025-12-04 07:44:56,420-DEBUG-root-43768::webapp_internal::send_action|10535:: send_action method result = True
2025-12-04 07:44:56,420-DEBUG-root-43768::webapp_internal::send_action|10536:: send_action selenium status: False
2025-12-04 07:44:56,420-DEBUG-root-43768::webapp_internal::SetButton|4683:: ***System Info*** After Clicking on button:
2025-12-04 07:44:56,420-DEBUG-root-43768::psutil_info::system_info|5:: CPU USAGE: 6.4%
2025-12-04 07:44:56,421-DEBUG-root-43768::psutil_info::system_info|6:: MEMORY USAGE: 89.7%
2025-12-04 07:44:56,421-DEBUG-root-43768::psutil_info::system_info|7:: MEMORY AVAILABLE: 10.33%
2025-12-04 07:44:56,421-DEBUG-root-43768::webapp_internal::wait_element|7636:: Waiting for element
2025-12-04 07:44:56,508-INFO-root-43768::webapp_internal::SetLateralMenu|4184:: Navigating lateral menu: Atualizações > Especificos > Tipo de Convenio
2025-12-04 07:44:56,516-DEBUG-root-43768::webapp_internal::wait_element|7636:: Waiting for element
2025-12-04 07:44:56,553-DEBUG-root-43768::webapp_internal::wait_element|7666:: Element found! Waiting for element to be displayed.
2025-12-04 07:44:56,711-INFO-root-43768::webapp_internal::SetLateralMenu|4203:: Menu item: "Atualizações"
2025-12-04 07:44:56,711-DEBUG-root-43768::webapp_internal::wait_blocker|2444:: Waiting blocker to continue...
2025-12-04 07:44:56,778-DEBUG-root-43768::webapp_internal::wait_blocker|2469:: Blocker status: False
2025-12-04 07:44:57,238-DEBUG-root-43768::webapp_internal::wait_element_timeout|7739:: Element found! Waiting for element to be displayed.
2025-12-04 07:44:57,608-DEBUG-root-43768::webapp_internal::wait_blocker|2444:: Waiting blocker to continue...
2025-12-04 07:44:57,669-DEBUG-root-43768::webapp_internal::wait_blocker|2469:: Blocker status: False
2025-12-04 07:44:59,967-INFO-root-43768::webapp_internal::SetLateralMenu|4203:: Menu item: "Especificos"
2025-12-04 07:44:59,967-DEBUG-root-43768::webapp_internal::wait_blocker|2444:: Waiting blocker to continue...
2025-12-04 07:45:00,077-DEBUG-root-43768::webapp_internal::wait_blocker|2469:: Blocker status: False
2025-12-04 07:45:00,822-DEBUG-root-43768::webapp_internal::wait_element_timeout|7739:: Element found! Waiting for element to be displayed.
2025-12-04 07:45:01,598-DEBUG-root-43768::webapp_internal::wait_blocker|2444:: Waiting blocker to continue...
2025-12-04 07:45:01,691-DEBUG-root-43768::webapp_internal::wait_blocker|2469:: Blocker status: False
2025-12-04 07:45:03,985-INFO-root-43768::webapp_internal::SetLateralMenu|4203:: Menu item: "Tipo de Convenio"
2025-12-04 07:45:03,986-DEBUG-root-43768::webapp_internal::wait_blocker|2444:: Waiting blocker to continue...
2025-12-04 07:45:04,090-DEBUG-root-43768::webapp_internal::wait_blocker|2469:: Blocker status: False
2025-12-04 07:45:05,556-DEBUG-root-43768::webapp_internal::wait_element_timeout|7739:: Element found! Waiting for element to be displayed.
2025-12-04 07:45:07,032-DEBUG-root-43768::webapp_internal::wait_blocker|2444:: Waiting blocker to continue...
2025-12-04 07:45:07,132-DEBUG-root-43768::webapp_internal::wait_blocker|2469:: Blocker status: False
2025-12-04 07:45:11,572-DEBUG-root-43768::webapp_internal::wait_blocker|2444:: Waiting blocker to continue...
2025-12-04 07:45:11,668-DEBUG-root-43768::webapp_internal::wait_blocker|2469:: Blocker status: False
2025-12-04 07:45:11,771-INFO-root-43768::webapp_internal::WaitShow|4980:: Waiting show text 'Este ambiente utiliza base de Homologação.'...
2025-12-04 07:45:17,025-DEBUG-root-43768::log::checks_empty_line|221:: Checking empty default log info
2025-12-04 07:45:17,028-DEBUG-root-43768::log::generate_log|503:: Json log_data: {'cLogDtExec': '04/12/2025 07:45:17', 'cLogNomUsr': '97137227104', 'cLogNomEst': 'GESIT03', 'cLogProgra': None, 'cLogDtProg': '', 'cLogHrProg': '', 'nLogCtsOk': 1, 'nLogCtsNok': 0, 'nLogCtsSeg': 65.13, 'cLogVersao': '12', 'cLogReleas': '12.1.2410', 'nLogCtsErr': '', 'cLogBancod': 'ORACLE', 'cLogIdenti': '', 'cLogIdExec': '20251204', 'cLogPais': 'BRA', 'cLogTool': 'TIR', 'cLogSequen': 'ce5b3d', 'nLogCtsTot': 1, 'cLogDtExea': '04/12/2025', 'cLogHrExea': '07:45:17', 'cLogArea': 'Desenvolvimento', 'cLogMnExec': 1.0855}
2025-12-04 07:45:17,028-INFO-root-43768::log::send_log_with_retries|515:: Saving log locally.
2025-12-04 07:45:17,028-INFO-root-43768::log::save_log_locally|548:: [FwSendLog]: Não foi possível enviar o log após todas as tentativas.
2025-12-04 07:45:17,028-INFO-root-43768::log::save_log_locally|555:: [FwSendLog]: Log salvo localmente em C:\TIR_TESTE\1764845117.json.
2025-12-04 07:45:17,030-INFO-root-43768::webapp_internal::WaitShow|4980:: Waiting show text 'Moedas'...
2025-12-04 07:45:22,267-INFO-root-43768::webapp_internal::WaitShow|4980:: Waiting show text 'Tipos de Convênios'...
2025-12-04 07:45:22,350-INFO-root-43768::webapp_internal::WaitShow|4996:: Text found! 
2025-12-04 07:45:22,350-INFO-root-43768::webapp_internal::SetButton|4444:: Clicking on Incluir
2025-12-04 07:45:22,350-DEBUG-root-43768::webapp_internal::wait_blocker|2444:: Waiting blocker to continue...
2025-12-04 07:45:22,509-DEBUG-root-43768::webapp_internal::wait_blocker|2469:: Blocker status: False
2025-12-04 07:45:22,897-DEBUG-root-43768::webapp_internal::wait_element_timeout|7739:: Element found! Waiting for element to be displayed.
2025-12-04 07:45:23,164-DEBUG-root-43768::webapp_internal::SetButton|4481:: ***System Info*** Before Clicking on button:Incluir
2025-12-04 07:45:23,164-DEBUG-root-43768::psutil_info::system_info|5:: CPU USAGE: 9.9%
2025-12-04 07:45:23,165-DEBUG-root-43768::psutil_info::system_info|6:: MEMORY USAGE: 89.1%
2025-12-04 07:45:23,165-DEBUG-root-43768::psutil_info::system_info|7:: MEMORY AVAILABLE: 10.86%
2025-12-04 07:45:23,531-DEBUG-root-43768::webapp_internal::wait_element_timeout|7739:: Element found! Waiting for element to be displayed.
2025-12-04 07:45:23,872-DEBUG-root-43768::webapp_internal::wait_blocker|2444:: Waiting blocker to continue...
2025-12-04 07:45:24,001-DEBUG-root-43768::webapp_internal::wait_blocker|2469:: Blocker status: False
2025-12-04 07:45:24,030-DEBUG-root-43768::webapp_internal::wait_blocker|2444:: Waiting blocker to continue...
2025-12-04 07:45:24,143-DEBUG-root-43768::webapp_internal::wait_blocker|2469:: Blocker status: False
2025-12-04 07:45:24,143-DEBUG-root-43768::webapp_internal::send_action|10493:: Trying to send action
2025-12-04 07:45:24,145-DEBUG-root-43768::base::click|192:: Click Type: ClickType.JS
2025-12-04 07:45:25,203-DEBUG-root-43768::webapp_internal::send_action|10535:: send_action method result = True
2025-12-04 07:45:25,203-DEBUG-root-43768::webapp_internal::send_action|10536:: send_action selenium status: False
2025-12-04 07:45:25,204-DEBUG-root-43768::webapp_internal::SetButton|4683:: ***System Info*** After Clicking on button:
2025-12-04 07:45:25,204-DEBUG-root-43768::psutil_info::system_info|5:: CPU USAGE: 8.6%
2025-12-04 07:45:25,204-DEBUG-root-43768::psutil_info::system_info|6:: MEMORY USAGE: 89.3%
2025-12-04 07:45:25,204-DEBUG-root-43768::psutil_info::system_info|7:: MEMORY AVAILABLE: 10.7%
2025-12-04 07:45:25,204-INFO-root-43768::webapp_internal::WaitShow|4980:: Waiting show text 'Tipos de Convenios - INCLUIR'...
2025-12-04 07:45:25,336-INFO-root-43768::webapp_internal::WaitShow|4996:: Text found! 
2025-12-04 07:45:25,336-DEBUG-root-43768::webapp_internal::SetFocus|6011:: Setting focus on element ZD_DESCONV.
2025-12-04 07:45:25,488-DEBUG-root-43768::base::click|192:: Click Type: ClickType.SELENIUM
2025-12-04 07:45:25,554-DEBUG-root-43768::webapp_internal::wait_blocker|2444:: Waiting blocker to continue...
2025-12-04 07:45:25,675-DEBUG-root-43768::webapp_internal::wait_blocker|2469:: Blocker status: False
2025-12-04 07:45:25,675-DEBUG-root-43768::webapp_internal::wait_element|7636:: Waiting for element
2025-12-04 07:45:25,753-DEBUG-root-43768::webapp_internal::wait_element|7666:: Element found! Waiting for element to be displayed.
2025-12-04 07:45:25,817-INFO-root-43768::webapp_internal::input_value|2941:: Looking for element: ZD_DESCONV
2025-12-04 07:45:25,926-INFO-root-43768::webapp_internal::input_value|2951:: Element: ZD_DESCONV Found!
2025-12-04 07:45:25,926-INFO-root-43768::webapp_internal::input_value|2953:: Filling element: ZD_DESCONV
2025-12-04 07:45:25,954-DEBUG-root-43768::webapp_internal::get_web_value|3232:: Current value:                                                             
2025-12-04 07:45:25,991-DEBUG-root-43768::base::double_click|259:: Click Type: ClickType.SELENIUM
2025-12-04 07:45:26,237-DEBUG-root-43768::webapp_internal::wait_blocker|2444:: Waiting blocker to continue...
2025-12-04 07:45:26,424-DEBUG-root-43768::webapp_internal::wait_blocker|2469:: Blocker status: False
2025-12-04 07:45:26,785-DEBUG-root-43768::webapp_internal::get_web_value|3232:: Current value: TESTE INCLUSAO 01                                           
2025-12-04 07:45:26,786-INFO-root-43768::webapp_internal::input_value|3059:: Current field value: TESTE INCLUSAO 01
2025-12-04 07:45:26,820-DEBUG-root-43768::webapp_internal::wait_blocker|2444:: Waiting blocker to continue...
2025-12-04 07:45:26,961-DEBUG-root-43768::webapp_internal::wait_blocker|2469:: Blocker status: False
2025-12-04 07:45:26,962-INFO-root-43768::webapp_internal::SetKey|5822:: Key pressed: TAB
2025-12-04 07:45:26,962-DEBUG-root-43768::webapp_internal::SetKey|5857:: Trying press key
2025-12-04 07:45:28,967-DEBUG-root-43768::webapp_internal::wait_blocker|2444:: Waiting blocker to continue...
2025-12-04 07:45:29,090-DEBUG-root-43768::webapp_internal::wait_blocker|2469:: Blocker status: False
2025-12-04 07:45:29,154-DEBUG-root-43768::webapp_internal::wait_blocker|2444:: Waiting blocker to continue...
2025-12-04 07:45:29,290-DEBUG-root-43768::webapp_internal::wait_blocker|2469:: Blocker status: False
2025-12-04 07:45:29,290-DEBUG-root-43768::webapp_internal::send_action|10493:: Trying to send action
2025-12-04 07:45:30,340-DEBUG-root-43768::webapp_internal::send_action|10535:: send_action method result = True
2025-12-04 07:45:30,340-DEBUG-root-43768::webapp_internal::send_action|10536:: send_action selenium status: False
2025-12-04 07:45:30,341-DEBUG-root-43768::webapp_internal::wait_blocker|2444:: Waiting blocker to continue...
2025-12-04 07:45:30,462-DEBUG-root-43768::webapp_internal::wait_blocker|2469:: Blocker status: False
2025-12-04 07:45:30,462-DEBUG-root-43768::webapp_internal::wait_element|7636:: Waiting for element
2025-12-04 07:45:30,535-DEBUG-root-43768::webapp_internal::wait_element|7666:: Element found! Waiting for element to be displayed.
2025-12-04 07:45:30,597-INFO-root-43768::webapp_internal::input_value|2941:: Looking for element: ZD_TPMOV
2025-12-04 07:45:30,742-INFO-root-43768::webapp_internal::input_value|2951:: Element: ZD_TPMOV Found!
2025-12-04 07:45:30,743-INFO-root-43768::webapp_internal::input_value|2953:: Filling element: ZD_TPMOV
2025-12-04 07:45:31,955-INFO-root-43768::base::select_combo|871:: Selected value for combo is: 1 - Titular
2025-12-04 07:45:32,004-DEBUG-root-43768::webapp_internal::wait_blocker|2444:: Waiting blocker to continue...
2025-12-04 07:45:32,126-DEBUG-root-43768::webapp_internal::wait_blocker|2469:: Blocker status: False
2025-12-04 07:45:32,126-DEBUG-root-43768::webapp_internal::wait_element|7636:: Waiting for element
2025-12-04 07:45:32,198-DEBUG-root-43768::webapp_internal::wait_element|7666:: Element found! Waiting for element to be displayed.
2025-12-04 07:45:32,258-INFO-root-43768::webapp_internal::input_value|2941:: Looking for element: ZD_TPALTSA
2025-12-04 07:45:32,367-INFO-root-43768::webapp_internal::input_value|2951:: Element: ZD_TPALTSA Found!
2025-12-04 07:45:32,368-INFO-root-43768::webapp_internal::input_value|2953:: Filling element: ZD_TPALTSA
2025-12-04 07:45:32,394-DEBUG-root-43768::webapp_internal::get_web_value|3232:: Current value:    
2025-12-04 07:45:32,438-DEBUG-root-43768::base::double_click|259:: Click Type: ClickType.SELENIUM
2025-12-04 07:45:32,703-DEBUG-root-43768::webapp_internal::wait_blocker|2444:: Waiting blocker to continue...
2025-12-04 07:45:32,828-DEBUG-root-43768::webapp_internal::wait_blocker|2469:: Blocker status: False
2025-12-04 07:45:33,156-DEBUG-root-43768::webapp_internal::get_web_value|3232:: Current value: 003
2025-12-04 07:45:33,156-INFO-root-43768::webapp_internal::input_value|3059:: Current field value: 003
2025-12-04 07:45:33,163-INFO-root-43768::webapp_internal::WaitShow|4980:: Waiting show text 'Histórico'...
2025-12-04 07:45:34,961-INFO-root-43768::webapp_internal::WaitShow|4996:: Text found! 
2025-12-04 07:45:34,961-DEBUG-root-43768::webapp_internal::wait_blocker|2444:: Waiting blocker to continue...
2025-12-04 07:45:35,086-DEBUG-root-43768::webapp_internal::wait_blocker|2469:: Blocker status: False
2025-12-04 07:45:35,086-INFO-root-43768::webapp_internal::SetKey|5822:: Key pressed: ENTER
2025-12-04 07:45:35,086-DEBUG-root-43768::webapp_internal::SetKey|5857:: Trying press key
2025-12-04 07:45:37,090-DEBUG-root-43768::webapp_internal::wait_blocker|2444:: Waiting blocker to continue...
2025-12-04 07:45:37,211-DEBUG-root-43768::webapp_internal::wait_blocker|2469:: Blocker status: False
2025-12-04 07:45:37,235-DEBUG-root-43768::webapp_internal::wait_blocker|2444:: Waiting blocker to continue...
2025-12-04 07:45:37,364-DEBUG-root-43768::webapp_internal::wait_blocker|2469:: Blocker status: False
2025-12-04 07:45:37,364-DEBUG-root-43768::webapp_internal::send_action|10493:: Trying to send action
2025-12-04 07:45:38,395-DEBUG-root-43768::webapp_internal::send_action|10493:: Trying to send action
2025-12-04 07:45:39,427-DEBUG-root-43768::webapp_internal::send_action|10493:: Trying to send action
2025-12-04 07:45:40,459-DEBUG-root-43768::webapp_internal::send_action|10493:: Trying to send action
2025-12-04 07:45:41,545-DEBUG-root-43768::webapp_internal::send_action|10493:: Trying to send action
2025-12-04 07:45:42,577-DEBUG-root-43768::webapp_internal::send_action|10493:: Trying to send action
2025-12-04 07:45:43,607-DEBUG-root-43768::webapp_internal::send_action|10493:: Trying to send action
2025-12-04 07:45:44,642-DEBUG-root-43768::webapp_internal::send_action|10493:: Trying to send action
2025-12-04 07:45:45,691-DEBUG-root-43768::webapp_internal::send_action|10493:: Trying to send action
2025-12-04 07:45:46,725-DEBUG-root-43768::webapp_internal::send_action|10493:: Trying to send action
2025-12-04 07:45:47,756-DEBUG-root-43768::webapp_internal::send_action|10493:: Trying to send action
2025-12-04 07:45:48,786-DEBUG-root-43768::webapp_internal::send_action|10493:: Trying to send action
2025-12-04 07:45:49,814-DEBUG-root-43768::webapp_internal::send_action|10493:: Trying to send action
2025-12-04 07:45:50,844-DEBUG-root-43768::webapp_internal::send_action|10493:: Trying to send action
2025-12-04 07:45:51,874-DEBUG-root-43768::webapp_internal::send_action|10493:: Trying to send action
2025-12-04 07:45:52,907-DEBUG-root-43768::webapp_internal::send_action|10493:: Trying to send action
2025-12-04 07:45:53,938-DEBUG-root-43768::webapp_internal::send_action|10493:: Trying to send action
2025-12-04 07:45:54,967-DEBUG-root-43768::webapp_internal::send_action|10493:: Trying to send action
2025-12-04 07:45:56,007-DEBUG-root-43768::webapp_internal::send_action|10493:: Trying to send action
2025-12-04 07:45:57,037-DEBUG-root-43768::webapp_internal::send_action|10493:: Trying to send action
2025-12-04 07:45:58,065-DEBUG-root-43768::webapp_internal::send_action|10493:: Trying to send action
2025-12-04 07:45:59,094-DEBUG-root-43768::webapp_internal::send_action|10493:: Trying to send action
2025-12-04 07:46:00,125-DEBUG-root-43768::webapp_internal::send_action|10493:: Trying to send action
2025-12-04 07:46:01,158-DEBUG-root-43768::webapp_internal::send_action|10493:: Trying to send action
2025-12-04 07:46:02,190-DEBUG-root-43768::webapp_internal::send_action|10493:: Trying to send action
2025-12-04 07:46:03,218-DEBUG-root-43768::webapp_internal::send_action|10493:: Trying to send action
2025-12-04 07:46:04,248-DEBUG-root-43768::webapp_internal::send_action|10493:: Trying to send action
2025-12-04 07:46:05,278-DEBUG-root-43768::webapp_internal::send_action|10493:: Trying to send action
2025-12-04 07:46:06,315-DEBUG-root-43768::webapp_internal::send_action|10493:: Trying to send action
2025-12-04 07:46:07,347-DEBUG-root-43768::webapp_internal::send_action|10493:: Trying to send action
2025-12-04 07:46:08,382-DEBUG-root-43768::webapp_internal::send_action|10493:: Trying to send action
2025-12-04 07:46:09,414-DEBUG-root-43768::webapp_internal::send_action|10493:: Trying to send action
2025-12-04 07:46:10,449-DEBUG-root-43768::webapp_internal::send_action|10493:: Trying to send action
2025-12-04 07:46:11,484-DEBUG-root-43768::webapp_internal::send_action|10493:: Trying to send action
2025-12-04 07:46:12,518-DEBUG-root-43768::webapp_internal::send_action|10493:: Trying to send action
2025-12-04 07:46:13,550-DEBUG-root-43768::webapp_internal::send_action|10493:: Trying to send action
2025-12-04 07:46:14,579-DEBUG-root-43768::webapp_internal::send_action|10493:: Trying to send action
2025-12-04 07:46:15,613-DEBUG-root-43768::webapp_internal::send_action|10493:: Trying to send action
2025-12-04 07:46:16,652-DEBUG-root-43768::webapp_internal::send_action|10493:: Trying to send action
2025-12-04 07:46:17,683-DEBUG-root-43768::webapp_internal::send_action|10493:: Trying to send action
2025-12-04 07:46:18,716-DEBUG-root-43768::webapp_internal::send_action|10493:: Trying to send action
2025-12-04 07:46:19,748-DEBUG-root-43768::webapp_internal::send_action|10493:: Trying to send action
2025-12-04 07:46:20,782-DEBUG-root-43768::webapp_internal::send_action|10493:: Trying to send action
2025-12-04 07:46:21,815-DEBUG-root-43768::webapp_internal::send_action|10493:: Trying to send action
2025-12-04 07:46:22,849-DEBUG-root-43768::webapp_internal::send_action|10493:: Trying to send action
2025-12-04 07:46:23,881-DEBUG-root-43768::webapp_internal::send_action|10493:: Trying to send action
2025-12-04 07:46:24,915-DEBUG-root-43768::webapp_internal::send_action|10493:: Trying to send action
2025-12-04 07:46:26,004-DEBUG-root-43768::webapp_internal::send_action|10493:: Trying to send action
2025-12-04 07:46:27,041-DEBUG-root-43768::webapp_internal::send_action|10493:: Trying to send action
2025-12-04 07:46:28,082-DEBUG-root-43768::webapp_internal::send_action|10493:: Trying to send action
2025-12-04 07:46:29,116-DEBUG-root-43768::webapp_internal::send_action|10493:: Trying to send action
2025-12-04 07:46:30,148-DEBUG-root-43768::webapp_internal::send_action|10493:: Trying to send action
2025-12-04 07:46:31,195-DEBUG-root-43768::webapp_internal::send_action|10493:: Trying to send action
2025-12-04 07:46:32,232-DEBUG-root-43768::webapp_internal::send_action|10493:: Trying to send action
2025-12-04 07:46:33,268-DEBUG-root-43768::webapp_internal::send_action|10493:: Trying to send action
2025-12-04 07:46:34,305-DEBUG-root-43768::webapp_internal::send_action|10493:: Trying to send action
2025-12-04 07:46:35,339-DEBUG-root-43768::webapp_internal::send_action|10493:: Trying to send action
2025-12-04 07:46:36,368-DEBUG-root-43768::webapp_internal::send_action|10493:: Trying to send action
2025-12-04 07:46:37,398-DEBUG-root-43768::webapp_internal::send_action|10493:: Trying to send action
2025-12-04 07:46:38,427-DEBUG-root-43768::webapp_internal::send_action|10493:: Trying to send action
2025-12-04 07:46:39,457-DEBUG-root-43768::webapp_internal::send_action|10493:: Trying to send action
2025-12-04 07:46:40,486-DEBUG-root-43768::webapp_internal::send_action|10493:: Trying to send action
2025-12-04 07:46:41,517-DEBUG-root-43768::webapp_internal::send_action|10493:: Trying to send action
2025-12-04 07:46:42,547-DEBUG-root-43768::webapp_internal::send_action|10493:: Trying to send action
2025-12-04 07:46:43,577-DEBUG-root-43768::webapp_internal::send_action|10493:: Trying to send action
2025-12-04 07:46:44,608-DEBUG-root-43768::webapp_internal::send_action|10493:: Trying to send action
2025-12-04 07:46:45,642-DEBUG-root-43768::webapp_internal::send_action|10493:: Trying to send action
2025-12-04 07:46:46,674-DEBUG-root-43768::webapp_internal::send_action|10493:: Trying to send action
2025-12-04 07:46:47,703-DEBUG-root-43768::webapp_internal::send_action|10493:: Trying to send action
2025-12-04 07:46:48,733-DEBUG-root-43768::webapp_internal::send_action|10493:: Trying to send action
2025-12-04 07:46:49,763-DEBUG-root-43768::webapp_internal::send_action|10493:: Trying to send action
2025-12-04 07:46:50,796-DEBUG-root-43768::webapp_internal::send_action|10493:: Trying to send action
2025-12-04 07:46:51,831-DEBUG-root-43768::webapp_internal::send_action|10493:: Trying to send action
2025-12-04 07:46:52,862-DEBUG-root-43768::webapp_internal::send_action|10493:: Trying to send action
2025-12-04 07:46:53,893-DEBUG-root-43768::webapp_internal::send_action|10493:: Trying to send action
2025-12-04 07:46:54,923-DEBUG-root-43768::webapp_internal::send_action|10493:: Trying to send action
2025-12-04 07:46:55,952-DEBUG-root-43768::webapp_internal::send_action|10493:: Trying to send action
2025-12-04 07:46:56,981-DEBUG-root-43768::webapp_internal::send_action|10493:: Trying to send action
2025-12-04 07:46:58,010-DEBUG-root-43768::webapp_internal::send_action|10493:: Trying to send action
2025-12-04 07:46:59,045-DEBUG-root-43768::webapp_internal::send_action|10493:: Trying to send action
2025-12-04 07:47:00,083-DEBUG-root-43768::webapp_internal::send_action|10493:: Trying to send action
2025-12-04 07:47:01,410-DEBUG-root-43768::webapp_internal::send_action|10531:: Warning Exception send_action Message: Tried to run command without establishing a connection

2025-12-04 07:47:01,411-DEBUG-root-43768::webapp_internal::SetKey|5857:: Trying press key
2025-12-04 07:47:03,413-WARNING-root-43768::webapp_internal::log_error|8156:: Warning log_error SetKey - Screen is not load: Message: Tried to run command without establishing a connection

2025-12-04 07:47:03,413-DEBUG-root-43768::webapp_internal::log_error|8159:: ***System Info*** in log_error():
2025-12-04 07:47:03,413-DEBUG-root-43768::psutil_info::system_info|5:: CPU USAGE: 10.2%
2025-12-04 07:47:03,413-DEBUG-root-43768::psutil_info::system_info|6:: MEMORY USAGE: 85.4%
2025-12-04 07:47:03,414-DEBUG-root-43768::psutil_info::system_info|7:: MEMORY AVAILABLE: 14.63%
2025-12-04 07:47:03,430-ERROR-root-43768::webapp_internal::log_error|8194:: Warning Log Error Close Message: Tried to run command without establishing a connection
Traceback (most recent call last):
  File "C:\TIR_TESTE\venv\Lib\site-packages\tir\technologies\webapp_internal.py", line 5881, in SetKey
    Id = self.driver.execute_script(script)
         ^^^^^^^^^^^^^^^^^^^^^^^^^^^^^^^^^^
  File "C:\TIR_TESTE\venv\Lib\site-packages\selenium\webdriver\remote\webdriver.py", line 407, in execute_script
    return self.execute(command, {"script": script, "args": converted_args})["value"]
           ^^^^^^^^^^^^^^^^^^^^^^^^^^^^^^^^^^^^^^^^^^^^^^^^^^^^^^^^^^^^^^^^^
  File "C:\TIR_TESTE\venv\Lib\site-packages\selenium\webdriver\remote\webdriver.py", line 347, in execute
    self.error_handler.check_response(response)
  File "C:\TIR_TESTE\venv\Lib\site-packages\selenium\webdriver\remote\errorhandler.py", line 229, in check_response
    raise exception_class(message, screen, stacktrace)
selenium.common.exceptions.InvalidSessionIdException: Message: Tried to run command without establishing a connection


During handling of the above exception, another exception occurred:

Traceback (most recent call last):
  File "C:\TIR_TESTE\venv\Lib\site-packages\tir\technologies\webapp_internal.py", line 8192, in log_error
    self.driver.close()
  File "C:\TIR_TESTE\venv\Lib\site-packages\selenium\webdriver\remote\webdriver.py", line 458, in close
    self.execute(Command.CLOSE)
  File "C:\TIR_TESTE\venv\Lib\site-packages\selenium\webdriver\remote\webdriver.py", line 347, in execute
    self.error_handler.check_response(response)
  File "C:\TIR_TESTE\venv\Lib\site-packages\selenium\webdriver\remote\errorhandler.py", line 229, in check_response
    raise exception_class(message, screen, stacktrace)
selenium.common.exceptions.InvalidSessionIdException: Message: Tried to run command without establishing a connection

2025-12-04 07:47:03,773-ERROR-root-43768::webapp_internal::TearDown|9667:: Warning tearDown Close Message: Tried to run command without establishing a connection
Traceback (most recent call last):
  File "C:\TIR_TESTE\venv\Lib\site-packages\tir\technologies\webapp_internal.py", line 9665, in TearDown
    self.driver.close()
  File "C:\TIR_TESTE\venv\Lib\site-packages\selenium\webdriver\remote\webdriver.py", line 458, in close
    self.execute(Command.CLOSE)
  File "C:\TIR_TESTE\venv\Lib\site-packages\selenium\webdriver\remote\webdriver.py", line 347, in execute
    self.error_handler.check_response(response)
  File "C:\TIR_TESTE\venv\Lib\site-packages\selenium\webdriver\remote\errorhandler.py", line 229, in check_response
    raise exception_class(message, screen, stacktrace)
selenium.common.exceptions.InvalidSessionIdException: Message: Tried to run command without establishing a connection

2025-12-04 07:44:12,018-DEBUG-root-43768::logging_config::logger|189:: Log file created: 'Log\GESIT03\TIR__20251204074412011.log'
2025-12-04 07:44:12,018-INFO-root-43768::base::Start|1183:: TIR Version: 2.4.3
2025-12-04 07:44:12,019-INFO-root-43768::base::Start|1184:: Python Version: 3.12.10
2025-12-04 07:44:12,019-INFO-root-43768::base::Start|1185:: Starting the browser
2025-12-04 07:44:19,304-INFO-root-43768::base::get_url|1294:: Page is ready!
2025-12-04 07:44:19,310-INFO-root-43768::base::Start|1256:: Browser maximized to 1936x1048
2025-12-04 07:44:19,310-INFO-root-43768::base::Start|1258:: Screen size is different from default used in headless mode
2025-12-04 07:44:19,363-INFO-root-43768::webapp_internal::Setup|247:: ***System Info*** in Setup():
2025-12-04 07:44:19,364-DEBUG-root-43768::psutil_info::system_info|5:: CPU USAGE: 16.8%
2025-12-04 07:44:19,365-DEBUG-root-43768::psutil_info::system_info|6:: MEMORY USAGE: 90.4%
2025-12-04 07:44:19,366-DEBUG-root-43768::psutil_info::system_info|7:: MEMORY AVAILABLE: 9.57%
2025-12-04 07:44:19,375-INFO-root-43768::base::webapp_shadowroot|1394:: Webapp: 10.1.6-RC4
2025-12-04 07:44:19,407-INFO-root-43768::webapp_internal::filling_initial_program|449:: Filling Initial Program: "SIGAMDI"
2025-12-04 07:44:19,407-DEBUG-root-43768::webapp_internal::wait_element|7636:: Waiting for element
2025-12-04 07:44:19,568-DEBUG-root-43768::webapp_internal::wait_element|7666:: Element found! Waiting for element to be displayed.
2025-12-04 07:44:20,578-DEBUG-root-43768::base::click|192:: Click Type: ClickType.JS
2025-12-04 07:44:20,660-DEBUG-root-43768::webapp_internal::try_send_keys|7989:: Trying to send keys to element using technique 0
2025-12-04 07:44:20,994-DEBUG-root-43768::webapp_internal::get_web_value|3232:: Current value: SIGAMDI
2025-12-04 07:44:20,994-INFO-root-43768::webapp_internal::filling_server_environment|463:: Filling Server Environment: "POUPEX_TST"
2025-12-04 07:44:20,994-DEBUG-root-43768::webapp_internal::wait_element|7636:: Waiting for element
2025-12-04 07:44:21,020-DEBUG-root-43768::webapp_internal::wait_element|7666:: Element found! Waiting for element to be displayed.
2025-12-04 07:44:21,187-DEBUG-root-43768::base::click|192:: Click Type: ClickType.JS
2025-12-04 07:44:21,191-DEBUG-root-43768::webapp_internal::try_send_keys|7989:: Trying to send keys to element using technique 0
2025-12-04 07:44:21,520-DEBUG-root-43768::webapp_internal::get_web_value|3232:: Current value: POUPEX_TST
2025-12-04 07:44:21,541-DEBUG-root-43768::base::click|192:: Click Type: ClickType.JS
2025-12-04 07:44:21,554-DEBUG-root-43768::webapp_internal::user_screen|519:: Filling user screen
2025-12-04 07:44:27,320-DEBUG-root-43768::webapp_internal::wait_element_timeout|7739:: Element found! Waiting for element to be displayed.
2025-12-04 07:44:27,371-DEBUG-root-43768::base::scroll_to_element|759:: ********Warining scroll_to_element exception: Message: TypeError: can't access property "scrollIntoView", arguments[0] is null
Stacktrace:
@https://qasrverp:10020/webapp/:2:7
@https://qasrverp:10020/webapp/:3:8
*********
2025-12-04 07:44:27,497-INFO-root-43768::webapp_internal::user_screen|561:: Filling User
2025-12-04 07:44:27,530-DEBUG-root-43768::base::double_click|259:: Click Type: ClickType.SELENIUM
2025-12-04 07:44:27,721-DEBUG-root-43768::webapp_internal::get_web_value|3232:: Current value: 97137227104
2025-12-04 07:44:27,742-INFO-root-43768::webapp_internal::user_screen|621:: Filling Password
2025-12-04 07:44:27,763-DEBUG-root-43768::base::click|192:: Click Type: ClickType.JS
2025-12-04 07:44:27,837-DEBUG-root-43768::webapp_internal::get_web_value|3232:: Current value: Val20221080080094+
2025-12-04 07:44:27,837-DEBUG-root-43768::webapp_internal::wait_blocker|2444:: Waiting blocker to continue...
2025-12-04 07:44:27,864-DEBUG-root-43768::webapp_internal::wait_blocker|2469:: Blocker status: None
2025-12-04 07:44:27,888-DEBUG-root-43768::webapp_internal::wait_blocker|2444:: Waiting blocker to continue...
2025-12-04 07:44:27,915-DEBUG-root-43768::webapp_internal::wait_blocker|2469:: Blocker status: None
2025-12-04 07:44:27,950-DEBUG-root-43768::webapp_internal::wait_blocker|2444:: Waiting blocker to continue...
2025-12-04 07:44:27,978-DEBUG-root-43768::webapp_internal::wait_blocker|2469:: Blocker status: None
2025-12-04 07:44:27,978-DEBUG-root-43768::webapp_internal::send_action|10493:: Trying to send action
2025-12-04 07:44:27,986-DEBUG-root-43768::base::click|192:: Click Type: ClickType.JS
2025-12-04 07:44:29,026-DEBUG-root-43768::webapp_internal::send_action|10535:: send_action method result = True
2025-12-04 07:44:29,026-DEBUG-root-43768::webapp_internal::send_action|10536:: send_action selenium status: False
2025-12-04 07:44:31,604-DEBUG-root-43768::base::scroll_to_element|759:: ********Warining scroll_to_element exception: Message: TypeError: can't access property "scrollIntoView", arguments[0] is null
Stacktrace:
@https://qasrverp:10020/webapp/:2:7
@https://qasrverp:10020/webapp/:3:8
*********
2025-12-04 07:44:31,657-INFO-root-43768::webapp_internal::filling_date|885:: Filling Date: "04/11/2025"
2025-12-04 07:44:31,657-DEBUG-root-43768::webapp_internal::wait_blocker|2444:: Waiting blocker to continue...
2025-12-04 07:44:31,694-DEBUG-root-43768::webapp_internal::wait_blocker|2469:: Blocker status: None
2025-12-04 07:44:31,698-DEBUG-root-43768::base::click|192:: Click Type: ClickType.JS
2025-12-04 07:44:31,714-DEBUG-root-43768::webapp_internal::try_send_keys|7989:: Trying to send keys to element using technique 1
2025-12-04 07:44:31,801-DEBUG-root-43768::webapp_internal::get_web_value|3232:: Current value: 04/11/2025
2025-12-04 07:44:32,895-INFO-root-43768::webapp_internal::filling_group|955:: Filling Group: "02"
2025-12-04 07:44:32,896-DEBUG-root-43768::webapp_internal::wait_blocker|2444:: Waiting blocker to continue...
2025-12-04 07:44:32,928-DEBUG-root-43768::webapp_internal::wait_blocker|2469:: Blocker status: None
2025-12-04 07:44:32,933-DEBUG-root-43768::base::click|192:: Click Type: ClickType.JS
2025-12-04 07:44:32,984-DEBUG-root-43768::webapp_internal::get_web_value|3232:: Current value: 02
2025-12-04 07:44:34,044-INFO-root-43768::webapp_internal::filling_branch|1047:: Filling Branch: "02DF0001"
2025-12-04 07:44:34,044-DEBUG-root-43768::webapp_internal::wait_blocker|2444:: Waiting blocker to continue...
2025-12-04 07:44:34,074-DEBUG-root-43768::webapp_internal::wait_blocker|2469:: Blocker status: None
2025-12-04 07:44:34,077-DEBUG-root-43768::base::click|192:: Click Type: ClickType.JS
2025-12-04 07:44:34,129-DEBUG-root-43768::webapp_internal::get_web_value|3232:: Current value: 02DF0001
2025-12-04 07:44:35,210-INFO-root-43768::webapp_internal::filling_environment|1113:: Filling Environment: "07"
2025-12-04 07:44:35,210-DEBUG-root-43768::webapp_internal::wait_blocker|2444:: Waiting blocker to continue...
2025-12-04 07:44:35,243-DEBUG-root-43768::webapp_internal::wait_blocker|2469:: Blocker status: None
2025-12-04 07:44:35,247-DEBUG-root-43768::base::click|192:: Click Type: ClickType.JS
2025-12-04 07:44:35,300-DEBUG-root-43768::webapp_internal::get_web_value|3232:: Current value: 07
2025-12-04 07:44:36,309-DEBUG-root-43768::webapp_internal::close_warning_screen|1489:: Closing warning screen!
2025-12-04 07:44:37,346-DEBUG-root-43768::webapp_internal::check_screen_element|1291:: Checking screen element: "Atenção": False
2025-12-04 07:44:38,443-INFO-root-43768::webapp_internal::environment_screen|796:: Clicking on Button
2025-12-04 07:44:38,443-DEBUG-root-43768::webapp_internal::wait_blocker|2444:: Waiting blocker to continue...
2025-12-04 07:44:38,476-DEBUG-root-43768::webapp_internal::wait_blocker|2469:: Blocker status: None
2025-12-04 07:44:38,479-DEBUG-root-43768::base::click|192:: Click Type: ClickType.JS
2025-12-04 07:44:39,488-DEBUG-root-43768::base::click|192:: Click Type: ClickType.JS
2025-12-04 07:44:40,497-DEBUG-root-43768::base::click|192:: Click Type: ClickType.JS
2025-12-04 07:44:41,505-DEBUG-root-43768::base::click|192:: Click Type: ClickType.JS
2025-12-04 07:44:42,513-DEBUG-root-43768::base::click|192:: Click Type: ClickType.JS
2025-12-04 07:44:43,520-DEBUG-root-43768::base::click|192:: Click Type: ClickType.JS
2025-12-04 07:44:44,526-DEBUG-root-43768::webapp_internal::close_screen_before_menu|368:: Closing screen before the menu
2025-12-04 07:44:44,571-DEBUG-root-43768::webapp_internal::close_warning_screen|1489:: Closing warning screen!
2025-12-04 07:44:45,612-DEBUG-root-43768::webapp_internal::check_screen_element|1291:: Checking screen element: "Atenção": False
2025-12-04 07:44:45,612-DEBUG-root-43768::webapp_internal::close_coin_screen|1424:: Closing coin screen!
2025-12-04 07:44:46,172-DEBUG-root-43768::base::click|192:: Click Type: ClickType.JS
2025-12-04 07:44:46,229-DEBUG-root-43768::webapp_internal::close_warning_screen|1489:: Closing warning screen!
2025-12-04 07:44:47,297-DEBUG-root-43768::webapp_internal::check_screen_element|1291:: Checking screen element: "Atenção": False
2025-12-04 07:44:47,298-DEBUG-root-43768::webapp_internal::close_coin_screen|1424:: Closing coin screen!
2025-12-04 07:44:47,425-INFO-root-43768::webapp_internal::set_log_info|1623:: Getting log info
2025-12-04 07:44:47,425-INFO-root-43768::webapp_internal::SetLateralMenu|4184:: Navigating lateral menu: Ajuda > Sobre
2025-12-04 07:44:47,434-DEBUG-root-43768::webapp_internal::wait_element|7636:: Waiting for element
2025-12-04 07:44:47,475-DEBUG-root-43768::webapp_internal::wait_element|7666:: Element found! Waiting for element to be displayed.
2025-12-04 07:44:47,641-INFO-root-43768::webapp_internal::SetLateralMenu|4203:: Menu item: "Ajuda"
2025-12-04 07:44:47,642-DEBUG-root-43768::webapp_internal::wait_blocker|2444:: Waiting blocker to continue...
2025-12-04 07:44:47,708-DEBUG-root-43768::webapp_internal::wait_blocker|2469:: Blocker status: False
2025-12-04 07:44:48,076-DEBUG-root-43768::webapp_internal::wait_element_timeout|7739:: Element found! Waiting for element to be displayed.
2025-12-04 07:44:48,391-DEBUG-root-43768::webapp_internal::wait_blocker|2444:: Waiting blocker to continue...
2025-12-04 07:44:48,456-DEBUG-root-43768::webapp_internal::wait_blocker|2469:: Blocker status: False
2025-12-04 07:44:50,749-INFO-root-43768::webapp_internal::SetLateralMenu|4203:: Menu item: "Sobre"
2025-12-04 07:44:50,749-DEBUG-root-43768::webapp_internal::wait_blocker|2444:: Waiting blocker to continue...
2025-12-04 07:44:50,814-DEBUG-root-43768::webapp_internal::wait_blocker|2469:: Blocker status: False
2025-12-04 07:44:51,210-DEBUG-root-43768::webapp_internal::wait_element_timeout|7739:: Element found! Waiting for element to be displayed.
2025-12-04 07:44:51,564-DEBUG-root-43768::webapp_internal::wait_blocker|2444:: Waiting blocker to continue...
2025-12-04 07:44:51,626-DEBUG-root-43768::webapp_internal::wait_blocker|2469:: Blocker status: False
2025-12-04 07:44:54,266-DEBUG-root-43768::webapp_internal::wait_blocker|2444:: Waiting blocker to continue...
2025-12-04 07:44:54,334-DEBUG-root-43768::webapp_internal::wait_blocker|2469:: Blocker status: False
2025-12-04 07:44:54,405-DEBUG-root-43768::webapp_internal::wait_element|7636:: Waiting for element
2025-12-04 07:44:54,446-DEBUG-root-43768::webapp_internal::wait_element|7666:: Element found! Waiting for element to be displayed.
2025-12-04 07:44:54,620-INFO-root-43768::webapp_internal::SetButton|4444:: Clicking on Fechar
2025-12-04 07:44:54,620-DEBUG-root-43768::webapp_internal::wait_blocker|2444:: Waiting blocker to continue...
2025-12-04 07:44:54,695-DEBUG-root-43768::webapp_internal::wait_blocker|2469:: Blocker status: False
2025-12-04 07:44:54,880-DEBUG-root-43768::webapp_internal::wait_element_timeout|7739:: Element found! Waiting for element to be displayed.
2025-12-04 07:44:54,958-DEBUG-root-43768::webapp_internal::SetButton|4481:: ***System Info*** Before Clicking on button:Fechar
2025-12-04 07:44:54,958-DEBUG-root-43768::psutil_info::system_info|5:: CPU USAGE: 8.2%
2025-12-04 07:44:54,960-DEBUG-root-43768::psutil_info::system_info|6:: MEMORY USAGE: 90.0%
2025-12-04 07:44:54,960-DEBUG-root-43768::psutil_info::system_info|7:: MEMORY AVAILABLE: 9.97%
2025-12-04 07:44:55,124-DEBUG-root-43768::webapp_internal::wait_element_timeout|7739:: Element found! Waiting for element to be displayed.
2025-12-04 07:44:55,227-DEBUG-root-43768::webapp_internal::wait_blocker|2444:: Waiting blocker to continue...
2025-12-04 07:44:55,296-DEBUG-root-43768::webapp_internal::wait_blocker|2469:: Blocker status: False
2025-12-04 07:44:55,315-DEBUG-root-43768::webapp_internal::wait_blocker|2444:: Waiting blocker to continue...
2025-12-04 07:44:55,386-DEBUG-root-43768::webapp_internal::wait_blocker|2469:: Blocker status: False
2025-12-04 07:44:55,387-DEBUG-root-43768::webapp_internal::send_action|10493:: Trying to send action
2025-12-04 07:44:55,389-DEBUG-root-43768::base::click|192:: Click Type: ClickType.JS
2025-12-04 07:44:56,420-DEBUG-root-43768::webapp_internal::send_action|10535:: send_action method result = True
2025-12-04 07:44:56,420-DEBUG-root-43768::webapp_internal::send_action|10536:: send_action selenium status: False
2025-12-04 07:44:56,420-DEBUG-root-43768::webapp_internal::SetButton|4683:: ***System Info*** After Clicking on button:
2025-12-04 07:44:56,420-DEBUG-root-43768::psutil_info::system_info|5:: CPU USAGE: 6.4%
2025-12-04 07:44:56,421-DEBUG-root-43768::psutil_info::system_info|6:: MEMORY USAGE: 89.7%
2025-12-04 07:44:56,421-DEBUG-root-43768::psutil_info::system_info|7:: MEMORY AVAILABLE: 10.33%
2025-12-04 07:44:56,421-DEBUG-root-43768::webapp_internal::wait_element|7636:: Waiting for element
2025-12-04 07:44:56,508-INFO-root-43768::webapp_internal::SetLateralMenu|4184:: Navigating lateral menu: Atualizações > Especificos > Tipo de Convenio
2025-12-04 07:44:56,516-DEBUG-root-43768::webapp_internal::wait_element|7636:: Waiting for element
2025-12-04 07:44:56,553-DEBUG-root-43768::webapp_internal::wait_element|7666:: Element found! Waiting for element to be displayed.
2025-12-04 07:44:56,711-INFO-root-43768::webapp_internal::SetLateralMenu|4203:: Menu item: "Atualizações"
2025-12-04 07:44:56,711-DEBUG-root-43768::webapp_internal::wait_blocker|2444:: Waiting blocker to continue...
2025-12-04 07:44:56,778-DEBUG-root-43768::webapp_internal::wait_blocker|2469:: Blocker status: False
2025-12-04 07:44:57,238-DEBUG-root-43768::webapp_internal::wait_element_timeout|7739:: Element found! Waiting for element to be displayed.
2025-12-04 07:44:57,608-DEBUG-root-43768::webapp_internal::wait_blocker|2444:: Waiting blocker to continue...
2025-12-04 07:44:57,669-DEBUG-root-43768::webapp_internal::wait_blocker|2469:: Blocker status: False
2025-12-04 07:44:59,967-INFO-root-43768::webapp_internal::SetLateralMenu|4203:: Menu item: "Especificos"
2025-12-04 07:44:59,967-DEBUG-root-43768::webapp_internal::wait_blocker|2444:: Waiting blocker to continue...
2025-12-04 07:45:00,077-DEBUG-root-43768::webapp_internal::wait_blocker|2469:: Blocker status: False
2025-12-04 07:45:00,822-DEBUG-root-43768::webapp_internal::wait_element_timeout|7739:: Element found! Waiting for element to be displayed.
2025-12-04 07:45:01,598-DEBUG-root-43768::webapp_internal::wait_blocker|2444:: Waiting blocker to continue...
2025-12-04 07:45:01,691-DEBUG-root-43768::webapp_internal::wait_blocker|2469:: Blocker status: False
2025-12-04 07:45:03,985-INFO-root-43768::webapp_internal::SetLateralMenu|4203:: Menu item: "Tipo de Convenio"
2025-12-04 07:45:03,986-DEBUG-root-43768::webapp_internal::wait_blocker|2444:: Waiting blocker to continue...
2025-12-04 07:45:04,090-DEBUG-root-43768::webapp_internal::wait_blocker|2469:: Blocker status: False
2025-12-04 07:45:05,556-DEBUG-root-43768::webapp_internal::wait_element_timeout|7739:: Element found! Waiting for element to be displayed.
2025-12-04 07:45:07,032-DEBUG-root-43768::webapp_internal::wait_blocker|2444:: Waiting blocker to continue...
2025-12-04 07:45:07,132-DEBUG-root-43768::webapp_internal::wait_blocker|2469:: Blocker status: False
2025-12-04 07:45:11,572-DEBUG-root-43768::webapp_internal::wait_blocker|2444:: Waiting blocker to continue...
2025-12-04 07:45:11,668-DEBUG-root-43768::webapp_internal::wait_blocker|2469:: Blocker status: False
2025-12-04 07:45:11,771-INFO-root-43768::webapp_internal::WaitShow|4980:: Waiting show text 'Este ambiente utiliza base de Homologação.'...
2025-12-04 07:45:17,025-DEBUG-root-43768::log::checks_empty_line|221:: Checking empty default log info
2025-12-04 07:45:17,028-DEBUG-root-43768::log::generate_log|503:: Json log_data: {'cLogDtExec': '04/12/2025 07:45:17', 'cLogNomUsr': '97137227104', 'cLogNomEst': 'GESIT03', 'cLogProgra': None, 'cLogDtProg': '', 'cLogHrProg': '', 'nLogCtsOk': 1, 'nLogCtsNok': 0, 'nLogCtsSeg': 65.13, 'cLogVersao': '12', 'cLogReleas': '12.1.2410', 'nLogCtsErr': '', 'cLogBancod': 'ORACLE', 'cLogIdenti': '', 'cLogIdExec': '20251204', 'cLogPais': 'BRA', 'cLogTool': 'TIR', 'cLogSequen': 'ce5b3d', 'nLogCtsTot': 1, 'cLogDtExea': '04/12/2025', 'cLogHrExea': '07:45:17', 'cLogArea': 'Desenvolvimento', 'cLogMnExec': 1.0855}
2025-12-04 07:45:17,028-INFO-root-43768::log::send_log_with_retries|515:: Saving log locally.
2025-12-04 07:45:17,028-INFO-root-43768::log::save_log_locally|548:: [FwSendLog]: Não foi possível enviar o log após todas as tentativas.
2025-12-04 07:45:17,028-INFO-root-43768::log::save_log_locally|555:: [FwSendLog]: Log salvo localmente em C:\TIR_TESTE\1764845117.json.
2025-12-04 07:45:17,030-INFO-root-43768::webapp_internal::WaitShow|4980:: Waiting show text 'Moedas'...
2025-12-04 07:45:22,267-INFO-root-43768::webapp_internal::WaitShow|4980:: Waiting show text 'Tipos de Convênios'...
2025-12-04 07:45:22,350-INFO-root-43768::webapp_internal::WaitShow|4996:: Text found! 
2025-12-04 07:45:22,350-INFO-root-43768::webapp_internal::SetButton|4444:: Clicking on Incluir
2025-12-04 07:45:22,350-DEBUG-root-43768::webapp_internal::wait_blocker|2444:: Waiting blocker to continue...
2025-12-04 07:45:22,509-DEBUG-root-43768::webapp_internal::wait_blocker|2469:: Blocker status: False
2025-12-04 07:45:22,897-DEBUG-root-43768::webapp_internal::wait_element_timeout|7739:: Element found! Waiting for element to be displayed.
2025-12-04 07:45:23,164-DEBUG-root-43768::webapp_internal::SetButton|4481:: ***System Info*** Before Clicking on button:Incluir
2025-12-04 07:45:23,164-DEBUG-root-43768::psutil_info::system_info|5:: CPU USAGE: 9.9%
2025-12-04 07:45:23,165-DEBUG-root-43768::psutil_info::system_info|6:: MEMORY USAGE: 89.1%
2025-12-04 07:45:23,165-DEBUG-root-43768::psutil_info::system_info|7:: MEMORY AVAILABLE: 10.86%
2025-12-04 07:45:23,531-DEBUG-root-43768::webapp_internal::wait_element_timeout|7739:: Element found! Waiting for element to be displayed.
2025-12-04 07:45:23,872-DEBUG-root-43768::webapp_internal::wait_blocker|2444:: Waiting blocker to continue...
2025-12-04 07:45:24,001-DEBUG-root-43768::webapp_internal::wait_blocker|2469:: Blocker status: False
2025-12-04 07:45:24,030-DEBUG-root-43768::webapp_internal::wait_blocker|2444:: Waiting blocker to continue...
2025-12-04 07:45:24,143-DEBUG-root-43768::webapp_internal::wait_blocker|2469:: Blocker status: False
2025-12-04 07:45:24,143-DEBUG-root-43768::webapp_internal::send_action|10493:: Trying to send action
2025-12-04 07:45:24,145-DEBUG-root-43768::base::click|192:: Click Type: ClickType.JS
2025-12-04 07:45:25,203-DEBUG-root-43768::webapp_internal::send_action|10535:: send_action method result = True
2025-12-04 07:45:25,203-DEBUG-root-43768::webapp_internal::send_action|10536:: send_action selenium status: False
2025-12-04 07:45:25,204-DEBUG-root-43768::webapp_internal::SetButton|4683:: ***System Info*** After Clicking on button:
2025-12-04 07:45:25,204-DEBUG-root-43768::psutil_info::system_info|5:: CPU USAGE: 8.6%
2025-12-04 07:45:25,204-DEBUG-root-43768::psutil_info::system_info|6:: MEMORY USAGE: 89.3%
2025-12-04 07:45:25,204-DEBUG-root-43768::psutil_info::system_info|7:: MEMORY AVAILABLE: 10.7%
2025-12-04 07:45:25,204-INFO-root-43768::webapp_internal::WaitShow|4980:: Waiting show text 'Tipos de Convenios - INCLUIR'...
2025-12-04 07:45:25,336-INFO-root-43768::webapp_internal::WaitShow|4996:: Text found! 
2025-12-04 07:45:25,336-DEBUG-root-43768::webapp_internal::SetFocus|6011:: Setting focus on element ZD_DESCONV.
2025-12-04 07:45:25,488-DEBUG-root-43768::base::click|192:: Click Type: ClickType.SELENIUM
2025-12-04 07:45:25,554-DEBUG-root-43768::webapp_internal::wait_blocker|2444:: Waiting blocker to continue...
2025-12-04 07:45:25,675-DEBUG-root-43768::webapp_internal::wait_blocker|2469:: Blocker status: False
2025-12-04 07:45:25,675-DEBUG-root-43768::webapp_internal::wait_element|7636:: Waiting for element
2025-12-04 07:45:25,753-DEBUG-root-43768::webapp_internal::wait_element|7666:: Element found! Waiting for element to be displayed.
2025-12-04 07:45:25,817-INFO-root-43768::webapp_internal::input_value|2941:: Looking for element: ZD_DESCONV
2025-12-04 07:45:25,926-INFO-root-43768::webapp_internal::input_value|2951:: Element: ZD_DESCONV Found!
2025-12-04 07:45:25,926-INFO-root-43768::webapp_internal::input_value|2953:: Filling element: ZD_DESCONV
2025-12-04 07:45:25,954-DEBUG-root-43768::webapp_internal::get_web_value|3232:: Current value:                                                             
2025-12-04 07:45:25,991-DEBUG-root-43768::base::double_click|259:: Click Type: ClickType.SELENIUM
2025-12-04 07:45:26,237-DEBUG-root-43768::webapp_internal::wait_blocker|2444:: Waiting blocker to continue...
2025-12-04 07:45:26,424-DEBUG-root-43768::webapp_internal::wait_blocker|2469:: Blocker status: False
2025-12-04 07:45:26,785-DEBUG-root-43768::webapp_internal::get_web_value|3232:: Current value: TESTE INCLUSAO 01                                           
2025-12-04 07:45:26,786-INFO-root-43768::webapp_internal::input_value|3059:: Current field value: TESTE INCLUSAO 01
2025-12-04 07:45:26,820-DEBUG-root-43768::webapp_internal::wait_blocker|2444:: Waiting blocker to continue...
2025-12-04 07:45:26,961-DEBUG-root-43768::webapp_internal::wait_blocker|2469:: Blocker status: False
2025-12-04 07:45:26,962-INFO-root-43768::webapp_internal::SetKey|5822:: Key pressed: TAB
2025-12-04 07:45:26,962-DEBUG-root-43768::webapp_internal::SetKey|5857:: Trying press key
2025-12-04 07:45:28,967-DEBUG-root-43768::webapp_internal::wait_blocker|2444:: Waiting blocker to continue...
2025-12-04 07:45:29,090-DEBUG-root-43768::webapp_internal::wait_blocker|2469:: Blocker status: False
2025-12-04 07:45:29,154-DEBUG-root-43768::webapp_internal::wait_blocker|2444:: Waiting blocker to continue...
2025-12-04 07:45:29,290-DEBUG-root-43768::webapp_internal::wait_blocker|2469:: Blocker status: False
2025-12-04 07:45:29,290-DEBUG-root-43768::webapp_internal::send_action|10493:: Trying to send action
2025-12-04 07:45:30,340-DEBUG-root-43768::webapp_internal::send_action|10535:: send_action method result = True
2025-12-04 07:45:30,340-DEBUG-root-43768::webapp_internal::send_action|10536:: send_action selenium status: False
2025-12-04 07:45:30,341-DEBUG-root-43768::webapp_internal::wait_blocker|2444:: Waiting blocker to continue...
2025-12-04 07:45:30,462-DEBUG-root-43768::webapp_internal::wait_blocker|2469:: Blocker status: False
2025-12-04 07:45:30,462-DEBUG-root-43768::webapp_internal::wait_element|7636:: Waiting for element
2025-12-04 07:45:30,535-DEBUG-root-43768::webapp_internal::wait_element|7666:: Element found! Waiting for element to be displayed.
2025-12-04 07:45:30,597-INFO-root-43768::webapp_internal::input_value|2941:: Looking for element: ZD_TPMOV
2025-12-04 07:45:30,742-INFO-root-43768::webapp_internal::input_value|2951:: Element: ZD_TPMOV Found!
2025-12-04 07:45:30,743-INFO-root-43768::webapp_internal::input_value|2953:: Filling element: ZD_TPMOV
2025-12-04 07:45:31,955-INFO-root-43768::base::select_combo|871:: Selected value for combo is: 1 - Titular
2025-12-04 07:45:32,004-DEBUG-root-43768::webapp_internal::wait_blocker|2444:: Waiting blocker to continue...
2025-12-04 07:45:32,126-DEBUG-root-43768::webapp_internal::wait_blocker|2469:: Blocker status: False
2025-12-04 07:45:32,126-DEBUG-root-43768::webapp_internal::wait_element|7636:: Waiting for element
2025-12-04 07:45:32,198-DEBUG-root-43768::webapp_internal::wait_element|7666:: Element found! Waiting for element to be displayed.
2025-12-04 07:45:32,258-INFO-root-43768::webapp_internal::input_value|2941:: Looking for element: ZD_TPALTSA
2025-12-04 07:45:32,367-INFO-root-43768::webapp_internal::input_value|2951:: Element: ZD_TPALTSA Found!
2025-12-04 07:45:32,368-INFO-root-43768::webapp_internal::input_value|2953:: Filling element: ZD_TPALTSA
2025-12-04 07:45:32,394-DEBUG-root-43768::webapp_internal::get_web_value|3232:: Current value:    
2025-12-04 07:45:32,438-DEBUG-root-43768::base::double_click|259:: Click Type: ClickType.SELENIUM
2025-12-04 07:45:32,703-DEBUG-root-43768::webapp_internal::wait_blocker|2444:: Waiting blocker to continue...
2025-12-04 07:45:32,828-DEBUG-root-43768::webapp_internal::wait_blocker|2469:: Blocker status: False
2025-12-04 07:45:33,156-DEBUG-root-43768::webapp_internal::get_web_value|3232:: Current value: 003
2025-12-04 07:45:33,156-INFO-root-43768::webapp_internal::input_value|3059:: Current field value: 003
2025-12-04 07:45:33,163-INFO-root-43768::webapp_internal::WaitShow|4980:: Waiting show text 'Histórico'...
2025-12-04 07:45:34,961-INFO-root-43768::webapp_internal::WaitShow|4996:: Text found! 
2025-12-04 07:45:34,961-DEBUG-root-43768::webapp_internal::wait_blocker|2444:: Waiting blocker to continue...
2025-12-04 07:45:35,086-DEBUG-root-43768::webapp_internal::wait_blocker|2469:: Blocker status: False
2025-12-04 07:45:35,086-INFO-root-43768::webapp_internal::SetKey|5822:: Key pressed: ENTER
2025-12-04 07:45:35,086-DEBUG-root-43768::webapp_internal::SetKey|5857:: Trying press key
2025-12-04 07:45:37,090-DEBUG-root-43768::webapp_internal::wait_blocker|2444:: Waiting blocker to continue...
2025-12-04 07:45:37,211-DEBUG-root-43768::webapp_internal::wait_blocker|2469:: Blocker status: False
2025-12-04 07:45:37,235-DEBUG-root-43768::webapp_internal::wait_blocker|2444:: Waiting blocker to continue...
2025-12-04 07:45:37,364-DEBUG-root-43768::webapp_internal::wait_blocker|2469:: Blocker status: False
2025-12-04 07:45:37,364-DEBUG-root-43768::webapp_internal::send_action|10493:: Trying to send action
2025-12-04 07:45:38,395-DEBUG-root-43768::webapp_internal::send_action|10493:: Trying to send action
2025-12-04 07:45:39,427-DEBUG-root-43768::webapp_internal::send_action|10493:: Trying to send action
2025-12-04 07:45:40,459-DEBUG-root-43768::webapp_internal::send_action|10493:: Trying to send action
2025-12-04 07:45:41,545-DEBUG-root-43768::webapp_internal::send_action|10493:: Trying to send action
2025-12-04 07:45:42,577-DEBUG-root-43768::webapp_internal::send_action|10493:: Trying to send action
2025-12-04 07:45:43,607-DEBUG-root-43768::webapp_internal::send_action|10493:: Trying to send action
2025-12-04 07:45:44,642-DEBUG-root-43768::webapp_internal::send_action|10493:: Trying to send action
2025-12-04 07:45:45,691-DEBUG-root-43768::webapp_internal::send_action|10493:: Trying to send action
2025-12-04 07:45:46,725-DEBUG-root-43768::webapp_internal::send_action|10493:: Trying to send action
2025-12-04 07:45:47,756-DEBUG-root-43768::webapp_internal::send_action|10493:: Trying to send action
2025-12-04 07:45:48,786-DEBUG-root-43768::webapp_internal::send_action|10493:: Trying to send action
2025-12-04 07:45:49,814-DEBUG-root-43768::webapp_internal::send_action|10493:: Trying to send action
2025-12-04 07:45:50,844-DEBUG-root-43768::webapp_internal::send_action|10493:: Trying to send action
2025-12-04 07:45:51,874-DEBUG-root-43768::webapp_internal::send_action|10493:: Trying to send action
2025-12-04 07:45:52,907-DEBUG-root-43768::webapp_internal::send_action|10493:: Trying to send action
2025-12-04 07:45:53,938-DEBUG-root-43768::webapp_internal::send_action|10493:: Trying to send action
2025-12-04 07:45:54,967-DEBUG-root-43768::webapp_internal::send_action|10493:: Trying to send action
2025-12-04 07:45:56,007-DEBUG-root-43768::webapp_internal::send_action|10493:: Trying to send action
2025-12-04 07:45:57,037-DEBUG-root-43768::webapp_internal::send_action|10493:: Trying to send action
2025-12-04 07:45:58,065-DEBUG-root-43768::webapp_internal::send_action|10493:: Trying to send action
2025-12-04 07:45:59,094-DEBUG-root-43768::webapp_internal::send_action|10493:: Trying to send action
2025-12-04 07:46:00,125-DEBUG-root-43768::webapp_internal::send_action|10493:: Trying to send action
2025-12-04 07:46:01,158-DEBUG-root-43768::webapp_internal::send_action|10493:: Trying to send action
2025-12-04 07:46:02,190-DEBUG-root-43768::webapp_internal::send_action|10493:: Trying to send action
2025-12-04 07:46:03,218-DEBUG-root-43768::webapp_internal::send_action|10493:: Trying to send action
2025-12-04 07:46:04,248-DEBUG-root-43768::webapp_internal::send_action|10493:: Trying to send action
2025-12-04 07:46:05,278-DEBUG-root-43768::webapp_internal::send_action|10493:: Trying to send action
2025-12-04 07:46:06,315-DEBUG-root-43768::webapp_internal::send_action|10493:: Trying to send action
2025-12-04 07:46:07,347-DEBUG-root-43768::webapp_internal::send_action|10493:: Trying to send action
2025-12-04 07:46:08,382-DEBUG-root-43768::webapp_internal::send_action|10493:: Trying to send action
2025-12-04 07:46:09,414-DEBUG-root-43768::webapp_internal::send_action|10493:: Trying to send action
2025-12-04 07:46:10,449-DEBUG-root-43768::webapp_internal::send_action|10493:: Trying to send action
2025-12-04 07:46:11,484-DEBUG-root-43768::webapp_internal::send_action|10493:: Trying to send action
2025-12-04 07:46:12,518-DEBUG-root-43768::webapp_internal::send_action|10493:: Trying to send action
2025-12-04 07:46:13,550-DEBUG-root-43768::webapp_internal::send_action|10493:: Trying to send action
2025-12-04 07:46:14,579-DEBUG-root-43768::webapp_internal::send_action|10493:: Trying to send action
2025-12-04 07:46:15,613-DEBUG-root-43768::webapp_internal::send_action|10493:: Trying to send action
2025-12-04 07:46:16,652-DEBUG-root-43768::webapp_internal::send_action|10493:: Trying to send action
2025-12-04 07:46:17,683-DEBUG-root-43768::webapp_internal::send_action|10493:: Trying to send action
2025-12-04 07:46:18,716-DEBUG-root-43768::webapp_internal::send_action|10493:: Trying to send action
2025-12-04 07:46:19,748-DEBUG-root-43768::webapp_internal::send_action|10493:: Trying to send action
2025-12-04 07:46:20,782-DEBUG-root-43768::webapp_internal::send_action|10493:: Trying to send action
2025-12-04 07:46:21,815-DEBUG-root-43768::webapp_internal::send_action|10493:: Trying to send action
2025-12-04 07:46:22,849-DEBUG-root-43768::webapp_internal::send_action|10493:: Trying to send action
2025-12-04 07:46:23,881-DEBUG-root-43768::webapp_internal::send_action|10493:: Trying to send action
2025-12-04 07:46:24,915-DEBUG-root-43768::webapp_internal::send_action|10493:: Trying to send action
2025-12-04 07:46:26,004-DEBUG-root-43768::webapp_internal::send_action|10493:: Trying to send action
2025-12-04 07:46:27,041-DEBUG-root-43768::webapp_internal::send_action|10493:: Trying to send action
2025-12-04 07:46:28,082-DEBUG-root-43768::webapp_internal::send_action|10493:: Trying to send action
2025-12-04 07:46:29,116-DEBUG-root-43768::webapp_internal::send_action|10493:: Trying to send action
2025-12-04 07:46:30,148-DEBUG-root-43768::webapp_internal::send_action|10493:: Trying to send action
2025-12-04 07:46:31,195-DEBUG-root-43768::webapp_internal::send_action|10493:: Trying to send action
2025-12-04 07:46:32,232-DEBUG-root-43768::webapp_internal::send_action|10493:: Trying to send action
2025-12-04 07:46:33,268-DEBUG-root-43768::webapp_internal::send_action|10493:: Trying to send action
2025-12-04 07:46:34,305-DEBUG-root-43768::webapp_internal::send_action|10493:: Trying to send action
2025-12-04 07:46:35,339-DEBUG-root-43768::webapp_internal::send_action|10493:: Trying to send action
2025-12-04 07:46:36,368-DEBUG-root-43768::webapp_internal::send_action|10493:: Trying to send action
2025-12-04 07:46:37,398-DEBUG-root-43768::webapp_internal::send_action|10493:: Trying to send action
2025-12-04 07:46:38,427-DEBUG-root-43768::webapp_internal::send_action|10493:: Trying to send action
2025-12-04 07:46:39,457-DEBUG-root-43768::webapp_internal::send_action|10493:: Trying to send action
2025-12-04 07:46:40,486-DEBUG-root-43768::webapp_internal::send_action|10493:: Trying to send action
2025-12-04 07:46:41,517-DEBUG-root-43768::webapp_internal::send_action|10493:: Trying to send action
2025-12-04 07:46:42,547-DEBUG-root-43768::webapp_internal::send_action|10493:: Trying to send action
2025-12-04 07:46:43,577-DEBUG-root-43768::webapp_internal::send_action|10493:: Trying to send action
2025-12-04 07:46:44,608-DEBUG-root-43768::webapp_internal::send_action|10493:: Trying to send action
2025-12-04 07:46:45,642-DEBUG-root-43768::webapp_internal::send_action|10493:: Trying to send action
2025-12-04 07:46:46,674-DEBUG-root-43768::webapp_internal::send_action|10493:: Trying to send action
2025-12-04 07:46:47,703-DEBUG-root-43768::webapp_internal::send_action|10493:: Trying to send action
2025-12-04 07:46:48,733-DEBUG-root-43768::webapp_internal::send_action|10493:: Trying to send action
2025-12-04 07:46:49,763-DEBUG-root-43768::webapp_internal::send_action|10493:: Trying to send action
2025-12-04 07:46:50,796-DEBUG-root-43768::webapp_internal::send_action|10493:: Trying to send action
2025-12-04 07:46:51,831-DEBUG-root-43768::webapp_internal::send_action|10493:: Trying to send action
2025-12-04 07:46:52,862-DEBUG-root-43768::webapp_internal::send_action|10493:: Trying to send action
2025-12-04 07:46:53,893-DEBUG-root-43768::webapp_internal::send_action|10493:: Trying to send action
2025-12-04 07:46:54,923-DEBUG-root-43768::webapp_internal::send_action|10493:: Trying to send action
2025-12-04 07:46:55,952-DEBUG-root-43768::webapp_internal::send_action|10493:: Trying to send action
2025-12-04 07:46:56,981-DEBUG-root-43768::webapp_internal::send_action|10493:: Trying to send action
2025-12-04 07:46:58,010-DEBUG-root-43768::webapp_internal::send_action|10493:: Trying to send action
2025-12-04 07:46:59,045-DEBUG-root-43768::webapp_internal::send_action|10493:: Trying to send action
2025-12-04 07:47:00,083-DEBUG-root-43768::webapp_internal::send_action|10493:: Trying to send action
2025-12-04 07:47:01,410-DEBUG-root-43768::webapp_internal::send_action|10531:: Warning Exception send_action Message: Tried to run command without establishing a connection

2025-12-04 07:47:01,411-DEBUG-root-43768::webapp_internal::SetKey|5857:: Trying press key
2025-12-04 07:47:03,413-WARNING-root-43768::webapp_internal::log_error|8156:: Warning log_error SetKey - Screen is not load: Message: Tried to run command without establishing a connection

2025-12-04 07:47:03,413-DEBUG-root-43768::webapp_internal::log_error|8159:: ***System Info*** in log_error():
2025-12-04 07:47:03,413-DEBUG-root-43768::psutil_info::system_info|5:: CPU USAGE: 10.2%
2025-12-04 07:47:03,413-DEBUG-root-43768::psutil_info::system_info|6:: MEMORY USAGE: 85.4%
2025-12-04 07:47:03,414-DEBUG-root-43768::psutil_info::system_info|7:: MEMORY AVAILABLE: 14.63%
2025-12-04 07:47:03,430-ERROR-root-43768::webapp_internal::log_error|8194:: Warning Log Error Close Message: Tried to run command without establishing a connection
Traceback (most recent call last):
  File "C:\TIR_TESTE\venv\Lib\site-packages\tir\technologies\webapp_internal.py", line 5881, in SetKey
    Id = self.driver.execute_script(script)
         ^^^^^^^^^^^^^^^^^^^^^^^^^^^^^^^^^^
  File "C:\TIR_TESTE\venv\Lib\site-packages\selenium\webdriver\remote\webdriver.py", line 407, in execute_script
    return self.execute(command, {"script": script, "args": converted_args})["value"]
           ^^^^^^^^^^^^^^^^^^^^^^^^^^^^^^^^^^^^^^^^^^^^^^^^^^^^^^^^^^^^^^^^^
  File "C:\TIR_TESTE\venv\Lib\site-packages\selenium\webdriver\remote\webdriver.py", line 347, in execute
    self.error_handler.check_response(response)
  File "C:\TIR_TESTE\venv\Lib\site-packages\selenium\webdriver\remote\errorhandler.py", line 229, in check_response
    raise exception_class(message, screen, stacktrace)
selenium.common.exceptions.InvalidSessionIdException: Message: Tried to run command without establishing a connection


During handling of the above exception, another exception occurred:

Traceback (most recent call last):
  File "C:\TIR_TESTE\venv\Lib\site-packages\tir\technologies\webapp_internal.py", line 8192, in log_error
    self.driver.close()
  File "C:\TIR_TESTE\venv\Lib\site-packages\selenium\webdriver\remote\webdriver.py", line 458, in close
    self.execute(Command.CLOSE)
  File "C:\TIR_TESTE\venv\Lib\site-packages\selenium\webdriver\remote\webdriver.py", line 347, in execute
    self.error_handler.check_response(response)
  File "C:\TIR_TESTE\venv\Lib\site-packages\selenium\webdriver\remote\errorhandler.py", line 229, in check_response
    raise exception_class(message, screen, stacktrace)
selenium.common.exceptions.InvalidSessionIdException: Message: Tried to run command without establishing a connection

2025-12-04 07:47:03,773-ERROR-root-43768::webapp_internal::TearDown|9667:: Warning tearDown Close Message: Tried to run command without establishing a connection
Traceback (most recent call last):
  File "C:\TIR_TESTE\venv\Lib\site-packages\tir\technologies\webapp_internal.py", line 9665, in TearDown
    self.driver.close()
  File "C:\TIR_TESTE\venv\Lib\site-packages\selenium\webdriver\remote\webdriver.py", line 458, in close
    self.execute(Command.CLOSE)
  File "C:\TIR_TESTE\venv\Lib\site-packages\selenium\webdriver\remote\webdriver.py", line 347, in execute
    self.error_handler.check_response(response)
  File "C:\TIR_TESTE\venv\Lib\site-packages\selenium\webdriver\remote\errorhandler.py", line 229, in check_response
    raise exception_class(message, screen, stacktrace)
selenium.common.exceptions.InvalidSessionIdException: Message: Tried to run command without establishing a connection

