2025-12-11 10:41:10,038-DEBUG-root-17288::logging_config::logger|189:: Log file created: 'Log\GESIT03\TIR__20251211104110033.log'
2025-12-11 10:41:10,038-INFO-root-17288::base::Start|1183:: TIR Version: 2.4.3
2025-12-11 10:41:10,038-INFO-root-17288::base::Start|1184:: Python Version: 3.12.10
2025-12-11 10:41:10,038-INFO-root-17288::base::Start|1185:: Starting the browser
2025-12-11 10:41:17,334-INFO-root-17288::base::get_url|1294:: Page is ready!
2025-12-11 10:41:17,352-INFO-root-17288::base::Start|1256:: Browser maximized to 1936x1048
2025-12-11 10:41:17,352-INFO-root-17288::base::Start|1258:: Screen size is different from default used in headless mode
2025-12-11 10:41:17,507-INFO-root-17288::webapp_internal::Setup|247:: ***System Info*** in Setup():
2025-12-11 10:41:17,507-DEBUG-root-17288::psutil_info::system_info|5:: CPU USAGE: 18.5%
2025-12-11 10:41:17,508-DEBUG-root-17288::psutil_info::system_info|6:: MEMORY USAGE: 90.4%
2025-12-11 10:41:17,508-DEBUG-root-17288::psutil_info::system_info|7:: MEMORY AVAILABLE: 9.56%
2025-12-11 10:41:17,522-INFO-root-17288::base::webapp_shadowroot|1394:: Webapp: 10.1.6-RC4
2025-12-11 10:41:17,553-INFO-root-17288::webapp_internal::filling_initial_program|449:: Filling Initial Program: "SIGAMDI"
2025-12-11 10:41:17,553-DEBUG-root-17288::webapp_internal::wait_element|7623:: Waiting for element
2025-12-11 10:41:17,596-DEBUG-root-17288::webapp_internal::wait_element|7653:: Element found! Waiting for element to be displayed.
2025-12-11 10:41:18,217-DEBUG-root-17288::base::click|192:: Click Type: ClickType.JS
2025-12-11 10:41:18,222-DEBUG-root-17288::webapp_internal::try_send_keys|7976:: Trying to send keys to element using technique 0
2025-12-11 10:41:18,548-DEBUG-root-17288::webapp_internal::get_web_value|3232:: Current value: SIGAMDI
2025-12-11 10:41:18,549-INFO-root-17288::webapp_internal::filling_server_environment|463:: Filling Server Environment: "POUPEX_TST"
2025-12-11 10:41:18,549-DEBUG-root-17288::webapp_internal::wait_element|7623:: Waiting for element
2025-12-11 10:41:18,577-DEBUG-root-17288::webapp_internal::wait_element|7653:: Element found! Waiting for element to be displayed.
2025-12-11 10:41:18,748-DEBUG-root-17288::base::click|192:: Click Type: ClickType.JS
2025-12-11 10:41:18,753-DEBUG-root-17288::webapp_internal::try_send_keys|7976:: Trying to send keys to element using technique 0
2025-12-11 10:41:19,065-DEBUG-root-17288::webapp_internal::get_web_value|3232:: Current value: POUPEX_TST
2025-12-11 10:41:19,088-DEBUG-root-17288::base::click|192:: Click Type: ClickType.JS
2025-12-11 10:41:19,099-DEBUG-root-17288::webapp_internal::user_screen|519:: Filling user screen
2025-12-11 10:41:25,418-DEBUG-root-17288::webapp_internal::wait_element_timeout|7726:: Element found! Waiting for element to be displayed.
2025-12-11 10:41:25,508-DEBUG-root-17288::base::scroll_to_element|759:: ********Warining scroll_to_element exception: Message: TypeError: can't access property "scrollIntoView", arguments[0] is null
Stacktrace:
@https://qasrverp:10020/webapp/:2:7
@https://qasrverp:10020/webapp/:3:8
*********
2025-12-11 10:41:25,755-INFO-root-17288::webapp_internal::user_screen|561:: Filling User
2025-12-11 10:41:25,809-DEBUG-root-17288::base::double_click|259:: Click Type: ClickType.SELENIUM
2025-12-11 10:41:26,033-DEBUG-root-17288::webapp_internal::get_web_value|3232:: Current value: 97137227104
2025-12-11 10:41:26,086-INFO-root-17288::webapp_internal::user_screen|621:: Filling Password
2025-12-11 10:41:26,119-DEBUG-root-17288::base::click|192:: Click Type: ClickType.JS
2025-12-11 10:41:26,225-DEBUG-root-17288::webapp_internal::get_web_value|3232:: Current value: Val20221080080094+
2025-12-11 10:41:26,226-DEBUG-root-17288::webapp_internal::wait_blocker|2444:: Waiting blocker to continue...
2025-12-11 10:41:26,279-DEBUG-root-17288::webapp_internal::wait_blocker|2469:: Blocker status: None
2025-12-11 10:41:26,314-DEBUG-root-17288::webapp_internal::wait_blocker|2444:: Waiting blocker to continue...
2025-12-11 10:41:26,364-DEBUG-root-17288::webapp_internal::wait_blocker|2469:: Blocker status: None
2025-12-11 10:41:26,428-DEBUG-root-17288::webapp_internal::wait_blocker|2444:: Waiting blocker to continue...
2025-12-11 10:41:26,484-DEBUG-root-17288::webapp_internal::wait_blocker|2469:: Blocker status: None
2025-12-11 10:41:26,484-DEBUG-root-17288::webapp_internal::send_action|10480:: Trying to send action
2025-12-11 10:41:26,498-DEBUG-root-17288::base::click|192:: Click Type: ClickType.JS
2025-12-11 10:41:27,571-DEBUG-root-17288::webapp_internal::send_action|10522:: send_action method result = True
2025-12-11 10:41:27,572-DEBUG-root-17288::webapp_internal::send_action|10523:: send_action selenium status: False
2025-12-11 10:41:30,273-DEBUG-root-17288::base::scroll_to_element|759:: ********Warining scroll_to_element exception: Message: TypeError: can't access property "scrollIntoView", arguments[0] is null
Stacktrace:
@https://qasrverp:10020/webapp/:2:7
@https://qasrverp:10020/webapp/:3:8
*********
2025-12-11 10:41:30,374-INFO-root-17288::webapp_internal::filling_date|885:: Filling Date: "11/12/2025"
2025-12-11 10:41:30,376-DEBUG-root-17288::webapp_internal::wait_blocker|2444:: Waiting blocker to continue...
2025-12-11 10:41:30,467-DEBUG-root-17288::webapp_internal::wait_blocker|2469:: Blocker status: None
2025-12-11 10:41:30,472-DEBUG-root-17288::base::click|192:: Click Type: ClickType.JS
2025-12-11 10:41:30,510-DEBUG-root-17288::webapp_internal::try_send_keys|7976:: Trying to send keys to element using technique 1
2025-12-11 10:41:30,636-DEBUG-root-17288::webapp_internal::get_web_value|3232:: Current value: 11/12/2025
2025-12-11 10:41:31,779-INFO-root-17288::webapp_internal::filling_group|955:: Filling Group: "02"
2025-12-11 10:41:31,780-DEBUG-root-17288::webapp_internal::wait_blocker|2444:: Waiting blocker to continue...
2025-12-11 10:41:31,842-DEBUG-root-17288::webapp_internal::wait_blocker|2469:: Blocker status: None
2025-12-11 10:41:31,846-DEBUG-root-17288::base::click|192:: Click Type: ClickType.JS
2025-12-11 10:41:31,906-DEBUG-root-17288::webapp_internal::get_web_value|3232:: Current value: 02
2025-12-11 10:41:33,044-INFO-root-17288::webapp_internal::filling_branch|1047:: Filling Branch: "02DF0001"
2025-12-11 10:41:33,046-DEBUG-root-17288::webapp_internal::wait_blocker|2444:: Waiting blocker to continue...
2025-12-11 10:41:33,105-DEBUG-root-17288::webapp_internal::wait_blocker|2469:: Blocker status: None
2025-12-11 10:41:33,115-DEBUG-root-17288::base::click|192:: Click Type: ClickType.JS
2025-12-11 10:41:33,183-DEBUG-root-17288::webapp_internal::get_web_value|3232:: Current value: 02DF0001
2025-12-11 10:41:34,358-INFO-root-17288::webapp_internal::filling_environment|1113:: Filling Environment: "07"
2025-12-11 10:41:34,359-DEBUG-root-17288::webapp_internal::wait_blocker|2444:: Waiting blocker to continue...
2025-12-11 10:41:34,432-DEBUG-root-17288::webapp_internal::wait_blocker|2469:: Blocker status: None
2025-12-11 10:41:34,437-DEBUG-root-17288::base::click|192:: Click Type: ClickType.JS
2025-12-11 10:41:34,520-DEBUG-root-17288::webapp_internal::get_web_value|3232:: Current value: 07
2025-12-11 10:41:35,539-DEBUG-root-17288::webapp_internal::close_warning_screen|1489:: Closing warning screen!
2025-12-11 10:41:36,576-DEBUG-root-17288::webapp_internal::check_screen_element|1291:: Checking screen element: "Atenção": False
2025-12-11 10:41:37,699-INFO-root-17288::webapp_internal::environment_screen|796:: Clicking on Button
2025-12-11 10:41:37,700-DEBUG-root-17288::webapp_internal::wait_blocker|2444:: Waiting blocker to continue...
2025-12-11 10:41:37,756-DEBUG-root-17288::webapp_internal::wait_blocker|2469:: Blocker status: None
2025-12-11 10:41:37,759-DEBUG-root-17288::base::click|192:: Click Type: ClickType.JS
2025-12-11 10:41:38,770-DEBUG-root-17288::base::click|192:: Click Type: ClickType.JS
2025-12-11 10:41:39,777-DEBUG-root-17288::base::click|192:: Click Type: ClickType.JS
2025-12-11 10:41:40,788-DEBUG-root-17288::base::click|192:: Click Type: ClickType.JS
2025-12-11 10:41:41,797-DEBUG-root-17288::base::click|192:: Click Type: ClickType.JS
2025-12-11 10:41:42,805-DEBUG-root-17288::base::click|192:: Click Type: ClickType.JS
2025-12-11 10:41:43,812-DEBUG-root-17288::webapp_internal::close_screen_before_menu|368:: Closing screen before the menu
2025-12-11 10:41:43,906-DEBUG-root-17288::webapp_internal::close_warning_screen|1489:: Closing warning screen!
2025-12-11 10:41:45,001-DEBUG-root-17288::webapp_internal::check_screen_element|1291:: Checking screen element: "Atenção": False
2025-12-11 10:41:45,002-DEBUG-root-17288::webapp_internal::close_coin_screen|1424:: Closing coin screen!
2025-12-11 10:41:45,597-DEBUG-root-17288::base::click|192:: Click Type: ClickType.JS
2025-12-11 10:41:45,691-DEBUG-root-17288::webapp_internal::close_warning_screen|1489:: Closing warning screen!
2025-12-11 10:41:46,812-DEBUG-root-17288::webapp_internal::check_screen_element|1291:: Checking screen element: "Atenção": False
2025-12-11 10:41:46,812-DEBUG-root-17288::webapp_internal::close_coin_screen|1424:: Closing coin screen!
2025-12-11 10:41:47,636-INFO-root-17288::webapp_internal::set_log_info|1623:: Getting log info
2025-12-11 10:41:47,639-INFO-root-17288::webapp_internal::SetLateralMenu|4184:: Navigating lateral menu: Ajuda > Sobre
2025-12-11 10:41:47,736-DEBUG-root-17288::webapp_internal::wait_element|7623:: Waiting for element
2025-12-11 10:41:47,908-DEBUG-root-17288::webapp_internal::wait_element|7653:: Element found! Waiting for element to be displayed.
2025-12-11 10:41:48,273-INFO-root-17288::webapp_internal::SetLateralMenu|4203:: Menu item: "Ajuda"
2025-12-11 10:41:48,274-DEBUG-root-17288::webapp_internal::wait_blocker|2444:: Waiting blocker to continue...
2025-12-11 10:41:48,426-DEBUG-root-17288::webapp_internal::wait_blocker|2469:: Blocker status: False
2025-12-11 10:41:48,826-DEBUG-root-17288::webapp_internal::wait_element_timeout|7726:: Element found! Waiting for element to be displayed.
2025-12-11 10:41:49,210-DEBUG-root-17288::webapp_internal::wait_blocker|2444:: Waiting blocker to continue...
2025-12-11 10:41:49,316-DEBUG-root-17288::webapp_internal::wait_blocker|2469:: Blocker status: False
2025-12-11 10:41:51,595-INFO-root-17288::webapp_internal::SetLateralMenu|4203:: Menu item: "Sobre"
2025-12-11 10:41:51,596-DEBUG-root-17288::webapp_internal::wait_blocker|2444:: Waiting blocker to continue...
2025-12-11 10:41:51,667-DEBUG-root-17288::webapp_internal::wait_blocker|2469:: Blocker status: False
2025-12-11 10:41:52,180-DEBUG-root-17288::webapp_internal::wait_element_timeout|7726:: Element found! Waiting for element to be displayed.
2025-12-11 10:41:52,619-DEBUG-root-17288::webapp_internal::wait_blocker|2444:: Waiting blocker to continue...
2025-12-11 10:41:52,753-DEBUG-root-17288::webapp_internal::wait_blocker|2469:: Blocker status: False
2025-12-11 10:41:55,434-DEBUG-root-17288::webapp_internal::wait_blocker|2444:: Waiting blocker to continue...
2025-12-11 10:41:55,521-DEBUG-root-17288::webapp_internal::wait_blocker|2469:: Blocker status: False
2025-12-11 10:41:55,620-DEBUG-root-17288::webapp_internal::wait_element|7623:: Waiting for element
2025-12-11 10:41:55,687-DEBUG-root-17288::webapp_internal::wait_element|7653:: Element found! Waiting for element to be displayed.
2025-12-11 10:41:55,877-INFO-root-17288::webapp_internal::SetButton|4444:: Clicking on Fechar
2025-12-11 10:41:55,878-DEBUG-root-17288::webapp_internal::wait_blocker|2444:: Waiting blocker to continue...
2025-12-11 10:41:55,960-DEBUG-root-17288::webapp_internal::wait_blocker|2469:: Blocker status: False
2025-12-11 10:41:56,151-DEBUG-root-17288::webapp_internal::wait_element_timeout|7726:: Element found! Waiting for element to be displayed.
2025-12-11 10:41:56,245-DEBUG-root-17288::webapp_internal::SetButton|4481:: ***System Info*** Before Clicking on button:Fechar
2025-12-11 10:41:56,246-DEBUG-root-17288::psutil_info::system_info|5:: CPU USAGE: 15.2%
2025-12-11 10:41:56,247-DEBUG-root-17288::psutil_info::system_info|6:: MEMORY USAGE: 94.7%
2025-12-11 10:41:56,247-DEBUG-root-17288::psutil_info::system_info|7:: MEMORY AVAILABLE: 5.33%
2025-12-11 10:41:56,425-DEBUG-root-17288::webapp_internal::wait_element_timeout|7726:: Element found! Waiting for element to be displayed.
2025-12-11 10:41:56,578-DEBUG-root-17288::webapp_internal::wait_blocker|2444:: Waiting blocker to continue...
2025-12-11 10:41:56,656-DEBUG-root-17288::webapp_internal::wait_blocker|2469:: Blocker status: False
2025-12-11 10:41:56,674-DEBUG-root-17288::webapp_internal::wait_blocker|2444:: Waiting blocker to continue...
2025-12-11 10:41:56,752-DEBUG-root-17288::webapp_internal::wait_blocker|2469:: Blocker status: False
2025-12-11 10:41:56,753-DEBUG-root-17288::webapp_internal::send_action|10480:: Trying to send action
2025-12-11 10:41:56,755-DEBUG-root-17288::base::click|192:: Click Type: ClickType.JS
2025-12-11 10:41:57,789-DEBUG-root-17288::webapp_internal::send_action|10522:: send_action method result = True
2025-12-11 10:41:57,790-DEBUG-root-17288::webapp_internal::send_action|10523:: send_action selenium status: False
2025-12-11 10:41:57,790-DEBUG-root-17288::webapp_internal::SetButton|4683:: ***System Info*** After Clicking on button:
2025-12-11 10:41:57,791-DEBUG-root-17288::psutil_info::system_info|5:: CPU USAGE: 5.5%
2025-12-11 10:41:57,792-DEBUG-root-17288::psutil_info::system_info|6:: MEMORY USAGE: 94.6%
2025-12-11 10:41:57,792-DEBUG-root-17288::psutil_info::system_info|7:: MEMORY AVAILABLE: 5.37%
2025-12-11 10:41:57,793-DEBUG-root-17288::webapp_internal::wait_element|7623:: Waiting for element
2025-12-11 10:41:57,917-INFO-root-17288::webapp_internal::SetLateralMenu|4184:: Navigating lateral menu: Atualizações > Gestao de Viagens > Solicitações
2025-12-11 10:41:57,933-DEBUG-root-17288::webapp_internal::wait_element|7623:: Waiting for element
2025-12-11 10:41:57,977-DEBUG-root-17288::webapp_internal::wait_element|7653:: Element found! Waiting for element to be displayed.
2025-12-11 10:41:58,146-INFO-root-17288::webapp_internal::SetLateralMenu|4203:: Menu item: "Atualizações"
2025-12-11 10:41:58,147-DEBUG-root-17288::webapp_internal::wait_blocker|2444:: Waiting blocker to continue...
2025-12-11 10:41:58,218-DEBUG-root-17288::webapp_internal::wait_blocker|2469:: Blocker status: False
2025-12-11 10:41:58,673-DEBUG-root-17288::webapp_internal::wait_element_timeout|7726:: Element found! Waiting for element to be displayed.
2025-12-11 10:41:59,087-DEBUG-root-17288::webapp_internal::wait_blocker|2444:: Waiting blocker to continue...
2025-12-11 10:41:59,228-DEBUG-root-17288::webapp_internal::wait_blocker|2469:: Blocker status: False
2025-12-11 10:42:01,515-INFO-root-17288::webapp_internal::SetLateralMenu|4203:: Menu item: "Gestao de Viagens"
2025-12-11 10:42:01,515-DEBUG-root-17288::webapp_internal::wait_blocker|2444:: Waiting blocker to continue...
2025-12-11 10:42:01,643-DEBUG-root-17288::webapp_internal::wait_blocker|2469:: Blocker status: False
2025-12-11 10:42:02,472-DEBUG-root-17288::webapp_internal::wait_element_timeout|7726:: Element found! Waiting for element to be displayed.
2025-12-11 10:42:03,295-DEBUG-root-17288::webapp_internal::wait_blocker|2444:: Waiting blocker to continue...
2025-12-11 10:42:03,422-DEBUG-root-17288::webapp_internal::wait_blocker|2469:: Blocker status: False
2025-12-11 10:42:05,740-INFO-root-17288::webapp_internal::SetLateralMenu|4203:: Menu item: "Solicitações"
2025-12-11 10:42:05,741-DEBUG-root-17288::webapp_internal::wait_blocker|2444:: Waiting blocker to continue...
2025-12-11 10:42:05,825-DEBUG-root-17288::webapp_internal::wait_blocker|2469:: Blocker status: False
2025-12-11 10:42:06,787-DEBUG-root-17288::webapp_internal::wait_element_timeout|7726:: Element found! Waiting for element to be displayed.
2025-12-11 10:42:07,873-DEBUG-root-17288::webapp_internal::wait_blocker|2444:: Waiting blocker to continue...
2025-12-11 10:42:07,977-DEBUG-root-17288::webapp_internal::wait_blocker|2469:: Blocker status: False
2025-12-11 10:42:11,842-DEBUG-root-17288::webapp_internal::wait_blocker|2444:: Waiting blocker to continue...
2025-12-11 10:42:11,966-DEBUG-root-17288::webapp_internal::wait_blocker|2469:: Blocker status: False
2025-12-11 10:42:12,068-INFO-root-17288::webapp_internal::WaitShow|4980:: Waiting show text 'Este ambiente utiliza base de Homologação.'...
2025-12-11 10:42:17,628-INFO-root-17288::webapp_internal::WaitShow|4980:: Waiting show text 'Moedas'...
2025-12-11 10:42:22,910-INFO-root-17288::webapp_internal::WaitShow|4980:: Waiting show text 'Solicitação de Viagens/Treinamento'...
2025-12-11 10:42:22,985-INFO-root-17288::webapp_internal::WaitShow|4996:: Text found! 
2025-12-11 10:42:22,985-INFO-root-17288::webapp_internal::SetButton|4444:: Clicking on Incluir
2025-12-11 10:42:22,986-DEBUG-root-17288::webapp_internal::wait_blocker|2444:: Waiting blocker to continue...
2025-12-11 10:42:23,102-DEBUG-root-17288::webapp_internal::wait_blocker|2469:: Blocker status: False
2025-12-11 10:42:23,611-DEBUG-root-17288::webapp_internal::wait_element_timeout|7726:: Element found! Waiting for element to be displayed.
2025-12-11 10:42:23,903-DEBUG-root-17288::webapp_internal::SetButton|4481:: ***System Info*** Before Clicking on button:Incluir
2025-12-11 10:42:23,904-DEBUG-root-17288::psutil_info::system_info|5:: CPU USAGE: 9.6%
2025-12-11 10:42:23,904-DEBUG-root-17288::psutil_info::system_info|6:: MEMORY USAGE: 93.3%
2025-12-11 10:42:23,904-DEBUG-root-17288::psutil_info::system_info|7:: MEMORY AVAILABLE: 6.73%
2025-12-11 10:42:24,292-DEBUG-root-17288::webapp_internal::wait_element_timeout|7726:: Element found! Waiting for element to be displayed.
2025-12-11 10:42:24,678-DEBUG-root-17288::webapp_internal::wait_blocker|2444:: Waiting blocker to continue...
2025-12-11 10:42:24,800-DEBUG-root-17288::webapp_internal::wait_blocker|2469:: Blocker status: False
2025-12-11 10:42:24,823-DEBUG-root-17288::webapp_internal::wait_blocker|2444:: Waiting blocker to continue...
2025-12-11 10:42:24,950-DEBUG-root-17288::webapp_internal::wait_blocker|2469:: Blocker status: False
2025-12-11 10:42:24,951-DEBUG-root-17288::webapp_internal::send_action|10480:: Trying to send action
2025-12-11 10:42:24,954-DEBUG-root-17288::base::click|192:: Click Type: ClickType.JS
2025-12-11 10:42:26,225-DEBUG-root-17288::webapp_internal::send_action|10522:: send_action method result = True
2025-12-11 10:42:26,225-DEBUG-root-17288::webapp_internal::send_action|10523:: send_action selenium status: True
2025-12-11 10:42:26,226-DEBUG-root-17288::webapp_internal::SetButton|4683:: ***System Info*** After Clicking on button:
2025-12-11 10:42:26,226-DEBUG-root-17288::psutil_info::system_info|5:: CPU USAGE: 10.1%
2025-12-11 10:42:26,227-DEBUG-root-17288::psutil_info::system_info|6:: MEMORY USAGE: 93.3%
2025-12-11 10:42:26,228-DEBUG-root-17288::psutil_info::system_info|7:: MEMORY AVAILABLE: 6.68%
2025-12-11 10:42:26,429-DEBUG-root-17288::webapp_internal::wait_blocker|2444:: Waiting blocker to continue...
2025-12-11 10:42:26,573-DEBUG-root-17288::webapp_internal::wait_blocker|2469:: Blocker status: False
2025-12-11 10:42:26,573-INFO-root-17288::webapp_internal::SearchBrowse|2003:: Searching: 02DF0001
2025-12-11 10:42:26,722-DEBUG-root-17288::webapp_internal::wait_element_timeout|7726:: Element found! Waiting for element to be displayed.
2025-12-11 10:42:26,844-DEBUG-root-17288::webapp_internal::wait_blocker|2444:: Waiting blocker to continue...
2025-12-11 10:42:27,029-DEBUG-root-17288::webapp_internal::wait_blocker|2469:: Blocker status: False
2025-12-11 10:42:27,037-DEBUG-root-17288::webapp_internal::wait_blocker|2444:: Waiting blocker to continue...
2025-12-11 10:42:27,230-DEBUG-root-17288::webapp_internal::wait_blocker|2469:: Blocker status: False
2025-12-11 10:42:27,230-INFO-root-17288::webapp_internal::fill_search_browse|2399:: Filling: 02DF0001
2025-12-11 10:42:27,251-DEBUG-root-17288::base::click|192:: Click Type: ClickType.JS
2025-12-11 10:42:28,373-DEBUG-root-17288::webapp_internal::wait_blocker|2444:: Waiting blocker to continue...
2025-12-11 10:42:28,552-DEBUG-root-17288::webapp_internal::wait_blocker|2469:: Blocker status: False
2025-12-11 10:42:28,555-DEBUG-root-17288::base::double_click|259:: Click Type: ClickType.SELENIUM
2025-12-11 10:42:28,563-WARNING-root-17288::base::double_click|280:: Warning double_click method Exception: Message: Element <button class="button-image" type="button"> is not clickable at point (1258,360) because another element <wa-button id="COMP6023" class="dict-tbutton focus"> obscures it
Stacktrace:
RemoteError@chrome://remote/content/shared/RemoteError.sys.mjs:8:8
WebDriverError@chrome://remote/content/shared/webdriver/Errors.sys.mjs:202:5
ElementClickInterceptedError@chrome://remote/content/shared/webdriver/Errors.sys.mjs:354:5
webdriverClickElement@chrome://remote/content/marionette/interaction.sys.mjs:175:11
interaction.clickElement@chrome://remote/content/marionette/interaction.sys.mjs:134:11
clickElement@chrome://remote/content/marionette/actors/MarionetteCommandsChild.sys.mjs:327:29
receiveMessage@chrome://remote/content/marionette/actors/MarionetteCommandsChild.sys.mjs:210:31

2025-12-11 10:42:28,872-INFO-root-17288::webapp_internal::SetButton|4444:: Clicking on OK
2025-12-11 10:42:28,873-DEBUG-root-17288::webapp_internal::wait_blocker|2444:: Waiting blocker to continue...
2025-12-11 10:42:29,023-DEBUG-root-17288::webapp_internal::wait_blocker|2469:: Blocker status: False
2025-12-11 10:42:29,421-DEBUG-root-17288::webapp_internal::wait_element_timeout|7726:: Element found! Waiting for element to be displayed.
2025-12-11 10:42:29,642-DEBUG-root-17288::webapp_internal::SetButton|4481:: ***System Info*** Before Clicking on button:OK
2025-12-11 10:42:29,642-DEBUG-root-17288::psutil_info::system_info|5:: CPU USAGE: 12.2%
2025-12-11 10:42:29,643-DEBUG-root-17288::psutil_info::system_info|6:: MEMORY USAGE: 93.2%
2025-12-11 10:42:29,643-DEBUG-root-17288::psutil_info::system_info|7:: MEMORY AVAILABLE: 6.77%
2025-12-11 10:42:30,034-DEBUG-root-17288::webapp_internal::wait_element_timeout|7726:: Element found! Waiting for element to be displayed.
2025-12-11 10:42:30,403-DEBUG-root-17288::webapp_internal::wait_blocker|2444:: Waiting blocker to continue...
2025-12-11 10:42:30,583-DEBUG-root-17288::webapp_internal::wait_blocker|2469:: Blocker status: False
2025-12-11 10:42:30,625-DEBUG-root-17288::webapp_internal::wait_blocker|2444:: Waiting blocker to continue...
2025-12-11 10:42:30,811-DEBUG-root-17288::webapp_internal::wait_blocker|2469:: Blocker status: False
2025-12-11 10:42:30,812-DEBUG-root-17288::webapp_internal::send_action|10480:: Trying to send action
2025-12-11 10:42:30,817-DEBUG-root-17288::base::click|192:: Click Type: ClickType.JS
2025-12-11 10:42:33,745-DEBUG-root-17288::webapp_internal::send_action|10522:: send_action method result = True
2025-12-11 10:42:33,746-DEBUG-root-17288::webapp_internal::send_action|10523:: send_action selenium status: True
2025-12-11 10:42:33,747-DEBUG-root-17288::webapp_internal::SetButton|4683:: ***System Info*** After Clicking on button:
2025-12-11 10:42:33,747-DEBUG-root-17288::psutil_info::system_info|5:: CPU USAGE: 17.6%
2025-12-11 10:42:33,748-DEBUG-root-17288::psutil_info::system_info|6:: MEMORY USAGE: 93.6%
2025-12-11 10:42:33,748-DEBUG-root-17288::psutil_info::system_info|7:: MEMORY AVAILABLE: 6.43%
2025-12-11 10:42:33,950-INFO-root-17288::webapp_internal::WaitShow|4980:: Waiting show text 'Solicitacoes de Viagens - INCLUIR'...
2025-12-11 10:42:34,290-INFO-root-17288::webapp_internal::WaitShow|4996:: Text found! 
2025-12-11 10:42:34,290-DEBUG-root-17288::webapp_internal::wait_blocker|2444:: Waiting blocker to continue...
2025-12-11 10:42:34,467-DEBUG-root-17288::webapp_internal::wait_blocker|2469:: Blocker status: False
2025-12-11 10:42:34,467-DEBUG-root-17288::webapp_internal::wait_element|7623:: Waiting for element
2025-12-11 10:42:34,592-DEBUG-root-17288::webapp_internal::wait_element|7653:: Element found! Waiting for element to be displayed.
2025-12-11 10:42:34,740-INFO-root-17288::webapp_internal::input_value|2941:: Looking for element: ZV3_DESCRI
2025-12-11 10:42:35,070-INFO-root-17288::webapp_internal::input_value|2951:: Element: ZV3_DESCRI Found!
2025-12-11 10:42:35,070-INFO-root-17288::webapp_internal::input_value|2953:: Filling element: ZV3_DESCRI
2025-12-11 10:42:35,095-DEBUG-root-17288::webapp_internal::get_web_value|3232:: Current value:                                                   
2025-12-11 10:42:35,140-DEBUG-root-17288::base::double_click|259:: Click Type: ClickType.SELENIUM
2025-12-11 10:42:35,412-DEBUG-root-17288::webapp_internal::wait_blocker|2444:: Waiting blocker to continue...
2025-12-11 10:42:35,635-DEBUG-root-17288::webapp_internal::wait_blocker|2469:: Blocker status: False
2025-12-11 10:42:36,004-DEBUG-root-17288::webapp_internal::get_web_value|3232:: Current value: USO PARA TESTE AUTOMATIZADO                       
2025-12-11 10:42:36,005-INFO-root-17288::webapp_internal::input_value|3059:: Current field value: USO PARA TESTE AUTOMATIZADO
2025-12-11 10:42:36,038-DEBUG-root-17288::webapp_internal::wait_blocker|2444:: Waiting blocker to continue...
2025-12-11 10:42:36,250-DEBUG-root-17288::webapp_internal::wait_blocker|2469:: Blocker status: False
2025-12-11 10:42:36,250-DEBUG-root-17288::webapp_internal::wait_element|7623:: Waiting for element
2025-12-11 10:42:36,327-DEBUG-root-17288::webapp_internal::wait_element|7653:: Element found! Waiting for element to be displayed.
2025-12-11 10:42:36,421-INFO-root-17288::webapp_internal::input_value|2941:: Looking for element: ZV3_DTINI
2025-12-11 10:42:36,736-INFO-root-17288::webapp_internal::input_value|2951:: Element: ZV3_DTINI Found!
2025-12-11 10:42:36,736-INFO-root-17288::webapp_internal::input_value|2953:: Filling element: ZV3_DTINI
2025-12-11 10:42:36,767-DEBUG-root-17288::webapp_internal::get_web_value|3232:: Current value:   /  /    
2025-12-11 10:42:36,794-DEBUG-root-17288::base::double_click|259:: Click Type: ClickType.SELENIUM
2025-12-11 10:42:37,053-DEBUG-root-17288::webapp_internal::wait_blocker|2444:: Waiting blocker to continue...
2025-12-11 10:42:37,239-DEBUG-root-17288::webapp_internal::wait_blocker|2469:: Blocker status: False
2025-12-11 10:42:37,573-DEBUG-root-17288::webapp_internal::get_web_value|3232:: Current value: 05/01/2026
2025-12-11 10:42:37,573-INFO-root-17288::webapp_internal::input_value|3059:: Current field value: 05012026
2025-12-11 10:42:37,584-DEBUG-root-17288::webapp_internal::wait_blocker|2444:: Waiting blocker to continue...
2025-12-11 10:42:37,777-DEBUG-root-17288::webapp_internal::wait_blocker|2469:: Blocker status: False
2025-12-11 10:42:37,777-DEBUG-root-17288::webapp_internal::wait_element|7623:: Waiting for element
2025-12-11 10:42:37,875-DEBUG-root-17288::webapp_internal::wait_element|7653:: Element found! Waiting for element to be displayed.
2025-12-11 10:42:38,013-INFO-root-17288::webapp_internal::input_value|2941:: Looking for element: ZV3_DTFIM
2025-12-11 10:42:38,384-INFO-root-17288::webapp_internal::input_value|2951:: Element: ZV3_DTFIM Found!
2025-12-11 10:42:38,385-INFO-root-17288::webapp_internal::input_value|2953:: Filling element: ZV3_DTFIM
2025-12-11 10:42:38,435-DEBUG-root-17288::webapp_internal::get_web_value|3232:: Current value:   /  /    
2025-12-11 10:42:38,491-DEBUG-root-17288::base::double_click|259:: Click Type: ClickType.SELENIUM
2025-12-11 10:42:38,773-DEBUG-root-17288::webapp_internal::wait_blocker|2444:: Waiting blocker to continue...
2025-12-11 10:42:39,030-DEBUG-root-17288::webapp_internal::wait_blocker|2469:: Blocker status: False
2025-12-11 10:42:39,402-DEBUG-root-17288::webapp_internal::get_web_value|3232:: Current value: 11/01/2026
2025-12-11 10:42:39,403-INFO-root-17288::webapp_internal::input_value|3059:: Current field value: 11012026
2025-12-11 10:42:40,426-DEBUG-root-17288::webapp_internal::wait_blocker|2444:: Waiting blocker to continue...
2025-12-11 10:42:40,708-DEBUG-root-17288::webapp_internal::wait_blocker|2469:: Blocker status: False
2025-12-11 10:42:40,710-DEBUG-root-17288::webapp_internal::wait_element|7623:: Waiting for element
2025-12-11 10:42:40,854-DEBUG-root-17288::webapp_internal::wait_element|7653:: Element found! Waiting for element to be displayed.
2025-12-11 10:42:40,981-INFO-root-17288::webapp_internal::input_value|2941:: Looking for element: ZV3_CC
2025-12-11 10:42:41,272-INFO-root-17288::webapp_internal::input_value|2951:: Element: ZV3_CC Found!
2025-12-11 10:42:41,272-INFO-root-17288::webapp_internal::input_value|2953:: Filling element: ZV3_CC
2025-12-11 10:42:41,313-DEBUG-root-17288::webapp_internal::get_web_value|3232:: Current value:          
2025-12-11 10:42:41,362-DEBUG-root-17288::base::double_click|259:: Click Type: ClickType.SELENIUM
2025-12-11 10:42:41,653-DEBUG-root-17288::webapp_internal::wait_blocker|2444:: Waiting blocker to continue...
2025-12-11 10:42:41,908-DEBUG-root-17288::webapp_internal::wait_blocker|2469:: Blocker status: False
2025-12-11 10:42:42,277-DEBUG-root-17288::webapp_internal::get_web_value|3232:: Current value: 000000677
2025-12-11 10:42:42,277-INFO-root-17288::webapp_internal::input_value|3059:: Current field value: 000000677
2025-12-11 10:42:42,293-DEBUG-root-17288::webapp_internal::wait_blocker|2444:: Waiting blocker to continue...
2025-12-11 10:42:42,510-DEBUG-root-17288::webapp_internal::wait_blocker|2469:: Blocker status: False
2025-12-11 10:42:42,511-DEBUG-root-17288::webapp_internal::wait_element|7623:: Waiting for element
2025-12-11 10:42:42,659-DEBUG-root-17288::webapp_internal::wait_element|7653:: Element found! Waiting for element to be displayed.
2025-12-11 10:42:42,808-INFO-root-17288::webapp_internal::input_value|2941:: Looking for element: ZV3_TIPO
2025-12-11 10:42:43,108-INFO-root-17288::webapp_internal::input_value|2951:: Element: ZV3_TIPO Found!
2025-12-11 10:42:43,109-INFO-root-17288::webapp_internal::input_value|2953:: Filling element: ZV3_TIPO
2025-12-11 10:42:44,294-INFO-root-17288::base::select_combo|871:: Selected value for combo is: 1 - Servico
2025-12-11 10:42:44,341-DEBUG-root-17288::webapp_internal::wait_blocker|2444:: Waiting blocker to continue...
2025-12-11 10:42:44,551-DEBUG-root-17288::webapp_internal::wait_blocker|2469:: Blocker status: False
2025-12-11 10:42:44,552-DEBUG-root-17288::webapp_internal::wait_element|7623:: Waiting for element
2025-12-11 10:42:44,652-DEBUG-root-17288::webapp_internal::wait_element|7653:: Element found! Waiting for element to be displayed.
2025-12-11 10:42:44,738-INFO-root-17288::webapp_internal::input_value|2941:: Looking for element: ZV3_OBS
2025-12-11 10:42:45,036-INFO-root-17288::webapp_internal::input_value|2951:: Element: ZV3_OBS Found!
2025-12-11 10:42:45,036-INFO-root-17288::webapp_internal::input_value|2953:: Filling element: ZV3_OBS
2025-12-11 10:42:45,063-DEBUG-root-17288::webapp_internal::get_web_value|3232:: Current value: 
2025-12-11 10:42:45,085-DEBUG-root-17288::base::double_click|259:: Click Type: ClickType.SELENIUM
2025-12-11 10:42:45,344-DEBUG-root-17288::webapp_internal::wait_blocker|2444:: Waiting blocker to continue...
2025-12-11 10:42:45,525-DEBUG-root-17288::webapp_internal::wait_blocker|2469:: Blocker status: False
2025-12-11 10:42:45,892-DEBUG-root-17288::webapp_internal::get_web_value|3232:: Current value: TESTE DE SOLICITAÇÃO DE VIAGEM
2025-12-11 10:42:45,892-INFO-root-17288::webapp_internal::input_value|3059:: Current field value: TESTE DE SOLICITAÇÃO DE VIAGEM
2025-12-11 10:42:45,910-DEBUG-root-17288::webapp_internal::wait_blocker|2444:: Waiting blocker to continue...
2025-12-11 10:42:46,075-DEBUG-root-17288::webapp_internal::wait_blocker|2469:: Blocker status: False
2025-12-11 10:42:46,075-INFO-root-17288::webapp_internal::SetKey|5822:: Key pressed: TAB
2025-12-11 10:42:46,075-DEBUG-root-17288::webapp_internal::SetKey|5857:: Trying press key
2025-12-11 10:42:46,225-DEBUG-root-17288::webapp_internal::wait_blocker|2444:: Waiting blocker to continue...
2025-12-11 10:42:46,408-DEBUG-root-17288::webapp_internal::wait_blocker|2469:: Blocker status: False
2025-12-11 10:42:46,454-DEBUG-root-17288::webapp_internal::wait_blocker|2444:: Waiting blocker to continue...
2025-12-11 10:42:46,660-DEBUG-root-17288::webapp_internal::wait_blocker|2469:: Blocker status: False
2025-12-11 10:42:46,661-DEBUG-root-17288::webapp_internal::send_action|10480:: Trying to send action
2025-12-11 10:42:47,722-DEBUG-root-17288::webapp_internal::send_action|10522:: send_action method result = True
2025-12-11 10:42:47,722-DEBUG-root-17288::webapp_internal::send_action|10523:: send_action selenium status: False
2025-12-11 10:42:47,723-DEBUG-root-17288::webapp_internal::wait_element|7623:: Waiting for element
2025-12-11 10:42:47,859-DEBUG-root-17288::webapp_internal::wait_element|7653:: Element found! Waiting for element to be displayed.
2025-12-11 10:42:48,236-DEBUG-root-17288::webapp_internal::wait_blocker|2444:: Waiting blocker to continue...
2025-12-11 10:42:48,478-DEBUG-root-17288::webapp_internal::wait_blocker|2469:: Blocker status: False
2025-12-11 10:42:48,480-INFO-root-17288::webapp_internal::LoadGrid|6298:: Filling grid field: Favorecido
2025-12-11 10:42:48,480-DEBUG-root-17288::webapp_internal::fill_grid|6399:: Grid loading...
2025-12-11 10:42:48,742-DEBUG-root-17288::webapp_internal::fill_grid|6466:: Column found!
2025-12-11 10:42:48,801-DEBUG-root-17288::base::click|192:: Click Type: ClickType.ACTIONCHAINS
2025-12-11 10:42:49,125-DEBUG-root-17288::webapp_internal::fill_grid|6486:: Trying to select cell in grid!
2025-12-11 10:42:49,160-DEBUG-root-17288::base::click|192:: Click Type: ClickType.ACTIONCHAINS
2025-12-11 10:42:49,451-DEBUG-root-17288::webapp_internal::fill_grid|6486:: Trying to select cell in grid!
2025-12-11 10:42:49,455-DEBUG-root-17288::base::click|192:: Click Type: ClickType.ACTIONCHAINS
2025-12-11 10:42:49,742-DEBUG-root-17288::webapp_internal::fill_grid|6486:: Trying to select cell in grid!
2025-12-11 10:42:49,744-DEBUG-root-17288::base::click|192:: Click Type: ClickType.ACTIONCHAINS
2025-12-11 10:42:50,042-DEBUG-root-17288::webapp_internal::fill_grid|6486:: Trying to select cell in grid!
2025-12-11 10:42:50,045-DEBUG-root-17288::base::click|192:: Click Type: ClickType.ACTIONCHAINS
2025-12-11 10:42:50,334-DEBUG-root-17288::webapp_internal::fill_grid|6486:: Trying to select cell in grid!
2025-12-11 10:42:50,336-DEBUG-root-17288::base::click|192:: Click Type: ClickType.ACTIONCHAINS
2025-12-11 10:42:50,625-DEBUG-root-17288::webapp_internal::fill_grid|6486:: Trying to select cell in grid!
2025-12-11 10:42:50,627-DEBUG-root-17288::base::click|192:: Click Type: ClickType.ACTIONCHAINS
2025-12-11 10:42:50,920-DEBUG-root-17288::webapp_internal::fill_grid|6486:: Trying to select cell in grid!
2025-12-11 10:42:50,923-DEBUG-root-17288::base::click|192:: Click Type: ClickType.ACTIONCHAINS
2025-12-11 10:42:51,217-DEBUG-root-17288::webapp_internal::fill_grid|6486:: Trying to select cell in grid!
2025-12-11 10:42:51,219-DEBUG-root-17288::base::click|192:: Click Type: ClickType.ACTIONCHAINS
2025-12-11 10:42:51,506-DEBUG-root-17288::webapp_internal::fill_grid|6486:: Trying to select cell in grid!
2025-12-11 10:42:51,508-DEBUG-root-17288::base::click|192:: Click Type: ClickType.ACTIONCHAINS
2025-12-11 10:42:51,804-DEBUG-root-17288::webapp_internal::fill_grid|6486:: Trying to select cell in grid!
2025-12-11 10:42:51,806-DEBUG-root-17288::base::click|192:: Click Type: ClickType.ACTIONCHAINS
2025-12-11 10:42:52,091-DEBUG-root-17288::webapp_internal::fill_grid|6486:: Trying to select cell in grid!
2025-12-11 10:42:52,092-DEBUG-root-17288::base::click|192:: Click Type: ClickType.ACTIONCHAINS
2025-12-11 10:42:52,388-DEBUG-root-17288::webapp_internal::fill_grid|6486:: Trying to select cell in grid!
2025-12-11 10:42:52,391-DEBUG-root-17288::base::click|192:: Click Type: ClickType.ACTIONCHAINS
2025-12-11 10:42:52,684-DEBUG-root-17288::webapp_internal::fill_grid|6486:: Trying to select cell in grid!
2025-12-11 10:42:52,687-DEBUG-root-17288::base::click|192:: Click Type: ClickType.ACTIONCHAINS
2025-12-11 10:42:52,980-DEBUG-root-17288::webapp_internal::fill_grid|6486:: Trying to select cell in grid!
2025-12-11 10:42:52,985-DEBUG-root-17288::base::click|192:: Click Type: ClickType.ACTIONCHAINS
2025-12-11 10:42:53,276-DEBUG-root-17288::webapp_internal::fill_grid|6486:: Trying to select cell in grid!
2025-12-11 10:42:53,285-DEBUG-root-17288::base::click|192:: Click Type: ClickType.ACTIONCHAINS
2025-12-11 10:42:53,584-DEBUG-root-17288::webapp_internal::fill_grid|6486:: Trying to select cell in grid!
2025-12-11 10:42:53,586-DEBUG-root-17288::base::click|192:: Click Type: ClickType.ACTIONCHAINS
2025-12-11 10:42:53,875-DEBUG-root-17288::webapp_internal::fill_grid|6486:: Trying to select cell in grid!
2025-12-11 10:42:53,877-DEBUG-root-17288::base::click|192:: Click Type: ClickType.ACTIONCHAINS
2025-12-11 10:42:54,175-DEBUG-root-17288::webapp_internal::fill_grid|6486:: Trying to select cell in grid!
2025-12-11 10:42:54,177-DEBUG-root-17288::base::click|192:: Click Type: ClickType.ACTIONCHAINS
2025-12-11 10:42:54,462-DEBUG-root-17288::webapp_internal::fill_grid|6486:: Trying to select cell in grid!
2025-12-11 10:42:54,466-DEBUG-root-17288::base::click|192:: Click Type: ClickType.ACTIONCHAINS
2025-12-11 10:42:54,757-DEBUG-root-17288::webapp_internal::fill_grid|6486:: Trying to select cell in grid!
2025-12-11 10:42:54,760-DEBUG-root-17288::base::click|192:: Click Type: ClickType.ACTIONCHAINS
2025-12-11 10:42:55,050-DEBUG-root-17288::webapp_internal::fill_grid|6486:: Trying to select cell in grid!
2025-12-11 10:42:55,053-DEBUG-root-17288::base::click|192:: Click Type: ClickType.ACTIONCHAINS
2025-12-11 10:42:55,345-DEBUG-root-17288::webapp_internal::fill_grid|6486:: Trying to select cell in grid!
2025-12-11 10:42:55,351-DEBUG-root-17288::base::click|192:: Click Type: ClickType.ACTIONCHAINS
2025-12-11 10:42:55,640-DEBUG-root-17288::webapp_internal::fill_grid|6486:: Trying to select cell in grid!
2025-12-11 10:42:55,642-DEBUG-root-17288::base::click|192:: Click Type: ClickType.ACTIONCHAINS
2025-12-11 10:42:55,923-DEBUG-root-17288::webapp_internal::fill_grid|6486:: Trying to select cell in grid!
2025-12-11 10:42:55,925-DEBUG-root-17288::base::click|192:: Click Type: ClickType.ACTIONCHAINS
2025-12-11 10:42:56,218-DEBUG-root-17288::webapp_internal::fill_grid|6486:: Trying to select cell in grid!
2025-12-11 10:42:56,221-DEBUG-root-17288::base::click|192:: Click Type: ClickType.ACTIONCHAINS
2025-12-11 10:42:56,516-DEBUG-root-17288::webapp_internal::fill_grid|6486:: Trying to select cell in grid!
2025-12-11 10:42:56,518-DEBUG-root-17288::base::click|192:: Click Type: ClickType.ACTIONCHAINS
2025-12-11 10:42:56,806-DEBUG-root-17288::webapp_internal::fill_grid|6486:: Trying to select cell in grid!
2025-12-11 10:42:56,808-DEBUG-root-17288::base::click|192:: Click Type: ClickType.ACTIONCHAINS
2025-12-11 10:42:57,103-DEBUG-root-17288::webapp_internal::fill_grid|6486:: Trying to select cell in grid!
2025-12-11 10:42:57,105-DEBUG-root-17288::base::click|192:: Click Type: ClickType.ACTIONCHAINS
2025-12-11 10:42:57,403-DEBUG-root-17288::webapp_internal::fill_grid|6486:: Trying to select cell in grid!
2025-12-11 10:42:57,405-DEBUG-root-17288::base::click|192:: Click Type: ClickType.ACTIONCHAINS
2025-12-11 10:42:57,691-DEBUG-root-17288::webapp_internal::fill_grid|6486:: Trying to select cell in grid!
2025-12-11 10:42:57,693-DEBUG-root-17288::base::click|192:: Click Type: ClickType.ACTIONCHAINS
2025-12-11 10:42:57,988-DEBUG-root-17288::webapp_internal::fill_grid|6486:: Trying to select cell in grid!
2025-12-11 10:42:57,991-DEBUG-root-17288::base::click|192:: Click Type: ClickType.ACTIONCHAINS
2025-12-11 10:42:58,287-DEBUG-root-17288::webapp_internal::fill_grid|6486:: Trying to select cell in grid!
2025-12-11 10:42:58,289-DEBUG-root-17288::base::click|192:: Click Type: ClickType.ACTIONCHAINS
2025-12-11 10:42:58,575-DEBUG-root-17288::webapp_internal::fill_grid|6486:: Trying to select cell in grid!
2025-12-11 10:42:58,576-DEBUG-root-17288::base::click|192:: Click Type: ClickType.ACTIONCHAINS
2025-12-11 10:42:58,876-DEBUG-root-17288::webapp_internal::fill_grid|6486:: Trying to select cell in grid!
2025-12-11 10:42:58,883-DEBUG-root-17288::base::click|192:: Click Type: ClickType.ACTIONCHAINS
2025-12-11 10:42:59,169-DEBUG-root-17288::webapp_internal::fill_grid|6486:: Trying to select cell in grid!
2025-12-11 10:42:59,172-DEBUG-root-17288::base::click|192:: Click Type: ClickType.ACTIONCHAINS
2025-12-11 10:42:59,461-DEBUG-root-17288::webapp_internal::fill_grid|6486:: Trying to select cell in grid!
2025-12-11 10:42:59,466-DEBUG-root-17288::base::click|192:: Click Type: ClickType.ACTIONCHAINS
2025-12-11 10:42:59,758-DEBUG-root-17288::webapp_internal::fill_grid|6486:: Trying to select cell in grid!
2025-12-11 10:42:59,761-DEBUG-root-17288::base::click|192:: Click Type: ClickType.ACTIONCHAINS
2025-12-11 10:43:00,055-DEBUG-root-17288::webapp_internal::fill_grid|6486:: Trying to select cell in grid!
2025-12-11 10:43:00,058-DEBUG-root-17288::base::click|192:: Click Type: ClickType.ACTIONCHAINS
2025-12-11 10:43:00,344-DEBUG-root-17288::webapp_internal::fill_grid|6486:: Trying to select cell in grid!
2025-12-11 10:43:00,351-DEBUG-root-17288::base::click|192:: Click Type: ClickType.ACTIONCHAINS
2025-12-11 10:43:00,662-DEBUG-root-17288::webapp_internal::fill_grid|6486:: Trying to select cell in grid!
2025-12-11 10:43:00,669-DEBUG-root-17288::base::click|192:: Click Type: ClickType.ACTIONCHAINS
2025-12-11 10:43:00,937-DEBUG-root-17288::webapp_internal::fill_grid|6486:: Trying to select cell in grid!
2025-12-11 10:43:00,939-DEBUG-root-17288::base::click|192:: Click Type: ClickType.ACTIONCHAINS
2025-12-11 10:43:01,236-DEBUG-root-17288::webapp_internal::fill_grid|6486:: Trying to select cell in grid!
2025-12-11 10:43:01,240-DEBUG-root-17288::base::click|192:: Click Type: ClickType.ACTIONCHAINS
2025-12-11 10:43:01,526-DEBUG-root-17288::webapp_internal::fill_grid|6486:: Trying to select cell in grid!
2025-12-11 10:43:01,527-DEBUG-root-17288::base::click|192:: Click Type: ClickType.ACTIONCHAINS
2025-12-11 10:43:01,824-DEBUG-root-17288::webapp_internal::fill_grid|6486:: Trying to select cell in grid!
2025-12-11 10:43:01,827-DEBUG-root-17288::base::click|192:: Click Type: ClickType.ACTIONCHAINS
2025-12-11 10:43:02,120-DEBUG-root-17288::webapp_internal::fill_grid|6486:: Trying to select cell in grid!
2025-12-11 10:43:02,123-DEBUG-root-17288::base::click|192:: Click Type: ClickType.ACTIONCHAINS
2025-12-11 10:43:02,410-DEBUG-root-17288::webapp_internal::fill_grid|6486:: Trying to select cell in grid!
2025-12-11 10:43:02,412-DEBUG-root-17288::base::click|192:: Click Type: ClickType.ACTIONCHAINS
2025-12-11 10:43:02,677-DEBUG-root-17288::webapp_internal::fill_grid|6486:: Trying to select cell in grid!
2025-12-11 10:43:02,684-DEBUG-root-17288::base::click|192:: Click Type: ClickType.ACTIONCHAINS
2025-12-11 10:43:02,973-DEBUG-root-17288::webapp_internal::fill_grid|6486:: Trying to select cell in grid!
2025-12-11 10:43:02,975-DEBUG-root-17288::base::click|192:: Click Type: ClickType.ACTIONCHAINS
2025-12-11 10:43:03,268-DEBUG-root-17288::webapp_internal::fill_grid|6486:: Trying to select cell in grid!
2025-12-11 10:43:03,272-DEBUG-root-17288::base::click|192:: Click Type: ClickType.ACTIONCHAINS
2025-12-11 10:43:03,556-DEBUG-root-17288::webapp_internal::fill_grid|6486:: Trying to select cell in grid!
2025-12-11 10:43:03,558-DEBUG-root-17288::base::click|192:: Click Type: ClickType.ACTIONCHAINS
2025-12-11 10:43:03,856-DEBUG-root-17288::webapp_internal::fill_grid|6486:: Trying to select cell in grid!
2025-12-11 10:43:03,858-DEBUG-root-17288::base::click|192:: Click Type: ClickType.ACTIONCHAINS
2025-12-11 10:43:04,153-DEBUG-root-17288::webapp_internal::fill_grid|6486:: Trying to select cell in grid!
2025-12-11 10:43:04,155-DEBUG-root-17288::base::click|192:: Click Type: ClickType.ACTIONCHAINS
2025-12-11 10:43:04,442-DEBUG-root-17288::webapp_internal::fill_grid|6486:: Trying to select cell in grid!
2025-12-11 10:43:04,444-DEBUG-root-17288::base::click|192:: Click Type: ClickType.ACTIONCHAINS
2025-12-11 10:43:04,740-DEBUG-root-17288::webapp_internal::fill_grid|6486:: Trying to select cell in grid!
2025-12-11 10:43:04,743-DEBUG-root-17288::base::click|192:: Click Type: ClickType.ACTIONCHAINS
2025-12-11 10:43:05,039-DEBUG-root-17288::webapp_internal::fill_grid|6486:: Trying to select cell in grid!
2025-12-11 10:43:05,042-DEBUG-root-17288::base::click|192:: Click Type: ClickType.ACTIONCHAINS
2025-12-11 10:43:05,333-DEBUG-root-17288::webapp_internal::fill_grid|6486:: Trying to select cell in grid!
2025-12-11 10:43:05,335-DEBUG-root-17288::base::click|192:: Click Type: ClickType.ACTIONCHAINS
2025-12-11 10:43:05,622-DEBUG-root-17288::webapp_internal::fill_grid|6486:: Trying to select cell in grid!
2025-12-11 10:43:05,623-DEBUG-root-17288::base::click|192:: Click Type: ClickType.ACTIONCHAINS
2025-12-11 10:43:05,892-DEBUG-root-17288::webapp_internal::fill_grid|6486:: Trying to select cell in grid!
2025-12-11 10:43:05,895-DEBUG-root-17288::base::click|192:: Click Type: ClickType.ACTIONCHAINS
2025-12-11 10:43:06,187-DEBUG-root-17288::webapp_internal::fill_grid|6486:: Trying to select cell in grid!
2025-12-11 10:43:06,190-DEBUG-root-17288::base::click|192:: Click Type: ClickType.ACTIONCHAINS
2025-12-11 10:43:06,476-DEBUG-root-17288::webapp_internal::fill_grid|6486:: Trying to select cell in grid!
2025-12-11 10:43:06,478-DEBUG-root-17288::base::click|192:: Click Type: ClickType.ACTIONCHAINS
2025-12-11 10:43:06,771-DEBUG-root-17288::webapp_internal::fill_grid|6486:: Trying to select cell in grid!
2025-12-11 10:43:06,773-DEBUG-root-17288::base::click|192:: Click Type: ClickType.ACTIONCHAINS
2025-12-11 10:43:07,059-DEBUG-root-17288::webapp_internal::fill_grid|6486:: Trying to select cell in grid!
2025-12-11 10:43:07,060-DEBUG-root-17288::base::click|192:: Click Type: ClickType.ACTIONCHAINS
2025-12-11 10:43:07,358-DEBUG-root-17288::webapp_internal::fill_grid|6486:: Trying to select cell in grid!
2025-12-11 10:43:07,361-DEBUG-root-17288::base::click|192:: Click Type: ClickType.ACTIONCHAINS
2025-12-11 10:43:07,652-DEBUG-root-17288::webapp_internal::fill_grid|6486:: Trying to select cell in grid!
2025-12-11 10:43:07,653-DEBUG-root-17288::base::click|192:: Click Type: ClickType.ACTIONCHAINS
2025-12-11 10:43:07,943-DEBUG-root-17288::webapp_internal::fill_grid|6486:: Trying to select cell in grid!
2025-12-11 10:43:07,950-DEBUG-root-17288::base::click|192:: Click Type: ClickType.ACTIONCHAINS
2025-12-11 10:43:08,240-DEBUG-root-17288::webapp_internal::fill_grid|6486:: Trying to select cell in grid!
2025-12-11 10:43:08,242-DEBUG-root-17288::base::click|192:: Click Type: ClickType.ACTIONCHAINS
2025-12-11 10:43:08,538-DEBUG-root-17288::webapp_internal::fill_grid|6486:: Trying to select cell in grid!
2025-12-11 10:43:08,540-DEBUG-root-17288::base::click|192:: Click Type: ClickType.ACTIONCHAINS
2025-12-11 10:43:08,835-DEBUG-root-17288::webapp_internal::fill_grid|6486:: Trying to select cell in grid!
2025-12-11 10:43:08,840-DEBUG-root-17288::base::click|192:: Click Type: ClickType.ACTIONCHAINS
2025-12-11 10:43:09,108-DEBUG-root-17288::webapp_internal::fill_grid|6486:: Trying to select cell in grid!
2025-12-11 10:43:09,110-DEBUG-root-17288::base::click|192:: Click Type: ClickType.ACTIONCHAINS
2025-12-11 10:43:09,408-DEBUG-root-17288::webapp_internal::fill_grid|6486:: Trying to select cell in grid!
2025-12-11 10:43:09,412-DEBUG-root-17288::base::click|192:: Click Type: ClickType.ACTIONCHAINS
2025-12-11 10:43:09,693-DEBUG-root-17288::webapp_internal::fill_grid|6486:: Trying to select cell in grid!
2025-12-11 10:43:09,695-DEBUG-root-17288::base::click|192:: Click Type: ClickType.ACTIONCHAINS
2025-12-11 10:43:09,993-DEBUG-root-17288::webapp_internal::fill_grid|6486:: Trying to select cell in grid!
2025-12-11 10:43:09,995-DEBUG-root-17288::base::click|192:: Click Type: ClickType.ACTIONCHAINS
2025-12-11 10:43:10,289-DEBUG-root-17288::webapp_internal::fill_grid|6486:: Trying to select cell in grid!
2025-12-11 10:43:10,291-DEBUG-root-17288::base::click|192:: Click Type: ClickType.ACTIONCHAINS
2025-12-11 10:43:10,584-DEBUG-root-17288::webapp_internal::fill_grid|6486:: Trying to select cell in grid!
2025-12-11 10:43:10,586-DEBUG-root-17288::base::click|192:: Click Type: ClickType.ACTIONCHAINS
2025-12-11 10:43:10,884-DEBUG-root-17288::webapp_internal::fill_grid|6486:: Trying to select cell in grid!
2025-12-11 10:43:10,887-DEBUG-root-17288::base::click|192:: Click Type: ClickType.ACTIONCHAINS
2025-12-11 10:43:11,173-DEBUG-root-17288::webapp_internal::fill_grid|6486:: Trying to select cell in grid!
2025-12-11 10:43:11,175-DEBUG-root-17288::base::click|192:: Click Type: ClickType.ACTIONCHAINS
2025-12-11 10:43:11,455-DEBUG-root-17288::webapp_internal::fill_grid|6486:: Trying to select cell in grid!
2025-12-11 10:43:11,457-DEBUG-root-17288::base::click|192:: Click Type: ClickType.ACTIONCHAINS
2025-12-11 10:43:11,720-DEBUG-root-17288::webapp_internal::fill_grid|6486:: Trying to select cell in grid!
2025-12-11 10:43:11,722-DEBUG-root-17288::base::click|192:: Click Type: ClickType.ACTIONCHAINS
2025-12-11 10:43:12,008-DEBUG-root-17288::webapp_internal::fill_grid|6486:: Trying to select cell in grid!
2025-12-11 10:43:12,012-DEBUG-root-17288::base::click|192:: Click Type: ClickType.ACTIONCHAINS
2025-12-11 10:43:12,307-DEBUG-root-17288::webapp_internal::fill_grid|6486:: Trying to select cell in grid!
2025-12-11 10:43:12,309-DEBUG-root-17288::base::click|192:: Click Type: ClickType.ACTIONCHAINS
2025-12-11 10:43:12,600-DEBUG-root-17288::webapp_internal::fill_grid|6486:: Trying to select cell in grid!
2025-12-11 10:43:12,602-DEBUG-root-17288::base::click|192:: Click Type: ClickType.ACTIONCHAINS
2025-12-11 10:43:12,894-DEBUG-root-17288::webapp_internal::fill_grid|6486:: Trying to select cell in grid!
2025-12-11 10:43:12,903-DEBUG-root-17288::base::click|192:: Click Type: ClickType.ACTIONCHAINS
2025-12-11 10:43:13,186-DEBUG-root-17288::webapp_internal::fill_grid|6486:: Trying to select cell in grid!
2025-12-11 10:43:13,188-DEBUG-root-17288::base::click|192:: Click Type: ClickType.ACTIONCHAINS
2025-12-11 10:43:13,453-DEBUG-root-17288::webapp_internal::fill_grid|6486:: Trying to select cell in grid!
2025-12-11 10:43:13,455-DEBUG-root-17288::base::click|192:: Click Type: ClickType.ACTIONCHAINS
2025-12-11 10:43:13,745-DEBUG-root-17288::webapp_internal::fill_grid|6486:: Trying to select cell in grid!
2025-12-11 10:43:13,750-DEBUG-root-17288::base::click|192:: Click Type: ClickType.ACTIONCHAINS
2025-12-11 10:43:14,038-DEBUG-root-17288::webapp_internal::fill_grid|6486:: Trying to select cell in grid!
2025-12-11 10:43:14,041-DEBUG-root-17288::base::click|192:: Click Type: ClickType.ACTIONCHAINS
2025-12-11 10:43:14,303-DEBUG-root-17288::webapp_internal::fill_grid|6486:: Trying to select cell in grid!
2025-12-11 10:43:14,305-DEBUG-root-17288::base::click|192:: Click Type: ClickType.ACTIONCHAINS
2025-12-11 10:43:14,593-DEBUG-root-17288::webapp_internal::fill_grid|6486:: Trying to select cell in grid!
2025-12-11 10:43:14,595-DEBUG-root-17288::base::click|192:: Click Type: ClickType.ACTIONCHAINS
2025-12-11 10:43:14,894-DEBUG-root-17288::webapp_internal::fill_grid|6486:: Trying to select cell in grid!
2025-12-11 10:43:14,901-DEBUG-root-17288::base::click|192:: Click Type: ClickType.ACTIONCHAINS
2025-12-11 10:43:15,190-DEBUG-root-17288::webapp_internal::fill_grid|6486:: Trying to select cell in grid!
2025-12-11 10:43:15,193-DEBUG-root-17288::base::click|192:: Click Type: ClickType.ACTIONCHAINS
2025-12-11 10:43:15,477-DEBUG-root-17288::webapp_internal::fill_grid|6486:: Trying to select cell in grid!
2025-12-11 10:43:15,484-DEBUG-root-17288::base::click|192:: Click Type: ClickType.ACTIONCHAINS
2025-12-11 10:43:15,773-DEBUG-root-17288::webapp_internal::fill_grid|6486:: Trying to select cell in grid!
2025-12-11 10:43:15,775-DEBUG-root-17288::base::click|192:: Click Type: ClickType.ACTIONCHAINS
2025-12-11 10:43:16,070-DEBUG-root-17288::webapp_internal::fill_grid|6486:: Trying to select cell in grid!
2025-12-11 10:43:16,072-DEBUG-root-17288::base::click|192:: Click Type: ClickType.ACTIONCHAINS
2025-12-11 10:43:16,360-DEBUG-root-17288::webapp_internal::fill_grid|6486:: Trying to select cell in grid!
2025-12-11 10:43:16,367-DEBUG-root-17288::base::click|192:: Click Type: ClickType.ACTIONCHAINS
2025-12-11 10:43:16,658-DEBUG-root-17288::webapp_internal::fill_grid|6486:: Trying to select cell in grid!
2025-12-11 10:43:16,660-DEBUG-root-17288::base::click|192:: Click Type: ClickType.ACTIONCHAINS
2025-12-11 10:43:16,956-DEBUG-root-17288::webapp_internal::fill_grid|6486:: Trying to select cell in grid!
2025-12-11 10:43:16,958-DEBUG-root-17288::base::click|192:: Click Type: ClickType.ACTIONCHAINS
2025-12-11 10:43:17,253-DEBUG-root-17288::webapp_internal::fill_grid|6486:: Trying to select cell in grid!
2025-12-11 10:43:17,255-DEBUG-root-17288::base::click|192:: Click Type: ClickType.ACTIONCHAINS
2025-12-11 10:43:17,544-DEBUG-root-17288::webapp_internal::fill_grid|6486:: Trying to select cell in grid!
2025-12-11 10:43:17,550-DEBUG-root-17288::base::click|192:: Click Type: ClickType.ACTIONCHAINS
2025-12-11 10:43:17,839-DEBUG-root-17288::webapp_internal::fill_grid|6486:: Trying to select cell in grid!
2025-12-11 10:43:17,841-DEBUG-root-17288::base::click|192:: Click Type: ClickType.ACTIONCHAINS
2025-12-11 10:43:18,129-DEBUG-root-17288::webapp_internal::fill_grid|6486:: Trying to select cell in grid!
2025-12-11 10:43:18,134-DEBUG-root-17288::base::click|192:: Click Type: ClickType.ACTIONCHAINS
2025-12-11 10:43:18,422-DEBUG-root-17288::webapp_internal::fill_grid|6486:: Trying to select cell in grid!
2025-12-11 10:43:18,424-DEBUG-root-17288::base::click|192:: Click Type: ClickType.ACTIONCHAINS
2025-12-11 10:43:18,716-DEBUG-root-17288::webapp_internal::fill_grid|6486:: Trying to select cell in grid!
2025-12-11 10:43:18,719-DEBUG-root-17288::base::click|192:: Click Type: ClickType.ACTIONCHAINS
2025-12-11 10:43:19,008-DEBUG-root-17288::webapp_internal::fill_grid|6486:: Trying to select cell in grid!
2025-12-11 10:43:19,011-DEBUG-root-17288::base::click|192:: Click Type: ClickType.ACTIONCHAINS
2025-12-11 10:43:19,308-DEBUG-root-17288::webapp_internal::fill_grid|6486:: Trying to select cell in grid!
2025-12-11 10:43:19,316-DEBUG-root-17288::base::click|192:: Click Type: ClickType.ACTIONCHAINS
2025-12-11 10:43:19,612-DEBUG-root-17288::webapp_internal::fill_grid|6486:: Trying to select cell in grid!
2025-12-11 10:43:19,617-DEBUG-root-17288::base::click|192:: Click Type: ClickType.ACTIONCHAINS
2025-12-11 10:43:19,907-DEBUG-root-17288::webapp_internal::fill_grid|6486:: Trying to select cell in grid!
2025-12-11 10:43:19,910-DEBUG-root-17288::base::click|192:: Click Type: ClickType.ACTIONCHAINS
2025-12-11 10:43:20,201-DEBUG-root-17288::webapp_internal::fill_grid|6486:: Trying to select cell in grid!
2025-12-11 10:43:20,203-DEBUG-root-17288::base::click|192:: Click Type: ClickType.ACTIONCHAINS
2025-12-11 10:43:20,502-DEBUG-root-17288::webapp_internal::fill_grid|6486:: Trying to select cell in grid!
2025-12-11 10:43:20,508-DEBUG-root-17288::base::click|192:: Click Type: ClickType.ACTIONCHAINS
2025-12-11 10:43:20,778-DEBUG-root-17288::webapp_internal::fill_grid|6486:: Trying to select cell in grid!
2025-12-11 10:43:20,784-DEBUG-root-17288::base::click|192:: Click Type: ClickType.ACTIONCHAINS
2025-12-11 10:43:21,075-DEBUG-root-17288::webapp_internal::fill_grid|6486:: Trying to select cell in grid!
2025-12-11 10:43:21,077-DEBUG-root-17288::base::click|192:: Click Type: ClickType.ACTIONCHAINS
2025-12-11 10:43:21,373-DEBUG-root-17288::webapp_internal::fill_grid|6486:: Trying to select cell in grid!
2025-12-11 10:43:21,375-DEBUG-root-17288::base::click|192:: Click Type: ClickType.ACTIONCHAINS
2025-12-11 10:43:21,645-DEBUG-root-17288::webapp_internal::fill_grid|6486:: Trying to select cell in grid!
2025-12-11 10:43:21,652-DEBUG-root-17288::base::click|192:: Click Type: ClickType.ACTIONCHAINS
2025-12-11 10:43:21,945-DEBUG-root-17288::webapp_internal::fill_grid|6486:: Trying to select cell in grid!
2025-12-11 10:43:21,950-DEBUG-root-17288::base::click|192:: Click Type: ClickType.ACTIONCHAINS
2025-12-11 10:43:22,240-DEBUG-root-17288::webapp_internal::fill_grid|6486:: Trying to select cell in grid!
2025-12-11 10:43:22,242-DEBUG-root-17288::base::click|192:: Click Type: ClickType.ACTIONCHAINS
2025-12-11 10:43:22,521-DEBUG-root-17288::webapp_internal::fill_grid|6486:: Trying to select cell in grid!
2025-12-11 10:43:22,523-DEBUG-root-17288::base::click|192:: Click Type: ClickType.ACTIONCHAINS
2025-12-11 10:43:22,810-DEBUG-root-17288::webapp_internal::fill_grid|6486:: Trying to select cell in grid!
2025-12-11 10:43:22,817-DEBUG-root-17288::base::click|192:: Click Type: ClickType.ACTIONCHAINS
2025-12-11 10:43:23,106-DEBUG-root-17288::webapp_internal::fill_grid|6486:: Trying to select cell in grid!
2025-12-11 10:43:23,107-DEBUG-root-17288::base::click|192:: Click Type: ClickType.ACTIONCHAINS
2025-12-11 10:43:23,403-DEBUG-root-17288::webapp_internal::fill_grid|6486:: Trying to select cell in grid!
2025-12-11 10:43:23,405-DEBUG-root-17288::base::click|192:: Click Type: ClickType.ACTIONCHAINS
2025-12-11 10:43:23,693-DEBUG-root-17288::webapp_internal::fill_grid|6486:: Trying to select cell in grid!
2025-12-11 10:43:23,695-DEBUG-root-17288::base::click|192:: Click Type: ClickType.ACTIONCHAINS
2025-12-11 10:43:23,990-DEBUG-root-17288::webapp_internal::fill_grid|6486:: Trying to select cell in grid!
2025-12-11 10:43:23,992-DEBUG-root-17288::base::click|192:: Click Type: ClickType.ACTIONCHAINS
2025-12-11 10:43:24,272-DEBUG-root-17288::webapp_internal::fill_grid|6486:: Trying to select cell in grid!
2025-12-11 10:43:24,273-DEBUG-root-17288::base::click|192:: Click Type: ClickType.ACTIONCHAINS
2025-12-11 10:43:24,537-DEBUG-root-17288::webapp_internal::fill_grid|6486:: Trying to select cell in grid!
2025-12-11 10:43:24,540-DEBUG-root-17288::base::click|192:: Click Type: ClickType.ACTIONCHAINS
2025-12-11 10:43:24,805-DEBUG-root-17288::webapp_internal::fill_grid|6486:: Trying to select cell in grid!
2025-12-11 10:43:24,806-DEBUG-root-17288::base::click|192:: Click Type: ClickType.ACTIONCHAINS
2025-12-11 10:43:25,100-DEBUG-root-17288::webapp_internal::fill_grid|6486:: Trying to select cell in grid!
2025-12-11 10:43:25,103-DEBUG-root-17288::base::click|192:: Click Type: ClickType.ACTIONCHAINS
2025-12-11 10:43:25,392-DEBUG-root-17288::webapp_internal::fill_grid|6486:: Trying to select cell in grid!
2025-12-11 10:43:25,394-DEBUG-root-17288::base::click|192:: Click Type: ClickType.ACTIONCHAINS
2025-12-11 10:43:25,687-DEBUG-root-17288::webapp_internal::fill_grid|6486:: Trying to select cell in grid!
2025-12-11 10:43:25,689-DEBUG-root-17288::base::click|192:: Click Type: ClickType.ACTIONCHAINS
2025-12-11 10:43:25,975-DEBUG-root-17288::webapp_internal::fill_grid|6486:: Trying to select cell in grid!
2025-12-11 10:43:25,977-DEBUG-root-17288::base::click|192:: Click Type: ClickType.ACTIONCHAINS
2025-12-11 10:43:26,272-DEBUG-root-17288::webapp_internal::fill_grid|6486:: Trying to select cell in grid!
2025-12-11 10:43:26,274-DEBUG-root-17288::base::click|192:: Click Type: ClickType.ACTIONCHAINS
2025-12-11 10:43:26,537-DEBUG-root-17288::webapp_internal::fill_grid|6486:: Trying to select cell in grid!
2025-12-11 10:43:26,539-DEBUG-root-17288::base::click|192:: Click Type: ClickType.ACTIONCHAINS
2025-12-11 10:43:26,828-DEBUG-root-17288::webapp_internal::fill_grid|6486:: Trying to select cell in grid!
2025-12-11 10:43:26,833-DEBUG-root-17288::base::click|192:: Click Type: ClickType.ACTIONCHAINS
2025-12-11 10:43:27,126-DEBUG-root-17288::webapp_internal::fill_grid|6486:: Trying to select cell in grid!
2025-12-11 10:43:27,129-DEBUG-root-17288::base::click|192:: Click Type: ClickType.ACTIONCHAINS
2025-12-11 10:43:27,425-DEBUG-root-17288::webapp_internal::fill_grid|6486:: Trying to select cell in grid!
2025-12-11 10:43:27,427-DEBUG-root-17288::base::click|192:: Click Type: ClickType.ACTIONCHAINS
2025-12-11 10:43:27,720-DEBUG-root-17288::webapp_internal::fill_grid|6486:: Trying to select cell in grid!
2025-12-11 10:43:27,722-DEBUG-root-17288::base::click|192:: Click Type: ClickType.ACTIONCHAINS
2025-12-11 10:43:28,008-DEBUG-root-17288::webapp_internal::fill_grid|6486:: Trying to select cell in grid!
2025-12-11 10:43:28,011-DEBUG-root-17288::base::click|192:: Click Type: ClickType.ACTIONCHAINS
2025-12-11 10:43:28,285-DEBUG-root-17288::webapp_internal::fill_grid|6486:: Trying to select cell in grid!
2025-12-11 10:43:28,288-DEBUG-root-17288::base::click|192:: Click Type: ClickType.ACTIONCHAINS
2025-12-11 10:43:28,593-DEBUG-root-17288::webapp_internal::fill_grid|6486:: Trying to select cell in grid!
2025-12-11 10:43:28,600-DEBUG-root-17288::base::click|192:: Click Type: ClickType.ACTIONCHAINS
2025-12-11 10:43:28,888-DEBUG-root-17288::webapp_internal::fill_grid|6486:: Trying to select cell in grid!
2025-12-11 10:43:28,892-DEBUG-root-17288::base::click|192:: Click Type: ClickType.ACTIONCHAINS
2025-12-11 10:43:34,256-DEBUG-root-17288::webapp_internal::fill_grid|6498:: Trying open cell in grid!
2025-12-11 10:43:34,555-DEBUG-root-17288::webapp_internal::wait_blocker|2444:: Waiting blocker to continue...
2025-12-11 10:43:34,754-DEBUG-root-17288::webapp_internal::wait_blocker|2469:: Blocker status: False
2025-12-11 10:43:34,984-DEBUG-root-17288::webapp_internal::wait_element_timeout|7726:: Element found! Waiting for element to be displayed.
2025-12-11 10:43:35,488-DEBUG-root-17288::webapp_internal::fill_grid|6577:: Sending keys: 227884
2025-12-11 10:43:35,794-DEBUG-root-17288::webapp_internal::wait_blocker|2444:: Waiting blocker to continue...
2025-12-11 10:43:36,021-DEBUG-root-17288::webapp_internal::wait_blocker|2469:: Blocker status: False
2025-12-11 10:43:36,202-DEBUG-root-17288::webapp_internal::wait_element_timeout|7726:: Element found! Waiting for element to be displayed.
2025-12-11 10:43:36,634-INFO-root-17288::webapp_internal::ClickFolder|5081:: Clicking on folder: Transporte
2025-12-11 10:43:36,635-DEBUG-root-17288::webapp_internal::wait_blocker|2444:: Waiting blocker to continue...
2025-12-11 10:43:36,858-DEBUG-root-17288::webapp_internal::wait_blocker|2469:: Blocker status: False
2025-12-11 10:43:36,893-DEBUG-root-17288::webapp_internal::wait_element|7623:: Waiting for element
2025-12-11 10:43:37,234-DEBUG-root-17288::webapp_internal::wait_element|7653:: Element found! Waiting for element to be displayed.
2025-12-11 10:43:38,894-DEBUG-root-17288::webapp_internal::wait_blocker|2444:: Waiting blocker to continue...
2025-12-11 10:43:39,109-DEBUG-root-17288::webapp_internal::wait_blocker|2469:: Blocker status: False
2025-12-11 10:43:39,110-INFO-root-17288::webapp_internal::SetKey|5822:: Key pressed: TAB
2025-12-11 10:43:39,110-DEBUG-root-17288::webapp_internal::SetKey|5857:: Trying press key
2025-12-11 10:43:39,111-DEBUG-root-17288::webapp_internal::wait_element|7623:: Waiting for element
2025-12-11 10:43:39,270-DEBUG-root-17288::webapp_internal::wait_element|7653:: Element found! Waiting for element to be displayed.
2025-12-11 10:43:39,612-DEBUG-root-17288::webapp_internal::wait_blocker|2444:: Waiting blocker to continue...
2025-12-11 10:43:39,785-DEBUG-root-17288::webapp_internal::wait_blocker|2469:: Blocker status: False
2025-12-11 10:43:39,785-INFO-root-17288::webapp_internal::LoadGrid|6298:: Filling grid field: Tipo
2025-12-11 10:43:39,785-DEBUG-root-17288::webapp_internal::fill_grid|6399:: Grid loading...
2025-12-11 10:43:40,191-DEBUG-root-17288::webapp_internal::fill_grid|6466:: Column found!
2025-12-11 10:43:40,254-DEBUG-root-17288::base::click|192:: Click Type: ClickType.ACTIONCHAINS
2025-12-11 10:43:45,660-DEBUG-root-17288::webapp_internal::fill_grid|6498:: Trying open cell in grid!
2025-12-11 10:43:45,952-DEBUG-root-17288::webapp_internal::wait_blocker|2444:: Waiting blocker to continue...
2025-12-11 10:43:46,146-DEBUG-root-17288::webapp_internal::wait_blocker|2469:: Blocker status: False
2025-12-11 10:43:46,362-DEBUG-root-17288::webapp_internal::wait_element_timeout|7726:: Element found! Waiting for element to be displayed.
2025-12-11 10:43:47,862-INFO-root-17288::base::select_combo|871:: Selected value for combo is: 1 - Aereo
2025-12-11 10:43:48,124-DEBUG-root-17288::webapp_internal::wait_blocker|2444:: Waiting blocker to continue...
2025-12-11 10:43:48,285-DEBUG-root-17288::webapp_internal::wait_blocker|2469:: Blocker status: False
2025-12-11 10:43:48,343-DEBUG-root-17288::webapp_internal::wait_blocker|2444:: Waiting blocker to continue...
2025-12-11 10:43:48,525-DEBUG-root-17288::webapp_internal::wait_blocker|2469:: Blocker status: False
2025-12-11 10:43:48,525-DEBUG-root-17288::webapp_internal::send_action|10480:: Trying to send action
2025-12-11 10:43:49,569-DEBUG-root-17288::webapp_internal::send_action|10522:: send_action method result = True
2025-12-11 10:43:49,569-DEBUG-root-17288::webapp_internal::send_action|10523:: send_action selenium status: False
2025-12-11 10:43:49,569-DEBUG-root-17288::webapp_internal::wait_blocker|2444:: Waiting blocker to continue...
2025-12-11 10:43:49,728-DEBUG-root-17288::webapp_internal::wait_blocker|2469:: Blocker status: False
2025-12-11 10:43:49,729-INFO-root-17288::webapp_internal::SetKey|5822:: Key pressed: TAB
2025-12-11 10:43:49,729-DEBUG-root-17288::webapp_internal::SetKey|5857:: Trying press key
2025-12-11 10:43:49,729-DEBUG-root-17288::webapp_internal::wait_element|7623:: Waiting for element
2025-12-11 10:43:49,847-DEBUG-root-17288::webapp_internal::wait_element|7653:: Element found! Waiting for element to be displayed.
2025-12-11 10:43:50,234-DEBUG-root-17288::webapp_internal::wait_blocker|2444:: Waiting blocker to continue...
2025-12-11 10:43:50,377-DEBUG-root-17288::webapp_internal::wait_blocker|2469:: Blocker status: False
2025-12-11 10:43:50,377-INFO-root-17288::webapp_internal::LoadGrid|6298:: Filling grid field: Partida
2025-12-11 10:43:50,378-DEBUG-root-17288::webapp_internal::fill_grid|6399:: Grid loading...
2025-12-11 10:43:50,776-DEBUG-root-17288::webapp_internal::fill_grid|6466:: Column found!
2025-12-11 10:43:50,816-DEBUG-root-17288::base::click|192:: Click Type: ClickType.ACTIONCHAINS
2025-12-11 10:43:56,334-DEBUG-root-17288::webapp_internal::fill_grid|6498:: Trying open cell in grid!
2025-12-11 10:43:56,625-DEBUG-root-17288::webapp_internal::wait_blocker|2444:: Waiting blocker to continue...
2025-12-11 10:43:56,871-DEBUG-root-17288::webapp_internal::wait_blocker|2469:: Blocker status: False
2025-12-11 10:43:57,073-DEBUG-root-17288::webapp_internal::wait_element_timeout|7726:: Element found! Waiting for element to be displayed.
2025-12-11 10:43:57,596-DEBUG-root-17288::webapp_internal::fill_grid|6577:: Sending keys: 05/01/2026
2025-12-11 10:43:57,888-DEBUG-root-17288::webapp_internal::wait_blocker|2444:: Waiting blocker to continue...
2025-12-11 10:43:58,125-DEBUG-root-17288::webapp_internal::wait_blocker|2469:: Blocker status: False
2025-12-11 10:44:03,776-DEBUG-root-17288::webapp_internal::wait_blocker|2444:: Waiting blocker to continue...
2025-12-11 10:44:03,916-DEBUG-root-17288::webapp_internal::wait_blocker|2469:: Blocker status: False
2025-12-11 10:44:03,961-DEBUG-root-17288::webapp_internal::wait_blocker|2444:: Waiting blocker to continue...
2025-12-11 10:44:04,105-DEBUG-root-17288::webapp_internal::wait_blocker|2469:: Blocker status: False
2025-12-11 10:44:04,106-DEBUG-root-17288::webapp_internal::send_action|10480:: Trying to send action
2025-12-11 10:44:05,152-DEBUG-root-17288::webapp_internal::send_action|10522:: send_action method result = True
2025-12-11 10:44:05,153-DEBUG-root-17288::webapp_internal::send_action|10523:: send_action selenium status: False
2025-12-11 10:44:05,153-DEBUG-root-17288::webapp_internal::wait_blocker|2444:: Waiting blocker to continue...
2025-12-11 10:44:05,339-DEBUG-root-17288::webapp_internal::wait_blocker|2469:: Blocker status: False
2025-12-11 10:44:05,339-INFO-root-17288::webapp_internal::SetKey|5822:: Key pressed: TAB
2025-12-11 10:44:05,339-DEBUG-root-17288::webapp_internal::SetKey|5857:: Trying press key
2025-12-11 10:44:05,340-DEBUG-root-17288::webapp_internal::wait_element|7623:: Waiting for element
2025-12-11 10:44:05,453-DEBUG-root-17288::webapp_internal::wait_element|7653:: Element found! Waiting for element to be displayed.
2025-12-11 10:44:05,783-DEBUG-root-17288::webapp_internal::wait_blocker|2444:: Waiting blocker to continue...
2025-12-11 10:44:05,967-DEBUG-root-17288::webapp_internal::wait_blocker|2469:: Blocker status: False
2025-12-11 10:44:05,967-INFO-root-17288::webapp_internal::LoadGrid|6298:: Filling grid field: Hora Partida
2025-12-11 10:44:05,968-DEBUG-root-17288::webapp_internal::fill_grid|6399:: Grid loading...
2025-12-11 10:44:06,384-DEBUG-root-17288::webapp_internal::fill_grid|6466:: Column found!
2025-12-11 10:44:06,450-DEBUG-root-17288::base::click|192:: Click Type: ClickType.ACTIONCHAINS
2025-12-11 10:44:11,926-DEBUG-root-17288::webapp_internal::fill_grid|6498:: Trying open cell in grid!
2025-12-11 10:44:12,212-DEBUG-root-17288::webapp_internal::wait_blocker|2444:: Waiting blocker to continue...
2025-12-11 10:44:12,425-DEBUG-root-17288::webapp_internal::wait_blocker|2469:: Blocker status: False
2025-12-11 10:44:12,619-DEBUG-root-17288::webapp_internal::wait_element_timeout|7726:: Element found! Waiting for element to be displayed.
2025-12-11 10:44:13,160-DEBUG-root-17288::webapp_internal::fill_grid|6577:: Sending keys: 08:00
2025-12-11 10:44:13,454-DEBUG-root-17288::webapp_internal::wait_blocker|2444:: Waiting blocker to continue...
2025-12-11 10:44:13,693-DEBUG-root-17288::webapp_internal::wait_blocker|2469:: Blocker status: False
2025-12-11 10:44:19,292-DEBUG-root-17288::webapp_internal::wait_blocker|2444:: Waiting blocker to continue...
2025-12-11 10:44:19,553-DEBUG-root-17288::webapp_internal::wait_blocker|2469:: Blocker status: False
2025-12-11 10:44:19,595-DEBUG-root-17288::webapp_internal::wait_blocker|2444:: Waiting blocker to continue...
2025-12-11 10:44:19,795-DEBUG-root-17288::webapp_internal::wait_blocker|2469:: Blocker status: False
2025-12-11 10:44:19,798-DEBUG-root-17288::webapp_internal::send_action|10480:: Trying to send action
2025-12-11 10:44:20,842-DEBUG-root-17288::webapp_internal::send_action|10522:: send_action method result = True
2025-12-11 10:44:20,843-DEBUG-root-17288::webapp_internal::send_action|10523:: send_action selenium status: False
2025-12-11 10:44:20,843-DEBUG-root-17288::webapp_internal::wait_blocker|2444:: Waiting blocker to continue...
2025-12-11 10:44:21,038-DEBUG-root-17288::webapp_internal::wait_blocker|2469:: Blocker status: False
2025-12-11 10:44:21,038-INFO-root-17288::webapp_internal::SetKey|5822:: Key pressed: TAB
2025-12-11 10:44:21,038-DEBUG-root-17288::webapp_internal::SetKey|5857:: Trying press key
2025-12-11 10:44:21,038-DEBUG-root-17288::webapp_internal::wait_element|7623:: Waiting for element
2025-12-11 10:44:21,157-DEBUG-root-17288::webapp_internal::wait_element|7653:: Element found! Waiting for element to be displayed.
2025-12-11 10:44:21,504-DEBUG-root-17288::webapp_internal::wait_blocker|2444:: Waiting blocker to continue...
2025-12-11 10:44:21,685-DEBUG-root-17288::webapp_internal::wait_blocker|2469:: Blocker status: False
2025-12-11 10:44:21,685-INFO-root-17288::webapp_internal::LoadGrid|6298:: Filling grid field: Origem
2025-12-11 10:44:21,686-DEBUG-root-17288::webapp_internal::fill_grid|6399:: Grid loading...
2025-12-11 10:44:22,109-DEBUG-root-17288::webapp_internal::fill_grid|6466:: Column found!
2025-12-11 10:44:22,151-DEBUG-root-17288::base::click|192:: Click Type: ClickType.ACTIONCHAINS
2025-12-11 10:44:27,640-DEBUG-root-17288::webapp_internal::fill_grid|6498:: Trying open cell in grid!
2025-12-11 10:44:27,940-DEBUG-root-17288::webapp_internal::wait_blocker|2444:: Waiting blocker to continue...
2025-12-11 10:44:28,122-DEBUG-root-17288::webapp_internal::wait_blocker|2469:: Blocker status: False
2025-12-11 10:44:28,339-DEBUG-root-17288::webapp_internal::wait_element_timeout|7726:: Element found! Waiting for element to be displayed.
2025-12-11 10:44:28,838-DEBUG-root-17288::webapp_internal::fill_grid|6577:: Sending keys: DF00108
2025-12-11 10:44:29,141-DEBUG-root-17288::webapp_internal::wait_blocker|2444:: Waiting blocker to continue...
2025-12-11 10:44:29,339-DEBUG-root-17288::webapp_internal::wait_blocker|2469:: Blocker status: False
2025-12-11 10:44:29,569-DEBUG-root-17288::webapp_internal::wait_element_timeout|7726:: Element found! Waiting for element to be displayed.
2025-12-11 10:44:30,242-DEBUG-root-17288::webapp_internal::wait_blocker|2444:: Waiting blocker to continue...
2025-12-11 10:44:30,450-DEBUG-root-17288::webapp_internal::wait_blocker|2469:: Blocker status: False
2025-12-11 10:44:30,518-DEBUG-root-17288::webapp_internal::wait_blocker|2444:: Waiting blocker to continue...
2025-12-11 10:44:30,733-DEBUG-root-17288::webapp_internal::wait_blocker|2469:: Blocker status: False
2025-12-11 10:44:30,734-DEBUG-root-17288::webapp_internal::send_action|10480:: Trying to send action
2025-12-11 10:44:31,799-DEBUG-root-17288::webapp_internal::send_action|10522:: send_action method result = True
2025-12-11 10:44:31,799-DEBUG-root-17288::webapp_internal::send_action|10523:: send_action selenium status: False
2025-12-11 10:44:31,800-DEBUG-root-17288::webapp_internal::wait_blocker|2444:: Waiting blocker to continue...
2025-12-11 10:44:32,068-DEBUG-root-17288::webapp_internal::wait_blocker|2469:: Blocker status: False
2025-12-11 10:44:32,068-INFO-root-17288::webapp_internal::SetKey|5822:: Key pressed: TAB
2025-12-11 10:44:32,068-DEBUG-root-17288::webapp_internal::SetKey|5857:: Trying press key
2025-12-11 10:44:32,069-DEBUG-root-17288::webapp_internal::wait_element|7623:: Waiting for element
2025-12-11 10:44:32,196-DEBUG-root-17288::webapp_internal::wait_element|7653:: Element found! Waiting for element to be displayed.
2025-12-11 10:44:32,539-DEBUG-root-17288::webapp_internal::wait_blocker|2444:: Waiting blocker to continue...
2025-12-11 10:44:32,767-DEBUG-root-17288::webapp_internal::wait_blocker|2469:: Blocker status: False
2025-12-11 10:44:32,767-INFO-root-17288::webapp_internal::LoadGrid|6298:: Filling grid field: Destino
2025-12-11 10:44:32,768-DEBUG-root-17288::webapp_internal::fill_grid|6399:: Grid loading...
2025-12-11 10:44:33,203-DEBUG-root-17288::webapp_internal::fill_grid|6466:: Column found!
2025-12-11 10:44:33,268-DEBUG-root-17288::base::click|192:: Click Type: ClickType.ACTIONCHAINS
2025-12-11 10:44:38,596-DEBUG-root-17288::webapp_internal::fill_grid|6498:: Trying open cell in grid!
2025-12-11 10:44:38,891-DEBUG-root-17288::webapp_internal::wait_blocker|2444:: Waiting blocker to continue...
2025-12-11 10:44:39,124-DEBUG-root-17288::webapp_internal::wait_blocker|2469:: Blocker status: False
2025-12-11 10:44:39,325-DEBUG-root-17288::webapp_internal::wait_element_timeout|7726:: Element found! Waiting for element to be displayed.
2025-12-11 10:44:39,844-DEBUG-root-17288::webapp_internal::fill_grid|6577:: Sending keys: GO08707
2025-12-11 10:44:40,155-DEBUG-root-17288::webapp_internal::wait_blocker|2444:: Waiting blocker to continue...
2025-12-11 10:44:40,344-DEBUG-root-17288::webapp_internal::wait_blocker|2469:: Blocker status: False
2025-12-11 10:44:40,535-DEBUG-root-17288::webapp_internal::wait_element_timeout|7726:: Element found! Waiting for element to be displayed.
2025-12-11 10:44:41,163-DEBUG-root-17288::webapp_internal::wait_blocker|2444:: Waiting blocker to continue...
2025-12-11 10:44:41,373-DEBUG-root-17288::webapp_internal::wait_blocker|2469:: Blocker status: False
2025-12-11 10:44:41,407-DEBUG-root-17288::webapp_internal::wait_blocker|2444:: Waiting blocker to continue...
2025-12-11 10:44:41,607-DEBUG-root-17288::webapp_internal::wait_blocker|2469:: Blocker status: False
2025-12-11 10:44:41,608-DEBUG-root-17288::webapp_internal::send_action|10480:: Trying to send action
2025-12-11 10:44:42,676-DEBUG-root-17288::webapp_internal::send_action|10522:: send_action method result = True
2025-12-11 10:44:42,677-DEBUG-root-17288::webapp_internal::send_action|10523:: send_action selenium status: False
2025-12-11 10:44:42,678-DEBUG-root-17288::webapp_internal::wait_blocker|2444:: Waiting blocker to continue...
2025-12-11 10:44:42,889-DEBUG-root-17288::webapp_internal::wait_blocker|2469:: Blocker status: False
2025-12-11 10:44:42,890-INFO-root-17288::webapp_internal::SetKey|5822:: Key pressed: TAB
2025-12-11 10:44:42,890-DEBUG-root-17288::webapp_internal::SetKey|5857:: Trying press key
2025-12-11 10:44:42,890-DEBUG-root-17288::webapp_internal::wait_element|7623:: Waiting for element
2025-12-11 10:44:43,012-DEBUG-root-17288::webapp_internal::wait_element|7653:: Element found! Waiting for element to be displayed.
2025-12-11 10:44:43,336-DEBUG-root-17288::webapp_internal::wait_blocker|2444:: Waiting blocker to continue...
2025-12-11 10:44:43,608-DEBUG-root-17288::webapp_internal::wait_blocker|2469:: Blocker status: False
2025-12-11 10:44:43,609-INFO-root-17288::webapp_internal::LoadGrid|6298:: Filling grid field: Chegada
2025-12-11 10:44:43,610-DEBUG-root-17288::webapp_internal::fill_grid|6399:: Grid loading...
2025-12-11 10:44:44,075-DEBUG-root-17288::webapp_internal::fill_grid|6466:: Column found!
2025-12-11 10:44:44,159-DEBUG-root-17288::base::click|192:: Click Type: ClickType.ACTIONCHAINS
2025-12-11 10:44:49,636-DEBUG-root-17288::webapp_internal::fill_grid|6498:: Trying open cell in grid!
2025-12-11 10:44:49,928-DEBUG-root-17288::webapp_internal::wait_blocker|2444:: Waiting blocker to continue...
2025-12-11 10:44:50,191-DEBUG-root-17288::webapp_internal::wait_blocker|2469:: Blocker status: False
2025-12-11 10:44:50,402-DEBUG-root-17288::webapp_internal::wait_element_timeout|7726:: Element found! Waiting for element to be displayed.
2025-12-11 10:44:50,926-DEBUG-root-17288::webapp_internal::fill_grid|6577:: Sending keys: 05/01/2026
2025-12-11 10:44:51,236-DEBUG-root-17288::webapp_internal::wait_blocker|2444:: Waiting blocker to continue...
2025-12-11 10:44:51,409-DEBUG-root-17288::webapp_internal::wait_blocker|2469:: Blocker status: False
2025-12-11 10:44:56,886-DEBUG-root-17288::webapp_internal::wait_blocker|2444:: Waiting blocker to continue...
2025-12-11 10:44:57,058-DEBUG-root-17288::webapp_internal::wait_blocker|2469:: Blocker status: False
2025-12-11 10:44:57,085-DEBUG-root-17288::webapp_internal::wait_blocker|2444:: Waiting blocker to continue...
2025-12-11 10:44:57,233-DEBUG-root-17288::webapp_internal::wait_blocker|2469:: Blocker status: False
2025-12-11 10:44:57,233-DEBUG-root-17288::webapp_internal::send_action|10480:: Trying to send action
2025-12-11 10:44:58,278-DEBUG-root-17288::webapp_internal::send_action|10522:: send_action method result = True
2025-12-11 10:44:58,279-DEBUG-root-17288::webapp_internal::send_action|10523:: send_action selenium status: False
2025-12-11 10:44:58,279-DEBUG-root-17288::webapp_internal::wait_element|7623:: Waiting for element
2025-12-11 10:44:58,393-DEBUG-root-17288::webapp_internal::wait_element|7653:: Element found! Waiting for element to be displayed.
2025-12-11 10:44:58,707-DEBUG-root-17288::webapp_internal::wait_blocker|2444:: Waiting blocker to continue...
2025-12-11 10:44:58,836-DEBUG-root-17288::webapp_internal::wait_blocker|2469:: Blocker status: False
2025-12-11 10:44:58,836-INFO-root-17288::webapp_internal::LoadGrid|6298:: Filling grid field: Hora Chegada
2025-12-11 10:44:58,836-DEBUG-root-17288::webapp_internal::fill_grid|6399:: Grid loading...
2025-12-11 10:44:59,234-DEBUG-root-17288::webapp_internal::fill_grid|6466:: Column found!
2025-12-11 10:44:59,272-DEBUG-root-17288::base::click|192:: Click Type: ClickType.ACTIONCHAINS
2025-12-11 10:45:04,662-DEBUG-root-17288::webapp_internal::fill_grid|6498:: Trying open cell in grid!
2025-12-11 10:45:04,959-DEBUG-root-17288::webapp_internal::wait_blocker|2444:: Waiting blocker to continue...
2025-12-11 10:45:05,144-DEBUG-root-17288::webapp_internal::wait_blocker|2469:: Blocker status: False
2025-12-11 10:45:05,333-DEBUG-root-17288::webapp_internal::wait_element_timeout|7726:: Element found! Waiting for element to be displayed.
2025-12-11 10:45:05,740-DEBUG-root-17288::webapp_internal::fill_grid|6577:: Sending keys: 12:00
2025-12-11 10:45:06,038-DEBUG-root-17288::webapp_internal::wait_blocker|2444:: Waiting blocker to continue...
2025-12-11 10:45:06,193-DEBUG-root-17288::webapp_internal::wait_blocker|2469:: Blocker status: False
2025-12-11 10:45:11,537-INFO-root-17288::webapp_internal::ClickFolder|5081:: Clicking on folder: Treinamento
2025-12-11 10:45:11,538-DEBUG-root-17288::webapp_internal::wait_blocker|2444:: Waiting blocker to continue...
2025-12-11 10:45:11,679-DEBUG-root-17288::webapp_internal::wait_blocker|2469:: Blocker status: False
2025-12-11 10:45:11,716-DEBUG-root-17288::webapp_internal::wait_element|7623:: Waiting for element
2025-12-11 10:45:12,042-DEBUG-root-17288::webapp_internal::wait_element|7653:: Element found! Waiting for element to be displayed.
2025-12-11 10:45:14,097-INFO-root-17288::webapp_internal::ClickFolder|5081:: Clicking on folder: Transporte
2025-12-11 10:45:14,097-DEBUG-root-17288::webapp_internal::wait_blocker|2444:: Waiting blocker to continue...
2025-12-11 10:45:14,224-DEBUG-root-17288::webapp_internal::wait_blocker|2469:: Blocker status: False
2025-12-11 10:45:14,260-DEBUG-root-17288::webapp_internal::wait_element|7623:: Waiting for element
2025-12-11 10:45:14,538-DEBUG-root-17288::webapp_internal::wait_element|7653:: Element found! Waiting for element to be displayed.
2025-12-11 10:45:16,093-DEBUG-root-17288::webapp_internal::wait_blocker|2444:: Waiting blocker to continue...
2025-12-11 10:45:16,235-DEBUG-root-17288::webapp_internal::wait_blocker|2469:: Blocker status: False
2025-12-11 10:45:16,235-DEBUG-root-17288::webapp_internal::wait_blocker|2444:: Waiting blocker to continue...
2025-12-11 10:45:16,370-DEBUG-root-17288::webapp_internal::wait_blocker|2469:: Blocker status: False
2025-12-11 10:45:16,371-INFO-root-17288::webapp_internal::SetKey|5822:: Key pressed: DOWN
2025-12-11 10:45:16,371-DEBUG-root-17288::webapp_internal::wait_blocker|2444:: Waiting blocker to continue...
2025-12-11 10:45:16,509-DEBUG-root-17288::webapp_internal::wait_blocker|2469:: Blocker status: False
2025-12-11 10:45:16,509-DEBUG-root-17288::webapp_internal::wait_blocker|2444:: Waiting blocker to continue...
2025-12-11 10:45:16,658-DEBUG-root-17288::webapp_internal::wait_blocker|2469:: Blocker status: False
2025-12-11 10:45:16,658-INFO-root-17288::webapp_internal::SetKey|5822:: Key pressed: TAB
2025-12-11 10:45:16,658-DEBUG-root-17288::webapp_internal::SetKey|5857:: Trying press key
2025-12-11 10:45:16,658-DEBUG-root-17288::webapp_internal::wait_element|7623:: Waiting for element
2025-12-11 10:45:16,762-DEBUG-root-17288::webapp_internal::wait_element|7653:: Element found! Waiting for element to be displayed.
2025-12-11 10:45:17,037-DEBUG-root-17288::webapp_internal::new_grid_line|7014:: New grid line
2025-12-11 10:45:18,568-DEBUG-root-17288::webapp_internal::wait_blocker|2444:: Waiting blocker to continue...
2025-12-11 10:45:18,707-DEBUG-root-17288::webapp_internal::wait_blocker|2469:: Blocker status: False
2025-12-11 10:45:18,707-INFO-root-17288::webapp_internal::LoadGrid|6298:: Filling grid field: Tipo
2025-12-11 10:45:18,707-DEBUG-root-17288::webapp_internal::fill_grid|6399:: Grid loading...
2025-12-11 10:45:18,943-DEBUG-root-17288::webapp_internal::fill_grid|6466:: Column found!
2025-12-11 10:45:18,986-DEBUG-root-17288::base::click|192:: Click Type: ClickType.ACTIONCHAINS
2025-12-11 10:45:24,368-DEBUG-root-17288::webapp_internal::fill_grid|6498:: Trying open cell in grid!
2025-12-11 10:45:24,638-DEBUG-root-17288::webapp_internal::wait_blocker|2444:: Waiting blocker to continue...
2025-12-11 10:45:24,793-DEBUG-root-17288::webapp_internal::wait_blocker|2469:: Blocker status: False
2025-12-11 10:45:24,984-DEBUG-root-17288::webapp_internal::wait_element_timeout|7726:: Element found! Waiting for element to be displayed.
2025-12-11 10:45:25,260-INFO-root-17288::webapp_internal::LoadGrid|6304:: Checking grid field value: Item
2025-12-11 10:45:52,482-WARNING-root-17288::webapp_internal::log_error|8143:: Warning log_error SetKey - Screen is not load: Message: WebDriver session does not exist, or is not active
Stacktrace:
RemoteError@chrome://remote/content/shared/RemoteError.sys.mjs:8:8
WebDriverError@chrome://remote/content/shared/webdriver/Errors.sys.mjs:202:5
InvalidSessionIDError@chrome://remote/content/shared/webdriver/Errors.sys.mjs:472:5
assert.that/<@chrome://remote/content/shared/webdriver/Assert.sys.mjs:581:13
assert.session@chrome://remote/content/shared/webdriver/Assert.sys.mjs:38:4
dispatch@chrome://remote/content/marionette/server.sys.mjs:315:19
execute@chrome://remote/content/marionette/server.sys.mjs:289:16
onPacket/<@chrome://remote/content/marionette/server.sys.mjs:262:20
onPacket@chrome://remote/content/marionette/server.sys.mjs:263:9
_onJSONObjectReady/<@chrome://remote/content/marionette/transport.sys.mjs:494:20

2025-12-11 10:45:52,483-DEBUG-root-17288::webapp_internal::log_error|8146:: ***System Info*** in log_error():
2025-12-11 10:45:52,484-DEBUG-root-17288::psutil_info::system_info|5:: CPU USAGE: 9.7%
2025-12-11 10:45:52,486-DEBUG-root-17288::psutil_info::system_info|6:: MEMORY USAGE: 89.4%
2025-12-11 10:45:52,487-DEBUG-root-17288::psutil_info::system_info|7:: MEMORY AVAILABLE: 10.64%
2025-12-11 10:45:52,530-DEBUG-root-17288::log::take_screenshot_log|612:: take_screenshot_log in:2025-12-11 10:45:52.530049

2025-12-11 10:45:53,049-ERROR-root-17288::log::take_screenshot_log|629:: Warning Log Error save_screenshot exception Message: Failed to decode response from marionette
Traceback (most recent call last):
  File "C:\TIR_TESTE\venv\Lib\site-packages\tir\technologies\webapp_internal.py", line 5861, in SetKey
    self.LoadGrid()
  File "C:\TIR_TESTE\venv\Lib\site-packages\tir\technologies\webapp_internal.py", line 6305, in LoadGrid
    self.check_grid(field, x3_dictionaries, position=field[4])
  File "C:\TIR_TESTE\venv\Lib\site-packages\tir\technologies\webapp_internal.py", line 6819, in check_grid
    headers = self.get_headers_from_grids(grids, column_name=field[1], position=position)
              ^^^^^^^^^^^^^^^^^^^^^^^^^^^^^^^^^^^^^^^^^^^^^^^^^^^^^^^^^^^^^^^^^^^^^^^^^^^
  File "C:\TIR_TESTE\venv\Lib\site-packages\tir\technologies\webapp_internal.py", line 7482, in get_headers_from_grids
    keys = list(map(lambda x: x.text.strip().lower(), labels))
           ^^^^^^^^^^^^^^^^^^^^^^^^^^^^^^^^^^^^^^^^^^^^^^^^^^^
  File "C:\TIR_TESTE\venv\Lib\site-packages\tir\technologies\webapp_internal.py", line 7482, in <lambda>
    keys = list(map(lambda x: x.text.strip().lower(), labels))
                              ^^^^^^
  File "C:\TIR_TESTE\venv\Lib\site-packages\selenium\webdriver\remote\webelement.py", line 90, in text
    return self._execute(Command.GET_ELEMENT_TEXT)["value"]
           ^^^^^^^^^^^^^^^^^^^^^^^^^^^^^^^^^^^^^^^
  File "C:\TIR_TESTE\venv\Lib\site-packages\selenium\webdriver\remote\webelement.py", line 395, in _execute
    return self._parent.execute(command, params)
           ^^^^^^^^^^^^^^^^^^^^^^^^^^^^^^^^^^^^^
  File "C:\TIR_TESTE\venv\Lib\site-packages\selenium\webdriver\remote\webdriver.py", line 347, in execute
    self.error_handler.check_response(response)
  File "C:\TIR_TESTE\venv\Lib\site-packages\selenium\webdriver\remote\errorhandler.py", line 229, in check_response
    raise exception_class(message, screen, stacktrace)
selenium.common.exceptions.InvalidSessionIdException: Message: WebDriver session does not exist, or is not active
Stacktrace:
RemoteError@chrome://remote/content/shared/RemoteError.sys.mjs:8:8
WebDriverError@chrome://remote/content/shared/webdriver/Errors.sys.mjs:202:5
InvalidSessionIDError@chrome://remote/content/shared/webdriver/Errors.sys.mjs:472:5
assert.that/<@chrome://remote/content/shared/webdriver/Assert.sys.mjs:581:13
assert.session@chrome://remote/content/shared/webdriver/Assert.sys.mjs:38:4
dispatch@chrome://remote/content/marionette/server.sys.mjs:315:19
execute@chrome://remote/content/marionette/server.sys.mjs:289:16
onPacket/<@chrome://remote/content/marionette/server.sys.mjs:262:20
onPacket@chrome://remote/content/marionette/server.sys.mjs:263:9
_onJSONObjectReady/<@chrome://remote/content/marionette/transport.sys.mjs:494:20


During handling of the above exception, another exception occurred:

Traceback (most recent call last):
  File "C:\TIR_TESTE\venv\Lib\site-packages\tir\technologies\core\log.py", line 626, in take_screenshot_log
    driver.save_screenshot(str(path))
  File "C:\TIR_TESTE\venv\Lib\site-packages\selenium\webdriver\remote\webdriver.py", line 822, in save_screenshot
    return self.get_screenshot_as_file(filename)
           ^^^^^^^^^^^^^^^^^^^^^^^^^^^^^^^^^^^^^
  File "C:\TIR_TESTE\venv\Lib\site-packages\selenium\webdriver\remote\webdriver.py", line 798, in get_screenshot_as_file
    png = self.get_screenshot_as_png()
          ^^^^^^^^^^^^^^^^^^^^^^^^^^^^
  File "C:\TIR_TESTE\venv\Lib\site-packages\selenium\webdriver\remote\webdriver.py", line 832, in get_screenshot_as_png
    return b64decode(self.get_screenshot_as_base64().encode("ascii"))
                     ^^^^^^^^^^^^^^^^^^^^^^^^^^^^^^^
  File "C:\TIR_TESTE\venv\Lib\site-packages\selenium\webdriver\remote\webdriver.py", line 843, in get_screenshot_as_base64
    return self.execute(Command.SCREENSHOT)["value"]
           ^^^^^^^^^^^^^^^^^^^^^^^^^^^^^^^^
  File "C:\TIR_TESTE\venv\Lib\site-packages\selenium\webdriver\remote\webdriver.py", line 347, in execute
    self.error_handler.check_response(response)
  File "C:\TIR_TESTE\venv\Lib\site-packages\selenium\webdriver\remote\errorhandler.py", line 229, in check_response
    raise exception_class(message, screen, stacktrace)
selenium.common.exceptions.WebDriverException: Message: Failed to decode response from marionette

2025-12-11 10:45:54,096-DEBUG-root-17288::log::checks_empty_line|221:: Checking empty default log info
2025-12-11 10:45:54,099-DEBUG-root-17288::log::generate_log|503:: Json log_data: {'cLogDtExec': '11/12/2025 10:45:54', 'cLogNomUsr': '97137227104', 'cLogNomEst': 'GESIT03', 'cLogProgra': None, 'cLogDtProg': '', 'cLogHrProg': '', 'nLogCtsOk': 0, 'nLogCtsNok': 1, 'nLogCtsSeg': 282.59, 'cLogVersao': '12', 'cLogReleas': '12.1.2410', 'nLogCtsErr': 'Viagem - SetKey - Screen is not load: Message: WebDriver session does not exist, or is not activeStacktrace:RemoteError@chrome://remote/content/shared/RemoteError.sys.mjs:8:8WebDriverError@chrome://remote/content/shared/webdriver/Errors.sys.mjs:202:5InvalidSessionIDError@chrome://remote/content/shared/webdriver/Errors.sys.mjs:472:5assert.that/<@chrome://remote/content/shared/webdriver/Assert.sys.mjs:581:13assert.session@chrome://remote/content/shared/webdriver/Assert.sys.mjs:38:4dispatch@chrome://remote/content/marionette/server.sys.mjs:315:19execute@chrome://remote/content/marionette/server.s', 'cLogBancod': 'ORACLE', 'cLogIdenti': '', 'cLogIdExec': '20251211', 'cLogPais': 'BRA', 'cLogTool': 'TIR', 'cLogSequen': '003b68', 'nLogCtsTot': 1, 'cLogDtExea': '11/12/2025', 'cLogHrExea': '10:45:54', 'cLogArea': 'Desenvolvimento', 'cLogMnExec': 4.709833333333333}
2025-12-11 10:45:54,099-INFO-root-17288::log::send_log_with_retries|515:: Saving log locally.
2025-12-11 10:45:54,099-INFO-root-17288::log::save_log_locally|548:: [FwSendLog]: Não foi possível enviar o log após todas as tentativas.
2025-12-11 10:45:54,100-INFO-root-17288::log::save_log_locally|555:: [FwSendLog]: Log salvo localmente em C:\TIR_TESTE\1765460754.json.
2025-12-11 10:45:54,104-ERROR-root-17288::webapp_internal::log_error|8181:: Warning Log Error Close Message: Tried to run command without establishing a connection
Traceback (most recent call last):
  File "C:\TIR_TESTE\venv\Lib\site-packages\tir\technologies\webapp_internal.py", line 5861, in SetKey
    self.LoadGrid()
  File "C:\TIR_TESTE\venv\Lib\site-packages\tir\technologies\webapp_internal.py", line 6305, in LoadGrid
    self.check_grid(field, x3_dictionaries, position=field[4])
  File "C:\TIR_TESTE\venv\Lib\site-packages\tir\technologies\webapp_internal.py", line 6819, in check_grid
    headers = self.get_headers_from_grids(grids, column_name=field[1], position=position)
              ^^^^^^^^^^^^^^^^^^^^^^^^^^^^^^^^^^^^^^^^^^^^^^^^^^^^^^^^^^^^^^^^^^^^^^^^^^^
  File "C:\TIR_TESTE\venv\Lib\site-packages\tir\technologies\webapp_internal.py", line 7482, in get_headers_from_grids
    keys = list(map(lambda x: x.text.strip().lower(), labels))
           ^^^^^^^^^^^^^^^^^^^^^^^^^^^^^^^^^^^^^^^^^^^^^^^^^^^
  File "C:\TIR_TESTE\venv\Lib\site-packages\tir\technologies\webapp_internal.py", line 7482, in <lambda>
    keys = list(map(lambda x: x.text.strip().lower(), labels))
                              ^^^^^^
  File "C:\TIR_TESTE\venv\Lib\site-packages\selenium\webdriver\remote\webelement.py", line 90, in text
    return self._execute(Command.GET_ELEMENT_TEXT)["value"]
           ^^^^^^^^^^^^^^^^^^^^^^^^^^^^^^^^^^^^^^^
  File "C:\TIR_TESTE\venv\Lib\site-packages\selenium\webdriver\remote\webelement.py", line 395, in _execute
    return self._parent.execute(command, params)
           ^^^^^^^^^^^^^^^^^^^^^^^^^^^^^^^^^^^^^
  File "C:\TIR_TESTE\venv\Lib\site-packages\selenium\webdriver\remote\webdriver.py", line 347, in execute
    self.error_handler.check_response(response)
  File "C:\TIR_TESTE\venv\Lib\site-packages\selenium\webdriver\remote\errorhandler.py", line 229, in check_response
    raise exception_class(message, screen, stacktrace)
selenium.common.exceptions.InvalidSessionIdException: Message: WebDriver session does not exist, or is not active
Stacktrace:
RemoteError@chrome://remote/content/shared/RemoteError.sys.mjs:8:8
WebDriverError@chrome://remote/content/shared/webdriver/Errors.sys.mjs:202:5
InvalidSessionIDError@chrome://remote/content/shared/webdriver/Errors.sys.mjs:472:5
assert.that/<@chrome://remote/content/shared/webdriver/Assert.sys.mjs:581:13
assert.session@chrome://remote/content/shared/webdriver/Assert.sys.mjs:38:4
dispatch@chrome://remote/content/marionette/server.sys.mjs:315:19
execute@chrome://remote/content/marionette/server.sys.mjs:289:16
onPacket/<@chrome://remote/content/marionette/server.sys.mjs:262:20
onPacket@chrome://remote/content/marionette/server.sys.mjs:263:9
_onJSONObjectReady/<@chrome://remote/content/marionette/transport.sys.mjs:494:20


During handling of the above exception, another exception occurred:

Traceback (most recent call last):
  File "C:\TIR_TESTE\venv\Lib\site-packages\tir\technologies\webapp_internal.py", line 8179, in log_error
    self.driver.close()
  File "C:\TIR_TESTE\venv\Lib\site-packages\selenium\webdriver\remote\webdriver.py", line 458, in close
    self.execute(Command.CLOSE)
  File "C:\TIR_TESTE\venv\Lib\site-packages\selenium\webdriver\remote\webdriver.py", line 347, in execute
    self.error_handler.check_response(response)
  File "C:\TIR_TESTE\venv\Lib\site-packages\selenium\webdriver\remote\errorhandler.py", line 229, in check_response
    raise exception_class(message, screen, stacktrace)
selenium.common.exceptions.InvalidSessionIdException: Message: Tried to run command without establishing a connection

2025-12-11 10:45:54,599-ERROR-root-17288::webapp_internal::TearDown|9654:: Warning tearDown Close Message: Tried to run command without establishing a connection
Traceback (most recent call last):
  File "C:\TIR_TESTE\venv\Lib\site-packages\tir\technologies\webapp_internal.py", line 9652, in TearDown
    self.driver.close()
  File "C:\TIR_TESTE\venv\Lib\site-packages\selenium\webdriver\remote\webdriver.py", line 458, in close
    self.execute(Command.CLOSE)
  File "C:\TIR_TESTE\venv\Lib\site-packages\selenium\webdriver\remote\webdriver.py", line 347, in execute
    self.error_handler.check_response(response)
  File "C:\TIR_TESTE\venv\Lib\site-packages\selenium\webdriver\remote\errorhandler.py", line 229, in check_response
    raise exception_class(message, screen, stacktrace)
selenium.common.exceptions.InvalidSessionIdException: Message: Tried to run command without establishing a connection

2025-12-11 10:41:10,038-DEBUG-root-17288::logging_config::logger|189:: Log file created: 'Log\GESIT03\TIR__20251211104110033.log'
2025-12-11 10:41:10,038-INFO-root-17288::base::Start|1183:: TIR Version: 2.4.3
2025-12-11 10:41:10,038-INFO-root-17288::base::Start|1184:: Python Version: 3.12.10
2025-12-11 10:41:10,038-INFO-root-17288::base::Start|1185:: Starting the browser
2025-12-11 10:41:17,334-INFO-root-17288::base::get_url|1294:: Page is ready!
2025-12-11 10:41:17,352-INFO-root-17288::base::Start|1256:: Browser maximized to 1936x1048
2025-12-11 10:41:17,352-INFO-root-17288::base::Start|1258:: Screen size is different from default used in headless mode
2025-12-11 10:41:17,507-INFO-root-17288::webapp_internal::Setup|247:: ***System Info*** in Setup():
2025-12-11 10:41:17,507-DEBUG-root-17288::psutil_info::system_info|5:: CPU USAGE: 18.5%
2025-12-11 10:41:17,508-DEBUG-root-17288::psutil_info::system_info|6:: MEMORY USAGE: 90.4%
2025-12-11 10:41:17,508-DEBUG-root-17288::psutil_info::system_info|7:: MEMORY AVAILABLE: 9.56%
2025-12-11 10:41:17,522-INFO-root-17288::base::webapp_shadowroot|1394:: Webapp: 10.1.6-RC4
2025-12-11 10:41:17,553-INFO-root-17288::webapp_internal::filling_initial_program|449:: Filling Initial Program: "SIGAMDI"
2025-12-11 10:41:17,553-DEBUG-root-17288::webapp_internal::wait_element|7623:: Waiting for element
2025-12-11 10:41:17,596-DEBUG-root-17288::webapp_internal::wait_element|7653:: Element found! Waiting for element to be displayed.
2025-12-11 10:41:18,217-DEBUG-root-17288::base::click|192:: Click Type: ClickType.JS
2025-12-11 10:41:18,222-DEBUG-root-17288::webapp_internal::try_send_keys|7976:: Trying to send keys to element using technique 0
2025-12-11 10:41:18,548-DEBUG-root-17288::webapp_internal::get_web_value|3232:: Current value: SIGAMDI
2025-12-11 10:41:18,549-INFO-root-17288::webapp_internal::filling_server_environment|463:: Filling Server Environment: "POUPEX_TST"
2025-12-11 10:41:18,549-DEBUG-root-17288::webapp_internal::wait_element|7623:: Waiting for element
2025-12-11 10:41:18,577-DEBUG-root-17288::webapp_internal::wait_element|7653:: Element found! Waiting for element to be displayed.
2025-12-11 10:41:18,748-DEBUG-root-17288::base::click|192:: Click Type: ClickType.JS
2025-12-11 10:41:18,753-DEBUG-root-17288::webapp_internal::try_send_keys|7976:: Trying to send keys to element using technique 0
2025-12-11 10:41:19,065-DEBUG-root-17288::webapp_internal::get_web_value|3232:: Current value: POUPEX_TST
2025-12-11 10:41:19,088-DEBUG-root-17288::base::click|192:: Click Type: ClickType.JS
2025-12-11 10:41:19,099-DEBUG-root-17288::webapp_internal::user_screen|519:: Filling user screen
2025-12-11 10:41:25,418-DEBUG-root-17288::webapp_internal::wait_element_timeout|7726:: Element found! Waiting for element to be displayed.
2025-12-11 10:41:25,508-DEBUG-root-17288::base::scroll_to_element|759:: ********Warining scroll_to_element exception: Message: TypeError: can't access property "scrollIntoView", arguments[0] is null
Stacktrace:
@https://qasrverp:10020/webapp/:2:7
@https://qasrverp:10020/webapp/:3:8
*********
2025-12-11 10:41:25,755-INFO-root-17288::webapp_internal::user_screen|561:: Filling User
2025-12-11 10:41:25,809-DEBUG-root-17288::base::double_click|259:: Click Type: ClickType.SELENIUM
2025-12-11 10:41:26,033-DEBUG-root-17288::webapp_internal::get_web_value|3232:: Current value: 97137227104
2025-12-11 10:41:26,086-INFO-root-17288::webapp_internal::user_screen|621:: Filling Password
2025-12-11 10:41:26,119-DEBUG-root-17288::base::click|192:: Click Type: ClickType.JS
2025-12-11 10:41:26,225-DEBUG-root-17288::webapp_internal::get_web_value|3232:: Current value: Val20221080080094+
2025-12-11 10:41:26,226-DEBUG-root-17288::webapp_internal::wait_blocker|2444:: Waiting blocker to continue...
2025-12-11 10:41:26,279-DEBUG-root-17288::webapp_internal::wait_blocker|2469:: Blocker status: None
2025-12-11 10:41:26,314-DEBUG-root-17288::webapp_internal::wait_blocker|2444:: Waiting blocker to continue...
2025-12-11 10:41:26,364-DEBUG-root-17288::webapp_internal::wait_blocker|2469:: Blocker status: None
2025-12-11 10:41:26,428-DEBUG-root-17288::webapp_internal::wait_blocker|2444:: Waiting blocker to continue...
2025-12-11 10:41:26,484-DEBUG-root-17288::webapp_internal::wait_blocker|2469:: Blocker status: None
2025-12-11 10:41:26,484-DEBUG-root-17288::webapp_internal::send_action|10480:: Trying to send action
2025-12-11 10:41:26,498-DEBUG-root-17288::base::click|192:: Click Type: ClickType.JS
2025-12-11 10:41:27,571-DEBUG-root-17288::webapp_internal::send_action|10522:: send_action method result = True
2025-12-11 10:41:27,572-DEBUG-root-17288::webapp_internal::send_action|10523:: send_action selenium status: False
2025-12-11 10:41:30,273-DEBUG-root-17288::base::scroll_to_element|759:: ********Warining scroll_to_element exception: Message: TypeError: can't access property "scrollIntoView", arguments[0] is null
Stacktrace:
@https://qasrverp:10020/webapp/:2:7
@https://qasrverp:10020/webapp/:3:8
*********
2025-12-11 10:41:30,374-INFO-root-17288::webapp_internal::filling_date|885:: Filling Date: "11/12/2025"
2025-12-11 10:41:30,376-DEBUG-root-17288::webapp_internal::wait_blocker|2444:: Waiting blocker to continue...
2025-12-11 10:41:30,467-DEBUG-root-17288::webapp_internal::wait_blocker|2469:: Blocker status: None
2025-12-11 10:41:30,472-DEBUG-root-17288::base::click|192:: Click Type: ClickType.JS
2025-12-11 10:41:30,510-DEBUG-root-17288::webapp_internal::try_send_keys|7976:: Trying to send keys to element using technique 1
2025-12-11 10:41:30,636-DEBUG-root-17288::webapp_internal::get_web_value|3232:: Current value: 11/12/2025
2025-12-11 10:41:31,779-INFO-root-17288::webapp_internal::filling_group|955:: Filling Group: "02"
2025-12-11 10:41:31,780-DEBUG-root-17288::webapp_internal::wait_blocker|2444:: Waiting blocker to continue...
2025-12-11 10:41:31,842-DEBUG-root-17288::webapp_internal::wait_blocker|2469:: Blocker status: None
2025-12-11 10:41:31,846-DEBUG-root-17288::base::click|192:: Click Type: ClickType.JS
2025-12-11 10:41:31,906-DEBUG-root-17288::webapp_internal::get_web_value|3232:: Current value: 02
2025-12-11 10:41:33,044-INFO-root-17288::webapp_internal::filling_branch|1047:: Filling Branch: "02DF0001"
2025-12-11 10:41:33,046-DEBUG-root-17288::webapp_internal::wait_blocker|2444:: Waiting blocker to continue...
2025-12-11 10:41:33,105-DEBUG-root-17288::webapp_internal::wait_blocker|2469:: Blocker status: None
2025-12-11 10:41:33,115-DEBUG-root-17288::base::click|192:: Click Type: ClickType.JS
2025-12-11 10:41:33,183-DEBUG-root-17288::webapp_internal::get_web_value|3232:: Current value: 02DF0001
2025-12-11 10:41:34,358-INFO-root-17288::webapp_internal::filling_environment|1113:: Filling Environment: "07"
2025-12-11 10:41:34,359-DEBUG-root-17288::webapp_internal::wait_blocker|2444:: Waiting blocker to continue...
2025-12-11 10:41:34,432-DEBUG-root-17288::webapp_internal::wait_blocker|2469:: Blocker status: None
2025-12-11 10:41:34,437-DEBUG-root-17288::base::click|192:: Click Type: ClickType.JS
2025-12-11 10:41:34,520-DEBUG-root-17288::webapp_internal::get_web_value|3232:: Current value: 07
2025-12-11 10:41:35,539-DEBUG-root-17288::webapp_internal::close_warning_screen|1489:: Closing warning screen!
2025-12-11 10:41:36,576-DEBUG-root-17288::webapp_internal::check_screen_element|1291:: Checking screen element: "Atenção": False
2025-12-11 10:41:37,699-INFO-root-17288::webapp_internal::environment_screen|796:: Clicking on Button
2025-12-11 10:41:37,700-DEBUG-root-17288::webapp_internal::wait_blocker|2444:: Waiting blocker to continue...
2025-12-11 10:41:37,756-DEBUG-root-17288::webapp_internal::wait_blocker|2469:: Blocker status: None
2025-12-11 10:41:37,759-DEBUG-root-17288::base::click|192:: Click Type: ClickType.JS
2025-12-11 10:41:38,770-DEBUG-root-17288::base::click|192:: Click Type: ClickType.JS
2025-12-11 10:41:39,777-DEBUG-root-17288::base::click|192:: Click Type: ClickType.JS
2025-12-11 10:41:40,788-DEBUG-root-17288::base::click|192:: Click Type: ClickType.JS
2025-12-11 10:41:41,797-DEBUG-root-17288::base::click|192:: Click Type: ClickType.JS
2025-12-11 10:41:42,805-DEBUG-root-17288::base::click|192:: Click Type: ClickType.JS
2025-12-11 10:41:43,812-DEBUG-root-17288::webapp_internal::close_screen_before_menu|368:: Closing screen before the menu
2025-12-11 10:41:43,906-DEBUG-root-17288::webapp_internal::close_warning_screen|1489:: Closing warning screen!
2025-12-11 10:41:45,001-DEBUG-root-17288::webapp_internal::check_screen_element|1291:: Checking screen element: "Atenção": False
2025-12-11 10:41:45,002-DEBUG-root-17288::webapp_internal::close_coin_screen|1424:: Closing coin screen!
2025-12-11 10:41:45,597-DEBUG-root-17288::base::click|192:: Click Type: ClickType.JS
2025-12-11 10:41:45,691-DEBUG-root-17288::webapp_internal::close_warning_screen|1489:: Closing warning screen!
2025-12-11 10:41:46,812-DEBUG-root-17288::webapp_internal::check_screen_element|1291:: Checking screen element: "Atenção": False
2025-12-11 10:41:46,812-DEBUG-root-17288::webapp_internal::close_coin_screen|1424:: Closing coin screen!
2025-12-11 10:41:47,636-INFO-root-17288::webapp_internal::set_log_info|1623:: Getting log info
2025-12-11 10:41:47,639-INFO-root-17288::webapp_internal::SetLateralMenu|4184:: Navigating lateral menu: Ajuda > Sobre
2025-12-11 10:41:47,736-DEBUG-root-17288::webapp_internal::wait_element|7623:: Waiting for element
2025-12-11 10:41:47,908-DEBUG-root-17288::webapp_internal::wait_element|7653:: Element found! Waiting for element to be displayed.
2025-12-11 10:41:48,273-INFO-root-17288::webapp_internal::SetLateralMenu|4203:: Menu item: "Ajuda"
2025-12-11 10:41:48,274-DEBUG-root-17288::webapp_internal::wait_blocker|2444:: Waiting blocker to continue...
2025-12-11 10:41:48,426-DEBUG-root-17288::webapp_internal::wait_blocker|2469:: Blocker status: False
2025-12-11 10:41:48,826-DEBUG-root-17288::webapp_internal::wait_element_timeout|7726:: Element found! Waiting for element to be displayed.
2025-12-11 10:41:49,210-DEBUG-root-17288::webapp_internal::wait_blocker|2444:: Waiting blocker to continue...
2025-12-11 10:41:49,316-DEBUG-root-17288::webapp_internal::wait_blocker|2469:: Blocker status: False
2025-12-11 10:41:51,595-INFO-root-17288::webapp_internal::SetLateralMenu|4203:: Menu item: "Sobre"
2025-12-11 10:41:51,596-DEBUG-root-17288::webapp_internal::wait_blocker|2444:: Waiting blocker to continue...
2025-12-11 10:41:51,667-DEBUG-root-17288::webapp_internal::wait_blocker|2469:: Blocker status: False
2025-12-11 10:41:52,180-DEBUG-root-17288::webapp_internal::wait_element_timeout|7726:: Element found! Waiting for element to be displayed.
2025-12-11 10:41:52,619-DEBUG-root-17288::webapp_internal::wait_blocker|2444:: Waiting blocker to continue...
2025-12-11 10:41:52,753-DEBUG-root-17288::webapp_internal::wait_blocker|2469:: Blocker status: False
2025-12-11 10:41:55,434-DEBUG-root-17288::webapp_internal::wait_blocker|2444:: Waiting blocker to continue...
2025-12-11 10:41:55,521-DEBUG-root-17288::webapp_internal::wait_blocker|2469:: Blocker status: False
2025-12-11 10:41:55,620-DEBUG-root-17288::webapp_internal::wait_element|7623:: Waiting for element
2025-12-11 10:41:55,687-DEBUG-root-17288::webapp_internal::wait_element|7653:: Element found! Waiting for element to be displayed.
2025-12-11 10:41:55,877-INFO-root-17288::webapp_internal::SetButton|4444:: Clicking on Fechar
2025-12-11 10:41:55,878-DEBUG-root-17288::webapp_internal::wait_blocker|2444:: Waiting blocker to continue...
2025-12-11 10:41:55,960-DEBUG-root-17288::webapp_internal::wait_blocker|2469:: Blocker status: False
2025-12-11 10:41:56,151-DEBUG-root-17288::webapp_internal::wait_element_timeout|7726:: Element found! Waiting for element to be displayed.
2025-12-11 10:41:56,245-DEBUG-root-17288::webapp_internal::SetButton|4481:: ***System Info*** Before Clicking on button:Fechar
2025-12-11 10:41:56,246-DEBUG-root-17288::psutil_info::system_info|5:: CPU USAGE: 15.2%
2025-12-11 10:41:56,247-DEBUG-root-17288::psutil_info::system_info|6:: MEMORY USAGE: 94.7%
2025-12-11 10:41:56,247-DEBUG-root-17288::psutil_info::system_info|7:: MEMORY AVAILABLE: 5.33%
2025-12-11 10:41:56,425-DEBUG-root-17288::webapp_internal::wait_element_timeout|7726:: Element found! Waiting for element to be displayed.
2025-12-11 10:41:56,578-DEBUG-root-17288::webapp_internal::wait_blocker|2444:: Waiting blocker to continue...
2025-12-11 10:41:56,656-DEBUG-root-17288::webapp_internal::wait_blocker|2469:: Blocker status: False
2025-12-11 10:41:56,674-DEBUG-root-17288::webapp_internal::wait_blocker|2444:: Waiting blocker to continue...
2025-12-11 10:41:56,752-DEBUG-root-17288::webapp_internal::wait_blocker|2469:: Blocker status: False
2025-12-11 10:41:56,753-DEBUG-root-17288::webapp_internal::send_action|10480:: Trying to send action
2025-12-11 10:41:56,755-DEBUG-root-17288::base::click|192:: Click Type: ClickType.JS
2025-12-11 10:41:57,789-DEBUG-root-17288::webapp_internal::send_action|10522:: send_action method result = True
2025-12-11 10:41:57,790-DEBUG-root-17288::webapp_internal::send_action|10523:: send_action selenium status: False
2025-12-11 10:41:57,790-DEBUG-root-17288::webapp_internal::SetButton|4683:: ***System Info*** After Clicking on button:
2025-12-11 10:41:57,791-DEBUG-root-17288::psutil_info::system_info|5:: CPU USAGE: 5.5%
2025-12-11 10:41:57,792-DEBUG-root-17288::psutil_info::system_info|6:: MEMORY USAGE: 94.6%
2025-12-11 10:41:57,792-DEBUG-root-17288::psutil_info::system_info|7:: MEMORY AVAILABLE: 5.37%
2025-12-11 10:41:57,793-DEBUG-root-17288::webapp_internal::wait_element|7623:: Waiting for element
2025-12-11 10:41:57,917-INFO-root-17288::webapp_internal::SetLateralMenu|4184:: Navigating lateral menu: Atualizações > Gestao de Viagens > Solicitações
2025-12-11 10:41:57,933-DEBUG-root-17288::webapp_internal::wait_element|7623:: Waiting for element
2025-12-11 10:41:57,977-DEBUG-root-17288::webapp_internal::wait_element|7653:: Element found! Waiting for element to be displayed.
2025-12-11 10:41:58,146-INFO-root-17288::webapp_internal::SetLateralMenu|4203:: Menu item: "Atualizações"
2025-12-11 10:41:58,147-DEBUG-root-17288::webapp_internal::wait_blocker|2444:: Waiting blocker to continue...
2025-12-11 10:41:58,218-DEBUG-root-17288::webapp_internal::wait_blocker|2469:: Blocker status: False
2025-12-11 10:41:58,673-DEBUG-root-17288::webapp_internal::wait_element_timeout|7726:: Element found! Waiting for element to be displayed.
2025-12-11 10:41:59,087-DEBUG-root-17288::webapp_internal::wait_blocker|2444:: Waiting blocker to continue...
2025-12-11 10:41:59,228-DEBUG-root-17288::webapp_internal::wait_blocker|2469:: Blocker status: False
2025-12-11 10:42:01,515-INFO-root-17288::webapp_internal::SetLateralMenu|4203:: Menu item: "Gestao de Viagens"
2025-12-11 10:42:01,515-DEBUG-root-17288::webapp_internal::wait_blocker|2444:: Waiting blocker to continue...
2025-12-11 10:42:01,643-DEBUG-root-17288::webapp_internal::wait_blocker|2469:: Blocker status: False
2025-12-11 10:42:02,472-DEBUG-root-17288::webapp_internal::wait_element_timeout|7726:: Element found! Waiting for element to be displayed.
2025-12-11 10:42:03,295-DEBUG-root-17288::webapp_internal::wait_blocker|2444:: Waiting blocker to continue...
2025-12-11 10:42:03,422-DEBUG-root-17288::webapp_internal::wait_blocker|2469:: Blocker status: False
2025-12-11 10:42:05,740-INFO-root-17288::webapp_internal::SetLateralMenu|4203:: Menu item: "Solicitações"
2025-12-11 10:42:05,741-DEBUG-root-17288::webapp_internal::wait_blocker|2444:: Waiting blocker to continue...
2025-12-11 10:42:05,825-DEBUG-root-17288::webapp_internal::wait_blocker|2469:: Blocker status: False
2025-12-11 10:42:06,787-DEBUG-root-17288::webapp_internal::wait_element_timeout|7726:: Element found! Waiting for element to be displayed.
2025-12-11 10:42:07,873-DEBUG-root-17288::webapp_internal::wait_blocker|2444:: Waiting blocker to continue...
2025-12-11 10:42:07,977-DEBUG-root-17288::webapp_internal::wait_blocker|2469:: Blocker status: False
2025-12-11 10:42:11,842-DEBUG-root-17288::webapp_internal::wait_blocker|2444:: Waiting blocker to continue...
2025-12-11 10:42:11,966-DEBUG-root-17288::webapp_internal::wait_blocker|2469:: Blocker status: False
2025-12-11 10:42:12,068-INFO-root-17288::webapp_internal::WaitShow|4980:: Waiting show text 'Este ambiente utiliza base de Homologação.'...
2025-12-11 10:42:17,628-INFO-root-17288::webapp_internal::WaitShow|4980:: Waiting show text 'Moedas'...
2025-12-11 10:42:22,910-INFO-root-17288::webapp_internal::WaitShow|4980:: Waiting show text 'Solicitação de Viagens/Treinamento'...
2025-12-11 10:42:22,985-INFO-root-17288::webapp_internal::WaitShow|4996:: Text found! 
2025-12-11 10:42:22,985-INFO-root-17288::webapp_internal::SetButton|4444:: Clicking on Incluir
2025-12-11 10:42:22,986-DEBUG-root-17288::webapp_internal::wait_blocker|2444:: Waiting blocker to continue...
2025-12-11 10:42:23,102-DEBUG-root-17288::webapp_internal::wait_blocker|2469:: Blocker status: False
2025-12-11 10:42:23,611-DEBUG-root-17288::webapp_internal::wait_element_timeout|7726:: Element found! Waiting for element to be displayed.
2025-12-11 10:42:23,903-DEBUG-root-17288::webapp_internal::SetButton|4481:: ***System Info*** Before Clicking on button:Incluir
2025-12-11 10:42:23,904-DEBUG-root-17288::psutil_info::system_info|5:: CPU USAGE: 9.6%
2025-12-11 10:42:23,904-DEBUG-root-17288::psutil_info::system_info|6:: MEMORY USAGE: 93.3%
2025-12-11 10:42:23,904-DEBUG-root-17288::psutil_info::system_info|7:: MEMORY AVAILABLE: 6.73%
2025-12-11 10:42:24,292-DEBUG-root-17288::webapp_internal::wait_element_timeout|7726:: Element found! Waiting for element to be displayed.
2025-12-11 10:42:24,678-DEBUG-root-17288::webapp_internal::wait_blocker|2444:: Waiting blocker to continue...
2025-12-11 10:42:24,800-DEBUG-root-17288::webapp_internal::wait_blocker|2469:: Blocker status: False
2025-12-11 10:42:24,823-DEBUG-root-17288::webapp_internal::wait_blocker|2444:: Waiting blocker to continue...
2025-12-11 10:42:24,950-DEBUG-root-17288::webapp_internal::wait_blocker|2469:: Blocker status: False
2025-12-11 10:42:24,951-DEBUG-root-17288::webapp_internal::send_action|10480:: Trying to send action
2025-12-11 10:42:24,954-DEBUG-root-17288::base::click|192:: Click Type: ClickType.JS
2025-12-11 10:42:26,225-DEBUG-root-17288::webapp_internal::send_action|10522:: send_action method result = True
2025-12-11 10:42:26,225-DEBUG-root-17288::webapp_internal::send_action|10523:: send_action selenium status: True
2025-12-11 10:42:26,226-DEBUG-root-17288::webapp_internal::SetButton|4683:: ***System Info*** After Clicking on button:
2025-12-11 10:42:26,226-DEBUG-root-17288::psutil_info::system_info|5:: CPU USAGE: 10.1%
2025-12-11 10:42:26,227-DEBUG-root-17288::psutil_info::system_info|6:: MEMORY USAGE: 93.3%
2025-12-11 10:42:26,228-DEBUG-root-17288::psutil_info::system_info|7:: MEMORY AVAILABLE: 6.68%
2025-12-11 10:42:26,429-DEBUG-root-17288::webapp_internal::wait_blocker|2444:: Waiting blocker to continue...
2025-12-11 10:42:26,573-DEBUG-root-17288::webapp_internal::wait_blocker|2469:: Blocker status: False
2025-12-11 10:42:26,573-INFO-root-17288::webapp_internal::SearchBrowse|2003:: Searching: 02DF0001
2025-12-11 10:42:26,722-DEBUG-root-17288::webapp_internal::wait_element_timeout|7726:: Element found! Waiting for element to be displayed.
2025-12-11 10:42:26,844-DEBUG-root-17288::webapp_internal::wait_blocker|2444:: Waiting blocker to continue...
2025-12-11 10:42:27,029-DEBUG-root-17288::webapp_internal::wait_blocker|2469:: Blocker status: False
2025-12-11 10:42:27,037-DEBUG-root-17288::webapp_internal::wait_blocker|2444:: Waiting blocker to continue...
2025-12-11 10:42:27,230-DEBUG-root-17288::webapp_internal::wait_blocker|2469:: Blocker status: False
2025-12-11 10:42:27,230-INFO-root-17288::webapp_internal::fill_search_browse|2399:: Filling: 02DF0001
2025-12-11 10:42:27,251-DEBUG-root-17288::base::click|192:: Click Type: ClickType.JS
2025-12-11 10:42:28,373-DEBUG-root-17288::webapp_internal::wait_blocker|2444:: Waiting blocker to continue...
2025-12-11 10:42:28,552-DEBUG-root-17288::webapp_internal::wait_blocker|2469:: Blocker status: False
2025-12-11 10:42:28,555-DEBUG-root-17288::base::double_click|259:: Click Type: ClickType.SELENIUM
2025-12-11 10:42:28,563-WARNING-root-17288::base::double_click|280:: Warning double_click method Exception: Message: Element <button class="button-image" type="button"> is not clickable at point (1258,360) because another element <wa-button id="COMP6023" class="dict-tbutton focus"> obscures it
Stacktrace:
RemoteError@chrome://remote/content/shared/RemoteError.sys.mjs:8:8
WebDriverError@chrome://remote/content/shared/webdriver/Errors.sys.mjs:202:5
ElementClickInterceptedError@chrome://remote/content/shared/webdriver/Errors.sys.mjs:354:5
webdriverClickElement@chrome://remote/content/marionette/interaction.sys.mjs:175:11
interaction.clickElement@chrome://remote/content/marionette/interaction.sys.mjs:134:11
clickElement@chrome://remote/content/marionette/actors/MarionetteCommandsChild.sys.mjs:327:29
receiveMessage@chrome://remote/content/marionette/actors/MarionetteCommandsChild.sys.mjs:210:31

2025-12-11 10:42:28,872-INFO-root-17288::webapp_internal::SetButton|4444:: Clicking on OK
2025-12-11 10:42:28,873-DEBUG-root-17288::webapp_internal::wait_blocker|2444:: Waiting blocker to continue...
2025-12-11 10:42:29,023-DEBUG-root-17288::webapp_internal::wait_blocker|2469:: Blocker status: False
2025-12-11 10:42:29,421-DEBUG-root-17288::webapp_internal::wait_element_timeout|7726:: Element found! Waiting for element to be displayed.
2025-12-11 10:42:29,642-DEBUG-root-17288::webapp_internal::SetButton|4481:: ***System Info*** Before Clicking on button:OK
2025-12-11 10:42:29,642-DEBUG-root-17288::psutil_info::system_info|5:: CPU USAGE: 12.2%
2025-12-11 10:42:29,643-DEBUG-root-17288::psutil_info::system_info|6:: MEMORY USAGE: 93.2%
2025-12-11 10:42:29,643-DEBUG-root-17288::psutil_info::system_info|7:: MEMORY AVAILABLE: 6.77%
2025-12-11 10:42:30,034-DEBUG-root-17288::webapp_internal::wait_element_timeout|7726:: Element found! Waiting for element to be displayed.
2025-12-11 10:42:30,403-DEBUG-root-17288::webapp_internal::wait_blocker|2444:: Waiting blocker to continue...
2025-12-11 10:42:30,583-DEBUG-root-17288::webapp_internal::wait_blocker|2469:: Blocker status: False
2025-12-11 10:42:30,625-DEBUG-root-17288::webapp_internal::wait_blocker|2444:: Waiting blocker to continue...
2025-12-11 10:42:30,811-DEBUG-root-17288::webapp_internal::wait_blocker|2469:: Blocker status: False
2025-12-11 10:42:30,812-DEBUG-root-17288::webapp_internal::send_action|10480:: Trying to send action
2025-12-11 10:42:30,817-DEBUG-root-17288::base::click|192:: Click Type: ClickType.JS
2025-12-11 10:42:33,745-DEBUG-root-17288::webapp_internal::send_action|10522:: send_action method result = True
2025-12-11 10:42:33,746-DEBUG-root-17288::webapp_internal::send_action|10523:: send_action selenium status: True
2025-12-11 10:42:33,747-DEBUG-root-17288::webapp_internal::SetButton|4683:: ***System Info*** After Clicking on button:
2025-12-11 10:42:33,747-DEBUG-root-17288::psutil_info::system_info|5:: CPU USAGE: 17.6%
2025-12-11 10:42:33,748-DEBUG-root-17288::psutil_info::system_info|6:: MEMORY USAGE: 93.6%
2025-12-11 10:42:33,748-DEBUG-root-17288::psutil_info::system_info|7:: MEMORY AVAILABLE: 6.43%
2025-12-11 10:42:33,950-INFO-root-17288::webapp_internal::WaitShow|4980:: Waiting show text 'Solicitacoes de Viagens - INCLUIR'...
2025-12-11 10:42:34,290-INFO-root-17288::webapp_internal::WaitShow|4996:: Text found! 
2025-12-11 10:42:34,290-DEBUG-root-17288::webapp_internal::wait_blocker|2444:: Waiting blocker to continue...
2025-12-11 10:42:34,467-DEBUG-root-17288::webapp_internal::wait_blocker|2469:: Blocker status: False
2025-12-11 10:42:34,467-DEBUG-root-17288::webapp_internal::wait_element|7623:: Waiting for element
2025-12-11 10:42:34,592-DEBUG-root-17288::webapp_internal::wait_element|7653:: Element found! Waiting for element to be displayed.
2025-12-11 10:42:34,740-INFO-root-17288::webapp_internal::input_value|2941:: Looking for element: ZV3_DESCRI
2025-12-11 10:42:35,070-INFO-root-17288::webapp_internal::input_value|2951:: Element: ZV3_DESCRI Found!
2025-12-11 10:42:35,070-INFO-root-17288::webapp_internal::input_value|2953:: Filling element: ZV3_DESCRI
2025-12-11 10:42:35,095-DEBUG-root-17288::webapp_internal::get_web_value|3232:: Current value:                                                   
2025-12-11 10:42:35,140-DEBUG-root-17288::base::double_click|259:: Click Type: ClickType.SELENIUM
2025-12-11 10:42:35,412-DEBUG-root-17288::webapp_internal::wait_blocker|2444:: Waiting blocker to continue...
2025-12-11 10:42:35,635-DEBUG-root-17288::webapp_internal::wait_blocker|2469:: Blocker status: False
2025-12-11 10:42:36,004-DEBUG-root-17288::webapp_internal::get_web_value|3232:: Current value: USO PARA TESTE AUTOMATIZADO                       
2025-12-11 10:42:36,005-INFO-root-17288::webapp_internal::input_value|3059:: Current field value: USO PARA TESTE AUTOMATIZADO
2025-12-11 10:42:36,038-DEBUG-root-17288::webapp_internal::wait_blocker|2444:: Waiting blocker to continue...
2025-12-11 10:42:36,250-DEBUG-root-17288::webapp_internal::wait_blocker|2469:: Blocker status: False
2025-12-11 10:42:36,250-DEBUG-root-17288::webapp_internal::wait_element|7623:: Waiting for element
2025-12-11 10:42:36,327-DEBUG-root-17288::webapp_internal::wait_element|7653:: Element found! Waiting for element to be displayed.
2025-12-11 10:42:36,421-INFO-root-17288::webapp_internal::input_value|2941:: Looking for element: ZV3_DTINI
2025-12-11 10:42:36,736-INFO-root-17288::webapp_internal::input_value|2951:: Element: ZV3_DTINI Found!
2025-12-11 10:42:36,736-INFO-root-17288::webapp_internal::input_value|2953:: Filling element: ZV3_DTINI
2025-12-11 10:42:36,767-DEBUG-root-17288::webapp_internal::get_web_value|3232:: Current value:   /  /    
2025-12-11 10:42:36,794-DEBUG-root-17288::base::double_click|259:: Click Type: ClickType.SELENIUM
2025-12-11 10:42:37,053-DEBUG-root-17288::webapp_internal::wait_blocker|2444:: Waiting blocker to continue...
2025-12-11 10:42:37,239-DEBUG-root-17288::webapp_internal::wait_blocker|2469:: Blocker status: False
2025-12-11 10:42:37,573-DEBUG-root-17288::webapp_internal::get_web_value|3232:: Current value: 05/01/2026
2025-12-11 10:42:37,573-INFO-root-17288::webapp_internal::input_value|3059:: Current field value: 05012026
2025-12-11 10:42:37,584-DEBUG-root-17288::webapp_internal::wait_blocker|2444:: Waiting blocker to continue...
2025-12-11 10:42:37,777-DEBUG-root-17288::webapp_internal::wait_blocker|2469:: Blocker status: False
2025-12-11 10:42:37,777-DEBUG-root-17288::webapp_internal::wait_element|7623:: Waiting for element
2025-12-11 10:42:37,875-DEBUG-root-17288::webapp_internal::wait_element|7653:: Element found! Waiting for element to be displayed.
2025-12-11 10:42:38,013-INFO-root-17288::webapp_internal::input_value|2941:: Looking for element: ZV3_DTFIM
2025-12-11 10:42:38,384-INFO-root-17288::webapp_internal::input_value|2951:: Element: ZV3_DTFIM Found!
2025-12-11 10:42:38,385-INFO-root-17288::webapp_internal::input_value|2953:: Filling element: ZV3_DTFIM
2025-12-11 10:42:38,435-DEBUG-root-17288::webapp_internal::get_web_value|3232:: Current value:   /  /    
2025-12-11 10:42:38,491-DEBUG-root-17288::base::double_click|259:: Click Type: ClickType.SELENIUM
2025-12-11 10:42:38,773-DEBUG-root-17288::webapp_internal::wait_blocker|2444:: Waiting blocker to continue...
2025-12-11 10:42:39,030-DEBUG-root-17288::webapp_internal::wait_blocker|2469:: Blocker status: False
2025-12-11 10:42:39,402-DEBUG-root-17288::webapp_internal::get_web_value|3232:: Current value: 11/01/2026
2025-12-11 10:42:39,403-INFO-root-17288::webapp_internal::input_value|3059:: Current field value: 11012026
2025-12-11 10:42:40,426-DEBUG-root-17288::webapp_internal::wait_blocker|2444:: Waiting blocker to continue...
2025-12-11 10:42:40,708-DEBUG-root-17288::webapp_internal::wait_blocker|2469:: Blocker status: False
2025-12-11 10:42:40,710-DEBUG-root-17288::webapp_internal::wait_element|7623:: Waiting for element
2025-12-11 10:42:40,854-DEBUG-root-17288::webapp_internal::wait_element|7653:: Element found! Waiting for element to be displayed.
2025-12-11 10:42:40,981-INFO-root-17288::webapp_internal::input_value|2941:: Looking for element: ZV3_CC
2025-12-11 10:42:41,272-INFO-root-17288::webapp_internal::input_value|2951:: Element: ZV3_CC Found!
2025-12-11 10:42:41,272-INFO-root-17288::webapp_internal::input_value|2953:: Filling element: ZV3_CC
2025-12-11 10:42:41,313-DEBUG-root-17288::webapp_internal::get_web_value|3232:: Current value:          
2025-12-11 10:42:41,362-DEBUG-root-17288::base::double_click|259:: Click Type: ClickType.SELENIUM
2025-12-11 10:42:41,653-DEBUG-root-17288::webapp_internal::wait_blocker|2444:: Waiting blocker to continue...
2025-12-11 10:42:41,908-DEBUG-root-17288::webapp_internal::wait_blocker|2469:: Blocker status: False
2025-12-11 10:42:42,277-DEBUG-root-17288::webapp_internal::get_web_value|3232:: Current value: 000000677
2025-12-11 10:42:42,277-INFO-root-17288::webapp_internal::input_value|3059:: Current field value: 000000677
2025-12-11 10:42:42,293-DEBUG-root-17288::webapp_internal::wait_blocker|2444:: Waiting blocker to continue...
2025-12-11 10:42:42,510-DEBUG-root-17288::webapp_internal::wait_blocker|2469:: Blocker status: False
2025-12-11 10:42:42,511-DEBUG-root-17288::webapp_internal::wait_element|7623:: Waiting for element
2025-12-11 10:42:42,659-DEBUG-root-17288::webapp_internal::wait_element|7653:: Element found! Waiting for element to be displayed.
2025-12-11 10:42:42,808-INFO-root-17288::webapp_internal::input_value|2941:: Looking for element: ZV3_TIPO
2025-12-11 10:42:43,108-INFO-root-17288::webapp_internal::input_value|2951:: Element: ZV3_TIPO Found!
2025-12-11 10:42:43,109-INFO-root-17288::webapp_internal::input_value|2953:: Filling element: ZV3_TIPO
2025-12-11 10:42:44,294-INFO-root-17288::base::select_combo|871:: Selected value for combo is: 1 - Servico
2025-12-11 10:42:44,341-DEBUG-root-17288::webapp_internal::wait_blocker|2444:: Waiting blocker to continue...
2025-12-11 10:42:44,551-DEBUG-root-17288::webapp_internal::wait_blocker|2469:: Blocker status: False
2025-12-11 10:42:44,552-DEBUG-root-17288::webapp_internal::wait_element|7623:: Waiting for element
2025-12-11 10:42:44,652-DEBUG-root-17288::webapp_internal::wait_element|7653:: Element found! Waiting for element to be displayed.
2025-12-11 10:42:44,738-INFO-root-17288::webapp_internal::input_value|2941:: Looking for element: ZV3_OBS
2025-12-11 10:42:45,036-INFO-root-17288::webapp_internal::input_value|2951:: Element: ZV3_OBS Found!
2025-12-11 10:42:45,036-INFO-root-17288::webapp_internal::input_value|2953:: Filling element: ZV3_OBS
2025-12-11 10:42:45,063-DEBUG-root-17288::webapp_internal::get_web_value|3232:: Current value: 
2025-12-11 10:42:45,085-DEBUG-root-17288::base::double_click|259:: Click Type: ClickType.SELENIUM
2025-12-11 10:42:45,344-DEBUG-root-17288::webapp_internal::wait_blocker|2444:: Waiting blocker to continue...
2025-12-11 10:42:45,525-DEBUG-root-17288::webapp_internal::wait_blocker|2469:: Blocker status: False
2025-12-11 10:42:45,892-DEBUG-root-17288::webapp_internal::get_web_value|3232:: Current value: TESTE DE SOLICITAÇÃO DE VIAGEM
2025-12-11 10:42:45,892-INFO-root-17288::webapp_internal::input_value|3059:: Current field value: TESTE DE SOLICITAÇÃO DE VIAGEM
2025-12-11 10:42:45,910-DEBUG-root-17288::webapp_internal::wait_blocker|2444:: Waiting blocker to continue...
2025-12-11 10:42:46,075-DEBUG-root-17288::webapp_internal::wait_blocker|2469:: Blocker status: False
2025-12-11 10:42:46,075-INFO-root-17288::webapp_internal::SetKey|5822:: Key pressed: TAB
2025-12-11 10:42:46,075-DEBUG-root-17288::webapp_internal::SetKey|5857:: Trying press key
2025-12-11 10:42:46,225-DEBUG-root-17288::webapp_internal::wait_blocker|2444:: Waiting blocker to continue...
2025-12-11 10:42:46,408-DEBUG-root-17288::webapp_internal::wait_blocker|2469:: Blocker status: False
2025-12-11 10:42:46,454-DEBUG-root-17288::webapp_internal::wait_blocker|2444:: Waiting blocker to continue...
2025-12-11 10:42:46,660-DEBUG-root-17288::webapp_internal::wait_blocker|2469:: Blocker status: False
2025-12-11 10:42:46,661-DEBUG-root-17288::webapp_internal::send_action|10480:: Trying to send action
2025-12-11 10:42:47,722-DEBUG-root-17288::webapp_internal::send_action|10522:: send_action method result = True
2025-12-11 10:42:47,722-DEBUG-root-17288::webapp_internal::send_action|10523:: send_action selenium status: False
2025-12-11 10:42:47,723-DEBUG-root-17288::webapp_internal::wait_element|7623:: Waiting for element
2025-12-11 10:42:47,859-DEBUG-root-17288::webapp_internal::wait_element|7653:: Element found! Waiting for element to be displayed.
2025-12-11 10:42:48,236-DEBUG-root-17288::webapp_internal::wait_blocker|2444:: Waiting blocker to continue...
2025-12-11 10:42:48,478-DEBUG-root-17288::webapp_internal::wait_blocker|2469:: Blocker status: False
2025-12-11 10:42:48,480-INFO-root-17288::webapp_internal::LoadGrid|6298:: Filling grid field: Favorecido
2025-12-11 10:42:48,480-DEBUG-root-17288::webapp_internal::fill_grid|6399:: Grid loading...
2025-12-11 10:42:48,742-DEBUG-root-17288::webapp_internal::fill_grid|6466:: Column found!
2025-12-11 10:42:48,801-DEBUG-root-17288::base::click|192:: Click Type: ClickType.ACTIONCHAINS
2025-12-11 10:42:49,125-DEBUG-root-17288::webapp_internal::fill_grid|6486:: Trying to select cell in grid!
2025-12-11 10:42:49,160-DEBUG-root-17288::base::click|192:: Click Type: ClickType.ACTIONCHAINS
2025-12-11 10:42:49,451-DEBUG-root-17288::webapp_internal::fill_grid|6486:: Trying to select cell in grid!
2025-12-11 10:42:49,455-DEBUG-root-17288::base::click|192:: Click Type: ClickType.ACTIONCHAINS
2025-12-11 10:42:49,742-DEBUG-root-17288::webapp_internal::fill_grid|6486:: Trying to select cell in grid!
2025-12-11 10:42:49,744-DEBUG-root-17288::base::click|192:: Click Type: ClickType.ACTIONCHAINS
2025-12-11 10:42:50,042-DEBUG-root-17288::webapp_internal::fill_grid|6486:: Trying to select cell in grid!
2025-12-11 10:42:50,045-DEBUG-root-17288::base::click|192:: Click Type: ClickType.ACTIONCHAINS
2025-12-11 10:42:50,334-DEBUG-root-17288::webapp_internal::fill_grid|6486:: Trying to select cell in grid!
2025-12-11 10:42:50,336-DEBUG-root-17288::base::click|192:: Click Type: ClickType.ACTIONCHAINS
2025-12-11 10:42:50,625-DEBUG-root-17288::webapp_internal::fill_grid|6486:: Trying to select cell in grid!
2025-12-11 10:42:50,627-DEBUG-root-17288::base::click|192:: Click Type: ClickType.ACTIONCHAINS
2025-12-11 10:42:50,920-DEBUG-root-17288::webapp_internal::fill_grid|6486:: Trying to select cell in grid!
2025-12-11 10:42:50,923-DEBUG-root-17288::base::click|192:: Click Type: ClickType.ACTIONCHAINS
2025-12-11 10:42:51,217-DEBUG-root-17288::webapp_internal::fill_grid|6486:: Trying to select cell in grid!
2025-12-11 10:42:51,219-DEBUG-root-17288::base::click|192:: Click Type: ClickType.ACTIONCHAINS
2025-12-11 10:42:51,506-DEBUG-root-17288::webapp_internal::fill_grid|6486:: Trying to select cell in grid!
2025-12-11 10:42:51,508-DEBUG-root-17288::base::click|192:: Click Type: ClickType.ACTIONCHAINS
2025-12-11 10:42:51,804-DEBUG-root-17288::webapp_internal::fill_grid|6486:: Trying to select cell in grid!
2025-12-11 10:42:51,806-DEBUG-root-17288::base::click|192:: Click Type: ClickType.ACTIONCHAINS
2025-12-11 10:42:52,091-DEBUG-root-17288::webapp_internal::fill_grid|6486:: Trying to select cell in grid!
2025-12-11 10:42:52,092-DEBUG-root-17288::base::click|192:: Click Type: ClickType.ACTIONCHAINS
2025-12-11 10:42:52,388-DEBUG-root-17288::webapp_internal::fill_grid|6486:: Trying to select cell in grid!
2025-12-11 10:42:52,391-DEBUG-root-17288::base::click|192:: Click Type: ClickType.ACTIONCHAINS
2025-12-11 10:42:52,684-DEBUG-root-17288::webapp_internal::fill_grid|6486:: Trying to select cell in grid!
2025-12-11 10:42:52,687-DEBUG-root-17288::base::click|192:: Click Type: ClickType.ACTIONCHAINS
2025-12-11 10:42:52,980-DEBUG-root-17288::webapp_internal::fill_grid|6486:: Trying to select cell in grid!
2025-12-11 10:42:52,985-DEBUG-root-17288::base::click|192:: Click Type: ClickType.ACTIONCHAINS
2025-12-11 10:42:53,276-DEBUG-root-17288::webapp_internal::fill_grid|6486:: Trying to select cell in grid!
2025-12-11 10:42:53,285-DEBUG-root-17288::base::click|192:: Click Type: ClickType.ACTIONCHAINS
2025-12-11 10:42:53,584-DEBUG-root-17288::webapp_internal::fill_grid|6486:: Trying to select cell in grid!
2025-12-11 10:42:53,586-DEBUG-root-17288::base::click|192:: Click Type: ClickType.ACTIONCHAINS
2025-12-11 10:42:53,875-DEBUG-root-17288::webapp_internal::fill_grid|6486:: Trying to select cell in grid!
2025-12-11 10:42:53,877-DEBUG-root-17288::base::click|192:: Click Type: ClickType.ACTIONCHAINS
2025-12-11 10:42:54,175-DEBUG-root-17288::webapp_internal::fill_grid|6486:: Trying to select cell in grid!
2025-12-11 10:42:54,177-DEBUG-root-17288::base::click|192:: Click Type: ClickType.ACTIONCHAINS
2025-12-11 10:42:54,462-DEBUG-root-17288::webapp_internal::fill_grid|6486:: Trying to select cell in grid!
2025-12-11 10:42:54,466-DEBUG-root-17288::base::click|192:: Click Type: ClickType.ACTIONCHAINS
2025-12-11 10:42:54,757-DEBUG-root-17288::webapp_internal::fill_grid|6486:: Trying to select cell in grid!
2025-12-11 10:42:54,760-DEBUG-root-17288::base::click|192:: Click Type: ClickType.ACTIONCHAINS
2025-12-11 10:42:55,050-DEBUG-root-17288::webapp_internal::fill_grid|6486:: Trying to select cell in grid!
2025-12-11 10:42:55,053-DEBUG-root-17288::base::click|192:: Click Type: ClickType.ACTIONCHAINS
2025-12-11 10:42:55,345-DEBUG-root-17288::webapp_internal::fill_grid|6486:: Trying to select cell in grid!
2025-12-11 10:42:55,351-DEBUG-root-17288::base::click|192:: Click Type: ClickType.ACTIONCHAINS
2025-12-11 10:42:55,640-DEBUG-root-17288::webapp_internal::fill_grid|6486:: Trying to select cell in grid!
2025-12-11 10:42:55,642-DEBUG-root-17288::base::click|192:: Click Type: ClickType.ACTIONCHAINS
2025-12-11 10:42:55,923-DEBUG-root-17288::webapp_internal::fill_grid|6486:: Trying to select cell in grid!
2025-12-11 10:42:55,925-DEBUG-root-17288::base::click|192:: Click Type: ClickType.ACTIONCHAINS
2025-12-11 10:42:56,218-DEBUG-root-17288::webapp_internal::fill_grid|6486:: Trying to select cell in grid!
2025-12-11 10:42:56,221-DEBUG-root-17288::base::click|192:: Click Type: ClickType.ACTIONCHAINS
2025-12-11 10:42:56,516-DEBUG-root-17288::webapp_internal::fill_grid|6486:: Trying to select cell in grid!
2025-12-11 10:42:56,518-DEBUG-root-17288::base::click|192:: Click Type: ClickType.ACTIONCHAINS
2025-12-11 10:42:56,806-DEBUG-root-17288::webapp_internal::fill_grid|6486:: Trying to select cell in grid!
2025-12-11 10:42:56,808-DEBUG-root-17288::base::click|192:: Click Type: ClickType.ACTIONCHAINS
2025-12-11 10:42:57,103-DEBUG-root-17288::webapp_internal::fill_grid|6486:: Trying to select cell in grid!
2025-12-11 10:42:57,105-DEBUG-root-17288::base::click|192:: Click Type: ClickType.ACTIONCHAINS
2025-12-11 10:42:57,403-DEBUG-root-17288::webapp_internal::fill_grid|6486:: Trying to select cell in grid!
2025-12-11 10:42:57,405-DEBUG-root-17288::base::click|192:: Click Type: ClickType.ACTIONCHAINS
2025-12-11 10:42:57,691-DEBUG-root-17288::webapp_internal::fill_grid|6486:: Trying to select cell in grid!
2025-12-11 10:42:57,693-DEBUG-root-17288::base::click|192:: Click Type: ClickType.ACTIONCHAINS
2025-12-11 10:42:57,988-DEBUG-root-17288::webapp_internal::fill_grid|6486:: Trying to select cell in grid!
2025-12-11 10:42:57,991-DEBUG-root-17288::base::click|192:: Click Type: ClickType.ACTIONCHAINS
2025-12-11 10:42:58,287-DEBUG-root-17288::webapp_internal::fill_grid|6486:: Trying to select cell in grid!
2025-12-11 10:42:58,289-DEBUG-root-17288::base::click|192:: Click Type: ClickType.ACTIONCHAINS
2025-12-11 10:42:58,575-DEBUG-root-17288::webapp_internal::fill_grid|6486:: Trying to select cell in grid!
2025-12-11 10:42:58,576-DEBUG-root-17288::base::click|192:: Click Type: ClickType.ACTIONCHAINS
2025-12-11 10:42:58,876-DEBUG-root-17288::webapp_internal::fill_grid|6486:: Trying to select cell in grid!
2025-12-11 10:42:58,883-DEBUG-root-17288::base::click|192:: Click Type: ClickType.ACTIONCHAINS
2025-12-11 10:42:59,169-DEBUG-root-17288::webapp_internal::fill_grid|6486:: Trying to select cell in grid!
2025-12-11 10:42:59,172-DEBUG-root-17288::base::click|192:: Click Type: ClickType.ACTIONCHAINS
2025-12-11 10:42:59,461-DEBUG-root-17288::webapp_internal::fill_grid|6486:: Trying to select cell in grid!
2025-12-11 10:42:59,466-DEBUG-root-17288::base::click|192:: Click Type: ClickType.ACTIONCHAINS
2025-12-11 10:42:59,758-DEBUG-root-17288::webapp_internal::fill_grid|6486:: Trying to select cell in grid!
2025-12-11 10:42:59,761-DEBUG-root-17288::base::click|192:: Click Type: ClickType.ACTIONCHAINS
2025-12-11 10:43:00,055-DEBUG-root-17288::webapp_internal::fill_grid|6486:: Trying to select cell in grid!
2025-12-11 10:43:00,058-DEBUG-root-17288::base::click|192:: Click Type: ClickType.ACTIONCHAINS
2025-12-11 10:43:00,344-DEBUG-root-17288::webapp_internal::fill_grid|6486:: Trying to select cell in grid!
2025-12-11 10:43:00,351-DEBUG-root-17288::base::click|192:: Click Type: ClickType.ACTIONCHAINS
2025-12-11 10:43:00,662-DEBUG-root-17288::webapp_internal::fill_grid|6486:: Trying to select cell in grid!
2025-12-11 10:43:00,669-DEBUG-root-17288::base::click|192:: Click Type: ClickType.ACTIONCHAINS
2025-12-11 10:43:00,937-DEBUG-root-17288::webapp_internal::fill_grid|6486:: Trying to select cell in grid!
2025-12-11 10:43:00,939-DEBUG-root-17288::base::click|192:: Click Type: ClickType.ACTIONCHAINS
2025-12-11 10:43:01,236-DEBUG-root-17288::webapp_internal::fill_grid|6486:: Trying to select cell in grid!
2025-12-11 10:43:01,240-DEBUG-root-17288::base::click|192:: Click Type: ClickType.ACTIONCHAINS
2025-12-11 10:43:01,526-DEBUG-root-17288::webapp_internal::fill_grid|6486:: Trying to select cell in grid!
2025-12-11 10:43:01,527-DEBUG-root-17288::base::click|192:: Click Type: ClickType.ACTIONCHAINS
2025-12-11 10:43:01,824-DEBUG-root-17288::webapp_internal::fill_grid|6486:: Trying to select cell in grid!
2025-12-11 10:43:01,827-DEBUG-root-17288::base::click|192:: Click Type: ClickType.ACTIONCHAINS
2025-12-11 10:43:02,120-DEBUG-root-17288::webapp_internal::fill_grid|6486:: Trying to select cell in grid!
2025-12-11 10:43:02,123-DEBUG-root-17288::base::click|192:: Click Type: ClickType.ACTIONCHAINS
2025-12-11 10:43:02,410-DEBUG-root-17288::webapp_internal::fill_grid|6486:: Trying to select cell in grid!
2025-12-11 10:43:02,412-DEBUG-root-17288::base::click|192:: Click Type: ClickType.ACTIONCHAINS
2025-12-11 10:43:02,677-DEBUG-root-17288::webapp_internal::fill_grid|6486:: Trying to select cell in grid!
2025-12-11 10:43:02,684-DEBUG-root-17288::base::click|192:: Click Type: ClickType.ACTIONCHAINS
2025-12-11 10:43:02,973-DEBUG-root-17288::webapp_internal::fill_grid|6486:: Trying to select cell in grid!
2025-12-11 10:43:02,975-DEBUG-root-17288::base::click|192:: Click Type: ClickType.ACTIONCHAINS
2025-12-11 10:43:03,268-DEBUG-root-17288::webapp_internal::fill_grid|6486:: Trying to select cell in grid!
2025-12-11 10:43:03,272-DEBUG-root-17288::base::click|192:: Click Type: ClickType.ACTIONCHAINS
2025-12-11 10:43:03,556-DEBUG-root-17288::webapp_internal::fill_grid|6486:: Trying to select cell in grid!
2025-12-11 10:43:03,558-DEBUG-root-17288::base::click|192:: Click Type: ClickType.ACTIONCHAINS
2025-12-11 10:43:03,856-DEBUG-root-17288::webapp_internal::fill_grid|6486:: Trying to select cell in grid!
2025-12-11 10:43:03,858-DEBUG-root-17288::base::click|192:: Click Type: ClickType.ACTIONCHAINS
2025-12-11 10:43:04,153-DEBUG-root-17288::webapp_internal::fill_grid|6486:: Trying to select cell in grid!
2025-12-11 10:43:04,155-DEBUG-root-17288::base::click|192:: Click Type: ClickType.ACTIONCHAINS
2025-12-11 10:43:04,442-DEBUG-root-17288::webapp_internal::fill_grid|6486:: Trying to select cell in grid!
2025-12-11 10:43:04,444-DEBUG-root-17288::base::click|192:: Click Type: ClickType.ACTIONCHAINS
2025-12-11 10:43:04,740-DEBUG-root-17288::webapp_internal::fill_grid|6486:: Trying to select cell in grid!
2025-12-11 10:43:04,743-DEBUG-root-17288::base::click|192:: Click Type: ClickType.ACTIONCHAINS
2025-12-11 10:43:05,039-DEBUG-root-17288::webapp_internal::fill_grid|6486:: Trying to select cell in grid!
2025-12-11 10:43:05,042-DEBUG-root-17288::base::click|192:: Click Type: ClickType.ACTIONCHAINS
2025-12-11 10:43:05,333-DEBUG-root-17288::webapp_internal::fill_grid|6486:: Trying to select cell in grid!
2025-12-11 10:43:05,335-DEBUG-root-17288::base::click|192:: Click Type: ClickType.ACTIONCHAINS
2025-12-11 10:43:05,622-DEBUG-root-17288::webapp_internal::fill_grid|6486:: Trying to select cell in grid!
2025-12-11 10:43:05,623-DEBUG-root-17288::base::click|192:: Click Type: ClickType.ACTIONCHAINS
2025-12-11 10:43:05,892-DEBUG-root-17288::webapp_internal::fill_grid|6486:: Trying to select cell in grid!
2025-12-11 10:43:05,895-DEBUG-root-17288::base::click|192:: Click Type: ClickType.ACTIONCHAINS
2025-12-11 10:43:06,187-DEBUG-root-17288::webapp_internal::fill_grid|6486:: Trying to select cell in grid!
2025-12-11 10:43:06,190-DEBUG-root-17288::base::click|192:: Click Type: ClickType.ACTIONCHAINS
2025-12-11 10:43:06,476-DEBUG-root-17288::webapp_internal::fill_grid|6486:: Trying to select cell in grid!
2025-12-11 10:43:06,478-DEBUG-root-17288::base::click|192:: Click Type: ClickType.ACTIONCHAINS
2025-12-11 10:43:06,771-DEBUG-root-17288::webapp_internal::fill_grid|6486:: Trying to select cell in grid!
2025-12-11 10:43:06,773-DEBUG-root-17288::base::click|192:: Click Type: ClickType.ACTIONCHAINS
2025-12-11 10:43:07,059-DEBUG-root-17288::webapp_internal::fill_grid|6486:: Trying to select cell in grid!
2025-12-11 10:43:07,060-DEBUG-root-17288::base::click|192:: Click Type: ClickType.ACTIONCHAINS
2025-12-11 10:43:07,358-DEBUG-root-17288::webapp_internal::fill_grid|6486:: Trying to select cell in grid!
2025-12-11 10:43:07,361-DEBUG-root-17288::base::click|192:: Click Type: ClickType.ACTIONCHAINS
2025-12-11 10:43:07,652-DEBUG-root-17288::webapp_internal::fill_grid|6486:: Trying to select cell in grid!
2025-12-11 10:43:07,653-DEBUG-root-17288::base::click|192:: Click Type: ClickType.ACTIONCHAINS
2025-12-11 10:43:07,943-DEBUG-root-17288::webapp_internal::fill_grid|6486:: Trying to select cell in grid!
2025-12-11 10:43:07,950-DEBUG-root-17288::base::click|192:: Click Type: ClickType.ACTIONCHAINS
2025-12-11 10:43:08,240-DEBUG-root-17288::webapp_internal::fill_grid|6486:: Trying to select cell in grid!
2025-12-11 10:43:08,242-DEBUG-root-17288::base::click|192:: Click Type: ClickType.ACTIONCHAINS
2025-12-11 10:43:08,538-DEBUG-root-17288::webapp_internal::fill_grid|6486:: Trying to select cell in grid!
2025-12-11 10:43:08,540-DEBUG-root-17288::base::click|192:: Click Type: ClickType.ACTIONCHAINS
2025-12-11 10:43:08,835-DEBUG-root-17288::webapp_internal::fill_grid|6486:: Trying to select cell in grid!
2025-12-11 10:43:08,840-DEBUG-root-17288::base::click|192:: Click Type: ClickType.ACTIONCHAINS
2025-12-11 10:43:09,108-DEBUG-root-17288::webapp_internal::fill_grid|6486:: Trying to select cell in grid!
2025-12-11 10:43:09,110-DEBUG-root-17288::base::click|192:: Click Type: ClickType.ACTIONCHAINS
2025-12-11 10:43:09,408-DEBUG-root-17288::webapp_internal::fill_grid|6486:: Trying to select cell in grid!
2025-12-11 10:43:09,412-DEBUG-root-17288::base::click|192:: Click Type: ClickType.ACTIONCHAINS
2025-12-11 10:43:09,693-DEBUG-root-17288::webapp_internal::fill_grid|6486:: Trying to select cell in grid!
2025-12-11 10:43:09,695-DEBUG-root-17288::base::click|192:: Click Type: ClickType.ACTIONCHAINS
2025-12-11 10:43:09,993-DEBUG-root-17288::webapp_internal::fill_grid|6486:: Trying to select cell in grid!
2025-12-11 10:43:09,995-DEBUG-root-17288::base::click|192:: Click Type: ClickType.ACTIONCHAINS
2025-12-11 10:43:10,289-DEBUG-root-17288::webapp_internal::fill_grid|6486:: Trying to select cell in grid!
2025-12-11 10:43:10,291-DEBUG-root-17288::base::click|192:: Click Type: ClickType.ACTIONCHAINS
2025-12-11 10:43:10,584-DEBUG-root-17288::webapp_internal::fill_grid|6486:: Trying to select cell in grid!
2025-12-11 10:43:10,586-DEBUG-root-17288::base::click|192:: Click Type: ClickType.ACTIONCHAINS
2025-12-11 10:43:10,884-DEBUG-root-17288::webapp_internal::fill_grid|6486:: Trying to select cell in grid!
2025-12-11 10:43:10,887-DEBUG-root-17288::base::click|192:: Click Type: ClickType.ACTIONCHAINS
2025-12-11 10:43:11,173-DEBUG-root-17288::webapp_internal::fill_grid|6486:: Trying to select cell in grid!
2025-12-11 10:43:11,175-DEBUG-root-17288::base::click|192:: Click Type: ClickType.ACTIONCHAINS
2025-12-11 10:43:11,455-DEBUG-root-17288::webapp_internal::fill_grid|6486:: Trying to select cell in grid!
2025-12-11 10:43:11,457-DEBUG-root-17288::base::click|192:: Click Type: ClickType.ACTIONCHAINS
2025-12-11 10:43:11,720-DEBUG-root-17288::webapp_internal::fill_grid|6486:: Trying to select cell in grid!
2025-12-11 10:43:11,722-DEBUG-root-17288::base::click|192:: Click Type: ClickType.ACTIONCHAINS
2025-12-11 10:43:12,008-DEBUG-root-17288::webapp_internal::fill_grid|6486:: Trying to select cell in grid!
2025-12-11 10:43:12,012-DEBUG-root-17288::base::click|192:: Click Type: ClickType.ACTIONCHAINS
2025-12-11 10:43:12,307-DEBUG-root-17288::webapp_internal::fill_grid|6486:: Trying to select cell in grid!
2025-12-11 10:43:12,309-DEBUG-root-17288::base::click|192:: Click Type: ClickType.ACTIONCHAINS
2025-12-11 10:43:12,600-DEBUG-root-17288::webapp_internal::fill_grid|6486:: Trying to select cell in grid!
2025-12-11 10:43:12,602-DEBUG-root-17288::base::click|192:: Click Type: ClickType.ACTIONCHAINS
2025-12-11 10:43:12,894-DEBUG-root-17288::webapp_internal::fill_grid|6486:: Trying to select cell in grid!
2025-12-11 10:43:12,903-DEBUG-root-17288::base::click|192:: Click Type: ClickType.ACTIONCHAINS
2025-12-11 10:43:13,186-DEBUG-root-17288::webapp_internal::fill_grid|6486:: Trying to select cell in grid!
2025-12-11 10:43:13,188-DEBUG-root-17288::base::click|192:: Click Type: ClickType.ACTIONCHAINS
2025-12-11 10:43:13,453-DEBUG-root-17288::webapp_internal::fill_grid|6486:: Trying to select cell in grid!
2025-12-11 10:43:13,455-DEBUG-root-17288::base::click|192:: Click Type: ClickType.ACTIONCHAINS
2025-12-11 10:43:13,745-DEBUG-root-17288::webapp_internal::fill_grid|6486:: Trying to select cell in grid!
2025-12-11 10:43:13,750-DEBUG-root-17288::base::click|192:: Click Type: ClickType.ACTIONCHAINS
2025-12-11 10:43:14,038-DEBUG-root-17288::webapp_internal::fill_grid|6486:: Trying to select cell in grid!
2025-12-11 10:43:14,041-DEBUG-root-17288::base::click|192:: Click Type: ClickType.ACTIONCHAINS
2025-12-11 10:43:14,303-DEBUG-root-17288::webapp_internal::fill_grid|6486:: Trying to select cell in grid!
2025-12-11 10:43:14,305-DEBUG-root-17288::base::click|192:: Click Type: ClickType.ACTIONCHAINS
2025-12-11 10:43:14,593-DEBUG-root-17288::webapp_internal::fill_grid|6486:: Trying to select cell in grid!
2025-12-11 10:43:14,595-DEBUG-root-17288::base::click|192:: Click Type: ClickType.ACTIONCHAINS
2025-12-11 10:43:14,894-DEBUG-root-17288::webapp_internal::fill_grid|6486:: Trying to select cell in grid!
2025-12-11 10:43:14,901-DEBUG-root-17288::base::click|192:: Click Type: ClickType.ACTIONCHAINS
2025-12-11 10:43:15,190-DEBUG-root-17288::webapp_internal::fill_grid|6486:: Trying to select cell in grid!
2025-12-11 10:43:15,193-DEBUG-root-17288::base::click|192:: Click Type: ClickType.ACTIONCHAINS
2025-12-11 10:43:15,477-DEBUG-root-17288::webapp_internal::fill_grid|6486:: Trying to select cell in grid!
2025-12-11 10:43:15,484-DEBUG-root-17288::base::click|192:: Click Type: ClickType.ACTIONCHAINS
2025-12-11 10:43:15,773-DEBUG-root-17288::webapp_internal::fill_grid|6486:: Trying to select cell in grid!
2025-12-11 10:43:15,775-DEBUG-root-17288::base::click|192:: Click Type: ClickType.ACTIONCHAINS
2025-12-11 10:43:16,070-DEBUG-root-17288::webapp_internal::fill_grid|6486:: Trying to select cell in grid!
2025-12-11 10:43:16,072-DEBUG-root-17288::base::click|192:: Click Type: ClickType.ACTIONCHAINS
2025-12-11 10:43:16,360-DEBUG-root-17288::webapp_internal::fill_grid|6486:: Trying to select cell in grid!
2025-12-11 10:43:16,367-DEBUG-root-17288::base::click|192:: Click Type: ClickType.ACTIONCHAINS
2025-12-11 10:43:16,658-DEBUG-root-17288::webapp_internal::fill_grid|6486:: Trying to select cell in grid!
2025-12-11 10:43:16,660-DEBUG-root-17288::base::click|192:: Click Type: ClickType.ACTIONCHAINS
2025-12-11 10:43:16,956-DEBUG-root-17288::webapp_internal::fill_grid|6486:: Trying to select cell in grid!
2025-12-11 10:43:16,958-DEBUG-root-17288::base::click|192:: Click Type: ClickType.ACTIONCHAINS
2025-12-11 10:43:17,253-DEBUG-root-17288::webapp_internal::fill_grid|6486:: Trying to select cell in grid!
2025-12-11 10:43:17,255-DEBUG-root-17288::base::click|192:: Click Type: ClickType.ACTIONCHAINS
2025-12-11 10:43:17,544-DEBUG-root-17288::webapp_internal::fill_grid|6486:: Trying to select cell in grid!
2025-12-11 10:43:17,550-DEBUG-root-17288::base::click|192:: Click Type: ClickType.ACTIONCHAINS
2025-12-11 10:43:17,839-DEBUG-root-17288::webapp_internal::fill_grid|6486:: Trying to select cell in grid!
2025-12-11 10:43:17,841-DEBUG-root-17288::base::click|192:: Click Type: ClickType.ACTIONCHAINS
2025-12-11 10:43:18,129-DEBUG-root-17288::webapp_internal::fill_grid|6486:: Trying to select cell in grid!
2025-12-11 10:43:18,134-DEBUG-root-17288::base::click|192:: Click Type: ClickType.ACTIONCHAINS
2025-12-11 10:43:18,422-DEBUG-root-17288::webapp_internal::fill_grid|6486:: Trying to select cell in grid!
2025-12-11 10:43:18,424-DEBUG-root-17288::base::click|192:: Click Type: ClickType.ACTIONCHAINS
2025-12-11 10:43:18,716-DEBUG-root-17288::webapp_internal::fill_grid|6486:: Trying to select cell in grid!
2025-12-11 10:43:18,719-DEBUG-root-17288::base::click|192:: Click Type: ClickType.ACTIONCHAINS
2025-12-11 10:43:19,008-DEBUG-root-17288::webapp_internal::fill_grid|6486:: Trying to select cell in grid!
2025-12-11 10:43:19,011-DEBUG-root-17288::base::click|192:: Click Type: ClickType.ACTIONCHAINS
2025-12-11 10:43:19,308-DEBUG-root-17288::webapp_internal::fill_grid|6486:: Trying to select cell in grid!
2025-12-11 10:43:19,316-DEBUG-root-17288::base::click|192:: Click Type: ClickType.ACTIONCHAINS
2025-12-11 10:43:19,612-DEBUG-root-17288::webapp_internal::fill_grid|6486:: Trying to select cell in grid!
2025-12-11 10:43:19,617-DEBUG-root-17288::base::click|192:: Click Type: ClickType.ACTIONCHAINS
2025-12-11 10:43:19,907-DEBUG-root-17288::webapp_internal::fill_grid|6486:: Trying to select cell in grid!
2025-12-11 10:43:19,910-DEBUG-root-17288::base::click|192:: Click Type: ClickType.ACTIONCHAINS
2025-12-11 10:43:20,201-DEBUG-root-17288::webapp_internal::fill_grid|6486:: Trying to select cell in grid!
2025-12-11 10:43:20,203-DEBUG-root-17288::base::click|192:: Click Type: ClickType.ACTIONCHAINS
2025-12-11 10:43:20,502-DEBUG-root-17288::webapp_internal::fill_grid|6486:: Trying to select cell in grid!
2025-12-11 10:43:20,508-DEBUG-root-17288::base::click|192:: Click Type: ClickType.ACTIONCHAINS
2025-12-11 10:43:20,778-DEBUG-root-17288::webapp_internal::fill_grid|6486:: Trying to select cell in grid!
2025-12-11 10:43:20,784-DEBUG-root-17288::base::click|192:: Click Type: ClickType.ACTIONCHAINS
2025-12-11 10:43:21,075-DEBUG-root-17288::webapp_internal::fill_grid|6486:: Trying to select cell in grid!
2025-12-11 10:43:21,077-DEBUG-root-17288::base::click|192:: Click Type: ClickType.ACTIONCHAINS
2025-12-11 10:43:21,373-DEBUG-root-17288::webapp_internal::fill_grid|6486:: Trying to select cell in grid!
2025-12-11 10:43:21,375-DEBUG-root-17288::base::click|192:: Click Type: ClickType.ACTIONCHAINS
2025-12-11 10:43:21,645-DEBUG-root-17288::webapp_internal::fill_grid|6486:: Trying to select cell in grid!
2025-12-11 10:43:21,652-DEBUG-root-17288::base::click|192:: Click Type: ClickType.ACTIONCHAINS
2025-12-11 10:43:21,945-DEBUG-root-17288::webapp_internal::fill_grid|6486:: Trying to select cell in grid!
2025-12-11 10:43:21,950-DEBUG-root-17288::base::click|192:: Click Type: ClickType.ACTIONCHAINS
2025-12-11 10:43:22,240-DEBUG-root-17288::webapp_internal::fill_grid|6486:: Trying to select cell in grid!
2025-12-11 10:43:22,242-DEBUG-root-17288::base::click|192:: Click Type: ClickType.ACTIONCHAINS
2025-12-11 10:43:22,521-DEBUG-root-17288::webapp_internal::fill_grid|6486:: Trying to select cell in grid!
2025-12-11 10:43:22,523-DEBUG-root-17288::base::click|192:: Click Type: ClickType.ACTIONCHAINS
2025-12-11 10:43:22,810-DEBUG-root-17288::webapp_internal::fill_grid|6486:: Trying to select cell in grid!
2025-12-11 10:43:22,817-DEBUG-root-17288::base::click|192:: Click Type: ClickType.ACTIONCHAINS
2025-12-11 10:43:23,106-DEBUG-root-17288::webapp_internal::fill_grid|6486:: Trying to select cell in grid!
2025-12-11 10:43:23,107-DEBUG-root-17288::base::click|192:: Click Type: ClickType.ACTIONCHAINS
2025-12-11 10:43:23,403-DEBUG-root-17288::webapp_internal::fill_grid|6486:: Trying to select cell in grid!
2025-12-11 10:43:23,405-DEBUG-root-17288::base::click|192:: Click Type: ClickType.ACTIONCHAINS
2025-12-11 10:43:23,693-DEBUG-root-17288::webapp_internal::fill_grid|6486:: Trying to select cell in grid!
2025-12-11 10:43:23,695-DEBUG-root-17288::base::click|192:: Click Type: ClickType.ACTIONCHAINS
2025-12-11 10:43:23,990-DEBUG-root-17288::webapp_internal::fill_grid|6486:: Trying to select cell in grid!
2025-12-11 10:43:23,992-DEBUG-root-17288::base::click|192:: Click Type: ClickType.ACTIONCHAINS
2025-12-11 10:43:24,272-DEBUG-root-17288::webapp_internal::fill_grid|6486:: Trying to select cell in grid!
2025-12-11 10:43:24,273-DEBUG-root-17288::base::click|192:: Click Type: ClickType.ACTIONCHAINS
2025-12-11 10:43:24,537-DEBUG-root-17288::webapp_internal::fill_grid|6486:: Trying to select cell in grid!
2025-12-11 10:43:24,540-DEBUG-root-17288::base::click|192:: Click Type: ClickType.ACTIONCHAINS
2025-12-11 10:43:24,805-DEBUG-root-17288::webapp_internal::fill_grid|6486:: Trying to select cell in grid!
2025-12-11 10:43:24,806-DEBUG-root-17288::base::click|192:: Click Type: ClickType.ACTIONCHAINS
2025-12-11 10:43:25,100-DEBUG-root-17288::webapp_internal::fill_grid|6486:: Trying to select cell in grid!
2025-12-11 10:43:25,103-DEBUG-root-17288::base::click|192:: Click Type: ClickType.ACTIONCHAINS
2025-12-11 10:43:25,392-DEBUG-root-17288::webapp_internal::fill_grid|6486:: Trying to select cell in grid!
2025-12-11 10:43:25,394-DEBUG-root-17288::base::click|192:: Click Type: ClickType.ACTIONCHAINS
2025-12-11 10:43:25,687-DEBUG-root-17288::webapp_internal::fill_grid|6486:: Trying to select cell in grid!
2025-12-11 10:43:25,689-DEBUG-root-17288::base::click|192:: Click Type: ClickType.ACTIONCHAINS
2025-12-11 10:43:25,975-DEBUG-root-17288::webapp_internal::fill_grid|6486:: Trying to select cell in grid!
2025-12-11 10:43:25,977-DEBUG-root-17288::base::click|192:: Click Type: ClickType.ACTIONCHAINS
2025-12-11 10:43:26,272-DEBUG-root-17288::webapp_internal::fill_grid|6486:: Trying to select cell in grid!
2025-12-11 10:43:26,274-DEBUG-root-17288::base::click|192:: Click Type: ClickType.ACTIONCHAINS
2025-12-11 10:43:26,537-DEBUG-root-17288::webapp_internal::fill_grid|6486:: Trying to select cell in grid!
2025-12-11 10:43:26,539-DEBUG-root-17288::base::click|192:: Click Type: ClickType.ACTIONCHAINS
2025-12-11 10:43:26,828-DEBUG-root-17288::webapp_internal::fill_grid|6486:: Trying to select cell in grid!
2025-12-11 10:43:26,833-DEBUG-root-17288::base::click|192:: Click Type: ClickType.ACTIONCHAINS
2025-12-11 10:43:27,126-DEBUG-root-17288::webapp_internal::fill_grid|6486:: Trying to select cell in grid!
2025-12-11 10:43:27,129-DEBUG-root-17288::base::click|192:: Click Type: ClickType.ACTIONCHAINS
2025-12-11 10:43:27,425-DEBUG-root-17288::webapp_internal::fill_grid|6486:: Trying to select cell in grid!
2025-12-11 10:43:27,427-DEBUG-root-17288::base::click|192:: Click Type: ClickType.ACTIONCHAINS
2025-12-11 10:43:27,720-DEBUG-root-17288::webapp_internal::fill_grid|6486:: Trying to select cell in grid!
2025-12-11 10:43:27,722-DEBUG-root-17288::base::click|192:: Click Type: ClickType.ACTIONCHAINS
2025-12-11 10:43:28,008-DEBUG-root-17288::webapp_internal::fill_grid|6486:: Trying to select cell in grid!
2025-12-11 10:43:28,011-DEBUG-root-17288::base::click|192:: Click Type: ClickType.ACTIONCHAINS
2025-12-11 10:43:28,285-DEBUG-root-17288::webapp_internal::fill_grid|6486:: Trying to select cell in grid!
2025-12-11 10:43:28,288-DEBUG-root-17288::base::click|192:: Click Type: ClickType.ACTIONCHAINS
2025-12-11 10:43:28,593-DEBUG-root-17288::webapp_internal::fill_grid|6486:: Trying to select cell in grid!
2025-12-11 10:43:28,600-DEBUG-root-17288::base::click|192:: Click Type: ClickType.ACTIONCHAINS
2025-12-11 10:43:28,888-DEBUG-root-17288::webapp_internal::fill_grid|6486:: Trying to select cell in grid!
2025-12-11 10:43:28,892-DEBUG-root-17288::base::click|192:: Click Type: ClickType.ACTIONCHAINS
2025-12-11 10:43:34,256-DEBUG-root-17288::webapp_internal::fill_grid|6498:: Trying open cell in grid!
2025-12-11 10:43:34,555-DEBUG-root-17288::webapp_internal::wait_blocker|2444:: Waiting blocker to continue...
2025-12-11 10:43:34,754-DEBUG-root-17288::webapp_internal::wait_blocker|2469:: Blocker status: False
2025-12-11 10:43:34,984-DEBUG-root-17288::webapp_internal::wait_element_timeout|7726:: Element found! Waiting for element to be displayed.
2025-12-11 10:43:35,488-DEBUG-root-17288::webapp_internal::fill_grid|6577:: Sending keys: 227884
2025-12-11 10:43:35,794-DEBUG-root-17288::webapp_internal::wait_blocker|2444:: Waiting blocker to continue...
2025-12-11 10:43:36,021-DEBUG-root-17288::webapp_internal::wait_blocker|2469:: Blocker status: False
2025-12-11 10:43:36,202-DEBUG-root-17288::webapp_internal::wait_element_timeout|7726:: Element found! Waiting for element to be displayed.
2025-12-11 10:43:36,634-INFO-root-17288::webapp_internal::ClickFolder|5081:: Clicking on folder: Transporte
2025-12-11 10:43:36,635-DEBUG-root-17288::webapp_internal::wait_blocker|2444:: Waiting blocker to continue...
2025-12-11 10:43:36,858-DEBUG-root-17288::webapp_internal::wait_blocker|2469:: Blocker status: False
2025-12-11 10:43:36,893-DEBUG-root-17288::webapp_internal::wait_element|7623:: Waiting for element
2025-12-11 10:43:37,234-DEBUG-root-17288::webapp_internal::wait_element|7653:: Element found! Waiting for element to be displayed.
2025-12-11 10:43:38,894-DEBUG-root-17288::webapp_internal::wait_blocker|2444:: Waiting blocker to continue...
2025-12-11 10:43:39,109-DEBUG-root-17288::webapp_internal::wait_blocker|2469:: Blocker status: False
2025-12-11 10:43:39,110-INFO-root-17288::webapp_internal::SetKey|5822:: Key pressed: TAB
2025-12-11 10:43:39,110-DEBUG-root-17288::webapp_internal::SetKey|5857:: Trying press key
2025-12-11 10:43:39,111-DEBUG-root-17288::webapp_internal::wait_element|7623:: Waiting for element
2025-12-11 10:43:39,270-DEBUG-root-17288::webapp_internal::wait_element|7653:: Element found! Waiting for element to be displayed.
2025-12-11 10:43:39,612-DEBUG-root-17288::webapp_internal::wait_blocker|2444:: Waiting blocker to continue...
2025-12-11 10:43:39,785-DEBUG-root-17288::webapp_internal::wait_blocker|2469:: Blocker status: False
2025-12-11 10:43:39,785-INFO-root-17288::webapp_internal::LoadGrid|6298:: Filling grid field: Tipo
2025-12-11 10:43:39,785-DEBUG-root-17288::webapp_internal::fill_grid|6399:: Grid loading...
2025-12-11 10:43:40,191-DEBUG-root-17288::webapp_internal::fill_grid|6466:: Column found!
2025-12-11 10:43:40,254-DEBUG-root-17288::base::click|192:: Click Type: ClickType.ACTIONCHAINS
2025-12-11 10:43:45,660-DEBUG-root-17288::webapp_internal::fill_grid|6498:: Trying open cell in grid!
2025-12-11 10:43:45,952-DEBUG-root-17288::webapp_internal::wait_blocker|2444:: Waiting blocker to continue...
2025-12-11 10:43:46,146-DEBUG-root-17288::webapp_internal::wait_blocker|2469:: Blocker status: False
2025-12-11 10:43:46,362-DEBUG-root-17288::webapp_internal::wait_element_timeout|7726:: Element found! Waiting for element to be displayed.
2025-12-11 10:43:47,862-INFO-root-17288::base::select_combo|871:: Selected value for combo is: 1 - Aereo
2025-12-11 10:43:48,124-DEBUG-root-17288::webapp_internal::wait_blocker|2444:: Waiting blocker to continue...
2025-12-11 10:43:48,285-DEBUG-root-17288::webapp_internal::wait_blocker|2469:: Blocker status: False
2025-12-11 10:43:48,343-DEBUG-root-17288::webapp_internal::wait_blocker|2444:: Waiting blocker to continue...
2025-12-11 10:43:48,525-DEBUG-root-17288::webapp_internal::wait_blocker|2469:: Blocker status: False
2025-12-11 10:43:48,525-DEBUG-root-17288::webapp_internal::send_action|10480:: Trying to send action
2025-12-11 10:43:49,569-DEBUG-root-17288::webapp_internal::send_action|10522:: send_action method result = True
2025-12-11 10:43:49,569-DEBUG-root-17288::webapp_internal::send_action|10523:: send_action selenium status: False
2025-12-11 10:43:49,569-DEBUG-root-17288::webapp_internal::wait_blocker|2444:: Waiting blocker to continue...
2025-12-11 10:43:49,728-DEBUG-root-17288::webapp_internal::wait_blocker|2469:: Blocker status: False
2025-12-11 10:43:49,729-INFO-root-17288::webapp_internal::SetKey|5822:: Key pressed: TAB
2025-12-11 10:43:49,729-DEBUG-root-17288::webapp_internal::SetKey|5857:: Trying press key
2025-12-11 10:43:49,729-DEBUG-root-17288::webapp_internal::wait_element|7623:: Waiting for element
2025-12-11 10:43:49,847-DEBUG-root-17288::webapp_internal::wait_element|7653:: Element found! Waiting for element to be displayed.
2025-12-11 10:43:50,234-DEBUG-root-17288::webapp_internal::wait_blocker|2444:: Waiting blocker to continue...
2025-12-11 10:43:50,377-DEBUG-root-17288::webapp_internal::wait_blocker|2469:: Blocker status: False
2025-12-11 10:43:50,377-INFO-root-17288::webapp_internal::LoadGrid|6298:: Filling grid field: Partida
2025-12-11 10:43:50,378-DEBUG-root-17288::webapp_internal::fill_grid|6399:: Grid loading...
2025-12-11 10:43:50,776-DEBUG-root-17288::webapp_internal::fill_grid|6466:: Column found!
2025-12-11 10:43:50,816-DEBUG-root-17288::base::click|192:: Click Type: ClickType.ACTIONCHAINS
2025-12-11 10:43:56,334-DEBUG-root-17288::webapp_internal::fill_grid|6498:: Trying open cell in grid!
2025-12-11 10:43:56,625-DEBUG-root-17288::webapp_internal::wait_blocker|2444:: Waiting blocker to continue...
2025-12-11 10:43:56,871-DEBUG-root-17288::webapp_internal::wait_blocker|2469:: Blocker status: False
2025-12-11 10:43:57,073-DEBUG-root-17288::webapp_internal::wait_element_timeout|7726:: Element found! Waiting for element to be displayed.
2025-12-11 10:43:57,596-DEBUG-root-17288::webapp_internal::fill_grid|6577:: Sending keys: 05/01/2026
2025-12-11 10:43:57,888-DEBUG-root-17288::webapp_internal::wait_blocker|2444:: Waiting blocker to continue...
2025-12-11 10:43:58,125-DEBUG-root-17288::webapp_internal::wait_blocker|2469:: Blocker status: False
2025-12-11 10:44:03,776-DEBUG-root-17288::webapp_internal::wait_blocker|2444:: Waiting blocker to continue...
2025-12-11 10:44:03,916-DEBUG-root-17288::webapp_internal::wait_blocker|2469:: Blocker status: False
2025-12-11 10:44:03,961-DEBUG-root-17288::webapp_internal::wait_blocker|2444:: Waiting blocker to continue...
2025-12-11 10:44:04,105-DEBUG-root-17288::webapp_internal::wait_blocker|2469:: Blocker status: False
2025-12-11 10:44:04,106-DEBUG-root-17288::webapp_internal::send_action|10480:: Trying to send action
2025-12-11 10:44:05,152-DEBUG-root-17288::webapp_internal::send_action|10522:: send_action method result = True
2025-12-11 10:44:05,153-DEBUG-root-17288::webapp_internal::send_action|10523:: send_action selenium status: False
2025-12-11 10:44:05,153-DEBUG-root-17288::webapp_internal::wait_blocker|2444:: Waiting blocker to continue...
2025-12-11 10:44:05,339-DEBUG-root-17288::webapp_internal::wait_blocker|2469:: Blocker status: False
2025-12-11 10:44:05,339-INFO-root-17288::webapp_internal::SetKey|5822:: Key pressed: TAB
2025-12-11 10:44:05,339-DEBUG-root-17288::webapp_internal::SetKey|5857:: Trying press key
2025-12-11 10:44:05,340-DEBUG-root-17288::webapp_internal::wait_element|7623:: Waiting for element
2025-12-11 10:44:05,453-DEBUG-root-17288::webapp_internal::wait_element|7653:: Element found! Waiting for element to be displayed.
2025-12-11 10:44:05,783-DEBUG-root-17288::webapp_internal::wait_blocker|2444:: Waiting blocker to continue...
2025-12-11 10:44:05,967-DEBUG-root-17288::webapp_internal::wait_blocker|2469:: Blocker status: False
2025-12-11 10:44:05,967-INFO-root-17288::webapp_internal::LoadGrid|6298:: Filling grid field: Hora Partida
2025-12-11 10:44:05,968-DEBUG-root-17288::webapp_internal::fill_grid|6399:: Grid loading...
2025-12-11 10:44:06,384-DEBUG-root-17288::webapp_internal::fill_grid|6466:: Column found!
2025-12-11 10:44:06,450-DEBUG-root-17288::base::click|192:: Click Type: ClickType.ACTIONCHAINS
2025-12-11 10:44:11,926-DEBUG-root-17288::webapp_internal::fill_grid|6498:: Trying open cell in grid!
2025-12-11 10:44:12,212-DEBUG-root-17288::webapp_internal::wait_blocker|2444:: Waiting blocker to continue...
2025-12-11 10:44:12,425-DEBUG-root-17288::webapp_internal::wait_blocker|2469:: Blocker status: False
2025-12-11 10:44:12,619-DEBUG-root-17288::webapp_internal::wait_element_timeout|7726:: Element found! Waiting for element to be displayed.
2025-12-11 10:44:13,160-DEBUG-root-17288::webapp_internal::fill_grid|6577:: Sending keys: 08:00
2025-12-11 10:44:13,454-DEBUG-root-17288::webapp_internal::wait_blocker|2444:: Waiting blocker to continue...
2025-12-11 10:44:13,693-DEBUG-root-17288::webapp_internal::wait_blocker|2469:: Blocker status: False
2025-12-11 10:44:19,292-DEBUG-root-17288::webapp_internal::wait_blocker|2444:: Waiting blocker to continue...
2025-12-11 10:44:19,553-DEBUG-root-17288::webapp_internal::wait_blocker|2469:: Blocker status: False
2025-12-11 10:44:19,595-DEBUG-root-17288::webapp_internal::wait_blocker|2444:: Waiting blocker to continue...
2025-12-11 10:44:19,795-DEBUG-root-17288::webapp_internal::wait_blocker|2469:: Blocker status: False
2025-12-11 10:44:19,798-DEBUG-root-17288::webapp_internal::send_action|10480:: Trying to send action
2025-12-11 10:44:20,842-DEBUG-root-17288::webapp_internal::send_action|10522:: send_action method result = True
2025-12-11 10:44:20,843-DEBUG-root-17288::webapp_internal::send_action|10523:: send_action selenium status: False
2025-12-11 10:44:20,843-DEBUG-root-17288::webapp_internal::wait_blocker|2444:: Waiting blocker to continue...
2025-12-11 10:44:21,038-DEBUG-root-17288::webapp_internal::wait_blocker|2469:: Blocker status: False
2025-12-11 10:44:21,038-INFO-root-17288::webapp_internal::SetKey|5822:: Key pressed: TAB
2025-12-11 10:44:21,038-DEBUG-root-17288::webapp_internal::SetKey|5857:: Trying press key
2025-12-11 10:44:21,038-DEBUG-root-17288::webapp_internal::wait_element|7623:: Waiting for element
2025-12-11 10:44:21,157-DEBUG-root-17288::webapp_internal::wait_element|7653:: Element found! Waiting for element to be displayed.
2025-12-11 10:44:21,504-DEBUG-root-17288::webapp_internal::wait_blocker|2444:: Waiting blocker to continue...
2025-12-11 10:44:21,685-DEBUG-root-17288::webapp_internal::wait_blocker|2469:: Blocker status: False
2025-12-11 10:44:21,685-INFO-root-17288::webapp_internal::LoadGrid|6298:: Filling grid field: Origem
2025-12-11 10:44:21,686-DEBUG-root-17288::webapp_internal::fill_grid|6399:: Grid loading...
2025-12-11 10:44:22,109-DEBUG-root-17288::webapp_internal::fill_grid|6466:: Column found!
2025-12-11 10:44:22,151-DEBUG-root-17288::base::click|192:: Click Type: ClickType.ACTIONCHAINS
2025-12-11 10:44:27,640-DEBUG-root-17288::webapp_internal::fill_grid|6498:: Trying open cell in grid!
2025-12-11 10:44:27,940-DEBUG-root-17288::webapp_internal::wait_blocker|2444:: Waiting blocker to continue...
2025-12-11 10:44:28,122-DEBUG-root-17288::webapp_internal::wait_blocker|2469:: Blocker status: False
2025-12-11 10:44:28,339-DEBUG-root-17288::webapp_internal::wait_element_timeout|7726:: Element found! Waiting for element to be displayed.
2025-12-11 10:44:28,838-DEBUG-root-17288::webapp_internal::fill_grid|6577:: Sending keys: DF00108
2025-12-11 10:44:29,141-DEBUG-root-17288::webapp_internal::wait_blocker|2444:: Waiting blocker to continue...
2025-12-11 10:44:29,339-DEBUG-root-17288::webapp_internal::wait_blocker|2469:: Blocker status: False
2025-12-11 10:44:29,569-DEBUG-root-17288::webapp_internal::wait_element_timeout|7726:: Element found! Waiting for element to be displayed.
2025-12-11 10:44:30,242-DEBUG-root-17288::webapp_internal::wait_blocker|2444:: Waiting blocker to continue...
2025-12-11 10:44:30,450-DEBUG-root-17288::webapp_internal::wait_blocker|2469:: Blocker status: False
2025-12-11 10:44:30,518-DEBUG-root-17288::webapp_internal::wait_blocker|2444:: Waiting blocker to continue...
2025-12-11 10:44:30,733-DEBUG-root-17288::webapp_internal::wait_blocker|2469:: Blocker status: False
2025-12-11 10:44:30,734-DEBUG-root-17288::webapp_internal::send_action|10480:: Trying to send action
2025-12-11 10:44:31,799-DEBUG-root-17288::webapp_internal::send_action|10522:: send_action method result = True
2025-12-11 10:44:31,799-DEBUG-root-17288::webapp_internal::send_action|10523:: send_action selenium status: False
2025-12-11 10:44:31,800-DEBUG-root-17288::webapp_internal::wait_blocker|2444:: Waiting blocker to continue...
2025-12-11 10:44:32,068-DEBUG-root-17288::webapp_internal::wait_blocker|2469:: Blocker status: False
2025-12-11 10:44:32,068-INFO-root-17288::webapp_internal::SetKey|5822:: Key pressed: TAB
2025-12-11 10:44:32,068-DEBUG-root-17288::webapp_internal::SetKey|5857:: Trying press key
2025-12-11 10:44:32,069-DEBUG-root-17288::webapp_internal::wait_element|7623:: Waiting for element
2025-12-11 10:44:32,196-DEBUG-root-17288::webapp_internal::wait_element|7653:: Element found! Waiting for element to be displayed.
2025-12-11 10:44:32,539-DEBUG-root-17288::webapp_internal::wait_blocker|2444:: Waiting blocker to continue...
2025-12-11 10:44:32,767-DEBUG-root-17288::webapp_internal::wait_blocker|2469:: Blocker status: False
2025-12-11 10:44:32,767-INFO-root-17288::webapp_internal::LoadGrid|6298:: Filling grid field: Destino
2025-12-11 10:44:32,768-DEBUG-root-17288::webapp_internal::fill_grid|6399:: Grid loading...
2025-12-11 10:44:33,203-DEBUG-root-17288::webapp_internal::fill_grid|6466:: Column found!
2025-12-11 10:44:33,268-DEBUG-root-17288::base::click|192:: Click Type: ClickType.ACTIONCHAINS
2025-12-11 10:44:38,596-DEBUG-root-17288::webapp_internal::fill_grid|6498:: Trying open cell in grid!
2025-12-11 10:44:38,891-DEBUG-root-17288::webapp_internal::wait_blocker|2444:: Waiting blocker to continue...
2025-12-11 10:44:39,124-DEBUG-root-17288::webapp_internal::wait_blocker|2469:: Blocker status: False
2025-12-11 10:44:39,325-DEBUG-root-17288::webapp_internal::wait_element_timeout|7726:: Element found! Waiting for element to be displayed.
2025-12-11 10:44:39,844-DEBUG-root-17288::webapp_internal::fill_grid|6577:: Sending keys: GO08707
2025-12-11 10:44:40,155-DEBUG-root-17288::webapp_internal::wait_blocker|2444:: Waiting blocker to continue...
2025-12-11 10:44:40,344-DEBUG-root-17288::webapp_internal::wait_blocker|2469:: Blocker status: False
2025-12-11 10:44:40,535-DEBUG-root-17288::webapp_internal::wait_element_timeout|7726:: Element found! Waiting for element to be displayed.
2025-12-11 10:44:41,163-DEBUG-root-17288::webapp_internal::wait_blocker|2444:: Waiting blocker to continue...
2025-12-11 10:44:41,373-DEBUG-root-17288::webapp_internal::wait_blocker|2469:: Blocker status: False
2025-12-11 10:44:41,407-DEBUG-root-17288::webapp_internal::wait_blocker|2444:: Waiting blocker to continue...
2025-12-11 10:44:41,607-DEBUG-root-17288::webapp_internal::wait_blocker|2469:: Blocker status: False
2025-12-11 10:44:41,608-DEBUG-root-17288::webapp_internal::send_action|10480:: Trying to send action
2025-12-11 10:44:42,676-DEBUG-root-17288::webapp_internal::send_action|10522:: send_action method result = True
2025-12-11 10:44:42,677-DEBUG-root-17288::webapp_internal::send_action|10523:: send_action selenium status: False
2025-12-11 10:44:42,678-DEBUG-root-17288::webapp_internal::wait_blocker|2444:: Waiting blocker to continue...
2025-12-11 10:44:42,889-DEBUG-root-17288::webapp_internal::wait_blocker|2469:: Blocker status: False
2025-12-11 10:44:42,890-INFO-root-17288::webapp_internal::SetKey|5822:: Key pressed: TAB
2025-12-11 10:44:42,890-DEBUG-root-17288::webapp_internal::SetKey|5857:: Trying press key
2025-12-11 10:44:42,890-DEBUG-root-17288::webapp_internal::wait_element|7623:: Waiting for element
2025-12-11 10:44:43,012-DEBUG-root-17288::webapp_internal::wait_element|7653:: Element found! Waiting for element to be displayed.
2025-12-11 10:44:43,336-DEBUG-root-17288::webapp_internal::wait_blocker|2444:: Waiting blocker to continue...
2025-12-11 10:44:43,608-DEBUG-root-17288::webapp_internal::wait_blocker|2469:: Blocker status: False
2025-12-11 10:44:43,609-INFO-root-17288::webapp_internal::LoadGrid|6298:: Filling grid field: Chegada
2025-12-11 10:44:43,610-DEBUG-root-17288::webapp_internal::fill_grid|6399:: Grid loading...
2025-12-11 10:44:44,075-DEBUG-root-17288::webapp_internal::fill_grid|6466:: Column found!
2025-12-11 10:44:44,159-DEBUG-root-17288::base::click|192:: Click Type: ClickType.ACTIONCHAINS
2025-12-11 10:44:49,636-DEBUG-root-17288::webapp_internal::fill_grid|6498:: Trying open cell in grid!
2025-12-11 10:44:49,928-DEBUG-root-17288::webapp_internal::wait_blocker|2444:: Waiting blocker to continue...
2025-12-11 10:44:50,191-DEBUG-root-17288::webapp_internal::wait_blocker|2469:: Blocker status: False
2025-12-11 10:44:50,402-DEBUG-root-17288::webapp_internal::wait_element_timeout|7726:: Element found! Waiting for element to be displayed.
2025-12-11 10:44:50,926-DEBUG-root-17288::webapp_internal::fill_grid|6577:: Sending keys: 05/01/2026
2025-12-11 10:44:51,236-DEBUG-root-17288::webapp_internal::wait_blocker|2444:: Waiting blocker to continue...
2025-12-11 10:44:51,409-DEBUG-root-17288::webapp_internal::wait_blocker|2469:: Blocker status: False
2025-12-11 10:44:56,886-DEBUG-root-17288::webapp_internal::wait_blocker|2444:: Waiting blocker to continue...
2025-12-11 10:44:57,058-DEBUG-root-17288::webapp_internal::wait_blocker|2469:: Blocker status: False
2025-12-11 10:44:57,085-DEBUG-root-17288::webapp_internal::wait_blocker|2444:: Waiting blocker to continue...
2025-12-11 10:44:57,233-DEBUG-root-17288::webapp_internal::wait_blocker|2469:: Blocker status: False
2025-12-11 10:44:57,233-DEBUG-root-17288::webapp_internal::send_action|10480:: Trying to send action
2025-12-11 10:44:58,278-DEBUG-root-17288::webapp_internal::send_action|10522:: send_action method result = True
2025-12-11 10:44:58,279-DEBUG-root-17288::webapp_internal::send_action|10523:: send_action selenium status: False
2025-12-11 10:44:58,279-DEBUG-root-17288::webapp_internal::wait_element|7623:: Waiting for element
2025-12-11 10:44:58,393-DEBUG-root-17288::webapp_internal::wait_element|7653:: Element found! Waiting for element to be displayed.
2025-12-11 10:44:58,707-DEBUG-root-17288::webapp_internal::wait_blocker|2444:: Waiting blocker to continue...
2025-12-11 10:44:58,836-DEBUG-root-17288::webapp_internal::wait_blocker|2469:: Blocker status: False
2025-12-11 10:44:58,836-INFO-root-17288::webapp_internal::LoadGrid|6298:: Filling grid field: Hora Chegada
2025-12-11 10:44:58,836-DEBUG-root-17288::webapp_internal::fill_grid|6399:: Grid loading...
2025-12-11 10:44:59,234-DEBUG-root-17288::webapp_internal::fill_grid|6466:: Column found!
2025-12-11 10:44:59,272-DEBUG-root-17288::base::click|192:: Click Type: ClickType.ACTIONCHAINS
2025-12-11 10:45:04,662-DEBUG-root-17288::webapp_internal::fill_grid|6498:: Trying open cell in grid!
2025-12-11 10:45:04,959-DEBUG-root-17288::webapp_internal::wait_blocker|2444:: Waiting blocker to continue...
2025-12-11 10:45:05,144-DEBUG-root-17288::webapp_internal::wait_blocker|2469:: Blocker status: False
2025-12-11 10:45:05,333-DEBUG-root-17288::webapp_internal::wait_element_timeout|7726:: Element found! Waiting for element to be displayed.
2025-12-11 10:45:05,740-DEBUG-root-17288::webapp_internal::fill_grid|6577:: Sending keys: 12:00
2025-12-11 10:45:06,038-DEBUG-root-17288::webapp_internal::wait_blocker|2444:: Waiting blocker to continue...
2025-12-11 10:45:06,193-DEBUG-root-17288::webapp_internal::wait_blocker|2469:: Blocker status: False
2025-12-11 10:45:11,537-INFO-root-17288::webapp_internal::ClickFolder|5081:: Clicking on folder: Treinamento
2025-12-11 10:45:11,538-DEBUG-root-17288::webapp_internal::wait_blocker|2444:: Waiting blocker to continue...
2025-12-11 10:45:11,679-DEBUG-root-17288::webapp_internal::wait_blocker|2469:: Blocker status: False
2025-12-11 10:45:11,716-DEBUG-root-17288::webapp_internal::wait_element|7623:: Waiting for element
2025-12-11 10:45:12,042-DEBUG-root-17288::webapp_internal::wait_element|7653:: Element found! Waiting for element to be displayed.
2025-12-11 10:45:14,097-INFO-root-17288::webapp_internal::ClickFolder|5081:: Clicking on folder: Transporte
2025-12-11 10:45:14,097-DEBUG-root-17288::webapp_internal::wait_blocker|2444:: Waiting blocker to continue...
2025-12-11 10:45:14,224-DEBUG-root-17288::webapp_internal::wait_blocker|2469:: Blocker status: False
2025-12-11 10:45:14,260-DEBUG-root-17288::webapp_internal::wait_element|7623:: Waiting for element
2025-12-11 10:45:14,538-DEBUG-root-17288::webapp_internal::wait_element|7653:: Element found! Waiting for element to be displayed.
2025-12-11 10:45:16,093-DEBUG-root-17288::webapp_internal::wait_blocker|2444:: Waiting blocker to continue...
2025-12-11 10:45:16,235-DEBUG-root-17288::webapp_internal::wait_blocker|2469:: Blocker status: False
2025-12-11 10:45:16,235-DEBUG-root-17288::webapp_internal::wait_blocker|2444:: Waiting blocker to continue...
2025-12-11 10:45:16,370-DEBUG-root-17288::webapp_internal::wait_blocker|2469:: Blocker status: False
2025-12-11 10:45:16,371-INFO-root-17288::webapp_internal::SetKey|5822:: Key pressed: DOWN
2025-12-11 10:45:16,371-DEBUG-root-17288::webapp_internal::wait_blocker|2444:: Waiting blocker to continue...
2025-12-11 10:45:16,509-DEBUG-root-17288::webapp_internal::wait_blocker|2469:: Blocker status: False
2025-12-11 10:45:16,509-DEBUG-root-17288::webapp_internal::wait_blocker|2444:: Waiting blocker to continue...
2025-12-11 10:45:16,658-DEBUG-root-17288::webapp_internal::wait_blocker|2469:: Blocker status: False
2025-12-11 10:45:16,658-INFO-root-17288::webapp_internal::SetKey|5822:: Key pressed: TAB
2025-12-11 10:45:16,658-DEBUG-root-17288::webapp_internal::SetKey|5857:: Trying press key
2025-12-11 10:45:16,658-DEBUG-root-17288::webapp_internal::wait_element|7623:: Waiting for element
2025-12-11 10:45:16,762-DEBUG-root-17288::webapp_internal::wait_element|7653:: Element found! Waiting for element to be displayed.
2025-12-11 10:45:17,037-DEBUG-root-17288::webapp_internal::new_grid_line|7014:: New grid line
2025-12-11 10:45:18,568-DEBUG-root-17288::webapp_internal::wait_blocker|2444:: Waiting blocker to continue...
2025-12-11 10:45:18,707-DEBUG-root-17288::webapp_internal::wait_blocker|2469:: Blocker status: False
2025-12-11 10:45:18,707-INFO-root-17288::webapp_internal::LoadGrid|6298:: Filling grid field: Tipo
2025-12-11 10:45:18,707-DEBUG-root-17288::webapp_internal::fill_grid|6399:: Grid loading...
2025-12-11 10:45:18,943-DEBUG-root-17288::webapp_internal::fill_grid|6466:: Column found!
2025-12-11 10:45:18,986-DEBUG-root-17288::base::click|192:: Click Type: ClickType.ACTIONCHAINS
2025-12-11 10:45:24,368-DEBUG-root-17288::webapp_internal::fill_grid|6498:: Trying open cell in grid!
2025-12-11 10:45:24,638-DEBUG-root-17288::webapp_internal::wait_blocker|2444:: Waiting blocker to continue...
2025-12-11 10:45:24,793-DEBUG-root-17288::webapp_internal::wait_blocker|2469:: Blocker status: False
2025-12-11 10:45:24,984-DEBUG-root-17288::webapp_internal::wait_element_timeout|7726:: Element found! Waiting for element to be displayed.
2025-12-11 10:45:25,260-INFO-root-17288::webapp_internal::LoadGrid|6304:: Checking grid field value: Item
2025-12-11 10:45:52,482-WARNING-root-17288::webapp_internal::log_error|8143:: Warning log_error SetKey - Screen is not load: Message: WebDriver session does not exist, or is not active
Stacktrace:
RemoteError@chrome://remote/content/shared/RemoteError.sys.mjs:8:8
WebDriverError@chrome://remote/content/shared/webdriver/Errors.sys.mjs:202:5
InvalidSessionIDError@chrome://remote/content/shared/webdriver/Errors.sys.mjs:472:5
assert.that/<@chrome://remote/content/shared/webdriver/Assert.sys.mjs:581:13
assert.session@chrome://remote/content/shared/webdriver/Assert.sys.mjs:38:4
dispatch@chrome://remote/content/marionette/server.sys.mjs:315:19
execute@chrome://remote/content/marionette/server.sys.mjs:289:16
onPacket/<@chrome://remote/content/marionette/server.sys.mjs:262:20
onPacket@chrome://remote/content/marionette/server.sys.mjs:263:9
_onJSONObjectReady/<@chrome://remote/content/marionette/transport.sys.mjs:494:20

2025-12-11 10:45:52,483-DEBUG-root-17288::webapp_internal::log_error|8146:: ***System Info*** in log_error():
2025-12-11 10:45:52,484-DEBUG-root-17288::psutil_info::system_info|5:: CPU USAGE: 9.7%
2025-12-11 10:45:52,486-DEBUG-root-17288::psutil_info::system_info|6:: MEMORY USAGE: 89.4%
2025-12-11 10:45:52,487-DEBUG-root-17288::psutil_info::system_info|7:: MEMORY AVAILABLE: 10.64%
2025-12-11 10:45:52,530-DEBUG-root-17288::log::take_screenshot_log|612:: take_screenshot_log in:2025-12-11 10:45:52.530049

2025-12-11 10:45:53,049-ERROR-root-17288::log::take_screenshot_log|629:: Warning Log Error save_screenshot exception Message: Failed to decode response from marionette
Traceback (most recent call last):
  File "C:\TIR_TESTE\venv\Lib\site-packages\tir\technologies\webapp_internal.py", line 5861, in SetKey
    self.LoadGrid()
  File "C:\TIR_TESTE\venv\Lib\site-packages\tir\technologies\webapp_internal.py", line 6305, in LoadGrid
    self.check_grid(field, x3_dictionaries, position=field[4])
  File "C:\TIR_TESTE\venv\Lib\site-packages\tir\technologies\webapp_internal.py", line 6819, in check_grid
    headers = self.get_headers_from_grids(grids, column_name=field[1], position=position)
              ^^^^^^^^^^^^^^^^^^^^^^^^^^^^^^^^^^^^^^^^^^^^^^^^^^^^^^^^^^^^^^^^^^^^^^^^^^^
  File "C:\TIR_TESTE\venv\Lib\site-packages\tir\technologies\webapp_internal.py", line 7482, in get_headers_from_grids
    keys = list(map(lambda x: x.text.strip().lower(), labels))
           ^^^^^^^^^^^^^^^^^^^^^^^^^^^^^^^^^^^^^^^^^^^^^^^^^^^
  File "C:\TIR_TESTE\venv\Lib\site-packages\tir\technologies\webapp_internal.py", line 7482, in <lambda>
    keys = list(map(lambda x: x.text.strip().lower(), labels))
                              ^^^^^^
  File "C:\TIR_TESTE\venv\Lib\site-packages\selenium\webdriver\remote\webelement.py", line 90, in text
    return self._execute(Command.GET_ELEMENT_TEXT)["value"]
           ^^^^^^^^^^^^^^^^^^^^^^^^^^^^^^^^^^^^^^^
  File "C:\TIR_TESTE\venv\Lib\site-packages\selenium\webdriver\remote\webelement.py", line 395, in _execute
    return self._parent.execute(command, params)
           ^^^^^^^^^^^^^^^^^^^^^^^^^^^^^^^^^^^^^
  File "C:\TIR_TESTE\venv\Lib\site-packages\selenium\webdriver\remote\webdriver.py", line 347, in execute
    self.error_handler.check_response(response)
  File "C:\TIR_TESTE\venv\Lib\site-packages\selenium\webdriver\remote\errorhandler.py", line 229, in check_response
    raise exception_class(message, screen, stacktrace)
selenium.common.exceptions.InvalidSessionIdException: Message: WebDriver session does not exist, or is not active
Stacktrace:
RemoteError@chrome://remote/content/shared/RemoteError.sys.mjs:8:8
WebDriverError@chrome://remote/content/shared/webdriver/Errors.sys.mjs:202:5
InvalidSessionIDError@chrome://remote/content/shared/webdriver/Errors.sys.mjs:472:5
assert.that/<@chrome://remote/content/shared/webdriver/Assert.sys.mjs:581:13
assert.session@chrome://remote/content/shared/webdriver/Assert.sys.mjs:38:4
dispatch@chrome://remote/content/marionette/server.sys.mjs:315:19
execute@chrome://remote/content/marionette/server.sys.mjs:289:16
onPacket/<@chrome://remote/content/marionette/server.sys.mjs:262:20
onPacket@chrome://remote/content/marionette/server.sys.mjs:263:9
_onJSONObjectReady/<@chrome://remote/content/marionette/transport.sys.mjs:494:20


During handling of the above exception, another exception occurred:

Traceback (most recent call last):
  File "C:\TIR_TESTE\venv\Lib\site-packages\tir\technologies\core\log.py", line 626, in take_screenshot_log
    driver.save_screenshot(str(path))
  File "C:\TIR_TESTE\venv\Lib\site-packages\selenium\webdriver\remote\webdriver.py", line 822, in save_screenshot
    return self.get_screenshot_as_file(filename)
           ^^^^^^^^^^^^^^^^^^^^^^^^^^^^^^^^^^^^^
  File "C:\TIR_TESTE\venv\Lib\site-packages\selenium\webdriver\remote\webdriver.py", line 798, in get_screenshot_as_file
    png = self.get_screenshot_as_png()
          ^^^^^^^^^^^^^^^^^^^^^^^^^^^^
  File "C:\TIR_TESTE\venv\Lib\site-packages\selenium\webdriver\remote\webdriver.py", line 832, in get_screenshot_as_png
    return b64decode(self.get_screenshot_as_base64().encode("ascii"))
                     ^^^^^^^^^^^^^^^^^^^^^^^^^^^^^^^
  File "C:\TIR_TESTE\venv\Lib\site-packages\selenium\webdriver\remote\webdriver.py", line 843, in get_screenshot_as_base64
    return self.execute(Command.SCREENSHOT)["value"]
           ^^^^^^^^^^^^^^^^^^^^^^^^^^^^^^^^
  File "C:\TIR_TESTE\venv\Lib\site-packages\selenium\webdriver\remote\webdriver.py", line 347, in execute
    self.error_handler.check_response(response)
  File "C:\TIR_TESTE\venv\Lib\site-packages\selenium\webdriver\remote\errorhandler.py", line 229, in check_response
    raise exception_class(message, screen, stacktrace)
selenium.common.exceptions.WebDriverException: Message: Failed to decode response from marionette

2025-12-11 10:45:54,096-DEBUG-root-17288::log::checks_empty_line|221:: Checking empty default log info
2025-12-11 10:45:54,099-DEBUG-root-17288::log::generate_log|503:: Json log_data: {'cLogDtExec': '11/12/2025 10:45:54', 'cLogNomUsr': '97137227104', 'cLogNomEst': 'GESIT03', 'cLogProgra': None, 'cLogDtProg': '', 'cLogHrProg': '', 'nLogCtsOk': 0, 'nLogCtsNok': 1, 'nLogCtsSeg': 282.59, 'cLogVersao': '12', 'cLogReleas': '12.1.2410', 'nLogCtsErr': 'Viagem - SetKey - Screen is not load: Message: WebDriver session does not exist, or is not activeStacktrace:RemoteError@chrome://remote/content/shared/RemoteError.sys.mjs:8:8WebDriverError@chrome://remote/content/shared/webdriver/Errors.sys.mjs:202:5InvalidSessionIDError@chrome://remote/content/shared/webdriver/Errors.sys.mjs:472:5assert.that/<@chrome://remote/content/shared/webdriver/Assert.sys.mjs:581:13assert.session@chrome://remote/content/shared/webdriver/Assert.sys.mjs:38:4dispatch@chrome://remote/content/marionette/server.sys.mjs:315:19execute@chrome://remote/content/marionette/server.s', 'cLogBancod': 'ORACLE', 'cLogIdenti': '', 'cLogIdExec': '20251211', 'cLogPais': 'BRA', 'cLogTool': 'TIR', 'cLogSequen': '003b68', 'nLogCtsTot': 1, 'cLogDtExea': '11/12/2025', 'cLogHrExea': '10:45:54', 'cLogArea': 'Desenvolvimento', 'cLogMnExec': 4.709833333333333}
2025-12-11 10:45:54,099-INFO-root-17288::log::send_log_with_retries|515:: Saving log locally.
2025-12-11 10:45:54,099-INFO-root-17288::log::save_log_locally|548:: [FwSendLog]: Não foi possível enviar o log após todas as tentativas.
2025-12-11 10:45:54,100-INFO-root-17288::log::save_log_locally|555:: [FwSendLog]: Log salvo localmente em C:\TIR_TESTE\1765460754.json.
2025-12-11 10:45:54,104-ERROR-root-17288::webapp_internal::log_error|8181:: Warning Log Error Close Message: Tried to run command without establishing a connection
Traceback (most recent call last):
  File "C:\TIR_TESTE\venv\Lib\site-packages\tir\technologies\webapp_internal.py", line 5861, in SetKey
    self.LoadGrid()
  File "C:\TIR_TESTE\venv\Lib\site-packages\tir\technologies\webapp_internal.py", line 6305, in LoadGrid
    self.check_grid(field, x3_dictionaries, position=field[4])
  File "C:\TIR_TESTE\venv\Lib\site-packages\tir\technologies\webapp_internal.py", line 6819, in check_grid
    headers = self.get_headers_from_grids(grids, column_name=field[1], position=position)
              ^^^^^^^^^^^^^^^^^^^^^^^^^^^^^^^^^^^^^^^^^^^^^^^^^^^^^^^^^^^^^^^^^^^^^^^^^^^
  File "C:\TIR_TESTE\venv\Lib\site-packages\tir\technologies\webapp_internal.py", line 7482, in get_headers_from_grids
    keys = list(map(lambda x: x.text.strip().lower(), labels))
           ^^^^^^^^^^^^^^^^^^^^^^^^^^^^^^^^^^^^^^^^^^^^^^^^^^^
  File "C:\TIR_TESTE\venv\Lib\site-packages\tir\technologies\webapp_internal.py", line 7482, in <lambda>
    keys = list(map(lambda x: x.text.strip().lower(), labels))
                              ^^^^^^
  File "C:\TIR_TESTE\venv\Lib\site-packages\selenium\webdriver\remote\webelement.py", line 90, in text
    return self._execute(Command.GET_ELEMENT_TEXT)["value"]
           ^^^^^^^^^^^^^^^^^^^^^^^^^^^^^^^^^^^^^^^
  File "C:\TIR_TESTE\venv\Lib\site-packages\selenium\webdriver\remote\webelement.py", line 395, in _execute
    return self._parent.execute(command, params)
           ^^^^^^^^^^^^^^^^^^^^^^^^^^^^^^^^^^^^^
  File "C:\TIR_TESTE\venv\Lib\site-packages\selenium\webdriver\remote\webdriver.py", line 347, in execute
    self.error_handler.check_response(response)
  File "C:\TIR_TESTE\venv\Lib\site-packages\selenium\webdriver\remote\errorhandler.py", line 229, in check_response
    raise exception_class(message, screen, stacktrace)
selenium.common.exceptions.InvalidSessionIdException: Message: WebDriver session does not exist, or is not active
Stacktrace:
RemoteError@chrome://remote/content/shared/RemoteError.sys.mjs:8:8
WebDriverError@chrome://remote/content/shared/webdriver/Errors.sys.mjs:202:5
InvalidSessionIDError@chrome://remote/content/shared/webdriver/Errors.sys.mjs:472:5
assert.that/<@chrome://remote/content/shared/webdriver/Assert.sys.mjs:581:13
assert.session@chrome://remote/content/shared/webdriver/Assert.sys.mjs:38:4
dispatch@chrome://remote/content/marionette/server.sys.mjs:315:19
execute@chrome://remote/content/marionette/server.sys.mjs:289:16
onPacket/<@chrome://remote/content/marionette/server.sys.mjs:262:20
onPacket@chrome://remote/content/marionette/server.sys.mjs:263:9
_onJSONObjectReady/<@chrome://remote/content/marionette/transport.sys.mjs:494:20


During handling of the above exception, another exception occurred:

Traceback (most recent call last):
  File "C:\TIR_TESTE\venv\Lib\site-packages\tir\technologies\webapp_internal.py", line 8179, in log_error
    self.driver.close()
  File "C:\TIR_TESTE\venv\Lib\site-packages\selenium\webdriver\remote\webdriver.py", line 458, in close
    self.execute(Command.CLOSE)
  File "C:\TIR_TESTE\venv\Lib\site-packages\selenium\webdriver\remote\webdriver.py", line 347, in execute
    self.error_handler.check_response(response)
  File "C:\TIR_TESTE\venv\Lib\site-packages\selenium\webdriver\remote\errorhandler.py", line 229, in check_response
    raise exception_class(message, screen, stacktrace)
selenium.common.exceptions.InvalidSessionIdException: Message: Tried to run command without establishing a connection

2025-12-11 10:45:54,599-ERROR-root-17288::webapp_internal::TearDown|9654:: Warning tearDown Close Message: Tried to run command without establishing a connection
Traceback (most recent call last):
  File "C:\TIR_TESTE\venv\Lib\site-packages\tir\technologies\webapp_internal.py", line 9652, in TearDown
    self.driver.close()
  File "C:\TIR_TESTE\venv\Lib\site-packages\selenium\webdriver\remote\webdriver.py", line 458, in close
    self.execute(Command.CLOSE)
  File "C:\TIR_TESTE\venv\Lib\site-packages\selenium\webdriver\remote\webdriver.py", line 347, in execute
    self.error_handler.check_response(response)
  File "C:\TIR_TESTE\venv\Lib\site-packages\selenium\webdriver\remote\errorhandler.py", line 229, in check_response
    raise exception_class(message, screen, stacktrace)
selenium.common.exceptions.InvalidSessionIdException: Message: Tried to run command without establishing a connection

