2025-12-15 11:36:27,691-DEBUG-root-34540::logging_config::logger|189:: Log file created: 'Log\GESIT03\TIR__20251215113627686.log'
2025-12-15 11:36:27,691-INFO-root-34540::base::Start|1183:: TIR Version: 2.4.3
2025-12-15 11:36:27,693-INFO-root-34540::base::Start|1184:: Python Version: 3.12.10
2025-12-15 11:36:27,693-INFO-root-34540::base::Start|1185:: Starting the browser
2025-12-15 11:36:35,656-INFO-root-34540::base::get_url|1294:: Page is ready!
2025-12-15 11:36:35,665-INFO-root-34540::base::Start|1256:: Browser maximized to 1936x1048
2025-12-15 11:36:35,666-INFO-root-34540::base::Start|1258:: Screen size is different from default used in headless mode
2025-12-15 11:36:35,796-INFO-root-34540::webapp_internal::Setup|247:: ***System Info*** in Setup():
2025-12-15 11:36:35,797-DEBUG-root-34540::psutil_info::system_info|5:: CPU USAGE: 23.0%
2025-12-15 11:36:35,798-DEBUG-root-34540::psutil_info::system_info|6:: MEMORY USAGE: 93.9%
2025-12-15 11:36:35,798-DEBUG-root-34540::psutil_info::system_info|7:: MEMORY AVAILABLE: 6.08%
2025-12-15 11:36:35,804-INFO-root-34540::base::webapp_shadowroot|1394:: Webapp: 10.1.6-RC4
2025-12-15 11:36:35,860-INFO-root-34540::webapp_internal::filling_initial_program|449:: Filling Initial Program: "SIGAMDI"
2025-12-15 11:36:35,860-DEBUG-root-34540::webapp_internal::wait_element|7623:: Waiting for element
2025-12-15 11:36:35,893-DEBUG-root-34540::webapp_internal::wait_element|7653:: Element found! Waiting for element to be displayed.
2025-12-15 11:36:36,050-DEBUG-root-34540::base::click|192:: Click Type: ClickType.JS
2025-12-15 11:36:36,054-DEBUG-root-34540::webapp_internal::try_send_keys|7976:: Trying to send keys to element using technique 0
2025-12-15 11:36:36,491-DEBUG-root-34540::webapp_internal::get_web_value|3232:: Current value: SIGAMDI
2025-12-15 11:36:36,492-INFO-root-34540::webapp_internal::filling_server_environment|463:: Filling Server Environment: "POUPEX_TST"
2025-12-15 11:36:36,492-DEBUG-root-34540::webapp_internal::wait_element|7623:: Waiting for element
2025-12-15 11:36:36,585-DEBUG-root-34540::webapp_internal::wait_element|7653:: Element found! Waiting for element to be displayed.
2025-12-15 11:36:36,737-DEBUG-root-34540::base::click|192:: Click Type: ClickType.JS
2025-12-15 11:36:36,742-DEBUG-root-34540::webapp_internal::try_send_keys|7976:: Trying to send keys to element using technique 0
2025-12-15 11:36:37,065-DEBUG-root-34540::webapp_internal::get_web_value|3232:: Current value: POUPEX_TST
2025-12-15 11:36:37,097-DEBUG-root-34540::base::click|192:: Click Type: ClickType.JS
2025-12-15 11:36:37,111-DEBUG-root-34540::webapp_internal::user_screen|519:: Filling user screen
2025-12-15 11:36:44,699-DEBUG-root-34540::base::scroll_to_element|759:: ********Warining scroll_to_element exception: Message: TypeError: can't access property "scrollIntoView", arguments[0] is null
Stacktrace:
@https://qasrverp:10020/webapp/:2:7
@https://qasrverp:10020/webapp/:3:8
*********
2025-12-15 11:36:44,740-DEBUG-root-34540::webapp_internal::wait_element_timeout|7726:: Element found! Waiting for element to be displayed.
2025-12-15 11:36:44,797-DEBUG-root-34540::base::scroll_to_element|759:: ********Warining scroll_to_element exception: Message: TypeError: can't access property "scrollIntoView", arguments[0] is null
Stacktrace:
@https://qasrverp:10020/webapp/:2:7
@https://qasrverp:10020/webapp/:3:8
*********
2025-12-15 11:36:44,942-INFO-root-34540::webapp_internal::user_screen|561:: Filling User
2025-12-15 11:36:44,964-DEBUG-root-34540::base::double_click|259:: Click Type: ClickType.SELENIUM
2025-12-15 11:36:45,153-DEBUG-root-34540::webapp_internal::get_web_value|3232:: Current value: 97137227104
2025-12-15 11:36:45,174-INFO-root-34540::webapp_internal::user_screen|621:: Filling Password
2025-12-15 11:36:45,195-DEBUG-root-34540::base::click|192:: Click Type: ClickType.JS
2025-12-15 11:36:45,269-DEBUG-root-34540::webapp_internal::get_web_value|3232:: Current value: Deire20191817+
2025-12-15 11:36:45,269-DEBUG-root-34540::webapp_internal::wait_blocker|2444:: Waiting blocker to continue...
2025-12-15 11:36:45,296-DEBUG-root-34540::webapp_internal::wait_blocker|2469:: Blocker status: None
2025-12-15 11:36:45,321-DEBUG-root-34540::webapp_internal::wait_blocker|2444:: Waiting blocker to continue...
2025-12-15 11:36:45,352-DEBUG-root-34540::webapp_internal::wait_blocker|2469:: Blocker status: None
2025-12-15 11:36:45,389-DEBUG-root-34540::webapp_internal::wait_blocker|2444:: Waiting blocker to continue...
2025-12-15 11:36:45,420-DEBUG-root-34540::webapp_internal::wait_blocker|2469:: Blocker status: None
2025-12-15 11:36:45,421-DEBUG-root-34540::webapp_internal::send_action|10480:: Trying to send action
2025-12-15 11:36:45,429-DEBUG-root-34540::base::click|192:: Click Type: ClickType.JS
2025-12-15 11:36:46,473-DEBUG-root-34540::webapp_internal::send_action|10522:: send_action method result = True
2025-12-15 11:36:46,474-DEBUG-root-34540::webapp_internal::send_action|10523:: send_action selenium status: False
2025-12-15 11:36:48,969-DEBUG-root-34540::base::scroll_to_element|759:: ********Warining scroll_to_element exception: Message: TypeError: can't access property "scrollIntoView", arguments[0] is null
Stacktrace:
@https://qasrverp:10020/webapp/:2:7
@https://qasrverp:10020/webapp/:3:8
*********
2025-12-15 11:36:49,052-INFO-root-34540::webapp_internal::filling_date|885:: Filling Date: "15/12/2025"
2025-12-15 11:36:49,052-DEBUG-root-34540::webapp_internal::wait_blocker|2444:: Waiting blocker to continue...
2025-12-15 11:36:49,111-DEBUG-root-34540::webapp_internal::wait_blocker|2469:: Blocker status: None
2025-12-15 11:36:49,117-DEBUG-root-34540::base::click|192:: Click Type: ClickType.JS
2025-12-15 11:36:49,153-DEBUG-root-34540::webapp_internal::try_send_keys|7976:: Trying to send keys to element using technique 1
2025-12-15 11:36:49,274-DEBUG-root-34540::webapp_internal::get_web_value|3232:: Current value: 15/12/2025
2025-12-15 11:36:50,373-INFO-root-34540::webapp_internal::filling_group|955:: Filling Group: "02"
2025-12-15 11:36:50,374-DEBUG-root-34540::webapp_internal::wait_blocker|2444:: Waiting blocker to continue...
2025-12-15 11:36:50,411-DEBUG-root-34540::webapp_internal::wait_blocker|2469:: Blocker status: None
2025-12-15 11:36:50,416-DEBUG-root-34540::base::click|192:: Click Type: ClickType.JS
2025-12-15 11:36:50,485-DEBUG-root-34540::webapp_internal::get_web_value|3232:: Current value: 02
2025-12-15 11:36:51,589-INFO-root-34540::webapp_internal::filling_branch|1047:: Filling Branch: "02DF0001"
2025-12-15 11:36:51,589-DEBUG-root-34540::webapp_internal::wait_blocker|2444:: Waiting blocker to continue...
2025-12-15 11:36:51,638-DEBUG-root-34540::webapp_internal::wait_blocker|2469:: Blocker status: None
2025-12-15 11:36:51,641-DEBUG-root-34540::base::click|192:: Click Type: ClickType.JS
2025-12-15 11:36:51,728-DEBUG-root-34540::webapp_internal::get_web_value|3232:: Current value: 02DF0001
2025-12-15 11:36:52,832-INFO-root-34540::webapp_internal::filling_environment|1113:: Filling Environment: "07"
2025-12-15 11:36:52,832-DEBUG-root-34540::webapp_internal::wait_blocker|2444:: Waiting blocker to continue...
2025-12-15 11:36:52,869-DEBUG-root-34540::webapp_internal::wait_blocker|2469:: Blocker status: None
2025-12-15 11:36:52,873-DEBUG-root-34540::base::click|192:: Click Type: ClickType.JS
2025-12-15 11:36:52,941-DEBUG-root-34540::webapp_internal::get_web_value|3232:: Current value: 07
2025-12-15 11:36:53,951-DEBUG-root-34540::webapp_internal::close_warning_screen|1489:: Closing warning screen!
2025-12-15 11:36:54,988-DEBUG-root-34540::webapp_internal::check_screen_element|1291:: Checking screen element: "Atenção": False
2025-12-15 11:36:56,125-INFO-root-34540::webapp_internal::environment_screen|796:: Clicking on Button
2025-12-15 11:36:56,125-DEBUG-root-34540::webapp_internal::wait_blocker|2444:: Waiting blocker to continue...
2025-12-15 11:36:56,167-DEBUG-root-34540::webapp_internal::wait_blocker|2469:: Blocker status: None
2025-12-15 11:36:56,170-DEBUG-root-34540::base::click|192:: Click Type: ClickType.JS
2025-12-15 11:36:57,183-DEBUG-root-34540::base::click|192:: Click Type: ClickType.JS
2025-12-15 11:36:58,191-DEBUG-root-34540::base::click|192:: Click Type: ClickType.JS
2025-12-15 11:36:59,199-DEBUG-root-34540::base::click|192:: Click Type: ClickType.JS
2025-12-15 11:37:00,206-DEBUG-root-34540::base::click|192:: Click Type: ClickType.JS
2025-12-15 11:37:01,215-DEBUG-root-34540::base::click|192:: Click Type: ClickType.JS
2025-12-15 11:37:02,223-DEBUG-root-34540::webapp_internal::close_screen_before_menu|368:: Closing screen before the menu
2025-12-15 11:37:02,275-DEBUG-root-34540::webapp_internal::close_warning_screen|1489:: Closing warning screen!
2025-12-15 11:37:03,346-DEBUG-root-34540::webapp_internal::check_screen_element|1291:: Checking screen element: "Atenção": False
2025-12-15 11:37:03,346-DEBUG-root-34540::webapp_internal::close_coin_screen|1424:: Closing coin screen!
2025-12-15 11:37:03,920-DEBUG-root-34540::base::click|192:: Click Type: ClickType.JS
2025-12-15 11:37:04,004-DEBUG-root-34540::webapp_internal::close_warning_screen|1489:: Closing warning screen!
2025-12-15 11:37:05,073-DEBUG-root-34540::webapp_internal::check_screen_element|1291:: Checking screen element: "Atenção": False
2025-12-15 11:37:05,073-DEBUG-root-34540::webapp_internal::close_coin_screen|1424:: Closing coin screen!
2025-12-15 11:37:05,262-INFO-root-34540::webapp_internal::set_log_info|1623:: Getting log info
2025-12-15 11:37:05,263-INFO-root-34540::webapp_internal::SetLateralMenu|4184:: Navigating lateral menu: Ajuda > Sobre
2025-12-15 11:37:05,275-DEBUG-root-34540::webapp_internal::wait_element|7623:: Waiting for element
2025-12-15 11:37:05,346-DEBUG-root-34540::webapp_internal::wait_element|7653:: Element found! Waiting for element to be displayed.
2025-12-15 11:37:05,524-INFO-root-34540::webapp_internal::SetLateralMenu|4203:: Menu item: "Ajuda"
2025-12-15 11:37:05,524-DEBUG-root-34540::webapp_internal::wait_blocker|2444:: Waiting blocker to continue...
2025-12-15 11:37:05,609-DEBUG-root-34540::webapp_internal::wait_blocker|2469:: Blocker status: False
2025-12-15 11:37:06,092-DEBUG-root-34540::webapp_internal::wait_element_timeout|7726:: Element found! Waiting for element to be displayed.
2025-12-15 11:37:06,522-DEBUG-root-34540::webapp_internal::wait_blocker|2444:: Waiting blocker to continue...
2025-12-15 11:37:06,601-DEBUG-root-34540::webapp_internal::wait_blocker|2469:: Blocker status: False
2025-12-15 11:37:08,892-INFO-root-34540::webapp_internal::SetLateralMenu|4203:: Menu item: "Sobre"
2025-12-15 11:37:08,893-DEBUG-root-34540::webapp_internal::wait_blocker|2444:: Waiting blocker to continue...
2025-12-15 11:37:08,963-DEBUG-root-34540::webapp_internal::wait_blocker|2469:: Blocker status: False
2025-12-15 11:37:09,422-DEBUG-root-34540::webapp_internal::wait_element_timeout|7726:: Element found! Waiting for element to be displayed.
2025-12-15 11:37:09,856-DEBUG-root-34540::webapp_internal::wait_blocker|2444:: Waiting blocker to continue...
2025-12-15 11:37:09,934-DEBUG-root-34540::webapp_internal::wait_blocker|2469:: Blocker status: False
2025-12-15 11:37:12,634-DEBUG-root-34540::webapp_internal::wait_blocker|2444:: Waiting blocker to continue...
2025-12-15 11:37:12,702-DEBUG-root-34540::webapp_internal::wait_blocker|2469:: Blocker status: False
2025-12-15 11:37:12,773-DEBUG-root-34540::webapp_internal::wait_element|7623:: Waiting for element
2025-12-15 11:37:12,816-DEBUG-root-34540::webapp_internal::wait_element|7653:: Element found! Waiting for element to be displayed.
2025-12-15 11:37:12,989-INFO-root-34540::webapp_internal::SetButton|4444:: Clicking on Fechar
2025-12-15 11:37:12,990-DEBUG-root-34540::webapp_internal::wait_blocker|2444:: Waiting blocker to continue...
2025-12-15 11:37:13,060-DEBUG-root-34540::webapp_internal::wait_blocker|2469:: Blocker status: False
2025-12-15 11:37:13,240-DEBUG-root-34540::webapp_internal::wait_element_timeout|7726:: Element found! Waiting for element to be displayed.
2025-12-15 11:37:13,316-DEBUG-root-34540::webapp_internal::SetButton|4481:: ***System Info*** Before Clicking on button:Fechar
2025-12-15 11:37:13,317-DEBUG-root-34540::psutil_info::system_info|5:: CPU USAGE: 15.6%
2025-12-15 11:37:13,318-DEBUG-root-34540::psutil_info::system_info|6:: MEMORY USAGE: 94.5%
2025-12-15 11:37:13,318-DEBUG-root-34540::psutil_info::system_info|7:: MEMORY AVAILABLE: 5.51%
2025-12-15 11:37:13,508-DEBUG-root-34540::webapp_internal::wait_element_timeout|7726:: Element found! Waiting for element to be displayed.
2025-12-15 11:37:13,622-DEBUG-root-34540::webapp_internal::wait_blocker|2444:: Waiting blocker to continue...
2025-12-15 11:37:13,698-DEBUG-root-34540::webapp_internal::wait_blocker|2469:: Blocker status: False
2025-12-15 11:37:13,719-DEBUG-root-34540::webapp_internal::wait_blocker|2444:: Waiting blocker to continue...
2025-12-15 11:37:13,798-DEBUG-root-34540::webapp_internal::wait_blocker|2469:: Blocker status: False
2025-12-15 11:37:13,798-DEBUG-root-34540::webapp_internal::send_action|10480:: Trying to send action
2025-12-15 11:37:13,801-DEBUG-root-34540::base::click|192:: Click Type: ClickType.JS
2025-12-15 11:37:14,837-DEBUG-root-34540::webapp_internal::send_action|10522:: send_action method result = True
2025-12-15 11:37:14,837-DEBUG-root-34540::webapp_internal::send_action|10523:: send_action selenium status: False
2025-12-15 11:37:14,837-DEBUG-root-34540::webapp_internal::SetButton|4683:: ***System Info*** After Clicking on button:
2025-12-15 11:37:14,837-DEBUG-root-34540::psutil_info::system_info|5:: CPU USAGE: 8.0%
2025-12-15 11:37:14,838-DEBUG-root-34540::psutil_info::system_info|6:: MEMORY USAGE: 93.9%
2025-12-15 11:37:14,838-DEBUG-root-34540::psutil_info::system_info|7:: MEMORY AVAILABLE: 6.08%
2025-12-15 11:37:14,838-DEBUG-root-34540::webapp_internal::wait_element|7623:: Waiting for element
2025-12-15 11:37:14,961-INFO-root-34540::webapp_internal::SetLateralMenu|4184:: Navigating lateral menu: Atualizações > Gestao de Viagens > Controle de Alcada (5) > Aprovadores
2025-12-15 11:37:14,970-DEBUG-root-34540::webapp_internal::wait_element|7623:: Waiting for element
2025-12-15 11:37:15,008-DEBUG-root-34540::webapp_internal::wait_element|7653:: Element found! Waiting for element to be displayed.
2025-12-15 11:37:15,180-INFO-root-34540::webapp_internal::SetLateralMenu|4203:: Menu item: "Atualizações"
2025-12-15 11:37:15,180-DEBUG-root-34540::webapp_internal::wait_blocker|2444:: Waiting blocker to continue...
2025-12-15 11:37:15,248-DEBUG-root-34540::webapp_internal::wait_blocker|2469:: Blocker status: False
2025-12-15 11:37:15,697-DEBUG-root-34540::webapp_internal::wait_element_timeout|7726:: Element found! Waiting for element to be displayed.
2025-12-15 11:37:16,091-DEBUG-root-34540::webapp_internal::wait_blocker|2444:: Waiting blocker to continue...
2025-12-15 11:37:16,158-DEBUG-root-34540::webapp_internal::wait_blocker|2469:: Blocker status: False
2025-12-15 11:37:18,452-INFO-root-34540::webapp_internal::SetLateralMenu|4203:: Menu item: "Gestao de Viagens"
2025-12-15 11:37:18,452-DEBUG-root-34540::webapp_internal::wait_blocker|2444:: Waiting blocker to continue...
2025-12-15 11:37:18,555-DEBUG-root-34540::webapp_internal::wait_blocker|2469:: Blocker status: False
2025-12-15 11:37:19,339-DEBUG-root-34540::webapp_internal::wait_element_timeout|7726:: Element found! Waiting for element to be displayed.
2025-12-15 11:37:20,229-DEBUG-root-34540::webapp_internal::wait_blocker|2444:: Waiting blocker to continue...
2025-12-15 11:37:20,340-DEBUG-root-34540::webapp_internal::wait_blocker|2469:: Blocker status: False
2025-12-15 11:37:22,634-INFO-root-34540::webapp_internal::SetLateralMenu|4203:: Menu item: "Controle de Alcada (5)"
2025-12-15 11:37:22,634-DEBUG-root-34540::webapp_internal::wait_blocker|2444:: Waiting blocker to continue...
2025-12-15 11:37:22,714-DEBUG-root-34540::webapp_internal::wait_blocker|2469:: Blocker status: False
2025-12-15 11:37:23,688-DEBUG-root-34540::webapp_internal::wait_element_timeout|7726:: Element found! Waiting for element to be displayed.
2025-12-15 11:37:24,708-DEBUG-root-34540::webapp_internal::wait_blocker|2444:: Waiting blocker to continue...
2025-12-15 11:37:24,790-DEBUG-root-34540::webapp_internal::wait_blocker|2469:: Blocker status: False
2025-12-15 11:37:27,095-INFO-root-34540::webapp_internal::SetLateralMenu|4203:: Menu item: "Aprovadores"
2025-12-15 11:37:27,095-DEBUG-root-34540::webapp_internal::wait_blocker|2444:: Waiting blocker to continue...
2025-12-15 11:37:27,202-DEBUG-root-34540::webapp_internal::wait_blocker|2469:: Blocker status: False
2025-12-15 11:37:28,340-DEBUG-root-34540::webapp_internal::wait_element_timeout|7726:: Element found! Waiting for element to be displayed.
2025-12-15 11:37:29,639-DEBUG-root-34540::webapp_internal::wait_blocker|2444:: Waiting blocker to continue...
2025-12-15 11:37:29,760-DEBUG-root-34540::webapp_internal::wait_blocker|2469:: Blocker status: False
2025-12-15 11:37:34,061-DEBUG-root-34540::webapp_internal::wait_blocker|2444:: Waiting blocker to continue...
2025-12-15 11:37:34,193-DEBUG-root-34540::webapp_internal::wait_blocker|2469:: Blocker status: False
2025-12-15 11:37:34,321-INFO-root-34540::webapp_internal::WaitShow|4980:: Waiting show text 'Este ambiente utiliza base de Homologação.'...
2025-12-15 11:37:39,939-INFO-root-34540::webapp_internal::WaitShow|4980:: Waiting show text 'Moedas'...
2025-12-15 11:37:45,092-INFO-root-34540::webapp_internal::WaitShow|4980:: Waiting show text 'Cadastro de Aprovadores'...
2025-12-15 11:37:45,176-INFO-root-34540::webapp_internal::WaitShow|4996:: Text found! 
2025-12-15 11:37:45,176-INFO-root-34540::webapp_internal::SetButton|4444:: Clicking on Incluir
2025-12-15 11:37:45,176-DEBUG-root-34540::webapp_internal::wait_blocker|2444:: Waiting blocker to continue...
2025-12-15 11:37:45,296-DEBUG-root-34540::webapp_internal::wait_blocker|2469:: Blocker status: False
2025-12-15 11:37:45,751-DEBUG-root-34540::webapp_internal::wait_element_timeout|7726:: Element found! Waiting for element to be displayed.
2025-12-15 11:37:46,053-DEBUG-root-34540::webapp_internal::SetButton|4481:: ***System Info*** Before Clicking on button:Incluir
2025-12-15 11:37:46,053-DEBUG-root-34540::psutil_info::system_info|5:: CPU USAGE: 17.4%
2025-12-15 11:37:46,053-DEBUG-root-34540::psutil_info::system_info|6:: MEMORY USAGE: 94.0%
2025-12-15 11:37:46,054-DEBUG-root-34540::psutil_info::system_info|7:: MEMORY AVAILABLE: 5.97%
2025-12-15 11:37:46,423-DEBUG-root-34540::webapp_internal::wait_element_timeout|7726:: Element found! Waiting for element to be displayed.
2025-12-15 11:37:46,784-DEBUG-root-34540::webapp_internal::wait_blocker|2444:: Waiting blocker to continue...
2025-12-15 11:37:46,916-DEBUG-root-34540::webapp_internal::wait_blocker|2469:: Blocker status: False
2025-12-15 11:37:46,945-DEBUG-root-34540::webapp_internal::wait_blocker|2444:: Waiting blocker to continue...
2025-12-15 11:37:47,060-DEBUG-root-34540::webapp_internal::wait_blocker|2469:: Blocker status: False
2025-12-15 11:37:47,060-DEBUG-root-34540::webapp_internal::send_action|10480:: Trying to send action
2025-12-15 11:37:47,063-DEBUG-root-34540::base::click|192:: Click Type: ClickType.JS
2025-12-15 11:37:48,123-DEBUG-root-34540::webapp_internal::send_action|10522:: send_action method result = True
2025-12-15 11:37:48,123-DEBUG-root-34540::webapp_internal::send_action|10523:: send_action selenium status: False
2025-12-15 11:37:48,123-DEBUG-root-34540::webapp_internal::SetButton|4683:: ***System Info*** After Clicking on button:
2025-12-15 11:37:48,124-DEBUG-root-34540::psutil_info::system_info|5:: CPU USAGE: 17.1%
2025-12-15 11:37:48,124-DEBUG-root-34540::psutil_info::system_info|6:: MEMORY USAGE: 94.4%
2025-12-15 11:37:48,125-DEBUG-root-34540::psutil_info::system_info|7:: MEMORY AVAILABLE: 5.59%
2025-12-15 11:37:48,325-INFO-root-34540::webapp_internal::WaitShow|4980:: Waiting show text 'Aprovadores - INCLUIR'...
2025-12-15 11:37:48,455-INFO-root-34540::webapp_internal::WaitShow|4996:: Text found! 
2025-12-15 11:37:48,455-DEBUG-root-34540::webapp_internal::wait_blocker|2444:: Waiting blocker to continue...
2025-12-15 11:37:48,569-DEBUG-root-34540::webapp_internal::wait_blocker|2469:: Blocker status: False
2025-12-15 11:37:48,570-DEBUG-root-34540::webapp_internal::wait_element|7623:: Waiting for element
2025-12-15 11:37:48,688-DEBUG-root-34540::webapp_internal::wait_element|7653:: Element found! Waiting for element to be displayed.
2025-12-15 11:37:48,780-INFO-root-34540::webapp_internal::input_value|2941:: Looking for element: AK_USER
2025-12-15 11:37:48,900-INFO-root-34540::webapp_internal::input_value|2951:: Element: AK_USER Found!
2025-12-15 11:37:48,901-INFO-root-34540::webapp_internal::input_value|2953:: Filling element: AK_USER
2025-12-15 11:37:48,940-DEBUG-root-34540::webapp_internal::get_web_value|3232:: Current value:       
2025-12-15 11:37:48,995-DEBUG-root-34540::base::double_click|259:: Click Type: ClickType.SELENIUM
2025-12-15 11:37:49,262-DEBUG-root-34540::webapp_internal::wait_blocker|2444:: Waiting blocker to continue...
2025-12-15 11:37:49,417-DEBUG-root-34540::webapp_internal::wait_blocker|2469:: Blocker status: False
2025-12-15 11:37:49,740-DEBUG-root-34540::webapp_internal::get_web_value|3232:: Current value: 001016
2025-12-15 11:37:49,740-INFO-root-34540::webapp_internal::input_value|3059:: Current field value: 001016
2025-12-15 11:37:49,740-DEBUG-root-34540::webapp_internal::wait_blocker|2444:: Waiting blocker to continue...
2025-12-15 11:37:49,856-DEBUG-root-34540::webapp_internal::wait_blocker|2469:: Blocker status: False
2025-12-15 11:37:49,856-DEBUG-root-34540::webapp_internal::wait_element|7623:: Waiting for element
2025-12-15 11:37:49,958-DEBUG-root-34540::webapp_internal::wait_element|7653:: Element found! Waiting for element to be displayed.
2025-12-15 11:37:50,008-INFO-root-34540::webapp_internal::input_value|2941:: Looking for element: AK_APROSUP
2025-12-15 11:37:50,124-INFO-root-34540::webapp_internal::input_value|2951:: Element: AK_APROSUP Found!
2025-12-15 11:37:50,124-INFO-root-34540::webapp_internal::input_value|2953:: Filling element: AK_APROSUP
2025-12-15 11:37:50,158-DEBUG-root-34540::webapp_internal::get_web_value|3232:: Current value:       
2025-12-15 11:37:50,212-DEBUG-root-34540::base::double_click|259:: Click Type: ClickType.SELENIUM
2025-12-15 11:37:50,488-DEBUG-root-34540::webapp_internal::wait_blocker|2444:: Waiting blocker to continue...
2025-12-15 11:37:50,601-DEBUG-root-34540::webapp_internal::wait_blocker|2469:: Blocker status: False
2025-12-15 11:37:50,936-DEBUG-root-34540::webapp_internal::get_web_value|3232:: Current value: 000005
2025-12-15 11:37:50,936-INFO-root-34540::webapp_internal::input_value|3059:: Current field value: 000005
2025-12-15 11:37:50,936-DEBUG-root-34540::webapp_internal::wait_blocker|2444:: Waiting blocker to continue...
2025-12-15 11:37:51,058-DEBUG-root-34540::webapp_internal::wait_blocker|2469:: Blocker status: False
2025-12-15 11:37:51,059-DEBUG-root-34540::webapp_internal::wait_element|7623:: Waiting for element
2025-12-15 11:37:51,130-DEBUG-root-34540::webapp_internal::wait_element|7653:: Element found! Waiting for element to be displayed.
2025-12-15 11:37:51,186-INFO-root-34540::webapp_internal::input_value|2941:: Looking for element: AK_MOEDA
2025-12-15 11:37:51,304-INFO-root-34540::webapp_internal::input_value|2951:: Element: AK_MOEDA Found!
2025-12-15 11:37:51,304-INFO-root-34540::webapp_internal::input_value|2953:: Filling element: AK_MOEDA
2025-12-15 11:37:51,385-DEBUG-root-34540::webapp_internal::get_web_value|3232:: Current value: 1
2025-12-15 11:37:51,435-DEBUG-root-34540::base::double_click|259:: Click Type: ClickType.SELENIUM
2025-12-15 11:37:51,584-DEBUG-root-34540::base::click|192:: Click Type: ClickType.SELENIUM
2025-12-15 11:37:51,661-DEBUG-root-34540::webapp_internal::try_send_keys|7976:: Trying to send keys to element using technique 1
2025-12-15 11:37:51,711-DEBUG-root-34540::webapp_internal::get_web_value|3232:: Current value: 1
2025-12-15 11:37:51,737-DEBUG-root-34540::webapp_internal::get_web_value|3232:: Current value: 1
2025-12-15 11:37:51,737-INFO-root-34540::webapp_internal::input_value|3059:: Current field value: 1
2025-12-15 11:37:51,737-DEBUG-root-34540::webapp_internal::wait_blocker|2444:: Waiting blocker to continue...
2025-12-15 11:37:51,856-DEBUG-root-34540::webapp_internal::wait_blocker|2469:: Blocker status: False
2025-12-15 11:37:51,856-DEBUG-root-34540::webapp_internal::wait_element|7623:: Waiting for element
2025-12-15 11:38:51,620-ERROR-root-34540::webapp_internal::TearDown|9654:: Warning tearDown Close Message: Failed to decode response from marionette
Traceback (most recent call last):
  File "C:\TIR_TESTE\venv\Lib\site-packages\tir\technologies\webapp_internal.py", line 9652, in TearDown
    self.driver.close()
  File "C:\TIR_TESTE\venv\Lib\site-packages\selenium\webdriver\remote\webdriver.py", line 458, in close
    self.execute(Command.CLOSE)
  File "C:\TIR_TESTE\venv\Lib\site-packages\selenium\webdriver\remote\webdriver.py", line 347, in execute
    self.error_handler.check_response(response)
  File "C:\TIR_TESTE\venv\Lib\site-packages\selenium\webdriver\remote\errorhandler.py", line 229, in check_response
    raise exception_class(message, screen, stacktrace)
selenium.common.exceptions.WebDriverException: Message: Failed to decode response from marionette

2025-12-15 11:36:27,691-DEBUG-root-34540::logging_config::logger|189:: Log file created: 'Log\GESIT03\TIR__20251215113627686.log'
2025-12-15 11:36:27,691-INFO-root-34540::base::Start|1183:: TIR Version: 2.4.3
2025-12-15 11:36:27,693-INFO-root-34540::base::Start|1184:: Python Version: 3.12.10
2025-12-15 11:36:27,693-INFO-root-34540::base::Start|1185:: Starting the browser
2025-12-15 11:36:35,656-INFO-root-34540::base::get_url|1294:: Page is ready!
2025-12-15 11:36:35,665-INFO-root-34540::base::Start|1256:: Browser maximized to 1936x1048
2025-12-15 11:36:35,666-INFO-root-34540::base::Start|1258:: Screen size is different from default used in headless mode
2025-12-15 11:36:35,796-INFO-root-34540::webapp_internal::Setup|247:: ***System Info*** in Setup():
2025-12-15 11:36:35,797-DEBUG-root-34540::psutil_info::system_info|5:: CPU USAGE: 23.0%
2025-12-15 11:36:35,798-DEBUG-root-34540::psutil_info::system_info|6:: MEMORY USAGE: 93.9%
2025-12-15 11:36:35,798-DEBUG-root-34540::psutil_info::system_info|7:: MEMORY AVAILABLE: 6.08%
2025-12-15 11:36:35,804-INFO-root-34540::base::webapp_shadowroot|1394:: Webapp: 10.1.6-RC4
2025-12-15 11:36:35,860-INFO-root-34540::webapp_internal::filling_initial_program|449:: Filling Initial Program: "SIGAMDI"
2025-12-15 11:36:35,860-DEBUG-root-34540::webapp_internal::wait_element|7623:: Waiting for element
2025-12-15 11:36:35,893-DEBUG-root-34540::webapp_internal::wait_element|7653:: Element found! Waiting for element to be displayed.
2025-12-15 11:36:36,050-DEBUG-root-34540::base::click|192:: Click Type: ClickType.JS
2025-12-15 11:36:36,054-DEBUG-root-34540::webapp_internal::try_send_keys|7976:: Trying to send keys to element using technique 0
2025-12-15 11:36:36,491-DEBUG-root-34540::webapp_internal::get_web_value|3232:: Current value: SIGAMDI
2025-12-15 11:36:36,492-INFO-root-34540::webapp_internal::filling_server_environment|463:: Filling Server Environment: "POUPEX_TST"
2025-12-15 11:36:36,492-DEBUG-root-34540::webapp_internal::wait_element|7623:: Waiting for element
2025-12-15 11:36:36,585-DEBUG-root-34540::webapp_internal::wait_element|7653:: Element found! Waiting for element to be displayed.
2025-12-15 11:36:36,737-DEBUG-root-34540::base::click|192:: Click Type: ClickType.JS
2025-12-15 11:36:36,742-DEBUG-root-34540::webapp_internal::try_send_keys|7976:: Trying to send keys to element using technique 0
2025-12-15 11:36:37,065-DEBUG-root-34540::webapp_internal::get_web_value|3232:: Current value: POUPEX_TST
2025-12-15 11:36:37,097-DEBUG-root-34540::base::click|192:: Click Type: ClickType.JS
2025-12-15 11:36:37,111-DEBUG-root-34540::webapp_internal::user_screen|519:: Filling user screen
2025-12-15 11:36:44,699-DEBUG-root-34540::base::scroll_to_element|759:: ********Warining scroll_to_element exception: Message: TypeError: can't access property "scrollIntoView", arguments[0] is null
Stacktrace:
@https://qasrverp:10020/webapp/:2:7
@https://qasrverp:10020/webapp/:3:8
*********
2025-12-15 11:36:44,740-DEBUG-root-34540::webapp_internal::wait_element_timeout|7726:: Element found! Waiting for element to be displayed.
2025-12-15 11:36:44,797-DEBUG-root-34540::base::scroll_to_element|759:: ********Warining scroll_to_element exception: Message: TypeError: can't access property "scrollIntoView", arguments[0] is null
Stacktrace:
@https://qasrverp:10020/webapp/:2:7
@https://qasrverp:10020/webapp/:3:8
*********
2025-12-15 11:36:44,942-INFO-root-34540::webapp_internal::user_screen|561:: Filling User
2025-12-15 11:36:44,964-DEBUG-root-34540::base::double_click|259:: Click Type: ClickType.SELENIUM
2025-12-15 11:36:45,153-DEBUG-root-34540::webapp_internal::get_web_value|3232:: Current value: 97137227104
2025-12-15 11:36:45,174-INFO-root-34540::webapp_internal::user_screen|621:: Filling Password
2025-12-15 11:36:45,195-DEBUG-root-34540::base::click|192:: Click Type: ClickType.JS
2025-12-15 11:36:45,269-DEBUG-root-34540::webapp_internal::get_web_value|3232:: Current value: Deire20191817+
2025-12-15 11:36:45,269-DEBUG-root-34540::webapp_internal::wait_blocker|2444:: Waiting blocker to continue...
2025-12-15 11:36:45,296-DEBUG-root-34540::webapp_internal::wait_blocker|2469:: Blocker status: None
2025-12-15 11:36:45,321-DEBUG-root-34540::webapp_internal::wait_blocker|2444:: Waiting blocker to continue...
2025-12-15 11:36:45,352-DEBUG-root-34540::webapp_internal::wait_blocker|2469:: Blocker status: None
2025-12-15 11:36:45,389-DEBUG-root-34540::webapp_internal::wait_blocker|2444:: Waiting blocker to continue...
2025-12-15 11:36:45,420-DEBUG-root-34540::webapp_internal::wait_blocker|2469:: Blocker status: None
2025-12-15 11:36:45,421-DEBUG-root-34540::webapp_internal::send_action|10480:: Trying to send action
2025-12-15 11:36:45,429-DEBUG-root-34540::base::click|192:: Click Type: ClickType.JS
2025-12-15 11:36:46,473-DEBUG-root-34540::webapp_internal::send_action|10522:: send_action method result = True
2025-12-15 11:36:46,474-DEBUG-root-34540::webapp_internal::send_action|10523:: send_action selenium status: False
2025-12-15 11:36:48,969-DEBUG-root-34540::base::scroll_to_element|759:: ********Warining scroll_to_element exception: Message: TypeError: can't access property "scrollIntoView", arguments[0] is null
Stacktrace:
@https://qasrverp:10020/webapp/:2:7
@https://qasrverp:10020/webapp/:3:8
*********
2025-12-15 11:36:49,052-INFO-root-34540::webapp_internal::filling_date|885:: Filling Date: "15/12/2025"
2025-12-15 11:36:49,052-DEBUG-root-34540::webapp_internal::wait_blocker|2444:: Waiting blocker to continue...
2025-12-15 11:36:49,111-DEBUG-root-34540::webapp_internal::wait_blocker|2469:: Blocker status: None
2025-12-15 11:36:49,117-DEBUG-root-34540::base::click|192:: Click Type: ClickType.JS
2025-12-15 11:36:49,153-DEBUG-root-34540::webapp_internal::try_send_keys|7976:: Trying to send keys to element using technique 1
2025-12-15 11:36:49,274-DEBUG-root-34540::webapp_internal::get_web_value|3232:: Current value: 15/12/2025
2025-12-15 11:36:50,373-INFO-root-34540::webapp_internal::filling_group|955:: Filling Group: "02"
2025-12-15 11:36:50,374-DEBUG-root-34540::webapp_internal::wait_blocker|2444:: Waiting blocker to continue...
2025-12-15 11:36:50,411-DEBUG-root-34540::webapp_internal::wait_blocker|2469:: Blocker status: None
2025-12-15 11:36:50,416-DEBUG-root-34540::base::click|192:: Click Type: ClickType.JS
2025-12-15 11:36:50,485-DEBUG-root-34540::webapp_internal::get_web_value|3232:: Current value: 02
2025-12-15 11:36:51,589-INFO-root-34540::webapp_internal::filling_branch|1047:: Filling Branch: "02DF0001"
2025-12-15 11:36:51,589-DEBUG-root-34540::webapp_internal::wait_blocker|2444:: Waiting blocker to continue...
2025-12-15 11:36:51,638-DEBUG-root-34540::webapp_internal::wait_blocker|2469:: Blocker status: None
2025-12-15 11:36:51,641-DEBUG-root-34540::base::click|192:: Click Type: ClickType.JS
2025-12-15 11:36:51,728-DEBUG-root-34540::webapp_internal::get_web_value|3232:: Current value: 02DF0001
2025-12-15 11:36:52,832-INFO-root-34540::webapp_internal::filling_environment|1113:: Filling Environment: "07"
2025-12-15 11:36:52,832-DEBUG-root-34540::webapp_internal::wait_blocker|2444:: Waiting blocker to continue...
2025-12-15 11:36:52,869-DEBUG-root-34540::webapp_internal::wait_blocker|2469:: Blocker status: None
2025-12-15 11:36:52,873-DEBUG-root-34540::base::click|192:: Click Type: ClickType.JS
2025-12-15 11:36:52,941-DEBUG-root-34540::webapp_internal::get_web_value|3232:: Current value: 07
2025-12-15 11:36:53,951-DEBUG-root-34540::webapp_internal::close_warning_screen|1489:: Closing warning screen!
2025-12-15 11:36:54,988-DEBUG-root-34540::webapp_internal::check_screen_element|1291:: Checking screen element: "Atenção": False
2025-12-15 11:36:56,125-INFO-root-34540::webapp_internal::environment_screen|796:: Clicking on Button
2025-12-15 11:36:56,125-DEBUG-root-34540::webapp_internal::wait_blocker|2444:: Waiting blocker to continue...
2025-12-15 11:36:56,167-DEBUG-root-34540::webapp_internal::wait_blocker|2469:: Blocker status: None
2025-12-15 11:36:56,170-DEBUG-root-34540::base::click|192:: Click Type: ClickType.JS
2025-12-15 11:36:57,183-DEBUG-root-34540::base::click|192:: Click Type: ClickType.JS
2025-12-15 11:36:58,191-DEBUG-root-34540::base::click|192:: Click Type: ClickType.JS
2025-12-15 11:36:59,199-DEBUG-root-34540::base::click|192:: Click Type: ClickType.JS
2025-12-15 11:37:00,206-DEBUG-root-34540::base::click|192:: Click Type: ClickType.JS
2025-12-15 11:37:01,215-DEBUG-root-34540::base::click|192:: Click Type: ClickType.JS
2025-12-15 11:37:02,223-DEBUG-root-34540::webapp_internal::close_screen_before_menu|368:: Closing screen before the menu
2025-12-15 11:37:02,275-DEBUG-root-34540::webapp_internal::close_warning_screen|1489:: Closing warning screen!
2025-12-15 11:37:03,346-DEBUG-root-34540::webapp_internal::check_screen_element|1291:: Checking screen element: "Atenção": False
2025-12-15 11:37:03,346-DEBUG-root-34540::webapp_internal::close_coin_screen|1424:: Closing coin screen!
2025-12-15 11:37:03,920-DEBUG-root-34540::base::click|192:: Click Type: ClickType.JS
2025-12-15 11:37:04,004-DEBUG-root-34540::webapp_internal::close_warning_screen|1489:: Closing warning screen!
2025-12-15 11:37:05,073-DEBUG-root-34540::webapp_internal::check_screen_element|1291:: Checking screen element: "Atenção": False
2025-12-15 11:37:05,073-DEBUG-root-34540::webapp_internal::close_coin_screen|1424:: Closing coin screen!
2025-12-15 11:37:05,262-INFO-root-34540::webapp_internal::set_log_info|1623:: Getting log info
2025-12-15 11:37:05,263-INFO-root-34540::webapp_internal::SetLateralMenu|4184:: Navigating lateral menu: Ajuda > Sobre
2025-12-15 11:37:05,275-DEBUG-root-34540::webapp_internal::wait_element|7623:: Waiting for element
2025-12-15 11:37:05,346-DEBUG-root-34540::webapp_internal::wait_element|7653:: Element found! Waiting for element to be displayed.
2025-12-15 11:37:05,524-INFO-root-34540::webapp_internal::SetLateralMenu|4203:: Menu item: "Ajuda"
2025-12-15 11:37:05,524-DEBUG-root-34540::webapp_internal::wait_blocker|2444:: Waiting blocker to continue...
2025-12-15 11:37:05,609-DEBUG-root-34540::webapp_internal::wait_blocker|2469:: Blocker status: False
2025-12-15 11:37:06,092-DEBUG-root-34540::webapp_internal::wait_element_timeout|7726:: Element found! Waiting for element to be displayed.
2025-12-15 11:37:06,522-DEBUG-root-34540::webapp_internal::wait_blocker|2444:: Waiting blocker to continue...
2025-12-15 11:37:06,601-DEBUG-root-34540::webapp_internal::wait_blocker|2469:: Blocker status: False
2025-12-15 11:37:08,892-INFO-root-34540::webapp_internal::SetLateralMenu|4203:: Menu item: "Sobre"
2025-12-15 11:37:08,893-DEBUG-root-34540::webapp_internal::wait_blocker|2444:: Waiting blocker to continue...
2025-12-15 11:37:08,963-DEBUG-root-34540::webapp_internal::wait_blocker|2469:: Blocker status: False
2025-12-15 11:37:09,422-DEBUG-root-34540::webapp_internal::wait_element_timeout|7726:: Element found! Waiting for element to be displayed.
2025-12-15 11:37:09,856-DEBUG-root-34540::webapp_internal::wait_blocker|2444:: Waiting blocker to continue...
2025-12-15 11:37:09,934-DEBUG-root-34540::webapp_internal::wait_blocker|2469:: Blocker status: False
2025-12-15 11:37:12,634-DEBUG-root-34540::webapp_internal::wait_blocker|2444:: Waiting blocker to continue...
2025-12-15 11:37:12,702-DEBUG-root-34540::webapp_internal::wait_blocker|2469:: Blocker status: False
2025-12-15 11:37:12,773-DEBUG-root-34540::webapp_internal::wait_element|7623:: Waiting for element
2025-12-15 11:37:12,816-DEBUG-root-34540::webapp_internal::wait_element|7653:: Element found! Waiting for element to be displayed.
2025-12-15 11:37:12,989-INFO-root-34540::webapp_internal::SetButton|4444:: Clicking on Fechar
2025-12-15 11:37:12,990-DEBUG-root-34540::webapp_internal::wait_blocker|2444:: Waiting blocker to continue...
2025-12-15 11:37:13,060-DEBUG-root-34540::webapp_internal::wait_blocker|2469:: Blocker status: False
2025-12-15 11:37:13,240-DEBUG-root-34540::webapp_internal::wait_element_timeout|7726:: Element found! Waiting for element to be displayed.
2025-12-15 11:37:13,316-DEBUG-root-34540::webapp_internal::SetButton|4481:: ***System Info*** Before Clicking on button:Fechar
2025-12-15 11:37:13,317-DEBUG-root-34540::psutil_info::system_info|5:: CPU USAGE: 15.6%
2025-12-15 11:37:13,318-DEBUG-root-34540::psutil_info::system_info|6:: MEMORY USAGE: 94.5%
2025-12-15 11:37:13,318-DEBUG-root-34540::psutil_info::system_info|7:: MEMORY AVAILABLE: 5.51%
2025-12-15 11:37:13,508-DEBUG-root-34540::webapp_internal::wait_element_timeout|7726:: Element found! Waiting for element to be displayed.
2025-12-15 11:37:13,622-DEBUG-root-34540::webapp_internal::wait_blocker|2444:: Waiting blocker to continue...
2025-12-15 11:37:13,698-DEBUG-root-34540::webapp_internal::wait_blocker|2469:: Blocker status: False
2025-12-15 11:37:13,719-DEBUG-root-34540::webapp_internal::wait_blocker|2444:: Waiting blocker to continue...
2025-12-15 11:37:13,798-DEBUG-root-34540::webapp_internal::wait_blocker|2469:: Blocker status: False
2025-12-15 11:37:13,798-DEBUG-root-34540::webapp_internal::send_action|10480:: Trying to send action
2025-12-15 11:37:13,801-DEBUG-root-34540::base::click|192:: Click Type: ClickType.JS
2025-12-15 11:37:14,837-DEBUG-root-34540::webapp_internal::send_action|10522:: send_action method result = True
2025-12-15 11:37:14,837-DEBUG-root-34540::webapp_internal::send_action|10523:: send_action selenium status: False
2025-12-15 11:37:14,837-DEBUG-root-34540::webapp_internal::SetButton|4683:: ***System Info*** After Clicking on button:
2025-12-15 11:37:14,837-DEBUG-root-34540::psutil_info::system_info|5:: CPU USAGE: 8.0%
2025-12-15 11:37:14,838-DEBUG-root-34540::psutil_info::system_info|6:: MEMORY USAGE: 93.9%
2025-12-15 11:37:14,838-DEBUG-root-34540::psutil_info::system_info|7:: MEMORY AVAILABLE: 6.08%
2025-12-15 11:37:14,838-DEBUG-root-34540::webapp_internal::wait_element|7623:: Waiting for element
2025-12-15 11:37:14,961-INFO-root-34540::webapp_internal::SetLateralMenu|4184:: Navigating lateral menu: Atualizações > Gestao de Viagens > Controle de Alcada (5) > Aprovadores
2025-12-15 11:37:14,970-DEBUG-root-34540::webapp_internal::wait_element|7623:: Waiting for element
2025-12-15 11:37:15,008-DEBUG-root-34540::webapp_internal::wait_element|7653:: Element found! Waiting for element to be displayed.
2025-12-15 11:37:15,180-INFO-root-34540::webapp_internal::SetLateralMenu|4203:: Menu item: "Atualizações"
2025-12-15 11:37:15,180-DEBUG-root-34540::webapp_internal::wait_blocker|2444:: Waiting blocker to continue...
2025-12-15 11:37:15,248-DEBUG-root-34540::webapp_internal::wait_blocker|2469:: Blocker status: False
2025-12-15 11:37:15,697-DEBUG-root-34540::webapp_internal::wait_element_timeout|7726:: Element found! Waiting for element to be displayed.
2025-12-15 11:37:16,091-DEBUG-root-34540::webapp_internal::wait_blocker|2444:: Waiting blocker to continue...
2025-12-15 11:37:16,158-DEBUG-root-34540::webapp_internal::wait_blocker|2469:: Blocker status: False
2025-12-15 11:37:18,452-INFO-root-34540::webapp_internal::SetLateralMenu|4203:: Menu item: "Gestao de Viagens"
2025-12-15 11:37:18,452-DEBUG-root-34540::webapp_internal::wait_blocker|2444:: Waiting blocker to continue...
2025-12-15 11:37:18,555-DEBUG-root-34540::webapp_internal::wait_blocker|2469:: Blocker status: False
2025-12-15 11:37:19,339-DEBUG-root-34540::webapp_internal::wait_element_timeout|7726:: Element found! Waiting for element to be displayed.
2025-12-15 11:37:20,229-DEBUG-root-34540::webapp_internal::wait_blocker|2444:: Waiting blocker to continue...
2025-12-15 11:37:20,340-DEBUG-root-34540::webapp_internal::wait_blocker|2469:: Blocker status: False
2025-12-15 11:37:22,634-INFO-root-34540::webapp_internal::SetLateralMenu|4203:: Menu item: "Controle de Alcada (5)"
2025-12-15 11:37:22,634-DEBUG-root-34540::webapp_internal::wait_blocker|2444:: Waiting blocker to continue...
2025-12-15 11:37:22,714-DEBUG-root-34540::webapp_internal::wait_blocker|2469:: Blocker status: False
2025-12-15 11:37:23,688-DEBUG-root-34540::webapp_internal::wait_element_timeout|7726:: Element found! Waiting for element to be displayed.
2025-12-15 11:37:24,708-DEBUG-root-34540::webapp_internal::wait_blocker|2444:: Waiting blocker to continue...
2025-12-15 11:37:24,790-DEBUG-root-34540::webapp_internal::wait_blocker|2469:: Blocker status: False
2025-12-15 11:37:27,095-INFO-root-34540::webapp_internal::SetLateralMenu|4203:: Menu item: "Aprovadores"
2025-12-15 11:37:27,095-DEBUG-root-34540::webapp_internal::wait_blocker|2444:: Waiting blocker to continue...
2025-12-15 11:37:27,202-DEBUG-root-34540::webapp_internal::wait_blocker|2469:: Blocker status: False
2025-12-15 11:37:28,340-DEBUG-root-34540::webapp_internal::wait_element_timeout|7726:: Element found! Waiting for element to be displayed.
2025-12-15 11:37:29,639-DEBUG-root-34540::webapp_internal::wait_blocker|2444:: Waiting blocker to continue...
2025-12-15 11:37:29,760-DEBUG-root-34540::webapp_internal::wait_blocker|2469:: Blocker status: False
2025-12-15 11:37:34,061-DEBUG-root-34540::webapp_internal::wait_blocker|2444:: Waiting blocker to continue...
2025-12-15 11:37:34,193-DEBUG-root-34540::webapp_internal::wait_blocker|2469:: Blocker status: False
2025-12-15 11:37:34,321-INFO-root-34540::webapp_internal::WaitShow|4980:: Waiting show text 'Este ambiente utiliza base de Homologação.'...
2025-12-15 11:37:39,939-INFO-root-34540::webapp_internal::WaitShow|4980:: Waiting show text 'Moedas'...
2025-12-15 11:37:45,092-INFO-root-34540::webapp_internal::WaitShow|4980:: Waiting show text 'Cadastro de Aprovadores'...
2025-12-15 11:37:45,176-INFO-root-34540::webapp_internal::WaitShow|4996:: Text found! 
2025-12-15 11:37:45,176-INFO-root-34540::webapp_internal::SetButton|4444:: Clicking on Incluir
2025-12-15 11:37:45,176-DEBUG-root-34540::webapp_internal::wait_blocker|2444:: Waiting blocker to continue...
2025-12-15 11:37:45,296-DEBUG-root-34540::webapp_internal::wait_blocker|2469:: Blocker status: False
2025-12-15 11:37:45,751-DEBUG-root-34540::webapp_internal::wait_element_timeout|7726:: Element found! Waiting for element to be displayed.
2025-12-15 11:37:46,053-DEBUG-root-34540::webapp_internal::SetButton|4481:: ***System Info*** Before Clicking on button:Incluir
2025-12-15 11:37:46,053-DEBUG-root-34540::psutil_info::system_info|5:: CPU USAGE: 17.4%
2025-12-15 11:37:46,053-DEBUG-root-34540::psutil_info::system_info|6:: MEMORY USAGE: 94.0%
2025-12-15 11:37:46,054-DEBUG-root-34540::psutil_info::system_info|7:: MEMORY AVAILABLE: 5.97%
2025-12-15 11:37:46,423-DEBUG-root-34540::webapp_internal::wait_element_timeout|7726:: Element found! Waiting for element to be displayed.
2025-12-15 11:37:46,784-DEBUG-root-34540::webapp_internal::wait_blocker|2444:: Waiting blocker to continue...
2025-12-15 11:37:46,916-DEBUG-root-34540::webapp_internal::wait_blocker|2469:: Blocker status: False
2025-12-15 11:37:46,945-DEBUG-root-34540::webapp_internal::wait_blocker|2444:: Waiting blocker to continue...
2025-12-15 11:37:47,060-DEBUG-root-34540::webapp_internal::wait_blocker|2469:: Blocker status: False
2025-12-15 11:37:47,060-DEBUG-root-34540::webapp_internal::send_action|10480:: Trying to send action
2025-12-15 11:37:47,063-DEBUG-root-34540::base::click|192:: Click Type: ClickType.JS
2025-12-15 11:37:48,123-DEBUG-root-34540::webapp_internal::send_action|10522:: send_action method result = True
2025-12-15 11:37:48,123-DEBUG-root-34540::webapp_internal::send_action|10523:: send_action selenium status: False
2025-12-15 11:37:48,123-DEBUG-root-34540::webapp_internal::SetButton|4683:: ***System Info*** After Clicking on button:
2025-12-15 11:37:48,124-DEBUG-root-34540::psutil_info::system_info|5:: CPU USAGE: 17.1%
2025-12-15 11:37:48,124-DEBUG-root-34540::psutil_info::system_info|6:: MEMORY USAGE: 94.4%
2025-12-15 11:37:48,125-DEBUG-root-34540::psutil_info::system_info|7:: MEMORY AVAILABLE: 5.59%
2025-12-15 11:37:48,325-INFO-root-34540::webapp_internal::WaitShow|4980:: Waiting show text 'Aprovadores - INCLUIR'...
2025-12-15 11:37:48,455-INFO-root-34540::webapp_internal::WaitShow|4996:: Text found! 
2025-12-15 11:37:48,455-DEBUG-root-34540::webapp_internal::wait_blocker|2444:: Waiting blocker to continue...
2025-12-15 11:37:48,569-DEBUG-root-34540::webapp_internal::wait_blocker|2469:: Blocker status: False
2025-12-15 11:37:48,570-DEBUG-root-34540::webapp_internal::wait_element|7623:: Waiting for element
2025-12-15 11:37:48,688-DEBUG-root-34540::webapp_internal::wait_element|7653:: Element found! Waiting for element to be displayed.
2025-12-15 11:37:48,780-INFO-root-34540::webapp_internal::input_value|2941:: Looking for element: AK_USER
2025-12-15 11:37:48,900-INFO-root-34540::webapp_internal::input_value|2951:: Element: AK_USER Found!
2025-12-15 11:37:48,901-INFO-root-34540::webapp_internal::input_value|2953:: Filling element: AK_USER
2025-12-15 11:37:48,940-DEBUG-root-34540::webapp_internal::get_web_value|3232:: Current value:       
2025-12-15 11:37:48,995-DEBUG-root-34540::base::double_click|259:: Click Type: ClickType.SELENIUM
2025-12-15 11:37:49,262-DEBUG-root-34540::webapp_internal::wait_blocker|2444:: Waiting blocker to continue...
2025-12-15 11:37:49,417-DEBUG-root-34540::webapp_internal::wait_blocker|2469:: Blocker status: False
2025-12-15 11:37:49,740-DEBUG-root-34540::webapp_internal::get_web_value|3232:: Current value: 001016
2025-12-15 11:37:49,740-INFO-root-34540::webapp_internal::input_value|3059:: Current field value: 001016
2025-12-15 11:37:49,740-DEBUG-root-34540::webapp_internal::wait_blocker|2444:: Waiting blocker to continue...
2025-12-15 11:37:49,856-DEBUG-root-34540::webapp_internal::wait_blocker|2469:: Blocker status: False
2025-12-15 11:37:49,856-DEBUG-root-34540::webapp_internal::wait_element|7623:: Waiting for element
2025-12-15 11:37:49,958-DEBUG-root-34540::webapp_internal::wait_element|7653:: Element found! Waiting for element to be displayed.
2025-12-15 11:37:50,008-INFO-root-34540::webapp_internal::input_value|2941:: Looking for element: AK_APROSUP
2025-12-15 11:37:50,124-INFO-root-34540::webapp_internal::input_value|2951:: Element: AK_APROSUP Found!
2025-12-15 11:37:50,124-INFO-root-34540::webapp_internal::input_value|2953:: Filling element: AK_APROSUP
2025-12-15 11:37:50,158-DEBUG-root-34540::webapp_internal::get_web_value|3232:: Current value:       
2025-12-15 11:37:50,212-DEBUG-root-34540::base::double_click|259:: Click Type: ClickType.SELENIUM
2025-12-15 11:37:50,488-DEBUG-root-34540::webapp_internal::wait_blocker|2444:: Waiting blocker to continue...
2025-12-15 11:37:50,601-DEBUG-root-34540::webapp_internal::wait_blocker|2469:: Blocker status: False
2025-12-15 11:37:50,936-DEBUG-root-34540::webapp_internal::get_web_value|3232:: Current value: 000005
2025-12-15 11:37:50,936-INFO-root-34540::webapp_internal::input_value|3059:: Current field value: 000005
2025-12-15 11:37:50,936-DEBUG-root-34540::webapp_internal::wait_blocker|2444:: Waiting blocker to continue...
2025-12-15 11:37:51,058-DEBUG-root-34540::webapp_internal::wait_blocker|2469:: Blocker status: False
2025-12-15 11:37:51,059-DEBUG-root-34540::webapp_internal::wait_element|7623:: Waiting for element
2025-12-15 11:37:51,130-DEBUG-root-34540::webapp_internal::wait_element|7653:: Element found! Waiting for element to be displayed.
2025-12-15 11:37:51,186-INFO-root-34540::webapp_internal::input_value|2941:: Looking for element: AK_MOEDA
2025-12-15 11:37:51,304-INFO-root-34540::webapp_internal::input_value|2951:: Element: AK_MOEDA Found!
2025-12-15 11:37:51,304-INFO-root-34540::webapp_internal::input_value|2953:: Filling element: AK_MOEDA
2025-12-15 11:37:51,385-DEBUG-root-34540::webapp_internal::get_web_value|3232:: Current value: 1
2025-12-15 11:37:51,435-DEBUG-root-34540::base::double_click|259:: Click Type: ClickType.SELENIUM
2025-12-15 11:37:51,584-DEBUG-root-34540::base::click|192:: Click Type: ClickType.SELENIUM
2025-12-15 11:37:51,661-DEBUG-root-34540::webapp_internal::try_send_keys|7976:: Trying to send keys to element using technique 1
2025-12-15 11:37:51,711-DEBUG-root-34540::webapp_internal::get_web_value|3232:: Current value: 1
2025-12-15 11:37:51,737-DEBUG-root-34540::webapp_internal::get_web_value|3232:: Current value: 1
2025-12-15 11:37:51,737-INFO-root-34540::webapp_internal::input_value|3059:: Current field value: 1
2025-12-15 11:37:51,737-DEBUG-root-34540::webapp_internal::wait_blocker|2444:: Waiting blocker to continue...
2025-12-15 11:37:51,856-DEBUG-root-34540::webapp_internal::wait_blocker|2469:: Blocker status: False
2025-12-15 11:37:51,856-DEBUG-root-34540::webapp_internal::wait_element|7623:: Waiting for element
2025-12-15 11:38:51,620-ERROR-root-34540::webapp_internal::TearDown|9654:: Warning tearDown Close Message: Failed to decode response from marionette
Traceback (most recent call last):
  File "C:\TIR_TESTE\venv\Lib\site-packages\tir\technologies\webapp_internal.py", line 9652, in TearDown
    self.driver.close()
  File "C:\TIR_TESTE\venv\Lib\site-packages\selenium\webdriver\remote\webdriver.py", line 458, in close
    self.execute(Command.CLOSE)
  File "C:\TIR_TESTE\venv\Lib\site-packages\selenium\webdriver\remote\webdriver.py", line 347, in execute
    self.error_handler.check_response(response)
  File "C:\TIR_TESTE\venv\Lib\site-packages\selenium\webdriver\remote\errorhandler.py", line 229, in check_response
    raise exception_class(message, screen, stacktrace)
selenium.common.exceptions.WebDriverException: Message: Failed to decode response from marionette

