2025-12-04 07:47:12,240-DEBUG-root-26728::logging_config::logger|189:: Log file created: 'Log\GESIT03\TIR__20251204074712224.log'
2025-12-04 07:47:12,240-INFO-root-26728::base::Start|1183:: TIR Version: 2.4.3
2025-12-04 07:47:12,241-INFO-root-26728::base::Start|1184:: Python Version: 3.12.10
2025-12-04 07:47:12,241-INFO-root-26728::base::Start|1185:: Starting the browser
2025-12-04 07:47:19,621-INFO-root-26728::base::get_url|1294:: Page is ready!
2025-12-04 07:47:19,624-INFO-root-26728::base::Start|1256:: Browser maximized to 1936x1048
2025-12-04 07:47:19,624-INFO-root-26728::base::Start|1258:: Screen size is different from default used in headless mode
2025-12-04 07:47:19,767-INFO-root-26728::webapp_internal::Setup|247:: ***System Info*** in Setup():
2025-12-04 07:47:19,768-DEBUG-root-26728::psutil_info::system_info|5:: CPU USAGE: 18.3%
2025-12-04 07:47:19,768-DEBUG-root-26728::psutil_info::system_info|6:: MEMORY USAGE: 91.6%
2025-12-04 07:47:19,769-DEBUG-root-26728::psutil_info::system_info|7:: MEMORY AVAILABLE: 8.44%
2025-12-04 07:47:19,774-INFO-root-26728::base::webapp_shadowroot|1394:: Webapp: 10.1.6-RC4
2025-12-04 07:47:19,805-INFO-root-26728::webapp_internal::filling_initial_program|449:: Filling Initial Program: "SIGAMDI"
2025-12-04 07:47:19,805-DEBUG-root-26728::webapp_internal::wait_element|7636:: Waiting for element
2025-12-04 07:47:19,850-DEBUG-root-26728::webapp_internal::wait_element|7666:: Element found! Waiting for element to be displayed.
2025-12-04 07:47:20,035-DEBUG-root-26728::base::click|192:: Click Type: ClickType.JS
2025-12-04 07:47:20,040-DEBUG-root-26728::webapp_internal::try_send_keys|7989:: Trying to send keys to element using technique 0
2025-12-04 07:47:20,394-DEBUG-root-26728::webapp_internal::get_web_value|3232:: Current value: SIGAMDI
2025-12-04 07:47:20,394-INFO-root-26728::webapp_internal::filling_server_environment|463:: Filling Server Environment: "POUPEX_TST"
2025-12-04 07:47:20,394-DEBUG-root-26728::webapp_internal::wait_element|7636:: Waiting for element
2025-12-04 07:47:20,587-DEBUG-root-26728::webapp_internal::wait_element|7666:: Element found! Waiting for element to be displayed.
2025-12-04 07:47:20,853-DEBUG-root-26728::base::click|192:: Click Type: ClickType.JS
2025-12-04 07:47:20,858-DEBUG-root-26728::webapp_internal::try_send_keys|7989:: Trying to send keys to element using technique 0
2025-12-04 07:47:21,311-DEBUG-root-26728::webapp_internal::get_web_value|3232:: Current value: POUPEX_TST
2025-12-04 07:47:21,338-DEBUG-root-26728::base::click|192:: Click Type: ClickType.JS
2025-12-04 07:47:21,353-DEBUG-root-26728::webapp_internal::user_screen|519:: Filling user screen
2025-12-04 07:47:27,148-DEBUG-root-26728::webapp_internal::wait_element_timeout|7739:: Element found! Waiting for element to be displayed.
2025-12-04 07:47:27,210-DEBUG-root-26728::base::scroll_to_element|759:: ********Warining scroll_to_element exception: Message: TypeError: can't access property "scrollIntoView", arguments[0] is null
Stacktrace:
@https://qasrverp:10020/webapp/:2:7
@https://qasrverp:10020/webapp/:3:8
*********
2025-12-04 07:47:27,346-INFO-root-26728::webapp_internal::user_screen|561:: Filling User
2025-12-04 07:47:27,373-DEBUG-root-26728::base::double_click|259:: Click Type: ClickType.SELENIUM
2025-12-04 07:47:27,584-DEBUG-root-26728::webapp_internal::get_web_value|3232:: Current value: 97137227104
2025-12-04 07:47:27,609-INFO-root-26728::webapp_internal::user_screen|621:: Filling Password
2025-12-04 07:47:27,637-DEBUG-root-26728::base::click|192:: Click Type: ClickType.JS
2025-12-04 07:47:27,714-DEBUG-root-26728::webapp_internal::get_web_value|3232:: Current value: Val20221080080094+
2025-12-04 07:47:27,714-DEBUG-root-26728::webapp_internal::wait_blocker|2444:: Waiting blocker to continue...
2025-12-04 07:47:27,746-DEBUG-root-26728::webapp_internal::wait_blocker|2469:: Blocker status: None
2025-12-04 07:47:27,770-DEBUG-root-26728::webapp_internal::wait_blocker|2444:: Waiting blocker to continue...
2025-12-04 07:47:27,796-DEBUG-root-26728::webapp_internal::wait_blocker|2469:: Blocker status: None
2025-12-04 07:47:27,833-DEBUG-root-26728::webapp_internal::wait_blocker|2444:: Waiting blocker to continue...
2025-12-04 07:47:27,860-DEBUG-root-26728::webapp_internal::wait_blocker|2469:: Blocker status: None
2025-12-04 07:47:27,861-DEBUG-root-26728::webapp_internal::send_action|10493:: Trying to send action
2025-12-04 07:47:27,868-DEBUG-root-26728::base::click|192:: Click Type: ClickType.JS
2025-12-04 07:47:28,907-DEBUG-root-26728::webapp_internal::send_action|10535:: send_action method result = True
2025-12-04 07:47:28,907-DEBUG-root-26728::webapp_internal::send_action|10536:: send_action selenium status: False
2025-12-04 07:47:31,340-DEBUG-root-26728::base::scroll_to_element|759:: ********Warining scroll_to_element exception: Message: TypeError: can't access property "scrollIntoView", arguments[0] is null
Stacktrace:
@https://qasrverp:10020/webapp/:2:7
@https://qasrverp:10020/webapp/:3:8
*********
2025-12-04 07:47:31,392-INFO-root-26728::webapp_internal::filling_date|885:: Filling Date: "04/11/2025"
2025-12-04 07:47:31,392-DEBUG-root-26728::webapp_internal::wait_blocker|2444:: Waiting blocker to continue...
2025-12-04 07:47:31,436-DEBUG-root-26728::webapp_internal::wait_blocker|2469:: Blocker status: None
2025-12-04 07:47:31,438-DEBUG-root-26728::base::click|192:: Click Type: ClickType.JS
2025-12-04 07:47:31,457-DEBUG-root-26728::webapp_internal::try_send_keys|7989:: Trying to send keys to element using technique 1
2025-12-04 07:47:31,525-DEBUG-root-26728::webapp_internal::get_web_value|3232:: Current value: 04/11/2025
2025-12-04 07:47:32,618-INFO-root-26728::webapp_internal::filling_group|955:: Filling Group: "02"
2025-12-04 07:47:32,618-DEBUG-root-26728::webapp_internal::wait_blocker|2444:: Waiting blocker to continue...
2025-12-04 07:47:32,651-DEBUG-root-26728::webapp_internal::wait_blocker|2469:: Blocker status: None
2025-12-04 07:47:32,654-DEBUG-root-26728::base::click|192:: Click Type: ClickType.JS
2025-12-04 07:47:32,702-DEBUG-root-26728::webapp_internal::get_web_value|3232:: Current value: 02
2025-12-04 07:47:33,765-INFO-root-26728::webapp_internal::filling_branch|1047:: Filling Branch: "02DF0001"
2025-12-04 07:47:33,765-DEBUG-root-26728::webapp_internal::wait_blocker|2444:: Waiting blocker to continue...
2025-12-04 07:47:33,797-DEBUG-root-26728::webapp_internal::wait_blocker|2469:: Blocker status: None
2025-12-04 07:47:33,802-DEBUG-root-26728::base::click|192:: Click Type: ClickType.JS
2025-12-04 07:47:33,853-DEBUG-root-26728::webapp_internal::get_web_value|3232:: Current value: 02DF0001
2025-12-04 07:47:34,932-INFO-root-26728::webapp_internal::filling_environment|1113:: Filling Environment: "07"
2025-12-04 07:47:34,933-DEBUG-root-26728::webapp_internal::wait_blocker|2444:: Waiting blocker to continue...
2025-12-04 07:47:34,967-DEBUG-root-26728::webapp_internal::wait_blocker|2469:: Blocker status: None
2025-12-04 07:47:34,970-DEBUG-root-26728::base::click|192:: Click Type: ClickType.JS
2025-12-04 07:47:35,022-DEBUG-root-26728::webapp_internal::get_web_value|3232:: Current value: 07
2025-12-04 07:47:36,029-DEBUG-root-26728::webapp_internal::close_warning_screen|1489:: Closing warning screen!
2025-12-04 07:47:37,062-DEBUG-root-26728::webapp_internal::check_screen_element|1291:: Checking screen element: "Atenção": False
2025-12-04 07:47:38,168-INFO-root-26728::webapp_internal::environment_screen|796:: Clicking on Button
2025-12-04 07:47:38,170-DEBUG-root-26728::webapp_internal::wait_blocker|2444:: Waiting blocker to continue...
2025-12-04 07:47:38,204-DEBUG-root-26728::webapp_internal::wait_blocker|2469:: Blocker status: None
2025-12-04 07:47:38,206-DEBUG-root-26728::base::click|192:: Click Type: ClickType.JS
2025-12-04 07:47:39,224-DEBUG-root-26728::base::click|192:: Click Type: ClickType.JS
2025-12-04 07:47:40,231-DEBUG-root-26728::base::click|192:: Click Type: ClickType.JS
2025-12-04 07:47:41,240-DEBUG-root-26728::base::click|192:: Click Type: ClickType.JS
2025-12-04 07:47:42,248-DEBUG-root-26728::base::click|192:: Click Type: ClickType.JS
2025-12-04 07:47:43,255-DEBUG-root-26728::base::click|192:: Click Type: ClickType.JS
2025-12-04 07:47:44,262-DEBUG-root-26728::webapp_internal::close_screen_before_menu|368:: Closing screen before the menu
2025-12-04 07:47:44,310-DEBUG-root-26728::webapp_internal::close_warning_screen|1489:: Closing warning screen!
2025-12-04 07:47:45,354-DEBUG-root-26728::webapp_internal::check_screen_element|1291:: Checking screen element: "Atenção": False
2025-12-04 07:47:45,354-DEBUG-root-26728::webapp_internal::close_coin_screen|1424:: Closing coin screen!
2025-12-04 07:47:45,906-DEBUG-root-26728::base::click|192:: Click Type: ClickType.JS
2025-12-04 07:47:45,963-DEBUG-root-26728::webapp_internal::close_warning_screen|1489:: Closing warning screen!
2025-12-04 07:47:47,023-DEBUG-root-26728::webapp_internal::check_screen_element|1291:: Checking screen element: "Atenção": False
2025-12-04 07:47:47,023-DEBUG-root-26728::webapp_internal::close_coin_screen|1424:: Closing coin screen!
2025-12-04 07:47:47,183-INFO-root-26728::webapp_internal::set_log_info|1623:: Getting log info
2025-12-04 07:47:47,184-INFO-root-26728::webapp_internal::SetLateralMenu|4184:: Navigating lateral menu: Ajuda > Sobre
2025-12-04 07:47:47,203-DEBUG-root-26728::webapp_internal::wait_element|7636:: Waiting for element
2025-12-04 07:47:47,267-DEBUG-root-26728::webapp_internal::wait_element|7666:: Element found! Waiting for element to be displayed.
2025-12-04 07:47:47,486-INFO-root-26728::webapp_internal::SetLateralMenu|4203:: Menu item: "Ajuda"
2025-12-04 07:47:47,486-DEBUG-root-26728::webapp_internal::wait_blocker|2444:: Waiting blocker to continue...
2025-12-04 07:47:47,560-DEBUG-root-26728::webapp_internal::wait_blocker|2469:: Blocker status: False
2025-12-04 07:47:47,950-DEBUG-root-26728::webapp_internal::wait_element_timeout|7739:: Element found! Waiting for element to be displayed.
2025-12-04 07:47:48,328-DEBUG-root-26728::webapp_internal::wait_blocker|2444:: Waiting blocker to continue...
2025-12-04 07:47:48,397-DEBUG-root-26728::webapp_internal::wait_blocker|2469:: Blocker status: False
2025-12-04 07:47:50,686-INFO-root-26728::webapp_internal::SetLateralMenu|4203:: Menu item: "Sobre"
2025-12-04 07:47:50,687-DEBUG-root-26728::webapp_internal::wait_blocker|2444:: Waiting blocker to continue...
2025-12-04 07:47:50,752-DEBUG-root-26728::webapp_internal::wait_blocker|2469:: Blocker status: False
2025-12-04 07:47:51,148-DEBUG-root-26728::webapp_internal::wait_element_timeout|7739:: Element found! Waiting for element to be displayed.
2025-12-04 07:47:51,494-DEBUG-root-26728::webapp_internal::wait_blocker|2444:: Waiting blocker to continue...
2025-12-04 07:47:51,557-DEBUG-root-26728::webapp_internal::wait_blocker|2469:: Blocker status: False
2025-12-04 07:47:54,155-DEBUG-root-26728::webapp_internal::wait_blocker|2444:: Waiting blocker to continue...
2025-12-04 07:47:54,225-DEBUG-root-26728::webapp_internal::wait_blocker|2469:: Blocker status: False
2025-12-04 07:47:54,293-DEBUG-root-26728::webapp_internal::wait_element|7636:: Waiting for element
2025-12-04 07:47:54,336-DEBUG-root-26728::webapp_internal::wait_element|7666:: Element found! Waiting for element to be displayed.
2025-12-04 07:47:54,509-INFO-root-26728::webapp_internal::SetButton|4444:: Clicking on Fechar
2025-12-04 07:47:54,509-DEBUG-root-26728::webapp_internal::wait_blocker|2444:: Waiting blocker to continue...
2025-12-04 07:47:54,588-DEBUG-root-26728::webapp_internal::wait_blocker|2469:: Blocker status: False
2025-12-04 07:47:54,767-DEBUG-root-26728::webapp_internal::wait_element_timeout|7739:: Element found! Waiting for element to be displayed.
2025-12-04 07:47:54,844-DEBUG-root-26728::webapp_internal::SetButton|4481:: ***System Info*** Before Clicking on button:Fechar
2025-12-04 07:47:54,845-DEBUG-root-26728::psutil_info::system_info|5:: CPU USAGE: 10.8%
2025-12-04 07:47:54,845-DEBUG-root-26728::psutil_info::system_info|6:: MEMORY USAGE: 92.3%
2025-12-04 07:47:54,846-DEBUG-root-26728::psutil_info::system_info|7:: MEMORY AVAILABLE: 7.75%
2025-12-04 07:47:55,013-DEBUG-root-26728::webapp_internal::wait_element_timeout|7739:: Element found! Waiting for element to be displayed.
2025-12-04 07:47:55,175-DEBUG-root-26728::webapp_internal::wait_blocker|2444:: Waiting blocker to continue...
2025-12-04 07:47:55,251-DEBUG-root-26728::webapp_internal::wait_blocker|2469:: Blocker status: False
2025-12-04 07:47:55,267-DEBUG-root-26728::webapp_internal::wait_blocker|2444:: Waiting blocker to continue...
2025-12-04 07:47:55,338-DEBUG-root-26728::webapp_internal::wait_blocker|2469:: Blocker status: False
2025-12-04 07:47:55,338-DEBUG-root-26728::webapp_internal::send_action|10493:: Trying to send action
2025-12-04 07:47:55,340-DEBUG-root-26728::base::click|192:: Click Type: ClickType.JS
2025-12-04 07:47:56,370-DEBUG-root-26728::webapp_internal::send_action|10535:: send_action method result = True
2025-12-04 07:47:56,370-DEBUG-root-26728::webapp_internal::send_action|10536:: send_action selenium status: False
2025-12-04 07:47:56,371-DEBUG-root-26728::webapp_internal::SetButton|4683:: ***System Info*** After Clicking on button:
2025-12-04 07:47:56,371-DEBUG-root-26728::psutil_info::system_info|5:: CPU USAGE: 12.6%
2025-12-04 07:47:56,371-DEBUG-root-26728::psutil_info::system_info|6:: MEMORY USAGE: 92.0%
2025-12-04 07:47:56,372-DEBUG-root-26728::psutil_info::system_info|7:: MEMORY AVAILABLE: 8.0%
2025-12-04 07:47:56,372-DEBUG-root-26728::webapp_internal::wait_element|7636:: Waiting for element
2025-12-04 07:47:56,455-INFO-root-26728::webapp_internal::SetLateralMenu|4184:: Navigating lateral menu: Atualizações > Especificos > Tipo de Convenio
2025-12-04 07:47:56,463-DEBUG-root-26728::webapp_internal::wait_element|7636:: Waiting for element
2025-12-04 07:47:56,500-DEBUG-root-26728::webapp_internal::wait_element|7666:: Element found! Waiting for element to be displayed.
2025-12-04 07:47:56,658-INFO-root-26728::webapp_internal::SetLateralMenu|4203:: Menu item: "Atualizações"
2025-12-04 07:47:56,658-DEBUG-root-26728::webapp_internal::wait_blocker|2444:: Waiting blocker to continue...
2025-12-04 07:47:56,734-DEBUG-root-26728::webapp_internal::wait_blocker|2469:: Blocker status: False
2025-12-04 07:47:57,152-DEBUG-root-26728::webapp_internal::wait_element_timeout|7739:: Element found! Waiting for element to be displayed.
2025-12-04 07:47:57,562-DEBUG-root-26728::webapp_internal::wait_blocker|2444:: Waiting blocker to continue...
2025-12-04 07:47:57,630-DEBUG-root-26728::webapp_internal::wait_blocker|2469:: Blocker status: False
2025-12-04 07:47:59,920-INFO-root-26728::webapp_internal::SetLateralMenu|4203:: Menu item: "Especificos"
2025-12-04 07:47:59,920-DEBUG-root-26728::webapp_internal::wait_blocker|2444:: Waiting blocker to continue...
2025-12-04 07:48:00,041-DEBUG-root-26728::webapp_internal::wait_blocker|2469:: Blocker status: False
2025-12-04 07:48:00,889-DEBUG-root-26728::webapp_internal::wait_element_timeout|7739:: Element found! Waiting for element to be displayed.
2025-12-04 07:48:01,616-DEBUG-root-26728::webapp_internal::wait_blocker|2444:: Waiting blocker to continue...
2025-12-04 07:48:01,721-DEBUG-root-26728::webapp_internal::wait_blocker|2469:: Blocker status: False
2025-12-04 07:48:04,010-INFO-root-26728::webapp_internal::SetLateralMenu|4203:: Menu item: "Tipo de Convenio"
2025-12-04 07:48:04,010-DEBUG-root-26728::webapp_internal::wait_blocker|2444:: Waiting blocker to continue...
2025-12-04 07:48:04,158-DEBUG-root-26728::webapp_internal::wait_blocker|2469:: Blocker status: False
2025-12-04 07:48:05,810-DEBUG-root-26728::webapp_internal::wait_element_timeout|7739:: Element found! Waiting for element to be displayed.
2025-12-04 07:48:07,417-DEBUG-root-26728::webapp_internal::wait_blocker|2444:: Waiting blocker to continue...
2025-12-04 07:48:07,522-DEBUG-root-26728::webapp_internal::wait_blocker|2469:: Blocker status: False
2025-12-04 07:48:12,060-DEBUG-root-26728::webapp_internal::wait_blocker|2444:: Waiting blocker to continue...
2025-12-04 07:48:12,157-DEBUG-root-26728::webapp_internal::wait_blocker|2469:: Blocker status: False
2025-12-04 07:48:12,261-INFO-root-26728::webapp_internal::WaitShow|4980:: Waiting show text 'Este ambiente utiliza base de Homologação.'...
2025-12-04 07:48:17,609-DEBUG-root-26728::log::checks_empty_line|221:: Checking empty default log info
2025-12-04 07:48:17,612-DEBUG-root-26728::log::generate_log|503:: Json log_data: {'cLogDtExec': '04/12/2025 07:48:17', 'cLogNomUsr': '97137227104', 'cLogNomEst': 'GESIT03', 'cLogProgra': None, 'cLogDtProg': '', 'cLogHrProg': '', 'nLogCtsOk': 1, 'nLogCtsNok': 0, 'nLogCtsSeg': 65.73, 'cLogVersao': '12', 'cLogReleas': '12.1.2410', 'nLogCtsErr': '', 'cLogBancod': 'ORACLE', 'cLogIdenti': '', 'cLogIdExec': '20251204', 'cLogPais': 'BRA', 'cLogTool': 'TIR', 'cLogSequen': 'e3ea8d', 'nLogCtsTot': 1, 'cLogDtExea': '04/12/2025', 'cLogHrExea': '07:48:17', 'cLogArea': 'Desenvolvimento', 'cLogMnExec': 1.0955000000000001}
2025-12-04 07:48:17,612-INFO-root-26728::log::send_log_with_retries|515:: Saving log locally.
2025-12-04 07:48:17,612-INFO-root-26728::log::save_log_locally|548:: [FwSendLog]: Não foi possível enviar o log após todas as tentativas.
2025-12-04 07:48:17,613-INFO-root-26728::log::save_log_locally|555:: [FwSendLog]: Log salvo localmente em C:\TIR_TESTE\1764845297.json.
2025-12-04 07:48:17,613-INFO-root-26728::webapp_internal::WaitShow|4980:: Waiting show text 'Moedas'...
2025-12-04 07:48:22,905-INFO-root-26728::webapp_internal::WaitShow|4980:: Waiting show text 'Tipos de Convênios'...
2025-12-04 07:48:23,030-INFO-root-26728::webapp_internal::WaitShow|4996:: Text found! 
2025-12-04 07:48:23,030-INFO-root-26728::webapp_internal::SetButton|4444:: Clicking on Incluir
2025-12-04 07:48:23,031-DEBUG-root-26728::webapp_internal::wait_blocker|2444:: Waiting blocker to continue...
2025-12-04 07:48:23,148-DEBUG-root-26728::webapp_internal::wait_blocker|2469:: Blocker status: False
2025-12-04 07:48:23,555-DEBUG-root-26728::webapp_internal::wait_element_timeout|7739:: Element found! Waiting for element to be displayed.
2025-12-04 07:48:23,894-DEBUG-root-26728::webapp_internal::SetButton|4481:: ***System Info*** Before Clicking on button:Incluir
2025-12-04 07:48:23,894-DEBUG-root-26728::psutil_info::system_info|5:: CPU USAGE: 12.8%
2025-12-04 07:48:23,895-DEBUG-root-26728::psutil_info::system_info|6:: MEMORY USAGE: 92.8%
2025-12-04 07:48:23,895-DEBUG-root-26728::psutil_info::system_info|7:: MEMORY AVAILABLE: 7.2%
2025-12-04 07:48:24,304-DEBUG-root-26728::webapp_internal::wait_element_timeout|7739:: Element found! Waiting for element to be displayed.
2025-12-04 07:48:24,691-DEBUG-root-26728::webapp_internal::wait_blocker|2444:: Waiting blocker to continue...
2025-12-04 07:48:24,801-DEBUG-root-26728::webapp_internal::wait_blocker|2469:: Blocker status: False
2025-12-04 07:48:24,831-DEBUG-root-26728::webapp_internal::wait_blocker|2444:: Waiting blocker to continue...
2025-12-04 07:48:24,945-DEBUG-root-26728::webapp_internal::wait_blocker|2469:: Blocker status: False
2025-12-04 07:48:24,945-DEBUG-root-26728::webapp_internal::send_action|10493:: Trying to send action
2025-12-04 07:48:24,947-DEBUG-root-26728::base::click|192:: Click Type: ClickType.JS
2025-12-04 07:48:26,003-DEBUG-root-26728::webapp_internal::send_action|10535:: send_action method result = True
2025-12-04 07:48:26,004-DEBUG-root-26728::webapp_internal::send_action|10536:: send_action selenium status: False
2025-12-04 07:48:26,004-DEBUG-root-26728::webapp_internal::SetButton|4683:: ***System Info*** After Clicking on button:
2025-12-04 07:48:26,004-DEBUG-root-26728::psutil_info::system_info|5:: CPU USAGE: 10.4%
2025-12-04 07:48:26,004-DEBUG-root-26728::psutil_info::system_info|6:: MEMORY USAGE: 92.9%
2025-12-04 07:48:26,005-DEBUG-root-26728::psutil_info::system_info|7:: MEMORY AVAILABLE: 7.09%
2025-12-04 07:48:26,005-INFO-root-26728::webapp_internal::WaitShow|4980:: Waiting show text 'Tipos de Convenios - INCLUIR'...
2025-12-04 07:48:26,153-INFO-root-26728::webapp_internal::WaitShow|4996:: Text found! 
2025-12-04 07:48:26,153-DEBUG-root-26728::webapp_internal::SetFocus|6011:: Setting focus on element ZD_DESCONV.
2025-12-04 07:48:26,338-DEBUG-root-26728::base::click|192:: Click Type: ClickType.SELENIUM
2025-12-04 07:48:26,422-DEBUG-root-26728::webapp_internal::wait_blocker|2444:: Waiting blocker to continue...
2025-12-04 07:48:26,609-DEBUG-root-26728::webapp_internal::wait_blocker|2469:: Blocker status: False
2025-12-04 07:48:26,609-DEBUG-root-26728::webapp_internal::wait_element|7636:: Waiting for element
2025-12-04 07:48:26,688-DEBUG-root-26728::webapp_internal::wait_element|7666:: Element found! Waiting for element to be displayed.
2025-12-04 07:48:26,753-INFO-root-26728::webapp_internal::input_value|2941:: Looking for element: ZD_DESCONV
2025-12-04 07:48:26,871-INFO-root-26728::webapp_internal::input_value|2951:: Element: ZD_DESCONV Found!
2025-12-04 07:48:26,871-INFO-root-26728::webapp_internal::input_value|2953:: Filling element: ZD_DESCONV
2025-12-04 07:48:26,894-DEBUG-root-26728::webapp_internal::get_web_value|3232:: Current value:                                                             
2025-12-04 07:48:26,940-DEBUG-root-26728::base::double_click|259:: Click Type: ClickType.SELENIUM
2025-12-04 07:48:27,204-DEBUG-root-26728::webapp_internal::wait_blocker|2444:: Waiting blocker to continue...
2025-12-04 07:48:27,329-DEBUG-root-26728::webapp_internal::wait_blocker|2469:: Blocker status: False
2025-12-04 07:48:27,692-DEBUG-root-26728::webapp_internal::get_web_value|3232:: Current value: TESTE INCLUSAO 01                                           
2025-12-04 07:48:27,694-INFO-root-26728::webapp_internal::input_value|3059:: Current field value: TESTE INCLUSAO 01
2025-12-04 07:48:27,721-DEBUG-root-26728::webapp_internal::wait_blocker|2444:: Waiting blocker to continue...
2025-12-04 07:48:27,853-DEBUG-root-26728::webapp_internal::wait_blocker|2469:: Blocker status: False
2025-12-04 07:48:27,853-INFO-root-26728::webapp_internal::SetKey|5822:: Key pressed: TAB
2025-12-04 07:48:27,853-DEBUG-root-26728::webapp_internal::SetKey|5857:: Trying press key
2025-12-04 07:48:29,858-DEBUG-root-26728::webapp_internal::wait_blocker|2444:: Waiting blocker to continue...
2025-12-04 07:48:29,985-DEBUG-root-26728::webapp_internal::wait_blocker|2469:: Blocker status: False
2025-12-04 07:48:30,011-DEBUG-root-26728::webapp_internal::wait_blocker|2444:: Waiting blocker to continue...
2025-12-04 07:48:30,153-DEBUG-root-26728::webapp_internal::wait_blocker|2469:: Blocker status: False
2025-12-04 07:48:30,153-DEBUG-root-26728::webapp_internal::send_action|10493:: Trying to send action
2025-12-04 07:48:31,214-DEBUG-root-26728::webapp_internal::send_action|10535:: send_action method result = True
2025-12-04 07:48:31,214-DEBUG-root-26728::webapp_internal::send_action|10536:: send_action selenium status: False
2025-12-04 07:48:31,215-DEBUG-root-26728::webapp_internal::wait_blocker|2444:: Waiting blocker to continue...
2025-12-04 07:48:31,418-DEBUG-root-26728::webapp_internal::wait_blocker|2469:: Blocker status: False
2025-12-04 07:48:31,418-DEBUG-root-26728::webapp_internal::wait_element|7636:: Waiting for element
2025-12-04 07:48:31,497-DEBUG-root-26728::webapp_internal::wait_element|7666:: Element found! Waiting for element to be displayed.
2025-12-04 07:48:31,563-INFO-root-26728::webapp_internal::input_value|2941:: Looking for element: ZD_TPMOV
2025-12-04 07:48:31,691-INFO-root-26728::webapp_internal::input_value|2951:: Element: ZD_TPMOV Found!
2025-12-04 07:48:31,692-INFO-root-26728::webapp_internal::input_value|2953:: Filling element: ZD_TPMOV
2025-12-04 07:48:32,889-INFO-root-26728::base::select_combo|871:: Selected value for combo is: 1 - Titular
2025-12-04 07:48:32,931-DEBUG-root-26728::webapp_internal::wait_blocker|2444:: Waiting blocker to continue...
2025-12-04 07:48:33,056-DEBUG-root-26728::webapp_internal::wait_blocker|2469:: Blocker status: False
2025-12-04 07:48:33,057-DEBUG-root-26728::webapp_internal::wait_element|7636:: Waiting for element
2025-12-04 07:48:33,129-DEBUG-root-26728::webapp_internal::wait_element|7666:: Element found! Waiting for element to be displayed.
2025-12-04 07:48:33,193-INFO-root-26728::webapp_internal::input_value|2941:: Looking for element: ZD_TPALTSA
2025-12-04 07:48:33,302-INFO-root-26728::webapp_internal::input_value|2951:: Element: ZD_TPALTSA Found!
2025-12-04 07:48:33,302-INFO-root-26728::webapp_internal::input_value|2953:: Filling element: ZD_TPALTSA
2025-12-04 07:48:33,327-DEBUG-root-26728::webapp_internal::get_web_value|3232:: Current value:    
2025-12-04 07:48:33,361-DEBUG-root-26728::base::double_click|259:: Click Type: ClickType.SELENIUM
2025-12-04 07:48:33,636-DEBUG-root-26728::webapp_internal::wait_blocker|2444:: Waiting blocker to continue...
2025-12-04 07:48:33,761-DEBUG-root-26728::webapp_internal::wait_blocker|2469:: Blocker status: False
2025-12-04 07:48:34,085-DEBUG-root-26728::webapp_internal::get_web_value|3232:: Current value: 003
2025-12-04 07:48:34,086-INFO-root-26728::webapp_internal::input_value|3059:: Current field value: 003
2025-12-04 07:48:34,094-INFO-root-26728::webapp_internal::WaitShow|4980:: Waiting show text 'Histórico'...
2025-12-04 07:48:35,886-INFO-root-26728::webapp_internal::WaitShow|4996:: Text found! 
2025-12-04 07:48:35,886-DEBUG-root-26728::webapp_internal::wait_blocker|2444:: Waiting blocker to continue...
2025-12-04 07:48:36,010-DEBUG-root-26728::webapp_internal::wait_blocker|2469:: Blocker status: False
2025-12-04 07:48:36,010-INFO-root-26728::webapp_internal::SetKey|5822:: Key pressed: ENTER
2025-12-04 07:48:36,010-DEBUG-root-26728::webapp_internal::SetKey|5857:: Trying press key
2025-12-04 07:48:38,013-DEBUG-root-26728::webapp_internal::wait_blocker|2444:: Waiting blocker to continue...
2025-12-04 07:48:38,160-DEBUG-root-26728::webapp_internal::wait_blocker|2469:: Blocker status: False
2025-12-04 07:48:38,185-DEBUG-root-26728::webapp_internal::wait_blocker|2444:: Waiting blocker to continue...
2025-12-04 07:48:38,317-DEBUG-root-26728::webapp_internal::wait_blocker|2469:: Blocker status: False
2025-12-04 07:48:38,318-DEBUG-root-26728::webapp_internal::send_action|10493:: Trying to send action
2025-12-04 07:48:39,353-DEBUG-root-26728::webapp_internal::send_action|10493:: Trying to send action
2025-12-04 07:48:40,382-DEBUG-root-26728::webapp_internal::send_action|10493:: Trying to send action
2025-12-04 07:48:41,411-DEBUG-root-26728::webapp_internal::send_action|10493:: Trying to send action
2025-12-04 07:48:42,440-DEBUG-root-26728::webapp_internal::send_action|10493:: Trying to send action
2025-12-04 07:48:43,468-DEBUG-root-26728::webapp_internal::send_action|10493:: Trying to send action
2025-12-04 07:48:44,498-DEBUG-root-26728::webapp_internal::send_action|10493:: Trying to send action
2025-12-04 07:48:45,526-DEBUG-root-26728::webapp_internal::send_action|10493:: Trying to send action
2025-12-04 07:48:46,574-DEBUG-root-26728::webapp_internal::send_action|10493:: Trying to send action
2025-12-04 07:48:47,605-DEBUG-root-26728::webapp_internal::send_action|10493:: Trying to send action
2025-12-04 07:48:48,673-DEBUG-root-26728::webapp_internal::send_action|10493:: Trying to send action
2025-12-04 07:48:49,701-DEBUG-root-26728::webapp_internal::send_action|10493:: Trying to send action
2025-12-04 07:48:50,740-DEBUG-root-26728::webapp_internal::send_action|10493:: Trying to send action
2025-12-04 07:48:51,769-DEBUG-root-26728::webapp_internal::send_action|10493:: Trying to send action
2025-12-04 07:48:52,796-DEBUG-root-26728::webapp_internal::send_action|10493:: Trying to send action
2025-12-04 07:48:53,828-DEBUG-root-26728::webapp_internal::send_action|10493:: Trying to send action
2025-12-04 07:48:54,858-DEBUG-root-26728::webapp_internal::send_action|10493:: Trying to send action
2025-12-04 07:48:55,890-DEBUG-root-26728::webapp_internal::send_action|10493:: Trying to send action
2025-12-04 07:48:56,917-DEBUG-root-26728::webapp_internal::send_action|10493:: Trying to send action
2025-12-04 07:48:57,946-DEBUG-root-26728::webapp_internal::send_action|10493:: Trying to send action
2025-12-04 07:48:58,975-DEBUG-root-26728::webapp_internal::send_action|10493:: Trying to send action
2025-12-04 07:49:00,006-DEBUG-root-26728::webapp_internal::send_action|10493:: Trying to send action
2025-12-04 07:49:01,034-DEBUG-root-26728::webapp_internal::send_action|10493:: Trying to send action
2025-12-04 07:49:02,061-DEBUG-root-26728::webapp_internal::send_action|10493:: Trying to send action
2025-12-04 07:49:03,089-DEBUG-root-26728::webapp_internal::send_action|10493:: Trying to send action
2025-12-04 07:49:04,120-DEBUG-root-26728::webapp_internal::send_action|10493:: Trying to send action
2025-12-04 07:49:05,150-DEBUG-root-26728::webapp_internal::send_action|10493:: Trying to send action
2025-12-04 07:49:06,183-DEBUG-root-26728::webapp_internal::send_action|10493:: Trying to send action
2025-12-04 07:49:07,212-DEBUG-root-26728::webapp_internal::send_action|10493:: Trying to send action
2025-12-04 07:49:08,243-DEBUG-root-26728::webapp_internal::send_action|10493:: Trying to send action
2025-12-04 07:49:09,274-DEBUG-root-26728::webapp_internal::send_action|10493:: Trying to send action
2025-12-04 07:49:10,323-DEBUG-root-26728::webapp_internal::send_action|10493:: Trying to send action
2025-12-04 07:49:11,352-DEBUG-root-26728::webapp_internal::send_action|10493:: Trying to send action
2025-12-04 07:49:12,380-DEBUG-root-26728::webapp_internal::send_action|10493:: Trying to send action
2025-12-04 07:49:13,410-DEBUG-root-26728::webapp_internal::send_action|10493:: Trying to send action
2025-12-04 07:49:14,440-DEBUG-root-26728::webapp_internal::send_action|10493:: Trying to send action
2025-12-04 07:49:15,467-DEBUG-root-26728::webapp_internal::send_action|10493:: Trying to send action
2025-12-04 07:49:16,497-DEBUG-root-26728::webapp_internal::send_action|10493:: Trying to send action
2025-12-04 07:49:17,527-DEBUG-root-26728::webapp_internal::send_action|10493:: Trying to send action
2025-12-04 07:49:18,561-DEBUG-root-26728::webapp_internal::send_action|10493:: Trying to send action
2025-12-04 07:49:19,590-DEBUG-root-26728::webapp_internal::send_action|10493:: Trying to send action
2025-12-04 07:49:20,621-DEBUG-root-26728::webapp_internal::send_action|10493:: Trying to send action
2025-12-04 07:49:21,648-DEBUG-root-26728::webapp_internal::send_action|10493:: Trying to send action
2025-12-04 07:49:22,676-DEBUG-root-26728::webapp_internal::send_action|10493:: Trying to send action
2025-12-04 07:49:23,707-DEBUG-root-26728::webapp_internal::send_action|10493:: Trying to send action
2025-12-04 07:49:24,735-DEBUG-root-26728::webapp_internal::send_action|10493:: Trying to send action
2025-12-04 07:49:25,764-DEBUG-root-26728::webapp_internal::send_action|10493:: Trying to send action
2025-12-04 07:49:26,793-DEBUG-root-26728::webapp_internal::send_action|10493:: Trying to send action
2025-12-04 07:49:27,835-DEBUG-root-26728::webapp_internal::send_action|10493:: Trying to send action
2025-12-04 07:49:28,864-DEBUG-root-26728::webapp_internal::send_action|10493:: Trying to send action
2025-12-04 07:49:29,896-DEBUG-root-26728::webapp_internal::send_action|10493:: Trying to send action
2025-12-04 07:49:30,929-DEBUG-root-26728::webapp_internal::send_action|10493:: Trying to send action
2025-12-04 07:49:31,963-DEBUG-root-26728::webapp_internal::send_action|10493:: Trying to send action
2025-12-04 07:49:33,038-DEBUG-root-26728::webapp_internal::send_action|10493:: Trying to send action
2025-12-04 07:49:34,068-DEBUG-root-26728::webapp_internal::send_action|10493:: Trying to send action
2025-12-04 07:49:35,098-DEBUG-root-26728::webapp_internal::send_action|10493:: Trying to send action
2025-12-04 07:49:36,128-DEBUG-root-26728::webapp_internal::send_action|10493:: Trying to send action
2025-12-04 07:49:37,160-DEBUG-root-26728::webapp_internal::send_action|10493:: Trying to send action
2025-12-04 07:49:38,190-DEBUG-root-26728::webapp_internal::send_action|10493:: Trying to send action
2025-12-04 07:49:39,216-DEBUG-root-26728::webapp_internal::send_action|10493:: Trying to send action
2025-12-04 07:49:40,247-DEBUG-root-26728::webapp_internal::send_action|10493:: Trying to send action
2025-12-04 07:49:41,276-DEBUG-root-26728::webapp_internal::send_action|10493:: Trying to send action
2025-12-04 07:49:42,306-DEBUG-root-26728::webapp_internal::send_action|10493:: Trying to send action
2025-12-04 07:49:43,333-DEBUG-root-26728::webapp_internal::send_action|10493:: Trying to send action
2025-12-04 07:49:44,361-DEBUG-root-26728::webapp_internal::send_action|10493:: Trying to send action
2025-12-04 07:49:45,390-DEBUG-root-26728::webapp_internal::send_action|10493:: Trying to send action
2025-12-04 07:49:46,419-DEBUG-root-26728::webapp_internal::send_action|10493:: Trying to send action
2025-12-04 07:49:47,447-DEBUG-root-26728::webapp_internal::send_action|10493:: Trying to send action
2025-12-04 07:49:48,476-DEBUG-root-26728::webapp_internal::send_action|10493:: Trying to send action
2025-12-04 07:49:49,507-DEBUG-root-26728::webapp_internal::send_action|10493:: Trying to send action
2025-12-04 07:49:50,536-DEBUG-root-26728::webapp_internal::send_action|10493:: Trying to send action
2025-12-04 07:49:51,564-DEBUG-root-26728::webapp_internal::send_action|10493:: Trying to send action
2025-12-04 07:49:52,595-DEBUG-root-26728::webapp_internal::send_action|10493:: Trying to send action
2025-12-04 07:49:53,622-DEBUG-root-26728::webapp_internal::send_action|10493:: Trying to send action
2025-12-04 07:49:54,655-DEBUG-root-26728::webapp_internal::send_action|10493:: Trying to send action
2025-12-04 07:49:55,682-DEBUG-root-26728::webapp_internal::send_action|10493:: Trying to send action
2025-12-04 07:49:56,712-DEBUG-root-26728::webapp_internal::send_action|10493:: Trying to send action
2025-12-04 07:49:57,742-DEBUG-root-26728::webapp_internal::send_action|10493:: Trying to send action
2025-12-04 07:49:58,768-DEBUG-root-26728::webapp_internal::send_action|10493:: Trying to send action
2025-12-04 07:49:59,796-DEBUG-root-26728::webapp_internal::send_action|10493:: Trying to send action
2025-12-04 07:50:00,825-DEBUG-root-26728::webapp_internal::send_action|10493:: Trying to send action
2025-12-04 07:50:01,856-DEBUG-root-26728::webapp_internal::send_action|10493:: Trying to send action
2025-12-04 07:50:02,885-DEBUG-root-26728::webapp_internal::send_action|10493:: Trying to send action
2025-12-04 07:50:03,914-DEBUG-root-26728::webapp_internal::send_action|10493:: Trying to send action
2025-12-04 07:50:04,945-DEBUG-root-26728::webapp_internal::send_action|10493:: Trying to send action
2025-12-04 07:50:05,974-DEBUG-root-26728::webapp_internal::send_action|10493:: Trying to send action
2025-12-04 07:50:07,002-DEBUG-root-26728::webapp_internal::send_action|10493:: Trying to send action
2025-12-04 07:50:08,029-DEBUG-root-26728::webapp_internal::send_action|10493:: Trying to send action
2025-12-04 07:50:09,059-DEBUG-root-26728::webapp_internal::send_action|10493:: Trying to send action
2025-12-04 07:50:10,092-DEBUG-root-26728::webapp_internal::send_action|10493:: Trying to send action
2025-12-04 07:50:11,123-DEBUG-root-26728::webapp_internal::send_action|10493:: Trying to send action
2025-12-04 07:50:12,154-DEBUG-root-26728::webapp_internal::send_action|10493:: Trying to send action
2025-12-04 07:50:13,182-DEBUG-root-26728::webapp_internal::send_action|10493:: Trying to send action
2025-12-04 07:50:14,211-DEBUG-root-26728::webapp_internal::send_action|10493:: Trying to send action
2025-12-04 07:50:15,241-DEBUG-root-26728::webapp_internal::send_action|10493:: Trying to send action
2025-12-04 07:50:16,270-DEBUG-root-26728::webapp_internal::send_action|10493:: Trying to send action
2025-12-04 07:50:17,341-DEBUG-root-26728::webapp_internal::send_action|10493:: Trying to send action
2025-12-04 07:50:18,373-DEBUG-root-26728::webapp_internal::send_action|10493:: Trying to send action
2025-12-04 07:50:19,402-DEBUG-root-26728::webapp_internal::send_action|10493:: Trying to send action
2025-12-04 07:50:20,430-DEBUG-root-26728::webapp_internal::send_action|10493:: Trying to send action
2025-12-04 07:50:21,461-DEBUG-root-26728::webapp_internal::send_action|10493:: Trying to send action
2025-12-04 07:50:22,491-DEBUG-root-26728::webapp_internal::send_action|10493:: Trying to send action
2025-12-04 07:50:23,520-DEBUG-root-26728::webapp_internal::send_action|10493:: Trying to send action
2025-12-04 07:50:24,551-DEBUG-root-26728::webapp_internal::send_action|10493:: Trying to send action
2025-12-04 07:50:25,580-DEBUG-root-26728::webapp_internal::send_action|10493:: Trying to send action
2025-12-04 07:50:26,613-DEBUG-root-26728::webapp_internal::send_action|10493:: Trying to send action
2025-12-04 07:50:27,644-DEBUG-root-26728::webapp_internal::send_action|10493:: Trying to send action
2025-12-04 07:50:28,676-DEBUG-root-26728::webapp_internal::send_action|10493:: Trying to send action
2025-12-04 07:50:29,707-DEBUG-root-26728::webapp_internal::send_action|10493:: Trying to send action
2025-12-04 07:50:30,734-DEBUG-root-26728::webapp_internal::send_action|10493:: Trying to send action
2025-12-04 07:50:31,764-DEBUG-root-26728::webapp_internal::send_action|10493:: Trying to send action
2025-12-04 07:50:32,794-DEBUG-root-26728::webapp_internal::send_action|10493:: Trying to send action
2025-12-04 07:50:33,828-DEBUG-root-26728::webapp_internal::send_action|10493:: Trying to send action
2025-12-04 07:50:34,880-DEBUG-root-26728::webapp_internal::send_action|10493:: Trying to send action
2025-12-04 07:50:35,910-DEBUG-root-26728::webapp_internal::send_action|10493:: Trying to send action
2025-12-04 07:50:36,942-DEBUG-root-26728::webapp_internal::send_action|10493:: Trying to send action
2025-12-04 07:50:37,969-DEBUG-root-26728::webapp_internal::send_action|10493:: Trying to send action
2025-12-04 07:50:38,996-DEBUG-root-26728::webapp_internal::send_action|10535:: send_action method result = False
2025-12-04 07:50:38,996-DEBUG-root-26728::webapp_internal::send_action|10536:: send_action selenium status: False
2025-12-04 07:50:38,996-DEBUG-root-26728::webapp_internal::wait_blocker|2444:: Waiting blocker to continue...
2025-12-04 07:50:39,128-DEBUG-root-26728::webapp_internal::wait_blocker|2469:: Blocker status: False
2025-12-04 07:50:39,128-INFO-root-26728::webapp_internal::SetKey|5822:: Key pressed: ENTER
2025-12-04 07:50:39,128-DEBUG-root-26728::webapp_internal::SetKey|5857:: Trying press key
2025-12-04 07:50:41,132-DEBUG-root-26728::webapp_internal::wait_blocker|2444:: Waiting blocker to continue...
2025-12-04 07:50:41,259-DEBUG-root-26728::webapp_internal::wait_blocker|2469:: Blocker status: False
2025-12-04 07:50:41,284-DEBUG-root-26728::webapp_internal::wait_blocker|2444:: Waiting blocker to continue...
2025-12-04 07:50:41,438-DEBUG-root-26728::webapp_internal::wait_blocker|2469:: Blocker status: False
2025-12-04 07:50:41,439-DEBUG-root-26728::webapp_internal::send_action|10493:: Trying to send action
2025-12-04 07:50:42,469-DEBUG-root-26728::webapp_internal::send_action|10493:: Trying to send action
2025-12-04 07:50:43,497-DEBUG-root-26728::webapp_internal::send_action|10493:: Trying to send action
2025-12-04 07:50:44,528-DEBUG-root-26728::webapp_internal::send_action|10493:: Trying to send action
2025-12-04 07:50:45,565-DEBUG-root-26728::webapp_internal::send_action|10493:: Trying to send action
2025-12-04 07:50:46,595-DEBUG-root-26728::webapp_internal::send_action|10493:: Trying to send action
2025-12-04 07:50:47,644-DEBUG-root-26728::webapp_internal::send_action|10493:: Trying to send action
2025-12-04 07:50:48,694-DEBUG-root-26728::webapp_internal::send_action|10493:: Trying to send action
2025-12-04 07:50:49,746-DEBUG-root-26728::webapp_internal::send_action|10493:: Trying to send action
2025-12-04 07:50:50,776-DEBUG-root-26728::webapp_internal::send_action|10493:: Trying to send action
2025-12-04 07:50:51,805-DEBUG-root-26728::webapp_internal::send_action|10493:: Trying to send action
2025-12-04 07:50:52,834-DEBUG-root-26728::webapp_internal::send_action|10493:: Trying to send action
2025-12-04 07:50:53,927-DEBUG-root-26728::webapp_internal::send_action|10493:: Trying to send action
2025-12-04 07:50:54,957-DEBUG-root-26728::webapp_internal::send_action|10493:: Trying to send action
2025-12-04 07:50:55,984-DEBUG-root-26728::webapp_internal::send_action|10493:: Trying to send action
2025-12-04 07:50:57,011-DEBUG-root-26728::webapp_internal::send_action|10493:: Trying to send action
2025-12-04 07:50:58,040-DEBUG-root-26728::webapp_internal::send_action|10493:: Trying to send action
2025-12-04 07:50:59,068-DEBUG-root-26728::webapp_internal::send_action|10493:: Trying to send action
2025-12-04 07:51:00,097-DEBUG-root-26728::webapp_internal::send_action|10493:: Trying to send action
2025-12-04 07:51:01,131-DEBUG-root-26728::webapp_internal::send_action|10493:: Trying to send action
2025-12-04 07:51:02,161-DEBUG-root-26728::webapp_internal::send_action|10493:: Trying to send action
2025-12-04 07:51:03,191-DEBUG-root-26728::webapp_internal::send_action|10493:: Trying to send action
2025-12-04 07:51:04,219-DEBUG-root-26728::webapp_internal::send_action|10493:: Trying to send action
2025-12-04 07:51:05,248-DEBUG-root-26728::webapp_internal::send_action|10493:: Trying to send action
2025-12-04 07:51:06,276-DEBUG-root-26728::webapp_internal::send_action|10493:: Trying to send action
2025-12-04 07:51:07,309-DEBUG-root-26728::webapp_internal::send_action|10493:: Trying to send action
2025-12-04 07:51:08,346-DEBUG-root-26728::webapp_internal::send_action|10493:: Trying to send action
2025-12-04 07:51:09,374-DEBUG-root-26728::webapp_internal::send_action|10493:: Trying to send action
2025-12-04 07:51:10,403-DEBUG-root-26728::webapp_internal::send_action|10493:: Trying to send action
2025-12-04 07:51:11,440-DEBUG-root-26728::webapp_internal::send_action|10493:: Trying to send action
2025-12-04 07:51:12,469-DEBUG-root-26728::webapp_internal::send_action|10493:: Trying to send action
2025-12-04 07:51:13,497-DEBUG-root-26728::webapp_internal::send_action|10493:: Trying to send action
2025-12-04 07:51:14,528-DEBUG-root-26728::webapp_internal::send_action|10493:: Trying to send action
2025-12-04 07:51:15,559-DEBUG-root-26728::webapp_internal::send_action|10493:: Trying to send action
2025-12-04 07:51:16,590-DEBUG-root-26728::webapp_internal::send_action|10493:: Trying to send action
2025-12-04 07:51:17,619-DEBUG-root-26728::webapp_internal::send_action|10493:: Trying to send action
2025-12-04 07:51:18,648-DEBUG-root-26728::webapp_internal::send_action|10493:: Trying to send action
2025-12-04 07:51:19,677-DEBUG-root-26728::webapp_internal::send_action|10493:: Trying to send action
2025-12-04 07:51:20,708-DEBUG-root-26728::webapp_internal::send_action|10493:: Trying to send action
2025-12-04 07:51:21,738-DEBUG-root-26728::webapp_internal::send_action|10493:: Trying to send action
2025-12-04 07:51:22,767-DEBUG-root-26728::webapp_internal::send_action|10493:: Trying to send action
2025-12-04 07:51:23,796-DEBUG-root-26728::webapp_internal::send_action|10493:: Trying to send action
2025-12-04 07:51:24,827-DEBUG-root-26728::webapp_internal::send_action|10493:: Trying to send action
2025-12-04 07:51:25,857-DEBUG-root-26728::webapp_internal::send_action|10493:: Trying to send action
2025-12-04 07:51:26,888-DEBUG-root-26728::webapp_internal::send_action|10493:: Trying to send action
2025-12-04 07:51:27,917-DEBUG-root-26728::webapp_internal::send_action|10493:: Trying to send action
2025-12-04 07:51:28,945-DEBUG-root-26728::webapp_internal::send_action|10493:: Trying to send action
2025-12-04 07:51:29,980-DEBUG-root-26728::webapp_internal::send_action|10493:: Trying to send action
2025-12-04 07:51:31,015-DEBUG-root-26728::webapp_internal::send_action|10493:: Trying to send action
2025-12-04 07:51:32,044-DEBUG-root-26728::webapp_internal::send_action|10493:: Trying to send action
2025-12-04 07:51:33,078-DEBUG-root-26728::webapp_internal::send_action|10493:: Trying to send action
2025-12-04 07:51:34,110-DEBUG-root-26728::webapp_internal::send_action|10493:: Trying to send action
2025-12-04 07:51:35,144-DEBUG-root-26728::webapp_internal::send_action|10493:: Trying to send action
2025-12-04 07:51:36,175-DEBUG-root-26728::webapp_internal::send_action|10493:: Trying to send action
2025-12-04 07:51:37,215-DEBUG-root-26728::webapp_internal::send_action|10493:: Trying to send action
2025-12-04 07:51:38,294-DEBUG-root-26728::webapp_internal::send_action|10493:: Trying to send action
2025-12-04 07:51:39,326-DEBUG-root-26728::webapp_internal::send_action|10493:: Trying to send action
2025-12-04 07:51:40,355-DEBUG-root-26728::webapp_internal::send_action|10493:: Trying to send action
2025-12-04 07:51:41,384-DEBUG-root-26728::webapp_internal::send_action|10493:: Trying to send action
2025-12-04 07:51:42,413-DEBUG-root-26728::webapp_internal::send_action|10493:: Trying to send action
2025-12-04 07:51:43,442-DEBUG-root-26728::webapp_internal::send_action|10493:: Trying to send action
2025-12-04 07:51:44,469-DEBUG-root-26728::webapp_internal::send_action|10493:: Trying to send action
2025-12-04 07:51:45,497-DEBUG-root-26728::webapp_internal::send_action|10493:: Trying to send action
2025-12-04 07:51:46,527-DEBUG-root-26728::webapp_internal::send_action|10493:: Trying to send action
2025-12-04 07:51:47,557-DEBUG-root-26728::webapp_internal::send_action|10493:: Trying to send action
2025-12-04 07:51:48,584-DEBUG-root-26728::webapp_internal::send_action|10493:: Trying to send action
2025-12-04 07:51:49,613-DEBUG-root-26728::webapp_internal::send_action|10493:: Trying to send action
2025-12-04 07:51:50,642-DEBUG-root-26728::webapp_internal::send_action|10493:: Trying to send action
2025-12-04 07:51:51,686-DEBUG-root-26728::webapp_internal::send_action|10493:: Trying to send action
2025-12-04 07:51:52,715-DEBUG-root-26728::webapp_internal::send_action|10493:: Trying to send action
2025-12-04 07:51:53,746-DEBUG-root-26728::webapp_internal::send_action|10493:: Trying to send action
2025-12-04 07:51:54,776-DEBUG-root-26728::webapp_internal::send_action|10493:: Trying to send action
2025-12-04 07:51:55,808-DEBUG-root-26728::webapp_internal::send_action|10493:: Trying to send action
2025-12-04 07:51:56,834-DEBUG-root-26728::webapp_internal::send_action|10493:: Trying to send action
2025-12-04 07:51:57,885-DEBUG-root-26728::webapp_internal::send_action|10493:: Trying to send action
2025-12-04 07:51:58,912-DEBUG-root-26728::webapp_internal::send_action|10493:: Trying to send action
2025-12-04 07:51:59,942-DEBUG-root-26728::webapp_internal::send_action|10493:: Trying to send action
2025-12-04 07:52:00,984-DEBUG-root-26728::webapp_internal::send_action|10493:: Trying to send action
2025-12-04 07:52:02,013-DEBUG-root-26728::webapp_internal::send_action|10493:: Trying to send action
2025-12-04 07:52:03,043-DEBUG-root-26728::webapp_internal::send_action|10493:: Trying to send action
2025-12-04 07:52:04,073-DEBUG-root-26728::webapp_internal::send_action|10493:: Trying to send action
2025-12-04 07:52:05,103-DEBUG-root-26728::webapp_internal::send_action|10493:: Trying to send action
2025-12-04 07:52:06,135-DEBUG-root-26728::webapp_internal::send_action|10493:: Trying to send action
2025-12-04 07:52:07,165-DEBUG-root-26728::webapp_internal::send_action|10493:: Trying to send action
2025-12-04 07:52:08,195-DEBUG-root-26728::webapp_internal::send_action|10493:: Trying to send action
2025-12-04 07:52:09,225-DEBUG-root-26728::webapp_internal::send_action|10493:: Trying to send action
2025-12-04 07:52:10,256-DEBUG-root-26728::webapp_internal::send_action|10493:: Trying to send action
2025-12-04 07:52:11,285-DEBUG-root-26728::webapp_internal::send_action|10493:: Trying to send action
2025-12-04 07:52:12,313-DEBUG-root-26728::webapp_internal::send_action|10493:: Trying to send action
2025-12-04 07:52:13,346-DEBUG-root-26728::webapp_internal::send_action|10493:: Trying to send action
2025-12-04 07:52:14,378-DEBUG-root-26728::webapp_internal::send_action|10493:: Trying to send action
2025-12-04 07:52:15,410-DEBUG-root-26728::webapp_internal::send_action|10493:: Trying to send action
2025-12-04 07:52:16,442-DEBUG-root-26728::webapp_internal::send_action|10493:: Trying to send action
2025-12-04 07:52:17,475-DEBUG-root-26728::webapp_internal::send_action|10493:: Trying to send action
2025-12-04 07:52:18,508-DEBUG-root-26728::webapp_internal::send_action|10493:: Trying to send action
2025-12-04 07:52:19,536-DEBUG-root-26728::webapp_internal::send_action|10493:: Trying to send action
2025-12-04 07:52:20,582-DEBUG-root-26728::webapp_internal::send_action|10493:: Trying to send action
2025-12-04 07:52:21,612-DEBUG-root-26728::webapp_internal::send_action|10493:: Trying to send action
2025-12-04 07:52:22,708-DEBUG-root-26728::webapp_internal::send_action|10493:: Trying to send action
2025-12-04 07:52:23,740-DEBUG-root-26728::webapp_internal::send_action|10493:: Trying to send action
2025-12-04 07:52:24,793-DEBUG-root-26728::webapp_internal::send_action|10493:: Trying to send action
2025-12-04 07:52:25,825-DEBUG-root-26728::webapp_internal::send_action|10493:: Trying to send action
2025-12-04 07:52:26,854-DEBUG-root-26728::webapp_internal::send_action|10493:: Trying to send action
2025-12-04 07:52:27,884-DEBUG-root-26728::webapp_internal::send_action|10493:: Trying to send action
2025-12-04 07:52:28,918-DEBUG-root-26728::webapp_internal::send_action|10493:: Trying to send action
2025-12-04 07:52:29,952-DEBUG-root-26728::webapp_internal::send_action|10493:: Trying to send action
2025-12-04 07:52:30,982-DEBUG-root-26728::webapp_internal::send_action|10493:: Trying to send action
2025-12-04 07:52:32,012-DEBUG-root-26728::webapp_internal::send_action|10493:: Trying to send action
2025-12-04 07:52:33,040-DEBUG-root-26728::webapp_internal::send_action|10493:: Trying to send action
2025-12-04 07:52:34,071-DEBUG-root-26728::webapp_internal::send_action|10493:: Trying to send action
2025-12-04 07:52:35,100-DEBUG-root-26728::webapp_internal::send_action|10493:: Trying to send action
2025-12-04 07:52:36,129-DEBUG-root-26728::webapp_internal::send_action|10493:: Trying to send action
2025-12-04 07:52:37,169-DEBUG-root-26728::webapp_internal::send_action|10493:: Trying to send action
2025-12-04 07:52:38,200-DEBUG-root-26728::webapp_internal::send_action|10493:: Trying to send action
2025-12-04 07:52:39,230-DEBUG-root-26728::webapp_internal::send_action|10493:: Trying to send action
2025-12-04 07:52:40,267-DEBUG-root-26728::webapp_internal::send_action|10493:: Trying to send action
2025-12-04 07:52:41,297-DEBUG-root-26728::webapp_internal::send_action|10493:: Trying to send action
2025-12-04 07:52:42,330-DEBUG-root-26728::webapp_internal::send_action|10535:: send_action method result = False
2025-12-04 07:52:42,331-DEBUG-root-26728::webapp_internal::send_action|10536:: send_action selenium status: False
2025-12-04 07:52:42,331-DEBUG-root-26728::webapp_internal::wait_blocker|2444:: Waiting blocker to continue...
2025-12-04 07:52:42,502-DEBUG-root-26728::webapp_internal::wait_blocker|2469:: Blocker status: False
2025-12-04 07:52:42,503-INFO-root-26728::webapp_internal::SetKey|5822:: Key pressed: ENTER
2025-12-04 07:52:42,503-DEBUG-root-26728::webapp_internal::SetKey|5857:: Trying press key
2025-12-04 07:52:44,506-DEBUG-root-26728::webapp_internal::wait_blocker|2444:: Waiting blocker to continue...
2025-12-04 07:52:44,634-DEBUG-root-26728::webapp_internal::wait_blocker|2469:: Blocker status: False
2025-12-04 07:52:44,661-DEBUG-root-26728::webapp_internal::wait_blocker|2444:: Waiting blocker to continue...
2025-12-04 07:52:44,787-DEBUG-root-26728::webapp_internal::wait_blocker|2469:: Blocker status: False
2025-12-04 07:52:44,787-DEBUG-root-26728::webapp_internal::send_action|10493:: Trying to send action
2025-12-04 07:52:45,819-DEBUG-root-26728::webapp_internal::send_action|10493:: Trying to send action
2025-12-04 07:52:46,869-DEBUG-root-26728::webapp_internal::send_action|10493:: Trying to send action
2025-12-04 07:52:47,898-DEBUG-root-26728::webapp_internal::send_action|10493:: Trying to send action
2025-12-04 07:52:48,927-DEBUG-root-26728::webapp_internal::send_action|10493:: Trying to send action
2025-12-04 07:52:49,958-DEBUG-root-26728::webapp_internal::send_action|10493:: Trying to send action
2025-12-04 07:52:50,988-DEBUG-root-26728::webapp_internal::send_action|10493:: Trying to send action
2025-12-04 07:52:52,017-DEBUG-root-26728::webapp_internal::send_action|10493:: Trying to send action
2025-12-04 07:52:53,046-DEBUG-root-26728::webapp_internal::send_action|10493:: Trying to send action
2025-12-04 07:52:54,077-DEBUG-root-26728::webapp_internal::send_action|10493:: Trying to send action
2025-12-04 07:52:55,107-DEBUG-root-26728::webapp_internal::send_action|10493:: Trying to send action
2025-12-04 07:52:56,137-DEBUG-root-26728::webapp_internal::send_action|10493:: Trying to send action
2025-12-04 07:52:57,167-DEBUG-root-26728::webapp_internal::send_action|10493:: Trying to send action
2025-12-04 07:52:58,197-DEBUG-root-26728::webapp_internal::send_action|10493:: Trying to send action
2025-12-04 07:52:59,274-DEBUG-root-26728::webapp_internal::send_action|10493:: Trying to send action
2025-12-04 07:53:00,303-DEBUG-root-26728::webapp_internal::send_action|10493:: Trying to send action
2025-12-04 07:53:01,333-DEBUG-root-26728::webapp_internal::send_action|10493:: Trying to send action
2025-12-04 07:53:02,363-DEBUG-root-26728::webapp_internal::send_action|10493:: Trying to send action
2025-12-04 07:53:03,393-DEBUG-root-26728::webapp_internal::send_action|10493:: Trying to send action
2025-12-04 07:53:04,422-DEBUG-root-26728::webapp_internal::send_action|10493:: Trying to send action
2025-12-04 07:53:05,450-DEBUG-root-26728::webapp_internal::send_action|10493:: Trying to send action
2025-12-04 07:53:06,479-DEBUG-root-26728::webapp_internal::send_action|10493:: Trying to send action
2025-12-04 07:53:07,510-DEBUG-root-26728::webapp_internal::send_action|10493:: Trying to send action
2025-12-04 07:53:08,541-DEBUG-root-26728::webapp_internal::send_action|10493:: Trying to send action
2025-12-04 07:53:09,570-DEBUG-root-26728::webapp_internal::send_action|10493:: Trying to send action
2025-12-04 07:53:10,600-DEBUG-root-26728::webapp_internal::send_action|10493:: Trying to send action
2025-12-04 07:53:11,629-DEBUG-root-26728::webapp_internal::send_action|10493:: Trying to send action
2025-12-04 07:53:12,661-DEBUG-root-26728::webapp_internal::send_action|10493:: Trying to send action
2025-12-04 07:53:13,696-DEBUG-root-26728::webapp_internal::send_action|10493:: Trying to send action
2025-12-04 07:53:14,729-DEBUG-root-26728::webapp_internal::send_action|10493:: Trying to send action
2025-12-04 07:53:15,762-DEBUG-root-26728::webapp_internal::send_action|10493:: Trying to send action
2025-12-04 07:53:16,795-DEBUG-root-26728::webapp_internal::send_action|10493:: Trying to send action
2025-12-04 07:53:17,829-DEBUG-root-26728::webapp_internal::send_action|10493:: Trying to send action
2025-12-04 07:53:18,865-DEBUG-root-26728::webapp_internal::send_action|10493:: Trying to send action
2025-12-04 07:53:19,898-DEBUG-root-26728::webapp_internal::send_action|10493:: Trying to send action
2025-12-04 07:53:20,935-DEBUG-root-26728::webapp_internal::send_action|10493:: Trying to send action
2025-12-04 07:53:21,964-DEBUG-root-26728::webapp_internal::send_action|10493:: Trying to send action
2025-12-04 07:53:22,999-DEBUG-root-26728::webapp_internal::send_action|10493:: Trying to send action
2025-12-04 07:53:24,054-DEBUG-root-26728::webapp_internal::send_action|10493:: Trying to send action
2025-12-04 07:53:25,085-DEBUG-root-26728::webapp_internal::send_action|10493:: Trying to send action
2025-12-04 07:53:26,114-DEBUG-root-26728::webapp_internal::send_action|10493:: Trying to send action
2025-12-04 07:53:27,145-DEBUG-root-26728::webapp_internal::send_action|10493:: Trying to send action
2025-12-04 07:53:28,177-DEBUG-root-26728::webapp_internal::send_action|10493:: Trying to send action
2025-12-04 07:53:29,205-DEBUG-root-26728::webapp_internal::send_action|10493:: Trying to send action
2025-12-04 07:53:30,232-DEBUG-root-26728::webapp_internal::send_action|10493:: Trying to send action
2025-12-04 07:53:31,263-DEBUG-root-26728::webapp_internal::send_action|10493:: Trying to send action
2025-12-04 07:53:32,295-DEBUG-root-26728::webapp_internal::send_action|10493:: Trying to send action
2025-12-04 07:53:33,325-DEBUG-root-26728::webapp_internal::send_action|10493:: Trying to send action
2025-12-04 07:53:34,353-DEBUG-root-26728::webapp_internal::send_action|10493:: Trying to send action
2025-12-04 07:53:35,381-DEBUG-root-26728::webapp_internal::send_action|10493:: Trying to send action
2025-12-04 07:53:36,411-DEBUG-root-26728::webapp_internal::send_action|10493:: Trying to send action
2025-12-04 07:53:37,440-DEBUG-root-26728::webapp_internal::send_action|10493:: Trying to send action
2025-12-04 07:53:38,468-DEBUG-root-26728::webapp_internal::send_action|10493:: Trying to send action
2025-12-04 07:53:39,497-DEBUG-root-26728::webapp_internal::send_action|10493:: Trying to send action
2025-12-04 07:53:40,527-DEBUG-root-26728::webapp_internal::send_action|10493:: Trying to send action
2025-12-04 07:53:41,555-DEBUG-root-26728::webapp_internal::send_action|10493:: Trying to send action
2025-12-04 07:53:42,584-DEBUG-root-26728::webapp_internal::send_action|10493:: Trying to send action
2025-12-04 07:53:43,663-DEBUG-root-26728::webapp_internal::send_action|10493:: Trying to send action
2025-12-04 07:53:44,694-DEBUG-root-26728::webapp_internal::send_action|10493:: Trying to send action
2025-12-04 07:53:45,721-DEBUG-root-26728::webapp_internal::send_action|10493:: Trying to send action
2025-12-04 07:53:46,750-DEBUG-root-26728::webapp_internal::send_action|10493:: Trying to send action
2025-12-04 07:53:47,781-DEBUG-root-26728::webapp_internal::send_action|10493:: Trying to send action
2025-12-04 07:53:48,811-DEBUG-root-26728::webapp_internal::send_action|10493:: Trying to send action
2025-12-04 07:53:49,840-DEBUG-root-26728::webapp_internal::send_action|10493:: Trying to send action
2025-12-04 07:53:50,869-DEBUG-root-26728::webapp_internal::send_action|10493:: Trying to send action
2025-12-04 07:53:51,903-DEBUG-root-26728::webapp_internal::send_action|10493:: Trying to send action
2025-12-04 07:53:52,932-DEBUG-root-26728::webapp_internal::send_action|10493:: Trying to send action
2025-12-04 07:53:53,976-DEBUG-root-26728::webapp_internal::send_action|10493:: Trying to send action
2025-12-04 07:53:55,007-DEBUG-root-26728::webapp_internal::send_action|10493:: Trying to send action
2025-12-04 07:53:56,034-DEBUG-root-26728::webapp_internal::send_action|10493:: Trying to send action
2025-12-04 07:53:57,064-DEBUG-root-26728::webapp_internal::send_action|10493:: Trying to send action
2025-12-04 07:53:58,095-DEBUG-root-26728::webapp_internal::send_action|10493:: Trying to send action
2025-12-04 07:53:59,129-DEBUG-root-26728::webapp_internal::send_action|10493:: Trying to send action
2025-12-04 07:54:00,161-DEBUG-root-26728::webapp_internal::send_action|10493:: Trying to send action
2025-12-04 07:54:01,190-DEBUG-root-26728::webapp_internal::send_action|10493:: Trying to send action
2025-12-04 07:54:02,218-DEBUG-root-26728::webapp_internal::send_action|10493:: Trying to send action
2025-12-04 07:54:03,248-DEBUG-root-26728::webapp_internal::send_action|10493:: Trying to send action
2025-12-04 07:54:04,278-DEBUG-root-26728::webapp_internal::send_action|10493:: Trying to send action
2025-12-04 07:54:05,306-DEBUG-root-26728::webapp_internal::send_action|10493:: Trying to send action
2025-12-04 07:54:06,335-DEBUG-root-26728::webapp_internal::send_action|10493:: Trying to send action
2025-12-04 07:54:07,391-DEBUG-root-26728::webapp_internal::send_action|10493:: Trying to send action
2025-12-04 07:54:08,421-DEBUG-root-26728::webapp_internal::send_action|10493:: Trying to send action
2025-12-04 07:54:09,451-DEBUG-root-26728::webapp_internal::send_action|10493:: Trying to send action
2025-12-04 07:54:10,482-DEBUG-root-26728::webapp_internal::send_action|10493:: Trying to send action
2025-12-04 07:54:11,514-DEBUG-root-26728::webapp_internal::send_action|10493:: Trying to send action
2025-12-04 07:54:12,546-DEBUG-root-26728::webapp_internal::send_action|10493:: Trying to send action
2025-12-04 07:54:13,573-DEBUG-root-26728::webapp_internal::send_action|10493:: Trying to send action
2025-12-04 07:54:14,599-DEBUG-root-26728::webapp_internal::send_action|10493:: Trying to send action
2025-12-04 07:54:15,630-DEBUG-root-26728::webapp_internal::send_action|10493:: Trying to send action
2025-12-04 07:54:16,657-DEBUG-root-26728::webapp_internal::send_action|10493:: Trying to send action
2025-12-04 07:54:17,683-DEBUG-root-26728::webapp_internal::send_action|10493:: Trying to send action
2025-12-04 07:54:18,719-DEBUG-root-26728::webapp_internal::send_action|10493:: Trying to send action
2025-12-04 07:54:19,752-DEBUG-root-26728::webapp_internal::send_action|10493:: Trying to send action
2025-12-04 07:54:20,781-DEBUG-root-26728::webapp_internal::send_action|10493:: Trying to send action
2025-12-04 07:54:21,836-DEBUG-root-26728::webapp_internal::send_action|10493:: Trying to send action
2025-12-04 07:54:22,866-DEBUG-root-26728::webapp_internal::send_action|10493:: Trying to send action
2025-12-04 07:54:23,897-DEBUG-root-26728::webapp_internal::send_action|10493:: Trying to send action
2025-12-04 07:54:24,923-DEBUG-root-26728::webapp_internal::send_action|10493:: Trying to send action
2025-12-04 07:54:25,952-DEBUG-root-26728::webapp_internal::send_action|10493:: Trying to send action
2025-12-04 07:54:26,981-DEBUG-root-26728::webapp_internal::send_action|10493:: Trying to send action
2025-12-04 07:54:28,055-DEBUG-root-26728::webapp_internal::send_action|10493:: Trying to send action
2025-12-04 07:54:29,083-DEBUG-root-26728::webapp_internal::send_action|10493:: Trying to send action
2025-12-04 07:54:30,132-DEBUG-root-26728::webapp_internal::send_action|10493:: Trying to send action
2025-12-04 07:54:31,163-DEBUG-root-26728::webapp_internal::send_action|10493:: Trying to send action
2025-12-04 07:54:32,191-DEBUG-root-26728::webapp_internal::send_action|10493:: Trying to send action
2025-12-04 07:54:33,221-DEBUG-root-26728::webapp_internal::send_action|10493:: Trying to send action
2025-12-04 07:54:34,249-DEBUG-root-26728::webapp_internal::send_action|10493:: Trying to send action
2025-12-04 07:54:35,281-DEBUG-root-26728::webapp_internal::send_action|10493:: Trying to send action
2025-12-04 07:54:36,312-DEBUG-root-26728::webapp_internal::send_action|10493:: Trying to send action
2025-12-04 07:54:37,348-DEBUG-root-26728::webapp_internal::send_action|10493:: Trying to send action
2025-12-04 07:54:38,382-DEBUG-root-26728::webapp_internal::send_action|10493:: Trying to send action
2025-12-04 07:54:39,414-DEBUG-root-26728::webapp_internal::send_action|10493:: Trying to send action
2025-12-04 07:54:40,446-DEBUG-root-26728::webapp_internal::send_action|10493:: Trying to send action
2025-12-04 07:54:41,475-DEBUG-root-26728::webapp_internal::send_action|10493:: Trying to send action
2025-12-04 07:54:42,505-DEBUG-root-26728::webapp_internal::send_action|10493:: Trying to send action
2025-12-04 07:54:43,537-DEBUG-root-26728::webapp_internal::send_action|10493:: Trying to send action
2025-12-04 07:54:44,568-DEBUG-root-26728::webapp_internal::send_action|10493:: Trying to send action
2025-12-04 07:54:45,600-DEBUG-root-26728::webapp_internal::send_action|10535:: send_action method result = False
2025-12-04 07:54:45,600-DEBUG-root-26728::webapp_internal::send_action|10536:: send_action selenium status: False
2025-12-04 07:54:45,601-DEBUG-root-26728::webapp_internal::wait_blocker|2444:: Waiting blocker to continue...
2025-12-04 07:54:45,825-DEBUG-root-26728::webapp_internal::wait_blocker|2469:: Blocker status: False
2025-12-04 07:54:45,825-INFO-root-26728::webapp_internal::SetKey|5822:: Key pressed: ENTER
2025-12-04 07:54:45,825-DEBUG-root-26728::webapp_internal::SetKey|5857:: Trying press key
2025-12-04 07:54:47,831-DEBUG-root-26728::webapp_internal::wait_blocker|2444:: Waiting blocker to continue...
2025-12-04 07:54:47,971-DEBUG-root-26728::webapp_internal::wait_blocker|2469:: Blocker status: False
2025-12-04 07:54:47,996-DEBUG-root-26728::webapp_internal::wait_blocker|2444:: Waiting blocker to continue...
2025-12-04 07:54:48,148-DEBUG-root-26728::webapp_internal::wait_blocker|2469:: Blocker status: False
2025-12-04 07:54:48,148-DEBUG-root-26728::webapp_internal::send_action|10493:: Trying to send action
2025-12-04 07:54:49,179-DEBUG-root-26728::webapp_internal::send_action|10493:: Trying to send action
2025-12-04 07:54:50,206-DEBUG-root-26728::webapp_internal::send_action|10493:: Trying to send action
2025-12-04 07:54:51,253-DEBUG-root-26728::webapp_internal::send_action|10493:: Trying to send action
2025-12-04 07:54:52,285-DEBUG-root-26728::webapp_internal::send_action|10493:: Trying to send action
2025-12-04 07:54:53,314-DEBUG-root-26728::webapp_internal::send_action|10493:: Trying to send action
2025-12-04 07:54:54,344-DEBUG-root-26728::webapp_internal::send_action|10493:: Trying to send action
2025-12-04 07:54:55,373-DEBUG-root-26728::webapp_internal::send_action|10493:: Trying to send action
2025-12-04 07:54:56,406-DEBUG-root-26728::webapp_internal::send_action|10493:: Trying to send action
2025-12-04 07:54:57,439-DEBUG-root-26728::webapp_internal::send_action|10493:: Trying to send action
2025-12-04 07:54:58,469-DEBUG-root-26728::webapp_internal::send_action|10493:: Trying to send action
2025-12-04 07:54:59,502-DEBUG-root-26728::webapp_internal::send_action|10493:: Trying to send action
2025-12-04 07:55:00,533-DEBUG-root-26728::webapp_internal::send_action|10493:: Trying to send action
2025-12-04 07:55:01,564-DEBUG-root-26728::webapp_internal::send_action|10493:: Trying to send action
2025-12-04 07:55:02,593-DEBUG-root-26728::webapp_internal::send_action|10493:: Trying to send action
2025-12-04 07:55:03,624-DEBUG-root-26728::webapp_internal::send_action|10493:: Trying to send action
2025-12-04 07:55:04,704-DEBUG-root-26728::webapp_internal::send_action|10493:: Trying to send action
2025-12-04 07:55:05,739-DEBUG-root-26728::webapp_internal::send_action|10493:: Trying to send action
2025-12-04 07:55:06,771-DEBUG-root-26728::webapp_internal::send_action|10493:: Trying to send action
2025-12-04 07:55:07,802-DEBUG-root-26728::webapp_internal::send_action|10493:: Trying to send action
2025-12-04 07:55:08,833-DEBUG-root-26728::webapp_internal::send_action|10493:: Trying to send action
2025-12-04 07:55:09,864-DEBUG-root-26728::webapp_internal::send_action|10493:: Trying to send action
2025-12-04 07:55:10,893-DEBUG-root-26728::webapp_internal::send_action|10493:: Trying to send action
2025-12-04 07:55:11,926-DEBUG-root-26728::webapp_internal::send_action|10493:: Trying to send action
2025-12-04 07:55:12,955-DEBUG-root-26728::webapp_internal::send_action|10493:: Trying to send action
2025-12-04 07:55:13,983-DEBUG-root-26728::webapp_internal::send_action|10493:: Trying to send action
2025-12-04 07:55:15,014-DEBUG-root-26728::webapp_internal::send_action|10493:: Trying to send action
2025-12-04 07:55:16,042-DEBUG-root-26728::webapp_internal::send_action|10493:: Trying to send action
2025-12-04 07:55:17,069-DEBUG-root-26728::webapp_internal::send_action|10493:: Trying to send action
2025-12-04 07:55:18,100-DEBUG-root-26728::webapp_internal::send_action|10493:: Trying to send action
2025-12-04 07:55:19,130-DEBUG-root-26728::webapp_internal::send_action|10493:: Trying to send action
2025-12-04 07:55:20,163-DEBUG-root-26728::webapp_internal::send_action|10493:: Trying to send action
2025-12-04 07:55:21,191-DEBUG-root-26728::webapp_internal::send_action|10493:: Trying to send action
2025-12-04 07:55:22,220-DEBUG-root-26728::webapp_internal::send_action|10493:: Trying to send action
2025-12-04 07:55:23,249-DEBUG-root-26728::webapp_internal::send_action|10493:: Trying to send action
2025-12-04 07:55:24,282-DEBUG-root-26728::webapp_internal::send_action|10493:: Trying to send action
2025-12-04 07:55:25,319-DEBUG-root-26728::webapp_internal::send_action|10493:: Trying to send action
2025-12-04 07:55:26,348-DEBUG-root-26728::webapp_internal::send_action|10493:: Trying to send action
2025-12-04 07:55:27,374-DEBUG-root-26728::webapp_internal::send_action|10493:: Trying to send action
2025-12-04 07:55:28,404-DEBUG-root-26728::webapp_internal::send_action|10493:: Trying to send action
2025-12-04 07:55:29,434-DEBUG-root-26728::webapp_internal::send_action|10493:: Trying to send action
2025-12-04 07:55:30,464-DEBUG-root-26728::webapp_internal::send_action|10493:: Trying to send action
2025-12-04 07:55:31,490-DEBUG-root-26728::webapp_internal::send_action|10493:: Trying to send action
2025-12-04 07:55:32,519-DEBUG-root-26728::webapp_internal::send_action|10493:: Trying to send action
2025-12-04 07:55:33,551-DEBUG-root-26728::webapp_internal::send_action|10493:: Trying to send action
2025-12-04 07:55:34,578-DEBUG-root-26728::webapp_internal::send_action|10493:: Trying to send action
2025-12-04 07:55:35,607-DEBUG-root-26728::webapp_internal::send_action|10493:: Trying to send action
2025-12-04 07:55:36,636-DEBUG-root-26728::webapp_internal::send_action|10493:: Trying to send action
2025-12-04 07:55:37,667-DEBUG-root-26728::webapp_internal::send_action|10493:: Trying to send action
2025-12-04 07:55:38,699-DEBUG-root-26728::webapp_internal::send_action|10493:: Trying to send action
2025-12-04 07:55:39,727-DEBUG-root-26728::webapp_internal::send_action|10493:: Trying to send action
2025-12-04 07:55:40,757-DEBUG-root-26728::webapp_internal::send_action|10493:: Trying to send action
2025-12-04 07:55:41,788-DEBUG-root-26728::webapp_internal::send_action|10493:: Trying to send action
2025-12-04 07:55:42,820-DEBUG-root-26728::webapp_internal::send_action|10493:: Trying to send action
2025-12-04 07:55:43,851-DEBUG-root-26728::webapp_internal::send_action|10493:: Trying to send action
2025-12-04 07:55:44,884-DEBUG-root-26728::webapp_internal::send_action|10493:: Trying to send action
2025-12-04 07:55:45,917-DEBUG-root-26728::webapp_internal::send_action|10493:: Trying to send action
2025-12-04 07:55:46,949-DEBUG-root-26728::webapp_internal::send_action|10493:: Trying to send action
2025-12-04 07:55:47,989-DEBUG-root-26728::webapp_internal::send_action|10493:: Trying to send action
2025-12-04 07:55:49,306-DEBUG-root-26728::webapp_internal::send_action|10531:: Warning Exception send_action Message: Tried to run command without establishing a connection

2025-12-04 07:55:49,306-DEBUG-root-26728::webapp_internal::SetKey|5857:: Trying press key
2025-12-04 07:55:51,308-WARNING-root-26728::webapp_internal::log_error|8156:: Warning log_error SetKey - Screen is not load: Message: Tried to run command without establishing a connection

2025-12-04 07:55:51,309-DEBUG-root-26728::webapp_internal::log_error|8159:: ***System Info*** in log_error():
2025-12-04 07:55:51,309-DEBUG-root-26728::psutil_info::system_info|5:: CPU USAGE: 7.4%
2025-12-04 07:55:51,309-DEBUG-root-26728::psutil_info::system_info|6:: MEMORY USAGE: 82.5%
2025-12-04 07:55:51,310-DEBUG-root-26728::psutil_info::system_info|7:: MEMORY AVAILABLE: 17.48%
2025-12-04 07:55:51,328-ERROR-root-26728::webapp_internal::log_error|8194:: Warning Log Error Close Message: Tried to run command without establishing a connection
Traceback (most recent call last):
  File "C:\TIR_TESTE\venv\Lib\site-packages\tir\technologies\webapp_internal.py", line 5881, in SetKey
    Id = self.driver.execute_script(script)
         ^^^^^^^^^^^^^^^^^^^^^^^^^^^^^^^^^^
  File "C:\TIR_TESTE\venv\Lib\site-packages\selenium\webdriver\remote\webdriver.py", line 407, in execute_script
    return self.execute(command, {"script": script, "args": converted_args})["value"]
           ^^^^^^^^^^^^^^^^^^^^^^^^^^^^^^^^^^^^^^^^^^^^^^^^^^^^^^^^^^^^^^^^^
  File "C:\TIR_TESTE\venv\Lib\site-packages\selenium\webdriver\remote\webdriver.py", line 347, in execute
    self.error_handler.check_response(response)
  File "C:\TIR_TESTE\venv\Lib\site-packages\selenium\webdriver\remote\errorhandler.py", line 229, in check_response
    raise exception_class(message, screen, stacktrace)
selenium.common.exceptions.InvalidSessionIdException: Message: Tried to run command without establishing a connection


During handling of the above exception, another exception occurred:

Traceback (most recent call last):
  File "C:\TIR_TESTE\venv\Lib\site-packages\tir\technologies\webapp_internal.py", line 8192, in log_error
    if self.config.check_dump:
        ^^^^^^^^^^^^^^^^^^^
  File "C:\TIR_TESTE\venv\Lib\site-packages\selenium\webdriver\remote\webdriver.py", line 458, in close
    self.execute(Command.CLOSE)
  File "C:\TIR_TESTE\venv\Lib\site-packages\selenium\webdriver\remote\webdriver.py", line 347, in execute
    self.error_handler.check_response(response)
  File "C:\TIR_TESTE\venv\Lib\site-packages\selenium\webdriver\remote\errorhandler.py", line 229, in check_response
    raise exception_class(message, screen, stacktrace)
selenium.common.exceptions.InvalidSessionIdException: Message: Tried to run command without establishing a connection

2025-12-04 07:55:51,723-ERROR-root-26728::webapp_internal::TearDown|9667:: Warning tearDown Close Message: Tried to run command without establishing a connection
Traceback (most recent call last):
  File "C:\TIR_TESTE\venv\Lib\site-packages\tir\technologies\webapp_internal.py", line 9665, in TearDown
    >>> #Calling the method
        ^^^^^^^^^^^^^^^^^^^
  File "C:\TIR_TESTE\venv\Lib\site-packages\selenium\webdriver\remote\webdriver.py", line 458, in close
    self.execute(Command.CLOSE)
  File "C:\TIR_TESTE\venv\Lib\site-packages\selenium\webdriver\remote\webdriver.py", line 347, in execute
    self.error_handler.check_response(response)
  File "C:\TIR_TESTE\venv\Lib\site-packages\selenium\webdriver\remote\errorhandler.py", line 229, in check_response
    raise exception_class(message, screen, stacktrace)
selenium.common.exceptions.InvalidSessionIdException: Message: Tried to run command without establishing a connection

2025-12-04 07:47:12,240-DEBUG-root-26728::logging_config::logger|189:: Log file created: 'Log\GESIT03\TIR__20251204074712224.log'
2025-12-04 07:47:12,240-INFO-root-26728::base::Start|1183:: TIR Version: 2.4.3
2025-12-04 07:47:12,241-INFO-root-26728::base::Start|1184:: Python Version: 3.12.10
2025-12-04 07:47:12,241-INFO-root-26728::base::Start|1185:: Starting the browser
2025-12-04 07:47:19,621-INFO-root-26728::base::get_url|1294:: Page is ready!
2025-12-04 07:47:19,624-INFO-root-26728::base::Start|1256:: Browser maximized to 1936x1048
2025-12-04 07:47:19,624-INFO-root-26728::base::Start|1258:: Screen size is different from default used in headless mode
2025-12-04 07:47:19,767-INFO-root-26728::webapp_internal::Setup|247:: ***System Info*** in Setup():
2025-12-04 07:47:19,768-DEBUG-root-26728::psutil_info::system_info|5:: CPU USAGE: 18.3%
2025-12-04 07:47:19,768-DEBUG-root-26728::psutil_info::system_info|6:: MEMORY USAGE: 91.6%
2025-12-04 07:47:19,769-DEBUG-root-26728::psutil_info::system_info|7:: MEMORY AVAILABLE: 8.44%
2025-12-04 07:47:19,774-INFO-root-26728::base::webapp_shadowroot|1394:: Webapp: 10.1.6-RC4
2025-12-04 07:47:19,805-INFO-root-26728::webapp_internal::filling_initial_program|449:: Filling Initial Program: "SIGAMDI"
2025-12-04 07:47:19,805-DEBUG-root-26728::webapp_internal::wait_element|7636:: Waiting for element
2025-12-04 07:47:19,850-DEBUG-root-26728::webapp_internal::wait_element|7666:: Element found! Waiting for element to be displayed.
2025-12-04 07:47:20,035-DEBUG-root-26728::base::click|192:: Click Type: ClickType.JS
2025-12-04 07:47:20,040-DEBUG-root-26728::webapp_internal::try_send_keys|7989:: Trying to send keys to element using technique 0
2025-12-04 07:47:20,394-DEBUG-root-26728::webapp_internal::get_web_value|3232:: Current value: SIGAMDI
2025-12-04 07:47:20,394-INFO-root-26728::webapp_internal::filling_server_environment|463:: Filling Server Environment: "POUPEX_TST"
2025-12-04 07:47:20,394-DEBUG-root-26728::webapp_internal::wait_element|7636:: Waiting for element
2025-12-04 07:47:20,587-DEBUG-root-26728::webapp_internal::wait_element|7666:: Element found! Waiting for element to be displayed.
2025-12-04 07:47:20,853-DEBUG-root-26728::base::click|192:: Click Type: ClickType.JS
2025-12-04 07:47:20,858-DEBUG-root-26728::webapp_internal::try_send_keys|7989:: Trying to send keys to element using technique 0
2025-12-04 07:47:21,311-DEBUG-root-26728::webapp_internal::get_web_value|3232:: Current value: POUPEX_TST
2025-12-04 07:47:21,338-DEBUG-root-26728::base::click|192:: Click Type: ClickType.JS
2025-12-04 07:47:21,353-DEBUG-root-26728::webapp_internal::user_screen|519:: Filling user screen
2025-12-04 07:47:27,148-DEBUG-root-26728::webapp_internal::wait_element_timeout|7739:: Element found! Waiting for element to be displayed.
2025-12-04 07:47:27,210-DEBUG-root-26728::base::scroll_to_element|759:: ********Warining scroll_to_element exception: Message: TypeError: can't access property "scrollIntoView", arguments[0] is null
Stacktrace:
@https://qasrverp:10020/webapp/:2:7
@https://qasrverp:10020/webapp/:3:8
*********
2025-12-04 07:47:27,346-INFO-root-26728::webapp_internal::user_screen|561:: Filling User
2025-12-04 07:47:27,373-DEBUG-root-26728::base::double_click|259:: Click Type: ClickType.SELENIUM
2025-12-04 07:47:27,584-DEBUG-root-26728::webapp_internal::get_web_value|3232:: Current value: 97137227104
2025-12-04 07:47:27,609-INFO-root-26728::webapp_internal::user_screen|621:: Filling Password
2025-12-04 07:47:27,637-DEBUG-root-26728::base::click|192:: Click Type: ClickType.JS
2025-12-04 07:47:27,714-DEBUG-root-26728::webapp_internal::get_web_value|3232:: Current value: Val20221080080094+
2025-12-04 07:47:27,714-DEBUG-root-26728::webapp_internal::wait_blocker|2444:: Waiting blocker to continue...
2025-12-04 07:47:27,746-DEBUG-root-26728::webapp_internal::wait_blocker|2469:: Blocker status: None
2025-12-04 07:47:27,770-DEBUG-root-26728::webapp_internal::wait_blocker|2444:: Waiting blocker to continue...
2025-12-04 07:47:27,796-DEBUG-root-26728::webapp_internal::wait_blocker|2469:: Blocker status: None
2025-12-04 07:47:27,833-DEBUG-root-26728::webapp_internal::wait_blocker|2444:: Waiting blocker to continue...
2025-12-04 07:47:27,860-DEBUG-root-26728::webapp_internal::wait_blocker|2469:: Blocker status: None
2025-12-04 07:47:27,861-DEBUG-root-26728::webapp_internal::send_action|10493:: Trying to send action
2025-12-04 07:47:27,868-DEBUG-root-26728::base::click|192:: Click Type: ClickType.JS
2025-12-04 07:47:28,907-DEBUG-root-26728::webapp_internal::send_action|10535:: send_action method result = True
2025-12-04 07:47:28,907-DEBUG-root-26728::webapp_internal::send_action|10536:: send_action selenium status: False
2025-12-04 07:47:31,340-DEBUG-root-26728::base::scroll_to_element|759:: ********Warining scroll_to_element exception: Message: TypeError: can't access property "scrollIntoView", arguments[0] is null
Stacktrace:
@https://qasrverp:10020/webapp/:2:7
@https://qasrverp:10020/webapp/:3:8
*********
2025-12-04 07:47:31,392-INFO-root-26728::webapp_internal::filling_date|885:: Filling Date: "04/11/2025"
2025-12-04 07:47:31,392-DEBUG-root-26728::webapp_internal::wait_blocker|2444:: Waiting blocker to continue...
2025-12-04 07:47:31,436-DEBUG-root-26728::webapp_internal::wait_blocker|2469:: Blocker status: None
2025-12-04 07:47:31,438-DEBUG-root-26728::base::click|192:: Click Type: ClickType.JS
2025-12-04 07:47:31,457-DEBUG-root-26728::webapp_internal::try_send_keys|7989:: Trying to send keys to element using technique 1
2025-12-04 07:47:31,525-DEBUG-root-26728::webapp_internal::get_web_value|3232:: Current value: 04/11/2025
2025-12-04 07:47:32,618-INFO-root-26728::webapp_internal::filling_group|955:: Filling Group: "02"
2025-12-04 07:47:32,618-DEBUG-root-26728::webapp_internal::wait_blocker|2444:: Waiting blocker to continue...
2025-12-04 07:47:32,651-DEBUG-root-26728::webapp_internal::wait_blocker|2469:: Blocker status: None
2025-12-04 07:47:32,654-DEBUG-root-26728::base::click|192:: Click Type: ClickType.JS
2025-12-04 07:47:32,702-DEBUG-root-26728::webapp_internal::get_web_value|3232:: Current value: 02
2025-12-04 07:47:33,765-INFO-root-26728::webapp_internal::filling_branch|1047:: Filling Branch: "02DF0001"
2025-12-04 07:47:33,765-DEBUG-root-26728::webapp_internal::wait_blocker|2444:: Waiting blocker to continue...
2025-12-04 07:47:33,797-DEBUG-root-26728::webapp_internal::wait_blocker|2469:: Blocker status: None
2025-12-04 07:47:33,802-DEBUG-root-26728::base::click|192:: Click Type: ClickType.JS
2025-12-04 07:47:33,853-DEBUG-root-26728::webapp_internal::get_web_value|3232:: Current value: 02DF0001
2025-12-04 07:47:34,932-INFO-root-26728::webapp_internal::filling_environment|1113:: Filling Environment: "07"
2025-12-04 07:47:34,933-DEBUG-root-26728::webapp_internal::wait_blocker|2444:: Waiting blocker to continue...
2025-12-04 07:47:34,967-DEBUG-root-26728::webapp_internal::wait_blocker|2469:: Blocker status: None
2025-12-04 07:47:34,970-DEBUG-root-26728::base::click|192:: Click Type: ClickType.JS
2025-12-04 07:47:35,022-DEBUG-root-26728::webapp_internal::get_web_value|3232:: Current value: 07
2025-12-04 07:47:36,029-DEBUG-root-26728::webapp_internal::close_warning_screen|1489:: Closing warning screen!
2025-12-04 07:47:37,062-DEBUG-root-26728::webapp_internal::check_screen_element|1291:: Checking screen element: "Atenção": False
2025-12-04 07:47:38,168-INFO-root-26728::webapp_internal::environment_screen|796:: Clicking on Button
2025-12-04 07:47:38,170-DEBUG-root-26728::webapp_internal::wait_blocker|2444:: Waiting blocker to continue...
2025-12-04 07:47:38,204-DEBUG-root-26728::webapp_internal::wait_blocker|2469:: Blocker status: None
2025-12-04 07:47:38,206-DEBUG-root-26728::base::click|192:: Click Type: ClickType.JS
2025-12-04 07:47:39,224-DEBUG-root-26728::base::click|192:: Click Type: ClickType.JS
2025-12-04 07:47:40,231-DEBUG-root-26728::base::click|192:: Click Type: ClickType.JS
2025-12-04 07:47:41,240-DEBUG-root-26728::base::click|192:: Click Type: ClickType.JS
2025-12-04 07:47:42,248-DEBUG-root-26728::base::click|192:: Click Type: ClickType.JS
2025-12-04 07:47:43,255-DEBUG-root-26728::base::click|192:: Click Type: ClickType.JS
2025-12-04 07:47:44,262-DEBUG-root-26728::webapp_internal::close_screen_before_menu|368:: Closing screen before the menu
2025-12-04 07:47:44,310-DEBUG-root-26728::webapp_internal::close_warning_screen|1489:: Closing warning screen!
2025-12-04 07:47:45,354-DEBUG-root-26728::webapp_internal::check_screen_element|1291:: Checking screen element: "Atenção": False
2025-12-04 07:47:45,354-DEBUG-root-26728::webapp_internal::close_coin_screen|1424:: Closing coin screen!
2025-12-04 07:47:45,906-DEBUG-root-26728::base::click|192:: Click Type: ClickType.JS
2025-12-04 07:47:45,963-DEBUG-root-26728::webapp_internal::close_warning_screen|1489:: Closing warning screen!
2025-12-04 07:47:47,023-DEBUG-root-26728::webapp_internal::check_screen_element|1291:: Checking screen element: "Atenção": False
2025-12-04 07:47:47,023-DEBUG-root-26728::webapp_internal::close_coin_screen|1424:: Closing coin screen!
2025-12-04 07:47:47,183-INFO-root-26728::webapp_internal::set_log_info|1623:: Getting log info
2025-12-04 07:47:47,184-INFO-root-26728::webapp_internal::SetLateralMenu|4184:: Navigating lateral menu: Ajuda > Sobre
2025-12-04 07:47:47,203-DEBUG-root-26728::webapp_internal::wait_element|7636:: Waiting for element
2025-12-04 07:47:47,267-DEBUG-root-26728::webapp_internal::wait_element|7666:: Element found! Waiting for element to be displayed.
2025-12-04 07:47:47,486-INFO-root-26728::webapp_internal::SetLateralMenu|4203:: Menu item: "Ajuda"
2025-12-04 07:47:47,486-DEBUG-root-26728::webapp_internal::wait_blocker|2444:: Waiting blocker to continue...
2025-12-04 07:47:47,560-DEBUG-root-26728::webapp_internal::wait_blocker|2469:: Blocker status: False
2025-12-04 07:47:47,950-DEBUG-root-26728::webapp_internal::wait_element_timeout|7739:: Element found! Waiting for element to be displayed.
2025-12-04 07:47:48,328-DEBUG-root-26728::webapp_internal::wait_blocker|2444:: Waiting blocker to continue...
2025-12-04 07:47:48,397-DEBUG-root-26728::webapp_internal::wait_blocker|2469:: Blocker status: False
2025-12-04 07:47:50,686-INFO-root-26728::webapp_internal::SetLateralMenu|4203:: Menu item: "Sobre"
2025-12-04 07:47:50,687-DEBUG-root-26728::webapp_internal::wait_blocker|2444:: Waiting blocker to continue...
2025-12-04 07:47:50,752-DEBUG-root-26728::webapp_internal::wait_blocker|2469:: Blocker status: False
2025-12-04 07:47:51,148-DEBUG-root-26728::webapp_internal::wait_element_timeout|7739:: Element found! Waiting for element to be displayed.
2025-12-04 07:47:51,494-DEBUG-root-26728::webapp_internal::wait_blocker|2444:: Waiting blocker to continue...
2025-12-04 07:47:51,557-DEBUG-root-26728::webapp_internal::wait_blocker|2469:: Blocker status: False
2025-12-04 07:47:54,155-DEBUG-root-26728::webapp_internal::wait_blocker|2444:: Waiting blocker to continue...
2025-12-04 07:47:54,225-DEBUG-root-26728::webapp_internal::wait_blocker|2469:: Blocker status: False
2025-12-04 07:47:54,293-DEBUG-root-26728::webapp_internal::wait_element|7636:: Waiting for element
2025-12-04 07:47:54,336-DEBUG-root-26728::webapp_internal::wait_element|7666:: Element found! Waiting for element to be displayed.
2025-12-04 07:47:54,509-INFO-root-26728::webapp_internal::SetButton|4444:: Clicking on Fechar
2025-12-04 07:47:54,509-DEBUG-root-26728::webapp_internal::wait_blocker|2444:: Waiting blocker to continue...
2025-12-04 07:47:54,588-DEBUG-root-26728::webapp_internal::wait_blocker|2469:: Blocker status: False
2025-12-04 07:47:54,767-DEBUG-root-26728::webapp_internal::wait_element_timeout|7739:: Element found! Waiting for element to be displayed.
2025-12-04 07:47:54,844-DEBUG-root-26728::webapp_internal::SetButton|4481:: ***System Info*** Before Clicking on button:Fechar
2025-12-04 07:47:54,845-DEBUG-root-26728::psutil_info::system_info|5:: CPU USAGE: 10.8%
2025-12-04 07:47:54,845-DEBUG-root-26728::psutil_info::system_info|6:: MEMORY USAGE: 92.3%
2025-12-04 07:47:54,846-DEBUG-root-26728::psutil_info::system_info|7:: MEMORY AVAILABLE: 7.75%
2025-12-04 07:47:55,013-DEBUG-root-26728::webapp_internal::wait_element_timeout|7739:: Element found! Waiting for element to be displayed.
2025-12-04 07:47:55,175-DEBUG-root-26728::webapp_internal::wait_blocker|2444:: Waiting blocker to continue...
2025-12-04 07:47:55,251-DEBUG-root-26728::webapp_internal::wait_blocker|2469:: Blocker status: False
2025-12-04 07:47:55,267-DEBUG-root-26728::webapp_internal::wait_blocker|2444:: Waiting blocker to continue...
2025-12-04 07:47:55,338-DEBUG-root-26728::webapp_internal::wait_blocker|2469:: Blocker status: False
2025-12-04 07:47:55,338-DEBUG-root-26728::webapp_internal::send_action|10493:: Trying to send action
2025-12-04 07:47:55,340-DEBUG-root-26728::base::click|192:: Click Type: ClickType.JS
2025-12-04 07:47:56,370-DEBUG-root-26728::webapp_internal::send_action|10535:: send_action method result = True
2025-12-04 07:47:56,370-DEBUG-root-26728::webapp_internal::send_action|10536:: send_action selenium status: False
2025-12-04 07:47:56,371-DEBUG-root-26728::webapp_internal::SetButton|4683:: ***System Info*** After Clicking on button:
2025-12-04 07:47:56,371-DEBUG-root-26728::psutil_info::system_info|5:: CPU USAGE: 12.6%
2025-12-04 07:47:56,371-DEBUG-root-26728::psutil_info::system_info|6:: MEMORY USAGE: 92.0%
2025-12-04 07:47:56,372-DEBUG-root-26728::psutil_info::system_info|7:: MEMORY AVAILABLE: 8.0%
2025-12-04 07:47:56,372-DEBUG-root-26728::webapp_internal::wait_element|7636:: Waiting for element
2025-12-04 07:47:56,455-INFO-root-26728::webapp_internal::SetLateralMenu|4184:: Navigating lateral menu: Atualizações > Especificos > Tipo de Convenio
2025-12-04 07:47:56,463-DEBUG-root-26728::webapp_internal::wait_element|7636:: Waiting for element
2025-12-04 07:47:56,500-DEBUG-root-26728::webapp_internal::wait_element|7666:: Element found! Waiting for element to be displayed.
2025-12-04 07:47:56,658-INFO-root-26728::webapp_internal::SetLateralMenu|4203:: Menu item: "Atualizações"
2025-12-04 07:47:56,658-DEBUG-root-26728::webapp_internal::wait_blocker|2444:: Waiting blocker to continue...
2025-12-04 07:47:56,734-DEBUG-root-26728::webapp_internal::wait_blocker|2469:: Blocker status: False
2025-12-04 07:47:57,152-DEBUG-root-26728::webapp_internal::wait_element_timeout|7739:: Element found! Waiting for element to be displayed.
2025-12-04 07:47:57,562-DEBUG-root-26728::webapp_internal::wait_blocker|2444:: Waiting blocker to continue...
2025-12-04 07:47:57,630-DEBUG-root-26728::webapp_internal::wait_blocker|2469:: Blocker status: False
2025-12-04 07:47:59,920-INFO-root-26728::webapp_internal::SetLateralMenu|4203:: Menu item: "Especificos"
2025-12-04 07:47:59,920-DEBUG-root-26728::webapp_internal::wait_blocker|2444:: Waiting blocker to continue...
2025-12-04 07:48:00,041-DEBUG-root-26728::webapp_internal::wait_blocker|2469:: Blocker status: False
2025-12-04 07:48:00,889-DEBUG-root-26728::webapp_internal::wait_element_timeout|7739:: Element found! Waiting for element to be displayed.
2025-12-04 07:48:01,616-DEBUG-root-26728::webapp_internal::wait_blocker|2444:: Waiting blocker to continue...
2025-12-04 07:48:01,721-DEBUG-root-26728::webapp_internal::wait_blocker|2469:: Blocker status: False
2025-12-04 07:48:04,010-INFO-root-26728::webapp_internal::SetLateralMenu|4203:: Menu item: "Tipo de Convenio"
2025-12-04 07:48:04,010-DEBUG-root-26728::webapp_internal::wait_blocker|2444:: Waiting blocker to continue...
2025-12-04 07:48:04,158-DEBUG-root-26728::webapp_internal::wait_blocker|2469:: Blocker status: False
2025-12-04 07:48:05,810-DEBUG-root-26728::webapp_internal::wait_element_timeout|7739:: Element found! Waiting for element to be displayed.
2025-12-04 07:48:07,417-DEBUG-root-26728::webapp_internal::wait_blocker|2444:: Waiting blocker to continue...
2025-12-04 07:48:07,522-DEBUG-root-26728::webapp_internal::wait_blocker|2469:: Blocker status: False
2025-12-04 07:48:12,060-DEBUG-root-26728::webapp_internal::wait_blocker|2444:: Waiting blocker to continue...
2025-12-04 07:48:12,157-DEBUG-root-26728::webapp_internal::wait_blocker|2469:: Blocker status: False
2025-12-04 07:48:12,261-INFO-root-26728::webapp_internal::WaitShow|4980:: Waiting show text 'Este ambiente utiliza base de Homologação.'...
2025-12-04 07:48:17,609-DEBUG-root-26728::log::checks_empty_line|221:: Checking empty default log info
2025-12-04 07:48:17,612-DEBUG-root-26728::log::generate_log|503:: Json log_data: {'cLogDtExec': '04/12/2025 07:48:17', 'cLogNomUsr': '97137227104', 'cLogNomEst': 'GESIT03', 'cLogProgra': None, 'cLogDtProg': '', 'cLogHrProg': '', 'nLogCtsOk': 1, 'nLogCtsNok': 0, 'nLogCtsSeg': 65.73, 'cLogVersao': '12', 'cLogReleas': '12.1.2410', 'nLogCtsErr': '', 'cLogBancod': 'ORACLE', 'cLogIdenti': '', 'cLogIdExec': '20251204', 'cLogPais': 'BRA', 'cLogTool': 'TIR', 'cLogSequen': 'e3ea8d', 'nLogCtsTot': 1, 'cLogDtExea': '04/12/2025', 'cLogHrExea': '07:48:17', 'cLogArea': 'Desenvolvimento', 'cLogMnExec': 1.0955000000000001}
2025-12-04 07:48:17,612-INFO-root-26728::log::send_log_with_retries|515:: Saving log locally.
2025-12-04 07:48:17,612-INFO-root-26728::log::save_log_locally|548:: [FwSendLog]: Não foi possível enviar o log após todas as tentativas.
2025-12-04 07:48:17,613-INFO-root-26728::log::save_log_locally|555:: [FwSendLog]: Log salvo localmente em C:\TIR_TESTE\1764845297.json.
2025-12-04 07:48:17,613-INFO-root-26728::webapp_internal::WaitShow|4980:: Waiting show text 'Moedas'...
2025-12-04 07:48:22,905-INFO-root-26728::webapp_internal::WaitShow|4980:: Waiting show text 'Tipos de Convênios'...
2025-12-04 07:48:23,030-INFO-root-26728::webapp_internal::WaitShow|4996:: Text found! 
2025-12-04 07:48:23,030-INFO-root-26728::webapp_internal::SetButton|4444:: Clicking on Incluir
2025-12-04 07:48:23,031-DEBUG-root-26728::webapp_internal::wait_blocker|2444:: Waiting blocker to continue...
2025-12-04 07:48:23,148-DEBUG-root-26728::webapp_internal::wait_blocker|2469:: Blocker status: False
2025-12-04 07:48:23,555-DEBUG-root-26728::webapp_internal::wait_element_timeout|7739:: Element found! Waiting for element to be displayed.
2025-12-04 07:48:23,894-DEBUG-root-26728::webapp_internal::SetButton|4481:: ***System Info*** Before Clicking on button:Incluir
2025-12-04 07:48:23,894-DEBUG-root-26728::psutil_info::system_info|5:: CPU USAGE: 12.8%
2025-12-04 07:48:23,895-DEBUG-root-26728::psutil_info::system_info|6:: MEMORY USAGE: 92.8%
2025-12-04 07:48:23,895-DEBUG-root-26728::psutil_info::system_info|7:: MEMORY AVAILABLE: 7.2%
2025-12-04 07:48:24,304-DEBUG-root-26728::webapp_internal::wait_element_timeout|7739:: Element found! Waiting for element to be displayed.
2025-12-04 07:48:24,691-DEBUG-root-26728::webapp_internal::wait_blocker|2444:: Waiting blocker to continue...
2025-12-04 07:48:24,801-DEBUG-root-26728::webapp_internal::wait_blocker|2469:: Blocker status: False
2025-12-04 07:48:24,831-DEBUG-root-26728::webapp_internal::wait_blocker|2444:: Waiting blocker to continue...
2025-12-04 07:48:24,945-DEBUG-root-26728::webapp_internal::wait_blocker|2469:: Blocker status: False
2025-12-04 07:48:24,945-DEBUG-root-26728::webapp_internal::send_action|10493:: Trying to send action
2025-12-04 07:48:24,947-DEBUG-root-26728::base::click|192:: Click Type: ClickType.JS
2025-12-04 07:48:26,003-DEBUG-root-26728::webapp_internal::send_action|10535:: send_action method result = True
2025-12-04 07:48:26,004-DEBUG-root-26728::webapp_internal::send_action|10536:: send_action selenium status: False
2025-12-04 07:48:26,004-DEBUG-root-26728::webapp_internal::SetButton|4683:: ***System Info*** After Clicking on button:
2025-12-04 07:48:26,004-DEBUG-root-26728::psutil_info::system_info|5:: CPU USAGE: 10.4%
2025-12-04 07:48:26,004-DEBUG-root-26728::psutil_info::system_info|6:: MEMORY USAGE: 92.9%
2025-12-04 07:48:26,005-DEBUG-root-26728::psutil_info::system_info|7:: MEMORY AVAILABLE: 7.09%
2025-12-04 07:48:26,005-INFO-root-26728::webapp_internal::WaitShow|4980:: Waiting show text 'Tipos de Convenios - INCLUIR'...
2025-12-04 07:48:26,153-INFO-root-26728::webapp_internal::WaitShow|4996:: Text found! 
2025-12-04 07:48:26,153-DEBUG-root-26728::webapp_internal::SetFocus|6011:: Setting focus on element ZD_DESCONV.
2025-12-04 07:48:26,338-DEBUG-root-26728::base::click|192:: Click Type: ClickType.SELENIUM
2025-12-04 07:48:26,422-DEBUG-root-26728::webapp_internal::wait_blocker|2444:: Waiting blocker to continue...
2025-12-04 07:48:26,609-DEBUG-root-26728::webapp_internal::wait_blocker|2469:: Blocker status: False
2025-12-04 07:48:26,609-DEBUG-root-26728::webapp_internal::wait_element|7636:: Waiting for element
2025-12-04 07:48:26,688-DEBUG-root-26728::webapp_internal::wait_element|7666:: Element found! Waiting for element to be displayed.
2025-12-04 07:48:26,753-INFO-root-26728::webapp_internal::input_value|2941:: Looking for element: ZD_DESCONV
2025-12-04 07:48:26,871-INFO-root-26728::webapp_internal::input_value|2951:: Element: ZD_DESCONV Found!
2025-12-04 07:48:26,871-INFO-root-26728::webapp_internal::input_value|2953:: Filling element: ZD_DESCONV
2025-12-04 07:48:26,894-DEBUG-root-26728::webapp_internal::get_web_value|3232:: Current value:                                                             
2025-12-04 07:48:26,940-DEBUG-root-26728::base::double_click|259:: Click Type: ClickType.SELENIUM
2025-12-04 07:48:27,204-DEBUG-root-26728::webapp_internal::wait_blocker|2444:: Waiting blocker to continue...
2025-12-04 07:48:27,329-DEBUG-root-26728::webapp_internal::wait_blocker|2469:: Blocker status: False
2025-12-04 07:48:27,692-DEBUG-root-26728::webapp_internal::get_web_value|3232:: Current value: TESTE INCLUSAO 01                                           
2025-12-04 07:48:27,694-INFO-root-26728::webapp_internal::input_value|3059:: Current field value: TESTE INCLUSAO 01
2025-12-04 07:48:27,721-DEBUG-root-26728::webapp_internal::wait_blocker|2444:: Waiting blocker to continue...
2025-12-04 07:48:27,853-DEBUG-root-26728::webapp_internal::wait_blocker|2469:: Blocker status: False
2025-12-04 07:48:27,853-INFO-root-26728::webapp_internal::SetKey|5822:: Key pressed: TAB
2025-12-04 07:48:27,853-DEBUG-root-26728::webapp_internal::SetKey|5857:: Trying press key
2025-12-04 07:48:29,858-DEBUG-root-26728::webapp_internal::wait_blocker|2444:: Waiting blocker to continue...
2025-12-04 07:48:29,985-DEBUG-root-26728::webapp_internal::wait_blocker|2469:: Blocker status: False
2025-12-04 07:48:30,011-DEBUG-root-26728::webapp_internal::wait_blocker|2444:: Waiting blocker to continue...
2025-12-04 07:48:30,153-DEBUG-root-26728::webapp_internal::wait_blocker|2469:: Blocker status: False
2025-12-04 07:48:30,153-DEBUG-root-26728::webapp_internal::send_action|10493:: Trying to send action
2025-12-04 07:48:31,214-DEBUG-root-26728::webapp_internal::send_action|10535:: send_action method result = True
2025-12-04 07:48:31,214-DEBUG-root-26728::webapp_internal::send_action|10536:: send_action selenium status: False
2025-12-04 07:48:31,215-DEBUG-root-26728::webapp_internal::wait_blocker|2444:: Waiting blocker to continue...
2025-12-04 07:48:31,418-DEBUG-root-26728::webapp_internal::wait_blocker|2469:: Blocker status: False
2025-12-04 07:48:31,418-DEBUG-root-26728::webapp_internal::wait_element|7636:: Waiting for element
2025-12-04 07:48:31,497-DEBUG-root-26728::webapp_internal::wait_element|7666:: Element found! Waiting for element to be displayed.
2025-12-04 07:48:31,563-INFO-root-26728::webapp_internal::input_value|2941:: Looking for element: ZD_TPMOV
2025-12-04 07:48:31,691-INFO-root-26728::webapp_internal::input_value|2951:: Element: ZD_TPMOV Found!
2025-12-04 07:48:31,692-INFO-root-26728::webapp_internal::input_value|2953:: Filling element: ZD_TPMOV
2025-12-04 07:48:32,889-INFO-root-26728::base::select_combo|871:: Selected value for combo is: 1 - Titular
2025-12-04 07:48:32,931-DEBUG-root-26728::webapp_internal::wait_blocker|2444:: Waiting blocker to continue...
2025-12-04 07:48:33,056-DEBUG-root-26728::webapp_internal::wait_blocker|2469:: Blocker status: False
2025-12-04 07:48:33,057-DEBUG-root-26728::webapp_internal::wait_element|7636:: Waiting for element
2025-12-04 07:48:33,129-DEBUG-root-26728::webapp_internal::wait_element|7666:: Element found! Waiting for element to be displayed.
2025-12-04 07:48:33,193-INFO-root-26728::webapp_internal::input_value|2941:: Looking for element: ZD_TPALTSA
2025-12-04 07:48:33,302-INFO-root-26728::webapp_internal::input_value|2951:: Element: ZD_TPALTSA Found!
2025-12-04 07:48:33,302-INFO-root-26728::webapp_internal::input_value|2953:: Filling element: ZD_TPALTSA
2025-12-04 07:48:33,327-DEBUG-root-26728::webapp_internal::get_web_value|3232:: Current value:    
2025-12-04 07:48:33,361-DEBUG-root-26728::base::double_click|259:: Click Type: ClickType.SELENIUM
2025-12-04 07:48:33,636-DEBUG-root-26728::webapp_internal::wait_blocker|2444:: Waiting blocker to continue...
2025-12-04 07:48:33,761-DEBUG-root-26728::webapp_internal::wait_blocker|2469:: Blocker status: False
2025-12-04 07:48:34,085-DEBUG-root-26728::webapp_internal::get_web_value|3232:: Current value: 003
2025-12-04 07:48:34,086-INFO-root-26728::webapp_internal::input_value|3059:: Current field value: 003
2025-12-04 07:48:34,094-INFO-root-26728::webapp_internal::WaitShow|4980:: Waiting show text 'Histórico'...
2025-12-04 07:48:35,886-INFO-root-26728::webapp_internal::WaitShow|4996:: Text found! 
2025-12-04 07:48:35,886-DEBUG-root-26728::webapp_internal::wait_blocker|2444:: Waiting blocker to continue...
2025-12-04 07:48:36,010-DEBUG-root-26728::webapp_internal::wait_blocker|2469:: Blocker status: False
2025-12-04 07:48:36,010-INFO-root-26728::webapp_internal::SetKey|5822:: Key pressed: ENTER
2025-12-04 07:48:36,010-DEBUG-root-26728::webapp_internal::SetKey|5857:: Trying press key
2025-12-04 07:48:38,013-DEBUG-root-26728::webapp_internal::wait_blocker|2444:: Waiting blocker to continue...
2025-12-04 07:48:38,160-DEBUG-root-26728::webapp_internal::wait_blocker|2469:: Blocker status: False
2025-12-04 07:48:38,185-DEBUG-root-26728::webapp_internal::wait_blocker|2444:: Waiting blocker to continue...
2025-12-04 07:48:38,317-DEBUG-root-26728::webapp_internal::wait_blocker|2469:: Blocker status: False
2025-12-04 07:48:38,318-DEBUG-root-26728::webapp_internal::send_action|10493:: Trying to send action
2025-12-04 07:48:39,353-DEBUG-root-26728::webapp_internal::send_action|10493:: Trying to send action
2025-12-04 07:48:40,382-DEBUG-root-26728::webapp_internal::send_action|10493:: Trying to send action
2025-12-04 07:48:41,411-DEBUG-root-26728::webapp_internal::send_action|10493:: Trying to send action
2025-12-04 07:48:42,440-DEBUG-root-26728::webapp_internal::send_action|10493:: Trying to send action
2025-12-04 07:48:43,468-DEBUG-root-26728::webapp_internal::send_action|10493:: Trying to send action
2025-12-04 07:48:44,498-DEBUG-root-26728::webapp_internal::send_action|10493:: Trying to send action
2025-12-04 07:48:45,526-DEBUG-root-26728::webapp_internal::send_action|10493:: Trying to send action
2025-12-04 07:48:46,574-DEBUG-root-26728::webapp_internal::send_action|10493:: Trying to send action
2025-12-04 07:48:47,605-DEBUG-root-26728::webapp_internal::send_action|10493:: Trying to send action
2025-12-04 07:48:48,673-DEBUG-root-26728::webapp_internal::send_action|10493:: Trying to send action
2025-12-04 07:48:49,701-DEBUG-root-26728::webapp_internal::send_action|10493:: Trying to send action
2025-12-04 07:48:50,740-DEBUG-root-26728::webapp_internal::send_action|10493:: Trying to send action
2025-12-04 07:48:51,769-DEBUG-root-26728::webapp_internal::send_action|10493:: Trying to send action
2025-12-04 07:48:52,796-DEBUG-root-26728::webapp_internal::send_action|10493:: Trying to send action
2025-12-04 07:48:53,828-DEBUG-root-26728::webapp_internal::send_action|10493:: Trying to send action
2025-12-04 07:48:54,858-DEBUG-root-26728::webapp_internal::send_action|10493:: Trying to send action
2025-12-04 07:48:55,890-DEBUG-root-26728::webapp_internal::send_action|10493:: Trying to send action
2025-12-04 07:48:56,917-DEBUG-root-26728::webapp_internal::send_action|10493:: Trying to send action
2025-12-04 07:48:57,946-DEBUG-root-26728::webapp_internal::send_action|10493:: Trying to send action
2025-12-04 07:48:58,975-DEBUG-root-26728::webapp_internal::send_action|10493:: Trying to send action
2025-12-04 07:49:00,006-DEBUG-root-26728::webapp_internal::send_action|10493:: Trying to send action
2025-12-04 07:49:01,034-DEBUG-root-26728::webapp_internal::send_action|10493:: Trying to send action
2025-12-04 07:49:02,061-DEBUG-root-26728::webapp_internal::send_action|10493:: Trying to send action
2025-12-04 07:49:03,089-DEBUG-root-26728::webapp_internal::send_action|10493:: Trying to send action
2025-12-04 07:49:04,120-DEBUG-root-26728::webapp_internal::send_action|10493:: Trying to send action
2025-12-04 07:49:05,150-DEBUG-root-26728::webapp_internal::send_action|10493:: Trying to send action
2025-12-04 07:49:06,183-DEBUG-root-26728::webapp_internal::send_action|10493:: Trying to send action
2025-12-04 07:49:07,212-DEBUG-root-26728::webapp_internal::send_action|10493:: Trying to send action
2025-12-04 07:49:08,243-DEBUG-root-26728::webapp_internal::send_action|10493:: Trying to send action
2025-12-04 07:49:09,274-DEBUG-root-26728::webapp_internal::send_action|10493:: Trying to send action
2025-12-04 07:49:10,323-DEBUG-root-26728::webapp_internal::send_action|10493:: Trying to send action
2025-12-04 07:49:11,352-DEBUG-root-26728::webapp_internal::send_action|10493:: Trying to send action
2025-12-04 07:49:12,380-DEBUG-root-26728::webapp_internal::send_action|10493:: Trying to send action
2025-12-04 07:49:13,410-DEBUG-root-26728::webapp_internal::send_action|10493:: Trying to send action
2025-12-04 07:49:14,440-DEBUG-root-26728::webapp_internal::send_action|10493:: Trying to send action
2025-12-04 07:49:15,467-DEBUG-root-26728::webapp_internal::send_action|10493:: Trying to send action
2025-12-04 07:49:16,497-DEBUG-root-26728::webapp_internal::send_action|10493:: Trying to send action
2025-12-04 07:49:17,527-DEBUG-root-26728::webapp_internal::send_action|10493:: Trying to send action
2025-12-04 07:49:18,561-DEBUG-root-26728::webapp_internal::send_action|10493:: Trying to send action
2025-12-04 07:49:19,590-DEBUG-root-26728::webapp_internal::send_action|10493:: Trying to send action
2025-12-04 07:49:20,621-DEBUG-root-26728::webapp_internal::send_action|10493:: Trying to send action
2025-12-04 07:49:21,648-DEBUG-root-26728::webapp_internal::send_action|10493:: Trying to send action
2025-12-04 07:49:22,676-DEBUG-root-26728::webapp_internal::send_action|10493:: Trying to send action
2025-12-04 07:49:23,707-DEBUG-root-26728::webapp_internal::send_action|10493:: Trying to send action
2025-12-04 07:49:24,735-DEBUG-root-26728::webapp_internal::send_action|10493:: Trying to send action
2025-12-04 07:49:25,764-DEBUG-root-26728::webapp_internal::send_action|10493:: Trying to send action
2025-12-04 07:49:26,793-DEBUG-root-26728::webapp_internal::send_action|10493:: Trying to send action
2025-12-04 07:49:27,835-DEBUG-root-26728::webapp_internal::send_action|10493:: Trying to send action
2025-12-04 07:49:28,864-DEBUG-root-26728::webapp_internal::send_action|10493:: Trying to send action
2025-12-04 07:49:29,896-DEBUG-root-26728::webapp_internal::send_action|10493:: Trying to send action
2025-12-04 07:49:30,929-DEBUG-root-26728::webapp_internal::send_action|10493:: Trying to send action
2025-12-04 07:49:31,963-DEBUG-root-26728::webapp_internal::send_action|10493:: Trying to send action
2025-12-04 07:49:33,038-DEBUG-root-26728::webapp_internal::send_action|10493:: Trying to send action
2025-12-04 07:49:34,068-DEBUG-root-26728::webapp_internal::send_action|10493:: Trying to send action
2025-12-04 07:49:35,098-DEBUG-root-26728::webapp_internal::send_action|10493:: Trying to send action
2025-12-04 07:49:36,128-DEBUG-root-26728::webapp_internal::send_action|10493:: Trying to send action
2025-12-04 07:49:37,160-DEBUG-root-26728::webapp_internal::send_action|10493:: Trying to send action
2025-12-04 07:49:38,190-DEBUG-root-26728::webapp_internal::send_action|10493:: Trying to send action
2025-12-04 07:49:39,216-DEBUG-root-26728::webapp_internal::send_action|10493:: Trying to send action
2025-12-04 07:49:40,247-DEBUG-root-26728::webapp_internal::send_action|10493:: Trying to send action
2025-12-04 07:49:41,276-DEBUG-root-26728::webapp_internal::send_action|10493:: Trying to send action
2025-12-04 07:49:42,306-DEBUG-root-26728::webapp_internal::send_action|10493:: Trying to send action
2025-12-04 07:49:43,333-DEBUG-root-26728::webapp_internal::send_action|10493:: Trying to send action
2025-12-04 07:49:44,361-DEBUG-root-26728::webapp_internal::send_action|10493:: Trying to send action
2025-12-04 07:49:45,390-DEBUG-root-26728::webapp_internal::send_action|10493:: Trying to send action
2025-12-04 07:49:46,419-DEBUG-root-26728::webapp_internal::send_action|10493:: Trying to send action
2025-12-04 07:49:47,447-DEBUG-root-26728::webapp_internal::send_action|10493:: Trying to send action
2025-12-04 07:49:48,476-DEBUG-root-26728::webapp_internal::send_action|10493:: Trying to send action
2025-12-04 07:49:49,507-DEBUG-root-26728::webapp_internal::send_action|10493:: Trying to send action
2025-12-04 07:49:50,536-DEBUG-root-26728::webapp_internal::send_action|10493:: Trying to send action
2025-12-04 07:49:51,564-DEBUG-root-26728::webapp_internal::send_action|10493:: Trying to send action
2025-12-04 07:49:52,595-DEBUG-root-26728::webapp_internal::send_action|10493:: Trying to send action
2025-12-04 07:49:53,622-DEBUG-root-26728::webapp_internal::send_action|10493:: Trying to send action
2025-12-04 07:49:54,655-DEBUG-root-26728::webapp_internal::send_action|10493:: Trying to send action
2025-12-04 07:49:55,682-DEBUG-root-26728::webapp_internal::send_action|10493:: Trying to send action
2025-12-04 07:49:56,712-DEBUG-root-26728::webapp_internal::send_action|10493:: Trying to send action
2025-12-04 07:49:57,742-DEBUG-root-26728::webapp_internal::send_action|10493:: Trying to send action
2025-12-04 07:49:58,768-DEBUG-root-26728::webapp_internal::send_action|10493:: Trying to send action
2025-12-04 07:49:59,796-DEBUG-root-26728::webapp_internal::send_action|10493:: Trying to send action
2025-12-04 07:50:00,825-DEBUG-root-26728::webapp_internal::send_action|10493:: Trying to send action
2025-12-04 07:50:01,856-DEBUG-root-26728::webapp_internal::send_action|10493:: Trying to send action
2025-12-04 07:50:02,885-DEBUG-root-26728::webapp_internal::send_action|10493:: Trying to send action
2025-12-04 07:50:03,914-DEBUG-root-26728::webapp_internal::send_action|10493:: Trying to send action
2025-12-04 07:50:04,945-DEBUG-root-26728::webapp_internal::send_action|10493:: Trying to send action
2025-12-04 07:50:05,974-DEBUG-root-26728::webapp_internal::send_action|10493:: Trying to send action
2025-12-04 07:50:07,002-DEBUG-root-26728::webapp_internal::send_action|10493:: Trying to send action
2025-12-04 07:50:08,029-DEBUG-root-26728::webapp_internal::send_action|10493:: Trying to send action
2025-12-04 07:50:09,059-DEBUG-root-26728::webapp_internal::send_action|10493:: Trying to send action
2025-12-04 07:50:10,092-DEBUG-root-26728::webapp_internal::send_action|10493:: Trying to send action
2025-12-04 07:50:11,123-DEBUG-root-26728::webapp_internal::send_action|10493:: Trying to send action
2025-12-04 07:50:12,154-DEBUG-root-26728::webapp_internal::send_action|10493:: Trying to send action
2025-12-04 07:50:13,182-DEBUG-root-26728::webapp_internal::send_action|10493:: Trying to send action
2025-12-04 07:50:14,211-DEBUG-root-26728::webapp_internal::send_action|10493:: Trying to send action
2025-12-04 07:50:15,241-DEBUG-root-26728::webapp_internal::send_action|10493:: Trying to send action
2025-12-04 07:50:16,270-DEBUG-root-26728::webapp_internal::send_action|10493:: Trying to send action
2025-12-04 07:50:17,341-DEBUG-root-26728::webapp_internal::send_action|10493:: Trying to send action
2025-12-04 07:50:18,373-DEBUG-root-26728::webapp_internal::send_action|10493:: Trying to send action
2025-12-04 07:50:19,402-DEBUG-root-26728::webapp_internal::send_action|10493:: Trying to send action
2025-12-04 07:50:20,430-DEBUG-root-26728::webapp_internal::send_action|10493:: Trying to send action
2025-12-04 07:50:21,461-DEBUG-root-26728::webapp_internal::send_action|10493:: Trying to send action
2025-12-04 07:50:22,491-DEBUG-root-26728::webapp_internal::send_action|10493:: Trying to send action
2025-12-04 07:50:23,520-DEBUG-root-26728::webapp_internal::send_action|10493:: Trying to send action
2025-12-04 07:50:24,551-DEBUG-root-26728::webapp_internal::send_action|10493:: Trying to send action
2025-12-04 07:50:25,580-DEBUG-root-26728::webapp_internal::send_action|10493:: Trying to send action
2025-12-04 07:50:26,613-DEBUG-root-26728::webapp_internal::send_action|10493:: Trying to send action
2025-12-04 07:50:27,644-DEBUG-root-26728::webapp_internal::send_action|10493:: Trying to send action
2025-12-04 07:50:28,676-DEBUG-root-26728::webapp_internal::send_action|10493:: Trying to send action
2025-12-04 07:50:29,707-DEBUG-root-26728::webapp_internal::send_action|10493:: Trying to send action
2025-12-04 07:50:30,734-DEBUG-root-26728::webapp_internal::send_action|10493:: Trying to send action
2025-12-04 07:50:31,764-DEBUG-root-26728::webapp_internal::send_action|10493:: Trying to send action
2025-12-04 07:50:32,794-DEBUG-root-26728::webapp_internal::send_action|10493:: Trying to send action
2025-12-04 07:50:33,828-DEBUG-root-26728::webapp_internal::send_action|10493:: Trying to send action
2025-12-04 07:50:34,880-DEBUG-root-26728::webapp_internal::send_action|10493:: Trying to send action
2025-12-04 07:50:35,910-DEBUG-root-26728::webapp_internal::send_action|10493:: Trying to send action
2025-12-04 07:50:36,942-DEBUG-root-26728::webapp_internal::send_action|10493:: Trying to send action
2025-12-04 07:50:37,969-DEBUG-root-26728::webapp_internal::send_action|10493:: Trying to send action
2025-12-04 07:50:38,996-DEBUG-root-26728::webapp_internal::send_action|10535:: send_action method result = False
2025-12-04 07:50:38,996-DEBUG-root-26728::webapp_internal::send_action|10536:: send_action selenium status: False
2025-12-04 07:50:38,996-DEBUG-root-26728::webapp_internal::wait_blocker|2444:: Waiting blocker to continue...
2025-12-04 07:50:39,128-DEBUG-root-26728::webapp_internal::wait_blocker|2469:: Blocker status: False
2025-12-04 07:50:39,128-INFO-root-26728::webapp_internal::SetKey|5822:: Key pressed: ENTER
2025-12-04 07:50:39,128-DEBUG-root-26728::webapp_internal::SetKey|5857:: Trying press key
2025-12-04 07:50:41,132-DEBUG-root-26728::webapp_internal::wait_blocker|2444:: Waiting blocker to continue...
2025-12-04 07:50:41,259-DEBUG-root-26728::webapp_internal::wait_blocker|2469:: Blocker status: False
2025-12-04 07:50:41,284-DEBUG-root-26728::webapp_internal::wait_blocker|2444:: Waiting blocker to continue...
2025-12-04 07:50:41,438-DEBUG-root-26728::webapp_internal::wait_blocker|2469:: Blocker status: False
2025-12-04 07:50:41,439-DEBUG-root-26728::webapp_internal::send_action|10493:: Trying to send action
2025-12-04 07:50:42,469-DEBUG-root-26728::webapp_internal::send_action|10493:: Trying to send action
2025-12-04 07:50:43,497-DEBUG-root-26728::webapp_internal::send_action|10493:: Trying to send action
2025-12-04 07:50:44,528-DEBUG-root-26728::webapp_internal::send_action|10493:: Trying to send action
2025-12-04 07:50:45,565-DEBUG-root-26728::webapp_internal::send_action|10493:: Trying to send action
2025-12-04 07:50:46,595-DEBUG-root-26728::webapp_internal::send_action|10493:: Trying to send action
2025-12-04 07:50:47,644-DEBUG-root-26728::webapp_internal::send_action|10493:: Trying to send action
2025-12-04 07:50:48,694-DEBUG-root-26728::webapp_internal::send_action|10493:: Trying to send action
2025-12-04 07:50:49,746-DEBUG-root-26728::webapp_internal::send_action|10493:: Trying to send action
2025-12-04 07:50:50,776-DEBUG-root-26728::webapp_internal::send_action|10493:: Trying to send action
2025-12-04 07:50:51,805-DEBUG-root-26728::webapp_internal::send_action|10493:: Trying to send action
2025-12-04 07:50:52,834-DEBUG-root-26728::webapp_internal::send_action|10493:: Trying to send action
2025-12-04 07:50:53,927-DEBUG-root-26728::webapp_internal::send_action|10493:: Trying to send action
2025-12-04 07:50:54,957-DEBUG-root-26728::webapp_internal::send_action|10493:: Trying to send action
2025-12-04 07:50:55,984-DEBUG-root-26728::webapp_internal::send_action|10493:: Trying to send action
2025-12-04 07:50:57,011-DEBUG-root-26728::webapp_internal::send_action|10493:: Trying to send action
2025-12-04 07:50:58,040-DEBUG-root-26728::webapp_internal::send_action|10493:: Trying to send action
2025-12-04 07:50:59,068-DEBUG-root-26728::webapp_internal::send_action|10493:: Trying to send action
2025-12-04 07:51:00,097-DEBUG-root-26728::webapp_internal::send_action|10493:: Trying to send action
2025-12-04 07:51:01,131-DEBUG-root-26728::webapp_internal::send_action|10493:: Trying to send action
2025-12-04 07:51:02,161-DEBUG-root-26728::webapp_internal::send_action|10493:: Trying to send action
2025-12-04 07:51:03,191-DEBUG-root-26728::webapp_internal::send_action|10493:: Trying to send action
2025-12-04 07:51:04,219-DEBUG-root-26728::webapp_internal::send_action|10493:: Trying to send action
2025-12-04 07:51:05,248-DEBUG-root-26728::webapp_internal::send_action|10493:: Trying to send action
2025-12-04 07:51:06,276-DEBUG-root-26728::webapp_internal::send_action|10493:: Trying to send action
2025-12-04 07:51:07,309-DEBUG-root-26728::webapp_internal::send_action|10493:: Trying to send action
2025-12-04 07:51:08,346-DEBUG-root-26728::webapp_internal::send_action|10493:: Trying to send action
2025-12-04 07:51:09,374-DEBUG-root-26728::webapp_internal::send_action|10493:: Trying to send action
2025-12-04 07:51:10,403-DEBUG-root-26728::webapp_internal::send_action|10493:: Trying to send action
2025-12-04 07:51:11,440-DEBUG-root-26728::webapp_internal::send_action|10493:: Trying to send action
2025-12-04 07:51:12,469-DEBUG-root-26728::webapp_internal::send_action|10493:: Trying to send action
2025-12-04 07:51:13,497-DEBUG-root-26728::webapp_internal::send_action|10493:: Trying to send action
2025-12-04 07:51:14,528-DEBUG-root-26728::webapp_internal::send_action|10493:: Trying to send action
2025-12-04 07:51:15,559-DEBUG-root-26728::webapp_internal::send_action|10493:: Trying to send action
2025-12-04 07:51:16,590-DEBUG-root-26728::webapp_internal::send_action|10493:: Trying to send action
2025-12-04 07:51:17,619-DEBUG-root-26728::webapp_internal::send_action|10493:: Trying to send action
2025-12-04 07:51:18,648-DEBUG-root-26728::webapp_internal::send_action|10493:: Trying to send action
2025-12-04 07:51:19,677-DEBUG-root-26728::webapp_internal::send_action|10493:: Trying to send action
2025-12-04 07:51:20,708-DEBUG-root-26728::webapp_internal::send_action|10493:: Trying to send action
2025-12-04 07:51:21,738-DEBUG-root-26728::webapp_internal::send_action|10493:: Trying to send action
2025-12-04 07:51:22,767-DEBUG-root-26728::webapp_internal::send_action|10493:: Trying to send action
2025-12-04 07:51:23,796-DEBUG-root-26728::webapp_internal::send_action|10493:: Trying to send action
2025-12-04 07:51:24,827-DEBUG-root-26728::webapp_internal::send_action|10493:: Trying to send action
2025-12-04 07:51:25,857-DEBUG-root-26728::webapp_internal::send_action|10493:: Trying to send action
2025-12-04 07:51:26,888-DEBUG-root-26728::webapp_internal::send_action|10493:: Trying to send action
2025-12-04 07:51:27,917-DEBUG-root-26728::webapp_internal::send_action|10493:: Trying to send action
2025-12-04 07:51:28,945-DEBUG-root-26728::webapp_internal::send_action|10493:: Trying to send action
2025-12-04 07:51:29,980-DEBUG-root-26728::webapp_internal::send_action|10493:: Trying to send action
2025-12-04 07:51:31,015-DEBUG-root-26728::webapp_internal::send_action|10493:: Trying to send action
2025-12-04 07:51:32,044-DEBUG-root-26728::webapp_internal::send_action|10493:: Trying to send action
2025-12-04 07:51:33,078-DEBUG-root-26728::webapp_internal::send_action|10493:: Trying to send action
2025-12-04 07:51:34,110-DEBUG-root-26728::webapp_internal::send_action|10493:: Trying to send action
2025-12-04 07:51:35,144-DEBUG-root-26728::webapp_internal::send_action|10493:: Trying to send action
2025-12-04 07:51:36,175-DEBUG-root-26728::webapp_internal::send_action|10493:: Trying to send action
2025-12-04 07:51:37,215-DEBUG-root-26728::webapp_internal::send_action|10493:: Trying to send action
2025-12-04 07:51:38,294-DEBUG-root-26728::webapp_internal::send_action|10493:: Trying to send action
2025-12-04 07:51:39,326-DEBUG-root-26728::webapp_internal::send_action|10493:: Trying to send action
2025-12-04 07:51:40,355-DEBUG-root-26728::webapp_internal::send_action|10493:: Trying to send action
2025-12-04 07:51:41,384-DEBUG-root-26728::webapp_internal::send_action|10493:: Trying to send action
2025-12-04 07:51:42,413-DEBUG-root-26728::webapp_internal::send_action|10493:: Trying to send action
2025-12-04 07:51:43,442-DEBUG-root-26728::webapp_internal::send_action|10493:: Trying to send action
2025-12-04 07:51:44,469-DEBUG-root-26728::webapp_internal::send_action|10493:: Trying to send action
2025-12-04 07:51:45,497-DEBUG-root-26728::webapp_internal::send_action|10493:: Trying to send action
2025-12-04 07:51:46,527-DEBUG-root-26728::webapp_internal::send_action|10493:: Trying to send action
2025-12-04 07:51:47,557-DEBUG-root-26728::webapp_internal::send_action|10493:: Trying to send action
2025-12-04 07:51:48,584-DEBUG-root-26728::webapp_internal::send_action|10493:: Trying to send action
2025-12-04 07:51:49,613-DEBUG-root-26728::webapp_internal::send_action|10493:: Trying to send action
2025-12-04 07:51:50,642-DEBUG-root-26728::webapp_internal::send_action|10493:: Trying to send action
2025-12-04 07:51:51,686-DEBUG-root-26728::webapp_internal::send_action|10493:: Trying to send action
2025-12-04 07:51:52,715-DEBUG-root-26728::webapp_internal::send_action|10493:: Trying to send action
2025-12-04 07:51:53,746-DEBUG-root-26728::webapp_internal::send_action|10493:: Trying to send action
2025-12-04 07:51:54,776-DEBUG-root-26728::webapp_internal::send_action|10493:: Trying to send action
2025-12-04 07:51:55,808-DEBUG-root-26728::webapp_internal::send_action|10493:: Trying to send action
2025-12-04 07:51:56,834-DEBUG-root-26728::webapp_internal::send_action|10493:: Trying to send action
2025-12-04 07:51:57,885-DEBUG-root-26728::webapp_internal::send_action|10493:: Trying to send action
2025-12-04 07:51:58,912-DEBUG-root-26728::webapp_internal::send_action|10493:: Trying to send action
2025-12-04 07:51:59,942-DEBUG-root-26728::webapp_internal::send_action|10493:: Trying to send action
2025-12-04 07:52:00,984-DEBUG-root-26728::webapp_internal::send_action|10493:: Trying to send action
2025-12-04 07:52:02,013-DEBUG-root-26728::webapp_internal::send_action|10493:: Trying to send action
2025-12-04 07:52:03,043-DEBUG-root-26728::webapp_internal::send_action|10493:: Trying to send action
2025-12-04 07:52:04,073-DEBUG-root-26728::webapp_internal::send_action|10493:: Trying to send action
2025-12-04 07:52:05,103-DEBUG-root-26728::webapp_internal::send_action|10493:: Trying to send action
2025-12-04 07:52:06,135-DEBUG-root-26728::webapp_internal::send_action|10493:: Trying to send action
2025-12-04 07:52:07,165-DEBUG-root-26728::webapp_internal::send_action|10493:: Trying to send action
2025-12-04 07:52:08,195-DEBUG-root-26728::webapp_internal::send_action|10493:: Trying to send action
2025-12-04 07:52:09,225-DEBUG-root-26728::webapp_internal::send_action|10493:: Trying to send action
2025-12-04 07:52:10,256-DEBUG-root-26728::webapp_internal::send_action|10493:: Trying to send action
2025-12-04 07:52:11,285-DEBUG-root-26728::webapp_internal::send_action|10493:: Trying to send action
2025-12-04 07:52:12,313-DEBUG-root-26728::webapp_internal::send_action|10493:: Trying to send action
2025-12-04 07:52:13,346-DEBUG-root-26728::webapp_internal::send_action|10493:: Trying to send action
2025-12-04 07:52:14,378-DEBUG-root-26728::webapp_internal::send_action|10493:: Trying to send action
2025-12-04 07:52:15,410-DEBUG-root-26728::webapp_internal::send_action|10493:: Trying to send action
2025-12-04 07:52:16,442-DEBUG-root-26728::webapp_internal::send_action|10493:: Trying to send action
2025-12-04 07:52:17,475-DEBUG-root-26728::webapp_internal::send_action|10493:: Trying to send action
2025-12-04 07:52:18,508-DEBUG-root-26728::webapp_internal::send_action|10493:: Trying to send action
2025-12-04 07:52:19,536-DEBUG-root-26728::webapp_internal::send_action|10493:: Trying to send action
2025-12-04 07:52:20,582-DEBUG-root-26728::webapp_internal::send_action|10493:: Trying to send action
2025-12-04 07:52:21,612-DEBUG-root-26728::webapp_internal::send_action|10493:: Trying to send action
2025-12-04 07:52:22,708-DEBUG-root-26728::webapp_internal::send_action|10493:: Trying to send action
2025-12-04 07:52:23,740-DEBUG-root-26728::webapp_internal::send_action|10493:: Trying to send action
2025-12-04 07:52:24,793-DEBUG-root-26728::webapp_internal::send_action|10493:: Trying to send action
2025-12-04 07:52:25,825-DEBUG-root-26728::webapp_internal::send_action|10493:: Trying to send action
2025-12-04 07:52:26,854-DEBUG-root-26728::webapp_internal::send_action|10493:: Trying to send action
2025-12-04 07:52:27,884-DEBUG-root-26728::webapp_internal::send_action|10493:: Trying to send action
2025-12-04 07:52:28,918-DEBUG-root-26728::webapp_internal::send_action|10493:: Trying to send action
2025-12-04 07:52:29,952-DEBUG-root-26728::webapp_internal::send_action|10493:: Trying to send action
2025-12-04 07:52:30,982-DEBUG-root-26728::webapp_internal::send_action|10493:: Trying to send action
2025-12-04 07:52:32,012-DEBUG-root-26728::webapp_internal::send_action|10493:: Trying to send action
2025-12-04 07:52:33,040-DEBUG-root-26728::webapp_internal::send_action|10493:: Trying to send action
2025-12-04 07:52:34,071-DEBUG-root-26728::webapp_internal::send_action|10493:: Trying to send action
2025-12-04 07:52:35,100-DEBUG-root-26728::webapp_internal::send_action|10493:: Trying to send action
2025-12-04 07:52:36,129-DEBUG-root-26728::webapp_internal::send_action|10493:: Trying to send action
2025-12-04 07:52:37,169-DEBUG-root-26728::webapp_internal::send_action|10493:: Trying to send action
2025-12-04 07:52:38,200-DEBUG-root-26728::webapp_internal::send_action|10493:: Trying to send action
2025-12-04 07:52:39,230-DEBUG-root-26728::webapp_internal::send_action|10493:: Trying to send action
2025-12-04 07:52:40,267-DEBUG-root-26728::webapp_internal::send_action|10493:: Trying to send action
2025-12-04 07:52:41,297-DEBUG-root-26728::webapp_internal::send_action|10493:: Trying to send action
2025-12-04 07:52:42,330-DEBUG-root-26728::webapp_internal::send_action|10535:: send_action method result = False
2025-12-04 07:52:42,331-DEBUG-root-26728::webapp_internal::send_action|10536:: send_action selenium status: False
2025-12-04 07:52:42,331-DEBUG-root-26728::webapp_internal::wait_blocker|2444:: Waiting blocker to continue...
2025-12-04 07:52:42,502-DEBUG-root-26728::webapp_internal::wait_blocker|2469:: Blocker status: False
2025-12-04 07:52:42,503-INFO-root-26728::webapp_internal::SetKey|5822:: Key pressed: ENTER
2025-12-04 07:52:42,503-DEBUG-root-26728::webapp_internal::SetKey|5857:: Trying press key
2025-12-04 07:52:44,506-DEBUG-root-26728::webapp_internal::wait_blocker|2444:: Waiting blocker to continue...
2025-12-04 07:52:44,634-DEBUG-root-26728::webapp_internal::wait_blocker|2469:: Blocker status: False
2025-12-04 07:52:44,661-DEBUG-root-26728::webapp_internal::wait_blocker|2444:: Waiting blocker to continue...
2025-12-04 07:52:44,787-DEBUG-root-26728::webapp_internal::wait_blocker|2469:: Blocker status: False
2025-12-04 07:52:44,787-DEBUG-root-26728::webapp_internal::send_action|10493:: Trying to send action
2025-12-04 07:52:45,819-DEBUG-root-26728::webapp_internal::send_action|10493:: Trying to send action
2025-12-04 07:52:46,869-DEBUG-root-26728::webapp_internal::send_action|10493:: Trying to send action
2025-12-04 07:52:47,898-DEBUG-root-26728::webapp_internal::send_action|10493:: Trying to send action
2025-12-04 07:52:48,927-DEBUG-root-26728::webapp_internal::send_action|10493:: Trying to send action
2025-12-04 07:52:49,958-DEBUG-root-26728::webapp_internal::send_action|10493:: Trying to send action
2025-12-04 07:52:50,988-DEBUG-root-26728::webapp_internal::send_action|10493:: Trying to send action
2025-12-04 07:52:52,017-DEBUG-root-26728::webapp_internal::send_action|10493:: Trying to send action
2025-12-04 07:52:53,046-DEBUG-root-26728::webapp_internal::send_action|10493:: Trying to send action
2025-12-04 07:52:54,077-DEBUG-root-26728::webapp_internal::send_action|10493:: Trying to send action
2025-12-04 07:52:55,107-DEBUG-root-26728::webapp_internal::send_action|10493:: Trying to send action
2025-12-04 07:52:56,137-DEBUG-root-26728::webapp_internal::send_action|10493:: Trying to send action
2025-12-04 07:52:57,167-DEBUG-root-26728::webapp_internal::send_action|10493:: Trying to send action
2025-12-04 07:52:58,197-DEBUG-root-26728::webapp_internal::send_action|10493:: Trying to send action
2025-12-04 07:52:59,274-DEBUG-root-26728::webapp_internal::send_action|10493:: Trying to send action
2025-12-04 07:53:00,303-DEBUG-root-26728::webapp_internal::send_action|10493:: Trying to send action
2025-12-04 07:53:01,333-DEBUG-root-26728::webapp_internal::send_action|10493:: Trying to send action
2025-12-04 07:53:02,363-DEBUG-root-26728::webapp_internal::send_action|10493:: Trying to send action
2025-12-04 07:53:03,393-DEBUG-root-26728::webapp_internal::send_action|10493:: Trying to send action
2025-12-04 07:53:04,422-DEBUG-root-26728::webapp_internal::send_action|10493:: Trying to send action
2025-12-04 07:53:05,450-DEBUG-root-26728::webapp_internal::send_action|10493:: Trying to send action
2025-12-04 07:53:06,479-DEBUG-root-26728::webapp_internal::send_action|10493:: Trying to send action
2025-12-04 07:53:07,510-DEBUG-root-26728::webapp_internal::send_action|10493:: Trying to send action
2025-12-04 07:53:08,541-DEBUG-root-26728::webapp_internal::send_action|10493:: Trying to send action
2025-12-04 07:53:09,570-DEBUG-root-26728::webapp_internal::send_action|10493:: Trying to send action
2025-12-04 07:53:10,600-DEBUG-root-26728::webapp_internal::send_action|10493:: Trying to send action
2025-12-04 07:53:11,629-DEBUG-root-26728::webapp_internal::send_action|10493:: Trying to send action
2025-12-04 07:53:12,661-DEBUG-root-26728::webapp_internal::send_action|10493:: Trying to send action
2025-12-04 07:53:13,696-DEBUG-root-26728::webapp_internal::send_action|10493:: Trying to send action
2025-12-04 07:53:14,729-DEBUG-root-26728::webapp_internal::send_action|10493:: Trying to send action
2025-12-04 07:53:15,762-DEBUG-root-26728::webapp_internal::send_action|10493:: Trying to send action
2025-12-04 07:53:16,795-DEBUG-root-26728::webapp_internal::send_action|10493:: Trying to send action
2025-12-04 07:53:17,829-DEBUG-root-26728::webapp_internal::send_action|10493:: Trying to send action
2025-12-04 07:53:18,865-DEBUG-root-26728::webapp_internal::send_action|10493:: Trying to send action
2025-12-04 07:53:19,898-DEBUG-root-26728::webapp_internal::send_action|10493:: Trying to send action
2025-12-04 07:53:20,935-DEBUG-root-26728::webapp_internal::send_action|10493:: Trying to send action
2025-12-04 07:53:21,964-DEBUG-root-26728::webapp_internal::send_action|10493:: Trying to send action
2025-12-04 07:53:22,999-DEBUG-root-26728::webapp_internal::send_action|10493:: Trying to send action
2025-12-04 07:53:24,054-DEBUG-root-26728::webapp_internal::send_action|10493:: Trying to send action
2025-12-04 07:53:25,085-DEBUG-root-26728::webapp_internal::send_action|10493:: Trying to send action
2025-12-04 07:53:26,114-DEBUG-root-26728::webapp_internal::send_action|10493:: Trying to send action
2025-12-04 07:53:27,145-DEBUG-root-26728::webapp_internal::send_action|10493:: Trying to send action
2025-12-04 07:53:28,177-DEBUG-root-26728::webapp_internal::send_action|10493:: Trying to send action
2025-12-04 07:53:29,205-DEBUG-root-26728::webapp_internal::send_action|10493:: Trying to send action
2025-12-04 07:53:30,232-DEBUG-root-26728::webapp_internal::send_action|10493:: Trying to send action
2025-12-04 07:53:31,263-DEBUG-root-26728::webapp_internal::send_action|10493:: Trying to send action
2025-12-04 07:53:32,295-DEBUG-root-26728::webapp_internal::send_action|10493:: Trying to send action
2025-12-04 07:53:33,325-DEBUG-root-26728::webapp_internal::send_action|10493:: Trying to send action
2025-12-04 07:53:34,353-DEBUG-root-26728::webapp_internal::send_action|10493:: Trying to send action
2025-12-04 07:53:35,381-DEBUG-root-26728::webapp_internal::send_action|10493:: Trying to send action
2025-12-04 07:53:36,411-DEBUG-root-26728::webapp_internal::send_action|10493:: Trying to send action
2025-12-04 07:53:37,440-DEBUG-root-26728::webapp_internal::send_action|10493:: Trying to send action
2025-12-04 07:53:38,468-DEBUG-root-26728::webapp_internal::send_action|10493:: Trying to send action
2025-12-04 07:53:39,497-DEBUG-root-26728::webapp_internal::send_action|10493:: Trying to send action
2025-12-04 07:53:40,527-DEBUG-root-26728::webapp_internal::send_action|10493:: Trying to send action
2025-12-04 07:53:41,555-DEBUG-root-26728::webapp_internal::send_action|10493:: Trying to send action
2025-12-04 07:53:42,584-DEBUG-root-26728::webapp_internal::send_action|10493:: Trying to send action
2025-12-04 07:53:43,663-DEBUG-root-26728::webapp_internal::send_action|10493:: Trying to send action
2025-12-04 07:53:44,694-DEBUG-root-26728::webapp_internal::send_action|10493:: Trying to send action
2025-12-04 07:53:45,721-DEBUG-root-26728::webapp_internal::send_action|10493:: Trying to send action
2025-12-04 07:53:46,750-DEBUG-root-26728::webapp_internal::send_action|10493:: Trying to send action
2025-12-04 07:53:47,781-DEBUG-root-26728::webapp_internal::send_action|10493:: Trying to send action
2025-12-04 07:53:48,811-DEBUG-root-26728::webapp_internal::send_action|10493:: Trying to send action
2025-12-04 07:53:49,840-DEBUG-root-26728::webapp_internal::send_action|10493:: Trying to send action
2025-12-04 07:53:50,869-DEBUG-root-26728::webapp_internal::send_action|10493:: Trying to send action
2025-12-04 07:53:51,903-DEBUG-root-26728::webapp_internal::send_action|10493:: Trying to send action
2025-12-04 07:53:52,932-DEBUG-root-26728::webapp_internal::send_action|10493:: Trying to send action
2025-12-04 07:53:53,976-DEBUG-root-26728::webapp_internal::send_action|10493:: Trying to send action
2025-12-04 07:53:55,007-DEBUG-root-26728::webapp_internal::send_action|10493:: Trying to send action
2025-12-04 07:53:56,034-DEBUG-root-26728::webapp_internal::send_action|10493:: Trying to send action
2025-12-04 07:53:57,064-DEBUG-root-26728::webapp_internal::send_action|10493:: Trying to send action
2025-12-04 07:53:58,095-DEBUG-root-26728::webapp_internal::send_action|10493:: Trying to send action
2025-12-04 07:53:59,129-DEBUG-root-26728::webapp_internal::send_action|10493:: Trying to send action
2025-12-04 07:54:00,161-DEBUG-root-26728::webapp_internal::send_action|10493:: Trying to send action
2025-12-04 07:54:01,190-DEBUG-root-26728::webapp_internal::send_action|10493:: Trying to send action
2025-12-04 07:54:02,218-DEBUG-root-26728::webapp_internal::send_action|10493:: Trying to send action
2025-12-04 07:54:03,248-DEBUG-root-26728::webapp_internal::send_action|10493:: Trying to send action
2025-12-04 07:54:04,278-DEBUG-root-26728::webapp_internal::send_action|10493:: Trying to send action
2025-12-04 07:54:05,306-DEBUG-root-26728::webapp_internal::send_action|10493:: Trying to send action
2025-12-04 07:54:06,335-DEBUG-root-26728::webapp_internal::send_action|10493:: Trying to send action
2025-12-04 07:54:07,391-DEBUG-root-26728::webapp_internal::send_action|10493:: Trying to send action
2025-12-04 07:54:08,421-DEBUG-root-26728::webapp_internal::send_action|10493:: Trying to send action
2025-12-04 07:54:09,451-DEBUG-root-26728::webapp_internal::send_action|10493:: Trying to send action
2025-12-04 07:54:10,482-DEBUG-root-26728::webapp_internal::send_action|10493:: Trying to send action
2025-12-04 07:54:11,514-DEBUG-root-26728::webapp_internal::send_action|10493:: Trying to send action
2025-12-04 07:54:12,546-DEBUG-root-26728::webapp_internal::send_action|10493:: Trying to send action
2025-12-04 07:54:13,573-DEBUG-root-26728::webapp_internal::send_action|10493:: Trying to send action
2025-12-04 07:54:14,599-DEBUG-root-26728::webapp_internal::send_action|10493:: Trying to send action
2025-12-04 07:54:15,630-DEBUG-root-26728::webapp_internal::send_action|10493:: Trying to send action
2025-12-04 07:54:16,657-DEBUG-root-26728::webapp_internal::send_action|10493:: Trying to send action
2025-12-04 07:54:17,683-DEBUG-root-26728::webapp_internal::send_action|10493:: Trying to send action
2025-12-04 07:54:18,719-DEBUG-root-26728::webapp_internal::send_action|10493:: Trying to send action
2025-12-04 07:54:19,752-DEBUG-root-26728::webapp_internal::send_action|10493:: Trying to send action
2025-12-04 07:54:20,781-DEBUG-root-26728::webapp_internal::send_action|10493:: Trying to send action
2025-12-04 07:54:21,836-DEBUG-root-26728::webapp_internal::send_action|10493:: Trying to send action
2025-12-04 07:54:22,866-DEBUG-root-26728::webapp_internal::send_action|10493:: Trying to send action
2025-12-04 07:54:23,897-DEBUG-root-26728::webapp_internal::send_action|10493:: Trying to send action
2025-12-04 07:54:24,923-DEBUG-root-26728::webapp_internal::send_action|10493:: Trying to send action
2025-12-04 07:54:25,952-DEBUG-root-26728::webapp_internal::send_action|10493:: Trying to send action
2025-12-04 07:54:26,981-DEBUG-root-26728::webapp_internal::send_action|10493:: Trying to send action
2025-12-04 07:54:28,055-DEBUG-root-26728::webapp_internal::send_action|10493:: Trying to send action
2025-12-04 07:54:29,083-DEBUG-root-26728::webapp_internal::send_action|10493:: Trying to send action
2025-12-04 07:54:30,132-DEBUG-root-26728::webapp_internal::send_action|10493:: Trying to send action
2025-12-04 07:54:31,163-DEBUG-root-26728::webapp_internal::send_action|10493:: Trying to send action
2025-12-04 07:54:32,191-DEBUG-root-26728::webapp_internal::send_action|10493:: Trying to send action
2025-12-04 07:54:33,221-DEBUG-root-26728::webapp_internal::send_action|10493:: Trying to send action
2025-12-04 07:54:34,249-DEBUG-root-26728::webapp_internal::send_action|10493:: Trying to send action
2025-12-04 07:54:35,281-DEBUG-root-26728::webapp_internal::send_action|10493:: Trying to send action
2025-12-04 07:54:36,312-DEBUG-root-26728::webapp_internal::send_action|10493:: Trying to send action
2025-12-04 07:54:37,348-DEBUG-root-26728::webapp_internal::send_action|10493:: Trying to send action
2025-12-04 07:54:38,382-DEBUG-root-26728::webapp_internal::send_action|10493:: Trying to send action
2025-12-04 07:54:39,414-DEBUG-root-26728::webapp_internal::send_action|10493:: Trying to send action
2025-12-04 07:54:40,446-DEBUG-root-26728::webapp_internal::send_action|10493:: Trying to send action
2025-12-04 07:54:41,475-DEBUG-root-26728::webapp_internal::send_action|10493:: Trying to send action
2025-12-04 07:54:42,505-DEBUG-root-26728::webapp_internal::send_action|10493:: Trying to send action
2025-12-04 07:54:43,537-DEBUG-root-26728::webapp_internal::send_action|10493:: Trying to send action
2025-12-04 07:54:44,568-DEBUG-root-26728::webapp_internal::send_action|10493:: Trying to send action
2025-12-04 07:54:45,600-DEBUG-root-26728::webapp_internal::send_action|10535:: send_action method result = False
2025-12-04 07:54:45,600-DEBUG-root-26728::webapp_internal::send_action|10536:: send_action selenium status: False
2025-12-04 07:54:45,601-DEBUG-root-26728::webapp_internal::wait_blocker|2444:: Waiting blocker to continue...
2025-12-04 07:54:45,825-DEBUG-root-26728::webapp_internal::wait_blocker|2469:: Blocker status: False
2025-12-04 07:54:45,825-INFO-root-26728::webapp_internal::SetKey|5822:: Key pressed: ENTER
2025-12-04 07:54:45,825-DEBUG-root-26728::webapp_internal::SetKey|5857:: Trying press key
2025-12-04 07:54:47,831-DEBUG-root-26728::webapp_internal::wait_blocker|2444:: Waiting blocker to continue...
2025-12-04 07:54:47,971-DEBUG-root-26728::webapp_internal::wait_blocker|2469:: Blocker status: False
2025-12-04 07:54:47,996-DEBUG-root-26728::webapp_internal::wait_blocker|2444:: Waiting blocker to continue...
2025-12-04 07:54:48,148-DEBUG-root-26728::webapp_internal::wait_blocker|2469:: Blocker status: False
2025-12-04 07:54:48,148-DEBUG-root-26728::webapp_internal::send_action|10493:: Trying to send action
2025-12-04 07:54:49,179-DEBUG-root-26728::webapp_internal::send_action|10493:: Trying to send action
2025-12-04 07:54:50,206-DEBUG-root-26728::webapp_internal::send_action|10493:: Trying to send action
2025-12-04 07:54:51,253-DEBUG-root-26728::webapp_internal::send_action|10493:: Trying to send action
2025-12-04 07:54:52,285-DEBUG-root-26728::webapp_internal::send_action|10493:: Trying to send action
2025-12-04 07:54:53,314-DEBUG-root-26728::webapp_internal::send_action|10493:: Trying to send action
2025-12-04 07:54:54,344-DEBUG-root-26728::webapp_internal::send_action|10493:: Trying to send action
2025-12-04 07:54:55,373-DEBUG-root-26728::webapp_internal::send_action|10493:: Trying to send action
2025-12-04 07:54:56,406-DEBUG-root-26728::webapp_internal::send_action|10493:: Trying to send action
2025-12-04 07:54:57,439-DEBUG-root-26728::webapp_internal::send_action|10493:: Trying to send action
2025-12-04 07:54:58,469-DEBUG-root-26728::webapp_internal::send_action|10493:: Trying to send action
2025-12-04 07:54:59,502-DEBUG-root-26728::webapp_internal::send_action|10493:: Trying to send action
2025-12-04 07:55:00,533-DEBUG-root-26728::webapp_internal::send_action|10493:: Trying to send action
2025-12-04 07:55:01,564-DEBUG-root-26728::webapp_internal::send_action|10493:: Trying to send action
2025-12-04 07:55:02,593-DEBUG-root-26728::webapp_internal::send_action|10493:: Trying to send action
2025-12-04 07:55:03,624-DEBUG-root-26728::webapp_internal::send_action|10493:: Trying to send action
2025-12-04 07:55:04,704-DEBUG-root-26728::webapp_internal::send_action|10493:: Trying to send action
2025-12-04 07:55:05,739-DEBUG-root-26728::webapp_internal::send_action|10493:: Trying to send action
2025-12-04 07:55:06,771-DEBUG-root-26728::webapp_internal::send_action|10493:: Trying to send action
2025-12-04 07:55:07,802-DEBUG-root-26728::webapp_internal::send_action|10493:: Trying to send action
2025-12-04 07:55:08,833-DEBUG-root-26728::webapp_internal::send_action|10493:: Trying to send action
2025-12-04 07:55:09,864-DEBUG-root-26728::webapp_internal::send_action|10493:: Trying to send action
2025-12-04 07:55:10,893-DEBUG-root-26728::webapp_internal::send_action|10493:: Trying to send action
2025-12-04 07:55:11,926-DEBUG-root-26728::webapp_internal::send_action|10493:: Trying to send action
2025-12-04 07:55:12,955-DEBUG-root-26728::webapp_internal::send_action|10493:: Trying to send action
2025-12-04 07:55:13,983-DEBUG-root-26728::webapp_internal::send_action|10493:: Trying to send action
2025-12-04 07:55:15,014-DEBUG-root-26728::webapp_internal::send_action|10493:: Trying to send action
2025-12-04 07:55:16,042-DEBUG-root-26728::webapp_internal::send_action|10493:: Trying to send action
2025-12-04 07:55:17,069-DEBUG-root-26728::webapp_internal::send_action|10493:: Trying to send action
2025-12-04 07:55:18,100-DEBUG-root-26728::webapp_internal::send_action|10493:: Trying to send action
2025-12-04 07:55:19,130-DEBUG-root-26728::webapp_internal::send_action|10493:: Trying to send action
2025-12-04 07:55:20,163-DEBUG-root-26728::webapp_internal::send_action|10493:: Trying to send action
2025-12-04 07:55:21,191-DEBUG-root-26728::webapp_internal::send_action|10493:: Trying to send action
2025-12-04 07:55:22,220-DEBUG-root-26728::webapp_internal::send_action|10493:: Trying to send action
2025-12-04 07:55:23,249-DEBUG-root-26728::webapp_internal::send_action|10493:: Trying to send action
2025-12-04 07:55:24,282-DEBUG-root-26728::webapp_internal::send_action|10493:: Trying to send action
2025-12-04 07:55:25,319-DEBUG-root-26728::webapp_internal::send_action|10493:: Trying to send action
2025-12-04 07:55:26,348-DEBUG-root-26728::webapp_internal::send_action|10493:: Trying to send action
2025-12-04 07:55:27,374-DEBUG-root-26728::webapp_internal::send_action|10493:: Trying to send action
2025-12-04 07:55:28,404-DEBUG-root-26728::webapp_internal::send_action|10493:: Trying to send action
2025-12-04 07:55:29,434-DEBUG-root-26728::webapp_internal::send_action|10493:: Trying to send action
2025-12-04 07:55:30,464-DEBUG-root-26728::webapp_internal::send_action|10493:: Trying to send action
2025-12-04 07:55:31,490-DEBUG-root-26728::webapp_internal::send_action|10493:: Trying to send action
2025-12-04 07:55:32,519-DEBUG-root-26728::webapp_internal::send_action|10493:: Trying to send action
2025-12-04 07:55:33,551-DEBUG-root-26728::webapp_internal::send_action|10493:: Trying to send action
2025-12-04 07:55:34,578-DEBUG-root-26728::webapp_internal::send_action|10493:: Trying to send action
2025-12-04 07:55:35,607-DEBUG-root-26728::webapp_internal::send_action|10493:: Trying to send action
2025-12-04 07:55:36,636-DEBUG-root-26728::webapp_internal::send_action|10493:: Trying to send action
2025-12-04 07:55:37,667-DEBUG-root-26728::webapp_internal::send_action|10493:: Trying to send action
2025-12-04 07:55:38,699-DEBUG-root-26728::webapp_internal::send_action|10493:: Trying to send action
2025-12-04 07:55:39,727-DEBUG-root-26728::webapp_internal::send_action|10493:: Trying to send action
2025-12-04 07:55:40,757-DEBUG-root-26728::webapp_internal::send_action|10493:: Trying to send action
2025-12-04 07:55:41,788-DEBUG-root-26728::webapp_internal::send_action|10493:: Trying to send action
2025-12-04 07:55:42,820-DEBUG-root-26728::webapp_internal::send_action|10493:: Trying to send action
2025-12-04 07:55:43,851-DEBUG-root-26728::webapp_internal::send_action|10493:: Trying to send action
2025-12-04 07:55:44,884-DEBUG-root-26728::webapp_internal::send_action|10493:: Trying to send action
2025-12-04 07:55:45,917-DEBUG-root-26728::webapp_internal::send_action|10493:: Trying to send action
2025-12-04 07:55:46,949-DEBUG-root-26728::webapp_internal::send_action|10493:: Trying to send action
2025-12-04 07:55:47,989-DEBUG-root-26728::webapp_internal::send_action|10493:: Trying to send action
2025-12-04 07:55:49,306-DEBUG-root-26728::webapp_internal::send_action|10531:: Warning Exception send_action Message: Tried to run command without establishing a connection

2025-12-04 07:55:49,306-DEBUG-root-26728::webapp_internal::SetKey|5857:: Trying press key
2025-12-04 07:55:51,308-WARNING-root-26728::webapp_internal::log_error|8156:: Warning log_error SetKey - Screen is not load: Message: Tried to run command without establishing a connection

2025-12-04 07:55:51,309-DEBUG-root-26728::webapp_internal::log_error|8159:: ***System Info*** in log_error():
2025-12-04 07:55:51,309-DEBUG-root-26728::psutil_info::system_info|5:: CPU USAGE: 7.4%
2025-12-04 07:55:51,309-DEBUG-root-26728::psutil_info::system_info|6:: MEMORY USAGE: 82.5%
2025-12-04 07:55:51,310-DEBUG-root-26728::psutil_info::system_info|7:: MEMORY AVAILABLE: 17.48%
2025-12-04 07:55:51,328-ERROR-root-26728::webapp_internal::log_error|8194:: Warning Log Error Close Message: Tried to run command without establishing a connection
Traceback (most recent call last):
  File "C:\TIR_TESTE\venv\Lib\site-packages\tir\technologies\webapp_internal.py", line 5881, in SetKey
    Id = self.driver.execute_script(script)
         ^^^^^^^^^^^^^^^^^^^^^^^^^^^^^^^^^^
  File "C:\TIR_TESTE\venv\Lib\site-packages\selenium\webdriver\remote\webdriver.py", line 407, in execute_script
    return self.execute(command, {"script": script, "args": converted_args})["value"]
           ^^^^^^^^^^^^^^^^^^^^^^^^^^^^^^^^^^^^^^^^^^^^^^^^^^^^^^^^^^^^^^^^^
  File "C:\TIR_TESTE\venv\Lib\site-packages\selenium\webdriver\remote\webdriver.py", line 347, in execute
    self.error_handler.check_response(response)
  File "C:\TIR_TESTE\venv\Lib\site-packages\selenium\webdriver\remote\errorhandler.py", line 229, in check_response
    raise exception_class(message, screen, stacktrace)
selenium.common.exceptions.InvalidSessionIdException: Message: Tried to run command without establishing a connection


During handling of the above exception, another exception occurred:

Traceback (most recent call last):
  File "C:\TIR_TESTE\venv\Lib\site-packages\tir\technologies\webapp_internal.py", line 8192, in log_error
    if self.config.check_dump:
        ^^^^^^^^^^^^^^^^^^^
  File "C:\TIR_TESTE\venv\Lib\site-packages\selenium\webdriver\remote\webdriver.py", line 458, in close
    self.execute(Command.CLOSE)
  File "C:\TIR_TESTE\venv\Lib\site-packages\selenium\webdriver\remote\webdriver.py", line 347, in execute
    self.error_handler.check_response(response)
  File "C:\TIR_TESTE\venv\Lib\site-packages\selenium\webdriver\remote\errorhandler.py", line 229, in check_response
    raise exception_class(message, screen, stacktrace)
selenium.common.exceptions.InvalidSessionIdException: Message: Tried to run command without establishing a connection

2025-12-04 07:55:51,723-ERROR-root-26728::webapp_internal::TearDown|9667:: Warning tearDown Close Message: Tried to run command without establishing a connection
Traceback (most recent call last):
  File "C:\TIR_TESTE\venv\Lib\site-packages\tir\technologies\webapp_internal.py", line 9665, in TearDown
    >>> #Calling the method
        ^^^^^^^^^^^^^^^^^^^
  File "C:\TIR_TESTE\venv\Lib\site-packages\selenium\webdriver\remote\webdriver.py", line 458, in close
    self.execute(Command.CLOSE)
  File "C:\TIR_TESTE\venv\Lib\site-packages\selenium\webdriver\remote\webdriver.py", line 347, in execute
    self.error_handler.check_response(response)
  File "C:\TIR_TESTE\venv\Lib\site-packages\selenium\webdriver\remote\errorhandler.py", line 229, in check_response
    raise exception_class(message, screen, stacktrace)
selenium.common.exceptions.InvalidSessionIdException: Message: Tried to run command without establishing a connection

