2025-12-08 09:43:53,112-DEBUG-root-42604::logging_config::logger|189:: Log file created: 'Log\GESIT03\TIR__20251208094353106.log'
2025-12-08 09:43:53,112-INFO-root-42604::base::Start|1183:: TIR Version: 2.4.3
2025-12-08 09:43:53,112-INFO-root-42604::base::Start|1184:: Python Version: 3.12.10
2025-12-08 09:43:53,112-INFO-root-42604::base::Start|1185:: Starting the browser
2025-12-08 09:44:00,326-INFO-root-42604::base::get_url|1294:: Page is ready!
2025-12-08 09:44:00,338-INFO-root-42604::base::Start|1256:: Browser maximized to 1936x1048
2025-12-08 09:44:00,338-INFO-root-42604::base::Start|1258:: Screen size is different from default used in headless mode
2025-12-08 09:44:00,668-INFO-root-42604::webapp_internal::Setup|247:: ***System Info*** in Setup():
2025-12-08 09:44:00,669-DEBUG-root-42604::psutil_info::system_info|5:: CPU USAGE: 16.5%
2025-12-08 09:44:00,669-DEBUG-root-42604::psutil_info::system_info|6:: MEMORY USAGE: 91.3%
2025-12-08 09:44:00,669-DEBUG-root-42604::psutil_info::system_info|7:: MEMORY AVAILABLE: 8.73%
2025-12-08 09:44:00,732-INFO-root-42604::base::webapp_shadowroot|1394:: Webapp: 10.1.6-RC4
2025-12-08 09:44:01,065-INFO-root-42604::webapp_internal::filling_initial_program|449:: Filling Initial Program: "SIGAMDI"
2025-12-08 09:44:01,066-DEBUG-root-42604::webapp_internal::wait_element|7623:: Waiting for element
2025-12-08 09:44:01,383-DEBUG-root-42604::webapp_internal::wait_element|7653:: Element found! Waiting for element to be displayed.
2025-12-08 09:44:01,534-DEBUG-root-42604::base::click|192:: Click Type: ClickType.JS
2025-12-08 09:44:01,539-DEBUG-root-42604::webapp_internal::try_send_keys|7976:: Trying to send keys to element using technique 0
2025-12-08 09:44:01,880-DEBUG-root-42604::webapp_internal::get_web_value|3232:: Current value: SIGAMDI
2025-12-08 09:44:01,880-INFO-root-42604::webapp_internal::filling_server_environment|463:: Filling Server Environment: "POUPEX_TST"
2025-12-08 09:44:01,880-DEBUG-root-42604::webapp_internal::wait_element|7623:: Waiting for element
2025-12-08 09:44:01,903-DEBUG-root-42604::webapp_internal::wait_element|7653:: Element found! Waiting for element to be displayed.
2025-12-08 09:44:02,066-DEBUG-root-42604::base::click|192:: Click Type: ClickType.JS
2025-12-08 09:44:02,071-DEBUG-root-42604::webapp_internal::try_send_keys|7976:: Trying to send keys to element using technique 0
2025-12-08 09:44:02,384-DEBUG-root-42604::webapp_internal::get_web_value|3232:: Current value: POUPEX_TST
2025-12-08 09:44:02,406-DEBUG-root-42604::base::click|192:: Click Type: ClickType.JS
2025-12-08 09:44:02,424-DEBUG-root-42604::webapp_internal::user_screen|519:: Filling user screen
2025-12-08 09:44:09,178-DEBUG-root-42604::webapp_internal::wait_element_timeout|7726:: Element found! Waiting for element to be displayed.
2025-12-08 09:44:09,228-DEBUG-root-42604::base::scroll_to_element|759:: ********Warining scroll_to_element exception: Message: TypeError: can't access property "scrollIntoView", arguments[0] is null
Stacktrace:
@https://qasrverp:10020/webapp/:2:7
@https://qasrverp:10020/webapp/:3:8
*********
2025-12-08 09:44:09,356-INFO-root-42604::webapp_internal::user_screen|561:: Filling User
2025-12-08 09:44:09,379-DEBUG-root-42604::base::double_click|259:: Click Type: ClickType.SELENIUM
2025-12-08 09:44:09,562-DEBUG-root-42604::webapp_internal::get_web_value|3232:: Current value: 97137227104
2025-12-08 09:44:09,584-INFO-root-42604::webapp_internal::user_screen|621:: Filling Password
2025-12-08 09:44:09,605-DEBUG-root-42604::base::click|192:: Click Type: ClickType.JS
2025-12-08 09:44:09,675-DEBUG-root-42604::webapp_internal::get_web_value|3232:: Current value: Val20221080080094+
2025-12-08 09:44:09,676-DEBUG-root-42604::webapp_internal::wait_blocker|2444:: Waiting blocker to continue...
2025-12-08 09:44:09,703-DEBUG-root-42604::webapp_internal::wait_blocker|2469:: Blocker status: None
2025-12-08 09:44:09,723-DEBUG-root-42604::webapp_internal::wait_blocker|2444:: Waiting blocker to continue...
2025-12-08 09:44:09,750-DEBUG-root-42604::webapp_internal::wait_blocker|2469:: Blocker status: None
2025-12-08 09:44:09,783-DEBUG-root-42604::webapp_internal::wait_blocker|2444:: Waiting blocker to continue...
2025-12-08 09:44:09,816-DEBUG-root-42604::webapp_internal::wait_blocker|2469:: Blocker status: None
2025-12-08 09:44:09,816-DEBUG-root-42604::webapp_internal::send_action|10480:: Trying to send action
2025-12-08 09:44:09,823-DEBUG-root-42604::base::click|192:: Click Type: ClickType.JS
2025-12-08 09:44:10,861-DEBUG-root-42604::webapp_internal::send_action|10522:: send_action method result = True
2025-12-08 09:44:10,861-DEBUG-root-42604::webapp_internal::send_action|10523:: send_action selenium status: False
2025-12-08 09:44:13,310-DEBUG-root-42604::base::scroll_to_element|759:: ********Warining scroll_to_element exception: Message: TypeError: can't access property "scrollIntoView", arguments[0] is null
Stacktrace:
@https://qasrverp:10020/webapp/:2:7
@https://qasrverp:10020/webapp/:3:8
*********
2025-12-08 09:44:13,360-INFO-root-42604::webapp_internal::filling_date|885:: Filling Date: "08/12/2025"
2025-12-08 09:44:13,360-DEBUG-root-42604::webapp_internal::wait_blocker|2444:: Waiting blocker to continue...
2025-12-08 09:44:13,395-DEBUG-root-42604::webapp_internal::wait_blocker|2469:: Blocker status: None
2025-12-08 09:44:13,397-DEBUG-root-42604::base::click|192:: Click Type: ClickType.JS
2025-12-08 09:44:13,417-DEBUG-root-42604::webapp_internal::try_send_keys|7976:: Trying to send keys to element using technique 1
2025-12-08 09:44:13,494-DEBUG-root-42604::webapp_internal::get_web_value|3232:: Current value: 08/12/2025
2025-12-08 09:44:14,581-INFO-root-42604::webapp_internal::filling_group|955:: Filling Group: "02"
2025-12-08 09:44:14,581-DEBUG-root-42604::webapp_internal::wait_blocker|2444:: Waiting blocker to continue...
2025-12-08 09:44:14,613-DEBUG-root-42604::webapp_internal::wait_blocker|2469:: Blocker status: None
2025-12-08 09:44:14,615-DEBUG-root-42604::base::click|192:: Click Type: ClickType.JS
2025-12-08 09:44:14,670-DEBUG-root-42604::webapp_internal::get_web_value|3232:: Current value: 02
2025-12-08 09:44:15,731-INFO-root-42604::webapp_internal::filling_branch|1047:: Filling Branch: "02DF0001"
2025-12-08 09:44:15,731-DEBUG-root-42604::webapp_internal::wait_blocker|2444:: Waiting blocker to continue...
2025-12-08 09:44:15,764-DEBUG-root-42604::webapp_internal::wait_blocker|2469:: Blocker status: None
2025-12-08 09:44:15,767-DEBUG-root-42604::base::click|192:: Click Type: ClickType.JS
2025-12-08 09:44:15,821-DEBUG-root-42604::webapp_internal::get_web_value|3232:: Current value: 02DF0001
2025-12-08 09:44:16,900-INFO-root-42604::webapp_internal::filling_environment|1113:: Filling Environment: "07"
2025-12-08 09:44:16,900-DEBUG-root-42604::webapp_internal::wait_blocker|2444:: Waiting blocker to continue...
2025-12-08 09:44:16,934-DEBUG-root-42604::webapp_internal::wait_blocker|2469:: Blocker status: None
2025-12-08 09:44:16,937-DEBUG-root-42604::base::click|192:: Click Type: ClickType.JS
2025-12-08 09:44:16,984-DEBUG-root-42604::webapp_internal::get_web_value|3232:: Current value: 07
2025-12-08 09:44:17,993-DEBUG-root-42604::webapp_internal::close_warning_screen|1489:: Closing warning screen!
2025-12-08 09:44:19,024-DEBUG-root-42604::webapp_internal::check_screen_element|1291:: Checking screen element: "Atenção": False
2025-12-08 09:44:20,118-INFO-root-42604::webapp_internal::environment_screen|796:: Clicking on Button
2025-12-08 09:44:20,118-DEBUG-root-42604::webapp_internal::wait_blocker|2444:: Waiting blocker to continue...
2025-12-08 09:44:20,151-DEBUG-root-42604::webapp_internal::wait_blocker|2469:: Blocker status: None
2025-12-08 09:44:20,154-DEBUG-root-42604::base::click|192:: Click Type: ClickType.JS
2025-12-08 09:44:21,161-DEBUG-root-42604::base::click|192:: Click Type: ClickType.JS
2025-12-08 09:44:22,169-DEBUG-root-42604::base::click|192:: Click Type: ClickType.JS
2025-12-08 09:44:23,178-DEBUG-root-42604::base::click|192:: Click Type: ClickType.JS
2025-12-08 09:44:24,187-DEBUG-root-42604::base::click|192:: Click Type: ClickType.JS
2025-12-08 09:44:25,194-DEBUG-root-42604::base::click|192:: Click Type: ClickType.JS
2025-12-08 09:44:26,201-DEBUG-root-42604::webapp_internal::close_screen_before_menu|368:: Closing screen before the menu
2025-12-08 09:44:26,246-DEBUG-root-42604::webapp_internal::close_warning_screen|1489:: Closing warning screen!
2025-12-08 09:44:27,284-DEBUG-root-42604::webapp_internal::check_screen_element|1291:: Checking screen element: "Atenção": False
2025-12-08 09:44:27,284-DEBUG-root-42604::webapp_internal::close_coin_screen|1424:: Closing coin screen!
2025-12-08 09:44:27,840-DEBUG-root-42604::base::click|192:: Click Type: ClickType.JS
2025-12-08 09:44:27,895-DEBUG-root-42604::webapp_internal::close_warning_screen|1489:: Closing warning screen!
2025-12-08 09:44:29,168-DEBUG-root-42604::webapp_internal::check_screen_element|1291:: Checking screen element: "Atenção": False
2025-12-08 09:44:29,168-DEBUG-root-42604::webapp_internal::close_coin_screen|1424:: Closing coin screen!
2025-12-08 09:44:29,742-INFO-root-42604::webapp_internal::set_log_info|1623:: Getting log info
2025-12-08 09:44:29,742-INFO-root-42604::webapp_internal::SetLateralMenu|4184:: Navigating lateral menu: Ajuda > Sobre
2025-12-08 09:44:29,764-DEBUG-root-42604::webapp_internal::wait_element|7623:: Waiting for element
2025-12-08 09:44:29,863-DEBUG-root-42604::webapp_internal::wait_element|7653:: Element found! Waiting for element to be displayed.
2025-12-08 09:44:30,110-INFO-root-42604::webapp_internal::SetLateralMenu|4203:: Menu item: "Ajuda"
2025-12-08 09:44:30,110-DEBUG-root-42604::webapp_internal::wait_blocker|2444:: Waiting blocker to continue...
2025-12-08 09:44:30,210-DEBUG-root-42604::webapp_internal::wait_blocker|2469:: Blocker status: False
2025-12-08 09:44:30,610-DEBUG-root-42604::webapp_internal::wait_element_timeout|7726:: Element found! Waiting for element to be displayed.
2025-12-08 09:44:30,932-DEBUG-root-42604::webapp_internal::wait_blocker|2444:: Waiting blocker to continue...
2025-12-08 09:44:30,997-DEBUG-root-42604::webapp_internal::wait_blocker|2469:: Blocker status: False
2025-12-08 09:44:33,298-INFO-root-42604::webapp_internal::SetLateralMenu|4203:: Menu item: "Sobre"
2025-12-08 09:44:33,298-DEBUG-root-42604::webapp_internal::wait_blocker|2444:: Waiting blocker to continue...
2025-12-08 09:44:33,373-DEBUG-root-42604::webapp_internal::wait_blocker|2469:: Blocker status: False
2025-12-08 09:44:33,810-DEBUG-root-42604::webapp_internal::wait_element_timeout|7726:: Element found! Waiting for element to be displayed.
2025-12-08 09:44:34,216-DEBUG-root-42604::webapp_internal::wait_blocker|2444:: Waiting blocker to continue...
2025-12-08 09:44:34,280-DEBUG-root-42604::webapp_internal::wait_blocker|2469:: Blocker status: False
2025-12-08 09:44:36,924-DEBUG-root-42604::webapp_internal::wait_blocker|2444:: Waiting blocker to continue...
2025-12-08 09:44:36,998-DEBUG-root-42604::webapp_internal::wait_blocker|2469:: Blocker status: False
2025-12-08 09:44:37,072-DEBUG-root-42604::webapp_internal::wait_element|7623:: Waiting for element
2025-12-08 09:44:37,115-DEBUG-root-42604::webapp_internal::wait_element|7653:: Element found! Waiting for element to be displayed.
2025-12-08 09:44:37,290-INFO-root-42604::webapp_internal::SetButton|4444:: Clicking on Fechar
2025-12-08 09:44:37,290-DEBUG-root-42604::webapp_internal::wait_blocker|2444:: Waiting blocker to continue...
2025-12-08 09:44:37,367-DEBUG-root-42604::webapp_internal::wait_blocker|2469:: Blocker status: False
2025-12-08 09:44:37,555-DEBUG-root-42604::webapp_internal::wait_element_timeout|7726:: Element found! Waiting for element to be displayed.
2025-12-08 09:44:37,625-DEBUG-root-42604::webapp_internal::SetButton|4481:: ***System Info*** Before Clicking on button:Fechar
2025-12-08 09:44:37,626-DEBUG-root-42604::psutil_info::system_info|5:: CPU USAGE: 7.9%
2025-12-08 09:44:37,626-DEBUG-root-42604::psutil_info::system_info|6:: MEMORY USAGE: 89.0%
2025-12-08 09:44:37,627-DEBUG-root-42604::psutil_info::system_info|7:: MEMORY AVAILABLE: 10.97%
2025-12-08 09:44:37,797-DEBUG-root-42604::webapp_internal::wait_element_timeout|7726:: Element found! Waiting for element to be displayed.
2025-12-08 09:44:37,951-DEBUG-root-42604::webapp_internal::wait_blocker|2444:: Waiting blocker to continue...
2025-12-08 09:44:38,045-DEBUG-root-42604::webapp_internal::wait_blocker|2469:: Blocker status: False
2025-12-08 09:44:38,069-DEBUG-root-42604::webapp_internal::wait_blocker|2444:: Waiting blocker to continue...
2025-12-08 09:44:38,159-DEBUG-root-42604::webapp_internal::wait_blocker|2469:: Blocker status: False
2025-12-08 09:44:38,160-DEBUG-root-42604::webapp_internal::send_action|10480:: Trying to send action
2025-12-08 09:44:38,162-DEBUG-root-42604::base::click|192:: Click Type: ClickType.JS
2025-12-08 09:44:39,211-DEBUG-root-42604::webapp_internal::send_action|10522:: send_action method result = True
2025-12-08 09:44:39,212-DEBUG-root-42604::webapp_internal::send_action|10523:: send_action selenium status: False
2025-12-08 09:44:39,212-DEBUG-root-42604::webapp_internal::SetButton|4683:: ***System Info*** After Clicking on button:
2025-12-08 09:44:39,212-DEBUG-root-42604::psutil_info::system_info|5:: CPU USAGE: 7.0%
2025-12-08 09:44:39,213-DEBUG-root-42604::psutil_info::system_info|6:: MEMORY USAGE: 89.2%
2025-12-08 09:44:39,213-DEBUG-root-42604::psutil_info::system_info|7:: MEMORY AVAILABLE: 10.83%
2025-12-08 09:44:39,213-DEBUG-root-42604::webapp_internal::wait_element|7623:: Waiting for element
2025-12-08 09:45:41,594-INFO-root-42604::webapp_internal::SetLateralMenu|4184:: Navigating lateral menu: Atualizações > Gestao de Viagens > Solicitações
2025-12-08 09:45:41,603-DEBUG-root-42604::webapp_internal::wait_element|7623:: Waiting for element
2025-12-08 09:45:41,644-DEBUG-root-42604::webapp_internal::wait_element|7653:: Element found! Waiting for element to be displayed.
2025-12-08 09:45:41,804-INFO-root-42604::webapp_internal::SetLateralMenu|4203:: Menu item: "Atualizações"
2025-12-08 09:45:41,804-DEBUG-root-42604::webapp_internal::wait_blocker|2444:: Waiting blocker to continue...
2025-12-08 09:45:41,866-DEBUG-root-42604::webapp_internal::wait_blocker|2469:: Blocker status: False
2025-12-08 09:45:42,297-DEBUG-root-42604::webapp_internal::wait_element_timeout|7726:: Element found! Waiting for element to be displayed.
2025-12-08 09:45:42,691-DEBUG-root-42604::webapp_internal::wait_blocker|2444:: Waiting blocker to continue...
2025-12-08 09:45:42,761-DEBUG-root-42604::webapp_internal::wait_blocker|2469:: Blocker status: False
2025-12-08 09:45:45,068-INFO-root-42604::webapp_internal::SetLateralMenu|4203:: Menu item: "Gestao de Viagens"
2025-12-08 09:45:45,068-DEBUG-root-42604::webapp_internal::wait_blocker|2444:: Waiting blocker to continue...
2025-12-08 09:45:45,159-DEBUG-root-42604::webapp_internal::wait_blocker|2469:: Blocker status: False
2025-12-08 09:45:45,876-DEBUG-root-42604::webapp_internal::wait_element_timeout|7726:: Element found! Waiting for element to be displayed.
2025-12-08 09:45:46,660-DEBUG-root-42604::webapp_internal::wait_blocker|2444:: Waiting blocker to continue...
2025-12-08 09:45:46,746-DEBUG-root-42604::webapp_internal::wait_blocker|2469:: Blocker status: False
2025-12-08 09:45:49,039-INFO-root-42604::webapp_internal::SetLateralMenu|4203:: Menu item: "Solicitações"
2025-12-08 09:45:49,039-DEBUG-root-42604::webapp_internal::wait_blocker|2444:: Waiting blocker to continue...
2025-12-08 09:45:49,111-DEBUG-root-42604::webapp_internal::wait_blocker|2469:: Blocker status: False
2025-12-08 09:45:49,987-DEBUG-root-42604::webapp_internal::wait_element_timeout|7726:: Element found! Waiting for element to be displayed.
2025-12-08 09:45:50,755-DEBUG-root-42604::webapp_internal::wait_blocker|2444:: Waiting blocker to continue...
2025-12-08 09:45:50,829-DEBUG-root-42604::webapp_internal::wait_blocker|2469:: Blocker status: False
2025-12-08 09:45:54,310-DEBUG-root-42604::webapp_internal::wait_blocker|2444:: Waiting blocker to continue...
2025-12-08 09:45:54,383-DEBUG-root-42604::webapp_internal::wait_blocker|2469:: Blocker status: False
2025-12-08 09:45:54,454-INFO-root-42604::webapp_internal::WaitShow|4980:: Waiting show text 'Este ambiente utiliza base de Homologação.'...
2025-12-08 09:46:00,168-INFO-root-42604::webapp_internal::WaitShow|4980:: Waiting show text 'Moedas'...
2025-12-08 09:46:05,646-INFO-root-42604::webapp_internal::WaitShow|4980:: Waiting show text 'Solicitação de Viagens/Treinamento'...
2025-12-08 09:46:05,708-INFO-root-42604::webapp_internal::WaitShow|4996:: Text found! 
2025-12-08 09:46:05,708-INFO-root-42604::webapp_internal::SetButton|4444:: Clicking on Incluir
2025-12-08 09:46:05,708-DEBUG-root-42604::webapp_internal::wait_blocker|2444:: Waiting blocker to continue...
2025-12-08 09:46:05,791-DEBUG-root-42604::webapp_internal::wait_blocker|2469:: Blocker status: False
2025-12-08 09:46:06,211-DEBUG-root-42604::webapp_internal::wait_element_timeout|7726:: Element found! Waiting for element to be displayed.
2025-12-08 09:46:06,516-DEBUG-root-42604::webapp_internal::SetButton|4481:: ***System Info*** Before Clicking on button:Incluir
2025-12-08 09:46:06,516-DEBUG-root-42604::psutil_info::system_info|5:: CPU USAGE: 11.4%
2025-12-08 09:46:06,517-DEBUG-root-42604::psutil_info::system_info|6:: MEMORY USAGE: 88.3%
2025-12-08 09:46:06,517-DEBUG-root-42604::psutil_info::system_info|7:: MEMORY AVAILABLE: 11.74%
2025-12-08 09:46:06,880-DEBUG-root-42604::webapp_internal::wait_element_timeout|7726:: Element found! Waiting for element to be displayed.
2025-12-08 09:46:07,176-DEBUG-root-42604::webapp_internal::wait_blocker|2444:: Waiting blocker to continue...
2025-12-08 09:46:07,307-DEBUG-root-42604::webapp_internal::wait_blocker|2469:: Blocker status: False
2025-12-08 09:46:07,328-DEBUG-root-42604::webapp_internal::wait_blocker|2444:: Waiting blocker to continue...
2025-12-08 09:46:07,414-DEBUG-root-42604::webapp_internal::wait_blocker|2469:: Blocker status: False
2025-12-08 09:46:07,414-DEBUG-root-42604::webapp_internal::send_action|10480:: Trying to send action
2025-12-08 09:46:07,417-DEBUG-root-42604::base::click|192:: Click Type: ClickType.JS
2025-12-08 09:46:08,645-DEBUG-root-42604::webapp_internal::send_action|10522:: send_action method result = True
2025-12-08 09:46:08,645-DEBUG-root-42604::webapp_internal::send_action|10523:: send_action selenium status: True
2025-12-08 09:46:08,646-DEBUG-root-42604::webapp_internal::SetButton|4683:: ***System Info*** After Clicking on button:
2025-12-08 09:46:08,646-DEBUG-root-42604::psutil_info::system_info|5:: CPU USAGE: 8.2%
2025-12-08 09:46:08,646-DEBUG-root-42604::psutil_info::system_info|6:: MEMORY USAGE: 88.2%
2025-12-08 09:46:08,646-DEBUG-root-42604::psutil_info::system_info|7:: MEMORY AVAILABLE: 11.81%
2025-12-08 09:46:08,847-DEBUG-root-42604::webapp_internal::wait_blocker|2444:: Waiting blocker to continue...
2025-12-08 09:46:08,940-DEBUG-root-42604::webapp_internal::wait_blocker|2469:: Blocker status: False
2025-12-08 09:46:08,940-INFO-root-42604::webapp_internal::SearchBrowse|2003:: Searching: 02DF0001
2025-12-08 09:46:09,090-DEBUG-root-42604::webapp_internal::wait_element_timeout|7726:: Element found! Waiting for element to be displayed.
2025-12-08 09:46:09,175-DEBUG-root-42604::webapp_internal::wait_blocker|2444:: Waiting blocker to continue...
2025-12-08 09:46:09,267-DEBUG-root-42604::webapp_internal::wait_blocker|2469:: Blocker status: False
2025-12-08 09:46:09,277-DEBUG-root-42604::webapp_internal::wait_blocker|2444:: Waiting blocker to continue...
2025-12-08 09:46:09,390-DEBUG-root-42604::webapp_internal::wait_blocker|2469:: Blocker status: False
2025-12-08 09:46:09,390-INFO-root-42604::webapp_internal::fill_search_browse|2399:: Filling: 02DF0001
2025-12-08 09:46:09,400-DEBUG-root-42604::base::click|192:: Click Type: ClickType.JS
2025-12-08 09:46:10,490-DEBUG-root-42604::webapp_internal::wait_blocker|2444:: Waiting blocker to continue...
2025-12-08 09:46:10,594-DEBUG-root-42604::webapp_internal::wait_blocker|2469:: Blocker status: False
2025-12-08 09:46:10,595-DEBUG-root-42604::base::double_click|259:: Click Type: ClickType.SELENIUM
2025-12-08 09:46:10,601-WARNING-root-42604::base::double_click|280:: Warning double_click method Exception: Message: Element <button class="button-image" type="button"> is not clickable at point (1258,360) because another element <wa-button id="COMP6023" class="dict-tbutton focus"> obscures it
Stacktrace:
RemoteError@chrome://remote/content/shared/RemoteError.sys.mjs:8:8
WebDriverError@chrome://remote/content/shared/webdriver/Errors.sys.mjs:202:5
ElementClickInterceptedError@chrome://remote/content/shared/webdriver/Errors.sys.mjs:354:5
webdriverClickElement@chrome://remote/content/marionette/interaction.sys.mjs:175:11
interaction.clickElement@chrome://remote/content/marionette/interaction.sys.mjs:134:11
clickElement@chrome://remote/content/marionette/actors/MarionetteCommandsChild.sys.mjs:327:29
receiveMessage@chrome://remote/content/marionette/actors/MarionetteCommandsChild.sys.mjs:210:31

2025-12-08 09:46:10,901-INFO-root-42604::webapp_internal::SetButton|4444:: Clicking on OK
2025-12-08 09:46:10,901-DEBUG-root-42604::webapp_internal::wait_blocker|2444:: Waiting blocker to continue...
2025-12-08 09:46:11,024-DEBUG-root-42604::webapp_internal::wait_blocker|2469:: Blocker status: False
2025-12-08 09:46:11,316-DEBUG-root-42604::webapp_internal::wait_element_timeout|7726:: Element found! Waiting for element to be displayed.
2025-12-08 09:46:11,499-DEBUG-root-42604::webapp_internal::SetButton|4481:: ***System Info*** Before Clicking on button:OK
2025-12-08 09:46:11,500-DEBUG-root-42604::psutil_info::system_info|5:: CPU USAGE: 8.0%
2025-12-08 09:46:11,500-DEBUG-root-42604::psutil_info::system_info|6:: MEMORY USAGE: 88.3%
2025-12-08 09:46:11,500-DEBUG-root-42604::psutil_info::system_info|7:: MEMORY AVAILABLE: 11.67%
2025-12-08 09:46:11,777-DEBUG-root-42604::webapp_internal::wait_element_timeout|7726:: Element found! Waiting for element to be displayed.
2025-12-08 09:46:11,997-DEBUG-root-42604::webapp_internal::wait_blocker|2444:: Waiting blocker to continue...
2025-12-08 09:46:12,107-DEBUG-root-42604::webapp_internal::wait_blocker|2469:: Blocker status: False
2025-12-08 09:46:12,130-DEBUG-root-42604::webapp_internal::wait_blocker|2444:: Waiting blocker to continue...
2025-12-08 09:46:12,242-DEBUG-root-42604::webapp_internal::wait_blocker|2469:: Blocker status: False
2025-12-08 09:46:12,242-DEBUG-root-42604::webapp_internal::send_action|10480:: Trying to send action
2025-12-08 09:46:12,244-DEBUG-root-42604::base::click|192:: Click Type: ClickType.JS
2025-12-08 09:46:14,692-DEBUG-root-42604::webapp_internal::send_action|10522:: send_action method result = True
2025-12-08 09:46:14,692-DEBUG-root-42604::webapp_internal::send_action|10523:: send_action selenium status: True
2025-12-08 09:46:14,693-DEBUG-root-42604::webapp_internal::SetButton|4683:: ***System Info*** After Clicking on button:
2025-12-08 09:46:14,693-DEBUG-root-42604::psutil_info::system_info|5:: CPU USAGE: 9.4%
2025-12-08 09:46:14,693-DEBUG-root-42604::psutil_info::system_info|6:: MEMORY USAGE: 88.5%
2025-12-08 09:46:14,694-DEBUG-root-42604::psutil_info::system_info|7:: MEMORY AVAILABLE: 11.54%
2025-12-08 09:46:14,895-INFO-root-42604::webapp_internal::WaitShow|4980:: Waiting show text 'Solicitacoes de Viagens - INCLUIR'...
2025-12-08 09:46:15,140-INFO-root-42604::webapp_internal::WaitShow|4996:: Text found! 
2025-12-08 09:46:15,141-DEBUG-root-42604::webapp_internal::wait_blocker|2444:: Waiting blocker to continue...
2025-12-08 09:46:15,277-DEBUG-root-42604::webapp_internal::wait_blocker|2469:: Blocker status: False
2025-12-08 09:46:15,277-DEBUG-root-42604::webapp_internal::wait_element|7623:: Waiting for element
2025-12-08 09:46:15,359-DEBUG-root-42604::webapp_internal::wait_element|7653:: Element found! Waiting for element to be displayed.
2025-12-08 09:46:15,446-INFO-root-42604::webapp_internal::input_value|2941:: Looking for element: ZV3_DESCRI
2025-12-08 09:46:15,624-INFO-root-42604::webapp_internal::input_value|2951:: Element: ZV3_DESCRI Found!
2025-12-08 09:46:15,624-INFO-root-42604::webapp_internal::input_value|2953:: Filling element: ZV3_DESCRI
2025-12-08 09:46:15,646-DEBUG-root-42604::webapp_internal::get_web_value|3232:: Current value:                                                   
2025-12-08 09:46:15,679-DEBUG-root-42604::base::double_click|259:: Click Type: ClickType.SELENIUM
2025-12-08 09:46:15,943-DEBUG-root-42604::webapp_internal::wait_blocker|2444:: Waiting blocker to continue...
2025-12-08 09:46:16,074-DEBUG-root-42604::webapp_internal::wait_blocker|2469:: Blocker status: False
2025-12-08 09:46:16,434-DEBUG-root-42604::webapp_internal::get_web_value|3232:: Current value: USO PARA TESTE AUTOMATIZADO                       
2025-12-08 09:46:16,434-INFO-root-42604::webapp_internal::input_value|3059:: Current field value: USO PARA TESTE AUTOMATIZADO
2025-12-08 09:46:16,466-DEBUG-root-42604::webapp_internal::wait_blocker|2444:: Waiting blocker to continue...
2025-12-08 09:46:16,610-DEBUG-root-42604::webapp_internal::wait_blocker|2469:: Blocker status: False
2025-12-08 09:46:16,610-DEBUG-root-42604::webapp_internal::wait_element|7623:: Waiting for element
2025-12-08 09:46:16,747-DEBUG-root-42604::webapp_internal::wait_element|7653:: Element found! Waiting for element to be displayed.
2025-12-08 09:46:16,832-INFO-root-42604::webapp_internal::input_value|2941:: Looking for element: ZV3_DTINI
2025-12-08 09:46:17,009-INFO-root-42604::webapp_internal::input_value|2951:: Element: ZV3_DTINI Found!
2025-12-08 09:46:17,009-INFO-root-42604::webapp_internal::input_value|2953:: Filling element: ZV3_DTINI
2025-12-08 09:46:17,043-DEBUG-root-42604::webapp_internal::get_web_value|3232:: Current value:   /  /    
2025-12-08 09:46:17,076-DEBUG-root-42604::base::double_click|259:: Click Type: ClickType.SELENIUM
2025-12-08 09:46:17,326-DEBUG-root-42604::webapp_internal::wait_blocker|2444:: Waiting blocker to continue...
2025-12-08 09:46:17,455-DEBUG-root-42604::webapp_internal::wait_blocker|2469:: Blocker status: False
2025-12-08 09:46:17,792-DEBUG-root-42604::webapp_internal::get_web_value|3232:: Current value: 21/12/2025
2025-12-08 09:46:17,793-INFO-root-42604::webapp_internal::input_value|3059:: Current field value: 21122025
2025-12-08 09:46:17,800-DEBUG-root-42604::webapp_internal::wait_blocker|2444:: Waiting blocker to continue...
2025-12-08 09:46:17,978-DEBUG-root-42604::webapp_internal::wait_blocker|2469:: Blocker status: False
2025-12-08 09:46:17,978-DEBUG-root-42604::webapp_internal::wait_element|7623:: Waiting for element
2025-12-08 09:46:18,058-DEBUG-root-42604::webapp_internal::wait_element|7653:: Element found! Waiting for element to be displayed.
2025-12-08 09:46:18,127-INFO-root-42604::webapp_internal::input_value|2941:: Looking for element: ZV3_DTFIM
2025-12-08 09:46:18,293-INFO-root-42604::webapp_internal::input_value|2951:: Element: ZV3_DTFIM Found!
2025-12-08 09:46:18,293-INFO-root-42604::webapp_internal::input_value|2953:: Filling element: ZV3_DTFIM
2025-12-08 09:46:18,335-DEBUG-root-42604::webapp_internal::get_web_value|3232:: Current value:   /  /    
2025-12-08 09:46:18,378-DEBUG-root-42604::base::double_click|259:: Click Type: ClickType.SELENIUM
2025-12-08 09:46:18,641-DEBUG-root-42604::webapp_internal::wait_blocker|2444:: Waiting blocker to continue...
2025-12-08 09:46:18,767-DEBUG-root-42604::webapp_internal::wait_blocker|2469:: Blocker status: False
2025-12-08 09:46:19,109-DEBUG-root-42604::webapp_internal::get_web_value|3232:: Current value: 28/12/2025
2025-12-08 09:46:19,109-INFO-root-42604::webapp_internal::input_value|3059:: Current field value: 28122025
2025-12-08 09:46:20,118-DEBUG-root-42604::webapp_internal::wait_blocker|2444:: Waiting blocker to continue...
2025-12-08 09:46:20,250-DEBUG-root-42604::webapp_internal::wait_blocker|2469:: Blocker status: False
2025-12-08 09:46:20,251-DEBUG-root-42604::webapp_internal::wait_element|7623:: Waiting for element
2025-12-08 09:46:20,346-DEBUG-root-42604::webapp_internal::wait_element|7653:: Element found! Waiting for element to be displayed.
2025-12-08 09:46:20,412-INFO-root-42604::webapp_internal::input_value|2941:: Looking for element: ZV3_CC
2025-12-08 09:46:20,574-INFO-root-42604::webapp_internal::input_value|2951:: Element: ZV3_CC Found!
2025-12-08 09:46:20,574-INFO-root-42604::webapp_internal::input_value|2953:: Filling element: ZV3_CC
2025-12-08 09:46:20,598-DEBUG-root-42604::webapp_internal::get_web_value|3232:: Current value:          
2025-12-08 09:46:20,631-DEBUG-root-42604::base::double_click|259:: Click Type: ClickType.SELENIUM
2025-12-08 09:46:20,891-DEBUG-root-42604::webapp_internal::wait_blocker|2444:: Waiting blocker to continue...
2025-12-08 09:46:21,014-DEBUG-root-42604::webapp_internal::wait_blocker|2469:: Blocker status: False
2025-12-08 09:46:21,356-DEBUG-root-42604::webapp_internal::get_web_value|3232:: Current value: 000000677
2025-12-08 09:46:21,357-INFO-root-42604::webapp_internal::input_value|3059:: Current field value: 000000677
2025-12-08 09:46:21,365-DEBUG-root-42604::webapp_internal::wait_blocker|2444:: Waiting blocker to continue...
2025-12-08 09:46:21,600-DEBUG-root-42604::webapp_internal::wait_blocker|2469:: Blocker status: False
2025-12-08 09:46:21,600-DEBUG-root-42604::webapp_internal::wait_element|7623:: Waiting for element
2025-12-08 09:46:21,701-DEBUG-root-42604::webapp_internal::wait_element|7653:: Element found! Waiting for element to be displayed.
2025-12-08 09:46:21,770-INFO-root-42604::webapp_internal::input_value|2941:: Looking for element: ZV3_TIPO
2025-12-08 09:46:21,933-INFO-root-42604::webapp_internal::input_value|2951:: Element: ZV3_TIPO Found!
2025-12-08 09:46:21,933-INFO-root-42604::webapp_internal::input_value|2953:: Filling element: ZV3_TIPO
2025-12-08 09:46:23,105-INFO-root-42604::base::select_combo|871:: Selected value for combo is: 1 - Servico
2025-12-08 09:46:23,144-DEBUG-root-42604::webapp_internal::wait_blocker|2444:: Waiting blocker to continue...
2025-12-08 09:46:23,277-DEBUG-root-42604::webapp_internal::wait_blocker|2469:: Blocker status: False
2025-12-08 09:46:23,278-DEBUG-root-42604::webapp_internal::wait_element|7623:: Waiting for element
2025-12-08 09:46:23,356-DEBUG-root-42604::webapp_internal::wait_element|7653:: Element found! Waiting for element to be displayed.
2025-12-08 09:46:23,426-INFO-root-42604::webapp_internal::input_value|2941:: Looking for element: ZV3_OBS
2025-12-08 09:46:23,596-INFO-root-42604::webapp_internal::input_value|2951:: Element: ZV3_OBS Found!
2025-12-08 09:46:23,597-INFO-root-42604::webapp_internal::input_value|2953:: Filling element: ZV3_OBS
2025-12-08 09:46:23,622-DEBUG-root-42604::webapp_internal::get_web_value|3232:: Current value: 
2025-12-08 09:46:23,643-DEBUG-root-42604::base::double_click|259:: Click Type: ClickType.SELENIUM
2025-12-08 09:46:23,897-DEBUG-root-42604::webapp_internal::wait_blocker|2444:: Waiting blocker to continue...
2025-12-08 09:46:24,049-DEBUG-root-42604::webapp_internal::wait_blocker|2469:: Blocker status: False
2025-12-08 09:46:24,394-DEBUG-root-42604::webapp_internal::get_web_value|3232:: Current value: TESTE DE SOLICITAÇÃO DE VIAGEM
2025-12-08 09:46:24,394-INFO-root-42604::webapp_internal::input_value|3059:: Current field value: TESTE DE SOLICITAÇÃO DE VIAGEM
2025-12-08 09:46:24,405-DEBUG-root-42604::webapp_internal::wait_blocker|2444:: Waiting blocker to continue...
2025-12-08 09:46:24,534-DEBUG-root-42604::webapp_internal::wait_blocker|2469:: Blocker status: False
2025-12-08 09:46:24,534-INFO-root-42604::webapp_internal::SetKey|5822:: Key pressed: TAB
2025-12-08 09:46:24,534-DEBUG-root-42604::webapp_internal::SetKey|5857:: Trying press key
2025-12-08 09:46:24,664-DEBUG-root-42604::webapp_internal::wait_blocker|2444:: Waiting blocker to continue...
2025-12-08 09:46:24,795-DEBUG-root-42604::webapp_internal::wait_blocker|2469:: Blocker status: False
2025-12-08 09:46:24,836-DEBUG-root-42604::webapp_internal::wait_blocker|2444:: Waiting blocker to continue...
2025-12-08 09:46:24,979-DEBUG-root-42604::webapp_internal::wait_blocker|2469:: Blocker status: False
2025-12-08 09:46:24,979-DEBUG-root-42604::webapp_internal::send_action|10480:: Trying to send action
2025-12-08 09:46:26,039-DEBUG-root-42604::webapp_internal::send_action|10522:: send_action method result = True
2025-12-08 09:46:26,040-DEBUG-root-42604::webapp_internal::send_action|10523:: send_action selenium status: False
2025-12-08 09:46:26,040-DEBUG-root-42604::webapp_internal::wait_element|7623:: Waiting for element
2025-12-08 09:46:26,158-DEBUG-root-42604::webapp_internal::wait_element|7653:: Element found! Waiting for element to be displayed.
2025-12-08 09:46:26,457-DEBUG-root-42604::webapp_internal::wait_blocker|2444:: Waiting blocker to continue...
2025-12-08 09:46:26,584-DEBUG-root-42604::webapp_internal::wait_blocker|2469:: Blocker status: False
2025-12-08 09:46:26,584-INFO-root-42604::webapp_internal::LoadGrid|6298:: Filling grid field: Favorecido
2025-12-08 09:46:26,584-DEBUG-root-42604::webapp_internal::fill_grid|6399:: Grid loading...
2025-12-08 09:46:26,747-DEBUG-root-42604::webapp_internal::fill_grid|6466:: Column found!
2025-12-08 09:46:26,784-DEBUG-root-42604::base::click|192:: Click Type: ClickType.ACTIONCHAINS
2025-12-08 09:46:27,084-DEBUG-root-42604::webapp_internal::fill_grid|6486:: Trying to select cell in grid!
2025-12-08 09:46:27,089-DEBUG-root-42604::base::click|192:: Click Type: ClickType.ACTIONCHAINS
2025-12-08 09:46:27,368-DEBUG-root-42604::webapp_internal::fill_grid|6486:: Trying to select cell in grid!
2025-12-08 09:46:27,372-DEBUG-root-42604::base::click|192:: Click Type: ClickType.ACTIONCHAINS
2025-12-08 09:46:27,666-DEBUG-root-42604::webapp_internal::fill_grid|6486:: Trying to select cell in grid!
2025-12-08 09:46:27,672-DEBUG-root-42604::base::click|192:: Click Type: ClickType.ACTIONCHAINS
2025-12-08 09:46:27,962-DEBUG-root-42604::webapp_internal::fill_grid|6486:: Trying to select cell in grid!
2025-12-08 09:46:27,964-DEBUG-root-42604::base::click|192:: Click Type: ClickType.ACTIONCHAINS
2025-12-08 09:46:28,249-DEBUG-root-42604::webapp_internal::fill_grid|6486:: Trying to select cell in grid!
2025-12-08 09:46:28,251-DEBUG-root-42604::base::click|192:: Click Type: ClickType.ACTIONCHAINS
2025-12-08 09:46:28,546-DEBUG-root-42604::webapp_internal::fill_grid|6486:: Trying to select cell in grid!
2025-12-08 09:46:28,547-DEBUG-root-42604::base::click|192:: Click Type: ClickType.ACTIONCHAINS
2025-12-08 09:46:28,843-DEBUG-root-42604::webapp_internal::fill_grid|6486:: Trying to select cell in grid!
2025-12-08 09:46:28,845-DEBUG-root-42604::base::click|192:: Click Type: ClickType.ACTIONCHAINS
2025-12-08 09:46:29,133-DEBUG-root-42604::webapp_internal::fill_grid|6486:: Trying to select cell in grid!
2025-12-08 09:46:29,139-DEBUG-root-42604::base::click|192:: Click Type: ClickType.ACTIONCHAINS
2025-12-08 09:46:29,429-DEBUG-root-42604::webapp_internal::fill_grid|6486:: Trying to select cell in grid!
2025-12-08 09:46:29,431-DEBUG-root-42604::base::click|192:: Click Type: ClickType.ACTIONCHAINS
2025-12-08 09:46:29,726-DEBUG-root-42604::webapp_internal::fill_grid|6486:: Trying to select cell in grid!
2025-12-08 09:46:29,728-DEBUG-root-42604::base::click|192:: Click Type: ClickType.ACTIONCHAINS
2025-12-08 09:46:30,017-DEBUG-root-42604::webapp_internal::fill_grid|6486:: Trying to select cell in grid!
2025-12-08 09:46:30,022-DEBUG-root-42604::base::click|192:: Click Type: ClickType.ACTIONCHAINS
2025-12-08 09:46:30,312-DEBUG-root-42604::webapp_internal::fill_grid|6486:: Trying to select cell in grid!
2025-12-08 09:46:30,314-DEBUG-root-42604::base::click|192:: Click Type: ClickType.ACTIONCHAINS
2025-12-08 09:46:30,610-DEBUG-root-42604::webapp_internal::fill_grid|6486:: Trying to select cell in grid!
2025-12-08 09:46:30,612-DEBUG-root-42604::base::click|192:: Click Type: ClickType.ACTIONCHAINS
2025-12-08 09:46:30,906-DEBUG-root-42604::webapp_internal::fill_grid|6486:: Trying to select cell in grid!
2025-12-08 09:46:30,908-DEBUG-root-42604::base::click|192:: Click Type: ClickType.ACTIONCHAINS
2025-12-08 09:46:31,196-DEBUG-root-42604::webapp_internal::fill_grid|6486:: Trying to select cell in grid!
2025-12-08 09:46:31,198-DEBUG-root-42604::base::click|192:: Click Type: ClickType.ACTIONCHAINS
2025-12-08 09:46:31,495-DEBUG-root-42604::webapp_internal::fill_grid|6486:: Trying to select cell in grid!
2025-12-08 09:46:31,496-DEBUG-root-42604::base::click|192:: Click Type: ClickType.ACTIONCHAINS
2025-12-08 09:46:31,788-DEBUG-root-42604::webapp_internal::fill_grid|6486:: Trying to select cell in grid!
2025-12-08 09:46:31,791-DEBUG-root-42604::base::click|192:: Click Type: ClickType.ACTIONCHAINS
2025-12-08 09:46:32,081-DEBUG-root-42604::webapp_internal::fill_grid|6486:: Trying to select cell in grid!
2025-12-08 09:46:32,083-DEBUG-root-42604::base::click|192:: Click Type: ClickType.ACTIONCHAINS
2025-12-08 09:46:32,379-DEBUG-root-42604::webapp_internal::fill_grid|6486:: Trying to select cell in grid!
2025-12-08 09:46:32,381-DEBUG-root-42604::base::click|192:: Click Type: ClickType.ACTIONCHAINS
2025-12-08 09:46:32,674-DEBUG-root-42604::webapp_internal::fill_grid|6486:: Trying to select cell in grid!
2025-12-08 09:46:32,678-DEBUG-root-42604::base::click|192:: Click Type: ClickType.ACTIONCHAINS
2025-12-08 09:46:32,966-DEBUG-root-42604::webapp_internal::fill_grid|6486:: Trying to select cell in grid!
2025-12-08 09:46:32,968-DEBUG-root-42604::base::click|192:: Click Type: ClickType.ACTIONCHAINS
2025-12-08 09:46:33,261-DEBUG-root-42604::webapp_internal::fill_grid|6486:: Trying to select cell in grid!
2025-12-08 09:46:33,264-DEBUG-root-42604::base::click|192:: Click Type: ClickType.ACTIONCHAINS
2025-12-08 09:46:33,528-DEBUG-root-42604::webapp_internal::fill_grid|6486:: Trying to select cell in grid!
2025-12-08 09:46:33,531-DEBUG-root-42604::base::click|192:: Click Type: ClickType.ACTIONCHAINS
2025-12-08 09:46:33,818-DEBUG-root-42604::webapp_internal::fill_grid|6486:: Trying to select cell in grid!
2025-12-08 09:46:33,822-DEBUG-root-42604::base::click|192:: Click Type: ClickType.ACTIONCHAINS
2025-12-08 09:46:34,111-DEBUG-root-42604::webapp_internal::fill_grid|6486:: Trying to select cell in grid!
2025-12-08 09:46:34,113-DEBUG-root-42604::base::click|192:: Click Type: ClickType.ACTIONCHAINS
2025-12-08 09:46:34,390-DEBUG-root-42604::webapp_internal::fill_grid|6486:: Trying to select cell in grid!
2025-12-08 09:46:34,392-DEBUG-root-42604::base::click|192:: Click Type: ClickType.ACTIONCHAINS
2025-12-08 09:46:34,657-DEBUG-root-42604::webapp_internal::fill_grid|6486:: Trying to select cell in grid!
2025-12-08 09:46:34,659-DEBUG-root-42604::base::click|192:: Click Type: ClickType.ACTIONCHAINS
2025-12-08 09:46:34,949-DEBUG-root-42604::webapp_internal::fill_grid|6486:: Trying to select cell in grid!
2025-12-08 09:46:34,951-DEBUG-root-42604::base::click|192:: Click Type: ClickType.ACTIONCHAINS
2025-12-08 09:46:35,245-DEBUG-root-42604::webapp_internal::fill_grid|6486:: Trying to select cell in grid!
2025-12-08 09:46:35,247-DEBUG-root-42604::base::click|192:: Click Type: ClickType.ACTIONCHAINS
2025-12-08 09:46:35,525-DEBUG-root-42604::webapp_internal::fill_grid|6486:: Trying to select cell in grid!
2025-12-08 09:46:35,527-DEBUG-root-42604::base::click|192:: Click Type: ClickType.ACTIONCHAINS
2025-12-08 09:46:35,789-DEBUG-root-42604::webapp_internal::fill_grid|6486:: Trying to select cell in grid!
2025-12-08 09:46:35,791-DEBUG-root-42604::base::click|192:: Click Type: ClickType.ACTIONCHAINS
2025-12-08 09:46:36,056-DEBUG-root-42604::webapp_internal::fill_grid|6486:: Trying to select cell in grid!
2025-12-08 09:46:36,059-DEBUG-root-42604::base::click|192:: Click Type: ClickType.ACTIONCHAINS
2025-12-08 09:46:36,346-DEBUG-root-42604::webapp_internal::fill_grid|6486:: Trying to select cell in grid!
2025-12-08 09:46:36,348-DEBUG-root-42604::base::click|192:: Click Type: ClickType.ACTIONCHAINS
2025-12-08 09:46:36,644-DEBUG-root-42604::webapp_internal::fill_grid|6486:: Trying to select cell in grid!
2025-12-08 09:46:36,647-DEBUG-root-42604::base::click|192:: Click Type: ClickType.ACTIONCHAINS
2025-12-08 09:46:36,941-DEBUG-root-42604::webapp_internal::fill_grid|6486:: Trying to select cell in grid!
2025-12-08 09:46:36,943-DEBUG-root-42604::base::click|192:: Click Type: ClickType.ACTIONCHAINS
2025-12-08 09:46:37,229-DEBUG-root-42604::webapp_internal::fill_grid|6486:: Trying to select cell in grid!
2025-12-08 09:46:37,231-DEBUG-root-42604::base::click|192:: Click Type: ClickType.ACTIONCHAINS
2025-12-08 09:46:37,527-DEBUG-root-42604::webapp_internal::fill_grid|6486:: Trying to select cell in grid!
2025-12-08 09:46:37,529-DEBUG-root-42604::base::click|192:: Click Type: ClickType.ACTIONCHAINS
2025-12-08 09:46:37,818-DEBUG-root-42604::webapp_internal::fill_grid|6486:: Trying to select cell in grid!
2025-12-08 09:46:37,822-DEBUG-root-42604::base::click|192:: Click Type: ClickType.ACTIONCHAINS
2025-12-08 09:46:38,111-DEBUG-root-42604::webapp_internal::fill_grid|6486:: Trying to select cell in grid!
2025-12-08 09:46:38,113-DEBUG-root-42604::base::click|192:: Click Type: ClickType.ACTIONCHAINS
2025-12-08 09:46:38,393-DEBUG-root-42604::webapp_internal::fill_grid|6486:: Trying to select cell in grid!
2025-12-08 09:46:38,395-DEBUG-root-42604::base::click|192:: Click Type: ClickType.ACTIONCHAINS
2025-12-08 09:46:38,682-DEBUG-root-42604::webapp_internal::fill_grid|6486:: Trying to select cell in grid!
2025-12-08 09:46:38,684-DEBUG-root-42604::base::click|192:: Click Type: ClickType.ACTIONCHAINS
2025-12-08 09:46:38,978-DEBUG-root-42604::webapp_internal::fill_grid|6486:: Trying to select cell in grid!
2025-12-08 09:46:38,980-DEBUG-root-42604::base::click|192:: Click Type: ClickType.ACTIONCHAINS
2025-12-08 09:46:39,258-DEBUG-root-42604::webapp_internal::fill_grid|6486:: Trying to select cell in grid!
2025-12-08 09:46:39,260-DEBUG-root-42604::base::click|192:: Click Type: ClickType.ACTIONCHAINS
2025-12-08 09:46:39,549-DEBUG-root-42604::webapp_internal::fill_grid|6486:: Trying to select cell in grid!
2025-12-08 09:46:39,551-DEBUG-root-42604::base::click|192:: Click Type: ClickType.ACTIONCHAINS
2025-12-08 09:46:39,814-DEBUG-root-42604::webapp_internal::fill_grid|6486:: Trying to select cell in grid!
2025-12-08 09:46:39,817-DEBUG-root-42604::base::click|192:: Click Type: ClickType.ACTIONCHAINS
2025-12-08 09:46:40,112-DEBUG-root-42604::webapp_internal::fill_grid|6486:: Trying to select cell in grid!
2025-12-08 09:46:40,114-DEBUG-root-42604::base::click|192:: Click Type: ClickType.ACTIONCHAINS
2025-12-08 09:46:40,411-DEBUG-root-42604::webapp_internal::fill_grid|6486:: Trying to select cell in grid!
2025-12-08 09:46:40,414-DEBUG-root-42604::base::click|192:: Click Type: ClickType.ACTIONCHAINS
2025-12-08 09:46:40,699-DEBUG-root-42604::webapp_internal::fill_grid|6486:: Trying to select cell in grid!
2025-12-08 09:46:40,701-DEBUG-root-42604::base::click|192:: Click Type: ClickType.ACTIONCHAINS
2025-12-08 09:46:40,995-DEBUG-root-42604::webapp_internal::fill_grid|6486:: Trying to select cell in grid!
2025-12-08 09:46:40,997-DEBUG-root-42604::base::click|192:: Click Type: ClickType.ACTIONCHAINS
2025-12-08 09:46:41,261-DEBUG-root-42604::webapp_internal::fill_grid|6486:: Trying to select cell in grid!
2025-12-08 09:46:41,263-DEBUG-root-42604::base::click|192:: Click Type: ClickType.ACTIONCHAINS
2025-12-08 09:46:41,556-DEBUG-root-42604::webapp_internal::fill_grid|6486:: Trying to select cell in grid!
2025-12-08 09:46:41,559-DEBUG-root-42604::base::click|192:: Click Type: ClickType.ACTIONCHAINS
2025-12-08 09:46:41,847-DEBUG-root-42604::webapp_internal::fill_grid|6486:: Trying to select cell in grid!
2025-12-08 09:46:41,848-DEBUG-root-42604::base::click|192:: Click Type: ClickType.ACTIONCHAINS
2025-12-08 09:46:42,144-DEBUG-root-42604::webapp_internal::fill_grid|6486:: Trying to select cell in grid!
2025-12-08 09:46:42,146-DEBUG-root-42604::base::click|192:: Click Type: ClickType.ACTIONCHAINS
2025-12-08 09:46:42,439-DEBUG-root-42604::webapp_internal::fill_grid|6486:: Trying to select cell in grid!
2025-12-08 09:46:42,441-DEBUG-root-42604::base::click|192:: Click Type: ClickType.ACTIONCHAINS
2025-12-08 09:46:42,706-DEBUG-root-42604::webapp_internal::fill_grid|6486:: Trying to select cell in grid!
2025-12-08 09:46:42,708-DEBUG-root-42604::base::click|192:: Click Type: ClickType.ACTIONCHAINS
2025-12-08 09:46:42,973-DEBUG-root-42604::webapp_internal::fill_grid|6486:: Trying to select cell in grid!
2025-12-08 09:46:42,975-DEBUG-root-42604::base::click|192:: Click Type: ClickType.ACTIONCHAINS
2025-12-08 09:46:43,262-DEBUG-root-42604::webapp_internal::fill_grid|6486:: Trying to select cell in grid!
2025-12-08 09:46:43,264-DEBUG-root-42604::base::click|192:: Click Type: ClickType.ACTIONCHAINS
2025-12-08 09:46:43,561-DEBUG-root-42604::webapp_internal::fill_grid|6486:: Trying to select cell in grid!
2025-12-08 09:46:43,563-DEBUG-root-42604::base::click|192:: Click Type: ClickType.ACTIONCHAINS
2025-12-08 09:46:43,857-DEBUG-root-42604::webapp_internal::fill_grid|6486:: Trying to select cell in grid!
2025-12-08 09:46:43,860-DEBUG-root-42604::base::click|192:: Click Type: ClickType.ACTIONCHAINS
2025-12-08 09:46:44,150-DEBUG-root-42604::webapp_internal::fill_grid|6486:: Trying to select cell in grid!
2025-12-08 09:46:44,156-DEBUG-root-42604::base::click|192:: Click Type: ClickType.ACTIONCHAINS
2025-12-08 09:46:44,449-DEBUG-root-42604::webapp_internal::fill_grid|6486:: Trying to select cell in grid!
2025-12-08 09:46:44,451-DEBUG-root-42604::base::click|192:: Click Type: ClickType.ACTIONCHAINS
2025-12-08 09:46:44,743-DEBUG-root-42604::webapp_internal::fill_grid|6486:: Trying to select cell in grid!
2025-12-08 09:46:44,745-DEBUG-root-42604::base::click|192:: Click Type: ClickType.ACTIONCHAINS
2025-12-08 09:46:45,034-DEBUG-root-42604::webapp_internal::fill_grid|6486:: Trying to select cell in grid!
2025-12-08 09:46:45,039-DEBUG-root-42604::base::click|192:: Click Type: ClickType.ACTIONCHAINS
2025-12-08 09:46:45,329-DEBUG-root-42604::webapp_internal::fill_grid|6486:: Trying to select cell in grid!
2025-12-08 09:46:45,331-DEBUG-root-42604::base::click|192:: Click Type: ClickType.ACTIONCHAINS
2025-12-08 09:46:45,611-DEBUG-root-42604::webapp_internal::fill_grid|6486:: Trying to select cell in grid!
2025-12-08 09:46:45,613-DEBUG-root-42604::base::click|192:: Click Type: ClickType.ACTIONCHAINS
2025-12-08 09:46:45,906-DEBUG-root-42604::webapp_internal::fill_grid|6486:: Trying to select cell in grid!
2025-12-08 09:46:45,909-DEBUG-root-42604::base::click|192:: Click Type: ClickType.ACTIONCHAINS
2025-12-08 09:46:46,198-DEBUG-root-42604::webapp_internal::fill_grid|6486:: Trying to select cell in grid!
2025-12-08 09:46:46,200-DEBUG-root-42604::base::click|192:: Click Type: ClickType.ACTIONCHAINS
2025-12-08 09:46:46,463-DEBUG-root-42604::webapp_internal::fill_grid|6486:: Trying to select cell in grid!
2025-12-08 09:46:46,465-DEBUG-root-42604::base::click|192:: Click Type: ClickType.ACTIONCHAINS
2025-12-08 09:46:46,761-DEBUG-root-42604::webapp_internal::fill_grid|6486:: Trying to select cell in grid!
2025-12-08 09:46:46,764-DEBUG-root-42604::base::click|192:: Click Type: ClickType.ACTIONCHAINS
2025-12-08 09:46:47,057-DEBUG-root-42604::webapp_internal::fill_grid|6486:: Trying to select cell in grid!
2025-12-08 09:46:47,058-DEBUG-root-42604::base::click|192:: Click Type: ClickType.ACTIONCHAINS
2025-12-08 09:46:47,348-DEBUG-root-42604::webapp_internal::fill_grid|6486:: Trying to select cell in grid!
2025-12-08 09:46:47,350-DEBUG-root-42604::base::click|192:: Click Type: ClickType.ACTIONCHAINS
2025-12-08 09:46:47,646-DEBUG-root-42604::webapp_internal::fill_grid|6486:: Trying to select cell in grid!
2025-12-08 09:46:47,648-DEBUG-root-42604::base::click|192:: Click Type: ClickType.ACTIONCHAINS
2025-12-08 09:46:47,945-DEBUG-root-42604::webapp_internal::fill_grid|6486:: Trying to select cell in grid!
2025-12-08 09:46:47,947-DEBUG-root-42604::base::click|192:: Click Type: ClickType.ACTIONCHAINS
2025-12-08 09:46:48,211-DEBUG-root-42604::webapp_internal::fill_grid|6486:: Trying to select cell in grid!
2025-12-08 09:46:48,213-DEBUG-root-42604::base::click|192:: Click Type: ClickType.ACTIONCHAINS
2025-12-08 09:46:48,475-DEBUG-root-42604::webapp_internal::fill_grid|6486:: Trying to select cell in grid!
2025-12-08 09:46:48,477-DEBUG-root-42604::base::click|192:: Click Type: ClickType.ACTIONCHAINS
2025-12-08 09:46:48,772-DEBUG-root-42604::webapp_internal::fill_grid|6486:: Trying to select cell in grid!
2025-12-08 09:46:48,774-DEBUG-root-42604::base::click|192:: Click Type: ClickType.ACTIONCHAINS
2025-12-08 09:46:49,061-DEBUG-root-42604::webapp_internal::fill_grid|6486:: Trying to select cell in grid!
2025-12-08 09:46:49,063-DEBUG-root-42604::base::click|192:: Click Type: ClickType.ACTIONCHAINS
2025-12-08 09:46:49,345-DEBUG-root-42604::webapp_internal::fill_grid|6486:: Trying to select cell in grid!
2025-12-08 09:46:49,347-DEBUG-root-42604::base::click|192:: Click Type: ClickType.ACTIONCHAINS
2025-12-08 09:46:49,641-DEBUG-root-42604::webapp_internal::fill_grid|6486:: Trying to select cell in grid!
2025-12-08 09:46:49,643-DEBUG-root-42604::base::click|192:: Click Type: ClickType.ACTIONCHAINS
2025-12-08 09:46:49,931-DEBUG-root-42604::webapp_internal::fill_grid|6486:: Trying to select cell in grid!
2025-12-08 09:46:49,933-DEBUG-root-42604::base::click|192:: Click Type: ClickType.ACTIONCHAINS
2025-12-08 09:46:50,228-DEBUG-root-42604::webapp_internal::fill_grid|6486:: Trying to select cell in grid!
2025-12-08 09:46:50,230-DEBUG-root-42604::base::click|192:: Click Type: ClickType.ACTIONCHAINS
2025-12-08 09:46:50,518-DEBUG-root-42604::webapp_internal::fill_grid|6486:: Trying to select cell in grid!
2025-12-08 09:46:50,522-DEBUG-root-42604::base::click|192:: Click Type: ClickType.ACTIONCHAINS
2025-12-08 09:46:50,812-DEBUG-root-42604::webapp_internal::fill_grid|6486:: Trying to select cell in grid!
2025-12-08 09:46:50,814-DEBUG-root-42604::base::click|192:: Click Type: ClickType.ACTIONCHAINS
2025-12-08 09:46:51,093-DEBUG-root-42604::webapp_internal::fill_grid|6486:: Trying to select cell in grid!
2025-12-08 09:46:51,095-DEBUG-root-42604::base::click|192:: Click Type: ClickType.ACTIONCHAINS
2025-12-08 09:46:51,383-DEBUG-root-42604::webapp_internal::fill_grid|6486:: Trying to select cell in grid!
2025-12-08 09:46:51,389-DEBUG-root-42604::base::click|192:: Click Type: ClickType.ACTIONCHAINS
2025-12-08 09:46:51,679-DEBUG-root-42604::webapp_internal::fill_grid|6486:: Trying to select cell in grid!
2025-12-08 09:46:51,682-DEBUG-root-42604::base::click|192:: Click Type: ClickType.ACTIONCHAINS
2025-12-08 09:46:51,977-DEBUG-root-42604::webapp_internal::fill_grid|6486:: Trying to select cell in grid!
2025-12-08 09:46:51,979-DEBUG-root-42604::base::click|192:: Click Type: ClickType.ACTIONCHAINS
2025-12-08 09:46:52,266-DEBUG-root-42604::webapp_internal::fill_grid|6486:: Trying to select cell in grid!
2025-12-08 09:46:52,272-DEBUG-root-42604::base::click|192:: Click Type: ClickType.ACTIONCHAINS
2025-12-08 09:46:52,562-DEBUG-root-42604::webapp_internal::fill_grid|6486:: Trying to select cell in grid!
2025-12-08 09:46:52,564-DEBUG-root-42604::base::click|192:: Click Type: ClickType.ACTIONCHAINS
2025-12-08 09:46:52,847-DEBUG-root-42604::webapp_internal::fill_grid|6486:: Trying to select cell in grid!
2025-12-08 09:46:52,849-DEBUG-root-42604::base::click|192:: Click Type: ClickType.ACTIONCHAINS
2025-12-08 09:46:53,134-DEBUG-root-42604::webapp_internal::fill_grid|6486:: Trying to select cell in grid!
2025-12-08 09:46:53,139-DEBUG-root-42604::base::click|192:: Click Type: ClickType.ACTIONCHAINS
2025-12-08 09:46:53,430-DEBUG-root-42604::webapp_internal::fill_grid|6486:: Trying to select cell in grid!
2025-12-08 09:46:53,431-DEBUG-root-42604::base::click|192:: Click Type: ClickType.ACTIONCHAINS
2025-12-08 09:46:53,728-DEBUG-root-42604::webapp_internal::fill_grid|6486:: Trying to select cell in grid!
2025-12-08 09:46:53,730-DEBUG-root-42604::base::click|192:: Click Type: ClickType.ACTIONCHAINS
2025-12-08 09:46:54,022-DEBUG-root-42604::webapp_internal::fill_grid|6486:: Trying to select cell in grid!
2025-12-08 09:46:54,024-DEBUG-root-42604::base::click|192:: Click Type: ClickType.ACTIONCHAINS
2025-12-08 09:46:54,312-DEBUG-root-42604::webapp_internal::fill_grid|6486:: Trying to select cell in grid!
2025-12-08 09:46:54,314-DEBUG-root-42604::base::click|192:: Click Type: ClickType.ACTIONCHAINS
2025-12-08 09:46:54,610-DEBUG-root-42604::webapp_internal::fill_grid|6486:: Trying to select cell in grid!
2025-12-08 09:46:54,612-DEBUG-root-42604::base::click|192:: Click Type: ClickType.ACTIONCHAINS
2025-12-08 09:46:54,875-DEBUG-root-42604::webapp_internal::fill_grid|6486:: Trying to select cell in grid!
2025-12-08 09:46:54,878-DEBUG-root-42604::base::click|192:: Click Type: ClickType.ACTIONCHAINS
2025-12-08 09:46:55,171-DEBUG-root-42604::webapp_internal::fill_grid|6486:: Trying to select cell in grid!
2025-12-08 09:46:55,173-DEBUG-root-42604::base::click|192:: Click Type: ClickType.ACTIONCHAINS
2025-12-08 09:46:55,462-DEBUG-root-42604::webapp_internal::fill_grid|6486:: Trying to select cell in grid!
2025-12-08 09:46:55,464-DEBUG-root-42604::base::click|192:: Click Type: ClickType.ACTIONCHAINS
2025-12-08 09:46:55,746-DEBUG-root-42604::webapp_internal::fill_grid|6486:: Trying to select cell in grid!
2025-12-08 09:46:55,749-DEBUG-root-42604::base::click|192:: Click Type: ClickType.ACTIONCHAINS
2025-12-08 09:46:56,043-DEBUG-root-42604::webapp_internal::fill_grid|6486:: Trying to select cell in grid!
2025-12-08 09:46:56,045-DEBUG-root-42604::base::click|192:: Click Type: ClickType.ACTIONCHAINS
2025-12-08 09:46:56,334-DEBUG-root-42604::webapp_internal::fill_grid|6486:: Trying to select cell in grid!
2025-12-08 09:46:56,339-DEBUG-root-42604::base::click|192:: Click Type: ClickType.ACTIONCHAINS
2025-12-08 09:46:56,630-DEBUG-root-42604::webapp_internal::fill_grid|6486:: Trying to select cell in grid!
2025-12-08 09:46:56,632-DEBUG-root-42604::base::click|192:: Click Type: ClickType.ACTIONCHAINS
2025-12-08 09:46:56,928-DEBUG-root-42604::webapp_internal::fill_grid|6486:: Trying to select cell in grid!
2025-12-08 09:46:56,930-DEBUG-root-42604::base::click|192:: Click Type: ClickType.ACTIONCHAINS
2025-12-08 09:46:57,226-DEBUG-root-42604::webapp_internal::fill_grid|6486:: Trying to select cell in grid!
2025-12-08 09:46:57,227-DEBUG-root-42604::base::click|192:: Click Type: ClickType.ACTIONCHAINS
2025-12-08 09:46:57,514-DEBUG-root-42604::webapp_internal::fill_grid|6486:: Trying to select cell in grid!
2025-12-08 09:46:57,517-DEBUG-root-42604::base::click|192:: Click Type: ClickType.ACTIONCHAINS
2025-12-08 09:46:57,811-DEBUG-root-42604::webapp_internal::fill_grid|6486:: Trying to select cell in grid!
2025-12-08 09:46:57,812-DEBUG-root-42604::base::click|192:: Click Type: ClickType.ACTIONCHAINS
2025-12-08 09:46:58,107-DEBUG-root-42604::webapp_internal::fill_grid|6486:: Trying to select cell in grid!
2025-12-08 09:46:58,109-DEBUG-root-42604::base::click|192:: Click Type: ClickType.ACTIONCHAINS
2025-12-08 09:46:58,397-DEBUG-root-42604::webapp_internal::fill_grid|6486:: Trying to select cell in grid!
2025-12-08 09:46:58,399-DEBUG-root-42604::base::click|192:: Click Type: ClickType.ACTIONCHAINS
2025-12-08 09:46:58,694-DEBUG-root-42604::webapp_internal::fill_grid|6486:: Trying to select cell in grid!
2025-12-08 09:46:58,697-DEBUG-root-42604::base::click|192:: Click Type: ClickType.ACTIONCHAINS
2025-12-08 09:46:58,958-DEBUG-root-42604::webapp_internal::fill_grid|6486:: Trying to select cell in grid!
2025-12-08 09:46:58,960-DEBUG-root-42604::base::click|192:: Click Type: ClickType.ACTIONCHAINS
2025-12-08 09:46:59,225-DEBUG-root-42604::webapp_internal::fill_grid|6486:: Trying to select cell in grid!
2025-12-08 09:46:59,227-DEBUG-root-42604::base::click|192:: Click Type: ClickType.ACTIONCHAINS
2025-12-08 09:46:59,517-DEBUG-root-42604::webapp_internal::fill_grid|6486:: Trying to select cell in grid!
2025-12-08 09:46:59,522-DEBUG-root-42604::base::click|192:: Click Type: ClickType.ACTIONCHAINS
2025-12-08 09:46:59,812-DEBUG-root-42604::webapp_internal::fill_grid|6486:: Trying to select cell in grid!
2025-12-08 09:46:59,814-DEBUG-root-42604::base::click|192:: Click Type: ClickType.ACTIONCHAINS
2025-12-08 09:47:00,095-DEBUG-root-42604::webapp_internal::fill_grid|6486:: Trying to select cell in grid!
2025-12-08 09:47:00,098-DEBUG-root-42604::base::click|192:: Click Type: ClickType.ACTIONCHAINS
2025-12-08 09:47:00,391-DEBUG-root-42604::webapp_internal::fill_grid|6486:: Trying to select cell in grid!
2025-12-08 09:47:00,393-DEBUG-root-42604::base::click|192:: Click Type: ClickType.ACTIONCHAINS
2025-12-08 09:47:00,683-DEBUG-root-42604::webapp_internal::fill_grid|6486:: Trying to select cell in grid!
2025-12-08 09:47:00,688-DEBUG-root-42604::base::click|192:: Click Type: ClickType.ACTIONCHAINS
2025-12-08 09:47:00,978-DEBUG-root-42604::webapp_internal::fill_grid|6486:: Trying to select cell in grid!
2025-12-08 09:47:00,980-DEBUG-root-42604::base::click|192:: Click Type: ClickType.ACTIONCHAINS
2025-12-08 09:47:01,267-DEBUG-root-42604::webapp_internal::fill_grid|6486:: Trying to select cell in grid!
2025-12-08 09:47:01,273-DEBUG-root-42604::base::click|192:: Click Type: ClickType.ACTIONCHAINS
2025-12-08 09:47:01,559-DEBUG-root-42604::webapp_internal::fill_grid|6486:: Trying to select cell in grid!
2025-12-08 09:47:01,560-DEBUG-root-42604::base::click|192:: Click Type: ClickType.ACTIONCHAINS
2025-12-08 09:47:01,847-DEBUG-root-42604::webapp_internal::fill_grid|6486:: Trying to select cell in grid!
2025-12-08 09:47:01,849-DEBUG-root-42604::base::click|192:: Click Type: ClickType.ACTIONCHAINS
2025-12-08 09:47:02,145-DEBUG-root-42604::webapp_internal::fill_grid|6486:: Trying to select cell in grid!
2025-12-08 09:47:02,147-DEBUG-root-42604::base::click|192:: Click Type: ClickType.ACTIONCHAINS
2025-12-08 09:47:02,441-DEBUG-root-42604::webapp_internal::fill_grid|6486:: Trying to select cell in grid!
2025-12-08 09:47:02,443-DEBUG-root-42604::base::click|192:: Click Type: ClickType.ACTIONCHAINS
2025-12-08 09:47:02,730-DEBUG-root-42604::webapp_internal::fill_grid|6486:: Trying to select cell in grid!
2025-12-08 09:47:02,732-DEBUG-root-42604::base::click|192:: Click Type: ClickType.ACTIONCHAINS
2025-12-08 09:47:02,997-DEBUG-root-42604::webapp_internal::fill_grid|6486:: Trying to select cell in grid!
2025-12-08 09:47:02,999-DEBUG-root-42604::base::click|192:: Click Type: ClickType.ACTIONCHAINS
2025-12-08 09:47:03,295-DEBUG-root-42604::webapp_internal::fill_grid|6486:: Trying to select cell in grid!
2025-12-08 09:47:03,297-DEBUG-root-42604::base::click|192:: Click Type: ClickType.ACTIONCHAINS
2025-12-08 09:47:03,584-DEBUG-root-42604::webapp_internal::fill_grid|6486:: Trying to select cell in grid!
2025-12-08 09:47:03,589-DEBUG-root-42604::base::click|192:: Click Type: ClickType.ACTIONCHAINS
2025-12-08 09:47:03,854-DEBUG-root-42604::webapp_internal::fill_grid|6486:: Trying to select cell in grid!
2025-12-08 09:47:03,858-DEBUG-root-42604::base::click|192:: Click Type: ClickType.ACTIONCHAINS
2025-12-08 09:47:04,147-DEBUG-root-42604::webapp_internal::fill_grid|6486:: Trying to select cell in grid!
2025-12-08 09:47:04,149-DEBUG-root-42604::base::click|192:: Click Type: ClickType.ACTIONCHAINS
2025-12-08 09:47:04,441-DEBUG-root-42604::webapp_internal::fill_grid|6486:: Trying to select cell in grid!
2025-12-08 09:47:04,444-DEBUG-root-42604::base::click|192:: Click Type: ClickType.ACTIONCHAINS
2025-12-08 09:47:04,709-DEBUG-root-42604::webapp_internal::fill_grid|6486:: Trying to select cell in grid!
2025-12-08 09:47:04,711-DEBUG-root-42604::base::click|192:: Click Type: ClickType.ACTIONCHAINS
2025-12-08 09:47:05,006-DEBUG-root-42604::webapp_internal::fill_grid|6486:: Trying to select cell in grid!
2025-12-08 09:47:05,009-DEBUG-root-42604::base::click|192:: Click Type: ClickType.ACTIONCHAINS
2025-12-08 09:47:05,299-DEBUG-root-42604::webapp_internal::fill_grid|6486:: Trying to select cell in grid!
2025-12-08 09:47:05,301-DEBUG-root-42604::base::click|192:: Click Type: ClickType.ACTIONCHAINS
2025-12-08 09:47:05,597-DEBUG-root-42604::webapp_internal::fill_grid|6486:: Trying to select cell in grid!
2025-12-08 09:47:05,600-DEBUG-root-42604::base::click|192:: Click Type: ClickType.ACTIONCHAINS
2025-12-08 09:47:05,889-DEBUG-root-42604::webapp_internal::fill_grid|6486:: Trying to select cell in grid!
2025-12-08 09:47:05,891-DEBUG-root-42604::base::click|192:: Click Type: ClickType.ACTIONCHAINS
2025-12-08 09:47:06,156-DEBUG-root-42604::webapp_internal::fill_grid|6486:: Trying to select cell in grid!
2025-12-08 09:47:06,159-DEBUG-root-42604::base::click|192:: Click Type: ClickType.ACTIONCHAINS
2025-12-08 09:47:06,426-DEBUG-root-42604::webapp_internal::fill_grid|6486:: Trying to select cell in grid!
2025-12-08 09:47:06,429-DEBUG-root-42604::base::click|192:: Click Type: ClickType.ACTIONCHAINS
2025-12-08 09:47:06,716-DEBUG-root-42604::webapp_internal::fill_grid|6486:: Trying to select cell in grid!
2025-12-08 09:47:06,722-DEBUG-root-42604::base::click|192:: Click Type: ClickType.ACTIONCHAINS
2025-12-08 09:47:07,012-DEBUG-root-42604::webapp_internal::fill_grid|6486:: Trying to select cell in grid!
2025-12-08 09:47:07,014-DEBUG-root-42604::base::click|192:: Click Type: ClickType.ACTIONCHAINS
2025-12-08 09:47:12,360-DEBUG-root-42604::webapp_internal::fill_grid|6498:: Trying open cell in grid!
2025-12-08 09:47:12,647-DEBUG-root-42604::webapp_internal::wait_blocker|2444:: Waiting blocker to continue...
2025-12-08 09:47:12,790-DEBUG-root-42604::webapp_internal::wait_blocker|2469:: Blocker status: False
2025-12-08 09:47:12,977-DEBUG-root-42604::webapp_internal::wait_element_timeout|7726:: Element found! Waiting for element to be displayed.
2025-12-08 09:47:13,329-DEBUG-root-42604::webapp_internal::fill_grid|6577:: Sending keys: 227884
2025-12-08 09:47:13,648-DEBUG-root-42604::webapp_internal::wait_blocker|2444:: Waiting blocker to continue...
2025-12-08 09:47:13,791-DEBUG-root-42604::webapp_internal::wait_blocker|2469:: Blocker status: False
2025-12-08 09:47:13,949-DEBUG-root-42604::webapp_internal::wait_element_timeout|7726:: Element found! Waiting for element to be displayed.
2025-12-08 09:47:14,259-INFO-root-42604::webapp_internal::ClickFolder|5081:: Clicking on folder: Transporte
2025-12-08 09:47:14,260-DEBUG-root-42604::webapp_internal::wait_blocker|2444:: Waiting blocker to continue...
2025-12-08 09:47:14,428-DEBUG-root-42604::webapp_internal::wait_blocker|2469:: Blocker status: False
2025-12-08 09:47:14,461-DEBUG-root-42604::webapp_internal::wait_element|7623:: Waiting for element
2025-12-08 09:47:14,739-DEBUG-root-42604::webapp_internal::wait_element|7653:: Element found! Waiting for element to be displayed.
2025-12-08 09:47:16,279-DEBUG-root-42604::webapp_internal::wait_blocker|2444:: Waiting blocker to continue...
2025-12-08 09:47:16,448-DEBUG-root-42604::webapp_internal::wait_blocker|2469:: Blocker status: False
2025-12-08 09:47:16,449-INFO-root-42604::webapp_internal::SetKey|5822:: Key pressed: TAB
2025-12-08 09:47:16,449-DEBUG-root-42604::webapp_internal::SetKey|5857:: Trying press key
2025-12-08 09:47:16,449-DEBUG-root-42604::webapp_internal::wait_element|7623:: Waiting for element
2025-12-08 09:47:16,559-DEBUG-root-42604::webapp_internal::wait_element|7653:: Element found! Waiting for element to be displayed.
2025-12-08 09:47:16,845-DEBUG-root-42604::webapp_internal::wait_blocker|2444:: Waiting blocker to continue...
2025-12-08 09:47:16,979-DEBUG-root-42604::webapp_internal::wait_blocker|2469:: Blocker status: False
2025-12-08 09:47:16,980-INFO-root-42604::webapp_internal::LoadGrid|6298:: Filling grid field: Tipo
2025-12-08 09:47:16,980-DEBUG-root-42604::webapp_internal::fill_grid|6399:: Grid loading...
2025-12-08 09:47:17,334-DEBUG-root-42604::webapp_internal::fill_grid|6466:: Column found!
2025-12-08 09:47:17,376-DEBUG-root-42604::base::click|192:: Click Type: ClickType.ACTIONCHAINS
2025-12-08 09:47:22,815-DEBUG-root-42604::webapp_internal::fill_grid|6498:: Trying open cell in grid!
2025-12-08 09:47:23,105-DEBUG-root-42604::webapp_internal::wait_blocker|2444:: Waiting blocker to continue...
2025-12-08 09:47:23,280-DEBUG-root-42604::webapp_internal::wait_blocker|2469:: Blocker status: False
2025-12-08 09:47:23,523-DEBUG-root-42604::webapp_internal::wait_element_timeout|7726:: Element found! Waiting for element to be displayed.
2025-12-08 09:47:24,888-INFO-root-42604::base::select_combo|871:: Selected value for combo is: 1 - Aereo
2025-12-08 09:47:25,090-DEBUG-root-42604::webapp_internal::wait_blocker|2444:: Waiting blocker to continue...
2025-12-08 09:47:25,217-DEBUG-root-42604::webapp_internal::wait_blocker|2469:: Blocker status: False
2025-12-08 09:47:25,247-DEBUG-root-42604::webapp_internal::wait_blocker|2444:: Waiting blocker to continue...
2025-12-08 09:47:25,390-DEBUG-root-42604::webapp_internal::wait_blocker|2469:: Blocker status: False
2025-12-08 09:47:25,390-DEBUG-root-42604::webapp_internal::send_action|10480:: Trying to send action
2025-12-08 09:47:26,429-DEBUG-root-42604::webapp_internal::send_action|10522:: send_action method result = True
2025-12-08 09:47:26,429-DEBUG-root-42604::webapp_internal::send_action|10523:: send_action selenium status: False
2025-12-08 09:47:26,429-DEBUG-root-42604::webapp_internal::wait_blocker|2444:: Waiting blocker to continue...
2025-12-08 09:47:26,593-DEBUG-root-42604::webapp_internal::wait_blocker|2469:: Blocker status: False
2025-12-08 09:47:26,593-INFO-root-42604::webapp_internal::SetKey|5822:: Key pressed: TAB
2025-12-08 09:47:26,593-DEBUG-root-42604::webapp_internal::SetKey|5857:: Trying press key
2025-12-08 09:47:26,593-DEBUG-root-42604::webapp_internal::wait_element|7623:: Waiting for element
2025-12-08 09:47:26,691-DEBUG-root-42604::webapp_internal::wait_element|7653:: Element found! Waiting for element to be displayed.
2025-12-08 09:47:26,961-DEBUG-root-42604::webapp_internal::wait_blocker|2444:: Waiting blocker to continue...
2025-12-08 09:47:27,095-DEBUG-root-42604::webapp_internal::wait_blocker|2469:: Blocker status: False
2025-12-08 09:47:27,095-INFO-root-42604::webapp_internal::LoadGrid|6298:: Filling grid field: Partida
2025-12-08 09:47:27,095-DEBUG-root-42604::webapp_internal::fill_grid|6399:: Grid loading...
2025-12-08 09:47:27,450-DEBUG-root-42604::webapp_internal::fill_grid|6466:: Column found!
2025-12-08 09:47:27,491-DEBUG-root-42604::base::click|192:: Click Type: ClickType.ACTIONCHAINS
2025-12-08 09:47:32,948-DEBUG-root-42604::webapp_internal::fill_grid|6498:: Trying open cell in grid!
2025-12-08 09:47:33,234-DEBUG-root-42604::webapp_internal::wait_blocker|2444:: Waiting blocker to continue...
2025-12-08 09:47:33,428-DEBUG-root-42604::webapp_internal::wait_blocker|2469:: Blocker status: False
2025-12-08 09:47:33,617-DEBUG-root-42604::webapp_internal::wait_element_timeout|7726:: Element found! Waiting for element to be displayed.
2025-12-08 09:47:34,010-DEBUG-root-42604::webapp_internal::fill_grid|6577:: Sending keys: 21/12/2025
2025-12-08 09:47:34,325-DEBUG-root-42604::webapp_internal::wait_blocker|2444:: Waiting blocker to continue...
2025-12-08 09:47:34,496-DEBUG-root-42604::webapp_internal::wait_blocker|2469:: Blocker status: False
2025-12-08 09:47:39,929-DEBUG-root-42604::webapp_internal::wait_blocker|2444:: Waiting blocker to continue...
2025-12-08 09:47:40,063-DEBUG-root-42604::webapp_internal::wait_blocker|2469:: Blocker status: False
2025-12-08 09:47:40,091-DEBUG-root-42604::webapp_internal::wait_blocker|2444:: Waiting blocker to continue...
2025-12-08 09:47:40,228-DEBUG-root-42604::webapp_internal::wait_blocker|2469:: Blocker status: False
2025-12-08 09:47:40,228-DEBUG-root-42604::webapp_internal::send_action|10480:: Trying to send action
2025-12-08 09:47:41,269-DEBUG-root-42604::webapp_internal::send_action|10522:: send_action method result = True
2025-12-08 09:47:41,269-DEBUG-root-42604::webapp_internal::send_action|10523:: send_action selenium status: False
2025-12-08 09:47:41,271-DEBUG-root-42604::webapp_internal::wait_blocker|2444:: Waiting blocker to continue...
2025-12-08 09:47:41,399-DEBUG-root-42604::webapp_internal::wait_blocker|2469:: Blocker status: False
2025-12-08 09:47:41,399-INFO-root-42604::webapp_internal::SetKey|5822:: Key pressed: TAB
2025-12-08 09:47:41,400-DEBUG-root-42604::webapp_internal::SetKey|5857:: Trying press key
2025-12-08 09:47:41,400-DEBUG-root-42604::webapp_internal::wait_element|7623:: Waiting for element
2025-12-08 09:47:41,501-DEBUG-root-42604::webapp_internal::wait_element|7653:: Element found! Waiting for element to be displayed.
2025-12-08 09:47:41,759-DEBUG-root-42604::webapp_internal::wait_blocker|2444:: Waiting blocker to continue...
2025-12-08 09:47:41,882-DEBUG-root-42604::webapp_internal::wait_blocker|2469:: Blocker status: False
2025-12-08 09:47:41,882-INFO-root-42604::webapp_internal::LoadGrid|6298:: Filling grid field: Hora Partida
2025-12-08 09:47:41,882-DEBUG-root-42604::webapp_internal::fill_grid|6399:: Grid loading...
2025-12-08 09:47:42,282-DEBUG-root-42604::webapp_internal::fill_grid|6466:: Column found!
2025-12-08 09:47:42,323-DEBUG-root-42604::base::click|192:: Click Type: ClickType.ACTIONCHAINS
2025-12-08 09:47:47,734-DEBUG-root-42604::webapp_internal::fill_grid|6498:: Trying open cell in grid!
2025-12-08 09:47:48,008-DEBUG-root-42604::webapp_internal::wait_blocker|2444:: Waiting blocker to continue...
2025-12-08 09:47:48,159-DEBUG-root-42604::webapp_internal::wait_blocker|2469:: Blocker status: False
2025-12-08 09:47:48,379-DEBUG-root-42604::webapp_internal::wait_element_timeout|7726:: Element found! Waiting for element to be displayed.
2025-12-08 09:47:48,807-DEBUG-root-42604::webapp_internal::fill_grid|6577:: Sending keys: 08:00
2025-12-08 09:47:49,117-DEBUG-root-42604::webapp_internal::wait_blocker|2444:: Waiting blocker to continue...
2025-12-08 09:47:49,294-DEBUG-root-42604::webapp_internal::wait_blocker|2469:: Blocker status: False
2025-12-08 09:47:54,811-DEBUG-root-42604::webapp_internal::wait_blocker|2444:: Waiting blocker to continue...
2025-12-08 09:47:54,940-DEBUG-root-42604::webapp_internal::wait_blocker|2469:: Blocker status: False
2025-12-08 09:47:54,966-DEBUG-root-42604::webapp_internal::wait_blocker|2444:: Waiting blocker to continue...
2025-12-08 09:47:55,098-DEBUG-root-42604::webapp_internal::wait_blocker|2469:: Blocker status: False
2025-12-08 09:47:55,098-DEBUG-root-42604::webapp_internal::send_action|10480:: Trying to send action
2025-12-08 09:47:56,137-DEBUG-root-42604::webapp_internal::send_action|10522:: send_action method result = True
2025-12-08 09:47:56,138-DEBUG-root-42604::webapp_internal::send_action|10523:: send_action selenium status: False
2025-12-08 09:47:56,138-DEBUG-root-42604::webapp_internal::wait_blocker|2444:: Waiting blocker to continue...
2025-12-08 09:47:56,267-DEBUG-root-42604::webapp_internal::wait_blocker|2469:: Blocker status: False
2025-12-08 09:47:56,267-INFO-root-42604::webapp_internal::SetKey|5822:: Key pressed: TAB
2025-12-08 09:47:56,267-DEBUG-root-42604::webapp_internal::SetKey|5857:: Trying press key
2025-12-08 09:47:56,268-DEBUG-root-42604::webapp_internal::wait_element|7623:: Waiting for element
2025-12-08 09:47:56,362-DEBUG-root-42604::webapp_internal::wait_element|7653:: Element found! Waiting for element to be displayed.
2025-12-08 09:47:56,623-DEBUG-root-42604::webapp_internal::wait_blocker|2444:: Waiting blocker to continue...
2025-12-08 09:47:56,750-DEBUG-root-42604::webapp_internal::wait_blocker|2469:: Blocker status: False
2025-12-08 09:47:56,751-INFO-root-42604::webapp_internal::LoadGrid|6298:: Filling grid field: Origem
2025-12-08 09:47:56,751-DEBUG-root-42604::webapp_internal::fill_grid|6399:: Grid loading...
2025-12-08 09:47:57,125-DEBUG-root-42604::webapp_internal::fill_grid|6466:: Column found!
2025-12-08 09:47:57,161-DEBUG-root-42604::base::click|192:: Click Type: ClickType.ACTIONCHAINS
2025-12-08 09:48:02,560-DEBUG-root-42604::webapp_internal::fill_grid|6498:: Trying open cell in grid!
2025-12-08 09:48:02,851-DEBUG-root-42604::webapp_internal::wait_blocker|2444:: Waiting blocker to continue...
2025-12-08 09:48:03,009-DEBUG-root-42604::webapp_internal::wait_blocker|2469:: Blocker status: False
2025-12-08 09:48:03,196-DEBUG-root-42604::webapp_internal::wait_element_timeout|7726:: Element found! Waiting for element to be displayed.
2025-12-08 09:48:03,542-DEBUG-root-42604::webapp_internal::fill_grid|6577:: Sending keys: DF00108
2025-12-08 09:48:03,851-DEBUG-root-42604::webapp_internal::wait_blocker|2444:: Waiting blocker to continue...
2025-12-08 09:48:04,014-DEBUG-root-42604::webapp_internal::wait_blocker|2469:: Blocker status: False
2025-12-08 09:48:04,210-DEBUG-root-42604::webapp_internal::wait_element_timeout|7726:: Element found! Waiting for element to be displayed.
2025-12-08 09:48:04,723-DEBUG-root-42604::webapp_internal::wait_blocker|2444:: Waiting blocker to continue...
2025-12-08 09:48:04,913-DEBUG-root-42604::webapp_internal::wait_blocker|2469:: Blocker status: False
2025-12-08 09:48:04,941-DEBUG-root-42604::webapp_internal::wait_blocker|2444:: Waiting blocker to continue...
2025-12-08 09:48:05,090-DEBUG-root-42604::webapp_internal::wait_blocker|2469:: Blocker status: False
2025-12-08 09:48:05,090-DEBUG-root-42604::webapp_internal::send_action|10480:: Trying to send action
2025-12-08 09:48:06,125-DEBUG-root-42604::webapp_internal::send_action|10522:: send_action method result = True
2025-12-08 09:48:06,125-DEBUG-root-42604::webapp_internal::send_action|10523:: send_action selenium status: False
2025-12-08 09:48:06,125-DEBUG-root-42604::webapp_internal::wait_blocker|2444:: Waiting blocker to continue...
2025-12-08 09:48:06,281-DEBUG-root-42604::webapp_internal::wait_blocker|2469:: Blocker status: False
2025-12-08 09:48:06,282-INFO-root-42604::webapp_internal::SetKey|5822:: Key pressed: TAB
2025-12-08 09:48:06,282-DEBUG-root-42604::webapp_internal::SetKey|5857:: Trying press key
2025-12-08 09:48:06,282-DEBUG-root-42604::webapp_internal::wait_element|7623:: Waiting for element
2025-12-08 09:48:06,396-DEBUG-root-42604::webapp_internal::wait_element|7653:: Element found! Waiting for element to be displayed.
2025-12-08 09:48:06,674-DEBUG-root-42604::webapp_internal::wait_blocker|2444:: Waiting blocker to continue...
2025-12-08 09:48:06,801-DEBUG-root-42604::webapp_internal::wait_blocker|2469:: Blocker status: False
2025-12-08 09:48:06,801-INFO-root-42604::webapp_internal::LoadGrid|6298:: Filling grid field: Destino
2025-12-08 09:48:06,803-DEBUG-root-42604::webapp_internal::fill_grid|6399:: Grid loading...
2025-12-08 09:48:07,161-DEBUG-root-42604::webapp_internal::fill_grid|6466:: Column found!
2025-12-08 09:48:07,206-DEBUG-root-42604::base::click|192:: Click Type: ClickType.ACTIONCHAINS
2025-12-08 09:48:12,573-DEBUG-root-42604::webapp_internal::fill_grid|6498:: Trying open cell in grid!
2025-12-08 09:48:12,852-DEBUG-root-42604::webapp_internal::wait_blocker|2444:: Waiting blocker to continue...
2025-12-08 09:48:13,011-DEBUG-root-42604::webapp_internal::wait_blocker|2469:: Blocker status: False
2025-12-08 09:48:13,243-DEBUG-root-42604::webapp_internal::wait_element_timeout|7726:: Element found! Waiting for element to be displayed.
2025-12-08 09:48:13,580-DEBUG-root-42604::webapp_internal::fill_grid|6577:: Sending keys: GO08707
2025-12-08 09:48:13,863-DEBUG-root-42604::webapp_internal::wait_blocker|2444:: Waiting blocker to continue...
2025-12-08 09:48:13,996-DEBUG-root-42604::webapp_internal::wait_blocker|2469:: Blocker status: False
2025-12-08 09:48:14,158-DEBUG-root-42604::webapp_internal::wait_element_timeout|7726:: Element found! Waiting for element to be displayed.
2025-12-08 09:48:14,718-DEBUG-root-42604::webapp_internal::wait_blocker|2444:: Waiting blocker to continue...
2025-12-08 09:48:14,884-DEBUG-root-42604::webapp_internal::wait_blocker|2469:: Blocker status: False
2025-12-08 09:48:14,914-DEBUG-root-42604::webapp_internal::wait_blocker|2444:: Waiting blocker to continue...
2025-12-08 09:48:15,058-DEBUG-root-42604::webapp_internal::wait_blocker|2469:: Blocker status: False
2025-12-08 09:48:15,058-DEBUG-root-42604::webapp_internal::send_action|10480:: Trying to send action
2025-12-08 09:48:16,097-DEBUG-root-42604::webapp_internal::send_action|10522:: send_action method result = True
2025-12-08 09:48:16,097-DEBUG-root-42604::webapp_internal::send_action|10523:: send_action selenium status: False
2025-12-08 09:48:16,098-DEBUG-root-42604::webapp_internal::wait_blocker|2444:: Waiting blocker to continue...
2025-12-08 09:48:16,239-DEBUG-root-42604::webapp_internal::wait_blocker|2469:: Blocker status: False
2025-12-08 09:48:16,239-INFO-root-42604::webapp_internal::SetKey|5822:: Key pressed: TAB
2025-12-08 09:48:16,239-DEBUG-root-42604::webapp_internal::SetKey|5857:: Trying press key
2025-12-08 09:48:16,239-DEBUG-root-42604::webapp_internal::wait_element|7623:: Waiting for element
2025-12-08 09:48:16,344-DEBUG-root-42604::webapp_internal::wait_element|7653:: Element found! Waiting for element to be displayed.
2025-12-08 09:48:16,641-DEBUG-root-42604::webapp_internal::wait_blocker|2444:: Waiting blocker to continue...
2025-12-08 09:48:16,779-DEBUG-root-42604::webapp_internal::wait_blocker|2469:: Blocker status: False
2025-12-08 09:48:16,779-INFO-root-42604::webapp_internal::LoadGrid|6298:: Filling grid field: Chegada
2025-12-08 09:48:16,779-DEBUG-root-42604::webapp_internal::fill_grid|6399:: Grid loading...
2025-12-08 09:48:17,178-DEBUG-root-42604::webapp_internal::fill_grid|6466:: Column found!
2025-12-08 09:48:17,217-DEBUG-root-42604::base::click|192:: Click Type: ClickType.ACTIONCHAINS
2025-12-08 09:48:22,628-DEBUG-root-42604::webapp_internal::fill_grid|6498:: Trying open cell in grid!
2025-12-08 09:48:22,918-DEBUG-root-42604::webapp_internal::wait_blocker|2444:: Waiting blocker to continue...
2025-12-08 09:48:23,061-DEBUG-root-42604::webapp_internal::wait_blocker|2469:: Blocker status: False
2025-12-08 09:48:23,246-DEBUG-root-42604::webapp_internal::wait_element_timeout|7726:: Element found! Waiting for element to be displayed.
2025-12-08 09:48:23,596-DEBUG-root-42604::webapp_internal::fill_grid|6577:: Sending keys: 21/12/2025
2025-12-08 09:48:23,909-DEBUG-root-42604::webapp_internal::wait_blocker|2444:: Waiting blocker to continue...
2025-12-08 09:48:24,066-DEBUG-root-42604::webapp_internal::wait_blocker|2469:: Blocker status: False
2025-12-08 09:48:29,548-DEBUG-root-42604::webapp_internal::wait_blocker|2444:: Waiting blocker to continue...
2025-12-08 09:48:29,678-DEBUG-root-42604::webapp_internal::wait_blocker|2469:: Blocker status: False
2025-12-08 09:48:29,704-DEBUG-root-42604::webapp_internal::wait_blocker|2444:: Waiting blocker to continue...
2025-12-08 09:48:29,857-DEBUG-root-42604::webapp_internal::wait_blocker|2469:: Blocker status: False
2025-12-08 09:48:29,857-DEBUG-root-42604::webapp_internal::send_action|10480:: Trying to send action
2025-12-08 09:48:30,897-DEBUG-root-42604::webapp_internal::send_action|10522:: send_action method result = True
2025-12-08 09:48:30,897-DEBUG-root-42604::webapp_internal::send_action|10523:: send_action selenium status: False
2025-12-08 09:48:30,898-DEBUG-root-42604::webapp_internal::wait_element|7623:: Waiting for element
2025-12-08 09:48:30,996-DEBUG-root-42604::webapp_internal::wait_element|7653:: Element found! Waiting for element to be displayed.
2025-12-08 09:48:31,254-DEBUG-root-42604::webapp_internal::wait_blocker|2444:: Waiting blocker to continue...
2025-12-08 09:48:31,380-DEBUG-root-42604::webapp_internal::wait_blocker|2469:: Blocker status: False
2025-12-08 09:48:31,381-INFO-root-42604::webapp_internal::LoadGrid|6298:: Filling grid field: Hora Chegada
2025-12-08 09:48:31,381-DEBUG-root-42604::webapp_internal::fill_grid|6399:: Grid loading...
2025-12-08 09:48:31,767-DEBUG-root-42604::webapp_internal::fill_grid|6466:: Column found!
2025-12-08 09:48:31,805-DEBUG-root-42604::base::click|192:: Click Type: ClickType.ACTIONCHAINS
2025-12-08 09:48:37,224-DEBUG-root-42604::webapp_internal::fill_grid|6498:: Trying open cell in grid!
2025-12-08 09:48:37,513-DEBUG-root-42604::webapp_internal::wait_blocker|2444:: Waiting blocker to continue...
2025-12-08 09:48:37,666-DEBUG-root-42604::webapp_internal::wait_blocker|2469:: Blocker status: False
2025-12-08 09:48:37,872-DEBUG-root-42604::webapp_internal::wait_element_timeout|7726:: Element found! Waiting for element to be displayed.
2025-12-08 09:48:38,213-DEBUG-root-42604::webapp_internal::fill_grid|6577:: Sending keys: 12:00
2025-12-08 09:48:38,523-DEBUG-root-42604::webapp_internal::wait_blocker|2444:: Waiting blocker to continue...
2025-12-08 09:48:38,710-DEBUG-root-42604::webapp_internal::wait_blocker|2469:: Blocker status: False
2025-12-08 09:48:44,008-DEBUG-root-42604::webapp_internal::wait_blocker|2444:: Waiting blocker to continue...
2025-12-08 09:48:44,144-DEBUG-root-42604::webapp_internal::wait_blocker|2469:: Blocker status: False
2025-12-08 09:48:44,144-INFO-root-42604::webapp_internal::SetKey|5822:: Key pressed: DOWN
2025-12-08 09:48:44,144-DEBUG-root-42604::webapp_internal::SetFocus|6011:: Setting focus on element Item.
2025-12-08 09:50:02,022-ERROR-root-42604::webapp_internal::search_element_position|2684:: Message: WebDriver session does not exist, or is not active
Stacktrace:
RemoteError@chrome://remote/content/shared/RemoteError.sys.mjs:8:8
WebDriverError@chrome://remote/content/shared/webdriver/Errors.sys.mjs:202:5
InvalidSessionIDError@chrome://remote/content/shared/webdriver/Errors.sys.mjs:472:5
assert.that/<@chrome://remote/content/shared/webdriver/Assert.sys.mjs:581:13
assert.session@chrome://remote/content/shared/webdriver/Assert.sys.mjs:38:4
dispatch@chrome://remote/content/marionette/server.sys.mjs:315:19
execute@chrome://remote/content/marionette/server.sys.mjs:289:16
onPacket/<@chrome://remote/content/marionette/server.sys.mjs:262:20
onPacket@chrome://remote/content/marionette/server.sys.mjs:263:9
_onJSONObjectReady/<@chrome://remote/content/marionette/transport.sys.mjs:494:20
Traceback (most recent call last):
  File "C:\TIR_TESTE\venv\Lib\site-packages\tir\technologies\webapp_internal.py", line 2597, in search_element_position
    labels_displayed = list(filter(lambda x: self.element_is_displayed(x) ,labels))
                       ^^^^^^^^^^^^^^^^^^^^^^^^^^^^^^^^^^^^^^^^^^^^^^^^^^^^^^^^^^^^
  File "C:\TIR_TESTE\venv\Lib\site-packages\tir\technologies\webapp_internal.py", line 2597, in <lambda>
    labels_displayed = list(filter(lambda x: self.element_is_displayed(x) ,labels))
                                             ^^^^^^^^^^^^^^^^^^^^^^^^^^^^
  File "C:\TIR_TESTE\venv\Lib\site-packages\tir\technologies\webapp_internal.py", line 9752, in element_is_displayed
    element_selenium = self.soup_to_selenium(element, twebview)
                       ^^^^^^^^^^^^^^^^^^^^^^^^^^^^^^^^^^^^^^^^
  File "C:\TIR_TESTE\venv\Lib\site-packages\tir\technologies\core\base.py", line 996, in soup_to_selenium
    return next(iter(self.driver.find_elements(by=By.XPATH, value=xpath_soup(soup_object))), None)
                     ^^^^^^^^^^^^^^^^^^^^^^^^^^^^^^^^^^^^^^^^^^^^^^^^^^^^^^^^^^^^^^^^^^^^^
  File "C:\TIR_TESTE\venv\Lib\site-packages\selenium\webdriver\remote\webdriver.py", line 771, in find_elements
    return self.execute(Command.FIND_ELEMENTS, {"using": by, "value": value})["value"] or []
           ^^^^^^^^^^^^^^^^^^^^^^^^^^^^^^^^^^^^^^^^^^^^^^^^^^^^^^^^^^^^^^^^^^
  File "C:\TIR_TESTE\venv\Lib\site-packages\selenium\webdriver\remote\webdriver.py", line 347, in execute
    self.error_handler.check_response(response)
  File "C:\TIR_TESTE\venv\Lib\site-packages\selenium\webdriver\remote\errorhandler.py", line 229, in check_response
    raise exception_class(message, screen, stacktrace)
selenium.common.exceptions.InvalidSessionIdException: Message: WebDriver session does not exist, or is not active
Stacktrace:
RemoteError@chrome://remote/content/shared/RemoteError.sys.mjs:8:8
WebDriverError@chrome://remote/content/shared/webdriver/Errors.sys.mjs:202:5
InvalidSessionIDError@chrome://remote/content/shared/webdriver/Errors.sys.mjs:472:5
assert.that/<@chrome://remote/content/shared/webdriver/Assert.sys.mjs:581:13
assert.session@chrome://remote/content/shared/webdriver/Assert.sys.mjs:38:4
dispatch@chrome://remote/content/marionette/server.sys.mjs:315:19
execute@chrome://remote/content/marionette/server.sys.mjs:289:16
onPacket/<@chrome://remote/content/marionette/server.sys.mjs:262:20
onPacket@chrome://remote/content/marionette/server.sys.mjs:263:9
_onJSONObjectReady/<@chrome://remote/content/marionette/transport.sys.mjs:494:20

2025-12-08 09:50:02,037-ERROR-root-42604::webapp_internal::search_element_position|2684:: Message: Tried to run command without establishing a connection
Traceback (most recent call last):
  File "C:\TIR_TESTE\venv\Lib\site-packages\tir\technologies\webapp_internal.py", line 8051, in find_label_element
    next_sibling = element.find_next_sibling("div")
                   ^^^^^^^^^^^^^^^^^^^^^^^^^
AttributeError: 'WebElement' object has no attribute 'find_next_sibling'

During handling of the above exception, another exception occurred:

Traceback (most recent call last):
  File "C:\TIR_TESTE\venv\Lib\site-packages\tir\technologies\core\base.py", line 501, in get_current_DOM
    self.driver.switch_to.default_content()
  File "C:\TIR_TESTE\venv\Lib\site-packages\selenium\webdriver\remote\switch_to.py", line 69, in default_content
    self._driver.execute(Command.SWITCH_TO_FRAME, {"id": None})
  File "C:\TIR_TESTE\venv\Lib\site-packages\selenium\webdriver\remote\webdriver.py", line 347, in execute
    self.error_handler.check_response(response)
  File "C:\TIR_TESTE\venv\Lib\site-packages\selenium\webdriver\remote\errorhandler.py", line 229, in check_response
    raise exception_class(message, screen, stacktrace)
selenium.common.exceptions.WebDriverException: Message: Failed to decode response from marionette


During handling of the above exception, another exception occurred:

Traceback (most recent call last):
  File "C:\TIR_TESTE\venv\Lib\site-packages\tir\technologies\webapp_internal.py", line 2594, in search_element_position
    container = self.get_current_container()
                ^^^^^^^^^^^^^^^^^^^^^^^^^^^^
  File "C:\TIR_TESTE\venv\Lib\site-packages\tir\technologies\webapp_internal.py", line 8993, in get_current_container
    soup = self.get_current_DOM()
           ^^^^^^^^^^^^^^^^^^^^^^
  File "C:\TIR_TESTE\venv\Lib\site-packages\tir\technologies\core\base.py", line 538, in get_current_DOM
    self.driver.switch_to.default_content()
  File "C:\TIR_TESTE\venv\Lib\site-packages\selenium\webdriver\remote\switch_to.py", line 69, in default_content
    self._driver.execute(Command.SWITCH_TO_FRAME, {"id": None})
  File "C:\TIR_TESTE\venv\Lib\site-packages\selenium\webdriver\remote\webdriver.py", line 347, in execute
    self.error_handler.check_response(response)
  File "C:\TIR_TESTE\venv\Lib\site-packages\selenium\webdriver\remote\errorhandler.py", line 229, in check_response
    raise exception_class(message, screen, stacktrace)
selenium.common.exceptions.InvalidSessionIdException: Message: Tried to run command without establishing a connection

2025-12-08 09:50:02,048-ERROR-root-42604::webapp_internal::web_scrap|3782:: Message: Tried to run command without establishing a connection
Traceback (most recent call last):
  File "C:\TIR_TESTE\venv\Lib\site-packages\tir\technologies\core\base.py", line 501, in get_current_DOM
    self.driver.switch_to.default_content()
  File "C:\TIR_TESTE\venv\Lib\site-packages\selenium\webdriver\remote\switch_to.py", line 69, in default_content
    self._driver.execute(Command.SWITCH_TO_FRAME, {"id": None})
  File "C:\TIR_TESTE\venv\Lib\site-packages\selenium\webdriver\remote\webdriver.py", line 347, in execute
    self.error_handler.check_response(response)
  File "C:\TIR_TESTE\venv\Lib\site-packages\selenium\webdriver\remote\errorhandler.py", line 229, in check_response
    raise exception_class(message, screen, stacktrace)
selenium.common.exceptions.InvalidSessionIdException: Message: Tried to run command without establishing a connection


During handling of the above exception, another exception occurred:

Traceback (most recent call last):
  File "C:\TIR_TESTE\venv\Lib\site-packages\tir\technologies\webapp_internal.py", line 3719, in web_scrap
    soup = self.get_current_DOM(twebview=twebview)
           ^^^^^^^^^^^^^^^^^^^^^^^^^^^^^^^^^^^^^^^
  File "C:\TIR_TESTE\venv\Lib\site-packages\tir\technologies\core\base.py", line 538, in get_current_DOM
    self.driver.switch_to.default_content()
  File "C:\TIR_TESTE\venv\Lib\site-packages\selenium\webdriver\remote\switch_to.py", line 69, in default_content
    self._driver.execute(Command.SWITCH_TO_FRAME, {"id": None})
  File "C:\TIR_TESTE\venv\Lib\site-packages\selenium\webdriver\remote\webdriver.py", line 347, in execute
    self.error_handler.check_response(response)
  File "C:\TIR_TESTE\venv\Lib\site-packages\selenium\webdriver\remote\errorhandler.py", line 229, in check_response
    raise exception_class(message, screen, stacktrace)
selenium.common.exceptions.InvalidSessionIdException: Message: Tried to run command without establishing a connection

2025-12-08 09:50:02,354-ERROR-root-42604::webapp_internal::TearDown|9654:: Warning tearDown Close Message: Tried to run command without establishing a connection
Traceback (most recent call last):
  File "C:\TIR_TESTE\venv\Lib\site-packages\tir\technologies\webapp_internal.py", line 9652, in TearDown
    self.driver.close()
  File "C:\TIR_TESTE\venv\Lib\site-packages\selenium\webdriver\remote\webdriver.py", line 458, in close
    self.execute(Command.CLOSE)
  File "C:\TIR_TESTE\venv\Lib\site-packages\selenium\webdriver\remote\webdriver.py", line 347, in execute
    self.error_handler.check_response(response)
  File "C:\TIR_TESTE\venv\Lib\site-packages\selenium\webdriver\remote\errorhandler.py", line 229, in check_response
    raise exception_class(message, screen, stacktrace)
selenium.common.exceptions.InvalidSessionIdException: Message: Tried to run command without establishing a connection

2025-12-08 09:43:53,112-DEBUG-root-42604::logging_config::logger|189:: Log file created: 'Log\GESIT03\TIR__20251208094353106.log'
2025-12-08 09:43:53,112-INFO-root-42604::base::Start|1183:: TIR Version: 2.4.3
2025-12-08 09:43:53,112-INFO-root-42604::base::Start|1184:: Python Version: 3.12.10
2025-12-08 09:43:53,112-INFO-root-42604::base::Start|1185:: Starting the browser
2025-12-08 09:44:00,326-INFO-root-42604::base::get_url|1294:: Page is ready!
2025-12-08 09:44:00,338-INFO-root-42604::base::Start|1256:: Browser maximized to 1936x1048
2025-12-08 09:44:00,338-INFO-root-42604::base::Start|1258:: Screen size is different from default used in headless mode
2025-12-08 09:44:00,668-INFO-root-42604::webapp_internal::Setup|247:: ***System Info*** in Setup():
2025-12-08 09:44:00,669-DEBUG-root-42604::psutil_info::system_info|5:: CPU USAGE: 16.5%
2025-12-08 09:44:00,669-DEBUG-root-42604::psutil_info::system_info|6:: MEMORY USAGE: 91.3%
2025-12-08 09:44:00,669-DEBUG-root-42604::psutil_info::system_info|7:: MEMORY AVAILABLE: 8.73%
2025-12-08 09:44:00,732-INFO-root-42604::base::webapp_shadowroot|1394:: Webapp: 10.1.6-RC4
2025-12-08 09:44:01,065-INFO-root-42604::webapp_internal::filling_initial_program|449:: Filling Initial Program: "SIGAMDI"
2025-12-08 09:44:01,066-DEBUG-root-42604::webapp_internal::wait_element|7623:: Waiting for element
2025-12-08 09:44:01,383-DEBUG-root-42604::webapp_internal::wait_element|7653:: Element found! Waiting for element to be displayed.
2025-12-08 09:44:01,534-DEBUG-root-42604::base::click|192:: Click Type: ClickType.JS
2025-12-08 09:44:01,539-DEBUG-root-42604::webapp_internal::try_send_keys|7976:: Trying to send keys to element using technique 0
2025-12-08 09:44:01,880-DEBUG-root-42604::webapp_internal::get_web_value|3232:: Current value: SIGAMDI
2025-12-08 09:44:01,880-INFO-root-42604::webapp_internal::filling_server_environment|463:: Filling Server Environment: "POUPEX_TST"
2025-12-08 09:44:01,880-DEBUG-root-42604::webapp_internal::wait_element|7623:: Waiting for element
2025-12-08 09:44:01,903-DEBUG-root-42604::webapp_internal::wait_element|7653:: Element found! Waiting for element to be displayed.
2025-12-08 09:44:02,066-DEBUG-root-42604::base::click|192:: Click Type: ClickType.JS
2025-12-08 09:44:02,071-DEBUG-root-42604::webapp_internal::try_send_keys|7976:: Trying to send keys to element using technique 0
2025-12-08 09:44:02,384-DEBUG-root-42604::webapp_internal::get_web_value|3232:: Current value: POUPEX_TST
2025-12-08 09:44:02,406-DEBUG-root-42604::base::click|192:: Click Type: ClickType.JS
2025-12-08 09:44:02,424-DEBUG-root-42604::webapp_internal::user_screen|519:: Filling user screen
2025-12-08 09:44:09,178-DEBUG-root-42604::webapp_internal::wait_element_timeout|7726:: Element found! Waiting for element to be displayed.
2025-12-08 09:44:09,228-DEBUG-root-42604::base::scroll_to_element|759:: ********Warining scroll_to_element exception: Message: TypeError: can't access property "scrollIntoView", arguments[0] is null
Stacktrace:
@https://qasrverp:10020/webapp/:2:7
@https://qasrverp:10020/webapp/:3:8
*********
2025-12-08 09:44:09,356-INFO-root-42604::webapp_internal::user_screen|561:: Filling User
2025-12-08 09:44:09,379-DEBUG-root-42604::base::double_click|259:: Click Type: ClickType.SELENIUM
2025-12-08 09:44:09,562-DEBUG-root-42604::webapp_internal::get_web_value|3232:: Current value: 97137227104
2025-12-08 09:44:09,584-INFO-root-42604::webapp_internal::user_screen|621:: Filling Password
2025-12-08 09:44:09,605-DEBUG-root-42604::base::click|192:: Click Type: ClickType.JS
2025-12-08 09:44:09,675-DEBUG-root-42604::webapp_internal::get_web_value|3232:: Current value: Val20221080080094+
2025-12-08 09:44:09,676-DEBUG-root-42604::webapp_internal::wait_blocker|2444:: Waiting blocker to continue...
2025-12-08 09:44:09,703-DEBUG-root-42604::webapp_internal::wait_blocker|2469:: Blocker status: None
2025-12-08 09:44:09,723-DEBUG-root-42604::webapp_internal::wait_blocker|2444:: Waiting blocker to continue...
2025-12-08 09:44:09,750-DEBUG-root-42604::webapp_internal::wait_blocker|2469:: Blocker status: None
2025-12-08 09:44:09,783-DEBUG-root-42604::webapp_internal::wait_blocker|2444:: Waiting blocker to continue...
2025-12-08 09:44:09,816-DEBUG-root-42604::webapp_internal::wait_blocker|2469:: Blocker status: None
2025-12-08 09:44:09,816-DEBUG-root-42604::webapp_internal::send_action|10480:: Trying to send action
2025-12-08 09:44:09,823-DEBUG-root-42604::base::click|192:: Click Type: ClickType.JS
2025-12-08 09:44:10,861-DEBUG-root-42604::webapp_internal::send_action|10522:: send_action method result = True
2025-12-08 09:44:10,861-DEBUG-root-42604::webapp_internal::send_action|10523:: send_action selenium status: False
2025-12-08 09:44:13,310-DEBUG-root-42604::base::scroll_to_element|759:: ********Warining scroll_to_element exception: Message: TypeError: can't access property "scrollIntoView", arguments[0] is null
Stacktrace:
@https://qasrverp:10020/webapp/:2:7
@https://qasrverp:10020/webapp/:3:8
*********
2025-12-08 09:44:13,360-INFO-root-42604::webapp_internal::filling_date|885:: Filling Date: "08/12/2025"
2025-12-08 09:44:13,360-DEBUG-root-42604::webapp_internal::wait_blocker|2444:: Waiting blocker to continue...
2025-12-08 09:44:13,395-DEBUG-root-42604::webapp_internal::wait_blocker|2469:: Blocker status: None
2025-12-08 09:44:13,397-DEBUG-root-42604::base::click|192:: Click Type: ClickType.JS
2025-12-08 09:44:13,417-DEBUG-root-42604::webapp_internal::try_send_keys|7976:: Trying to send keys to element using technique 1
2025-12-08 09:44:13,494-DEBUG-root-42604::webapp_internal::get_web_value|3232:: Current value: 08/12/2025
2025-12-08 09:44:14,581-INFO-root-42604::webapp_internal::filling_group|955:: Filling Group: "02"
2025-12-08 09:44:14,581-DEBUG-root-42604::webapp_internal::wait_blocker|2444:: Waiting blocker to continue...
2025-12-08 09:44:14,613-DEBUG-root-42604::webapp_internal::wait_blocker|2469:: Blocker status: None
2025-12-08 09:44:14,615-DEBUG-root-42604::base::click|192:: Click Type: ClickType.JS
2025-12-08 09:44:14,670-DEBUG-root-42604::webapp_internal::get_web_value|3232:: Current value: 02
2025-12-08 09:44:15,731-INFO-root-42604::webapp_internal::filling_branch|1047:: Filling Branch: "02DF0001"
2025-12-08 09:44:15,731-DEBUG-root-42604::webapp_internal::wait_blocker|2444:: Waiting blocker to continue...
2025-12-08 09:44:15,764-DEBUG-root-42604::webapp_internal::wait_blocker|2469:: Blocker status: None
2025-12-08 09:44:15,767-DEBUG-root-42604::base::click|192:: Click Type: ClickType.JS
2025-12-08 09:44:15,821-DEBUG-root-42604::webapp_internal::get_web_value|3232:: Current value: 02DF0001
2025-12-08 09:44:16,900-INFO-root-42604::webapp_internal::filling_environment|1113:: Filling Environment: "07"
2025-12-08 09:44:16,900-DEBUG-root-42604::webapp_internal::wait_blocker|2444:: Waiting blocker to continue...
2025-12-08 09:44:16,934-DEBUG-root-42604::webapp_internal::wait_blocker|2469:: Blocker status: None
2025-12-08 09:44:16,937-DEBUG-root-42604::base::click|192:: Click Type: ClickType.JS
2025-12-08 09:44:16,984-DEBUG-root-42604::webapp_internal::get_web_value|3232:: Current value: 07
2025-12-08 09:44:17,993-DEBUG-root-42604::webapp_internal::close_warning_screen|1489:: Closing warning screen!
2025-12-08 09:44:19,024-DEBUG-root-42604::webapp_internal::check_screen_element|1291:: Checking screen element: "Atenção": False
2025-12-08 09:44:20,118-INFO-root-42604::webapp_internal::environment_screen|796:: Clicking on Button
2025-12-08 09:44:20,118-DEBUG-root-42604::webapp_internal::wait_blocker|2444:: Waiting blocker to continue...
2025-12-08 09:44:20,151-DEBUG-root-42604::webapp_internal::wait_blocker|2469:: Blocker status: None
2025-12-08 09:44:20,154-DEBUG-root-42604::base::click|192:: Click Type: ClickType.JS
2025-12-08 09:44:21,161-DEBUG-root-42604::base::click|192:: Click Type: ClickType.JS
2025-12-08 09:44:22,169-DEBUG-root-42604::base::click|192:: Click Type: ClickType.JS
2025-12-08 09:44:23,178-DEBUG-root-42604::base::click|192:: Click Type: ClickType.JS
2025-12-08 09:44:24,187-DEBUG-root-42604::base::click|192:: Click Type: ClickType.JS
2025-12-08 09:44:25,194-DEBUG-root-42604::base::click|192:: Click Type: ClickType.JS
2025-12-08 09:44:26,201-DEBUG-root-42604::webapp_internal::close_screen_before_menu|368:: Closing screen before the menu
2025-12-08 09:44:26,246-DEBUG-root-42604::webapp_internal::close_warning_screen|1489:: Closing warning screen!
2025-12-08 09:44:27,284-DEBUG-root-42604::webapp_internal::check_screen_element|1291:: Checking screen element: "Atenção": False
2025-12-08 09:44:27,284-DEBUG-root-42604::webapp_internal::close_coin_screen|1424:: Closing coin screen!
2025-12-08 09:44:27,840-DEBUG-root-42604::base::click|192:: Click Type: ClickType.JS
2025-12-08 09:44:27,895-DEBUG-root-42604::webapp_internal::close_warning_screen|1489:: Closing warning screen!
2025-12-08 09:44:29,168-DEBUG-root-42604::webapp_internal::check_screen_element|1291:: Checking screen element: "Atenção": False
2025-12-08 09:44:29,168-DEBUG-root-42604::webapp_internal::close_coin_screen|1424:: Closing coin screen!
2025-12-08 09:44:29,742-INFO-root-42604::webapp_internal::set_log_info|1623:: Getting log info
2025-12-08 09:44:29,742-INFO-root-42604::webapp_internal::SetLateralMenu|4184:: Navigating lateral menu: Ajuda > Sobre
2025-12-08 09:44:29,764-DEBUG-root-42604::webapp_internal::wait_element|7623:: Waiting for element
2025-12-08 09:44:29,863-DEBUG-root-42604::webapp_internal::wait_element|7653:: Element found! Waiting for element to be displayed.
2025-12-08 09:44:30,110-INFO-root-42604::webapp_internal::SetLateralMenu|4203:: Menu item: "Ajuda"
2025-12-08 09:44:30,110-DEBUG-root-42604::webapp_internal::wait_blocker|2444:: Waiting blocker to continue...
2025-12-08 09:44:30,210-DEBUG-root-42604::webapp_internal::wait_blocker|2469:: Blocker status: False
2025-12-08 09:44:30,610-DEBUG-root-42604::webapp_internal::wait_element_timeout|7726:: Element found! Waiting for element to be displayed.
2025-12-08 09:44:30,932-DEBUG-root-42604::webapp_internal::wait_blocker|2444:: Waiting blocker to continue...
2025-12-08 09:44:30,997-DEBUG-root-42604::webapp_internal::wait_blocker|2469:: Blocker status: False
2025-12-08 09:44:33,298-INFO-root-42604::webapp_internal::SetLateralMenu|4203:: Menu item: "Sobre"
2025-12-08 09:44:33,298-DEBUG-root-42604::webapp_internal::wait_blocker|2444:: Waiting blocker to continue...
2025-12-08 09:44:33,373-DEBUG-root-42604::webapp_internal::wait_blocker|2469:: Blocker status: False
2025-12-08 09:44:33,810-DEBUG-root-42604::webapp_internal::wait_element_timeout|7726:: Element found! Waiting for element to be displayed.
2025-12-08 09:44:34,216-DEBUG-root-42604::webapp_internal::wait_blocker|2444:: Waiting blocker to continue...
2025-12-08 09:44:34,280-DEBUG-root-42604::webapp_internal::wait_blocker|2469:: Blocker status: False
2025-12-08 09:44:36,924-DEBUG-root-42604::webapp_internal::wait_blocker|2444:: Waiting blocker to continue...
2025-12-08 09:44:36,998-DEBUG-root-42604::webapp_internal::wait_blocker|2469:: Blocker status: False
2025-12-08 09:44:37,072-DEBUG-root-42604::webapp_internal::wait_element|7623:: Waiting for element
2025-12-08 09:44:37,115-DEBUG-root-42604::webapp_internal::wait_element|7653:: Element found! Waiting for element to be displayed.
2025-12-08 09:44:37,290-INFO-root-42604::webapp_internal::SetButton|4444:: Clicking on Fechar
2025-12-08 09:44:37,290-DEBUG-root-42604::webapp_internal::wait_blocker|2444:: Waiting blocker to continue...
2025-12-08 09:44:37,367-DEBUG-root-42604::webapp_internal::wait_blocker|2469:: Blocker status: False
2025-12-08 09:44:37,555-DEBUG-root-42604::webapp_internal::wait_element_timeout|7726:: Element found! Waiting for element to be displayed.
2025-12-08 09:44:37,625-DEBUG-root-42604::webapp_internal::SetButton|4481:: ***System Info*** Before Clicking on button:Fechar
2025-12-08 09:44:37,626-DEBUG-root-42604::psutil_info::system_info|5:: CPU USAGE: 7.9%
2025-12-08 09:44:37,626-DEBUG-root-42604::psutil_info::system_info|6:: MEMORY USAGE: 89.0%
2025-12-08 09:44:37,627-DEBUG-root-42604::psutil_info::system_info|7:: MEMORY AVAILABLE: 10.97%
2025-12-08 09:44:37,797-DEBUG-root-42604::webapp_internal::wait_element_timeout|7726:: Element found! Waiting for element to be displayed.
2025-12-08 09:44:37,951-DEBUG-root-42604::webapp_internal::wait_blocker|2444:: Waiting blocker to continue...
2025-12-08 09:44:38,045-DEBUG-root-42604::webapp_internal::wait_blocker|2469:: Blocker status: False
2025-12-08 09:44:38,069-DEBUG-root-42604::webapp_internal::wait_blocker|2444:: Waiting blocker to continue...
2025-12-08 09:44:38,159-DEBUG-root-42604::webapp_internal::wait_blocker|2469:: Blocker status: False
2025-12-08 09:44:38,160-DEBUG-root-42604::webapp_internal::send_action|10480:: Trying to send action
2025-12-08 09:44:38,162-DEBUG-root-42604::base::click|192:: Click Type: ClickType.JS
2025-12-08 09:44:39,211-DEBUG-root-42604::webapp_internal::send_action|10522:: send_action method result = True
2025-12-08 09:44:39,212-DEBUG-root-42604::webapp_internal::send_action|10523:: send_action selenium status: False
2025-12-08 09:44:39,212-DEBUG-root-42604::webapp_internal::SetButton|4683:: ***System Info*** After Clicking on button:
2025-12-08 09:44:39,212-DEBUG-root-42604::psutil_info::system_info|5:: CPU USAGE: 7.0%
2025-12-08 09:44:39,213-DEBUG-root-42604::psutil_info::system_info|6:: MEMORY USAGE: 89.2%
2025-12-08 09:44:39,213-DEBUG-root-42604::psutil_info::system_info|7:: MEMORY AVAILABLE: 10.83%
2025-12-08 09:44:39,213-DEBUG-root-42604::webapp_internal::wait_element|7623:: Waiting for element
2025-12-08 09:45:41,594-INFO-root-42604::webapp_internal::SetLateralMenu|4184:: Navigating lateral menu: Atualizações > Gestao de Viagens > Solicitações
2025-12-08 09:45:41,603-DEBUG-root-42604::webapp_internal::wait_element|7623:: Waiting for element
2025-12-08 09:45:41,644-DEBUG-root-42604::webapp_internal::wait_element|7653:: Element found! Waiting for element to be displayed.
2025-12-08 09:45:41,804-INFO-root-42604::webapp_internal::SetLateralMenu|4203:: Menu item: "Atualizações"
2025-12-08 09:45:41,804-DEBUG-root-42604::webapp_internal::wait_blocker|2444:: Waiting blocker to continue...
2025-12-08 09:45:41,866-DEBUG-root-42604::webapp_internal::wait_blocker|2469:: Blocker status: False
2025-12-08 09:45:42,297-DEBUG-root-42604::webapp_internal::wait_element_timeout|7726:: Element found! Waiting for element to be displayed.
2025-12-08 09:45:42,691-DEBUG-root-42604::webapp_internal::wait_blocker|2444:: Waiting blocker to continue...
2025-12-08 09:45:42,761-DEBUG-root-42604::webapp_internal::wait_blocker|2469:: Blocker status: False
2025-12-08 09:45:45,068-INFO-root-42604::webapp_internal::SetLateralMenu|4203:: Menu item: "Gestao de Viagens"
2025-12-08 09:45:45,068-DEBUG-root-42604::webapp_internal::wait_blocker|2444:: Waiting blocker to continue...
2025-12-08 09:45:45,159-DEBUG-root-42604::webapp_internal::wait_blocker|2469:: Blocker status: False
2025-12-08 09:45:45,876-DEBUG-root-42604::webapp_internal::wait_element_timeout|7726:: Element found! Waiting for element to be displayed.
2025-12-08 09:45:46,660-DEBUG-root-42604::webapp_internal::wait_blocker|2444:: Waiting blocker to continue...
2025-12-08 09:45:46,746-DEBUG-root-42604::webapp_internal::wait_blocker|2469:: Blocker status: False
2025-12-08 09:45:49,039-INFO-root-42604::webapp_internal::SetLateralMenu|4203:: Menu item: "Solicitações"
2025-12-08 09:45:49,039-DEBUG-root-42604::webapp_internal::wait_blocker|2444:: Waiting blocker to continue...
2025-12-08 09:45:49,111-DEBUG-root-42604::webapp_internal::wait_blocker|2469:: Blocker status: False
2025-12-08 09:45:49,987-DEBUG-root-42604::webapp_internal::wait_element_timeout|7726:: Element found! Waiting for element to be displayed.
2025-12-08 09:45:50,755-DEBUG-root-42604::webapp_internal::wait_blocker|2444:: Waiting blocker to continue...
2025-12-08 09:45:50,829-DEBUG-root-42604::webapp_internal::wait_blocker|2469:: Blocker status: False
2025-12-08 09:45:54,310-DEBUG-root-42604::webapp_internal::wait_blocker|2444:: Waiting blocker to continue...
2025-12-08 09:45:54,383-DEBUG-root-42604::webapp_internal::wait_blocker|2469:: Blocker status: False
2025-12-08 09:45:54,454-INFO-root-42604::webapp_internal::WaitShow|4980:: Waiting show text 'Este ambiente utiliza base de Homologação.'...
2025-12-08 09:46:00,168-INFO-root-42604::webapp_internal::WaitShow|4980:: Waiting show text 'Moedas'...
2025-12-08 09:46:05,646-INFO-root-42604::webapp_internal::WaitShow|4980:: Waiting show text 'Solicitação de Viagens/Treinamento'...
2025-12-08 09:46:05,708-INFO-root-42604::webapp_internal::WaitShow|4996:: Text found! 
2025-12-08 09:46:05,708-INFO-root-42604::webapp_internal::SetButton|4444:: Clicking on Incluir
2025-12-08 09:46:05,708-DEBUG-root-42604::webapp_internal::wait_blocker|2444:: Waiting blocker to continue...
2025-12-08 09:46:05,791-DEBUG-root-42604::webapp_internal::wait_blocker|2469:: Blocker status: False
2025-12-08 09:46:06,211-DEBUG-root-42604::webapp_internal::wait_element_timeout|7726:: Element found! Waiting for element to be displayed.
2025-12-08 09:46:06,516-DEBUG-root-42604::webapp_internal::SetButton|4481:: ***System Info*** Before Clicking on button:Incluir
2025-12-08 09:46:06,516-DEBUG-root-42604::psutil_info::system_info|5:: CPU USAGE: 11.4%
2025-12-08 09:46:06,517-DEBUG-root-42604::psutil_info::system_info|6:: MEMORY USAGE: 88.3%
2025-12-08 09:46:06,517-DEBUG-root-42604::psutil_info::system_info|7:: MEMORY AVAILABLE: 11.74%
2025-12-08 09:46:06,880-DEBUG-root-42604::webapp_internal::wait_element_timeout|7726:: Element found! Waiting for element to be displayed.
2025-12-08 09:46:07,176-DEBUG-root-42604::webapp_internal::wait_blocker|2444:: Waiting blocker to continue...
2025-12-08 09:46:07,307-DEBUG-root-42604::webapp_internal::wait_blocker|2469:: Blocker status: False
2025-12-08 09:46:07,328-DEBUG-root-42604::webapp_internal::wait_blocker|2444:: Waiting blocker to continue...
2025-12-08 09:46:07,414-DEBUG-root-42604::webapp_internal::wait_blocker|2469:: Blocker status: False
2025-12-08 09:46:07,414-DEBUG-root-42604::webapp_internal::send_action|10480:: Trying to send action
2025-12-08 09:46:07,417-DEBUG-root-42604::base::click|192:: Click Type: ClickType.JS
2025-12-08 09:46:08,645-DEBUG-root-42604::webapp_internal::send_action|10522:: send_action method result = True
2025-12-08 09:46:08,645-DEBUG-root-42604::webapp_internal::send_action|10523:: send_action selenium status: True
2025-12-08 09:46:08,646-DEBUG-root-42604::webapp_internal::SetButton|4683:: ***System Info*** After Clicking on button:
2025-12-08 09:46:08,646-DEBUG-root-42604::psutil_info::system_info|5:: CPU USAGE: 8.2%
2025-12-08 09:46:08,646-DEBUG-root-42604::psutil_info::system_info|6:: MEMORY USAGE: 88.2%
2025-12-08 09:46:08,646-DEBUG-root-42604::psutil_info::system_info|7:: MEMORY AVAILABLE: 11.81%
2025-12-08 09:46:08,847-DEBUG-root-42604::webapp_internal::wait_blocker|2444:: Waiting blocker to continue...
2025-12-08 09:46:08,940-DEBUG-root-42604::webapp_internal::wait_blocker|2469:: Blocker status: False
2025-12-08 09:46:08,940-INFO-root-42604::webapp_internal::SearchBrowse|2003:: Searching: 02DF0001
2025-12-08 09:46:09,090-DEBUG-root-42604::webapp_internal::wait_element_timeout|7726:: Element found! Waiting for element to be displayed.
2025-12-08 09:46:09,175-DEBUG-root-42604::webapp_internal::wait_blocker|2444:: Waiting blocker to continue...
2025-12-08 09:46:09,267-DEBUG-root-42604::webapp_internal::wait_blocker|2469:: Blocker status: False
2025-12-08 09:46:09,277-DEBUG-root-42604::webapp_internal::wait_blocker|2444:: Waiting blocker to continue...
2025-12-08 09:46:09,390-DEBUG-root-42604::webapp_internal::wait_blocker|2469:: Blocker status: False
2025-12-08 09:46:09,390-INFO-root-42604::webapp_internal::fill_search_browse|2399:: Filling: 02DF0001
2025-12-08 09:46:09,400-DEBUG-root-42604::base::click|192:: Click Type: ClickType.JS
2025-12-08 09:46:10,490-DEBUG-root-42604::webapp_internal::wait_blocker|2444:: Waiting blocker to continue...
2025-12-08 09:46:10,594-DEBUG-root-42604::webapp_internal::wait_blocker|2469:: Blocker status: False
2025-12-08 09:46:10,595-DEBUG-root-42604::base::double_click|259:: Click Type: ClickType.SELENIUM
2025-12-08 09:46:10,601-WARNING-root-42604::base::double_click|280:: Warning double_click method Exception: Message: Element <button class="button-image" type="button"> is not clickable at point (1258,360) because another element <wa-button id="COMP6023" class="dict-tbutton focus"> obscures it
Stacktrace:
RemoteError@chrome://remote/content/shared/RemoteError.sys.mjs:8:8
WebDriverError@chrome://remote/content/shared/webdriver/Errors.sys.mjs:202:5
ElementClickInterceptedError@chrome://remote/content/shared/webdriver/Errors.sys.mjs:354:5
webdriverClickElement@chrome://remote/content/marionette/interaction.sys.mjs:175:11
interaction.clickElement@chrome://remote/content/marionette/interaction.sys.mjs:134:11
clickElement@chrome://remote/content/marionette/actors/MarionetteCommandsChild.sys.mjs:327:29
receiveMessage@chrome://remote/content/marionette/actors/MarionetteCommandsChild.sys.mjs:210:31

2025-12-08 09:46:10,901-INFO-root-42604::webapp_internal::SetButton|4444:: Clicking on OK
2025-12-08 09:46:10,901-DEBUG-root-42604::webapp_internal::wait_blocker|2444:: Waiting blocker to continue...
2025-12-08 09:46:11,024-DEBUG-root-42604::webapp_internal::wait_blocker|2469:: Blocker status: False
2025-12-08 09:46:11,316-DEBUG-root-42604::webapp_internal::wait_element_timeout|7726:: Element found! Waiting for element to be displayed.
2025-12-08 09:46:11,499-DEBUG-root-42604::webapp_internal::SetButton|4481:: ***System Info*** Before Clicking on button:OK
2025-12-08 09:46:11,500-DEBUG-root-42604::psutil_info::system_info|5:: CPU USAGE: 8.0%
2025-12-08 09:46:11,500-DEBUG-root-42604::psutil_info::system_info|6:: MEMORY USAGE: 88.3%
2025-12-08 09:46:11,500-DEBUG-root-42604::psutil_info::system_info|7:: MEMORY AVAILABLE: 11.67%
2025-12-08 09:46:11,777-DEBUG-root-42604::webapp_internal::wait_element_timeout|7726:: Element found! Waiting for element to be displayed.
2025-12-08 09:46:11,997-DEBUG-root-42604::webapp_internal::wait_blocker|2444:: Waiting blocker to continue...
2025-12-08 09:46:12,107-DEBUG-root-42604::webapp_internal::wait_blocker|2469:: Blocker status: False
2025-12-08 09:46:12,130-DEBUG-root-42604::webapp_internal::wait_blocker|2444:: Waiting blocker to continue...
2025-12-08 09:46:12,242-DEBUG-root-42604::webapp_internal::wait_blocker|2469:: Blocker status: False
2025-12-08 09:46:12,242-DEBUG-root-42604::webapp_internal::send_action|10480:: Trying to send action
2025-12-08 09:46:12,244-DEBUG-root-42604::base::click|192:: Click Type: ClickType.JS
2025-12-08 09:46:14,692-DEBUG-root-42604::webapp_internal::send_action|10522:: send_action method result = True
2025-12-08 09:46:14,692-DEBUG-root-42604::webapp_internal::send_action|10523:: send_action selenium status: True
2025-12-08 09:46:14,693-DEBUG-root-42604::webapp_internal::SetButton|4683:: ***System Info*** After Clicking on button:
2025-12-08 09:46:14,693-DEBUG-root-42604::psutil_info::system_info|5:: CPU USAGE: 9.4%
2025-12-08 09:46:14,693-DEBUG-root-42604::psutil_info::system_info|6:: MEMORY USAGE: 88.5%
2025-12-08 09:46:14,694-DEBUG-root-42604::psutil_info::system_info|7:: MEMORY AVAILABLE: 11.54%
2025-12-08 09:46:14,895-INFO-root-42604::webapp_internal::WaitShow|4980:: Waiting show text 'Solicitacoes de Viagens - INCLUIR'...
2025-12-08 09:46:15,140-INFO-root-42604::webapp_internal::WaitShow|4996:: Text found! 
2025-12-08 09:46:15,141-DEBUG-root-42604::webapp_internal::wait_blocker|2444:: Waiting blocker to continue...
2025-12-08 09:46:15,277-DEBUG-root-42604::webapp_internal::wait_blocker|2469:: Blocker status: False
2025-12-08 09:46:15,277-DEBUG-root-42604::webapp_internal::wait_element|7623:: Waiting for element
2025-12-08 09:46:15,359-DEBUG-root-42604::webapp_internal::wait_element|7653:: Element found! Waiting for element to be displayed.
2025-12-08 09:46:15,446-INFO-root-42604::webapp_internal::input_value|2941:: Looking for element: ZV3_DESCRI
2025-12-08 09:46:15,624-INFO-root-42604::webapp_internal::input_value|2951:: Element: ZV3_DESCRI Found!
2025-12-08 09:46:15,624-INFO-root-42604::webapp_internal::input_value|2953:: Filling element: ZV3_DESCRI
2025-12-08 09:46:15,646-DEBUG-root-42604::webapp_internal::get_web_value|3232:: Current value:                                                   
2025-12-08 09:46:15,679-DEBUG-root-42604::base::double_click|259:: Click Type: ClickType.SELENIUM
2025-12-08 09:46:15,943-DEBUG-root-42604::webapp_internal::wait_blocker|2444:: Waiting blocker to continue...
2025-12-08 09:46:16,074-DEBUG-root-42604::webapp_internal::wait_blocker|2469:: Blocker status: False
2025-12-08 09:46:16,434-DEBUG-root-42604::webapp_internal::get_web_value|3232:: Current value: USO PARA TESTE AUTOMATIZADO                       
2025-12-08 09:46:16,434-INFO-root-42604::webapp_internal::input_value|3059:: Current field value: USO PARA TESTE AUTOMATIZADO
2025-12-08 09:46:16,466-DEBUG-root-42604::webapp_internal::wait_blocker|2444:: Waiting blocker to continue...
2025-12-08 09:46:16,610-DEBUG-root-42604::webapp_internal::wait_blocker|2469:: Blocker status: False
2025-12-08 09:46:16,610-DEBUG-root-42604::webapp_internal::wait_element|7623:: Waiting for element
2025-12-08 09:46:16,747-DEBUG-root-42604::webapp_internal::wait_element|7653:: Element found! Waiting for element to be displayed.
2025-12-08 09:46:16,832-INFO-root-42604::webapp_internal::input_value|2941:: Looking for element: ZV3_DTINI
2025-12-08 09:46:17,009-INFO-root-42604::webapp_internal::input_value|2951:: Element: ZV3_DTINI Found!
2025-12-08 09:46:17,009-INFO-root-42604::webapp_internal::input_value|2953:: Filling element: ZV3_DTINI
2025-12-08 09:46:17,043-DEBUG-root-42604::webapp_internal::get_web_value|3232:: Current value:   /  /    
2025-12-08 09:46:17,076-DEBUG-root-42604::base::double_click|259:: Click Type: ClickType.SELENIUM
2025-12-08 09:46:17,326-DEBUG-root-42604::webapp_internal::wait_blocker|2444:: Waiting blocker to continue...
2025-12-08 09:46:17,455-DEBUG-root-42604::webapp_internal::wait_blocker|2469:: Blocker status: False
2025-12-08 09:46:17,792-DEBUG-root-42604::webapp_internal::get_web_value|3232:: Current value: 21/12/2025
2025-12-08 09:46:17,793-INFO-root-42604::webapp_internal::input_value|3059:: Current field value: 21122025
2025-12-08 09:46:17,800-DEBUG-root-42604::webapp_internal::wait_blocker|2444:: Waiting blocker to continue...
2025-12-08 09:46:17,978-DEBUG-root-42604::webapp_internal::wait_blocker|2469:: Blocker status: False
2025-12-08 09:46:17,978-DEBUG-root-42604::webapp_internal::wait_element|7623:: Waiting for element
2025-12-08 09:46:18,058-DEBUG-root-42604::webapp_internal::wait_element|7653:: Element found! Waiting for element to be displayed.
2025-12-08 09:46:18,127-INFO-root-42604::webapp_internal::input_value|2941:: Looking for element: ZV3_DTFIM
2025-12-08 09:46:18,293-INFO-root-42604::webapp_internal::input_value|2951:: Element: ZV3_DTFIM Found!
2025-12-08 09:46:18,293-INFO-root-42604::webapp_internal::input_value|2953:: Filling element: ZV3_DTFIM
2025-12-08 09:46:18,335-DEBUG-root-42604::webapp_internal::get_web_value|3232:: Current value:   /  /    
2025-12-08 09:46:18,378-DEBUG-root-42604::base::double_click|259:: Click Type: ClickType.SELENIUM
2025-12-08 09:46:18,641-DEBUG-root-42604::webapp_internal::wait_blocker|2444:: Waiting blocker to continue...
2025-12-08 09:46:18,767-DEBUG-root-42604::webapp_internal::wait_blocker|2469:: Blocker status: False
2025-12-08 09:46:19,109-DEBUG-root-42604::webapp_internal::get_web_value|3232:: Current value: 28/12/2025
2025-12-08 09:46:19,109-INFO-root-42604::webapp_internal::input_value|3059:: Current field value: 28122025
2025-12-08 09:46:20,118-DEBUG-root-42604::webapp_internal::wait_blocker|2444:: Waiting blocker to continue...
2025-12-08 09:46:20,250-DEBUG-root-42604::webapp_internal::wait_blocker|2469:: Blocker status: False
2025-12-08 09:46:20,251-DEBUG-root-42604::webapp_internal::wait_element|7623:: Waiting for element
2025-12-08 09:46:20,346-DEBUG-root-42604::webapp_internal::wait_element|7653:: Element found! Waiting for element to be displayed.
2025-12-08 09:46:20,412-INFO-root-42604::webapp_internal::input_value|2941:: Looking for element: ZV3_CC
2025-12-08 09:46:20,574-INFO-root-42604::webapp_internal::input_value|2951:: Element: ZV3_CC Found!
2025-12-08 09:46:20,574-INFO-root-42604::webapp_internal::input_value|2953:: Filling element: ZV3_CC
2025-12-08 09:46:20,598-DEBUG-root-42604::webapp_internal::get_web_value|3232:: Current value:          
2025-12-08 09:46:20,631-DEBUG-root-42604::base::double_click|259:: Click Type: ClickType.SELENIUM
2025-12-08 09:46:20,891-DEBUG-root-42604::webapp_internal::wait_blocker|2444:: Waiting blocker to continue...
2025-12-08 09:46:21,014-DEBUG-root-42604::webapp_internal::wait_blocker|2469:: Blocker status: False
2025-12-08 09:46:21,356-DEBUG-root-42604::webapp_internal::get_web_value|3232:: Current value: 000000677
2025-12-08 09:46:21,357-INFO-root-42604::webapp_internal::input_value|3059:: Current field value: 000000677
2025-12-08 09:46:21,365-DEBUG-root-42604::webapp_internal::wait_blocker|2444:: Waiting blocker to continue...
2025-12-08 09:46:21,600-DEBUG-root-42604::webapp_internal::wait_blocker|2469:: Blocker status: False
2025-12-08 09:46:21,600-DEBUG-root-42604::webapp_internal::wait_element|7623:: Waiting for element
2025-12-08 09:46:21,701-DEBUG-root-42604::webapp_internal::wait_element|7653:: Element found! Waiting for element to be displayed.
2025-12-08 09:46:21,770-INFO-root-42604::webapp_internal::input_value|2941:: Looking for element: ZV3_TIPO
2025-12-08 09:46:21,933-INFO-root-42604::webapp_internal::input_value|2951:: Element: ZV3_TIPO Found!
2025-12-08 09:46:21,933-INFO-root-42604::webapp_internal::input_value|2953:: Filling element: ZV3_TIPO
2025-12-08 09:46:23,105-INFO-root-42604::base::select_combo|871:: Selected value for combo is: 1 - Servico
2025-12-08 09:46:23,144-DEBUG-root-42604::webapp_internal::wait_blocker|2444:: Waiting blocker to continue...
2025-12-08 09:46:23,277-DEBUG-root-42604::webapp_internal::wait_blocker|2469:: Blocker status: False
2025-12-08 09:46:23,278-DEBUG-root-42604::webapp_internal::wait_element|7623:: Waiting for element
2025-12-08 09:46:23,356-DEBUG-root-42604::webapp_internal::wait_element|7653:: Element found! Waiting for element to be displayed.
2025-12-08 09:46:23,426-INFO-root-42604::webapp_internal::input_value|2941:: Looking for element: ZV3_OBS
2025-12-08 09:46:23,596-INFO-root-42604::webapp_internal::input_value|2951:: Element: ZV3_OBS Found!
2025-12-08 09:46:23,597-INFO-root-42604::webapp_internal::input_value|2953:: Filling element: ZV3_OBS
2025-12-08 09:46:23,622-DEBUG-root-42604::webapp_internal::get_web_value|3232:: Current value: 
2025-12-08 09:46:23,643-DEBUG-root-42604::base::double_click|259:: Click Type: ClickType.SELENIUM
2025-12-08 09:46:23,897-DEBUG-root-42604::webapp_internal::wait_blocker|2444:: Waiting blocker to continue...
2025-12-08 09:46:24,049-DEBUG-root-42604::webapp_internal::wait_blocker|2469:: Blocker status: False
2025-12-08 09:46:24,394-DEBUG-root-42604::webapp_internal::get_web_value|3232:: Current value: TESTE DE SOLICITAÇÃO DE VIAGEM
2025-12-08 09:46:24,394-INFO-root-42604::webapp_internal::input_value|3059:: Current field value: TESTE DE SOLICITAÇÃO DE VIAGEM
2025-12-08 09:46:24,405-DEBUG-root-42604::webapp_internal::wait_blocker|2444:: Waiting blocker to continue...
2025-12-08 09:46:24,534-DEBUG-root-42604::webapp_internal::wait_blocker|2469:: Blocker status: False
2025-12-08 09:46:24,534-INFO-root-42604::webapp_internal::SetKey|5822:: Key pressed: TAB
2025-12-08 09:46:24,534-DEBUG-root-42604::webapp_internal::SetKey|5857:: Trying press key
2025-12-08 09:46:24,664-DEBUG-root-42604::webapp_internal::wait_blocker|2444:: Waiting blocker to continue...
2025-12-08 09:46:24,795-DEBUG-root-42604::webapp_internal::wait_blocker|2469:: Blocker status: False
2025-12-08 09:46:24,836-DEBUG-root-42604::webapp_internal::wait_blocker|2444:: Waiting blocker to continue...
2025-12-08 09:46:24,979-DEBUG-root-42604::webapp_internal::wait_blocker|2469:: Blocker status: False
2025-12-08 09:46:24,979-DEBUG-root-42604::webapp_internal::send_action|10480:: Trying to send action
2025-12-08 09:46:26,039-DEBUG-root-42604::webapp_internal::send_action|10522:: send_action method result = True
2025-12-08 09:46:26,040-DEBUG-root-42604::webapp_internal::send_action|10523:: send_action selenium status: False
2025-12-08 09:46:26,040-DEBUG-root-42604::webapp_internal::wait_element|7623:: Waiting for element
2025-12-08 09:46:26,158-DEBUG-root-42604::webapp_internal::wait_element|7653:: Element found! Waiting for element to be displayed.
2025-12-08 09:46:26,457-DEBUG-root-42604::webapp_internal::wait_blocker|2444:: Waiting blocker to continue...
2025-12-08 09:46:26,584-DEBUG-root-42604::webapp_internal::wait_blocker|2469:: Blocker status: False
2025-12-08 09:46:26,584-INFO-root-42604::webapp_internal::LoadGrid|6298:: Filling grid field: Favorecido
2025-12-08 09:46:26,584-DEBUG-root-42604::webapp_internal::fill_grid|6399:: Grid loading...
2025-12-08 09:46:26,747-DEBUG-root-42604::webapp_internal::fill_grid|6466:: Column found!
2025-12-08 09:46:26,784-DEBUG-root-42604::base::click|192:: Click Type: ClickType.ACTIONCHAINS
2025-12-08 09:46:27,084-DEBUG-root-42604::webapp_internal::fill_grid|6486:: Trying to select cell in grid!
2025-12-08 09:46:27,089-DEBUG-root-42604::base::click|192:: Click Type: ClickType.ACTIONCHAINS
2025-12-08 09:46:27,368-DEBUG-root-42604::webapp_internal::fill_grid|6486:: Trying to select cell in grid!
2025-12-08 09:46:27,372-DEBUG-root-42604::base::click|192:: Click Type: ClickType.ACTIONCHAINS
2025-12-08 09:46:27,666-DEBUG-root-42604::webapp_internal::fill_grid|6486:: Trying to select cell in grid!
2025-12-08 09:46:27,672-DEBUG-root-42604::base::click|192:: Click Type: ClickType.ACTIONCHAINS
2025-12-08 09:46:27,962-DEBUG-root-42604::webapp_internal::fill_grid|6486:: Trying to select cell in grid!
2025-12-08 09:46:27,964-DEBUG-root-42604::base::click|192:: Click Type: ClickType.ACTIONCHAINS
2025-12-08 09:46:28,249-DEBUG-root-42604::webapp_internal::fill_grid|6486:: Trying to select cell in grid!
2025-12-08 09:46:28,251-DEBUG-root-42604::base::click|192:: Click Type: ClickType.ACTIONCHAINS
2025-12-08 09:46:28,546-DEBUG-root-42604::webapp_internal::fill_grid|6486:: Trying to select cell in grid!
2025-12-08 09:46:28,547-DEBUG-root-42604::base::click|192:: Click Type: ClickType.ACTIONCHAINS
2025-12-08 09:46:28,843-DEBUG-root-42604::webapp_internal::fill_grid|6486:: Trying to select cell in grid!
2025-12-08 09:46:28,845-DEBUG-root-42604::base::click|192:: Click Type: ClickType.ACTIONCHAINS
2025-12-08 09:46:29,133-DEBUG-root-42604::webapp_internal::fill_grid|6486:: Trying to select cell in grid!
2025-12-08 09:46:29,139-DEBUG-root-42604::base::click|192:: Click Type: ClickType.ACTIONCHAINS
2025-12-08 09:46:29,429-DEBUG-root-42604::webapp_internal::fill_grid|6486:: Trying to select cell in grid!
2025-12-08 09:46:29,431-DEBUG-root-42604::base::click|192:: Click Type: ClickType.ACTIONCHAINS
2025-12-08 09:46:29,726-DEBUG-root-42604::webapp_internal::fill_grid|6486:: Trying to select cell in grid!
2025-12-08 09:46:29,728-DEBUG-root-42604::base::click|192:: Click Type: ClickType.ACTIONCHAINS
2025-12-08 09:46:30,017-DEBUG-root-42604::webapp_internal::fill_grid|6486:: Trying to select cell in grid!
2025-12-08 09:46:30,022-DEBUG-root-42604::base::click|192:: Click Type: ClickType.ACTIONCHAINS
2025-12-08 09:46:30,312-DEBUG-root-42604::webapp_internal::fill_grid|6486:: Trying to select cell in grid!
2025-12-08 09:46:30,314-DEBUG-root-42604::base::click|192:: Click Type: ClickType.ACTIONCHAINS
2025-12-08 09:46:30,610-DEBUG-root-42604::webapp_internal::fill_grid|6486:: Trying to select cell in grid!
2025-12-08 09:46:30,612-DEBUG-root-42604::base::click|192:: Click Type: ClickType.ACTIONCHAINS
2025-12-08 09:46:30,906-DEBUG-root-42604::webapp_internal::fill_grid|6486:: Trying to select cell in grid!
2025-12-08 09:46:30,908-DEBUG-root-42604::base::click|192:: Click Type: ClickType.ACTIONCHAINS
2025-12-08 09:46:31,196-DEBUG-root-42604::webapp_internal::fill_grid|6486:: Trying to select cell in grid!
2025-12-08 09:46:31,198-DEBUG-root-42604::base::click|192:: Click Type: ClickType.ACTIONCHAINS
2025-12-08 09:46:31,495-DEBUG-root-42604::webapp_internal::fill_grid|6486:: Trying to select cell in grid!
2025-12-08 09:46:31,496-DEBUG-root-42604::base::click|192:: Click Type: ClickType.ACTIONCHAINS
2025-12-08 09:46:31,788-DEBUG-root-42604::webapp_internal::fill_grid|6486:: Trying to select cell in grid!
2025-12-08 09:46:31,791-DEBUG-root-42604::base::click|192:: Click Type: ClickType.ACTIONCHAINS
2025-12-08 09:46:32,081-DEBUG-root-42604::webapp_internal::fill_grid|6486:: Trying to select cell in grid!
2025-12-08 09:46:32,083-DEBUG-root-42604::base::click|192:: Click Type: ClickType.ACTIONCHAINS
2025-12-08 09:46:32,379-DEBUG-root-42604::webapp_internal::fill_grid|6486:: Trying to select cell in grid!
2025-12-08 09:46:32,381-DEBUG-root-42604::base::click|192:: Click Type: ClickType.ACTIONCHAINS
2025-12-08 09:46:32,674-DEBUG-root-42604::webapp_internal::fill_grid|6486:: Trying to select cell in grid!
2025-12-08 09:46:32,678-DEBUG-root-42604::base::click|192:: Click Type: ClickType.ACTIONCHAINS
2025-12-08 09:46:32,966-DEBUG-root-42604::webapp_internal::fill_grid|6486:: Trying to select cell in grid!
2025-12-08 09:46:32,968-DEBUG-root-42604::base::click|192:: Click Type: ClickType.ACTIONCHAINS
2025-12-08 09:46:33,261-DEBUG-root-42604::webapp_internal::fill_grid|6486:: Trying to select cell in grid!
2025-12-08 09:46:33,264-DEBUG-root-42604::base::click|192:: Click Type: ClickType.ACTIONCHAINS
2025-12-08 09:46:33,528-DEBUG-root-42604::webapp_internal::fill_grid|6486:: Trying to select cell in grid!
2025-12-08 09:46:33,531-DEBUG-root-42604::base::click|192:: Click Type: ClickType.ACTIONCHAINS
2025-12-08 09:46:33,818-DEBUG-root-42604::webapp_internal::fill_grid|6486:: Trying to select cell in grid!
2025-12-08 09:46:33,822-DEBUG-root-42604::base::click|192:: Click Type: ClickType.ACTIONCHAINS
2025-12-08 09:46:34,111-DEBUG-root-42604::webapp_internal::fill_grid|6486:: Trying to select cell in grid!
2025-12-08 09:46:34,113-DEBUG-root-42604::base::click|192:: Click Type: ClickType.ACTIONCHAINS
2025-12-08 09:46:34,390-DEBUG-root-42604::webapp_internal::fill_grid|6486:: Trying to select cell in grid!
2025-12-08 09:46:34,392-DEBUG-root-42604::base::click|192:: Click Type: ClickType.ACTIONCHAINS
2025-12-08 09:46:34,657-DEBUG-root-42604::webapp_internal::fill_grid|6486:: Trying to select cell in grid!
2025-12-08 09:46:34,659-DEBUG-root-42604::base::click|192:: Click Type: ClickType.ACTIONCHAINS
2025-12-08 09:46:34,949-DEBUG-root-42604::webapp_internal::fill_grid|6486:: Trying to select cell in grid!
2025-12-08 09:46:34,951-DEBUG-root-42604::base::click|192:: Click Type: ClickType.ACTIONCHAINS
2025-12-08 09:46:35,245-DEBUG-root-42604::webapp_internal::fill_grid|6486:: Trying to select cell in grid!
2025-12-08 09:46:35,247-DEBUG-root-42604::base::click|192:: Click Type: ClickType.ACTIONCHAINS
2025-12-08 09:46:35,525-DEBUG-root-42604::webapp_internal::fill_grid|6486:: Trying to select cell in grid!
2025-12-08 09:46:35,527-DEBUG-root-42604::base::click|192:: Click Type: ClickType.ACTIONCHAINS
2025-12-08 09:46:35,789-DEBUG-root-42604::webapp_internal::fill_grid|6486:: Trying to select cell in grid!
2025-12-08 09:46:35,791-DEBUG-root-42604::base::click|192:: Click Type: ClickType.ACTIONCHAINS
2025-12-08 09:46:36,056-DEBUG-root-42604::webapp_internal::fill_grid|6486:: Trying to select cell in grid!
2025-12-08 09:46:36,059-DEBUG-root-42604::base::click|192:: Click Type: ClickType.ACTIONCHAINS
2025-12-08 09:46:36,346-DEBUG-root-42604::webapp_internal::fill_grid|6486:: Trying to select cell in grid!
2025-12-08 09:46:36,348-DEBUG-root-42604::base::click|192:: Click Type: ClickType.ACTIONCHAINS
2025-12-08 09:46:36,644-DEBUG-root-42604::webapp_internal::fill_grid|6486:: Trying to select cell in grid!
2025-12-08 09:46:36,647-DEBUG-root-42604::base::click|192:: Click Type: ClickType.ACTIONCHAINS
2025-12-08 09:46:36,941-DEBUG-root-42604::webapp_internal::fill_grid|6486:: Trying to select cell in grid!
2025-12-08 09:46:36,943-DEBUG-root-42604::base::click|192:: Click Type: ClickType.ACTIONCHAINS
2025-12-08 09:46:37,229-DEBUG-root-42604::webapp_internal::fill_grid|6486:: Trying to select cell in grid!
2025-12-08 09:46:37,231-DEBUG-root-42604::base::click|192:: Click Type: ClickType.ACTIONCHAINS
2025-12-08 09:46:37,527-DEBUG-root-42604::webapp_internal::fill_grid|6486:: Trying to select cell in grid!
2025-12-08 09:46:37,529-DEBUG-root-42604::base::click|192:: Click Type: ClickType.ACTIONCHAINS
2025-12-08 09:46:37,818-DEBUG-root-42604::webapp_internal::fill_grid|6486:: Trying to select cell in grid!
2025-12-08 09:46:37,822-DEBUG-root-42604::base::click|192:: Click Type: ClickType.ACTIONCHAINS
2025-12-08 09:46:38,111-DEBUG-root-42604::webapp_internal::fill_grid|6486:: Trying to select cell in grid!
2025-12-08 09:46:38,113-DEBUG-root-42604::base::click|192:: Click Type: ClickType.ACTIONCHAINS
2025-12-08 09:46:38,393-DEBUG-root-42604::webapp_internal::fill_grid|6486:: Trying to select cell in grid!
2025-12-08 09:46:38,395-DEBUG-root-42604::base::click|192:: Click Type: ClickType.ACTIONCHAINS
2025-12-08 09:46:38,682-DEBUG-root-42604::webapp_internal::fill_grid|6486:: Trying to select cell in grid!
2025-12-08 09:46:38,684-DEBUG-root-42604::base::click|192:: Click Type: ClickType.ACTIONCHAINS
2025-12-08 09:46:38,978-DEBUG-root-42604::webapp_internal::fill_grid|6486:: Trying to select cell in grid!
2025-12-08 09:46:38,980-DEBUG-root-42604::base::click|192:: Click Type: ClickType.ACTIONCHAINS
2025-12-08 09:46:39,258-DEBUG-root-42604::webapp_internal::fill_grid|6486:: Trying to select cell in grid!
2025-12-08 09:46:39,260-DEBUG-root-42604::base::click|192:: Click Type: ClickType.ACTIONCHAINS
2025-12-08 09:46:39,549-DEBUG-root-42604::webapp_internal::fill_grid|6486:: Trying to select cell in grid!
2025-12-08 09:46:39,551-DEBUG-root-42604::base::click|192:: Click Type: ClickType.ACTIONCHAINS
2025-12-08 09:46:39,814-DEBUG-root-42604::webapp_internal::fill_grid|6486:: Trying to select cell in grid!
2025-12-08 09:46:39,817-DEBUG-root-42604::base::click|192:: Click Type: ClickType.ACTIONCHAINS
2025-12-08 09:46:40,112-DEBUG-root-42604::webapp_internal::fill_grid|6486:: Trying to select cell in grid!
2025-12-08 09:46:40,114-DEBUG-root-42604::base::click|192:: Click Type: ClickType.ACTIONCHAINS
2025-12-08 09:46:40,411-DEBUG-root-42604::webapp_internal::fill_grid|6486:: Trying to select cell in grid!
2025-12-08 09:46:40,414-DEBUG-root-42604::base::click|192:: Click Type: ClickType.ACTIONCHAINS
2025-12-08 09:46:40,699-DEBUG-root-42604::webapp_internal::fill_grid|6486:: Trying to select cell in grid!
2025-12-08 09:46:40,701-DEBUG-root-42604::base::click|192:: Click Type: ClickType.ACTIONCHAINS
2025-12-08 09:46:40,995-DEBUG-root-42604::webapp_internal::fill_grid|6486:: Trying to select cell in grid!
2025-12-08 09:46:40,997-DEBUG-root-42604::base::click|192:: Click Type: ClickType.ACTIONCHAINS
2025-12-08 09:46:41,261-DEBUG-root-42604::webapp_internal::fill_grid|6486:: Trying to select cell in grid!
2025-12-08 09:46:41,263-DEBUG-root-42604::base::click|192:: Click Type: ClickType.ACTIONCHAINS
2025-12-08 09:46:41,556-DEBUG-root-42604::webapp_internal::fill_grid|6486:: Trying to select cell in grid!
2025-12-08 09:46:41,559-DEBUG-root-42604::base::click|192:: Click Type: ClickType.ACTIONCHAINS
2025-12-08 09:46:41,847-DEBUG-root-42604::webapp_internal::fill_grid|6486:: Trying to select cell in grid!
2025-12-08 09:46:41,848-DEBUG-root-42604::base::click|192:: Click Type: ClickType.ACTIONCHAINS
2025-12-08 09:46:42,144-DEBUG-root-42604::webapp_internal::fill_grid|6486:: Trying to select cell in grid!
2025-12-08 09:46:42,146-DEBUG-root-42604::base::click|192:: Click Type: ClickType.ACTIONCHAINS
2025-12-08 09:46:42,439-DEBUG-root-42604::webapp_internal::fill_grid|6486:: Trying to select cell in grid!
2025-12-08 09:46:42,441-DEBUG-root-42604::base::click|192:: Click Type: ClickType.ACTIONCHAINS
2025-12-08 09:46:42,706-DEBUG-root-42604::webapp_internal::fill_grid|6486:: Trying to select cell in grid!
2025-12-08 09:46:42,708-DEBUG-root-42604::base::click|192:: Click Type: ClickType.ACTIONCHAINS
2025-12-08 09:46:42,973-DEBUG-root-42604::webapp_internal::fill_grid|6486:: Trying to select cell in grid!
2025-12-08 09:46:42,975-DEBUG-root-42604::base::click|192:: Click Type: ClickType.ACTIONCHAINS
2025-12-08 09:46:43,262-DEBUG-root-42604::webapp_internal::fill_grid|6486:: Trying to select cell in grid!
2025-12-08 09:46:43,264-DEBUG-root-42604::base::click|192:: Click Type: ClickType.ACTIONCHAINS
2025-12-08 09:46:43,561-DEBUG-root-42604::webapp_internal::fill_grid|6486:: Trying to select cell in grid!
2025-12-08 09:46:43,563-DEBUG-root-42604::base::click|192:: Click Type: ClickType.ACTIONCHAINS
2025-12-08 09:46:43,857-DEBUG-root-42604::webapp_internal::fill_grid|6486:: Trying to select cell in grid!
2025-12-08 09:46:43,860-DEBUG-root-42604::base::click|192:: Click Type: ClickType.ACTIONCHAINS
2025-12-08 09:46:44,150-DEBUG-root-42604::webapp_internal::fill_grid|6486:: Trying to select cell in grid!
2025-12-08 09:46:44,156-DEBUG-root-42604::base::click|192:: Click Type: ClickType.ACTIONCHAINS
2025-12-08 09:46:44,449-DEBUG-root-42604::webapp_internal::fill_grid|6486:: Trying to select cell in grid!
2025-12-08 09:46:44,451-DEBUG-root-42604::base::click|192:: Click Type: ClickType.ACTIONCHAINS
2025-12-08 09:46:44,743-DEBUG-root-42604::webapp_internal::fill_grid|6486:: Trying to select cell in grid!
2025-12-08 09:46:44,745-DEBUG-root-42604::base::click|192:: Click Type: ClickType.ACTIONCHAINS
2025-12-08 09:46:45,034-DEBUG-root-42604::webapp_internal::fill_grid|6486:: Trying to select cell in grid!
2025-12-08 09:46:45,039-DEBUG-root-42604::base::click|192:: Click Type: ClickType.ACTIONCHAINS
2025-12-08 09:46:45,329-DEBUG-root-42604::webapp_internal::fill_grid|6486:: Trying to select cell in grid!
2025-12-08 09:46:45,331-DEBUG-root-42604::base::click|192:: Click Type: ClickType.ACTIONCHAINS
2025-12-08 09:46:45,611-DEBUG-root-42604::webapp_internal::fill_grid|6486:: Trying to select cell in grid!
2025-12-08 09:46:45,613-DEBUG-root-42604::base::click|192:: Click Type: ClickType.ACTIONCHAINS
2025-12-08 09:46:45,906-DEBUG-root-42604::webapp_internal::fill_grid|6486:: Trying to select cell in grid!
2025-12-08 09:46:45,909-DEBUG-root-42604::base::click|192:: Click Type: ClickType.ACTIONCHAINS
2025-12-08 09:46:46,198-DEBUG-root-42604::webapp_internal::fill_grid|6486:: Trying to select cell in grid!
2025-12-08 09:46:46,200-DEBUG-root-42604::base::click|192:: Click Type: ClickType.ACTIONCHAINS
2025-12-08 09:46:46,463-DEBUG-root-42604::webapp_internal::fill_grid|6486:: Trying to select cell in grid!
2025-12-08 09:46:46,465-DEBUG-root-42604::base::click|192:: Click Type: ClickType.ACTIONCHAINS
2025-12-08 09:46:46,761-DEBUG-root-42604::webapp_internal::fill_grid|6486:: Trying to select cell in grid!
2025-12-08 09:46:46,764-DEBUG-root-42604::base::click|192:: Click Type: ClickType.ACTIONCHAINS
2025-12-08 09:46:47,057-DEBUG-root-42604::webapp_internal::fill_grid|6486:: Trying to select cell in grid!
2025-12-08 09:46:47,058-DEBUG-root-42604::base::click|192:: Click Type: ClickType.ACTIONCHAINS
2025-12-08 09:46:47,348-DEBUG-root-42604::webapp_internal::fill_grid|6486:: Trying to select cell in grid!
2025-12-08 09:46:47,350-DEBUG-root-42604::base::click|192:: Click Type: ClickType.ACTIONCHAINS
2025-12-08 09:46:47,646-DEBUG-root-42604::webapp_internal::fill_grid|6486:: Trying to select cell in grid!
2025-12-08 09:46:47,648-DEBUG-root-42604::base::click|192:: Click Type: ClickType.ACTIONCHAINS
2025-12-08 09:46:47,945-DEBUG-root-42604::webapp_internal::fill_grid|6486:: Trying to select cell in grid!
2025-12-08 09:46:47,947-DEBUG-root-42604::base::click|192:: Click Type: ClickType.ACTIONCHAINS
2025-12-08 09:46:48,211-DEBUG-root-42604::webapp_internal::fill_grid|6486:: Trying to select cell in grid!
2025-12-08 09:46:48,213-DEBUG-root-42604::base::click|192:: Click Type: ClickType.ACTIONCHAINS
2025-12-08 09:46:48,475-DEBUG-root-42604::webapp_internal::fill_grid|6486:: Trying to select cell in grid!
2025-12-08 09:46:48,477-DEBUG-root-42604::base::click|192:: Click Type: ClickType.ACTIONCHAINS
2025-12-08 09:46:48,772-DEBUG-root-42604::webapp_internal::fill_grid|6486:: Trying to select cell in grid!
2025-12-08 09:46:48,774-DEBUG-root-42604::base::click|192:: Click Type: ClickType.ACTIONCHAINS
2025-12-08 09:46:49,061-DEBUG-root-42604::webapp_internal::fill_grid|6486:: Trying to select cell in grid!
2025-12-08 09:46:49,063-DEBUG-root-42604::base::click|192:: Click Type: ClickType.ACTIONCHAINS
2025-12-08 09:46:49,345-DEBUG-root-42604::webapp_internal::fill_grid|6486:: Trying to select cell in grid!
2025-12-08 09:46:49,347-DEBUG-root-42604::base::click|192:: Click Type: ClickType.ACTIONCHAINS
2025-12-08 09:46:49,641-DEBUG-root-42604::webapp_internal::fill_grid|6486:: Trying to select cell in grid!
2025-12-08 09:46:49,643-DEBUG-root-42604::base::click|192:: Click Type: ClickType.ACTIONCHAINS
2025-12-08 09:46:49,931-DEBUG-root-42604::webapp_internal::fill_grid|6486:: Trying to select cell in grid!
2025-12-08 09:46:49,933-DEBUG-root-42604::base::click|192:: Click Type: ClickType.ACTIONCHAINS
2025-12-08 09:46:50,228-DEBUG-root-42604::webapp_internal::fill_grid|6486:: Trying to select cell in grid!
2025-12-08 09:46:50,230-DEBUG-root-42604::base::click|192:: Click Type: ClickType.ACTIONCHAINS
2025-12-08 09:46:50,518-DEBUG-root-42604::webapp_internal::fill_grid|6486:: Trying to select cell in grid!
2025-12-08 09:46:50,522-DEBUG-root-42604::base::click|192:: Click Type: ClickType.ACTIONCHAINS
2025-12-08 09:46:50,812-DEBUG-root-42604::webapp_internal::fill_grid|6486:: Trying to select cell in grid!
2025-12-08 09:46:50,814-DEBUG-root-42604::base::click|192:: Click Type: ClickType.ACTIONCHAINS
2025-12-08 09:46:51,093-DEBUG-root-42604::webapp_internal::fill_grid|6486:: Trying to select cell in grid!
2025-12-08 09:46:51,095-DEBUG-root-42604::base::click|192:: Click Type: ClickType.ACTIONCHAINS
2025-12-08 09:46:51,383-DEBUG-root-42604::webapp_internal::fill_grid|6486:: Trying to select cell in grid!
2025-12-08 09:46:51,389-DEBUG-root-42604::base::click|192:: Click Type: ClickType.ACTIONCHAINS
2025-12-08 09:46:51,679-DEBUG-root-42604::webapp_internal::fill_grid|6486:: Trying to select cell in grid!
2025-12-08 09:46:51,682-DEBUG-root-42604::base::click|192:: Click Type: ClickType.ACTIONCHAINS
2025-12-08 09:46:51,977-DEBUG-root-42604::webapp_internal::fill_grid|6486:: Trying to select cell in grid!
2025-12-08 09:46:51,979-DEBUG-root-42604::base::click|192:: Click Type: ClickType.ACTIONCHAINS
2025-12-08 09:46:52,266-DEBUG-root-42604::webapp_internal::fill_grid|6486:: Trying to select cell in grid!
2025-12-08 09:46:52,272-DEBUG-root-42604::base::click|192:: Click Type: ClickType.ACTIONCHAINS
2025-12-08 09:46:52,562-DEBUG-root-42604::webapp_internal::fill_grid|6486:: Trying to select cell in grid!
2025-12-08 09:46:52,564-DEBUG-root-42604::base::click|192:: Click Type: ClickType.ACTIONCHAINS
2025-12-08 09:46:52,847-DEBUG-root-42604::webapp_internal::fill_grid|6486:: Trying to select cell in grid!
2025-12-08 09:46:52,849-DEBUG-root-42604::base::click|192:: Click Type: ClickType.ACTIONCHAINS
2025-12-08 09:46:53,134-DEBUG-root-42604::webapp_internal::fill_grid|6486:: Trying to select cell in grid!
2025-12-08 09:46:53,139-DEBUG-root-42604::base::click|192:: Click Type: ClickType.ACTIONCHAINS
2025-12-08 09:46:53,430-DEBUG-root-42604::webapp_internal::fill_grid|6486:: Trying to select cell in grid!
2025-12-08 09:46:53,431-DEBUG-root-42604::base::click|192:: Click Type: ClickType.ACTIONCHAINS
2025-12-08 09:46:53,728-DEBUG-root-42604::webapp_internal::fill_grid|6486:: Trying to select cell in grid!
2025-12-08 09:46:53,730-DEBUG-root-42604::base::click|192:: Click Type: ClickType.ACTIONCHAINS
2025-12-08 09:46:54,022-DEBUG-root-42604::webapp_internal::fill_grid|6486:: Trying to select cell in grid!
2025-12-08 09:46:54,024-DEBUG-root-42604::base::click|192:: Click Type: ClickType.ACTIONCHAINS
2025-12-08 09:46:54,312-DEBUG-root-42604::webapp_internal::fill_grid|6486:: Trying to select cell in grid!
2025-12-08 09:46:54,314-DEBUG-root-42604::base::click|192:: Click Type: ClickType.ACTIONCHAINS
2025-12-08 09:46:54,610-DEBUG-root-42604::webapp_internal::fill_grid|6486:: Trying to select cell in grid!
2025-12-08 09:46:54,612-DEBUG-root-42604::base::click|192:: Click Type: ClickType.ACTIONCHAINS
2025-12-08 09:46:54,875-DEBUG-root-42604::webapp_internal::fill_grid|6486:: Trying to select cell in grid!
2025-12-08 09:46:54,878-DEBUG-root-42604::base::click|192:: Click Type: ClickType.ACTIONCHAINS
2025-12-08 09:46:55,171-DEBUG-root-42604::webapp_internal::fill_grid|6486:: Trying to select cell in grid!
2025-12-08 09:46:55,173-DEBUG-root-42604::base::click|192:: Click Type: ClickType.ACTIONCHAINS
2025-12-08 09:46:55,462-DEBUG-root-42604::webapp_internal::fill_grid|6486:: Trying to select cell in grid!
2025-12-08 09:46:55,464-DEBUG-root-42604::base::click|192:: Click Type: ClickType.ACTIONCHAINS
2025-12-08 09:46:55,746-DEBUG-root-42604::webapp_internal::fill_grid|6486:: Trying to select cell in grid!
2025-12-08 09:46:55,749-DEBUG-root-42604::base::click|192:: Click Type: ClickType.ACTIONCHAINS
2025-12-08 09:46:56,043-DEBUG-root-42604::webapp_internal::fill_grid|6486:: Trying to select cell in grid!
2025-12-08 09:46:56,045-DEBUG-root-42604::base::click|192:: Click Type: ClickType.ACTIONCHAINS
2025-12-08 09:46:56,334-DEBUG-root-42604::webapp_internal::fill_grid|6486:: Trying to select cell in grid!
2025-12-08 09:46:56,339-DEBUG-root-42604::base::click|192:: Click Type: ClickType.ACTIONCHAINS
2025-12-08 09:46:56,630-DEBUG-root-42604::webapp_internal::fill_grid|6486:: Trying to select cell in grid!
2025-12-08 09:46:56,632-DEBUG-root-42604::base::click|192:: Click Type: ClickType.ACTIONCHAINS
2025-12-08 09:46:56,928-DEBUG-root-42604::webapp_internal::fill_grid|6486:: Trying to select cell in grid!
2025-12-08 09:46:56,930-DEBUG-root-42604::base::click|192:: Click Type: ClickType.ACTIONCHAINS
2025-12-08 09:46:57,226-DEBUG-root-42604::webapp_internal::fill_grid|6486:: Trying to select cell in grid!
2025-12-08 09:46:57,227-DEBUG-root-42604::base::click|192:: Click Type: ClickType.ACTIONCHAINS
2025-12-08 09:46:57,514-DEBUG-root-42604::webapp_internal::fill_grid|6486:: Trying to select cell in grid!
2025-12-08 09:46:57,517-DEBUG-root-42604::base::click|192:: Click Type: ClickType.ACTIONCHAINS
2025-12-08 09:46:57,811-DEBUG-root-42604::webapp_internal::fill_grid|6486:: Trying to select cell in grid!
2025-12-08 09:46:57,812-DEBUG-root-42604::base::click|192:: Click Type: ClickType.ACTIONCHAINS
2025-12-08 09:46:58,107-DEBUG-root-42604::webapp_internal::fill_grid|6486:: Trying to select cell in grid!
2025-12-08 09:46:58,109-DEBUG-root-42604::base::click|192:: Click Type: ClickType.ACTIONCHAINS
2025-12-08 09:46:58,397-DEBUG-root-42604::webapp_internal::fill_grid|6486:: Trying to select cell in grid!
2025-12-08 09:46:58,399-DEBUG-root-42604::base::click|192:: Click Type: ClickType.ACTIONCHAINS
2025-12-08 09:46:58,694-DEBUG-root-42604::webapp_internal::fill_grid|6486:: Trying to select cell in grid!
2025-12-08 09:46:58,697-DEBUG-root-42604::base::click|192:: Click Type: ClickType.ACTIONCHAINS
2025-12-08 09:46:58,958-DEBUG-root-42604::webapp_internal::fill_grid|6486:: Trying to select cell in grid!
2025-12-08 09:46:58,960-DEBUG-root-42604::base::click|192:: Click Type: ClickType.ACTIONCHAINS
2025-12-08 09:46:59,225-DEBUG-root-42604::webapp_internal::fill_grid|6486:: Trying to select cell in grid!
2025-12-08 09:46:59,227-DEBUG-root-42604::base::click|192:: Click Type: ClickType.ACTIONCHAINS
2025-12-08 09:46:59,517-DEBUG-root-42604::webapp_internal::fill_grid|6486:: Trying to select cell in grid!
2025-12-08 09:46:59,522-DEBUG-root-42604::base::click|192:: Click Type: ClickType.ACTIONCHAINS
2025-12-08 09:46:59,812-DEBUG-root-42604::webapp_internal::fill_grid|6486:: Trying to select cell in grid!
2025-12-08 09:46:59,814-DEBUG-root-42604::base::click|192:: Click Type: ClickType.ACTIONCHAINS
2025-12-08 09:47:00,095-DEBUG-root-42604::webapp_internal::fill_grid|6486:: Trying to select cell in grid!
2025-12-08 09:47:00,098-DEBUG-root-42604::base::click|192:: Click Type: ClickType.ACTIONCHAINS
2025-12-08 09:47:00,391-DEBUG-root-42604::webapp_internal::fill_grid|6486:: Trying to select cell in grid!
2025-12-08 09:47:00,393-DEBUG-root-42604::base::click|192:: Click Type: ClickType.ACTIONCHAINS
2025-12-08 09:47:00,683-DEBUG-root-42604::webapp_internal::fill_grid|6486:: Trying to select cell in grid!
2025-12-08 09:47:00,688-DEBUG-root-42604::base::click|192:: Click Type: ClickType.ACTIONCHAINS
2025-12-08 09:47:00,978-DEBUG-root-42604::webapp_internal::fill_grid|6486:: Trying to select cell in grid!
2025-12-08 09:47:00,980-DEBUG-root-42604::base::click|192:: Click Type: ClickType.ACTIONCHAINS
2025-12-08 09:47:01,267-DEBUG-root-42604::webapp_internal::fill_grid|6486:: Trying to select cell in grid!
2025-12-08 09:47:01,273-DEBUG-root-42604::base::click|192:: Click Type: ClickType.ACTIONCHAINS
2025-12-08 09:47:01,559-DEBUG-root-42604::webapp_internal::fill_grid|6486:: Trying to select cell in grid!
2025-12-08 09:47:01,560-DEBUG-root-42604::base::click|192:: Click Type: ClickType.ACTIONCHAINS
2025-12-08 09:47:01,847-DEBUG-root-42604::webapp_internal::fill_grid|6486:: Trying to select cell in grid!
2025-12-08 09:47:01,849-DEBUG-root-42604::base::click|192:: Click Type: ClickType.ACTIONCHAINS
2025-12-08 09:47:02,145-DEBUG-root-42604::webapp_internal::fill_grid|6486:: Trying to select cell in grid!
2025-12-08 09:47:02,147-DEBUG-root-42604::base::click|192:: Click Type: ClickType.ACTIONCHAINS
2025-12-08 09:47:02,441-DEBUG-root-42604::webapp_internal::fill_grid|6486:: Trying to select cell in grid!
2025-12-08 09:47:02,443-DEBUG-root-42604::base::click|192:: Click Type: ClickType.ACTIONCHAINS
2025-12-08 09:47:02,730-DEBUG-root-42604::webapp_internal::fill_grid|6486:: Trying to select cell in grid!
2025-12-08 09:47:02,732-DEBUG-root-42604::base::click|192:: Click Type: ClickType.ACTIONCHAINS
2025-12-08 09:47:02,997-DEBUG-root-42604::webapp_internal::fill_grid|6486:: Trying to select cell in grid!
2025-12-08 09:47:02,999-DEBUG-root-42604::base::click|192:: Click Type: ClickType.ACTIONCHAINS
2025-12-08 09:47:03,295-DEBUG-root-42604::webapp_internal::fill_grid|6486:: Trying to select cell in grid!
2025-12-08 09:47:03,297-DEBUG-root-42604::base::click|192:: Click Type: ClickType.ACTIONCHAINS
2025-12-08 09:47:03,584-DEBUG-root-42604::webapp_internal::fill_grid|6486:: Trying to select cell in grid!
2025-12-08 09:47:03,589-DEBUG-root-42604::base::click|192:: Click Type: ClickType.ACTIONCHAINS
2025-12-08 09:47:03,854-DEBUG-root-42604::webapp_internal::fill_grid|6486:: Trying to select cell in grid!
2025-12-08 09:47:03,858-DEBUG-root-42604::base::click|192:: Click Type: ClickType.ACTIONCHAINS
2025-12-08 09:47:04,147-DEBUG-root-42604::webapp_internal::fill_grid|6486:: Trying to select cell in grid!
2025-12-08 09:47:04,149-DEBUG-root-42604::base::click|192:: Click Type: ClickType.ACTIONCHAINS
2025-12-08 09:47:04,441-DEBUG-root-42604::webapp_internal::fill_grid|6486:: Trying to select cell in grid!
2025-12-08 09:47:04,444-DEBUG-root-42604::base::click|192:: Click Type: ClickType.ACTIONCHAINS
2025-12-08 09:47:04,709-DEBUG-root-42604::webapp_internal::fill_grid|6486:: Trying to select cell in grid!
2025-12-08 09:47:04,711-DEBUG-root-42604::base::click|192:: Click Type: ClickType.ACTIONCHAINS
2025-12-08 09:47:05,006-DEBUG-root-42604::webapp_internal::fill_grid|6486:: Trying to select cell in grid!
2025-12-08 09:47:05,009-DEBUG-root-42604::base::click|192:: Click Type: ClickType.ACTIONCHAINS
2025-12-08 09:47:05,299-DEBUG-root-42604::webapp_internal::fill_grid|6486:: Trying to select cell in grid!
2025-12-08 09:47:05,301-DEBUG-root-42604::base::click|192:: Click Type: ClickType.ACTIONCHAINS
2025-12-08 09:47:05,597-DEBUG-root-42604::webapp_internal::fill_grid|6486:: Trying to select cell in grid!
2025-12-08 09:47:05,600-DEBUG-root-42604::base::click|192:: Click Type: ClickType.ACTIONCHAINS
2025-12-08 09:47:05,889-DEBUG-root-42604::webapp_internal::fill_grid|6486:: Trying to select cell in grid!
2025-12-08 09:47:05,891-DEBUG-root-42604::base::click|192:: Click Type: ClickType.ACTIONCHAINS
2025-12-08 09:47:06,156-DEBUG-root-42604::webapp_internal::fill_grid|6486:: Trying to select cell in grid!
2025-12-08 09:47:06,159-DEBUG-root-42604::base::click|192:: Click Type: ClickType.ACTIONCHAINS
2025-12-08 09:47:06,426-DEBUG-root-42604::webapp_internal::fill_grid|6486:: Trying to select cell in grid!
2025-12-08 09:47:06,429-DEBUG-root-42604::base::click|192:: Click Type: ClickType.ACTIONCHAINS
2025-12-08 09:47:06,716-DEBUG-root-42604::webapp_internal::fill_grid|6486:: Trying to select cell in grid!
2025-12-08 09:47:06,722-DEBUG-root-42604::base::click|192:: Click Type: ClickType.ACTIONCHAINS
2025-12-08 09:47:07,012-DEBUG-root-42604::webapp_internal::fill_grid|6486:: Trying to select cell in grid!
2025-12-08 09:47:07,014-DEBUG-root-42604::base::click|192:: Click Type: ClickType.ACTIONCHAINS
2025-12-08 09:47:12,360-DEBUG-root-42604::webapp_internal::fill_grid|6498:: Trying open cell in grid!
2025-12-08 09:47:12,647-DEBUG-root-42604::webapp_internal::wait_blocker|2444:: Waiting blocker to continue...
2025-12-08 09:47:12,790-DEBUG-root-42604::webapp_internal::wait_blocker|2469:: Blocker status: False
2025-12-08 09:47:12,977-DEBUG-root-42604::webapp_internal::wait_element_timeout|7726:: Element found! Waiting for element to be displayed.
2025-12-08 09:47:13,329-DEBUG-root-42604::webapp_internal::fill_grid|6577:: Sending keys: 227884
2025-12-08 09:47:13,648-DEBUG-root-42604::webapp_internal::wait_blocker|2444:: Waiting blocker to continue...
2025-12-08 09:47:13,791-DEBUG-root-42604::webapp_internal::wait_blocker|2469:: Blocker status: False
2025-12-08 09:47:13,949-DEBUG-root-42604::webapp_internal::wait_element_timeout|7726:: Element found! Waiting for element to be displayed.
2025-12-08 09:47:14,259-INFO-root-42604::webapp_internal::ClickFolder|5081:: Clicking on folder: Transporte
2025-12-08 09:47:14,260-DEBUG-root-42604::webapp_internal::wait_blocker|2444:: Waiting blocker to continue...
2025-12-08 09:47:14,428-DEBUG-root-42604::webapp_internal::wait_blocker|2469:: Blocker status: False
2025-12-08 09:47:14,461-DEBUG-root-42604::webapp_internal::wait_element|7623:: Waiting for element
2025-12-08 09:47:14,739-DEBUG-root-42604::webapp_internal::wait_element|7653:: Element found! Waiting for element to be displayed.
2025-12-08 09:47:16,279-DEBUG-root-42604::webapp_internal::wait_blocker|2444:: Waiting blocker to continue...
2025-12-08 09:47:16,448-DEBUG-root-42604::webapp_internal::wait_blocker|2469:: Blocker status: False
2025-12-08 09:47:16,449-INFO-root-42604::webapp_internal::SetKey|5822:: Key pressed: TAB
2025-12-08 09:47:16,449-DEBUG-root-42604::webapp_internal::SetKey|5857:: Trying press key
2025-12-08 09:47:16,449-DEBUG-root-42604::webapp_internal::wait_element|7623:: Waiting for element
2025-12-08 09:47:16,559-DEBUG-root-42604::webapp_internal::wait_element|7653:: Element found! Waiting for element to be displayed.
2025-12-08 09:47:16,845-DEBUG-root-42604::webapp_internal::wait_blocker|2444:: Waiting blocker to continue...
2025-12-08 09:47:16,979-DEBUG-root-42604::webapp_internal::wait_blocker|2469:: Blocker status: False
2025-12-08 09:47:16,980-INFO-root-42604::webapp_internal::LoadGrid|6298:: Filling grid field: Tipo
2025-12-08 09:47:16,980-DEBUG-root-42604::webapp_internal::fill_grid|6399:: Grid loading...
2025-12-08 09:47:17,334-DEBUG-root-42604::webapp_internal::fill_grid|6466:: Column found!
2025-12-08 09:47:17,376-DEBUG-root-42604::base::click|192:: Click Type: ClickType.ACTIONCHAINS
2025-12-08 09:47:22,815-DEBUG-root-42604::webapp_internal::fill_grid|6498:: Trying open cell in grid!
2025-12-08 09:47:23,105-DEBUG-root-42604::webapp_internal::wait_blocker|2444:: Waiting blocker to continue...
2025-12-08 09:47:23,280-DEBUG-root-42604::webapp_internal::wait_blocker|2469:: Blocker status: False
2025-12-08 09:47:23,523-DEBUG-root-42604::webapp_internal::wait_element_timeout|7726:: Element found! Waiting for element to be displayed.
2025-12-08 09:47:24,888-INFO-root-42604::base::select_combo|871:: Selected value for combo is: 1 - Aereo
2025-12-08 09:47:25,090-DEBUG-root-42604::webapp_internal::wait_blocker|2444:: Waiting blocker to continue...
2025-12-08 09:47:25,217-DEBUG-root-42604::webapp_internal::wait_blocker|2469:: Blocker status: False
2025-12-08 09:47:25,247-DEBUG-root-42604::webapp_internal::wait_blocker|2444:: Waiting blocker to continue...
2025-12-08 09:47:25,390-DEBUG-root-42604::webapp_internal::wait_blocker|2469:: Blocker status: False
2025-12-08 09:47:25,390-DEBUG-root-42604::webapp_internal::send_action|10480:: Trying to send action
2025-12-08 09:47:26,429-DEBUG-root-42604::webapp_internal::send_action|10522:: send_action method result = True
2025-12-08 09:47:26,429-DEBUG-root-42604::webapp_internal::send_action|10523:: send_action selenium status: False
2025-12-08 09:47:26,429-DEBUG-root-42604::webapp_internal::wait_blocker|2444:: Waiting blocker to continue...
2025-12-08 09:47:26,593-DEBUG-root-42604::webapp_internal::wait_blocker|2469:: Blocker status: False
2025-12-08 09:47:26,593-INFO-root-42604::webapp_internal::SetKey|5822:: Key pressed: TAB
2025-12-08 09:47:26,593-DEBUG-root-42604::webapp_internal::SetKey|5857:: Trying press key
2025-12-08 09:47:26,593-DEBUG-root-42604::webapp_internal::wait_element|7623:: Waiting for element
2025-12-08 09:47:26,691-DEBUG-root-42604::webapp_internal::wait_element|7653:: Element found! Waiting for element to be displayed.
2025-12-08 09:47:26,961-DEBUG-root-42604::webapp_internal::wait_blocker|2444:: Waiting blocker to continue...
2025-12-08 09:47:27,095-DEBUG-root-42604::webapp_internal::wait_blocker|2469:: Blocker status: False
2025-12-08 09:47:27,095-INFO-root-42604::webapp_internal::LoadGrid|6298:: Filling grid field: Partida
2025-12-08 09:47:27,095-DEBUG-root-42604::webapp_internal::fill_grid|6399:: Grid loading...
2025-12-08 09:47:27,450-DEBUG-root-42604::webapp_internal::fill_grid|6466:: Column found!
2025-12-08 09:47:27,491-DEBUG-root-42604::base::click|192:: Click Type: ClickType.ACTIONCHAINS
2025-12-08 09:47:32,948-DEBUG-root-42604::webapp_internal::fill_grid|6498:: Trying open cell in grid!
2025-12-08 09:47:33,234-DEBUG-root-42604::webapp_internal::wait_blocker|2444:: Waiting blocker to continue...
2025-12-08 09:47:33,428-DEBUG-root-42604::webapp_internal::wait_blocker|2469:: Blocker status: False
2025-12-08 09:47:33,617-DEBUG-root-42604::webapp_internal::wait_element_timeout|7726:: Element found! Waiting for element to be displayed.
2025-12-08 09:47:34,010-DEBUG-root-42604::webapp_internal::fill_grid|6577:: Sending keys: 21/12/2025
2025-12-08 09:47:34,325-DEBUG-root-42604::webapp_internal::wait_blocker|2444:: Waiting blocker to continue...
2025-12-08 09:47:34,496-DEBUG-root-42604::webapp_internal::wait_blocker|2469:: Blocker status: False
2025-12-08 09:47:39,929-DEBUG-root-42604::webapp_internal::wait_blocker|2444:: Waiting blocker to continue...
2025-12-08 09:47:40,063-DEBUG-root-42604::webapp_internal::wait_blocker|2469:: Blocker status: False
2025-12-08 09:47:40,091-DEBUG-root-42604::webapp_internal::wait_blocker|2444:: Waiting blocker to continue...
2025-12-08 09:47:40,228-DEBUG-root-42604::webapp_internal::wait_blocker|2469:: Blocker status: False
2025-12-08 09:47:40,228-DEBUG-root-42604::webapp_internal::send_action|10480:: Trying to send action
2025-12-08 09:47:41,269-DEBUG-root-42604::webapp_internal::send_action|10522:: send_action method result = True
2025-12-08 09:47:41,269-DEBUG-root-42604::webapp_internal::send_action|10523:: send_action selenium status: False
2025-12-08 09:47:41,271-DEBUG-root-42604::webapp_internal::wait_blocker|2444:: Waiting blocker to continue...
2025-12-08 09:47:41,399-DEBUG-root-42604::webapp_internal::wait_blocker|2469:: Blocker status: False
2025-12-08 09:47:41,399-INFO-root-42604::webapp_internal::SetKey|5822:: Key pressed: TAB
2025-12-08 09:47:41,400-DEBUG-root-42604::webapp_internal::SetKey|5857:: Trying press key
2025-12-08 09:47:41,400-DEBUG-root-42604::webapp_internal::wait_element|7623:: Waiting for element
2025-12-08 09:47:41,501-DEBUG-root-42604::webapp_internal::wait_element|7653:: Element found! Waiting for element to be displayed.
2025-12-08 09:47:41,759-DEBUG-root-42604::webapp_internal::wait_blocker|2444:: Waiting blocker to continue...
2025-12-08 09:47:41,882-DEBUG-root-42604::webapp_internal::wait_blocker|2469:: Blocker status: False
2025-12-08 09:47:41,882-INFO-root-42604::webapp_internal::LoadGrid|6298:: Filling grid field: Hora Partida
2025-12-08 09:47:41,882-DEBUG-root-42604::webapp_internal::fill_grid|6399:: Grid loading...
2025-12-08 09:47:42,282-DEBUG-root-42604::webapp_internal::fill_grid|6466:: Column found!
2025-12-08 09:47:42,323-DEBUG-root-42604::base::click|192:: Click Type: ClickType.ACTIONCHAINS
2025-12-08 09:47:47,734-DEBUG-root-42604::webapp_internal::fill_grid|6498:: Trying open cell in grid!
2025-12-08 09:47:48,008-DEBUG-root-42604::webapp_internal::wait_blocker|2444:: Waiting blocker to continue...
2025-12-08 09:47:48,159-DEBUG-root-42604::webapp_internal::wait_blocker|2469:: Blocker status: False
2025-12-08 09:47:48,379-DEBUG-root-42604::webapp_internal::wait_element_timeout|7726:: Element found! Waiting for element to be displayed.
2025-12-08 09:47:48,807-DEBUG-root-42604::webapp_internal::fill_grid|6577:: Sending keys: 08:00
2025-12-08 09:47:49,117-DEBUG-root-42604::webapp_internal::wait_blocker|2444:: Waiting blocker to continue...
2025-12-08 09:47:49,294-DEBUG-root-42604::webapp_internal::wait_blocker|2469:: Blocker status: False
2025-12-08 09:47:54,811-DEBUG-root-42604::webapp_internal::wait_blocker|2444:: Waiting blocker to continue...
2025-12-08 09:47:54,940-DEBUG-root-42604::webapp_internal::wait_blocker|2469:: Blocker status: False
2025-12-08 09:47:54,966-DEBUG-root-42604::webapp_internal::wait_blocker|2444:: Waiting blocker to continue...
2025-12-08 09:47:55,098-DEBUG-root-42604::webapp_internal::wait_blocker|2469:: Blocker status: False
2025-12-08 09:47:55,098-DEBUG-root-42604::webapp_internal::send_action|10480:: Trying to send action
2025-12-08 09:47:56,137-DEBUG-root-42604::webapp_internal::send_action|10522:: send_action method result = True
2025-12-08 09:47:56,138-DEBUG-root-42604::webapp_internal::send_action|10523:: send_action selenium status: False
2025-12-08 09:47:56,138-DEBUG-root-42604::webapp_internal::wait_blocker|2444:: Waiting blocker to continue...
2025-12-08 09:47:56,267-DEBUG-root-42604::webapp_internal::wait_blocker|2469:: Blocker status: False
2025-12-08 09:47:56,267-INFO-root-42604::webapp_internal::SetKey|5822:: Key pressed: TAB
2025-12-08 09:47:56,267-DEBUG-root-42604::webapp_internal::SetKey|5857:: Trying press key
2025-12-08 09:47:56,268-DEBUG-root-42604::webapp_internal::wait_element|7623:: Waiting for element
2025-12-08 09:47:56,362-DEBUG-root-42604::webapp_internal::wait_element|7653:: Element found! Waiting for element to be displayed.
2025-12-08 09:47:56,623-DEBUG-root-42604::webapp_internal::wait_blocker|2444:: Waiting blocker to continue...
2025-12-08 09:47:56,750-DEBUG-root-42604::webapp_internal::wait_blocker|2469:: Blocker status: False
2025-12-08 09:47:56,751-INFO-root-42604::webapp_internal::LoadGrid|6298:: Filling grid field: Origem
2025-12-08 09:47:56,751-DEBUG-root-42604::webapp_internal::fill_grid|6399:: Grid loading...
2025-12-08 09:47:57,125-DEBUG-root-42604::webapp_internal::fill_grid|6466:: Column found!
2025-12-08 09:47:57,161-DEBUG-root-42604::base::click|192:: Click Type: ClickType.ACTIONCHAINS
2025-12-08 09:48:02,560-DEBUG-root-42604::webapp_internal::fill_grid|6498:: Trying open cell in grid!
2025-12-08 09:48:02,851-DEBUG-root-42604::webapp_internal::wait_blocker|2444:: Waiting blocker to continue...
2025-12-08 09:48:03,009-DEBUG-root-42604::webapp_internal::wait_blocker|2469:: Blocker status: False
2025-12-08 09:48:03,196-DEBUG-root-42604::webapp_internal::wait_element_timeout|7726:: Element found! Waiting for element to be displayed.
2025-12-08 09:48:03,542-DEBUG-root-42604::webapp_internal::fill_grid|6577:: Sending keys: DF00108
2025-12-08 09:48:03,851-DEBUG-root-42604::webapp_internal::wait_blocker|2444:: Waiting blocker to continue...
2025-12-08 09:48:04,014-DEBUG-root-42604::webapp_internal::wait_blocker|2469:: Blocker status: False
2025-12-08 09:48:04,210-DEBUG-root-42604::webapp_internal::wait_element_timeout|7726:: Element found! Waiting for element to be displayed.
2025-12-08 09:48:04,723-DEBUG-root-42604::webapp_internal::wait_blocker|2444:: Waiting blocker to continue...
2025-12-08 09:48:04,913-DEBUG-root-42604::webapp_internal::wait_blocker|2469:: Blocker status: False
2025-12-08 09:48:04,941-DEBUG-root-42604::webapp_internal::wait_blocker|2444:: Waiting blocker to continue...
2025-12-08 09:48:05,090-DEBUG-root-42604::webapp_internal::wait_blocker|2469:: Blocker status: False
2025-12-08 09:48:05,090-DEBUG-root-42604::webapp_internal::send_action|10480:: Trying to send action
2025-12-08 09:48:06,125-DEBUG-root-42604::webapp_internal::send_action|10522:: send_action method result = True
2025-12-08 09:48:06,125-DEBUG-root-42604::webapp_internal::send_action|10523:: send_action selenium status: False
2025-12-08 09:48:06,125-DEBUG-root-42604::webapp_internal::wait_blocker|2444:: Waiting blocker to continue...
2025-12-08 09:48:06,281-DEBUG-root-42604::webapp_internal::wait_blocker|2469:: Blocker status: False
2025-12-08 09:48:06,282-INFO-root-42604::webapp_internal::SetKey|5822:: Key pressed: TAB
2025-12-08 09:48:06,282-DEBUG-root-42604::webapp_internal::SetKey|5857:: Trying press key
2025-12-08 09:48:06,282-DEBUG-root-42604::webapp_internal::wait_element|7623:: Waiting for element
2025-12-08 09:48:06,396-DEBUG-root-42604::webapp_internal::wait_element|7653:: Element found! Waiting for element to be displayed.
2025-12-08 09:48:06,674-DEBUG-root-42604::webapp_internal::wait_blocker|2444:: Waiting blocker to continue...
2025-12-08 09:48:06,801-DEBUG-root-42604::webapp_internal::wait_blocker|2469:: Blocker status: False
2025-12-08 09:48:06,801-INFO-root-42604::webapp_internal::LoadGrid|6298:: Filling grid field: Destino
2025-12-08 09:48:06,803-DEBUG-root-42604::webapp_internal::fill_grid|6399:: Grid loading...
2025-12-08 09:48:07,161-DEBUG-root-42604::webapp_internal::fill_grid|6466:: Column found!
2025-12-08 09:48:07,206-DEBUG-root-42604::base::click|192:: Click Type: ClickType.ACTIONCHAINS
2025-12-08 09:48:12,573-DEBUG-root-42604::webapp_internal::fill_grid|6498:: Trying open cell in grid!
2025-12-08 09:48:12,852-DEBUG-root-42604::webapp_internal::wait_blocker|2444:: Waiting blocker to continue...
2025-12-08 09:48:13,011-DEBUG-root-42604::webapp_internal::wait_blocker|2469:: Blocker status: False
2025-12-08 09:48:13,243-DEBUG-root-42604::webapp_internal::wait_element_timeout|7726:: Element found! Waiting for element to be displayed.
2025-12-08 09:48:13,580-DEBUG-root-42604::webapp_internal::fill_grid|6577:: Sending keys: GO08707
2025-12-08 09:48:13,863-DEBUG-root-42604::webapp_internal::wait_blocker|2444:: Waiting blocker to continue...
2025-12-08 09:48:13,996-DEBUG-root-42604::webapp_internal::wait_blocker|2469:: Blocker status: False
2025-12-08 09:48:14,158-DEBUG-root-42604::webapp_internal::wait_element_timeout|7726:: Element found! Waiting for element to be displayed.
2025-12-08 09:48:14,718-DEBUG-root-42604::webapp_internal::wait_blocker|2444:: Waiting blocker to continue...
2025-12-08 09:48:14,884-DEBUG-root-42604::webapp_internal::wait_blocker|2469:: Blocker status: False
2025-12-08 09:48:14,914-DEBUG-root-42604::webapp_internal::wait_blocker|2444:: Waiting blocker to continue...
2025-12-08 09:48:15,058-DEBUG-root-42604::webapp_internal::wait_blocker|2469:: Blocker status: False
2025-12-08 09:48:15,058-DEBUG-root-42604::webapp_internal::send_action|10480:: Trying to send action
2025-12-08 09:48:16,097-DEBUG-root-42604::webapp_internal::send_action|10522:: send_action method result = True
2025-12-08 09:48:16,097-DEBUG-root-42604::webapp_internal::send_action|10523:: send_action selenium status: False
2025-12-08 09:48:16,098-DEBUG-root-42604::webapp_internal::wait_blocker|2444:: Waiting blocker to continue...
2025-12-08 09:48:16,239-DEBUG-root-42604::webapp_internal::wait_blocker|2469:: Blocker status: False
2025-12-08 09:48:16,239-INFO-root-42604::webapp_internal::SetKey|5822:: Key pressed: TAB
2025-12-08 09:48:16,239-DEBUG-root-42604::webapp_internal::SetKey|5857:: Trying press key
2025-12-08 09:48:16,239-DEBUG-root-42604::webapp_internal::wait_element|7623:: Waiting for element
2025-12-08 09:48:16,344-DEBUG-root-42604::webapp_internal::wait_element|7653:: Element found! Waiting for element to be displayed.
2025-12-08 09:48:16,641-DEBUG-root-42604::webapp_internal::wait_blocker|2444:: Waiting blocker to continue...
2025-12-08 09:48:16,779-DEBUG-root-42604::webapp_internal::wait_blocker|2469:: Blocker status: False
2025-12-08 09:48:16,779-INFO-root-42604::webapp_internal::LoadGrid|6298:: Filling grid field: Chegada
2025-12-08 09:48:16,779-DEBUG-root-42604::webapp_internal::fill_grid|6399:: Grid loading...
2025-12-08 09:48:17,178-DEBUG-root-42604::webapp_internal::fill_grid|6466:: Column found!
2025-12-08 09:48:17,217-DEBUG-root-42604::base::click|192:: Click Type: ClickType.ACTIONCHAINS
2025-12-08 09:48:22,628-DEBUG-root-42604::webapp_internal::fill_grid|6498:: Trying open cell in grid!
2025-12-08 09:48:22,918-DEBUG-root-42604::webapp_internal::wait_blocker|2444:: Waiting blocker to continue...
2025-12-08 09:48:23,061-DEBUG-root-42604::webapp_internal::wait_blocker|2469:: Blocker status: False
2025-12-08 09:48:23,246-DEBUG-root-42604::webapp_internal::wait_element_timeout|7726:: Element found! Waiting for element to be displayed.
2025-12-08 09:48:23,596-DEBUG-root-42604::webapp_internal::fill_grid|6577:: Sending keys: 21/12/2025
2025-12-08 09:48:23,909-DEBUG-root-42604::webapp_internal::wait_blocker|2444:: Waiting blocker to continue...
2025-12-08 09:48:24,066-DEBUG-root-42604::webapp_internal::wait_blocker|2469:: Blocker status: False
2025-12-08 09:48:29,548-DEBUG-root-42604::webapp_internal::wait_blocker|2444:: Waiting blocker to continue...
2025-12-08 09:48:29,678-DEBUG-root-42604::webapp_internal::wait_blocker|2469:: Blocker status: False
2025-12-08 09:48:29,704-DEBUG-root-42604::webapp_internal::wait_blocker|2444:: Waiting blocker to continue...
2025-12-08 09:48:29,857-DEBUG-root-42604::webapp_internal::wait_blocker|2469:: Blocker status: False
2025-12-08 09:48:29,857-DEBUG-root-42604::webapp_internal::send_action|10480:: Trying to send action
2025-12-08 09:48:30,897-DEBUG-root-42604::webapp_internal::send_action|10522:: send_action method result = True
2025-12-08 09:48:30,897-DEBUG-root-42604::webapp_internal::send_action|10523:: send_action selenium status: False
2025-12-08 09:48:30,898-DEBUG-root-42604::webapp_internal::wait_element|7623:: Waiting for element
2025-12-08 09:48:30,996-DEBUG-root-42604::webapp_internal::wait_element|7653:: Element found! Waiting for element to be displayed.
2025-12-08 09:48:31,254-DEBUG-root-42604::webapp_internal::wait_blocker|2444:: Waiting blocker to continue...
2025-12-08 09:48:31,380-DEBUG-root-42604::webapp_internal::wait_blocker|2469:: Blocker status: False
2025-12-08 09:48:31,381-INFO-root-42604::webapp_internal::LoadGrid|6298:: Filling grid field: Hora Chegada
2025-12-08 09:48:31,381-DEBUG-root-42604::webapp_internal::fill_grid|6399:: Grid loading...
2025-12-08 09:48:31,767-DEBUG-root-42604::webapp_internal::fill_grid|6466:: Column found!
2025-12-08 09:48:31,805-DEBUG-root-42604::base::click|192:: Click Type: ClickType.ACTIONCHAINS
2025-12-08 09:48:37,224-DEBUG-root-42604::webapp_internal::fill_grid|6498:: Trying open cell in grid!
2025-12-08 09:48:37,513-DEBUG-root-42604::webapp_internal::wait_blocker|2444:: Waiting blocker to continue...
2025-12-08 09:48:37,666-DEBUG-root-42604::webapp_internal::wait_blocker|2469:: Blocker status: False
2025-12-08 09:48:37,872-DEBUG-root-42604::webapp_internal::wait_element_timeout|7726:: Element found! Waiting for element to be displayed.
2025-12-08 09:48:38,213-DEBUG-root-42604::webapp_internal::fill_grid|6577:: Sending keys: 12:00
2025-12-08 09:48:38,523-DEBUG-root-42604::webapp_internal::wait_blocker|2444:: Waiting blocker to continue...
2025-12-08 09:48:38,710-DEBUG-root-42604::webapp_internal::wait_blocker|2469:: Blocker status: False
2025-12-08 09:48:44,008-DEBUG-root-42604::webapp_internal::wait_blocker|2444:: Waiting blocker to continue...
2025-12-08 09:48:44,144-DEBUG-root-42604::webapp_internal::wait_blocker|2469:: Blocker status: False
2025-12-08 09:48:44,144-INFO-root-42604::webapp_internal::SetKey|5822:: Key pressed: DOWN
2025-12-08 09:48:44,144-DEBUG-root-42604::webapp_internal::SetFocus|6011:: Setting focus on element Item.
2025-12-08 09:50:02,022-ERROR-root-42604::webapp_internal::search_element_position|2684:: Message: WebDriver session does not exist, or is not active
Stacktrace:
RemoteError@chrome://remote/content/shared/RemoteError.sys.mjs:8:8
WebDriverError@chrome://remote/content/shared/webdriver/Errors.sys.mjs:202:5
InvalidSessionIDError@chrome://remote/content/shared/webdriver/Errors.sys.mjs:472:5
assert.that/<@chrome://remote/content/shared/webdriver/Assert.sys.mjs:581:13
assert.session@chrome://remote/content/shared/webdriver/Assert.sys.mjs:38:4
dispatch@chrome://remote/content/marionette/server.sys.mjs:315:19
execute@chrome://remote/content/marionette/server.sys.mjs:289:16
onPacket/<@chrome://remote/content/marionette/server.sys.mjs:262:20
onPacket@chrome://remote/content/marionette/server.sys.mjs:263:9
_onJSONObjectReady/<@chrome://remote/content/marionette/transport.sys.mjs:494:20
Traceback (most recent call last):
  File "C:\TIR_TESTE\venv\Lib\site-packages\tir\technologies\webapp_internal.py", line 2597, in search_element_position
    labels_displayed = list(filter(lambda x: self.element_is_displayed(x) ,labels))
                       ^^^^^^^^^^^^^^^^^^^^^^^^^^^^^^^^^^^^^^^^^^^^^^^^^^^^^^^^^^^^
  File "C:\TIR_TESTE\venv\Lib\site-packages\tir\technologies\webapp_internal.py", line 2597, in <lambda>
    labels_displayed = list(filter(lambda x: self.element_is_displayed(x) ,labels))
                                             ^^^^^^^^^^^^^^^^^^^^^^^^^^^^
  File "C:\TIR_TESTE\venv\Lib\site-packages\tir\technologies\webapp_internal.py", line 9752, in element_is_displayed
    element_selenium = self.soup_to_selenium(element, twebview)
                       ^^^^^^^^^^^^^^^^^^^^^^^^^^^^^^^^^^^^^^^^
  File "C:\TIR_TESTE\venv\Lib\site-packages\tir\technologies\core\base.py", line 996, in soup_to_selenium
    return next(iter(self.driver.find_elements(by=By.XPATH, value=xpath_soup(soup_object))), None)
                     ^^^^^^^^^^^^^^^^^^^^^^^^^^^^^^^^^^^^^^^^^^^^^^^^^^^^^^^^^^^^^^^^^^^^^
  File "C:\TIR_TESTE\venv\Lib\site-packages\selenium\webdriver\remote\webdriver.py", line 771, in find_elements
    return self.execute(Command.FIND_ELEMENTS, {"using": by, "value": value})["value"] or []
           ^^^^^^^^^^^^^^^^^^^^^^^^^^^^^^^^^^^^^^^^^^^^^^^^^^^^^^^^^^^^^^^^^^
  File "C:\TIR_TESTE\venv\Lib\site-packages\selenium\webdriver\remote\webdriver.py", line 347, in execute
    self.error_handler.check_response(response)
  File "C:\TIR_TESTE\venv\Lib\site-packages\selenium\webdriver\remote\errorhandler.py", line 229, in check_response
    raise exception_class(message, screen, stacktrace)
selenium.common.exceptions.InvalidSessionIdException: Message: WebDriver session does not exist, or is not active
Stacktrace:
RemoteError@chrome://remote/content/shared/RemoteError.sys.mjs:8:8
WebDriverError@chrome://remote/content/shared/webdriver/Errors.sys.mjs:202:5
InvalidSessionIDError@chrome://remote/content/shared/webdriver/Errors.sys.mjs:472:5
assert.that/<@chrome://remote/content/shared/webdriver/Assert.sys.mjs:581:13
assert.session@chrome://remote/content/shared/webdriver/Assert.sys.mjs:38:4
dispatch@chrome://remote/content/marionette/server.sys.mjs:315:19
execute@chrome://remote/content/marionette/server.sys.mjs:289:16
onPacket/<@chrome://remote/content/marionette/server.sys.mjs:262:20
onPacket@chrome://remote/content/marionette/server.sys.mjs:263:9
_onJSONObjectReady/<@chrome://remote/content/marionette/transport.sys.mjs:494:20

2025-12-08 09:50:02,037-ERROR-root-42604::webapp_internal::search_element_position|2684:: Message: Tried to run command without establishing a connection
Traceback (most recent call last):
  File "C:\TIR_TESTE\venv\Lib\site-packages\tir\technologies\webapp_internal.py", line 8051, in find_label_element
    next_sibling = element.find_next_sibling("div")
                   ^^^^^^^^^^^^^^^^^^^^^^^^^
AttributeError: 'WebElement' object has no attribute 'find_next_sibling'

During handling of the above exception, another exception occurred:

Traceback (most recent call last):
  File "C:\TIR_TESTE\venv\Lib\site-packages\tir\technologies\core\base.py", line 501, in get_current_DOM
    self.driver.switch_to.default_content()
  File "C:\TIR_TESTE\venv\Lib\site-packages\selenium\webdriver\remote\switch_to.py", line 69, in default_content
    self._driver.execute(Command.SWITCH_TO_FRAME, {"id": None})
  File "C:\TIR_TESTE\venv\Lib\site-packages\selenium\webdriver\remote\webdriver.py", line 347, in execute
    self.error_handler.check_response(response)
  File "C:\TIR_TESTE\venv\Lib\site-packages\selenium\webdriver\remote\errorhandler.py", line 229, in check_response
    raise exception_class(message, screen, stacktrace)
selenium.common.exceptions.WebDriverException: Message: Failed to decode response from marionette


During handling of the above exception, another exception occurred:

Traceback (most recent call last):
  File "C:\TIR_TESTE\venv\Lib\site-packages\tir\technologies\webapp_internal.py", line 2594, in search_element_position
    container = self.get_current_container()
                ^^^^^^^^^^^^^^^^^^^^^^^^^^^^
  File "C:\TIR_TESTE\venv\Lib\site-packages\tir\technologies\webapp_internal.py", line 8993, in get_current_container
    soup = self.get_current_DOM()
           ^^^^^^^^^^^^^^^^^^^^^^
  File "C:\TIR_TESTE\venv\Lib\site-packages\tir\technologies\core\base.py", line 538, in get_current_DOM
    self.driver.switch_to.default_content()
  File "C:\TIR_TESTE\venv\Lib\site-packages\selenium\webdriver\remote\switch_to.py", line 69, in default_content
    self._driver.execute(Command.SWITCH_TO_FRAME, {"id": None})
  File "C:\TIR_TESTE\venv\Lib\site-packages\selenium\webdriver\remote\webdriver.py", line 347, in execute
    self.error_handler.check_response(response)
  File "C:\TIR_TESTE\venv\Lib\site-packages\selenium\webdriver\remote\errorhandler.py", line 229, in check_response
    raise exception_class(message, screen, stacktrace)
selenium.common.exceptions.InvalidSessionIdException: Message: Tried to run command without establishing a connection

2025-12-08 09:50:02,048-ERROR-root-42604::webapp_internal::web_scrap|3782:: Message: Tried to run command without establishing a connection
Traceback (most recent call last):
  File "C:\TIR_TESTE\venv\Lib\site-packages\tir\technologies\core\base.py", line 501, in get_current_DOM
    self.driver.switch_to.default_content()
  File "C:\TIR_TESTE\venv\Lib\site-packages\selenium\webdriver\remote\switch_to.py", line 69, in default_content
    self._driver.execute(Command.SWITCH_TO_FRAME, {"id": None})
  File "C:\TIR_TESTE\venv\Lib\site-packages\selenium\webdriver\remote\webdriver.py", line 347, in execute
    self.error_handler.check_response(response)
  File "C:\TIR_TESTE\venv\Lib\site-packages\selenium\webdriver\remote\errorhandler.py", line 229, in check_response
    raise exception_class(message, screen, stacktrace)
selenium.common.exceptions.InvalidSessionIdException: Message: Tried to run command without establishing a connection


During handling of the above exception, another exception occurred:

Traceback (most recent call last):
  File "C:\TIR_TESTE\venv\Lib\site-packages\tir\technologies\webapp_internal.py", line 3719, in web_scrap
    soup = self.get_current_DOM(twebview=twebview)
           ^^^^^^^^^^^^^^^^^^^^^^^^^^^^^^^^^^^^^^^
  File "C:\TIR_TESTE\venv\Lib\site-packages\tir\technologies\core\base.py", line 538, in get_current_DOM
    self.driver.switch_to.default_content()
  File "C:\TIR_TESTE\venv\Lib\site-packages\selenium\webdriver\remote\switch_to.py", line 69, in default_content
    self._driver.execute(Command.SWITCH_TO_FRAME, {"id": None})
  File "C:\TIR_TESTE\venv\Lib\site-packages\selenium\webdriver\remote\webdriver.py", line 347, in execute
    self.error_handler.check_response(response)
  File "C:\TIR_TESTE\venv\Lib\site-packages\selenium\webdriver\remote\errorhandler.py", line 229, in check_response
    raise exception_class(message, screen, stacktrace)
selenium.common.exceptions.InvalidSessionIdException: Message: Tried to run command without establishing a connection

2025-12-08 09:50:02,354-ERROR-root-42604::webapp_internal::TearDown|9654:: Warning tearDown Close Message: Tried to run command without establishing a connection
Traceback (most recent call last):
  File "C:\TIR_TESTE\venv\Lib\site-packages\tir\technologies\webapp_internal.py", line 9652, in TearDown
    self.driver.close()
  File "C:\TIR_TESTE\venv\Lib\site-packages\selenium\webdriver\remote\webdriver.py", line 458, in close
    self.execute(Command.CLOSE)
  File "C:\TIR_TESTE\venv\Lib\site-packages\selenium\webdriver\remote\webdriver.py", line 347, in execute
    self.error_handler.check_response(response)
  File "C:\TIR_TESTE\venv\Lib\site-packages\selenium\webdriver\remote\errorhandler.py", line 229, in check_response
    raise exception_class(message, screen, stacktrace)
selenium.common.exceptions.InvalidSessionIdException: Message: Tried to run command without establishing a connection

