2025-12-17 07:49:32,750-DEBUG-root-12952::logging_config::logger|189:: Log file created: 'Log\GESIT03\TIR__20251217074932735.log'
2025-12-17 07:49:32,751-INFO-root-12952::base::Start|1183:: TIR Version: 2.4.3
2025-12-17 07:49:32,751-INFO-root-12952::base::Start|1184:: Python Version: 3.12.10
2025-12-17 07:49:32,751-INFO-root-12952::base::Start|1185:: Starting the browser
2025-12-17 07:49:39,801-INFO-root-12952::base::get_url|1294:: Page is ready!
2025-12-17 07:49:39,825-INFO-root-12952::base::Start|1256:: Browser maximized to 1936x1048
2025-12-17 07:49:39,825-INFO-root-12952::base::Start|1258:: Screen size is different from default used in headless mode
2025-12-17 07:49:40,112-INFO-root-12952::webapp_internal::Setup|247:: ***System Info*** in Setup():
2025-12-17 07:49:40,112-DEBUG-root-12952::psutil_info::system_info|5:: CPU USAGE: 21.1%
2025-12-17 07:49:40,113-DEBUG-root-12952::psutil_info::system_info|6:: MEMORY USAGE: 86.8%
2025-12-17 07:49:40,114-DEBUG-root-12952::psutil_info::system_info|7:: MEMORY AVAILABLE: 13.23%
2025-12-17 07:49:40,140-INFO-root-12952::base::webapp_shadowroot|1394:: Webapp: 10.1.6-RC4
2025-12-17 07:49:40,411-INFO-root-12952::webapp_internal::filling_initial_program|449:: Filling Initial Program: "SIGAMDI"
2025-12-17 07:49:40,411-DEBUG-root-12952::webapp_internal::wait_element|7623:: Waiting for element
2025-12-17 07:49:40,501-DEBUG-root-12952::webapp_internal::wait_element|7653:: Element found! Waiting for element to be displayed.
2025-12-17 07:49:40,686-DEBUG-root-12952::base::click|192:: Click Type: ClickType.JS
2025-12-17 07:49:40,692-DEBUG-root-12952::webapp_internal::try_send_keys|7976:: Trying to send keys to element using technique 0
2025-12-17 07:49:41,053-DEBUG-root-12952::webapp_internal::get_web_value|3232:: Current value: SIGAMDI
2025-12-17 07:49:41,054-INFO-root-12952::webapp_internal::filling_server_environment|463:: Filling Server Environment: "POUPEX_PROJ3"
2025-12-17 07:49:41,055-DEBUG-root-12952::webapp_internal::wait_element|7623:: Waiting for element
2025-12-17 07:49:41,097-DEBUG-root-12952::webapp_internal::wait_element|7653:: Element found! Waiting for element to be displayed.
2025-12-17 07:49:41,275-DEBUG-root-12952::base::click|192:: Click Type: ClickType.JS
2025-12-17 07:49:41,281-DEBUG-root-12952::webapp_internal::try_send_keys|7976:: Trying to send keys to element using technique 0
2025-12-17 07:49:41,620-DEBUG-root-12952::webapp_internal::get_web_value|3232:: Current value: POUPEX_PROJ3
2025-12-17 07:49:41,647-DEBUG-root-12952::base::click|192:: Click Type: ClickType.JS
2025-12-17 07:49:41,662-DEBUG-root-12952::webapp_internal::user_screen|519:: Filling user screen
2025-12-17 07:49:48,103-DEBUG-root-12952::webapp_internal::wait_element_timeout|7726:: Element found! Waiting for element to be displayed.
2025-12-17 07:49:48,190-DEBUG-root-12952::base::scroll_to_element|759:: ********Warining scroll_to_element exception: Message: TypeError: can't access property "scrollIntoView", arguments[0] is null
Stacktrace:
@http://prjsrverp:10300/webapp/:2:7
@http://prjsrverp:10300/webapp/:3:8
*********
2025-12-17 07:49:48,402-INFO-root-12952::webapp_internal::user_screen|561:: Filling User
2025-12-17 07:49:48,425-DEBUG-root-12952::base::double_click|259:: Click Type: ClickType.SELENIUM
2025-12-17 07:49:48,604-DEBUG-root-12952::webapp_internal::get_web_value|3232:: Current value: 97137227104
2025-12-17 07:49:48,635-INFO-root-12952::webapp_internal::user_screen|621:: Filling Password
2025-12-17 07:49:48,662-DEBUG-root-12952::base::click|192:: Click Type: ClickType.JS
2025-12-17 07:49:48,751-DEBUG-root-12952::webapp_internal::get_web_value|3232:: Current value: Deire20191817+
2025-12-17 07:49:48,751-DEBUG-root-12952::webapp_internal::wait_blocker|2444:: Waiting blocker to continue...
2025-12-17 07:49:48,800-DEBUG-root-12952::webapp_internal::wait_blocker|2469:: Blocker status: None
2025-12-17 07:49:48,833-DEBUG-root-12952::webapp_internal::wait_blocker|2444:: Waiting blocker to continue...
2025-12-17 07:49:48,864-DEBUG-root-12952::webapp_internal::wait_blocker|2469:: Blocker status: None
2025-12-17 07:49:48,904-DEBUG-root-12952::webapp_internal::wait_blocker|2444:: Waiting blocker to continue...
2025-12-17 07:49:48,941-DEBUG-root-12952::webapp_internal::wait_blocker|2469:: Blocker status: None
2025-12-17 07:49:48,942-DEBUG-root-12952::webapp_internal::send_action|10480:: Trying to send action
2025-12-17 07:49:48,949-DEBUG-root-12952::base::click|192:: Click Type: ClickType.JS
2025-12-17 07:49:49,998-DEBUG-root-12952::webapp_internal::send_action|10522:: send_action method result = True
2025-12-17 07:49:49,998-DEBUG-root-12952::webapp_internal::send_action|10523:: send_action selenium status: False
2025-12-17 07:49:52,333-DEBUG-root-12952::base::scroll_to_element|759:: ********Warining scroll_to_element exception: Message: TypeError: can't access property "scrollIntoView", arguments[0] is null
Stacktrace:
@http://prjsrverp:10300/webapp/:2:7
@http://prjsrverp:10300/webapp/:3:8
*********
2025-12-17 07:49:52,395-INFO-root-12952::webapp_internal::filling_date|885:: Filling Date: "18/09/2025"
2025-12-17 07:49:52,395-DEBUG-root-12952::webapp_internal::wait_blocker|2444:: Waiting blocker to continue...
2025-12-17 07:49:52,450-DEBUG-root-12952::webapp_internal::wait_blocker|2469:: Blocker status: None
2025-12-17 07:49:52,455-DEBUG-root-12952::base::click|192:: Click Type: ClickType.JS
2025-12-17 07:49:52,474-DEBUG-root-12952::webapp_internal::try_send_keys|7976:: Trying to send keys to element using technique 1
2025-12-17 07:49:52,549-DEBUG-root-12952::webapp_internal::get_web_value|3232:: Current value: 18/09/2025
2025-12-17 07:49:53,622-INFO-root-12952::webapp_internal::filling_group|955:: Filling Group: "02"
2025-12-17 07:49:53,623-DEBUG-root-12952::webapp_internal::wait_blocker|2444:: Waiting blocker to continue...
2025-12-17 07:49:53,675-DEBUG-root-12952::webapp_internal::wait_blocker|2469:: Blocker status: None
2025-12-17 07:49:53,680-DEBUG-root-12952::base::click|192:: Click Type: ClickType.JS
2025-12-17 07:49:53,719-DEBUG-root-12952::webapp_internal::get_web_value|3232:: Current value: 02
2025-12-17 07:49:54,789-INFO-root-12952::webapp_internal::filling_branch|1047:: Filling Branch: "02DF0001"
2025-12-17 07:49:54,789-DEBUG-root-12952::webapp_internal::wait_blocker|2444:: Waiting blocker to continue...
2025-12-17 07:49:54,843-DEBUG-root-12952::webapp_internal::wait_blocker|2469:: Blocker status: None
2025-12-17 07:49:54,847-DEBUG-root-12952::base::click|192:: Click Type: ClickType.JS
2025-12-17 07:49:54,895-DEBUG-root-12952::webapp_internal::get_web_value|3232:: Current value: 02DF0001
2025-12-17 07:49:56,068-INFO-root-12952::webapp_internal::filling_environment|1113:: Filling Environment: "07"
2025-12-17 07:49:56,068-DEBUG-root-12952::webapp_internal::wait_blocker|2444:: Waiting blocker to continue...
2025-12-17 07:49:56,124-DEBUG-root-12952::webapp_internal::wait_blocker|2469:: Blocker status: None
2025-12-17 07:49:56,129-DEBUG-root-12952::base::click|192:: Click Type: ClickType.JS
2025-12-17 07:49:56,179-DEBUG-root-12952::webapp_internal::get_web_value|3232:: Current value: 07
2025-12-17 07:49:57,192-DEBUG-root-12952::webapp_internal::close_warning_screen|1489:: Closing warning screen!
2025-12-17 07:49:58,232-DEBUG-root-12952::webapp_internal::check_screen_element|1291:: Checking screen element: "Atenção": False
2025-12-17 07:49:59,351-INFO-root-12952::webapp_internal::environment_screen|796:: Clicking on Button
2025-12-17 07:49:59,352-DEBUG-root-12952::webapp_internal::wait_blocker|2444:: Waiting blocker to continue...
2025-12-17 07:49:59,408-DEBUG-root-12952::webapp_internal::wait_blocker|2469:: Blocker status: None
2025-12-17 07:49:59,412-DEBUG-root-12952::base::click|192:: Click Type: ClickType.JS
2025-12-17 07:50:00,421-DEBUG-root-12952::base::click|192:: Click Type: ClickType.JS
2025-12-17 07:50:01,459-DEBUG-root-12952::base::click|192:: Click Type: ClickType.JS
2025-12-17 07:50:02,475-INFO-root-12952::webapp_internal::environment_screen|804:: Button click completed
2025-12-17 07:50:02,479-DEBUG-root-12952::webapp_internal::close_screen_before_menu|368:: Closing screen before the menu
2025-12-17 07:50:02,547-INFO-root-12952::webapp_internal::set_log_info|1623:: Getting log info
2025-12-17 07:50:02,548-INFO-root-12952::webapp_internal::SetLateralMenu|4184:: Navigating lateral menu: Ajuda > Sobre
2025-12-17 07:50:02,565-DEBUG-root-12952::webapp_internal::wait_element|7623:: Waiting for element
2025-12-17 07:50:02,639-DEBUG-root-12952::webapp_internal::wait_element|7653:: Element found! Waiting for element to be displayed.
2025-12-17 07:50:02,897-INFO-root-12952::webapp_internal::SetLateralMenu|4203:: Menu item: "Ajuda"
2025-12-17 07:50:02,897-DEBUG-root-12952::webapp_internal::wait_blocker|2444:: Waiting blocker to continue...
2025-12-17 07:50:02,930-DEBUG-root-12952::webapp_internal::wait_blocker|2469:: Blocker status: None
2025-12-17 07:50:03,368-DEBUG-root-12952::webapp_internal::wait_element_timeout|7726:: Element found! Waiting for element to be displayed.
2025-12-17 07:50:03,735-DEBUG-root-12952::webapp_internal::wait_blocker|2444:: Waiting blocker to continue...
2025-12-17 07:50:03,831-DEBUG-root-12952::webapp_internal::wait_blocker|2469:: Blocker status: False
2025-12-17 07:50:06,131-INFO-root-12952::webapp_internal::SetLateralMenu|4203:: Menu item: "Sobre"
2025-12-17 07:50:06,131-DEBUG-root-12952::webapp_internal::wait_blocker|2444:: Waiting blocker to continue...
2025-12-17 07:50:06,198-DEBUG-root-12952::webapp_internal::wait_blocker|2469:: Blocker status: False
2025-12-17 07:50:06,732-DEBUG-root-12952::webapp_internal::wait_element_timeout|7726:: Element found! Waiting for element to be displayed.
2025-12-17 07:50:07,299-DEBUG-root-12952::webapp_internal::wait_blocker|2444:: Waiting blocker to continue...
2025-12-17 07:50:07,407-DEBUG-root-12952::webapp_internal::wait_blocker|2469:: Blocker status: False
2025-12-17 07:50:10,151-DEBUG-root-12952::webapp_internal::wait_blocker|2444:: Waiting blocker to continue...
2025-12-17 07:50:10,232-DEBUG-root-12952::webapp_internal::wait_blocker|2469:: Blocker status: False
2025-12-17 07:50:10,339-DEBUG-root-12952::webapp_internal::wait_element|7623:: Waiting for element
2025-12-17 07:50:10,394-DEBUG-root-12952::webapp_internal::wait_element|7653:: Element found! Waiting for element to be displayed.
2025-12-17 07:50:10,588-INFO-root-12952::webapp_internal::SetButton|4444:: Clicking on Fechar
2025-12-17 07:50:10,588-DEBUG-root-12952::webapp_internal::wait_blocker|2444:: Waiting blocker to continue...
2025-12-17 07:50:10,681-DEBUG-root-12952::webapp_internal::wait_blocker|2469:: Blocker status: False
2025-12-17 07:50:10,888-DEBUG-root-12952::webapp_internal::wait_element_timeout|7726:: Element found! Waiting for element to be displayed.
2025-12-17 07:50:10,968-DEBUG-root-12952::webapp_internal::SetButton|4481:: ***System Info*** Before Clicking on button:Fechar
2025-12-17 07:50:10,970-DEBUG-root-12952::psutil_info::system_info|5:: CPU USAGE: 10.6%
2025-12-17 07:50:10,970-DEBUG-root-12952::psutil_info::system_info|6:: MEMORY USAGE: 87.5%
2025-12-17 07:50:10,970-DEBUG-root-12952::psutil_info::system_info|7:: MEMORY AVAILABLE: 12.54%
2025-12-17 07:50:11,139-DEBUG-root-12952::webapp_internal::wait_element_timeout|7726:: Element found! Waiting for element to be displayed.
2025-12-17 07:50:11,291-DEBUG-root-12952::webapp_internal::wait_blocker|2444:: Waiting blocker to continue...
2025-12-17 07:50:11,361-DEBUG-root-12952::webapp_internal::wait_blocker|2469:: Blocker status: False
2025-12-17 07:50:11,387-DEBUG-root-12952::webapp_internal::wait_blocker|2444:: Waiting blocker to continue...
2025-12-17 07:50:11,477-DEBUG-root-12952::webapp_internal::wait_blocker|2469:: Blocker status: False
2025-12-17 07:50:11,477-DEBUG-root-12952::webapp_internal::send_action|10480:: Trying to send action
2025-12-17 07:50:11,479-DEBUG-root-12952::base::click|192:: Click Type: ClickType.JS
2025-12-17 07:50:12,511-DEBUG-root-12952::webapp_internal::send_action|10522:: send_action method result = True
2025-12-17 07:50:12,511-DEBUG-root-12952::webapp_internal::send_action|10523:: send_action selenium status: False
2025-12-17 07:50:12,512-DEBUG-root-12952::webapp_internal::SetButton|4683:: ***System Info*** After Clicking on button:
2025-12-17 07:50:12,512-DEBUG-root-12952::psutil_info::system_info|5:: CPU USAGE: 4.9%
2025-12-17 07:50:12,512-DEBUG-root-12952::psutil_info::system_info|6:: MEMORY USAGE: 87.4%
2025-12-17 07:50:12,512-DEBUG-root-12952::psutil_info::system_info|7:: MEMORY AVAILABLE: 12.62%
2025-12-17 07:50:12,512-DEBUG-root-12952::webapp_internal::wait_element|7623:: Waiting for element
2025-12-17 07:50:12,611-INFO-root-12952::webapp_internal::SetLateralMenu|4184:: Navigating lateral menu: Miscelanea > Cálculos (13)> Por Roteiros
2025-12-17 07:50:12,620-DEBUG-root-12952::webapp_internal::wait_element|7623:: Waiting for element
2025-12-17 07:50:12,671-DEBUG-root-12952::webapp_internal::wait_element|7653:: Element found! Waiting for element to be displayed.
2025-12-17 07:50:12,859-INFO-root-12952::webapp_internal::SetLateralMenu|4203:: Menu item: "Miscelanea"
2025-12-17 07:50:12,859-DEBUG-root-12952::webapp_internal::wait_blocker|2444:: Waiting blocker to continue...
2025-12-17 07:50:12,929-DEBUG-root-12952::webapp_internal::wait_blocker|2469:: Blocker status: False
2025-12-17 07:50:13,384-DEBUG-root-12952::webapp_internal::wait_element_timeout|7726:: Element found! Waiting for element to be displayed.
2025-12-17 07:50:13,794-DEBUG-root-12952::webapp_internal::wait_blocker|2444:: Waiting blocker to continue...
2025-12-17 07:50:13,881-DEBUG-root-12952::webapp_internal::wait_blocker|2469:: Blocker status: False
2025-12-17 07:50:16,180-INFO-root-12952::webapp_internal::SetLateralMenu|4203:: Menu item: "Cálculos (13)"
2025-12-17 07:50:16,180-DEBUG-root-12952::webapp_internal::wait_blocker|2444:: Waiting blocker to continue...
2025-12-17 07:50:16,414-DEBUG-root-12952::webapp_internal::wait_blocker|2469:: Blocker status: False
2025-12-17 07:50:17,957-DEBUG-root-12952::webapp_internal::wait_element_timeout|7726:: Element found! Waiting for element to be displayed.
2025-12-17 07:50:19,491-DEBUG-root-12952::webapp_internal::wait_blocker|2444:: Waiting blocker to continue...
2025-12-17 07:50:19,656-DEBUG-root-12952::webapp_internal::wait_blocker|2469:: Blocker status: False
2025-12-17 07:50:21,956-INFO-root-12952::webapp_internal::SetLateralMenu|4203:: Menu item: "Por Roteiros"
2025-12-17 07:50:21,957-DEBUG-root-12952::webapp_internal::wait_blocker|2444:: Waiting blocker to continue...
2025-12-17 07:50:22,056-DEBUG-root-12952::webapp_internal::wait_blocker|2469:: Blocker status: False
2025-12-17 07:50:23,865-DEBUG-root-12952::webapp_internal::wait_element_timeout|7726:: Element found! Waiting for element to be displayed.
2025-12-17 07:50:25,713-DEBUG-root-12952::webapp_internal::wait_blocker|2444:: Waiting blocker to continue...
2025-12-17 07:50:25,840-DEBUG-root-12952::webapp_internal::wait_blocker|2469:: Blocker status: False
2025-12-17 07:50:31,091-DEBUG-root-12952::webapp_internal::wait_blocker|2444:: Waiting blocker to continue...
2025-12-17 07:50:31,209-DEBUG-root-12952::webapp_internal::wait_blocker|2469:: Blocker status: False
2025-12-17 07:50:31,341-INFO-root-12952::webapp_internal::WaitShow|4980:: Waiting show text 'Este ambiente utiliza base de Homologação.'...
2025-12-17 07:50:37,107-DEBUG-root-12952::log::checks_empty_line|221:: Checking empty default log info
2025-12-17 07:50:37,113-DEBUG-root-12952::log::generate_log|503:: Json log_data: {'cLogDtExec': '17/12/2025 07:50:37', 'cLogNomUsr': '97137227104', 'cLogNomEst': 'GESIT03', 'cLogProgra': None, 'cLogDtProg': '', 'cLogHrProg': '', 'nLogCtsOk': 1, 'nLogCtsNok': 0, 'nLogCtsSeg': 64.73, 'cLogVersao': '12', 'cLogReleas': '12.1.2410', 'nLogCtsErr': '', 'cLogBancod': 'ORACLE', 'cLogIdenti': '', 'cLogIdExec': '20251217', 'cLogPais': 'BRA', 'cLogTool': 'TIR', 'cLogSequen': 'd67b5f', 'nLogCtsTot': 1, 'cLogDtExea': '17/12/2025', 'cLogHrExea': '07:50:37', 'cLogArea': 'Desenvolvimento', 'cLogMnExec': 1.0788333333333333}
2025-12-17 07:50:37,114-INFO-root-12952::log::send_log_with_retries|515:: Saving log locally.
2025-12-17 07:50:37,114-INFO-root-12952::log::save_log_locally|548:: [FwSendLog]: Não foi possível enviar o log após todas as tentativas.
2025-12-17 07:50:37,115-INFO-root-12952::log::save_log_locally|555:: [FwSendLog]: Log salvo localmente em C:\TIR_TESTE\1765968637.json.
2025-12-17 07:50:37,118-INFO-root-12952::webapp_internal::WaitShow|4980:: Waiting show text 'Moedas'...
2025-12-17 07:50:42,504-INFO-root-12952::webapp_internal::WaitShow|4980:: Waiting show text 'Processo de Calculo'...
2025-12-17 07:50:42,600-INFO-root-12952::webapp_internal::WaitShow|4996:: Text found! 
2025-12-17 07:50:42,600-INFO-root-12952::webapp_internal::WaitShow|4980:: Waiting show text 'Este programa realiza processos de calculos'...
2025-12-17 07:50:42,674-INFO-root-12952::webapp_internal::WaitShow|4996:: Text found! 
2025-12-17 07:50:42,674-INFO-root-12952::webapp_internal::SetButton|4444:: Clicking on Parametros
2025-12-17 07:50:42,674-DEBUG-root-12952::webapp_internal::wait_blocker|2444:: Waiting blocker to continue...
2025-12-17 07:50:42,792-DEBUG-root-12952::webapp_internal::wait_blocker|2469:: Blocker status: False
2025-12-17 07:50:43,077-DEBUG-root-12952::webapp_internal::wait_element_timeout|7726:: Element found! Waiting for element to be displayed.
2025-12-17 07:50:43,268-DEBUG-root-12952::webapp_internal::SetButton|4481:: ***System Info*** Before Clicking on button:Parametros
2025-12-17 07:50:43,268-DEBUG-root-12952::psutil_info::system_info|5:: CPU USAGE: 10.0%
2025-12-17 07:50:43,268-DEBUG-root-12952::psutil_info::system_info|6:: MEMORY USAGE: 87.6%
2025-12-17 07:50:43,269-DEBUG-root-12952::psutil_info::system_info|7:: MEMORY AVAILABLE: 12.37%
2025-12-17 07:50:43,535-DEBUG-root-12952::webapp_internal::wait_element_timeout|7726:: Element found! Waiting for element to be displayed.
2025-12-17 07:50:43,770-DEBUG-root-12952::webapp_internal::wait_blocker|2444:: Waiting blocker to continue...
2025-12-17 07:50:43,888-DEBUG-root-12952::webapp_internal::wait_blocker|2469:: Blocker status: False
2025-12-17 07:50:43,907-DEBUG-root-12952::webapp_internal::wait_blocker|2444:: Waiting blocker to continue...
2025-12-17 07:50:44,007-DEBUG-root-12952::webapp_internal::wait_blocker|2469:: Blocker status: False
2025-12-17 07:50:44,009-DEBUG-root-12952::webapp_internal::send_action|10480:: Trying to send action
2025-12-17 07:50:44,013-DEBUG-root-12952::base::click|192:: Click Type: ClickType.JS
2025-12-17 07:50:45,063-DEBUG-root-12952::webapp_internal::send_action|10522:: send_action method result = True
2025-12-17 07:50:45,063-DEBUG-root-12952::webapp_internal::send_action|10523:: send_action selenium status: False
2025-12-17 07:50:45,063-DEBUG-root-12952::webapp_internal::SetButton|4683:: ***System Info*** After Clicking on button:
2025-12-17 07:50:45,064-DEBUG-root-12952::psutil_info::system_info|5:: CPU USAGE: 6.3%
2025-12-17 07:50:45,064-DEBUG-root-12952::psutil_info::system_info|6:: MEMORY USAGE: 87.6%
2025-12-17 07:50:45,064-DEBUG-root-12952::psutil_info::system_info|7:: MEMORY AVAILABLE: 12.4%
2025-12-17 07:50:50,064-DEBUG-root-12952::webapp_internal::wait_blocker|2444:: Waiting blocker to continue...
2025-12-17 07:50:50,175-DEBUG-root-12952::webapp_internal::wait_blocker|2469:: Blocker status: False
2025-12-17 07:50:50,175-DEBUG-root-12952::webapp_internal::wait_element|7623:: Waiting for element
2025-12-17 07:50:50,248-DEBUG-root-12952::webapp_internal::wait_element|7653:: Element found! Waiting for element to be displayed.
2025-12-17 07:50:50,408-INFO-root-12952::webapp_internal::input_value|2941:: Looking for element: Processo
2025-12-17 07:50:50,768-INFO-root-12952::webapp_internal::input_value|2951:: Element: Processo Found!
2025-12-17 07:50:50,768-INFO-root-12952::webapp_internal::input_value|2953:: Filling element: Processo
2025-12-17 07:50:50,797-DEBUG-root-12952::webapp_internal::get_web_value|3232:: Current value:      
2025-12-17 07:50:50,839-DEBUG-root-12952::base::double_click|259:: Click Type: ClickType.SELENIUM
2025-12-17 07:50:51,093-DEBUG-root-12952::webapp_internal::wait_blocker|2444:: Waiting blocker to continue...
2025-12-17 07:50:51,200-DEBUG-root-12952::webapp_internal::wait_blocker|2469:: Blocker status: False
2025-12-17 07:50:51,499-DEBUG-root-12952::webapp_internal::get_web_value|3232:: Current value: 00001
2025-12-17 07:50:51,499-INFO-root-12952::webapp_internal::input_value|3059:: Current field value: 00001
2025-12-17 07:50:51,499-DEBUG-root-12952::webapp_internal::wait_blocker|2444:: Waiting blocker to continue...
2025-12-17 07:50:51,659-DEBUG-root-12952::webapp_internal::wait_blocker|2469:: Blocker status: False
2025-12-17 07:50:51,660-DEBUG-root-12952::webapp_internal::wait_element|7623:: Waiting for element
2025-12-17 07:50:51,713-DEBUG-root-12952::webapp_internal::wait_element|7653:: Element found! Waiting for element to be displayed.
2025-12-17 07:50:51,874-INFO-root-12952::webapp_internal::input_value|2941:: Looking for element: Roteiro
2025-12-17 07:50:52,141-INFO-root-12952::webapp_internal::input_value|2951:: Element: Roteiro Found!
2025-12-17 07:50:52,142-INFO-root-12952::webapp_internal::input_value|2953:: Filling element: Roteiro
2025-12-17 07:50:52,168-DEBUG-root-12952::webapp_internal::get_web_value|3232:: Current value:    
2025-12-17 07:50:52,196-DEBUG-root-12952::base::double_click|259:: Click Type: ClickType.SELENIUM
2025-12-17 07:50:52,445-DEBUG-root-12952::webapp_internal::wait_blocker|2444:: Waiting blocker to continue...
2025-12-17 07:50:52,564-DEBUG-root-12952::webapp_internal::wait_blocker|2469:: Blocker status: False
2025-12-17 07:50:52,881-DEBUG-root-12952::webapp_internal::get_web_value|3232:: Current value: VTR
2025-12-17 07:50:52,881-INFO-root-12952::webapp_internal::input_value|3059:: Current field value: VTR
2025-12-17 07:50:53,383-INFO-root-12952::webapp_internal::SetButton|4444:: Clicking on OK
2025-12-17 07:50:53,383-DEBUG-root-12952::webapp_internal::wait_blocker|2444:: Waiting blocker to continue...
2025-12-17 07:50:53,477-DEBUG-root-12952::webapp_internal::wait_blocker|2469:: Blocker status: False
2025-12-17 07:50:53,739-DEBUG-root-12952::webapp_internal::wait_element_timeout|7726:: Element found! Waiting for element to be displayed.
2025-12-17 07:50:53,877-DEBUG-root-12952::webapp_internal::SetButton|4481:: ***System Info*** Before Clicking on button:OK
2025-12-17 07:50:53,877-DEBUG-root-12952::psutil_info::system_info|5:: CPU USAGE: 6.4%
2025-12-17 07:50:53,879-DEBUG-root-12952::psutil_info::system_info|6:: MEMORY USAGE: 87.3%
2025-12-17 07:50:53,879-DEBUG-root-12952::psutil_info::system_info|7:: MEMORY AVAILABLE: 12.71%
2025-12-17 07:50:54,100-DEBUG-root-12952::webapp_internal::wait_element_timeout|7726:: Element found! Waiting for element to be displayed.
2025-12-17 07:50:54,312-DEBUG-root-12952::webapp_internal::wait_blocker|2444:: Waiting blocker to continue...
2025-12-17 07:50:54,459-DEBUG-root-12952::webapp_internal::wait_blocker|2469:: Blocker status: False
2025-12-17 07:50:54,495-DEBUG-root-12952::webapp_internal::wait_blocker|2444:: Waiting blocker to continue...
2025-12-17 07:50:54,639-DEBUG-root-12952::webapp_internal::wait_blocker|2469:: Blocker status: False
2025-12-17 07:50:54,639-DEBUG-root-12952::webapp_internal::send_action|10480:: Trying to send action
2025-12-17 07:50:54,646-DEBUG-root-12952::base::click|192:: Click Type: ClickType.JS
2025-12-17 07:50:55,699-DEBUG-root-12952::webapp_internal::send_action|10522:: send_action method result = True
2025-12-17 07:50:55,699-DEBUG-root-12952::webapp_internal::send_action|10523:: send_action selenium status: False
2025-12-17 07:50:55,700-DEBUG-root-12952::webapp_internal::SetButton|4683:: ***System Info*** After Clicking on button:
2025-12-17 07:50:55,700-DEBUG-root-12952::psutil_info::system_info|5:: CPU USAGE: 9.8%
2025-12-17 07:50:55,700-DEBUG-root-12952::psutil_info::system_info|6:: MEMORY USAGE: 87.3%
2025-12-17 07:50:55,700-DEBUG-root-12952::psutil_info::system_info|7:: MEMORY AVAILABLE: 12.66%
2025-12-17 07:51:00,701-INFO-root-12952::webapp_internal::WaitShow|4980:: Waiting show text 'Parametros'...
2025-12-17 07:51:01,008-INFO-root-12952::webapp_internal::WaitShow|4996:: Text found! 
2025-12-17 07:51:01,009-INFO-root-12952::webapp_internal::SetButton|4444:: Clicking on OK
2025-12-17 07:51:01,009-DEBUG-root-12952::webapp_internal::wait_blocker|2444:: Waiting blocker to continue...
2025-12-17 07:51:01,136-DEBUG-root-12952::webapp_internal::wait_blocker|2469:: Blocker status: False
2025-12-17 07:51:01,379-DEBUG-root-12952::webapp_internal::wait_element_timeout|7726:: Element found! Waiting for element to be displayed.
2025-12-17 07:51:01,535-DEBUG-root-12952::webapp_internal::SetButton|4481:: ***System Info*** Before Clicking on button:OK
2025-12-17 07:51:01,536-DEBUG-root-12952::psutil_info::system_info|5:: CPU USAGE: 5.8%
2025-12-17 07:51:01,537-DEBUG-root-12952::psutil_info::system_info|6:: MEMORY USAGE: 87.3%
2025-12-17 07:51:01,537-DEBUG-root-12952::psutil_info::system_info|7:: MEMORY AVAILABLE: 12.68%
2025-12-17 07:51:01,791-DEBUG-root-12952::webapp_internal::wait_element_timeout|7726:: Element found! Waiting for element to be displayed.
2025-12-17 07:51:01,970-DEBUG-root-12952::webapp_internal::wait_blocker|2444:: Waiting blocker to continue...
2025-12-17 07:51:02,068-DEBUG-root-12952::webapp_internal::wait_blocker|2469:: Blocker status: False
2025-12-17 07:51:02,120-DEBUG-root-12952::webapp_internal::wait_blocker|2444:: Waiting blocker to continue...
2025-12-17 07:51:02,244-DEBUG-root-12952::webapp_internal::wait_blocker|2469:: Blocker status: False
2025-12-17 07:51:02,245-DEBUG-root-12952::webapp_internal::send_action|10480:: Trying to send action
2025-12-17 07:51:02,248-DEBUG-root-12952::base::click|192:: Click Type: ClickType.JS
2025-12-17 07:51:03,276-DEBUG-root-12952::webapp_internal::send_action|10522:: send_action method result = True
2025-12-17 07:51:03,277-DEBUG-root-12952::webapp_internal::send_action|10523:: send_action selenium status: False
2025-12-17 07:51:03,279-DEBUG-root-12952::webapp_internal::SetButton|4683:: ***System Info*** After Clicking on button:
2025-12-17 07:51:03,279-DEBUG-root-12952::psutil_info::system_info|5:: CPU USAGE: 6.8%
2025-12-17 07:51:03,280-DEBUG-root-12952::psutil_info::system_info|6:: MEMORY USAGE: 87.4%
2025-12-17 07:51:03,281-DEBUG-root-12952::psutil_info::system_info|7:: MEMORY AVAILABLE: 12.58%
2025-12-17 07:51:03,314-INFO-root-12952::webapp_internal::SetButton|4444:: Clicking on Calcular
2025-12-17 07:51:03,315-DEBUG-root-12952::webapp_internal::wait_blocker|2444:: Waiting blocker to continue...
2025-12-17 07:51:03,437-DEBUG-root-12952::webapp_internal::wait_blocker|2469:: Blocker status: False
2025-12-17 07:51:03,725-DEBUG-root-12952::webapp_internal::wait_element_timeout|7726:: Element found! Waiting for element to be displayed.
2025-12-17 07:51:03,912-DEBUG-root-12952::webapp_internal::SetButton|4481:: ***System Info*** Before Clicking on button:Calcular
2025-12-17 07:51:03,912-DEBUG-root-12952::psutil_info::system_info|5:: CPU USAGE: 11.8%
2025-12-17 07:51:03,912-DEBUG-root-12952::psutil_info::system_info|6:: MEMORY USAGE: 87.3%
2025-12-17 07:51:03,913-DEBUG-root-12952::psutil_info::system_info|7:: MEMORY AVAILABLE: 12.66%
2025-12-17 07:51:04,185-DEBUG-root-12952::webapp_internal::wait_element_timeout|7726:: Element found! Waiting for element to be displayed.
2025-12-17 07:51:04,419-DEBUG-root-12952::webapp_internal::wait_blocker|2444:: Waiting blocker to continue...
2025-12-17 07:51:04,551-DEBUG-root-12952::webapp_internal::wait_blocker|2469:: Blocker status: False
2025-12-17 07:51:04,581-DEBUG-root-12952::webapp_internal::wait_blocker|2444:: Waiting blocker to continue...
2025-12-17 07:51:04,699-DEBUG-root-12952::webapp_internal::wait_blocker|2469:: Blocker status: False
2025-12-17 07:51:04,700-DEBUG-root-12952::webapp_internal::send_action|10480:: Trying to send action
2025-12-17 07:51:04,702-DEBUG-root-12952::base::click|192:: Click Type: ClickType.JS
2025-12-17 07:51:05,730-DEBUG-root-12952::webapp_internal::send_action|10522:: send_action method result = True
2025-12-17 07:51:05,730-DEBUG-root-12952::webapp_internal::send_action|10523:: send_action selenium status: False
2025-12-17 07:51:05,731-DEBUG-root-12952::webapp_internal::SetButton|4683:: ***System Info*** After Clicking on button:
2025-12-17 07:51:05,731-DEBUG-root-12952::psutil_info::system_info|5:: CPU USAGE: 6.8%
2025-12-17 07:51:05,731-DEBUG-root-12952::psutil_info::system_info|6:: MEMORY USAGE: 87.5%
2025-12-17 07:51:05,733-DEBUG-root-12952::psutil_info::system_info|7:: MEMORY AVAILABLE: 12.54%
2025-12-17 07:51:05,733-INFO-root-12952::webapp_internal::WaitShow|4980:: Waiting show text 'Confirma configuracäo dos parametros?'...
2025-12-17 07:51:05,855-INFO-root-12952::webapp_internal::WaitShow|4996:: Text found! 
2025-12-17 07:51:05,855-INFO-root-12952::webapp_internal::SetButton|4444:: Clicking on Sim
2025-12-17 07:51:05,855-DEBUG-root-12952::webapp_internal::wait_blocker|2444:: Waiting blocker to continue...
2025-12-17 07:51:06,059-DEBUG-root-12952::webapp_internal::wait_blocker|2469:: Blocker status: False
2025-12-17 07:51:06,323-DEBUG-root-12952::webapp_internal::wait_element_timeout|7726:: Element found! Waiting for element to be displayed.
2025-12-17 07:51:06,458-DEBUG-root-12952::webapp_internal::SetButton|4481:: ***System Info*** Before Clicking on button:Sim
2025-12-17 07:51:06,459-DEBUG-root-12952::psutil_info::system_info|5:: CPU USAGE: 19.9%
2025-12-17 07:51:06,459-DEBUG-root-12952::psutil_info::system_info|6:: MEMORY USAGE: 87.5%
2025-12-17 07:51:06,460-DEBUG-root-12952::psutil_info::system_info|7:: MEMORY AVAILABLE: 12.47%
2025-12-17 07:51:06,670-DEBUG-root-12952::webapp_internal::wait_element_timeout|7726:: Element found! Waiting for element to be displayed.
2025-12-17 07:51:06,873-DEBUG-root-12952::webapp_internal::wait_blocker|2444:: Waiting blocker to continue...
2025-12-17 07:51:06,989-DEBUG-root-12952::webapp_internal::wait_blocker|2469:: Blocker status: False
2025-12-17 07:51:07,021-DEBUG-root-12952::webapp_internal::wait_blocker|2444:: Waiting blocker to continue...
2025-12-17 07:51:07,135-DEBUG-root-12952::webapp_internal::wait_blocker|2469:: Blocker status: False
2025-12-17 07:51:07,135-DEBUG-root-12952::webapp_internal::send_action|10480:: Trying to send action
2025-12-17 07:51:07,137-DEBUG-root-12952::base::click|192:: Click Type: ClickType.JS
2025-12-17 07:51:08,171-DEBUG-root-12952::webapp_internal::send_action|10522:: send_action method result = True
2025-12-17 07:51:08,171-DEBUG-root-12952::webapp_internal::send_action|10523:: send_action selenium status: False
2025-12-17 07:51:08,172-DEBUG-root-12952::webapp_internal::SetButton|4683:: ***System Info*** After Clicking on button:
2025-12-17 07:51:08,172-DEBUG-root-12952::psutil_info::system_info|5:: CPU USAGE: 6.3%
2025-12-17 07:51:08,172-DEBUG-root-12952::psutil_info::system_info|6:: MEMORY USAGE: 87.5%
2025-12-17 07:51:08,173-DEBUG-root-12952::psutil_info::system_info|7:: MEMORY AVAILABLE: 12.51%
2025-12-17 07:51:08,188-INFO-root-12952::webapp_internal::WaitShow|4980:: Waiting show text 'Nenhum filtro foi selecionado! Processar toda a tabela?'...
2025-12-17 07:51:08,269-INFO-root-12952::webapp_internal::WaitShow|4996:: Text found! 
2025-12-17 07:51:08,269-INFO-root-12952::webapp_internal::SetButton|4444:: Clicking on Sim
2025-12-17 07:51:08,269-DEBUG-root-12952::webapp_internal::wait_blocker|2444:: Waiting blocker to continue...
2025-12-17 07:51:08,443-DEBUG-root-12952::webapp_internal::wait_blocker|2469:: Blocker status: False
2025-12-17 07:51:08,701-DEBUG-root-12952::webapp_internal::wait_element_timeout|7726:: Element found! Waiting for element to be displayed.
2025-12-17 07:51:08,854-DEBUG-root-12952::webapp_internal::SetButton|4481:: ***System Info*** Before Clicking on button:Sim
2025-12-17 07:51:08,854-DEBUG-root-12952::psutil_info::system_info|5:: CPU USAGE: 11.6%
2025-12-17 07:51:08,855-DEBUG-root-12952::psutil_info::system_info|6:: MEMORY USAGE: 87.5%
2025-12-17 07:51:08,855-DEBUG-root-12952::psutil_info::system_info|7:: MEMORY AVAILABLE: 12.47%
2025-12-17 07:51:09,084-DEBUG-root-12952::webapp_internal::wait_element_timeout|7726:: Element found! Waiting for element to be displayed.
2025-12-17 07:51:09,274-DEBUG-root-12952::webapp_internal::wait_blocker|2444:: Waiting blocker to continue...
2025-12-17 07:51:09,407-DEBUG-root-12952::webapp_internal::wait_blocker|2469:: Blocker status: False
2025-12-17 07:51:09,453-DEBUG-root-12952::webapp_internal::wait_blocker|2444:: Waiting blocker to continue...
2025-12-17 07:51:09,591-DEBUG-root-12952::webapp_internal::wait_blocker|2469:: Blocker status: False
2025-12-17 07:51:09,593-DEBUG-root-12952::webapp_internal::send_action|10480:: Trying to send action
2025-12-17 07:51:09,595-DEBUG-root-12952::base::click|192:: Click Type: ClickType.JS
2025-12-17 07:51:10,638-DEBUG-root-12952::webapp_internal::send_action|10522:: send_action method result = True
2025-12-17 07:51:10,639-DEBUG-root-12952::webapp_internal::send_action|10523:: send_action selenium status: False
2025-12-17 07:51:10,639-DEBUG-root-12952::webapp_internal::SetButton|4683:: ***System Info*** After Clicking on button:
2025-12-17 07:51:10,640-DEBUG-root-12952::psutil_info::system_info|5:: CPU USAGE: 5.9%
2025-12-17 07:51:10,641-DEBUG-root-12952::psutil_info::system_info|6:: MEMORY USAGE: 87.4%
2025-12-17 07:51:10,641-DEBUG-root-12952::psutil_info::system_info|7:: MEMORY AVAILABLE: 12.64%
2025-12-17 07:51:10,666-INFO-root-12952::webapp_internal::WaitShow|4980:: Waiting show text 'Aguarde'...
2025-12-17 07:51:11,215-INFO-root-12952::webapp_internal::WaitShow|4996:: Text found! 
2025-12-17 07:51:13,216-INFO-root-12952::webapp_internal::WaitShow|4980:: Waiting show text 'Log de Ocorrencias no Processo de Calculo'...
2025-12-17 07:51:23,744-INFO-root-12952::webapp_internal::SetButton|4444:: Clicking on Sair
2025-12-17 07:51:23,746-DEBUG-root-12952::webapp_internal::wait_blocker|2444:: Waiting blocker to continue...
2025-12-17 07:51:23,864-DEBUG-root-12952::webapp_internal::wait_blocker|2469:: Blocker status: False
2025-12-17 07:51:34,004-DEBUG-root-12952::webapp_internal::SetButton|4481:: ***System Info*** Before Clicking on button:Sair
2025-12-17 07:51:34,004-DEBUG-root-12952::psutil_info::system_info|5:: CPU USAGE: 9.0%
2025-12-17 07:51:34,005-DEBUG-root-12952::psutil_info::system_info|6:: MEMORY USAGE: 86.8%
2025-12-17 07:51:34,005-DEBUG-root-12952::psutil_info::system_info|7:: MEMORY AVAILABLE: 13.21%
2025-12-17 07:53:41,455-WARNING-root-12952::webapp_internal::log_error|8143:: Warning log_error Couldn't find element: Sair
2025-12-17 07:53:41,455-DEBUG-root-12952::webapp_internal::log_error|8146:: ***System Info*** in log_error():
2025-12-17 07:53:41,455-DEBUG-root-12952::psutil_info::system_info|5:: CPU USAGE: 10.4%
2025-12-17 07:53:41,456-DEBUG-root-12952::psutil_info::system_info|6:: MEMORY USAGE: 84.6%
2025-12-17 07:53:41,456-DEBUG-root-12952::psutil_info::system_info|7:: MEMORY AVAILABLE: 15.4%
2025-12-17 07:53:42,529-ERROR-root-12952::webapp_internal::TearDown|9654:: Warning tearDown Close Message: Tried to run command without establishing a connection
Traceback (most recent call last):
  File "C:\TIR_TESTE\venv\Lib\site-packages\tir\technologies\webapp_internal.py", line 9652, in TearDown
    self.driver.close()
  File "C:\TIR_TESTE\venv\Lib\site-packages\selenium\webdriver\remote\webdriver.py", line 458, in close
    self.execute(Command.CLOSE)
  File "C:\TIR_TESTE\venv\Lib\site-packages\selenium\webdriver\remote\webdriver.py", line 347, in execute
    self.error_handler.check_response(response)
  File "C:\TIR_TESTE\venv\Lib\site-packages\selenium\webdriver\remote\errorhandler.py", line 229, in check_response
    raise exception_class(message, screen, stacktrace)
selenium.common.exceptions.InvalidSessionIdException: Message: Tried to run command without establishing a connection

2025-12-17 07:49:32,750-DEBUG-root-12952::logging_config::logger|189:: Log file created: 'Log\GESIT03\TIR__20251217074932735.log'
2025-12-17 07:49:32,751-INFO-root-12952::base::Start|1183:: TIR Version: 2.4.3
2025-12-17 07:49:32,751-INFO-root-12952::base::Start|1184:: Python Version: 3.12.10
2025-12-17 07:49:32,751-INFO-root-12952::base::Start|1185:: Starting the browser
2025-12-17 07:49:39,801-INFO-root-12952::base::get_url|1294:: Page is ready!
2025-12-17 07:49:39,825-INFO-root-12952::base::Start|1256:: Browser maximized to 1936x1048
2025-12-17 07:49:39,825-INFO-root-12952::base::Start|1258:: Screen size is different from default used in headless mode
2025-12-17 07:49:40,112-INFO-root-12952::webapp_internal::Setup|247:: ***System Info*** in Setup():
2025-12-17 07:49:40,112-DEBUG-root-12952::psutil_info::system_info|5:: CPU USAGE: 21.1%
2025-12-17 07:49:40,113-DEBUG-root-12952::psutil_info::system_info|6:: MEMORY USAGE: 86.8%
2025-12-17 07:49:40,114-DEBUG-root-12952::psutil_info::system_info|7:: MEMORY AVAILABLE: 13.23%
2025-12-17 07:49:40,140-INFO-root-12952::base::webapp_shadowroot|1394:: Webapp: 10.1.6-RC4
2025-12-17 07:49:40,411-INFO-root-12952::webapp_internal::filling_initial_program|449:: Filling Initial Program: "SIGAMDI"
2025-12-17 07:49:40,411-DEBUG-root-12952::webapp_internal::wait_element|7623:: Waiting for element
2025-12-17 07:49:40,501-DEBUG-root-12952::webapp_internal::wait_element|7653:: Element found! Waiting for element to be displayed.
2025-12-17 07:49:40,686-DEBUG-root-12952::base::click|192:: Click Type: ClickType.JS
2025-12-17 07:49:40,692-DEBUG-root-12952::webapp_internal::try_send_keys|7976:: Trying to send keys to element using technique 0
2025-12-17 07:49:41,053-DEBUG-root-12952::webapp_internal::get_web_value|3232:: Current value: SIGAMDI
2025-12-17 07:49:41,054-INFO-root-12952::webapp_internal::filling_server_environment|463:: Filling Server Environment: "POUPEX_PROJ3"
2025-12-17 07:49:41,055-DEBUG-root-12952::webapp_internal::wait_element|7623:: Waiting for element
2025-12-17 07:49:41,097-DEBUG-root-12952::webapp_internal::wait_element|7653:: Element found! Waiting for element to be displayed.
2025-12-17 07:49:41,275-DEBUG-root-12952::base::click|192:: Click Type: ClickType.JS
2025-12-17 07:49:41,281-DEBUG-root-12952::webapp_internal::try_send_keys|7976:: Trying to send keys to element using technique 0
2025-12-17 07:49:41,620-DEBUG-root-12952::webapp_internal::get_web_value|3232:: Current value: POUPEX_PROJ3
2025-12-17 07:49:41,647-DEBUG-root-12952::base::click|192:: Click Type: ClickType.JS
2025-12-17 07:49:41,662-DEBUG-root-12952::webapp_internal::user_screen|519:: Filling user screen
2025-12-17 07:49:48,103-DEBUG-root-12952::webapp_internal::wait_element_timeout|7726:: Element found! Waiting for element to be displayed.
2025-12-17 07:49:48,190-DEBUG-root-12952::base::scroll_to_element|759:: ********Warining scroll_to_element exception: Message: TypeError: can't access property "scrollIntoView", arguments[0] is null
Stacktrace:
@http://prjsrverp:10300/webapp/:2:7
@http://prjsrverp:10300/webapp/:3:8
*********
2025-12-17 07:49:48,402-INFO-root-12952::webapp_internal::user_screen|561:: Filling User
2025-12-17 07:49:48,425-DEBUG-root-12952::base::double_click|259:: Click Type: ClickType.SELENIUM
2025-12-17 07:49:48,604-DEBUG-root-12952::webapp_internal::get_web_value|3232:: Current value: 97137227104
2025-12-17 07:49:48,635-INFO-root-12952::webapp_internal::user_screen|621:: Filling Password
2025-12-17 07:49:48,662-DEBUG-root-12952::base::click|192:: Click Type: ClickType.JS
2025-12-17 07:49:48,751-DEBUG-root-12952::webapp_internal::get_web_value|3232:: Current value: Deire20191817+
2025-12-17 07:49:48,751-DEBUG-root-12952::webapp_internal::wait_blocker|2444:: Waiting blocker to continue...
2025-12-17 07:49:48,800-DEBUG-root-12952::webapp_internal::wait_blocker|2469:: Blocker status: None
2025-12-17 07:49:48,833-DEBUG-root-12952::webapp_internal::wait_blocker|2444:: Waiting blocker to continue...
2025-12-17 07:49:48,864-DEBUG-root-12952::webapp_internal::wait_blocker|2469:: Blocker status: None
2025-12-17 07:49:48,904-DEBUG-root-12952::webapp_internal::wait_blocker|2444:: Waiting blocker to continue...
2025-12-17 07:49:48,941-DEBUG-root-12952::webapp_internal::wait_blocker|2469:: Blocker status: None
2025-12-17 07:49:48,942-DEBUG-root-12952::webapp_internal::send_action|10480:: Trying to send action
2025-12-17 07:49:48,949-DEBUG-root-12952::base::click|192:: Click Type: ClickType.JS
2025-12-17 07:49:49,998-DEBUG-root-12952::webapp_internal::send_action|10522:: send_action method result = True
2025-12-17 07:49:49,998-DEBUG-root-12952::webapp_internal::send_action|10523:: send_action selenium status: False
2025-12-17 07:49:52,333-DEBUG-root-12952::base::scroll_to_element|759:: ********Warining scroll_to_element exception: Message: TypeError: can't access property "scrollIntoView", arguments[0] is null
Stacktrace:
@http://prjsrverp:10300/webapp/:2:7
@http://prjsrverp:10300/webapp/:3:8
*********
2025-12-17 07:49:52,395-INFO-root-12952::webapp_internal::filling_date|885:: Filling Date: "18/09/2025"
2025-12-17 07:49:52,395-DEBUG-root-12952::webapp_internal::wait_blocker|2444:: Waiting blocker to continue...
2025-12-17 07:49:52,450-DEBUG-root-12952::webapp_internal::wait_blocker|2469:: Blocker status: None
2025-12-17 07:49:52,455-DEBUG-root-12952::base::click|192:: Click Type: ClickType.JS
2025-12-17 07:49:52,474-DEBUG-root-12952::webapp_internal::try_send_keys|7976:: Trying to send keys to element using technique 1
2025-12-17 07:49:52,549-DEBUG-root-12952::webapp_internal::get_web_value|3232:: Current value: 18/09/2025
2025-12-17 07:49:53,622-INFO-root-12952::webapp_internal::filling_group|955:: Filling Group: "02"
2025-12-17 07:49:53,623-DEBUG-root-12952::webapp_internal::wait_blocker|2444:: Waiting blocker to continue...
2025-12-17 07:49:53,675-DEBUG-root-12952::webapp_internal::wait_blocker|2469:: Blocker status: None
2025-12-17 07:49:53,680-DEBUG-root-12952::base::click|192:: Click Type: ClickType.JS
2025-12-17 07:49:53,719-DEBUG-root-12952::webapp_internal::get_web_value|3232:: Current value: 02
2025-12-17 07:49:54,789-INFO-root-12952::webapp_internal::filling_branch|1047:: Filling Branch: "02DF0001"
2025-12-17 07:49:54,789-DEBUG-root-12952::webapp_internal::wait_blocker|2444:: Waiting blocker to continue...
2025-12-17 07:49:54,843-DEBUG-root-12952::webapp_internal::wait_blocker|2469:: Blocker status: None
2025-12-17 07:49:54,847-DEBUG-root-12952::base::click|192:: Click Type: ClickType.JS
2025-12-17 07:49:54,895-DEBUG-root-12952::webapp_internal::get_web_value|3232:: Current value: 02DF0001
2025-12-17 07:49:56,068-INFO-root-12952::webapp_internal::filling_environment|1113:: Filling Environment: "07"
2025-12-17 07:49:56,068-DEBUG-root-12952::webapp_internal::wait_blocker|2444:: Waiting blocker to continue...
2025-12-17 07:49:56,124-DEBUG-root-12952::webapp_internal::wait_blocker|2469:: Blocker status: None
2025-12-17 07:49:56,129-DEBUG-root-12952::base::click|192:: Click Type: ClickType.JS
2025-12-17 07:49:56,179-DEBUG-root-12952::webapp_internal::get_web_value|3232:: Current value: 07
2025-12-17 07:49:57,192-DEBUG-root-12952::webapp_internal::close_warning_screen|1489:: Closing warning screen!
2025-12-17 07:49:58,232-DEBUG-root-12952::webapp_internal::check_screen_element|1291:: Checking screen element: "Atenção": False
2025-12-17 07:49:59,351-INFO-root-12952::webapp_internal::environment_screen|796:: Clicking on Button
2025-12-17 07:49:59,352-DEBUG-root-12952::webapp_internal::wait_blocker|2444:: Waiting blocker to continue...
2025-12-17 07:49:59,408-DEBUG-root-12952::webapp_internal::wait_blocker|2469:: Blocker status: None
2025-12-17 07:49:59,412-DEBUG-root-12952::base::click|192:: Click Type: ClickType.JS
2025-12-17 07:50:00,421-DEBUG-root-12952::base::click|192:: Click Type: ClickType.JS
2025-12-17 07:50:01,459-DEBUG-root-12952::base::click|192:: Click Type: ClickType.JS
2025-12-17 07:50:02,475-INFO-root-12952::webapp_internal::environment_screen|804:: Button click completed
2025-12-17 07:50:02,479-DEBUG-root-12952::webapp_internal::close_screen_before_menu|368:: Closing screen before the menu
2025-12-17 07:50:02,547-INFO-root-12952::webapp_internal::set_log_info|1623:: Getting log info
2025-12-17 07:50:02,548-INFO-root-12952::webapp_internal::SetLateralMenu|4184:: Navigating lateral menu: Ajuda > Sobre
2025-12-17 07:50:02,565-DEBUG-root-12952::webapp_internal::wait_element|7623:: Waiting for element
2025-12-17 07:50:02,639-DEBUG-root-12952::webapp_internal::wait_element|7653:: Element found! Waiting for element to be displayed.
2025-12-17 07:50:02,897-INFO-root-12952::webapp_internal::SetLateralMenu|4203:: Menu item: "Ajuda"
2025-12-17 07:50:02,897-DEBUG-root-12952::webapp_internal::wait_blocker|2444:: Waiting blocker to continue...
2025-12-17 07:50:02,930-DEBUG-root-12952::webapp_internal::wait_blocker|2469:: Blocker status: None
2025-12-17 07:50:03,368-DEBUG-root-12952::webapp_internal::wait_element_timeout|7726:: Element found! Waiting for element to be displayed.
2025-12-17 07:50:03,735-DEBUG-root-12952::webapp_internal::wait_blocker|2444:: Waiting blocker to continue...
2025-12-17 07:50:03,831-DEBUG-root-12952::webapp_internal::wait_blocker|2469:: Blocker status: False
2025-12-17 07:50:06,131-INFO-root-12952::webapp_internal::SetLateralMenu|4203:: Menu item: "Sobre"
2025-12-17 07:50:06,131-DEBUG-root-12952::webapp_internal::wait_blocker|2444:: Waiting blocker to continue...
2025-12-17 07:50:06,198-DEBUG-root-12952::webapp_internal::wait_blocker|2469:: Blocker status: False
2025-12-17 07:50:06,732-DEBUG-root-12952::webapp_internal::wait_element_timeout|7726:: Element found! Waiting for element to be displayed.
2025-12-17 07:50:07,299-DEBUG-root-12952::webapp_internal::wait_blocker|2444:: Waiting blocker to continue...
2025-12-17 07:50:07,407-DEBUG-root-12952::webapp_internal::wait_blocker|2469:: Blocker status: False
2025-12-17 07:50:10,151-DEBUG-root-12952::webapp_internal::wait_blocker|2444:: Waiting blocker to continue...
2025-12-17 07:50:10,232-DEBUG-root-12952::webapp_internal::wait_blocker|2469:: Blocker status: False
2025-12-17 07:50:10,339-DEBUG-root-12952::webapp_internal::wait_element|7623:: Waiting for element
2025-12-17 07:50:10,394-DEBUG-root-12952::webapp_internal::wait_element|7653:: Element found! Waiting for element to be displayed.
2025-12-17 07:50:10,588-INFO-root-12952::webapp_internal::SetButton|4444:: Clicking on Fechar
2025-12-17 07:50:10,588-DEBUG-root-12952::webapp_internal::wait_blocker|2444:: Waiting blocker to continue...
2025-12-17 07:50:10,681-DEBUG-root-12952::webapp_internal::wait_blocker|2469:: Blocker status: False
2025-12-17 07:50:10,888-DEBUG-root-12952::webapp_internal::wait_element_timeout|7726:: Element found! Waiting for element to be displayed.
2025-12-17 07:50:10,968-DEBUG-root-12952::webapp_internal::SetButton|4481:: ***System Info*** Before Clicking on button:Fechar
2025-12-17 07:50:10,970-DEBUG-root-12952::psutil_info::system_info|5:: CPU USAGE: 10.6%
2025-12-17 07:50:10,970-DEBUG-root-12952::psutil_info::system_info|6:: MEMORY USAGE: 87.5%
2025-12-17 07:50:10,970-DEBUG-root-12952::psutil_info::system_info|7:: MEMORY AVAILABLE: 12.54%
2025-12-17 07:50:11,139-DEBUG-root-12952::webapp_internal::wait_element_timeout|7726:: Element found! Waiting for element to be displayed.
2025-12-17 07:50:11,291-DEBUG-root-12952::webapp_internal::wait_blocker|2444:: Waiting blocker to continue...
2025-12-17 07:50:11,361-DEBUG-root-12952::webapp_internal::wait_blocker|2469:: Blocker status: False
2025-12-17 07:50:11,387-DEBUG-root-12952::webapp_internal::wait_blocker|2444:: Waiting blocker to continue...
2025-12-17 07:50:11,477-DEBUG-root-12952::webapp_internal::wait_blocker|2469:: Blocker status: False
2025-12-17 07:50:11,477-DEBUG-root-12952::webapp_internal::send_action|10480:: Trying to send action
2025-12-17 07:50:11,479-DEBUG-root-12952::base::click|192:: Click Type: ClickType.JS
2025-12-17 07:50:12,511-DEBUG-root-12952::webapp_internal::send_action|10522:: send_action method result = True
2025-12-17 07:50:12,511-DEBUG-root-12952::webapp_internal::send_action|10523:: send_action selenium status: False
2025-12-17 07:50:12,512-DEBUG-root-12952::webapp_internal::SetButton|4683:: ***System Info*** After Clicking on button:
2025-12-17 07:50:12,512-DEBUG-root-12952::psutil_info::system_info|5:: CPU USAGE: 4.9%
2025-12-17 07:50:12,512-DEBUG-root-12952::psutil_info::system_info|6:: MEMORY USAGE: 87.4%
2025-12-17 07:50:12,512-DEBUG-root-12952::psutil_info::system_info|7:: MEMORY AVAILABLE: 12.62%
2025-12-17 07:50:12,512-DEBUG-root-12952::webapp_internal::wait_element|7623:: Waiting for element
2025-12-17 07:50:12,611-INFO-root-12952::webapp_internal::SetLateralMenu|4184:: Navigating lateral menu: Miscelanea > Cálculos (13)> Por Roteiros
2025-12-17 07:50:12,620-DEBUG-root-12952::webapp_internal::wait_element|7623:: Waiting for element
2025-12-17 07:50:12,671-DEBUG-root-12952::webapp_internal::wait_element|7653:: Element found! Waiting for element to be displayed.
2025-12-17 07:50:12,859-INFO-root-12952::webapp_internal::SetLateralMenu|4203:: Menu item: "Miscelanea"
2025-12-17 07:50:12,859-DEBUG-root-12952::webapp_internal::wait_blocker|2444:: Waiting blocker to continue...
2025-12-17 07:50:12,929-DEBUG-root-12952::webapp_internal::wait_blocker|2469:: Blocker status: False
2025-12-17 07:50:13,384-DEBUG-root-12952::webapp_internal::wait_element_timeout|7726:: Element found! Waiting for element to be displayed.
2025-12-17 07:50:13,794-DEBUG-root-12952::webapp_internal::wait_blocker|2444:: Waiting blocker to continue...
2025-12-17 07:50:13,881-DEBUG-root-12952::webapp_internal::wait_blocker|2469:: Blocker status: False
2025-12-17 07:50:16,180-INFO-root-12952::webapp_internal::SetLateralMenu|4203:: Menu item: "Cálculos (13)"
2025-12-17 07:50:16,180-DEBUG-root-12952::webapp_internal::wait_blocker|2444:: Waiting blocker to continue...
2025-12-17 07:50:16,414-DEBUG-root-12952::webapp_internal::wait_blocker|2469:: Blocker status: False
2025-12-17 07:50:17,957-DEBUG-root-12952::webapp_internal::wait_element_timeout|7726:: Element found! Waiting for element to be displayed.
2025-12-17 07:50:19,491-DEBUG-root-12952::webapp_internal::wait_blocker|2444:: Waiting blocker to continue...
2025-12-17 07:50:19,656-DEBUG-root-12952::webapp_internal::wait_blocker|2469:: Blocker status: False
2025-12-17 07:50:21,956-INFO-root-12952::webapp_internal::SetLateralMenu|4203:: Menu item: "Por Roteiros"
2025-12-17 07:50:21,957-DEBUG-root-12952::webapp_internal::wait_blocker|2444:: Waiting blocker to continue...
2025-12-17 07:50:22,056-DEBUG-root-12952::webapp_internal::wait_blocker|2469:: Blocker status: False
2025-12-17 07:50:23,865-DEBUG-root-12952::webapp_internal::wait_element_timeout|7726:: Element found! Waiting for element to be displayed.
2025-12-17 07:50:25,713-DEBUG-root-12952::webapp_internal::wait_blocker|2444:: Waiting blocker to continue...
2025-12-17 07:50:25,840-DEBUG-root-12952::webapp_internal::wait_blocker|2469:: Blocker status: False
2025-12-17 07:50:31,091-DEBUG-root-12952::webapp_internal::wait_blocker|2444:: Waiting blocker to continue...
2025-12-17 07:50:31,209-DEBUG-root-12952::webapp_internal::wait_blocker|2469:: Blocker status: False
2025-12-17 07:50:31,341-INFO-root-12952::webapp_internal::WaitShow|4980:: Waiting show text 'Este ambiente utiliza base de Homologação.'...
2025-12-17 07:50:37,107-DEBUG-root-12952::log::checks_empty_line|221:: Checking empty default log info
2025-12-17 07:50:37,113-DEBUG-root-12952::log::generate_log|503:: Json log_data: {'cLogDtExec': '17/12/2025 07:50:37', 'cLogNomUsr': '97137227104', 'cLogNomEst': 'GESIT03', 'cLogProgra': None, 'cLogDtProg': '', 'cLogHrProg': '', 'nLogCtsOk': 1, 'nLogCtsNok': 0, 'nLogCtsSeg': 64.73, 'cLogVersao': '12', 'cLogReleas': '12.1.2410', 'nLogCtsErr': '', 'cLogBancod': 'ORACLE', 'cLogIdenti': '', 'cLogIdExec': '20251217', 'cLogPais': 'BRA', 'cLogTool': 'TIR', 'cLogSequen': 'd67b5f', 'nLogCtsTot': 1, 'cLogDtExea': '17/12/2025', 'cLogHrExea': '07:50:37', 'cLogArea': 'Desenvolvimento', 'cLogMnExec': 1.0788333333333333}
2025-12-17 07:50:37,114-INFO-root-12952::log::send_log_with_retries|515:: Saving log locally.
2025-12-17 07:50:37,114-INFO-root-12952::log::save_log_locally|548:: [FwSendLog]: Não foi possível enviar o log após todas as tentativas.
2025-12-17 07:50:37,115-INFO-root-12952::log::save_log_locally|555:: [FwSendLog]: Log salvo localmente em C:\TIR_TESTE\1765968637.json.
2025-12-17 07:50:37,118-INFO-root-12952::webapp_internal::WaitShow|4980:: Waiting show text 'Moedas'...
2025-12-17 07:50:42,504-INFO-root-12952::webapp_internal::WaitShow|4980:: Waiting show text 'Processo de Calculo'...
2025-12-17 07:50:42,600-INFO-root-12952::webapp_internal::WaitShow|4996:: Text found! 
2025-12-17 07:50:42,600-INFO-root-12952::webapp_internal::WaitShow|4980:: Waiting show text 'Este programa realiza processos de calculos'...
2025-12-17 07:50:42,674-INFO-root-12952::webapp_internal::WaitShow|4996:: Text found! 
2025-12-17 07:50:42,674-INFO-root-12952::webapp_internal::SetButton|4444:: Clicking on Parametros
2025-12-17 07:50:42,674-DEBUG-root-12952::webapp_internal::wait_blocker|2444:: Waiting blocker to continue...
2025-12-17 07:50:42,792-DEBUG-root-12952::webapp_internal::wait_blocker|2469:: Blocker status: False
2025-12-17 07:50:43,077-DEBUG-root-12952::webapp_internal::wait_element_timeout|7726:: Element found! Waiting for element to be displayed.
2025-12-17 07:50:43,268-DEBUG-root-12952::webapp_internal::SetButton|4481:: ***System Info*** Before Clicking on button:Parametros
2025-12-17 07:50:43,268-DEBUG-root-12952::psutil_info::system_info|5:: CPU USAGE: 10.0%
2025-12-17 07:50:43,268-DEBUG-root-12952::psutil_info::system_info|6:: MEMORY USAGE: 87.6%
2025-12-17 07:50:43,269-DEBUG-root-12952::psutil_info::system_info|7:: MEMORY AVAILABLE: 12.37%
2025-12-17 07:50:43,535-DEBUG-root-12952::webapp_internal::wait_element_timeout|7726:: Element found! Waiting for element to be displayed.
2025-12-17 07:50:43,770-DEBUG-root-12952::webapp_internal::wait_blocker|2444:: Waiting blocker to continue...
2025-12-17 07:50:43,888-DEBUG-root-12952::webapp_internal::wait_blocker|2469:: Blocker status: False
2025-12-17 07:50:43,907-DEBUG-root-12952::webapp_internal::wait_blocker|2444:: Waiting blocker to continue...
2025-12-17 07:50:44,007-DEBUG-root-12952::webapp_internal::wait_blocker|2469:: Blocker status: False
2025-12-17 07:50:44,009-DEBUG-root-12952::webapp_internal::send_action|10480:: Trying to send action
2025-12-17 07:50:44,013-DEBUG-root-12952::base::click|192:: Click Type: ClickType.JS
2025-12-17 07:50:45,063-DEBUG-root-12952::webapp_internal::send_action|10522:: send_action method result = True
2025-12-17 07:50:45,063-DEBUG-root-12952::webapp_internal::send_action|10523:: send_action selenium status: False
2025-12-17 07:50:45,063-DEBUG-root-12952::webapp_internal::SetButton|4683:: ***System Info*** After Clicking on button:
2025-12-17 07:50:45,064-DEBUG-root-12952::psutil_info::system_info|5:: CPU USAGE: 6.3%
2025-12-17 07:50:45,064-DEBUG-root-12952::psutil_info::system_info|6:: MEMORY USAGE: 87.6%
2025-12-17 07:50:45,064-DEBUG-root-12952::psutil_info::system_info|7:: MEMORY AVAILABLE: 12.4%
2025-12-17 07:50:50,064-DEBUG-root-12952::webapp_internal::wait_blocker|2444:: Waiting blocker to continue...
2025-12-17 07:50:50,175-DEBUG-root-12952::webapp_internal::wait_blocker|2469:: Blocker status: False
2025-12-17 07:50:50,175-DEBUG-root-12952::webapp_internal::wait_element|7623:: Waiting for element
2025-12-17 07:50:50,248-DEBUG-root-12952::webapp_internal::wait_element|7653:: Element found! Waiting for element to be displayed.
2025-12-17 07:50:50,408-INFO-root-12952::webapp_internal::input_value|2941:: Looking for element: Processo
2025-12-17 07:50:50,768-INFO-root-12952::webapp_internal::input_value|2951:: Element: Processo Found!
2025-12-17 07:50:50,768-INFO-root-12952::webapp_internal::input_value|2953:: Filling element: Processo
2025-12-17 07:50:50,797-DEBUG-root-12952::webapp_internal::get_web_value|3232:: Current value:      
2025-12-17 07:50:50,839-DEBUG-root-12952::base::double_click|259:: Click Type: ClickType.SELENIUM
2025-12-17 07:50:51,093-DEBUG-root-12952::webapp_internal::wait_blocker|2444:: Waiting blocker to continue...
2025-12-17 07:50:51,200-DEBUG-root-12952::webapp_internal::wait_blocker|2469:: Blocker status: False
2025-12-17 07:50:51,499-DEBUG-root-12952::webapp_internal::get_web_value|3232:: Current value: 00001
2025-12-17 07:50:51,499-INFO-root-12952::webapp_internal::input_value|3059:: Current field value: 00001
2025-12-17 07:50:51,499-DEBUG-root-12952::webapp_internal::wait_blocker|2444:: Waiting blocker to continue...
2025-12-17 07:50:51,659-DEBUG-root-12952::webapp_internal::wait_blocker|2469:: Blocker status: False
2025-12-17 07:50:51,660-DEBUG-root-12952::webapp_internal::wait_element|7623:: Waiting for element
2025-12-17 07:50:51,713-DEBUG-root-12952::webapp_internal::wait_element|7653:: Element found! Waiting for element to be displayed.
2025-12-17 07:50:51,874-INFO-root-12952::webapp_internal::input_value|2941:: Looking for element: Roteiro
2025-12-17 07:50:52,141-INFO-root-12952::webapp_internal::input_value|2951:: Element: Roteiro Found!
2025-12-17 07:50:52,142-INFO-root-12952::webapp_internal::input_value|2953:: Filling element: Roteiro
2025-12-17 07:50:52,168-DEBUG-root-12952::webapp_internal::get_web_value|3232:: Current value:    
2025-12-17 07:50:52,196-DEBUG-root-12952::base::double_click|259:: Click Type: ClickType.SELENIUM
2025-12-17 07:50:52,445-DEBUG-root-12952::webapp_internal::wait_blocker|2444:: Waiting blocker to continue...
2025-12-17 07:50:52,564-DEBUG-root-12952::webapp_internal::wait_blocker|2469:: Blocker status: False
2025-12-17 07:50:52,881-DEBUG-root-12952::webapp_internal::get_web_value|3232:: Current value: VTR
2025-12-17 07:50:52,881-INFO-root-12952::webapp_internal::input_value|3059:: Current field value: VTR
2025-12-17 07:50:53,383-INFO-root-12952::webapp_internal::SetButton|4444:: Clicking on OK
2025-12-17 07:50:53,383-DEBUG-root-12952::webapp_internal::wait_blocker|2444:: Waiting blocker to continue...
2025-12-17 07:50:53,477-DEBUG-root-12952::webapp_internal::wait_blocker|2469:: Blocker status: False
2025-12-17 07:50:53,739-DEBUG-root-12952::webapp_internal::wait_element_timeout|7726:: Element found! Waiting for element to be displayed.
2025-12-17 07:50:53,877-DEBUG-root-12952::webapp_internal::SetButton|4481:: ***System Info*** Before Clicking on button:OK
2025-12-17 07:50:53,877-DEBUG-root-12952::psutil_info::system_info|5:: CPU USAGE: 6.4%
2025-12-17 07:50:53,879-DEBUG-root-12952::psutil_info::system_info|6:: MEMORY USAGE: 87.3%
2025-12-17 07:50:53,879-DEBUG-root-12952::psutil_info::system_info|7:: MEMORY AVAILABLE: 12.71%
2025-12-17 07:50:54,100-DEBUG-root-12952::webapp_internal::wait_element_timeout|7726:: Element found! Waiting for element to be displayed.
2025-12-17 07:50:54,312-DEBUG-root-12952::webapp_internal::wait_blocker|2444:: Waiting blocker to continue...
2025-12-17 07:50:54,459-DEBUG-root-12952::webapp_internal::wait_blocker|2469:: Blocker status: False
2025-12-17 07:50:54,495-DEBUG-root-12952::webapp_internal::wait_blocker|2444:: Waiting blocker to continue...
2025-12-17 07:50:54,639-DEBUG-root-12952::webapp_internal::wait_blocker|2469:: Blocker status: False
2025-12-17 07:50:54,639-DEBUG-root-12952::webapp_internal::send_action|10480:: Trying to send action
2025-12-17 07:50:54,646-DEBUG-root-12952::base::click|192:: Click Type: ClickType.JS
2025-12-17 07:50:55,699-DEBUG-root-12952::webapp_internal::send_action|10522:: send_action method result = True
2025-12-17 07:50:55,699-DEBUG-root-12952::webapp_internal::send_action|10523:: send_action selenium status: False
2025-12-17 07:50:55,700-DEBUG-root-12952::webapp_internal::SetButton|4683:: ***System Info*** After Clicking on button:
2025-12-17 07:50:55,700-DEBUG-root-12952::psutil_info::system_info|5:: CPU USAGE: 9.8%
2025-12-17 07:50:55,700-DEBUG-root-12952::psutil_info::system_info|6:: MEMORY USAGE: 87.3%
2025-12-17 07:50:55,700-DEBUG-root-12952::psutil_info::system_info|7:: MEMORY AVAILABLE: 12.66%
2025-12-17 07:51:00,701-INFO-root-12952::webapp_internal::WaitShow|4980:: Waiting show text 'Parametros'...
2025-12-17 07:51:01,008-INFO-root-12952::webapp_internal::WaitShow|4996:: Text found! 
2025-12-17 07:51:01,009-INFO-root-12952::webapp_internal::SetButton|4444:: Clicking on OK
2025-12-17 07:51:01,009-DEBUG-root-12952::webapp_internal::wait_blocker|2444:: Waiting blocker to continue...
2025-12-17 07:51:01,136-DEBUG-root-12952::webapp_internal::wait_blocker|2469:: Blocker status: False
2025-12-17 07:51:01,379-DEBUG-root-12952::webapp_internal::wait_element_timeout|7726:: Element found! Waiting for element to be displayed.
2025-12-17 07:51:01,535-DEBUG-root-12952::webapp_internal::SetButton|4481:: ***System Info*** Before Clicking on button:OK
2025-12-17 07:51:01,536-DEBUG-root-12952::psutil_info::system_info|5:: CPU USAGE: 5.8%
2025-12-17 07:51:01,537-DEBUG-root-12952::psutil_info::system_info|6:: MEMORY USAGE: 87.3%
2025-12-17 07:51:01,537-DEBUG-root-12952::psutil_info::system_info|7:: MEMORY AVAILABLE: 12.68%
2025-12-17 07:51:01,791-DEBUG-root-12952::webapp_internal::wait_element_timeout|7726:: Element found! Waiting for element to be displayed.
2025-12-17 07:51:01,970-DEBUG-root-12952::webapp_internal::wait_blocker|2444:: Waiting blocker to continue...
2025-12-17 07:51:02,068-DEBUG-root-12952::webapp_internal::wait_blocker|2469:: Blocker status: False
2025-12-17 07:51:02,120-DEBUG-root-12952::webapp_internal::wait_blocker|2444:: Waiting blocker to continue...
2025-12-17 07:51:02,244-DEBUG-root-12952::webapp_internal::wait_blocker|2469:: Blocker status: False
2025-12-17 07:51:02,245-DEBUG-root-12952::webapp_internal::send_action|10480:: Trying to send action
2025-12-17 07:51:02,248-DEBUG-root-12952::base::click|192:: Click Type: ClickType.JS
2025-12-17 07:51:03,276-DEBUG-root-12952::webapp_internal::send_action|10522:: send_action method result = True
2025-12-17 07:51:03,277-DEBUG-root-12952::webapp_internal::send_action|10523:: send_action selenium status: False
2025-12-17 07:51:03,279-DEBUG-root-12952::webapp_internal::SetButton|4683:: ***System Info*** After Clicking on button:
2025-12-17 07:51:03,279-DEBUG-root-12952::psutil_info::system_info|5:: CPU USAGE: 6.8%
2025-12-17 07:51:03,280-DEBUG-root-12952::psutil_info::system_info|6:: MEMORY USAGE: 87.4%
2025-12-17 07:51:03,281-DEBUG-root-12952::psutil_info::system_info|7:: MEMORY AVAILABLE: 12.58%
2025-12-17 07:51:03,314-INFO-root-12952::webapp_internal::SetButton|4444:: Clicking on Calcular
2025-12-17 07:51:03,315-DEBUG-root-12952::webapp_internal::wait_blocker|2444:: Waiting blocker to continue...
2025-12-17 07:51:03,437-DEBUG-root-12952::webapp_internal::wait_blocker|2469:: Blocker status: False
2025-12-17 07:51:03,725-DEBUG-root-12952::webapp_internal::wait_element_timeout|7726:: Element found! Waiting for element to be displayed.
2025-12-17 07:51:03,912-DEBUG-root-12952::webapp_internal::SetButton|4481:: ***System Info*** Before Clicking on button:Calcular
2025-12-17 07:51:03,912-DEBUG-root-12952::psutil_info::system_info|5:: CPU USAGE: 11.8%
2025-12-17 07:51:03,912-DEBUG-root-12952::psutil_info::system_info|6:: MEMORY USAGE: 87.3%
2025-12-17 07:51:03,913-DEBUG-root-12952::psutil_info::system_info|7:: MEMORY AVAILABLE: 12.66%
2025-12-17 07:51:04,185-DEBUG-root-12952::webapp_internal::wait_element_timeout|7726:: Element found! Waiting for element to be displayed.
2025-12-17 07:51:04,419-DEBUG-root-12952::webapp_internal::wait_blocker|2444:: Waiting blocker to continue...
2025-12-17 07:51:04,551-DEBUG-root-12952::webapp_internal::wait_blocker|2469:: Blocker status: False
2025-12-17 07:51:04,581-DEBUG-root-12952::webapp_internal::wait_blocker|2444:: Waiting blocker to continue...
2025-12-17 07:51:04,699-DEBUG-root-12952::webapp_internal::wait_blocker|2469:: Blocker status: False
2025-12-17 07:51:04,700-DEBUG-root-12952::webapp_internal::send_action|10480:: Trying to send action
2025-12-17 07:51:04,702-DEBUG-root-12952::base::click|192:: Click Type: ClickType.JS
2025-12-17 07:51:05,730-DEBUG-root-12952::webapp_internal::send_action|10522:: send_action method result = True
2025-12-17 07:51:05,730-DEBUG-root-12952::webapp_internal::send_action|10523:: send_action selenium status: False
2025-12-17 07:51:05,731-DEBUG-root-12952::webapp_internal::SetButton|4683:: ***System Info*** After Clicking on button:
2025-12-17 07:51:05,731-DEBUG-root-12952::psutil_info::system_info|5:: CPU USAGE: 6.8%
2025-12-17 07:51:05,731-DEBUG-root-12952::psutil_info::system_info|6:: MEMORY USAGE: 87.5%
2025-12-17 07:51:05,733-DEBUG-root-12952::psutil_info::system_info|7:: MEMORY AVAILABLE: 12.54%
2025-12-17 07:51:05,733-INFO-root-12952::webapp_internal::WaitShow|4980:: Waiting show text 'Confirma configuracäo dos parametros?'...
2025-12-17 07:51:05,855-INFO-root-12952::webapp_internal::WaitShow|4996:: Text found! 
2025-12-17 07:51:05,855-INFO-root-12952::webapp_internal::SetButton|4444:: Clicking on Sim
2025-12-17 07:51:05,855-DEBUG-root-12952::webapp_internal::wait_blocker|2444:: Waiting blocker to continue...
2025-12-17 07:51:06,059-DEBUG-root-12952::webapp_internal::wait_blocker|2469:: Blocker status: False
2025-12-17 07:51:06,323-DEBUG-root-12952::webapp_internal::wait_element_timeout|7726:: Element found! Waiting for element to be displayed.
2025-12-17 07:51:06,458-DEBUG-root-12952::webapp_internal::SetButton|4481:: ***System Info*** Before Clicking on button:Sim
2025-12-17 07:51:06,459-DEBUG-root-12952::psutil_info::system_info|5:: CPU USAGE: 19.9%
2025-12-17 07:51:06,459-DEBUG-root-12952::psutil_info::system_info|6:: MEMORY USAGE: 87.5%
2025-12-17 07:51:06,460-DEBUG-root-12952::psutil_info::system_info|7:: MEMORY AVAILABLE: 12.47%
2025-12-17 07:51:06,670-DEBUG-root-12952::webapp_internal::wait_element_timeout|7726:: Element found! Waiting for element to be displayed.
2025-12-17 07:51:06,873-DEBUG-root-12952::webapp_internal::wait_blocker|2444:: Waiting blocker to continue...
2025-12-17 07:51:06,989-DEBUG-root-12952::webapp_internal::wait_blocker|2469:: Blocker status: False
2025-12-17 07:51:07,021-DEBUG-root-12952::webapp_internal::wait_blocker|2444:: Waiting blocker to continue...
2025-12-17 07:51:07,135-DEBUG-root-12952::webapp_internal::wait_blocker|2469:: Blocker status: False
2025-12-17 07:51:07,135-DEBUG-root-12952::webapp_internal::send_action|10480:: Trying to send action
2025-12-17 07:51:07,137-DEBUG-root-12952::base::click|192:: Click Type: ClickType.JS
2025-12-17 07:51:08,171-DEBUG-root-12952::webapp_internal::send_action|10522:: send_action method result = True
2025-12-17 07:51:08,171-DEBUG-root-12952::webapp_internal::send_action|10523:: send_action selenium status: False
2025-12-17 07:51:08,172-DEBUG-root-12952::webapp_internal::SetButton|4683:: ***System Info*** After Clicking on button:
2025-12-17 07:51:08,172-DEBUG-root-12952::psutil_info::system_info|5:: CPU USAGE: 6.3%
2025-12-17 07:51:08,172-DEBUG-root-12952::psutil_info::system_info|6:: MEMORY USAGE: 87.5%
2025-12-17 07:51:08,173-DEBUG-root-12952::psutil_info::system_info|7:: MEMORY AVAILABLE: 12.51%
2025-12-17 07:51:08,188-INFO-root-12952::webapp_internal::WaitShow|4980:: Waiting show text 'Nenhum filtro foi selecionado! Processar toda a tabela?'...
2025-12-17 07:51:08,269-INFO-root-12952::webapp_internal::WaitShow|4996:: Text found! 
2025-12-17 07:51:08,269-INFO-root-12952::webapp_internal::SetButton|4444:: Clicking on Sim
2025-12-17 07:51:08,269-DEBUG-root-12952::webapp_internal::wait_blocker|2444:: Waiting blocker to continue...
2025-12-17 07:51:08,443-DEBUG-root-12952::webapp_internal::wait_blocker|2469:: Blocker status: False
2025-12-17 07:51:08,701-DEBUG-root-12952::webapp_internal::wait_element_timeout|7726:: Element found! Waiting for element to be displayed.
2025-12-17 07:51:08,854-DEBUG-root-12952::webapp_internal::SetButton|4481:: ***System Info*** Before Clicking on button:Sim
2025-12-17 07:51:08,854-DEBUG-root-12952::psutil_info::system_info|5:: CPU USAGE: 11.6%
2025-12-17 07:51:08,855-DEBUG-root-12952::psutil_info::system_info|6:: MEMORY USAGE: 87.5%
2025-12-17 07:51:08,855-DEBUG-root-12952::psutil_info::system_info|7:: MEMORY AVAILABLE: 12.47%
2025-12-17 07:51:09,084-DEBUG-root-12952::webapp_internal::wait_element_timeout|7726:: Element found! Waiting for element to be displayed.
2025-12-17 07:51:09,274-DEBUG-root-12952::webapp_internal::wait_blocker|2444:: Waiting blocker to continue...
2025-12-17 07:51:09,407-DEBUG-root-12952::webapp_internal::wait_blocker|2469:: Blocker status: False
2025-12-17 07:51:09,453-DEBUG-root-12952::webapp_internal::wait_blocker|2444:: Waiting blocker to continue...
2025-12-17 07:51:09,591-DEBUG-root-12952::webapp_internal::wait_blocker|2469:: Blocker status: False
2025-12-17 07:51:09,593-DEBUG-root-12952::webapp_internal::send_action|10480:: Trying to send action
2025-12-17 07:51:09,595-DEBUG-root-12952::base::click|192:: Click Type: ClickType.JS
2025-12-17 07:51:10,638-DEBUG-root-12952::webapp_internal::send_action|10522:: send_action method result = True
2025-12-17 07:51:10,639-DEBUG-root-12952::webapp_internal::send_action|10523:: send_action selenium status: False
2025-12-17 07:51:10,639-DEBUG-root-12952::webapp_internal::SetButton|4683:: ***System Info*** After Clicking on button:
2025-12-17 07:51:10,640-DEBUG-root-12952::psutil_info::system_info|5:: CPU USAGE: 5.9%
2025-12-17 07:51:10,641-DEBUG-root-12952::psutil_info::system_info|6:: MEMORY USAGE: 87.4%
2025-12-17 07:51:10,641-DEBUG-root-12952::psutil_info::system_info|7:: MEMORY AVAILABLE: 12.64%
2025-12-17 07:51:10,666-INFO-root-12952::webapp_internal::WaitShow|4980:: Waiting show text 'Aguarde'...
2025-12-17 07:51:11,215-INFO-root-12952::webapp_internal::WaitShow|4996:: Text found! 
2025-12-17 07:51:13,216-INFO-root-12952::webapp_internal::WaitShow|4980:: Waiting show text 'Log de Ocorrencias no Processo de Calculo'...
2025-12-17 07:51:23,744-INFO-root-12952::webapp_internal::SetButton|4444:: Clicking on Sair
2025-12-17 07:51:23,746-DEBUG-root-12952::webapp_internal::wait_blocker|2444:: Waiting blocker to continue...
2025-12-17 07:51:23,864-DEBUG-root-12952::webapp_internal::wait_blocker|2469:: Blocker status: False
2025-12-17 07:51:34,004-DEBUG-root-12952::webapp_internal::SetButton|4481:: ***System Info*** Before Clicking on button:Sair
2025-12-17 07:51:34,004-DEBUG-root-12952::psutil_info::system_info|5:: CPU USAGE: 9.0%
2025-12-17 07:51:34,005-DEBUG-root-12952::psutil_info::system_info|6:: MEMORY USAGE: 86.8%
2025-12-17 07:51:34,005-DEBUG-root-12952::psutil_info::system_info|7:: MEMORY AVAILABLE: 13.21%
2025-12-17 07:53:41,455-WARNING-root-12952::webapp_internal::log_error|8143:: Warning log_error Couldn't find element: Sair
2025-12-17 07:53:41,455-DEBUG-root-12952::webapp_internal::log_error|8146:: ***System Info*** in log_error():
2025-12-17 07:53:41,455-DEBUG-root-12952::psutil_info::system_info|5:: CPU USAGE: 10.4%
2025-12-17 07:53:41,456-DEBUG-root-12952::psutil_info::system_info|6:: MEMORY USAGE: 84.6%
2025-12-17 07:53:41,456-DEBUG-root-12952::psutil_info::system_info|7:: MEMORY AVAILABLE: 15.4%
2025-12-17 07:53:42,529-ERROR-root-12952::webapp_internal::TearDown|9654:: Warning tearDown Close Message: Tried to run command without establishing a connection
Traceback (most recent call last):
  File "C:\TIR_TESTE\venv\Lib\site-packages\tir\technologies\webapp_internal.py", line 9652, in TearDown
    self.driver.close()
  File "C:\TIR_TESTE\venv\Lib\site-packages\selenium\webdriver\remote\webdriver.py", line 458, in close
    self.execute(Command.CLOSE)
  File "C:\TIR_TESTE\venv\Lib\site-packages\selenium\webdriver\remote\webdriver.py", line 347, in execute
    self.error_handler.check_response(response)
  File "C:\TIR_TESTE\venv\Lib\site-packages\selenium\webdriver\remote\errorhandler.py", line 229, in check_response
    raise exception_class(message, screen, stacktrace)
selenium.common.exceptions.InvalidSessionIdException: Message: Tried to run command without establishing a connection

