2025-12-04 08:24:09,504-DEBUG-root-35248::logging_config::logger|189:: Log file created: 'Log\GESIT03\TIR__20251204082409498.log'
2025-12-04 08:24:09,504-INFO-root-35248::base::Start|1183:: TIR Version: 2.4.3
2025-12-04 08:24:09,504-INFO-root-35248::base::Start|1184:: Python Version: 3.12.10
2025-12-04 08:24:09,504-INFO-root-35248::base::Start|1185:: Starting the browser
2025-12-04 08:24:16,933-INFO-root-35248::base::get_url|1294:: Page is ready!
2025-12-04 08:24:16,936-INFO-root-35248::base::Start|1256:: Browser maximized to 1936x1048
2025-12-04 08:24:16,936-INFO-root-35248::base::Start|1258:: Screen size is different from default used in headless mode
2025-12-04 08:24:17,054-INFO-root-35248::webapp_internal::Setup|247:: ***System Info*** in Setup():
2025-12-04 08:24:17,055-DEBUG-root-35248::psutil_info::system_info|5:: CPU USAGE: 19.2%
2025-12-04 08:24:17,056-DEBUG-root-35248::psutil_info::system_info|6:: MEMORY USAGE: 89.7%
2025-12-04 08:24:17,056-DEBUG-root-35248::psutil_info::system_info|7:: MEMORY AVAILABLE: 10.29%
2025-12-04 08:24:17,064-INFO-root-35248::base::webapp_shadowroot|1394:: Webapp: 10.1.6-RC4
2025-12-04 08:24:17,098-INFO-root-35248::webapp_internal::filling_initial_program|449:: Filling Initial Program: "SIGAMDI"
2025-12-04 08:24:17,099-DEBUG-root-35248::webapp_internal::wait_element|7623:: Waiting for element
2025-12-04 08:24:17,165-DEBUG-root-35248::webapp_internal::wait_element|7653:: Element found! Waiting for element to be displayed.
2025-12-04 08:24:17,947-DEBUG-root-35248::base::click|192:: Click Type: ClickType.JS
2025-12-04 08:24:17,952-DEBUG-root-35248::webapp_internal::try_send_keys|7976:: Trying to send keys to element using technique 0
2025-12-04 08:24:18,496-DEBUG-root-35248::webapp_internal::get_web_value|3232:: Current value: SIGAMDI
2025-12-04 08:24:18,496-INFO-root-35248::webapp_internal::filling_server_environment|463:: Filling Server Environment: "POUPEX_TST"
2025-12-04 08:24:18,497-DEBUG-root-35248::webapp_internal::wait_element|7623:: Waiting for element
2025-12-04 08:24:18,518-DEBUG-root-35248::webapp_internal::wait_element|7653:: Element found! Waiting for element to be displayed.
2025-12-04 08:24:18,682-DEBUG-root-35248::base::click|192:: Click Type: ClickType.JS
2025-12-04 08:24:18,686-DEBUG-root-35248::webapp_internal::try_send_keys|7976:: Trying to send keys to element using technique 0
2025-12-04 08:24:19,006-DEBUG-root-35248::webapp_internal::get_web_value|3232:: Current value: POUPEX_TST
2025-12-04 08:24:19,029-DEBUG-root-35248::base::click|192:: Click Type: ClickType.JS
2025-12-04 08:24:19,042-DEBUG-root-35248::webapp_internal::user_screen|519:: Filling user screen
2025-12-04 08:24:24,825-DEBUG-root-35248::base::scroll_to_element|759:: ********Warining scroll_to_element exception: Message: TypeError: can't access property "scrollIntoView", arguments[0] is null
Stacktrace:
@https://qasrverp:10020/webapp/:2:7
@https://qasrverp:10020/webapp/:3:8
*********
2025-12-04 08:24:24,876-DEBUG-root-35248::webapp_internal::wait_element_timeout|7726:: Element found! Waiting for element to be displayed.
2025-12-04 08:24:24,939-DEBUG-root-35248::base::scroll_to_element|759:: ********Warining scroll_to_element exception: Message: TypeError: can't access property "scrollIntoView", arguments[0] is null
Stacktrace:
@https://qasrverp:10020/webapp/:2:7
@https://qasrverp:10020/webapp/:3:8
*********
2025-12-04 08:24:25,072-INFO-root-35248::webapp_internal::user_screen|561:: Filling User
2025-12-04 08:24:25,099-DEBUG-root-35248::base::double_click|259:: Click Type: ClickType.SELENIUM
2025-12-04 08:24:25,280-DEBUG-root-35248::webapp_internal::get_web_value|3232:: Current value: 97137227104
2025-12-04 08:24:25,302-INFO-root-35248::webapp_internal::user_screen|621:: Filling Password
2025-12-04 08:24:25,323-DEBUG-root-35248::base::click|192:: Click Type: ClickType.JS
2025-12-04 08:24:25,409-DEBUG-root-35248::webapp_internal::get_web_value|3232:: Current value: Val20221080080094+
2025-12-04 08:24:25,410-DEBUG-root-35248::webapp_internal::wait_blocker|2444:: Waiting blocker to continue...
2025-12-04 08:24:25,441-DEBUG-root-35248::webapp_internal::wait_blocker|2469:: Blocker status: None
2025-12-04 08:24:25,464-DEBUG-root-35248::webapp_internal::wait_blocker|2444:: Waiting blocker to continue...
2025-12-04 08:24:25,496-DEBUG-root-35248::webapp_internal::wait_blocker|2469:: Blocker status: None
2025-12-04 08:24:25,542-DEBUG-root-35248::webapp_internal::wait_blocker|2444:: Waiting blocker to continue...
2025-12-04 08:24:25,569-DEBUG-root-35248::webapp_internal::wait_blocker|2469:: Blocker status: None
2025-12-04 08:24:25,570-DEBUG-root-35248::webapp_internal::send_action|10480:: Trying to send action
2025-12-04 08:24:25,577-DEBUG-root-35248::base::click|192:: Click Type: ClickType.JS
2025-12-04 08:24:26,612-DEBUG-root-35248::webapp_internal::send_action|10522:: send_action method result = True
2025-12-04 08:24:26,612-DEBUG-root-35248::webapp_internal::send_action|10523:: send_action selenium status: False
2025-12-04 08:24:29,067-DEBUG-root-35248::base::scroll_to_element|759:: ********Warining scroll_to_element exception: Message: TypeError: can't access property "scrollIntoView", arguments[0] is null
Stacktrace:
@https://qasrverp:10020/webapp/:2:7
@https://qasrverp:10020/webapp/:3:8
*********
2025-12-04 08:24:29,116-INFO-root-35248::webapp_internal::filling_date|885:: Filling Date: "04/11/2025"
2025-12-04 08:24:29,117-DEBUG-root-35248::webapp_internal::wait_blocker|2444:: Waiting blocker to continue...
2025-12-04 08:24:29,176-DEBUG-root-35248::webapp_internal::wait_blocker|2469:: Blocker status: None
2025-12-04 08:24:29,179-DEBUG-root-35248::base::click|192:: Click Type: ClickType.JS
2025-12-04 08:24:29,195-DEBUG-root-35248::webapp_internal::try_send_keys|7976:: Trying to send keys to element using technique 1
2025-12-04 08:24:29,276-DEBUG-root-35248::webapp_internal::get_web_value|3232:: Current value: 04/11/2025
2025-12-04 08:24:30,359-INFO-root-35248::webapp_internal::filling_group|955:: Filling Group: "02"
2025-12-04 08:24:30,359-DEBUG-root-35248::webapp_internal::wait_blocker|2444:: Waiting blocker to continue...
2025-12-04 08:24:30,394-DEBUG-root-35248::webapp_internal::wait_blocker|2469:: Blocker status: None
2025-12-04 08:24:30,397-DEBUG-root-35248::base::click|192:: Click Type: ClickType.JS
2025-12-04 08:24:30,449-DEBUG-root-35248::webapp_internal::get_web_value|3232:: Current value: 02
2025-12-04 08:24:31,526-INFO-root-35248::webapp_internal::filling_branch|1047:: Filling Branch: "02DF0001"
2025-12-04 08:24:31,526-DEBUG-root-35248::webapp_internal::wait_blocker|2444:: Waiting blocker to continue...
2025-12-04 08:24:31,566-DEBUG-root-35248::webapp_internal::wait_blocker|2469:: Blocker status: None
2025-12-04 08:24:31,569-DEBUG-root-35248::base::click|192:: Click Type: ClickType.JS
2025-12-04 08:24:31,624-DEBUG-root-35248::webapp_internal::get_web_value|3232:: Current value: 02DF0001
2025-12-04 08:24:32,714-INFO-root-35248::webapp_internal::filling_environment|1113:: Filling Environment: "07"
2025-12-04 08:24:32,714-DEBUG-root-35248::webapp_internal::wait_blocker|2444:: Waiting blocker to continue...
2025-12-04 08:24:32,749-DEBUG-root-35248::webapp_internal::wait_blocker|2469:: Blocker status: None
2025-12-04 08:24:32,752-DEBUG-root-35248::base::click|192:: Click Type: ClickType.JS
2025-12-04 08:24:32,798-DEBUG-root-35248::webapp_internal::get_web_value|3232:: Current value: 07
2025-12-04 08:24:33,807-DEBUG-root-35248::webapp_internal::close_warning_screen|1489:: Closing warning screen!
2025-12-04 08:24:34,841-DEBUG-root-35248::webapp_internal::check_screen_element|1291:: Checking screen element: "Atenção": False
2025-12-04 08:24:35,942-INFO-root-35248::webapp_internal::environment_screen|796:: Clicking on Button
2025-12-04 08:24:35,942-DEBUG-root-35248::webapp_internal::wait_blocker|2444:: Waiting blocker to continue...
2025-12-04 08:24:35,976-DEBUG-root-35248::webapp_internal::wait_blocker|2469:: Blocker status: None
2025-12-04 08:24:35,979-DEBUG-root-35248::base::click|192:: Click Type: ClickType.JS
2025-12-04 08:24:36,994-DEBUG-root-35248::base::click|192:: Click Type: ClickType.JS
2025-12-04 08:24:38,001-DEBUG-root-35248::base::click|192:: Click Type: ClickType.JS
2025-12-04 08:24:39,010-DEBUG-root-35248::base::click|192:: Click Type: ClickType.JS
2025-12-04 08:24:40,018-DEBUG-root-35248::base::click|192:: Click Type: ClickType.JS
2025-12-04 08:24:41,026-DEBUG-root-35248::base::click|192:: Click Type: ClickType.JS
2025-12-04 08:24:42,036-DEBUG-root-35248::webapp_internal::close_screen_before_menu|368:: Closing screen before the menu
2025-12-04 08:24:42,093-DEBUG-root-35248::webapp_internal::close_warning_screen|1489:: Closing warning screen!
2025-12-04 08:24:43,145-DEBUG-root-35248::webapp_internal::check_screen_element|1291:: Checking screen element: "Atenção": False
2025-12-04 08:24:43,145-DEBUG-root-35248::webapp_internal::close_coin_screen|1424:: Closing coin screen!
2025-12-04 08:24:43,734-DEBUG-root-35248::base::click|192:: Click Type: ClickType.JS
2025-12-04 08:24:43,823-DEBUG-root-35248::webapp_internal::close_warning_screen|1489:: Closing warning screen!
2025-12-04 08:24:44,885-DEBUG-root-35248::webapp_internal::check_screen_element|1291:: Checking screen element: "Atenção": False
2025-12-04 08:24:44,885-DEBUG-root-35248::webapp_internal::close_coin_screen|1424:: Closing coin screen!
2025-12-04 08:24:45,002-INFO-root-35248::webapp_internal::set_log_info|1623:: Getting log info
2025-12-04 08:24:45,003-INFO-root-35248::webapp_internal::SetLateralMenu|4184:: Navigating lateral menu: Ajuda > Sobre
2025-12-04 08:24:45,012-DEBUG-root-35248::webapp_internal::wait_element|7623:: Waiting for element
2025-12-04 08:24:45,062-DEBUG-root-35248::webapp_internal::wait_element|7653:: Element found! Waiting for element to be displayed.
2025-12-04 08:24:45,238-INFO-root-35248::webapp_internal::SetLateralMenu|4203:: Menu item: "Ajuda"
2025-12-04 08:24:45,239-DEBUG-root-35248::webapp_internal::wait_blocker|2444:: Waiting blocker to continue...
2025-12-04 08:24:45,323-DEBUG-root-35248::webapp_internal::wait_blocker|2469:: Blocker status: False
2025-12-04 08:24:45,703-DEBUG-root-35248::webapp_internal::wait_element_timeout|7726:: Element found! Waiting for element to be displayed.
2025-12-04 08:24:46,043-DEBUG-root-35248::webapp_internal::wait_blocker|2444:: Waiting blocker to continue...
2025-12-04 08:24:46,126-DEBUG-root-35248::webapp_internal::wait_blocker|2469:: Blocker status: False
2025-12-04 08:24:48,428-INFO-root-35248::webapp_internal::SetLateralMenu|4203:: Menu item: "Sobre"
2025-12-04 08:24:48,428-DEBUG-root-35248::webapp_internal::wait_blocker|2444:: Waiting blocker to continue...
2025-12-04 08:24:48,522-DEBUG-root-35248::webapp_internal::wait_blocker|2469:: Blocker status: False
2025-12-04 08:24:49,015-DEBUG-root-35248::webapp_internal::wait_element_timeout|7726:: Element found! Waiting for element to be displayed.
2025-12-04 08:24:49,471-DEBUG-root-35248::webapp_internal::wait_blocker|2444:: Waiting blocker to continue...
2025-12-04 08:24:49,541-DEBUG-root-35248::webapp_internal::wait_blocker|2469:: Blocker status: False
2025-12-04 08:24:52,292-DEBUG-root-35248::webapp_internal::wait_blocker|2444:: Waiting blocker to continue...
2025-12-04 08:24:52,390-DEBUG-root-35248::webapp_internal::wait_blocker|2469:: Blocker status: False
2025-12-04 08:24:52,482-DEBUG-root-35248::webapp_internal::wait_element|7623:: Waiting for element
2025-12-04 08:24:52,543-DEBUG-root-35248::webapp_internal::wait_element|7653:: Element found! Waiting for element to be displayed.
2025-12-04 08:24:52,742-INFO-root-35248::webapp_internal::SetButton|4444:: Clicking on Fechar
2025-12-04 08:24:52,742-DEBUG-root-35248::webapp_internal::wait_blocker|2444:: Waiting blocker to continue...
2025-12-04 08:24:52,823-DEBUG-root-35248::webapp_internal::wait_blocker|2469:: Blocker status: False
2025-12-04 08:24:53,003-DEBUG-root-35248::webapp_internal::wait_element_timeout|7726:: Element found! Waiting for element to be displayed.
2025-12-04 08:24:53,089-DEBUG-root-35248::webapp_internal::SetButton|4481:: ***System Info*** Before Clicking on button:Fechar
2025-12-04 08:24:53,089-DEBUG-root-35248::psutil_info::system_info|5:: CPU USAGE: 8.7%
2025-12-04 08:24:53,090-DEBUG-root-35248::psutil_info::system_info|6:: MEMORY USAGE: 89.8%
2025-12-04 08:24:53,090-DEBUG-root-35248::psutil_info::system_info|7:: MEMORY AVAILABLE: 10.22%
2025-12-04 08:24:53,270-DEBUG-root-35248::webapp_internal::wait_element_timeout|7726:: Element found! Waiting for element to be displayed.
2025-12-04 08:24:53,400-DEBUG-root-35248::webapp_internal::wait_blocker|2444:: Waiting blocker to continue...
2025-12-04 08:24:53,469-DEBUG-root-35248::webapp_internal::wait_blocker|2469:: Blocker status: False
2025-12-04 08:24:53,486-DEBUG-root-35248::webapp_internal::wait_blocker|2444:: Waiting blocker to continue...
2025-12-04 08:24:53,568-DEBUG-root-35248::webapp_internal::wait_blocker|2469:: Blocker status: False
2025-12-04 08:24:53,569-DEBUG-root-35248::webapp_internal::send_action|10480:: Trying to send action
2025-12-04 08:24:53,570-DEBUG-root-35248::base::click|192:: Click Type: ClickType.JS
2025-12-04 08:24:54,599-DEBUG-root-35248::webapp_internal::send_action|10522:: send_action method result = True
2025-12-04 08:24:54,599-DEBUG-root-35248::webapp_internal::send_action|10523:: send_action selenium status: False
2025-12-04 08:24:54,599-DEBUG-root-35248::webapp_internal::SetButton|4683:: ***System Info*** After Clicking on button:
2025-12-04 08:24:54,599-DEBUG-root-35248::psutil_info::system_info|5:: CPU USAGE: 8.1%
2025-12-04 08:24:54,601-DEBUG-root-35248::psutil_info::system_info|6:: MEMORY USAGE: 89.7%
2025-12-04 08:24:54,601-DEBUG-root-35248::psutil_info::system_info|7:: MEMORY AVAILABLE: 10.29%
2025-12-04 08:24:54,601-DEBUG-root-35248::webapp_internal::wait_element|7623:: Waiting for element
2025-12-04 08:24:54,698-INFO-root-35248::webapp_internal::SetLateralMenu|4184:: Navigating lateral menu: Atualizações > Especificos > Tipo de Convenio
2025-12-04 08:24:54,712-DEBUG-root-35248::webapp_internal::wait_element|7623:: Waiting for element
2025-12-04 08:24:54,764-DEBUG-root-35248::webapp_internal::wait_element|7653:: Element found! Waiting for element to be displayed.
2025-12-04 08:24:54,950-INFO-root-35248::webapp_internal::SetLateralMenu|4203:: Menu item: "Atualizações"
2025-12-04 08:24:54,950-DEBUG-root-35248::webapp_internal::wait_blocker|2444:: Waiting blocker to continue...
2025-12-04 08:24:55,052-DEBUG-root-35248::webapp_internal::wait_blocker|2469:: Blocker status: False
2025-12-04 08:24:55,511-DEBUG-root-35248::webapp_internal::wait_element_timeout|7726:: Element found! Waiting for element to be displayed.
2025-12-04 08:24:56,034-DEBUG-root-35248::webapp_internal::wait_blocker|2444:: Waiting blocker to continue...
2025-12-04 08:24:56,106-DEBUG-root-35248::webapp_internal::wait_blocker|2469:: Blocker status: False
2025-12-04 08:24:58,395-INFO-root-35248::webapp_internal::SetLateralMenu|4203:: Menu item: "Especificos"
2025-12-04 08:24:58,395-DEBUG-root-35248::webapp_internal::wait_blocker|2444:: Waiting blocker to continue...
2025-12-04 08:24:58,495-DEBUG-root-35248::webapp_internal::wait_blocker|2469:: Blocker status: False
2025-12-04 08:24:59,516-DEBUG-root-35248::webapp_internal::wait_element_timeout|7726:: Element found! Waiting for element to be displayed.
2025-12-04 08:25:00,492-DEBUG-root-35248::webapp_internal::wait_blocker|2444:: Waiting blocker to continue...
2025-12-04 08:25:00,620-DEBUG-root-35248::webapp_internal::wait_blocker|2469:: Blocker status: False
2025-12-04 08:25:02,943-INFO-root-35248::webapp_internal::SetLateralMenu|4203:: Menu item: "Tipo de Convenio"
2025-12-04 08:25:02,944-DEBUG-root-35248::webapp_internal::wait_blocker|2444:: Waiting blocker to continue...
2025-12-04 08:25:03,076-DEBUG-root-35248::webapp_internal::wait_blocker|2469:: Blocker status: False
2025-12-04 08:25:05,310-DEBUG-root-35248::webapp_internal::wait_element_timeout|7726:: Element found! Waiting for element to be displayed.
2025-12-04 08:25:07,687-DEBUG-root-35248::webapp_internal::wait_blocker|2444:: Waiting blocker to continue...
2025-12-04 08:25:07,804-DEBUG-root-35248::webapp_internal::wait_blocker|2469:: Blocker status: False
2025-12-04 08:25:12,969-DEBUG-root-35248::webapp_internal::wait_blocker|2444:: Waiting blocker to continue...
2025-12-04 08:25:13,064-DEBUG-root-35248::webapp_internal::wait_blocker|2469:: Blocker status: False
2025-12-04 08:25:13,167-INFO-root-35248::webapp_internal::WaitShow|4980:: Waiting show text 'Este ambiente utiliza base de Homologação.'...
2025-12-04 08:25:18,631-DEBUG-root-35248::log::checks_empty_line|221:: Checking empty default log info
2025-12-04 08:25:18,633-DEBUG-root-35248::log::generate_log|503:: Json log_data: {'cLogDtExec': '04/12/2025 08:25:18', 'cLogNomUsr': '97137227104', 'cLogNomEst': 'GESIT03', 'cLogProgra': None, 'cLogDtProg': '', 'cLogHrProg': '', 'nLogCtsOk': 1, 'nLogCtsNok': 0, 'nLogCtsSeg': 69.48, 'cLogVersao': '12', 'cLogReleas': '12.1.2410', 'nLogCtsErr': '', 'cLogBancod': 'ORACLE', 'cLogIdenti': '', 'cLogIdExec': '20251204', 'cLogPais': 'BRA', 'cLogTool': 'TIR', 'cLogSequen': 'c3d0c6', 'nLogCtsTot': 1, 'cLogDtExea': '04/12/2025', 'cLogHrExea': '08:25:18', 'cLogArea': 'Desenvolvimento', 'cLogMnExec': 1.1580000000000001}
2025-12-04 08:25:18,634-INFO-root-35248::log::send_log_with_retries|515:: Saving log locally.
2025-12-04 08:25:18,634-INFO-root-35248::log::save_log_locally|548:: [FwSendLog]: Não foi possível enviar o log após todas as tentativas.
2025-12-04 08:25:18,634-INFO-root-35248::log::save_log_locally|555:: [FwSendLog]: Log salvo localmente em C:\TIR_TESTE\1764847518.json.
2025-12-04 08:25:18,635-INFO-root-35248::webapp_internal::WaitShow|4980:: Waiting show text 'Moedas'...
2025-12-04 08:25:23,995-INFO-root-35248::webapp_internal::WaitShow|4980:: Waiting show text 'Tipos de Convênios'...
2025-12-04 08:25:24,080-INFO-root-35248::webapp_internal::WaitShow|4996:: Text found! 
2025-12-04 08:25:24,080-INFO-root-35248::webapp_internal::SetButton|4444:: Clicking on Incluir
2025-12-04 08:25:24,080-DEBUG-root-35248::webapp_internal::wait_blocker|2444:: Waiting blocker to continue...
2025-12-04 08:25:24,187-DEBUG-root-35248::webapp_internal::wait_blocker|2469:: Blocker status: False
2025-12-04 08:25:24,663-DEBUG-root-35248::webapp_internal::wait_element_timeout|7726:: Element found! Waiting for element to be displayed.
2025-12-04 08:25:24,935-DEBUG-root-35248::webapp_internal::SetButton|4481:: ***System Info*** Before Clicking on button:Incluir
2025-12-04 08:25:24,935-DEBUG-root-35248::psutil_info::system_info|5:: CPU USAGE: 13.1%
2025-12-04 08:25:24,935-DEBUG-root-35248::psutil_info::system_info|6:: MEMORY USAGE: 89.9%
2025-12-04 08:25:24,936-DEBUG-root-35248::psutil_info::system_info|7:: MEMORY AVAILABLE: 10.1%
2025-12-04 08:25:25,418-DEBUG-root-35248::webapp_internal::wait_element_timeout|7726:: Element found! Waiting for element to be displayed.
2025-12-04 08:25:25,738-DEBUG-root-35248::webapp_internal::wait_blocker|2444:: Waiting blocker to continue...
2025-12-04 08:25:25,867-DEBUG-root-35248::webapp_internal::wait_blocker|2469:: Blocker status: False
2025-12-04 08:25:25,898-DEBUG-root-35248::webapp_internal::wait_blocker|2444:: Waiting blocker to continue...
2025-12-04 08:25:26,015-DEBUG-root-35248::webapp_internal::wait_blocker|2469:: Blocker status: False
2025-12-04 08:25:26,016-DEBUG-root-35248::webapp_internal::send_action|10480:: Trying to send action
2025-12-04 08:25:26,018-DEBUG-root-35248::base::click|192:: Click Type: ClickType.JS
2025-12-04 08:25:27,069-DEBUG-root-35248::webapp_internal::send_action|10522:: send_action method result = True
2025-12-04 08:25:27,071-DEBUG-root-35248::webapp_internal::send_action|10523:: send_action selenium status: False
2025-12-04 08:25:27,071-DEBUG-root-35248::webapp_internal::SetButton|4683:: ***System Info*** After Clicking on button:
2025-12-04 08:25:27,071-DEBUG-root-35248::psutil_info::system_info|5:: CPU USAGE: 11.8%
2025-12-04 08:25:27,072-DEBUG-root-35248::psutil_info::system_info|6:: MEMORY USAGE: 89.9%
2025-12-04 08:25:27,072-DEBUG-root-35248::psutil_info::system_info|7:: MEMORY AVAILABLE: 10.06%
2025-12-04 08:25:27,072-INFO-root-35248::webapp_internal::WaitShow|4980:: Waiting show text 'Tipos de Convenios - INCLUIR'...
2025-12-04 08:25:27,211-INFO-root-35248::webapp_internal::WaitShow|4996:: Text found! 
2025-12-04 08:25:27,212-DEBUG-root-35248::webapp_internal::SetFocus|6011:: Setting focus on element ZD_DESCONV.
2025-12-04 08:25:27,371-DEBUG-root-35248::base::click|192:: Click Type: ClickType.SELENIUM
2025-12-04 08:25:27,459-DEBUG-root-35248::webapp_internal::wait_blocker|2444:: Waiting blocker to continue...
2025-12-04 08:25:27,597-DEBUG-root-35248::webapp_internal::wait_blocker|2469:: Blocker status: False
2025-12-04 08:25:27,598-DEBUG-root-35248::webapp_internal::wait_element|7623:: Waiting for element
2025-12-04 08:25:27,677-DEBUG-root-35248::webapp_internal::wait_element|7653:: Element found! Waiting for element to be displayed.
2025-12-04 08:25:27,745-INFO-root-35248::webapp_internal::input_value|2941:: Looking for element: ZD_DESCONV
2025-12-04 08:25:27,862-INFO-root-35248::webapp_internal::input_value|2951:: Element: ZD_DESCONV Found!
2025-12-04 08:25:27,862-INFO-root-35248::webapp_internal::input_value|2953:: Filling element: ZD_DESCONV
2025-12-04 08:25:27,886-DEBUG-root-35248::webapp_internal::get_web_value|3232:: Current value:                                                             
2025-12-04 08:25:27,921-DEBUG-root-35248::base::double_click|259:: Click Type: ClickType.SELENIUM
2025-12-04 08:25:28,179-DEBUG-root-35248::webapp_internal::wait_blocker|2444:: Waiting blocker to continue...
2025-12-04 08:25:28,321-DEBUG-root-35248::webapp_internal::wait_blocker|2469:: Blocker status: False
2025-12-04 08:25:28,663-DEBUG-root-35248::webapp_internal::get_web_value|3232:: Current value: TESTE INCLUSAO 01                                           
2025-12-04 08:25:28,664-INFO-root-35248::webapp_internal::input_value|3059:: Current field value: TESTE INCLUSAO 01
2025-12-04 08:25:28,696-DEBUG-root-35248::webapp_internal::wait_blocker|2444:: Waiting blocker to continue...
2025-12-04 08:25:28,899-DEBUG-root-35248::webapp_internal::wait_blocker|2469:: Blocker status: False
2025-12-04 08:25:28,899-INFO-root-35248::webapp_internal::SetKey|5822:: Key pressed: TAB
2025-12-04 08:25:28,899-DEBUG-root-35248::webapp_internal::SetKey|5857:: Trying press key
2025-12-04 08:25:30,904-DEBUG-root-35248::webapp_internal::wait_blocker|2444:: Waiting blocker to continue...
2025-12-04 08:25:31,060-DEBUG-root-35248::webapp_internal::wait_blocker|2469:: Blocker status: False
2025-12-04 08:25:31,084-DEBUG-root-35248::webapp_internal::wait_blocker|2444:: Waiting blocker to continue...
2025-12-04 08:25:31,213-DEBUG-root-35248::webapp_internal::wait_blocker|2469:: Blocker status: False
2025-12-04 08:25:31,214-DEBUG-root-35248::webapp_internal::send_action|10480:: Trying to send action
2025-12-04 08:25:32,263-DEBUG-root-35248::webapp_internal::send_action|10522:: send_action method result = True
2025-12-04 08:25:32,263-DEBUG-root-35248::webapp_internal::send_action|10523:: send_action selenium status: False
2025-12-04 08:25:32,263-DEBUG-root-35248::webapp_internal::wait_blocker|2444:: Waiting blocker to continue...
2025-12-04 08:25:32,387-DEBUG-root-35248::webapp_internal::wait_blocker|2469:: Blocker status: False
2025-12-04 08:25:32,388-DEBUG-root-35248::webapp_internal::wait_element|7623:: Waiting for element
2025-12-04 08:25:32,469-DEBUG-root-35248::webapp_internal::wait_element|7653:: Element found! Waiting for element to be displayed.
2025-12-04 08:25:32,536-INFO-root-35248::webapp_internal::input_value|2941:: Looking for element: ZD_TPMOV
2025-12-04 08:25:32,651-INFO-root-35248::webapp_internal::input_value|2951:: Element: ZD_TPMOV Found!
2025-12-04 08:25:32,810-INFO-root-35248::webapp_internal::input_value|2953:: Filling element: ZD_TPMOV
2025-12-04 08:25:34,001-INFO-root-35248::base::select_combo|871:: Selected value for combo is: 1 - Titular
2025-12-04 08:25:34,050-DEBUG-root-35248::webapp_internal::wait_blocker|2444:: Waiting blocker to continue...
2025-12-04 08:25:34,197-DEBUG-root-35248::webapp_internal::wait_blocker|2469:: Blocker status: False
2025-12-04 08:25:34,197-DEBUG-root-35248::webapp_internal::wait_element|7623:: Waiting for element
2025-12-04 08:25:34,285-DEBUG-root-35248::webapp_internal::wait_element|7653:: Element found! Waiting for element to be displayed.
2025-12-04 08:25:34,347-INFO-root-35248::webapp_internal::input_value|2941:: Looking for element: ZD_TPALTSA
2025-12-04 08:25:34,461-INFO-root-35248::webapp_internal::input_value|2951:: Element: ZD_TPALTSA Found!
2025-12-04 08:25:34,461-INFO-root-35248::webapp_internal::input_value|2953:: Filling element: ZD_TPALTSA
2025-12-04 08:25:34,483-DEBUG-root-35248::webapp_internal::get_web_value|3232:: Current value:    
2025-12-04 08:25:34,519-DEBUG-root-35248::base::double_click|259:: Click Type: ClickType.SELENIUM
2025-12-04 08:25:34,787-DEBUG-root-35248::webapp_internal::wait_blocker|2444:: Waiting blocker to continue...
2025-12-04 08:25:34,916-DEBUG-root-35248::webapp_internal::wait_blocker|2469:: Blocker status: False
2025-12-04 08:25:35,213-DEBUG-root-35248::webapp_internal::get_web_value|3232:: Current value: 003
2025-12-04 08:25:35,213-INFO-root-35248::webapp_internal::input_value|3059:: Current field value: 003
2025-12-04 08:25:35,220-INFO-root-35248::webapp_internal::WaitShow|4980:: Waiting show text 'Histórico'...
2025-12-04 08:25:36,994-INFO-root-35248::webapp_internal::WaitShow|4996:: Text found! 
2025-12-04 08:25:36,994-DEBUG-root-35248::webapp_internal::wait_blocker|2444:: Waiting blocker to continue...
2025-12-04 08:25:37,128-DEBUG-root-35248::webapp_internal::wait_blocker|2469:: Blocker status: False
2025-12-04 08:25:37,129-INFO-root-35248::webapp_internal::SetKey|5822:: Key pressed: TAB
2025-12-04 08:25:37,129-DEBUG-root-35248::webapp_internal::SetKey|5857:: Trying press key
2025-12-04 08:25:39,132-DEBUG-root-35248::webapp_internal::wait_blocker|2444:: Waiting blocker to continue...
2025-12-04 08:25:39,252-DEBUG-root-35248::webapp_internal::wait_blocker|2469:: Blocker status: False
2025-12-04 08:25:39,315-DEBUG-root-35248::webapp_internal::wait_blocker|2444:: Waiting blocker to continue...
2025-12-04 08:25:39,451-DEBUG-root-35248::webapp_internal::wait_blocker|2469:: Blocker status: False
2025-12-04 08:25:39,451-DEBUG-root-35248::webapp_internal::send_action|10480:: Trying to send action
2025-12-04 08:25:40,488-DEBUG-root-35248::webapp_internal::send_action|10522:: send_action method result = True
2025-12-04 08:25:40,488-DEBUG-root-35248::webapp_internal::send_action|10523:: send_action selenium status: False
2025-12-04 08:25:40,489-DEBUG-root-35248::webapp_internal::wait_blocker|2444:: Waiting blocker to continue...
2025-12-04 08:25:40,612-DEBUG-root-35248::webapp_internal::wait_blocker|2469:: Blocker status: False
2025-12-04 08:25:40,613-INFO-root-35248::webapp_internal::SetKey|5822:: Key pressed: TAB
2025-12-04 08:25:40,613-DEBUG-root-35248::webapp_internal::SetKey|5857:: Trying press key
2025-12-04 08:25:42,617-DEBUG-root-35248::webapp_internal::wait_blocker|2444:: Waiting blocker to continue...
2025-12-04 08:25:42,741-DEBUG-root-35248::webapp_internal::wait_blocker|2469:: Blocker status: False
2025-12-04 08:25:42,767-DEBUG-root-35248::webapp_internal::wait_blocker|2444:: Waiting blocker to continue...
2025-12-04 08:25:42,902-DEBUG-root-35248::webapp_internal::wait_blocker|2469:: Blocker status: False
2025-12-04 08:25:42,902-DEBUG-root-35248::webapp_internal::send_action|10480:: Trying to send action
2025-12-04 08:25:43,936-DEBUG-root-35248::webapp_internal::send_action|10522:: send_action method result = True
2025-12-04 08:25:43,937-DEBUG-root-35248::webapp_internal::send_action|10523:: send_action selenium status: False
2025-12-04 08:25:43,937-DEBUG-root-35248::webapp_internal::wait_blocker|2444:: Waiting blocker to continue...
2025-12-04 08:25:44,076-DEBUG-root-35248::webapp_internal::wait_blocker|2469:: Blocker status: False
2025-12-04 08:25:44,076-INFO-root-35248::webapp_internal::SetKey|5822:: Key pressed: TAB
2025-12-04 08:25:44,077-DEBUG-root-35248::webapp_internal::SetKey|5857:: Trying press key
2025-12-04 08:25:46,081-DEBUG-root-35248::webapp_internal::wait_blocker|2444:: Waiting blocker to continue...
2025-12-04 08:25:46,217-DEBUG-root-35248::webapp_internal::wait_blocker|2469:: Blocker status: False
2025-12-04 08:25:46,241-DEBUG-root-35248::webapp_internal::wait_blocker|2444:: Waiting blocker to continue...
2025-12-04 08:25:46,383-DEBUG-root-35248::webapp_internal::wait_blocker|2469:: Blocker status: False
2025-12-04 08:25:46,383-DEBUG-root-35248::webapp_internal::send_action|10480:: Trying to send action
2025-12-04 08:25:47,421-DEBUG-root-35248::webapp_internal::send_action|10522:: send_action method result = True
2025-12-04 08:25:47,421-DEBUG-root-35248::webapp_internal::send_action|10523:: send_action selenium status: False
2025-12-04 08:25:47,422-DEBUG-root-35248::webapp_internal::wait_blocker|2444:: Waiting blocker to continue...
2025-12-04 08:25:47,552-DEBUG-root-35248::webapp_internal::wait_blocker|2469:: Blocker status: False
2025-12-04 08:25:47,553-INFO-root-35248::webapp_internal::SetKey|5822:: Key pressed: TAB
2025-12-04 08:25:47,553-DEBUG-root-35248::webapp_internal::SetKey|5857:: Trying press key
2025-12-04 08:25:49,559-DEBUG-root-35248::webapp_internal::wait_blocker|2444:: Waiting blocker to continue...
2025-12-04 08:25:49,685-DEBUG-root-35248::webapp_internal::wait_blocker|2469:: Blocker status: False
2025-12-04 08:25:49,712-DEBUG-root-35248::webapp_internal::wait_blocker|2444:: Waiting blocker to continue...
2025-12-04 08:25:49,843-DEBUG-root-35248::webapp_internal::wait_blocker|2469:: Blocker status: False
2025-12-04 08:25:49,844-DEBUG-root-35248::webapp_internal::send_action|10480:: Trying to send action
2025-12-04 08:25:50,883-DEBUG-root-35248::webapp_internal::send_action|10522:: send_action method result = True
2025-12-04 08:25:50,884-DEBUG-root-35248::webapp_internal::send_action|10523:: send_action selenium status: False
2025-12-04 08:25:50,884-DEBUG-root-35248::webapp_internal::wait_blocker|2444:: Waiting blocker to continue...
2025-12-04 08:25:51,011-DEBUG-root-35248::webapp_internal::wait_blocker|2469:: Blocker status: False
2025-12-04 08:25:51,011-INFO-root-35248::webapp_internal::SetKey|5822:: Key pressed: TAB
2025-12-04 08:25:51,011-DEBUG-root-35248::webapp_internal::SetKey|5857:: Trying press key
2025-12-04 08:25:53,015-DEBUG-root-35248::webapp_internal::wait_blocker|2444:: Waiting blocker to continue...
2025-12-04 08:25:53,142-DEBUG-root-35248::webapp_internal::wait_blocker|2469:: Blocker status: False
2025-12-04 08:25:53,168-DEBUG-root-35248::webapp_internal::wait_blocker|2444:: Waiting blocker to continue...
2025-12-04 08:25:53,337-DEBUG-root-35248::webapp_internal::wait_blocker|2469:: Blocker status: False
2025-12-04 08:25:53,338-DEBUG-root-35248::webapp_internal::send_action|10480:: Trying to send action
2025-12-04 08:25:54,373-DEBUG-root-35248::webapp_internal::send_action|10522:: send_action method result = True
2025-12-04 08:25:54,373-DEBUG-root-35248::webapp_internal::send_action|10523:: send_action selenium status: False
2025-12-04 08:25:54,373-DEBUG-root-35248::webapp_internal::wait_element|7623:: Waiting for element
2025-12-04 08:25:54,448-DEBUG-root-35248::webapp_internal::wait_element|7653:: Element found! Waiting for element to be displayed.
2025-12-04 08:25:54,672-DEBUG-root-35248::webapp_internal::wait_blocker|2444:: Waiting blocker to continue...
2025-12-04 08:25:54,844-DEBUG-root-35248::webapp_internal::wait_blocker|2469:: Blocker status: False
2025-12-04 08:25:54,844-INFO-root-35248::webapp_internal::LoadGrid|6298:: Filling grid field: Data Inicio
2025-12-04 08:25:54,844-DEBUG-root-35248::webapp_internal::fill_grid|6399:: Grid loading...
2025-12-04 08:25:54,966-DEBUG-root-35248::webapp_internal::fill_grid|6466:: Column found!
2025-12-04 08:25:55,005-DEBUG-root-35248::base::click|192:: Click Type: ClickType.ACTIONCHAINS
2025-12-04 08:26:00,303-DEBUG-root-35248::webapp_internal::fill_grid|6498:: Trying open cell in grid!
2025-12-04 08:26:00,596-DEBUG-root-35248::webapp_internal::wait_blocker|2444:: Waiting blocker to continue...
2025-12-04 08:26:00,731-DEBUG-root-35248::webapp_internal::wait_blocker|2469:: Blocker status: False
2025-12-04 08:26:00,919-DEBUG-root-35248::webapp_internal::wait_element_timeout|7726:: Element found! Waiting for element to be displayed.
2025-12-04 08:26:01,248-DEBUG-root-35248::webapp_internal::fill_grid|6577:: Sending keys: 04/11/2025
2025-12-04 08:26:01,554-DEBUG-root-35248::webapp_internal::wait_blocker|2444:: Waiting blocker to continue...
2025-12-04 08:26:01,702-DEBUG-root-35248::webapp_internal::wait_blocker|2469:: Blocker status: False
2025-12-04 08:26:07,049-DEBUG-root-35248::webapp_internal::wait_blocker|2444:: Waiting blocker to continue...
2025-12-04 08:26:07,170-DEBUG-root-35248::webapp_internal::wait_blocker|2469:: Blocker status: False
2025-12-04 08:26:07,170-INFO-root-35248::webapp_internal::LoadGrid|6298:: Filling grid field: Data Fim
2025-12-04 08:26:07,171-DEBUG-root-35248::webapp_internal::fill_grid|6399:: Grid loading...
2025-12-04 08:26:07,284-DEBUG-root-35248::webapp_internal::fill_grid|6466:: Column found!
2025-12-04 08:26:07,320-DEBUG-root-35248::base::click|192:: Click Type: ClickType.ACTIONCHAINS
2025-12-04 08:26:12,769-DEBUG-root-35248::webapp_internal::fill_grid|6498:: Trying open cell in grid!
2025-12-04 08:26:13,060-DEBUG-root-35248::webapp_internal::wait_blocker|2444:: Waiting blocker to continue...
2025-12-04 08:26:13,192-DEBUG-root-35248::webapp_internal::wait_blocker|2469:: Blocker status: False
2025-12-04 08:26:13,383-DEBUG-root-35248::webapp_internal::wait_element_timeout|7726:: Element found! Waiting for element to be displayed.
2025-12-04 08:26:13,817-DEBUG-root-35248::webapp_internal::fill_grid|6577:: Sending keys: 03/01/2026
2025-12-04 08:26:14,122-DEBUG-root-35248::webapp_internal::wait_blocker|2444:: Waiting blocker to continue...
2025-12-04 08:26:14,277-DEBUG-root-35248::webapp_internal::wait_blocker|2469:: Blocker status: False
2025-12-04 08:26:19,643-DEBUG-root-35248::webapp_internal::wait_blocker|2444:: Waiting blocker to continue...
2025-12-04 08:26:19,770-DEBUG-root-35248::webapp_internal::wait_blocker|2469:: Blocker status: False
2025-12-04 08:26:19,771-INFO-root-35248::webapp_internal::LoadGrid|6298:: Filling grid field: Vlr Titular
2025-12-04 08:26:19,771-DEBUG-root-35248::webapp_internal::fill_grid|6399:: Grid loading...
2025-12-04 08:26:19,892-DEBUG-root-35248::webapp_internal::fill_grid|6466:: Column found!
2025-12-04 08:26:19,931-DEBUG-root-35248::base::click|192:: Click Type: ClickType.ACTIONCHAINS
2025-12-04 08:26:25,371-DEBUG-root-35248::webapp_internal::fill_grid|6498:: Trying open cell in grid!
2025-12-04 08:26:25,650-DEBUG-root-35248::webapp_internal::wait_blocker|2444:: Waiting blocker to continue...
2025-12-04 08:26:25,781-DEBUG-root-35248::webapp_internal::wait_blocker|2469:: Blocker status: False
2025-12-04 08:26:25,965-DEBUG-root-35248::webapp_internal::wait_element_timeout|7726:: Element found! Waiting for element to be displayed.
2025-12-04 08:26:26,170-DEBUG-root-35248::base::click|192:: Click Type: ClickType.JS
2025-12-04 08:26:26,350-DEBUG-root-35248::webapp_internal::fill_grid|6577:: Sending keys: 256
2025-12-04 08:26:26,643-DEBUG-root-35248::webapp_internal::wait_blocker|2444:: Waiting blocker to continue...
2025-12-04 08:26:26,785-DEBUG-root-35248::webapp_internal::wait_blocker|2469:: Blocker status: False
2025-12-04 08:26:26,943-DEBUG-root-35248::webapp_internal::wait_element_timeout|7726:: Element found! Waiting for element to be displayed.
2025-12-04 08:26:27,218-DEBUG-root-35248::webapp_internal::fill_grid|6466:: Column found!
2025-12-04 08:26:27,253-DEBUG-root-35248::base::click|192:: Click Type: ClickType.ACTIONCHAINS
2025-12-04 08:26:32,678-DEBUG-root-35248::webapp_internal::fill_grid|6498:: Trying open cell in grid!
2025-12-04 08:26:32,964-DEBUG-root-35248::webapp_internal::wait_blocker|2444:: Waiting blocker to continue...
2025-12-04 08:26:33,109-DEBUG-root-35248::webapp_internal::wait_blocker|2469:: Blocker status: False
2025-12-04 08:26:33,342-DEBUG-root-35248::webapp_internal::wait_element_timeout|7726:: Element found! Waiting for element to be displayed.
2025-12-04 08:26:33,502-DEBUG-root-35248::base::click|192:: Click Type: ClickType.JS
2025-12-04 08:26:33,684-DEBUG-root-35248::webapp_internal::fill_grid|6577:: Sending keys: 256
2025-12-04 08:26:33,973-DEBUG-root-35248::webapp_internal::wait_blocker|2444:: Waiting blocker to continue...
2025-12-04 08:26:34,104-DEBUG-root-35248::webapp_internal::wait_blocker|2469:: Blocker status: False
2025-12-04 08:26:34,264-DEBUG-root-35248::webapp_internal::wait_element_timeout|7726:: Element found! Waiting for element to be displayed.
2025-12-04 08:26:34,537-DEBUG-root-35248::webapp_internal::fill_grid|6466:: Column found!
2025-12-04 08:26:34,572-DEBUG-root-35248::base::click|192:: Click Type: ClickType.ACTIONCHAINS
2025-12-04 08:26:39,872-DEBUG-root-35248::webapp_internal::fill_grid|6498:: Trying open cell in grid!
2025-12-04 08:26:40,137-DEBUG-root-35248::webapp_internal::wait_blocker|2444:: Waiting blocker to continue...
2025-12-04 08:26:40,294-DEBUG-root-35248::webapp_internal::wait_blocker|2469:: Blocker status: False
2025-12-04 08:26:40,478-DEBUG-root-35248::webapp_internal::wait_element_timeout|7726:: Element found! Waiting for element to be displayed.
2025-12-04 08:26:40,637-DEBUG-root-35248::base::click|192:: Click Type: ClickType.JS
2025-12-04 08:26:40,817-DEBUG-root-35248::webapp_internal::fill_grid|6577:: Sending keys: 256
2025-12-04 08:26:41,115-DEBUG-root-35248::webapp_internal::wait_blocker|2444:: Waiting blocker to continue...
2025-12-04 08:26:41,286-DEBUG-root-35248::webapp_internal::wait_blocker|2469:: Blocker status: False
2025-12-04 08:26:41,445-DEBUG-root-35248::webapp_internal::wait_element_timeout|7726:: Element found! Waiting for element to be displayed.
2025-12-04 08:26:41,717-DEBUG-root-35248::webapp_internal::fill_grid|6466:: Column found!
2025-12-04 08:26:41,753-DEBUG-root-35248::base::click|192:: Click Type: ClickType.ACTIONCHAINS
2025-12-04 08:26:47,210-DEBUG-root-35248::webapp_internal::fill_grid|6498:: Trying open cell in grid!
2025-12-04 08:26:47,493-DEBUG-root-35248::webapp_internal::wait_blocker|2444:: Waiting blocker to continue...
2025-12-04 08:26:47,648-DEBUG-root-35248::webapp_internal::wait_blocker|2469:: Blocker status: False
2025-12-04 08:26:47,860-DEBUG-root-35248::webapp_internal::wait_element_timeout|7726:: Element found! Waiting for element to be displayed.
2025-12-04 08:26:48,063-DEBUG-root-35248::base::click|192:: Click Type: ClickType.JS
2025-12-04 08:26:48,285-DEBUG-root-35248::webapp_internal::fill_grid|6577:: Sending keys: 256
2025-12-04 08:26:48,578-DEBUG-root-35248::webapp_internal::wait_blocker|2444:: Waiting blocker to continue...
2025-12-04 08:26:48,706-DEBUG-root-35248::webapp_internal::wait_blocker|2469:: Blocker status: False
2025-12-04 08:26:48,867-DEBUG-root-35248::webapp_internal::wait_element_timeout|7726:: Element found! Waiting for element to be displayed.
2025-12-04 08:26:49,160-DEBUG-root-35248::webapp_internal::fill_grid|6466:: Column found!
2025-12-04 08:26:49,199-DEBUG-root-35248::base::click|192:: Click Type: ClickType.ACTIONCHAINS
2025-12-04 08:26:54,612-DEBUG-root-35248::webapp_internal::fill_grid|6498:: Trying open cell in grid!
2025-12-04 08:26:54,902-DEBUG-root-35248::webapp_internal::wait_blocker|2444:: Waiting blocker to continue...
2025-12-04 08:26:55,051-DEBUG-root-35248::webapp_internal::wait_blocker|2469:: Blocker status: False
2025-12-04 08:26:56,049-DEBUG-root-35248::webapp_internal::wait_element_timeout|7726:: Element found! Waiting for element to be displayed.
2025-12-04 08:26:56,235-DEBUG-root-35248::base::click|192:: Click Type: ClickType.JS
2025-12-04 08:26:56,416-DEBUG-root-35248::webapp_internal::fill_grid|6577:: Sending keys: 256
2025-12-04 08:26:56,706-DEBUG-root-35248::webapp_internal::wait_blocker|2444:: Waiting blocker to continue...
2025-12-04 08:26:56,836-DEBUG-root-35248::webapp_internal::wait_blocker|2469:: Blocker status: False
2025-12-04 08:26:56,990-DEBUG-root-35248::webapp_internal::wait_element_timeout|7726:: Element found! Waiting for element to be displayed.
2025-12-04 08:26:57,265-DEBUG-root-35248::webapp_internal::fill_grid|6466:: Column found!
2025-12-04 08:26:57,310-DEBUG-root-35248::base::click|192:: Click Type: ClickType.ACTIONCHAINS
2025-12-04 08:27:02,763-DEBUG-root-35248::webapp_internal::fill_grid|6498:: Trying open cell in grid!
2025-12-04 08:27:03,054-DEBUG-root-35248::webapp_internal::wait_blocker|2444:: Waiting blocker to continue...
2025-12-04 08:27:03,212-DEBUG-root-35248::webapp_internal::wait_blocker|2469:: Blocker status: False
2025-12-04 08:27:03,399-DEBUG-root-35248::webapp_internal::wait_element_timeout|7726:: Element found! Waiting for element to be displayed.
2025-12-04 08:27:03,605-DEBUG-root-35248::base::click|192:: Click Type: ClickType.JS
2025-12-04 08:27:03,783-DEBUG-root-35248::webapp_internal::fill_grid|6577:: Sending keys: 256
2025-12-04 08:27:04,083-DEBUG-root-35248::webapp_internal::wait_blocker|2444:: Waiting blocker to continue...
2025-12-04 08:27:04,206-DEBUG-root-35248::webapp_internal::wait_blocker|2469:: Blocker status: False
2025-12-04 08:27:04,361-DEBUG-root-35248::webapp_internal::wait_element_timeout|7726:: Element found! Waiting for element to be displayed.
2025-12-04 08:27:04,680-DEBUG-root-35248::webapp_internal::fill_grid|6466:: Column found!
2025-12-04 08:27:04,718-DEBUG-root-35248::base::click|192:: Click Type: ClickType.ACTIONCHAINS
2025-12-04 08:27:06,644-DEBUG-root-35248::webapp_internal::wait_element_timeout|7726:: Element found! Waiting for element to be displayed.
2025-12-04 08:27:06,823-DEBUG-root-35248::base::click|192:: Click Type: ClickType.JS
2025-12-04 08:27:07,019-DEBUG-root-35248::webapp_internal::fill_grid|6577:: Sending keys: 256
2025-12-04 08:27:07,315-DEBUG-root-35248::webapp_internal::wait_blocker|2444:: Waiting blocker to continue...
2025-12-04 08:27:07,493-DEBUG-root-35248::webapp_internal::wait_blocker|2469:: Blocker status: False
2025-12-04 08:27:07,645-DEBUG-root-35248::webapp_internal::wait_element_timeout|7726:: Element found! Waiting for element to be displayed.
2025-12-04 08:27:07,917-DEBUG-root-35248::webapp_internal::fill_grid|6466:: Column found!
2025-12-04 08:27:07,954-DEBUG-root-35248::base::click|192:: Click Type: ClickType.ACTIONCHAINS
2025-12-04 08:27:13,395-DEBUG-root-35248::webapp_internal::fill_grid|6498:: Trying open cell in grid!
2025-12-04 08:27:13,685-DEBUG-root-35248::webapp_internal::wait_blocker|2444:: Waiting blocker to continue...
2025-12-04 08:27:13,849-DEBUG-root-35248::webapp_internal::wait_blocker|2469:: Blocker status: False
2025-12-04 08:27:14,033-DEBUG-root-35248::webapp_internal::wait_element_timeout|7726:: Element found! Waiting for element to be displayed.
2025-12-04 08:27:14,196-DEBUG-root-35248::base::click|192:: Click Type: ClickType.JS
2025-12-04 08:27:14,372-DEBUG-root-35248::webapp_internal::fill_grid|6577:: Sending keys: 256
2025-12-04 08:27:14,670-DEBUG-root-35248::webapp_internal::wait_blocker|2444:: Waiting blocker to continue...
2025-12-04 08:27:14,806-DEBUG-root-35248::webapp_internal::wait_blocker|2469:: Blocker status: False
2025-12-04 08:27:14,964-DEBUG-root-35248::webapp_internal::wait_element_timeout|7726:: Element found! Waiting for element to be displayed.
2025-12-04 08:27:15,240-DEBUG-root-35248::webapp_internal::fill_grid|6466:: Column found!
2025-12-04 08:27:15,278-DEBUG-root-35248::base::click|192:: Click Type: ClickType.ACTIONCHAINS
2025-12-04 08:27:20,720-DEBUG-root-35248::webapp_internal::fill_grid|6498:: Trying open cell in grid!
2025-12-04 08:27:21,014-DEBUG-root-35248::webapp_internal::wait_blocker|2444:: Waiting blocker to continue...
2025-12-04 08:27:21,185-DEBUG-root-35248::webapp_internal::wait_blocker|2469:: Blocker status: False
2025-12-04 08:27:21,365-DEBUG-root-35248::webapp_internal::wait_element_timeout|7726:: Element found! Waiting for element to be displayed.
2025-12-04 08:27:21,522-DEBUG-root-35248::base::click|192:: Click Type: ClickType.JS
2025-12-04 08:27:21,701-DEBUG-root-35248::webapp_internal::fill_grid|6577:: Sending keys: 256
2025-12-04 08:27:21,987-DEBUG-root-35248::webapp_internal::wait_blocker|2444:: Waiting blocker to continue...
2025-12-04 08:27:22,160-DEBUG-root-35248::webapp_internal::wait_blocker|2469:: Blocker status: False
2025-12-04 08:27:22,317-DEBUG-root-35248::webapp_internal::wait_element_timeout|7726:: Element found! Waiting for element to be displayed.
2025-12-04 08:27:22,602-DEBUG-root-35248::webapp_internal::fill_grid|6466:: Column found!
2025-12-04 08:27:22,636-DEBUG-root-35248::base::click|192:: Click Type: ClickType.ACTIONCHAINS
2025-12-04 08:27:28,016-DEBUG-root-35248::webapp_internal::fill_grid|6498:: Trying open cell in grid!
2025-12-04 08:27:28,298-DEBUG-root-35248::webapp_internal::wait_blocker|2444:: Waiting blocker to continue...
2025-12-04 08:27:28,467-DEBUG-root-35248::webapp_internal::wait_blocker|2469:: Blocker status: False
2025-12-04 08:27:28,649-DEBUG-root-35248::webapp_internal::wait_element_timeout|7726:: Element found! Waiting for element to be displayed.
2025-12-04 08:27:28,864-DEBUG-root-35248::base::click|192:: Click Type: ClickType.JS
2025-12-04 08:27:29,046-DEBUG-root-35248::webapp_internal::fill_grid|6577:: Sending keys: 256
2025-12-04 08:27:29,339-DEBUG-root-35248::webapp_internal::wait_blocker|2444:: Waiting blocker to continue...
2025-12-04 08:27:29,488-DEBUG-root-35248::webapp_internal::wait_blocker|2469:: Blocker status: False
2025-12-04 08:27:29,644-DEBUG-root-35248::webapp_internal::wait_element_timeout|7726:: Element found! Waiting for element to be displayed.
2025-12-04 08:27:29,920-DEBUG-root-35248::webapp_internal::fill_grid|6466:: Column found!
2025-12-04 08:27:29,955-DEBUG-root-35248::base::click|192:: Click Type: ClickType.ACTIONCHAINS
2025-12-04 08:27:32,146-ERROR-root-35248::webapp_internal::fill_grid|6675:: fill grid error: Message: WebDriver session does not exist, or is not active
Stacktrace:
RemoteError@chrome://remote/content/shared/RemoteError.sys.mjs:8:8
WebDriverError@chrome://remote/content/shared/webdriver/Errors.sys.mjs:202:5
InvalidSessionIDError@chrome://remote/content/shared/webdriver/Errors.sys.mjs:472:5
assert.that/<@chrome://remote/content/shared/webdriver/Assert.sys.mjs:581:13
assert.session@chrome://remote/content/shared/webdriver/Assert.sys.mjs:38:4
dispatch@chrome://remote/content/marionette/server.sys.mjs:315:19
execute@chrome://remote/content/marionette/server.sys.mjs:289:16
onPacket/<@chrome://remote/content/marionette/server.sys.mjs:262:20
onPacket@chrome://remote/content/marionette/server.sys.mjs:263:9
_onJSONObjectReady/<@chrome://remote/content/marionette/transport.sys.mjs:494:20
Traceback (most recent call last):
  File "C:\TIR_TESTE\venv\Lib\site-packages\tir\technologies\core\base.py", line 501, in get_current_DOM
    self.driver.switch_to.default_content()
  File "C:\TIR_TESTE\venv\Lib\site-packages\selenium\webdriver\remote\switch_to.py", line 69, in default_content
    self._driver.execute(Command.SWITCH_TO_FRAME, {"id": None})
  File "C:\TIR_TESTE\venv\Lib\site-packages\selenium\webdriver\remote\webdriver.py", line 347, in execute
    self.error_handler.check_response(response)
  File "C:\TIR_TESTE\venv\Lib\site-packages\selenium\webdriver\remote\errorhandler.py", line 229, in check_response
    raise exception_class(message, screen, stacktrace)
selenium.common.exceptions.NoSuchWindowException: Message: BrowsingContext does no longer exist
Stacktrace:
RemoteError@chrome://remote/content/shared/RemoteError.sys.mjs:8:8
WebDriverError@chrome://remote/content/shared/webdriver/Errors.sys.mjs:202:5
NoSuchWindowError@chrome://remote/content/shared/webdriver/Errors.sys.mjs:782:5
getMarionetteCommandsActorProxy/get/<@chrome://remote/content/marionette/actors/MarionetteCommandsParent.sys.mjs:392:21
GeckoDriver.prototype.switchToFrame@chrome://remote/content/marionette/driver.sys.mjs:1671:57
ssi_onQuitApplicationGranted@resource:///modules/sessionstore/SessionStore.sys.mjs:2822:19
ssi_observe@resource:///modules/sessionstore/SessionStore.sys.mjs:1543:14


During handling of the above exception, another exception occurred:

Traceback (most recent call last):
  File "C:\TIR_TESTE\venv\Lib\site-packages\tir\technologies\webapp_internal.py", line 6492, in fill_grid
    while (time.time() < endtime_open_cell and not self.wait_element_timeout(term='wa-dialog',
                                                   ^^^^^^^^^^^^^^^^^^^^^^^^^^^^^^^^^^^^^^^^^^^
  File "C:\TIR_TESTE\venv\Lib\site-packages\tir\technologies\webapp_internal.py", line 7713, in wait_element_timeout
    if self.element_exists(term, scrap_type, position, optional_term, main_container, check_error, twebview):
       ^^^^^^^^^^^^^^^^^^^^^^^^^^^^^^^^^^^^^^^^^^^^^^^^^^^^^^^^^^^^^^^^^^^^^^^^^^^^^^^^^^^^^^^^^^^^^^^^^^^^^
  File "C:\TIR_TESTE\venv\Lib\site-packages\tir\technologies\webapp_internal.py", line 4073, in element_exists
    soup = self.get_current_DOM(twebview=twebview)
           ^^^^^^^^^^^^^^^^^^^^^^^^^^^^^^^^^^^^^^^
  File "C:\TIR_TESTE\venv\Lib\site-packages\tir\technologies\core\base.py", line 538, in get_current_DOM
    self.driver.switch_to.default_content()
  File "C:\TIR_TESTE\venv\Lib\site-packages\selenium\webdriver\remote\switch_to.py", line 69, in default_content
    self._driver.execute(Command.SWITCH_TO_FRAME, {"id": None})
  File "C:\TIR_TESTE\venv\Lib\site-packages\selenium\webdriver\remote\webdriver.py", line 347, in execute
    self.error_handler.check_response(response)
  File "C:\TIR_TESTE\venv\Lib\site-packages\selenium\webdriver\remote\errorhandler.py", line 229, in check_response
    raise exception_class(message, screen, stacktrace)
selenium.common.exceptions.InvalidSessionIdException: Message: WebDriver session does not exist, or is not active
Stacktrace:
RemoteError@chrome://remote/content/shared/RemoteError.sys.mjs:8:8
WebDriverError@chrome://remote/content/shared/webdriver/Errors.sys.mjs:202:5
InvalidSessionIDError@chrome://remote/content/shared/webdriver/Errors.sys.mjs:472:5
assert.that/<@chrome://remote/content/shared/webdriver/Assert.sys.mjs:581:13
assert.session@chrome://remote/content/shared/webdriver/Assert.sys.mjs:38:4
dispatch@chrome://remote/content/marionette/server.sys.mjs:315:19
execute@chrome://remote/content/marionette/server.sys.mjs:289:16
onPacket/<@chrome://remote/content/marionette/server.sys.mjs:262:20
onPacket@chrome://remote/content/marionette/server.sys.mjs:263:9
_onJSONObjectReady/<@chrome://remote/content/marionette/transport.sys.mjs:494:20

2025-12-04 08:27:32,150-WARNING-root-35248::webapp_internal::log_error|8143:: Warning log_error fill grid error: Message: WebDriver session does not exist, or is not active
Stacktrace:
RemoteError@chrome://remote/content/shared/RemoteError.sys.mjs:8:8
WebDriverError@chrome://remote/content/shared/webdriver/Errors.sys.mjs:202:5
InvalidSessionIDError@chrome://remote/content/shared/webdriver/Errors.sys.mjs:472:5
assert.that/<@chrome://remote/content/shared/webdriver/Assert.sys.mjs:581:13
assert.session@chrome://remote/content/shared/webdriver/Assert.sys.mjs:38:4
dispatch@chrome://remote/content/marionette/server.sys.mjs:315:19
execute@chrome://remote/content/marionette/server.sys.mjs:289:16
onPacket/<@chrome://remote/content/marionette/server.sys.mjs:262:20
onPacket@chrome://remote/content/marionette/server.sys.mjs:263:9
_onJSONObjectReady/<@chrome://remote/content/marionette/transport.sys.mjs:494:20

2025-12-04 08:27:32,150-DEBUG-root-35248::webapp_internal::log_error|8146:: ***System Info*** in log_error():
2025-12-04 08:27:32,152-DEBUG-root-35248::psutil_info::system_info|5:: CPU USAGE: 10.2%
2025-12-04 08:27:32,153-DEBUG-root-35248::psutil_info::system_info|6:: MEMORY USAGE: 87.6%
2025-12-04 08:27:32,154-DEBUG-root-35248::psutil_info::system_info|7:: MEMORY AVAILABLE: 12.43%
2025-12-04 08:27:32,486-ERROR-root-35248::webapp_internal::log_error|8181:: Warning Log Error Close Message: Failed to decode response from marionette
Traceback (most recent call last):
  File "C:\TIR_TESTE\venv\Lib\site-packages\tir\technologies\core\base.py", line 501, in get_current_DOM
    self.driver.switch_to.default_content()
  File "C:\TIR_TESTE\venv\Lib\site-packages\selenium\webdriver\remote\switch_to.py", line 69, in default_content
    self._driver.execute(Command.SWITCH_TO_FRAME, {"id": None})
  File "C:\TIR_TESTE\venv\Lib\site-packages\selenium\webdriver\remote\webdriver.py", line 347, in execute
    self.error_handler.check_response(response)
  File "C:\TIR_TESTE\venv\Lib\site-packages\selenium\webdriver\remote\errorhandler.py", line 229, in check_response
    raise exception_class(message, screen, stacktrace)
selenium.common.exceptions.NoSuchWindowException: Message: BrowsingContext does no longer exist
Stacktrace:
RemoteError@chrome://remote/content/shared/RemoteError.sys.mjs:8:8
WebDriverError@chrome://remote/content/shared/webdriver/Errors.sys.mjs:202:5
NoSuchWindowError@chrome://remote/content/shared/webdriver/Errors.sys.mjs:782:5
getMarionetteCommandsActorProxy/get/<@chrome://remote/content/marionette/actors/MarionetteCommandsParent.sys.mjs:392:21
GeckoDriver.prototype.switchToFrame@chrome://remote/content/marionette/driver.sys.mjs:1671:57
ssi_onQuitApplicationGranted@resource:///modules/sessionstore/SessionStore.sys.mjs:2822:19
ssi_observe@resource:///modules/sessionstore/SessionStore.sys.mjs:1543:14


During handling of the above exception, another exception occurred:

Traceback (most recent call last):
  File "C:\TIR_TESTE\venv\Lib\site-packages\tir\technologies\webapp_internal.py", line 6492, in fill_grid
    while (time.time() < endtime_open_cell and not self.wait_element_timeout(term='wa-dialog',
                                                   ^^^^^^^^^^^^^^^^^^^^^^^^^^^^^^^^^^^^^^^^^^^
  File "C:\TIR_TESTE\venv\Lib\site-packages\tir\technologies\webapp_internal.py", line 7713, in wait_element_timeout
    if self.element_exists(term, scrap_type, position, optional_term, main_container, check_error, twebview):
       ^^^^^^^^^^^^^^^^^^^^^^^^^^^^^^^^^^^^^^^^^^^^^^^^^^^^^^^^^^^^^^^^^^^^^^^^^^^^^^^^^^^^^^^^^^^^^^^^^^^^^
  File "C:\TIR_TESTE\venv\Lib\site-packages\tir\technologies\webapp_internal.py", line 4073, in element_exists
    soup = self.get_current_DOM(twebview=twebview)
           ^^^^^^^^^^^^^^^^^^^^^^^^^^^^^^^^^^^^^^^
  File "C:\TIR_TESTE\venv\Lib\site-packages\tir\technologies\core\base.py", line 538, in get_current_DOM
    self.driver.switch_to.default_content()
  File "C:\TIR_TESTE\venv\Lib\site-packages\selenium\webdriver\remote\switch_to.py", line 69, in default_content
    self._driver.execute(Command.SWITCH_TO_FRAME, {"id": None})
  File "C:\TIR_TESTE\venv\Lib\site-packages\selenium\webdriver\remote\webdriver.py", line 347, in execute
    self.error_handler.check_response(response)
  File "C:\TIR_TESTE\venv\Lib\site-packages\selenium\webdriver\remote\errorhandler.py", line 229, in check_response
    raise exception_class(message, screen, stacktrace)
selenium.common.exceptions.InvalidSessionIdException: Message: WebDriver session does not exist, or is not active
Stacktrace:
RemoteError@chrome://remote/content/shared/RemoteError.sys.mjs:8:8
WebDriverError@chrome://remote/content/shared/webdriver/Errors.sys.mjs:202:5
InvalidSessionIDError@chrome://remote/content/shared/webdriver/Errors.sys.mjs:472:5
assert.that/<@chrome://remote/content/shared/webdriver/Assert.sys.mjs:581:13
assert.session@chrome://remote/content/shared/webdriver/Assert.sys.mjs:38:4
dispatch@chrome://remote/content/marionette/server.sys.mjs:315:19
execute@chrome://remote/content/marionette/server.sys.mjs:289:16
onPacket/<@chrome://remote/content/marionette/server.sys.mjs:262:20
onPacket@chrome://remote/content/marionette/server.sys.mjs:263:9
_onJSONObjectReady/<@chrome://remote/content/marionette/transport.sys.mjs:494:20


During handling of the above exception, another exception occurred:

Traceback (most recent call last):
  File "C:\TIR_TESTE\venv\Lib\site-packages\tir\technologies\webapp_internal.py", line 8179, in log_error
    self.driver.close()
  File "C:\TIR_TESTE\venv\Lib\site-packages\selenium\webdriver\remote\webdriver.py", line 458, in close
    self.execute(Command.CLOSE)
  File "C:\TIR_TESTE\venv\Lib\site-packages\selenium\webdriver\remote\webdriver.py", line 347, in execute
    self.error_handler.check_response(response)
  File "C:\TIR_TESTE\venv\Lib\site-packages\selenium\webdriver\remote\errorhandler.py", line 229, in check_response
    raise exception_class(message, screen, stacktrace)
selenium.common.exceptions.WebDriverException: Message: Failed to decode response from marionette

2025-12-04 08:27:32,974-ERROR-root-35248::webapp_internal::TearDown|9654:: Warning tearDown Close Message: Tried to run command without establishing a connection
Traceback (most recent call last):
  File "C:\TIR_TESTE\venv\Lib\site-packages\tir\technologies\webapp_internal.py", line 9652, in TearDown
    self.driver.close()
  File "C:\TIR_TESTE\venv\Lib\site-packages\selenium\webdriver\remote\webdriver.py", line 458, in close
    self.execute(Command.CLOSE)
  File "C:\TIR_TESTE\venv\Lib\site-packages\selenium\webdriver\remote\webdriver.py", line 347, in execute
    self.error_handler.check_response(response)
  File "C:\TIR_TESTE\venv\Lib\site-packages\selenium\webdriver\remote\errorhandler.py", line 229, in check_response
    raise exception_class(message, screen, stacktrace)
selenium.common.exceptions.InvalidSessionIdException: Message: Tried to run command without establishing a connection

2025-12-04 08:24:09,504-DEBUG-root-35248::logging_config::logger|189:: Log file created: 'Log\GESIT03\TIR__20251204082409498.log'
2025-12-04 08:24:09,504-INFO-root-35248::base::Start|1183:: TIR Version: 2.4.3
2025-12-04 08:24:09,504-INFO-root-35248::base::Start|1184:: Python Version: 3.12.10
2025-12-04 08:24:09,504-INFO-root-35248::base::Start|1185:: Starting the browser
2025-12-04 08:24:16,933-INFO-root-35248::base::get_url|1294:: Page is ready!
2025-12-04 08:24:16,936-INFO-root-35248::base::Start|1256:: Browser maximized to 1936x1048
2025-12-04 08:24:16,936-INFO-root-35248::base::Start|1258:: Screen size is different from default used in headless mode
2025-12-04 08:24:17,054-INFO-root-35248::webapp_internal::Setup|247:: ***System Info*** in Setup():
2025-12-04 08:24:17,055-DEBUG-root-35248::psutil_info::system_info|5:: CPU USAGE: 19.2%
2025-12-04 08:24:17,056-DEBUG-root-35248::psutil_info::system_info|6:: MEMORY USAGE: 89.7%
2025-12-04 08:24:17,056-DEBUG-root-35248::psutil_info::system_info|7:: MEMORY AVAILABLE: 10.29%
2025-12-04 08:24:17,064-INFO-root-35248::base::webapp_shadowroot|1394:: Webapp: 10.1.6-RC4
2025-12-04 08:24:17,098-INFO-root-35248::webapp_internal::filling_initial_program|449:: Filling Initial Program: "SIGAMDI"
2025-12-04 08:24:17,099-DEBUG-root-35248::webapp_internal::wait_element|7623:: Waiting for element
2025-12-04 08:24:17,165-DEBUG-root-35248::webapp_internal::wait_element|7653:: Element found! Waiting for element to be displayed.
2025-12-04 08:24:17,947-DEBUG-root-35248::base::click|192:: Click Type: ClickType.JS
2025-12-04 08:24:17,952-DEBUG-root-35248::webapp_internal::try_send_keys|7976:: Trying to send keys to element using technique 0
2025-12-04 08:24:18,496-DEBUG-root-35248::webapp_internal::get_web_value|3232:: Current value: SIGAMDI
2025-12-04 08:24:18,496-INFO-root-35248::webapp_internal::filling_server_environment|463:: Filling Server Environment: "POUPEX_TST"
2025-12-04 08:24:18,497-DEBUG-root-35248::webapp_internal::wait_element|7623:: Waiting for element
2025-12-04 08:24:18,518-DEBUG-root-35248::webapp_internal::wait_element|7653:: Element found! Waiting for element to be displayed.
2025-12-04 08:24:18,682-DEBUG-root-35248::base::click|192:: Click Type: ClickType.JS
2025-12-04 08:24:18,686-DEBUG-root-35248::webapp_internal::try_send_keys|7976:: Trying to send keys to element using technique 0
2025-12-04 08:24:19,006-DEBUG-root-35248::webapp_internal::get_web_value|3232:: Current value: POUPEX_TST
2025-12-04 08:24:19,029-DEBUG-root-35248::base::click|192:: Click Type: ClickType.JS
2025-12-04 08:24:19,042-DEBUG-root-35248::webapp_internal::user_screen|519:: Filling user screen
2025-12-04 08:24:24,825-DEBUG-root-35248::base::scroll_to_element|759:: ********Warining scroll_to_element exception: Message: TypeError: can't access property "scrollIntoView", arguments[0] is null
Stacktrace:
@https://qasrverp:10020/webapp/:2:7
@https://qasrverp:10020/webapp/:3:8
*********
2025-12-04 08:24:24,876-DEBUG-root-35248::webapp_internal::wait_element_timeout|7726:: Element found! Waiting for element to be displayed.
2025-12-04 08:24:24,939-DEBUG-root-35248::base::scroll_to_element|759:: ********Warining scroll_to_element exception: Message: TypeError: can't access property "scrollIntoView", arguments[0] is null
Stacktrace:
@https://qasrverp:10020/webapp/:2:7
@https://qasrverp:10020/webapp/:3:8
*********
2025-12-04 08:24:25,072-INFO-root-35248::webapp_internal::user_screen|561:: Filling User
2025-12-04 08:24:25,099-DEBUG-root-35248::base::double_click|259:: Click Type: ClickType.SELENIUM
2025-12-04 08:24:25,280-DEBUG-root-35248::webapp_internal::get_web_value|3232:: Current value: 97137227104
2025-12-04 08:24:25,302-INFO-root-35248::webapp_internal::user_screen|621:: Filling Password
2025-12-04 08:24:25,323-DEBUG-root-35248::base::click|192:: Click Type: ClickType.JS
2025-12-04 08:24:25,409-DEBUG-root-35248::webapp_internal::get_web_value|3232:: Current value: Val20221080080094+
2025-12-04 08:24:25,410-DEBUG-root-35248::webapp_internal::wait_blocker|2444:: Waiting blocker to continue...
2025-12-04 08:24:25,441-DEBUG-root-35248::webapp_internal::wait_blocker|2469:: Blocker status: None
2025-12-04 08:24:25,464-DEBUG-root-35248::webapp_internal::wait_blocker|2444:: Waiting blocker to continue...
2025-12-04 08:24:25,496-DEBUG-root-35248::webapp_internal::wait_blocker|2469:: Blocker status: None
2025-12-04 08:24:25,542-DEBUG-root-35248::webapp_internal::wait_blocker|2444:: Waiting blocker to continue...
2025-12-04 08:24:25,569-DEBUG-root-35248::webapp_internal::wait_blocker|2469:: Blocker status: None
2025-12-04 08:24:25,570-DEBUG-root-35248::webapp_internal::send_action|10480:: Trying to send action
2025-12-04 08:24:25,577-DEBUG-root-35248::base::click|192:: Click Type: ClickType.JS
2025-12-04 08:24:26,612-DEBUG-root-35248::webapp_internal::send_action|10522:: send_action method result = True
2025-12-04 08:24:26,612-DEBUG-root-35248::webapp_internal::send_action|10523:: send_action selenium status: False
2025-12-04 08:24:29,067-DEBUG-root-35248::base::scroll_to_element|759:: ********Warining scroll_to_element exception: Message: TypeError: can't access property "scrollIntoView", arguments[0] is null
Stacktrace:
@https://qasrverp:10020/webapp/:2:7
@https://qasrverp:10020/webapp/:3:8
*********
2025-12-04 08:24:29,116-INFO-root-35248::webapp_internal::filling_date|885:: Filling Date: "04/11/2025"
2025-12-04 08:24:29,117-DEBUG-root-35248::webapp_internal::wait_blocker|2444:: Waiting blocker to continue...
2025-12-04 08:24:29,176-DEBUG-root-35248::webapp_internal::wait_blocker|2469:: Blocker status: None
2025-12-04 08:24:29,179-DEBUG-root-35248::base::click|192:: Click Type: ClickType.JS
2025-12-04 08:24:29,195-DEBUG-root-35248::webapp_internal::try_send_keys|7976:: Trying to send keys to element using technique 1
2025-12-04 08:24:29,276-DEBUG-root-35248::webapp_internal::get_web_value|3232:: Current value: 04/11/2025
2025-12-04 08:24:30,359-INFO-root-35248::webapp_internal::filling_group|955:: Filling Group: "02"
2025-12-04 08:24:30,359-DEBUG-root-35248::webapp_internal::wait_blocker|2444:: Waiting blocker to continue...
2025-12-04 08:24:30,394-DEBUG-root-35248::webapp_internal::wait_blocker|2469:: Blocker status: None
2025-12-04 08:24:30,397-DEBUG-root-35248::base::click|192:: Click Type: ClickType.JS
2025-12-04 08:24:30,449-DEBUG-root-35248::webapp_internal::get_web_value|3232:: Current value: 02
2025-12-04 08:24:31,526-INFO-root-35248::webapp_internal::filling_branch|1047:: Filling Branch: "02DF0001"
2025-12-04 08:24:31,526-DEBUG-root-35248::webapp_internal::wait_blocker|2444:: Waiting blocker to continue...
2025-12-04 08:24:31,566-DEBUG-root-35248::webapp_internal::wait_blocker|2469:: Blocker status: None
2025-12-04 08:24:31,569-DEBUG-root-35248::base::click|192:: Click Type: ClickType.JS
2025-12-04 08:24:31,624-DEBUG-root-35248::webapp_internal::get_web_value|3232:: Current value: 02DF0001
2025-12-04 08:24:32,714-INFO-root-35248::webapp_internal::filling_environment|1113:: Filling Environment: "07"
2025-12-04 08:24:32,714-DEBUG-root-35248::webapp_internal::wait_blocker|2444:: Waiting blocker to continue...
2025-12-04 08:24:32,749-DEBUG-root-35248::webapp_internal::wait_blocker|2469:: Blocker status: None
2025-12-04 08:24:32,752-DEBUG-root-35248::base::click|192:: Click Type: ClickType.JS
2025-12-04 08:24:32,798-DEBUG-root-35248::webapp_internal::get_web_value|3232:: Current value: 07
2025-12-04 08:24:33,807-DEBUG-root-35248::webapp_internal::close_warning_screen|1489:: Closing warning screen!
2025-12-04 08:24:34,841-DEBUG-root-35248::webapp_internal::check_screen_element|1291:: Checking screen element: "Atenção": False
2025-12-04 08:24:35,942-INFO-root-35248::webapp_internal::environment_screen|796:: Clicking on Button
2025-12-04 08:24:35,942-DEBUG-root-35248::webapp_internal::wait_blocker|2444:: Waiting blocker to continue...
2025-12-04 08:24:35,976-DEBUG-root-35248::webapp_internal::wait_blocker|2469:: Blocker status: None
2025-12-04 08:24:35,979-DEBUG-root-35248::base::click|192:: Click Type: ClickType.JS
2025-12-04 08:24:36,994-DEBUG-root-35248::base::click|192:: Click Type: ClickType.JS
2025-12-04 08:24:38,001-DEBUG-root-35248::base::click|192:: Click Type: ClickType.JS
2025-12-04 08:24:39,010-DEBUG-root-35248::base::click|192:: Click Type: ClickType.JS
2025-12-04 08:24:40,018-DEBUG-root-35248::base::click|192:: Click Type: ClickType.JS
2025-12-04 08:24:41,026-DEBUG-root-35248::base::click|192:: Click Type: ClickType.JS
2025-12-04 08:24:42,036-DEBUG-root-35248::webapp_internal::close_screen_before_menu|368:: Closing screen before the menu
2025-12-04 08:24:42,093-DEBUG-root-35248::webapp_internal::close_warning_screen|1489:: Closing warning screen!
2025-12-04 08:24:43,145-DEBUG-root-35248::webapp_internal::check_screen_element|1291:: Checking screen element: "Atenção": False
2025-12-04 08:24:43,145-DEBUG-root-35248::webapp_internal::close_coin_screen|1424:: Closing coin screen!
2025-12-04 08:24:43,734-DEBUG-root-35248::base::click|192:: Click Type: ClickType.JS
2025-12-04 08:24:43,823-DEBUG-root-35248::webapp_internal::close_warning_screen|1489:: Closing warning screen!
2025-12-04 08:24:44,885-DEBUG-root-35248::webapp_internal::check_screen_element|1291:: Checking screen element: "Atenção": False
2025-12-04 08:24:44,885-DEBUG-root-35248::webapp_internal::close_coin_screen|1424:: Closing coin screen!
2025-12-04 08:24:45,002-INFO-root-35248::webapp_internal::set_log_info|1623:: Getting log info
2025-12-04 08:24:45,003-INFO-root-35248::webapp_internal::SetLateralMenu|4184:: Navigating lateral menu: Ajuda > Sobre
2025-12-04 08:24:45,012-DEBUG-root-35248::webapp_internal::wait_element|7623:: Waiting for element
2025-12-04 08:24:45,062-DEBUG-root-35248::webapp_internal::wait_element|7653:: Element found! Waiting for element to be displayed.
2025-12-04 08:24:45,238-INFO-root-35248::webapp_internal::SetLateralMenu|4203:: Menu item: "Ajuda"
2025-12-04 08:24:45,239-DEBUG-root-35248::webapp_internal::wait_blocker|2444:: Waiting blocker to continue...
2025-12-04 08:24:45,323-DEBUG-root-35248::webapp_internal::wait_blocker|2469:: Blocker status: False
2025-12-04 08:24:45,703-DEBUG-root-35248::webapp_internal::wait_element_timeout|7726:: Element found! Waiting for element to be displayed.
2025-12-04 08:24:46,043-DEBUG-root-35248::webapp_internal::wait_blocker|2444:: Waiting blocker to continue...
2025-12-04 08:24:46,126-DEBUG-root-35248::webapp_internal::wait_blocker|2469:: Blocker status: False
2025-12-04 08:24:48,428-INFO-root-35248::webapp_internal::SetLateralMenu|4203:: Menu item: "Sobre"
2025-12-04 08:24:48,428-DEBUG-root-35248::webapp_internal::wait_blocker|2444:: Waiting blocker to continue...
2025-12-04 08:24:48,522-DEBUG-root-35248::webapp_internal::wait_blocker|2469:: Blocker status: False
2025-12-04 08:24:49,015-DEBUG-root-35248::webapp_internal::wait_element_timeout|7726:: Element found! Waiting for element to be displayed.
2025-12-04 08:24:49,471-DEBUG-root-35248::webapp_internal::wait_blocker|2444:: Waiting blocker to continue...
2025-12-04 08:24:49,541-DEBUG-root-35248::webapp_internal::wait_blocker|2469:: Blocker status: False
2025-12-04 08:24:52,292-DEBUG-root-35248::webapp_internal::wait_blocker|2444:: Waiting blocker to continue...
2025-12-04 08:24:52,390-DEBUG-root-35248::webapp_internal::wait_blocker|2469:: Blocker status: False
2025-12-04 08:24:52,482-DEBUG-root-35248::webapp_internal::wait_element|7623:: Waiting for element
2025-12-04 08:24:52,543-DEBUG-root-35248::webapp_internal::wait_element|7653:: Element found! Waiting for element to be displayed.
2025-12-04 08:24:52,742-INFO-root-35248::webapp_internal::SetButton|4444:: Clicking on Fechar
2025-12-04 08:24:52,742-DEBUG-root-35248::webapp_internal::wait_blocker|2444:: Waiting blocker to continue...
2025-12-04 08:24:52,823-DEBUG-root-35248::webapp_internal::wait_blocker|2469:: Blocker status: False
2025-12-04 08:24:53,003-DEBUG-root-35248::webapp_internal::wait_element_timeout|7726:: Element found! Waiting for element to be displayed.
2025-12-04 08:24:53,089-DEBUG-root-35248::webapp_internal::SetButton|4481:: ***System Info*** Before Clicking on button:Fechar
2025-12-04 08:24:53,089-DEBUG-root-35248::psutil_info::system_info|5:: CPU USAGE: 8.7%
2025-12-04 08:24:53,090-DEBUG-root-35248::psutil_info::system_info|6:: MEMORY USAGE: 89.8%
2025-12-04 08:24:53,090-DEBUG-root-35248::psutil_info::system_info|7:: MEMORY AVAILABLE: 10.22%
2025-12-04 08:24:53,270-DEBUG-root-35248::webapp_internal::wait_element_timeout|7726:: Element found! Waiting for element to be displayed.
2025-12-04 08:24:53,400-DEBUG-root-35248::webapp_internal::wait_blocker|2444:: Waiting blocker to continue...
2025-12-04 08:24:53,469-DEBUG-root-35248::webapp_internal::wait_blocker|2469:: Blocker status: False
2025-12-04 08:24:53,486-DEBUG-root-35248::webapp_internal::wait_blocker|2444:: Waiting blocker to continue...
2025-12-04 08:24:53,568-DEBUG-root-35248::webapp_internal::wait_blocker|2469:: Blocker status: False
2025-12-04 08:24:53,569-DEBUG-root-35248::webapp_internal::send_action|10480:: Trying to send action
2025-12-04 08:24:53,570-DEBUG-root-35248::base::click|192:: Click Type: ClickType.JS
2025-12-04 08:24:54,599-DEBUG-root-35248::webapp_internal::send_action|10522:: send_action method result = True
2025-12-04 08:24:54,599-DEBUG-root-35248::webapp_internal::send_action|10523:: send_action selenium status: False
2025-12-04 08:24:54,599-DEBUG-root-35248::webapp_internal::SetButton|4683:: ***System Info*** After Clicking on button:
2025-12-04 08:24:54,599-DEBUG-root-35248::psutil_info::system_info|5:: CPU USAGE: 8.1%
2025-12-04 08:24:54,601-DEBUG-root-35248::psutil_info::system_info|6:: MEMORY USAGE: 89.7%
2025-12-04 08:24:54,601-DEBUG-root-35248::psutil_info::system_info|7:: MEMORY AVAILABLE: 10.29%
2025-12-04 08:24:54,601-DEBUG-root-35248::webapp_internal::wait_element|7623:: Waiting for element
2025-12-04 08:24:54,698-INFO-root-35248::webapp_internal::SetLateralMenu|4184:: Navigating lateral menu: Atualizações > Especificos > Tipo de Convenio
2025-12-04 08:24:54,712-DEBUG-root-35248::webapp_internal::wait_element|7623:: Waiting for element
2025-12-04 08:24:54,764-DEBUG-root-35248::webapp_internal::wait_element|7653:: Element found! Waiting for element to be displayed.
2025-12-04 08:24:54,950-INFO-root-35248::webapp_internal::SetLateralMenu|4203:: Menu item: "Atualizações"
2025-12-04 08:24:54,950-DEBUG-root-35248::webapp_internal::wait_blocker|2444:: Waiting blocker to continue...
2025-12-04 08:24:55,052-DEBUG-root-35248::webapp_internal::wait_blocker|2469:: Blocker status: False
2025-12-04 08:24:55,511-DEBUG-root-35248::webapp_internal::wait_element_timeout|7726:: Element found! Waiting for element to be displayed.
2025-12-04 08:24:56,034-DEBUG-root-35248::webapp_internal::wait_blocker|2444:: Waiting blocker to continue...
2025-12-04 08:24:56,106-DEBUG-root-35248::webapp_internal::wait_blocker|2469:: Blocker status: False
2025-12-04 08:24:58,395-INFO-root-35248::webapp_internal::SetLateralMenu|4203:: Menu item: "Especificos"
2025-12-04 08:24:58,395-DEBUG-root-35248::webapp_internal::wait_blocker|2444:: Waiting blocker to continue...
2025-12-04 08:24:58,495-DEBUG-root-35248::webapp_internal::wait_blocker|2469:: Blocker status: False
2025-12-04 08:24:59,516-DEBUG-root-35248::webapp_internal::wait_element_timeout|7726:: Element found! Waiting for element to be displayed.
2025-12-04 08:25:00,492-DEBUG-root-35248::webapp_internal::wait_blocker|2444:: Waiting blocker to continue...
2025-12-04 08:25:00,620-DEBUG-root-35248::webapp_internal::wait_blocker|2469:: Blocker status: False
2025-12-04 08:25:02,943-INFO-root-35248::webapp_internal::SetLateralMenu|4203:: Menu item: "Tipo de Convenio"
2025-12-04 08:25:02,944-DEBUG-root-35248::webapp_internal::wait_blocker|2444:: Waiting blocker to continue...
2025-12-04 08:25:03,076-DEBUG-root-35248::webapp_internal::wait_blocker|2469:: Blocker status: False
2025-12-04 08:25:05,310-DEBUG-root-35248::webapp_internal::wait_element_timeout|7726:: Element found! Waiting for element to be displayed.
2025-12-04 08:25:07,687-DEBUG-root-35248::webapp_internal::wait_blocker|2444:: Waiting blocker to continue...
2025-12-04 08:25:07,804-DEBUG-root-35248::webapp_internal::wait_blocker|2469:: Blocker status: False
2025-12-04 08:25:12,969-DEBUG-root-35248::webapp_internal::wait_blocker|2444:: Waiting blocker to continue...
2025-12-04 08:25:13,064-DEBUG-root-35248::webapp_internal::wait_blocker|2469:: Blocker status: False
2025-12-04 08:25:13,167-INFO-root-35248::webapp_internal::WaitShow|4980:: Waiting show text 'Este ambiente utiliza base de Homologação.'...
2025-12-04 08:25:18,631-DEBUG-root-35248::log::checks_empty_line|221:: Checking empty default log info
2025-12-04 08:25:18,633-DEBUG-root-35248::log::generate_log|503:: Json log_data: {'cLogDtExec': '04/12/2025 08:25:18', 'cLogNomUsr': '97137227104', 'cLogNomEst': 'GESIT03', 'cLogProgra': None, 'cLogDtProg': '', 'cLogHrProg': '', 'nLogCtsOk': 1, 'nLogCtsNok': 0, 'nLogCtsSeg': 69.48, 'cLogVersao': '12', 'cLogReleas': '12.1.2410', 'nLogCtsErr': '', 'cLogBancod': 'ORACLE', 'cLogIdenti': '', 'cLogIdExec': '20251204', 'cLogPais': 'BRA', 'cLogTool': 'TIR', 'cLogSequen': 'c3d0c6', 'nLogCtsTot': 1, 'cLogDtExea': '04/12/2025', 'cLogHrExea': '08:25:18', 'cLogArea': 'Desenvolvimento', 'cLogMnExec': 1.1580000000000001}
2025-12-04 08:25:18,634-INFO-root-35248::log::send_log_with_retries|515:: Saving log locally.
2025-12-04 08:25:18,634-INFO-root-35248::log::save_log_locally|548:: [FwSendLog]: Não foi possível enviar o log após todas as tentativas.
2025-12-04 08:25:18,634-INFO-root-35248::log::save_log_locally|555:: [FwSendLog]: Log salvo localmente em C:\TIR_TESTE\1764847518.json.
2025-12-04 08:25:18,635-INFO-root-35248::webapp_internal::WaitShow|4980:: Waiting show text 'Moedas'...
2025-12-04 08:25:23,995-INFO-root-35248::webapp_internal::WaitShow|4980:: Waiting show text 'Tipos de Convênios'...
2025-12-04 08:25:24,080-INFO-root-35248::webapp_internal::WaitShow|4996:: Text found! 
2025-12-04 08:25:24,080-INFO-root-35248::webapp_internal::SetButton|4444:: Clicking on Incluir
2025-12-04 08:25:24,080-DEBUG-root-35248::webapp_internal::wait_blocker|2444:: Waiting blocker to continue...
2025-12-04 08:25:24,187-DEBUG-root-35248::webapp_internal::wait_blocker|2469:: Blocker status: False
2025-12-04 08:25:24,663-DEBUG-root-35248::webapp_internal::wait_element_timeout|7726:: Element found! Waiting for element to be displayed.
2025-12-04 08:25:24,935-DEBUG-root-35248::webapp_internal::SetButton|4481:: ***System Info*** Before Clicking on button:Incluir
2025-12-04 08:25:24,935-DEBUG-root-35248::psutil_info::system_info|5:: CPU USAGE: 13.1%
2025-12-04 08:25:24,935-DEBUG-root-35248::psutil_info::system_info|6:: MEMORY USAGE: 89.9%
2025-12-04 08:25:24,936-DEBUG-root-35248::psutil_info::system_info|7:: MEMORY AVAILABLE: 10.1%
2025-12-04 08:25:25,418-DEBUG-root-35248::webapp_internal::wait_element_timeout|7726:: Element found! Waiting for element to be displayed.
2025-12-04 08:25:25,738-DEBUG-root-35248::webapp_internal::wait_blocker|2444:: Waiting blocker to continue...
2025-12-04 08:25:25,867-DEBUG-root-35248::webapp_internal::wait_blocker|2469:: Blocker status: False
2025-12-04 08:25:25,898-DEBUG-root-35248::webapp_internal::wait_blocker|2444:: Waiting blocker to continue...
2025-12-04 08:25:26,015-DEBUG-root-35248::webapp_internal::wait_blocker|2469:: Blocker status: False
2025-12-04 08:25:26,016-DEBUG-root-35248::webapp_internal::send_action|10480:: Trying to send action
2025-12-04 08:25:26,018-DEBUG-root-35248::base::click|192:: Click Type: ClickType.JS
2025-12-04 08:25:27,069-DEBUG-root-35248::webapp_internal::send_action|10522:: send_action method result = True
2025-12-04 08:25:27,071-DEBUG-root-35248::webapp_internal::send_action|10523:: send_action selenium status: False
2025-12-04 08:25:27,071-DEBUG-root-35248::webapp_internal::SetButton|4683:: ***System Info*** After Clicking on button:
2025-12-04 08:25:27,071-DEBUG-root-35248::psutil_info::system_info|5:: CPU USAGE: 11.8%
2025-12-04 08:25:27,072-DEBUG-root-35248::psutil_info::system_info|6:: MEMORY USAGE: 89.9%
2025-12-04 08:25:27,072-DEBUG-root-35248::psutil_info::system_info|7:: MEMORY AVAILABLE: 10.06%
2025-12-04 08:25:27,072-INFO-root-35248::webapp_internal::WaitShow|4980:: Waiting show text 'Tipos de Convenios - INCLUIR'...
2025-12-04 08:25:27,211-INFO-root-35248::webapp_internal::WaitShow|4996:: Text found! 
2025-12-04 08:25:27,212-DEBUG-root-35248::webapp_internal::SetFocus|6011:: Setting focus on element ZD_DESCONV.
2025-12-04 08:25:27,371-DEBUG-root-35248::base::click|192:: Click Type: ClickType.SELENIUM
2025-12-04 08:25:27,459-DEBUG-root-35248::webapp_internal::wait_blocker|2444:: Waiting blocker to continue...
2025-12-04 08:25:27,597-DEBUG-root-35248::webapp_internal::wait_blocker|2469:: Blocker status: False
2025-12-04 08:25:27,598-DEBUG-root-35248::webapp_internal::wait_element|7623:: Waiting for element
2025-12-04 08:25:27,677-DEBUG-root-35248::webapp_internal::wait_element|7653:: Element found! Waiting for element to be displayed.
2025-12-04 08:25:27,745-INFO-root-35248::webapp_internal::input_value|2941:: Looking for element: ZD_DESCONV
2025-12-04 08:25:27,862-INFO-root-35248::webapp_internal::input_value|2951:: Element: ZD_DESCONV Found!
2025-12-04 08:25:27,862-INFO-root-35248::webapp_internal::input_value|2953:: Filling element: ZD_DESCONV
2025-12-04 08:25:27,886-DEBUG-root-35248::webapp_internal::get_web_value|3232:: Current value:                                                             
2025-12-04 08:25:27,921-DEBUG-root-35248::base::double_click|259:: Click Type: ClickType.SELENIUM
2025-12-04 08:25:28,179-DEBUG-root-35248::webapp_internal::wait_blocker|2444:: Waiting blocker to continue...
2025-12-04 08:25:28,321-DEBUG-root-35248::webapp_internal::wait_blocker|2469:: Blocker status: False
2025-12-04 08:25:28,663-DEBUG-root-35248::webapp_internal::get_web_value|3232:: Current value: TESTE INCLUSAO 01                                           
2025-12-04 08:25:28,664-INFO-root-35248::webapp_internal::input_value|3059:: Current field value: TESTE INCLUSAO 01
2025-12-04 08:25:28,696-DEBUG-root-35248::webapp_internal::wait_blocker|2444:: Waiting blocker to continue...
2025-12-04 08:25:28,899-DEBUG-root-35248::webapp_internal::wait_blocker|2469:: Blocker status: False
2025-12-04 08:25:28,899-INFO-root-35248::webapp_internal::SetKey|5822:: Key pressed: TAB
2025-12-04 08:25:28,899-DEBUG-root-35248::webapp_internal::SetKey|5857:: Trying press key
2025-12-04 08:25:30,904-DEBUG-root-35248::webapp_internal::wait_blocker|2444:: Waiting blocker to continue...
2025-12-04 08:25:31,060-DEBUG-root-35248::webapp_internal::wait_blocker|2469:: Blocker status: False
2025-12-04 08:25:31,084-DEBUG-root-35248::webapp_internal::wait_blocker|2444:: Waiting blocker to continue...
2025-12-04 08:25:31,213-DEBUG-root-35248::webapp_internal::wait_blocker|2469:: Blocker status: False
2025-12-04 08:25:31,214-DEBUG-root-35248::webapp_internal::send_action|10480:: Trying to send action
2025-12-04 08:25:32,263-DEBUG-root-35248::webapp_internal::send_action|10522:: send_action method result = True
2025-12-04 08:25:32,263-DEBUG-root-35248::webapp_internal::send_action|10523:: send_action selenium status: False
2025-12-04 08:25:32,263-DEBUG-root-35248::webapp_internal::wait_blocker|2444:: Waiting blocker to continue...
2025-12-04 08:25:32,387-DEBUG-root-35248::webapp_internal::wait_blocker|2469:: Blocker status: False
2025-12-04 08:25:32,388-DEBUG-root-35248::webapp_internal::wait_element|7623:: Waiting for element
2025-12-04 08:25:32,469-DEBUG-root-35248::webapp_internal::wait_element|7653:: Element found! Waiting for element to be displayed.
2025-12-04 08:25:32,536-INFO-root-35248::webapp_internal::input_value|2941:: Looking for element: ZD_TPMOV
2025-12-04 08:25:32,651-INFO-root-35248::webapp_internal::input_value|2951:: Element: ZD_TPMOV Found!
2025-12-04 08:25:32,810-INFO-root-35248::webapp_internal::input_value|2953:: Filling element: ZD_TPMOV
2025-12-04 08:25:34,001-INFO-root-35248::base::select_combo|871:: Selected value for combo is: 1 - Titular
2025-12-04 08:25:34,050-DEBUG-root-35248::webapp_internal::wait_blocker|2444:: Waiting blocker to continue...
2025-12-04 08:25:34,197-DEBUG-root-35248::webapp_internal::wait_blocker|2469:: Blocker status: False
2025-12-04 08:25:34,197-DEBUG-root-35248::webapp_internal::wait_element|7623:: Waiting for element
2025-12-04 08:25:34,285-DEBUG-root-35248::webapp_internal::wait_element|7653:: Element found! Waiting for element to be displayed.
2025-12-04 08:25:34,347-INFO-root-35248::webapp_internal::input_value|2941:: Looking for element: ZD_TPALTSA
2025-12-04 08:25:34,461-INFO-root-35248::webapp_internal::input_value|2951:: Element: ZD_TPALTSA Found!
2025-12-04 08:25:34,461-INFO-root-35248::webapp_internal::input_value|2953:: Filling element: ZD_TPALTSA
2025-12-04 08:25:34,483-DEBUG-root-35248::webapp_internal::get_web_value|3232:: Current value:    
2025-12-04 08:25:34,519-DEBUG-root-35248::base::double_click|259:: Click Type: ClickType.SELENIUM
2025-12-04 08:25:34,787-DEBUG-root-35248::webapp_internal::wait_blocker|2444:: Waiting blocker to continue...
2025-12-04 08:25:34,916-DEBUG-root-35248::webapp_internal::wait_blocker|2469:: Blocker status: False
2025-12-04 08:25:35,213-DEBUG-root-35248::webapp_internal::get_web_value|3232:: Current value: 003
2025-12-04 08:25:35,213-INFO-root-35248::webapp_internal::input_value|3059:: Current field value: 003
2025-12-04 08:25:35,220-INFO-root-35248::webapp_internal::WaitShow|4980:: Waiting show text 'Histórico'...
2025-12-04 08:25:36,994-INFO-root-35248::webapp_internal::WaitShow|4996:: Text found! 
2025-12-04 08:25:36,994-DEBUG-root-35248::webapp_internal::wait_blocker|2444:: Waiting blocker to continue...
2025-12-04 08:25:37,128-DEBUG-root-35248::webapp_internal::wait_blocker|2469:: Blocker status: False
2025-12-04 08:25:37,129-INFO-root-35248::webapp_internal::SetKey|5822:: Key pressed: TAB
2025-12-04 08:25:37,129-DEBUG-root-35248::webapp_internal::SetKey|5857:: Trying press key
2025-12-04 08:25:39,132-DEBUG-root-35248::webapp_internal::wait_blocker|2444:: Waiting blocker to continue...
2025-12-04 08:25:39,252-DEBUG-root-35248::webapp_internal::wait_blocker|2469:: Blocker status: False
2025-12-04 08:25:39,315-DEBUG-root-35248::webapp_internal::wait_blocker|2444:: Waiting blocker to continue...
2025-12-04 08:25:39,451-DEBUG-root-35248::webapp_internal::wait_blocker|2469:: Blocker status: False
2025-12-04 08:25:39,451-DEBUG-root-35248::webapp_internal::send_action|10480:: Trying to send action
2025-12-04 08:25:40,488-DEBUG-root-35248::webapp_internal::send_action|10522:: send_action method result = True
2025-12-04 08:25:40,488-DEBUG-root-35248::webapp_internal::send_action|10523:: send_action selenium status: False
2025-12-04 08:25:40,489-DEBUG-root-35248::webapp_internal::wait_blocker|2444:: Waiting blocker to continue...
2025-12-04 08:25:40,612-DEBUG-root-35248::webapp_internal::wait_blocker|2469:: Blocker status: False
2025-12-04 08:25:40,613-INFO-root-35248::webapp_internal::SetKey|5822:: Key pressed: TAB
2025-12-04 08:25:40,613-DEBUG-root-35248::webapp_internal::SetKey|5857:: Trying press key
2025-12-04 08:25:42,617-DEBUG-root-35248::webapp_internal::wait_blocker|2444:: Waiting blocker to continue...
2025-12-04 08:25:42,741-DEBUG-root-35248::webapp_internal::wait_blocker|2469:: Blocker status: False
2025-12-04 08:25:42,767-DEBUG-root-35248::webapp_internal::wait_blocker|2444:: Waiting blocker to continue...
2025-12-04 08:25:42,902-DEBUG-root-35248::webapp_internal::wait_blocker|2469:: Blocker status: False
2025-12-04 08:25:42,902-DEBUG-root-35248::webapp_internal::send_action|10480:: Trying to send action
2025-12-04 08:25:43,936-DEBUG-root-35248::webapp_internal::send_action|10522:: send_action method result = True
2025-12-04 08:25:43,937-DEBUG-root-35248::webapp_internal::send_action|10523:: send_action selenium status: False
2025-12-04 08:25:43,937-DEBUG-root-35248::webapp_internal::wait_blocker|2444:: Waiting blocker to continue...
2025-12-04 08:25:44,076-DEBUG-root-35248::webapp_internal::wait_blocker|2469:: Blocker status: False
2025-12-04 08:25:44,076-INFO-root-35248::webapp_internal::SetKey|5822:: Key pressed: TAB
2025-12-04 08:25:44,077-DEBUG-root-35248::webapp_internal::SetKey|5857:: Trying press key
2025-12-04 08:25:46,081-DEBUG-root-35248::webapp_internal::wait_blocker|2444:: Waiting blocker to continue...
2025-12-04 08:25:46,217-DEBUG-root-35248::webapp_internal::wait_blocker|2469:: Blocker status: False
2025-12-04 08:25:46,241-DEBUG-root-35248::webapp_internal::wait_blocker|2444:: Waiting blocker to continue...
2025-12-04 08:25:46,383-DEBUG-root-35248::webapp_internal::wait_blocker|2469:: Blocker status: False
2025-12-04 08:25:46,383-DEBUG-root-35248::webapp_internal::send_action|10480:: Trying to send action
2025-12-04 08:25:47,421-DEBUG-root-35248::webapp_internal::send_action|10522:: send_action method result = True
2025-12-04 08:25:47,421-DEBUG-root-35248::webapp_internal::send_action|10523:: send_action selenium status: False
2025-12-04 08:25:47,422-DEBUG-root-35248::webapp_internal::wait_blocker|2444:: Waiting blocker to continue...
2025-12-04 08:25:47,552-DEBUG-root-35248::webapp_internal::wait_blocker|2469:: Blocker status: False
2025-12-04 08:25:47,553-INFO-root-35248::webapp_internal::SetKey|5822:: Key pressed: TAB
2025-12-04 08:25:47,553-DEBUG-root-35248::webapp_internal::SetKey|5857:: Trying press key
2025-12-04 08:25:49,559-DEBUG-root-35248::webapp_internal::wait_blocker|2444:: Waiting blocker to continue...
2025-12-04 08:25:49,685-DEBUG-root-35248::webapp_internal::wait_blocker|2469:: Blocker status: False
2025-12-04 08:25:49,712-DEBUG-root-35248::webapp_internal::wait_blocker|2444:: Waiting blocker to continue...
2025-12-04 08:25:49,843-DEBUG-root-35248::webapp_internal::wait_blocker|2469:: Blocker status: False
2025-12-04 08:25:49,844-DEBUG-root-35248::webapp_internal::send_action|10480:: Trying to send action
2025-12-04 08:25:50,883-DEBUG-root-35248::webapp_internal::send_action|10522:: send_action method result = True
2025-12-04 08:25:50,884-DEBUG-root-35248::webapp_internal::send_action|10523:: send_action selenium status: False
2025-12-04 08:25:50,884-DEBUG-root-35248::webapp_internal::wait_blocker|2444:: Waiting blocker to continue...
2025-12-04 08:25:51,011-DEBUG-root-35248::webapp_internal::wait_blocker|2469:: Blocker status: False
2025-12-04 08:25:51,011-INFO-root-35248::webapp_internal::SetKey|5822:: Key pressed: TAB
2025-12-04 08:25:51,011-DEBUG-root-35248::webapp_internal::SetKey|5857:: Trying press key
2025-12-04 08:25:53,015-DEBUG-root-35248::webapp_internal::wait_blocker|2444:: Waiting blocker to continue...
2025-12-04 08:25:53,142-DEBUG-root-35248::webapp_internal::wait_blocker|2469:: Blocker status: False
2025-12-04 08:25:53,168-DEBUG-root-35248::webapp_internal::wait_blocker|2444:: Waiting blocker to continue...
2025-12-04 08:25:53,337-DEBUG-root-35248::webapp_internal::wait_blocker|2469:: Blocker status: False
2025-12-04 08:25:53,338-DEBUG-root-35248::webapp_internal::send_action|10480:: Trying to send action
2025-12-04 08:25:54,373-DEBUG-root-35248::webapp_internal::send_action|10522:: send_action method result = True
2025-12-04 08:25:54,373-DEBUG-root-35248::webapp_internal::send_action|10523:: send_action selenium status: False
2025-12-04 08:25:54,373-DEBUG-root-35248::webapp_internal::wait_element|7623:: Waiting for element
2025-12-04 08:25:54,448-DEBUG-root-35248::webapp_internal::wait_element|7653:: Element found! Waiting for element to be displayed.
2025-12-04 08:25:54,672-DEBUG-root-35248::webapp_internal::wait_blocker|2444:: Waiting blocker to continue...
2025-12-04 08:25:54,844-DEBUG-root-35248::webapp_internal::wait_blocker|2469:: Blocker status: False
2025-12-04 08:25:54,844-INFO-root-35248::webapp_internal::LoadGrid|6298:: Filling grid field: Data Inicio
2025-12-04 08:25:54,844-DEBUG-root-35248::webapp_internal::fill_grid|6399:: Grid loading...
2025-12-04 08:25:54,966-DEBUG-root-35248::webapp_internal::fill_grid|6466:: Column found!
2025-12-04 08:25:55,005-DEBUG-root-35248::base::click|192:: Click Type: ClickType.ACTIONCHAINS
2025-12-04 08:26:00,303-DEBUG-root-35248::webapp_internal::fill_grid|6498:: Trying open cell in grid!
2025-12-04 08:26:00,596-DEBUG-root-35248::webapp_internal::wait_blocker|2444:: Waiting blocker to continue...
2025-12-04 08:26:00,731-DEBUG-root-35248::webapp_internal::wait_blocker|2469:: Blocker status: False
2025-12-04 08:26:00,919-DEBUG-root-35248::webapp_internal::wait_element_timeout|7726:: Element found! Waiting for element to be displayed.
2025-12-04 08:26:01,248-DEBUG-root-35248::webapp_internal::fill_grid|6577:: Sending keys: 04/11/2025
2025-12-04 08:26:01,554-DEBUG-root-35248::webapp_internal::wait_blocker|2444:: Waiting blocker to continue...
2025-12-04 08:26:01,702-DEBUG-root-35248::webapp_internal::wait_blocker|2469:: Blocker status: False
2025-12-04 08:26:07,049-DEBUG-root-35248::webapp_internal::wait_blocker|2444:: Waiting blocker to continue...
2025-12-04 08:26:07,170-DEBUG-root-35248::webapp_internal::wait_blocker|2469:: Blocker status: False
2025-12-04 08:26:07,170-INFO-root-35248::webapp_internal::LoadGrid|6298:: Filling grid field: Data Fim
2025-12-04 08:26:07,171-DEBUG-root-35248::webapp_internal::fill_grid|6399:: Grid loading...
2025-12-04 08:26:07,284-DEBUG-root-35248::webapp_internal::fill_grid|6466:: Column found!
2025-12-04 08:26:07,320-DEBUG-root-35248::base::click|192:: Click Type: ClickType.ACTIONCHAINS
2025-12-04 08:26:12,769-DEBUG-root-35248::webapp_internal::fill_grid|6498:: Trying open cell in grid!
2025-12-04 08:26:13,060-DEBUG-root-35248::webapp_internal::wait_blocker|2444:: Waiting blocker to continue...
2025-12-04 08:26:13,192-DEBUG-root-35248::webapp_internal::wait_blocker|2469:: Blocker status: False
2025-12-04 08:26:13,383-DEBUG-root-35248::webapp_internal::wait_element_timeout|7726:: Element found! Waiting for element to be displayed.
2025-12-04 08:26:13,817-DEBUG-root-35248::webapp_internal::fill_grid|6577:: Sending keys: 03/01/2026
2025-12-04 08:26:14,122-DEBUG-root-35248::webapp_internal::wait_blocker|2444:: Waiting blocker to continue...
2025-12-04 08:26:14,277-DEBUG-root-35248::webapp_internal::wait_blocker|2469:: Blocker status: False
2025-12-04 08:26:19,643-DEBUG-root-35248::webapp_internal::wait_blocker|2444:: Waiting blocker to continue...
2025-12-04 08:26:19,770-DEBUG-root-35248::webapp_internal::wait_blocker|2469:: Blocker status: False
2025-12-04 08:26:19,771-INFO-root-35248::webapp_internal::LoadGrid|6298:: Filling grid field: Vlr Titular
2025-12-04 08:26:19,771-DEBUG-root-35248::webapp_internal::fill_grid|6399:: Grid loading...
2025-12-04 08:26:19,892-DEBUG-root-35248::webapp_internal::fill_grid|6466:: Column found!
2025-12-04 08:26:19,931-DEBUG-root-35248::base::click|192:: Click Type: ClickType.ACTIONCHAINS
2025-12-04 08:26:25,371-DEBUG-root-35248::webapp_internal::fill_grid|6498:: Trying open cell in grid!
2025-12-04 08:26:25,650-DEBUG-root-35248::webapp_internal::wait_blocker|2444:: Waiting blocker to continue...
2025-12-04 08:26:25,781-DEBUG-root-35248::webapp_internal::wait_blocker|2469:: Blocker status: False
2025-12-04 08:26:25,965-DEBUG-root-35248::webapp_internal::wait_element_timeout|7726:: Element found! Waiting for element to be displayed.
2025-12-04 08:26:26,170-DEBUG-root-35248::base::click|192:: Click Type: ClickType.JS
2025-12-04 08:26:26,350-DEBUG-root-35248::webapp_internal::fill_grid|6577:: Sending keys: 256
2025-12-04 08:26:26,643-DEBUG-root-35248::webapp_internal::wait_blocker|2444:: Waiting blocker to continue...
2025-12-04 08:26:26,785-DEBUG-root-35248::webapp_internal::wait_blocker|2469:: Blocker status: False
2025-12-04 08:26:26,943-DEBUG-root-35248::webapp_internal::wait_element_timeout|7726:: Element found! Waiting for element to be displayed.
2025-12-04 08:26:27,218-DEBUG-root-35248::webapp_internal::fill_grid|6466:: Column found!
2025-12-04 08:26:27,253-DEBUG-root-35248::base::click|192:: Click Type: ClickType.ACTIONCHAINS
2025-12-04 08:26:32,678-DEBUG-root-35248::webapp_internal::fill_grid|6498:: Trying open cell in grid!
2025-12-04 08:26:32,964-DEBUG-root-35248::webapp_internal::wait_blocker|2444:: Waiting blocker to continue...
2025-12-04 08:26:33,109-DEBUG-root-35248::webapp_internal::wait_blocker|2469:: Blocker status: False
2025-12-04 08:26:33,342-DEBUG-root-35248::webapp_internal::wait_element_timeout|7726:: Element found! Waiting for element to be displayed.
2025-12-04 08:26:33,502-DEBUG-root-35248::base::click|192:: Click Type: ClickType.JS
2025-12-04 08:26:33,684-DEBUG-root-35248::webapp_internal::fill_grid|6577:: Sending keys: 256
2025-12-04 08:26:33,973-DEBUG-root-35248::webapp_internal::wait_blocker|2444:: Waiting blocker to continue...
2025-12-04 08:26:34,104-DEBUG-root-35248::webapp_internal::wait_blocker|2469:: Blocker status: False
2025-12-04 08:26:34,264-DEBUG-root-35248::webapp_internal::wait_element_timeout|7726:: Element found! Waiting for element to be displayed.
2025-12-04 08:26:34,537-DEBUG-root-35248::webapp_internal::fill_grid|6466:: Column found!
2025-12-04 08:26:34,572-DEBUG-root-35248::base::click|192:: Click Type: ClickType.ACTIONCHAINS
2025-12-04 08:26:39,872-DEBUG-root-35248::webapp_internal::fill_grid|6498:: Trying open cell in grid!
2025-12-04 08:26:40,137-DEBUG-root-35248::webapp_internal::wait_blocker|2444:: Waiting blocker to continue...
2025-12-04 08:26:40,294-DEBUG-root-35248::webapp_internal::wait_blocker|2469:: Blocker status: False
2025-12-04 08:26:40,478-DEBUG-root-35248::webapp_internal::wait_element_timeout|7726:: Element found! Waiting for element to be displayed.
2025-12-04 08:26:40,637-DEBUG-root-35248::base::click|192:: Click Type: ClickType.JS
2025-12-04 08:26:40,817-DEBUG-root-35248::webapp_internal::fill_grid|6577:: Sending keys: 256
2025-12-04 08:26:41,115-DEBUG-root-35248::webapp_internal::wait_blocker|2444:: Waiting blocker to continue...
2025-12-04 08:26:41,286-DEBUG-root-35248::webapp_internal::wait_blocker|2469:: Blocker status: False
2025-12-04 08:26:41,445-DEBUG-root-35248::webapp_internal::wait_element_timeout|7726:: Element found! Waiting for element to be displayed.
2025-12-04 08:26:41,717-DEBUG-root-35248::webapp_internal::fill_grid|6466:: Column found!
2025-12-04 08:26:41,753-DEBUG-root-35248::base::click|192:: Click Type: ClickType.ACTIONCHAINS
2025-12-04 08:26:47,210-DEBUG-root-35248::webapp_internal::fill_grid|6498:: Trying open cell in grid!
2025-12-04 08:26:47,493-DEBUG-root-35248::webapp_internal::wait_blocker|2444:: Waiting blocker to continue...
2025-12-04 08:26:47,648-DEBUG-root-35248::webapp_internal::wait_blocker|2469:: Blocker status: False
2025-12-04 08:26:47,860-DEBUG-root-35248::webapp_internal::wait_element_timeout|7726:: Element found! Waiting for element to be displayed.
2025-12-04 08:26:48,063-DEBUG-root-35248::base::click|192:: Click Type: ClickType.JS
2025-12-04 08:26:48,285-DEBUG-root-35248::webapp_internal::fill_grid|6577:: Sending keys: 256
2025-12-04 08:26:48,578-DEBUG-root-35248::webapp_internal::wait_blocker|2444:: Waiting blocker to continue...
2025-12-04 08:26:48,706-DEBUG-root-35248::webapp_internal::wait_blocker|2469:: Blocker status: False
2025-12-04 08:26:48,867-DEBUG-root-35248::webapp_internal::wait_element_timeout|7726:: Element found! Waiting for element to be displayed.
2025-12-04 08:26:49,160-DEBUG-root-35248::webapp_internal::fill_grid|6466:: Column found!
2025-12-04 08:26:49,199-DEBUG-root-35248::base::click|192:: Click Type: ClickType.ACTIONCHAINS
2025-12-04 08:26:54,612-DEBUG-root-35248::webapp_internal::fill_grid|6498:: Trying open cell in grid!
2025-12-04 08:26:54,902-DEBUG-root-35248::webapp_internal::wait_blocker|2444:: Waiting blocker to continue...
2025-12-04 08:26:55,051-DEBUG-root-35248::webapp_internal::wait_blocker|2469:: Blocker status: False
2025-12-04 08:26:56,049-DEBUG-root-35248::webapp_internal::wait_element_timeout|7726:: Element found! Waiting for element to be displayed.
2025-12-04 08:26:56,235-DEBUG-root-35248::base::click|192:: Click Type: ClickType.JS
2025-12-04 08:26:56,416-DEBUG-root-35248::webapp_internal::fill_grid|6577:: Sending keys: 256
2025-12-04 08:26:56,706-DEBUG-root-35248::webapp_internal::wait_blocker|2444:: Waiting blocker to continue...
2025-12-04 08:26:56,836-DEBUG-root-35248::webapp_internal::wait_blocker|2469:: Blocker status: False
2025-12-04 08:26:56,990-DEBUG-root-35248::webapp_internal::wait_element_timeout|7726:: Element found! Waiting for element to be displayed.
2025-12-04 08:26:57,265-DEBUG-root-35248::webapp_internal::fill_grid|6466:: Column found!
2025-12-04 08:26:57,310-DEBUG-root-35248::base::click|192:: Click Type: ClickType.ACTIONCHAINS
2025-12-04 08:27:02,763-DEBUG-root-35248::webapp_internal::fill_grid|6498:: Trying open cell in grid!
2025-12-04 08:27:03,054-DEBUG-root-35248::webapp_internal::wait_blocker|2444:: Waiting blocker to continue...
2025-12-04 08:27:03,212-DEBUG-root-35248::webapp_internal::wait_blocker|2469:: Blocker status: False
2025-12-04 08:27:03,399-DEBUG-root-35248::webapp_internal::wait_element_timeout|7726:: Element found! Waiting for element to be displayed.
2025-12-04 08:27:03,605-DEBUG-root-35248::base::click|192:: Click Type: ClickType.JS
2025-12-04 08:27:03,783-DEBUG-root-35248::webapp_internal::fill_grid|6577:: Sending keys: 256
2025-12-04 08:27:04,083-DEBUG-root-35248::webapp_internal::wait_blocker|2444:: Waiting blocker to continue...
2025-12-04 08:27:04,206-DEBUG-root-35248::webapp_internal::wait_blocker|2469:: Blocker status: False
2025-12-04 08:27:04,361-DEBUG-root-35248::webapp_internal::wait_element_timeout|7726:: Element found! Waiting for element to be displayed.
2025-12-04 08:27:04,680-DEBUG-root-35248::webapp_internal::fill_grid|6466:: Column found!
2025-12-04 08:27:04,718-DEBUG-root-35248::base::click|192:: Click Type: ClickType.ACTIONCHAINS
2025-12-04 08:27:06,644-DEBUG-root-35248::webapp_internal::wait_element_timeout|7726:: Element found! Waiting for element to be displayed.
2025-12-04 08:27:06,823-DEBUG-root-35248::base::click|192:: Click Type: ClickType.JS
2025-12-04 08:27:07,019-DEBUG-root-35248::webapp_internal::fill_grid|6577:: Sending keys: 256
2025-12-04 08:27:07,315-DEBUG-root-35248::webapp_internal::wait_blocker|2444:: Waiting blocker to continue...
2025-12-04 08:27:07,493-DEBUG-root-35248::webapp_internal::wait_blocker|2469:: Blocker status: False
2025-12-04 08:27:07,645-DEBUG-root-35248::webapp_internal::wait_element_timeout|7726:: Element found! Waiting for element to be displayed.
2025-12-04 08:27:07,917-DEBUG-root-35248::webapp_internal::fill_grid|6466:: Column found!
2025-12-04 08:27:07,954-DEBUG-root-35248::base::click|192:: Click Type: ClickType.ACTIONCHAINS
2025-12-04 08:27:13,395-DEBUG-root-35248::webapp_internal::fill_grid|6498:: Trying open cell in grid!
2025-12-04 08:27:13,685-DEBUG-root-35248::webapp_internal::wait_blocker|2444:: Waiting blocker to continue...
2025-12-04 08:27:13,849-DEBUG-root-35248::webapp_internal::wait_blocker|2469:: Blocker status: False
2025-12-04 08:27:14,033-DEBUG-root-35248::webapp_internal::wait_element_timeout|7726:: Element found! Waiting for element to be displayed.
2025-12-04 08:27:14,196-DEBUG-root-35248::base::click|192:: Click Type: ClickType.JS
2025-12-04 08:27:14,372-DEBUG-root-35248::webapp_internal::fill_grid|6577:: Sending keys: 256
2025-12-04 08:27:14,670-DEBUG-root-35248::webapp_internal::wait_blocker|2444:: Waiting blocker to continue...
2025-12-04 08:27:14,806-DEBUG-root-35248::webapp_internal::wait_blocker|2469:: Blocker status: False
2025-12-04 08:27:14,964-DEBUG-root-35248::webapp_internal::wait_element_timeout|7726:: Element found! Waiting for element to be displayed.
2025-12-04 08:27:15,240-DEBUG-root-35248::webapp_internal::fill_grid|6466:: Column found!
2025-12-04 08:27:15,278-DEBUG-root-35248::base::click|192:: Click Type: ClickType.ACTIONCHAINS
2025-12-04 08:27:20,720-DEBUG-root-35248::webapp_internal::fill_grid|6498:: Trying open cell in grid!
2025-12-04 08:27:21,014-DEBUG-root-35248::webapp_internal::wait_blocker|2444:: Waiting blocker to continue...
2025-12-04 08:27:21,185-DEBUG-root-35248::webapp_internal::wait_blocker|2469:: Blocker status: False
2025-12-04 08:27:21,365-DEBUG-root-35248::webapp_internal::wait_element_timeout|7726:: Element found! Waiting for element to be displayed.
2025-12-04 08:27:21,522-DEBUG-root-35248::base::click|192:: Click Type: ClickType.JS
2025-12-04 08:27:21,701-DEBUG-root-35248::webapp_internal::fill_grid|6577:: Sending keys: 256
2025-12-04 08:27:21,987-DEBUG-root-35248::webapp_internal::wait_blocker|2444:: Waiting blocker to continue...
2025-12-04 08:27:22,160-DEBUG-root-35248::webapp_internal::wait_blocker|2469:: Blocker status: False
2025-12-04 08:27:22,317-DEBUG-root-35248::webapp_internal::wait_element_timeout|7726:: Element found! Waiting for element to be displayed.
2025-12-04 08:27:22,602-DEBUG-root-35248::webapp_internal::fill_grid|6466:: Column found!
2025-12-04 08:27:22,636-DEBUG-root-35248::base::click|192:: Click Type: ClickType.ACTIONCHAINS
2025-12-04 08:27:28,016-DEBUG-root-35248::webapp_internal::fill_grid|6498:: Trying open cell in grid!
2025-12-04 08:27:28,298-DEBUG-root-35248::webapp_internal::wait_blocker|2444:: Waiting blocker to continue...
2025-12-04 08:27:28,467-DEBUG-root-35248::webapp_internal::wait_blocker|2469:: Blocker status: False
2025-12-04 08:27:28,649-DEBUG-root-35248::webapp_internal::wait_element_timeout|7726:: Element found! Waiting for element to be displayed.
2025-12-04 08:27:28,864-DEBUG-root-35248::base::click|192:: Click Type: ClickType.JS
2025-12-04 08:27:29,046-DEBUG-root-35248::webapp_internal::fill_grid|6577:: Sending keys: 256
2025-12-04 08:27:29,339-DEBUG-root-35248::webapp_internal::wait_blocker|2444:: Waiting blocker to continue...
2025-12-04 08:27:29,488-DEBUG-root-35248::webapp_internal::wait_blocker|2469:: Blocker status: False
2025-12-04 08:27:29,644-DEBUG-root-35248::webapp_internal::wait_element_timeout|7726:: Element found! Waiting for element to be displayed.
2025-12-04 08:27:29,920-DEBUG-root-35248::webapp_internal::fill_grid|6466:: Column found!
2025-12-04 08:27:29,955-DEBUG-root-35248::base::click|192:: Click Type: ClickType.ACTIONCHAINS
2025-12-04 08:27:32,146-ERROR-root-35248::webapp_internal::fill_grid|6675:: fill grid error: Message: WebDriver session does not exist, or is not active
Stacktrace:
RemoteError@chrome://remote/content/shared/RemoteError.sys.mjs:8:8
WebDriverError@chrome://remote/content/shared/webdriver/Errors.sys.mjs:202:5
InvalidSessionIDError@chrome://remote/content/shared/webdriver/Errors.sys.mjs:472:5
assert.that/<@chrome://remote/content/shared/webdriver/Assert.sys.mjs:581:13
assert.session@chrome://remote/content/shared/webdriver/Assert.sys.mjs:38:4
dispatch@chrome://remote/content/marionette/server.sys.mjs:315:19
execute@chrome://remote/content/marionette/server.sys.mjs:289:16
onPacket/<@chrome://remote/content/marionette/server.sys.mjs:262:20
onPacket@chrome://remote/content/marionette/server.sys.mjs:263:9
_onJSONObjectReady/<@chrome://remote/content/marionette/transport.sys.mjs:494:20
Traceback (most recent call last):
  File "C:\TIR_TESTE\venv\Lib\site-packages\tir\technologies\core\base.py", line 501, in get_current_DOM
    self.driver.switch_to.default_content()
  File "C:\TIR_TESTE\venv\Lib\site-packages\selenium\webdriver\remote\switch_to.py", line 69, in default_content
    self._driver.execute(Command.SWITCH_TO_FRAME, {"id": None})
  File "C:\TIR_TESTE\venv\Lib\site-packages\selenium\webdriver\remote\webdriver.py", line 347, in execute
    self.error_handler.check_response(response)
  File "C:\TIR_TESTE\venv\Lib\site-packages\selenium\webdriver\remote\errorhandler.py", line 229, in check_response
    raise exception_class(message, screen, stacktrace)
selenium.common.exceptions.NoSuchWindowException: Message: BrowsingContext does no longer exist
Stacktrace:
RemoteError@chrome://remote/content/shared/RemoteError.sys.mjs:8:8
WebDriverError@chrome://remote/content/shared/webdriver/Errors.sys.mjs:202:5
NoSuchWindowError@chrome://remote/content/shared/webdriver/Errors.sys.mjs:782:5
getMarionetteCommandsActorProxy/get/<@chrome://remote/content/marionette/actors/MarionetteCommandsParent.sys.mjs:392:21
GeckoDriver.prototype.switchToFrame@chrome://remote/content/marionette/driver.sys.mjs:1671:57
ssi_onQuitApplicationGranted@resource:///modules/sessionstore/SessionStore.sys.mjs:2822:19
ssi_observe@resource:///modules/sessionstore/SessionStore.sys.mjs:1543:14


During handling of the above exception, another exception occurred:

Traceback (most recent call last):
  File "C:\TIR_TESTE\venv\Lib\site-packages\tir\technologies\webapp_internal.py", line 6492, in fill_grid
    while (time.time() < endtime_open_cell and not self.wait_element_timeout(term='wa-dialog',
                                                   ^^^^^^^^^^^^^^^^^^^^^^^^^^^^^^^^^^^^^^^^^^^
  File "C:\TIR_TESTE\venv\Lib\site-packages\tir\technologies\webapp_internal.py", line 7713, in wait_element_timeout
    if self.element_exists(term, scrap_type, position, optional_term, main_container, check_error, twebview):
       ^^^^^^^^^^^^^^^^^^^^^^^^^^^^^^^^^^^^^^^^^^^^^^^^^^^^^^^^^^^^^^^^^^^^^^^^^^^^^^^^^^^^^^^^^^^^^^^^^^^^^
  File "C:\TIR_TESTE\venv\Lib\site-packages\tir\technologies\webapp_internal.py", line 4073, in element_exists
    soup = self.get_current_DOM(twebview=twebview)
           ^^^^^^^^^^^^^^^^^^^^^^^^^^^^^^^^^^^^^^^
  File "C:\TIR_TESTE\venv\Lib\site-packages\tir\technologies\core\base.py", line 538, in get_current_DOM
    self.driver.switch_to.default_content()
  File "C:\TIR_TESTE\venv\Lib\site-packages\selenium\webdriver\remote\switch_to.py", line 69, in default_content
    self._driver.execute(Command.SWITCH_TO_FRAME, {"id": None})
  File "C:\TIR_TESTE\venv\Lib\site-packages\selenium\webdriver\remote\webdriver.py", line 347, in execute
    self.error_handler.check_response(response)
  File "C:\TIR_TESTE\venv\Lib\site-packages\selenium\webdriver\remote\errorhandler.py", line 229, in check_response
    raise exception_class(message, screen, stacktrace)
selenium.common.exceptions.InvalidSessionIdException: Message: WebDriver session does not exist, or is not active
Stacktrace:
RemoteError@chrome://remote/content/shared/RemoteError.sys.mjs:8:8
WebDriverError@chrome://remote/content/shared/webdriver/Errors.sys.mjs:202:5
InvalidSessionIDError@chrome://remote/content/shared/webdriver/Errors.sys.mjs:472:5
assert.that/<@chrome://remote/content/shared/webdriver/Assert.sys.mjs:581:13
assert.session@chrome://remote/content/shared/webdriver/Assert.sys.mjs:38:4
dispatch@chrome://remote/content/marionette/server.sys.mjs:315:19
execute@chrome://remote/content/marionette/server.sys.mjs:289:16
onPacket/<@chrome://remote/content/marionette/server.sys.mjs:262:20
onPacket@chrome://remote/content/marionette/server.sys.mjs:263:9
_onJSONObjectReady/<@chrome://remote/content/marionette/transport.sys.mjs:494:20

2025-12-04 08:27:32,150-WARNING-root-35248::webapp_internal::log_error|8143:: Warning log_error fill grid error: Message: WebDriver session does not exist, or is not active
Stacktrace:
RemoteError@chrome://remote/content/shared/RemoteError.sys.mjs:8:8
WebDriverError@chrome://remote/content/shared/webdriver/Errors.sys.mjs:202:5
InvalidSessionIDError@chrome://remote/content/shared/webdriver/Errors.sys.mjs:472:5
assert.that/<@chrome://remote/content/shared/webdriver/Assert.sys.mjs:581:13
assert.session@chrome://remote/content/shared/webdriver/Assert.sys.mjs:38:4
dispatch@chrome://remote/content/marionette/server.sys.mjs:315:19
execute@chrome://remote/content/marionette/server.sys.mjs:289:16
onPacket/<@chrome://remote/content/marionette/server.sys.mjs:262:20
onPacket@chrome://remote/content/marionette/server.sys.mjs:263:9
_onJSONObjectReady/<@chrome://remote/content/marionette/transport.sys.mjs:494:20

2025-12-04 08:27:32,150-DEBUG-root-35248::webapp_internal::log_error|8146:: ***System Info*** in log_error():
2025-12-04 08:27:32,152-DEBUG-root-35248::psutil_info::system_info|5:: CPU USAGE: 10.2%
2025-12-04 08:27:32,153-DEBUG-root-35248::psutil_info::system_info|6:: MEMORY USAGE: 87.6%
2025-12-04 08:27:32,154-DEBUG-root-35248::psutil_info::system_info|7:: MEMORY AVAILABLE: 12.43%
2025-12-04 08:27:32,486-ERROR-root-35248::webapp_internal::log_error|8181:: Warning Log Error Close Message: Failed to decode response from marionette
Traceback (most recent call last):
  File "C:\TIR_TESTE\venv\Lib\site-packages\tir\technologies\core\base.py", line 501, in get_current_DOM
    self.driver.switch_to.default_content()
  File "C:\TIR_TESTE\venv\Lib\site-packages\selenium\webdriver\remote\switch_to.py", line 69, in default_content
    self._driver.execute(Command.SWITCH_TO_FRAME, {"id": None})
  File "C:\TIR_TESTE\venv\Lib\site-packages\selenium\webdriver\remote\webdriver.py", line 347, in execute
    self.error_handler.check_response(response)
  File "C:\TIR_TESTE\venv\Lib\site-packages\selenium\webdriver\remote\errorhandler.py", line 229, in check_response
    raise exception_class(message, screen, stacktrace)
selenium.common.exceptions.NoSuchWindowException: Message: BrowsingContext does no longer exist
Stacktrace:
RemoteError@chrome://remote/content/shared/RemoteError.sys.mjs:8:8
WebDriverError@chrome://remote/content/shared/webdriver/Errors.sys.mjs:202:5
NoSuchWindowError@chrome://remote/content/shared/webdriver/Errors.sys.mjs:782:5
getMarionetteCommandsActorProxy/get/<@chrome://remote/content/marionette/actors/MarionetteCommandsParent.sys.mjs:392:21
GeckoDriver.prototype.switchToFrame@chrome://remote/content/marionette/driver.sys.mjs:1671:57
ssi_onQuitApplicationGranted@resource:///modules/sessionstore/SessionStore.sys.mjs:2822:19
ssi_observe@resource:///modules/sessionstore/SessionStore.sys.mjs:1543:14


During handling of the above exception, another exception occurred:

Traceback (most recent call last):
  File "C:\TIR_TESTE\venv\Lib\site-packages\tir\technologies\webapp_internal.py", line 6492, in fill_grid
    while (time.time() < endtime_open_cell and not self.wait_element_timeout(term='wa-dialog',
                                                   ^^^^^^^^^^^^^^^^^^^^^^^^^^^^^^^^^^^^^^^^^^^
  File "C:\TIR_TESTE\venv\Lib\site-packages\tir\technologies\webapp_internal.py", line 7713, in wait_element_timeout
    if self.element_exists(term, scrap_type, position, optional_term, main_container, check_error, twebview):
       ^^^^^^^^^^^^^^^^^^^^^^^^^^^^^^^^^^^^^^^^^^^^^^^^^^^^^^^^^^^^^^^^^^^^^^^^^^^^^^^^^^^^^^^^^^^^^^^^^^^^^
  File "C:\TIR_TESTE\venv\Lib\site-packages\tir\technologies\webapp_internal.py", line 4073, in element_exists
    soup = self.get_current_DOM(twebview=twebview)
           ^^^^^^^^^^^^^^^^^^^^^^^^^^^^^^^^^^^^^^^
  File "C:\TIR_TESTE\venv\Lib\site-packages\tir\technologies\core\base.py", line 538, in get_current_DOM
    self.driver.switch_to.default_content()
  File "C:\TIR_TESTE\venv\Lib\site-packages\selenium\webdriver\remote\switch_to.py", line 69, in default_content
    self._driver.execute(Command.SWITCH_TO_FRAME, {"id": None})
  File "C:\TIR_TESTE\venv\Lib\site-packages\selenium\webdriver\remote\webdriver.py", line 347, in execute
    self.error_handler.check_response(response)
  File "C:\TIR_TESTE\venv\Lib\site-packages\selenium\webdriver\remote\errorhandler.py", line 229, in check_response
    raise exception_class(message, screen, stacktrace)
selenium.common.exceptions.InvalidSessionIdException: Message: WebDriver session does not exist, or is not active
Stacktrace:
RemoteError@chrome://remote/content/shared/RemoteError.sys.mjs:8:8
WebDriverError@chrome://remote/content/shared/webdriver/Errors.sys.mjs:202:5
InvalidSessionIDError@chrome://remote/content/shared/webdriver/Errors.sys.mjs:472:5
assert.that/<@chrome://remote/content/shared/webdriver/Assert.sys.mjs:581:13
assert.session@chrome://remote/content/shared/webdriver/Assert.sys.mjs:38:4
dispatch@chrome://remote/content/marionette/server.sys.mjs:315:19
execute@chrome://remote/content/marionette/server.sys.mjs:289:16
onPacket/<@chrome://remote/content/marionette/server.sys.mjs:262:20
onPacket@chrome://remote/content/marionette/server.sys.mjs:263:9
_onJSONObjectReady/<@chrome://remote/content/marionette/transport.sys.mjs:494:20


During handling of the above exception, another exception occurred:

Traceback (most recent call last):
  File "C:\TIR_TESTE\venv\Lib\site-packages\tir\technologies\webapp_internal.py", line 8179, in log_error
    self.driver.close()
  File "C:\TIR_TESTE\venv\Lib\site-packages\selenium\webdriver\remote\webdriver.py", line 458, in close
    self.execute(Command.CLOSE)
  File "C:\TIR_TESTE\venv\Lib\site-packages\selenium\webdriver\remote\webdriver.py", line 347, in execute
    self.error_handler.check_response(response)
  File "C:\TIR_TESTE\venv\Lib\site-packages\selenium\webdriver\remote\errorhandler.py", line 229, in check_response
    raise exception_class(message, screen, stacktrace)
selenium.common.exceptions.WebDriverException: Message: Failed to decode response from marionette

2025-12-04 08:27:32,974-ERROR-root-35248::webapp_internal::TearDown|9654:: Warning tearDown Close Message: Tried to run command without establishing a connection
Traceback (most recent call last):
  File "C:\TIR_TESTE\venv\Lib\site-packages\tir\technologies\webapp_internal.py", line 9652, in TearDown
    self.driver.close()
  File "C:\TIR_TESTE\venv\Lib\site-packages\selenium\webdriver\remote\webdriver.py", line 458, in close
    self.execute(Command.CLOSE)
  File "C:\TIR_TESTE\venv\Lib\site-packages\selenium\webdriver\remote\webdriver.py", line 347, in execute
    self.error_handler.check_response(response)
  File "C:\TIR_TESTE\venv\Lib\site-packages\selenium\webdriver\remote\errorhandler.py", line 229, in check_response
    raise exception_class(message, screen, stacktrace)
selenium.common.exceptions.InvalidSessionIdException: Message: Tried to run command without establishing a connection

