2025-12-08 07:57:02,423-DEBUG-root-25680::logging_config::logger|189:: Log file created: 'Log\GESIT03\TIR__20251208075702417.log'
2025-12-08 07:57:02,424-INFO-root-25680::base::Start|1183:: TIR Version: 2.4.3
2025-12-08 07:57:02,424-INFO-root-25680::base::Start|1184:: Python Version: 3.12.10
2025-12-08 07:57:02,424-INFO-root-25680::base::Start|1185:: Starting the browser
2025-12-08 07:57:09,646-INFO-root-25680::base::get_url|1294:: Page is ready!
2025-12-08 07:57:09,650-INFO-root-25680::base::Start|1256:: Browser maximized to 1936x1048
2025-12-08 07:57:09,651-INFO-root-25680::base::Start|1258:: Screen size is different from default used in headless mode
2025-12-08 07:57:09,840-INFO-root-25680::webapp_internal::Setup|247:: ***System Info*** in Setup():
2025-12-08 07:57:09,841-DEBUG-root-25680::psutil_info::system_info|5:: CPU USAGE: 17.1%
2025-12-08 07:57:09,841-DEBUG-root-25680::psutil_info::system_info|6:: MEMORY USAGE: 84.3%
2025-12-08 07:57:09,841-DEBUG-root-25680::psutil_info::system_info|7:: MEMORY AVAILABLE: 15.68%
2025-12-08 07:57:09,893-INFO-root-25680::base::webapp_shadowroot|1394:: Webapp: 10.1.6-RC4
2025-12-08 07:57:10,094-INFO-root-25680::webapp_internal::filling_initial_program|449:: Filling Initial Program: "SIGAMDI"
2025-12-08 07:57:10,094-DEBUG-root-25680::webapp_internal::wait_element|7623:: Waiting for element
2025-12-08 07:57:10,358-DEBUG-root-25680::webapp_internal::wait_element|7653:: Element found! Waiting for element to be displayed.
2025-12-08 07:57:10,510-DEBUG-root-25680::base::click|192:: Click Type: ClickType.JS
2025-12-08 07:57:10,515-DEBUG-root-25680::webapp_internal::try_send_keys|7976:: Trying to send keys to element using technique 0
2025-12-08 07:57:10,861-DEBUG-root-25680::webapp_internal::get_web_value|3232:: Current value: SIGAMDI
2025-12-08 07:57:10,862-INFO-root-25680::webapp_internal::filling_server_environment|463:: Filling Server Environment: "POUPEX_TST"
2025-12-08 07:57:10,862-DEBUG-root-25680::webapp_internal::wait_element|7623:: Waiting for element
2025-12-08 07:57:10,886-DEBUG-root-25680::webapp_internal::wait_element|7653:: Element found! Waiting for element to be displayed.
2025-12-08 07:57:11,048-DEBUG-root-25680::base::click|192:: Click Type: ClickType.JS
2025-12-08 07:57:11,053-DEBUG-root-25680::webapp_internal::try_send_keys|7976:: Trying to send keys to element using technique 0
2025-12-08 07:57:11,365-DEBUG-root-25680::webapp_internal::get_web_value|3232:: Current value: POUPEX_TST
2025-12-08 07:57:11,388-DEBUG-root-25680::base::click|192:: Click Type: ClickType.JS
2025-12-08 07:57:11,400-DEBUG-root-25680::webapp_internal::user_screen|519:: Filling user screen
2025-12-08 07:57:17,786-DEBUG-root-25680::base::scroll_to_element|759:: ********Warining scroll_to_element exception: Message: TypeError: can't access property "scrollIntoView", arguments[0] is null
Stacktrace:
@https://qasrverp:10020/webapp/:2:7
@https://qasrverp:10020/webapp/:3:8
*********
2025-12-08 07:57:17,818-DEBUG-root-25680::webapp_internal::wait_element_timeout|7726:: Element found! Waiting for element to be displayed.
2025-12-08 07:57:17,873-DEBUG-root-25680::base::scroll_to_element|759:: ********Warining scroll_to_element exception: Message: TypeError: can't access property "scrollIntoView", arguments[0] is null
Stacktrace:
@https://qasrverp:10020/webapp/:2:7
@https://qasrverp:10020/webapp/:3:8
*********
2025-12-08 07:57:18,001-INFO-root-25680::webapp_internal::user_screen|561:: Filling User
2025-12-08 07:57:18,031-DEBUG-root-25680::base::double_click|259:: Click Type: ClickType.SELENIUM
2025-12-08 07:57:18,211-DEBUG-root-25680::webapp_internal::get_web_value|3232:: Current value: 97137227104
2025-12-08 07:57:18,233-INFO-root-25680::webapp_internal::user_screen|621:: Filling Password
2025-12-08 07:57:18,255-DEBUG-root-25680::base::click|192:: Click Type: ClickType.JS
2025-12-08 07:57:18,323-DEBUG-root-25680::webapp_internal::get_web_value|3232:: Current value: Val20221080080094+
2025-12-08 07:57:18,323-DEBUG-root-25680::webapp_internal::wait_blocker|2444:: Waiting blocker to continue...
2025-12-08 07:57:18,349-DEBUG-root-25680::webapp_internal::wait_blocker|2469:: Blocker status: None
2025-12-08 07:57:18,369-DEBUG-root-25680::webapp_internal::wait_blocker|2444:: Waiting blocker to continue...
2025-12-08 07:57:18,395-DEBUG-root-25680::webapp_internal::wait_blocker|2469:: Blocker status: None
2025-12-08 07:57:18,428-DEBUG-root-25680::webapp_internal::wait_blocker|2444:: Waiting blocker to continue...
2025-12-08 07:57:18,461-DEBUG-root-25680::webapp_internal::wait_blocker|2469:: Blocker status: None
2025-12-08 07:57:18,462-DEBUG-root-25680::webapp_internal::send_action|10480:: Trying to send action
2025-12-08 07:57:18,468-DEBUG-root-25680::base::click|192:: Click Type: ClickType.JS
2025-12-08 07:57:19,508-DEBUG-root-25680::webapp_internal::send_action|10522:: send_action method result = True
2025-12-08 07:57:19,508-DEBUG-root-25680::webapp_internal::send_action|10523:: send_action selenium status: False
2025-12-08 07:57:21,818-DEBUG-root-25680::base::scroll_to_element|759:: ********Warining scroll_to_element exception: Message: TypeError: can't access property "scrollIntoView", arguments[0] is null
Stacktrace:
@https://qasrverp:10020/webapp/:2:7
@https://qasrverp:10020/webapp/:3:8
*********
2025-12-08 07:57:21,868-INFO-root-25680::webapp_internal::filling_date|885:: Filling Date: "08/12/2025"
2025-12-08 07:57:21,868-DEBUG-root-25680::webapp_internal::wait_blocker|2444:: Waiting blocker to continue...
2025-12-08 07:57:21,903-DEBUG-root-25680::webapp_internal::wait_blocker|2469:: Blocker status: None
2025-12-08 07:57:21,906-DEBUG-root-25680::base::click|192:: Click Type: ClickType.JS
2025-12-08 07:57:21,928-DEBUG-root-25680::webapp_internal::try_send_keys|7976:: Trying to send keys to element using technique 1
2025-12-08 07:57:21,995-DEBUG-root-25680::webapp_internal::get_web_value|3232:: Current value: 08/12/2025
2025-12-08 07:57:23,070-INFO-root-25680::webapp_internal::filling_group|955:: Filling Group: "02"
2025-12-08 07:57:23,070-DEBUG-root-25680::webapp_internal::wait_blocker|2444:: Waiting blocker to continue...
2025-12-08 07:57:23,104-DEBUG-root-25680::webapp_internal::wait_blocker|2469:: Blocker status: None
2025-12-08 07:57:23,107-DEBUG-root-25680::base::click|192:: Click Type: ClickType.JS
2025-12-08 07:57:23,153-DEBUG-root-25680::webapp_internal::get_web_value|3232:: Current value: 02
2025-12-08 07:57:24,209-INFO-root-25680::webapp_internal::filling_branch|1047:: Filling Branch: "02DF0001"
2025-12-08 07:57:24,210-DEBUG-root-25680::webapp_internal::wait_blocker|2444:: Waiting blocker to continue...
2025-12-08 07:57:24,240-DEBUG-root-25680::webapp_internal::wait_blocker|2469:: Blocker status: None
2025-12-08 07:57:24,243-DEBUG-root-25680::base::click|192:: Click Type: ClickType.JS
2025-12-08 07:57:24,310-DEBUG-root-25680::webapp_internal::get_web_value|3232:: Current value: 02DF0001
2025-12-08 07:57:25,390-INFO-root-25680::webapp_internal::filling_environment|1113:: Filling Environment: "07"
2025-12-08 07:57:25,390-DEBUG-root-25680::webapp_internal::wait_blocker|2444:: Waiting blocker to continue...
2025-12-08 07:57:25,423-DEBUG-root-25680::webapp_internal::wait_blocker|2469:: Blocker status: None
2025-12-08 07:57:25,426-DEBUG-root-25680::base::click|192:: Click Type: ClickType.JS
2025-12-08 07:57:25,489-DEBUG-root-25680::webapp_internal::get_web_value|3232:: Current value: 07
2025-12-08 07:57:26,496-DEBUG-root-25680::webapp_internal::close_warning_screen|1489:: Closing warning screen!
2025-12-08 07:57:27,534-DEBUG-root-25680::webapp_internal::check_screen_element|1291:: Checking screen element: "Atenção": False
2025-12-08 07:57:28,636-INFO-root-25680::webapp_internal::environment_screen|796:: Clicking on Button
2025-12-08 07:57:28,637-DEBUG-root-25680::webapp_internal::wait_blocker|2444:: Waiting blocker to continue...
2025-12-08 07:57:28,668-DEBUG-root-25680::webapp_internal::wait_blocker|2469:: Blocker status: None
2025-12-08 07:57:28,671-DEBUG-root-25680::base::click|192:: Click Type: ClickType.JS
2025-12-08 07:57:29,686-DEBUG-root-25680::base::click|192:: Click Type: ClickType.JS
2025-12-08 07:57:30,693-DEBUG-root-25680::base::click|192:: Click Type: ClickType.JS
2025-12-08 07:57:31,702-DEBUG-root-25680::base::click|192:: Click Type: ClickType.JS
2025-12-08 07:57:32,709-DEBUG-root-25680::base::click|192:: Click Type: ClickType.JS
2025-12-08 07:57:33,716-DEBUG-root-25680::base::click|192:: Click Type: ClickType.JS
2025-12-08 07:57:34,723-DEBUG-root-25680::webapp_internal::close_screen_before_menu|368:: Closing screen before the menu
2025-12-08 07:57:34,769-DEBUG-root-25680::webapp_internal::close_warning_screen|1489:: Closing warning screen!
2025-12-08 07:57:35,811-DEBUG-root-25680::webapp_internal::check_screen_element|1291:: Checking screen element: "Atenção": False
2025-12-08 07:57:35,811-DEBUG-root-25680::webapp_internal::close_coin_screen|1424:: Closing coin screen!
2025-12-08 07:57:36,367-DEBUG-root-25680::base::click|192:: Click Type: ClickType.JS
2025-12-08 07:57:36,421-DEBUG-root-25680::webapp_internal::close_warning_screen|1489:: Closing warning screen!
2025-12-08 07:57:37,597-DEBUG-root-25680::webapp_internal::check_screen_element|1291:: Checking screen element: "Atenção": False
2025-12-08 07:57:37,597-DEBUG-root-25680::webapp_internal::close_coin_screen|1424:: Closing coin screen!
2025-12-08 07:57:37,926-INFO-root-25680::webapp_internal::set_log_info|1623:: Getting log info
2025-12-08 07:57:37,926-INFO-root-25680::webapp_internal::SetLateralMenu|4184:: Navigating lateral menu: Ajuda > Sobre
2025-12-08 07:57:37,991-DEBUG-root-25680::webapp_internal::wait_element|7623:: Waiting for element
2025-12-08 07:57:38,103-DEBUG-root-25680::webapp_internal::wait_element|7653:: Element found! Waiting for element to be displayed.
2025-12-08 07:57:38,344-INFO-root-25680::webapp_internal::SetLateralMenu|4203:: Menu item: "Ajuda"
2025-12-08 07:57:38,344-DEBUG-root-25680::webapp_internal::wait_blocker|2444:: Waiting blocker to continue...
2025-12-08 07:57:38,424-DEBUG-root-25680::webapp_internal::wait_blocker|2469:: Blocker status: False
2025-12-08 07:57:38,916-DEBUG-root-25680::webapp_internal::wait_element_timeout|7726:: Element found! Waiting for element to be displayed.
2025-12-08 07:57:39,411-DEBUG-root-25680::webapp_internal::wait_blocker|2444:: Waiting blocker to continue...
2025-12-08 07:57:39,488-DEBUG-root-25680::webapp_internal::wait_blocker|2469:: Blocker status: False
2025-12-08 07:57:41,784-INFO-root-25680::webapp_internal::SetLateralMenu|4203:: Menu item: "Sobre"
2025-12-08 07:57:41,784-DEBUG-root-25680::webapp_internal::wait_blocker|2444:: Waiting blocker to continue...
2025-12-08 07:57:41,846-DEBUG-root-25680::webapp_internal::wait_blocker|2469:: Blocker status: False
2025-12-08 07:57:42,277-DEBUG-root-25680::webapp_internal::wait_element_timeout|7726:: Element found! Waiting for element to be displayed.
2025-12-08 07:57:42,734-DEBUG-root-25680::webapp_internal::wait_blocker|2444:: Waiting blocker to continue...
2025-12-08 07:57:42,805-DEBUG-root-25680::webapp_internal::wait_blocker|2469:: Blocker status: False
2025-12-08 07:57:45,456-DEBUG-root-25680::webapp_internal::wait_blocker|2444:: Waiting blocker to continue...
2025-12-08 07:57:45,526-DEBUG-root-25680::webapp_internal::wait_blocker|2469:: Blocker status: False
2025-12-08 07:57:45,594-DEBUG-root-25680::webapp_internal::wait_element|7623:: Waiting for element
2025-12-08 07:57:45,651-DEBUG-root-25680::webapp_internal::wait_element|7653:: Element found! Waiting for element to be displayed.
2025-12-08 07:57:45,823-INFO-root-25680::webapp_internal::SetButton|4444:: Clicking on Fechar
2025-12-08 07:57:45,823-DEBUG-root-25680::webapp_internal::wait_blocker|2444:: Waiting blocker to continue...
2025-12-08 07:57:45,893-DEBUG-root-25680::webapp_internal::wait_blocker|2469:: Blocker status: False
2025-12-08 07:57:46,074-DEBUG-root-25680::webapp_internal::wait_element_timeout|7726:: Element found! Waiting for element to be displayed.
2025-12-08 07:57:46,154-DEBUG-root-25680::webapp_internal::SetButton|4481:: ***System Info*** Before Clicking on button:Fechar
2025-12-08 07:57:46,154-DEBUG-root-25680::psutil_info::system_info|5:: CPU USAGE: 8.4%
2025-12-08 07:57:46,155-DEBUG-root-25680::psutil_info::system_info|6:: MEMORY USAGE: 84.6%
2025-12-08 07:57:46,155-DEBUG-root-25680::psutil_info::system_info|7:: MEMORY AVAILABLE: 15.39%
2025-12-08 07:57:46,319-DEBUG-root-25680::webapp_internal::wait_element_timeout|7726:: Element found! Waiting for element to be displayed.
2025-12-08 07:57:46,422-DEBUG-root-25680::webapp_internal::wait_blocker|2444:: Waiting blocker to continue...
2025-12-08 07:57:46,493-DEBUG-root-25680::webapp_internal::wait_blocker|2469:: Blocker status: False
2025-12-08 07:57:46,510-DEBUG-root-25680::webapp_internal::wait_blocker|2444:: Waiting blocker to continue...
2025-12-08 07:57:46,584-DEBUG-root-25680::webapp_internal::wait_blocker|2469:: Blocker status: False
2025-12-08 07:57:46,584-DEBUG-root-25680::webapp_internal::send_action|10480:: Trying to send action
2025-12-08 07:57:46,587-DEBUG-root-25680::base::click|192:: Click Type: ClickType.JS
2025-12-08 07:57:47,649-DEBUG-root-25680::webapp_internal::send_action|10522:: send_action method result = True
2025-12-08 07:57:47,649-DEBUG-root-25680::webapp_internal::send_action|10523:: send_action selenium status: False
2025-12-08 07:57:47,649-DEBUG-root-25680::webapp_internal::SetButton|4683:: ***System Info*** After Clicking on button:
2025-12-08 07:57:47,649-DEBUG-root-25680::psutil_info::system_info|5:: CPU USAGE: 9.2%
2025-12-08 07:57:47,650-DEBUG-root-25680::psutil_info::system_info|6:: MEMORY USAGE: 84.6%
2025-12-08 07:57:47,650-DEBUG-root-25680::psutil_info::system_info|7:: MEMORY AVAILABLE: 15.38%
2025-12-08 07:57:47,650-DEBUG-root-25680::webapp_internal::wait_element|7623:: Waiting for element
2025-12-08 07:57:47,736-INFO-root-25680::webapp_internal::SetLateralMenu|4184:: Navigating lateral menu: Atualizações > Gestao de Viagens > Solicitações
2025-12-08 07:57:47,745-DEBUG-root-25680::webapp_internal::wait_element|7623:: Waiting for element
2025-12-08 07:57:47,786-DEBUG-root-25680::webapp_internal::wait_element|7653:: Element found! Waiting for element to be displayed.
2025-12-08 07:57:47,952-INFO-root-25680::webapp_internal::SetLateralMenu|4203:: Menu item: "Atualizações"
2025-12-08 07:57:47,952-DEBUG-root-25680::webapp_internal::wait_blocker|2444:: Waiting blocker to continue...
2025-12-08 07:57:48,009-DEBUG-root-25680::webapp_internal::wait_blocker|2469:: Blocker status: False
2025-12-08 07:57:48,428-DEBUG-root-25680::webapp_internal::wait_element_timeout|7726:: Element found! Waiting for element to be displayed.
2025-12-08 07:57:48,786-DEBUG-root-25680::webapp_internal::wait_blocker|2444:: Waiting blocker to continue...
2025-12-08 07:57:48,846-DEBUG-root-25680::webapp_internal::wait_blocker|2469:: Blocker status: False
2025-12-08 07:57:51,122-INFO-root-25680::webapp_internal::SetLateralMenu|4203:: Menu item: "Gestao de Viagens"
2025-12-08 07:57:51,122-DEBUG-root-25680::webapp_internal::wait_blocker|2444:: Waiting blocker to continue...
2025-12-08 07:57:51,224-DEBUG-root-25680::webapp_internal::wait_blocker|2469:: Blocker status: False
2025-12-08 07:57:52,016-DEBUG-root-25680::webapp_internal::wait_element_timeout|7726:: Element found! Waiting for element to be displayed.
2025-12-08 07:57:52,717-DEBUG-root-25680::webapp_internal::wait_blocker|2444:: Waiting blocker to continue...
2025-12-08 07:57:52,805-DEBUG-root-25680::webapp_internal::wait_blocker|2469:: Blocker status: False
2025-12-08 07:57:55,083-INFO-root-25680::webapp_internal::SetLateralMenu|4203:: Menu item: "Solicitações"
2025-12-08 07:57:55,083-DEBUG-root-25680::webapp_internal::wait_blocker|2444:: Waiting blocker to continue...
2025-12-08 07:57:55,156-DEBUG-root-25680::webapp_internal::wait_blocker|2469:: Blocker status: False
2025-12-08 07:57:55,966-DEBUG-root-25680::webapp_internal::wait_element_timeout|7726:: Element found! Waiting for element to be displayed.
2025-12-08 07:57:56,802-DEBUG-root-25680::webapp_internal::wait_blocker|2444:: Waiting blocker to continue...
2025-12-08 07:57:56,875-DEBUG-root-25680::webapp_internal::wait_blocker|2469:: Blocker status: False
2025-12-08 07:58:00,307-DEBUG-root-25680::webapp_internal::wait_blocker|2444:: Waiting blocker to continue...
2025-12-08 07:58:00,393-DEBUG-root-25680::webapp_internal::wait_blocker|2469:: Blocker status: False
2025-12-08 07:58:00,511-INFO-root-25680::webapp_internal::WaitShow|4980:: Waiting show text 'Este ambiente utiliza base de Homologação.'...
2025-12-08 07:58:06,369-INFO-root-25680::webapp_internal::WaitShow|4980:: Waiting show text 'Moedas'...
2025-12-08 07:58:11,856-INFO-root-25680::webapp_internal::WaitShow|4980:: Waiting show text 'Solicitação de Viagens/Treinamento'...
2025-12-08 07:58:11,911-INFO-root-25680::webapp_internal::WaitShow|4996:: Text found! 
2025-12-08 07:58:11,911-INFO-root-25680::webapp_internal::SetButton|4444:: Clicking on Incluir
2025-12-08 07:58:11,911-DEBUG-root-25680::webapp_internal::wait_blocker|2444:: Waiting blocker to continue...
2025-12-08 07:58:12,001-DEBUG-root-25680::webapp_internal::wait_blocker|2469:: Blocker status: False
2025-12-08 07:58:12,358-DEBUG-root-25680::webapp_internal::wait_element_timeout|7726:: Element found! Waiting for element to be displayed.
2025-12-08 07:58:12,609-DEBUG-root-25680::webapp_internal::SetButton|4481:: ***System Info*** Before Clicking on button:Incluir
2025-12-08 07:58:12,609-DEBUG-root-25680::psutil_info::system_info|5:: CPU USAGE: 8.0%
2025-12-08 07:58:12,609-DEBUG-root-25680::psutil_info::system_info|6:: MEMORY USAGE: 85.4%
2025-12-08 07:58:12,610-DEBUG-root-25680::psutil_info::system_info|7:: MEMORY AVAILABLE: 14.59%
2025-12-08 07:58:12,958-DEBUG-root-25680::webapp_internal::wait_element_timeout|7726:: Element found! Waiting for element to be displayed.
2025-12-08 07:58:13,312-DEBUG-root-25680::webapp_internal::wait_blocker|2444:: Waiting blocker to continue...
2025-12-08 07:58:13,400-DEBUG-root-25680::webapp_internal::wait_blocker|2469:: Blocker status: False
2025-12-08 07:58:13,421-DEBUG-root-25680::webapp_internal::wait_blocker|2444:: Waiting blocker to continue...
2025-12-08 07:58:13,510-DEBUG-root-25680::webapp_internal::wait_blocker|2469:: Blocker status: False
2025-12-08 07:58:13,510-DEBUG-root-25680::webapp_internal::send_action|10480:: Trying to send action
2025-12-08 07:58:13,512-DEBUG-root-25680::base::click|192:: Click Type: ClickType.JS
2025-12-08 07:58:14,747-DEBUG-root-25680::webapp_internal::send_action|10522:: send_action method result = True
2025-12-08 07:58:14,747-DEBUG-root-25680::webapp_internal::send_action|10523:: send_action selenium status: True
2025-12-08 07:58:14,747-DEBUG-root-25680::webapp_internal::SetButton|4683:: ***System Info*** After Clicking on button:
2025-12-08 07:58:14,748-DEBUG-root-25680::psutil_info::system_info|5:: CPU USAGE: 5.9%
2025-12-08 07:58:14,748-DEBUG-root-25680::psutil_info::system_info|6:: MEMORY USAGE: 84.9%
2025-12-08 07:58:14,749-DEBUG-root-25680::psutil_info::system_info|7:: MEMORY AVAILABLE: 15.06%
2025-12-08 07:58:14,949-DEBUG-root-25680::webapp_internal::wait_blocker|2444:: Waiting blocker to continue...
2025-12-08 07:58:15,040-DEBUG-root-25680::webapp_internal::wait_blocker|2469:: Blocker status: False
2025-12-08 07:58:15,040-INFO-root-25680::webapp_internal::SearchBrowse|2003:: Searching: 02DF0001
2025-12-08 07:58:15,188-DEBUG-root-25680::webapp_internal::wait_element_timeout|7726:: Element found! Waiting for element to be displayed.
2025-12-08 07:58:15,272-DEBUG-root-25680::webapp_internal::wait_blocker|2444:: Waiting blocker to continue...
2025-12-08 07:58:15,370-DEBUG-root-25680::webapp_internal::wait_blocker|2469:: Blocker status: False
2025-12-08 07:58:15,376-DEBUG-root-25680::webapp_internal::wait_blocker|2444:: Waiting blocker to continue...
2025-12-08 07:58:15,476-DEBUG-root-25680::webapp_internal::wait_blocker|2469:: Blocker status: False
2025-12-08 07:58:15,477-INFO-root-25680::webapp_internal::fill_search_browse|2399:: Filling: 02DF0001
2025-12-08 07:58:15,490-DEBUG-root-25680::base::click|192:: Click Type: ClickType.JS
2025-12-08 07:58:16,559-DEBUG-root-25680::webapp_internal::wait_blocker|2444:: Waiting blocker to continue...
2025-12-08 07:58:16,668-DEBUG-root-25680::webapp_internal::wait_blocker|2469:: Blocker status: False
2025-12-08 07:58:16,668-INFO-root-25680::webapp_internal::fill_search_browse|2399:: Filling: 02DF0001
2025-12-08 07:58:16,677-DEBUG-root-25680::base::click|192:: Click Type: ClickType.JS
2025-12-08 07:58:17,741-DEBUG-root-25680::webapp_internal::wait_blocker|2444:: Waiting blocker to continue...
2025-12-08 07:58:17,833-DEBUG-root-25680::webapp_internal::wait_blocker|2469:: Blocker status: False
2025-12-08 07:58:17,834-INFO-root-25680::webapp_internal::fill_search_browse|2399:: Filling: 02DF0001
2025-12-08 07:58:17,842-DEBUG-root-25680::base::click|192:: Click Type: ClickType.JS
2025-12-08 07:58:18,907-DEBUG-root-25680::webapp_internal::wait_blocker|2444:: Waiting blocker to continue...
2025-12-08 07:58:19,016-DEBUG-root-25680::webapp_internal::wait_blocker|2469:: Blocker status: False
2025-12-08 07:58:19,017-INFO-root-25680::webapp_internal::fill_search_browse|2399:: Filling: 02DF0001
2025-12-08 07:58:19,025-DEBUG-root-25680::base::click|192:: Click Type: ClickType.JS
2025-12-08 07:58:20,086-DEBUG-root-25680::webapp_internal::wait_blocker|2444:: Waiting blocker to continue...
2025-12-08 07:58:20,177-DEBUG-root-25680::webapp_internal::wait_blocker|2469:: Blocker status: False
2025-12-08 07:58:20,178-INFO-root-25680::webapp_internal::fill_search_browse|2399:: Filling: 02DF0001
2025-12-08 07:58:20,188-DEBUG-root-25680::base::click|192:: Click Type: ClickType.JS
2025-12-08 07:58:21,255-DEBUG-root-25680::webapp_internal::wait_blocker|2444:: Waiting blocker to continue...
2025-12-08 07:58:21,345-DEBUG-root-25680::webapp_internal::wait_blocker|2469:: Blocker status: False
2025-12-08 07:58:21,345-INFO-root-25680::webapp_internal::fill_search_browse|2399:: Filling: 02DF0001
2025-12-08 07:58:21,356-DEBUG-root-25680::base::click|192:: Click Type: ClickType.JS
2025-12-08 07:58:22,428-DEBUG-root-25680::webapp_internal::wait_blocker|2444:: Waiting blocker to continue...
2025-12-08 07:58:22,526-DEBUG-root-25680::webapp_internal::wait_blocker|2469:: Blocker status: False
2025-12-08 07:58:22,526-INFO-root-25680::webapp_internal::fill_search_browse|2399:: Filling: 02DF0001
2025-12-08 07:58:22,538-DEBUG-root-25680::base::click|192:: Click Type: ClickType.JS
2025-12-08 07:58:23,602-DEBUG-root-25680::webapp_internal::wait_blocker|2444:: Waiting blocker to continue...
2025-12-08 07:58:23,691-DEBUG-root-25680::webapp_internal::wait_blocker|2469:: Blocker status: False
2025-12-08 07:58:23,691-INFO-root-25680::webapp_internal::fill_search_browse|2399:: Filling: 02DF0001
2025-12-08 07:58:23,703-DEBUG-root-25680::base::click|192:: Click Type: ClickType.JS
2025-12-08 07:58:24,768-DEBUG-root-25680::webapp_internal::wait_blocker|2444:: Waiting blocker to continue...
2025-12-08 07:58:24,908-DEBUG-root-25680::webapp_internal::wait_blocker|2469:: Blocker status: False
2025-12-08 07:58:24,908-INFO-root-25680::webapp_internal::fill_search_browse|2399:: Filling: 02DF0001
2025-12-08 07:58:24,921-DEBUG-root-25680::base::click|192:: Click Type: ClickType.JS
2025-12-08 07:58:25,979-DEBUG-root-25680::webapp_internal::wait_blocker|2444:: Waiting blocker to continue...
2025-12-08 07:58:26,071-DEBUG-root-25680::webapp_internal::wait_blocker|2469:: Blocker status: False
2025-12-08 07:58:26,071-INFO-root-25680::webapp_internal::fill_search_browse|2399:: Filling: 02DF0001
2025-12-08 07:58:26,080-DEBUG-root-25680::base::click|192:: Click Type: ClickType.JS
2025-12-08 07:58:27,142-DEBUG-root-25680::webapp_internal::wait_blocker|2444:: Waiting blocker to continue...
2025-12-08 07:58:27,236-DEBUG-root-25680::webapp_internal::wait_blocker|2469:: Blocker status: False
2025-12-08 07:58:27,236-INFO-root-25680::webapp_internal::fill_search_browse|2399:: Filling: 02DF0001
2025-12-08 07:58:27,250-DEBUG-root-25680::base::click|192:: Click Type: ClickType.JS
2025-12-08 07:58:28,321-DEBUG-root-25680::webapp_internal::wait_blocker|2444:: Waiting blocker to continue...
2025-12-08 07:58:28,429-DEBUG-root-25680::webapp_internal::wait_blocker|2469:: Blocker status: False
2025-12-08 07:58:28,429-INFO-root-25680::webapp_internal::fill_search_browse|2399:: Filling: 02DF0001
2025-12-08 07:58:28,441-DEBUG-root-25680::base::click|192:: Click Type: ClickType.JS
2025-12-08 07:58:29,509-DEBUG-root-25680::webapp_internal::wait_blocker|2444:: Waiting blocker to continue...
2025-12-08 07:58:29,603-DEBUG-root-25680::webapp_internal::wait_blocker|2469:: Blocker status: False
2025-12-08 07:58:29,604-INFO-root-25680::webapp_internal::fill_search_browse|2399:: Filling: 02DF0001
2025-12-08 07:58:29,612-DEBUG-root-25680::base::click|192:: Click Type: ClickType.JS
2025-12-08 07:58:30,690-DEBUG-root-25680::webapp_internal::wait_blocker|2444:: Waiting blocker to continue...
2025-12-08 07:58:30,789-DEBUG-root-25680::webapp_internal::wait_blocker|2469:: Blocker status: False
2025-12-08 07:58:30,790-DEBUG-root-25680::base::double_click|259:: Click Type: ClickType.SELENIUM
2025-12-08 07:58:30,796-WARNING-root-25680::base::double_click|280:: Warning double_click method Exception: Message: Element <button class="button-image" type="button"> is not clickable at point (1258,360) because another element <wa-button id="COMP6023" class="dict-tbutton focus"> obscures it
Stacktrace:
RemoteError@chrome://remote/content/shared/RemoteError.sys.mjs:8:8
WebDriverError@chrome://remote/content/shared/webdriver/Errors.sys.mjs:202:5
ElementClickInterceptedError@chrome://remote/content/shared/webdriver/Errors.sys.mjs:354:5
webdriverClickElement@chrome://remote/content/marionette/interaction.sys.mjs:175:11
interaction.clickElement@chrome://remote/content/marionette/interaction.sys.mjs:134:11
clickElement@chrome://remote/content/marionette/actors/MarionetteCommandsChild.sys.mjs:327:29
receiveMessage@chrome://remote/content/marionette/actors/MarionetteCommandsChild.sys.mjs:210:31

2025-12-08 07:58:31,102-INFO-root-25680::webapp_internal::SetButton|4444:: Clicking on OK
2025-12-08 07:58:31,103-DEBUG-root-25680::webapp_internal::wait_blocker|2444:: Waiting blocker to continue...
2025-12-08 07:58:31,226-DEBUG-root-25680::webapp_internal::wait_blocker|2469:: Blocker status: False
2025-12-08 07:58:31,534-DEBUG-root-25680::webapp_internal::wait_element_timeout|7726:: Element found! Waiting for element to be displayed.
2025-12-08 07:58:31,718-DEBUG-root-25680::webapp_internal::SetButton|4481:: ***System Info*** Before Clicking on button:OK
2025-12-08 07:58:31,718-DEBUG-root-25680::psutil_info::system_info|5:: CPU USAGE: 5.4%
2025-12-08 07:58:31,718-DEBUG-root-25680::psutil_info::system_info|6:: MEMORY USAGE: 84.7%
2025-12-08 07:58:31,720-DEBUG-root-25680::psutil_info::system_info|7:: MEMORY AVAILABLE: 15.31%
2025-12-08 07:58:32,007-DEBUG-root-25680::webapp_internal::wait_element_timeout|7726:: Element found! Waiting for element to be displayed.
2025-12-08 07:58:32,236-DEBUG-root-25680::webapp_internal::wait_blocker|2444:: Waiting blocker to continue...
2025-12-08 07:58:32,329-DEBUG-root-25680::webapp_internal::wait_blocker|2469:: Blocker status: False
2025-12-08 07:58:32,356-DEBUG-root-25680::webapp_internal::wait_blocker|2444:: Waiting blocker to continue...
2025-12-08 07:58:32,454-DEBUG-root-25680::webapp_internal::wait_blocker|2469:: Blocker status: False
2025-12-08 07:58:32,454-DEBUG-root-25680::webapp_internal::send_action|10480:: Trying to send action
2025-12-08 07:58:32,456-DEBUG-root-25680::base::click|192:: Click Type: ClickType.JS
2025-12-08 07:58:34,930-DEBUG-root-25680::webapp_internal::send_action|10522:: send_action method result = True
2025-12-08 07:58:34,930-DEBUG-root-25680::webapp_internal::send_action|10523:: send_action selenium status: True
2025-12-08 07:58:34,931-DEBUG-root-25680::webapp_internal::SetButton|4683:: ***System Info*** After Clicking on button:
2025-12-08 07:58:34,931-DEBUG-root-25680::psutil_info::system_info|5:: CPU USAGE: 10.0%
2025-12-08 07:58:34,931-DEBUG-root-25680::psutil_info::system_info|6:: MEMORY USAGE: 85.0%
2025-12-08 07:58:34,932-DEBUG-root-25680::psutil_info::system_info|7:: MEMORY AVAILABLE: 14.97%
2025-12-08 07:58:35,133-INFO-root-25680::webapp_internal::WaitShow|4980:: Waiting show text 'Solicitacoes de Viagens - INCLUIR'...
2025-12-08 07:58:35,353-INFO-root-25680::webapp_internal::WaitShow|4996:: Text found! 
2025-12-08 07:58:35,354-DEBUG-root-25680::webapp_internal::wait_blocker|2444:: Waiting blocker to continue...
2025-12-08 07:58:35,492-DEBUG-root-25680::webapp_internal::wait_blocker|2469:: Blocker status: False
2025-12-08 07:58:35,492-DEBUG-root-25680::webapp_internal::wait_element|7623:: Waiting for element
2025-12-08 07:58:35,573-DEBUG-root-25680::webapp_internal::wait_element|7653:: Element found! Waiting for element to be displayed.
2025-12-08 07:58:35,643-INFO-root-25680::webapp_internal::input_value|2941:: Looking for element: ZV3_DESCRI
2025-12-08 07:58:35,807-INFO-root-25680::webapp_internal::input_value|2951:: Element: ZV3_DESCRI Found!
2025-12-08 07:58:35,807-INFO-root-25680::webapp_internal::input_value|2953:: Filling element: ZV3_DESCRI
2025-12-08 07:58:35,828-DEBUG-root-25680::webapp_internal::get_web_value|3232:: Current value:                                                   
2025-12-08 07:58:35,863-DEBUG-root-25680::base::double_click|259:: Click Type: ClickType.SELENIUM
2025-12-08 07:58:36,120-DEBUG-root-25680::webapp_internal::wait_blocker|2444:: Waiting blocker to continue...
2025-12-08 07:58:36,257-DEBUG-root-25680::webapp_internal::wait_blocker|2469:: Blocker status: False
2025-12-08 07:58:36,619-DEBUG-root-25680::webapp_internal::get_web_value|3232:: Current value: USO PARA TESTE AUTOMATIZADO                       
2025-12-08 07:58:36,619-INFO-root-25680::webapp_internal::input_value|3059:: Current field value: USO PARA TESTE AUTOMATIZADO
2025-12-08 07:58:36,643-DEBUG-root-25680::webapp_internal::wait_blocker|2444:: Waiting blocker to continue...
2025-12-08 07:58:36,780-DEBUG-root-25680::webapp_internal::wait_blocker|2469:: Blocker status: False
2025-12-08 07:58:36,780-DEBUG-root-25680::webapp_internal::wait_element|7623:: Waiting for element
2025-12-08 07:58:36,868-DEBUG-root-25680::webapp_internal::wait_element|7653:: Element found! Waiting for element to be displayed.
2025-12-08 07:58:36,939-INFO-root-25680::webapp_internal::input_value|2941:: Looking for element: ZV3_DTINI
2025-12-08 07:58:37,134-INFO-root-25680::webapp_internal::input_value|2951:: Element: ZV3_DTINI Found!
2025-12-08 07:58:37,134-INFO-root-25680::webapp_internal::input_value|2953:: Filling element: ZV3_DTINI
2025-12-08 07:58:37,168-DEBUG-root-25680::webapp_internal::get_web_value|3232:: Current value:   /  /    
2025-12-08 07:58:37,208-DEBUG-root-25680::base::double_click|259:: Click Type: ClickType.SELENIUM
2025-12-08 07:58:37,469-DEBUG-root-25680::webapp_internal::wait_blocker|2444:: Waiting blocker to continue...
2025-12-08 07:58:37,610-DEBUG-root-25680::webapp_internal::wait_blocker|2469:: Blocker status: False
2025-12-08 07:58:37,953-DEBUG-root-25680::webapp_internal::get_web_value|3232:: Current value: 23/12/2025
2025-12-08 07:58:37,953-INFO-root-25680::webapp_internal::input_value|3059:: Current field value: 23122025
2025-12-08 07:58:37,962-DEBUG-root-25680::webapp_internal::wait_blocker|2444:: Waiting blocker to continue...
2025-12-08 07:58:38,123-DEBUG-root-25680::webapp_internal::wait_blocker|2469:: Blocker status: False
2025-12-08 07:58:38,125-DEBUG-root-25680::webapp_internal::wait_element|7623:: Waiting for element
2025-12-08 07:58:38,227-DEBUG-root-25680::webapp_internal::wait_element|7653:: Element found! Waiting for element to be displayed.
2025-12-08 07:58:38,299-INFO-root-25680::webapp_internal::input_value|2941:: Looking for element: ZV3_DTFIM
2025-12-08 07:58:38,475-INFO-root-25680::webapp_internal::input_value|2951:: Element: ZV3_DTFIM Found!
2025-12-08 07:58:38,475-INFO-root-25680::webapp_internal::input_value|2953:: Filling element: ZV3_DTFIM
2025-12-08 07:58:38,511-DEBUG-root-25680::webapp_internal::get_web_value|3232:: Current value:   /  /    
2025-12-08 07:58:38,587-DEBUG-root-25680::base::double_click|259:: Click Type: ClickType.SELENIUM
2025-12-08 07:58:38,853-DEBUG-root-25680::webapp_internal::wait_blocker|2444:: Waiting blocker to continue...
2025-12-08 07:58:38,977-DEBUG-root-25680::webapp_internal::wait_blocker|2469:: Blocker status: False
2025-12-08 07:58:39,307-DEBUG-root-25680::webapp_internal::get_web_value|3232:: Current value: 30/12/2025
2025-12-08 07:58:39,307-INFO-root-25680::webapp_internal::input_value|3059:: Current field value: 30122025
2025-12-08 07:58:40,320-DEBUG-root-25680::webapp_internal::wait_blocker|2444:: Waiting blocker to continue...
2025-12-08 07:58:40,453-DEBUG-root-25680::webapp_internal::wait_blocker|2469:: Blocker status: False
2025-12-08 07:58:40,453-DEBUG-root-25680::webapp_internal::wait_element|7623:: Waiting for element
2025-12-08 07:58:40,537-DEBUG-root-25680::webapp_internal::wait_element|7653:: Element found! Waiting for element to be displayed.
2025-12-08 07:58:40,604-INFO-root-25680::webapp_internal::input_value|2941:: Looking for element: ZV3_CC
2025-12-08 07:58:40,773-INFO-root-25680::webapp_internal::input_value|2951:: Element: ZV3_CC Found!
2025-12-08 07:58:40,773-INFO-root-25680::webapp_internal::input_value|2953:: Filling element: ZV3_CC
2025-12-08 07:58:40,795-DEBUG-root-25680::webapp_internal::get_web_value|3232:: Current value:          
2025-12-08 07:58:40,834-DEBUG-root-25680::base::double_click|259:: Click Type: ClickType.SELENIUM
2025-12-08 07:58:41,093-DEBUG-root-25680::webapp_internal::wait_blocker|2444:: Waiting blocker to continue...
2025-12-08 07:58:41,227-DEBUG-root-25680::webapp_internal::wait_blocker|2469:: Blocker status: False
2025-12-08 07:58:41,556-DEBUG-root-25680::webapp_internal::get_web_value|3232:: Current value: 000000677
2025-12-08 07:58:41,556-INFO-root-25680::webapp_internal::input_value|3059:: Current field value: 000000677
2025-12-08 07:58:41,568-DEBUG-root-25680::webapp_internal::wait_blocker|2444:: Waiting blocker to continue...
2025-12-08 07:58:41,708-DEBUG-root-25680::webapp_internal::wait_blocker|2469:: Blocker status: False
2025-12-08 07:58:41,708-DEBUG-root-25680::webapp_internal::wait_element|7623:: Waiting for element
2025-12-08 07:58:41,788-DEBUG-root-25680::webapp_internal::wait_element|7653:: Element found! Waiting for element to be displayed.
2025-12-08 07:58:41,897-INFO-root-25680::webapp_internal::input_value|2941:: Looking for element: ZV3_TIPO
2025-12-08 07:58:42,061-INFO-root-25680::webapp_internal::input_value|2951:: Element: ZV3_TIPO Found!
2025-12-08 07:58:42,061-INFO-root-25680::webapp_internal::input_value|2953:: Filling element: ZV3_TIPO
2025-12-08 07:58:43,244-INFO-root-25680::base::select_combo|871:: Selected value for combo is: 1 - Servico
2025-12-08 07:58:43,289-DEBUG-root-25680::webapp_internal::wait_blocker|2444:: Waiting blocker to continue...
2025-12-08 07:58:43,419-DEBUG-root-25680::webapp_internal::wait_blocker|2469:: Blocker status: False
2025-12-08 07:58:43,419-DEBUG-root-25680::webapp_internal::wait_element|7623:: Waiting for element
2025-12-08 07:58:43,502-DEBUG-root-25680::webapp_internal::wait_element|7653:: Element found! Waiting for element to be displayed.
2025-12-08 07:58:43,571-INFO-root-25680::webapp_internal::input_value|2941:: Looking for element: ZV3_OBS
2025-12-08 07:58:43,725-INFO-root-25680::webapp_internal::input_value|2951:: Element: ZV3_OBS Found!
2025-12-08 07:58:43,725-INFO-root-25680::webapp_internal::input_value|2953:: Filling element: ZV3_OBS
2025-12-08 07:58:43,751-DEBUG-root-25680::webapp_internal::get_web_value|3232:: Current value: 
2025-12-08 07:58:43,774-DEBUG-root-25680::base::double_click|259:: Click Type: ClickType.SELENIUM
2025-12-08 07:58:44,022-DEBUG-root-25680::webapp_internal::wait_blocker|2444:: Waiting blocker to continue...
2025-12-08 07:58:44,156-DEBUG-root-25680::webapp_internal::wait_blocker|2469:: Blocker status: False
2025-12-08 07:58:44,502-DEBUG-root-25680::webapp_internal::get_web_value|3232:: Current value: TESTE DE SOLICITAÇÃO DE VIAGEM
2025-12-08 07:58:44,502-INFO-root-25680::webapp_internal::input_value|3059:: Current field value: TESTE DE SOLICITAÇÃO DE VIAGEM
2025-12-08 07:58:44,510-DEBUG-root-25680::webapp_internal::wait_blocker|2444:: Waiting blocker to continue...
2025-12-08 07:58:44,643-DEBUG-root-25680::webapp_internal::wait_blocker|2469:: Blocker status: False
2025-12-08 07:58:44,644-INFO-root-25680::webapp_internal::SetKey|5822:: Key pressed: TAB
2025-12-08 07:58:44,644-DEBUG-root-25680::webapp_internal::SetKey|5857:: Trying press key
2025-12-08 07:58:44,775-DEBUG-root-25680::webapp_internal::wait_blocker|2444:: Waiting blocker to continue...
2025-12-08 07:58:44,905-DEBUG-root-25680::webapp_internal::wait_blocker|2469:: Blocker status: False
2025-12-08 07:58:44,931-DEBUG-root-25680::webapp_internal::wait_blocker|2444:: Waiting blocker to continue...
2025-12-08 07:58:45,083-DEBUG-root-25680::webapp_internal::wait_blocker|2469:: Blocker status: False
2025-12-08 07:58:45,083-DEBUG-root-25680::webapp_internal::send_action|10480:: Trying to send action
2025-12-08 07:58:46,124-DEBUG-root-25680::webapp_internal::send_action|10522:: send_action method result = True
2025-12-08 07:58:46,125-DEBUG-root-25680::webapp_internal::send_action|10523:: send_action selenium status: False
2025-12-08 07:58:46,125-DEBUG-root-25680::webapp_internal::wait_element|7623:: Waiting for element
2025-12-08 07:58:46,222-DEBUG-root-25680::webapp_internal::wait_element|7653:: Element found! Waiting for element to be displayed.
2025-12-08 07:58:46,518-DEBUG-root-25680::webapp_internal::wait_blocker|2444:: Waiting blocker to continue...
2025-12-08 07:58:46,712-DEBUG-root-25680::webapp_internal::wait_blocker|2469:: Blocker status: False
2025-12-08 07:58:46,712-INFO-root-25680::webapp_internal::LoadGrid|6298:: Filling grid field: Favorecido
2025-12-08 07:58:46,712-DEBUG-root-25680::webapp_internal::fill_grid|6399:: Grid loading...
2025-12-08 07:58:46,876-DEBUG-root-25680::webapp_internal::fill_grid|6466:: Column found!
2025-12-08 07:58:46,923-DEBUG-root-25680::base::click|192:: Click Type: ClickType.ACTIONCHAINS
2025-12-08 07:58:47,221-DEBUG-root-25680::webapp_internal::fill_grid|6486:: Trying to select cell in grid!
2025-12-08 07:58:47,222-DEBUG-root-25680::base::click|192:: Click Type: ClickType.ACTIONCHAINS
2025-12-08 07:58:47,507-DEBUG-root-25680::webapp_internal::fill_grid|6486:: Trying to select cell in grid!
2025-12-08 07:58:47,509-DEBUG-root-25680::base::click|192:: Click Type: ClickType.ACTIONCHAINS
2025-12-08 07:58:47,801-DEBUG-root-25680::webapp_internal::fill_grid|6486:: Trying to select cell in grid!
2025-12-08 07:58:47,804-DEBUG-root-25680::base::click|192:: Click Type: ClickType.ACTIONCHAINS
2025-12-08 07:58:48,093-DEBUG-root-25680::webapp_internal::fill_grid|6486:: Trying to select cell in grid!
2025-12-08 07:58:48,095-DEBUG-root-25680::base::click|192:: Click Type: ClickType.ACTIONCHAINS
2025-12-08 07:58:48,391-DEBUG-root-25680::webapp_internal::fill_grid|6486:: Trying to select cell in grid!
2025-12-08 07:58:48,393-DEBUG-root-25680::base::click|192:: Click Type: ClickType.ACTIONCHAINS
2025-12-08 07:58:48,687-DEBUG-root-25680::webapp_internal::fill_grid|6486:: Trying to select cell in grid!
2025-12-08 07:58:48,688-DEBUG-root-25680::base::click|192:: Click Type: ClickType.ACTIONCHAINS
2025-12-08 07:58:48,978-DEBUG-root-25680::webapp_internal::fill_grid|6486:: Trying to select cell in grid!
2025-12-08 07:58:48,984-DEBUG-root-25680::base::click|192:: Click Type: ClickType.ACTIONCHAINS
2025-12-08 07:58:49,273-DEBUG-root-25680::webapp_internal::fill_grid|6486:: Trying to select cell in grid!
2025-12-08 07:58:49,275-DEBUG-root-25680::base::click|192:: Click Type: ClickType.ACTIONCHAINS
2025-12-08 07:58:49,553-DEBUG-root-25680::webapp_internal::fill_grid|6486:: Trying to select cell in grid!
2025-12-08 07:58:49,555-DEBUG-root-25680::base::click|192:: Click Type: ClickType.ACTIONCHAINS
2025-12-08 07:58:49,852-DEBUG-root-25680::webapp_internal::fill_grid|6486:: Trying to select cell in grid!
2025-12-08 07:58:49,855-DEBUG-root-25680::base::click|192:: Click Type: ClickType.ACTIONCHAINS
2025-12-08 07:58:50,144-DEBUG-root-25680::webapp_internal::fill_grid|6486:: Trying to select cell in grid!
2025-12-08 07:58:50,145-DEBUG-root-25680::base::click|192:: Click Type: ClickType.ACTIONCHAINS
2025-12-08 07:58:50,440-DEBUG-root-25680::webapp_internal::fill_grid|6486:: Trying to select cell in grid!
2025-12-08 07:58:50,443-DEBUG-root-25680::base::click|192:: Click Type: ClickType.ACTIONCHAINS
2025-12-08 07:58:50,730-DEBUG-root-25680::webapp_internal::fill_grid|6486:: Trying to select cell in grid!
2025-12-08 07:58:50,734-DEBUG-root-25680::base::click|192:: Click Type: ClickType.ACTIONCHAINS
2025-12-08 07:58:50,997-DEBUG-root-25680::webapp_internal::fill_grid|6486:: Trying to select cell in grid!
2025-12-08 07:58:51,001-DEBUG-root-25680::base::click|192:: Click Type: ClickType.ACTIONCHAINS
2025-12-08 07:58:51,291-DEBUG-root-25680::webapp_internal::fill_grid|6486:: Trying to select cell in grid!
2025-12-08 07:58:51,293-DEBUG-root-25680::base::click|192:: Click Type: ClickType.ACTIONCHAINS
2025-12-08 07:58:51,589-DEBUG-root-25680::webapp_internal::fill_grid|6486:: Trying to select cell in grid!
2025-12-08 07:58:51,590-DEBUG-root-25680::base::click|192:: Click Type: ClickType.ACTIONCHAINS
2025-12-08 07:58:51,855-DEBUG-root-25680::webapp_internal::fill_grid|6486:: Trying to select cell in grid!
2025-12-08 07:58:51,857-DEBUG-root-25680::base::click|192:: Click Type: ClickType.ACTIONCHAINS
2025-12-08 07:58:52,147-DEBUG-root-25680::webapp_internal::fill_grid|6486:: Trying to select cell in grid!
2025-12-08 07:58:52,152-DEBUG-root-25680::base::click|192:: Click Type: ClickType.ACTIONCHAINS
2025-12-08 07:58:52,421-DEBUG-root-25680::webapp_internal::fill_grid|6486:: Trying to select cell in grid!
2025-12-08 07:58:52,424-DEBUG-root-25680::base::click|192:: Click Type: ClickType.ACTIONCHAINS
2025-12-08 07:58:52,709-DEBUG-root-25680::webapp_internal::fill_grid|6486:: Trying to select cell in grid!
2025-12-08 07:58:52,711-DEBUG-root-25680::base::click|192:: Click Type: ClickType.ACTIONCHAINS
2025-12-08 07:58:53,001-DEBUG-root-25680::webapp_internal::fill_grid|6486:: Trying to select cell in grid!
2025-12-08 07:58:53,003-DEBUG-root-25680::base::click|192:: Click Type: ClickType.ACTIONCHAINS
2025-12-08 07:58:53,285-DEBUG-root-25680::webapp_internal::fill_grid|6486:: Trying to select cell in grid!
2025-12-08 07:58:53,287-DEBUG-root-25680::base::click|192:: Click Type: ClickType.ACTIONCHAINS
2025-12-08 07:58:53,575-DEBUG-root-25680::webapp_internal::fill_grid|6486:: Trying to select cell in grid!
2025-12-08 07:58:53,577-DEBUG-root-25680::base::click|192:: Click Type: ClickType.ACTIONCHAINS
2025-12-08 07:58:53,871-DEBUG-root-25680::webapp_internal::fill_grid|6486:: Trying to select cell in grid!
2025-12-08 07:58:53,873-DEBUG-root-25680::base::click|192:: Click Type: ClickType.ACTIONCHAINS
2025-12-08 07:58:54,168-DEBUG-root-25680::webapp_internal::fill_grid|6486:: Trying to select cell in grid!
2025-12-08 07:58:54,170-DEBUG-root-25680::base::click|192:: Click Type: ClickType.ACTIONCHAINS
2025-12-08 07:58:54,461-DEBUG-root-25680::webapp_internal::fill_grid|6486:: Trying to select cell in grid!
2025-12-08 07:58:54,463-DEBUG-root-25680::base::click|192:: Click Type: ClickType.ACTIONCHAINS
2025-12-08 07:58:54,757-DEBUG-root-25680::webapp_internal::fill_grid|6486:: Trying to select cell in grid!
2025-12-08 07:58:54,758-DEBUG-root-25680::base::click|192:: Click Type: ClickType.ACTIONCHAINS
2025-12-08 07:58:55,062-DEBUG-root-25680::webapp_internal::fill_grid|6486:: Trying to select cell in grid!
2025-12-08 07:58:55,068-DEBUG-root-25680::base::click|192:: Click Type: ClickType.ACTIONCHAINS
2025-12-08 07:58:55,351-DEBUG-root-25680::webapp_internal::fill_grid|6486:: Trying to select cell in grid!
2025-12-08 07:58:55,353-DEBUG-root-25680::base::click|192:: Click Type: ClickType.ACTIONCHAINS
2025-12-08 07:58:55,644-DEBUG-root-25680::webapp_internal::fill_grid|6486:: Trying to select cell in grid!
2025-12-08 07:58:55,650-DEBUG-root-25680::base::click|192:: Click Type: ClickType.ACTIONCHAINS
2025-12-08 07:58:55,941-DEBUG-root-25680::webapp_internal::fill_grid|6486:: Trying to select cell in grid!
2025-12-08 07:58:55,943-DEBUG-root-25680::base::click|192:: Click Type: ClickType.ACTIONCHAINS
2025-12-08 07:58:56,242-DEBUG-root-25680::webapp_internal::fill_grid|6486:: Trying to select cell in grid!
2025-12-08 07:58:56,244-DEBUG-root-25680::base::click|192:: Click Type: ClickType.ACTIONCHAINS
2025-12-08 07:58:56,537-DEBUG-root-25680::webapp_internal::fill_grid|6486:: Trying to select cell in grid!
2025-12-08 07:58:56,538-DEBUG-root-25680::base::click|192:: Click Type: ClickType.ACTIONCHAINS
2025-12-08 07:58:56,829-DEBUG-root-25680::webapp_internal::fill_grid|6486:: Trying to select cell in grid!
2025-12-08 07:58:56,834-DEBUG-root-25680::base::click|192:: Click Type: ClickType.ACTIONCHAINS
2025-12-08 07:58:57,095-DEBUG-root-25680::webapp_internal::fill_grid|6486:: Trying to select cell in grid!
2025-12-08 07:58:57,100-DEBUG-root-25680::base::click|192:: Click Type: ClickType.ACTIONCHAINS
2025-12-08 07:58:57,391-DEBUG-root-25680::webapp_internal::fill_grid|6486:: Trying to select cell in grid!
2025-12-08 07:58:57,393-DEBUG-root-25680::base::click|192:: Click Type: ClickType.ACTIONCHAINS
2025-12-08 07:58:57,692-DEBUG-root-25680::webapp_internal::fill_grid|6486:: Trying to select cell in grid!
2025-12-08 07:58:57,694-DEBUG-root-25680::base::click|192:: Click Type: ClickType.ACTIONCHAINS
2025-12-08 07:58:57,985-DEBUG-root-25680::webapp_internal::fill_grid|6486:: Trying to select cell in grid!
2025-12-08 07:58:57,986-DEBUG-root-25680::base::click|192:: Click Type: ClickType.ACTIONCHAINS
2025-12-08 07:58:58,276-DEBUG-root-25680::webapp_internal::fill_grid|6486:: Trying to select cell in grid!
2025-12-08 07:58:58,278-DEBUG-root-25680::base::click|192:: Click Type: ClickType.ACTIONCHAINS
2025-12-08 07:58:58,573-DEBUG-root-25680::webapp_internal::fill_grid|6486:: Trying to select cell in grid!
2025-12-08 07:58:58,576-DEBUG-root-25680::base::click|192:: Click Type: ClickType.ACTIONCHAINS
2025-12-08 07:58:58,873-DEBUG-root-25680::webapp_internal::fill_grid|6486:: Trying to select cell in grid!
2025-12-08 07:58:58,875-DEBUG-root-25680::base::click|192:: Click Type: ClickType.ACTIONCHAINS
2025-12-08 07:58:59,170-DEBUG-root-25680::webapp_internal::fill_grid|6486:: Trying to select cell in grid!
2025-12-08 07:58:59,172-DEBUG-root-25680::base::click|192:: Click Type: ClickType.ACTIONCHAINS
2025-12-08 07:58:59,461-DEBUG-root-25680::webapp_internal::fill_grid|6486:: Trying to select cell in grid!
2025-12-08 07:58:59,467-DEBUG-root-25680::base::click|192:: Click Type: ClickType.ACTIONCHAINS
2025-12-08 07:58:59,758-DEBUG-root-25680::webapp_internal::fill_grid|6486:: Trying to select cell in grid!
2025-12-08 07:58:59,761-DEBUG-root-25680::base::click|192:: Click Type: ClickType.ACTIONCHAINS
2025-12-08 07:59:00,055-DEBUG-root-25680::webapp_internal::fill_grid|6486:: Trying to select cell in grid!
2025-12-08 07:59:00,057-DEBUG-root-25680::base::click|192:: Click Type: ClickType.ACTIONCHAINS
2025-12-08 07:59:00,324-DEBUG-root-25680::webapp_internal::fill_grid|6486:: Trying to select cell in grid!
2025-12-08 07:59:00,325-DEBUG-root-25680::base::click|192:: Click Type: ClickType.ACTIONCHAINS
2025-12-08 07:59:00,617-DEBUG-root-25680::webapp_internal::fill_grid|6486:: Trying to select cell in grid!
2025-12-08 07:59:00,620-DEBUG-root-25680::base::click|192:: Click Type: ClickType.ACTIONCHAINS
2025-12-08 07:59:00,912-DEBUG-root-25680::webapp_internal::fill_grid|6486:: Trying to select cell in grid!
2025-12-08 07:59:00,917-DEBUG-root-25680::base::click|192:: Click Type: ClickType.ACTIONCHAINS
2025-12-08 07:59:01,207-DEBUG-root-25680::webapp_internal::fill_grid|6486:: Trying to select cell in grid!
2025-12-08 07:59:01,210-DEBUG-root-25680::base::click|192:: Click Type: ClickType.ACTIONCHAINS
2025-12-08 07:59:01,490-DEBUG-root-25680::webapp_internal::fill_grid|6486:: Trying to select cell in grid!
2025-12-08 07:59:01,491-DEBUG-root-25680::base::click|192:: Click Type: ClickType.ACTIONCHAINS
2025-12-08 07:59:01,756-DEBUG-root-25680::webapp_internal::fill_grid|6486:: Trying to select cell in grid!
2025-12-08 07:59:01,758-DEBUG-root-25680::base::click|192:: Click Type: ClickType.ACTIONCHAINS
2025-12-08 07:59:02,050-DEBUG-root-25680::webapp_internal::fill_grid|6486:: Trying to select cell in grid!
2025-12-08 07:59:02,052-DEBUG-root-25680::base::click|192:: Click Type: ClickType.ACTIONCHAINS
2025-12-08 07:59:02,340-DEBUG-root-25680::webapp_internal::fill_grid|6486:: Trying to select cell in grid!
2025-12-08 07:59:02,342-DEBUG-root-25680::base::click|192:: Click Type: ClickType.ACTIONCHAINS
2025-12-08 07:59:02,634-DEBUG-root-25680::webapp_internal::fill_grid|6486:: Trying to select cell in grid!
2025-12-08 07:59:02,636-DEBUG-root-25680::base::click|192:: Click Type: ClickType.ACTIONCHAINS
2025-12-08 07:59:02,928-DEBUG-root-25680::webapp_internal::fill_grid|6486:: Trying to select cell in grid!
2025-12-08 07:59:02,934-DEBUG-root-25680::base::click|192:: Click Type: ClickType.ACTIONCHAINS
2025-12-08 07:59:03,223-DEBUG-root-25680::webapp_internal::fill_grid|6486:: Trying to select cell in grid!
2025-12-08 07:59:03,225-DEBUG-root-25680::base::click|192:: Click Type: ClickType.ACTIONCHAINS
2025-12-08 07:59:03,508-DEBUG-root-25680::webapp_internal::fill_grid|6486:: Trying to select cell in grid!
2025-12-08 07:59:03,511-DEBUG-root-25680::base::click|192:: Click Type: ClickType.ACTIONCHAINS
2025-12-08 07:59:03,800-DEBUG-root-25680::webapp_internal::fill_grid|6486:: Trying to select cell in grid!
2025-12-08 07:59:03,803-DEBUG-root-25680::base::click|192:: Click Type: ClickType.ACTIONCHAINS
2025-12-08 07:59:04,092-DEBUG-root-25680::webapp_internal::fill_grid|6486:: Trying to select cell in grid!
2025-12-08 07:59:04,094-DEBUG-root-25680::base::click|192:: Click Type: ClickType.ACTIONCHAINS
2025-12-08 07:59:04,390-DEBUG-root-25680::webapp_internal::fill_grid|6486:: Trying to select cell in grid!
2025-12-08 07:59:04,392-DEBUG-root-25680::base::click|192:: Click Type: ClickType.ACTIONCHAINS
2025-12-08 07:59:04,655-DEBUG-root-25680::webapp_internal::fill_grid|6486:: Trying to select cell in grid!
2025-12-08 07:59:04,657-DEBUG-root-25680::base::click|192:: Click Type: ClickType.ACTIONCHAINS
2025-12-08 07:59:04,941-DEBUG-root-25680::webapp_internal::fill_grid|6486:: Trying to select cell in grid!
2025-12-08 07:59:04,943-DEBUG-root-25680::base::click|192:: Click Type: ClickType.ACTIONCHAINS
2025-12-08 07:59:05,208-DEBUG-root-25680::webapp_internal::fill_grid|6486:: Trying to select cell in grid!
2025-12-08 07:59:05,210-DEBUG-root-25680::base::click|192:: Click Type: ClickType.ACTIONCHAINS
2025-12-08 07:59:05,475-DEBUG-root-25680::webapp_internal::fill_grid|6486:: Trying to select cell in grid!
2025-12-08 07:59:05,476-DEBUG-root-25680::base::click|192:: Click Type: ClickType.ACTIONCHAINS
2025-12-08 07:59:05,774-DEBUG-root-25680::webapp_internal::fill_grid|6486:: Trying to select cell in grid!
2025-12-08 07:59:05,776-DEBUG-root-25680::base::click|192:: Click Type: ClickType.ACTIONCHAINS
2025-12-08 07:59:06,057-DEBUG-root-25680::webapp_internal::fill_grid|6486:: Trying to select cell in grid!
2025-12-08 07:59:06,060-DEBUG-root-25680::base::click|192:: Click Type: ClickType.ACTIONCHAINS
2025-12-08 07:59:06,353-DEBUG-root-25680::webapp_internal::fill_grid|6486:: Trying to select cell in grid!
2025-12-08 07:59:06,356-DEBUG-root-25680::base::click|192:: Click Type: ClickType.ACTIONCHAINS
2025-12-08 07:59:06,651-DEBUG-root-25680::webapp_internal::fill_grid|6486:: Trying to select cell in grid!
2025-12-08 07:59:06,653-DEBUG-root-25680::base::click|192:: Click Type: ClickType.ACTIONCHAINS
2025-12-08 07:59:06,942-DEBUG-root-25680::webapp_internal::fill_grid|6486:: Trying to select cell in grid!
2025-12-08 07:59:06,944-DEBUG-root-25680::base::click|192:: Click Type: ClickType.ACTIONCHAINS
2025-12-08 07:59:07,236-DEBUG-root-25680::webapp_internal::fill_grid|6486:: Trying to select cell in grid!
2025-12-08 07:59:07,238-DEBUG-root-25680::base::click|192:: Click Type: ClickType.ACTIONCHAINS
2025-12-08 07:59:07,527-DEBUG-root-25680::webapp_internal::fill_grid|6486:: Trying to select cell in grid!
2025-12-08 07:59:07,528-DEBUG-root-25680::base::click|192:: Click Type: ClickType.ACTIONCHAINS
2025-12-08 07:59:07,825-DEBUG-root-25680::webapp_internal::fill_grid|6486:: Trying to select cell in grid!
2025-12-08 07:59:07,827-DEBUG-root-25680::base::click|192:: Click Type: ClickType.ACTIONCHAINS
2025-12-08 07:59:08,118-DEBUG-root-25680::webapp_internal::fill_grid|6486:: Trying to select cell in grid!
2025-12-08 07:59:08,120-DEBUG-root-25680::base::click|192:: Click Type: ClickType.ACTIONCHAINS
2025-12-08 07:59:08,385-DEBUG-root-25680::webapp_internal::fill_grid|6486:: Trying to select cell in grid!
2025-12-08 07:59:08,387-DEBUG-root-25680::base::click|192:: Click Type: ClickType.ACTIONCHAINS
2025-12-08 07:59:08,676-DEBUG-root-25680::webapp_internal::fill_grid|6486:: Trying to select cell in grid!
2025-12-08 07:59:08,678-DEBUG-root-25680::base::click|192:: Click Type: ClickType.ACTIONCHAINS
2025-12-08 07:59:08,973-DEBUG-root-25680::webapp_internal::fill_grid|6486:: Trying to select cell in grid!
2025-12-08 07:59:08,975-DEBUG-root-25680::base::click|192:: Click Type: ClickType.ACTIONCHAINS
2025-12-08 07:59:09,270-DEBUG-root-25680::webapp_internal::fill_grid|6486:: Trying to select cell in grid!
2025-12-08 07:59:09,272-DEBUG-root-25680::base::click|192:: Click Type: ClickType.ACTIONCHAINS
2025-12-08 07:59:09,561-DEBUG-root-25680::webapp_internal::fill_grid|6486:: Trying to select cell in grid!
2025-12-08 07:59:09,563-DEBUG-root-25680::base::click|192:: Click Type: ClickType.ACTIONCHAINS
2025-12-08 07:59:09,856-DEBUG-root-25680::webapp_internal::fill_grid|6486:: Trying to select cell in grid!
2025-12-08 07:59:09,858-DEBUG-root-25680::base::click|192:: Click Type: ClickType.ACTIONCHAINS
2025-12-08 07:59:10,123-DEBUG-root-25680::webapp_internal::fill_grid|6486:: Trying to select cell in grid!
2025-12-08 07:59:10,125-DEBUG-root-25680::base::click|192:: Click Type: ClickType.ACTIONCHAINS
2025-12-08 07:59:10,418-DEBUG-root-25680::webapp_internal::fill_grid|6486:: Trying to select cell in grid!
2025-12-08 07:59:10,421-DEBUG-root-25680::base::click|192:: Click Type: ClickType.ACTIONCHAINS
2025-12-08 07:59:10,711-DEBUG-root-25680::webapp_internal::fill_grid|6486:: Trying to select cell in grid!
2025-12-08 07:59:10,713-DEBUG-root-25680::base::click|192:: Click Type: ClickType.ACTIONCHAINS
2025-12-08 07:59:10,991-DEBUG-root-25680::webapp_internal::fill_grid|6486:: Trying to select cell in grid!
2025-12-08 07:59:10,993-DEBUG-root-25680::base::click|192:: Click Type: ClickType.ACTIONCHAINS
2025-12-08 07:59:11,290-DEBUG-root-25680::webapp_internal::fill_grid|6486:: Trying to select cell in grid!
2025-12-08 07:59:11,292-DEBUG-root-25680::base::click|192:: Click Type: ClickType.ACTIONCHAINS
2025-12-08 07:59:11,585-DEBUG-root-25680::webapp_internal::fill_grid|6486:: Trying to select cell in grid!
2025-12-08 07:59:11,587-DEBUG-root-25680::base::click|192:: Click Type: ClickType.ACTIONCHAINS
2025-12-08 07:59:11,877-DEBUG-root-25680::webapp_internal::fill_grid|6486:: Trying to select cell in grid!
2025-12-08 07:59:11,880-DEBUG-root-25680::base::click|192:: Click Type: ClickType.ACTIONCHAINS
2025-12-08 07:59:12,173-DEBUG-root-25680::webapp_internal::fill_grid|6486:: Trying to select cell in grid!
2025-12-08 07:59:12,175-DEBUG-root-25680::base::click|192:: Click Type: ClickType.ACTIONCHAINS
2025-12-08 07:59:12,469-DEBUG-root-25680::webapp_internal::fill_grid|6486:: Trying to select cell in grid!
2025-12-08 07:59:12,471-DEBUG-root-25680::base::click|192:: Click Type: ClickType.ACTIONCHAINS
2025-12-08 07:59:12,733-DEBUG-root-25680::webapp_internal::fill_grid|6486:: Trying to select cell in grid!
2025-12-08 07:59:12,737-DEBUG-root-25680::base::click|192:: Click Type: ClickType.ACTIONCHAINS
2025-12-08 07:59:13,027-DEBUG-root-25680::webapp_internal::fill_grid|6486:: Trying to select cell in grid!
2025-12-08 07:59:13,028-DEBUG-root-25680::base::click|192:: Click Type: ClickType.ACTIONCHAINS
2025-12-08 07:59:13,324-DEBUG-root-25680::webapp_internal::fill_grid|6486:: Trying to select cell in grid!
2025-12-08 07:59:13,326-DEBUG-root-25680::base::click|192:: Click Type: ClickType.ACTIONCHAINS
2025-12-08 07:59:13,620-DEBUG-root-25680::webapp_internal::fill_grid|6486:: Trying to select cell in grid!
2025-12-08 07:59:13,622-DEBUG-root-25680::base::click|192:: Click Type: ClickType.ACTIONCHAINS
2025-12-08 07:59:13,886-DEBUG-root-25680::webapp_internal::fill_grid|6486:: Trying to select cell in grid!
2025-12-08 07:59:13,888-DEBUG-root-25680::base::click|192:: Click Type: ClickType.ACTIONCHAINS
2025-12-08 07:59:14,175-DEBUG-root-25680::webapp_internal::fill_grid|6486:: Trying to select cell in grid!
2025-12-08 07:59:14,177-DEBUG-root-25680::base::click|192:: Click Type: ClickType.ACTIONCHAINS
2025-12-08 07:59:14,472-DEBUG-root-25680::webapp_internal::fill_grid|6486:: Trying to select cell in grid!
2025-12-08 07:59:14,474-DEBUG-root-25680::base::click|192:: Click Type: ClickType.ACTIONCHAINS
2025-12-08 07:59:14,739-DEBUG-root-25680::webapp_internal::fill_grid|6486:: Trying to select cell in grid!
2025-12-08 07:59:14,741-DEBUG-root-25680::base::click|192:: Click Type: ClickType.ACTIONCHAINS
2025-12-08 07:59:15,034-DEBUG-root-25680::webapp_internal::fill_grid|6486:: Trying to select cell in grid!
2025-12-08 07:59:15,036-DEBUG-root-25680::base::click|192:: Click Type: ClickType.ACTIONCHAINS
2025-12-08 07:59:15,324-DEBUG-root-25680::webapp_internal::fill_grid|6486:: Trying to select cell in grid!
2025-12-08 07:59:15,326-DEBUG-root-25680::base::click|192:: Click Type: ClickType.ACTIONCHAINS
2025-12-08 07:59:15,623-DEBUG-root-25680::webapp_internal::fill_grid|6486:: Trying to select cell in grid!
2025-12-08 07:59:15,625-DEBUG-root-25680::base::click|192:: Click Type: ClickType.ACTIONCHAINS
2025-12-08 07:59:15,922-DEBUG-root-25680::webapp_internal::fill_grid|6486:: Trying to select cell in grid!
2025-12-08 07:59:15,924-DEBUG-root-25680::base::click|192:: Click Type: ClickType.ACTIONCHAINS
2025-12-08 07:59:16,208-DEBUG-root-25680::webapp_internal::fill_grid|6486:: Trying to select cell in grid!
2025-12-08 07:59:16,210-DEBUG-root-25680::base::click|192:: Click Type: ClickType.ACTIONCHAINS
2025-12-08 07:59:16,504-DEBUG-root-25680::webapp_internal::fill_grid|6486:: Trying to select cell in grid!
2025-12-08 07:59:16,506-DEBUG-root-25680::base::click|192:: Click Type: ClickType.ACTIONCHAINS
2025-12-08 07:59:16,793-DEBUG-root-25680::webapp_internal::fill_grid|6486:: Trying to select cell in grid!
2025-12-08 07:59:16,795-DEBUG-root-25680::base::click|192:: Click Type: ClickType.ACTIONCHAINS
2025-12-08 07:59:17,089-DEBUG-root-25680::webapp_internal::fill_grid|6486:: Trying to select cell in grid!
2025-12-08 07:59:17,091-DEBUG-root-25680::base::click|192:: Click Type: ClickType.ACTIONCHAINS
2025-12-08 07:59:17,355-DEBUG-root-25680::webapp_internal::fill_grid|6486:: Trying to select cell in grid!
2025-12-08 07:59:17,357-DEBUG-root-25680::base::click|192:: Click Type: ClickType.ACTIONCHAINS
2025-12-08 07:59:17,650-DEBUG-root-25680::webapp_internal::fill_grid|6486:: Trying to select cell in grid!
2025-12-08 07:59:17,653-DEBUG-root-25680::base::click|192:: Click Type: ClickType.ACTIONCHAINS
2025-12-08 07:59:17,942-DEBUG-root-25680::webapp_internal::fill_grid|6486:: Trying to select cell in grid!
2025-12-08 07:59:17,944-DEBUG-root-25680::base::click|192:: Click Type: ClickType.ACTIONCHAINS
2025-12-08 07:59:18,240-DEBUG-root-25680::webapp_internal::fill_grid|6486:: Trying to select cell in grid!
2025-12-08 07:59:18,242-DEBUG-root-25680::base::click|192:: Click Type: ClickType.ACTIONCHAINS
2025-12-08 07:59:18,509-DEBUG-root-25680::webapp_internal::fill_grid|6486:: Trying to select cell in grid!
2025-12-08 07:59:18,512-DEBUG-root-25680::base::click|192:: Click Type: ClickType.ACTIONCHAINS
2025-12-08 07:59:18,801-DEBUG-root-25680::webapp_internal::fill_grid|6486:: Trying to select cell in grid!
2025-12-08 07:59:18,803-DEBUG-root-25680::base::click|192:: Click Type: ClickType.ACTIONCHAINS
2025-12-08 07:59:19,090-DEBUG-root-25680::webapp_internal::fill_grid|6486:: Trying to select cell in grid!
2025-12-08 07:59:19,091-DEBUG-root-25680::base::click|192:: Click Type: ClickType.ACTIONCHAINS
2025-12-08 07:59:19,370-DEBUG-root-25680::webapp_internal::fill_grid|6486:: Trying to select cell in grid!
2025-12-08 07:59:19,372-DEBUG-root-25680::base::click|192:: Click Type: ClickType.ACTIONCHAINS
2025-12-08 07:59:19,636-DEBUG-root-25680::webapp_internal::fill_grid|6486:: Trying to select cell in grid!
2025-12-08 07:59:19,638-DEBUG-root-25680::base::click|192:: Click Type: ClickType.ACTIONCHAINS
2025-12-08 07:59:19,927-DEBUG-root-25680::webapp_internal::fill_grid|6486:: Trying to select cell in grid!
2025-12-08 07:59:19,929-DEBUG-root-25680::base::click|192:: Click Type: ClickType.ACTIONCHAINS
2025-12-08 07:59:20,229-DEBUG-root-25680::webapp_internal::fill_grid|6486:: Trying to select cell in grid!
2025-12-08 07:59:20,234-DEBUG-root-25680::base::click|192:: Click Type: ClickType.ACTIONCHAINS
2025-12-08 07:59:20,523-DEBUG-root-25680::webapp_internal::fill_grid|6486:: Trying to select cell in grid!
2025-12-08 07:59:20,524-DEBUG-root-25680::base::click|192:: Click Type: ClickType.ACTIONCHAINS
2025-12-08 07:59:20,817-DEBUG-root-25680::webapp_internal::fill_grid|6486:: Trying to select cell in grid!
2025-12-08 07:59:20,820-DEBUG-root-25680::base::click|192:: Click Type: ClickType.ACTIONCHAINS
2025-12-08 07:59:21,110-DEBUG-root-25680::webapp_internal::fill_grid|6486:: Trying to select cell in grid!
2025-12-08 07:59:21,112-DEBUG-root-25680::base::click|192:: Click Type: ClickType.ACTIONCHAINS
2025-12-08 07:59:21,375-DEBUG-root-25680::webapp_internal::fill_grid|6486:: Trying to select cell in grid!
2025-12-08 07:59:21,377-DEBUG-root-25680::base::click|192:: Click Type: ClickType.ACTIONCHAINS
2025-12-08 07:59:21,672-DEBUG-root-25680::webapp_internal::fill_grid|6486:: Trying to select cell in grid!
2025-12-08 07:59:21,674-DEBUG-root-25680::base::click|192:: Click Type: ClickType.ACTIONCHAINS
2025-12-08 07:59:21,966-DEBUG-root-25680::webapp_internal::fill_grid|6486:: Trying to select cell in grid!
2025-12-08 07:59:21,969-DEBUG-root-25680::base::click|192:: Click Type: ClickType.ACTIONCHAINS
2025-12-08 07:59:22,258-DEBUG-root-25680::webapp_internal::fill_grid|6486:: Trying to select cell in grid!
2025-12-08 07:59:22,260-DEBUG-root-25680::base::click|192:: Click Type: ClickType.ACTIONCHAINS
2025-12-08 07:59:22,555-DEBUG-root-25680::webapp_internal::fill_grid|6486:: Trying to select cell in grid!
2025-12-08 07:59:22,557-DEBUG-root-25680::base::click|192:: Click Type: ClickType.ACTIONCHAINS
2025-12-08 07:59:22,823-DEBUG-root-25680::webapp_internal::fill_grid|6486:: Trying to select cell in grid!
2025-12-08 07:59:22,825-DEBUG-root-25680::base::click|192:: Click Type: ClickType.ACTIONCHAINS
2025-12-08 07:59:23,088-DEBUG-root-25680::webapp_internal::fill_grid|6486:: Trying to select cell in grid!
2025-12-08 07:59:23,090-DEBUG-root-25680::base::click|192:: Click Type: ClickType.ACTIONCHAINS
2025-12-08 07:59:23,385-DEBUG-root-25680::webapp_internal::fill_grid|6486:: Trying to select cell in grid!
2025-12-08 07:59:23,387-DEBUG-root-25680::base::click|192:: Click Type: ClickType.ACTIONCHAINS
2025-12-08 07:59:23,675-DEBUG-root-25680::webapp_internal::fill_grid|6486:: Trying to select cell in grid!
2025-12-08 07:59:23,677-DEBUG-root-25680::base::click|192:: Click Type: ClickType.ACTIONCHAINS
2025-12-08 07:59:23,941-DEBUG-root-25680::webapp_internal::fill_grid|6486:: Trying to select cell in grid!
2025-12-08 07:59:23,943-DEBUG-root-25680::base::click|192:: Click Type: ClickType.ACTIONCHAINS
2025-12-08 07:59:24,236-DEBUG-root-25680::webapp_internal::fill_grid|6486:: Trying to select cell in grid!
2025-12-08 07:59:24,238-DEBUG-root-25680::base::click|192:: Click Type: ClickType.ACTIONCHAINS
2025-12-08 07:59:24,527-DEBUG-root-25680::webapp_internal::fill_grid|6486:: Trying to select cell in grid!
2025-12-08 07:59:24,528-DEBUG-root-25680::base::click|192:: Click Type: ClickType.ACTIONCHAINS
2025-12-08 07:59:24,824-DEBUG-root-25680::webapp_internal::fill_grid|6486:: Trying to select cell in grid!
2025-12-08 07:59:24,825-DEBUG-root-25680::base::click|192:: Click Type: ClickType.ACTIONCHAINS
2025-12-08 07:59:25,118-DEBUG-root-25680::webapp_internal::fill_grid|6486:: Trying to select cell in grid!
2025-12-08 07:59:25,121-DEBUG-root-25680::base::click|192:: Click Type: ClickType.ACTIONCHAINS
2025-12-08 07:59:25,412-DEBUG-root-25680::webapp_internal::fill_grid|6486:: Trying to select cell in grid!
2025-12-08 07:59:25,417-DEBUG-root-25680::base::click|192:: Click Type: ClickType.ACTIONCHAINS
2025-12-08 07:59:25,707-DEBUG-root-25680::webapp_internal::fill_grid|6486:: Trying to select cell in grid!
2025-12-08 07:59:25,709-DEBUG-root-25680::base::click|192:: Click Type: ClickType.ACTIONCHAINS
2025-12-08 07:59:25,992-DEBUG-root-25680::webapp_internal::fill_grid|6486:: Trying to select cell in grid!
2025-12-08 07:59:25,994-DEBUG-root-25680::base::click|192:: Click Type: ClickType.ACTIONCHAINS
2025-12-08 07:59:26,280-DEBUG-root-25680::webapp_internal::fill_grid|6486:: Trying to select cell in grid!
2025-12-08 07:59:26,284-DEBUG-root-25680::base::click|192:: Click Type: ClickType.ACTIONCHAINS
2025-12-08 07:59:26,573-DEBUG-root-25680::webapp_internal::fill_grid|6486:: Trying to select cell in grid!
2025-12-08 07:59:26,575-DEBUG-root-25680::base::click|192:: Click Type: ClickType.ACTIONCHAINS
2025-12-08 07:59:26,856-DEBUG-root-25680::webapp_internal::fill_grid|6486:: Trying to select cell in grid!
2025-12-08 07:59:26,858-DEBUG-root-25680::base::click|192:: Click Type: ClickType.ACTIONCHAINS
2025-12-08 07:59:27,146-DEBUG-root-25680::webapp_internal::fill_grid|6486:: Trying to select cell in grid!
2025-12-08 07:59:27,151-DEBUG-root-25680::base::click|192:: Click Type: ClickType.ACTIONCHAINS
2025-12-08 07:59:32,623-DEBUG-root-25680::webapp_internal::fill_grid|6498:: Trying open cell in grid!
2025-12-08 07:59:32,925-DEBUG-root-25680::webapp_internal::wait_blocker|2444:: Waiting blocker to continue...
2025-12-08 07:59:33,094-DEBUG-root-25680::webapp_internal::wait_blocker|2469:: Blocker status: False
2025-12-08 07:59:33,284-DEBUG-root-25680::webapp_internal::wait_element_timeout|7726:: Element found! Waiting for element to be displayed.
2025-12-08 07:59:33,628-DEBUG-root-25680::webapp_internal::fill_grid|6577:: Sending keys: 227884
2025-12-08 07:59:33,930-DEBUG-root-25680::webapp_internal::wait_blocker|2444:: Waiting blocker to continue...
2025-12-08 07:59:34,072-DEBUG-root-25680::webapp_internal::wait_blocker|2469:: Blocker status: False
2025-12-08 07:59:34,226-DEBUG-root-25680::webapp_internal::wait_element_timeout|7726:: Element found! Waiting for element to be displayed.
2025-12-08 07:59:34,537-INFO-root-25680::webapp_internal::ClickFolder|5081:: Clicking on folder: Transporte
2025-12-08 07:59:34,538-DEBUG-root-25680::webapp_internal::wait_blocker|2444:: Waiting blocker to continue...
2025-12-08 07:59:34,671-DEBUG-root-25680::webapp_internal::wait_blocker|2469:: Blocker status: False
2025-12-08 07:59:34,705-DEBUG-root-25680::webapp_internal::wait_element|7623:: Waiting for element
2025-12-08 07:59:34,996-DEBUG-root-25680::webapp_internal::wait_element|7653:: Element found! Waiting for element to be displayed.
2025-12-08 07:59:36,611-DEBUG-root-25680::webapp_internal::wait_blocker|2444:: Waiting blocker to continue...
2025-12-08 07:59:36,768-DEBUG-root-25680::webapp_internal::wait_blocker|2469:: Blocker status: False
2025-12-08 07:59:36,768-INFO-root-25680::webapp_internal::SetKey|5822:: Key pressed: TAB
2025-12-08 07:59:36,768-DEBUG-root-25680::webapp_internal::SetKey|5857:: Trying press key
2025-12-08 07:59:36,768-DEBUG-root-25680::webapp_internal::wait_element|7623:: Waiting for element
2025-12-08 07:59:36,878-DEBUG-root-25680::webapp_internal::wait_element|7653:: Element found! Waiting for element to be displayed.
2025-12-08 07:59:37,154-DEBUG-root-25680::webapp_internal::wait_blocker|2444:: Waiting blocker to continue...
2025-12-08 07:59:37,283-DEBUG-root-25680::webapp_internal::wait_blocker|2469:: Blocker status: False
2025-12-08 07:59:37,284-INFO-root-25680::webapp_internal::LoadGrid|6298:: Filling grid field: Tipo
2025-12-08 07:59:37,284-DEBUG-root-25680::webapp_internal::fill_grid|6399:: Grid loading...
2025-12-08 07:59:37,620-DEBUG-root-25680::webapp_internal::fill_grid|6466:: Column found!
2025-12-08 07:59:37,656-DEBUG-root-25680::base::click|192:: Click Type: ClickType.ACTIONCHAINS
2025-12-08 07:59:43,094-DEBUG-root-25680::webapp_internal::fill_grid|6498:: Trying open cell in grid!
2025-12-08 07:59:43,388-DEBUG-root-25680::webapp_internal::wait_blocker|2444:: Waiting blocker to continue...
2025-12-08 07:59:43,552-DEBUG-root-25680::webapp_internal::wait_blocker|2469:: Blocker status: False
2025-12-08 07:59:43,743-DEBUG-root-25680::webapp_internal::wait_element_timeout|7726:: Element found! Waiting for element to be displayed.
2025-12-08 07:59:45,117-INFO-root-25680::base::select_combo|871:: Selected value for combo is: 1 - Aereo
2025-12-08 07:59:45,291-DEBUG-root-25680::webapp_internal::wait_blocker|2444:: Waiting blocker to continue...
2025-12-08 07:59:45,462-DEBUG-root-25680::webapp_internal::wait_blocker|2469:: Blocker status: False
2025-12-08 07:59:45,491-DEBUG-root-25680::webapp_internal::wait_blocker|2444:: Waiting blocker to continue...
2025-12-08 07:59:45,621-DEBUG-root-25680::webapp_internal::wait_blocker|2469:: Blocker status: False
2025-12-08 07:59:45,621-DEBUG-root-25680::webapp_internal::send_action|10480:: Trying to send action
2025-12-08 07:59:46,657-DEBUG-root-25680::webapp_internal::send_action|10522:: send_action method result = True
2025-12-08 07:59:46,658-DEBUG-root-25680::webapp_internal::send_action|10523:: send_action selenium status: False
2025-12-08 07:59:46,658-DEBUG-root-25680::webapp_internal::wait_blocker|2444:: Waiting blocker to continue...
2025-12-08 07:59:46,793-DEBUG-root-25680::webapp_internal::wait_blocker|2469:: Blocker status: False
2025-12-08 07:59:46,793-INFO-root-25680::webapp_internal::SetKey|5822:: Key pressed: TAB
2025-12-08 07:59:46,793-DEBUG-root-25680::webapp_internal::SetKey|5857:: Trying press key
2025-12-08 07:59:46,793-DEBUG-root-25680::webapp_internal::wait_element|7623:: Waiting for element
2025-12-08 07:59:46,895-DEBUG-root-25680::webapp_internal::wait_element|7653:: Element found! Waiting for element to be displayed.
2025-12-08 07:59:47,170-DEBUG-root-25680::webapp_internal::wait_blocker|2444:: Waiting blocker to continue...
2025-12-08 07:59:47,312-DEBUG-root-25680::webapp_internal::wait_blocker|2469:: Blocker status: False
2025-12-08 07:59:47,313-INFO-root-25680::webapp_internal::LoadGrid|6298:: Filling grid field: Partida
2025-12-08 07:59:47,313-DEBUG-root-25680::webapp_internal::fill_grid|6399:: Grid loading...
2025-12-08 07:59:47,645-DEBUG-root-25680::webapp_internal::fill_grid|6466:: Column found!
2025-12-08 07:59:47,684-DEBUG-root-25680::base::click|192:: Click Type: ClickType.ACTIONCHAINS
2025-12-08 07:59:53,128-DEBUG-root-25680::webapp_internal::fill_grid|6498:: Trying open cell in grid!
2025-12-08 07:59:53,428-DEBUG-root-25680::webapp_internal::wait_blocker|2444:: Waiting blocker to continue...
2025-12-08 07:59:53,641-DEBUG-root-25680::webapp_internal::wait_blocker|2469:: Blocker status: False
2025-12-08 07:59:53,876-DEBUG-root-25680::webapp_internal::wait_element_timeout|7726:: Element found! Waiting for element to be displayed.
2025-12-08 07:59:54,256-DEBUG-root-25680::webapp_internal::fill_grid|6577:: Sending keys: 23/12/2025
2025-12-08 07:59:54,557-DEBUG-root-25680::webapp_internal::wait_blocker|2444:: Waiting blocker to continue...
2025-12-08 07:59:54,705-DEBUG-root-25680::webapp_internal::wait_blocker|2469:: Blocker status: False
2025-12-08 08:00:00,225-DEBUG-root-25680::webapp_internal::wait_blocker|2444:: Waiting blocker to continue...
2025-12-08 08:00:00,393-DEBUG-root-25680::webapp_internal::wait_blocker|2469:: Blocker status: False
2025-12-08 08:00:00,441-DEBUG-root-25680::webapp_internal::wait_blocker|2444:: Waiting blocker to continue...
2025-12-08 08:00:00,574-DEBUG-root-25680::webapp_internal::wait_blocker|2469:: Blocker status: False
2025-12-08 08:00:00,575-DEBUG-root-25680::webapp_internal::send_action|10480:: Trying to send action
2025-12-08 08:00:01,615-DEBUG-root-25680::webapp_internal::send_action|10522:: send_action method result = True
2025-12-08 08:00:01,617-DEBUG-root-25680::webapp_internal::send_action|10523:: send_action selenium status: False
2025-12-08 08:00:01,617-DEBUG-root-25680::webapp_internal::wait_blocker|2444:: Waiting blocker to continue...
2025-12-08 08:00:01,741-DEBUG-root-25680::webapp_internal::wait_blocker|2469:: Blocker status: False
2025-12-08 08:00:01,742-INFO-root-25680::webapp_internal::SetKey|5822:: Key pressed: TAB
2025-12-08 08:00:01,742-DEBUG-root-25680::webapp_internal::SetKey|5857:: Trying press key
2025-12-08 08:00:01,742-DEBUG-root-25680::webapp_internal::wait_element|7623:: Waiting for element
2025-12-08 08:00:01,876-DEBUG-root-25680::webapp_internal::wait_element|7653:: Element found! Waiting for element to be displayed.
2025-12-08 08:00:02,155-DEBUG-root-25680::webapp_internal::wait_blocker|2444:: Waiting blocker to continue...
2025-12-08 08:00:02,285-DEBUG-root-25680::webapp_internal::wait_blocker|2469:: Blocker status: False
2025-12-08 08:00:02,285-INFO-root-25680::webapp_internal::LoadGrid|6298:: Filling grid field: Hora Partida
2025-12-08 08:00:02,285-DEBUG-root-25680::webapp_internal::fill_grid|6399:: Grid loading...
2025-12-08 08:00:02,622-DEBUG-root-25680::webapp_internal::fill_grid|6466:: Column found!
2025-12-08 08:00:02,661-DEBUG-root-25680::base::click|192:: Click Type: ClickType.ACTIONCHAINS
2025-12-08 08:00:08,063-DEBUG-root-25680::webapp_internal::fill_grid|6498:: Trying open cell in grid!
2025-12-08 08:00:08,358-DEBUG-root-25680::webapp_internal::wait_blocker|2444:: Waiting blocker to continue...
2025-12-08 08:00:08,497-DEBUG-root-25680::webapp_internal::wait_blocker|2469:: Blocker status: False
2025-12-08 08:00:08,736-DEBUG-root-25680::webapp_internal::wait_element_timeout|7726:: Element found! Waiting for element to be displayed.
2025-12-08 08:00:09,117-DEBUG-root-25680::webapp_internal::fill_grid|6577:: Sending keys: 08:00
2025-12-08 08:00:09,430-DEBUG-root-25680::webapp_internal::wait_blocker|2444:: Waiting blocker to continue...
2025-12-08 08:00:09,595-DEBUG-root-25680::webapp_internal::wait_blocker|2469:: Blocker status: False
2025-12-08 08:00:15,075-DEBUG-root-25680::webapp_internal::wait_blocker|2444:: Waiting blocker to continue...
2025-12-08 08:00:15,218-DEBUG-root-25680::webapp_internal::wait_blocker|2469:: Blocker status: False
2025-12-08 08:00:15,244-DEBUG-root-25680::webapp_internal::wait_blocker|2444:: Waiting blocker to continue...
2025-12-08 08:00:15,401-DEBUG-root-25680::webapp_internal::wait_blocker|2469:: Blocker status: False
2025-12-08 08:00:15,401-DEBUG-root-25680::webapp_internal::send_action|10480:: Trying to send action
2025-12-08 08:00:16,442-DEBUG-root-25680::webapp_internal::send_action|10522:: send_action method result = True
2025-12-08 08:00:16,442-DEBUG-root-25680::webapp_internal::send_action|10523:: send_action selenium status: False
2025-12-08 08:00:16,443-DEBUG-root-25680::webapp_internal::wait_blocker|2444:: Waiting blocker to continue...
2025-12-08 08:00:16,587-DEBUG-root-25680::webapp_internal::wait_blocker|2469:: Blocker status: False
2025-12-08 08:00:16,587-INFO-root-25680::webapp_internal::SetKey|5822:: Key pressed: TAB
2025-12-08 08:00:16,587-DEBUG-root-25680::webapp_internal::SetKey|5857:: Trying press key
2025-12-08 08:00:16,587-DEBUG-root-25680::webapp_internal::wait_element|7623:: Waiting for element
2025-12-08 08:00:16,689-DEBUG-root-25680::webapp_internal::wait_element|7653:: Element found! Waiting for element to be displayed.
2025-12-08 08:00:16,945-DEBUG-root-25680::webapp_internal::wait_blocker|2444:: Waiting blocker to continue...
2025-12-08 08:00:17,075-DEBUG-root-25680::webapp_internal::wait_blocker|2469:: Blocker status: False
2025-12-08 08:00:17,076-INFO-root-25680::webapp_internal::LoadGrid|6298:: Filling grid field: Origem
2025-12-08 08:00:17,076-DEBUG-root-25680::webapp_internal::fill_grid|6399:: Grid loading...
2025-12-08 08:00:17,422-DEBUG-root-25680::webapp_internal::fill_grid|6466:: Column found!
2025-12-08 08:00:17,462-DEBUG-root-25680::base::click|192:: Click Type: ClickType.ACTIONCHAINS
2025-12-08 08:00:22,873-DEBUG-root-25680::webapp_internal::fill_grid|6498:: Trying open cell in grid!
2025-12-08 08:00:23,161-DEBUG-root-25680::webapp_internal::wait_blocker|2444:: Waiting blocker to continue...
2025-12-08 08:00:23,358-DEBUG-root-25680::webapp_internal::wait_blocker|2469:: Blocker status: False
2025-12-08 08:00:23,558-DEBUG-root-25680::webapp_internal::wait_element_timeout|7726:: Element found! Waiting for element to be displayed.
2025-12-08 08:00:23,924-DEBUG-root-25680::webapp_internal::fill_grid|6577:: Sending keys: DF00108
2025-12-08 08:00:24,226-DEBUG-root-25680::webapp_internal::wait_blocker|2444:: Waiting blocker to continue...
2025-12-08 08:00:24,360-DEBUG-root-25680::webapp_internal::wait_blocker|2469:: Blocker status: False
2025-12-08 08:00:24,524-DEBUG-root-25680::webapp_internal::wait_element_timeout|7726:: Element found! Waiting for element to be displayed.
2025-12-08 08:00:24,979-DEBUG-root-25680::webapp_internal::wait_blocker|2444:: Waiting blocker to continue...
2025-12-08 08:00:25,154-DEBUG-root-25680::webapp_internal::wait_blocker|2469:: Blocker status: False
2025-12-08 08:00:25,183-DEBUG-root-25680::webapp_internal::wait_blocker|2444:: Waiting blocker to continue...
2025-12-08 08:00:25,329-DEBUG-root-25680::webapp_internal::wait_blocker|2469:: Blocker status: False
2025-12-08 08:00:25,329-DEBUG-root-25680::webapp_internal::send_action|10480:: Trying to send action
2025-12-08 08:00:26,368-DEBUG-root-25680::webapp_internal::send_action|10522:: send_action method result = True
2025-12-08 08:00:26,368-DEBUG-root-25680::webapp_internal::send_action|10523:: send_action selenium status: False
2025-12-08 08:00:26,368-DEBUG-root-25680::webapp_internal::wait_blocker|2444:: Waiting blocker to continue...
2025-12-08 08:00:26,517-DEBUG-root-25680::webapp_internal::wait_blocker|2469:: Blocker status: False
2025-12-08 08:00:26,518-INFO-root-25680::webapp_internal::SetKey|5822:: Key pressed: TAB
2025-12-08 08:00:26,518-DEBUG-root-25680::webapp_internal::SetKey|5857:: Trying press key
2025-12-08 08:00:26,518-DEBUG-root-25680::webapp_internal::wait_element|7623:: Waiting for element
2025-12-08 08:00:26,620-DEBUG-root-25680::webapp_internal::wait_element|7653:: Element found! Waiting for element to be displayed.
2025-12-08 08:00:26,893-DEBUG-root-25680::webapp_internal::wait_blocker|2444:: Waiting blocker to continue...
2025-12-08 08:00:27,027-DEBUG-root-25680::webapp_internal::wait_blocker|2469:: Blocker status: False
2025-12-08 08:00:27,027-INFO-root-25680::webapp_internal::LoadGrid|6298:: Filling grid field: Destino
2025-12-08 08:00:27,027-DEBUG-root-25680::webapp_internal::fill_grid|6399:: Grid loading...
2025-12-08 08:00:27,388-DEBUG-root-25680::webapp_internal::fill_grid|6466:: Column found!
2025-12-08 08:00:27,442-DEBUG-root-25680::base::click|192:: Click Type: ClickType.ACTIONCHAINS
2025-12-08 08:00:27,737-DEBUG-root-25680::webapp_internal::fill_grid|6486:: Trying to select cell in grid!
2025-12-08 08:00:27,739-DEBUG-root-25680::base::click|192:: Click Type: ClickType.ACTIONCHAINS
2025-12-08 08:00:33,196-DEBUG-root-25680::webapp_internal::fill_grid|6498:: Trying open cell in grid!
2025-12-08 08:00:33,490-DEBUG-root-25680::webapp_internal::wait_blocker|2444:: Waiting blocker to continue...
2025-12-08 08:00:33,647-DEBUG-root-25680::webapp_internal::wait_blocker|2469:: Blocker status: False
2025-12-08 08:00:33,857-DEBUG-root-25680::webapp_internal::wait_element_timeout|7726:: Element found! Waiting for element to be displayed.
2025-12-08 08:00:34,220-DEBUG-root-25680::webapp_internal::fill_grid|6577:: Sending keys: GO08707
2025-12-08 08:00:34,528-DEBUG-root-25680::webapp_internal::wait_blocker|2444:: Waiting blocker to continue...
2025-12-08 08:00:34,663-DEBUG-root-25680::webapp_internal::wait_blocker|2469:: Blocker status: False
2025-12-08 08:00:34,822-DEBUG-root-25680::webapp_internal::wait_element_timeout|7726:: Element found! Waiting for element to be displayed.
2025-12-08 08:00:35,293-DEBUG-root-25680::webapp_internal::wait_blocker|2444:: Waiting blocker to continue...
2025-12-08 08:00:35,444-DEBUG-root-25680::webapp_internal::wait_blocker|2469:: Blocker status: False
2025-12-08 08:00:35,474-DEBUG-root-25680::webapp_internal::wait_blocker|2444:: Waiting blocker to continue...
2025-12-08 08:00:35,652-DEBUG-root-25680::webapp_internal::wait_blocker|2469:: Blocker status: False
2025-12-08 08:00:35,652-DEBUG-root-25680::webapp_internal::send_action|10480:: Trying to send action
2025-12-08 08:00:36,693-DEBUG-root-25680::webapp_internal::send_action|10522:: send_action method result = True
2025-12-08 08:00:36,693-DEBUG-root-25680::webapp_internal::send_action|10523:: send_action selenium status: False
2025-12-08 08:00:36,693-DEBUG-root-25680::webapp_internal::wait_blocker|2444:: Waiting blocker to continue...
2025-12-08 08:00:36,827-DEBUG-root-25680::webapp_internal::wait_blocker|2469:: Blocker status: False
2025-12-08 08:00:36,827-INFO-root-25680::webapp_internal::SetKey|5822:: Key pressed: TAB
2025-12-08 08:00:36,827-DEBUG-root-25680::webapp_internal::SetKey|5857:: Trying press key
2025-12-08 08:00:36,827-DEBUG-root-25680::webapp_internal::wait_element|7623:: Waiting for element
2025-12-08 08:00:36,925-DEBUG-root-25680::webapp_internal::wait_element|7653:: Element found! Waiting for element to be displayed.
2025-12-08 08:00:37,186-DEBUG-root-25680::webapp_internal::wait_blocker|2444:: Waiting blocker to continue...
2025-12-08 08:00:37,322-DEBUG-root-25680::webapp_internal::wait_blocker|2469:: Blocker status: False
2025-12-08 08:00:37,322-INFO-root-25680::webapp_internal::LoadGrid|6298:: Filling grid field: Chegada
2025-12-08 08:00:37,322-DEBUG-root-25680::webapp_internal::fill_grid|6399:: Grid loading...
2025-12-08 08:00:37,674-DEBUG-root-25680::webapp_internal::fill_grid|6466:: Column found!
2025-12-08 08:00:37,718-DEBUG-root-25680::base::click|192:: Click Type: ClickType.ACTIONCHAINS
2025-12-08 08:00:43,189-DEBUG-root-25680::webapp_internal::fill_grid|6498:: Trying open cell in grid!
2025-12-08 08:00:43,487-DEBUG-root-25680::webapp_internal::wait_blocker|2444:: Waiting blocker to continue...
2025-12-08 08:00:43,641-DEBUG-root-25680::webapp_internal::wait_blocker|2469:: Blocker status: False
2025-12-08 08:00:43,827-DEBUG-root-25680::webapp_internal::wait_element_timeout|7726:: Element found! Waiting for element to be displayed.
2025-12-08 08:00:44,225-DEBUG-root-25680::webapp_internal::fill_grid|6577:: Sending keys: 23/12/2025
2025-12-08 08:00:44,535-DEBUG-root-25680::webapp_internal::wait_blocker|2444:: Waiting blocker to continue...
2025-12-08 08:00:44,696-DEBUG-root-25680::webapp_internal::wait_blocker|2469:: Blocker status: False
2025-12-08 08:00:50,163-DEBUG-root-25680::webapp_internal::wait_blocker|2444:: Waiting blocker to continue...
2025-12-08 08:00:50,295-DEBUG-root-25680::webapp_internal::wait_blocker|2469:: Blocker status: False
2025-12-08 08:00:50,324-DEBUG-root-25680::webapp_internal::wait_blocker|2444:: Waiting blocker to continue...
2025-12-08 08:00:50,489-DEBUG-root-25680::webapp_internal::wait_blocker|2469:: Blocker status: False
2025-12-08 08:00:50,490-DEBUG-root-25680::webapp_internal::send_action|10480:: Trying to send action
2025-12-08 08:00:51,535-DEBUG-root-25680::webapp_internal::send_action|10522:: send_action method result = True
2025-12-08 08:00:51,536-DEBUG-root-25680::webapp_internal::send_action|10523:: send_action selenium status: False
2025-12-08 08:00:51,536-DEBUG-root-25680::webapp_internal::wait_blocker|2444:: Waiting blocker to continue...
2025-12-08 08:00:51,670-DEBUG-root-25680::webapp_internal::wait_blocker|2469:: Blocker status: False
2025-12-08 08:00:51,671-INFO-root-25680::webapp_internal::SetKey|5822:: Key pressed: TAB
2025-12-08 08:00:51,671-DEBUG-root-25680::webapp_internal::SetKey|5857:: Trying press key
2025-12-08 08:00:51,671-DEBUG-root-25680::webapp_internal::wait_element|7623:: Waiting for element
2025-12-08 08:00:51,801-DEBUG-root-25680::webapp_internal::wait_element|7653:: Element found! Waiting for element to be displayed.
2025-12-08 08:00:52,067-DEBUG-root-25680::webapp_internal::wait_blocker|2444:: Waiting blocker to continue...
2025-12-08 08:00:52,223-DEBUG-root-25680::webapp_internal::wait_blocker|2469:: Blocker status: False
2025-12-08 08:00:52,223-INFO-root-25680::webapp_internal::LoadGrid|6298:: Filling grid field: Hora Chegada
2025-12-08 08:00:52,223-DEBUG-root-25680::webapp_internal::fill_grid|6399:: Grid loading...
2025-12-08 08:00:52,573-DEBUG-root-25680::webapp_internal::fill_grid|6466:: Column found!
2025-12-08 08:00:52,613-DEBUG-root-25680::base::click|192:: Click Type: ClickType.ACTIONCHAINS
2025-12-08 08:00:57,994-DEBUG-root-25680::webapp_internal::fill_grid|6498:: Trying open cell in grid!
2025-12-08 08:00:58,279-DEBUG-root-25680::webapp_internal::wait_blocker|2444:: Waiting blocker to continue...
2025-12-08 08:00:58,440-DEBUG-root-25680::webapp_internal::wait_blocker|2469:: Blocker status: False
2025-12-08 08:00:58,651-DEBUG-root-25680::webapp_internal::wait_element_timeout|7726:: Element found! Waiting for element to be displayed.
2025-12-08 08:00:59,054-DEBUG-root-25680::webapp_internal::fill_grid|6577:: Sending keys: 12:00
2025-12-08 08:00:59,368-DEBUG-root-25680::webapp_internal::wait_blocker|2444:: Waiting blocker to continue...
2025-12-08 08:00:59,526-DEBUG-root-25680::webapp_internal::wait_blocker|2469:: Blocker status: False
2025-12-08 08:01:04,973-DEBUG-root-25680::webapp_internal::wait_blocker|2444:: Waiting blocker to continue...
2025-12-08 08:01:05,103-DEBUG-root-25680::webapp_internal::wait_blocker|2469:: Blocker status: False
2025-12-08 08:01:05,129-DEBUG-root-25680::webapp_internal::wait_blocker|2444:: Waiting blocker to continue...
2025-12-08 08:01:05,312-DEBUG-root-25680::webapp_internal::wait_blocker|2469:: Blocker status: False
2025-12-08 08:01:05,313-DEBUG-root-25680::webapp_internal::send_action|10480:: Trying to send action
2025-12-08 08:01:06,353-DEBUG-root-25680::webapp_internal::send_action|10522:: send_action method result = True
2025-12-08 08:01:06,355-DEBUG-root-25680::webapp_internal::send_action|10523:: send_action selenium status: False
2025-12-08 08:01:06,355-DEBUG-root-25680::webapp_internal::wait_blocker|2444:: Waiting blocker to continue...
2025-12-08 08:01:06,485-DEBUG-root-25680::webapp_internal::wait_blocker|2469:: Blocker status: False
2025-12-08 08:01:06,485-INFO-root-25680::webapp_internal::SetKey|5822:: Key pressed: DOWN
2025-12-08 08:01:06,485-DEBUG-root-25680::webapp_internal::wait_blocker|2444:: Waiting blocker to continue...
2025-12-08 08:01:06,616-DEBUG-root-25680::webapp_internal::wait_blocker|2469:: Blocker status: False
2025-12-08 08:01:06,617-INFO-root-25680::webapp_internal::SetKey|5822:: Key pressed: TAB
2025-12-08 08:01:06,617-DEBUG-root-25680::webapp_internal::SetKey|5857:: Trying press key
2025-12-08 08:01:06,617-DEBUG-root-25680::webapp_internal::wait_element|7623:: Waiting for element
2025-12-08 08:01:06,718-DEBUG-root-25680::webapp_internal::wait_element|7653:: Element found! Waiting for element to be displayed.
2025-12-08 08:01:06,988-DEBUG-root-25680::webapp_internal::new_grid_line|7014:: New grid line
2025-12-08 08:01:08,518-DEBUG-root-25680::webapp_internal::wait_blocker|2444:: Waiting blocker to continue...
2025-12-08 08:01:08,658-DEBUG-root-25680::webapp_internal::wait_blocker|2469:: Blocker status: False
2025-12-08 08:01:08,658-INFO-root-25680::webapp_internal::LoadGrid|6298:: Filling grid field: Tipo
2025-12-08 08:01:08,658-DEBUG-root-25680::webapp_internal::fill_grid|6399:: Grid loading...
2025-12-08 08:01:08,884-DEBUG-root-25680::webapp_internal::fill_grid|6466:: Column found!
2025-12-08 08:01:08,935-DEBUG-root-25680::base::click|192:: Click Type: ClickType.ACTIONCHAINS
2025-12-08 08:01:14,338-DEBUG-root-25680::webapp_internal::fill_grid|6498:: Trying open cell in grid!
2025-12-08 08:01:14,628-DEBUG-root-25680::webapp_internal::wait_blocker|2444:: Waiting blocker to continue...
2025-12-08 08:01:14,838-DEBUG-root-25680::webapp_internal::wait_blocker|2469:: Blocker status: False
2025-12-08 08:01:15,025-DEBUG-root-25680::webapp_internal::wait_element_timeout|7726:: Element found! Waiting for element to be displayed.
2025-12-08 08:01:15,470-DEBUG-root-25680::webapp_internal::wait_blocker|2444:: Waiting blocker to continue...
2025-12-08 08:01:15,604-DEBUG-root-25680::webapp_internal::wait_blocker|2469:: Blocker status: False
2025-12-08 08:01:15,630-DEBUG-root-25680::webapp_internal::wait_blocker|2444:: Waiting blocker to continue...
2025-12-08 08:01:15,783-DEBUG-root-25680::webapp_internal::wait_blocker|2469:: Blocker status: False
2025-12-08 08:01:15,784-DEBUG-root-25680::webapp_internal::send_action|10480:: Trying to send action
2025-12-08 08:01:16,818-DEBUG-root-25680::webapp_internal::send_action|10522:: send_action method result = True
2025-12-08 08:01:16,818-DEBUG-root-25680::webapp_internal::send_action|10523:: send_action selenium status: False
2025-12-08 08:01:16,819-DEBUG-root-25680::webapp_internal::wait_blocker|2444:: Waiting blocker to continue...
2025-12-08 08:01:16,952-DEBUG-root-25680::webapp_internal::wait_blocker|2469:: Blocker status: False
2025-12-08 08:01:16,952-INFO-root-25680::webapp_internal::SetKey|5822:: Key pressed: TAB
2025-12-08 08:01:16,952-DEBUG-root-25680::webapp_internal::SetKey|5857:: Trying press key
2025-12-08 08:01:16,952-DEBUG-root-25680::webapp_internal::wait_element|7623:: Waiting for element
2025-12-08 08:01:17,057-DEBUG-root-25680::webapp_internal::wait_element|7653:: Element found! Waiting for element to be displayed.
2025-12-08 08:01:17,310-DEBUG-root-25680::webapp_internal::wait_blocker|2444:: Waiting blocker to continue...
2025-12-08 08:01:17,437-DEBUG-root-25680::webapp_internal::wait_blocker|2469:: Blocker status: False
2025-12-08 08:01:17,437-INFO-root-25680::webapp_internal::LoadGrid|6298:: Filling grid field: Partida
2025-12-08 08:01:17,437-DEBUG-root-25680::webapp_internal::fill_grid|6399:: Grid loading...
2025-12-08 08:01:17,651-DEBUG-root-25680::webapp_internal::fill_grid|6466:: Column found!
2025-12-08 08:01:17,686-DEBUG-root-25680::base::click|192:: Click Type: ClickType.ACTIONCHAINS
2025-12-08 08:01:23,007-DEBUG-root-25680::webapp_internal::fill_grid|6498:: Trying open cell in grid!
2025-12-08 08:01:23,303-DEBUG-root-25680::webapp_internal::wait_blocker|2444:: Waiting blocker to continue...
2025-12-08 08:01:23,506-DEBUG-root-25680::webapp_internal::wait_blocker|2469:: Blocker status: False
2025-12-08 08:01:23,706-DEBUG-root-25680::webapp_internal::wait_element_timeout|7726:: Element found! Waiting for element to be displayed.
2025-12-08 08:01:24,095-DEBUG-root-25680::webapp_internal::fill_grid|6577:: Sending keys: 30/12/2025
2025-12-08 08:01:24,423-DEBUG-root-25680::webapp_internal::wait_blocker|2444:: Waiting blocker to continue...
2025-12-08 08:01:24,609-DEBUG-root-25680::webapp_internal::wait_blocker|2469:: Blocker status: False
2025-12-08 08:01:24,777-DEBUG-root-25680::webapp_internal::wait_element_timeout|7726:: Element found! Waiting for element to be displayed.
2025-12-08 08:01:35,065-DEBUG-root-25680::webapp_internal::fill_grid|6634:: Consider using the waithide and setkey('ESC') method because the input can remain selected.
2025-12-08 08:01:35,131-WARNING-root-25680::webapp_internal::log_error|8143:: Warning log_error <b>Help: </b>Partida<br><br><br><b>Problema: </b> Data de partida deve ser menor ou igual que a data de chegada. <b>Solução: </b><br>
2025-12-08 08:01:35,131-DEBUG-root-25680::webapp_internal::log_error|8146:: ***System Info*** in log_error():
2025-12-08 08:01:35,132-DEBUG-root-25680::psutil_info::system_info|5:: CPU USAGE: 7.4%
2025-12-08 08:01:35,132-DEBUG-root-25680::psutil_info::system_info|6:: MEMORY USAGE: 85.9%
2025-12-08 08:01:35,132-DEBUG-root-25680::psutil_info::system_info|7:: MEMORY AVAILABLE: 14.07%
2025-12-08 08:01:35,145-DEBUG-root-25680::log::take_screenshot_log|612:: take_screenshot_log in:2025-12-08 08:01:35.145634

2025-12-08 08:01:35,237-DEBUG-root-25680::log::take_screenshot_log|627:: Screenshot file created successfully: Log\GESIT03\97137227104_20251208080135145_Viagem -_test_Cadastro_Orcamento_Viagem.png
2025-12-08 08:01:36,245-DEBUG-root-25680::log::checks_empty_line|221:: Checking empty default log info
2025-12-08 08:01:36,249-DEBUG-root-25680::log::generate_log|503:: Json log_data: {'cLogDtExec': '08/12/2025 08:01:36', 'cLogNomUsr': '97137227104', 'cLogNomEst': 'GESIT03', 'cLogProgra': None, 'cLogDtProg': '', 'cLogHrProg': '', 'nLogCtsOk': 0, 'nLogCtsNok': 1, 'nLogCtsSeg': 272.84, 'cLogVersao': '12', 'cLogReleas': '12.1.2410', 'nLogCtsErr': 'Viagem - <b>Help: </b>Partida<br><br><br><b>Problema: </b> Data de partida deve ser menor ou igual que a data de chegada. <b>Solução: </b><br>', 'cLogBancod': 'ORACLE', 'cLogIdenti': '', 'cLogIdExec': '20251208', 'cLogPais': 'BRA', 'cLogTool': 'TIR', 'cLogSequen': '992edc', 'nLogCtsTot': 1, 'cLogDtExea': '08/12/2025', 'cLogHrExea': '08:01:36', 'cLogArea': 'Desenvolvimento', 'cLogMnExec': 4.547333333333333}
2025-12-08 08:01:36,249-INFO-root-25680::log::send_log_with_retries|515:: Saving log locally.
2025-12-08 08:01:36,249-INFO-root-25680::log::save_log_locally|548:: [FwSendLog]: Não foi possível enviar o log após todas as tentativas.
2025-12-08 08:01:36,250-INFO-root-25680::log::save_log_locally|555:: [FwSendLog]: Log salvo localmente em C:\TIR_TESTE\1765191696.json.
2025-12-08 08:01:37,051-ERROR-root-25680::webapp_internal::SetKey|5901:: False is not true : Viagem - <b>Help: </b>Partida<br><br><br><b>Problema: </b> Data de partida deve ser menor ou igual que a data de chegada. <b>Solução: </b><br>
Traceback (most recent call last):
  File "C:\TIR_TESTE\venv\Lib\site-packages\tir\technologies\webapp_internal.py", line 5862, in SetKey
    grids = self.get_grid(grid_list=True)
            ^^^^^^^^^^^^^^^^^^^^^^^^^^^^^
  File "C:\TIR_TESTE\venv\Lib\site-packages\tir\technologies\webapp_internal.py", line 5698, in get_grid
    grids = self.web_scrap(term=term, scrap_type=enum.ScrapType.CSS_SELECTOR)
            ^^^^^^^^^^^^^^^^^^^^^^^^^^^^^^^^^^^^^^^^^^^^^^^^^^^^^^^^^^^^^^^^^
  File "C:\TIR_TESTE\venv\Lib\site-packages\tir\technologies\webapp_internal.py", line 3722, in web_scrap
    self.search_for_errors(check_help)
  File "C:\TIR_TESTE\venv\Lib\site-packages\tir\technologies\webapp_internal.py", line 3970, in search_for_errors
    self.log_error(message)
  File "C:\TIR_TESTE\venv\Lib\site-packages\tir\technologies\webapp_internal.py", line 8206, in log_error
    self.assertTrue(False, log_message)
  File "C:\Users\97137227104\AppData\Local\Programs\Python\Python312\Lib\unittest\case.py", line 727, in assertTrue
    raise self.failureException(msg)
AssertionError: False is not true : Viagem - <b>Help: </b>Partida<br><br><br><b>Problema: </b> Data de partida deve ser menor ou igual que a data de chegada. <b>Solução: </b><br>
2025-12-08 08:01:37,053-DEBUG-root-25680::webapp_internal::wait_blocker|2444:: Waiting blocker to continue...
2025-12-08 08:01:37,055-DEBUG-root-25680::webapp_internal::wait_blocker|2469:: Blocker status: None
2025-12-08 08:01:37,055-INFO-root-25680::webapp_internal::SetKey|5822:: Key pressed: TAB
2025-12-08 08:01:37,055-DEBUG-root-25680::webapp_internal::SetKey|5857:: Trying press key
2025-12-08 08:01:37,055-DEBUG-root-25680::webapp_internal::wait_element|7623:: Waiting for element
2025-12-08 08:01:37,056-WARNING-root-25680::webapp_internal::log_error|8143:: Warning log_error SetKey - Screen is not load: Message: Tried to run command without establishing a connection

2025-12-08 08:01:37,056-DEBUG-root-25680::webapp_internal::log_error|8146:: ***System Info*** in log_error():
2025-12-08 08:01:37,057-DEBUG-root-25680::psutil_info::system_info|5:: CPU USAGE: 14.5%
2025-12-08 08:01:37,057-DEBUG-root-25680::psutil_info::system_info|6:: MEMORY USAGE: 78.3%
2025-12-08 08:01:37,058-DEBUG-root-25680::psutil_info::system_info|7:: MEMORY AVAILABLE: 21.73%
2025-12-08 08:01:37,075-ERROR-root-25680::webapp_internal::log_error|8181:: Warning Log Error Close Message: Tried to run command without establishing a connection
Traceback (most recent call last):
  File "C:\TIR_TESTE\venv\Lib\site-packages\tir\technologies\core\base.py", line 501, in get_current_DOM
    self.driver.switch_to.default_content()
  File "C:\TIR_TESTE\venv\Lib\site-packages\selenium\webdriver\remote\switch_to.py", line 69, in default_content
    self._driver.execute(Command.SWITCH_TO_FRAME, {"id": None})
  File "C:\TIR_TESTE\venv\Lib\site-packages\selenium\webdriver\remote\webdriver.py", line 347, in execute
    self.error_handler.check_response(response)
  File "C:\TIR_TESTE\venv\Lib\site-packages\selenium\webdriver\remote\errorhandler.py", line 229, in check_response
    raise exception_class(message, screen, stacktrace)
selenium.common.exceptions.InvalidSessionIdException: Message: Tried to run command without establishing a connection


During handling of the above exception, another exception occurred:

Traceback (most recent call last):
  File "C:\TIR_TESTE\venv\Lib\site-packages\tir\technologies\webapp_internal.py", line 5861, in SetKey
    self.LoadGrid()
  File "C:\TIR_TESTE\venv\Lib\site-packages\tir\technologies\webapp_internal.py", line 6284, in LoadGrid
    self.wait_element(term=selector, scrap_type=enum.ScrapType.CSS_SELECTOR)
  File "C:\TIR_TESTE\venv\Lib\site-packages\tir\technologies\webapp_internal.py", line 7626, in wait_element
    while (not self.element_exists(term, scrap_type, position, optional_term, main_container, check_error, twebview, second_term) and time.time() < endtime):
               ^^^^^^^^^^^^^^^^^^^^^^^^^^^^^^^^^^^^^^^^^^^^^^^^^^^^^^^^^^^^^^^^^^^^^^^^^^^^^^^^^^^^^^^^^^^^^^^^^^^^^^^^^^^^^^^^^^
  File "C:\TIR_TESTE\venv\Lib\site-packages\tir\technologies\webapp_internal.py", line 4073, in element_exists
    soup = self.get_current_DOM(twebview=twebview)
           ^^^^^^^^^^^^^^^^^^^^^^^^^^^^^^^^^^^^^^^
  File "C:\TIR_TESTE\venv\Lib\site-packages\tir\technologies\core\base.py", line 538, in get_current_DOM
    self.driver.switch_to.default_content()
  File "C:\TIR_TESTE\venv\Lib\site-packages\selenium\webdriver\remote\switch_to.py", line 69, in default_content
    self._driver.execute(Command.SWITCH_TO_FRAME, {"id": None})
  File "C:\TIR_TESTE\venv\Lib\site-packages\selenium\webdriver\remote\webdriver.py", line 347, in execute
    self.error_handler.check_response(response)
  File "C:\TIR_TESTE\venv\Lib\site-packages\selenium\webdriver\remote\errorhandler.py", line 229, in check_response
    raise exception_class(message, screen, stacktrace)
selenium.common.exceptions.InvalidSessionIdException: Message: Tried to run command without establishing a connection


During handling of the above exception, another exception occurred:

Traceback (most recent call last):
  File "C:\TIR_TESTE\venv\Lib\site-packages\tir\technologies\webapp_internal.py", line 8179, in log_error
    self.driver.close()
  File "C:\TIR_TESTE\venv\Lib\site-packages\selenium\webdriver\remote\webdriver.py", line 458, in close
    self.execute(Command.CLOSE)
  File "C:\TIR_TESTE\venv\Lib\site-packages\selenium\webdriver\remote\webdriver.py", line 347, in execute
    self.error_handler.check_response(response)
  File "C:\TIR_TESTE\venv\Lib\site-packages\selenium\webdriver\remote\errorhandler.py", line 229, in check_response
    raise exception_class(message, screen, stacktrace)
selenium.common.exceptions.InvalidSessionIdException: Message: Tried to run command without establishing a connection

2025-12-08 08:01:37,650-ERROR-root-25680::webapp_internal::TearDown|9654:: Warning tearDown Close Message: Tried to run command without establishing a connection
Traceback (most recent call last):
  File "C:\TIR_TESTE\venv\Lib\site-packages\tir\technologies\webapp_internal.py", line 9652, in TearDown
    self.driver.close()
  File "C:\TIR_TESTE\venv\Lib\site-packages\selenium\webdriver\remote\webdriver.py", line 458, in close
    self.execute(Command.CLOSE)
  File "C:\TIR_TESTE\venv\Lib\site-packages\selenium\webdriver\remote\webdriver.py", line 347, in execute
    self.error_handler.check_response(response)
  File "C:\TIR_TESTE\venv\Lib\site-packages\selenium\webdriver\remote\errorhandler.py", line 229, in check_response
    raise exception_class(message, screen, stacktrace)
selenium.common.exceptions.InvalidSessionIdException: Message: Tried to run command without establishing a connection

2025-12-08 07:57:02,423-DEBUG-root-25680::logging_config::logger|189:: Log file created: 'Log\GESIT03\TIR__20251208075702417.log'
2025-12-08 07:57:02,424-INFO-root-25680::base::Start|1183:: TIR Version: 2.4.3
2025-12-08 07:57:02,424-INFO-root-25680::base::Start|1184:: Python Version: 3.12.10
2025-12-08 07:57:02,424-INFO-root-25680::base::Start|1185:: Starting the browser
2025-12-08 07:57:09,646-INFO-root-25680::base::get_url|1294:: Page is ready!
2025-12-08 07:57:09,650-INFO-root-25680::base::Start|1256:: Browser maximized to 1936x1048
2025-12-08 07:57:09,651-INFO-root-25680::base::Start|1258:: Screen size is different from default used in headless mode
2025-12-08 07:57:09,840-INFO-root-25680::webapp_internal::Setup|247:: ***System Info*** in Setup():
2025-12-08 07:57:09,841-DEBUG-root-25680::psutil_info::system_info|5:: CPU USAGE: 17.1%
2025-12-08 07:57:09,841-DEBUG-root-25680::psutil_info::system_info|6:: MEMORY USAGE: 84.3%
2025-12-08 07:57:09,841-DEBUG-root-25680::psutil_info::system_info|7:: MEMORY AVAILABLE: 15.68%
2025-12-08 07:57:09,893-INFO-root-25680::base::webapp_shadowroot|1394:: Webapp: 10.1.6-RC4
2025-12-08 07:57:10,094-INFO-root-25680::webapp_internal::filling_initial_program|449:: Filling Initial Program: "SIGAMDI"
2025-12-08 07:57:10,094-DEBUG-root-25680::webapp_internal::wait_element|7623:: Waiting for element
2025-12-08 07:57:10,358-DEBUG-root-25680::webapp_internal::wait_element|7653:: Element found! Waiting for element to be displayed.
2025-12-08 07:57:10,510-DEBUG-root-25680::base::click|192:: Click Type: ClickType.JS
2025-12-08 07:57:10,515-DEBUG-root-25680::webapp_internal::try_send_keys|7976:: Trying to send keys to element using technique 0
2025-12-08 07:57:10,861-DEBUG-root-25680::webapp_internal::get_web_value|3232:: Current value: SIGAMDI
2025-12-08 07:57:10,862-INFO-root-25680::webapp_internal::filling_server_environment|463:: Filling Server Environment: "POUPEX_TST"
2025-12-08 07:57:10,862-DEBUG-root-25680::webapp_internal::wait_element|7623:: Waiting for element
2025-12-08 07:57:10,886-DEBUG-root-25680::webapp_internal::wait_element|7653:: Element found! Waiting for element to be displayed.
2025-12-08 07:57:11,048-DEBUG-root-25680::base::click|192:: Click Type: ClickType.JS
2025-12-08 07:57:11,053-DEBUG-root-25680::webapp_internal::try_send_keys|7976:: Trying to send keys to element using technique 0
2025-12-08 07:57:11,365-DEBUG-root-25680::webapp_internal::get_web_value|3232:: Current value: POUPEX_TST
2025-12-08 07:57:11,388-DEBUG-root-25680::base::click|192:: Click Type: ClickType.JS
2025-12-08 07:57:11,400-DEBUG-root-25680::webapp_internal::user_screen|519:: Filling user screen
2025-12-08 07:57:17,786-DEBUG-root-25680::base::scroll_to_element|759:: ********Warining scroll_to_element exception: Message: TypeError: can't access property "scrollIntoView", arguments[0] is null
Stacktrace:
@https://qasrverp:10020/webapp/:2:7
@https://qasrverp:10020/webapp/:3:8
*********
2025-12-08 07:57:17,818-DEBUG-root-25680::webapp_internal::wait_element_timeout|7726:: Element found! Waiting for element to be displayed.
2025-12-08 07:57:17,873-DEBUG-root-25680::base::scroll_to_element|759:: ********Warining scroll_to_element exception: Message: TypeError: can't access property "scrollIntoView", arguments[0] is null
Stacktrace:
@https://qasrverp:10020/webapp/:2:7
@https://qasrverp:10020/webapp/:3:8
*********
2025-12-08 07:57:18,001-INFO-root-25680::webapp_internal::user_screen|561:: Filling User
2025-12-08 07:57:18,031-DEBUG-root-25680::base::double_click|259:: Click Type: ClickType.SELENIUM
2025-12-08 07:57:18,211-DEBUG-root-25680::webapp_internal::get_web_value|3232:: Current value: 97137227104
2025-12-08 07:57:18,233-INFO-root-25680::webapp_internal::user_screen|621:: Filling Password
2025-12-08 07:57:18,255-DEBUG-root-25680::base::click|192:: Click Type: ClickType.JS
2025-12-08 07:57:18,323-DEBUG-root-25680::webapp_internal::get_web_value|3232:: Current value: Val20221080080094+
2025-12-08 07:57:18,323-DEBUG-root-25680::webapp_internal::wait_blocker|2444:: Waiting blocker to continue...
2025-12-08 07:57:18,349-DEBUG-root-25680::webapp_internal::wait_blocker|2469:: Blocker status: None
2025-12-08 07:57:18,369-DEBUG-root-25680::webapp_internal::wait_blocker|2444:: Waiting blocker to continue...
2025-12-08 07:57:18,395-DEBUG-root-25680::webapp_internal::wait_blocker|2469:: Blocker status: None
2025-12-08 07:57:18,428-DEBUG-root-25680::webapp_internal::wait_blocker|2444:: Waiting blocker to continue...
2025-12-08 07:57:18,461-DEBUG-root-25680::webapp_internal::wait_blocker|2469:: Blocker status: None
2025-12-08 07:57:18,462-DEBUG-root-25680::webapp_internal::send_action|10480:: Trying to send action
2025-12-08 07:57:18,468-DEBUG-root-25680::base::click|192:: Click Type: ClickType.JS
2025-12-08 07:57:19,508-DEBUG-root-25680::webapp_internal::send_action|10522:: send_action method result = True
2025-12-08 07:57:19,508-DEBUG-root-25680::webapp_internal::send_action|10523:: send_action selenium status: False
2025-12-08 07:57:21,818-DEBUG-root-25680::base::scroll_to_element|759:: ********Warining scroll_to_element exception: Message: TypeError: can't access property "scrollIntoView", arguments[0] is null
Stacktrace:
@https://qasrverp:10020/webapp/:2:7
@https://qasrverp:10020/webapp/:3:8
*********
2025-12-08 07:57:21,868-INFO-root-25680::webapp_internal::filling_date|885:: Filling Date: "08/12/2025"
2025-12-08 07:57:21,868-DEBUG-root-25680::webapp_internal::wait_blocker|2444:: Waiting blocker to continue...
2025-12-08 07:57:21,903-DEBUG-root-25680::webapp_internal::wait_blocker|2469:: Blocker status: None
2025-12-08 07:57:21,906-DEBUG-root-25680::base::click|192:: Click Type: ClickType.JS
2025-12-08 07:57:21,928-DEBUG-root-25680::webapp_internal::try_send_keys|7976:: Trying to send keys to element using technique 1
2025-12-08 07:57:21,995-DEBUG-root-25680::webapp_internal::get_web_value|3232:: Current value: 08/12/2025
2025-12-08 07:57:23,070-INFO-root-25680::webapp_internal::filling_group|955:: Filling Group: "02"
2025-12-08 07:57:23,070-DEBUG-root-25680::webapp_internal::wait_blocker|2444:: Waiting blocker to continue...
2025-12-08 07:57:23,104-DEBUG-root-25680::webapp_internal::wait_blocker|2469:: Blocker status: None
2025-12-08 07:57:23,107-DEBUG-root-25680::base::click|192:: Click Type: ClickType.JS
2025-12-08 07:57:23,153-DEBUG-root-25680::webapp_internal::get_web_value|3232:: Current value: 02
2025-12-08 07:57:24,209-INFO-root-25680::webapp_internal::filling_branch|1047:: Filling Branch: "02DF0001"
2025-12-08 07:57:24,210-DEBUG-root-25680::webapp_internal::wait_blocker|2444:: Waiting blocker to continue...
2025-12-08 07:57:24,240-DEBUG-root-25680::webapp_internal::wait_blocker|2469:: Blocker status: None
2025-12-08 07:57:24,243-DEBUG-root-25680::base::click|192:: Click Type: ClickType.JS
2025-12-08 07:57:24,310-DEBUG-root-25680::webapp_internal::get_web_value|3232:: Current value: 02DF0001
2025-12-08 07:57:25,390-INFO-root-25680::webapp_internal::filling_environment|1113:: Filling Environment: "07"
2025-12-08 07:57:25,390-DEBUG-root-25680::webapp_internal::wait_blocker|2444:: Waiting blocker to continue...
2025-12-08 07:57:25,423-DEBUG-root-25680::webapp_internal::wait_blocker|2469:: Blocker status: None
2025-12-08 07:57:25,426-DEBUG-root-25680::base::click|192:: Click Type: ClickType.JS
2025-12-08 07:57:25,489-DEBUG-root-25680::webapp_internal::get_web_value|3232:: Current value: 07
2025-12-08 07:57:26,496-DEBUG-root-25680::webapp_internal::close_warning_screen|1489:: Closing warning screen!
2025-12-08 07:57:27,534-DEBUG-root-25680::webapp_internal::check_screen_element|1291:: Checking screen element: "Atenção": False
2025-12-08 07:57:28,636-INFO-root-25680::webapp_internal::environment_screen|796:: Clicking on Button
2025-12-08 07:57:28,637-DEBUG-root-25680::webapp_internal::wait_blocker|2444:: Waiting blocker to continue...
2025-12-08 07:57:28,668-DEBUG-root-25680::webapp_internal::wait_blocker|2469:: Blocker status: None
2025-12-08 07:57:28,671-DEBUG-root-25680::base::click|192:: Click Type: ClickType.JS
2025-12-08 07:57:29,686-DEBUG-root-25680::base::click|192:: Click Type: ClickType.JS
2025-12-08 07:57:30,693-DEBUG-root-25680::base::click|192:: Click Type: ClickType.JS
2025-12-08 07:57:31,702-DEBUG-root-25680::base::click|192:: Click Type: ClickType.JS
2025-12-08 07:57:32,709-DEBUG-root-25680::base::click|192:: Click Type: ClickType.JS
2025-12-08 07:57:33,716-DEBUG-root-25680::base::click|192:: Click Type: ClickType.JS
2025-12-08 07:57:34,723-DEBUG-root-25680::webapp_internal::close_screen_before_menu|368:: Closing screen before the menu
2025-12-08 07:57:34,769-DEBUG-root-25680::webapp_internal::close_warning_screen|1489:: Closing warning screen!
2025-12-08 07:57:35,811-DEBUG-root-25680::webapp_internal::check_screen_element|1291:: Checking screen element: "Atenção": False
2025-12-08 07:57:35,811-DEBUG-root-25680::webapp_internal::close_coin_screen|1424:: Closing coin screen!
2025-12-08 07:57:36,367-DEBUG-root-25680::base::click|192:: Click Type: ClickType.JS
2025-12-08 07:57:36,421-DEBUG-root-25680::webapp_internal::close_warning_screen|1489:: Closing warning screen!
2025-12-08 07:57:37,597-DEBUG-root-25680::webapp_internal::check_screen_element|1291:: Checking screen element: "Atenção": False
2025-12-08 07:57:37,597-DEBUG-root-25680::webapp_internal::close_coin_screen|1424:: Closing coin screen!
2025-12-08 07:57:37,926-INFO-root-25680::webapp_internal::set_log_info|1623:: Getting log info
2025-12-08 07:57:37,926-INFO-root-25680::webapp_internal::SetLateralMenu|4184:: Navigating lateral menu: Ajuda > Sobre
2025-12-08 07:57:37,991-DEBUG-root-25680::webapp_internal::wait_element|7623:: Waiting for element
2025-12-08 07:57:38,103-DEBUG-root-25680::webapp_internal::wait_element|7653:: Element found! Waiting for element to be displayed.
2025-12-08 07:57:38,344-INFO-root-25680::webapp_internal::SetLateralMenu|4203:: Menu item: "Ajuda"
2025-12-08 07:57:38,344-DEBUG-root-25680::webapp_internal::wait_blocker|2444:: Waiting blocker to continue...
2025-12-08 07:57:38,424-DEBUG-root-25680::webapp_internal::wait_blocker|2469:: Blocker status: False
2025-12-08 07:57:38,916-DEBUG-root-25680::webapp_internal::wait_element_timeout|7726:: Element found! Waiting for element to be displayed.
2025-12-08 07:57:39,411-DEBUG-root-25680::webapp_internal::wait_blocker|2444:: Waiting blocker to continue...
2025-12-08 07:57:39,488-DEBUG-root-25680::webapp_internal::wait_blocker|2469:: Blocker status: False
2025-12-08 07:57:41,784-INFO-root-25680::webapp_internal::SetLateralMenu|4203:: Menu item: "Sobre"
2025-12-08 07:57:41,784-DEBUG-root-25680::webapp_internal::wait_blocker|2444:: Waiting blocker to continue...
2025-12-08 07:57:41,846-DEBUG-root-25680::webapp_internal::wait_blocker|2469:: Blocker status: False
2025-12-08 07:57:42,277-DEBUG-root-25680::webapp_internal::wait_element_timeout|7726:: Element found! Waiting for element to be displayed.
2025-12-08 07:57:42,734-DEBUG-root-25680::webapp_internal::wait_blocker|2444:: Waiting blocker to continue...
2025-12-08 07:57:42,805-DEBUG-root-25680::webapp_internal::wait_blocker|2469:: Blocker status: False
2025-12-08 07:57:45,456-DEBUG-root-25680::webapp_internal::wait_blocker|2444:: Waiting blocker to continue...
2025-12-08 07:57:45,526-DEBUG-root-25680::webapp_internal::wait_blocker|2469:: Blocker status: False
2025-12-08 07:57:45,594-DEBUG-root-25680::webapp_internal::wait_element|7623:: Waiting for element
2025-12-08 07:57:45,651-DEBUG-root-25680::webapp_internal::wait_element|7653:: Element found! Waiting for element to be displayed.
2025-12-08 07:57:45,823-INFO-root-25680::webapp_internal::SetButton|4444:: Clicking on Fechar
2025-12-08 07:57:45,823-DEBUG-root-25680::webapp_internal::wait_blocker|2444:: Waiting blocker to continue...
2025-12-08 07:57:45,893-DEBUG-root-25680::webapp_internal::wait_blocker|2469:: Blocker status: False
2025-12-08 07:57:46,074-DEBUG-root-25680::webapp_internal::wait_element_timeout|7726:: Element found! Waiting for element to be displayed.
2025-12-08 07:57:46,154-DEBUG-root-25680::webapp_internal::SetButton|4481:: ***System Info*** Before Clicking on button:Fechar
2025-12-08 07:57:46,154-DEBUG-root-25680::psutil_info::system_info|5:: CPU USAGE: 8.4%
2025-12-08 07:57:46,155-DEBUG-root-25680::psutil_info::system_info|6:: MEMORY USAGE: 84.6%
2025-12-08 07:57:46,155-DEBUG-root-25680::psutil_info::system_info|7:: MEMORY AVAILABLE: 15.39%
2025-12-08 07:57:46,319-DEBUG-root-25680::webapp_internal::wait_element_timeout|7726:: Element found! Waiting for element to be displayed.
2025-12-08 07:57:46,422-DEBUG-root-25680::webapp_internal::wait_blocker|2444:: Waiting blocker to continue...
2025-12-08 07:57:46,493-DEBUG-root-25680::webapp_internal::wait_blocker|2469:: Blocker status: False
2025-12-08 07:57:46,510-DEBUG-root-25680::webapp_internal::wait_blocker|2444:: Waiting blocker to continue...
2025-12-08 07:57:46,584-DEBUG-root-25680::webapp_internal::wait_blocker|2469:: Blocker status: False
2025-12-08 07:57:46,584-DEBUG-root-25680::webapp_internal::send_action|10480:: Trying to send action
2025-12-08 07:57:46,587-DEBUG-root-25680::base::click|192:: Click Type: ClickType.JS
2025-12-08 07:57:47,649-DEBUG-root-25680::webapp_internal::send_action|10522:: send_action method result = True
2025-12-08 07:57:47,649-DEBUG-root-25680::webapp_internal::send_action|10523:: send_action selenium status: False
2025-12-08 07:57:47,649-DEBUG-root-25680::webapp_internal::SetButton|4683:: ***System Info*** After Clicking on button:
2025-12-08 07:57:47,649-DEBUG-root-25680::psutil_info::system_info|5:: CPU USAGE: 9.2%
2025-12-08 07:57:47,650-DEBUG-root-25680::psutil_info::system_info|6:: MEMORY USAGE: 84.6%
2025-12-08 07:57:47,650-DEBUG-root-25680::psutil_info::system_info|7:: MEMORY AVAILABLE: 15.38%
2025-12-08 07:57:47,650-DEBUG-root-25680::webapp_internal::wait_element|7623:: Waiting for element
2025-12-08 07:57:47,736-INFO-root-25680::webapp_internal::SetLateralMenu|4184:: Navigating lateral menu: Atualizações > Gestao de Viagens > Solicitações
2025-12-08 07:57:47,745-DEBUG-root-25680::webapp_internal::wait_element|7623:: Waiting for element
2025-12-08 07:57:47,786-DEBUG-root-25680::webapp_internal::wait_element|7653:: Element found! Waiting for element to be displayed.
2025-12-08 07:57:47,952-INFO-root-25680::webapp_internal::SetLateralMenu|4203:: Menu item: "Atualizações"
2025-12-08 07:57:47,952-DEBUG-root-25680::webapp_internal::wait_blocker|2444:: Waiting blocker to continue...
2025-12-08 07:57:48,009-DEBUG-root-25680::webapp_internal::wait_blocker|2469:: Blocker status: False
2025-12-08 07:57:48,428-DEBUG-root-25680::webapp_internal::wait_element_timeout|7726:: Element found! Waiting for element to be displayed.
2025-12-08 07:57:48,786-DEBUG-root-25680::webapp_internal::wait_blocker|2444:: Waiting blocker to continue...
2025-12-08 07:57:48,846-DEBUG-root-25680::webapp_internal::wait_blocker|2469:: Blocker status: False
2025-12-08 07:57:51,122-INFO-root-25680::webapp_internal::SetLateralMenu|4203:: Menu item: "Gestao de Viagens"
2025-12-08 07:57:51,122-DEBUG-root-25680::webapp_internal::wait_blocker|2444:: Waiting blocker to continue...
2025-12-08 07:57:51,224-DEBUG-root-25680::webapp_internal::wait_blocker|2469:: Blocker status: False
2025-12-08 07:57:52,016-DEBUG-root-25680::webapp_internal::wait_element_timeout|7726:: Element found! Waiting for element to be displayed.
2025-12-08 07:57:52,717-DEBUG-root-25680::webapp_internal::wait_blocker|2444:: Waiting blocker to continue...
2025-12-08 07:57:52,805-DEBUG-root-25680::webapp_internal::wait_blocker|2469:: Blocker status: False
2025-12-08 07:57:55,083-INFO-root-25680::webapp_internal::SetLateralMenu|4203:: Menu item: "Solicitações"
2025-12-08 07:57:55,083-DEBUG-root-25680::webapp_internal::wait_blocker|2444:: Waiting blocker to continue...
2025-12-08 07:57:55,156-DEBUG-root-25680::webapp_internal::wait_blocker|2469:: Blocker status: False
2025-12-08 07:57:55,966-DEBUG-root-25680::webapp_internal::wait_element_timeout|7726:: Element found! Waiting for element to be displayed.
2025-12-08 07:57:56,802-DEBUG-root-25680::webapp_internal::wait_blocker|2444:: Waiting blocker to continue...
2025-12-08 07:57:56,875-DEBUG-root-25680::webapp_internal::wait_blocker|2469:: Blocker status: False
2025-12-08 07:58:00,307-DEBUG-root-25680::webapp_internal::wait_blocker|2444:: Waiting blocker to continue...
2025-12-08 07:58:00,393-DEBUG-root-25680::webapp_internal::wait_blocker|2469:: Blocker status: False
2025-12-08 07:58:00,511-INFO-root-25680::webapp_internal::WaitShow|4980:: Waiting show text 'Este ambiente utiliza base de Homologação.'...
2025-12-08 07:58:06,369-INFO-root-25680::webapp_internal::WaitShow|4980:: Waiting show text 'Moedas'...
2025-12-08 07:58:11,856-INFO-root-25680::webapp_internal::WaitShow|4980:: Waiting show text 'Solicitação de Viagens/Treinamento'...
2025-12-08 07:58:11,911-INFO-root-25680::webapp_internal::WaitShow|4996:: Text found! 
2025-12-08 07:58:11,911-INFO-root-25680::webapp_internal::SetButton|4444:: Clicking on Incluir
2025-12-08 07:58:11,911-DEBUG-root-25680::webapp_internal::wait_blocker|2444:: Waiting blocker to continue...
2025-12-08 07:58:12,001-DEBUG-root-25680::webapp_internal::wait_blocker|2469:: Blocker status: False
2025-12-08 07:58:12,358-DEBUG-root-25680::webapp_internal::wait_element_timeout|7726:: Element found! Waiting for element to be displayed.
2025-12-08 07:58:12,609-DEBUG-root-25680::webapp_internal::SetButton|4481:: ***System Info*** Before Clicking on button:Incluir
2025-12-08 07:58:12,609-DEBUG-root-25680::psutil_info::system_info|5:: CPU USAGE: 8.0%
2025-12-08 07:58:12,609-DEBUG-root-25680::psutil_info::system_info|6:: MEMORY USAGE: 85.4%
2025-12-08 07:58:12,610-DEBUG-root-25680::psutil_info::system_info|7:: MEMORY AVAILABLE: 14.59%
2025-12-08 07:58:12,958-DEBUG-root-25680::webapp_internal::wait_element_timeout|7726:: Element found! Waiting for element to be displayed.
2025-12-08 07:58:13,312-DEBUG-root-25680::webapp_internal::wait_blocker|2444:: Waiting blocker to continue...
2025-12-08 07:58:13,400-DEBUG-root-25680::webapp_internal::wait_blocker|2469:: Blocker status: False
2025-12-08 07:58:13,421-DEBUG-root-25680::webapp_internal::wait_blocker|2444:: Waiting blocker to continue...
2025-12-08 07:58:13,510-DEBUG-root-25680::webapp_internal::wait_blocker|2469:: Blocker status: False
2025-12-08 07:58:13,510-DEBUG-root-25680::webapp_internal::send_action|10480:: Trying to send action
2025-12-08 07:58:13,512-DEBUG-root-25680::base::click|192:: Click Type: ClickType.JS
2025-12-08 07:58:14,747-DEBUG-root-25680::webapp_internal::send_action|10522:: send_action method result = True
2025-12-08 07:58:14,747-DEBUG-root-25680::webapp_internal::send_action|10523:: send_action selenium status: True
2025-12-08 07:58:14,747-DEBUG-root-25680::webapp_internal::SetButton|4683:: ***System Info*** After Clicking on button:
2025-12-08 07:58:14,748-DEBUG-root-25680::psutil_info::system_info|5:: CPU USAGE: 5.9%
2025-12-08 07:58:14,748-DEBUG-root-25680::psutil_info::system_info|6:: MEMORY USAGE: 84.9%
2025-12-08 07:58:14,749-DEBUG-root-25680::psutil_info::system_info|7:: MEMORY AVAILABLE: 15.06%
2025-12-08 07:58:14,949-DEBUG-root-25680::webapp_internal::wait_blocker|2444:: Waiting blocker to continue...
2025-12-08 07:58:15,040-DEBUG-root-25680::webapp_internal::wait_blocker|2469:: Blocker status: False
2025-12-08 07:58:15,040-INFO-root-25680::webapp_internal::SearchBrowse|2003:: Searching: 02DF0001
2025-12-08 07:58:15,188-DEBUG-root-25680::webapp_internal::wait_element_timeout|7726:: Element found! Waiting for element to be displayed.
2025-12-08 07:58:15,272-DEBUG-root-25680::webapp_internal::wait_blocker|2444:: Waiting blocker to continue...
2025-12-08 07:58:15,370-DEBUG-root-25680::webapp_internal::wait_blocker|2469:: Blocker status: False
2025-12-08 07:58:15,376-DEBUG-root-25680::webapp_internal::wait_blocker|2444:: Waiting blocker to continue...
2025-12-08 07:58:15,476-DEBUG-root-25680::webapp_internal::wait_blocker|2469:: Blocker status: False
2025-12-08 07:58:15,477-INFO-root-25680::webapp_internal::fill_search_browse|2399:: Filling: 02DF0001
2025-12-08 07:58:15,490-DEBUG-root-25680::base::click|192:: Click Type: ClickType.JS
2025-12-08 07:58:16,559-DEBUG-root-25680::webapp_internal::wait_blocker|2444:: Waiting blocker to continue...
2025-12-08 07:58:16,668-DEBUG-root-25680::webapp_internal::wait_blocker|2469:: Blocker status: False
2025-12-08 07:58:16,668-INFO-root-25680::webapp_internal::fill_search_browse|2399:: Filling: 02DF0001
2025-12-08 07:58:16,677-DEBUG-root-25680::base::click|192:: Click Type: ClickType.JS
2025-12-08 07:58:17,741-DEBUG-root-25680::webapp_internal::wait_blocker|2444:: Waiting blocker to continue...
2025-12-08 07:58:17,833-DEBUG-root-25680::webapp_internal::wait_blocker|2469:: Blocker status: False
2025-12-08 07:58:17,834-INFO-root-25680::webapp_internal::fill_search_browse|2399:: Filling: 02DF0001
2025-12-08 07:58:17,842-DEBUG-root-25680::base::click|192:: Click Type: ClickType.JS
2025-12-08 07:58:18,907-DEBUG-root-25680::webapp_internal::wait_blocker|2444:: Waiting blocker to continue...
2025-12-08 07:58:19,016-DEBUG-root-25680::webapp_internal::wait_blocker|2469:: Blocker status: False
2025-12-08 07:58:19,017-INFO-root-25680::webapp_internal::fill_search_browse|2399:: Filling: 02DF0001
2025-12-08 07:58:19,025-DEBUG-root-25680::base::click|192:: Click Type: ClickType.JS
2025-12-08 07:58:20,086-DEBUG-root-25680::webapp_internal::wait_blocker|2444:: Waiting blocker to continue...
2025-12-08 07:58:20,177-DEBUG-root-25680::webapp_internal::wait_blocker|2469:: Blocker status: False
2025-12-08 07:58:20,178-INFO-root-25680::webapp_internal::fill_search_browse|2399:: Filling: 02DF0001
2025-12-08 07:58:20,188-DEBUG-root-25680::base::click|192:: Click Type: ClickType.JS
2025-12-08 07:58:21,255-DEBUG-root-25680::webapp_internal::wait_blocker|2444:: Waiting blocker to continue...
2025-12-08 07:58:21,345-DEBUG-root-25680::webapp_internal::wait_blocker|2469:: Blocker status: False
2025-12-08 07:58:21,345-INFO-root-25680::webapp_internal::fill_search_browse|2399:: Filling: 02DF0001
2025-12-08 07:58:21,356-DEBUG-root-25680::base::click|192:: Click Type: ClickType.JS
2025-12-08 07:58:22,428-DEBUG-root-25680::webapp_internal::wait_blocker|2444:: Waiting blocker to continue...
2025-12-08 07:58:22,526-DEBUG-root-25680::webapp_internal::wait_blocker|2469:: Blocker status: False
2025-12-08 07:58:22,526-INFO-root-25680::webapp_internal::fill_search_browse|2399:: Filling: 02DF0001
2025-12-08 07:58:22,538-DEBUG-root-25680::base::click|192:: Click Type: ClickType.JS
2025-12-08 07:58:23,602-DEBUG-root-25680::webapp_internal::wait_blocker|2444:: Waiting blocker to continue...
2025-12-08 07:58:23,691-DEBUG-root-25680::webapp_internal::wait_blocker|2469:: Blocker status: False
2025-12-08 07:58:23,691-INFO-root-25680::webapp_internal::fill_search_browse|2399:: Filling: 02DF0001
2025-12-08 07:58:23,703-DEBUG-root-25680::base::click|192:: Click Type: ClickType.JS
2025-12-08 07:58:24,768-DEBUG-root-25680::webapp_internal::wait_blocker|2444:: Waiting blocker to continue...
2025-12-08 07:58:24,908-DEBUG-root-25680::webapp_internal::wait_blocker|2469:: Blocker status: False
2025-12-08 07:58:24,908-INFO-root-25680::webapp_internal::fill_search_browse|2399:: Filling: 02DF0001
2025-12-08 07:58:24,921-DEBUG-root-25680::base::click|192:: Click Type: ClickType.JS
2025-12-08 07:58:25,979-DEBUG-root-25680::webapp_internal::wait_blocker|2444:: Waiting blocker to continue...
2025-12-08 07:58:26,071-DEBUG-root-25680::webapp_internal::wait_blocker|2469:: Blocker status: False
2025-12-08 07:58:26,071-INFO-root-25680::webapp_internal::fill_search_browse|2399:: Filling: 02DF0001
2025-12-08 07:58:26,080-DEBUG-root-25680::base::click|192:: Click Type: ClickType.JS
2025-12-08 07:58:27,142-DEBUG-root-25680::webapp_internal::wait_blocker|2444:: Waiting blocker to continue...
2025-12-08 07:58:27,236-DEBUG-root-25680::webapp_internal::wait_blocker|2469:: Blocker status: False
2025-12-08 07:58:27,236-INFO-root-25680::webapp_internal::fill_search_browse|2399:: Filling: 02DF0001
2025-12-08 07:58:27,250-DEBUG-root-25680::base::click|192:: Click Type: ClickType.JS
2025-12-08 07:58:28,321-DEBUG-root-25680::webapp_internal::wait_blocker|2444:: Waiting blocker to continue...
2025-12-08 07:58:28,429-DEBUG-root-25680::webapp_internal::wait_blocker|2469:: Blocker status: False
2025-12-08 07:58:28,429-INFO-root-25680::webapp_internal::fill_search_browse|2399:: Filling: 02DF0001
2025-12-08 07:58:28,441-DEBUG-root-25680::base::click|192:: Click Type: ClickType.JS
2025-12-08 07:58:29,509-DEBUG-root-25680::webapp_internal::wait_blocker|2444:: Waiting blocker to continue...
2025-12-08 07:58:29,603-DEBUG-root-25680::webapp_internal::wait_blocker|2469:: Blocker status: False
2025-12-08 07:58:29,604-INFO-root-25680::webapp_internal::fill_search_browse|2399:: Filling: 02DF0001
2025-12-08 07:58:29,612-DEBUG-root-25680::base::click|192:: Click Type: ClickType.JS
2025-12-08 07:58:30,690-DEBUG-root-25680::webapp_internal::wait_blocker|2444:: Waiting blocker to continue...
2025-12-08 07:58:30,789-DEBUG-root-25680::webapp_internal::wait_blocker|2469:: Blocker status: False
2025-12-08 07:58:30,790-DEBUG-root-25680::base::double_click|259:: Click Type: ClickType.SELENIUM
2025-12-08 07:58:30,796-WARNING-root-25680::base::double_click|280:: Warning double_click method Exception: Message: Element <button class="button-image" type="button"> is not clickable at point (1258,360) because another element <wa-button id="COMP6023" class="dict-tbutton focus"> obscures it
Stacktrace:
RemoteError@chrome://remote/content/shared/RemoteError.sys.mjs:8:8
WebDriverError@chrome://remote/content/shared/webdriver/Errors.sys.mjs:202:5
ElementClickInterceptedError@chrome://remote/content/shared/webdriver/Errors.sys.mjs:354:5
webdriverClickElement@chrome://remote/content/marionette/interaction.sys.mjs:175:11
interaction.clickElement@chrome://remote/content/marionette/interaction.sys.mjs:134:11
clickElement@chrome://remote/content/marionette/actors/MarionetteCommandsChild.sys.mjs:327:29
receiveMessage@chrome://remote/content/marionette/actors/MarionetteCommandsChild.sys.mjs:210:31

2025-12-08 07:58:31,102-INFO-root-25680::webapp_internal::SetButton|4444:: Clicking on OK
2025-12-08 07:58:31,103-DEBUG-root-25680::webapp_internal::wait_blocker|2444:: Waiting blocker to continue...
2025-12-08 07:58:31,226-DEBUG-root-25680::webapp_internal::wait_blocker|2469:: Blocker status: False
2025-12-08 07:58:31,534-DEBUG-root-25680::webapp_internal::wait_element_timeout|7726:: Element found! Waiting for element to be displayed.
2025-12-08 07:58:31,718-DEBUG-root-25680::webapp_internal::SetButton|4481:: ***System Info*** Before Clicking on button:OK
2025-12-08 07:58:31,718-DEBUG-root-25680::psutil_info::system_info|5:: CPU USAGE: 5.4%
2025-12-08 07:58:31,718-DEBUG-root-25680::psutil_info::system_info|6:: MEMORY USAGE: 84.7%
2025-12-08 07:58:31,720-DEBUG-root-25680::psutil_info::system_info|7:: MEMORY AVAILABLE: 15.31%
2025-12-08 07:58:32,007-DEBUG-root-25680::webapp_internal::wait_element_timeout|7726:: Element found! Waiting for element to be displayed.
2025-12-08 07:58:32,236-DEBUG-root-25680::webapp_internal::wait_blocker|2444:: Waiting blocker to continue...
2025-12-08 07:58:32,329-DEBUG-root-25680::webapp_internal::wait_blocker|2469:: Blocker status: False
2025-12-08 07:58:32,356-DEBUG-root-25680::webapp_internal::wait_blocker|2444:: Waiting blocker to continue...
2025-12-08 07:58:32,454-DEBUG-root-25680::webapp_internal::wait_blocker|2469:: Blocker status: False
2025-12-08 07:58:32,454-DEBUG-root-25680::webapp_internal::send_action|10480:: Trying to send action
2025-12-08 07:58:32,456-DEBUG-root-25680::base::click|192:: Click Type: ClickType.JS
2025-12-08 07:58:34,930-DEBUG-root-25680::webapp_internal::send_action|10522:: send_action method result = True
2025-12-08 07:58:34,930-DEBUG-root-25680::webapp_internal::send_action|10523:: send_action selenium status: True
2025-12-08 07:58:34,931-DEBUG-root-25680::webapp_internal::SetButton|4683:: ***System Info*** After Clicking on button:
2025-12-08 07:58:34,931-DEBUG-root-25680::psutil_info::system_info|5:: CPU USAGE: 10.0%
2025-12-08 07:58:34,931-DEBUG-root-25680::psutil_info::system_info|6:: MEMORY USAGE: 85.0%
2025-12-08 07:58:34,932-DEBUG-root-25680::psutil_info::system_info|7:: MEMORY AVAILABLE: 14.97%
2025-12-08 07:58:35,133-INFO-root-25680::webapp_internal::WaitShow|4980:: Waiting show text 'Solicitacoes de Viagens - INCLUIR'...
2025-12-08 07:58:35,353-INFO-root-25680::webapp_internal::WaitShow|4996:: Text found! 
2025-12-08 07:58:35,354-DEBUG-root-25680::webapp_internal::wait_blocker|2444:: Waiting blocker to continue...
2025-12-08 07:58:35,492-DEBUG-root-25680::webapp_internal::wait_blocker|2469:: Blocker status: False
2025-12-08 07:58:35,492-DEBUG-root-25680::webapp_internal::wait_element|7623:: Waiting for element
2025-12-08 07:58:35,573-DEBUG-root-25680::webapp_internal::wait_element|7653:: Element found! Waiting for element to be displayed.
2025-12-08 07:58:35,643-INFO-root-25680::webapp_internal::input_value|2941:: Looking for element: ZV3_DESCRI
2025-12-08 07:58:35,807-INFO-root-25680::webapp_internal::input_value|2951:: Element: ZV3_DESCRI Found!
2025-12-08 07:58:35,807-INFO-root-25680::webapp_internal::input_value|2953:: Filling element: ZV3_DESCRI
2025-12-08 07:58:35,828-DEBUG-root-25680::webapp_internal::get_web_value|3232:: Current value:                                                   
2025-12-08 07:58:35,863-DEBUG-root-25680::base::double_click|259:: Click Type: ClickType.SELENIUM
2025-12-08 07:58:36,120-DEBUG-root-25680::webapp_internal::wait_blocker|2444:: Waiting blocker to continue...
2025-12-08 07:58:36,257-DEBUG-root-25680::webapp_internal::wait_blocker|2469:: Blocker status: False
2025-12-08 07:58:36,619-DEBUG-root-25680::webapp_internal::get_web_value|3232:: Current value: USO PARA TESTE AUTOMATIZADO                       
2025-12-08 07:58:36,619-INFO-root-25680::webapp_internal::input_value|3059:: Current field value: USO PARA TESTE AUTOMATIZADO
2025-12-08 07:58:36,643-DEBUG-root-25680::webapp_internal::wait_blocker|2444:: Waiting blocker to continue...
2025-12-08 07:58:36,780-DEBUG-root-25680::webapp_internal::wait_blocker|2469:: Blocker status: False
2025-12-08 07:58:36,780-DEBUG-root-25680::webapp_internal::wait_element|7623:: Waiting for element
2025-12-08 07:58:36,868-DEBUG-root-25680::webapp_internal::wait_element|7653:: Element found! Waiting for element to be displayed.
2025-12-08 07:58:36,939-INFO-root-25680::webapp_internal::input_value|2941:: Looking for element: ZV3_DTINI
2025-12-08 07:58:37,134-INFO-root-25680::webapp_internal::input_value|2951:: Element: ZV3_DTINI Found!
2025-12-08 07:58:37,134-INFO-root-25680::webapp_internal::input_value|2953:: Filling element: ZV3_DTINI
2025-12-08 07:58:37,168-DEBUG-root-25680::webapp_internal::get_web_value|3232:: Current value:   /  /    
2025-12-08 07:58:37,208-DEBUG-root-25680::base::double_click|259:: Click Type: ClickType.SELENIUM
2025-12-08 07:58:37,469-DEBUG-root-25680::webapp_internal::wait_blocker|2444:: Waiting blocker to continue...
2025-12-08 07:58:37,610-DEBUG-root-25680::webapp_internal::wait_blocker|2469:: Blocker status: False
2025-12-08 07:58:37,953-DEBUG-root-25680::webapp_internal::get_web_value|3232:: Current value: 23/12/2025
2025-12-08 07:58:37,953-INFO-root-25680::webapp_internal::input_value|3059:: Current field value: 23122025
2025-12-08 07:58:37,962-DEBUG-root-25680::webapp_internal::wait_blocker|2444:: Waiting blocker to continue...
2025-12-08 07:58:38,123-DEBUG-root-25680::webapp_internal::wait_blocker|2469:: Blocker status: False
2025-12-08 07:58:38,125-DEBUG-root-25680::webapp_internal::wait_element|7623:: Waiting for element
2025-12-08 07:58:38,227-DEBUG-root-25680::webapp_internal::wait_element|7653:: Element found! Waiting for element to be displayed.
2025-12-08 07:58:38,299-INFO-root-25680::webapp_internal::input_value|2941:: Looking for element: ZV3_DTFIM
2025-12-08 07:58:38,475-INFO-root-25680::webapp_internal::input_value|2951:: Element: ZV3_DTFIM Found!
2025-12-08 07:58:38,475-INFO-root-25680::webapp_internal::input_value|2953:: Filling element: ZV3_DTFIM
2025-12-08 07:58:38,511-DEBUG-root-25680::webapp_internal::get_web_value|3232:: Current value:   /  /    
2025-12-08 07:58:38,587-DEBUG-root-25680::base::double_click|259:: Click Type: ClickType.SELENIUM
2025-12-08 07:58:38,853-DEBUG-root-25680::webapp_internal::wait_blocker|2444:: Waiting blocker to continue...
2025-12-08 07:58:38,977-DEBUG-root-25680::webapp_internal::wait_blocker|2469:: Blocker status: False
2025-12-08 07:58:39,307-DEBUG-root-25680::webapp_internal::get_web_value|3232:: Current value: 30/12/2025
2025-12-08 07:58:39,307-INFO-root-25680::webapp_internal::input_value|3059:: Current field value: 30122025
2025-12-08 07:58:40,320-DEBUG-root-25680::webapp_internal::wait_blocker|2444:: Waiting blocker to continue...
2025-12-08 07:58:40,453-DEBUG-root-25680::webapp_internal::wait_blocker|2469:: Blocker status: False
2025-12-08 07:58:40,453-DEBUG-root-25680::webapp_internal::wait_element|7623:: Waiting for element
2025-12-08 07:58:40,537-DEBUG-root-25680::webapp_internal::wait_element|7653:: Element found! Waiting for element to be displayed.
2025-12-08 07:58:40,604-INFO-root-25680::webapp_internal::input_value|2941:: Looking for element: ZV3_CC
2025-12-08 07:58:40,773-INFO-root-25680::webapp_internal::input_value|2951:: Element: ZV3_CC Found!
2025-12-08 07:58:40,773-INFO-root-25680::webapp_internal::input_value|2953:: Filling element: ZV3_CC
2025-12-08 07:58:40,795-DEBUG-root-25680::webapp_internal::get_web_value|3232:: Current value:          
2025-12-08 07:58:40,834-DEBUG-root-25680::base::double_click|259:: Click Type: ClickType.SELENIUM
2025-12-08 07:58:41,093-DEBUG-root-25680::webapp_internal::wait_blocker|2444:: Waiting blocker to continue...
2025-12-08 07:58:41,227-DEBUG-root-25680::webapp_internal::wait_blocker|2469:: Blocker status: False
2025-12-08 07:58:41,556-DEBUG-root-25680::webapp_internal::get_web_value|3232:: Current value: 000000677
2025-12-08 07:58:41,556-INFO-root-25680::webapp_internal::input_value|3059:: Current field value: 000000677
2025-12-08 07:58:41,568-DEBUG-root-25680::webapp_internal::wait_blocker|2444:: Waiting blocker to continue...
2025-12-08 07:58:41,708-DEBUG-root-25680::webapp_internal::wait_blocker|2469:: Blocker status: False
2025-12-08 07:58:41,708-DEBUG-root-25680::webapp_internal::wait_element|7623:: Waiting for element
2025-12-08 07:58:41,788-DEBUG-root-25680::webapp_internal::wait_element|7653:: Element found! Waiting for element to be displayed.
2025-12-08 07:58:41,897-INFO-root-25680::webapp_internal::input_value|2941:: Looking for element: ZV3_TIPO
2025-12-08 07:58:42,061-INFO-root-25680::webapp_internal::input_value|2951:: Element: ZV3_TIPO Found!
2025-12-08 07:58:42,061-INFO-root-25680::webapp_internal::input_value|2953:: Filling element: ZV3_TIPO
2025-12-08 07:58:43,244-INFO-root-25680::base::select_combo|871:: Selected value for combo is: 1 - Servico
2025-12-08 07:58:43,289-DEBUG-root-25680::webapp_internal::wait_blocker|2444:: Waiting blocker to continue...
2025-12-08 07:58:43,419-DEBUG-root-25680::webapp_internal::wait_blocker|2469:: Blocker status: False
2025-12-08 07:58:43,419-DEBUG-root-25680::webapp_internal::wait_element|7623:: Waiting for element
2025-12-08 07:58:43,502-DEBUG-root-25680::webapp_internal::wait_element|7653:: Element found! Waiting for element to be displayed.
2025-12-08 07:58:43,571-INFO-root-25680::webapp_internal::input_value|2941:: Looking for element: ZV3_OBS
2025-12-08 07:58:43,725-INFO-root-25680::webapp_internal::input_value|2951:: Element: ZV3_OBS Found!
2025-12-08 07:58:43,725-INFO-root-25680::webapp_internal::input_value|2953:: Filling element: ZV3_OBS
2025-12-08 07:58:43,751-DEBUG-root-25680::webapp_internal::get_web_value|3232:: Current value: 
2025-12-08 07:58:43,774-DEBUG-root-25680::base::double_click|259:: Click Type: ClickType.SELENIUM
2025-12-08 07:58:44,022-DEBUG-root-25680::webapp_internal::wait_blocker|2444:: Waiting blocker to continue...
2025-12-08 07:58:44,156-DEBUG-root-25680::webapp_internal::wait_blocker|2469:: Blocker status: False
2025-12-08 07:58:44,502-DEBUG-root-25680::webapp_internal::get_web_value|3232:: Current value: TESTE DE SOLICITAÇÃO DE VIAGEM
2025-12-08 07:58:44,502-INFO-root-25680::webapp_internal::input_value|3059:: Current field value: TESTE DE SOLICITAÇÃO DE VIAGEM
2025-12-08 07:58:44,510-DEBUG-root-25680::webapp_internal::wait_blocker|2444:: Waiting blocker to continue...
2025-12-08 07:58:44,643-DEBUG-root-25680::webapp_internal::wait_blocker|2469:: Blocker status: False
2025-12-08 07:58:44,644-INFO-root-25680::webapp_internal::SetKey|5822:: Key pressed: TAB
2025-12-08 07:58:44,644-DEBUG-root-25680::webapp_internal::SetKey|5857:: Trying press key
2025-12-08 07:58:44,775-DEBUG-root-25680::webapp_internal::wait_blocker|2444:: Waiting blocker to continue...
2025-12-08 07:58:44,905-DEBUG-root-25680::webapp_internal::wait_blocker|2469:: Blocker status: False
2025-12-08 07:58:44,931-DEBUG-root-25680::webapp_internal::wait_blocker|2444:: Waiting blocker to continue...
2025-12-08 07:58:45,083-DEBUG-root-25680::webapp_internal::wait_blocker|2469:: Blocker status: False
2025-12-08 07:58:45,083-DEBUG-root-25680::webapp_internal::send_action|10480:: Trying to send action
2025-12-08 07:58:46,124-DEBUG-root-25680::webapp_internal::send_action|10522:: send_action method result = True
2025-12-08 07:58:46,125-DEBUG-root-25680::webapp_internal::send_action|10523:: send_action selenium status: False
2025-12-08 07:58:46,125-DEBUG-root-25680::webapp_internal::wait_element|7623:: Waiting for element
2025-12-08 07:58:46,222-DEBUG-root-25680::webapp_internal::wait_element|7653:: Element found! Waiting for element to be displayed.
2025-12-08 07:58:46,518-DEBUG-root-25680::webapp_internal::wait_blocker|2444:: Waiting blocker to continue...
2025-12-08 07:58:46,712-DEBUG-root-25680::webapp_internal::wait_blocker|2469:: Blocker status: False
2025-12-08 07:58:46,712-INFO-root-25680::webapp_internal::LoadGrid|6298:: Filling grid field: Favorecido
2025-12-08 07:58:46,712-DEBUG-root-25680::webapp_internal::fill_grid|6399:: Grid loading...
2025-12-08 07:58:46,876-DEBUG-root-25680::webapp_internal::fill_grid|6466:: Column found!
2025-12-08 07:58:46,923-DEBUG-root-25680::base::click|192:: Click Type: ClickType.ACTIONCHAINS
2025-12-08 07:58:47,221-DEBUG-root-25680::webapp_internal::fill_grid|6486:: Trying to select cell in grid!
2025-12-08 07:58:47,222-DEBUG-root-25680::base::click|192:: Click Type: ClickType.ACTIONCHAINS
2025-12-08 07:58:47,507-DEBUG-root-25680::webapp_internal::fill_grid|6486:: Trying to select cell in grid!
2025-12-08 07:58:47,509-DEBUG-root-25680::base::click|192:: Click Type: ClickType.ACTIONCHAINS
2025-12-08 07:58:47,801-DEBUG-root-25680::webapp_internal::fill_grid|6486:: Trying to select cell in grid!
2025-12-08 07:58:47,804-DEBUG-root-25680::base::click|192:: Click Type: ClickType.ACTIONCHAINS
2025-12-08 07:58:48,093-DEBUG-root-25680::webapp_internal::fill_grid|6486:: Trying to select cell in grid!
2025-12-08 07:58:48,095-DEBUG-root-25680::base::click|192:: Click Type: ClickType.ACTIONCHAINS
2025-12-08 07:58:48,391-DEBUG-root-25680::webapp_internal::fill_grid|6486:: Trying to select cell in grid!
2025-12-08 07:58:48,393-DEBUG-root-25680::base::click|192:: Click Type: ClickType.ACTIONCHAINS
2025-12-08 07:58:48,687-DEBUG-root-25680::webapp_internal::fill_grid|6486:: Trying to select cell in grid!
2025-12-08 07:58:48,688-DEBUG-root-25680::base::click|192:: Click Type: ClickType.ACTIONCHAINS
2025-12-08 07:58:48,978-DEBUG-root-25680::webapp_internal::fill_grid|6486:: Trying to select cell in grid!
2025-12-08 07:58:48,984-DEBUG-root-25680::base::click|192:: Click Type: ClickType.ACTIONCHAINS
2025-12-08 07:58:49,273-DEBUG-root-25680::webapp_internal::fill_grid|6486:: Trying to select cell in grid!
2025-12-08 07:58:49,275-DEBUG-root-25680::base::click|192:: Click Type: ClickType.ACTIONCHAINS
2025-12-08 07:58:49,553-DEBUG-root-25680::webapp_internal::fill_grid|6486:: Trying to select cell in grid!
2025-12-08 07:58:49,555-DEBUG-root-25680::base::click|192:: Click Type: ClickType.ACTIONCHAINS
2025-12-08 07:58:49,852-DEBUG-root-25680::webapp_internal::fill_grid|6486:: Trying to select cell in grid!
2025-12-08 07:58:49,855-DEBUG-root-25680::base::click|192:: Click Type: ClickType.ACTIONCHAINS
2025-12-08 07:58:50,144-DEBUG-root-25680::webapp_internal::fill_grid|6486:: Trying to select cell in grid!
2025-12-08 07:58:50,145-DEBUG-root-25680::base::click|192:: Click Type: ClickType.ACTIONCHAINS
2025-12-08 07:58:50,440-DEBUG-root-25680::webapp_internal::fill_grid|6486:: Trying to select cell in grid!
2025-12-08 07:58:50,443-DEBUG-root-25680::base::click|192:: Click Type: ClickType.ACTIONCHAINS
2025-12-08 07:58:50,730-DEBUG-root-25680::webapp_internal::fill_grid|6486:: Trying to select cell in grid!
2025-12-08 07:58:50,734-DEBUG-root-25680::base::click|192:: Click Type: ClickType.ACTIONCHAINS
2025-12-08 07:58:50,997-DEBUG-root-25680::webapp_internal::fill_grid|6486:: Trying to select cell in grid!
2025-12-08 07:58:51,001-DEBUG-root-25680::base::click|192:: Click Type: ClickType.ACTIONCHAINS
2025-12-08 07:58:51,291-DEBUG-root-25680::webapp_internal::fill_grid|6486:: Trying to select cell in grid!
2025-12-08 07:58:51,293-DEBUG-root-25680::base::click|192:: Click Type: ClickType.ACTIONCHAINS
2025-12-08 07:58:51,589-DEBUG-root-25680::webapp_internal::fill_grid|6486:: Trying to select cell in grid!
2025-12-08 07:58:51,590-DEBUG-root-25680::base::click|192:: Click Type: ClickType.ACTIONCHAINS
2025-12-08 07:58:51,855-DEBUG-root-25680::webapp_internal::fill_grid|6486:: Trying to select cell in grid!
2025-12-08 07:58:51,857-DEBUG-root-25680::base::click|192:: Click Type: ClickType.ACTIONCHAINS
2025-12-08 07:58:52,147-DEBUG-root-25680::webapp_internal::fill_grid|6486:: Trying to select cell in grid!
2025-12-08 07:58:52,152-DEBUG-root-25680::base::click|192:: Click Type: ClickType.ACTIONCHAINS
2025-12-08 07:58:52,421-DEBUG-root-25680::webapp_internal::fill_grid|6486:: Trying to select cell in grid!
2025-12-08 07:58:52,424-DEBUG-root-25680::base::click|192:: Click Type: ClickType.ACTIONCHAINS
2025-12-08 07:58:52,709-DEBUG-root-25680::webapp_internal::fill_grid|6486:: Trying to select cell in grid!
2025-12-08 07:58:52,711-DEBUG-root-25680::base::click|192:: Click Type: ClickType.ACTIONCHAINS
2025-12-08 07:58:53,001-DEBUG-root-25680::webapp_internal::fill_grid|6486:: Trying to select cell in grid!
2025-12-08 07:58:53,003-DEBUG-root-25680::base::click|192:: Click Type: ClickType.ACTIONCHAINS
2025-12-08 07:58:53,285-DEBUG-root-25680::webapp_internal::fill_grid|6486:: Trying to select cell in grid!
2025-12-08 07:58:53,287-DEBUG-root-25680::base::click|192:: Click Type: ClickType.ACTIONCHAINS
2025-12-08 07:58:53,575-DEBUG-root-25680::webapp_internal::fill_grid|6486:: Trying to select cell in grid!
2025-12-08 07:58:53,577-DEBUG-root-25680::base::click|192:: Click Type: ClickType.ACTIONCHAINS
2025-12-08 07:58:53,871-DEBUG-root-25680::webapp_internal::fill_grid|6486:: Trying to select cell in grid!
2025-12-08 07:58:53,873-DEBUG-root-25680::base::click|192:: Click Type: ClickType.ACTIONCHAINS
2025-12-08 07:58:54,168-DEBUG-root-25680::webapp_internal::fill_grid|6486:: Trying to select cell in grid!
2025-12-08 07:58:54,170-DEBUG-root-25680::base::click|192:: Click Type: ClickType.ACTIONCHAINS
2025-12-08 07:58:54,461-DEBUG-root-25680::webapp_internal::fill_grid|6486:: Trying to select cell in grid!
2025-12-08 07:58:54,463-DEBUG-root-25680::base::click|192:: Click Type: ClickType.ACTIONCHAINS
2025-12-08 07:58:54,757-DEBUG-root-25680::webapp_internal::fill_grid|6486:: Trying to select cell in grid!
2025-12-08 07:58:54,758-DEBUG-root-25680::base::click|192:: Click Type: ClickType.ACTIONCHAINS
2025-12-08 07:58:55,062-DEBUG-root-25680::webapp_internal::fill_grid|6486:: Trying to select cell in grid!
2025-12-08 07:58:55,068-DEBUG-root-25680::base::click|192:: Click Type: ClickType.ACTIONCHAINS
2025-12-08 07:58:55,351-DEBUG-root-25680::webapp_internal::fill_grid|6486:: Trying to select cell in grid!
2025-12-08 07:58:55,353-DEBUG-root-25680::base::click|192:: Click Type: ClickType.ACTIONCHAINS
2025-12-08 07:58:55,644-DEBUG-root-25680::webapp_internal::fill_grid|6486:: Trying to select cell in grid!
2025-12-08 07:58:55,650-DEBUG-root-25680::base::click|192:: Click Type: ClickType.ACTIONCHAINS
2025-12-08 07:58:55,941-DEBUG-root-25680::webapp_internal::fill_grid|6486:: Trying to select cell in grid!
2025-12-08 07:58:55,943-DEBUG-root-25680::base::click|192:: Click Type: ClickType.ACTIONCHAINS
2025-12-08 07:58:56,242-DEBUG-root-25680::webapp_internal::fill_grid|6486:: Trying to select cell in grid!
2025-12-08 07:58:56,244-DEBUG-root-25680::base::click|192:: Click Type: ClickType.ACTIONCHAINS
2025-12-08 07:58:56,537-DEBUG-root-25680::webapp_internal::fill_grid|6486:: Trying to select cell in grid!
2025-12-08 07:58:56,538-DEBUG-root-25680::base::click|192:: Click Type: ClickType.ACTIONCHAINS
2025-12-08 07:58:56,829-DEBUG-root-25680::webapp_internal::fill_grid|6486:: Trying to select cell in grid!
2025-12-08 07:58:56,834-DEBUG-root-25680::base::click|192:: Click Type: ClickType.ACTIONCHAINS
2025-12-08 07:58:57,095-DEBUG-root-25680::webapp_internal::fill_grid|6486:: Trying to select cell in grid!
2025-12-08 07:58:57,100-DEBUG-root-25680::base::click|192:: Click Type: ClickType.ACTIONCHAINS
2025-12-08 07:58:57,391-DEBUG-root-25680::webapp_internal::fill_grid|6486:: Trying to select cell in grid!
2025-12-08 07:58:57,393-DEBUG-root-25680::base::click|192:: Click Type: ClickType.ACTIONCHAINS
2025-12-08 07:58:57,692-DEBUG-root-25680::webapp_internal::fill_grid|6486:: Trying to select cell in grid!
2025-12-08 07:58:57,694-DEBUG-root-25680::base::click|192:: Click Type: ClickType.ACTIONCHAINS
2025-12-08 07:58:57,985-DEBUG-root-25680::webapp_internal::fill_grid|6486:: Trying to select cell in grid!
2025-12-08 07:58:57,986-DEBUG-root-25680::base::click|192:: Click Type: ClickType.ACTIONCHAINS
2025-12-08 07:58:58,276-DEBUG-root-25680::webapp_internal::fill_grid|6486:: Trying to select cell in grid!
2025-12-08 07:58:58,278-DEBUG-root-25680::base::click|192:: Click Type: ClickType.ACTIONCHAINS
2025-12-08 07:58:58,573-DEBUG-root-25680::webapp_internal::fill_grid|6486:: Trying to select cell in grid!
2025-12-08 07:58:58,576-DEBUG-root-25680::base::click|192:: Click Type: ClickType.ACTIONCHAINS
2025-12-08 07:58:58,873-DEBUG-root-25680::webapp_internal::fill_grid|6486:: Trying to select cell in grid!
2025-12-08 07:58:58,875-DEBUG-root-25680::base::click|192:: Click Type: ClickType.ACTIONCHAINS
2025-12-08 07:58:59,170-DEBUG-root-25680::webapp_internal::fill_grid|6486:: Trying to select cell in grid!
2025-12-08 07:58:59,172-DEBUG-root-25680::base::click|192:: Click Type: ClickType.ACTIONCHAINS
2025-12-08 07:58:59,461-DEBUG-root-25680::webapp_internal::fill_grid|6486:: Trying to select cell in grid!
2025-12-08 07:58:59,467-DEBUG-root-25680::base::click|192:: Click Type: ClickType.ACTIONCHAINS
2025-12-08 07:58:59,758-DEBUG-root-25680::webapp_internal::fill_grid|6486:: Trying to select cell in grid!
2025-12-08 07:58:59,761-DEBUG-root-25680::base::click|192:: Click Type: ClickType.ACTIONCHAINS
2025-12-08 07:59:00,055-DEBUG-root-25680::webapp_internal::fill_grid|6486:: Trying to select cell in grid!
2025-12-08 07:59:00,057-DEBUG-root-25680::base::click|192:: Click Type: ClickType.ACTIONCHAINS
2025-12-08 07:59:00,324-DEBUG-root-25680::webapp_internal::fill_grid|6486:: Trying to select cell in grid!
2025-12-08 07:59:00,325-DEBUG-root-25680::base::click|192:: Click Type: ClickType.ACTIONCHAINS
2025-12-08 07:59:00,617-DEBUG-root-25680::webapp_internal::fill_grid|6486:: Trying to select cell in grid!
2025-12-08 07:59:00,620-DEBUG-root-25680::base::click|192:: Click Type: ClickType.ACTIONCHAINS
2025-12-08 07:59:00,912-DEBUG-root-25680::webapp_internal::fill_grid|6486:: Trying to select cell in grid!
2025-12-08 07:59:00,917-DEBUG-root-25680::base::click|192:: Click Type: ClickType.ACTIONCHAINS
2025-12-08 07:59:01,207-DEBUG-root-25680::webapp_internal::fill_grid|6486:: Trying to select cell in grid!
2025-12-08 07:59:01,210-DEBUG-root-25680::base::click|192:: Click Type: ClickType.ACTIONCHAINS
2025-12-08 07:59:01,490-DEBUG-root-25680::webapp_internal::fill_grid|6486:: Trying to select cell in grid!
2025-12-08 07:59:01,491-DEBUG-root-25680::base::click|192:: Click Type: ClickType.ACTIONCHAINS
2025-12-08 07:59:01,756-DEBUG-root-25680::webapp_internal::fill_grid|6486:: Trying to select cell in grid!
2025-12-08 07:59:01,758-DEBUG-root-25680::base::click|192:: Click Type: ClickType.ACTIONCHAINS
2025-12-08 07:59:02,050-DEBUG-root-25680::webapp_internal::fill_grid|6486:: Trying to select cell in grid!
2025-12-08 07:59:02,052-DEBUG-root-25680::base::click|192:: Click Type: ClickType.ACTIONCHAINS
2025-12-08 07:59:02,340-DEBUG-root-25680::webapp_internal::fill_grid|6486:: Trying to select cell in grid!
2025-12-08 07:59:02,342-DEBUG-root-25680::base::click|192:: Click Type: ClickType.ACTIONCHAINS
2025-12-08 07:59:02,634-DEBUG-root-25680::webapp_internal::fill_grid|6486:: Trying to select cell in grid!
2025-12-08 07:59:02,636-DEBUG-root-25680::base::click|192:: Click Type: ClickType.ACTIONCHAINS
2025-12-08 07:59:02,928-DEBUG-root-25680::webapp_internal::fill_grid|6486:: Trying to select cell in grid!
2025-12-08 07:59:02,934-DEBUG-root-25680::base::click|192:: Click Type: ClickType.ACTIONCHAINS
2025-12-08 07:59:03,223-DEBUG-root-25680::webapp_internal::fill_grid|6486:: Trying to select cell in grid!
2025-12-08 07:59:03,225-DEBUG-root-25680::base::click|192:: Click Type: ClickType.ACTIONCHAINS
2025-12-08 07:59:03,508-DEBUG-root-25680::webapp_internal::fill_grid|6486:: Trying to select cell in grid!
2025-12-08 07:59:03,511-DEBUG-root-25680::base::click|192:: Click Type: ClickType.ACTIONCHAINS
2025-12-08 07:59:03,800-DEBUG-root-25680::webapp_internal::fill_grid|6486:: Trying to select cell in grid!
2025-12-08 07:59:03,803-DEBUG-root-25680::base::click|192:: Click Type: ClickType.ACTIONCHAINS
2025-12-08 07:59:04,092-DEBUG-root-25680::webapp_internal::fill_grid|6486:: Trying to select cell in grid!
2025-12-08 07:59:04,094-DEBUG-root-25680::base::click|192:: Click Type: ClickType.ACTIONCHAINS
2025-12-08 07:59:04,390-DEBUG-root-25680::webapp_internal::fill_grid|6486:: Trying to select cell in grid!
2025-12-08 07:59:04,392-DEBUG-root-25680::base::click|192:: Click Type: ClickType.ACTIONCHAINS
2025-12-08 07:59:04,655-DEBUG-root-25680::webapp_internal::fill_grid|6486:: Trying to select cell in grid!
2025-12-08 07:59:04,657-DEBUG-root-25680::base::click|192:: Click Type: ClickType.ACTIONCHAINS
2025-12-08 07:59:04,941-DEBUG-root-25680::webapp_internal::fill_grid|6486:: Trying to select cell in grid!
2025-12-08 07:59:04,943-DEBUG-root-25680::base::click|192:: Click Type: ClickType.ACTIONCHAINS
2025-12-08 07:59:05,208-DEBUG-root-25680::webapp_internal::fill_grid|6486:: Trying to select cell in grid!
2025-12-08 07:59:05,210-DEBUG-root-25680::base::click|192:: Click Type: ClickType.ACTIONCHAINS
2025-12-08 07:59:05,475-DEBUG-root-25680::webapp_internal::fill_grid|6486:: Trying to select cell in grid!
2025-12-08 07:59:05,476-DEBUG-root-25680::base::click|192:: Click Type: ClickType.ACTIONCHAINS
2025-12-08 07:59:05,774-DEBUG-root-25680::webapp_internal::fill_grid|6486:: Trying to select cell in grid!
2025-12-08 07:59:05,776-DEBUG-root-25680::base::click|192:: Click Type: ClickType.ACTIONCHAINS
2025-12-08 07:59:06,057-DEBUG-root-25680::webapp_internal::fill_grid|6486:: Trying to select cell in grid!
2025-12-08 07:59:06,060-DEBUG-root-25680::base::click|192:: Click Type: ClickType.ACTIONCHAINS
2025-12-08 07:59:06,353-DEBUG-root-25680::webapp_internal::fill_grid|6486:: Trying to select cell in grid!
2025-12-08 07:59:06,356-DEBUG-root-25680::base::click|192:: Click Type: ClickType.ACTIONCHAINS
2025-12-08 07:59:06,651-DEBUG-root-25680::webapp_internal::fill_grid|6486:: Trying to select cell in grid!
2025-12-08 07:59:06,653-DEBUG-root-25680::base::click|192:: Click Type: ClickType.ACTIONCHAINS
2025-12-08 07:59:06,942-DEBUG-root-25680::webapp_internal::fill_grid|6486:: Trying to select cell in grid!
2025-12-08 07:59:06,944-DEBUG-root-25680::base::click|192:: Click Type: ClickType.ACTIONCHAINS
2025-12-08 07:59:07,236-DEBUG-root-25680::webapp_internal::fill_grid|6486:: Trying to select cell in grid!
2025-12-08 07:59:07,238-DEBUG-root-25680::base::click|192:: Click Type: ClickType.ACTIONCHAINS
2025-12-08 07:59:07,527-DEBUG-root-25680::webapp_internal::fill_grid|6486:: Trying to select cell in grid!
2025-12-08 07:59:07,528-DEBUG-root-25680::base::click|192:: Click Type: ClickType.ACTIONCHAINS
2025-12-08 07:59:07,825-DEBUG-root-25680::webapp_internal::fill_grid|6486:: Trying to select cell in grid!
2025-12-08 07:59:07,827-DEBUG-root-25680::base::click|192:: Click Type: ClickType.ACTIONCHAINS
2025-12-08 07:59:08,118-DEBUG-root-25680::webapp_internal::fill_grid|6486:: Trying to select cell in grid!
2025-12-08 07:59:08,120-DEBUG-root-25680::base::click|192:: Click Type: ClickType.ACTIONCHAINS
2025-12-08 07:59:08,385-DEBUG-root-25680::webapp_internal::fill_grid|6486:: Trying to select cell in grid!
2025-12-08 07:59:08,387-DEBUG-root-25680::base::click|192:: Click Type: ClickType.ACTIONCHAINS
2025-12-08 07:59:08,676-DEBUG-root-25680::webapp_internal::fill_grid|6486:: Trying to select cell in grid!
2025-12-08 07:59:08,678-DEBUG-root-25680::base::click|192:: Click Type: ClickType.ACTIONCHAINS
2025-12-08 07:59:08,973-DEBUG-root-25680::webapp_internal::fill_grid|6486:: Trying to select cell in grid!
2025-12-08 07:59:08,975-DEBUG-root-25680::base::click|192:: Click Type: ClickType.ACTIONCHAINS
2025-12-08 07:59:09,270-DEBUG-root-25680::webapp_internal::fill_grid|6486:: Trying to select cell in grid!
2025-12-08 07:59:09,272-DEBUG-root-25680::base::click|192:: Click Type: ClickType.ACTIONCHAINS
2025-12-08 07:59:09,561-DEBUG-root-25680::webapp_internal::fill_grid|6486:: Trying to select cell in grid!
2025-12-08 07:59:09,563-DEBUG-root-25680::base::click|192:: Click Type: ClickType.ACTIONCHAINS
2025-12-08 07:59:09,856-DEBUG-root-25680::webapp_internal::fill_grid|6486:: Trying to select cell in grid!
2025-12-08 07:59:09,858-DEBUG-root-25680::base::click|192:: Click Type: ClickType.ACTIONCHAINS
2025-12-08 07:59:10,123-DEBUG-root-25680::webapp_internal::fill_grid|6486:: Trying to select cell in grid!
2025-12-08 07:59:10,125-DEBUG-root-25680::base::click|192:: Click Type: ClickType.ACTIONCHAINS
2025-12-08 07:59:10,418-DEBUG-root-25680::webapp_internal::fill_grid|6486:: Trying to select cell in grid!
2025-12-08 07:59:10,421-DEBUG-root-25680::base::click|192:: Click Type: ClickType.ACTIONCHAINS
2025-12-08 07:59:10,711-DEBUG-root-25680::webapp_internal::fill_grid|6486:: Trying to select cell in grid!
2025-12-08 07:59:10,713-DEBUG-root-25680::base::click|192:: Click Type: ClickType.ACTIONCHAINS
2025-12-08 07:59:10,991-DEBUG-root-25680::webapp_internal::fill_grid|6486:: Trying to select cell in grid!
2025-12-08 07:59:10,993-DEBUG-root-25680::base::click|192:: Click Type: ClickType.ACTIONCHAINS
2025-12-08 07:59:11,290-DEBUG-root-25680::webapp_internal::fill_grid|6486:: Trying to select cell in grid!
2025-12-08 07:59:11,292-DEBUG-root-25680::base::click|192:: Click Type: ClickType.ACTIONCHAINS
2025-12-08 07:59:11,585-DEBUG-root-25680::webapp_internal::fill_grid|6486:: Trying to select cell in grid!
2025-12-08 07:59:11,587-DEBUG-root-25680::base::click|192:: Click Type: ClickType.ACTIONCHAINS
2025-12-08 07:59:11,877-DEBUG-root-25680::webapp_internal::fill_grid|6486:: Trying to select cell in grid!
2025-12-08 07:59:11,880-DEBUG-root-25680::base::click|192:: Click Type: ClickType.ACTIONCHAINS
2025-12-08 07:59:12,173-DEBUG-root-25680::webapp_internal::fill_grid|6486:: Trying to select cell in grid!
2025-12-08 07:59:12,175-DEBUG-root-25680::base::click|192:: Click Type: ClickType.ACTIONCHAINS
2025-12-08 07:59:12,469-DEBUG-root-25680::webapp_internal::fill_grid|6486:: Trying to select cell in grid!
2025-12-08 07:59:12,471-DEBUG-root-25680::base::click|192:: Click Type: ClickType.ACTIONCHAINS
2025-12-08 07:59:12,733-DEBUG-root-25680::webapp_internal::fill_grid|6486:: Trying to select cell in grid!
2025-12-08 07:59:12,737-DEBUG-root-25680::base::click|192:: Click Type: ClickType.ACTIONCHAINS
2025-12-08 07:59:13,027-DEBUG-root-25680::webapp_internal::fill_grid|6486:: Trying to select cell in grid!
2025-12-08 07:59:13,028-DEBUG-root-25680::base::click|192:: Click Type: ClickType.ACTIONCHAINS
2025-12-08 07:59:13,324-DEBUG-root-25680::webapp_internal::fill_grid|6486:: Trying to select cell in grid!
2025-12-08 07:59:13,326-DEBUG-root-25680::base::click|192:: Click Type: ClickType.ACTIONCHAINS
2025-12-08 07:59:13,620-DEBUG-root-25680::webapp_internal::fill_grid|6486:: Trying to select cell in grid!
2025-12-08 07:59:13,622-DEBUG-root-25680::base::click|192:: Click Type: ClickType.ACTIONCHAINS
2025-12-08 07:59:13,886-DEBUG-root-25680::webapp_internal::fill_grid|6486:: Trying to select cell in grid!
2025-12-08 07:59:13,888-DEBUG-root-25680::base::click|192:: Click Type: ClickType.ACTIONCHAINS
2025-12-08 07:59:14,175-DEBUG-root-25680::webapp_internal::fill_grid|6486:: Trying to select cell in grid!
2025-12-08 07:59:14,177-DEBUG-root-25680::base::click|192:: Click Type: ClickType.ACTIONCHAINS
2025-12-08 07:59:14,472-DEBUG-root-25680::webapp_internal::fill_grid|6486:: Trying to select cell in grid!
2025-12-08 07:59:14,474-DEBUG-root-25680::base::click|192:: Click Type: ClickType.ACTIONCHAINS
2025-12-08 07:59:14,739-DEBUG-root-25680::webapp_internal::fill_grid|6486:: Trying to select cell in grid!
2025-12-08 07:59:14,741-DEBUG-root-25680::base::click|192:: Click Type: ClickType.ACTIONCHAINS
2025-12-08 07:59:15,034-DEBUG-root-25680::webapp_internal::fill_grid|6486:: Trying to select cell in grid!
2025-12-08 07:59:15,036-DEBUG-root-25680::base::click|192:: Click Type: ClickType.ACTIONCHAINS
2025-12-08 07:59:15,324-DEBUG-root-25680::webapp_internal::fill_grid|6486:: Trying to select cell in grid!
2025-12-08 07:59:15,326-DEBUG-root-25680::base::click|192:: Click Type: ClickType.ACTIONCHAINS
2025-12-08 07:59:15,623-DEBUG-root-25680::webapp_internal::fill_grid|6486:: Trying to select cell in grid!
2025-12-08 07:59:15,625-DEBUG-root-25680::base::click|192:: Click Type: ClickType.ACTIONCHAINS
2025-12-08 07:59:15,922-DEBUG-root-25680::webapp_internal::fill_grid|6486:: Trying to select cell in grid!
2025-12-08 07:59:15,924-DEBUG-root-25680::base::click|192:: Click Type: ClickType.ACTIONCHAINS
2025-12-08 07:59:16,208-DEBUG-root-25680::webapp_internal::fill_grid|6486:: Trying to select cell in grid!
2025-12-08 07:59:16,210-DEBUG-root-25680::base::click|192:: Click Type: ClickType.ACTIONCHAINS
2025-12-08 07:59:16,504-DEBUG-root-25680::webapp_internal::fill_grid|6486:: Trying to select cell in grid!
2025-12-08 07:59:16,506-DEBUG-root-25680::base::click|192:: Click Type: ClickType.ACTIONCHAINS
2025-12-08 07:59:16,793-DEBUG-root-25680::webapp_internal::fill_grid|6486:: Trying to select cell in grid!
2025-12-08 07:59:16,795-DEBUG-root-25680::base::click|192:: Click Type: ClickType.ACTIONCHAINS
2025-12-08 07:59:17,089-DEBUG-root-25680::webapp_internal::fill_grid|6486:: Trying to select cell in grid!
2025-12-08 07:59:17,091-DEBUG-root-25680::base::click|192:: Click Type: ClickType.ACTIONCHAINS
2025-12-08 07:59:17,355-DEBUG-root-25680::webapp_internal::fill_grid|6486:: Trying to select cell in grid!
2025-12-08 07:59:17,357-DEBUG-root-25680::base::click|192:: Click Type: ClickType.ACTIONCHAINS
2025-12-08 07:59:17,650-DEBUG-root-25680::webapp_internal::fill_grid|6486:: Trying to select cell in grid!
2025-12-08 07:59:17,653-DEBUG-root-25680::base::click|192:: Click Type: ClickType.ACTIONCHAINS
2025-12-08 07:59:17,942-DEBUG-root-25680::webapp_internal::fill_grid|6486:: Trying to select cell in grid!
2025-12-08 07:59:17,944-DEBUG-root-25680::base::click|192:: Click Type: ClickType.ACTIONCHAINS
2025-12-08 07:59:18,240-DEBUG-root-25680::webapp_internal::fill_grid|6486:: Trying to select cell in grid!
2025-12-08 07:59:18,242-DEBUG-root-25680::base::click|192:: Click Type: ClickType.ACTIONCHAINS
2025-12-08 07:59:18,509-DEBUG-root-25680::webapp_internal::fill_grid|6486:: Trying to select cell in grid!
2025-12-08 07:59:18,512-DEBUG-root-25680::base::click|192:: Click Type: ClickType.ACTIONCHAINS
2025-12-08 07:59:18,801-DEBUG-root-25680::webapp_internal::fill_grid|6486:: Trying to select cell in grid!
2025-12-08 07:59:18,803-DEBUG-root-25680::base::click|192:: Click Type: ClickType.ACTIONCHAINS
2025-12-08 07:59:19,090-DEBUG-root-25680::webapp_internal::fill_grid|6486:: Trying to select cell in grid!
2025-12-08 07:59:19,091-DEBUG-root-25680::base::click|192:: Click Type: ClickType.ACTIONCHAINS
2025-12-08 07:59:19,370-DEBUG-root-25680::webapp_internal::fill_grid|6486:: Trying to select cell in grid!
2025-12-08 07:59:19,372-DEBUG-root-25680::base::click|192:: Click Type: ClickType.ACTIONCHAINS
2025-12-08 07:59:19,636-DEBUG-root-25680::webapp_internal::fill_grid|6486:: Trying to select cell in grid!
2025-12-08 07:59:19,638-DEBUG-root-25680::base::click|192:: Click Type: ClickType.ACTIONCHAINS
2025-12-08 07:59:19,927-DEBUG-root-25680::webapp_internal::fill_grid|6486:: Trying to select cell in grid!
2025-12-08 07:59:19,929-DEBUG-root-25680::base::click|192:: Click Type: ClickType.ACTIONCHAINS
2025-12-08 07:59:20,229-DEBUG-root-25680::webapp_internal::fill_grid|6486:: Trying to select cell in grid!
2025-12-08 07:59:20,234-DEBUG-root-25680::base::click|192:: Click Type: ClickType.ACTIONCHAINS
2025-12-08 07:59:20,523-DEBUG-root-25680::webapp_internal::fill_grid|6486:: Trying to select cell in grid!
2025-12-08 07:59:20,524-DEBUG-root-25680::base::click|192:: Click Type: ClickType.ACTIONCHAINS
2025-12-08 07:59:20,817-DEBUG-root-25680::webapp_internal::fill_grid|6486:: Trying to select cell in grid!
2025-12-08 07:59:20,820-DEBUG-root-25680::base::click|192:: Click Type: ClickType.ACTIONCHAINS
2025-12-08 07:59:21,110-DEBUG-root-25680::webapp_internal::fill_grid|6486:: Trying to select cell in grid!
2025-12-08 07:59:21,112-DEBUG-root-25680::base::click|192:: Click Type: ClickType.ACTIONCHAINS
2025-12-08 07:59:21,375-DEBUG-root-25680::webapp_internal::fill_grid|6486:: Trying to select cell in grid!
2025-12-08 07:59:21,377-DEBUG-root-25680::base::click|192:: Click Type: ClickType.ACTIONCHAINS
2025-12-08 07:59:21,672-DEBUG-root-25680::webapp_internal::fill_grid|6486:: Trying to select cell in grid!
2025-12-08 07:59:21,674-DEBUG-root-25680::base::click|192:: Click Type: ClickType.ACTIONCHAINS
2025-12-08 07:59:21,966-DEBUG-root-25680::webapp_internal::fill_grid|6486:: Trying to select cell in grid!
2025-12-08 07:59:21,969-DEBUG-root-25680::base::click|192:: Click Type: ClickType.ACTIONCHAINS
2025-12-08 07:59:22,258-DEBUG-root-25680::webapp_internal::fill_grid|6486:: Trying to select cell in grid!
2025-12-08 07:59:22,260-DEBUG-root-25680::base::click|192:: Click Type: ClickType.ACTIONCHAINS
2025-12-08 07:59:22,555-DEBUG-root-25680::webapp_internal::fill_grid|6486:: Trying to select cell in grid!
2025-12-08 07:59:22,557-DEBUG-root-25680::base::click|192:: Click Type: ClickType.ACTIONCHAINS
2025-12-08 07:59:22,823-DEBUG-root-25680::webapp_internal::fill_grid|6486:: Trying to select cell in grid!
2025-12-08 07:59:22,825-DEBUG-root-25680::base::click|192:: Click Type: ClickType.ACTIONCHAINS
2025-12-08 07:59:23,088-DEBUG-root-25680::webapp_internal::fill_grid|6486:: Trying to select cell in grid!
2025-12-08 07:59:23,090-DEBUG-root-25680::base::click|192:: Click Type: ClickType.ACTIONCHAINS
2025-12-08 07:59:23,385-DEBUG-root-25680::webapp_internal::fill_grid|6486:: Trying to select cell in grid!
2025-12-08 07:59:23,387-DEBUG-root-25680::base::click|192:: Click Type: ClickType.ACTIONCHAINS
2025-12-08 07:59:23,675-DEBUG-root-25680::webapp_internal::fill_grid|6486:: Trying to select cell in grid!
2025-12-08 07:59:23,677-DEBUG-root-25680::base::click|192:: Click Type: ClickType.ACTIONCHAINS
2025-12-08 07:59:23,941-DEBUG-root-25680::webapp_internal::fill_grid|6486:: Trying to select cell in grid!
2025-12-08 07:59:23,943-DEBUG-root-25680::base::click|192:: Click Type: ClickType.ACTIONCHAINS
2025-12-08 07:59:24,236-DEBUG-root-25680::webapp_internal::fill_grid|6486:: Trying to select cell in grid!
2025-12-08 07:59:24,238-DEBUG-root-25680::base::click|192:: Click Type: ClickType.ACTIONCHAINS
2025-12-08 07:59:24,527-DEBUG-root-25680::webapp_internal::fill_grid|6486:: Trying to select cell in grid!
2025-12-08 07:59:24,528-DEBUG-root-25680::base::click|192:: Click Type: ClickType.ACTIONCHAINS
2025-12-08 07:59:24,824-DEBUG-root-25680::webapp_internal::fill_grid|6486:: Trying to select cell in grid!
2025-12-08 07:59:24,825-DEBUG-root-25680::base::click|192:: Click Type: ClickType.ACTIONCHAINS
2025-12-08 07:59:25,118-DEBUG-root-25680::webapp_internal::fill_grid|6486:: Trying to select cell in grid!
2025-12-08 07:59:25,121-DEBUG-root-25680::base::click|192:: Click Type: ClickType.ACTIONCHAINS
2025-12-08 07:59:25,412-DEBUG-root-25680::webapp_internal::fill_grid|6486:: Trying to select cell in grid!
2025-12-08 07:59:25,417-DEBUG-root-25680::base::click|192:: Click Type: ClickType.ACTIONCHAINS
2025-12-08 07:59:25,707-DEBUG-root-25680::webapp_internal::fill_grid|6486:: Trying to select cell in grid!
2025-12-08 07:59:25,709-DEBUG-root-25680::base::click|192:: Click Type: ClickType.ACTIONCHAINS
2025-12-08 07:59:25,992-DEBUG-root-25680::webapp_internal::fill_grid|6486:: Trying to select cell in grid!
2025-12-08 07:59:25,994-DEBUG-root-25680::base::click|192:: Click Type: ClickType.ACTIONCHAINS
2025-12-08 07:59:26,280-DEBUG-root-25680::webapp_internal::fill_grid|6486:: Trying to select cell in grid!
2025-12-08 07:59:26,284-DEBUG-root-25680::base::click|192:: Click Type: ClickType.ACTIONCHAINS
2025-12-08 07:59:26,573-DEBUG-root-25680::webapp_internal::fill_grid|6486:: Trying to select cell in grid!
2025-12-08 07:59:26,575-DEBUG-root-25680::base::click|192:: Click Type: ClickType.ACTIONCHAINS
2025-12-08 07:59:26,856-DEBUG-root-25680::webapp_internal::fill_grid|6486:: Trying to select cell in grid!
2025-12-08 07:59:26,858-DEBUG-root-25680::base::click|192:: Click Type: ClickType.ACTIONCHAINS
2025-12-08 07:59:27,146-DEBUG-root-25680::webapp_internal::fill_grid|6486:: Trying to select cell in grid!
2025-12-08 07:59:27,151-DEBUG-root-25680::base::click|192:: Click Type: ClickType.ACTIONCHAINS
2025-12-08 07:59:32,623-DEBUG-root-25680::webapp_internal::fill_grid|6498:: Trying open cell in grid!
2025-12-08 07:59:32,925-DEBUG-root-25680::webapp_internal::wait_blocker|2444:: Waiting blocker to continue...
2025-12-08 07:59:33,094-DEBUG-root-25680::webapp_internal::wait_blocker|2469:: Blocker status: False
2025-12-08 07:59:33,284-DEBUG-root-25680::webapp_internal::wait_element_timeout|7726:: Element found! Waiting for element to be displayed.
2025-12-08 07:59:33,628-DEBUG-root-25680::webapp_internal::fill_grid|6577:: Sending keys: 227884
2025-12-08 07:59:33,930-DEBUG-root-25680::webapp_internal::wait_blocker|2444:: Waiting blocker to continue...
2025-12-08 07:59:34,072-DEBUG-root-25680::webapp_internal::wait_blocker|2469:: Blocker status: False
2025-12-08 07:59:34,226-DEBUG-root-25680::webapp_internal::wait_element_timeout|7726:: Element found! Waiting for element to be displayed.
2025-12-08 07:59:34,537-INFO-root-25680::webapp_internal::ClickFolder|5081:: Clicking on folder: Transporte
2025-12-08 07:59:34,538-DEBUG-root-25680::webapp_internal::wait_blocker|2444:: Waiting blocker to continue...
2025-12-08 07:59:34,671-DEBUG-root-25680::webapp_internal::wait_blocker|2469:: Blocker status: False
2025-12-08 07:59:34,705-DEBUG-root-25680::webapp_internal::wait_element|7623:: Waiting for element
2025-12-08 07:59:34,996-DEBUG-root-25680::webapp_internal::wait_element|7653:: Element found! Waiting for element to be displayed.
2025-12-08 07:59:36,611-DEBUG-root-25680::webapp_internal::wait_blocker|2444:: Waiting blocker to continue...
2025-12-08 07:59:36,768-DEBUG-root-25680::webapp_internal::wait_blocker|2469:: Blocker status: False
2025-12-08 07:59:36,768-INFO-root-25680::webapp_internal::SetKey|5822:: Key pressed: TAB
2025-12-08 07:59:36,768-DEBUG-root-25680::webapp_internal::SetKey|5857:: Trying press key
2025-12-08 07:59:36,768-DEBUG-root-25680::webapp_internal::wait_element|7623:: Waiting for element
2025-12-08 07:59:36,878-DEBUG-root-25680::webapp_internal::wait_element|7653:: Element found! Waiting for element to be displayed.
2025-12-08 07:59:37,154-DEBUG-root-25680::webapp_internal::wait_blocker|2444:: Waiting blocker to continue...
2025-12-08 07:59:37,283-DEBUG-root-25680::webapp_internal::wait_blocker|2469:: Blocker status: False
2025-12-08 07:59:37,284-INFO-root-25680::webapp_internal::LoadGrid|6298:: Filling grid field: Tipo
2025-12-08 07:59:37,284-DEBUG-root-25680::webapp_internal::fill_grid|6399:: Grid loading...
2025-12-08 07:59:37,620-DEBUG-root-25680::webapp_internal::fill_grid|6466:: Column found!
2025-12-08 07:59:37,656-DEBUG-root-25680::base::click|192:: Click Type: ClickType.ACTIONCHAINS
2025-12-08 07:59:43,094-DEBUG-root-25680::webapp_internal::fill_grid|6498:: Trying open cell in grid!
2025-12-08 07:59:43,388-DEBUG-root-25680::webapp_internal::wait_blocker|2444:: Waiting blocker to continue...
2025-12-08 07:59:43,552-DEBUG-root-25680::webapp_internal::wait_blocker|2469:: Blocker status: False
2025-12-08 07:59:43,743-DEBUG-root-25680::webapp_internal::wait_element_timeout|7726:: Element found! Waiting for element to be displayed.
2025-12-08 07:59:45,117-INFO-root-25680::base::select_combo|871:: Selected value for combo is: 1 - Aereo
2025-12-08 07:59:45,291-DEBUG-root-25680::webapp_internal::wait_blocker|2444:: Waiting blocker to continue...
2025-12-08 07:59:45,462-DEBUG-root-25680::webapp_internal::wait_blocker|2469:: Blocker status: False
2025-12-08 07:59:45,491-DEBUG-root-25680::webapp_internal::wait_blocker|2444:: Waiting blocker to continue...
2025-12-08 07:59:45,621-DEBUG-root-25680::webapp_internal::wait_blocker|2469:: Blocker status: False
2025-12-08 07:59:45,621-DEBUG-root-25680::webapp_internal::send_action|10480:: Trying to send action
2025-12-08 07:59:46,657-DEBUG-root-25680::webapp_internal::send_action|10522:: send_action method result = True
2025-12-08 07:59:46,658-DEBUG-root-25680::webapp_internal::send_action|10523:: send_action selenium status: False
2025-12-08 07:59:46,658-DEBUG-root-25680::webapp_internal::wait_blocker|2444:: Waiting blocker to continue...
2025-12-08 07:59:46,793-DEBUG-root-25680::webapp_internal::wait_blocker|2469:: Blocker status: False
2025-12-08 07:59:46,793-INFO-root-25680::webapp_internal::SetKey|5822:: Key pressed: TAB
2025-12-08 07:59:46,793-DEBUG-root-25680::webapp_internal::SetKey|5857:: Trying press key
2025-12-08 07:59:46,793-DEBUG-root-25680::webapp_internal::wait_element|7623:: Waiting for element
2025-12-08 07:59:46,895-DEBUG-root-25680::webapp_internal::wait_element|7653:: Element found! Waiting for element to be displayed.
2025-12-08 07:59:47,170-DEBUG-root-25680::webapp_internal::wait_blocker|2444:: Waiting blocker to continue...
2025-12-08 07:59:47,312-DEBUG-root-25680::webapp_internal::wait_blocker|2469:: Blocker status: False
2025-12-08 07:59:47,313-INFO-root-25680::webapp_internal::LoadGrid|6298:: Filling grid field: Partida
2025-12-08 07:59:47,313-DEBUG-root-25680::webapp_internal::fill_grid|6399:: Grid loading...
2025-12-08 07:59:47,645-DEBUG-root-25680::webapp_internal::fill_grid|6466:: Column found!
2025-12-08 07:59:47,684-DEBUG-root-25680::base::click|192:: Click Type: ClickType.ACTIONCHAINS
2025-12-08 07:59:53,128-DEBUG-root-25680::webapp_internal::fill_grid|6498:: Trying open cell in grid!
2025-12-08 07:59:53,428-DEBUG-root-25680::webapp_internal::wait_blocker|2444:: Waiting blocker to continue...
2025-12-08 07:59:53,641-DEBUG-root-25680::webapp_internal::wait_blocker|2469:: Blocker status: False
2025-12-08 07:59:53,876-DEBUG-root-25680::webapp_internal::wait_element_timeout|7726:: Element found! Waiting for element to be displayed.
2025-12-08 07:59:54,256-DEBUG-root-25680::webapp_internal::fill_grid|6577:: Sending keys: 23/12/2025
2025-12-08 07:59:54,557-DEBUG-root-25680::webapp_internal::wait_blocker|2444:: Waiting blocker to continue...
2025-12-08 07:59:54,705-DEBUG-root-25680::webapp_internal::wait_blocker|2469:: Blocker status: False
2025-12-08 08:00:00,225-DEBUG-root-25680::webapp_internal::wait_blocker|2444:: Waiting blocker to continue...
2025-12-08 08:00:00,393-DEBUG-root-25680::webapp_internal::wait_blocker|2469:: Blocker status: False
2025-12-08 08:00:00,441-DEBUG-root-25680::webapp_internal::wait_blocker|2444:: Waiting blocker to continue...
2025-12-08 08:00:00,574-DEBUG-root-25680::webapp_internal::wait_blocker|2469:: Blocker status: False
2025-12-08 08:00:00,575-DEBUG-root-25680::webapp_internal::send_action|10480:: Trying to send action
2025-12-08 08:00:01,615-DEBUG-root-25680::webapp_internal::send_action|10522:: send_action method result = True
2025-12-08 08:00:01,617-DEBUG-root-25680::webapp_internal::send_action|10523:: send_action selenium status: False
2025-12-08 08:00:01,617-DEBUG-root-25680::webapp_internal::wait_blocker|2444:: Waiting blocker to continue...
2025-12-08 08:00:01,741-DEBUG-root-25680::webapp_internal::wait_blocker|2469:: Blocker status: False
2025-12-08 08:00:01,742-INFO-root-25680::webapp_internal::SetKey|5822:: Key pressed: TAB
2025-12-08 08:00:01,742-DEBUG-root-25680::webapp_internal::SetKey|5857:: Trying press key
2025-12-08 08:00:01,742-DEBUG-root-25680::webapp_internal::wait_element|7623:: Waiting for element
2025-12-08 08:00:01,876-DEBUG-root-25680::webapp_internal::wait_element|7653:: Element found! Waiting for element to be displayed.
2025-12-08 08:00:02,155-DEBUG-root-25680::webapp_internal::wait_blocker|2444:: Waiting blocker to continue...
2025-12-08 08:00:02,285-DEBUG-root-25680::webapp_internal::wait_blocker|2469:: Blocker status: False
2025-12-08 08:00:02,285-INFO-root-25680::webapp_internal::LoadGrid|6298:: Filling grid field: Hora Partida
2025-12-08 08:00:02,285-DEBUG-root-25680::webapp_internal::fill_grid|6399:: Grid loading...
2025-12-08 08:00:02,622-DEBUG-root-25680::webapp_internal::fill_grid|6466:: Column found!
2025-12-08 08:00:02,661-DEBUG-root-25680::base::click|192:: Click Type: ClickType.ACTIONCHAINS
2025-12-08 08:00:08,063-DEBUG-root-25680::webapp_internal::fill_grid|6498:: Trying open cell in grid!
2025-12-08 08:00:08,358-DEBUG-root-25680::webapp_internal::wait_blocker|2444:: Waiting blocker to continue...
2025-12-08 08:00:08,497-DEBUG-root-25680::webapp_internal::wait_blocker|2469:: Blocker status: False
2025-12-08 08:00:08,736-DEBUG-root-25680::webapp_internal::wait_element_timeout|7726:: Element found! Waiting for element to be displayed.
2025-12-08 08:00:09,117-DEBUG-root-25680::webapp_internal::fill_grid|6577:: Sending keys: 08:00
2025-12-08 08:00:09,430-DEBUG-root-25680::webapp_internal::wait_blocker|2444:: Waiting blocker to continue...
2025-12-08 08:00:09,595-DEBUG-root-25680::webapp_internal::wait_blocker|2469:: Blocker status: False
2025-12-08 08:00:15,075-DEBUG-root-25680::webapp_internal::wait_blocker|2444:: Waiting blocker to continue...
2025-12-08 08:00:15,218-DEBUG-root-25680::webapp_internal::wait_blocker|2469:: Blocker status: False
2025-12-08 08:00:15,244-DEBUG-root-25680::webapp_internal::wait_blocker|2444:: Waiting blocker to continue...
2025-12-08 08:00:15,401-DEBUG-root-25680::webapp_internal::wait_blocker|2469:: Blocker status: False
2025-12-08 08:00:15,401-DEBUG-root-25680::webapp_internal::send_action|10480:: Trying to send action
2025-12-08 08:00:16,442-DEBUG-root-25680::webapp_internal::send_action|10522:: send_action method result = True
2025-12-08 08:00:16,442-DEBUG-root-25680::webapp_internal::send_action|10523:: send_action selenium status: False
2025-12-08 08:00:16,443-DEBUG-root-25680::webapp_internal::wait_blocker|2444:: Waiting blocker to continue...
2025-12-08 08:00:16,587-DEBUG-root-25680::webapp_internal::wait_blocker|2469:: Blocker status: False
2025-12-08 08:00:16,587-INFO-root-25680::webapp_internal::SetKey|5822:: Key pressed: TAB
2025-12-08 08:00:16,587-DEBUG-root-25680::webapp_internal::SetKey|5857:: Trying press key
2025-12-08 08:00:16,587-DEBUG-root-25680::webapp_internal::wait_element|7623:: Waiting for element
2025-12-08 08:00:16,689-DEBUG-root-25680::webapp_internal::wait_element|7653:: Element found! Waiting for element to be displayed.
2025-12-08 08:00:16,945-DEBUG-root-25680::webapp_internal::wait_blocker|2444:: Waiting blocker to continue...
2025-12-08 08:00:17,075-DEBUG-root-25680::webapp_internal::wait_blocker|2469:: Blocker status: False
2025-12-08 08:00:17,076-INFO-root-25680::webapp_internal::LoadGrid|6298:: Filling grid field: Origem
2025-12-08 08:00:17,076-DEBUG-root-25680::webapp_internal::fill_grid|6399:: Grid loading...
2025-12-08 08:00:17,422-DEBUG-root-25680::webapp_internal::fill_grid|6466:: Column found!
2025-12-08 08:00:17,462-DEBUG-root-25680::base::click|192:: Click Type: ClickType.ACTIONCHAINS
2025-12-08 08:00:22,873-DEBUG-root-25680::webapp_internal::fill_grid|6498:: Trying open cell in grid!
2025-12-08 08:00:23,161-DEBUG-root-25680::webapp_internal::wait_blocker|2444:: Waiting blocker to continue...
2025-12-08 08:00:23,358-DEBUG-root-25680::webapp_internal::wait_blocker|2469:: Blocker status: False
2025-12-08 08:00:23,558-DEBUG-root-25680::webapp_internal::wait_element_timeout|7726:: Element found! Waiting for element to be displayed.
2025-12-08 08:00:23,924-DEBUG-root-25680::webapp_internal::fill_grid|6577:: Sending keys: DF00108
2025-12-08 08:00:24,226-DEBUG-root-25680::webapp_internal::wait_blocker|2444:: Waiting blocker to continue...
2025-12-08 08:00:24,360-DEBUG-root-25680::webapp_internal::wait_blocker|2469:: Blocker status: False
2025-12-08 08:00:24,524-DEBUG-root-25680::webapp_internal::wait_element_timeout|7726:: Element found! Waiting for element to be displayed.
2025-12-08 08:00:24,979-DEBUG-root-25680::webapp_internal::wait_blocker|2444:: Waiting blocker to continue...
2025-12-08 08:00:25,154-DEBUG-root-25680::webapp_internal::wait_blocker|2469:: Blocker status: False
2025-12-08 08:00:25,183-DEBUG-root-25680::webapp_internal::wait_blocker|2444:: Waiting blocker to continue...
2025-12-08 08:00:25,329-DEBUG-root-25680::webapp_internal::wait_blocker|2469:: Blocker status: False
2025-12-08 08:00:25,329-DEBUG-root-25680::webapp_internal::send_action|10480:: Trying to send action
2025-12-08 08:00:26,368-DEBUG-root-25680::webapp_internal::send_action|10522:: send_action method result = True
2025-12-08 08:00:26,368-DEBUG-root-25680::webapp_internal::send_action|10523:: send_action selenium status: False
2025-12-08 08:00:26,368-DEBUG-root-25680::webapp_internal::wait_blocker|2444:: Waiting blocker to continue...
2025-12-08 08:00:26,517-DEBUG-root-25680::webapp_internal::wait_blocker|2469:: Blocker status: False
2025-12-08 08:00:26,518-INFO-root-25680::webapp_internal::SetKey|5822:: Key pressed: TAB
2025-12-08 08:00:26,518-DEBUG-root-25680::webapp_internal::SetKey|5857:: Trying press key
2025-12-08 08:00:26,518-DEBUG-root-25680::webapp_internal::wait_element|7623:: Waiting for element
2025-12-08 08:00:26,620-DEBUG-root-25680::webapp_internal::wait_element|7653:: Element found! Waiting for element to be displayed.
2025-12-08 08:00:26,893-DEBUG-root-25680::webapp_internal::wait_blocker|2444:: Waiting blocker to continue...
2025-12-08 08:00:27,027-DEBUG-root-25680::webapp_internal::wait_blocker|2469:: Blocker status: False
2025-12-08 08:00:27,027-INFO-root-25680::webapp_internal::LoadGrid|6298:: Filling grid field: Destino
2025-12-08 08:00:27,027-DEBUG-root-25680::webapp_internal::fill_grid|6399:: Grid loading...
2025-12-08 08:00:27,388-DEBUG-root-25680::webapp_internal::fill_grid|6466:: Column found!
2025-12-08 08:00:27,442-DEBUG-root-25680::base::click|192:: Click Type: ClickType.ACTIONCHAINS
2025-12-08 08:00:27,737-DEBUG-root-25680::webapp_internal::fill_grid|6486:: Trying to select cell in grid!
2025-12-08 08:00:27,739-DEBUG-root-25680::base::click|192:: Click Type: ClickType.ACTIONCHAINS
2025-12-08 08:00:33,196-DEBUG-root-25680::webapp_internal::fill_grid|6498:: Trying open cell in grid!
2025-12-08 08:00:33,490-DEBUG-root-25680::webapp_internal::wait_blocker|2444:: Waiting blocker to continue...
2025-12-08 08:00:33,647-DEBUG-root-25680::webapp_internal::wait_blocker|2469:: Blocker status: False
2025-12-08 08:00:33,857-DEBUG-root-25680::webapp_internal::wait_element_timeout|7726:: Element found! Waiting for element to be displayed.
2025-12-08 08:00:34,220-DEBUG-root-25680::webapp_internal::fill_grid|6577:: Sending keys: GO08707
2025-12-08 08:00:34,528-DEBUG-root-25680::webapp_internal::wait_blocker|2444:: Waiting blocker to continue...
2025-12-08 08:00:34,663-DEBUG-root-25680::webapp_internal::wait_blocker|2469:: Blocker status: False
2025-12-08 08:00:34,822-DEBUG-root-25680::webapp_internal::wait_element_timeout|7726:: Element found! Waiting for element to be displayed.
2025-12-08 08:00:35,293-DEBUG-root-25680::webapp_internal::wait_blocker|2444:: Waiting blocker to continue...
2025-12-08 08:00:35,444-DEBUG-root-25680::webapp_internal::wait_blocker|2469:: Blocker status: False
2025-12-08 08:00:35,474-DEBUG-root-25680::webapp_internal::wait_blocker|2444:: Waiting blocker to continue...
2025-12-08 08:00:35,652-DEBUG-root-25680::webapp_internal::wait_blocker|2469:: Blocker status: False
2025-12-08 08:00:35,652-DEBUG-root-25680::webapp_internal::send_action|10480:: Trying to send action
2025-12-08 08:00:36,693-DEBUG-root-25680::webapp_internal::send_action|10522:: send_action method result = True
2025-12-08 08:00:36,693-DEBUG-root-25680::webapp_internal::send_action|10523:: send_action selenium status: False
2025-12-08 08:00:36,693-DEBUG-root-25680::webapp_internal::wait_blocker|2444:: Waiting blocker to continue...
2025-12-08 08:00:36,827-DEBUG-root-25680::webapp_internal::wait_blocker|2469:: Blocker status: False
2025-12-08 08:00:36,827-INFO-root-25680::webapp_internal::SetKey|5822:: Key pressed: TAB
2025-12-08 08:00:36,827-DEBUG-root-25680::webapp_internal::SetKey|5857:: Trying press key
2025-12-08 08:00:36,827-DEBUG-root-25680::webapp_internal::wait_element|7623:: Waiting for element
2025-12-08 08:00:36,925-DEBUG-root-25680::webapp_internal::wait_element|7653:: Element found! Waiting for element to be displayed.
2025-12-08 08:00:37,186-DEBUG-root-25680::webapp_internal::wait_blocker|2444:: Waiting blocker to continue...
2025-12-08 08:00:37,322-DEBUG-root-25680::webapp_internal::wait_blocker|2469:: Blocker status: False
2025-12-08 08:00:37,322-INFO-root-25680::webapp_internal::LoadGrid|6298:: Filling grid field: Chegada
2025-12-08 08:00:37,322-DEBUG-root-25680::webapp_internal::fill_grid|6399:: Grid loading...
2025-12-08 08:00:37,674-DEBUG-root-25680::webapp_internal::fill_grid|6466:: Column found!
2025-12-08 08:00:37,718-DEBUG-root-25680::base::click|192:: Click Type: ClickType.ACTIONCHAINS
2025-12-08 08:00:43,189-DEBUG-root-25680::webapp_internal::fill_grid|6498:: Trying open cell in grid!
2025-12-08 08:00:43,487-DEBUG-root-25680::webapp_internal::wait_blocker|2444:: Waiting blocker to continue...
2025-12-08 08:00:43,641-DEBUG-root-25680::webapp_internal::wait_blocker|2469:: Blocker status: False
2025-12-08 08:00:43,827-DEBUG-root-25680::webapp_internal::wait_element_timeout|7726:: Element found! Waiting for element to be displayed.
2025-12-08 08:00:44,225-DEBUG-root-25680::webapp_internal::fill_grid|6577:: Sending keys: 23/12/2025
2025-12-08 08:00:44,535-DEBUG-root-25680::webapp_internal::wait_blocker|2444:: Waiting blocker to continue...
2025-12-08 08:00:44,696-DEBUG-root-25680::webapp_internal::wait_blocker|2469:: Blocker status: False
2025-12-08 08:00:50,163-DEBUG-root-25680::webapp_internal::wait_blocker|2444:: Waiting blocker to continue...
2025-12-08 08:00:50,295-DEBUG-root-25680::webapp_internal::wait_blocker|2469:: Blocker status: False
2025-12-08 08:00:50,324-DEBUG-root-25680::webapp_internal::wait_blocker|2444:: Waiting blocker to continue...
2025-12-08 08:00:50,489-DEBUG-root-25680::webapp_internal::wait_blocker|2469:: Blocker status: False
2025-12-08 08:00:50,490-DEBUG-root-25680::webapp_internal::send_action|10480:: Trying to send action
2025-12-08 08:00:51,535-DEBUG-root-25680::webapp_internal::send_action|10522:: send_action method result = True
2025-12-08 08:00:51,536-DEBUG-root-25680::webapp_internal::send_action|10523:: send_action selenium status: False
2025-12-08 08:00:51,536-DEBUG-root-25680::webapp_internal::wait_blocker|2444:: Waiting blocker to continue...
2025-12-08 08:00:51,670-DEBUG-root-25680::webapp_internal::wait_blocker|2469:: Blocker status: False
2025-12-08 08:00:51,671-INFO-root-25680::webapp_internal::SetKey|5822:: Key pressed: TAB
2025-12-08 08:00:51,671-DEBUG-root-25680::webapp_internal::SetKey|5857:: Trying press key
2025-12-08 08:00:51,671-DEBUG-root-25680::webapp_internal::wait_element|7623:: Waiting for element
2025-12-08 08:00:51,801-DEBUG-root-25680::webapp_internal::wait_element|7653:: Element found! Waiting for element to be displayed.
2025-12-08 08:00:52,067-DEBUG-root-25680::webapp_internal::wait_blocker|2444:: Waiting blocker to continue...
2025-12-08 08:00:52,223-DEBUG-root-25680::webapp_internal::wait_blocker|2469:: Blocker status: False
2025-12-08 08:00:52,223-INFO-root-25680::webapp_internal::LoadGrid|6298:: Filling grid field: Hora Chegada
2025-12-08 08:00:52,223-DEBUG-root-25680::webapp_internal::fill_grid|6399:: Grid loading...
2025-12-08 08:00:52,573-DEBUG-root-25680::webapp_internal::fill_grid|6466:: Column found!
2025-12-08 08:00:52,613-DEBUG-root-25680::base::click|192:: Click Type: ClickType.ACTIONCHAINS
2025-12-08 08:00:57,994-DEBUG-root-25680::webapp_internal::fill_grid|6498:: Trying open cell in grid!
2025-12-08 08:00:58,279-DEBUG-root-25680::webapp_internal::wait_blocker|2444:: Waiting blocker to continue...
2025-12-08 08:00:58,440-DEBUG-root-25680::webapp_internal::wait_blocker|2469:: Blocker status: False
2025-12-08 08:00:58,651-DEBUG-root-25680::webapp_internal::wait_element_timeout|7726:: Element found! Waiting for element to be displayed.
2025-12-08 08:00:59,054-DEBUG-root-25680::webapp_internal::fill_grid|6577:: Sending keys: 12:00
2025-12-08 08:00:59,368-DEBUG-root-25680::webapp_internal::wait_blocker|2444:: Waiting blocker to continue...
2025-12-08 08:00:59,526-DEBUG-root-25680::webapp_internal::wait_blocker|2469:: Blocker status: False
2025-12-08 08:01:04,973-DEBUG-root-25680::webapp_internal::wait_blocker|2444:: Waiting blocker to continue...
2025-12-08 08:01:05,103-DEBUG-root-25680::webapp_internal::wait_blocker|2469:: Blocker status: False
2025-12-08 08:01:05,129-DEBUG-root-25680::webapp_internal::wait_blocker|2444:: Waiting blocker to continue...
2025-12-08 08:01:05,312-DEBUG-root-25680::webapp_internal::wait_blocker|2469:: Blocker status: False
2025-12-08 08:01:05,313-DEBUG-root-25680::webapp_internal::send_action|10480:: Trying to send action
2025-12-08 08:01:06,353-DEBUG-root-25680::webapp_internal::send_action|10522:: send_action method result = True
2025-12-08 08:01:06,355-DEBUG-root-25680::webapp_internal::send_action|10523:: send_action selenium status: False
2025-12-08 08:01:06,355-DEBUG-root-25680::webapp_internal::wait_blocker|2444:: Waiting blocker to continue...
2025-12-08 08:01:06,485-DEBUG-root-25680::webapp_internal::wait_blocker|2469:: Blocker status: False
2025-12-08 08:01:06,485-INFO-root-25680::webapp_internal::SetKey|5822:: Key pressed: DOWN
2025-12-08 08:01:06,485-DEBUG-root-25680::webapp_internal::wait_blocker|2444:: Waiting blocker to continue...
2025-12-08 08:01:06,616-DEBUG-root-25680::webapp_internal::wait_blocker|2469:: Blocker status: False
2025-12-08 08:01:06,617-INFO-root-25680::webapp_internal::SetKey|5822:: Key pressed: TAB
2025-12-08 08:01:06,617-DEBUG-root-25680::webapp_internal::SetKey|5857:: Trying press key
2025-12-08 08:01:06,617-DEBUG-root-25680::webapp_internal::wait_element|7623:: Waiting for element
2025-12-08 08:01:06,718-DEBUG-root-25680::webapp_internal::wait_element|7653:: Element found! Waiting for element to be displayed.
2025-12-08 08:01:06,988-DEBUG-root-25680::webapp_internal::new_grid_line|7014:: New grid line
2025-12-08 08:01:08,518-DEBUG-root-25680::webapp_internal::wait_blocker|2444:: Waiting blocker to continue...
2025-12-08 08:01:08,658-DEBUG-root-25680::webapp_internal::wait_blocker|2469:: Blocker status: False
2025-12-08 08:01:08,658-INFO-root-25680::webapp_internal::LoadGrid|6298:: Filling grid field: Tipo
2025-12-08 08:01:08,658-DEBUG-root-25680::webapp_internal::fill_grid|6399:: Grid loading...
2025-12-08 08:01:08,884-DEBUG-root-25680::webapp_internal::fill_grid|6466:: Column found!
2025-12-08 08:01:08,935-DEBUG-root-25680::base::click|192:: Click Type: ClickType.ACTIONCHAINS
2025-12-08 08:01:14,338-DEBUG-root-25680::webapp_internal::fill_grid|6498:: Trying open cell in grid!
2025-12-08 08:01:14,628-DEBUG-root-25680::webapp_internal::wait_blocker|2444:: Waiting blocker to continue...
2025-12-08 08:01:14,838-DEBUG-root-25680::webapp_internal::wait_blocker|2469:: Blocker status: False
2025-12-08 08:01:15,025-DEBUG-root-25680::webapp_internal::wait_element_timeout|7726:: Element found! Waiting for element to be displayed.
2025-12-08 08:01:15,470-DEBUG-root-25680::webapp_internal::wait_blocker|2444:: Waiting blocker to continue...
2025-12-08 08:01:15,604-DEBUG-root-25680::webapp_internal::wait_blocker|2469:: Blocker status: False
2025-12-08 08:01:15,630-DEBUG-root-25680::webapp_internal::wait_blocker|2444:: Waiting blocker to continue...
2025-12-08 08:01:15,783-DEBUG-root-25680::webapp_internal::wait_blocker|2469:: Blocker status: False
2025-12-08 08:01:15,784-DEBUG-root-25680::webapp_internal::send_action|10480:: Trying to send action
2025-12-08 08:01:16,818-DEBUG-root-25680::webapp_internal::send_action|10522:: send_action method result = True
2025-12-08 08:01:16,818-DEBUG-root-25680::webapp_internal::send_action|10523:: send_action selenium status: False
2025-12-08 08:01:16,819-DEBUG-root-25680::webapp_internal::wait_blocker|2444:: Waiting blocker to continue...
2025-12-08 08:01:16,952-DEBUG-root-25680::webapp_internal::wait_blocker|2469:: Blocker status: False
2025-12-08 08:01:16,952-INFO-root-25680::webapp_internal::SetKey|5822:: Key pressed: TAB
2025-12-08 08:01:16,952-DEBUG-root-25680::webapp_internal::SetKey|5857:: Trying press key
2025-12-08 08:01:16,952-DEBUG-root-25680::webapp_internal::wait_element|7623:: Waiting for element
2025-12-08 08:01:17,057-DEBUG-root-25680::webapp_internal::wait_element|7653:: Element found! Waiting for element to be displayed.
2025-12-08 08:01:17,310-DEBUG-root-25680::webapp_internal::wait_blocker|2444:: Waiting blocker to continue...
2025-12-08 08:01:17,437-DEBUG-root-25680::webapp_internal::wait_blocker|2469:: Blocker status: False
2025-12-08 08:01:17,437-INFO-root-25680::webapp_internal::LoadGrid|6298:: Filling grid field: Partida
2025-12-08 08:01:17,437-DEBUG-root-25680::webapp_internal::fill_grid|6399:: Grid loading...
2025-12-08 08:01:17,651-DEBUG-root-25680::webapp_internal::fill_grid|6466:: Column found!
2025-12-08 08:01:17,686-DEBUG-root-25680::base::click|192:: Click Type: ClickType.ACTIONCHAINS
2025-12-08 08:01:23,007-DEBUG-root-25680::webapp_internal::fill_grid|6498:: Trying open cell in grid!
2025-12-08 08:01:23,303-DEBUG-root-25680::webapp_internal::wait_blocker|2444:: Waiting blocker to continue...
2025-12-08 08:01:23,506-DEBUG-root-25680::webapp_internal::wait_blocker|2469:: Blocker status: False
2025-12-08 08:01:23,706-DEBUG-root-25680::webapp_internal::wait_element_timeout|7726:: Element found! Waiting for element to be displayed.
2025-12-08 08:01:24,095-DEBUG-root-25680::webapp_internal::fill_grid|6577:: Sending keys: 30/12/2025
2025-12-08 08:01:24,423-DEBUG-root-25680::webapp_internal::wait_blocker|2444:: Waiting blocker to continue...
2025-12-08 08:01:24,609-DEBUG-root-25680::webapp_internal::wait_blocker|2469:: Blocker status: False
2025-12-08 08:01:24,777-DEBUG-root-25680::webapp_internal::wait_element_timeout|7726:: Element found! Waiting for element to be displayed.
2025-12-08 08:01:35,065-DEBUG-root-25680::webapp_internal::fill_grid|6634:: Consider using the waithide and setkey('ESC') method because the input can remain selected.
2025-12-08 08:01:35,131-WARNING-root-25680::webapp_internal::log_error|8143:: Warning log_error <b>Help: </b>Partida<br><br><br><b>Problema: </b> Data de partida deve ser menor ou igual que a data de chegada. <b>Solução: </b><br>
2025-12-08 08:01:35,131-DEBUG-root-25680::webapp_internal::log_error|8146:: ***System Info*** in log_error():
2025-12-08 08:01:35,132-DEBUG-root-25680::psutil_info::system_info|5:: CPU USAGE: 7.4%
2025-12-08 08:01:35,132-DEBUG-root-25680::psutil_info::system_info|6:: MEMORY USAGE: 85.9%
2025-12-08 08:01:35,132-DEBUG-root-25680::psutil_info::system_info|7:: MEMORY AVAILABLE: 14.07%
2025-12-08 08:01:35,145-DEBUG-root-25680::log::take_screenshot_log|612:: take_screenshot_log in:2025-12-08 08:01:35.145634

2025-12-08 08:01:35,237-DEBUG-root-25680::log::take_screenshot_log|627:: Screenshot file created successfully: Log\GESIT03\97137227104_20251208080135145_Viagem -_test_Cadastro_Orcamento_Viagem.png
2025-12-08 08:01:36,245-DEBUG-root-25680::log::checks_empty_line|221:: Checking empty default log info
2025-12-08 08:01:36,249-DEBUG-root-25680::log::generate_log|503:: Json log_data: {'cLogDtExec': '08/12/2025 08:01:36', 'cLogNomUsr': '97137227104', 'cLogNomEst': 'GESIT03', 'cLogProgra': None, 'cLogDtProg': '', 'cLogHrProg': '', 'nLogCtsOk': 0, 'nLogCtsNok': 1, 'nLogCtsSeg': 272.84, 'cLogVersao': '12', 'cLogReleas': '12.1.2410', 'nLogCtsErr': 'Viagem - <b>Help: </b>Partida<br><br><br><b>Problema: </b> Data de partida deve ser menor ou igual que a data de chegada. <b>Solução: </b><br>', 'cLogBancod': 'ORACLE', 'cLogIdenti': '', 'cLogIdExec': '20251208', 'cLogPais': 'BRA', 'cLogTool': 'TIR', 'cLogSequen': '992edc', 'nLogCtsTot': 1, 'cLogDtExea': '08/12/2025', 'cLogHrExea': '08:01:36', 'cLogArea': 'Desenvolvimento', 'cLogMnExec': 4.547333333333333}
2025-12-08 08:01:36,249-INFO-root-25680::log::send_log_with_retries|515:: Saving log locally.
2025-12-08 08:01:36,249-INFO-root-25680::log::save_log_locally|548:: [FwSendLog]: Não foi possível enviar o log após todas as tentativas.
2025-12-08 08:01:36,250-INFO-root-25680::log::save_log_locally|555:: [FwSendLog]: Log salvo localmente em C:\TIR_TESTE\1765191696.json.
2025-12-08 08:01:37,051-ERROR-root-25680::webapp_internal::SetKey|5901:: False is not true : Viagem - <b>Help: </b>Partida<br><br><br><b>Problema: </b> Data de partida deve ser menor ou igual que a data de chegada. <b>Solução: </b><br>
Traceback (most recent call last):
  File "C:\TIR_TESTE\venv\Lib\site-packages\tir\technologies\webapp_internal.py", line 5862, in SetKey
    grids = self.get_grid(grid_list=True)
            ^^^^^^^^^^^^^^^^^^^^^^^^^^^^^
  File "C:\TIR_TESTE\venv\Lib\site-packages\tir\technologies\webapp_internal.py", line 5698, in get_grid
    grids = self.web_scrap(term=term, scrap_type=enum.ScrapType.CSS_SELECTOR)
            ^^^^^^^^^^^^^^^^^^^^^^^^^^^^^^^^^^^^^^^^^^^^^^^^^^^^^^^^^^^^^^^^^
  File "C:\TIR_TESTE\venv\Lib\site-packages\tir\technologies\webapp_internal.py", line 3722, in web_scrap
    self.search_for_errors(check_help)
  File "C:\TIR_TESTE\venv\Lib\site-packages\tir\technologies\webapp_internal.py", line 3970, in search_for_errors
    self.log_error(message)
  File "C:\TIR_TESTE\venv\Lib\site-packages\tir\technologies\webapp_internal.py", line 8206, in log_error
    self.assertTrue(False, log_message)
  File "C:\Users\97137227104\AppData\Local\Programs\Python\Python312\Lib\unittest\case.py", line 727, in assertTrue
    raise self.failureException(msg)
AssertionError: False is not true : Viagem - <b>Help: </b>Partida<br><br><br><b>Problema: </b> Data de partida deve ser menor ou igual que a data de chegada. <b>Solução: </b><br>
2025-12-08 08:01:37,053-DEBUG-root-25680::webapp_internal::wait_blocker|2444:: Waiting blocker to continue...
2025-12-08 08:01:37,055-DEBUG-root-25680::webapp_internal::wait_blocker|2469:: Blocker status: None
2025-12-08 08:01:37,055-INFO-root-25680::webapp_internal::SetKey|5822:: Key pressed: TAB
2025-12-08 08:01:37,055-DEBUG-root-25680::webapp_internal::SetKey|5857:: Trying press key
2025-12-08 08:01:37,055-DEBUG-root-25680::webapp_internal::wait_element|7623:: Waiting for element
2025-12-08 08:01:37,056-WARNING-root-25680::webapp_internal::log_error|8143:: Warning log_error SetKey - Screen is not load: Message: Tried to run command without establishing a connection

2025-12-08 08:01:37,056-DEBUG-root-25680::webapp_internal::log_error|8146:: ***System Info*** in log_error():
2025-12-08 08:01:37,057-DEBUG-root-25680::psutil_info::system_info|5:: CPU USAGE: 14.5%
2025-12-08 08:01:37,057-DEBUG-root-25680::psutil_info::system_info|6:: MEMORY USAGE: 78.3%
2025-12-08 08:01:37,058-DEBUG-root-25680::psutil_info::system_info|7:: MEMORY AVAILABLE: 21.73%
2025-12-08 08:01:37,075-ERROR-root-25680::webapp_internal::log_error|8181:: Warning Log Error Close Message: Tried to run command without establishing a connection
Traceback (most recent call last):
  File "C:\TIR_TESTE\venv\Lib\site-packages\tir\technologies\core\base.py", line 501, in get_current_DOM
    self.driver.switch_to.default_content()
  File "C:\TIR_TESTE\venv\Lib\site-packages\selenium\webdriver\remote\switch_to.py", line 69, in default_content
    self._driver.execute(Command.SWITCH_TO_FRAME, {"id": None})
  File "C:\TIR_TESTE\venv\Lib\site-packages\selenium\webdriver\remote\webdriver.py", line 347, in execute
    self.error_handler.check_response(response)
  File "C:\TIR_TESTE\venv\Lib\site-packages\selenium\webdriver\remote\errorhandler.py", line 229, in check_response
    raise exception_class(message, screen, stacktrace)
selenium.common.exceptions.InvalidSessionIdException: Message: Tried to run command without establishing a connection


During handling of the above exception, another exception occurred:

Traceback (most recent call last):
  File "C:\TIR_TESTE\venv\Lib\site-packages\tir\technologies\webapp_internal.py", line 5861, in SetKey
    self.LoadGrid()
  File "C:\TIR_TESTE\venv\Lib\site-packages\tir\technologies\webapp_internal.py", line 6284, in LoadGrid
    self.wait_element(term=selector, scrap_type=enum.ScrapType.CSS_SELECTOR)
  File "C:\TIR_TESTE\venv\Lib\site-packages\tir\technologies\webapp_internal.py", line 7626, in wait_element
    while (not self.element_exists(term, scrap_type, position, optional_term, main_container, check_error, twebview, second_term) and time.time() < endtime):
               ^^^^^^^^^^^^^^^^^^^^^^^^^^^^^^^^^^^^^^^^^^^^^^^^^^^^^^^^^^^^^^^^^^^^^^^^^^^^^^^^^^^^^^^^^^^^^^^^^^^^^^^^^^^^^^^^^^
  File "C:\TIR_TESTE\venv\Lib\site-packages\tir\technologies\webapp_internal.py", line 4073, in element_exists
    soup = self.get_current_DOM(twebview=twebview)
           ^^^^^^^^^^^^^^^^^^^^^^^^^^^^^^^^^^^^^^^
  File "C:\TIR_TESTE\venv\Lib\site-packages\tir\technologies\core\base.py", line 538, in get_current_DOM
    self.driver.switch_to.default_content()
  File "C:\TIR_TESTE\venv\Lib\site-packages\selenium\webdriver\remote\switch_to.py", line 69, in default_content
    self._driver.execute(Command.SWITCH_TO_FRAME, {"id": None})
  File "C:\TIR_TESTE\venv\Lib\site-packages\selenium\webdriver\remote\webdriver.py", line 347, in execute
    self.error_handler.check_response(response)
  File "C:\TIR_TESTE\venv\Lib\site-packages\selenium\webdriver\remote\errorhandler.py", line 229, in check_response
    raise exception_class(message, screen, stacktrace)
selenium.common.exceptions.InvalidSessionIdException: Message: Tried to run command without establishing a connection


During handling of the above exception, another exception occurred:

Traceback (most recent call last):
  File "C:\TIR_TESTE\venv\Lib\site-packages\tir\technologies\webapp_internal.py", line 8179, in log_error
    self.driver.close()
  File "C:\TIR_TESTE\venv\Lib\site-packages\selenium\webdriver\remote\webdriver.py", line 458, in close
    self.execute(Command.CLOSE)
  File "C:\TIR_TESTE\venv\Lib\site-packages\selenium\webdriver\remote\webdriver.py", line 347, in execute
    self.error_handler.check_response(response)
  File "C:\TIR_TESTE\venv\Lib\site-packages\selenium\webdriver\remote\errorhandler.py", line 229, in check_response
    raise exception_class(message, screen, stacktrace)
selenium.common.exceptions.InvalidSessionIdException: Message: Tried to run command without establishing a connection

2025-12-08 08:01:37,650-ERROR-root-25680::webapp_internal::TearDown|9654:: Warning tearDown Close Message: Tried to run command without establishing a connection
Traceback (most recent call last):
  File "C:\TIR_TESTE\venv\Lib\site-packages\tir\technologies\webapp_internal.py", line 9652, in TearDown
    self.driver.close()
  File "C:\TIR_TESTE\venv\Lib\site-packages\selenium\webdriver\remote\webdriver.py", line 458, in close
    self.execute(Command.CLOSE)
  File "C:\TIR_TESTE\venv\Lib\site-packages\selenium\webdriver\remote\webdriver.py", line 347, in execute
    self.error_handler.check_response(response)
  File "C:\TIR_TESTE\venv\Lib\site-packages\selenium\webdriver\remote\errorhandler.py", line 229, in check_response
    raise exception_class(message, screen, stacktrace)
selenium.common.exceptions.InvalidSessionIdException: Message: Tried to run command without establishing a connection

