2025-12-17 07:56:52,104-DEBUG-root-40776::logging_config::logger|189:: Log file created: 'Log\GESIT03\TIR__20251217075652098.log'
2025-12-17 07:56:52,104-INFO-root-40776::base::Start|1183:: TIR Version: 2.4.3
2025-12-17 07:56:52,104-INFO-root-40776::base::Start|1184:: Python Version: 3.12.10
2025-12-17 07:56:52,105-INFO-root-40776::base::Start|1185:: Starting the browser
2025-12-17 07:56:59,357-INFO-root-40776::base::get_url|1294:: Page is ready!
2025-12-17 07:56:59,361-INFO-root-40776::base::Start|1256:: Browser maximized to 1936x1048
2025-12-17 07:56:59,362-INFO-root-40776::base::Start|1258:: Screen size is different from default used in headless mode
2025-12-17 07:56:59,427-INFO-root-40776::webapp_internal::Setup|247:: ***System Info*** in Setup():
2025-12-17 07:56:59,429-DEBUG-root-40776::psutil_info::system_info|5:: CPU USAGE: 17.6%
2025-12-17 07:56:59,430-DEBUG-root-40776::psutil_info::system_info|6:: MEMORY USAGE: 85.2%
2025-12-17 07:56:59,431-DEBUG-root-40776::psutil_info::system_info|7:: MEMORY AVAILABLE: 14.82%
2025-12-17 07:56:59,441-INFO-root-40776::base::webapp_shadowroot|1394:: Webapp: 10.1.6-RC4
2025-12-17 07:56:59,475-INFO-root-40776::webapp_internal::filling_initial_program|449:: Filling Initial Program: "SIGAMDI"
2025-12-17 07:56:59,475-DEBUG-root-40776::webapp_internal::wait_element|7623:: Waiting for element
2025-12-17 07:56:59,545-DEBUG-root-40776::webapp_internal::wait_element|7653:: Element found! Waiting for element to be displayed.
2025-12-17 07:56:59,703-DEBUG-root-40776::base::click|192:: Click Type: ClickType.JS
2025-12-17 07:56:59,707-DEBUG-root-40776::webapp_internal::try_send_keys|7976:: Trying to send keys to element using technique 0
2025-12-17 07:57:00,518-DEBUG-root-40776::webapp_internal::get_web_value|3232:: Current value: SIGAMDI
2025-12-17 07:57:00,518-INFO-root-40776::webapp_internal::filling_server_environment|463:: Filling Server Environment: "POUPEX_TST"
2025-12-17 07:57:00,518-DEBUG-root-40776::webapp_internal::wait_element|7623:: Waiting for element
2025-12-17 07:57:00,567-DEBUG-root-40776::webapp_internal::wait_element|7653:: Element found! Waiting for element to be displayed.
2025-12-17 07:57:00,725-DEBUG-root-40776::base::click|192:: Click Type: ClickType.JS
2025-12-17 07:57:00,730-DEBUG-root-40776::webapp_internal::try_send_keys|7976:: Trying to send keys to element using technique 0
2025-12-17 07:57:01,058-DEBUG-root-40776::webapp_internal::get_web_value|3232:: Current value: POUPEX_TST
2025-12-17 07:57:01,081-DEBUG-root-40776::base::click|192:: Click Type: ClickType.JS
2025-12-17 07:57:01,092-DEBUG-root-40776::webapp_internal::user_screen|519:: Filling user screen
2025-12-17 07:57:06,570-DEBUG-root-40776::base::scroll_to_element|759:: ********Warining scroll_to_element exception: Message: TypeError: can't access property "scrollIntoView", arguments[0] is null
Stacktrace:
@https://qasrverp:10020/webapp/:2:7
@https://qasrverp:10020/webapp/:3:8
*********
2025-12-17 07:57:06,593-DEBUG-root-40776::webapp_internal::wait_element_timeout|7726:: Element found! Waiting for element to be displayed.
2025-12-17 07:57:06,651-DEBUG-root-40776::base::scroll_to_element|759:: ********Warining scroll_to_element exception: Message: TypeError: can't access property "scrollIntoView", arguments[0] is null
Stacktrace:
@https://qasrverp:10020/webapp/:2:7
@https://qasrverp:10020/webapp/:3:8
*********
2025-12-17 07:57:06,782-INFO-root-40776::webapp_internal::user_screen|561:: Filling User
2025-12-17 07:57:06,816-DEBUG-root-40776::base::double_click|259:: Click Type: ClickType.SELENIUM
2025-12-17 07:57:06,998-DEBUG-root-40776::webapp_internal::get_web_value|3232:: Current value: 97137227104
2025-12-17 07:57:07,023-INFO-root-40776::webapp_internal::user_screen|621:: Filling Password
2025-12-17 07:57:07,042-DEBUG-root-40776::base::click|192:: Click Type: ClickType.JS
2025-12-17 07:57:07,107-DEBUG-root-40776::webapp_internal::get_web_value|3232:: Current value: Deire20191817+
2025-12-17 07:57:07,107-DEBUG-root-40776::webapp_internal::wait_blocker|2444:: Waiting blocker to continue...
2025-12-17 07:57:07,135-DEBUG-root-40776::webapp_internal::wait_blocker|2469:: Blocker status: None
2025-12-17 07:57:07,155-DEBUG-root-40776::webapp_internal::wait_blocker|2444:: Waiting blocker to continue...
2025-12-17 07:57:07,181-DEBUG-root-40776::webapp_internal::wait_blocker|2469:: Blocker status: None
2025-12-17 07:57:07,217-DEBUG-root-40776::webapp_internal::wait_blocker|2444:: Waiting blocker to continue...
2025-12-17 07:57:07,242-DEBUG-root-40776::webapp_internal::wait_blocker|2469:: Blocker status: None
2025-12-17 07:57:07,242-DEBUG-root-40776::webapp_internal::send_action|10480:: Trying to send action
2025-12-17 07:57:07,249-DEBUG-root-40776::base::click|192:: Click Type: ClickType.JS
2025-12-17 07:57:08,291-DEBUG-root-40776::webapp_internal::send_action|10522:: send_action method result = True
2025-12-17 07:57:08,292-DEBUG-root-40776::webapp_internal::send_action|10523:: send_action selenium status: False
2025-12-17 07:57:10,782-DEBUG-root-40776::base::scroll_to_element|759:: ********Warining scroll_to_element exception: Message: TypeError: can't access property "scrollIntoView", arguments[0] is null
Stacktrace:
@https://qasrverp:10020/webapp/:2:7
@https://qasrverp:10020/webapp/:3:8
*********
2025-12-17 07:57:10,833-INFO-root-40776::webapp_internal::filling_date|885:: Filling Date: "18/09/2025"
2025-12-17 07:57:10,833-DEBUG-root-40776::webapp_internal::wait_blocker|2444:: Waiting blocker to continue...
2025-12-17 07:57:10,876-DEBUG-root-40776::webapp_internal::wait_blocker|2469:: Blocker status: None
2025-12-17 07:57:10,879-DEBUG-root-40776::base::click|192:: Click Type: ClickType.JS
2025-12-17 07:57:10,900-DEBUG-root-40776::webapp_internal::try_send_keys|7976:: Trying to send keys to element using technique 1
2025-12-17 07:57:10,969-DEBUG-root-40776::webapp_internal::get_web_value|3232:: Current value: 18/09/2025
2025-12-17 07:57:12,067-INFO-root-40776::webapp_internal::filling_group|955:: Filling Group: "02"
2025-12-17 07:57:12,068-DEBUG-root-40776::webapp_internal::wait_blocker|2444:: Waiting blocker to continue...
2025-12-17 07:57:12,098-DEBUG-root-40776::webapp_internal::wait_blocker|2469:: Blocker status: None
2025-12-17 07:57:12,100-DEBUG-root-40776::base::click|192:: Click Type: ClickType.JS
2025-12-17 07:57:12,152-DEBUG-root-40776::webapp_internal::get_web_value|3232:: Current value: 02
2025-12-17 07:57:13,211-INFO-root-40776::webapp_internal::filling_branch|1047:: Filling Branch: "02DF0001"
2025-12-17 07:57:13,212-DEBUG-root-40776::webapp_internal::wait_blocker|2444:: Waiting blocker to continue...
2025-12-17 07:57:13,245-DEBUG-root-40776::webapp_internal::wait_blocker|2469:: Blocker status: None
2025-12-17 07:57:13,248-DEBUG-root-40776::base::click|192:: Click Type: ClickType.JS
2025-12-17 07:57:13,293-DEBUG-root-40776::webapp_internal::get_web_value|3232:: Current value: 02DF0001
2025-12-17 07:57:14,376-INFO-root-40776::webapp_internal::filling_environment|1113:: Filling Environment: "07"
2025-12-17 07:57:14,376-DEBUG-root-40776::webapp_internal::wait_blocker|2444:: Waiting blocker to continue...
2025-12-17 07:57:14,410-DEBUG-root-40776::webapp_internal::wait_blocker|2469:: Blocker status: None
2025-12-17 07:57:14,412-DEBUG-root-40776::base::click|192:: Click Type: ClickType.JS
2025-12-17 07:57:14,469-DEBUG-root-40776::webapp_internal::get_web_value|3232:: Current value: 07
2025-12-17 07:57:15,477-DEBUG-root-40776::webapp_internal::close_warning_screen|1489:: Closing warning screen!
2025-12-17 07:57:16,510-DEBUG-root-40776::webapp_internal::check_screen_element|1291:: Checking screen element: "Atenção": False
2025-12-17 07:57:17,604-INFO-root-40776::webapp_internal::environment_screen|796:: Clicking on Button
2025-12-17 07:57:17,604-DEBUG-root-40776::webapp_internal::wait_blocker|2444:: Waiting blocker to continue...
2025-12-17 07:57:17,635-DEBUG-root-40776::webapp_internal::wait_blocker|2469:: Blocker status: None
2025-12-17 07:57:17,637-DEBUG-root-40776::base::click|192:: Click Type: ClickType.JS
2025-12-17 07:57:18,653-DEBUG-root-40776::base::click|192:: Click Type: ClickType.JS
2025-12-17 07:57:19,661-DEBUG-root-40776::base::click|192:: Click Type: ClickType.JS
2025-12-17 07:57:20,670-DEBUG-root-40776::base::click|192:: Click Type: ClickType.JS
2025-12-17 07:57:21,677-DEBUG-root-40776::base::click|192:: Click Type: ClickType.JS
2025-12-17 07:57:22,686-DEBUG-root-40776::base::click|192:: Click Type: ClickType.JS
2025-12-17 07:57:23,692-DEBUG-root-40776::webapp_internal::close_screen_before_menu|368:: Closing screen before the menu
2025-12-17 07:57:23,735-DEBUG-root-40776::webapp_internal::close_warning_screen|1489:: Closing warning screen!
2025-12-17 07:57:24,777-DEBUG-root-40776::webapp_internal::check_screen_element|1291:: Checking screen element: "Atenção": False
2025-12-17 07:57:24,777-DEBUG-root-40776::webapp_internal::close_coin_screen|1424:: Closing coin screen!
2025-12-17 07:57:25,329-DEBUG-root-40776::base::click|192:: Click Type: ClickType.JS
2025-12-17 07:57:25,384-DEBUG-root-40776::webapp_internal::close_warning_screen|1489:: Closing warning screen!
2025-12-17 07:57:26,440-DEBUG-root-40776::webapp_internal::check_screen_element|1291:: Checking screen element: "Atenção": False
2025-12-17 07:57:26,441-DEBUG-root-40776::webapp_internal::close_coin_screen|1424:: Closing coin screen!
2025-12-17 07:57:26,560-INFO-root-40776::webapp_internal::set_log_info|1623:: Getting log info
2025-12-17 07:57:26,560-INFO-root-40776::webapp_internal::SetLateralMenu|4184:: Navigating lateral menu: Ajuda > Sobre
2025-12-17 07:57:26,569-DEBUG-root-40776::webapp_internal::wait_element|7623:: Waiting for element
2025-12-17 07:57:26,602-DEBUG-root-40776::webapp_internal::wait_element|7653:: Element found! Waiting for element to be displayed.
2025-12-17 07:57:26,757-INFO-root-40776::webapp_internal::SetLateralMenu|4203:: Menu item: "Ajuda"
2025-12-17 07:57:26,757-DEBUG-root-40776::webapp_internal::wait_blocker|2444:: Waiting blocker to continue...
2025-12-17 07:57:26,819-DEBUG-root-40776::webapp_internal::wait_blocker|2469:: Blocker status: False
2025-12-17 07:57:27,176-DEBUG-root-40776::webapp_internal::wait_element_timeout|7726:: Element found! Waiting for element to be displayed.
2025-12-17 07:57:27,486-DEBUG-root-40776::webapp_internal::wait_blocker|2444:: Waiting blocker to continue...
2025-12-17 07:57:27,556-DEBUG-root-40776::webapp_internal::wait_blocker|2469:: Blocker status: False
2025-12-17 07:57:29,850-INFO-root-40776::webapp_internal::SetLateralMenu|4203:: Menu item: "Sobre"
2025-12-17 07:57:29,851-DEBUG-root-40776::webapp_internal::wait_blocker|2444:: Waiting blocker to continue...
2025-12-17 07:57:29,916-DEBUG-root-40776::webapp_internal::wait_blocker|2469:: Blocker status: False
2025-12-17 07:57:30,330-DEBUG-root-40776::webapp_internal::wait_element_timeout|7726:: Element found! Waiting for element to be displayed.
2025-12-17 07:57:30,666-DEBUG-root-40776::webapp_internal::wait_blocker|2444:: Waiting blocker to continue...
2025-12-17 07:57:30,730-DEBUG-root-40776::webapp_internal::wait_blocker|2469:: Blocker status: False
2025-12-17 07:57:33,352-DEBUG-root-40776::webapp_internal::wait_blocker|2444:: Waiting blocker to continue...
2025-12-17 07:57:33,438-DEBUG-root-40776::webapp_internal::wait_blocker|2469:: Blocker status: False
2025-12-17 07:57:33,522-DEBUG-root-40776::webapp_internal::wait_element|7623:: Waiting for element
2025-12-17 07:57:33,570-DEBUG-root-40776::webapp_internal::wait_element|7653:: Element found! Waiting for element to be displayed.
2025-12-17 07:57:33,750-INFO-root-40776::webapp_internal::SetButton|4444:: Clicking on Fechar
2025-12-17 07:57:33,750-DEBUG-root-40776::webapp_internal::wait_blocker|2444:: Waiting blocker to continue...
2025-12-17 07:57:33,819-DEBUG-root-40776::webapp_internal::wait_blocker|2469:: Blocker status: False
2025-12-17 07:57:33,998-DEBUG-root-40776::webapp_internal::wait_element_timeout|7726:: Element found! Waiting for element to be displayed.
2025-12-17 07:57:34,067-DEBUG-root-40776::webapp_internal::SetButton|4481:: ***System Info*** Before Clicking on button:Fechar
2025-12-17 07:57:34,068-DEBUG-root-40776::psutil_info::system_info|5:: CPU USAGE: 7.7%
2025-12-17 07:57:34,068-DEBUG-root-40776::psutil_info::system_info|6:: MEMORY USAGE: 85.5%
2025-12-17 07:57:34,068-DEBUG-root-40776::psutil_info::system_info|7:: MEMORY AVAILABLE: 14.51%
2025-12-17 07:57:34,230-DEBUG-root-40776::webapp_internal::wait_element_timeout|7726:: Element found! Waiting for element to be displayed.
2025-12-17 07:57:34,328-DEBUG-root-40776::webapp_internal::wait_blocker|2444:: Waiting blocker to continue...
2025-12-17 07:57:34,398-DEBUG-root-40776::webapp_internal::wait_blocker|2469:: Blocker status: False
2025-12-17 07:57:34,416-DEBUG-root-40776::webapp_internal::wait_blocker|2444:: Waiting blocker to continue...
2025-12-17 07:57:34,486-DEBUG-root-40776::webapp_internal::wait_blocker|2469:: Blocker status: False
2025-12-17 07:57:34,486-DEBUG-root-40776::webapp_internal::send_action|10480:: Trying to send action
2025-12-17 07:57:34,488-DEBUG-root-40776::base::click|192:: Click Type: ClickType.JS
2025-12-17 07:57:35,520-DEBUG-root-40776::webapp_internal::send_action|10522:: send_action method result = True
2025-12-17 07:57:35,520-DEBUG-root-40776::webapp_internal::send_action|10523:: send_action selenium status: False
2025-12-17 07:57:35,520-DEBUG-root-40776::webapp_internal::SetButton|4683:: ***System Info*** After Clicking on button:
2025-12-17 07:57:35,520-DEBUG-root-40776::psutil_info::system_info|5:: CPU USAGE: 7.1%
2025-12-17 07:57:35,520-DEBUG-root-40776::psutil_info::system_info|6:: MEMORY USAGE: 85.8%
2025-12-17 07:57:35,521-DEBUG-root-40776::psutil_info::system_info|7:: MEMORY AVAILABLE: 14.23%
2025-12-17 07:57:35,521-DEBUG-root-40776::webapp_internal::wait_element|7623:: Waiting for element
2025-12-17 07:57:35,600-INFO-root-40776::webapp_internal::SetLateralMenu|4184:: Navigating lateral menu: Miscelanea > Cálculos (13)> Por Roteiros
2025-12-17 07:57:35,609-DEBUG-root-40776::webapp_internal::wait_element|7623:: Waiting for element
2025-12-17 07:57:35,644-DEBUG-root-40776::webapp_internal::wait_element|7653:: Element found! Waiting for element to be displayed.
2025-12-17 07:57:35,809-INFO-root-40776::webapp_internal::SetLateralMenu|4203:: Menu item: "Miscelanea"
2025-12-17 07:57:35,810-DEBUG-root-40776::webapp_internal::wait_blocker|2444:: Waiting blocker to continue...
2025-12-17 07:57:35,872-DEBUG-root-40776::webapp_internal::wait_blocker|2469:: Blocker status: False
2025-12-17 07:57:36,257-DEBUG-root-40776::webapp_internal::wait_element_timeout|7726:: Element found! Waiting for element to be displayed.
2025-12-17 07:57:36,590-DEBUG-root-40776::webapp_internal::wait_blocker|2444:: Waiting blocker to continue...
2025-12-17 07:57:36,651-DEBUG-root-40776::webapp_internal::wait_blocker|2469:: Blocker status: False
2025-12-17 07:57:38,946-INFO-root-40776::webapp_internal::SetLateralMenu|4203:: Menu item: "Cálculos (13)"
2025-12-17 07:57:38,946-DEBUG-root-40776::webapp_internal::wait_blocker|2444:: Waiting blocker to continue...
2025-12-17 07:57:39,081-DEBUG-root-40776::webapp_internal::wait_blocker|2469:: Blocker status: False
2025-12-17 07:57:40,582-DEBUG-root-40776::webapp_internal::wait_element_timeout|7726:: Element found! Waiting for element to be displayed.
2025-12-17 07:57:41,833-DEBUG-root-40776::webapp_internal::wait_blocker|2444:: Waiting blocker to continue...
2025-12-17 07:57:41,931-DEBUG-root-40776::webapp_internal::wait_blocker|2469:: Blocker status: False
2025-12-17 07:57:44,205-INFO-root-40776::webapp_internal::SetLateralMenu|4203:: Menu item: "Por Roteiros"
2025-12-17 07:57:44,205-DEBUG-root-40776::webapp_internal::wait_blocker|2444:: Waiting blocker to continue...
2025-12-17 07:57:44,285-DEBUG-root-40776::webapp_internal::wait_blocker|2469:: Blocker status: False
2025-12-17 07:57:45,946-DEBUG-root-40776::webapp_internal::wait_element_timeout|7726:: Element found! Waiting for element to be displayed.
2025-12-17 07:57:47,557-DEBUG-root-40776::webapp_internal::wait_blocker|2444:: Waiting blocker to continue...
2025-12-17 07:57:47,668-DEBUG-root-40776::webapp_internal::wait_blocker|2469:: Blocker status: False
2025-12-17 07:57:52,767-DEBUG-root-40776::webapp_internal::wait_blocker|2444:: Waiting blocker to continue...
2025-12-17 07:57:52,939-DEBUG-root-40776::webapp_internal::wait_blocker|2469:: Blocker status: False
2025-12-17 07:57:53,092-INFO-root-40776::webapp_internal::WaitShow|4980:: Waiting show text 'Este ambiente utiliza base de Homologação.'...
2025-12-17 07:57:58,367-DEBUG-root-40776::log::checks_empty_line|221:: Checking empty default log info
2025-12-17 07:57:58,370-DEBUG-root-40776::log::generate_log|503:: Json log_data: {'cLogDtExec': '17/12/2025 07:57:58', 'cLogNomUsr': '97137227104', 'cLogNomEst': 'GESIT03', 'cLogProgra': None, 'cLogDtProg': '', 'cLogHrProg': '', 'nLogCtsOk': 1, 'nLogCtsNok': 0, 'nLogCtsSeg': 66.4, 'cLogVersao': '12', 'cLogReleas': '12.1.2410', 'nLogCtsErr': '', 'cLogBancod': 'ORACLE', 'cLogIdenti': '', 'cLogIdExec': '20251217', 'cLogPais': 'BRA', 'cLogTool': 'TIR', 'cLogSequen': '81e925', 'nLogCtsTot': 1, 'cLogDtExea': '17/12/2025', 'cLogHrExea': '07:57:58', 'cLogArea': 'Desenvolvimento', 'cLogMnExec': 1.1066666666666667}
2025-12-17 07:57:58,370-INFO-root-40776::log::send_log_with_retries|515:: Saving log locally.
2025-12-17 07:57:58,370-INFO-root-40776::log::save_log_locally|548:: [FwSendLog]: Não foi possível enviar o log após todas as tentativas.
2025-12-17 07:57:58,371-INFO-root-40776::log::save_log_locally|555:: [FwSendLog]: Log salvo localmente em C:\TIR_TESTE\1765969078.json.
2025-12-17 07:57:58,371-INFO-root-40776::webapp_internal::WaitShow|4980:: Waiting show text 'Moedas'...
2025-12-17 07:58:03,796-INFO-root-40776::webapp_internal::WaitShow|4980:: Waiting show text 'Processo de Calculo'...
2025-12-17 07:58:03,866-INFO-root-40776::webapp_internal::WaitShow|4996:: Text found! 
2025-12-17 07:58:03,866-INFO-root-40776::webapp_internal::WaitShow|4980:: Waiting show text 'Este programa realiza processos de calculos'...
2025-12-17 07:58:03,920-INFO-root-40776::webapp_internal::WaitShow|4996:: Text found! 
2025-12-17 07:58:03,920-INFO-root-40776::webapp_internal::SetButton|4444:: Clicking on Parametros
2025-12-17 07:58:03,920-DEBUG-root-40776::webapp_internal::wait_blocker|2444:: Waiting blocker to continue...
2025-12-17 07:58:04,013-DEBUG-root-40776::webapp_internal::wait_blocker|2469:: Blocker status: False
2025-12-17 07:58:04,284-DEBUG-root-40776::webapp_internal::wait_element_timeout|7726:: Element found! Waiting for element to be displayed.
2025-12-17 07:58:04,449-DEBUG-root-40776::webapp_internal::SetButton|4481:: ***System Info*** Before Clicking on button:Parametros
2025-12-17 07:58:04,450-DEBUG-root-40776::psutil_info::system_info|5:: CPU USAGE: 12.5%
2025-12-17 07:58:04,450-DEBUG-root-40776::psutil_info::system_info|6:: MEMORY USAGE: 85.8%
2025-12-17 07:58:04,451-DEBUG-root-40776::psutil_info::system_info|7:: MEMORY AVAILABLE: 14.16%
2025-12-17 07:58:04,688-DEBUG-root-40776::webapp_internal::wait_element_timeout|7726:: Element found! Waiting for element to be displayed.
2025-12-17 07:58:04,874-DEBUG-root-40776::webapp_internal::wait_blocker|2444:: Waiting blocker to continue...
2025-12-17 07:58:04,953-DEBUG-root-40776::webapp_internal::wait_blocker|2469:: Blocker status: False
2025-12-17 07:58:04,972-DEBUG-root-40776::webapp_internal::wait_blocker|2444:: Waiting blocker to continue...
2025-12-17 07:58:05,051-DEBUG-root-40776::webapp_internal::wait_blocker|2469:: Blocker status: False
2025-12-17 07:58:05,051-DEBUG-root-40776::webapp_internal::send_action|10480:: Trying to send action
2025-12-17 07:58:05,053-DEBUG-root-40776::base::click|192:: Click Type: ClickType.JS
2025-12-17 07:58:06,090-DEBUG-root-40776::webapp_internal::send_action|10522:: send_action method result = True
2025-12-17 07:58:06,090-DEBUG-root-40776::webapp_internal::send_action|10523:: send_action selenium status: False
2025-12-17 07:58:06,090-DEBUG-root-40776::webapp_internal::SetButton|4683:: ***System Info*** After Clicking on button:
2025-12-17 07:58:06,090-DEBUG-root-40776::psutil_info::system_info|5:: CPU USAGE: 9.4%
2025-12-17 07:58:06,092-DEBUG-root-40776::psutil_info::system_info|6:: MEMORY USAGE: 85.1%
2025-12-17 07:58:06,092-DEBUG-root-40776::psutil_info::system_info|7:: MEMORY AVAILABLE: 14.87%
2025-12-17 07:58:11,093-DEBUG-root-40776::webapp_internal::wait_blocker|2444:: Waiting blocker to continue...
2025-12-17 07:58:11,183-DEBUG-root-40776::webapp_internal::wait_blocker|2469:: Blocker status: False
2025-12-17 07:58:11,183-DEBUG-root-40776::webapp_internal::wait_element|7623:: Waiting for element
2025-12-17 07:58:11,225-DEBUG-root-40776::webapp_internal::wait_element|7653:: Element found! Waiting for element to be displayed.
2025-12-17 07:58:11,383-INFO-root-40776::webapp_internal::input_value|2941:: Looking for element: Processo
2025-12-17 07:58:11,630-INFO-root-40776::webapp_internal::input_value|2951:: Element: Processo Found!
2025-12-17 07:58:11,630-INFO-root-40776::webapp_internal::input_value|2953:: Filling element: Processo
2025-12-17 07:58:11,652-DEBUG-root-40776::webapp_internal::get_web_value|3232:: Current value:      
2025-12-17 07:58:11,677-DEBUG-root-40776::base::double_click|259:: Click Type: ClickType.SELENIUM
2025-12-17 07:58:11,933-DEBUG-root-40776::webapp_internal::wait_blocker|2444:: Waiting blocker to continue...
2025-12-17 07:58:12,035-DEBUG-root-40776::webapp_internal::wait_blocker|2469:: Blocker status: False
2025-12-17 07:58:12,355-DEBUG-root-40776::webapp_internal::get_web_value|3232:: Current value: 00001
2025-12-17 07:58:12,355-INFO-root-40776::webapp_internal::input_value|3059:: Current field value: 00001
2025-12-17 07:58:12,355-DEBUG-root-40776::webapp_internal::wait_blocker|2444:: Waiting blocker to continue...
2025-12-17 07:58:12,463-DEBUG-root-40776::webapp_internal::wait_blocker|2469:: Blocker status: False
2025-12-17 07:58:12,464-DEBUG-root-40776::webapp_internal::wait_element|7623:: Waiting for element
2025-12-17 07:58:12,503-DEBUG-root-40776::webapp_internal::wait_element|7653:: Element found! Waiting for element to be displayed.
2025-12-17 07:58:12,655-INFO-root-40776::webapp_internal::input_value|2941:: Looking for element: Roteiro
2025-12-17 07:58:12,902-INFO-root-40776::webapp_internal::input_value|2951:: Element: Roteiro Found!
2025-12-17 07:58:12,902-INFO-root-40776::webapp_internal::input_value|2953:: Filling element: Roteiro
2025-12-17 07:58:12,921-DEBUG-root-40776::webapp_internal::get_web_value|3232:: Current value:    
2025-12-17 07:58:12,948-DEBUG-root-40776::base::double_click|259:: Click Type: ClickType.SELENIUM
2025-12-17 07:58:13,203-DEBUG-root-40776::webapp_internal::wait_blocker|2444:: Waiting blocker to continue...
2025-12-17 07:58:13,285-DEBUG-root-40776::webapp_internal::wait_blocker|2469:: Blocker status: False
2025-12-17 07:58:13,572-DEBUG-root-40776::webapp_internal::get_web_value|3232:: Current value: VTR
2025-12-17 07:58:13,573-INFO-root-40776::webapp_internal::input_value|3059:: Current field value: VTR
2025-12-17 07:58:14,073-INFO-root-40776::webapp_internal::SetButton|4444:: Clicking on OK
2025-12-17 07:58:14,074-DEBUG-root-40776::webapp_internal::wait_blocker|2444:: Waiting blocker to continue...
2025-12-17 07:58:14,164-DEBUG-root-40776::webapp_internal::wait_blocker|2469:: Blocker status: False
2025-12-17 07:58:14,376-DEBUG-root-40776::webapp_internal::wait_element_timeout|7726:: Element found! Waiting for element to be displayed.
2025-12-17 07:58:14,481-DEBUG-root-40776::webapp_internal::SetButton|4481:: ***System Info*** Before Clicking on button:OK
2025-12-17 07:58:14,481-DEBUG-root-40776::psutil_info::system_info|5:: CPU USAGE: 5.3%
2025-12-17 07:58:14,481-DEBUG-root-40776::psutil_info::system_info|6:: MEMORY USAGE: 84.6%
2025-12-17 07:58:14,482-DEBUG-root-40776::psutil_info::system_info|7:: MEMORY AVAILABLE: 15.38%
2025-12-17 07:58:14,672-DEBUG-root-40776::webapp_internal::wait_element_timeout|7726:: Element found! Waiting for element to be displayed.
2025-12-17 07:58:14,804-DEBUG-root-40776::webapp_internal::wait_blocker|2444:: Waiting blocker to continue...
2025-12-17 07:58:14,888-DEBUG-root-40776::webapp_internal::wait_blocker|2469:: Blocker status: False
2025-12-17 07:58:14,909-DEBUG-root-40776::webapp_internal::wait_blocker|2444:: Waiting blocker to continue...
2025-12-17 07:58:14,992-DEBUG-root-40776::webapp_internal::wait_blocker|2469:: Blocker status: False
2025-12-17 07:58:14,993-DEBUG-root-40776::webapp_internal::send_action|10480:: Trying to send action
2025-12-17 07:58:14,995-DEBUG-root-40776::base::click|192:: Click Type: ClickType.JS
2025-12-17 07:58:16,032-DEBUG-root-40776::webapp_internal::send_action|10522:: send_action method result = True
2025-12-17 07:58:16,032-DEBUG-root-40776::webapp_internal::send_action|10523:: send_action selenium status: False
2025-12-17 07:58:16,032-DEBUG-root-40776::webapp_internal::SetButton|4683:: ***System Info*** After Clicking on button:
2025-12-17 07:58:16,032-DEBUG-root-40776::psutil_info::system_info|5:: CPU USAGE: 5.6%
2025-12-17 07:58:16,032-DEBUG-root-40776::psutil_info::system_info|6:: MEMORY USAGE: 84.8%
2025-12-17 07:58:16,034-DEBUG-root-40776::psutil_info::system_info|7:: MEMORY AVAILABLE: 15.23%
2025-12-17 07:58:21,034-INFO-root-40776::webapp_internal::WaitShow|4980:: Waiting show text 'Parametros'...
2025-12-17 07:58:21,312-INFO-root-40776::webapp_internal::WaitShow|4996:: Text found! 
2025-12-17 07:58:21,312-INFO-root-40776::webapp_internal::SetButton|4444:: Clicking on OK
2025-12-17 07:58:21,312-DEBUG-root-40776::webapp_internal::wait_blocker|2444:: Waiting blocker to continue...
2025-12-17 07:58:21,401-DEBUG-root-40776::webapp_internal::wait_blocker|2469:: Blocker status: False
2025-12-17 07:58:21,610-DEBUG-root-40776::webapp_internal::wait_element_timeout|7726:: Element found! Waiting for element to be displayed.
2025-12-17 07:58:21,713-DEBUG-root-40776::webapp_internal::SetButton|4481:: ***System Info*** Before Clicking on button:OK
2025-12-17 07:58:21,713-DEBUG-root-40776::psutil_info::system_info|5:: CPU USAGE: 4.4%
2025-12-17 07:58:21,714-DEBUG-root-40776::psutil_info::system_info|6:: MEMORY USAGE: 84.2%
2025-12-17 07:58:21,714-DEBUG-root-40776::psutil_info::system_info|7:: MEMORY AVAILABLE: 15.76%
2025-12-17 07:58:21,909-DEBUG-root-40776::webapp_internal::wait_element_timeout|7726:: Element found! Waiting for element to be displayed.
2025-12-17 07:58:22,049-DEBUG-root-40776::webapp_internal::wait_blocker|2444:: Waiting blocker to continue...
2025-12-17 07:58:22,173-DEBUG-root-40776::webapp_internal::wait_blocker|2469:: Blocker status: False
2025-12-17 07:58:22,198-DEBUG-root-40776::webapp_internal::wait_blocker|2444:: Waiting blocker to continue...
2025-12-17 07:58:22,287-DEBUG-root-40776::webapp_internal::wait_blocker|2469:: Blocker status: False
2025-12-17 07:58:22,287-DEBUG-root-40776::webapp_internal::send_action|10480:: Trying to send action
2025-12-17 07:58:22,289-DEBUG-root-40776::base::click|192:: Click Type: ClickType.JS
2025-12-17 07:58:23,351-DEBUG-root-40776::webapp_internal::send_action|10522:: send_action method result = True
2025-12-17 07:58:23,351-DEBUG-root-40776::webapp_internal::send_action|10523:: send_action selenium status: False
2025-12-17 07:58:23,352-DEBUG-root-40776::webapp_internal::SetButton|4683:: ***System Info*** After Clicking on button:
2025-12-17 07:58:23,352-DEBUG-root-40776::psutil_info::system_info|5:: CPU USAGE: 5.5%
2025-12-17 07:58:23,352-DEBUG-root-40776::psutil_info::system_info|6:: MEMORY USAGE: 84.2%
2025-12-17 07:58:23,352-DEBUG-root-40776::psutil_info::system_info|7:: MEMORY AVAILABLE: 15.84%
2025-12-17 07:58:23,366-INFO-root-40776::webapp_internal::SetButton|4444:: Clicking on Calcular
2025-12-17 07:58:23,366-DEBUG-root-40776::webapp_internal::wait_blocker|2444:: Waiting blocker to continue...
2025-12-17 07:58:23,452-DEBUG-root-40776::webapp_internal::wait_blocker|2469:: Blocker status: False
2025-12-17 07:58:23,727-DEBUG-root-40776::webapp_internal::wait_element_timeout|7726:: Element found! Waiting for element to be displayed.
2025-12-17 07:58:23,874-DEBUG-root-40776::webapp_internal::SetButton|4481:: ***System Info*** Before Clicking on button:Calcular
2025-12-17 07:58:23,875-DEBUG-root-40776::psutil_info::system_info|5:: CPU USAGE: 11.8%
2025-12-17 07:58:23,875-DEBUG-root-40776::psutil_info::system_info|6:: MEMORY USAGE: 83.7%
2025-12-17 07:58:23,876-DEBUG-root-40776::psutil_info::system_info|7:: MEMORY AVAILABLE: 16.33%
2025-12-17 07:58:24,108-DEBUG-root-40776::webapp_internal::wait_element_timeout|7726:: Element found! Waiting for element to be displayed.
2025-12-17 07:58:24,291-DEBUG-root-40776::webapp_internal::wait_blocker|2444:: Waiting blocker to continue...
2025-12-17 07:58:24,369-DEBUG-root-40776::webapp_internal::wait_blocker|2469:: Blocker status: False
2025-12-17 07:58:24,389-DEBUG-root-40776::webapp_internal::wait_blocker|2444:: Waiting blocker to continue...
2025-12-17 07:58:24,468-DEBUG-root-40776::webapp_internal::wait_blocker|2469:: Blocker status: False
2025-12-17 07:58:24,468-DEBUG-root-40776::webapp_internal::send_action|10480:: Trying to send action
2025-12-17 07:58:24,470-DEBUG-root-40776::base::click|192:: Click Type: ClickType.JS
2025-12-17 07:58:25,499-DEBUG-root-40776::webapp_internal::send_action|10522:: send_action method result = True
2025-12-17 07:58:25,499-DEBUG-root-40776::webapp_internal::send_action|10523:: send_action selenium status: False
2025-12-17 07:58:25,500-DEBUG-root-40776::webapp_internal::SetButton|4683:: ***System Info*** After Clicking on button:
2025-12-17 07:58:25,500-DEBUG-root-40776::psutil_info::system_info|5:: CPU USAGE: 5.8%
2025-12-17 07:58:25,500-DEBUG-root-40776::psutil_info::system_info|6:: MEMORY USAGE: 83.8%
2025-12-17 07:58:25,500-DEBUG-root-40776::psutil_info::system_info|7:: MEMORY AVAILABLE: 16.24%
2025-12-17 07:58:25,500-INFO-root-40776::webapp_internal::WaitShow|4980:: Waiting show text 'Confirma configuracäo dos parametros?'...
2025-12-17 07:58:25,569-INFO-root-40776::webapp_internal::WaitShow|4996:: Text found! 
2025-12-17 07:58:25,569-INFO-root-40776::webapp_internal::SetButton|4444:: Clicking on Sim
2025-12-17 07:58:25,569-DEBUG-root-40776::webapp_internal::wait_blocker|2444:: Waiting blocker to continue...
2025-12-17 07:58:25,672-DEBUG-root-40776::webapp_internal::wait_blocker|2469:: Blocker status: False
2025-12-17 07:58:25,879-DEBUG-root-40776::webapp_internal::wait_element_timeout|7726:: Element found! Waiting for element to be displayed.
2025-12-17 07:58:25,976-DEBUG-root-40776::webapp_internal::SetButton|4481:: ***System Info*** Before Clicking on button:Sim
2025-12-17 07:58:25,977-DEBUG-root-40776::psutil_info::system_info|5:: CPU USAGE: 11.4%
2025-12-17 07:58:25,977-DEBUG-root-40776::psutil_info::system_info|6:: MEMORY USAGE: 83.9%
2025-12-17 07:58:25,977-DEBUG-root-40776::psutil_info::system_info|7:: MEMORY AVAILABLE: 16.07%
2025-12-17 07:58:26,166-DEBUG-root-40776::webapp_internal::wait_element_timeout|7726:: Element found! Waiting for element to be displayed.
2025-12-17 07:58:26,297-DEBUG-root-40776::webapp_internal::wait_blocker|2444:: Waiting blocker to continue...
2025-12-17 07:58:26,398-DEBUG-root-40776::webapp_internal::wait_blocker|2469:: Blocker status: False
2025-12-17 07:58:26,420-DEBUG-root-40776::webapp_internal::wait_blocker|2444:: Waiting blocker to continue...
2025-12-17 07:58:26,528-DEBUG-root-40776::webapp_internal::wait_blocker|2469:: Blocker status: False
2025-12-17 07:58:26,529-DEBUG-root-40776::webapp_internal::send_action|10480:: Trying to send action
2025-12-17 07:58:26,531-DEBUG-root-40776::base::click|192:: Click Type: ClickType.JS
2025-12-17 07:58:27,568-DEBUG-root-40776::webapp_internal::send_action|10522:: send_action method result = True
2025-12-17 07:58:27,568-DEBUG-root-40776::webapp_internal::send_action|10523:: send_action selenium status: False
2025-12-17 07:58:27,568-DEBUG-root-40776::webapp_internal::SetButton|4683:: ***System Info*** After Clicking on button:
2025-12-17 07:58:27,568-DEBUG-root-40776::psutil_info::system_info|5:: CPU USAGE: 7.0%
2025-12-17 07:58:27,568-DEBUG-root-40776::psutil_info::system_info|6:: MEMORY USAGE: 83.4%
2025-12-17 07:58:27,570-DEBUG-root-40776::psutil_info::system_info|7:: MEMORY AVAILABLE: 16.65%
2025-12-17 07:58:27,582-INFO-root-40776::webapp_internal::WaitShow|4980:: Waiting show text 'Nenhum filtro foi selecionado! Processar toda a tabela?'...
2025-12-17 07:58:27,651-INFO-root-40776::webapp_internal::WaitShow|4996:: Text found! 
2025-12-17 07:58:27,652-INFO-root-40776::webapp_internal::SetButton|4444:: Clicking on Sim
2025-12-17 07:58:27,652-DEBUG-root-40776::webapp_internal::wait_blocker|2444:: Waiting blocker to continue...
2025-12-17 07:58:27,753-DEBUG-root-40776::webapp_internal::wait_blocker|2469:: Blocker status: False
2025-12-17 07:58:27,956-DEBUG-root-40776::webapp_internal::wait_element_timeout|7726:: Element found! Waiting for element to be displayed.
2025-12-17 07:58:28,049-DEBUG-root-40776::webapp_internal::SetButton|4481:: ***System Info*** Before Clicking on button:Sim
2025-12-17 07:58:28,051-DEBUG-root-40776::psutil_info::system_info|5:: CPU USAGE: 9.9%
2025-12-17 07:58:28,051-DEBUG-root-40776::psutil_info::system_info|6:: MEMORY USAGE: 83.5%
2025-12-17 07:58:28,051-DEBUG-root-40776::psutil_info::system_info|7:: MEMORY AVAILABLE: 16.54%
2025-12-17 07:58:28,235-DEBUG-root-40776::webapp_internal::wait_element_timeout|7726:: Element found! Waiting for element to be displayed.
2025-12-17 07:58:28,368-DEBUG-root-40776::webapp_internal::wait_blocker|2444:: Waiting blocker to continue...
2025-12-17 07:58:28,466-DEBUG-root-40776::webapp_internal::wait_blocker|2469:: Blocker status: False
2025-12-17 07:58:28,486-DEBUG-root-40776::webapp_internal::wait_blocker|2444:: Waiting blocker to continue...
2025-12-17 07:58:28,585-DEBUG-root-40776::webapp_internal::wait_blocker|2469:: Blocker status: False
2025-12-17 07:58:28,585-DEBUG-root-40776::webapp_internal::send_action|10480:: Trying to send action
2025-12-17 07:58:28,586-DEBUG-root-40776::base::click|192:: Click Type: ClickType.JS
2025-12-17 07:58:29,618-DEBUG-root-40776::webapp_internal::send_action|10522:: send_action method result = True
2025-12-17 07:58:29,618-DEBUG-root-40776::webapp_internal::send_action|10523:: send_action selenium status: False
2025-12-17 07:58:29,618-DEBUG-root-40776::webapp_internal::SetButton|4683:: ***System Info*** After Clicking on button:
2025-12-17 07:58:29,618-DEBUG-root-40776::psutil_info::system_info|5:: CPU USAGE: 5.6%
2025-12-17 07:58:29,618-DEBUG-root-40776::psutil_info::system_info|6:: MEMORY USAGE: 83.7%
2025-12-17 07:58:29,619-DEBUG-root-40776::psutil_info::system_info|7:: MEMORY AVAILABLE: 16.35%
2025-12-17 07:58:29,632-INFO-root-40776::webapp_internal::WaitShow|4980:: Waiting show text 'Aguarde'...
2025-12-17 08:18:31,094-WARNING-root-40776::webapp_internal::log_error|8143:: Warning log_error Element Aguarde not found
2025-12-17 08:18:31,094-DEBUG-root-40776::webapp_internal::log_error|8146:: ***System Info*** in log_error():
2025-12-17 08:18:31,095-DEBUG-root-40776::psutil_info::system_info|5:: CPU USAGE: 11.0%
2025-12-17 08:18:31,095-DEBUG-root-40776::psutil_info::system_info|6:: MEMORY USAGE: 88.4%
2025-12-17 08:18:31,096-DEBUG-root-40776::psutil_info::system_info|7:: MEMORY AVAILABLE: 11.56%
2025-12-17 08:18:33,098-ERROR-root-40776::webapp_internal::TearDown|9654:: Warning tearDown Close Message: Tried to run command without establishing a connection
Traceback (most recent call last):
  File "C:\TIR_TESTE\venv\Lib\site-packages\tir\technologies\webapp_internal.py", line 9652, in TearDown
    self.driver.close()
  File "C:\TIR_TESTE\venv\Lib\site-packages\selenium\webdriver\remote\webdriver.py", line 458, in close
    self.execute(Command.CLOSE)
  File "C:\TIR_TESTE\venv\Lib\site-packages\selenium\webdriver\remote\webdriver.py", line 347, in execute
    self.error_handler.check_response(response)
  File "C:\TIR_TESTE\venv\Lib\site-packages\selenium\webdriver\remote\errorhandler.py", line 229, in check_response
    raise exception_class(message, screen, stacktrace)
selenium.common.exceptions.InvalidSessionIdException: Message: Tried to run command without establishing a connection

2025-12-17 07:56:52,104-DEBUG-root-40776::logging_config::logger|189:: Log file created: 'Log\GESIT03\TIR__20251217075652098.log'
2025-12-17 07:56:52,104-INFO-root-40776::base::Start|1183:: TIR Version: 2.4.3
2025-12-17 07:56:52,104-INFO-root-40776::base::Start|1184:: Python Version: 3.12.10
2025-12-17 07:56:52,105-INFO-root-40776::base::Start|1185:: Starting the browser
2025-12-17 07:56:59,357-INFO-root-40776::base::get_url|1294:: Page is ready!
2025-12-17 07:56:59,361-INFO-root-40776::base::Start|1256:: Browser maximized to 1936x1048
2025-12-17 07:56:59,362-INFO-root-40776::base::Start|1258:: Screen size is different from default used in headless mode
2025-12-17 07:56:59,427-INFO-root-40776::webapp_internal::Setup|247:: ***System Info*** in Setup():
2025-12-17 07:56:59,429-DEBUG-root-40776::psutil_info::system_info|5:: CPU USAGE: 17.6%
2025-12-17 07:56:59,430-DEBUG-root-40776::psutil_info::system_info|6:: MEMORY USAGE: 85.2%
2025-12-17 07:56:59,431-DEBUG-root-40776::psutil_info::system_info|7:: MEMORY AVAILABLE: 14.82%
2025-12-17 07:56:59,441-INFO-root-40776::base::webapp_shadowroot|1394:: Webapp: 10.1.6-RC4
2025-12-17 07:56:59,475-INFO-root-40776::webapp_internal::filling_initial_program|449:: Filling Initial Program: "SIGAMDI"
2025-12-17 07:56:59,475-DEBUG-root-40776::webapp_internal::wait_element|7623:: Waiting for element
2025-12-17 07:56:59,545-DEBUG-root-40776::webapp_internal::wait_element|7653:: Element found! Waiting for element to be displayed.
2025-12-17 07:56:59,703-DEBUG-root-40776::base::click|192:: Click Type: ClickType.JS
2025-12-17 07:56:59,707-DEBUG-root-40776::webapp_internal::try_send_keys|7976:: Trying to send keys to element using technique 0
2025-12-17 07:57:00,518-DEBUG-root-40776::webapp_internal::get_web_value|3232:: Current value: SIGAMDI
2025-12-17 07:57:00,518-INFO-root-40776::webapp_internal::filling_server_environment|463:: Filling Server Environment: "POUPEX_TST"
2025-12-17 07:57:00,518-DEBUG-root-40776::webapp_internal::wait_element|7623:: Waiting for element
2025-12-17 07:57:00,567-DEBUG-root-40776::webapp_internal::wait_element|7653:: Element found! Waiting for element to be displayed.
2025-12-17 07:57:00,725-DEBUG-root-40776::base::click|192:: Click Type: ClickType.JS
2025-12-17 07:57:00,730-DEBUG-root-40776::webapp_internal::try_send_keys|7976:: Trying to send keys to element using technique 0
2025-12-17 07:57:01,058-DEBUG-root-40776::webapp_internal::get_web_value|3232:: Current value: POUPEX_TST
2025-12-17 07:57:01,081-DEBUG-root-40776::base::click|192:: Click Type: ClickType.JS
2025-12-17 07:57:01,092-DEBUG-root-40776::webapp_internal::user_screen|519:: Filling user screen
2025-12-17 07:57:06,570-DEBUG-root-40776::base::scroll_to_element|759:: ********Warining scroll_to_element exception: Message: TypeError: can't access property "scrollIntoView", arguments[0] is null
Stacktrace:
@https://qasrverp:10020/webapp/:2:7
@https://qasrverp:10020/webapp/:3:8
*********
2025-12-17 07:57:06,593-DEBUG-root-40776::webapp_internal::wait_element_timeout|7726:: Element found! Waiting for element to be displayed.
2025-12-17 07:57:06,651-DEBUG-root-40776::base::scroll_to_element|759:: ********Warining scroll_to_element exception: Message: TypeError: can't access property "scrollIntoView", arguments[0] is null
Stacktrace:
@https://qasrverp:10020/webapp/:2:7
@https://qasrverp:10020/webapp/:3:8
*********
2025-12-17 07:57:06,782-INFO-root-40776::webapp_internal::user_screen|561:: Filling User
2025-12-17 07:57:06,816-DEBUG-root-40776::base::double_click|259:: Click Type: ClickType.SELENIUM
2025-12-17 07:57:06,998-DEBUG-root-40776::webapp_internal::get_web_value|3232:: Current value: 97137227104
2025-12-17 07:57:07,023-INFO-root-40776::webapp_internal::user_screen|621:: Filling Password
2025-12-17 07:57:07,042-DEBUG-root-40776::base::click|192:: Click Type: ClickType.JS
2025-12-17 07:57:07,107-DEBUG-root-40776::webapp_internal::get_web_value|3232:: Current value: Deire20191817+
2025-12-17 07:57:07,107-DEBUG-root-40776::webapp_internal::wait_blocker|2444:: Waiting blocker to continue...
2025-12-17 07:57:07,135-DEBUG-root-40776::webapp_internal::wait_blocker|2469:: Blocker status: None
2025-12-17 07:57:07,155-DEBUG-root-40776::webapp_internal::wait_blocker|2444:: Waiting blocker to continue...
2025-12-17 07:57:07,181-DEBUG-root-40776::webapp_internal::wait_blocker|2469:: Blocker status: None
2025-12-17 07:57:07,217-DEBUG-root-40776::webapp_internal::wait_blocker|2444:: Waiting blocker to continue...
2025-12-17 07:57:07,242-DEBUG-root-40776::webapp_internal::wait_blocker|2469:: Blocker status: None
2025-12-17 07:57:07,242-DEBUG-root-40776::webapp_internal::send_action|10480:: Trying to send action
2025-12-17 07:57:07,249-DEBUG-root-40776::base::click|192:: Click Type: ClickType.JS
2025-12-17 07:57:08,291-DEBUG-root-40776::webapp_internal::send_action|10522:: send_action method result = True
2025-12-17 07:57:08,292-DEBUG-root-40776::webapp_internal::send_action|10523:: send_action selenium status: False
2025-12-17 07:57:10,782-DEBUG-root-40776::base::scroll_to_element|759:: ********Warining scroll_to_element exception: Message: TypeError: can't access property "scrollIntoView", arguments[0] is null
Stacktrace:
@https://qasrverp:10020/webapp/:2:7
@https://qasrverp:10020/webapp/:3:8
*********
2025-12-17 07:57:10,833-INFO-root-40776::webapp_internal::filling_date|885:: Filling Date: "18/09/2025"
2025-12-17 07:57:10,833-DEBUG-root-40776::webapp_internal::wait_blocker|2444:: Waiting blocker to continue...
2025-12-17 07:57:10,876-DEBUG-root-40776::webapp_internal::wait_blocker|2469:: Blocker status: None
2025-12-17 07:57:10,879-DEBUG-root-40776::base::click|192:: Click Type: ClickType.JS
2025-12-17 07:57:10,900-DEBUG-root-40776::webapp_internal::try_send_keys|7976:: Trying to send keys to element using technique 1
2025-12-17 07:57:10,969-DEBUG-root-40776::webapp_internal::get_web_value|3232:: Current value: 18/09/2025
2025-12-17 07:57:12,067-INFO-root-40776::webapp_internal::filling_group|955:: Filling Group: "02"
2025-12-17 07:57:12,068-DEBUG-root-40776::webapp_internal::wait_blocker|2444:: Waiting blocker to continue...
2025-12-17 07:57:12,098-DEBUG-root-40776::webapp_internal::wait_blocker|2469:: Blocker status: None
2025-12-17 07:57:12,100-DEBUG-root-40776::base::click|192:: Click Type: ClickType.JS
2025-12-17 07:57:12,152-DEBUG-root-40776::webapp_internal::get_web_value|3232:: Current value: 02
2025-12-17 07:57:13,211-INFO-root-40776::webapp_internal::filling_branch|1047:: Filling Branch: "02DF0001"
2025-12-17 07:57:13,212-DEBUG-root-40776::webapp_internal::wait_blocker|2444:: Waiting blocker to continue...
2025-12-17 07:57:13,245-DEBUG-root-40776::webapp_internal::wait_blocker|2469:: Blocker status: None
2025-12-17 07:57:13,248-DEBUG-root-40776::base::click|192:: Click Type: ClickType.JS
2025-12-17 07:57:13,293-DEBUG-root-40776::webapp_internal::get_web_value|3232:: Current value: 02DF0001
2025-12-17 07:57:14,376-INFO-root-40776::webapp_internal::filling_environment|1113:: Filling Environment: "07"
2025-12-17 07:57:14,376-DEBUG-root-40776::webapp_internal::wait_blocker|2444:: Waiting blocker to continue...
2025-12-17 07:57:14,410-DEBUG-root-40776::webapp_internal::wait_blocker|2469:: Blocker status: None
2025-12-17 07:57:14,412-DEBUG-root-40776::base::click|192:: Click Type: ClickType.JS
2025-12-17 07:57:14,469-DEBUG-root-40776::webapp_internal::get_web_value|3232:: Current value: 07
2025-12-17 07:57:15,477-DEBUG-root-40776::webapp_internal::close_warning_screen|1489:: Closing warning screen!
2025-12-17 07:57:16,510-DEBUG-root-40776::webapp_internal::check_screen_element|1291:: Checking screen element: "Atenção": False
2025-12-17 07:57:17,604-INFO-root-40776::webapp_internal::environment_screen|796:: Clicking on Button
2025-12-17 07:57:17,604-DEBUG-root-40776::webapp_internal::wait_blocker|2444:: Waiting blocker to continue...
2025-12-17 07:57:17,635-DEBUG-root-40776::webapp_internal::wait_blocker|2469:: Blocker status: None
2025-12-17 07:57:17,637-DEBUG-root-40776::base::click|192:: Click Type: ClickType.JS
2025-12-17 07:57:18,653-DEBUG-root-40776::base::click|192:: Click Type: ClickType.JS
2025-12-17 07:57:19,661-DEBUG-root-40776::base::click|192:: Click Type: ClickType.JS
2025-12-17 07:57:20,670-DEBUG-root-40776::base::click|192:: Click Type: ClickType.JS
2025-12-17 07:57:21,677-DEBUG-root-40776::base::click|192:: Click Type: ClickType.JS
2025-12-17 07:57:22,686-DEBUG-root-40776::base::click|192:: Click Type: ClickType.JS
2025-12-17 07:57:23,692-DEBUG-root-40776::webapp_internal::close_screen_before_menu|368:: Closing screen before the menu
2025-12-17 07:57:23,735-DEBUG-root-40776::webapp_internal::close_warning_screen|1489:: Closing warning screen!
2025-12-17 07:57:24,777-DEBUG-root-40776::webapp_internal::check_screen_element|1291:: Checking screen element: "Atenção": False
2025-12-17 07:57:24,777-DEBUG-root-40776::webapp_internal::close_coin_screen|1424:: Closing coin screen!
2025-12-17 07:57:25,329-DEBUG-root-40776::base::click|192:: Click Type: ClickType.JS
2025-12-17 07:57:25,384-DEBUG-root-40776::webapp_internal::close_warning_screen|1489:: Closing warning screen!
2025-12-17 07:57:26,440-DEBUG-root-40776::webapp_internal::check_screen_element|1291:: Checking screen element: "Atenção": False
2025-12-17 07:57:26,441-DEBUG-root-40776::webapp_internal::close_coin_screen|1424:: Closing coin screen!
2025-12-17 07:57:26,560-INFO-root-40776::webapp_internal::set_log_info|1623:: Getting log info
2025-12-17 07:57:26,560-INFO-root-40776::webapp_internal::SetLateralMenu|4184:: Navigating lateral menu: Ajuda > Sobre
2025-12-17 07:57:26,569-DEBUG-root-40776::webapp_internal::wait_element|7623:: Waiting for element
2025-12-17 07:57:26,602-DEBUG-root-40776::webapp_internal::wait_element|7653:: Element found! Waiting for element to be displayed.
2025-12-17 07:57:26,757-INFO-root-40776::webapp_internal::SetLateralMenu|4203:: Menu item: "Ajuda"
2025-12-17 07:57:26,757-DEBUG-root-40776::webapp_internal::wait_blocker|2444:: Waiting blocker to continue...
2025-12-17 07:57:26,819-DEBUG-root-40776::webapp_internal::wait_blocker|2469:: Blocker status: False
2025-12-17 07:57:27,176-DEBUG-root-40776::webapp_internal::wait_element_timeout|7726:: Element found! Waiting for element to be displayed.
2025-12-17 07:57:27,486-DEBUG-root-40776::webapp_internal::wait_blocker|2444:: Waiting blocker to continue...
2025-12-17 07:57:27,556-DEBUG-root-40776::webapp_internal::wait_blocker|2469:: Blocker status: False
2025-12-17 07:57:29,850-INFO-root-40776::webapp_internal::SetLateralMenu|4203:: Menu item: "Sobre"
2025-12-17 07:57:29,851-DEBUG-root-40776::webapp_internal::wait_blocker|2444:: Waiting blocker to continue...
2025-12-17 07:57:29,916-DEBUG-root-40776::webapp_internal::wait_blocker|2469:: Blocker status: False
2025-12-17 07:57:30,330-DEBUG-root-40776::webapp_internal::wait_element_timeout|7726:: Element found! Waiting for element to be displayed.
2025-12-17 07:57:30,666-DEBUG-root-40776::webapp_internal::wait_blocker|2444:: Waiting blocker to continue...
2025-12-17 07:57:30,730-DEBUG-root-40776::webapp_internal::wait_blocker|2469:: Blocker status: False
2025-12-17 07:57:33,352-DEBUG-root-40776::webapp_internal::wait_blocker|2444:: Waiting blocker to continue...
2025-12-17 07:57:33,438-DEBUG-root-40776::webapp_internal::wait_blocker|2469:: Blocker status: False
2025-12-17 07:57:33,522-DEBUG-root-40776::webapp_internal::wait_element|7623:: Waiting for element
2025-12-17 07:57:33,570-DEBUG-root-40776::webapp_internal::wait_element|7653:: Element found! Waiting for element to be displayed.
2025-12-17 07:57:33,750-INFO-root-40776::webapp_internal::SetButton|4444:: Clicking on Fechar
2025-12-17 07:57:33,750-DEBUG-root-40776::webapp_internal::wait_blocker|2444:: Waiting blocker to continue...
2025-12-17 07:57:33,819-DEBUG-root-40776::webapp_internal::wait_blocker|2469:: Blocker status: False
2025-12-17 07:57:33,998-DEBUG-root-40776::webapp_internal::wait_element_timeout|7726:: Element found! Waiting for element to be displayed.
2025-12-17 07:57:34,067-DEBUG-root-40776::webapp_internal::SetButton|4481:: ***System Info*** Before Clicking on button:Fechar
2025-12-17 07:57:34,068-DEBUG-root-40776::psutil_info::system_info|5:: CPU USAGE: 7.7%
2025-12-17 07:57:34,068-DEBUG-root-40776::psutil_info::system_info|6:: MEMORY USAGE: 85.5%
2025-12-17 07:57:34,068-DEBUG-root-40776::psutil_info::system_info|7:: MEMORY AVAILABLE: 14.51%
2025-12-17 07:57:34,230-DEBUG-root-40776::webapp_internal::wait_element_timeout|7726:: Element found! Waiting for element to be displayed.
2025-12-17 07:57:34,328-DEBUG-root-40776::webapp_internal::wait_blocker|2444:: Waiting blocker to continue...
2025-12-17 07:57:34,398-DEBUG-root-40776::webapp_internal::wait_blocker|2469:: Blocker status: False
2025-12-17 07:57:34,416-DEBUG-root-40776::webapp_internal::wait_blocker|2444:: Waiting blocker to continue...
2025-12-17 07:57:34,486-DEBUG-root-40776::webapp_internal::wait_blocker|2469:: Blocker status: False
2025-12-17 07:57:34,486-DEBUG-root-40776::webapp_internal::send_action|10480:: Trying to send action
2025-12-17 07:57:34,488-DEBUG-root-40776::base::click|192:: Click Type: ClickType.JS
2025-12-17 07:57:35,520-DEBUG-root-40776::webapp_internal::send_action|10522:: send_action method result = True
2025-12-17 07:57:35,520-DEBUG-root-40776::webapp_internal::send_action|10523:: send_action selenium status: False
2025-12-17 07:57:35,520-DEBUG-root-40776::webapp_internal::SetButton|4683:: ***System Info*** After Clicking on button:
2025-12-17 07:57:35,520-DEBUG-root-40776::psutil_info::system_info|5:: CPU USAGE: 7.1%
2025-12-17 07:57:35,520-DEBUG-root-40776::psutil_info::system_info|6:: MEMORY USAGE: 85.8%
2025-12-17 07:57:35,521-DEBUG-root-40776::psutil_info::system_info|7:: MEMORY AVAILABLE: 14.23%
2025-12-17 07:57:35,521-DEBUG-root-40776::webapp_internal::wait_element|7623:: Waiting for element
2025-12-17 07:57:35,600-INFO-root-40776::webapp_internal::SetLateralMenu|4184:: Navigating lateral menu: Miscelanea > Cálculos (13)> Por Roteiros
2025-12-17 07:57:35,609-DEBUG-root-40776::webapp_internal::wait_element|7623:: Waiting for element
2025-12-17 07:57:35,644-DEBUG-root-40776::webapp_internal::wait_element|7653:: Element found! Waiting for element to be displayed.
2025-12-17 07:57:35,809-INFO-root-40776::webapp_internal::SetLateralMenu|4203:: Menu item: "Miscelanea"
2025-12-17 07:57:35,810-DEBUG-root-40776::webapp_internal::wait_blocker|2444:: Waiting blocker to continue...
2025-12-17 07:57:35,872-DEBUG-root-40776::webapp_internal::wait_blocker|2469:: Blocker status: False
2025-12-17 07:57:36,257-DEBUG-root-40776::webapp_internal::wait_element_timeout|7726:: Element found! Waiting for element to be displayed.
2025-12-17 07:57:36,590-DEBUG-root-40776::webapp_internal::wait_blocker|2444:: Waiting blocker to continue...
2025-12-17 07:57:36,651-DEBUG-root-40776::webapp_internal::wait_blocker|2469:: Blocker status: False
2025-12-17 07:57:38,946-INFO-root-40776::webapp_internal::SetLateralMenu|4203:: Menu item: "Cálculos (13)"
2025-12-17 07:57:38,946-DEBUG-root-40776::webapp_internal::wait_blocker|2444:: Waiting blocker to continue...
2025-12-17 07:57:39,081-DEBUG-root-40776::webapp_internal::wait_blocker|2469:: Blocker status: False
2025-12-17 07:57:40,582-DEBUG-root-40776::webapp_internal::wait_element_timeout|7726:: Element found! Waiting for element to be displayed.
2025-12-17 07:57:41,833-DEBUG-root-40776::webapp_internal::wait_blocker|2444:: Waiting blocker to continue...
2025-12-17 07:57:41,931-DEBUG-root-40776::webapp_internal::wait_blocker|2469:: Blocker status: False
2025-12-17 07:57:44,205-INFO-root-40776::webapp_internal::SetLateralMenu|4203:: Menu item: "Por Roteiros"
2025-12-17 07:57:44,205-DEBUG-root-40776::webapp_internal::wait_blocker|2444:: Waiting blocker to continue...
2025-12-17 07:57:44,285-DEBUG-root-40776::webapp_internal::wait_blocker|2469:: Blocker status: False
2025-12-17 07:57:45,946-DEBUG-root-40776::webapp_internal::wait_element_timeout|7726:: Element found! Waiting for element to be displayed.
2025-12-17 07:57:47,557-DEBUG-root-40776::webapp_internal::wait_blocker|2444:: Waiting blocker to continue...
2025-12-17 07:57:47,668-DEBUG-root-40776::webapp_internal::wait_blocker|2469:: Blocker status: False
2025-12-17 07:57:52,767-DEBUG-root-40776::webapp_internal::wait_blocker|2444:: Waiting blocker to continue...
2025-12-17 07:57:52,939-DEBUG-root-40776::webapp_internal::wait_blocker|2469:: Blocker status: False
2025-12-17 07:57:53,092-INFO-root-40776::webapp_internal::WaitShow|4980:: Waiting show text 'Este ambiente utiliza base de Homologação.'...
2025-12-17 07:57:58,367-DEBUG-root-40776::log::checks_empty_line|221:: Checking empty default log info
2025-12-17 07:57:58,370-DEBUG-root-40776::log::generate_log|503:: Json log_data: {'cLogDtExec': '17/12/2025 07:57:58', 'cLogNomUsr': '97137227104', 'cLogNomEst': 'GESIT03', 'cLogProgra': None, 'cLogDtProg': '', 'cLogHrProg': '', 'nLogCtsOk': 1, 'nLogCtsNok': 0, 'nLogCtsSeg': 66.4, 'cLogVersao': '12', 'cLogReleas': '12.1.2410', 'nLogCtsErr': '', 'cLogBancod': 'ORACLE', 'cLogIdenti': '', 'cLogIdExec': '20251217', 'cLogPais': 'BRA', 'cLogTool': 'TIR', 'cLogSequen': '81e925', 'nLogCtsTot': 1, 'cLogDtExea': '17/12/2025', 'cLogHrExea': '07:57:58', 'cLogArea': 'Desenvolvimento', 'cLogMnExec': 1.1066666666666667}
2025-12-17 07:57:58,370-INFO-root-40776::log::send_log_with_retries|515:: Saving log locally.
2025-12-17 07:57:58,370-INFO-root-40776::log::save_log_locally|548:: [FwSendLog]: Não foi possível enviar o log após todas as tentativas.
2025-12-17 07:57:58,371-INFO-root-40776::log::save_log_locally|555:: [FwSendLog]: Log salvo localmente em C:\TIR_TESTE\1765969078.json.
2025-12-17 07:57:58,371-INFO-root-40776::webapp_internal::WaitShow|4980:: Waiting show text 'Moedas'...
2025-12-17 07:58:03,796-INFO-root-40776::webapp_internal::WaitShow|4980:: Waiting show text 'Processo de Calculo'...
2025-12-17 07:58:03,866-INFO-root-40776::webapp_internal::WaitShow|4996:: Text found! 
2025-12-17 07:58:03,866-INFO-root-40776::webapp_internal::WaitShow|4980:: Waiting show text 'Este programa realiza processos de calculos'...
2025-12-17 07:58:03,920-INFO-root-40776::webapp_internal::WaitShow|4996:: Text found! 
2025-12-17 07:58:03,920-INFO-root-40776::webapp_internal::SetButton|4444:: Clicking on Parametros
2025-12-17 07:58:03,920-DEBUG-root-40776::webapp_internal::wait_blocker|2444:: Waiting blocker to continue...
2025-12-17 07:58:04,013-DEBUG-root-40776::webapp_internal::wait_blocker|2469:: Blocker status: False
2025-12-17 07:58:04,284-DEBUG-root-40776::webapp_internal::wait_element_timeout|7726:: Element found! Waiting for element to be displayed.
2025-12-17 07:58:04,449-DEBUG-root-40776::webapp_internal::SetButton|4481:: ***System Info*** Before Clicking on button:Parametros
2025-12-17 07:58:04,450-DEBUG-root-40776::psutil_info::system_info|5:: CPU USAGE: 12.5%
2025-12-17 07:58:04,450-DEBUG-root-40776::psutil_info::system_info|6:: MEMORY USAGE: 85.8%
2025-12-17 07:58:04,451-DEBUG-root-40776::psutil_info::system_info|7:: MEMORY AVAILABLE: 14.16%
2025-12-17 07:58:04,688-DEBUG-root-40776::webapp_internal::wait_element_timeout|7726:: Element found! Waiting for element to be displayed.
2025-12-17 07:58:04,874-DEBUG-root-40776::webapp_internal::wait_blocker|2444:: Waiting blocker to continue...
2025-12-17 07:58:04,953-DEBUG-root-40776::webapp_internal::wait_blocker|2469:: Blocker status: False
2025-12-17 07:58:04,972-DEBUG-root-40776::webapp_internal::wait_blocker|2444:: Waiting blocker to continue...
2025-12-17 07:58:05,051-DEBUG-root-40776::webapp_internal::wait_blocker|2469:: Blocker status: False
2025-12-17 07:58:05,051-DEBUG-root-40776::webapp_internal::send_action|10480:: Trying to send action
2025-12-17 07:58:05,053-DEBUG-root-40776::base::click|192:: Click Type: ClickType.JS
2025-12-17 07:58:06,090-DEBUG-root-40776::webapp_internal::send_action|10522:: send_action method result = True
2025-12-17 07:58:06,090-DEBUG-root-40776::webapp_internal::send_action|10523:: send_action selenium status: False
2025-12-17 07:58:06,090-DEBUG-root-40776::webapp_internal::SetButton|4683:: ***System Info*** After Clicking on button:
2025-12-17 07:58:06,090-DEBUG-root-40776::psutil_info::system_info|5:: CPU USAGE: 9.4%
2025-12-17 07:58:06,092-DEBUG-root-40776::psutil_info::system_info|6:: MEMORY USAGE: 85.1%
2025-12-17 07:58:06,092-DEBUG-root-40776::psutil_info::system_info|7:: MEMORY AVAILABLE: 14.87%
2025-12-17 07:58:11,093-DEBUG-root-40776::webapp_internal::wait_blocker|2444:: Waiting blocker to continue...
2025-12-17 07:58:11,183-DEBUG-root-40776::webapp_internal::wait_blocker|2469:: Blocker status: False
2025-12-17 07:58:11,183-DEBUG-root-40776::webapp_internal::wait_element|7623:: Waiting for element
2025-12-17 07:58:11,225-DEBUG-root-40776::webapp_internal::wait_element|7653:: Element found! Waiting for element to be displayed.
2025-12-17 07:58:11,383-INFO-root-40776::webapp_internal::input_value|2941:: Looking for element: Processo
2025-12-17 07:58:11,630-INFO-root-40776::webapp_internal::input_value|2951:: Element: Processo Found!
2025-12-17 07:58:11,630-INFO-root-40776::webapp_internal::input_value|2953:: Filling element: Processo
2025-12-17 07:58:11,652-DEBUG-root-40776::webapp_internal::get_web_value|3232:: Current value:      
2025-12-17 07:58:11,677-DEBUG-root-40776::base::double_click|259:: Click Type: ClickType.SELENIUM
2025-12-17 07:58:11,933-DEBUG-root-40776::webapp_internal::wait_blocker|2444:: Waiting blocker to continue...
2025-12-17 07:58:12,035-DEBUG-root-40776::webapp_internal::wait_blocker|2469:: Blocker status: False
2025-12-17 07:58:12,355-DEBUG-root-40776::webapp_internal::get_web_value|3232:: Current value: 00001
2025-12-17 07:58:12,355-INFO-root-40776::webapp_internal::input_value|3059:: Current field value: 00001
2025-12-17 07:58:12,355-DEBUG-root-40776::webapp_internal::wait_blocker|2444:: Waiting blocker to continue...
2025-12-17 07:58:12,463-DEBUG-root-40776::webapp_internal::wait_blocker|2469:: Blocker status: False
2025-12-17 07:58:12,464-DEBUG-root-40776::webapp_internal::wait_element|7623:: Waiting for element
2025-12-17 07:58:12,503-DEBUG-root-40776::webapp_internal::wait_element|7653:: Element found! Waiting for element to be displayed.
2025-12-17 07:58:12,655-INFO-root-40776::webapp_internal::input_value|2941:: Looking for element: Roteiro
2025-12-17 07:58:12,902-INFO-root-40776::webapp_internal::input_value|2951:: Element: Roteiro Found!
2025-12-17 07:58:12,902-INFO-root-40776::webapp_internal::input_value|2953:: Filling element: Roteiro
2025-12-17 07:58:12,921-DEBUG-root-40776::webapp_internal::get_web_value|3232:: Current value:    
2025-12-17 07:58:12,948-DEBUG-root-40776::base::double_click|259:: Click Type: ClickType.SELENIUM
2025-12-17 07:58:13,203-DEBUG-root-40776::webapp_internal::wait_blocker|2444:: Waiting blocker to continue...
2025-12-17 07:58:13,285-DEBUG-root-40776::webapp_internal::wait_blocker|2469:: Blocker status: False
2025-12-17 07:58:13,572-DEBUG-root-40776::webapp_internal::get_web_value|3232:: Current value: VTR
2025-12-17 07:58:13,573-INFO-root-40776::webapp_internal::input_value|3059:: Current field value: VTR
2025-12-17 07:58:14,073-INFO-root-40776::webapp_internal::SetButton|4444:: Clicking on OK
2025-12-17 07:58:14,074-DEBUG-root-40776::webapp_internal::wait_blocker|2444:: Waiting blocker to continue...
2025-12-17 07:58:14,164-DEBUG-root-40776::webapp_internal::wait_blocker|2469:: Blocker status: False
2025-12-17 07:58:14,376-DEBUG-root-40776::webapp_internal::wait_element_timeout|7726:: Element found! Waiting for element to be displayed.
2025-12-17 07:58:14,481-DEBUG-root-40776::webapp_internal::SetButton|4481:: ***System Info*** Before Clicking on button:OK
2025-12-17 07:58:14,481-DEBUG-root-40776::psutil_info::system_info|5:: CPU USAGE: 5.3%
2025-12-17 07:58:14,481-DEBUG-root-40776::psutil_info::system_info|6:: MEMORY USAGE: 84.6%
2025-12-17 07:58:14,482-DEBUG-root-40776::psutil_info::system_info|7:: MEMORY AVAILABLE: 15.38%
2025-12-17 07:58:14,672-DEBUG-root-40776::webapp_internal::wait_element_timeout|7726:: Element found! Waiting for element to be displayed.
2025-12-17 07:58:14,804-DEBUG-root-40776::webapp_internal::wait_blocker|2444:: Waiting blocker to continue...
2025-12-17 07:58:14,888-DEBUG-root-40776::webapp_internal::wait_blocker|2469:: Blocker status: False
2025-12-17 07:58:14,909-DEBUG-root-40776::webapp_internal::wait_blocker|2444:: Waiting blocker to continue...
2025-12-17 07:58:14,992-DEBUG-root-40776::webapp_internal::wait_blocker|2469:: Blocker status: False
2025-12-17 07:58:14,993-DEBUG-root-40776::webapp_internal::send_action|10480:: Trying to send action
2025-12-17 07:58:14,995-DEBUG-root-40776::base::click|192:: Click Type: ClickType.JS
2025-12-17 07:58:16,032-DEBUG-root-40776::webapp_internal::send_action|10522:: send_action method result = True
2025-12-17 07:58:16,032-DEBUG-root-40776::webapp_internal::send_action|10523:: send_action selenium status: False
2025-12-17 07:58:16,032-DEBUG-root-40776::webapp_internal::SetButton|4683:: ***System Info*** After Clicking on button:
2025-12-17 07:58:16,032-DEBUG-root-40776::psutil_info::system_info|5:: CPU USAGE: 5.6%
2025-12-17 07:58:16,032-DEBUG-root-40776::psutil_info::system_info|6:: MEMORY USAGE: 84.8%
2025-12-17 07:58:16,034-DEBUG-root-40776::psutil_info::system_info|7:: MEMORY AVAILABLE: 15.23%
2025-12-17 07:58:21,034-INFO-root-40776::webapp_internal::WaitShow|4980:: Waiting show text 'Parametros'...
2025-12-17 07:58:21,312-INFO-root-40776::webapp_internal::WaitShow|4996:: Text found! 
2025-12-17 07:58:21,312-INFO-root-40776::webapp_internal::SetButton|4444:: Clicking on OK
2025-12-17 07:58:21,312-DEBUG-root-40776::webapp_internal::wait_blocker|2444:: Waiting blocker to continue...
2025-12-17 07:58:21,401-DEBUG-root-40776::webapp_internal::wait_blocker|2469:: Blocker status: False
2025-12-17 07:58:21,610-DEBUG-root-40776::webapp_internal::wait_element_timeout|7726:: Element found! Waiting for element to be displayed.
2025-12-17 07:58:21,713-DEBUG-root-40776::webapp_internal::SetButton|4481:: ***System Info*** Before Clicking on button:OK
2025-12-17 07:58:21,713-DEBUG-root-40776::psutil_info::system_info|5:: CPU USAGE: 4.4%
2025-12-17 07:58:21,714-DEBUG-root-40776::psutil_info::system_info|6:: MEMORY USAGE: 84.2%
2025-12-17 07:58:21,714-DEBUG-root-40776::psutil_info::system_info|7:: MEMORY AVAILABLE: 15.76%
2025-12-17 07:58:21,909-DEBUG-root-40776::webapp_internal::wait_element_timeout|7726:: Element found! Waiting for element to be displayed.
2025-12-17 07:58:22,049-DEBUG-root-40776::webapp_internal::wait_blocker|2444:: Waiting blocker to continue...
2025-12-17 07:58:22,173-DEBUG-root-40776::webapp_internal::wait_blocker|2469:: Blocker status: False
2025-12-17 07:58:22,198-DEBUG-root-40776::webapp_internal::wait_blocker|2444:: Waiting blocker to continue...
2025-12-17 07:58:22,287-DEBUG-root-40776::webapp_internal::wait_blocker|2469:: Blocker status: False
2025-12-17 07:58:22,287-DEBUG-root-40776::webapp_internal::send_action|10480:: Trying to send action
2025-12-17 07:58:22,289-DEBUG-root-40776::base::click|192:: Click Type: ClickType.JS
2025-12-17 07:58:23,351-DEBUG-root-40776::webapp_internal::send_action|10522:: send_action method result = True
2025-12-17 07:58:23,351-DEBUG-root-40776::webapp_internal::send_action|10523:: send_action selenium status: False
2025-12-17 07:58:23,352-DEBUG-root-40776::webapp_internal::SetButton|4683:: ***System Info*** After Clicking on button:
2025-12-17 07:58:23,352-DEBUG-root-40776::psutil_info::system_info|5:: CPU USAGE: 5.5%
2025-12-17 07:58:23,352-DEBUG-root-40776::psutil_info::system_info|6:: MEMORY USAGE: 84.2%
2025-12-17 07:58:23,352-DEBUG-root-40776::psutil_info::system_info|7:: MEMORY AVAILABLE: 15.84%
2025-12-17 07:58:23,366-INFO-root-40776::webapp_internal::SetButton|4444:: Clicking on Calcular
2025-12-17 07:58:23,366-DEBUG-root-40776::webapp_internal::wait_blocker|2444:: Waiting blocker to continue...
2025-12-17 07:58:23,452-DEBUG-root-40776::webapp_internal::wait_blocker|2469:: Blocker status: False
2025-12-17 07:58:23,727-DEBUG-root-40776::webapp_internal::wait_element_timeout|7726:: Element found! Waiting for element to be displayed.
2025-12-17 07:58:23,874-DEBUG-root-40776::webapp_internal::SetButton|4481:: ***System Info*** Before Clicking on button:Calcular
2025-12-17 07:58:23,875-DEBUG-root-40776::psutil_info::system_info|5:: CPU USAGE: 11.8%
2025-12-17 07:58:23,875-DEBUG-root-40776::psutil_info::system_info|6:: MEMORY USAGE: 83.7%
2025-12-17 07:58:23,876-DEBUG-root-40776::psutil_info::system_info|7:: MEMORY AVAILABLE: 16.33%
2025-12-17 07:58:24,108-DEBUG-root-40776::webapp_internal::wait_element_timeout|7726:: Element found! Waiting for element to be displayed.
2025-12-17 07:58:24,291-DEBUG-root-40776::webapp_internal::wait_blocker|2444:: Waiting blocker to continue...
2025-12-17 07:58:24,369-DEBUG-root-40776::webapp_internal::wait_blocker|2469:: Blocker status: False
2025-12-17 07:58:24,389-DEBUG-root-40776::webapp_internal::wait_blocker|2444:: Waiting blocker to continue...
2025-12-17 07:58:24,468-DEBUG-root-40776::webapp_internal::wait_blocker|2469:: Blocker status: False
2025-12-17 07:58:24,468-DEBUG-root-40776::webapp_internal::send_action|10480:: Trying to send action
2025-12-17 07:58:24,470-DEBUG-root-40776::base::click|192:: Click Type: ClickType.JS
2025-12-17 07:58:25,499-DEBUG-root-40776::webapp_internal::send_action|10522:: send_action method result = True
2025-12-17 07:58:25,499-DEBUG-root-40776::webapp_internal::send_action|10523:: send_action selenium status: False
2025-12-17 07:58:25,500-DEBUG-root-40776::webapp_internal::SetButton|4683:: ***System Info*** After Clicking on button:
2025-12-17 07:58:25,500-DEBUG-root-40776::psutil_info::system_info|5:: CPU USAGE: 5.8%
2025-12-17 07:58:25,500-DEBUG-root-40776::psutil_info::system_info|6:: MEMORY USAGE: 83.8%
2025-12-17 07:58:25,500-DEBUG-root-40776::psutil_info::system_info|7:: MEMORY AVAILABLE: 16.24%
2025-12-17 07:58:25,500-INFO-root-40776::webapp_internal::WaitShow|4980:: Waiting show text 'Confirma configuracäo dos parametros?'...
2025-12-17 07:58:25,569-INFO-root-40776::webapp_internal::WaitShow|4996:: Text found! 
2025-12-17 07:58:25,569-INFO-root-40776::webapp_internal::SetButton|4444:: Clicking on Sim
2025-12-17 07:58:25,569-DEBUG-root-40776::webapp_internal::wait_blocker|2444:: Waiting blocker to continue...
2025-12-17 07:58:25,672-DEBUG-root-40776::webapp_internal::wait_blocker|2469:: Blocker status: False
2025-12-17 07:58:25,879-DEBUG-root-40776::webapp_internal::wait_element_timeout|7726:: Element found! Waiting for element to be displayed.
2025-12-17 07:58:25,976-DEBUG-root-40776::webapp_internal::SetButton|4481:: ***System Info*** Before Clicking on button:Sim
2025-12-17 07:58:25,977-DEBUG-root-40776::psutil_info::system_info|5:: CPU USAGE: 11.4%
2025-12-17 07:58:25,977-DEBUG-root-40776::psutil_info::system_info|6:: MEMORY USAGE: 83.9%
2025-12-17 07:58:25,977-DEBUG-root-40776::psutil_info::system_info|7:: MEMORY AVAILABLE: 16.07%
2025-12-17 07:58:26,166-DEBUG-root-40776::webapp_internal::wait_element_timeout|7726:: Element found! Waiting for element to be displayed.
2025-12-17 07:58:26,297-DEBUG-root-40776::webapp_internal::wait_blocker|2444:: Waiting blocker to continue...
2025-12-17 07:58:26,398-DEBUG-root-40776::webapp_internal::wait_blocker|2469:: Blocker status: False
2025-12-17 07:58:26,420-DEBUG-root-40776::webapp_internal::wait_blocker|2444:: Waiting blocker to continue...
2025-12-17 07:58:26,528-DEBUG-root-40776::webapp_internal::wait_blocker|2469:: Blocker status: False
2025-12-17 07:58:26,529-DEBUG-root-40776::webapp_internal::send_action|10480:: Trying to send action
2025-12-17 07:58:26,531-DEBUG-root-40776::base::click|192:: Click Type: ClickType.JS
2025-12-17 07:58:27,568-DEBUG-root-40776::webapp_internal::send_action|10522:: send_action method result = True
2025-12-17 07:58:27,568-DEBUG-root-40776::webapp_internal::send_action|10523:: send_action selenium status: False
2025-12-17 07:58:27,568-DEBUG-root-40776::webapp_internal::SetButton|4683:: ***System Info*** After Clicking on button:
2025-12-17 07:58:27,568-DEBUG-root-40776::psutil_info::system_info|5:: CPU USAGE: 7.0%
2025-12-17 07:58:27,568-DEBUG-root-40776::psutil_info::system_info|6:: MEMORY USAGE: 83.4%
2025-12-17 07:58:27,570-DEBUG-root-40776::psutil_info::system_info|7:: MEMORY AVAILABLE: 16.65%
2025-12-17 07:58:27,582-INFO-root-40776::webapp_internal::WaitShow|4980:: Waiting show text 'Nenhum filtro foi selecionado! Processar toda a tabela?'...
2025-12-17 07:58:27,651-INFO-root-40776::webapp_internal::WaitShow|4996:: Text found! 
2025-12-17 07:58:27,652-INFO-root-40776::webapp_internal::SetButton|4444:: Clicking on Sim
2025-12-17 07:58:27,652-DEBUG-root-40776::webapp_internal::wait_blocker|2444:: Waiting blocker to continue...
2025-12-17 07:58:27,753-DEBUG-root-40776::webapp_internal::wait_blocker|2469:: Blocker status: False
2025-12-17 07:58:27,956-DEBUG-root-40776::webapp_internal::wait_element_timeout|7726:: Element found! Waiting for element to be displayed.
2025-12-17 07:58:28,049-DEBUG-root-40776::webapp_internal::SetButton|4481:: ***System Info*** Before Clicking on button:Sim
2025-12-17 07:58:28,051-DEBUG-root-40776::psutil_info::system_info|5:: CPU USAGE: 9.9%
2025-12-17 07:58:28,051-DEBUG-root-40776::psutil_info::system_info|6:: MEMORY USAGE: 83.5%
2025-12-17 07:58:28,051-DEBUG-root-40776::psutil_info::system_info|7:: MEMORY AVAILABLE: 16.54%
2025-12-17 07:58:28,235-DEBUG-root-40776::webapp_internal::wait_element_timeout|7726:: Element found! Waiting for element to be displayed.
2025-12-17 07:58:28,368-DEBUG-root-40776::webapp_internal::wait_blocker|2444:: Waiting blocker to continue...
2025-12-17 07:58:28,466-DEBUG-root-40776::webapp_internal::wait_blocker|2469:: Blocker status: False
2025-12-17 07:58:28,486-DEBUG-root-40776::webapp_internal::wait_blocker|2444:: Waiting blocker to continue...
2025-12-17 07:58:28,585-DEBUG-root-40776::webapp_internal::wait_blocker|2469:: Blocker status: False
2025-12-17 07:58:28,585-DEBUG-root-40776::webapp_internal::send_action|10480:: Trying to send action
2025-12-17 07:58:28,586-DEBUG-root-40776::base::click|192:: Click Type: ClickType.JS
2025-12-17 07:58:29,618-DEBUG-root-40776::webapp_internal::send_action|10522:: send_action method result = True
2025-12-17 07:58:29,618-DEBUG-root-40776::webapp_internal::send_action|10523:: send_action selenium status: False
2025-12-17 07:58:29,618-DEBUG-root-40776::webapp_internal::SetButton|4683:: ***System Info*** After Clicking on button:
2025-12-17 07:58:29,618-DEBUG-root-40776::psutil_info::system_info|5:: CPU USAGE: 5.6%
2025-12-17 07:58:29,618-DEBUG-root-40776::psutil_info::system_info|6:: MEMORY USAGE: 83.7%
2025-12-17 07:58:29,619-DEBUG-root-40776::psutil_info::system_info|7:: MEMORY AVAILABLE: 16.35%
2025-12-17 07:58:29,632-INFO-root-40776::webapp_internal::WaitShow|4980:: Waiting show text 'Aguarde'...
2025-12-17 08:18:31,094-WARNING-root-40776::webapp_internal::log_error|8143:: Warning log_error Element Aguarde not found
2025-12-17 08:18:31,094-DEBUG-root-40776::webapp_internal::log_error|8146:: ***System Info*** in log_error():
2025-12-17 08:18:31,095-DEBUG-root-40776::psutil_info::system_info|5:: CPU USAGE: 11.0%
2025-12-17 08:18:31,095-DEBUG-root-40776::psutil_info::system_info|6:: MEMORY USAGE: 88.4%
2025-12-17 08:18:31,096-DEBUG-root-40776::psutil_info::system_info|7:: MEMORY AVAILABLE: 11.56%
2025-12-17 08:18:33,098-ERROR-root-40776::webapp_internal::TearDown|9654:: Warning tearDown Close Message: Tried to run command without establishing a connection
Traceback (most recent call last):
  File "C:\TIR_TESTE\venv\Lib\site-packages\tir\technologies\webapp_internal.py", line 9652, in TearDown
    self.driver.close()
  File "C:\TIR_TESTE\venv\Lib\site-packages\selenium\webdriver\remote\webdriver.py", line 458, in close
    self.execute(Command.CLOSE)
  File "C:\TIR_TESTE\venv\Lib\site-packages\selenium\webdriver\remote\webdriver.py", line 347, in execute
    self.error_handler.check_response(response)
  File "C:\TIR_TESTE\venv\Lib\site-packages\selenium\webdriver\remote\errorhandler.py", line 229, in check_response
    raise exception_class(message, screen, stacktrace)
selenium.common.exceptions.InvalidSessionIdException: Message: Tried to run command without establishing a connection

