2025-11-18 09:21:46,300-DEBUG-root-34128::logging_config::logger|189:: Log file created: 'Log\GESIT03\TIR__20251118092146285.log'
2025-11-18 09:21:46,301-INFO-root-34128::base::Start|1183:: TIR Version: 2.4.3
2025-11-18 09:21:46,301-INFO-root-34128::base::Start|1184:: Python Version: 3.12.10
2025-11-18 09:21:46,301-INFO-root-34128::base::Start|1185:: Starting the browser
2025-11-18 09:21:53,540-INFO-root-34128::base::get_url|1294:: Page is ready!
2025-11-18 09:21:53,575-INFO-root-34128::base::Start|1256:: Browser maximized to 1936x1048
2025-11-18 09:21:53,576-INFO-root-34128::base::Start|1258:: Screen size is different from default used in headless mode
2025-11-18 09:21:53,759-INFO-root-34128::webapp_internal::Setup|247:: ***System Info*** in Setup():
2025-11-18 09:21:53,761-DEBUG-root-34128::psutil_info::system_info|5:: CPU USAGE: 21.0%
2025-11-18 09:21:53,762-DEBUG-root-34128::psutil_info::system_info|6:: MEMORY USAGE: 90.2%
2025-11-18 09:21:53,762-DEBUG-root-34128::psutil_info::system_info|7:: MEMORY AVAILABLE: 9.78%
2025-11-18 09:21:53,769-INFO-root-34128::base::webapp_shadowroot|1394:: Webapp: 10.1.6-RC4
2025-11-18 09:21:53,797-INFO-root-34128::webapp_internal::filling_initial_program|449:: Filling Initial Program: "SIGAMDI"
2025-11-18 09:21:53,798-DEBUG-root-34128::webapp_internal::wait_element|7623:: Waiting for element
2025-11-18 09:21:53,934-DEBUG-root-34128::webapp_internal::wait_element|7653:: Element found! Waiting for element to be displayed.
2025-11-18 09:21:54,333-DEBUG-root-34128::base::click|192:: Click Type: ClickType.JS
2025-11-18 09:21:54,338-DEBUG-root-34128::webapp_internal::try_send_keys|7976:: Trying to send keys to element using technique 0
2025-11-18 09:21:54,663-DEBUG-root-34128::webapp_internal::get_web_value|3232:: Current value: SIGAMDI
2025-11-18 09:21:54,663-INFO-root-34128::webapp_internal::filling_server_environment|463:: Filling Server Environment: "POUPEX_TST"
2025-11-18 09:21:54,663-DEBUG-root-34128::webapp_internal::wait_element|7623:: Waiting for element
2025-11-18 09:21:54,685-DEBUG-root-34128::webapp_internal::wait_element|7653:: Element found! Waiting for element to be displayed.
2025-11-18 09:21:54,847-DEBUG-root-34128::base::click|192:: Click Type: ClickType.JS
2025-11-18 09:21:54,853-DEBUG-root-34128::webapp_internal::try_send_keys|7976:: Trying to send keys to element using technique 0
2025-11-18 09:21:55,178-DEBUG-root-34128::webapp_internal::get_web_value|3232:: Current value: POUPEX_TST
2025-11-18 09:21:55,200-DEBUG-root-34128::base::click|192:: Click Type: ClickType.JS
2025-11-18 09:21:55,219-DEBUG-root-34128::webapp_internal::user_screen|519:: Filling user screen
2025-11-18 09:22:01,760-DEBUG-root-34128::webapp_internal::wait_element_timeout|7726:: Element found! Waiting for element to be displayed.
2025-11-18 09:22:01,834-DEBUG-root-34128::base::scroll_to_element|759:: ********Warining scroll_to_element exception: Message: TypeError: can't access property "scrollIntoView", arguments[0] is null
Stacktrace:
@https://qasrverp:10020/webapp/:2:7
@https://qasrverp:10020/webapp/:3:8
*********
2025-11-18 09:22:02,011-INFO-root-34128::webapp_internal::user_screen|561:: Filling User
2025-11-18 09:22:02,036-DEBUG-root-34128::base::double_click|259:: Click Type: ClickType.SELENIUM
2025-11-18 09:22:02,224-DEBUG-root-34128::webapp_internal::get_web_value|3232:: Current value: 97137227104
2025-11-18 09:22:02,251-INFO-root-34128::webapp_internal::user_screen|621:: Filling Password
2025-11-18 09:22:02,276-DEBUG-root-34128::base::click|192:: Click Type: ClickType.JS
2025-11-18 09:22:02,349-DEBUG-root-34128::webapp_internal::get_web_value|3232:: Current value: Val20221080080094+
2025-11-18 09:22:02,349-DEBUG-root-34128::webapp_internal::wait_blocker|2444:: Waiting blocker to continue...
2025-11-18 09:22:02,380-DEBUG-root-34128::webapp_internal::wait_blocker|2469:: Blocker status: None
2025-11-18 09:22:02,401-DEBUG-root-34128::webapp_internal::wait_blocker|2444:: Waiting blocker to continue...
2025-11-18 09:22:02,428-DEBUG-root-34128::webapp_internal::wait_blocker|2469:: Blocker status: None
2025-11-18 09:22:02,467-DEBUG-root-34128::webapp_internal::wait_blocker|2444:: Waiting blocker to continue...
2025-11-18 09:22:02,502-DEBUG-root-34128::webapp_internal::wait_blocker|2469:: Blocker status: None
2025-11-18 09:22:02,503-DEBUG-root-34128::webapp_internal::send_action|10480:: Trying to send action
2025-11-18 09:22:02,514-DEBUG-root-34128::base::click|192:: Click Type: ClickType.JS
2025-11-18 09:22:03,565-DEBUG-root-34128::webapp_internal::send_action|10522:: send_action method result = True
2025-11-18 09:22:03,565-DEBUG-root-34128::webapp_internal::send_action|10523:: send_action selenium status: False
2025-11-18 09:22:06,036-DEBUG-root-34128::base::scroll_to_element|759:: ********Warining scroll_to_element exception: Message: TypeError: can't access property "scrollIntoView", arguments[0] is null
Stacktrace:
@https://qasrverp:10020/webapp/:2:7
@https://qasrverp:10020/webapp/:3:8
*********
2025-11-18 09:22:06,090-INFO-root-34128::webapp_internal::filling_date|885:: Filling Date: "20/08/2025"
2025-11-18 09:22:06,091-DEBUG-root-34128::webapp_internal::wait_blocker|2444:: Waiting blocker to continue...
2025-11-18 09:22:06,135-DEBUG-root-34128::webapp_internal::wait_blocker|2469:: Blocker status: None
2025-11-18 09:22:06,139-DEBUG-root-34128::base::click|192:: Click Type: ClickType.JS
2025-11-18 09:22:06,156-DEBUG-root-34128::webapp_internal::try_send_keys|7976:: Trying to send keys to element using technique 1
2025-11-18 09:22:06,249-DEBUG-root-34128::webapp_internal::get_web_value|3232:: Current value: 20/08/2025
2025-11-18 09:22:07,328-INFO-root-34128::webapp_internal::filling_group|955:: Filling Group: "02"
2025-11-18 09:22:07,328-DEBUG-root-34128::webapp_internal::wait_blocker|2444:: Waiting blocker to continue...
2025-11-18 09:22:07,361-DEBUG-root-34128::webapp_internal::wait_blocker|2469:: Blocker status: None
2025-11-18 09:22:07,364-DEBUG-root-34128::base::click|192:: Click Type: ClickType.JS
2025-11-18 09:22:07,413-DEBUG-root-34128::webapp_internal::get_web_value|3232:: Current value: 02
2025-11-18 09:22:08,494-INFO-root-34128::webapp_internal::filling_branch|1047:: Filling Branch: "02DF0001"
2025-11-18 09:22:08,495-DEBUG-root-34128::webapp_internal::wait_blocker|2444:: Waiting blocker to continue...
2025-11-18 09:22:08,530-DEBUG-root-34128::webapp_internal::wait_blocker|2469:: Blocker status: None
2025-11-18 09:22:08,533-DEBUG-root-34128::base::click|192:: Click Type: ClickType.JS
2025-11-18 09:22:08,576-DEBUG-root-34128::webapp_internal::get_web_value|3232:: Current value: 02DF0001
2025-11-18 09:22:09,665-INFO-root-34128::webapp_internal::filling_environment|1113:: Filling Environment: "07"
2025-11-18 09:22:09,665-DEBUG-root-34128::webapp_internal::wait_blocker|2444:: Waiting blocker to continue...
2025-11-18 09:22:09,701-DEBUG-root-34128::webapp_internal::wait_blocker|2469:: Blocker status: None
2025-11-18 09:22:09,704-DEBUG-root-34128::base::click|192:: Click Type: ClickType.JS
2025-11-18 09:22:09,762-DEBUG-root-34128::webapp_internal::get_web_value|3232:: Current value: 07
2025-11-18 09:22:10,774-DEBUG-root-34128::webapp_internal::close_warning_screen|1489:: Closing warning screen!
2025-11-18 09:22:11,812-DEBUG-root-34128::webapp_internal::check_screen_element|1291:: Checking screen element: "Atenção": False
2025-11-18 09:22:12,934-INFO-root-34128::webapp_internal::environment_screen|796:: Clicking on Button
2025-11-18 09:22:12,935-DEBUG-root-34128::webapp_internal::wait_blocker|2444:: Waiting blocker to continue...
2025-11-18 09:22:12,974-DEBUG-root-34128::webapp_internal::wait_blocker|2469:: Blocker status: None
2025-11-18 09:22:12,979-DEBUG-root-34128::base::click|192:: Click Type: ClickType.JS
2025-11-18 09:22:13,991-DEBUG-root-34128::base::click|192:: Click Type: ClickType.JS
2025-11-18 09:22:15,001-DEBUG-root-34128::base::click|192:: Click Type: ClickType.JS
2025-11-18 09:22:16,011-DEBUG-root-34128::base::click|192:: Click Type: ClickType.JS
2025-11-18 09:22:17,021-DEBUG-root-34128::base::click|192:: Click Type: ClickType.JS
2025-11-18 09:22:18,029-DEBUG-root-34128::base::click|192:: Click Type: ClickType.JS
2025-11-18 09:22:19,038-DEBUG-root-34128::webapp_internal::close_screen_before_menu|368:: Closing screen before the menu
2025-11-18 09:22:19,093-DEBUG-root-34128::webapp_internal::close_warning_screen|1489:: Closing warning screen!
2025-11-18 09:22:20,146-DEBUG-root-34128::webapp_internal::check_screen_element|1291:: Checking screen element: "Atenção": False
2025-11-18 09:22:20,148-DEBUG-root-34128::webapp_internal::close_coin_screen|1424:: Closing coin screen!
2025-11-18 09:22:20,728-DEBUG-root-34128::base::click|192:: Click Type: ClickType.JS
2025-11-18 09:22:20,832-DEBUG-root-34128::webapp_internal::close_warning_screen|1489:: Closing warning screen!
2025-11-18 09:22:22,189-DEBUG-root-34128::webapp_internal::check_screen_element|1291:: Checking screen element: "Atenção": False
2025-11-18 09:22:22,190-DEBUG-root-34128::webapp_internal::close_coin_screen|1424:: Closing coin screen!
2025-11-18 09:22:22,757-INFO-root-34128::webapp_internal::set_log_info|1623:: Getting log info
2025-11-18 09:22:22,757-INFO-root-34128::webapp_internal::SetLateralMenu|4184:: Navigating lateral menu: Ajuda > Sobre
2025-11-18 09:22:22,805-DEBUG-root-34128::webapp_internal::wait_element|7623:: Waiting for element
2025-11-18 09:22:22,872-DEBUG-root-34128::webapp_internal::wait_element|7653:: Element found! Waiting for element to be displayed.
2025-11-18 09:22:23,171-INFO-root-34128::webapp_internal::SetLateralMenu|4203:: Menu item: "Ajuda"
2025-11-18 09:22:23,172-DEBUG-root-34128::webapp_internal::wait_blocker|2444:: Waiting blocker to continue...
2025-11-18 09:22:23,287-DEBUG-root-34128::webapp_internal::wait_blocker|2469:: Blocker status: False
2025-11-18 09:22:23,773-DEBUG-root-34128::webapp_internal::wait_element_timeout|7726:: Element found! Waiting for element to be displayed.
2025-11-18 09:22:24,167-DEBUG-root-34128::webapp_internal::wait_blocker|2444:: Waiting blocker to continue...
2025-11-18 09:22:24,244-DEBUG-root-34128::webapp_internal::wait_blocker|2469:: Blocker status: False
2025-11-18 09:22:26,520-INFO-root-34128::webapp_internal::SetLateralMenu|4203:: Menu item: "Sobre"
2025-11-18 09:22:26,520-DEBUG-root-34128::webapp_internal::wait_blocker|2444:: Waiting blocker to continue...
2025-11-18 09:22:26,593-DEBUG-root-34128::webapp_internal::wait_blocker|2469:: Blocker status: False
2025-11-18 09:22:27,014-DEBUG-root-34128::webapp_internal::wait_element_timeout|7726:: Element found! Waiting for element to be displayed.
2025-11-18 09:22:27,498-DEBUG-root-34128::webapp_internal::wait_blocker|2444:: Waiting blocker to continue...
2025-11-18 09:22:27,567-DEBUG-root-34128::webapp_internal::wait_blocker|2469:: Blocker status: False
2025-11-18 09:22:30,248-DEBUG-root-34128::webapp_internal::wait_blocker|2444:: Waiting blocker to continue...
2025-11-18 09:22:30,323-DEBUG-root-34128::webapp_internal::wait_blocker|2469:: Blocker status: False
2025-11-18 09:22:30,390-DEBUG-root-34128::webapp_internal::wait_element|7623:: Waiting for element
2025-11-18 09:22:30,432-DEBUG-root-34128::webapp_internal::wait_element|7653:: Element found! Waiting for element to be displayed.
2025-11-18 09:22:30,605-INFO-root-34128::webapp_internal::SetButton|4444:: Clicking on Fechar
2025-11-18 09:22:30,605-DEBUG-root-34128::webapp_internal::wait_blocker|2444:: Waiting blocker to continue...
2025-11-18 09:22:30,675-DEBUG-root-34128::webapp_internal::wait_blocker|2469:: Blocker status: False
2025-11-18 09:22:30,853-DEBUG-root-34128::webapp_internal::wait_element_timeout|7726:: Element found! Waiting for element to be displayed.
2025-11-18 09:22:30,922-DEBUG-root-34128::webapp_internal::SetButton|4481:: ***System Info*** Before Clicking on button:Fechar
2025-11-18 09:22:30,922-DEBUG-root-34128::psutil_info::system_info|5:: CPU USAGE: 12.7%
2025-11-18 09:22:30,923-DEBUG-root-34128::psutil_info::system_info|6:: MEMORY USAGE: 90.7%
2025-11-18 09:22:30,923-DEBUG-root-34128::psutil_info::system_info|7:: MEMORY AVAILABLE: 9.26%
2025-11-18 09:22:31,088-DEBUG-root-34128::webapp_internal::wait_element_timeout|7726:: Element found! Waiting for element to be displayed.
2025-11-18 09:22:31,214-DEBUG-root-34128::webapp_internal::wait_blocker|2444:: Waiting blocker to continue...
2025-11-18 09:22:31,282-DEBUG-root-34128::webapp_internal::wait_blocker|2469:: Blocker status: False
2025-11-18 09:22:31,299-DEBUG-root-34128::webapp_internal::wait_blocker|2444:: Waiting blocker to continue...
2025-11-18 09:22:31,370-DEBUG-root-34128::webapp_internal::wait_blocker|2469:: Blocker status: False
2025-11-18 09:22:31,370-DEBUG-root-34128::webapp_internal::send_action|10480:: Trying to send action
2025-11-18 09:22:31,372-DEBUG-root-34128::base::click|192:: Click Type: ClickType.JS
2025-11-18 09:22:32,402-DEBUG-root-34128::webapp_internal::send_action|10522:: send_action method result = True
2025-11-18 09:22:32,402-DEBUG-root-34128::webapp_internal::send_action|10523:: send_action selenium status: False
2025-11-18 09:22:32,402-DEBUG-root-34128::webapp_internal::SetButton|4683:: ***System Info*** After Clicking on button:
2025-11-18 09:22:32,402-DEBUG-root-34128::psutil_info::system_info|5:: CPU USAGE: 5.4%
2025-11-18 09:22:32,403-DEBUG-root-34128::psutil_info::system_info|6:: MEMORY USAGE: 90.7%
2025-11-18 09:22:32,403-DEBUG-root-34128::psutil_info::system_info|7:: MEMORY AVAILABLE: 9.31%
2025-11-18 09:22:32,403-DEBUG-root-34128::webapp_internal::wait_element|7623:: Waiting for element
2025-11-18 09:22:32,508-INFO-root-34128::webapp_internal::SetLateralMenu|4184:: Navigating lateral menu: Atualizações > Lançamentos > Lancamentos Avulso
2025-11-18 09:22:32,523-DEBUG-root-34128::webapp_internal::wait_element|7623:: Waiting for element
2025-11-18 09:22:32,564-DEBUG-root-34128::webapp_internal::wait_element|7653:: Element found! Waiting for element to be displayed.
2025-11-18 09:22:32,721-INFO-root-34128::webapp_internal::SetLateralMenu|4203:: Menu item: "Atualizações"
2025-11-18 09:22:32,721-DEBUG-root-34128::webapp_internal::wait_blocker|2444:: Waiting blocker to continue...
2025-11-18 09:22:32,782-DEBUG-root-34128::webapp_internal::wait_blocker|2469:: Blocker status: False
2025-11-18 09:22:33,185-DEBUG-root-34128::webapp_internal::wait_element_timeout|7726:: Element found! Waiting for element to be displayed.
2025-11-18 09:22:33,564-DEBUG-root-34128::webapp_internal::wait_blocker|2444:: Waiting blocker to continue...
2025-11-18 09:22:33,625-DEBUG-root-34128::webapp_internal::wait_blocker|2469:: Blocker status: False
2025-11-18 09:22:35,913-INFO-root-34128::webapp_internal::SetLateralMenu|4203:: Menu item: "Lançamentos"
2025-11-18 09:22:35,913-DEBUG-root-34128::webapp_internal::wait_blocker|2444:: Waiting blocker to continue...
2025-11-18 09:22:36,007-DEBUG-root-34128::webapp_internal::wait_blocker|2469:: Blocker status: False
2025-11-18 09:22:36,729-DEBUG-root-34128::webapp_internal::wait_element_timeout|7726:: Element found! Waiting for element to be displayed.
2025-11-18 09:22:37,458-DEBUG-root-34128::webapp_internal::wait_blocker|2444:: Waiting blocker to continue...
2025-11-18 09:22:37,559-DEBUG-root-34128::webapp_internal::wait_blocker|2469:: Blocker status: False
2025-11-18 09:22:39,836-INFO-root-34128::webapp_internal::SetLateralMenu|4203:: Menu item: "Lancamentos Avulso"
2025-11-18 09:22:39,836-DEBUG-root-34128::webapp_internal::wait_blocker|2444:: Waiting blocker to continue...
2025-11-18 09:22:39,939-DEBUG-root-34128::webapp_internal::wait_blocker|2469:: Blocker status: False
2025-11-18 09:22:40,854-DEBUG-root-34128::webapp_internal::wait_element_timeout|7726:: Element found! Waiting for element to be displayed.
2025-11-18 09:22:41,840-DEBUG-root-34128::webapp_internal::wait_blocker|2444:: Waiting blocker to continue...
2025-11-18 09:22:41,970-DEBUG-root-34128::webapp_internal::wait_blocker|2469:: Blocker status: False
2025-11-18 09:22:45,807-DEBUG-root-34128::webapp_internal::wait_blocker|2444:: Waiting blocker to continue...
2025-11-18 09:22:45,884-DEBUG-root-34128::webapp_internal::wait_blocker|2469:: Blocker status: False
2025-11-18 09:22:45,965-INFO-root-34128::webapp_internal::WaitShow|4980:: Waiting show text 'Este ambiente utiliza base de Homologação.'...
2025-11-18 09:22:51,488-DEBUG-root-34128::log::checks_empty_line|221:: Checking empty default log info
2025-11-18 09:22:51,491-DEBUG-root-34128::log::generate_log|503:: Json log_data: {'cLogDtExec': '18/11/2025 09:22:51', 'cLogNomUsr': '97137227104', 'cLogNomEst': 'GESIT03', 'cLogProgra': None, 'cLogDtProg': '', 'cLogHrProg': '', 'nLogCtsOk': 1, 'nLogCtsNok': 0, 'nLogCtsSeg': 65.5, 'cLogVersao': '12', 'cLogReleas': '12.1.2410', 'nLogCtsErr': '', 'cLogBancod': 'ORACLE', 'cLogIdenti': '', 'cLogIdExec': '20251118', 'cLogPais': 'BRA', 'cLogTool': 'TIR', 'cLogSequen': '9b1a3e', 'nLogCtsTot': 1, 'cLogDtExea': '18/11/2025', 'cLogHrExea': '09:22:51', 'cLogArea': 'Desenvolvimento', 'cLogMnExec': 1.0916666666666666}
2025-11-18 09:22:51,491-INFO-root-34128::log::send_log_with_retries|515:: Saving log locally.
2025-11-18 09:22:51,491-INFO-root-34128::log::save_log_locally|548:: [FwSendLog]: Não foi possível enviar o log após todas as tentativas.
2025-11-18 09:22:51,492-INFO-root-34128::log::save_log_locally|555:: [FwSendLog]: Log salvo localmente em C:\TIR_TESTE\1763468571.json.
2025-11-18 09:22:51,492-INFO-root-34128::webapp_internal::WaitShow|4980:: Waiting show text 'Moedas'...
2025-11-18 09:22:56,837-DEBUG-root-34128::webapp_internal::wait_blocker|2444:: Waiting blocker to continue...
2025-11-18 09:22:56,940-DEBUG-root-34128::webapp_internal::wait_blocker|2469:: Blocker status: False
2025-11-18 09:22:56,940-INFO-root-34128::webapp_internal::SearchBrowse|2003:: Searching: 02DF0001228383
2025-11-18 09:22:57,098-DEBUG-root-34128::webapp_internal::wait_element_timeout|7726:: Element found! Waiting for element to be displayed.
2025-11-18 09:22:57,183-DEBUG-root-34128::webapp_internal::wait_element|7623:: Waiting for element
2025-11-18 09:22:57,236-DEBUG-root-34128::webapp_internal::wait_element|7653:: Element found! Waiting for element to be displayed.
2025-11-18 09:22:57,539-DEBUG-root-34128::base::click|192:: Click Type: ClickType.JS
2025-11-18 09:22:59,364-DEBUG-root-34128::webapp_internal::wait_blocker|2444:: Waiting blocker to continue...
2025-11-18 09:22:59,470-DEBUG-root-34128::webapp_internal::wait_blocker|2469:: Blocker status: False
2025-11-18 09:22:59,484-DEBUG-root-34128::webapp_internal::wait_blocker|2444:: Waiting blocker to continue...
2025-11-18 09:22:59,593-DEBUG-root-34128::webapp_internal::wait_blocker|2469:: Blocker status: False
2025-11-18 09:22:59,593-INFO-root-34128::webapp_internal::fill_search_browse|2399:: Filling: 02DF0001228383
2025-11-18 09:22:59,607-DEBUG-root-34128::base::click|192:: Click Type: ClickType.JS
2025-11-18 09:23:00,722-DEBUG-root-34128::webapp_internal::wait_blocker|2444:: Waiting blocker to continue...
2025-11-18 09:23:00,833-DEBUG-root-34128::webapp_internal::wait_blocker|2469:: Blocker status: False
2025-11-18 09:23:00,835-DEBUG-root-34128::base::double_click|259:: Click Type: ClickType.SELENIUM
2025-11-18 09:23:00,840-WARNING-root-34128::base::double_click|280:: Warning double_click method Exception: Message: Element <button class="button-image" type="button"> is not clickable at point (1844,131) because another element <wa-button id="COMP4530" class="dict-tbutton focus"> obscures it
Stacktrace:
RemoteError@chrome://remote/content/shared/RemoteError.sys.mjs:8:8
WebDriverError@chrome://remote/content/shared/webdriver/Errors.sys.mjs:202:5
ElementClickInterceptedError@chrome://remote/content/shared/webdriver/Errors.sys.mjs:354:5
webdriverClickElement@chrome://remote/content/marionette/interaction.sys.mjs:175:11
interaction.clickElement@chrome://remote/content/marionette/interaction.sys.mjs:134:11
clickElement@chrome://remote/content/marionette/actors/MarionetteCommandsChild.sys.mjs:327:29
receiveMessage@chrome://remote/content/marionette/actors/MarionetteCommandsChild.sys.mjs:210:31

2025-11-18 09:23:11,151-INFO-root-34128::webapp_internal::WaitShow|4980:: Waiting show text 'Lançamentos Avulsos'...
2025-11-18 09:23:11,223-INFO-root-34128::webapp_internal::WaitShow|4996:: Text found! 
2025-11-18 09:23:11,223-INFO-root-34128::webapp_internal::SetButton|4444:: Clicking on Manutenção
2025-11-18 09:23:11,223-DEBUG-root-34128::webapp_internal::wait_blocker|2444:: Waiting blocker to continue...
2025-11-18 09:23:11,323-DEBUG-root-34128::webapp_internal::wait_blocker|2469:: Blocker status: False
2025-11-18 09:23:11,711-DEBUG-root-34128::webapp_internal::wait_element_timeout|7726:: Element found! Waiting for element to be displayed.
2025-11-18 09:23:11,992-DEBUG-root-34128::webapp_internal::SetButton|4481:: ***System Info*** Before Clicking on button:Manutenção
2025-11-18 09:23:11,992-DEBUG-root-34128::psutil_info::system_info|5:: CPU USAGE: 9.2%
2025-11-18 09:23:11,993-DEBUG-root-34128::psutil_info::system_info|6:: MEMORY USAGE: 91.0%
2025-11-18 09:23:11,993-DEBUG-root-34128::psutil_info::system_info|7:: MEMORY AVAILABLE: 8.95%
2025-11-18 09:23:12,362-DEBUG-root-34128::webapp_internal::wait_element_timeout|7726:: Element found! Waiting for element to be displayed.
2025-11-18 09:23:12,720-DEBUG-root-34128::webapp_internal::wait_blocker|2444:: Waiting blocker to continue...
2025-11-18 09:23:12,890-DEBUG-root-34128::webapp_internal::wait_blocker|2469:: Blocker status: False
2025-11-18 09:23:12,916-DEBUG-root-34128::webapp_internal::wait_blocker|2444:: Waiting blocker to continue...
2025-11-18 09:23:13,053-DEBUG-root-34128::webapp_internal::wait_blocker|2469:: Blocker status: False
2025-11-18 09:23:13,054-DEBUG-root-34128::webapp_internal::send_action|10480:: Trying to send action
2025-11-18 09:23:13,055-DEBUG-root-34128::base::click|192:: Click Type: ClickType.JS
2025-11-18 09:23:14,108-DEBUG-root-34128::webapp_internal::send_action|10522:: send_action method result = True
2025-11-18 09:23:14,108-DEBUG-root-34128::webapp_internal::send_action|10523:: send_action selenium status: False
2025-11-18 09:23:14,110-DEBUG-root-34128::webapp_internal::SetButton|4683:: ***System Info*** After Clicking on button:
2025-11-18 09:23:14,110-DEBUG-root-34128::psutil_info::system_info|5:: CPU USAGE: 15.3%
2025-11-18 09:23:14,110-DEBUG-root-34128::psutil_info::system_info|6:: MEMORY USAGE: 91.1%
2025-11-18 09:23:14,110-DEBUG-root-34128::psutil_info::system_info|7:: MEMORY AVAILABLE: 8.88%
2025-11-18 09:23:19,111-INFO-root-34128::webapp_internal::WaitShow|4980:: Waiting show text 'Funcionários - MANUTENÇÃO'...
2025-11-18 09:23:19,201-INFO-root-34128::webapp_internal::WaitShow|4996:: Text found! 
2025-11-18 09:23:19,202-INFO-root-34128::webapp_internal::WaitShow|4980:: Waiting show text 'Funcionários - MANUTENÇÃO'...
2025-11-18 09:23:19,285-INFO-root-34128::webapp_internal::WaitShow|4996:: Text found! 
2025-11-18 09:23:19,286-DEBUG-root-34128::webapp_internal::wait_blocker|2444:: Waiting blocker to continue...
2025-11-18 09:23:19,393-DEBUG-root-34128::webapp_internal::wait_blocker|2469:: Blocker status: False
2025-11-18 09:23:19,393-INFO-root-34128::webapp_internal::SetKey|5822:: Key pressed: DOWN
2025-11-18 09:23:19,393-INFO-root-34128::webapp_internal::SetButton|4444:: Clicking on Confirmar
2025-11-18 09:23:19,393-DEBUG-root-34128::webapp_internal::wait_blocker|2444:: Waiting blocker to continue...
2025-11-18 09:23:19,519-DEBUG-root-34128::webapp_internal::wait_blocker|2469:: Blocker status: False
2025-11-18 09:23:19,922-DEBUG-root-34128::webapp_internal::wait_element_timeout|7726:: Element found! Waiting for element to be displayed.
2025-11-18 09:23:20,241-DEBUG-root-34128::webapp_internal::SetButton|4481:: ***System Info*** Before Clicking on button:Confirmar
2025-11-18 09:23:20,242-DEBUG-root-34128::psutil_info::system_info|5:: CPU USAGE: 7.4%
2025-11-18 09:23:20,242-DEBUG-root-34128::psutil_info::system_info|6:: MEMORY USAGE: 91.5%
2025-11-18 09:23:20,242-DEBUG-root-34128::psutil_info::system_info|7:: MEMORY AVAILABLE: 8.52%
2025-11-18 09:23:20,634-DEBUG-root-34128::webapp_internal::wait_element_timeout|7726:: Element found! Waiting for element to be displayed.
2025-11-18 09:23:20,993-DEBUG-root-34128::webapp_internal::wait_blocker|2444:: Waiting blocker to continue...
2025-11-18 09:23:21,144-DEBUG-root-34128::webapp_internal::wait_blocker|2469:: Blocker status: False
2025-11-18 09:23:21,184-DEBUG-root-34128::webapp_internal::wait_blocker|2444:: Waiting blocker to continue...
2025-11-18 09:23:21,339-DEBUG-root-34128::webapp_internal::wait_blocker|2469:: Blocker status: False
2025-11-18 09:23:21,339-DEBUG-root-34128::webapp_internal::send_action|10480:: Trying to send action
2025-11-18 09:23:21,341-DEBUG-root-34128::base::click|192:: Click Type: ClickType.JS
2025-11-18 09:23:22,404-DEBUG-root-34128::webapp_internal::send_action|10522:: send_action method result = True
2025-11-18 09:23:22,404-DEBUG-root-34128::webapp_internal::send_action|10523:: send_action selenium status: False
2025-11-18 09:23:22,404-DEBUG-root-34128::webapp_internal::SetButton|4683:: ***System Info*** After Clicking on button:
2025-11-18 09:23:22,405-DEBUG-root-34128::psutil_info::system_info|5:: CPU USAGE: 11.3%
2025-11-18 09:23:22,405-DEBUG-root-34128::psutil_info::system_info|6:: MEMORY USAGE: 90.9%
2025-11-18 09:23:22,405-DEBUG-root-34128::psutil_info::system_info|7:: MEMORY AVAILABLE: 9.14%
2025-11-18 09:23:22,411-WARNING-root-34128::webapp_internal::log_error|8143:: Warning log_error Grid fields were queued for input/check but weren't added/checked. Verify the necessity of a LoadGrid() call.
2025-11-18 09:23:22,412-DEBUG-root-34128::webapp_internal::log_error|8146:: ***System Info*** in log_error():
2025-11-18 09:23:22,413-DEBUG-root-34128::psutil_info::system_info|5:: CPU USAGE: 6.7%
2025-11-18 09:23:22,413-DEBUG-root-34128::psutil_info::system_info|6:: MEMORY USAGE: 90.9%
2025-11-18 09:23:22,414-DEBUG-root-34128::psutil_info::system_info|7:: MEMORY AVAILABLE: 9.14%
2025-11-18 09:23:23,956-ERROR-root-34128::webapp_internal::TearDown|9654:: Warning tearDown Close Message: Tried to run command without establishing a connection
Traceback (most recent call last):
  File "C:\TIR_TESTE\venv\Lib\site-packages\tir\technologies\webapp_internal.py", line 9652, in TearDown
    self.driver.close()
  File "C:\TIR_TESTE\venv\Lib\site-packages\selenium\webdriver\remote\webdriver.py", line 458, in close
    self.execute(Command.CLOSE)
  File "C:\TIR_TESTE\venv\Lib\site-packages\selenium\webdriver\remote\webdriver.py", line 347, in execute
    self.error_handler.check_response(response)
  File "C:\TIR_TESTE\venv\Lib\site-packages\selenium\webdriver\remote\errorhandler.py", line 229, in check_response
    raise exception_class(message, screen, stacktrace)
selenium.common.exceptions.InvalidSessionIdException: Message: Tried to run command without establishing a connection

2025-11-18 09:21:46,300-DEBUG-root-34128::logging_config::logger|189:: Log file created: 'Log\GESIT03\TIR__20251118092146285.log'
2025-11-18 09:21:46,301-INFO-root-34128::base::Start|1183:: TIR Version: 2.4.3
2025-11-18 09:21:46,301-INFO-root-34128::base::Start|1184:: Python Version: 3.12.10
2025-11-18 09:21:46,301-INFO-root-34128::base::Start|1185:: Starting the browser
2025-11-18 09:21:53,540-INFO-root-34128::base::get_url|1294:: Page is ready!
2025-11-18 09:21:53,575-INFO-root-34128::base::Start|1256:: Browser maximized to 1936x1048
2025-11-18 09:21:53,576-INFO-root-34128::base::Start|1258:: Screen size is different from default used in headless mode
2025-11-18 09:21:53,759-INFO-root-34128::webapp_internal::Setup|247:: ***System Info*** in Setup():
2025-11-18 09:21:53,761-DEBUG-root-34128::psutil_info::system_info|5:: CPU USAGE: 21.0%
2025-11-18 09:21:53,762-DEBUG-root-34128::psutil_info::system_info|6:: MEMORY USAGE: 90.2%
2025-11-18 09:21:53,762-DEBUG-root-34128::psutil_info::system_info|7:: MEMORY AVAILABLE: 9.78%
2025-11-18 09:21:53,769-INFO-root-34128::base::webapp_shadowroot|1394:: Webapp: 10.1.6-RC4
2025-11-18 09:21:53,797-INFO-root-34128::webapp_internal::filling_initial_program|449:: Filling Initial Program: "SIGAMDI"
2025-11-18 09:21:53,798-DEBUG-root-34128::webapp_internal::wait_element|7623:: Waiting for element
2025-11-18 09:21:53,934-DEBUG-root-34128::webapp_internal::wait_element|7653:: Element found! Waiting for element to be displayed.
2025-11-18 09:21:54,333-DEBUG-root-34128::base::click|192:: Click Type: ClickType.JS
2025-11-18 09:21:54,338-DEBUG-root-34128::webapp_internal::try_send_keys|7976:: Trying to send keys to element using technique 0
2025-11-18 09:21:54,663-DEBUG-root-34128::webapp_internal::get_web_value|3232:: Current value: SIGAMDI
2025-11-18 09:21:54,663-INFO-root-34128::webapp_internal::filling_server_environment|463:: Filling Server Environment: "POUPEX_TST"
2025-11-18 09:21:54,663-DEBUG-root-34128::webapp_internal::wait_element|7623:: Waiting for element
2025-11-18 09:21:54,685-DEBUG-root-34128::webapp_internal::wait_element|7653:: Element found! Waiting for element to be displayed.
2025-11-18 09:21:54,847-DEBUG-root-34128::base::click|192:: Click Type: ClickType.JS
2025-11-18 09:21:54,853-DEBUG-root-34128::webapp_internal::try_send_keys|7976:: Trying to send keys to element using technique 0
2025-11-18 09:21:55,178-DEBUG-root-34128::webapp_internal::get_web_value|3232:: Current value: POUPEX_TST
2025-11-18 09:21:55,200-DEBUG-root-34128::base::click|192:: Click Type: ClickType.JS
2025-11-18 09:21:55,219-DEBUG-root-34128::webapp_internal::user_screen|519:: Filling user screen
2025-11-18 09:22:01,760-DEBUG-root-34128::webapp_internal::wait_element_timeout|7726:: Element found! Waiting for element to be displayed.
2025-11-18 09:22:01,834-DEBUG-root-34128::base::scroll_to_element|759:: ********Warining scroll_to_element exception: Message: TypeError: can't access property "scrollIntoView", arguments[0] is null
Stacktrace:
@https://qasrverp:10020/webapp/:2:7
@https://qasrverp:10020/webapp/:3:8
*********
2025-11-18 09:22:02,011-INFO-root-34128::webapp_internal::user_screen|561:: Filling User
2025-11-18 09:22:02,036-DEBUG-root-34128::base::double_click|259:: Click Type: ClickType.SELENIUM
2025-11-18 09:22:02,224-DEBUG-root-34128::webapp_internal::get_web_value|3232:: Current value: 97137227104
2025-11-18 09:22:02,251-INFO-root-34128::webapp_internal::user_screen|621:: Filling Password
2025-11-18 09:22:02,276-DEBUG-root-34128::base::click|192:: Click Type: ClickType.JS
2025-11-18 09:22:02,349-DEBUG-root-34128::webapp_internal::get_web_value|3232:: Current value: Val20221080080094+
2025-11-18 09:22:02,349-DEBUG-root-34128::webapp_internal::wait_blocker|2444:: Waiting blocker to continue...
2025-11-18 09:22:02,380-DEBUG-root-34128::webapp_internal::wait_blocker|2469:: Blocker status: None
2025-11-18 09:22:02,401-DEBUG-root-34128::webapp_internal::wait_blocker|2444:: Waiting blocker to continue...
2025-11-18 09:22:02,428-DEBUG-root-34128::webapp_internal::wait_blocker|2469:: Blocker status: None
2025-11-18 09:22:02,467-DEBUG-root-34128::webapp_internal::wait_blocker|2444:: Waiting blocker to continue...
2025-11-18 09:22:02,502-DEBUG-root-34128::webapp_internal::wait_blocker|2469:: Blocker status: None
2025-11-18 09:22:02,503-DEBUG-root-34128::webapp_internal::send_action|10480:: Trying to send action
2025-11-18 09:22:02,514-DEBUG-root-34128::base::click|192:: Click Type: ClickType.JS
2025-11-18 09:22:03,565-DEBUG-root-34128::webapp_internal::send_action|10522:: send_action method result = True
2025-11-18 09:22:03,565-DEBUG-root-34128::webapp_internal::send_action|10523:: send_action selenium status: False
2025-11-18 09:22:06,036-DEBUG-root-34128::base::scroll_to_element|759:: ********Warining scroll_to_element exception: Message: TypeError: can't access property "scrollIntoView", arguments[0] is null
Stacktrace:
@https://qasrverp:10020/webapp/:2:7
@https://qasrverp:10020/webapp/:3:8
*********
2025-11-18 09:22:06,090-INFO-root-34128::webapp_internal::filling_date|885:: Filling Date: "20/08/2025"
2025-11-18 09:22:06,091-DEBUG-root-34128::webapp_internal::wait_blocker|2444:: Waiting blocker to continue...
2025-11-18 09:22:06,135-DEBUG-root-34128::webapp_internal::wait_blocker|2469:: Blocker status: None
2025-11-18 09:22:06,139-DEBUG-root-34128::base::click|192:: Click Type: ClickType.JS
2025-11-18 09:22:06,156-DEBUG-root-34128::webapp_internal::try_send_keys|7976:: Trying to send keys to element using technique 1
2025-11-18 09:22:06,249-DEBUG-root-34128::webapp_internal::get_web_value|3232:: Current value: 20/08/2025
2025-11-18 09:22:07,328-INFO-root-34128::webapp_internal::filling_group|955:: Filling Group: "02"
2025-11-18 09:22:07,328-DEBUG-root-34128::webapp_internal::wait_blocker|2444:: Waiting blocker to continue...
2025-11-18 09:22:07,361-DEBUG-root-34128::webapp_internal::wait_blocker|2469:: Blocker status: None
2025-11-18 09:22:07,364-DEBUG-root-34128::base::click|192:: Click Type: ClickType.JS
2025-11-18 09:22:07,413-DEBUG-root-34128::webapp_internal::get_web_value|3232:: Current value: 02
2025-11-18 09:22:08,494-INFO-root-34128::webapp_internal::filling_branch|1047:: Filling Branch: "02DF0001"
2025-11-18 09:22:08,495-DEBUG-root-34128::webapp_internal::wait_blocker|2444:: Waiting blocker to continue...
2025-11-18 09:22:08,530-DEBUG-root-34128::webapp_internal::wait_blocker|2469:: Blocker status: None
2025-11-18 09:22:08,533-DEBUG-root-34128::base::click|192:: Click Type: ClickType.JS
2025-11-18 09:22:08,576-DEBUG-root-34128::webapp_internal::get_web_value|3232:: Current value: 02DF0001
2025-11-18 09:22:09,665-INFO-root-34128::webapp_internal::filling_environment|1113:: Filling Environment: "07"
2025-11-18 09:22:09,665-DEBUG-root-34128::webapp_internal::wait_blocker|2444:: Waiting blocker to continue...
2025-11-18 09:22:09,701-DEBUG-root-34128::webapp_internal::wait_blocker|2469:: Blocker status: None
2025-11-18 09:22:09,704-DEBUG-root-34128::base::click|192:: Click Type: ClickType.JS
2025-11-18 09:22:09,762-DEBUG-root-34128::webapp_internal::get_web_value|3232:: Current value: 07
2025-11-18 09:22:10,774-DEBUG-root-34128::webapp_internal::close_warning_screen|1489:: Closing warning screen!
2025-11-18 09:22:11,812-DEBUG-root-34128::webapp_internal::check_screen_element|1291:: Checking screen element: "Atenção": False
2025-11-18 09:22:12,934-INFO-root-34128::webapp_internal::environment_screen|796:: Clicking on Button
2025-11-18 09:22:12,935-DEBUG-root-34128::webapp_internal::wait_blocker|2444:: Waiting blocker to continue...
2025-11-18 09:22:12,974-DEBUG-root-34128::webapp_internal::wait_blocker|2469:: Blocker status: None
2025-11-18 09:22:12,979-DEBUG-root-34128::base::click|192:: Click Type: ClickType.JS
2025-11-18 09:22:13,991-DEBUG-root-34128::base::click|192:: Click Type: ClickType.JS
2025-11-18 09:22:15,001-DEBUG-root-34128::base::click|192:: Click Type: ClickType.JS
2025-11-18 09:22:16,011-DEBUG-root-34128::base::click|192:: Click Type: ClickType.JS
2025-11-18 09:22:17,021-DEBUG-root-34128::base::click|192:: Click Type: ClickType.JS
2025-11-18 09:22:18,029-DEBUG-root-34128::base::click|192:: Click Type: ClickType.JS
2025-11-18 09:22:19,038-DEBUG-root-34128::webapp_internal::close_screen_before_menu|368:: Closing screen before the menu
2025-11-18 09:22:19,093-DEBUG-root-34128::webapp_internal::close_warning_screen|1489:: Closing warning screen!
2025-11-18 09:22:20,146-DEBUG-root-34128::webapp_internal::check_screen_element|1291:: Checking screen element: "Atenção": False
2025-11-18 09:22:20,148-DEBUG-root-34128::webapp_internal::close_coin_screen|1424:: Closing coin screen!
2025-11-18 09:22:20,728-DEBUG-root-34128::base::click|192:: Click Type: ClickType.JS
2025-11-18 09:22:20,832-DEBUG-root-34128::webapp_internal::close_warning_screen|1489:: Closing warning screen!
2025-11-18 09:22:22,189-DEBUG-root-34128::webapp_internal::check_screen_element|1291:: Checking screen element: "Atenção": False
2025-11-18 09:22:22,190-DEBUG-root-34128::webapp_internal::close_coin_screen|1424:: Closing coin screen!
2025-11-18 09:22:22,757-INFO-root-34128::webapp_internal::set_log_info|1623:: Getting log info
2025-11-18 09:22:22,757-INFO-root-34128::webapp_internal::SetLateralMenu|4184:: Navigating lateral menu: Ajuda > Sobre
2025-11-18 09:22:22,805-DEBUG-root-34128::webapp_internal::wait_element|7623:: Waiting for element
2025-11-18 09:22:22,872-DEBUG-root-34128::webapp_internal::wait_element|7653:: Element found! Waiting for element to be displayed.
2025-11-18 09:22:23,171-INFO-root-34128::webapp_internal::SetLateralMenu|4203:: Menu item: "Ajuda"
2025-11-18 09:22:23,172-DEBUG-root-34128::webapp_internal::wait_blocker|2444:: Waiting blocker to continue...
2025-11-18 09:22:23,287-DEBUG-root-34128::webapp_internal::wait_blocker|2469:: Blocker status: False
2025-11-18 09:22:23,773-DEBUG-root-34128::webapp_internal::wait_element_timeout|7726:: Element found! Waiting for element to be displayed.
2025-11-18 09:22:24,167-DEBUG-root-34128::webapp_internal::wait_blocker|2444:: Waiting blocker to continue...
2025-11-18 09:22:24,244-DEBUG-root-34128::webapp_internal::wait_blocker|2469:: Blocker status: False
2025-11-18 09:22:26,520-INFO-root-34128::webapp_internal::SetLateralMenu|4203:: Menu item: "Sobre"
2025-11-18 09:22:26,520-DEBUG-root-34128::webapp_internal::wait_blocker|2444:: Waiting blocker to continue...
2025-11-18 09:22:26,593-DEBUG-root-34128::webapp_internal::wait_blocker|2469:: Blocker status: False
2025-11-18 09:22:27,014-DEBUG-root-34128::webapp_internal::wait_element_timeout|7726:: Element found! Waiting for element to be displayed.
2025-11-18 09:22:27,498-DEBUG-root-34128::webapp_internal::wait_blocker|2444:: Waiting blocker to continue...
2025-11-18 09:22:27,567-DEBUG-root-34128::webapp_internal::wait_blocker|2469:: Blocker status: False
2025-11-18 09:22:30,248-DEBUG-root-34128::webapp_internal::wait_blocker|2444:: Waiting blocker to continue...
2025-11-18 09:22:30,323-DEBUG-root-34128::webapp_internal::wait_blocker|2469:: Blocker status: False
2025-11-18 09:22:30,390-DEBUG-root-34128::webapp_internal::wait_element|7623:: Waiting for element
2025-11-18 09:22:30,432-DEBUG-root-34128::webapp_internal::wait_element|7653:: Element found! Waiting for element to be displayed.
2025-11-18 09:22:30,605-INFO-root-34128::webapp_internal::SetButton|4444:: Clicking on Fechar
2025-11-18 09:22:30,605-DEBUG-root-34128::webapp_internal::wait_blocker|2444:: Waiting blocker to continue...
2025-11-18 09:22:30,675-DEBUG-root-34128::webapp_internal::wait_blocker|2469:: Blocker status: False
2025-11-18 09:22:30,853-DEBUG-root-34128::webapp_internal::wait_element_timeout|7726:: Element found! Waiting for element to be displayed.
2025-11-18 09:22:30,922-DEBUG-root-34128::webapp_internal::SetButton|4481:: ***System Info*** Before Clicking on button:Fechar
2025-11-18 09:22:30,922-DEBUG-root-34128::psutil_info::system_info|5:: CPU USAGE: 12.7%
2025-11-18 09:22:30,923-DEBUG-root-34128::psutil_info::system_info|6:: MEMORY USAGE: 90.7%
2025-11-18 09:22:30,923-DEBUG-root-34128::psutil_info::system_info|7:: MEMORY AVAILABLE: 9.26%
2025-11-18 09:22:31,088-DEBUG-root-34128::webapp_internal::wait_element_timeout|7726:: Element found! Waiting for element to be displayed.
2025-11-18 09:22:31,214-DEBUG-root-34128::webapp_internal::wait_blocker|2444:: Waiting blocker to continue...
2025-11-18 09:22:31,282-DEBUG-root-34128::webapp_internal::wait_blocker|2469:: Blocker status: False
2025-11-18 09:22:31,299-DEBUG-root-34128::webapp_internal::wait_blocker|2444:: Waiting blocker to continue...
2025-11-18 09:22:31,370-DEBUG-root-34128::webapp_internal::wait_blocker|2469:: Blocker status: False
2025-11-18 09:22:31,370-DEBUG-root-34128::webapp_internal::send_action|10480:: Trying to send action
2025-11-18 09:22:31,372-DEBUG-root-34128::base::click|192:: Click Type: ClickType.JS
2025-11-18 09:22:32,402-DEBUG-root-34128::webapp_internal::send_action|10522:: send_action method result = True
2025-11-18 09:22:32,402-DEBUG-root-34128::webapp_internal::send_action|10523:: send_action selenium status: False
2025-11-18 09:22:32,402-DEBUG-root-34128::webapp_internal::SetButton|4683:: ***System Info*** After Clicking on button:
2025-11-18 09:22:32,402-DEBUG-root-34128::psutil_info::system_info|5:: CPU USAGE: 5.4%
2025-11-18 09:22:32,403-DEBUG-root-34128::psutil_info::system_info|6:: MEMORY USAGE: 90.7%
2025-11-18 09:22:32,403-DEBUG-root-34128::psutil_info::system_info|7:: MEMORY AVAILABLE: 9.31%
2025-11-18 09:22:32,403-DEBUG-root-34128::webapp_internal::wait_element|7623:: Waiting for element
2025-11-18 09:22:32,508-INFO-root-34128::webapp_internal::SetLateralMenu|4184:: Navigating lateral menu: Atualizações > Lançamentos > Lancamentos Avulso
2025-11-18 09:22:32,523-DEBUG-root-34128::webapp_internal::wait_element|7623:: Waiting for element
2025-11-18 09:22:32,564-DEBUG-root-34128::webapp_internal::wait_element|7653:: Element found! Waiting for element to be displayed.
2025-11-18 09:22:32,721-INFO-root-34128::webapp_internal::SetLateralMenu|4203:: Menu item: "Atualizações"
2025-11-18 09:22:32,721-DEBUG-root-34128::webapp_internal::wait_blocker|2444:: Waiting blocker to continue...
2025-11-18 09:22:32,782-DEBUG-root-34128::webapp_internal::wait_blocker|2469:: Blocker status: False
2025-11-18 09:22:33,185-DEBUG-root-34128::webapp_internal::wait_element_timeout|7726:: Element found! Waiting for element to be displayed.
2025-11-18 09:22:33,564-DEBUG-root-34128::webapp_internal::wait_blocker|2444:: Waiting blocker to continue...
2025-11-18 09:22:33,625-DEBUG-root-34128::webapp_internal::wait_blocker|2469:: Blocker status: False
2025-11-18 09:22:35,913-INFO-root-34128::webapp_internal::SetLateralMenu|4203:: Menu item: "Lançamentos"
2025-11-18 09:22:35,913-DEBUG-root-34128::webapp_internal::wait_blocker|2444:: Waiting blocker to continue...
2025-11-18 09:22:36,007-DEBUG-root-34128::webapp_internal::wait_blocker|2469:: Blocker status: False
2025-11-18 09:22:36,729-DEBUG-root-34128::webapp_internal::wait_element_timeout|7726:: Element found! Waiting for element to be displayed.
2025-11-18 09:22:37,458-DEBUG-root-34128::webapp_internal::wait_blocker|2444:: Waiting blocker to continue...
2025-11-18 09:22:37,559-DEBUG-root-34128::webapp_internal::wait_blocker|2469:: Blocker status: False
2025-11-18 09:22:39,836-INFO-root-34128::webapp_internal::SetLateralMenu|4203:: Menu item: "Lancamentos Avulso"
2025-11-18 09:22:39,836-DEBUG-root-34128::webapp_internal::wait_blocker|2444:: Waiting blocker to continue...
2025-11-18 09:22:39,939-DEBUG-root-34128::webapp_internal::wait_blocker|2469:: Blocker status: False
2025-11-18 09:22:40,854-DEBUG-root-34128::webapp_internal::wait_element_timeout|7726:: Element found! Waiting for element to be displayed.
2025-11-18 09:22:41,840-DEBUG-root-34128::webapp_internal::wait_blocker|2444:: Waiting blocker to continue...
2025-11-18 09:22:41,970-DEBUG-root-34128::webapp_internal::wait_blocker|2469:: Blocker status: False
2025-11-18 09:22:45,807-DEBUG-root-34128::webapp_internal::wait_blocker|2444:: Waiting blocker to continue...
2025-11-18 09:22:45,884-DEBUG-root-34128::webapp_internal::wait_blocker|2469:: Blocker status: False
2025-11-18 09:22:45,965-INFO-root-34128::webapp_internal::WaitShow|4980:: Waiting show text 'Este ambiente utiliza base de Homologação.'...
2025-11-18 09:22:51,488-DEBUG-root-34128::log::checks_empty_line|221:: Checking empty default log info
2025-11-18 09:22:51,491-DEBUG-root-34128::log::generate_log|503:: Json log_data: {'cLogDtExec': '18/11/2025 09:22:51', 'cLogNomUsr': '97137227104', 'cLogNomEst': 'GESIT03', 'cLogProgra': None, 'cLogDtProg': '', 'cLogHrProg': '', 'nLogCtsOk': 1, 'nLogCtsNok': 0, 'nLogCtsSeg': 65.5, 'cLogVersao': '12', 'cLogReleas': '12.1.2410', 'nLogCtsErr': '', 'cLogBancod': 'ORACLE', 'cLogIdenti': '', 'cLogIdExec': '20251118', 'cLogPais': 'BRA', 'cLogTool': 'TIR', 'cLogSequen': '9b1a3e', 'nLogCtsTot': 1, 'cLogDtExea': '18/11/2025', 'cLogHrExea': '09:22:51', 'cLogArea': 'Desenvolvimento', 'cLogMnExec': 1.0916666666666666}
2025-11-18 09:22:51,491-INFO-root-34128::log::send_log_with_retries|515:: Saving log locally.
2025-11-18 09:22:51,491-INFO-root-34128::log::save_log_locally|548:: [FwSendLog]: Não foi possível enviar o log após todas as tentativas.
2025-11-18 09:22:51,492-INFO-root-34128::log::save_log_locally|555:: [FwSendLog]: Log salvo localmente em C:\TIR_TESTE\1763468571.json.
2025-11-18 09:22:51,492-INFO-root-34128::webapp_internal::WaitShow|4980:: Waiting show text 'Moedas'...
2025-11-18 09:22:56,837-DEBUG-root-34128::webapp_internal::wait_blocker|2444:: Waiting blocker to continue...
2025-11-18 09:22:56,940-DEBUG-root-34128::webapp_internal::wait_blocker|2469:: Blocker status: False
2025-11-18 09:22:56,940-INFO-root-34128::webapp_internal::SearchBrowse|2003:: Searching: 02DF0001228383
2025-11-18 09:22:57,098-DEBUG-root-34128::webapp_internal::wait_element_timeout|7726:: Element found! Waiting for element to be displayed.
2025-11-18 09:22:57,183-DEBUG-root-34128::webapp_internal::wait_element|7623:: Waiting for element
2025-11-18 09:22:57,236-DEBUG-root-34128::webapp_internal::wait_element|7653:: Element found! Waiting for element to be displayed.
2025-11-18 09:22:57,539-DEBUG-root-34128::base::click|192:: Click Type: ClickType.JS
2025-11-18 09:22:59,364-DEBUG-root-34128::webapp_internal::wait_blocker|2444:: Waiting blocker to continue...
2025-11-18 09:22:59,470-DEBUG-root-34128::webapp_internal::wait_blocker|2469:: Blocker status: False
2025-11-18 09:22:59,484-DEBUG-root-34128::webapp_internal::wait_blocker|2444:: Waiting blocker to continue...
2025-11-18 09:22:59,593-DEBUG-root-34128::webapp_internal::wait_blocker|2469:: Blocker status: False
2025-11-18 09:22:59,593-INFO-root-34128::webapp_internal::fill_search_browse|2399:: Filling: 02DF0001228383
2025-11-18 09:22:59,607-DEBUG-root-34128::base::click|192:: Click Type: ClickType.JS
2025-11-18 09:23:00,722-DEBUG-root-34128::webapp_internal::wait_blocker|2444:: Waiting blocker to continue...
2025-11-18 09:23:00,833-DEBUG-root-34128::webapp_internal::wait_blocker|2469:: Blocker status: False
2025-11-18 09:23:00,835-DEBUG-root-34128::base::double_click|259:: Click Type: ClickType.SELENIUM
2025-11-18 09:23:00,840-WARNING-root-34128::base::double_click|280:: Warning double_click method Exception: Message: Element <button class="button-image" type="button"> is not clickable at point (1844,131) because another element <wa-button id="COMP4530" class="dict-tbutton focus"> obscures it
Stacktrace:
RemoteError@chrome://remote/content/shared/RemoteError.sys.mjs:8:8
WebDriverError@chrome://remote/content/shared/webdriver/Errors.sys.mjs:202:5
ElementClickInterceptedError@chrome://remote/content/shared/webdriver/Errors.sys.mjs:354:5
webdriverClickElement@chrome://remote/content/marionette/interaction.sys.mjs:175:11
interaction.clickElement@chrome://remote/content/marionette/interaction.sys.mjs:134:11
clickElement@chrome://remote/content/marionette/actors/MarionetteCommandsChild.sys.mjs:327:29
receiveMessage@chrome://remote/content/marionette/actors/MarionetteCommandsChild.sys.mjs:210:31

2025-11-18 09:23:11,151-INFO-root-34128::webapp_internal::WaitShow|4980:: Waiting show text 'Lançamentos Avulsos'...
2025-11-18 09:23:11,223-INFO-root-34128::webapp_internal::WaitShow|4996:: Text found! 
2025-11-18 09:23:11,223-INFO-root-34128::webapp_internal::SetButton|4444:: Clicking on Manutenção
2025-11-18 09:23:11,223-DEBUG-root-34128::webapp_internal::wait_blocker|2444:: Waiting blocker to continue...
2025-11-18 09:23:11,323-DEBUG-root-34128::webapp_internal::wait_blocker|2469:: Blocker status: False
2025-11-18 09:23:11,711-DEBUG-root-34128::webapp_internal::wait_element_timeout|7726:: Element found! Waiting for element to be displayed.
2025-11-18 09:23:11,992-DEBUG-root-34128::webapp_internal::SetButton|4481:: ***System Info*** Before Clicking on button:Manutenção
2025-11-18 09:23:11,992-DEBUG-root-34128::psutil_info::system_info|5:: CPU USAGE: 9.2%
2025-11-18 09:23:11,993-DEBUG-root-34128::psutil_info::system_info|6:: MEMORY USAGE: 91.0%
2025-11-18 09:23:11,993-DEBUG-root-34128::psutil_info::system_info|7:: MEMORY AVAILABLE: 8.95%
2025-11-18 09:23:12,362-DEBUG-root-34128::webapp_internal::wait_element_timeout|7726:: Element found! Waiting for element to be displayed.
2025-11-18 09:23:12,720-DEBUG-root-34128::webapp_internal::wait_blocker|2444:: Waiting blocker to continue...
2025-11-18 09:23:12,890-DEBUG-root-34128::webapp_internal::wait_blocker|2469:: Blocker status: False
2025-11-18 09:23:12,916-DEBUG-root-34128::webapp_internal::wait_blocker|2444:: Waiting blocker to continue...
2025-11-18 09:23:13,053-DEBUG-root-34128::webapp_internal::wait_blocker|2469:: Blocker status: False
2025-11-18 09:23:13,054-DEBUG-root-34128::webapp_internal::send_action|10480:: Trying to send action
2025-11-18 09:23:13,055-DEBUG-root-34128::base::click|192:: Click Type: ClickType.JS
2025-11-18 09:23:14,108-DEBUG-root-34128::webapp_internal::send_action|10522:: send_action method result = True
2025-11-18 09:23:14,108-DEBUG-root-34128::webapp_internal::send_action|10523:: send_action selenium status: False
2025-11-18 09:23:14,110-DEBUG-root-34128::webapp_internal::SetButton|4683:: ***System Info*** After Clicking on button:
2025-11-18 09:23:14,110-DEBUG-root-34128::psutil_info::system_info|5:: CPU USAGE: 15.3%
2025-11-18 09:23:14,110-DEBUG-root-34128::psutil_info::system_info|6:: MEMORY USAGE: 91.1%
2025-11-18 09:23:14,110-DEBUG-root-34128::psutil_info::system_info|7:: MEMORY AVAILABLE: 8.88%
2025-11-18 09:23:19,111-INFO-root-34128::webapp_internal::WaitShow|4980:: Waiting show text 'Funcionários - MANUTENÇÃO'...
2025-11-18 09:23:19,201-INFO-root-34128::webapp_internal::WaitShow|4996:: Text found! 
2025-11-18 09:23:19,202-INFO-root-34128::webapp_internal::WaitShow|4980:: Waiting show text 'Funcionários - MANUTENÇÃO'...
2025-11-18 09:23:19,285-INFO-root-34128::webapp_internal::WaitShow|4996:: Text found! 
2025-11-18 09:23:19,286-DEBUG-root-34128::webapp_internal::wait_blocker|2444:: Waiting blocker to continue...
2025-11-18 09:23:19,393-DEBUG-root-34128::webapp_internal::wait_blocker|2469:: Blocker status: False
2025-11-18 09:23:19,393-INFO-root-34128::webapp_internal::SetKey|5822:: Key pressed: DOWN
2025-11-18 09:23:19,393-INFO-root-34128::webapp_internal::SetButton|4444:: Clicking on Confirmar
2025-11-18 09:23:19,393-DEBUG-root-34128::webapp_internal::wait_blocker|2444:: Waiting blocker to continue...
2025-11-18 09:23:19,519-DEBUG-root-34128::webapp_internal::wait_blocker|2469:: Blocker status: False
2025-11-18 09:23:19,922-DEBUG-root-34128::webapp_internal::wait_element_timeout|7726:: Element found! Waiting for element to be displayed.
2025-11-18 09:23:20,241-DEBUG-root-34128::webapp_internal::SetButton|4481:: ***System Info*** Before Clicking on button:Confirmar
2025-11-18 09:23:20,242-DEBUG-root-34128::psutil_info::system_info|5:: CPU USAGE: 7.4%
2025-11-18 09:23:20,242-DEBUG-root-34128::psutil_info::system_info|6:: MEMORY USAGE: 91.5%
2025-11-18 09:23:20,242-DEBUG-root-34128::psutil_info::system_info|7:: MEMORY AVAILABLE: 8.52%
2025-11-18 09:23:20,634-DEBUG-root-34128::webapp_internal::wait_element_timeout|7726:: Element found! Waiting for element to be displayed.
2025-11-18 09:23:20,993-DEBUG-root-34128::webapp_internal::wait_blocker|2444:: Waiting blocker to continue...
2025-11-18 09:23:21,144-DEBUG-root-34128::webapp_internal::wait_blocker|2469:: Blocker status: False
2025-11-18 09:23:21,184-DEBUG-root-34128::webapp_internal::wait_blocker|2444:: Waiting blocker to continue...
2025-11-18 09:23:21,339-DEBUG-root-34128::webapp_internal::wait_blocker|2469:: Blocker status: False
2025-11-18 09:23:21,339-DEBUG-root-34128::webapp_internal::send_action|10480:: Trying to send action
2025-11-18 09:23:21,341-DEBUG-root-34128::base::click|192:: Click Type: ClickType.JS
2025-11-18 09:23:22,404-DEBUG-root-34128::webapp_internal::send_action|10522:: send_action method result = True
2025-11-18 09:23:22,404-DEBUG-root-34128::webapp_internal::send_action|10523:: send_action selenium status: False
2025-11-18 09:23:22,404-DEBUG-root-34128::webapp_internal::SetButton|4683:: ***System Info*** After Clicking on button:
2025-11-18 09:23:22,405-DEBUG-root-34128::psutil_info::system_info|5:: CPU USAGE: 11.3%
2025-11-18 09:23:22,405-DEBUG-root-34128::psutil_info::system_info|6:: MEMORY USAGE: 90.9%
2025-11-18 09:23:22,405-DEBUG-root-34128::psutil_info::system_info|7:: MEMORY AVAILABLE: 9.14%
2025-11-18 09:23:22,411-WARNING-root-34128::webapp_internal::log_error|8143:: Warning log_error Grid fields were queued for input/check but weren't added/checked. Verify the necessity of a LoadGrid() call.
2025-11-18 09:23:22,412-DEBUG-root-34128::webapp_internal::log_error|8146:: ***System Info*** in log_error():
2025-11-18 09:23:22,413-DEBUG-root-34128::psutil_info::system_info|5:: CPU USAGE: 6.7%
2025-11-18 09:23:22,413-DEBUG-root-34128::psutil_info::system_info|6:: MEMORY USAGE: 90.9%
2025-11-18 09:23:22,414-DEBUG-root-34128::psutil_info::system_info|7:: MEMORY AVAILABLE: 9.14%
2025-11-18 09:23:23,956-ERROR-root-34128::webapp_internal::TearDown|9654:: Warning tearDown Close Message: Tried to run command without establishing a connection
Traceback (most recent call last):
  File "C:\TIR_TESTE\venv\Lib\site-packages\tir\technologies\webapp_internal.py", line 9652, in TearDown
    self.driver.close()
  File "C:\TIR_TESTE\venv\Lib\site-packages\selenium\webdriver\remote\webdriver.py", line 458, in close
    self.execute(Command.CLOSE)
  File "C:\TIR_TESTE\venv\Lib\site-packages\selenium\webdriver\remote\webdriver.py", line 347, in execute
    self.error_handler.check_response(response)
  File "C:\TIR_TESTE\venv\Lib\site-packages\selenium\webdriver\remote\errorhandler.py", line 229, in check_response
    raise exception_class(message, screen, stacktrace)
selenium.common.exceptions.InvalidSessionIdException: Message: Tried to run command without establishing a connection

