2025-11-18 09:24:36,260-DEBUG-root-10872::logging_config::logger|189:: Log file created: 'Log\GESIT03\TIR__20251118092436256.log'
2025-11-18 09:24:36,261-INFO-root-10872::base::Start|1183:: TIR Version: 2.4.3
2025-11-18 09:24:36,261-INFO-root-10872::base::Start|1184:: Python Version: 3.12.10
2025-11-18 09:24:36,261-INFO-root-10872::base::Start|1185:: Starting the browser
2025-11-18 09:24:44,584-INFO-root-10872::base::get_url|1294:: Page is ready!
2025-11-18 09:24:44,593-INFO-root-10872::base::Start|1256:: Browser maximized to 1936x1048
2025-11-18 09:24:44,594-INFO-root-10872::base::Start|1258:: Screen size is different from default used in headless mode
2025-11-18 09:24:44,719-INFO-root-10872::webapp_internal::Setup|247:: ***System Info*** in Setup():
2025-11-18 09:24:44,720-DEBUG-root-10872::psutil_info::system_info|5:: CPU USAGE: 15.4%
2025-11-18 09:24:44,720-DEBUG-root-10872::psutil_info::system_info|6:: MEMORY USAGE: 91.7%
2025-11-18 09:24:44,721-DEBUG-root-10872::psutil_info::system_info|7:: MEMORY AVAILABLE: 8.28%
2025-11-18 09:24:44,747-INFO-root-10872::base::webapp_shadowroot|1394:: Webapp: 10.1.6-RC4
2025-11-18 09:24:45,022-INFO-root-10872::webapp_internal::filling_initial_program|449:: Filling Initial Program: "SIGAMDI"
2025-11-18 09:24:45,023-DEBUG-root-10872::webapp_internal::wait_element|7623:: Waiting for element
2025-11-18 09:24:45,484-DEBUG-root-10872::webapp_internal::wait_element|7653:: Element found! Waiting for element to be displayed.
2025-11-18 09:24:46,012-DEBUG-root-10872::base::click|192:: Click Type: ClickType.JS
2025-11-18 09:24:46,019-DEBUG-root-10872::webapp_internal::try_send_keys|7976:: Trying to send keys to element using technique 0
2025-11-18 09:24:46,368-DEBUG-root-10872::webapp_internal::get_web_value|3232:: Current value: SIGAMDI
2025-11-18 09:24:46,368-INFO-root-10872::webapp_internal::filling_server_environment|463:: Filling Server Environment: "POUPEX_TST"
2025-11-18 09:24:46,368-DEBUG-root-10872::webapp_internal::wait_element|7623:: Waiting for element
2025-11-18 09:24:46,398-DEBUG-root-10872::webapp_internal::wait_element|7653:: Element found! Waiting for element to be displayed.
2025-11-18 09:24:46,558-DEBUG-root-10872::base::click|192:: Click Type: ClickType.JS
2025-11-18 09:24:46,563-DEBUG-root-10872::webapp_internal::try_send_keys|7976:: Trying to send keys to element using technique 0
2025-11-18 09:24:46,882-DEBUG-root-10872::webapp_internal::get_web_value|3232:: Current value: POUPEX_TST
2025-11-18 09:24:46,907-DEBUG-root-10872::base::click|192:: Click Type: ClickType.JS
2025-11-18 09:24:46,927-DEBUG-root-10872::webapp_internal::user_screen|519:: Filling user screen
2025-11-18 09:24:57,418-DEBUG-root-10872::base::scroll_to_element|759:: ********Warining scroll_to_element exception: Message: TypeError: can't access property "scrollIntoView", arguments[0] is null
Stacktrace:
@https://qasrverp:10020/webapp/:2:7
@https://qasrverp:10020/webapp/:3:8
*********
2025-11-18 09:24:57,463-DEBUG-root-10872::webapp_internal::wait_element_timeout|7726:: Element found! Waiting for element to be displayed.
2025-11-18 09:24:57,523-DEBUG-root-10872::base::scroll_to_element|759:: ********Warining scroll_to_element exception: Message: TypeError: can't access property "scrollIntoView", arguments[0] is null
Stacktrace:
@https://qasrverp:10020/webapp/:2:7
@https://qasrverp:10020/webapp/:3:8
*********
2025-11-18 09:24:57,644-INFO-root-10872::webapp_internal::user_screen|561:: Filling User
2025-11-18 09:24:57,669-DEBUG-root-10872::base::double_click|259:: Click Type: ClickType.SELENIUM
2025-11-18 09:24:57,844-DEBUG-root-10872::webapp_internal::get_web_value|3232:: Current value: 97137227104
2025-11-18 09:24:57,866-INFO-root-10872::webapp_internal::user_screen|621:: Filling Password
2025-11-18 09:24:57,885-DEBUG-root-10872::base::click|192:: Click Type: ClickType.JS
2025-11-18 09:24:57,955-DEBUG-root-10872::webapp_internal::get_web_value|3232:: Current value: Val20221080080094+
2025-11-18 09:24:57,955-DEBUG-root-10872::webapp_internal::wait_blocker|2444:: Waiting blocker to continue...
2025-11-18 09:24:57,984-DEBUG-root-10872::webapp_internal::wait_blocker|2469:: Blocker status: None
2025-11-18 09:24:58,004-DEBUG-root-10872::webapp_internal::wait_blocker|2444:: Waiting blocker to continue...
2025-11-18 09:24:58,031-DEBUG-root-10872::webapp_internal::wait_blocker|2469:: Blocker status: None
2025-11-18 09:24:58,064-DEBUG-root-10872::webapp_internal::wait_blocker|2444:: Waiting blocker to continue...
2025-11-18 09:24:58,090-DEBUG-root-10872::webapp_internal::wait_blocker|2469:: Blocker status: None
2025-11-18 09:24:58,090-DEBUG-root-10872::webapp_internal::send_action|10480:: Trying to send action
2025-11-18 09:24:58,097-DEBUG-root-10872::base::click|192:: Click Type: ClickType.JS
2025-11-18 09:24:59,138-DEBUG-root-10872::webapp_internal::send_action|10522:: send_action method result = True
2025-11-18 09:24:59,139-DEBUG-root-10872::webapp_internal::send_action|10523:: send_action selenium status: False
2025-11-18 09:25:01,571-DEBUG-root-10872::base::scroll_to_element|759:: ********Warining scroll_to_element exception: Message: TypeError: can't access property "scrollIntoView", arguments[0] is null
Stacktrace:
@https://qasrverp:10020/webapp/:2:7
@https://qasrverp:10020/webapp/:3:8
*********
2025-11-18 09:25:01,617-INFO-root-10872::webapp_internal::filling_date|885:: Filling Date: "20/08/2025"
2025-11-18 09:25:01,617-DEBUG-root-10872::webapp_internal::wait_blocker|2444:: Waiting blocker to continue...
2025-11-18 09:25:01,692-DEBUG-root-10872::webapp_internal::wait_blocker|2469:: Blocker status: None
2025-11-18 09:25:01,695-DEBUG-root-10872::base::click|192:: Click Type: ClickType.JS
2025-11-18 09:25:01,726-DEBUG-root-10872::webapp_internal::try_send_keys|7976:: Trying to send keys to element using technique 1
2025-11-18 09:25:01,835-DEBUG-root-10872::webapp_internal::get_web_value|3232:: Current value: 20/08/2025
2025-11-18 09:25:02,940-INFO-root-10872::webapp_internal::filling_group|955:: Filling Group: "02"
2025-11-18 09:25:02,940-DEBUG-root-10872::webapp_internal::wait_blocker|2444:: Waiting blocker to continue...
2025-11-18 09:25:03,002-DEBUG-root-10872::webapp_internal::wait_blocker|2469:: Blocker status: None
2025-11-18 09:25:03,006-DEBUG-root-10872::base::click|192:: Click Type: ClickType.JS
2025-11-18 09:25:03,054-DEBUG-root-10872::webapp_internal::get_web_value|3232:: Current value: 02
2025-11-18 09:25:04,123-INFO-root-10872::webapp_internal::filling_branch|1047:: Filling Branch: "02DF0001"
2025-11-18 09:25:04,123-DEBUG-root-10872::webapp_internal::wait_blocker|2444:: Waiting blocker to continue...
2025-11-18 09:25:04,158-DEBUG-root-10872::webapp_internal::wait_blocker|2469:: Blocker status: None
2025-11-18 09:25:04,161-DEBUG-root-10872::base::click|192:: Click Type: ClickType.JS
2025-11-18 09:25:04,199-DEBUG-root-10872::webapp_internal::get_web_value|3232:: Current value: 02DF0001
2025-11-18 09:25:05,288-INFO-root-10872::webapp_internal::filling_environment|1113:: Filling Environment: "07"
2025-11-18 09:25:05,288-DEBUG-root-10872::webapp_internal::wait_blocker|2444:: Waiting blocker to continue...
2025-11-18 09:25:05,328-DEBUG-root-10872::webapp_internal::wait_blocker|2469:: Blocker status: None
2025-11-18 09:25:05,330-DEBUG-root-10872::base::click|192:: Click Type: ClickType.JS
2025-11-18 09:25:05,374-DEBUG-root-10872::webapp_internal::get_web_value|3232:: Current value: 07
2025-11-18 09:25:06,383-DEBUG-root-10872::webapp_internal::close_warning_screen|1489:: Closing warning screen!
2025-11-18 09:25:07,610-ERROR-root-10872::webapp_internal::Setup|320:: Message: Tried to run command without establishing a connection
Traceback (most recent call last):
  File "C:\TIR_TESTE\venv\Lib\site-packages\tir\technologies\core\base.py", line 501, in get_current_DOM
    self.driver.switch_to.default_content()
  File "C:\TIR_TESTE\venv\Lib\site-packages\selenium\webdriver\remote\switch_to.py", line 69, in default_content
    self._driver.execute(Command.SWITCH_TO_FRAME, {"id": None})
  File "C:\TIR_TESTE\venv\Lib\site-packages\selenium\webdriver\remote\webdriver.py", line 347, in execute
    self.error_handler.check_response(response)
  File "C:\TIR_TESTE\venv\Lib\site-packages\selenium\webdriver\remote\errorhandler.py", line 229, in check_response
    raise exception_class(message, screen, stacktrace)
selenium.common.exceptions.WebDriverException: Message: Failed to decode response from marionette


During handling of the above exception, another exception occurred:

Traceback (most recent call last):
  File "C:\TIR_TESTE\venv\Lib\site-packages\tir\technologies\webapp_internal.py", line 306, in Setup
    self.environment_screen()
  File "C:\TIR_TESTE\venv\Lib\site-packages\tir\technologies\webapp_internal.py", line 757, in environment_screen
    self.filling_environment(shadow_root=shadow_root, container=container)
  File "C:\TIR_TESTE\venv\Lib\site-packages\tir\technologies\webapp_internal.py", line 1125, in filling_environment
    self.close_warning_screen()
  File "C:\TIR_TESTE\venv\Lib\site-packages\tir\technologies\webapp_internal.py", line 1494, in close_warning_screen
    soup = self.get_current_DOM()
           ^^^^^^^^^^^^^^^^^^^^^^
  File "C:\TIR_TESTE\venv\Lib\site-packages\tir\technologies\core\base.py", line 538, in get_current_DOM
    self.driver.switch_to.default_content()
  File "C:\TIR_TESTE\venv\Lib\site-packages\selenium\webdriver\remote\switch_to.py", line 69, in default_content
    self._driver.execute(Command.SWITCH_TO_FRAME, {"id": None})
  File "C:\TIR_TESTE\venv\Lib\site-packages\selenium\webdriver\remote\webdriver.py", line 347, in execute
    self.error_handler.check_response(response)
  File "C:\TIR_TESTE\venv\Lib\site-packages\selenium\webdriver\remote\errorhandler.py", line 229, in check_response
    raise exception_class(message, screen, stacktrace)
selenium.common.exceptions.InvalidSessionIdException: Message: Tried to run command without establishing a connection

2025-11-18 09:25:07,613-INFO-root-10872::webapp_internal::SetLateralMenu|4184:: Navigating lateral menu: Atualizações > Lançamentos > Lancamentos Avulso
2025-11-18 09:24:36,260-DEBUG-root-10872::logging_config::logger|189:: Log file created: 'Log\GESIT03\TIR__20251118092436256.log'
2025-11-18 09:24:36,261-INFO-root-10872::base::Start|1183:: TIR Version: 2.4.3
2025-11-18 09:24:36,261-INFO-root-10872::base::Start|1184:: Python Version: 3.12.10
2025-11-18 09:24:36,261-INFO-root-10872::base::Start|1185:: Starting the browser
2025-11-18 09:24:44,584-INFO-root-10872::base::get_url|1294:: Page is ready!
2025-11-18 09:24:44,593-INFO-root-10872::base::Start|1256:: Browser maximized to 1936x1048
2025-11-18 09:24:44,594-INFO-root-10872::base::Start|1258:: Screen size is different from default used in headless mode
2025-11-18 09:24:44,719-INFO-root-10872::webapp_internal::Setup|247:: ***System Info*** in Setup():
2025-11-18 09:24:44,720-DEBUG-root-10872::psutil_info::system_info|5:: CPU USAGE: 15.4%
2025-11-18 09:24:44,720-DEBUG-root-10872::psutil_info::system_info|6:: MEMORY USAGE: 91.7%
2025-11-18 09:24:44,721-DEBUG-root-10872::psutil_info::system_info|7:: MEMORY AVAILABLE: 8.28%
2025-11-18 09:24:44,747-INFO-root-10872::base::webapp_shadowroot|1394:: Webapp: 10.1.6-RC4
2025-11-18 09:24:45,022-INFO-root-10872::webapp_internal::filling_initial_program|449:: Filling Initial Program: "SIGAMDI"
2025-11-18 09:24:45,023-DEBUG-root-10872::webapp_internal::wait_element|7623:: Waiting for element
2025-11-18 09:24:45,484-DEBUG-root-10872::webapp_internal::wait_element|7653:: Element found! Waiting for element to be displayed.
2025-11-18 09:24:46,012-DEBUG-root-10872::base::click|192:: Click Type: ClickType.JS
2025-11-18 09:24:46,019-DEBUG-root-10872::webapp_internal::try_send_keys|7976:: Trying to send keys to element using technique 0
2025-11-18 09:24:46,368-DEBUG-root-10872::webapp_internal::get_web_value|3232:: Current value: SIGAMDI
2025-11-18 09:24:46,368-INFO-root-10872::webapp_internal::filling_server_environment|463:: Filling Server Environment: "POUPEX_TST"
2025-11-18 09:24:46,368-DEBUG-root-10872::webapp_internal::wait_element|7623:: Waiting for element
2025-11-18 09:24:46,398-DEBUG-root-10872::webapp_internal::wait_element|7653:: Element found! Waiting for element to be displayed.
2025-11-18 09:24:46,558-DEBUG-root-10872::base::click|192:: Click Type: ClickType.JS
2025-11-18 09:24:46,563-DEBUG-root-10872::webapp_internal::try_send_keys|7976:: Trying to send keys to element using technique 0
2025-11-18 09:24:46,882-DEBUG-root-10872::webapp_internal::get_web_value|3232:: Current value: POUPEX_TST
2025-11-18 09:24:46,907-DEBUG-root-10872::base::click|192:: Click Type: ClickType.JS
2025-11-18 09:24:46,927-DEBUG-root-10872::webapp_internal::user_screen|519:: Filling user screen
2025-11-18 09:24:57,418-DEBUG-root-10872::base::scroll_to_element|759:: ********Warining scroll_to_element exception: Message: TypeError: can't access property "scrollIntoView", arguments[0] is null
Stacktrace:
@https://qasrverp:10020/webapp/:2:7
@https://qasrverp:10020/webapp/:3:8
*********
2025-11-18 09:24:57,463-DEBUG-root-10872::webapp_internal::wait_element_timeout|7726:: Element found! Waiting for element to be displayed.
2025-11-18 09:24:57,523-DEBUG-root-10872::base::scroll_to_element|759:: ********Warining scroll_to_element exception: Message: TypeError: can't access property "scrollIntoView", arguments[0] is null
Stacktrace:
@https://qasrverp:10020/webapp/:2:7
@https://qasrverp:10020/webapp/:3:8
*********
2025-11-18 09:24:57,644-INFO-root-10872::webapp_internal::user_screen|561:: Filling User
2025-11-18 09:24:57,669-DEBUG-root-10872::base::double_click|259:: Click Type: ClickType.SELENIUM
2025-11-18 09:24:57,844-DEBUG-root-10872::webapp_internal::get_web_value|3232:: Current value: 97137227104
2025-11-18 09:24:57,866-INFO-root-10872::webapp_internal::user_screen|621:: Filling Password
2025-11-18 09:24:57,885-DEBUG-root-10872::base::click|192:: Click Type: ClickType.JS
2025-11-18 09:24:57,955-DEBUG-root-10872::webapp_internal::get_web_value|3232:: Current value: Val20221080080094+
2025-11-18 09:24:57,955-DEBUG-root-10872::webapp_internal::wait_blocker|2444:: Waiting blocker to continue...
2025-11-18 09:24:57,984-DEBUG-root-10872::webapp_internal::wait_blocker|2469:: Blocker status: None
2025-11-18 09:24:58,004-DEBUG-root-10872::webapp_internal::wait_blocker|2444:: Waiting blocker to continue...
2025-11-18 09:24:58,031-DEBUG-root-10872::webapp_internal::wait_blocker|2469:: Blocker status: None
2025-11-18 09:24:58,064-DEBUG-root-10872::webapp_internal::wait_blocker|2444:: Waiting blocker to continue...
2025-11-18 09:24:58,090-DEBUG-root-10872::webapp_internal::wait_blocker|2469:: Blocker status: None
2025-11-18 09:24:58,090-DEBUG-root-10872::webapp_internal::send_action|10480:: Trying to send action
2025-11-18 09:24:58,097-DEBUG-root-10872::base::click|192:: Click Type: ClickType.JS
2025-11-18 09:24:59,138-DEBUG-root-10872::webapp_internal::send_action|10522:: send_action method result = True
2025-11-18 09:24:59,139-DEBUG-root-10872::webapp_internal::send_action|10523:: send_action selenium status: False
2025-11-18 09:25:01,571-DEBUG-root-10872::base::scroll_to_element|759:: ********Warining scroll_to_element exception: Message: TypeError: can't access property "scrollIntoView", arguments[0] is null
Stacktrace:
@https://qasrverp:10020/webapp/:2:7
@https://qasrverp:10020/webapp/:3:8
*********
2025-11-18 09:25:01,617-INFO-root-10872::webapp_internal::filling_date|885:: Filling Date: "20/08/2025"
2025-11-18 09:25:01,617-DEBUG-root-10872::webapp_internal::wait_blocker|2444:: Waiting blocker to continue...
2025-11-18 09:25:01,692-DEBUG-root-10872::webapp_internal::wait_blocker|2469:: Blocker status: None
2025-11-18 09:25:01,695-DEBUG-root-10872::base::click|192:: Click Type: ClickType.JS
2025-11-18 09:25:01,726-DEBUG-root-10872::webapp_internal::try_send_keys|7976:: Trying to send keys to element using technique 1
2025-11-18 09:25:01,835-DEBUG-root-10872::webapp_internal::get_web_value|3232:: Current value: 20/08/2025
2025-11-18 09:25:02,940-INFO-root-10872::webapp_internal::filling_group|955:: Filling Group: "02"
2025-11-18 09:25:02,940-DEBUG-root-10872::webapp_internal::wait_blocker|2444:: Waiting blocker to continue...
2025-11-18 09:25:03,002-DEBUG-root-10872::webapp_internal::wait_blocker|2469:: Blocker status: None
2025-11-18 09:25:03,006-DEBUG-root-10872::base::click|192:: Click Type: ClickType.JS
2025-11-18 09:25:03,054-DEBUG-root-10872::webapp_internal::get_web_value|3232:: Current value: 02
2025-11-18 09:25:04,123-INFO-root-10872::webapp_internal::filling_branch|1047:: Filling Branch: "02DF0001"
2025-11-18 09:25:04,123-DEBUG-root-10872::webapp_internal::wait_blocker|2444:: Waiting blocker to continue...
2025-11-18 09:25:04,158-DEBUG-root-10872::webapp_internal::wait_blocker|2469:: Blocker status: None
2025-11-18 09:25:04,161-DEBUG-root-10872::base::click|192:: Click Type: ClickType.JS
2025-11-18 09:25:04,199-DEBUG-root-10872::webapp_internal::get_web_value|3232:: Current value: 02DF0001
2025-11-18 09:25:05,288-INFO-root-10872::webapp_internal::filling_environment|1113:: Filling Environment: "07"
2025-11-18 09:25:05,288-DEBUG-root-10872::webapp_internal::wait_blocker|2444:: Waiting blocker to continue...
2025-11-18 09:25:05,328-DEBUG-root-10872::webapp_internal::wait_blocker|2469:: Blocker status: None
2025-11-18 09:25:05,330-DEBUG-root-10872::base::click|192:: Click Type: ClickType.JS
2025-11-18 09:25:05,374-DEBUG-root-10872::webapp_internal::get_web_value|3232:: Current value: 07
2025-11-18 09:25:06,383-DEBUG-root-10872::webapp_internal::close_warning_screen|1489:: Closing warning screen!
2025-11-18 09:25:07,610-ERROR-root-10872::webapp_internal::Setup|320:: Message: Tried to run command without establishing a connection
Traceback (most recent call last):
  File "C:\TIR_TESTE\venv\Lib\site-packages\tir\technologies\core\base.py", line 501, in get_current_DOM
    self.driver.switch_to.default_content()
  File "C:\TIR_TESTE\venv\Lib\site-packages\selenium\webdriver\remote\switch_to.py", line 69, in default_content
    self._driver.execute(Command.SWITCH_TO_FRAME, {"id": None})
  File "C:\TIR_TESTE\venv\Lib\site-packages\selenium\webdriver\remote\webdriver.py", line 347, in execute
    self.error_handler.check_response(response)
  File "C:\TIR_TESTE\venv\Lib\site-packages\selenium\webdriver\remote\errorhandler.py", line 229, in check_response
    raise exception_class(message, screen, stacktrace)
selenium.common.exceptions.WebDriverException: Message: Failed to decode response from marionette


During handling of the above exception, another exception occurred:

Traceback (most recent call last):
  File "C:\TIR_TESTE\venv\Lib\site-packages\tir\technologies\webapp_internal.py", line 306, in Setup
    self.environment_screen()
  File "C:\TIR_TESTE\venv\Lib\site-packages\tir\technologies\webapp_internal.py", line 757, in environment_screen
    self.filling_environment(shadow_root=shadow_root, container=container)
  File "C:\TIR_TESTE\venv\Lib\site-packages\tir\technologies\webapp_internal.py", line 1125, in filling_environment
    self.close_warning_screen()
  File "C:\TIR_TESTE\venv\Lib\site-packages\tir\technologies\webapp_internal.py", line 1494, in close_warning_screen
    soup = self.get_current_DOM()
           ^^^^^^^^^^^^^^^^^^^^^^
  File "C:\TIR_TESTE\venv\Lib\site-packages\tir\technologies\core\base.py", line 538, in get_current_DOM
    self.driver.switch_to.default_content()
  File "C:\TIR_TESTE\venv\Lib\site-packages\selenium\webdriver\remote\switch_to.py", line 69, in default_content
    self._driver.execute(Command.SWITCH_TO_FRAME, {"id": None})
  File "C:\TIR_TESTE\venv\Lib\site-packages\selenium\webdriver\remote\webdriver.py", line 347, in execute
    self.error_handler.check_response(response)
  File "C:\TIR_TESTE\venv\Lib\site-packages\selenium\webdriver\remote\errorhandler.py", line 229, in check_response
    raise exception_class(message, screen, stacktrace)
selenium.common.exceptions.InvalidSessionIdException: Message: Tried to run command without establishing a connection

2025-11-18 09:25:07,613-INFO-root-10872::webapp_internal::SetLateralMenu|4184:: Navigating lateral menu: Atualizações > Lançamentos > Lancamentos Avulso
