2025-12-04 08:40:29,908-DEBUG-root-45164::logging_config::logger|189:: Log file created: 'Log\GESIT03\TIR__20251204084029904.log'
2025-12-04 08:40:29,908-INFO-root-45164::base::Start|1183:: TIR Version: 2.4.3
2025-12-04 08:40:29,908-INFO-root-45164::base::Start|1184:: Python Version: 3.12.10
2025-12-04 08:40:29,908-INFO-root-45164::base::Start|1185:: Starting the browser
2025-12-04 08:40:37,642-INFO-root-45164::base::get_url|1294:: Page is ready!
2025-12-04 08:40:37,646-INFO-root-45164::base::Start|1256:: Browser maximized to 1936x1048
2025-12-04 08:40:37,651-INFO-root-45164::base::Start|1258:: Screen size is different from default used in headless mode
2025-12-04 08:40:37,891-INFO-root-45164::webapp_internal::Setup|247:: ***System Info*** in Setup():
2025-12-04 08:40:37,893-DEBUG-root-45164::psutil_info::system_info|5:: CPU USAGE: 26.0%
2025-12-04 08:40:37,893-DEBUG-root-45164::psutil_info::system_info|6:: MEMORY USAGE: 88.2%
2025-12-04 08:40:37,894-DEBUG-root-45164::psutil_info::system_info|7:: MEMORY AVAILABLE: 11.76%
2025-12-04 08:40:37,916-INFO-root-45164::base::webapp_shadowroot|1394:: Webapp: 10.1.6-RC4
2025-12-04 08:40:37,984-INFO-root-45164::webapp_internal::filling_initial_program|449:: Filling Initial Program: "SIGAMDI"
2025-12-04 08:40:37,985-DEBUG-root-45164::webapp_internal::wait_element|7623:: Waiting for element
2025-12-04 08:40:38,016-DEBUG-root-45164::webapp_internal::wait_element|7653:: Element found! Waiting for element to be displayed.
2025-12-04 08:40:38,182-DEBUG-root-45164::base::click|192:: Click Type: ClickType.JS
2025-12-04 08:40:38,188-DEBUG-root-45164::webapp_internal::try_send_keys|7976:: Trying to send keys to element using technique 0
2025-12-04 08:40:38,533-DEBUG-root-45164::webapp_internal::get_web_value|3232:: Current value: SIGAMDI
2025-12-04 08:40:38,533-INFO-root-45164::webapp_internal::filling_server_environment|463:: Filling Server Environment: "POUPEX_TST"
2025-12-04 08:40:38,533-DEBUG-root-45164::webapp_internal::wait_element|7623:: Waiting for element
2025-12-04 08:40:38,576-DEBUG-root-45164::webapp_internal::wait_element|7653:: Element found! Waiting for element to be displayed.
2025-12-04 08:40:38,744-DEBUG-root-45164::base::click|192:: Click Type: ClickType.JS
2025-12-04 08:40:38,750-DEBUG-root-45164::webapp_internal::try_send_keys|7976:: Trying to send keys to element using technique 0
2025-12-04 08:40:39,084-DEBUG-root-45164::webapp_internal::get_web_value|3232:: Current value: POUPEX_TST
2025-12-04 08:40:39,110-DEBUG-root-45164::base::click|192:: Click Type: ClickType.JS
2025-12-04 08:40:39,125-DEBUG-root-45164::webapp_internal::user_screen|519:: Filling user screen
2025-12-04 08:40:45,332-DEBUG-root-45164::webapp_internal::wait_element_timeout|7726:: Element found! Waiting for element to be displayed.
2025-12-04 08:40:45,407-DEBUG-root-45164::base::scroll_to_element|759:: ********Warining scroll_to_element exception: Message: TypeError: can't access property "scrollIntoView", arguments[0] is null
Stacktrace:
@https://qasrverp:10020/webapp/:2:7
@https://qasrverp:10020/webapp/:3:8
*********
2025-12-04 08:40:45,604-INFO-root-45164::webapp_internal::user_screen|561:: Filling User
2025-12-04 08:40:45,636-DEBUG-root-45164::base::double_click|259:: Click Type: ClickType.SELENIUM
2025-12-04 08:40:45,846-DEBUG-root-45164::webapp_internal::get_web_value|3232:: Current value: 97137227104
2025-12-04 08:40:45,881-INFO-root-45164::webapp_internal::user_screen|621:: Filling Password
2025-12-04 08:40:45,916-DEBUG-root-45164::base::click|192:: Click Type: ClickType.JS
2025-12-04 08:40:46,012-DEBUG-root-45164::webapp_internal::get_web_value|3232:: Current value: Val20221080080094+
2025-12-04 08:40:46,013-DEBUG-root-45164::webapp_internal::wait_blocker|2444:: Waiting blocker to continue...
2025-12-04 08:40:46,046-DEBUG-root-45164::webapp_internal::wait_blocker|2469:: Blocker status: None
2025-12-04 08:40:46,076-DEBUG-root-45164::webapp_internal::wait_blocker|2444:: Waiting blocker to continue...
2025-12-04 08:40:46,118-DEBUG-root-45164::webapp_internal::wait_blocker|2469:: Blocker status: None
2025-12-04 08:40:46,181-DEBUG-root-45164::webapp_internal::wait_blocker|2444:: Waiting blocker to continue...
2025-12-04 08:40:46,225-DEBUG-root-45164::webapp_internal::wait_blocker|2469:: Blocker status: None
2025-12-04 08:40:46,226-DEBUG-root-45164::webapp_internal::send_action|10480:: Trying to send action
2025-12-04 08:40:46,238-DEBUG-root-45164::base::click|192:: Click Type: ClickType.JS
2025-12-04 08:40:47,292-DEBUG-root-45164::webapp_internal::send_action|10522:: send_action method result = True
2025-12-04 08:40:47,292-DEBUG-root-45164::webapp_internal::send_action|10523:: send_action selenium status: False
2025-12-04 08:40:49,810-DEBUG-root-45164::base::scroll_to_element|759:: ********Warining scroll_to_element exception: Message: TypeError: can't access property "scrollIntoView", arguments[0] is null
Stacktrace:
@https://qasrverp:10020/webapp/:2:7
@https://qasrverp:10020/webapp/:3:8
*********
2025-12-04 08:40:49,887-INFO-root-45164::webapp_internal::filling_date|885:: Filling Date: "04/11/2025"
2025-12-04 08:40:49,887-DEBUG-root-45164::webapp_internal::wait_blocker|2444:: Waiting blocker to continue...
2025-12-04 08:40:49,943-DEBUG-root-45164::webapp_internal::wait_blocker|2469:: Blocker status: None
2025-12-04 08:40:49,947-DEBUG-root-45164::base::click|192:: Click Type: ClickType.JS
2025-12-04 08:40:49,974-DEBUG-root-45164::webapp_internal::try_send_keys|7976:: Trying to send keys to element using technique 1
2025-12-04 08:40:50,088-DEBUG-root-45164::webapp_internal::get_web_value|3232:: Current value: 04/11/2025
2025-12-04 08:40:51,186-INFO-root-45164::webapp_internal::filling_group|955:: Filling Group: "02"
2025-12-04 08:40:51,186-DEBUG-root-45164::webapp_internal::wait_blocker|2444:: Waiting blocker to continue...
2025-12-04 08:40:51,232-DEBUG-root-45164::webapp_internal::wait_blocker|2469:: Blocker status: None
2025-12-04 08:40:51,235-DEBUG-root-45164::base::click|192:: Click Type: ClickType.JS
2025-12-04 08:40:51,303-DEBUG-root-45164::webapp_internal::get_web_value|3232:: Current value: 02
2025-12-04 08:40:52,371-INFO-root-45164::webapp_internal::filling_branch|1047:: Filling Branch: "02DF0001"
2025-12-04 08:40:52,371-DEBUG-root-45164::webapp_internal::wait_blocker|2444:: Waiting blocker to continue...
2025-12-04 08:40:52,405-DEBUG-root-45164::webapp_internal::wait_blocker|2469:: Blocker status: None
2025-12-04 08:40:52,407-DEBUG-root-45164::base::click|192:: Click Type: ClickType.JS
2025-12-04 08:40:52,465-DEBUG-root-45164::webapp_internal::get_web_value|3232:: Current value: 02DF0001
2025-12-04 08:40:53,545-INFO-root-45164::webapp_internal::filling_environment|1113:: Filling Environment: "07"
2025-12-04 08:40:53,546-DEBUG-root-45164::webapp_internal::wait_blocker|2444:: Waiting blocker to continue...
2025-12-04 08:40:53,581-DEBUG-root-45164::webapp_internal::wait_blocker|2469:: Blocker status: None
2025-12-04 08:40:53,584-DEBUG-root-45164::base::click|192:: Click Type: ClickType.JS
2025-12-04 08:40:53,638-DEBUG-root-45164::webapp_internal::get_web_value|3232:: Current value: 07
2025-12-04 08:40:54,649-DEBUG-root-45164::webapp_internal::close_warning_screen|1489:: Closing warning screen!
2025-12-04 08:40:55,683-DEBUG-root-45164::webapp_internal::check_screen_element|1291:: Checking screen element: "Atenção": False
2025-12-04 08:40:56,802-INFO-root-45164::webapp_internal::environment_screen|796:: Clicking on Button
2025-12-04 08:40:56,802-DEBUG-root-45164::webapp_internal::wait_blocker|2444:: Waiting blocker to continue...
2025-12-04 08:40:56,841-DEBUG-root-45164::webapp_internal::wait_blocker|2469:: Blocker status: None
2025-12-04 08:40:56,844-DEBUG-root-45164::base::click|192:: Click Type: ClickType.JS
2025-12-04 08:40:57,853-DEBUG-root-45164::base::click|192:: Click Type: ClickType.JS
2025-12-04 08:40:58,864-DEBUG-root-45164::base::click|192:: Click Type: ClickType.JS
2025-12-04 08:40:59,872-DEBUG-root-45164::base::click|192:: Click Type: ClickType.JS
2025-12-04 08:41:00,880-DEBUG-root-45164::base::click|192:: Click Type: ClickType.JS
2025-12-04 08:41:01,888-DEBUG-root-45164::base::click|192:: Click Type: ClickType.JS
2025-12-04 08:41:02,894-DEBUG-root-45164::webapp_internal::close_screen_before_menu|368:: Closing screen before the menu
2025-12-04 08:41:02,941-DEBUG-root-45164::webapp_internal::close_warning_screen|1489:: Closing warning screen!
2025-12-04 08:41:03,985-DEBUG-root-45164::webapp_internal::check_screen_element|1291:: Checking screen element: "Atenção": False
2025-12-04 08:41:03,985-DEBUG-root-45164::webapp_internal::close_coin_screen|1424:: Closing coin screen!
2025-12-04 08:41:04,537-DEBUG-root-45164::base::click|192:: Click Type: ClickType.JS
2025-12-04 08:41:04,600-DEBUG-root-45164::webapp_internal::close_warning_screen|1489:: Closing warning screen!
2025-12-04 08:41:05,672-DEBUG-root-45164::webapp_internal::check_screen_element|1291:: Checking screen element: "Atenção": False
2025-12-04 08:41:05,672-DEBUG-root-45164::webapp_internal::close_coin_screen|1424:: Closing coin screen!
2025-12-04 08:41:05,789-INFO-root-45164::webapp_internal::set_log_info|1623:: Getting log info
2025-12-04 08:41:05,789-INFO-root-45164::webapp_internal::SetLateralMenu|4184:: Navigating lateral menu: Ajuda > Sobre
2025-12-04 08:41:05,804-DEBUG-root-45164::webapp_internal::wait_element|7623:: Waiting for element
2025-12-04 08:41:05,847-DEBUG-root-45164::webapp_internal::wait_element|7653:: Element found! Waiting for element to be displayed.
2025-12-04 08:41:06,023-INFO-root-45164::webapp_internal::SetLateralMenu|4203:: Menu item: "Ajuda"
2025-12-04 08:41:06,023-DEBUG-root-45164::webapp_internal::wait_blocker|2444:: Waiting blocker to continue...
2025-12-04 08:41:06,098-DEBUG-root-45164::webapp_internal::wait_blocker|2469:: Blocker status: False
2025-12-04 08:41:06,480-DEBUG-root-45164::webapp_internal::wait_element_timeout|7726:: Element found! Waiting for element to be displayed.
2025-12-04 08:41:06,822-DEBUG-root-45164::webapp_internal::wait_blocker|2444:: Waiting blocker to continue...
2025-12-04 08:41:06,892-DEBUG-root-45164::webapp_internal::wait_blocker|2469:: Blocker status: False
2025-12-04 08:41:09,189-INFO-root-45164::webapp_internal::SetLateralMenu|4203:: Menu item: "Sobre"
2025-12-04 08:41:09,189-DEBUG-root-45164::webapp_internal::wait_blocker|2444:: Waiting blocker to continue...
2025-12-04 08:41:09,253-DEBUG-root-45164::webapp_internal::wait_blocker|2469:: Blocker status: False
2025-12-04 08:41:09,646-DEBUG-root-45164::webapp_internal::wait_element_timeout|7726:: Element found! Waiting for element to be displayed.
2025-12-04 08:41:10,005-DEBUG-root-45164::webapp_internal::wait_blocker|2444:: Waiting blocker to continue...
2025-12-04 08:41:10,077-DEBUG-root-45164::webapp_internal::wait_blocker|2469:: Blocker status: False
2025-12-04 08:41:12,711-DEBUG-root-45164::webapp_internal::wait_blocker|2444:: Waiting blocker to continue...
2025-12-04 08:41:12,779-DEBUG-root-45164::webapp_internal::wait_blocker|2469:: Blocker status: False
2025-12-04 08:41:12,851-DEBUG-root-45164::webapp_internal::wait_element|7623:: Waiting for element
2025-12-04 08:41:12,891-DEBUG-root-45164::webapp_internal::wait_element|7653:: Element found! Waiting for element to be displayed.
2025-12-04 08:41:13,060-INFO-root-45164::webapp_internal::SetButton|4444:: Clicking on Fechar
2025-12-04 08:41:13,061-DEBUG-root-45164::webapp_internal::wait_blocker|2444:: Waiting blocker to continue...
2025-12-04 08:41:13,131-DEBUG-root-45164::webapp_internal::wait_blocker|2469:: Blocker status: False
2025-12-04 08:41:13,312-DEBUG-root-45164::webapp_internal::wait_element_timeout|7726:: Element found! Waiting for element to be displayed.
2025-12-04 08:41:13,382-DEBUG-root-45164::webapp_internal::SetButton|4481:: ***System Info*** Before Clicking on button:Fechar
2025-12-04 08:41:13,383-DEBUG-root-45164::psutil_info::system_info|5:: CPU USAGE: 13.9%
2025-12-04 08:41:13,383-DEBUG-root-45164::psutil_info::system_info|6:: MEMORY USAGE: 88.4%
2025-12-04 08:41:13,383-DEBUG-root-45164::psutil_info::system_info|7:: MEMORY AVAILABLE: 11.58%
2025-12-04 08:41:13,550-DEBUG-root-45164::webapp_internal::wait_element_timeout|7726:: Element found! Waiting for element to be displayed.
2025-12-04 08:41:13,690-DEBUG-root-45164::webapp_internal::wait_blocker|2444:: Waiting blocker to continue...
2025-12-04 08:41:13,760-DEBUG-root-45164::webapp_internal::wait_blocker|2469:: Blocker status: False
2025-12-04 08:41:13,777-DEBUG-root-45164::webapp_internal::wait_blocker|2444:: Waiting blocker to continue...
2025-12-04 08:41:13,848-DEBUG-root-45164::webapp_internal::wait_blocker|2469:: Blocker status: False
2025-12-04 08:41:13,848-DEBUG-root-45164::webapp_internal::send_action|10480:: Trying to send action
2025-12-04 08:41:13,850-DEBUG-root-45164::base::click|192:: Click Type: ClickType.JS
2025-12-04 08:41:14,882-DEBUG-root-45164::webapp_internal::send_action|10522:: send_action method result = True
2025-12-04 08:41:14,882-DEBUG-root-45164::webapp_internal::send_action|10523:: send_action selenium status: False
2025-12-04 08:41:14,882-DEBUG-root-45164::webapp_internal::SetButton|4683:: ***System Info*** After Clicking on button:
2025-12-04 08:41:14,882-DEBUG-root-45164::psutil_info::system_info|5:: CPU USAGE: 7.5%
2025-12-04 08:41:14,882-DEBUG-root-45164::psutil_info::system_info|6:: MEMORY USAGE: 88.7%
2025-12-04 08:41:14,884-DEBUG-root-45164::psutil_info::system_info|7:: MEMORY AVAILABLE: 11.29%
2025-12-04 08:41:14,884-DEBUG-root-45164::webapp_internal::wait_element|7623:: Waiting for element
2025-12-04 08:41:14,969-INFO-root-45164::webapp_internal::SetLateralMenu|4184:: Navigating lateral menu: Atualizações > Especificos > Tipo de Convenio
2025-12-04 08:41:14,981-DEBUG-root-45164::webapp_internal::wait_element|7623:: Waiting for element
2025-12-04 08:41:15,020-DEBUG-root-45164::webapp_internal::wait_element|7653:: Element found! Waiting for element to be displayed.
2025-12-04 08:41:15,182-INFO-root-45164::webapp_internal::SetLateralMenu|4203:: Menu item: "Atualizações"
2025-12-04 08:41:15,182-DEBUG-root-45164::webapp_internal::wait_blocker|2444:: Waiting blocker to continue...
2025-12-04 08:41:15,254-DEBUG-root-45164::webapp_internal::wait_blocker|2469:: Blocker status: False
2025-12-04 08:41:15,685-DEBUG-root-45164::webapp_internal::wait_element_timeout|7726:: Element found! Waiting for element to be displayed.
2025-12-04 08:41:16,076-DEBUG-root-45164::webapp_internal::wait_blocker|2444:: Waiting blocker to continue...
2025-12-04 08:41:16,144-DEBUG-root-45164::webapp_internal::wait_blocker|2469:: Blocker status: False
2025-12-04 08:41:18,448-INFO-root-45164::webapp_internal::SetLateralMenu|4203:: Menu item: "Especificos"
2025-12-04 08:41:18,448-DEBUG-root-45164::webapp_internal::wait_blocker|2444:: Waiting blocker to continue...
2025-12-04 08:41:18,546-DEBUG-root-45164::webapp_internal::wait_blocker|2469:: Blocker status: False
2025-12-04 08:41:19,336-DEBUG-root-45164::webapp_internal::wait_element_timeout|7726:: Element found! Waiting for element to be displayed.
2025-12-04 08:41:20,158-DEBUG-root-45164::webapp_internal::wait_blocker|2444:: Waiting blocker to continue...
2025-12-04 08:41:20,262-DEBUG-root-45164::webapp_internal::wait_blocker|2469:: Blocker status: False
2025-12-04 08:41:22,560-INFO-root-45164::webapp_internal::SetLateralMenu|4203:: Menu item: "Tipo de Convenio"
2025-12-04 08:41:22,560-DEBUG-root-45164::webapp_internal::wait_blocker|2444:: Waiting blocker to continue...
2025-12-04 08:41:22,667-DEBUG-root-45164::webapp_internal::wait_blocker|2469:: Blocker status: False
2025-12-04 08:41:24,448-DEBUG-root-45164::webapp_internal::wait_element_timeout|7726:: Element found! Waiting for element to be displayed.
2025-12-04 08:41:26,067-DEBUG-root-45164::webapp_internal::wait_blocker|2444:: Waiting blocker to continue...
2025-12-04 08:41:26,170-DEBUG-root-45164::webapp_internal::wait_blocker|2469:: Blocker status: False
2025-12-04 08:41:30,999-DEBUG-root-45164::webapp_internal::wait_blocker|2444:: Waiting blocker to continue...
2025-12-04 08:41:31,104-DEBUG-root-45164::webapp_internal::wait_blocker|2469:: Blocker status: False
2025-12-04 08:41:31,226-INFO-root-45164::webapp_internal::WaitShow|4980:: Waiting show text 'Este ambiente utiliza base de Homologação.'...
2025-12-04 08:41:36,692-DEBUG-root-45164::log::checks_empty_line|221:: Checking empty default log info
2025-12-04 08:41:36,696-DEBUG-root-45164::log::generate_log|503:: Json log_data: {'cLogDtExec': '04/12/2025 08:41:36', 'cLogNomUsr': '97137227104', 'cLogNomEst': 'GESIT03', 'cLogProgra': None, 'cLogDtProg': '', 'cLogHrProg': '', 'nLogCtsOk': 1, 'nLogCtsNok': 0, 'nLogCtsSeg': 66.9, 'cLogVersao': '12', 'cLogReleas': '12.1.2410', 'nLogCtsErr': '', 'cLogBancod': 'ORACLE', 'cLogIdenti': '', 'cLogIdExec': '20251204', 'cLogPais': 'BRA', 'cLogTool': 'TIR', 'cLogSequen': 'd117ef', 'nLogCtsTot': 1, 'cLogDtExea': '04/12/2025', 'cLogHrExea': '08:41:36', 'cLogArea': 'Desenvolvimento', 'cLogMnExec': 1.115}
2025-12-04 08:41:36,696-INFO-root-45164::log::send_log_with_retries|515:: Saving log locally.
2025-12-04 08:41:36,697-INFO-root-45164::log::save_log_locally|548:: [FwSendLog]: Não foi possível enviar o log após todas as tentativas.
2025-12-04 08:41:36,697-INFO-root-45164::log::save_log_locally|555:: [FwSendLog]: Log salvo localmente em C:\TIR_TESTE\1764848496.json.
2025-12-04 08:41:36,697-INFO-root-45164::webapp_internal::WaitShow|4980:: Waiting show text 'Moedas'...
2025-12-04 08:41:42,011-INFO-root-45164::webapp_internal::WaitShow|4980:: Waiting show text 'Tipos de Convênios'...
2025-12-04 08:41:42,086-INFO-root-45164::webapp_internal::WaitShow|4996:: Text found! 
2025-12-04 08:41:42,086-INFO-root-45164::webapp_internal::SetButton|4444:: Clicking on Incluir
2025-12-04 08:41:42,086-DEBUG-root-45164::webapp_internal::wait_blocker|2444:: Waiting blocker to continue...
2025-12-04 08:41:42,219-DEBUG-root-45164::webapp_internal::wait_blocker|2469:: Blocker status: False
2025-12-04 08:41:42,603-DEBUG-root-45164::webapp_internal::wait_element_timeout|7726:: Element found! Waiting for element to be displayed.
2025-12-04 08:41:42,910-DEBUG-root-45164::webapp_internal::SetButton|4481:: ***System Info*** Before Clicking on button:Incluir
2025-12-04 08:41:42,910-DEBUG-root-45164::psutil_info::system_info|5:: CPU USAGE: 13.5%
2025-12-04 08:41:42,911-DEBUG-root-45164::psutil_info::system_info|6:: MEMORY USAGE: 89.1%
2025-12-04 08:41:42,911-DEBUG-root-45164::psutil_info::system_info|7:: MEMORY AVAILABLE: 10.88%
2025-12-04 08:41:43,268-DEBUG-root-45164::webapp_internal::wait_element_timeout|7726:: Element found! Waiting for element to be displayed.
2025-12-04 08:41:43,599-DEBUG-root-45164::webapp_internal::wait_blocker|2444:: Waiting blocker to continue...
2025-12-04 08:41:43,736-DEBUG-root-45164::webapp_internal::wait_blocker|2469:: Blocker status: False
2025-12-04 08:41:43,769-DEBUG-root-45164::webapp_internal::wait_blocker|2444:: Waiting blocker to continue...
2025-12-04 08:41:43,875-DEBUG-root-45164::webapp_internal::wait_blocker|2469:: Blocker status: False
2025-12-04 08:41:43,876-DEBUG-root-45164::webapp_internal::send_action|10480:: Trying to send action
2025-12-04 08:41:43,879-DEBUG-root-45164::base::click|192:: Click Type: ClickType.JS
2025-12-04 08:41:44,934-DEBUG-root-45164::webapp_internal::send_action|10522:: send_action method result = True
2025-12-04 08:41:44,934-DEBUG-root-45164::webapp_internal::send_action|10523:: send_action selenium status: False
2025-12-04 08:41:44,934-DEBUG-root-45164::webapp_internal::SetButton|4683:: ***System Info*** After Clicking on button:
2025-12-04 08:41:44,935-DEBUG-root-45164::psutil_info::system_info|5:: CPU USAGE: 8.7%
2025-12-04 08:41:44,935-DEBUG-root-45164::psutil_info::system_info|6:: MEMORY USAGE: 89.2%
2025-12-04 08:41:44,935-DEBUG-root-45164::psutil_info::system_info|7:: MEMORY AVAILABLE: 10.79%
2025-12-04 08:41:44,936-INFO-root-45164::webapp_internal::WaitShow|4980:: Waiting show text 'Tipos de Convenios - INCLUIR'...
2025-12-04 08:41:45,071-INFO-root-45164::webapp_internal::WaitShow|4996:: Text found! 
2025-12-04 08:41:45,071-DEBUG-root-45164::webapp_internal::SetFocus|6011:: Setting focus on element ZD_DESCONV.
2025-12-04 08:41:45,226-DEBUG-root-45164::base::click|192:: Click Type: ClickType.SELENIUM
2025-12-04 08:41:45,297-DEBUG-root-45164::webapp_internal::wait_blocker|2444:: Waiting blocker to continue...
2025-12-04 08:41:45,415-DEBUG-root-45164::webapp_internal::wait_blocker|2469:: Blocker status: False
2025-12-04 08:41:45,416-DEBUG-root-45164::webapp_internal::wait_element|7623:: Waiting for element
2025-12-04 08:41:45,490-DEBUG-root-45164::webapp_internal::wait_element|7653:: Element found! Waiting for element to be displayed.
2025-12-04 08:41:45,555-INFO-root-45164::webapp_internal::input_value|2941:: Looking for element: ZD_DESCONV
2025-12-04 08:41:45,670-INFO-root-45164::webapp_internal::input_value|2951:: Element: ZD_DESCONV Found!
2025-12-04 08:41:45,670-INFO-root-45164::webapp_internal::input_value|2953:: Filling element: ZD_DESCONV
2025-12-04 08:41:45,691-DEBUG-root-45164::webapp_internal::get_web_value|3232:: Current value:                                                             
2025-12-04 08:41:45,726-DEBUG-root-45164::base::double_click|259:: Click Type: ClickType.SELENIUM
2025-12-04 08:41:45,993-DEBUG-root-45164::webapp_internal::wait_blocker|2444:: Waiting blocker to continue...
2025-12-04 08:41:46,158-DEBUG-root-45164::webapp_internal::wait_blocker|2469:: Blocker status: False
2025-12-04 08:41:46,502-DEBUG-root-45164::webapp_internal::get_web_value|3232:: Current value: TESTE INCLUSAO 01                                           
2025-12-04 08:41:46,503-INFO-root-45164::webapp_internal::input_value|3059:: Current field value: TESTE INCLUSAO 01
2025-12-04 08:41:46,535-DEBUG-root-45164::webapp_internal::wait_blocker|2444:: Waiting blocker to continue...
2025-12-04 08:41:46,682-DEBUG-root-45164::webapp_internal::wait_blocker|2469:: Blocker status: False
2025-12-04 08:41:46,683-INFO-root-45164::webapp_internal::SetKey|5822:: Key pressed: TAB
2025-12-04 08:41:46,683-DEBUG-root-45164::webapp_internal::SetKey|5857:: Trying press key
2025-12-04 08:41:48,687-DEBUG-root-45164::webapp_internal::wait_blocker|2444:: Waiting blocker to continue...
2025-12-04 08:41:48,823-DEBUG-root-45164::webapp_internal::wait_blocker|2469:: Blocker status: False
2025-12-04 08:41:48,864-DEBUG-root-45164::webapp_internal::wait_blocker|2444:: Waiting blocker to continue...
2025-12-04 08:41:49,009-DEBUG-root-45164::webapp_internal::wait_blocker|2469:: Blocker status: False
2025-12-04 08:41:49,010-DEBUG-root-45164::webapp_internal::send_action|10480:: Trying to send action
2025-12-04 08:41:50,047-DEBUG-root-45164::webapp_internal::send_action|10522:: send_action method result = True
2025-12-04 08:41:50,048-DEBUG-root-45164::webapp_internal::send_action|10523:: send_action selenium status: False
2025-12-04 08:41:50,048-DEBUG-root-45164::webapp_internal::wait_blocker|2444:: Waiting blocker to continue...
2025-12-04 08:41:50,181-DEBUG-root-45164::webapp_internal::wait_blocker|2469:: Blocker status: False
2025-12-04 08:41:50,182-DEBUG-root-45164::webapp_internal::wait_element|7623:: Waiting for element
2025-12-04 08:41:50,264-DEBUG-root-45164::webapp_internal::wait_element|7653:: Element found! Waiting for element to be displayed.
2025-12-04 08:41:50,337-INFO-root-45164::webapp_internal::input_value|2941:: Looking for element: ZD_TPMOV
2025-12-04 08:41:50,497-INFO-root-45164::webapp_internal::input_value|2951:: Element: ZD_TPMOV Found!
2025-12-04 08:41:50,498-INFO-root-45164::webapp_internal::input_value|2953:: Filling element: ZD_TPMOV
2025-12-04 08:41:51,735-INFO-root-45164::base::select_combo|871:: Selected value for combo is: 1 - Titular
2025-12-04 08:41:51,783-DEBUG-root-45164::webapp_internal::wait_blocker|2444:: Waiting blocker to continue...
2025-12-04 08:41:51,910-DEBUG-root-45164::webapp_internal::wait_blocker|2469:: Blocker status: False
2025-12-04 08:41:51,910-DEBUG-root-45164::webapp_internal::wait_element|7623:: Waiting for element
2025-12-04 08:41:52,005-DEBUG-root-45164::webapp_internal::wait_element|7653:: Element found! Waiting for element to be displayed.
2025-12-04 08:41:52,076-INFO-root-45164::webapp_internal::input_value|2941:: Looking for element: ZD_TPALTSA
2025-12-04 08:41:52,219-INFO-root-45164::webapp_internal::input_value|2951:: Element: ZD_TPALTSA Found!
2025-12-04 08:41:52,219-INFO-root-45164::webapp_internal::input_value|2953:: Filling element: ZD_TPALTSA
2025-12-04 08:41:52,258-DEBUG-root-45164::webapp_internal::get_web_value|3232:: Current value:    
2025-12-04 08:41:52,319-DEBUG-root-45164::base::double_click|259:: Click Type: ClickType.SELENIUM
2025-12-04 08:41:52,601-DEBUG-root-45164::webapp_internal::wait_blocker|2444:: Waiting blocker to continue...
2025-12-04 08:41:52,754-DEBUG-root-45164::webapp_internal::wait_blocker|2469:: Blocker status: False
2025-12-04 08:41:53,085-DEBUG-root-45164::webapp_internal::get_web_value|3232:: Current value: 003
2025-12-04 08:41:53,085-INFO-root-45164::webapp_internal::input_value|3059:: Current field value: 003
2025-12-04 08:41:53,100-INFO-root-45164::webapp_internal::WaitShow|4980:: Waiting show text 'Histórico'...
2025-12-04 08:41:55,208-INFO-root-45164::webapp_internal::WaitShow|4996:: Text found! 
2025-12-04 08:41:55,209-DEBUG-root-45164::webapp_internal::wait_blocker|2444:: Waiting blocker to continue...
2025-12-04 08:41:55,348-DEBUG-root-45164::webapp_internal::wait_blocker|2469:: Blocker status: False
2025-12-04 08:41:55,348-INFO-root-45164::webapp_internal::SetKey|5822:: Key pressed: TAB
2025-12-04 08:41:55,348-DEBUG-root-45164::webapp_internal::SetKey|5857:: Trying press key
2025-12-04 08:41:57,353-DEBUG-root-45164::webapp_internal::wait_blocker|2444:: Waiting blocker to continue...
2025-12-04 08:41:57,524-DEBUG-root-45164::webapp_internal::wait_blocker|2469:: Blocker status: False
2025-12-04 08:41:57,552-DEBUG-root-45164::webapp_internal::wait_blocker|2444:: Waiting blocker to continue...
2025-12-04 08:41:57,686-DEBUG-root-45164::webapp_internal::wait_blocker|2469:: Blocker status: False
2025-12-04 08:41:57,686-DEBUG-root-45164::webapp_internal::send_action|10480:: Trying to send action
2025-12-04 08:41:58,726-DEBUG-root-45164::webapp_internal::send_action|10522:: send_action method result = True
2025-12-04 08:41:58,727-DEBUG-root-45164::webapp_internal::send_action|10523:: send_action selenium status: False
2025-12-04 08:41:58,727-DEBUG-root-45164::webapp_internal::wait_blocker|2444:: Waiting blocker to continue...
2025-12-04 08:41:58,884-DEBUG-root-45164::webapp_internal::wait_blocker|2469:: Blocker status: False
2025-12-04 08:41:58,885-INFO-root-45164::webapp_internal::SetKey|5822:: Key pressed: TAB
2025-12-04 08:41:58,885-DEBUG-root-45164::webapp_internal::SetKey|5857:: Trying press key
2025-12-04 08:42:00,889-DEBUG-root-45164::webapp_internal::wait_blocker|2444:: Waiting blocker to continue...
2025-12-04 08:42:01,017-DEBUG-root-45164::webapp_internal::wait_blocker|2469:: Blocker status: False
2025-12-04 08:42:01,042-DEBUG-root-45164::webapp_internal::wait_blocker|2444:: Waiting blocker to continue...
2025-12-04 08:42:01,175-DEBUG-root-45164::webapp_internal::wait_blocker|2469:: Blocker status: False
2025-12-04 08:42:01,176-DEBUG-root-45164::webapp_internal::send_action|10480:: Trying to send action
2025-12-04 08:42:02,212-DEBUG-root-45164::webapp_internal::send_action|10522:: send_action method result = True
2025-12-04 08:42:02,212-DEBUG-root-45164::webapp_internal::send_action|10523:: send_action selenium status: False
2025-12-04 08:42:02,212-DEBUG-root-45164::webapp_internal::wait_blocker|2444:: Waiting blocker to continue...
2025-12-04 08:42:02,333-DEBUG-root-45164::webapp_internal::wait_blocker|2469:: Blocker status: False
2025-12-04 08:42:02,333-INFO-root-45164::webapp_internal::SetKey|5822:: Key pressed: TAB
2025-12-04 08:42:02,333-DEBUG-root-45164::webapp_internal::SetKey|5857:: Trying press key
2025-12-04 08:42:04,337-DEBUG-root-45164::webapp_internal::wait_blocker|2444:: Waiting blocker to continue...
2025-12-04 08:42:04,458-DEBUG-root-45164::webapp_internal::wait_blocker|2469:: Blocker status: False
2025-12-04 08:42:04,487-DEBUG-root-45164::webapp_internal::wait_blocker|2444:: Waiting blocker to continue...
2025-12-04 08:42:04,613-DEBUG-root-45164::webapp_internal::wait_blocker|2469:: Blocker status: False
2025-12-04 08:42:04,613-DEBUG-root-45164::webapp_internal::send_action|10480:: Trying to send action
2025-12-04 08:42:05,668-DEBUG-root-45164::webapp_internal::send_action|10522:: send_action method result = True
2025-12-04 08:42:05,668-DEBUG-root-45164::webapp_internal::send_action|10523:: send_action selenium status: False
2025-12-04 08:42:05,668-DEBUG-root-45164::webapp_internal::wait_blocker|2444:: Waiting blocker to continue...
2025-12-04 08:42:05,803-DEBUG-root-45164::webapp_internal::wait_blocker|2469:: Blocker status: False
2025-12-04 08:42:05,803-INFO-root-45164::webapp_internal::SetKey|5822:: Key pressed: TAB
2025-12-04 08:42:05,803-DEBUG-root-45164::webapp_internal::SetKey|5857:: Trying press key
2025-12-04 08:42:07,807-DEBUG-root-45164::webapp_internal::wait_blocker|2444:: Waiting blocker to continue...
2025-12-04 08:42:07,931-DEBUG-root-45164::webapp_internal::wait_blocker|2469:: Blocker status: False
2025-12-04 08:42:07,957-DEBUG-root-45164::webapp_internal::wait_blocker|2444:: Waiting blocker to continue...
2025-12-04 08:42:08,084-DEBUG-root-45164::webapp_internal::wait_blocker|2469:: Blocker status: False
2025-12-04 08:42:08,084-DEBUG-root-45164::webapp_internal::send_action|10480:: Trying to send action
2025-12-04 08:42:09,122-DEBUG-root-45164::webapp_internal::send_action|10522:: send_action method result = True
2025-12-04 08:42:09,122-DEBUG-root-45164::webapp_internal::send_action|10523:: send_action selenium status: False
2025-12-04 08:42:09,122-DEBUG-root-45164::webapp_internal::wait_blocker|2444:: Waiting blocker to continue...
2025-12-04 08:42:09,248-DEBUG-root-45164::webapp_internal::wait_blocker|2469:: Blocker status: False
2025-12-04 08:42:09,248-INFO-root-45164::webapp_internal::SetKey|5822:: Key pressed: TAB
2025-12-04 08:42:09,248-DEBUG-root-45164::webapp_internal::SetKey|5857:: Trying press key
2025-12-04 08:42:11,252-DEBUG-root-45164::webapp_internal::wait_blocker|2444:: Waiting blocker to continue...
2025-12-04 08:42:11,422-DEBUG-root-45164::webapp_internal::wait_blocker|2469:: Blocker status: False
2025-12-04 08:42:11,446-DEBUG-root-45164::webapp_internal::wait_blocker|2444:: Waiting blocker to continue...
2025-12-04 08:42:11,572-DEBUG-root-45164::webapp_internal::wait_blocker|2469:: Blocker status: False
2025-12-04 08:42:11,573-DEBUG-root-45164::webapp_internal::send_action|10480:: Trying to send action
2025-12-04 08:42:12,607-DEBUG-root-45164::webapp_internal::send_action|10522:: send_action method result = True
2025-12-04 08:42:12,607-DEBUG-root-45164::webapp_internal::send_action|10523:: send_action selenium status: False
2025-12-04 08:42:12,609-DEBUG-root-45164::webapp_internal::wait_element|7623:: Waiting for element
2025-12-04 08:42:12,687-DEBUG-root-45164::webapp_internal::wait_element|7653:: Element found! Waiting for element to be displayed.
2025-12-04 08:42:12,909-DEBUG-root-45164::webapp_internal::wait_blocker|2444:: Waiting blocker to continue...
2025-12-04 08:42:13,031-DEBUG-root-45164::webapp_internal::wait_blocker|2469:: Blocker status: False
2025-12-04 08:42:13,031-INFO-root-45164::webapp_internal::LoadGrid|6298:: Filling grid field: Data Inicio
2025-12-04 08:42:13,032-DEBUG-root-45164::webapp_internal::fill_grid|6399:: Grid loading...
2025-12-04 08:42:13,155-DEBUG-root-45164::webapp_internal::fill_grid|6466:: Column found!
2025-12-04 08:42:13,192-DEBUG-root-45164::base::click|192:: Click Type: ClickType.ACTIONCHAINS
2025-12-04 08:42:18,649-DEBUG-root-45164::webapp_internal::fill_grid|6498:: Trying open cell in grid!
2025-12-04 08:42:18,931-DEBUG-root-45164::webapp_internal::wait_blocker|2444:: Waiting blocker to continue...
2025-12-04 08:42:19,085-DEBUG-root-45164::webapp_internal::wait_blocker|2469:: Blocker status: False
2025-12-04 08:42:19,270-DEBUG-root-45164::webapp_internal::wait_element_timeout|7726:: Element found! Waiting for element to be displayed.
2025-12-04 08:42:19,634-DEBUG-root-45164::webapp_internal::fill_grid|6577:: Sending keys: 04/11/2025
2025-12-04 08:42:19,940-DEBUG-root-45164::webapp_internal::wait_blocker|2444:: Waiting blocker to continue...
2025-12-04 08:42:20,082-DEBUG-root-45164::webapp_internal::wait_blocker|2469:: Blocker status: False
2025-12-04 08:42:25,383-DEBUG-root-45164::webapp_internal::wait_blocker|2444:: Waiting blocker to continue...
2025-12-04 08:42:25,506-DEBUG-root-45164::webapp_internal::wait_blocker|2469:: Blocker status: False
2025-12-04 08:42:25,506-INFO-root-45164::webapp_internal::LoadGrid|6298:: Filling grid field: Data Fim
2025-12-04 08:42:25,506-DEBUG-root-45164::webapp_internal::fill_grid|6399:: Grid loading...
2025-12-04 08:42:25,627-DEBUG-root-45164::webapp_internal::fill_grid|6466:: Column found!
2025-12-04 08:42:25,666-DEBUG-root-45164::base::click|192:: Click Type: ClickType.ACTIONCHAINS
2025-12-04 08:42:31,008-DEBUG-root-45164::webapp_internal::fill_grid|6498:: Trying open cell in grid!
2025-12-04 08:42:31,291-DEBUG-root-45164::webapp_internal::wait_blocker|2444:: Waiting blocker to continue...
2025-12-04 08:42:31,473-DEBUG-root-45164::webapp_internal::wait_blocker|2469:: Blocker status: False
2025-12-04 08:42:31,666-DEBUG-root-45164::webapp_internal::wait_element_timeout|7726:: Element found! Waiting for element to be displayed.
2025-12-04 08:42:32,042-DEBUG-root-45164::webapp_internal::fill_grid|6577:: Sending keys: 03/01/2026
2025-12-04 08:42:32,354-DEBUG-root-45164::webapp_internal::wait_blocker|2444:: Waiting blocker to continue...
2025-12-04 08:42:32,499-DEBUG-root-45164::webapp_internal::wait_blocker|2469:: Blocker status: False
2025-12-04 08:42:37,831-DEBUG-root-45164::webapp_internal::wait_blocker|2444:: Waiting blocker to continue...
2025-12-04 08:42:37,949-DEBUG-root-45164::webapp_internal::wait_blocker|2469:: Blocker status: False
2025-12-04 08:42:37,949-INFO-root-45164::webapp_internal::LoadGrid|6298:: Filling grid field: Verba
2025-12-04 08:42:37,949-DEBUG-root-45164::webapp_internal::fill_grid|6399:: Grid loading...
2025-12-04 08:42:38,111-DEBUG-root-45164::webapp_internal::fill_grid|6466:: Column found!
2025-12-04 08:42:38,148-DEBUG-root-45164::base::click|192:: Click Type: ClickType.ACTIONCHAINS
2025-12-04 08:42:43,468-DEBUG-root-45164::webapp_internal::fill_grid|6498:: Trying open cell in grid!
2025-12-04 08:42:43,751-DEBUG-root-45164::webapp_internal::wait_blocker|2444:: Waiting blocker to continue...
2025-12-04 08:42:43,887-DEBUG-root-45164::webapp_internal::wait_blocker|2469:: Blocker status: False
2025-12-04 08:42:44,070-DEBUG-root-45164::webapp_internal::wait_element_timeout|7726:: Element found! Waiting for element to be displayed.
2025-12-04 08:42:44,402-DEBUG-root-45164::webapp_internal::fill_grid|6577:: Sending keys: 010
2025-12-04 08:42:44,707-DEBUG-root-45164::webapp_internal::wait_blocker|2444:: Waiting blocker to continue...
2025-12-04 08:42:44,846-DEBUG-root-45164::webapp_internal::wait_blocker|2469:: Blocker status: False
2025-12-04 08:42:50,117-DEBUG-root-45164::webapp_internal::wait_blocker|2444:: Waiting blocker to continue...
2025-12-04 08:42:50,240-DEBUG-root-45164::webapp_internal::wait_blocker|2469:: Blocker status: False
2025-12-04 08:42:50,241-INFO-root-45164::webapp_internal::LoadGrid|6298:: Filling grid field: Verba s/Inci
2025-12-04 08:42:50,241-DEBUG-root-45164::webapp_internal::fill_grid|6399:: Grid loading...
2025-12-04 08:42:50,393-DEBUG-root-45164::webapp_internal::fill_grid|6466:: Column found!
2025-12-04 08:42:50,441-DEBUG-root-45164::base::click|192:: Click Type: ClickType.ACTIONCHAINS
2025-12-04 08:42:55,832-DEBUG-root-45164::webapp_internal::fill_grid|6498:: Trying open cell in grid!
2025-12-04 08:42:56,118-DEBUG-root-45164::webapp_internal::wait_blocker|2444:: Waiting blocker to continue...
2025-12-04 08:42:56,273-DEBUG-root-45164::webapp_internal::wait_blocker|2469:: Blocker status: False
2025-12-04 08:42:56,459-DEBUG-root-45164::webapp_internal::wait_element_timeout|7726:: Element found! Waiting for element to be displayed.
2025-12-04 08:42:56,839-DEBUG-root-45164::webapp_internal::fill_grid|6577:: Sending keys: 010
2025-12-04 08:42:57,141-DEBUG-root-45164::webapp_internal::wait_blocker|2444:: Waiting blocker to continue...
2025-12-04 08:42:57,286-DEBUG-root-45164::webapp_internal::wait_blocker|2469:: Blocker status: False
2025-12-04 08:43:02,650-DEBUG-root-45164::webapp_internal::wait_blocker|2444:: Waiting blocker to continue...
2025-12-04 08:43:02,790-DEBUG-root-45164::webapp_internal::wait_blocker|2469:: Blocker status: False
2025-12-04 08:43:02,790-INFO-root-45164::webapp_internal::LoadGrid|6298:: Filling grid field: Vlr Dependen
2025-12-04 08:43:02,790-DEBUG-root-45164::webapp_internal::fill_grid|6399:: Grid loading...
2025-12-04 08:43:02,940-DEBUG-root-45164::webapp_internal::fill_grid|6466:: Column found!
2025-12-04 08:43:02,975-DEBUG-root-45164::base::click|192:: Click Type: ClickType.ACTIONCHAINS
2025-12-04 08:43:08,366-DEBUG-root-45164::webapp_internal::fill_grid|6498:: Trying open cell in grid!
2025-12-04 08:43:08,650-DEBUG-root-45164::webapp_internal::wait_blocker|2444:: Waiting blocker to continue...
2025-12-04 08:43:08,817-DEBUG-root-45164::webapp_internal::wait_blocker|2469:: Blocker status: False
2025-12-04 08:43:09,005-DEBUG-root-45164::webapp_internal::wait_element_timeout|7726:: Element found! Waiting for element to be displayed.
2025-12-04 08:43:09,167-DEBUG-root-45164::base::click|192:: Click Type: ClickType.JS
2025-12-04 08:43:09,343-DEBUG-root-45164::webapp_internal::fill_grid|6577:: Sending keys: 128
2025-12-04 08:43:09,610-DEBUG-root-45164::webapp_internal::wait_blocker|2444:: Waiting blocker to continue...
2025-12-04 08:43:09,739-DEBUG-root-45164::webapp_internal::wait_blocker|2469:: Blocker status: False
2025-12-04 08:43:09,893-DEBUG-root-45164::webapp_internal::wait_element_timeout|7726:: Element found! Waiting for element to be displayed.
2025-12-04 08:43:10,170-DEBUG-root-45164::webapp_internal::fill_grid|6466:: Column found!
2025-12-04 08:43:10,209-DEBUG-root-45164::base::click|192:: Click Type: ClickType.ACTIONCHAINS
2025-12-04 08:43:15,510-DEBUG-root-45164::webapp_internal::fill_grid|6498:: Trying open cell in grid!
2025-12-04 08:43:15,802-DEBUG-root-45164::webapp_internal::wait_blocker|2444:: Waiting blocker to continue...
2025-12-04 08:43:15,953-DEBUG-root-45164::webapp_internal::wait_blocker|2469:: Blocker status: False
2025-12-04 08:43:16,136-DEBUG-root-45164::webapp_internal::wait_element_timeout|7726:: Element found! Waiting for element to be displayed.
2025-12-04 08:43:16,293-DEBUG-root-45164::base::click|192:: Click Type: ClickType.JS
2025-12-04 08:43:16,526-DEBUG-root-45164::webapp_internal::fill_grid|6577:: Sending keys: 128
2025-12-04 08:43:16,811-DEBUG-root-45164::webapp_internal::wait_blocker|2444:: Waiting blocker to continue...
2025-12-04 08:43:16,937-DEBUG-root-45164::webapp_internal::wait_blocker|2469:: Blocker status: False
2025-12-04 08:43:17,091-DEBUG-root-45164::webapp_internal::wait_element_timeout|7726:: Element found! Waiting for element to be displayed.
2025-12-04 08:43:17,383-DEBUG-root-45164::webapp_internal::fill_grid|6466:: Column found!
2025-12-04 08:43:17,418-DEBUG-root-45164::base::click|192:: Click Type: ClickType.ACTIONCHAINS
2025-12-04 08:43:22,761-DEBUG-root-45164::webapp_internal::fill_grid|6498:: Trying open cell in grid!
2025-12-04 08:43:23,054-DEBUG-root-45164::webapp_internal::wait_blocker|2444:: Waiting blocker to continue...
2025-12-04 08:43:23,208-DEBUG-root-45164::webapp_internal::wait_blocker|2469:: Blocker status: False
2025-12-04 08:43:23,389-DEBUG-root-45164::webapp_internal::wait_element_timeout|7726:: Element found! Waiting for element to be displayed.
2025-12-04 08:43:23,543-DEBUG-root-45164::base::click|192:: Click Type: ClickType.JS
2025-12-04 08:43:23,741-DEBUG-root-45164::webapp_internal::fill_grid|6577:: Sending keys: 128
2025-12-04 08:43:24,038-DEBUG-root-45164::webapp_internal::wait_blocker|2444:: Waiting blocker to continue...
2025-12-04 08:43:24,168-DEBUG-root-45164::webapp_internal::wait_blocker|2469:: Blocker status: False
2025-12-04 08:43:24,321-DEBUG-root-45164::webapp_internal::wait_element_timeout|7726:: Element found! Waiting for element to be displayed.
2025-12-04 08:43:24,593-DEBUG-root-45164::webapp_internal::fill_grid|6466:: Column found!
2025-12-04 08:43:24,628-DEBUG-root-45164::base::click|192:: Click Type: ClickType.ACTIONCHAINS
2025-12-04 08:43:29,932-DEBUG-root-45164::webapp_internal::fill_grid|6498:: Trying open cell in grid!
2025-12-04 08:43:30,208-DEBUG-root-45164::webapp_internal::wait_blocker|2444:: Waiting blocker to continue...
2025-12-04 08:43:30,373-DEBUG-root-45164::webapp_internal::wait_blocker|2469:: Blocker status: False
2025-12-04 08:43:30,573-DEBUG-root-45164::webapp_internal::wait_element_timeout|7726:: Element found! Waiting for element to be displayed.
2025-12-04 08:43:30,751-DEBUG-root-45164::base::click|192:: Click Type: ClickType.JS
2025-12-04 08:43:30,937-DEBUG-root-45164::webapp_internal::fill_grid|6577:: Sending keys: 128
2025-12-04 08:43:31,226-DEBUG-root-45164::webapp_internal::wait_blocker|2444:: Waiting blocker to continue...
2025-12-04 08:43:31,380-DEBUG-root-45164::webapp_internal::wait_blocker|2469:: Blocker status: False
2025-12-04 08:43:31,533-DEBUG-root-45164::webapp_internal::wait_element_timeout|7726:: Element found! Waiting for element to be displayed.
2025-12-04 08:43:31,807-DEBUG-root-45164::webapp_internal::fill_grid|6466:: Column found!
2025-12-04 08:43:31,843-DEBUG-root-45164::base::click|192:: Click Type: ClickType.ACTIONCHAINS
2025-12-04 08:43:37,253-DEBUG-root-45164::webapp_internal::fill_grid|6498:: Trying open cell in grid!
2025-12-04 08:43:37,541-DEBUG-root-45164::webapp_internal::wait_blocker|2444:: Waiting blocker to continue...
2025-12-04 08:43:37,678-DEBUG-root-45164::webapp_internal::wait_blocker|2469:: Blocker status: False
2025-12-04 08:43:37,860-DEBUG-root-45164::webapp_internal::wait_element_timeout|7726:: Element found! Waiting for element to be displayed.
2025-12-04 08:43:38,027-DEBUG-root-45164::base::click|192:: Click Type: ClickType.JS
2025-12-04 08:43:38,203-DEBUG-root-45164::webapp_internal::fill_grid|6577:: Sending keys: 128
2025-12-04 08:43:38,490-DEBUG-root-45164::webapp_internal::wait_blocker|2444:: Waiting blocker to continue...
2025-12-04 08:43:38,619-DEBUG-root-45164::webapp_internal::wait_blocker|2469:: Blocker status: False
2025-12-04 08:43:38,787-DEBUG-root-45164::webapp_internal::wait_element_timeout|7726:: Element found! Waiting for element to be displayed.
2025-12-04 08:43:39,070-DEBUG-root-45164::webapp_internal::fill_grid|6466:: Column found!
2025-12-04 08:43:39,105-DEBUG-root-45164::base::click|192:: Click Type: ClickType.ACTIONCHAINS
2025-12-04 08:43:44,498-DEBUG-root-45164::webapp_internal::fill_grid|6498:: Trying open cell in grid!
2025-12-04 08:43:44,788-DEBUG-root-45164::webapp_internal::wait_blocker|2444:: Waiting blocker to continue...
2025-12-04 08:43:44,952-DEBUG-root-45164::webapp_internal::wait_blocker|2469:: Blocker status: False
2025-12-04 08:43:45,137-DEBUG-root-45164::webapp_internal::wait_element_timeout|7726:: Element found! Waiting for element to be displayed.
2025-12-04 08:43:45,307-DEBUG-root-45164::base::click|192:: Click Type: ClickType.JS
2025-12-04 08:43:45,514-DEBUG-root-45164::webapp_internal::fill_grid|6577:: Sending keys: 128
2025-12-04 08:43:45,815-DEBUG-root-45164::webapp_internal::wait_blocker|2444:: Waiting blocker to continue...
2025-12-04 08:43:45,944-DEBUG-root-45164::webapp_internal::wait_blocker|2469:: Blocker status: False
2025-12-04 08:43:46,104-DEBUG-root-45164::webapp_internal::wait_element_timeout|7726:: Element found! Waiting for element to be displayed.
2025-12-04 08:43:46,387-DEBUG-root-45164::webapp_internal::fill_grid|6466:: Column found!
2025-12-04 08:43:46,423-DEBUG-root-45164::base::click|192:: Click Type: ClickType.ACTIONCHAINS
2025-12-04 08:43:51,765-DEBUG-root-45164::webapp_internal::fill_grid|6498:: Trying open cell in grid!
2025-12-04 08:43:52,052-DEBUG-root-45164::webapp_internal::wait_blocker|2444:: Waiting blocker to continue...
2025-12-04 08:43:52,204-DEBUG-root-45164::webapp_internal::wait_blocker|2469:: Blocker status: False
2025-12-04 08:43:52,388-DEBUG-root-45164::webapp_internal::wait_element_timeout|7726:: Element found! Waiting for element to be displayed.
2025-12-04 08:43:52,572-DEBUG-root-45164::base::click|192:: Click Type: ClickType.JS
2025-12-04 08:43:52,754-DEBUG-root-45164::webapp_internal::fill_grid|6577:: Sending keys: 128
2025-12-04 08:43:53,052-DEBUG-root-45164::webapp_internal::wait_blocker|2444:: Waiting blocker to continue...
2025-12-04 08:43:53,225-DEBUG-root-45164::webapp_internal::wait_blocker|2469:: Blocker status: False
2025-12-04 08:43:53,389-DEBUG-root-45164::webapp_internal::wait_element_timeout|7726:: Element found! Waiting for element to be displayed.
2025-12-04 08:43:53,705-DEBUG-root-45164::webapp_internal::fill_grid|6466:: Column found!
2025-12-04 08:43:53,742-DEBUG-root-45164::base::click|192:: Click Type: ClickType.ACTIONCHAINS
2025-12-04 08:43:58,763-ERROR-root-45164::webapp_internal::web_scrap|3782:: Message: WebDriver session does not exist, or is not active
Stacktrace:
RemoteError@chrome://remote/content/shared/RemoteError.sys.mjs:8:8
WebDriverError@chrome://remote/content/shared/webdriver/Errors.sys.mjs:202:5
InvalidSessionIDError@chrome://remote/content/shared/webdriver/Errors.sys.mjs:472:5
assert.that/<@chrome://remote/content/shared/webdriver/Assert.sys.mjs:581:13
assert.session@chrome://remote/content/shared/webdriver/Assert.sys.mjs:38:4
dispatch@chrome://remote/content/marionette/server.sys.mjs:315:19
execute@chrome://remote/content/marionette/server.sys.mjs:289:16
onPacket/<@chrome://remote/content/marionette/server.sys.mjs:262:20
onPacket@chrome://remote/content/marionette/server.sys.mjs:263:9
_onJSONObjectReady/<@chrome://remote/content/marionette/transport.sys.mjs:494:20
Traceback (most recent call last):
  File "C:\TIR_TESTE\venv\Lib\site-packages\tir\technologies\core\base.py", line 501, in get_current_DOM
    self.driver.switch_to.default_content()
  File "C:\TIR_TESTE\venv\Lib\site-packages\selenium\webdriver\remote\switch_to.py", line 69, in default_content
    self._driver.execute(Command.SWITCH_TO_FRAME, {"id": None})
  File "C:\TIR_TESTE\venv\Lib\site-packages\selenium\webdriver\remote\webdriver.py", line 347, in execute
    self.error_handler.check_response(response)
  File "C:\TIR_TESTE\venv\Lib\site-packages\selenium\webdriver\remote\errorhandler.py", line 229, in check_response
    raise exception_class(message, screen, stacktrace)
selenium.common.exceptions.InvalidSessionIdException: Message: WebDriver session does not exist, or is not active
Stacktrace:
RemoteError@chrome://remote/content/shared/RemoteError.sys.mjs:8:8
WebDriverError@chrome://remote/content/shared/webdriver/Errors.sys.mjs:202:5
InvalidSessionIDError@chrome://remote/content/shared/webdriver/Errors.sys.mjs:472:5
assert.that/<@chrome://remote/content/shared/webdriver/Assert.sys.mjs:581:13
assert.session@chrome://remote/content/shared/webdriver/Assert.sys.mjs:38:4
dispatch@chrome://remote/content/marionette/server.sys.mjs:315:19
execute@chrome://remote/content/marionette/server.sys.mjs:289:16
onPacket/<@chrome://remote/content/marionette/server.sys.mjs:262:20
onPacket@chrome://remote/content/marionette/server.sys.mjs:263:9
_onJSONObjectReady/<@chrome://remote/content/marionette/transport.sys.mjs:494:20


During handling of the above exception, another exception occurred:

Traceback (most recent call last):
  File "C:\TIR_TESTE\venv\Lib\site-packages\tir\technologies\webapp_internal.py", line 3719, in web_scrap
    soup = self.get_current_DOM(twebview=twebview)
           ^^^^^^^^^^^^^^^^^^^^^^^^^^^^^^^^^^^^^^^
  File "C:\TIR_TESTE\venv\Lib\site-packages\tir\technologies\core\base.py", line 538, in get_current_DOM
    self.driver.switch_to.default_content()
  File "C:\TIR_TESTE\venv\Lib\site-packages\selenium\webdriver\remote\switch_to.py", line 69, in default_content
    self._driver.execute(Command.SWITCH_TO_FRAME, {"id": None})
  File "C:\TIR_TESTE\venv\Lib\site-packages\selenium\webdriver\remote\webdriver.py", line 347, in execute
    self.error_handler.check_response(response)
  File "C:\TIR_TESTE\venv\Lib\site-packages\selenium\webdriver\remote\errorhandler.py", line 229, in check_response
    raise exception_class(message, screen, stacktrace)
selenium.common.exceptions.InvalidSessionIdException: Message: WebDriver session does not exist, or is not active
Stacktrace:
RemoteError@chrome://remote/content/shared/RemoteError.sys.mjs:8:8
WebDriverError@chrome://remote/content/shared/webdriver/Errors.sys.mjs:202:5
InvalidSessionIDError@chrome://remote/content/shared/webdriver/Errors.sys.mjs:472:5
assert.that/<@chrome://remote/content/shared/webdriver/Assert.sys.mjs:581:13
assert.session@chrome://remote/content/shared/webdriver/Assert.sys.mjs:38:4
dispatch@chrome://remote/content/marionette/server.sys.mjs:315:19
execute@chrome://remote/content/marionette/server.sys.mjs:289:16
onPacket/<@chrome://remote/content/marionette/server.sys.mjs:262:20
onPacket@chrome://remote/content/marionette/server.sys.mjs:263:9
_onJSONObjectReady/<@chrome://remote/content/marionette/transport.sys.mjs:494:20

2025-12-04 08:43:59,245-ERROR-root-45164::webapp_internal::fill_grid|6675:: fill grid error: Message: Tried to run command without establishing a connection
Traceback (most recent call last):
  File "C:\TIR_TESTE\venv\Lib\site-packages\tir\technologies\core\base.py", line 501, in get_current_DOM
    self.driver.switch_to.default_content()
  File "C:\TIR_TESTE\venv\Lib\site-packages\selenium\webdriver\remote\switch_to.py", line 69, in default_content
    self._driver.execute(Command.SWITCH_TO_FRAME, {"id": None})
  File "C:\TIR_TESTE\venv\Lib\site-packages\selenium\webdriver\remote\webdriver.py", line 347, in execute
    self.error_handler.check_response(response)
  File "C:\TIR_TESTE\venv\Lib\site-packages\selenium\webdriver\remote\errorhandler.py", line 229, in check_response
    raise exception_class(message, screen, stacktrace)
selenium.common.exceptions.WebDriverException: Message: Failed to decode response from marionette


During handling of the above exception, another exception occurred:

Traceback (most recent call last):
  File "C:\TIR_TESTE\venv\Lib\site-packages\tir\technologies\webapp_internal.py", line 6492, in fill_grid
    while (time.time() < endtime_open_cell and not self.wait_element_timeout(term='wa-dialog',
                                                   ^^^^^^^^^^^^^^^^^^^^^^^^^^^^^^^^^^^^^^^^^^^
  File "C:\TIR_TESTE\venv\Lib\site-packages\tir\technologies\webapp_internal.py", line 7713, in wait_element_timeout
    if self.element_exists(term, scrap_type, position, optional_term, main_container, check_error, twebview):
       ^^^^^^^^^^^^^^^^^^^^^^^^^^^^^^^^^^^^^^^^^^^^^^^^^^^^^^^^^^^^^^^^^^^^^^^^^^^^^^^^^^^^^^^^^^^^^^^^^^^^^
  File "C:\TIR_TESTE\venv\Lib\site-packages\tir\technologies\webapp_internal.py", line 4073, in element_exists
    soup = self.get_current_DOM(twebview=twebview)
           ^^^^^^^^^^^^^^^^^^^^^^^^^^^^^^^^^^^^^^^
  File "C:\TIR_TESTE\venv\Lib\site-packages\tir\technologies\core\base.py", line 538, in get_current_DOM
    self.driver.switch_to.default_content()
  File "C:\TIR_TESTE\venv\Lib\site-packages\selenium\webdriver\remote\switch_to.py", line 69, in default_content
    self._driver.execute(Command.SWITCH_TO_FRAME, {"id": None})
  File "C:\TIR_TESTE\venv\Lib\site-packages\selenium\webdriver\remote\webdriver.py", line 347, in execute
    self.error_handler.check_response(response)
  File "C:\TIR_TESTE\venv\Lib\site-packages\selenium\webdriver\remote\errorhandler.py", line 229, in check_response
    raise exception_class(message, screen, stacktrace)
selenium.common.exceptions.InvalidSessionIdException: Message: Tried to run command without establishing a connection

2025-12-04 08:43:59,246-WARNING-root-45164::webapp_internal::log_error|8143:: Warning log_error fill grid error: Message: Tried to run command without establishing a connection

2025-12-04 08:43:59,246-DEBUG-root-45164::webapp_internal::log_error|8146:: ***System Info*** in log_error():
2025-12-04 08:43:59,247-DEBUG-root-45164::psutil_info::system_info|5:: CPU USAGE: 9.9%
2025-12-04 08:43:59,247-DEBUG-root-45164::psutil_info::system_info|6:: MEMORY USAGE: 81.1%
2025-12-04 08:43:59,248-DEBUG-root-45164::psutil_info::system_info|7:: MEMORY AVAILABLE: 18.91%
2025-12-04 08:43:59,271-ERROR-root-45164::webapp_internal::log_error|8181:: Warning Log Error Close Message: Tried to run command without establishing a connection
Traceback (most recent call last):
  File "C:\TIR_TESTE\venv\Lib\site-packages\tir\technologies\core\base.py", line 501, in get_current_DOM
    self.driver.switch_to.default_content()
  File "C:\TIR_TESTE\venv\Lib\site-packages\selenium\webdriver\remote\switch_to.py", line 69, in default_content
    self._driver.execute(Command.SWITCH_TO_FRAME, {"id": None})
  File "C:\TIR_TESTE\venv\Lib\site-packages\selenium\webdriver\remote\webdriver.py", line 347, in execute
    self.error_handler.check_response(response)
  File "C:\TIR_TESTE\venv\Lib\site-packages\selenium\webdriver\remote\errorhandler.py", line 229, in check_response
    raise exception_class(message, screen, stacktrace)
selenium.common.exceptions.WebDriverException: Message: Failed to decode response from marionette


During handling of the above exception, another exception occurred:

Traceback (most recent call last):
  File "C:\TIR_TESTE\venv\Lib\site-packages\tir\technologies\webapp_internal.py", line 6492, in fill_grid
    while (time.time() < endtime_open_cell and not self.wait_element_timeout(term='wa-dialog',
                                                   ^^^^^^^^^^^^^^^^^^^^^^^^^^^^^^^^^^^^^^^^^^^
  File "C:\TIR_TESTE\venv\Lib\site-packages\tir\technologies\webapp_internal.py", line 7713, in wait_element_timeout
    if self.element_exists(term, scrap_type, position, optional_term, main_container, check_error, twebview):
       ^^^^^^^^^^^^^^^^^^^^^^^^^^^^^^^^^^^^^^^^^^^^^^^^^^^^^^^^^^^^^^^^^^^^^^^^^^^^^^^^^^^^^^^^^^^^^^^^^^^^^
  File "C:\TIR_TESTE\venv\Lib\site-packages\tir\technologies\webapp_internal.py", line 4073, in element_exists
    soup = self.get_current_DOM(twebview=twebview)
           ^^^^^^^^^^^^^^^^^^^^^^^^^^^^^^^^^^^^^^^
  File "C:\TIR_TESTE\venv\Lib\site-packages\tir\technologies\core\base.py", line 538, in get_current_DOM
    self.driver.switch_to.default_content()
  File "C:\TIR_TESTE\venv\Lib\site-packages\selenium\webdriver\remote\switch_to.py", line 69, in default_content
    self._driver.execute(Command.SWITCH_TO_FRAME, {"id": None})
  File "C:\TIR_TESTE\venv\Lib\site-packages\selenium\webdriver\remote\webdriver.py", line 347, in execute
    self.error_handler.check_response(response)
  File "C:\TIR_TESTE\venv\Lib\site-packages\selenium\webdriver\remote\errorhandler.py", line 229, in check_response
    raise exception_class(message, screen, stacktrace)
selenium.common.exceptions.InvalidSessionIdException: Message: Tried to run command without establishing a connection


During handling of the above exception, another exception occurred:

Traceback (most recent call last):
  File "C:\TIR_TESTE\venv\Lib\site-packages\tir\technologies\webapp_internal.py", line 8179, in log_error
    self.driver.close()
  File "C:\TIR_TESTE\venv\Lib\site-packages\selenium\webdriver\remote\webdriver.py", line 458, in close
    self.execute(Command.CLOSE)
  File "C:\TIR_TESTE\venv\Lib\site-packages\selenium\webdriver\remote\webdriver.py", line 347, in execute
    self.error_handler.check_response(response)
  File "C:\TIR_TESTE\venv\Lib\site-packages\selenium\webdriver\remote\errorhandler.py", line 229, in check_response
    raise exception_class(message, screen, stacktrace)
selenium.common.exceptions.InvalidSessionIdException: Message: Tried to run command without establishing a connection

2025-12-04 08:43:59,793-ERROR-root-45164::webapp_internal::TearDown|9654:: Warning tearDown Close Message: Tried to run command without establishing a connection
Traceback (most recent call last):
  File "C:\TIR_TESTE\venv\Lib\site-packages\tir\technologies\webapp_internal.py", line 9652, in TearDown
    self.driver.close()
  File "C:\TIR_TESTE\venv\Lib\site-packages\selenium\webdriver\remote\webdriver.py", line 458, in close
    self.execute(Command.CLOSE)
  File "C:\TIR_TESTE\venv\Lib\site-packages\selenium\webdriver\remote\webdriver.py", line 347, in execute
    self.error_handler.check_response(response)
  File "C:\TIR_TESTE\venv\Lib\site-packages\selenium\webdriver\remote\errorhandler.py", line 229, in check_response
    raise exception_class(message, screen, stacktrace)
selenium.common.exceptions.InvalidSessionIdException: Message: Tried to run command without establishing a connection

2025-12-04 08:40:29,908-DEBUG-root-45164::logging_config::logger|189:: Log file created: 'Log\GESIT03\TIR__20251204084029904.log'
2025-12-04 08:40:29,908-INFO-root-45164::base::Start|1183:: TIR Version: 2.4.3
2025-12-04 08:40:29,908-INFO-root-45164::base::Start|1184:: Python Version: 3.12.10
2025-12-04 08:40:29,908-INFO-root-45164::base::Start|1185:: Starting the browser
2025-12-04 08:40:37,642-INFO-root-45164::base::get_url|1294:: Page is ready!
2025-12-04 08:40:37,646-INFO-root-45164::base::Start|1256:: Browser maximized to 1936x1048
2025-12-04 08:40:37,651-INFO-root-45164::base::Start|1258:: Screen size is different from default used in headless mode
2025-12-04 08:40:37,891-INFO-root-45164::webapp_internal::Setup|247:: ***System Info*** in Setup():
2025-12-04 08:40:37,893-DEBUG-root-45164::psutil_info::system_info|5:: CPU USAGE: 26.0%
2025-12-04 08:40:37,893-DEBUG-root-45164::psutil_info::system_info|6:: MEMORY USAGE: 88.2%
2025-12-04 08:40:37,894-DEBUG-root-45164::psutil_info::system_info|7:: MEMORY AVAILABLE: 11.76%
2025-12-04 08:40:37,916-INFO-root-45164::base::webapp_shadowroot|1394:: Webapp: 10.1.6-RC4
2025-12-04 08:40:37,984-INFO-root-45164::webapp_internal::filling_initial_program|449:: Filling Initial Program: "SIGAMDI"
2025-12-04 08:40:37,985-DEBUG-root-45164::webapp_internal::wait_element|7623:: Waiting for element
2025-12-04 08:40:38,016-DEBUG-root-45164::webapp_internal::wait_element|7653:: Element found! Waiting for element to be displayed.
2025-12-04 08:40:38,182-DEBUG-root-45164::base::click|192:: Click Type: ClickType.JS
2025-12-04 08:40:38,188-DEBUG-root-45164::webapp_internal::try_send_keys|7976:: Trying to send keys to element using technique 0
2025-12-04 08:40:38,533-DEBUG-root-45164::webapp_internal::get_web_value|3232:: Current value: SIGAMDI
2025-12-04 08:40:38,533-INFO-root-45164::webapp_internal::filling_server_environment|463:: Filling Server Environment: "POUPEX_TST"
2025-12-04 08:40:38,533-DEBUG-root-45164::webapp_internal::wait_element|7623:: Waiting for element
2025-12-04 08:40:38,576-DEBUG-root-45164::webapp_internal::wait_element|7653:: Element found! Waiting for element to be displayed.
2025-12-04 08:40:38,744-DEBUG-root-45164::base::click|192:: Click Type: ClickType.JS
2025-12-04 08:40:38,750-DEBUG-root-45164::webapp_internal::try_send_keys|7976:: Trying to send keys to element using technique 0
2025-12-04 08:40:39,084-DEBUG-root-45164::webapp_internal::get_web_value|3232:: Current value: POUPEX_TST
2025-12-04 08:40:39,110-DEBUG-root-45164::base::click|192:: Click Type: ClickType.JS
2025-12-04 08:40:39,125-DEBUG-root-45164::webapp_internal::user_screen|519:: Filling user screen
2025-12-04 08:40:45,332-DEBUG-root-45164::webapp_internal::wait_element_timeout|7726:: Element found! Waiting for element to be displayed.
2025-12-04 08:40:45,407-DEBUG-root-45164::base::scroll_to_element|759:: ********Warining scroll_to_element exception: Message: TypeError: can't access property "scrollIntoView", arguments[0] is null
Stacktrace:
@https://qasrverp:10020/webapp/:2:7
@https://qasrverp:10020/webapp/:3:8
*********
2025-12-04 08:40:45,604-INFO-root-45164::webapp_internal::user_screen|561:: Filling User
2025-12-04 08:40:45,636-DEBUG-root-45164::base::double_click|259:: Click Type: ClickType.SELENIUM
2025-12-04 08:40:45,846-DEBUG-root-45164::webapp_internal::get_web_value|3232:: Current value: 97137227104
2025-12-04 08:40:45,881-INFO-root-45164::webapp_internal::user_screen|621:: Filling Password
2025-12-04 08:40:45,916-DEBUG-root-45164::base::click|192:: Click Type: ClickType.JS
2025-12-04 08:40:46,012-DEBUG-root-45164::webapp_internal::get_web_value|3232:: Current value: Val20221080080094+
2025-12-04 08:40:46,013-DEBUG-root-45164::webapp_internal::wait_blocker|2444:: Waiting blocker to continue...
2025-12-04 08:40:46,046-DEBUG-root-45164::webapp_internal::wait_blocker|2469:: Blocker status: None
2025-12-04 08:40:46,076-DEBUG-root-45164::webapp_internal::wait_blocker|2444:: Waiting blocker to continue...
2025-12-04 08:40:46,118-DEBUG-root-45164::webapp_internal::wait_blocker|2469:: Blocker status: None
2025-12-04 08:40:46,181-DEBUG-root-45164::webapp_internal::wait_blocker|2444:: Waiting blocker to continue...
2025-12-04 08:40:46,225-DEBUG-root-45164::webapp_internal::wait_blocker|2469:: Blocker status: None
2025-12-04 08:40:46,226-DEBUG-root-45164::webapp_internal::send_action|10480:: Trying to send action
2025-12-04 08:40:46,238-DEBUG-root-45164::base::click|192:: Click Type: ClickType.JS
2025-12-04 08:40:47,292-DEBUG-root-45164::webapp_internal::send_action|10522:: send_action method result = True
2025-12-04 08:40:47,292-DEBUG-root-45164::webapp_internal::send_action|10523:: send_action selenium status: False
2025-12-04 08:40:49,810-DEBUG-root-45164::base::scroll_to_element|759:: ********Warining scroll_to_element exception: Message: TypeError: can't access property "scrollIntoView", arguments[0] is null
Stacktrace:
@https://qasrverp:10020/webapp/:2:7
@https://qasrverp:10020/webapp/:3:8
*********
2025-12-04 08:40:49,887-INFO-root-45164::webapp_internal::filling_date|885:: Filling Date: "04/11/2025"
2025-12-04 08:40:49,887-DEBUG-root-45164::webapp_internal::wait_blocker|2444:: Waiting blocker to continue...
2025-12-04 08:40:49,943-DEBUG-root-45164::webapp_internal::wait_blocker|2469:: Blocker status: None
2025-12-04 08:40:49,947-DEBUG-root-45164::base::click|192:: Click Type: ClickType.JS
2025-12-04 08:40:49,974-DEBUG-root-45164::webapp_internal::try_send_keys|7976:: Trying to send keys to element using technique 1
2025-12-04 08:40:50,088-DEBUG-root-45164::webapp_internal::get_web_value|3232:: Current value: 04/11/2025
2025-12-04 08:40:51,186-INFO-root-45164::webapp_internal::filling_group|955:: Filling Group: "02"
2025-12-04 08:40:51,186-DEBUG-root-45164::webapp_internal::wait_blocker|2444:: Waiting blocker to continue...
2025-12-04 08:40:51,232-DEBUG-root-45164::webapp_internal::wait_blocker|2469:: Blocker status: None
2025-12-04 08:40:51,235-DEBUG-root-45164::base::click|192:: Click Type: ClickType.JS
2025-12-04 08:40:51,303-DEBUG-root-45164::webapp_internal::get_web_value|3232:: Current value: 02
2025-12-04 08:40:52,371-INFO-root-45164::webapp_internal::filling_branch|1047:: Filling Branch: "02DF0001"
2025-12-04 08:40:52,371-DEBUG-root-45164::webapp_internal::wait_blocker|2444:: Waiting blocker to continue...
2025-12-04 08:40:52,405-DEBUG-root-45164::webapp_internal::wait_blocker|2469:: Blocker status: None
2025-12-04 08:40:52,407-DEBUG-root-45164::base::click|192:: Click Type: ClickType.JS
2025-12-04 08:40:52,465-DEBUG-root-45164::webapp_internal::get_web_value|3232:: Current value: 02DF0001
2025-12-04 08:40:53,545-INFO-root-45164::webapp_internal::filling_environment|1113:: Filling Environment: "07"
2025-12-04 08:40:53,546-DEBUG-root-45164::webapp_internal::wait_blocker|2444:: Waiting blocker to continue...
2025-12-04 08:40:53,581-DEBUG-root-45164::webapp_internal::wait_blocker|2469:: Blocker status: None
2025-12-04 08:40:53,584-DEBUG-root-45164::base::click|192:: Click Type: ClickType.JS
2025-12-04 08:40:53,638-DEBUG-root-45164::webapp_internal::get_web_value|3232:: Current value: 07
2025-12-04 08:40:54,649-DEBUG-root-45164::webapp_internal::close_warning_screen|1489:: Closing warning screen!
2025-12-04 08:40:55,683-DEBUG-root-45164::webapp_internal::check_screen_element|1291:: Checking screen element: "Atenção": False
2025-12-04 08:40:56,802-INFO-root-45164::webapp_internal::environment_screen|796:: Clicking on Button
2025-12-04 08:40:56,802-DEBUG-root-45164::webapp_internal::wait_blocker|2444:: Waiting blocker to continue...
2025-12-04 08:40:56,841-DEBUG-root-45164::webapp_internal::wait_blocker|2469:: Blocker status: None
2025-12-04 08:40:56,844-DEBUG-root-45164::base::click|192:: Click Type: ClickType.JS
2025-12-04 08:40:57,853-DEBUG-root-45164::base::click|192:: Click Type: ClickType.JS
2025-12-04 08:40:58,864-DEBUG-root-45164::base::click|192:: Click Type: ClickType.JS
2025-12-04 08:40:59,872-DEBUG-root-45164::base::click|192:: Click Type: ClickType.JS
2025-12-04 08:41:00,880-DEBUG-root-45164::base::click|192:: Click Type: ClickType.JS
2025-12-04 08:41:01,888-DEBUG-root-45164::base::click|192:: Click Type: ClickType.JS
2025-12-04 08:41:02,894-DEBUG-root-45164::webapp_internal::close_screen_before_menu|368:: Closing screen before the menu
2025-12-04 08:41:02,941-DEBUG-root-45164::webapp_internal::close_warning_screen|1489:: Closing warning screen!
2025-12-04 08:41:03,985-DEBUG-root-45164::webapp_internal::check_screen_element|1291:: Checking screen element: "Atenção": False
2025-12-04 08:41:03,985-DEBUG-root-45164::webapp_internal::close_coin_screen|1424:: Closing coin screen!
2025-12-04 08:41:04,537-DEBUG-root-45164::base::click|192:: Click Type: ClickType.JS
2025-12-04 08:41:04,600-DEBUG-root-45164::webapp_internal::close_warning_screen|1489:: Closing warning screen!
2025-12-04 08:41:05,672-DEBUG-root-45164::webapp_internal::check_screen_element|1291:: Checking screen element: "Atenção": False
2025-12-04 08:41:05,672-DEBUG-root-45164::webapp_internal::close_coin_screen|1424:: Closing coin screen!
2025-12-04 08:41:05,789-INFO-root-45164::webapp_internal::set_log_info|1623:: Getting log info
2025-12-04 08:41:05,789-INFO-root-45164::webapp_internal::SetLateralMenu|4184:: Navigating lateral menu: Ajuda > Sobre
2025-12-04 08:41:05,804-DEBUG-root-45164::webapp_internal::wait_element|7623:: Waiting for element
2025-12-04 08:41:05,847-DEBUG-root-45164::webapp_internal::wait_element|7653:: Element found! Waiting for element to be displayed.
2025-12-04 08:41:06,023-INFO-root-45164::webapp_internal::SetLateralMenu|4203:: Menu item: "Ajuda"
2025-12-04 08:41:06,023-DEBUG-root-45164::webapp_internal::wait_blocker|2444:: Waiting blocker to continue...
2025-12-04 08:41:06,098-DEBUG-root-45164::webapp_internal::wait_blocker|2469:: Blocker status: False
2025-12-04 08:41:06,480-DEBUG-root-45164::webapp_internal::wait_element_timeout|7726:: Element found! Waiting for element to be displayed.
2025-12-04 08:41:06,822-DEBUG-root-45164::webapp_internal::wait_blocker|2444:: Waiting blocker to continue...
2025-12-04 08:41:06,892-DEBUG-root-45164::webapp_internal::wait_blocker|2469:: Blocker status: False
2025-12-04 08:41:09,189-INFO-root-45164::webapp_internal::SetLateralMenu|4203:: Menu item: "Sobre"
2025-12-04 08:41:09,189-DEBUG-root-45164::webapp_internal::wait_blocker|2444:: Waiting blocker to continue...
2025-12-04 08:41:09,253-DEBUG-root-45164::webapp_internal::wait_blocker|2469:: Blocker status: False
2025-12-04 08:41:09,646-DEBUG-root-45164::webapp_internal::wait_element_timeout|7726:: Element found! Waiting for element to be displayed.
2025-12-04 08:41:10,005-DEBUG-root-45164::webapp_internal::wait_blocker|2444:: Waiting blocker to continue...
2025-12-04 08:41:10,077-DEBUG-root-45164::webapp_internal::wait_blocker|2469:: Blocker status: False
2025-12-04 08:41:12,711-DEBUG-root-45164::webapp_internal::wait_blocker|2444:: Waiting blocker to continue...
2025-12-04 08:41:12,779-DEBUG-root-45164::webapp_internal::wait_blocker|2469:: Blocker status: False
2025-12-04 08:41:12,851-DEBUG-root-45164::webapp_internal::wait_element|7623:: Waiting for element
2025-12-04 08:41:12,891-DEBUG-root-45164::webapp_internal::wait_element|7653:: Element found! Waiting for element to be displayed.
2025-12-04 08:41:13,060-INFO-root-45164::webapp_internal::SetButton|4444:: Clicking on Fechar
2025-12-04 08:41:13,061-DEBUG-root-45164::webapp_internal::wait_blocker|2444:: Waiting blocker to continue...
2025-12-04 08:41:13,131-DEBUG-root-45164::webapp_internal::wait_blocker|2469:: Blocker status: False
2025-12-04 08:41:13,312-DEBUG-root-45164::webapp_internal::wait_element_timeout|7726:: Element found! Waiting for element to be displayed.
2025-12-04 08:41:13,382-DEBUG-root-45164::webapp_internal::SetButton|4481:: ***System Info*** Before Clicking on button:Fechar
2025-12-04 08:41:13,383-DEBUG-root-45164::psutil_info::system_info|5:: CPU USAGE: 13.9%
2025-12-04 08:41:13,383-DEBUG-root-45164::psutil_info::system_info|6:: MEMORY USAGE: 88.4%
2025-12-04 08:41:13,383-DEBUG-root-45164::psutil_info::system_info|7:: MEMORY AVAILABLE: 11.58%
2025-12-04 08:41:13,550-DEBUG-root-45164::webapp_internal::wait_element_timeout|7726:: Element found! Waiting for element to be displayed.
2025-12-04 08:41:13,690-DEBUG-root-45164::webapp_internal::wait_blocker|2444:: Waiting blocker to continue...
2025-12-04 08:41:13,760-DEBUG-root-45164::webapp_internal::wait_blocker|2469:: Blocker status: False
2025-12-04 08:41:13,777-DEBUG-root-45164::webapp_internal::wait_blocker|2444:: Waiting blocker to continue...
2025-12-04 08:41:13,848-DEBUG-root-45164::webapp_internal::wait_blocker|2469:: Blocker status: False
2025-12-04 08:41:13,848-DEBUG-root-45164::webapp_internal::send_action|10480:: Trying to send action
2025-12-04 08:41:13,850-DEBUG-root-45164::base::click|192:: Click Type: ClickType.JS
2025-12-04 08:41:14,882-DEBUG-root-45164::webapp_internal::send_action|10522:: send_action method result = True
2025-12-04 08:41:14,882-DEBUG-root-45164::webapp_internal::send_action|10523:: send_action selenium status: False
2025-12-04 08:41:14,882-DEBUG-root-45164::webapp_internal::SetButton|4683:: ***System Info*** After Clicking on button:
2025-12-04 08:41:14,882-DEBUG-root-45164::psutil_info::system_info|5:: CPU USAGE: 7.5%
2025-12-04 08:41:14,882-DEBUG-root-45164::psutil_info::system_info|6:: MEMORY USAGE: 88.7%
2025-12-04 08:41:14,884-DEBUG-root-45164::psutil_info::system_info|7:: MEMORY AVAILABLE: 11.29%
2025-12-04 08:41:14,884-DEBUG-root-45164::webapp_internal::wait_element|7623:: Waiting for element
2025-12-04 08:41:14,969-INFO-root-45164::webapp_internal::SetLateralMenu|4184:: Navigating lateral menu: Atualizações > Especificos > Tipo de Convenio
2025-12-04 08:41:14,981-DEBUG-root-45164::webapp_internal::wait_element|7623:: Waiting for element
2025-12-04 08:41:15,020-DEBUG-root-45164::webapp_internal::wait_element|7653:: Element found! Waiting for element to be displayed.
2025-12-04 08:41:15,182-INFO-root-45164::webapp_internal::SetLateralMenu|4203:: Menu item: "Atualizações"
2025-12-04 08:41:15,182-DEBUG-root-45164::webapp_internal::wait_blocker|2444:: Waiting blocker to continue...
2025-12-04 08:41:15,254-DEBUG-root-45164::webapp_internal::wait_blocker|2469:: Blocker status: False
2025-12-04 08:41:15,685-DEBUG-root-45164::webapp_internal::wait_element_timeout|7726:: Element found! Waiting for element to be displayed.
2025-12-04 08:41:16,076-DEBUG-root-45164::webapp_internal::wait_blocker|2444:: Waiting blocker to continue...
2025-12-04 08:41:16,144-DEBUG-root-45164::webapp_internal::wait_blocker|2469:: Blocker status: False
2025-12-04 08:41:18,448-INFO-root-45164::webapp_internal::SetLateralMenu|4203:: Menu item: "Especificos"
2025-12-04 08:41:18,448-DEBUG-root-45164::webapp_internal::wait_blocker|2444:: Waiting blocker to continue...
2025-12-04 08:41:18,546-DEBUG-root-45164::webapp_internal::wait_blocker|2469:: Blocker status: False
2025-12-04 08:41:19,336-DEBUG-root-45164::webapp_internal::wait_element_timeout|7726:: Element found! Waiting for element to be displayed.
2025-12-04 08:41:20,158-DEBUG-root-45164::webapp_internal::wait_blocker|2444:: Waiting blocker to continue...
2025-12-04 08:41:20,262-DEBUG-root-45164::webapp_internal::wait_blocker|2469:: Blocker status: False
2025-12-04 08:41:22,560-INFO-root-45164::webapp_internal::SetLateralMenu|4203:: Menu item: "Tipo de Convenio"
2025-12-04 08:41:22,560-DEBUG-root-45164::webapp_internal::wait_blocker|2444:: Waiting blocker to continue...
2025-12-04 08:41:22,667-DEBUG-root-45164::webapp_internal::wait_blocker|2469:: Blocker status: False
2025-12-04 08:41:24,448-DEBUG-root-45164::webapp_internal::wait_element_timeout|7726:: Element found! Waiting for element to be displayed.
2025-12-04 08:41:26,067-DEBUG-root-45164::webapp_internal::wait_blocker|2444:: Waiting blocker to continue...
2025-12-04 08:41:26,170-DEBUG-root-45164::webapp_internal::wait_blocker|2469:: Blocker status: False
2025-12-04 08:41:30,999-DEBUG-root-45164::webapp_internal::wait_blocker|2444:: Waiting blocker to continue...
2025-12-04 08:41:31,104-DEBUG-root-45164::webapp_internal::wait_blocker|2469:: Blocker status: False
2025-12-04 08:41:31,226-INFO-root-45164::webapp_internal::WaitShow|4980:: Waiting show text 'Este ambiente utiliza base de Homologação.'...
2025-12-04 08:41:36,692-DEBUG-root-45164::log::checks_empty_line|221:: Checking empty default log info
2025-12-04 08:41:36,696-DEBUG-root-45164::log::generate_log|503:: Json log_data: {'cLogDtExec': '04/12/2025 08:41:36', 'cLogNomUsr': '97137227104', 'cLogNomEst': 'GESIT03', 'cLogProgra': None, 'cLogDtProg': '', 'cLogHrProg': '', 'nLogCtsOk': 1, 'nLogCtsNok': 0, 'nLogCtsSeg': 66.9, 'cLogVersao': '12', 'cLogReleas': '12.1.2410', 'nLogCtsErr': '', 'cLogBancod': 'ORACLE', 'cLogIdenti': '', 'cLogIdExec': '20251204', 'cLogPais': 'BRA', 'cLogTool': 'TIR', 'cLogSequen': 'd117ef', 'nLogCtsTot': 1, 'cLogDtExea': '04/12/2025', 'cLogHrExea': '08:41:36', 'cLogArea': 'Desenvolvimento', 'cLogMnExec': 1.115}
2025-12-04 08:41:36,696-INFO-root-45164::log::send_log_with_retries|515:: Saving log locally.
2025-12-04 08:41:36,697-INFO-root-45164::log::save_log_locally|548:: [FwSendLog]: Não foi possível enviar o log após todas as tentativas.
2025-12-04 08:41:36,697-INFO-root-45164::log::save_log_locally|555:: [FwSendLog]: Log salvo localmente em C:\TIR_TESTE\1764848496.json.
2025-12-04 08:41:36,697-INFO-root-45164::webapp_internal::WaitShow|4980:: Waiting show text 'Moedas'...
2025-12-04 08:41:42,011-INFO-root-45164::webapp_internal::WaitShow|4980:: Waiting show text 'Tipos de Convênios'...
2025-12-04 08:41:42,086-INFO-root-45164::webapp_internal::WaitShow|4996:: Text found! 
2025-12-04 08:41:42,086-INFO-root-45164::webapp_internal::SetButton|4444:: Clicking on Incluir
2025-12-04 08:41:42,086-DEBUG-root-45164::webapp_internal::wait_blocker|2444:: Waiting blocker to continue...
2025-12-04 08:41:42,219-DEBUG-root-45164::webapp_internal::wait_blocker|2469:: Blocker status: False
2025-12-04 08:41:42,603-DEBUG-root-45164::webapp_internal::wait_element_timeout|7726:: Element found! Waiting for element to be displayed.
2025-12-04 08:41:42,910-DEBUG-root-45164::webapp_internal::SetButton|4481:: ***System Info*** Before Clicking on button:Incluir
2025-12-04 08:41:42,910-DEBUG-root-45164::psutil_info::system_info|5:: CPU USAGE: 13.5%
2025-12-04 08:41:42,911-DEBUG-root-45164::psutil_info::system_info|6:: MEMORY USAGE: 89.1%
2025-12-04 08:41:42,911-DEBUG-root-45164::psutil_info::system_info|7:: MEMORY AVAILABLE: 10.88%
2025-12-04 08:41:43,268-DEBUG-root-45164::webapp_internal::wait_element_timeout|7726:: Element found! Waiting for element to be displayed.
2025-12-04 08:41:43,599-DEBUG-root-45164::webapp_internal::wait_blocker|2444:: Waiting blocker to continue...
2025-12-04 08:41:43,736-DEBUG-root-45164::webapp_internal::wait_blocker|2469:: Blocker status: False
2025-12-04 08:41:43,769-DEBUG-root-45164::webapp_internal::wait_blocker|2444:: Waiting blocker to continue...
2025-12-04 08:41:43,875-DEBUG-root-45164::webapp_internal::wait_blocker|2469:: Blocker status: False
2025-12-04 08:41:43,876-DEBUG-root-45164::webapp_internal::send_action|10480:: Trying to send action
2025-12-04 08:41:43,879-DEBUG-root-45164::base::click|192:: Click Type: ClickType.JS
2025-12-04 08:41:44,934-DEBUG-root-45164::webapp_internal::send_action|10522:: send_action method result = True
2025-12-04 08:41:44,934-DEBUG-root-45164::webapp_internal::send_action|10523:: send_action selenium status: False
2025-12-04 08:41:44,934-DEBUG-root-45164::webapp_internal::SetButton|4683:: ***System Info*** After Clicking on button:
2025-12-04 08:41:44,935-DEBUG-root-45164::psutil_info::system_info|5:: CPU USAGE: 8.7%
2025-12-04 08:41:44,935-DEBUG-root-45164::psutil_info::system_info|6:: MEMORY USAGE: 89.2%
2025-12-04 08:41:44,935-DEBUG-root-45164::psutil_info::system_info|7:: MEMORY AVAILABLE: 10.79%
2025-12-04 08:41:44,936-INFO-root-45164::webapp_internal::WaitShow|4980:: Waiting show text 'Tipos de Convenios - INCLUIR'...
2025-12-04 08:41:45,071-INFO-root-45164::webapp_internal::WaitShow|4996:: Text found! 
2025-12-04 08:41:45,071-DEBUG-root-45164::webapp_internal::SetFocus|6011:: Setting focus on element ZD_DESCONV.
2025-12-04 08:41:45,226-DEBUG-root-45164::base::click|192:: Click Type: ClickType.SELENIUM
2025-12-04 08:41:45,297-DEBUG-root-45164::webapp_internal::wait_blocker|2444:: Waiting blocker to continue...
2025-12-04 08:41:45,415-DEBUG-root-45164::webapp_internal::wait_blocker|2469:: Blocker status: False
2025-12-04 08:41:45,416-DEBUG-root-45164::webapp_internal::wait_element|7623:: Waiting for element
2025-12-04 08:41:45,490-DEBUG-root-45164::webapp_internal::wait_element|7653:: Element found! Waiting for element to be displayed.
2025-12-04 08:41:45,555-INFO-root-45164::webapp_internal::input_value|2941:: Looking for element: ZD_DESCONV
2025-12-04 08:41:45,670-INFO-root-45164::webapp_internal::input_value|2951:: Element: ZD_DESCONV Found!
2025-12-04 08:41:45,670-INFO-root-45164::webapp_internal::input_value|2953:: Filling element: ZD_DESCONV
2025-12-04 08:41:45,691-DEBUG-root-45164::webapp_internal::get_web_value|3232:: Current value:                                                             
2025-12-04 08:41:45,726-DEBUG-root-45164::base::double_click|259:: Click Type: ClickType.SELENIUM
2025-12-04 08:41:45,993-DEBUG-root-45164::webapp_internal::wait_blocker|2444:: Waiting blocker to continue...
2025-12-04 08:41:46,158-DEBUG-root-45164::webapp_internal::wait_blocker|2469:: Blocker status: False
2025-12-04 08:41:46,502-DEBUG-root-45164::webapp_internal::get_web_value|3232:: Current value: TESTE INCLUSAO 01                                           
2025-12-04 08:41:46,503-INFO-root-45164::webapp_internal::input_value|3059:: Current field value: TESTE INCLUSAO 01
2025-12-04 08:41:46,535-DEBUG-root-45164::webapp_internal::wait_blocker|2444:: Waiting blocker to continue...
2025-12-04 08:41:46,682-DEBUG-root-45164::webapp_internal::wait_blocker|2469:: Blocker status: False
2025-12-04 08:41:46,683-INFO-root-45164::webapp_internal::SetKey|5822:: Key pressed: TAB
2025-12-04 08:41:46,683-DEBUG-root-45164::webapp_internal::SetKey|5857:: Trying press key
2025-12-04 08:41:48,687-DEBUG-root-45164::webapp_internal::wait_blocker|2444:: Waiting blocker to continue...
2025-12-04 08:41:48,823-DEBUG-root-45164::webapp_internal::wait_blocker|2469:: Blocker status: False
2025-12-04 08:41:48,864-DEBUG-root-45164::webapp_internal::wait_blocker|2444:: Waiting blocker to continue...
2025-12-04 08:41:49,009-DEBUG-root-45164::webapp_internal::wait_blocker|2469:: Blocker status: False
2025-12-04 08:41:49,010-DEBUG-root-45164::webapp_internal::send_action|10480:: Trying to send action
2025-12-04 08:41:50,047-DEBUG-root-45164::webapp_internal::send_action|10522:: send_action method result = True
2025-12-04 08:41:50,048-DEBUG-root-45164::webapp_internal::send_action|10523:: send_action selenium status: False
2025-12-04 08:41:50,048-DEBUG-root-45164::webapp_internal::wait_blocker|2444:: Waiting blocker to continue...
2025-12-04 08:41:50,181-DEBUG-root-45164::webapp_internal::wait_blocker|2469:: Blocker status: False
2025-12-04 08:41:50,182-DEBUG-root-45164::webapp_internal::wait_element|7623:: Waiting for element
2025-12-04 08:41:50,264-DEBUG-root-45164::webapp_internal::wait_element|7653:: Element found! Waiting for element to be displayed.
2025-12-04 08:41:50,337-INFO-root-45164::webapp_internal::input_value|2941:: Looking for element: ZD_TPMOV
2025-12-04 08:41:50,497-INFO-root-45164::webapp_internal::input_value|2951:: Element: ZD_TPMOV Found!
2025-12-04 08:41:50,498-INFO-root-45164::webapp_internal::input_value|2953:: Filling element: ZD_TPMOV
2025-12-04 08:41:51,735-INFO-root-45164::base::select_combo|871:: Selected value for combo is: 1 - Titular
2025-12-04 08:41:51,783-DEBUG-root-45164::webapp_internal::wait_blocker|2444:: Waiting blocker to continue...
2025-12-04 08:41:51,910-DEBUG-root-45164::webapp_internal::wait_blocker|2469:: Blocker status: False
2025-12-04 08:41:51,910-DEBUG-root-45164::webapp_internal::wait_element|7623:: Waiting for element
2025-12-04 08:41:52,005-DEBUG-root-45164::webapp_internal::wait_element|7653:: Element found! Waiting for element to be displayed.
2025-12-04 08:41:52,076-INFO-root-45164::webapp_internal::input_value|2941:: Looking for element: ZD_TPALTSA
2025-12-04 08:41:52,219-INFO-root-45164::webapp_internal::input_value|2951:: Element: ZD_TPALTSA Found!
2025-12-04 08:41:52,219-INFO-root-45164::webapp_internal::input_value|2953:: Filling element: ZD_TPALTSA
2025-12-04 08:41:52,258-DEBUG-root-45164::webapp_internal::get_web_value|3232:: Current value:    
2025-12-04 08:41:52,319-DEBUG-root-45164::base::double_click|259:: Click Type: ClickType.SELENIUM
2025-12-04 08:41:52,601-DEBUG-root-45164::webapp_internal::wait_blocker|2444:: Waiting blocker to continue...
2025-12-04 08:41:52,754-DEBUG-root-45164::webapp_internal::wait_blocker|2469:: Blocker status: False
2025-12-04 08:41:53,085-DEBUG-root-45164::webapp_internal::get_web_value|3232:: Current value: 003
2025-12-04 08:41:53,085-INFO-root-45164::webapp_internal::input_value|3059:: Current field value: 003
2025-12-04 08:41:53,100-INFO-root-45164::webapp_internal::WaitShow|4980:: Waiting show text 'Histórico'...
2025-12-04 08:41:55,208-INFO-root-45164::webapp_internal::WaitShow|4996:: Text found! 
2025-12-04 08:41:55,209-DEBUG-root-45164::webapp_internal::wait_blocker|2444:: Waiting blocker to continue...
2025-12-04 08:41:55,348-DEBUG-root-45164::webapp_internal::wait_blocker|2469:: Blocker status: False
2025-12-04 08:41:55,348-INFO-root-45164::webapp_internal::SetKey|5822:: Key pressed: TAB
2025-12-04 08:41:55,348-DEBUG-root-45164::webapp_internal::SetKey|5857:: Trying press key
2025-12-04 08:41:57,353-DEBUG-root-45164::webapp_internal::wait_blocker|2444:: Waiting blocker to continue...
2025-12-04 08:41:57,524-DEBUG-root-45164::webapp_internal::wait_blocker|2469:: Blocker status: False
2025-12-04 08:41:57,552-DEBUG-root-45164::webapp_internal::wait_blocker|2444:: Waiting blocker to continue...
2025-12-04 08:41:57,686-DEBUG-root-45164::webapp_internal::wait_blocker|2469:: Blocker status: False
2025-12-04 08:41:57,686-DEBUG-root-45164::webapp_internal::send_action|10480:: Trying to send action
2025-12-04 08:41:58,726-DEBUG-root-45164::webapp_internal::send_action|10522:: send_action method result = True
2025-12-04 08:41:58,727-DEBUG-root-45164::webapp_internal::send_action|10523:: send_action selenium status: False
2025-12-04 08:41:58,727-DEBUG-root-45164::webapp_internal::wait_blocker|2444:: Waiting blocker to continue...
2025-12-04 08:41:58,884-DEBUG-root-45164::webapp_internal::wait_blocker|2469:: Blocker status: False
2025-12-04 08:41:58,885-INFO-root-45164::webapp_internal::SetKey|5822:: Key pressed: TAB
2025-12-04 08:41:58,885-DEBUG-root-45164::webapp_internal::SetKey|5857:: Trying press key
2025-12-04 08:42:00,889-DEBUG-root-45164::webapp_internal::wait_blocker|2444:: Waiting blocker to continue...
2025-12-04 08:42:01,017-DEBUG-root-45164::webapp_internal::wait_blocker|2469:: Blocker status: False
2025-12-04 08:42:01,042-DEBUG-root-45164::webapp_internal::wait_blocker|2444:: Waiting blocker to continue...
2025-12-04 08:42:01,175-DEBUG-root-45164::webapp_internal::wait_blocker|2469:: Blocker status: False
2025-12-04 08:42:01,176-DEBUG-root-45164::webapp_internal::send_action|10480:: Trying to send action
2025-12-04 08:42:02,212-DEBUG-root-45164::webapp_internal::send_action|10522:: send_action method result = True
2025-12-04 08:42:02,212-DEBUG-root-45164::webapp_internal::send_action|10523:: send_action selenium status: False
2025-12-04 08:42:02,212-DEBUG-root-45164::webapp_internal::wait_blocker|2444:: Waiting blocker to continue...
2025-12-04 08:42:02,333-DEBUG-root-45164::webapp_internal::wait_blocker|2469:: Blocker status: False
2025-12-04 08:42:02,333-INFO-root-45164::webapp_internal::SetKey|5822:: Key pressed: TAB
2025-12-04 08:42:02,333-DEBUG-root-45164::webapp_internal::SetKey|5857:: Trying press key
2025-12-04 08:42:04,337-DEBUG-root-45164::webapp_internal::wait_blocker|2444:: Waiting blocker to continue...
2025-12-04 08:42:04,458-DEBUG-root-45164::webapp_internal::wait_blocker|2469:: Blocker status: False
2025-12-04 08:42:04,487-DEBUG-root-45164::webapp_internal::wait_blocker|2444:: Waiting blocker to continue...
2025-12-04 08:42:04,613-DEBUG-root-45164::webapp_internal::wait_blocker|2469:: Blocker status: False
2025-12-04 08:42:04,613-DEBUG-root-45164::webapp_internal::send_action|10480:: Trying to send action
2025-12-04 08:42:05,668-DEBUG-root-45164::webapp_internal::send_action|10522:: send_action method result = True
2025-12-04 08:42:05,668-DEBUG-root-45164::webapp_internal::send_action|10523:: send_action selenium status: False
2025-12-04 08:42:05,668-DEBUG-root-45164::webapp_internal::wait_blocker|2444:: Waiting blocker to continue...
2025-12-04 08:42:05,803-DEBUG-root-45164::webapp_internal::wait_blocker|2469:: Blocker status: False
2025-12-04 08:42:05,803-INFO-root-45164::webapp_internal::SetKey|5822:: Key pressed: TAB
2025-12-04 08:42:05,803-DEBUG-root-45164::webapp_internal::SetKey|5857:: Trying press key
2025-12-04 08:42:07,807-DEBUG-root-45164::webapp_internal::wait_blocker|2444:: Waiting blocker to continue...
2025-12-04 08:42:07,931-DEBUG-root-45164::webapp_internal::wait_blocker|2469:: Blocker status: False
2025-12-04 08:42:07,957-DEBUG-root-45164::webapp_internal::wait_blocker|2444:: Waiting blocker to continue...
2025-12-04 08:42:08,084-DEBUG-root-45164::webapp_internal::wait_blocker|2469:: Blocker status: False
2025-12-04 08:42:08,084-DEBUG-root-45164::webapp_internal::send_action|10480:: Trying to send action
2025-12-04 08:42:09,122-DEBUG-root-45164::webapp_internal::send_action|10522:: send_action method result = True
2025-12-04 08:42:09,122-DEBUG-root-45164::webapp_internal::send_action|10523:: send_action selenium status: False
2025-12-04 08:42:09,122-DEBUG-root-45164::webapp_internal::wait_blocker|2444:: Waiting blocker to continue...
2025-12-04 08:42:09,248-DEBUG-root-45164::webapp_internal::wait_blocker|2469:: Blocker status: False
2025-12-04 08:42:09,248-INFO-root-45164::webapp_internal::SetKey|5822:: Key pressed: TAB
2025-12-04 08:42:09,248-DEBUG-root-45164::webapp_internal::SetKey|5857:: Trying press key
2025-12-04 08:42:11,252-DEBUG-root-45164::webapp_internal::wait_blocker|2444:: Waiting blocker to continue...
2025-12-04 08:42:11,422-DEBUG-root-45164::webapp_internal::wait_blocker|2469:: Blocker status: False
2025-12-04 08:42:11,446-DEBUG-root-45164::webapp_internal::wait_blocker|2444:: Waiting blocker to continue...
2025-12-04 08:42:11,572-DEBUG-root-45164::webapp_internal::wait_blocker|2469:: Blocker status: False
2025-12-04 08:42:11,573-DEBUG-root-45164::webapp_internal::send_action|10480:: Trying to send action
2025-12-04 08:42:12,607-DEBUG-root-45164::webapp_internal::send_action|10522:: send_action method result = True
2025-12-04 08:42:12,607-DEBUG-root-45164::webapp_internal::send_action|10523:: send_action selenium status: False
2025-12-04 08:42:12,609-DEBUG-root-45164::webapp_internal::wait_element|7623:: Waiting for element
2025-12-04 08:42:12,687-DEBUG-root-45164::webapp_internal::wait_element|7653:: Element found! Waiting for element to be displayed.
2025-12-04 08:42:12,909-DEBUG-root-45164::webapp_internal::wait_blocker|2444:: Waiting blocker to continue...
2025-12-04 08:42:13,031-DEBUG-root-45164::webapp_internal::wait_blocker|2469:: Blocker status: False
2025-12-04 08:42:13,031-INFO-root-45164::webapp_internal::LoadGrid|6298:: Filling grid field: Data Inicio
2025-12-04 08:42:13,032-DEBUG-root-45164::webapp_internal::fill_grid|6399:: Grid loading...
2025-12-04 08:42:13,155-DEBUG-root-45164::webapp_internal::fill_grid|6466:: Column found!
2025-12-04 08:42:13,192-DEBUG-root-45164::base::click|192:: Click Type: ClickType.ACTIONCHAINS
2025-12-04 08:42:18,649-DEBUG-root-45164::webapp_internal::fill_grid|6498:: Trying open cell in grid!
2025-12-04 08:42:18,931-DEBUG-root-45164::webapp_internal::wait_blocker|2444:: Waiting blocker to continue...
2025-12-04 08:42:19,085-DEBUG-root-45164::webapp_internal::wait_blocker|2469:: Blocker status: False
2025-12-04 08:42:19,270-DEBUG-root-45164::webapp_internal::wait_element_timeout|7726:: Element found! Waiting for element to be displayed.
2025-12-04 08:42:19,634-DEBUG-root-45164::webapp_internal::fill_grid|6577:: Sending keys: 04/11/2025
2025-12-04 08:42:19,940-DEBUG-root-45164::webapp_internal::wait_blocker|2444:: Waiting blocker to continue...
2025-12-04 08:42:20,082-DEBUG-root-45164::webapp_internal::wait_blocker|2469:: Blocker status: False
2025-12-04 08:42:25,383-DEBUG-root-45164::webapp_internal::wait_blocker|2444:: Waiting blocker to continue...
2025-12-04 08:42:25,506-DEBUG-root-45164::webapp_internal::wait_blocker|2469:: Blocker status: False
2025-12-04 08:42:25,506-INFO-root-45164::webapp_internal::LoadGrid|6298:: Filling grid field: Data Fim
2025-12-04 08:42:25,506-DEBUG-root-45164::webapp_internal::fill_grid|6399:: Grid loading...
2025-12-04 08:42:25,627-DEBUG-root-45164::webapp_internal::fill_grid|6466:: Column found!
2025-12-04 08:42:25,666-DEBUG-root-45164::base::click|192:: Click Type: ClickType.ACTIONCHAINS
2025-12-04 08:42:31,008-DEBUG-root-45164::webapp_internal::fill_grid|6498:: Trying open cell in grid!
2025-12-04 08:42:31,291-DEBUG-root-45164::webapp_internal::wait_blocker|2444:: Waiting blocker to continue...
2025-12-04 08:42:31,473-DEBUG-root-45164::webapp_internal::wait_blocker|2469:: Blocker status: False
2025-12-04 08:42:31,666-DEBUG-root-45164::webapp_internal::wait_element_timeout|7726:: Element found! Waiting for element to be displayed.
2025-12-04 08:42:32,042-DEBUG-root-45164::webapp_internal::fill_grid|6577:: Sending keys: 03/01/2026
2025-12-04 08:42:32,354-DEBUG-root-45164::webapp_internal::wait_blocker|2444:: Waiting blocker to continue...
2025-12-04 08:42:32,499-DEBUG-root-45164::webapp_internal::wait_blocker|2469:: Blocker status: False
2025-12-04 08:42:37,831-DEBUG-root-45164::webapp_internal::wait_blocker|2444:: Waiting blocker to continue...
2025-12-04 08:42:37,949-DEBUG-root-45164::webapp_internal::wait_blocker|2469:: Blocker status: False
2025-12-04 08:42:37,949-INFO-root-45164::webapp_internal::LoadGrid|6298:: Filling grid field: Verba
2025-12-04 08:42:37,949-DEBUG-root-45164::webapp_internal::fill_grid|6399:: Grid loading...
2025-12-04 08:42:38,111-DEBUG-root-45164::webapp_internal::fill_grid|6466:: Column found!
2025-12-04 08:42:38,148-DEBUG-root-45164::base::click|192:: Click Type: ClickType.ACTIONCHAINS
2025-12-04 08:42:43,468-DEBUG-root-45164::webapp_internal::fill_grid|6498:: Trying open cell in grid!
2025-12-04 08:42:43,751-DEBUG-root-45164::webapp_internal::wait_blocker|2444:: Waiting blocker to continue...
2025-12-04 08:42:43,887-DEBUG-root-45164::webapp_internal::wait_blocker|2469:: Blocker status: False
2025-12-04 08:42:44,070-DEBUG-root-45164::webapp_internal::wait_element_timeout|7726:: Element found! Waiting for element to be displayed.
2025-12-04 08:42:44,402-DEBUG-root-45164::webapp_internal::fill_grid|6577:: Sending keys: 010
2025-12-04 08:42:44,707-DEBUG-root-45164::webapp_internal::wait_blocker|2444:: Waiting blocker to continue...
2025-12-04 08:42:44,846-DEBUG-root-45164::webapp_internal::wait_blocker|2469:: Blocker status: False
2025-12-04 08:42:50,117-DEBUG-root-45164::webapp_internal::wait_blocker|2444:: Waiting blocker to continue...
2025-12-04 08:42:50,240-DEBUG-root-45164::webapp_internal::wait_blocker|2469:: Blocker status: False
2025-12-04 08:42:50,241-INFO-root-45164::webapp_internal::LoadGrid|6298:: Filling grid field: Verba s/Inci
2025-12-04 08:42:50,241-DEBUG-root-45164::webapp_internal::fill_grid|6399:: Grid loading...
2025-12-04 08:42:50,393-DEBUG-root-45164::webapp_internal::fill_grid|6466:: Column found!
2025-12-04 08:42:50,441-DEBUG-root-45164::base::click|192:: Click Type: ClickType.ACTIONCHAINS
2025-12-04 08:42:55,832-DEBUG-root-45164::webapp_internal::fill_grid|6498:: Trying open cell in grid!
2025-12-04 08:42:56,118-DEBUG-root-45164::webapp_internal::wait_blocker|2444:: Waiting blocker to continue...
2025-12-04 08:42:56,273-DEBUG-root-45164::webapp_internal::wait_blocker|2469:: Blocker status: False
2025-12-04 08:42:56,459-DEBUG-root-45164::webapp_internal::wait_element_timeout|7726:: Element found! Waiting for element to be displayed.
2025-12-04 08:42:56,839-DEBUG-root-45164::webapp_internal::fill_grid|6577:: Sending keys: 010
2025-12-04 08:42:57,141-DEBUG-root-45164::webapp_internal::wait_blocker|2444:: Waiting blocker to continue...
2025-12-04 08:42:57,286-DEBUG-root-45164::webapp_internal::wait_blocker|2469:: Blocker status: False
2025-12-04 08:43:02,650-DEBUG-root-45164::webapp_internal::wait_blocker|2444:: Waiting blocker to continue...
2025-12-04 08:43:02,790-DEBUG-root-45164::webapp_internal::wait_blocker|2469:: Blocker status: False
2025-12-04 08:43:02,790-INFO-root-45164::webapp_internal::LoadGrid|6298:: Filling grid field: Vlr Dependen
2025-12-04 08:43:02,790-DEBUG-root-45164::webapp_internal::fill_grid|6399:: Grid loading...
2025-12-04 08:43:02,940-DEBUG-root-45164::webapp_internal::fill_grid|6466:: Column found!
2025-12-04 08:43:02,975-DEBUG-root-45164::base::click|192:: Click Type: ClickType.ACTIONCHAINS
2025-12-04 08:43:08,366-DEBUG-root-45164::webapp_internal::fill_grid|6498:: Trying open cell in grid!
2025-12-04 08:43:08,650-DEBUG-root-45164::webapp_internal::wait_blocker|2444:: Waiting blocker to continue...
2025-12-04 08:43:08,817-DEBUG-root-45164::webapp_internal::wait_blocker|2469:: Blocker status: False
2025-12-04 08:43:09,005-DEBUG-root-45164::webapp_internal::wait_element_timeout|7726:: Element found! Waiting for element to be displayed.
2025-12-04 08:43:09,167-DEBUG-root-45164::base::click|192:: Click Type: ClickType.JS
2025-12-04 08:43:09,343-DEBUG-root-45164::webapp_internal::fill_grid|6577:: Sending keys: 128
2025-12-04 08:43:09,610-DEBUG-root-45164::webapp_internal::wait_blocker|2444:: Waiting blocker to continue...
2025-12-04 08:43:09,739-DEBUG-root-45164::webapp_internal::wait_blocker|2469:: Blocker status: False
2025-12-04 08:43:09,893-DEBUG-root-45164::webapp_internal::wait_element_timeout|7726:: Element found! Waiting for element to be displayed.
2025-12-04 08:43:10,170-DEBUG-root-45164::webapp_internal::fill_grid|6466:: Column found!
2025-12-04 08:43:10,209-DEBUG-root-45164::base::click|192:: Click Type: ClickType.ACTIONCHAINS
2025-12-04 08:43:15,510-DEBUG-root-45164::webapp_internal::fill_grid|6498:: Trying open cell in grid!
2025-12-04 08:43:15,802-DEBUG-root-45164::webapp_internal::wait_blocker|2444:: Waiting blocker to continue...
2025-12-04 08:43:15,953-DEBUG-root-45164::webapp_internal::wait_blocker|2469:: Blocker status: False
2025-12-04 08:43:16,136-DEBUG-root-45164::webapp_internal::wait_element_timeout|7726:: Element found! Waiting for element to be displayed.
2025-12-04 08:43:16,293-DEBUG-root-45164::base::click|192:: Click Type: ClickType.JS
2025-12-04 08:43:16,526-DEBUG-root-45164::webapp_internal::fill_grid|6577:: Sending keys: 128
2025-12-04 08:43:16,811-DEBUG-root-45164::webapp_internal::wait_blocker|2444:: Waiting blocker to continue...
2025-12-04 08:43:16,937-DEBUG-root-45164::webapp_internal::wait_blocker|2469:: Blocker status: False
2025-12-04 08:43:17,091-DEBUG-root-45164::webapp_internal::wait_element_timeout|7726:: Element found! Waiting for element to be displayed.
2025-12-04 08:43:17,383-DEBUG-root-45164::webapp_internal::fill_grid|6466:: Column found!
2025-12-04 08:43:17,418-DEBUG-root-45164::base::click|192:: Click Type: ClickType.ACTIONCHAINS
2025-12-04 08:43:22,761-DEBUG-root-45164::webapp_internal::fill_grid|6498:: Trying open cell in grid!
2025-12-04 08:43:23,054-DEBUG-root-45164::webapp_internal::wait_blocker|2444:: Waiting blocker to continue...
2025-12-04 08:43:23,208-DEBUG-root-45164::webapp_internal::wait_blocker|2469:: Blocker status: False
2025-12-04 08:43:23,389-DEBUG-root-45164::webapp_internal::wait_element_timeout|7726:: Element found! Waiting for element to be displayed.
2025-12-04 08:43:23,543-DEBUG-root-45164::base::click|192:: Click Type: ClickType.JS
2025-12-04 08:43:23,741-DEBUG-root-45164::webapp_internal::fill_grid|6577:: Sending keys: 128
2025-12-04 08:43:24,038-DEBUG-root-45164::webapp_internal::wait_blocker|2444:: Waiting blocker to continue...
2025-12-04 08:43:24,168-DEBUG-root-45164::webapp_internal::wait_blocker|2469:: Blocker status: False
2025-12-04 08:43:24,321-DEBUG-root-45164::webapp_internal::wait_element_timeout|7726:: Element found! Waiting for element to be displayed.
2025-12-04 08:43:24,593-DEBUG-root-45164::webapp_internal::fill_grid|6466:: Column found!
2025-12-04 08:43:24,628-DEBUG-root-45164::base::click|192:: Click Type: ClickType.ACTIONCHAINS
2025-12-04 08:43:29,932-DEBUG-root-45164::webapp_internal::fill_grid|6498:: Trying open cell in grid!
2025-12-04 08:43:30,208-DEBUG-root-45164::webapp_internal::wait_blocker|2444:: Waiting blocker to continue...
2025-12-04 08:43:30,373-DEBUG-root-45164::webapp_internal::wait_blocker|2469:: Blocker status: False
2025-12-04 08:43:30,573-DEBUG-root-45164::webapp_internal::wait_element_timeout|7726:: Element found! Waiting for element to be displayed.
2025-12-04 08:43:30,751-DEBUG-root-45164::base::click|192:: Click Type: ClickType.JS
2025-12-04 08:43:30,937-DEBUG-root-45164::webapp_internal::fill_grid|6577:: Sending keys: 128
2025-12-04 08:43:31,226-DEBUG-root-45164::webapp_internal::wait_blocker|2444:: Waiting blocker to continue...
2025-12-04 08:43:31,380-DEBUG-root-45164::webapp_internal::wait_blocker|2469:: Blocker status: False
2025-12-04 08:43:31,533-DEBUG-root-45164::webapp_internal::wait_element_timeout|7726:: Element found! Waiting for element to be displayed.
2025-12-04 08:43:31,807-DEBUG-root-45164::webapp_internal::fill_grid|6466:: Column found!
2025-12-04 08:43:31,843-DEBUG-root-45164::base::click|192:: Click Type: ClickType.ACTIONCHAINS
2025-12-04 08:43:37,253-DEBUG-root-45164::webapp_internal::fill_grid|6498:: Trying open cell in grid!
2025-12-04 08:43:37,541-DEBUG-root-45164::webapp_internal::wait_blocker|2444:: Waiting blocker to continue...
2025-12-04 08:43:37,678-DEBUG-root-45164::webapp_internal::wait_blocker|2469:: Blocker status: False
2025-12-04 08:43:37,860-DEBUG-root-45164::webapp_internal::wait_element_timeout|7726:: Element found! Waiting for element to be displayed.
2025-12-04 08:43:38,027-DEBUG-root-45164::base::click|192:: Click Type: ClickType.JS
2025-12-04 08:43:38,203-DEBUG-root-45164::webapp_internal::fill_grid|6577:: Sending keys: 128
2025-12-04 08:43:38,490-DEBUG-root-45164::webapp_internal::wait_blocker|2444:: Waiting blocker to continue...
2025-12-04 08:43:38,619-DEBUG-root-45164::webapp_internal::wait_blocker|2469:: Blocker status: False
2025-12-04 08:43:38,787-DEBUG-root-45164::webapp_internal::wait_element_timeout|7726:: Element found! Waiting for element to be displayed.
2025-12-04 08:43:39,070-DEBUG-root-45164::webapp_internal::fill_grid|6466:: Column found!
2025-12-04 08:43:39,105-DEBUG-root-45164::base::click|192:: Click Type: ClickType.ACTIONCHAINS
2025-12-04 08:43:44,498-DEBUG-root-45164::webapp_internal::fill_grid|6498:: Trying open cell in grid!
2025-12-04 08:43:44,788-DEBUG-root-45164::webapp_internal::wait_blocker|2444:: Waiting blocker to continue...
2025-12-04 08:43:44,952-DEBUG-root-45164::webapp_internal::wait_blocker|2469:: Blocker status: False
2025-12-04 08:43:45,137-DEBUG-root-45164::webapp_internal::wait_element_timeout|7726:: Element found! Waiting for element to be displayed.
2025-12-04 08:43:45,307-DEBUG-root-45164::base::click|192:: Click Type: ClickType.JS
2025-12-04 08:43:45,514-DEBUG-root-45164::webapp_internal::fill_grid|6577:: Sending keys: 128
2025-12-04 08:43:45,815-DEBUG-root-45164::webapp_internal::wait_blocker|2444:: Waiting blocker to continue...
2025-12-04 08:43:45,944-DEBUG-root-45164::webapp_internal::wait_blocker|2469:: Blocker status: False
2025-12-04 08:43:46,104-DEBUG-root-45164::webapp_internal::wait_element_timeout|7726:: Element found! Waiting for element to be displayed.
2025-12-04 08:43:46,387-DEBUG-root-45164::webapp_internal::fill_grid|6466:: Column found!
2025-12-04 08:43:46,423-DEBUG-root-45164::base::click|192:: Click Type: ClickType.ACTIONCHAINS
2025-12-04 08:43:51,765-DEBUG-root-45164::webapp_internal::fill_grid|6498:: Trying open cell in grid!
2025-12-04 08:43:52,052-DEBUG-root-45164::webapp_internal::wait_blocker|2444:: Waiting blocker to continue...
2025-12-04 08:43:52,204-DEBUG-root-45164::webapp_internal::wait_blocker|2469:: Blocker status: False
2025-12-04 08:43:52,388-DEBUG-root-45164::webapp_internal::wait_element_timeout|7726:: Element found! Waiting for element to be displayed.
2025-12-04 08:43:52,572-DEBUG-root-45164::base::click|192:: Click Type: ClickType.JS
2025-12-04 08:43:52,754-DEBUG-root-45164::webapp_internal::fill_grid|6577:: Sending keys: 128
2025-12-04 08:43:53,052-DEBUG-root-45164::webapp_internal::wait_blocker|2444:: Waiting blocker to continue...
2025-12-04 08:43:53,225-DEBUG-root-45164::webapp_internal::wait_blocker|2469:: Blocker status: False
2025-12-04 08:43:53,389-DEBUG-root-45164::webapp_internal::wait_element_timeout|7726:: Element found! Waiting for element to be displayed.
2025-12-04 08:43:53,705-DEBUG-root-45164::webapp_internal::fill_grid|6466:: Column found!
2025-12-04 08:43:53,742-DEBUG-root-45164::base::click|192:: Click Type: ClickType.ACTIONCHAINS
2025-12-04 08:43:58,763-ERROR-root-45164::webapp_internal::web_scrap|3782:: Message: WebDriver session does not exist, or is not active
Stacktrace:
RemoteError@chrome://remote/content/shared/RemoteError.sys.mjs:8:8
WebDriverError@chrome://remote/content/shared/webdriver/Errors.sys.mjs:202:5
InvalidSessionIDError@chrome://remote/content/shared/webdriver/Errors.sys.mjs:472:5
assert.that/<@chrome://remote/content/shared/webdriver/Assert.sys.mjs:581:13
assert.session@chrome://remote/content/shared/webdriver/Assert.sys.mjs:38:4
dispatch@chrome://remote/content/marionette/server.sys.mjs:315:19
execute@chrome://remote/content/marionette/server.sys.mjs:289:16
onPacket/<@chrome://remote/content/marionette/server.sys.mjs:262:20
onPacket@chrome://remote/content/marionette/server.sys.mjs:263:9
_onJSONObjectReady/<@chrome://remote/content/marionette/transport.sys.mjs:494:20
Traceback (most recent call last):
  File "C:\TIR_TESTE\venv\Lib\site-packages\tir\technologies\core\base.py", line 501, in get_current_DOM
    self.driver.switch_to.default_content()
  File "C:\TIR_TESTE\venv\Lib\site-packages\selenium\webdriver\remote\switch_to.py", line 69, in default_content
    self._driver.execute(Command.SWITCH_TO_FRAME, {"id": None})
  File "C:\TIR_TESTE\venv\Lib\site-packages\selenium\webdriver\remote\webdriver.py", line 347, in execute
    self.error_handler.check_response(response)
  File "C:\TIR_TESTE\venv\Lib\site-packages\selenium\webdriver\remote\errorhandler.py", line 229, in check_response
    raise exception_class(message, screen, stacktrace)
selenium.common.exceptions.InvalidSessionIdException: Message: WebDriver session does not exist, or is not active
Stacktrace:
RemoteError@chrome://remote/content/shared/RemoteError.sys.mjs:8:8
WebDriverError@chrome://remote/content/shared/webdriver/Errors.sys.mjs:202:5
InvalidSessionIDError@chrome://remote/content/shared/webdriver/Errors.sys.mjs:472:5
assert.that/<@chrome://remote/content/shared/webdriver/Assert.sys.mjs:581:13
assert.session@chrome://remote/content/shared/webdriver/Assert.sys.mjs:38:4
dispatch@chrome://remote/content/marionette/server.sys.mjs:315:19
execute@chrome://remote/content/marionette/server.sys.mjs:289:16
onPacket/<@chrome://remote/content/marionette/server.sys.mjs:262:20
onPacket@chrome://remote/content/marionette/server.sys.mjs:263:9
_onJSONObjectReady/<@chrome://remote/content/marionette/transport.sys.mjs:494:20


During handling of the above exception, another exception occurred:

Traceback (most recent call last):
  File "C:\TIR_TESTE\venv\Lib\site-packages\tir\technologies\webapp_internal.py", line 3719, in web_scrap
    soup = self.get_current_DOM(twebview=twebview)
           ^^^^^^^^^^^^^^^^^^^^^^^^^^^^^^^^^^^^^^^
  File "C:\TIR_TESTE\venv\Lib\site-packages\tir\technologies\core\base.py", line 538, in get_current_DOM
    self.driver.switch_to.default_content()
  File "C:\TIR_TESTE\venv\Lib\site-packages\selenium\webdriver\remote\switch_to.py", line 69, in default_content
    self._driver.execute(Command.SWITCH_TO_FRAME, {"id": None})
  File "C:\TIR_TESTE\venv\Lib\site-packages\selenium\webdriver\remote\webdriver.py", line 347, in execute
    self.error_handler.check_response(response)
  File "C:\TIR_TESTE\venv\Lib\site-packages\selenium\webdriver\remote\errorhandler.py", line 229, in check_response
    raise exception_class(message, screen, stacktrace)
selenium.common.exceptions.InvalidSessionIdException: Message: WebDriver session does not exist, or is not active
Stacktrace:
RemoteError@chrome://remote/content/shared/RemoteError.sys.mjs:8:8
WebDriverError@chrome://remote/content/shared/webdriver/Errors.sys.mjs:202:5
InvalidSessionIDError@chrome://remote/content/shared/webdriver/Errors.sys.mjs:472:5
assert.that/<@chrome://remote/content/shared/webdriver/Assert.sys.mjs:581:13
assert.session@chrome://remote/content/shared/webdriver/Assert.sys.mjs:38:4
dispatch@chrome://remote/content/marionette/server.sys.mjs:315:19
execute@chrome://remote/content/marionette/server.sys.mjs:289:16
onPacket/<@chrome://remote/content/marionette/server.sys.mjs:262:20
onPacket@chrome://remote/content/marionette/server.sys.mjs:263:9
_onJSONObjectReady/<@chrome://remote/content/marionette/transport.sys.mjs:494:20

2025-12-04 08:43:59,245-ERROR-root-45164::webapp_internal::fill_grid|6675:: fill grid error: Message: Tried to run command without establishing a connection
Traceback (most recent call last):
  File "C:\TIR_TESTE\venv\Lib\site-packages\tir\technologies\core\base.py", line 501, in get_current_DOM
    self.driver.switch_to.default_content()
  File "C:\TIR_TESTE\venv\Lib\site-packages\selenium\webdriver\remote\switch_to.py", line 69, in default_content
    self._driver.execute(Command.SWITCH_TO_FRAME, {"id": None})
  File "C:\TIR_TESTE\venv\Lib\site-packages\selenium\webdriver\remote\webdriver.py", line 347, in execute
    self.error_handler.check_response(response)
  File "C:\TIR_TESTE\venv\Lib\site-packages\selenium\webdriver\remote\errorhandler.py", line 229, in check_response
    raise exception_class(message, screen, stacktrace)
selenium.common.exceptions.WebDriverException: Message: Failed to decode response from marionette


During handling of the above exception, another exception occurred:

Traceback (most recent call last):
  File "C:\TIR_TESTE\venv\Lib\site-packages\tir\technologies\webapp_internal.py", line 6492, in fill_grid
    while (time.time() < endtime_open_cell and not self.wait_element_timeout(term='wa-dialog',
                                                   ^^^^^^^^^^^^^^^^^^^^^^^^^^^^^^^^^^^^^^^^^^^
  File "C:\TIR_TESTE\venv\Lib\site-packages\tir\technologies\webapp_internal.py", line 7713, in wait_element_timeout
    if self.element_exists(term, scrap_type, position, optional_term, main_container, check_error, twebview):
       ^^^^^^^^^^^^^^^^^^^^^^^^^^^^^^^^^^^^^^^^^^^^^^^^^^^^^^^^^^^^^^^^^^^^^^^^^^^^^^^^^^^^^^^^^^^^^^^^^^^^^
  File "C:\TIR_TESTE\venv\Lib\site-packages\tir\technologies\webapp_internal.py", line 4073, in element_exists
    soup = self.get_current_DOM(twebview=twebview)
           ^^^^^^^^^^^^^^^^^^^^^^^^^^^^^^^^^^^^^^^
  File "C:\TIR_TESTE\venv\Lib\site-packages\tir\technologies\core\base.py", line 538, in get_current_DOM
    self.driver.switch_to.default_content()
  File "C:\TIR_TESTE\venv\Lib\site-packages\selenium\webdriver\remote\switch_to.py", line 69, in default_content
    self._driver.execute(Command.SWITCH_TO_FRAME, {"id": None})
  File "C:\TIR_TESTE\venv\Lib\site-packages\selenium\webdriver\remote\webdriver.py", line 347, in execute
    self.error_handler.check_response(response)
  File "C:\TIR_TESTE\venv\Lib\site-packages\selenium\webdriver\remote\errorhandler.py", line 229, in check_response
    raise exception_class(message, screen, stacktrace)
selenium.common.exceptions.InvalidSessionIdException: Message: Tried to run command without establishing a connection

2025-12-04 08:43:59,246-WARNING-root-45164::webapp_internal::log_error|8143:: Warning log_error fill grid error: Message: Tried to run command without establishing a connection

2025-12-04 08:43:59,246-DEBUG-root-45164::webapp_internal::log_error|8146:: ***System Info*** in log_error():
2025-12-04 08:43:59,247-DEBUG-root-45164::psutil_info::system_info|5:: CPU USAGE: 9.9%
2025-12-04 08:43:59,247-DEBUG-root-45164::psutil_info::system_info|6:: MEMORY USAGE: 81.1%
2025-12-04 08:43:59,248-DEBUG-root-45164::psutil_info::system_info|7:: MEMORY AVAILABLE: 18.91%
2025-12-04 08:43:59,271-ERROR-root-45164::webapp_internal::log_error|8181:: Warning Log Error Close Message: Tried to run command without establishing a connection
Traceback (most recent call last):
  File "C:\TIR_TESTE\venv\Lib\site-packages\tir\technologies\core\base.py", line 501, in get_current_DOM
    self.driver.switch_to.default_content()
  File "C:\TIR_TESTE\venv\Lib\site-packages\selenium\webdriver\remote\switch_to.py", line 69, in default_content
    self._driver.execute(Command.SWITCH_TO_FRAME, {"id": None})
  File "C:\TIR_TESTE\venv\Lib\site-packages\selenium\webdriver\remote\webdriver.py", line 347, in execute
    self.error_handler.check_response(response)
  File "C:\TIR_TESTE\venv\Lib\site-packages\selenium\webdriver\remote\errorhandler.py", line 229, in check_response
    raise exception_class(message, screen, stacktrace)
selenium.common.exceptions.WebDriverException: Message: Failed to decode response from marionette


During handling of the above exception, another exception occurred:

Traceback (most recent call last):
  File "C:\TIR_TESTE\venv\Lib\site-packages\tir\technologies\webapp_internal.py", line 6492, in fill_grid
    while (time.time() < endtime_open_cell and not self.wait_element_timeout(term='wa-dialog',
                                                   ^^^^^^^^^^^^^^^^^^^^^^^^^^^^^^^^^^^^^^^^^^^
  File "C:\TIR_TESTE\venv\Lib\site-packages\tir\technologies\webapp_internal.py", line 7713, in wait_element_timeout
    if self.element_exists(term, scrap_type, position, optional_term, main_container, check_error, twebview):
       ^^^^^^^^^^^^^^^^^^^^^^^^^^^^^^^^^^^^^^^^^^^^^^^^^^^^^^^^^^^^^^^^^^^^^^^^^^^^^^^^^^^^^^^^^^^^^^^^^^^^^
  File "C:\TIR_TESTE\venv\Lib\site-packages\tir\technologies\webapp_internal.py", line 4073, in element_exists
    soup = self.get_current_DOM(twebview=twebview)
           ^^^^^^^^^^^^^^^^^^^^^^^^^^^^^^^^^^^^^^^
  File "C:\TIR_TESTE\venv\Lib\site-packages\tir\technologies\core\base.py", line 538, in get_current_DOM
    self.driver.switch_to.default_content()
  File "C:\TIR_TESTE\venv\Lib\site-packages\selenium\webdriver\remote\switch_to.py", line 69, in default_content
    self._driver.execute(Command.SWITCH_TO_FRAME, {"id": None})
  File "C:\TIR_TESTE\venv\Lib\site-packages\selenium\webdriver\remote\webdriver.py", line 347, in execute
    self.error_handler.check_response(response)
  File "C:\TIR_TESTE\venv\Lib\site-packages\selenium\webdriver\remote\errorhandler.py", line 229, in check_response
    raise exception_class(message, screen, stacktrace)
selenium.common.exceptions.InvalidSessionIdException: Message: Tried to run command without establishing a connection


During handling of the above exception, another exception occurred:

Traceback (most recent call last):
  File "C:\TIR_TESTE\venv\Lib\site-packages\tir\technologies\webapp_internal.py", line 8179, in log_error
    self.driver.close()
  File "C:\TIR_TESTE\venv\Lib\site-packages\selenium\webdriver\remote\webdriver.py", line 458, in close
    self.execute(Command.CLOSE)
  File "C:\TIR_TESTE\venv\Lib\site-packages\selenium\webdriver\remote\webdriver.py", line 347, in execute
    self.error_handler.check_response(response)
  File "C:\TIR_TESTE\venv\Lib\site-packages\selenium\webdriver\remote\errorhandler.py", line 229, in check_response
    raise exception_class(message, screen, stacktrace)
selenium.common.exceptions.InvalidSessionIdException: Message: Tried to run command without establishing a connection

2025-12-04 08:43:59,793-ERROR-root-45164::webapp_internal::TearDown|9654:: Warning tearDown Close Message: Tried to run command without establishing a connection
Traceback (most recent call last):
  File "C:\TIR_TESTE\venv\Lib\site-packages\tir\technologies\webapp_internal.py", line 9652, in TearDown
    self.driver.close()
  File "C:\TIR_TESTE\venv\Lib\site-packages\selenium\webdriver\remote\webdriver.py", line 458, in close
    self.execute(Command.CLOSE)
  File "C:\TIR_TESTE\venv\Lib\site-packages\selenium\webdriver\remote\webdriver.py", line 347, in execute
    self.error_handler.check_response(response)
  File "C:\TIR_TESTE\venv\Lib\site-packages\selenium\webdriver\remote\errorhandler.py", line 229, in check_response
    raise exception_class(message, screen, stacktrace)
selenium.common.exceptions.InvalidSessionIdException: Message: Tried to run command without establishing a connection

