2025-12-15 11:38:59,219-DEBUG-root-14512::logging_config::logger|189:: Log file created: 'Log\GESIT03\TIR__20251215113859212.log'
2025-12-15 11:38:59,219-INFO-root-14512::base::Start|1183:: TIR Version: 2.4.3
2025-12-15 11:38:59,219-INFO-root-14512::base::Start|1184:: Python Version: 3.12.10
2025-12-15 11:38:59,219-INFO-root-14512::base::Start|1185:: Starting the browser
2025-12-15 11:39:07,052-INFO-root-14512::base::get_url|1294:: Page is ready!
2025-12-15 11:39:07,060-INFO-root-14512::base::Start|1256:: Browser maximized to 1936x1048
2025-12-15 11:39:07,061-INFO-root-14512::base::Start|1258:: Screen size is different from default used in headless mode
2025-12-15 11:39:07,183-INFO-root-14512::webapp_internal::Setup|247:: ***System Info*** in Setup():
2025-12-15 11:39:07,184-DEBUG-root-14512::psutil_info::system_info|5:: CPU USAGE: 25.4%
2025-12-15 11:39:07,184-DEBUG-root-14512::psutil_info::system_info|6:: MEMORY USAGE: 93.3%
2025-12-15 11:39:07,185-DEBUG-root-14512::psutil_info::system_info|7:: MEMORY AVAILABLE: 6.72%
2025-12-15 11:39:07,202-INFO-root-14512::base::webapp_shadowroot|1394:: Webapp: 10.1.6-RC4
2025-12-15 11:39:07,247-INFO-root-14512::webapp_internal::filling_initial_program|449:: Filling Initial Program: "SIGAMDI"
2025-12-15 11:39:07,247-DEBUG-root-14512::webapp_internal::wait_element|7623:: Waiting for element
2025-12-15 11:39:07,329-DEBUG-root-14512::webapp_internal::wait_element|7653:: Element found! Waiting for element to be displayed.
2025-12-15 11:39:07,510-DEBUG-root-14512::base::click|192:: Click Type: ClickType.JS
2025-12-15 11:39:07,516-DEBUG-root-14512::webapp_internal::try_send_keys|7976:: Trying to send keys to element using technique 0
2025-12-15 11:39:08,184-DEBUG-root-14512::webapp_internal::get_web_value|3232:: Current value: SIGAMDI
2025-12-15 11:39:08,185-INFO-root-14512::webapp_internal::filling_server_environment|463:: Filling Server Environment: "POUPEX_TST"
2025-12-15 11:39:08,185-DEBUG-root-14512::webapp_internal::wait_element|7623:: Waiting for element
2025-12-15 11:39:08,211-DEBUG-root-14512::webapp_internal::wait_element|7653:: Element found! Waiting for element to be displayed.
2025-12-15 11:39:08,378-DEBUG-root-14512::base::click|192:: Click Type: ClickType.JS
2025-12-15 11:39:08,385-DEBUG-root-14512::webapp_internal::try_send_keys|7976:: Trying to send keys to element using technique 0
2025-12-15 11:39:09,202-DEBUG-root-14512::webapp_internal::get_web_value|3232:: Current value: POUPEX_TST
2025-12-15 11:39:09,228-DEBUG-root-14512::base::click|192:: Click Type: ClickType.JS
2025-12-15 11:39:09,245-DEBUG-root-14512::webapp_internal::user_screen|519:: Filling user screen
2025-12-15 11:39:15,172-DEBUG-root-14512::webapp_internal::wait_element_timeout|7726:: Element found! Waiting for element to be displayed.
2025-12-15 11:39:15,227-DEBUG-root-14512::base::scroll_to_element|759:: ********Warining scroll_to_element exception: Message: TypeError: can't access property "scrollIntoView", arguments[0] is null
Stacktrace:
@https://qasrverp:10020/webapp/:2:7
@https://qasrverp:10020/webapp/:3:8
*********
2025-12-15 11:39:15,401-INFO-root-14512::webapp_internal::user_screen|561:: Filling User
2025-12-15 11:39:15,441-DEBUG-root-14512::base::double_click|259:: Click Type: ClickType.SELENIUM
2025-12-15 11:39:15,627-DEBUG-root-14512::webapp_internal::get_web_value|3232:: Current value: 97137227104
2025-12-15 11:39:15,651-INFO-root-14512::webapp_internal::user_screen|621:: Filling Password
2025-12-15 11:39:15,674-DEBUG-root-14512::base::click|192:: Click Type: ClickType.JS
2025-12-15 11:39:15,750-DEBUG-root-14512::webapp_internal::get_web_value|3232:: Current value: Deire20191817+
2025-12-15 11:39:15,751-DEBUG-root-14512::webapp_internal::wait_blocker|2444:: Waiting blocker to continue...
2025-12-15 11:39:15,788-DEBUG-root-14512::webapp_internal::wait_blocker|2469:: Blocker status: None
2025-12-15 11:39:15,813-DEBUG-root-14512::webapp_internal::wait_blocker|2444:: Waiting blocker to continue...
2025-12-15 11:39:15,853-DEBUG-root-14512::webapp_internal::wait_blocker|2469:: Blocker status: None
2025-12-15 11:39:15,896-DEBUG-root-14512::webapp_internal::wait_blocker|2444:: Waiting blocker to continue...
2025-12-15 11:39:15,935-DEBUG-root-14512::webapp_internal::wait_blocker|2469:: Blocker status: None
2025-12-15 11:39:15,935-DEBUG-root-14512::webapp_internal::send_action|10480:: Trying to send action
2025-12-15 11:39:15,945-DEBUG-root-14512::base::click|192:: Click Type: ClickType.JS
2025-12-15 11:39:16,989-DEBUG-root-14512::webapp_internal::send_action|10522:: send_action method result = True
2025-12-15 11:39:16,990-DEBUG-root-14512::webapp_internal::send_action|10523:: send_action selenium status: False
2025-12-15 11:39:19,499-DEBUG-root-14512::base::scroll_to_element|759:: ********Warining scroll_to_element exception: Message: TypeError: can't access property "scrollIntoView", arguments[0] is null
Stacktrace:
@https://qasrverp:10020/webapp/:2:7
@https://qasrverp:10020/webapp/:3:8
*********
2025-12-15 11:39:19,586-INFO-root-14512::webapp_internal::filling_date|885:: Filling Date: "15/12/2025"
2025-12-15 11:39:19,586-DEBUG-root-14512::webapp_internal::wait_blocker|2444:: Waiting blocker to continue...
2025-12-15 11:39:19,631-DEBUG-root-14512::webapp_internal::wait_blocker|2469:: Blocker status: None
2025-12-15 11:39:19,647-DEBUG-root-14512::base::click|192:: Click Type: ClickType.JS
2025-12-15 11:39:19,673-DEBUG-root-14512::webapp_internal::try_send_keys|7976:: Trying to send keys to element using technique 1
2025-12-15 11:39:19,775-DEBUG-root-14512::webapp_internal::get_web_value|3232:: Current value: 15/12/2025
2025-12-15 11:39:20,860-INFO-root-14512::webapp_internal::filling_group|955:: Filling Group: "02"
2025-12-15 11:39:20,860-DEBUG-root-14512::webapp_internal::wait_blocker|2444:: Waiting blocker to continue...
2025-12-15 11:39:20,894-DEBUG-root-14512::webapp_internal::wait_blocker|2469:: Blocker status: None
2025-12-15 11:39:20,898-DEBUG-root-14512::base::click|192:: Click Type: ClickType.JS
2025-12-15 11:39:20,958-DEBUG-root-14512::webapp_internal::get_web_value|3232:: Current value: 02
2025-12-15 11:39:22,019-INFO-root-14512::webapp_internal::filling_branch|1047:: Filling Branch: "02DF0001"
2025-12-15 11:39:22,021-DEBUG-root-14512::webapp_internal::wait_blocker|2444:: Waiting blocker to continue...
2025-12-15 11:39:22,052-DEBUG-root-14512::webapp_internal::wait_blocker|2469:: Blocker status: None
2025-12-15 11:39:22,054-DEBUG-root-14512::base::click|192:: Click Type: ClickType.JS
2025-12-15 11:39:22,113-DEBUG-root-14512::webapp_internal::get_web_value|3232:: Current value: 02DF0001
2025-12-15 11:39:23,206-INFO-root-14512::webapp_internal::filling_environment|1113:: Filling Environment: "07"
2025-12-15 11:39:23,206-DEBUG-root-14512::webapp_internal::wait_blocker|2444:: Waiting blocker to continue...
2025-12-15 11:39:23,238-DEBUG-root-14512::webapp_internal::wait_blocker|2469:: Blocker status: None
2025-12-15 11:39:23,242-DEBUG-root-14512::base::click|192:: Click Type: ClickType.JS
2025-12-15 11:39:23,306-DEBUG-root-14512::webapp_internal::get_web_value|3232:: Current value: 07
2025-12-15 11:39:24,314-DEBUG-root-14512::webapp_internal::close_warning_screen|1489:: Closing warning screen!
2025-12-15 11:39:25,347-DEBUG-root-14512::webapp_internal::check_screen_element|1291:: Checking screen element: "Atenção": False
2025-12-15 11:39:26,451-INFO-root-14512::webapp_internal::environment_screen|796:: Clicking on Button
2025-12-15 11:39:26,452-DEBUG-root-14512::webapp_internal::wait_blocker|2444:: Waiting blocker to continue...
2025-12-15 11:39:26,486-DEBUG-root-14512::webapp_internal::wait_blocker|2469:: Blocker status: None
2025-12-15 11:39:26,489-DEBUG-root-14512::base::click|192:: Click Type: ClickType.JS
2025-12-15 11:39:27,499-DEBUG-root-14512::base::click|192:: Click Type: ClickType.JS
2025-12-15 11:39:28,508-DEBUG-root-14512::base::click|192:: Click Type: ClickType.JS
2025-12-15 11:39:29,516-DEBUG-root-14512::base::click|192:: Click Type: ClickType.JS
2025-12-15 11:39:30,523-DEBUG-root-14512::base::click|192:: Click Type: ClickType.JS
2025-12-15 11:39:31,531-DEBUG-root-14512::base::click|192:: Click Type: ClickType.JS
2025-12-15 11:39:32,540-DEBUG-root-14512::webapp_internal::close_screen_before_menu|368:: Closing screen before the menu
2025-12-15 11:39:32,597-DEBUG-root-14512::webapp_internal::close_warning_screen|1489:: Closing warning screen!
2025-12-15 11:39:33,640-DEBUG-root-14512::webapp_internal::check_screen_element|1291:: Checking screen element: "Atenção": False
2025-12-15 11:39:33,640-DEBUG-root-14512::webapp_internal::close_coin_screen|1424:: Closing coin screen!
2025-12-15 11:39:34,202-DEBUG-root-14512::base::click|192:: Click Type: ClickType.JS
2025-12-15 11:39:34,291-DEBUG-root-14512::webapp_internal::close_warning_screen|1489:: Closing warning screen!
2025-12-15 11:39:35,355-DEBUG-root-14512::webapp_internal::check_screen_element|1291:: Checking screen element: "Atenção": False
2025-12-15 11:39:35,355-DEBUG-root-14512::webapp_internal::close_coin_screen|1424:: Closing coin screen!
2025-12-15 11:39:35,504-INFO-root-14512::webapp_internal::set_log_info|1623:: Getting log info
2025-12-15 11:39:35,504-INFO-root-14512::webapp_internal::SetLateralMenu|4184:: Navigating lateral menu: Ajuda > Sobre
2025-12-15 11:39:35,517-DEBUG-root-14512::webapp_internal::wait_element|7623:: Waiting for element
2025-12-15 11:39:35,585-DEBUG-root-14512::webapp_internal::wait_element|7653:: Element found! Waiting for element to be displayed.
2025-12-15 11:39:35,759-INFO-root-14512::webapp_internal::SetLateralMenu|4203:: Menu item: "Ajuda"
2025-12-15 11:39:35,759-DEBUG-root-14512::webapp_internal::wait_blocker|2444:: Waiting blocker to continue...
2025-12-15 11:39:35,828-DEBUG-root-14512::webapp_internal::wait_blocker|2469:: Blocker status: False
2025-12-15 11:39:36,189-DEBUG-root-14512::webapp_internal::wait_element_timeout|7726:: Element found! Waiting for element to be displayed.
2025-12-15 11:39:36,574-DEBUG-root-14512::webapp_internal::wait_blocker|2444:: Waiting blocker to continue...
2025-12-15 11:39:36,644-DEBUG-root-14512::webapp_internal::wait_blocker|2469:: Blocker status: False
2025-12-15 11:39:38,949-INFO-root-14512::webapp_internal::SetLateralMenu|4203:: Menu item: "Sobre"
2025-12-15 11:39:38,949-DEBUG-root-14512::webapp_internal::wait_blocker|2444:: Waiting blocker to continue...
2025-12-15 11:39:39,010-DEBUG-root-14512::webapp_internal::wait_blocker|2469:: Blocker status: False
2025-12-15 11:39:39,418-DEBUG-root-14512::webapp_internal::wait_element_timeout|7726:: Element found! Waiting for element to be displayed.
2025-12-15 11:39:39,797-DEBUG-root-14512::webapp_internal::wait_blocker|2444:: Waiting blocker to continue...
2025-12-15 11:39:39,863-DEBUG-root-14512::webapp_internal::wait_blocker|2469:: Blocker status: False
2025-12-15 11:39:42,503-DEBUG-root-14512::webapp_internal::wait_blocker|2444:: Waiting blocker to continue...
2025-12-15 11:39:42,576-DEBUG-root-14512::webapp_internal::wait_blocker|2469:: Blocker status: False
2025-12-15 11:39:42,642-DEBUG-root-14512::webapp_internal::wait_element|7623:: Waiting for element
2025-12-15 11:39:42,685-DEBUG-root-14512::webapp_internal::wait_element|7653:: Element found! Waiting for element to be displayed.
2025-12-15 11:39:42,855-INFO-root-14512::webapp_internal::SetButton|4444:: Clicking on Fechar
2025-12-15 11:39:42,855-DEBUG-root-14512::webapp_internal::wait_blocker|2444:: Waiting blocker to continue...
2025-12-15 11:39:42,926-DEBUG-root-14512::webapp_internal::wait_blocker|2469:: Blocker status: False
2025-12-15 11:39:43,108-DEBUG-root-14512::webapp_internal::wait_element_timeout|7726:: Element found! Waiting for element to be displayed.
2025-12-15 11:39:43,178-DEBUG-root-14512::webapp_internal::SetButton|4481:: ***System Info*** Before Clicking on button:Fechar
2025-12-15 11:39:43,179-DEBUG-root-14512::psutil_info::system_info|5:: CPU USAGE: 13.2%
2025-12-15 11:39:43,179-DEBUG-root-14512::psutil_info::system_info|6:: MEMORY USAGE: 93.5%
2025-12-15 11:39:43,179-DEBUG-root-14512::psutil_info::system_info|7:: MEMORY AVAILABLE: 6.53%
2025-12-15 11:39:43,345-DEBUG-root-14512::webapp_internal::wait_element_timeout|7726:: Element found! Waiting for element to be displayed.
2025-12-15 11:39:43,480-DEBUG-root-14512::webapp_internal::wait_blocker|2444:: Waiting blocker to continue...
2025-12-15 11:39:43,554-DEBUG-root-14512::webapp_internal::wait_blocker|2469:: Blocker status: False
2025-12-15 11:39:43,570-DEBUG-root-14512::webapp_internal::wait_blocker|2444:: Waiting blocker to continue...
2025-12-15 11:39:43,647-DEBUG-root-14512::webapp_internal::wait_blocker|2469:: Blocker status: False
2025-12-15 11:39:43,647-DEBUG-root-14512::webapp_internal::send_action|10480:: Trying to send action
2025-12-15 11:39:43,649-DEBUG-root-14512::base::click|192:: Click Type: ClickType.JS
2025-12-15 11:39:44,679-DEBUG-root-14512::webapp_internal::send_action|10522:: send_action method result = True
2025-12-15 11:39:44,680-DEBUG-root-14512::webapp_internal::send_action|10523:: send_action selenium status: False
2025-12-15 11:39:44,680-DEBUG-root-14512::webapp_internal::SetButton|4683:: ***System Info*** After Clicking on button:
2025-12-15 11:39:44,680-DEBUG-root-14512::psutil_info::system_info|5:: CPU USAGE: 11.0%
2025-12-15 11:39:44,681-DEBUG-root-14512::psutil_info::system_info|6:: MEMORY USAGE: 93.5%
2025-12-15 11:39:44,681-DEBUG-root-14512::psutil_info::system_info|7:: MEMORY AVAILABLE: 6.54%
2025-12-15 11:39:44,681-DEBUG-root-14512::webapp_internal::wait_element|7623:: Waiting for element
2025-12-15 11:39:44,778-INFO-root-14512::webapp_internal::SetLateralMenu|4184:: Navigating lateral menu: Atualizações > Gestao de Viagens > Controle de Alcada (5) > Aprovadores
2025-12-15 11:39:44,790-DEBUG-root-14512::webapp_internal::wait_element|7623:: Waiting for element
2025-12-15 11:39:44,836-DEBUG-root-14512::webapp_internal::wait_element|7653:: Element found! Waiting for element to be displayed.
2025-12-15 11:39:45,005-INFO-root-14512::webapp_internal::SetLateralMenu|4203:: Menu item: "Atualizações"
2025-12-15 11:39:45,005-DEBUG-root-14512::webapp_internal::wait_blocker|2444:: Waiting blocker to continue...
2025-12-15 11:39:45,069-DEBUG-root-14512::webapp_internal::wait_blocker|2469:: Blocker status: False
2025-12-15 11:39:45,467-DEBUG-root-14512::webapp_internal::wait_element_timeout|7726:: Element found! Waiting for element to be displayed.
2025-12-15 11:39:45,820-DEBUG-root-14512::webapp_internal::wait_blocker|2444:: Waiting blocker to continue...
2025-12-15 11:39:45,883-DEBUG-root-14512::webapp_internal::wait_blocker|2469:: Blocker status: False
2025-12-15 11:39:48,184-INFO-root-14512::webapp_internal::SetLateralMenu|4203:: Menu item: "Gestao de Viagens"
2025-12-15 11:39:48,184-DEBUG-root-14512::webapp_internal::wait_blocker|2444:: Waiting blocker to continue...
2025-12-15 11:39:48,296-DEBUG-root-14512::webapp_internal::wait_blocker|2469:: Blocker status: False
2025-12-15 11:39:49,046-DEBUG-root-14512::webapp_internal::wait_element_timeout|7726:: Element found! Waiting for element to be displayed.
2025-12-15 11:39:49,789-DEBUG-root-14512::webapp_internal::wait_blocker|2444:: Waiting blocker to continue...
2025-12-15 11:39:49,889-DEBUG-root-14512::webapp_internal::wait_blocker|2469:: Blocker status: False
2025-12-15 11:39:52,167-INFO-root-14512::webapp_internal::SetLateralMenu|4203:: Menu item: "Controle de Alcada (5)"
2025-12-15 11:39:52,167-DEBUG-root-14512::webapp_internal::wait_blocker|2444:: Waiting blocker to continue...
2025-12-15 11:39:52,249-DEBUG-root-14512::webapp_internal::wait_blocker|2469:: Blocker status: False
2025-12-15 11:39:53,343-DEBUG-root-14512::webapp_internal::wait_element_timeout|7726:: Element found! Waiting for element to be displayed.
2025-12-15 11:39:54,423-DEBUG-root-14512::webapp_internal::wait_blocker|2444:: Waiting blocker to continue...
2025-12-15 11:39:54,508-DEBUG-root-14512::webapp_internal::wait_blocker|2469:: Blocker status: False
2025-12-15 11:39:56,811-INFO-root-14512::webapp_internal::SetLateralMenu|4203:: Menu item: "Aprovadores"
2025-12-15 11:39:56,811-DEBUG-root-14512::webapp_internal::wait_blocker|2444:: Waiting blocker to continue...
2025-12-15 11:39:56,902-DEBUG-root-14512::webapp_internal::wait_blocker|2469:: Blocker status: False
2025-12-15 11:39:57,980-DEBUG-root-14512::webapp_internal::wait_element_timeout|7726:: Element found! Waiting for element to be displayed.
2025-12-15 11:39:59,078-DEBUG-root-14512::webapp_internal::wait_blocker|2444:: Waiting blocker to continue...
2025-12-15 11:39:59,197-DEBUG-root-14512::webapp_internal::wait_blocker|2469:: Blocker status: False
2025-12-15 11:40:03,241-DEBUG-root-14512::webapp_internal::wait_blocker|2444:: Waiting blocker to continue...
2025-12-15 11:40:03,343-DEBUG-root-14512::webapp_internal::wait_blocker|2469:: Blocker status: False
2025-12-15 11:40:03,451-INFO-root-14512::webapp_internal::WaitShow|4980:: Waiting show text 'Este ambiente utiliza base de Homologação.'...
2025-12-15 11:40:09,451-INFO-root-14512::webapp_internal::WaitShow|4980:: Waiting show text 'Moedas'...
2025-12-15 11:40:14,546-INFO-root-14512::webapp_internal::WaitShow|4980:: Waiting show text 'Cadastro de Aprovadores'...
2025-12-15 11:40:14,602-INFO-root-14512::webapp_internal::WaitShow|4996:: Text found! 
2025-12-15 11:40:14,602-INFO-root-14512::webapp_internal::SetButton|4444:: Clicking on Incluir
2025-12-15 11:40:14,602-DEBUG-root-14512::webapp_internal::wait_blocker|2444:: Waiting blocker to continue...
2025-12-15 11:40:14,690-DEBUG-root-14512::webapp_internal::wait_blocker|2469:: Blocker status: False
2025-12-15 11:40:15,030-DEBUG-root-14512::webapp_internal::wait_element_timeout|7726:: Element found! Waiting for element to be displayed.
2025-12-15 11:40:15,260-DEBUG-root-14512::webapp_internal::SetButton|4481:: ***System Info*** Before Clicking on button:Incluir
2025-12-15 11:40:15,261-DEBUG-root-14512::psutil_info::system_info|5:: CPU USAGE: 14.7%
2025-12-15 11:40:15,261-DEBUG-root-14512::psutil_info::system_info|6:: MEMORY USAGE: 94.9%
2025-12-15 11:40:15,261-DEBUG-root-14512::psutil_info::system_info|7:: MEMORY AVAILABLE: 5.09%
2025-12-15 11:40:15,588-DEBUG-root-14512::webapp_internal::wait_element_timeout|7726:: Element found! Waiting for element to be displayed.
2025-12-15 11:40:15,875-DEBUG-root-14512::webapp_internal::wait_blocker|2444:: Waiting blocker to continue...
2025-12-15 11:40:15,970-DEBUG-root-14512::webapp_internal::wait_blocker|2469:: Blocker status: False
2025-12-15 11:40:15,990-DEBUG-root-14512::webapp_internal::wait_blocker|2444:: Waiting blocker to continue...
2025-12-15 11:40:16,078-DEBUG-root-14512::webapp_internal::wait_blocker|2469:: Blocker status: False
2025-12-15 11:40:16,079-DEBUG-root-14512::webapp_internal::send_action|10480:: Trying to send action
2025-12-15 11:40:16,083-DEBUG-root-14512::base::click|192:: Click Type: ClickType.JS
2025-12-15 11:40:17,129-DEBUG-root-14512::webapp_internal::send_action|10522:: send_action method result = True
2025-12-15 11:40:17,129-DEBUG-root-14512::webapp_internal::send_action|10523:: send_action selenium status: False
2025-12-15 11:40:17,129-DEBUG-root-14512::webapp_internal::SetButton|4683:: ***System Info*** After Clicking on button:
2025-12-15 11:40:17,130-DEBUG-root-14512::psutil_info::system_info|5:: CPU USAGE: 13.1%
2025-12-15 11:40:17,130-DEBUG-root-14512::psutil_info::system_info|6:: MEMORY USAGE: 95.2%
2025-12-15 11:40:17,131-DEBUG-root-14512::psutil_info::system_info|7:: MEMORY AVAILABLE: 4.84%
2025-12-15 11:40:17,332-INFO-root-14512::webapp_internal::WaitShow|4980:: Waiting show text 'Aprovadores - INCLUIR'...
2025-12-15 11:40:17,436-INFO-root-14512::webapp_internal::WaitShow|4996:: Text found! 
2025-12-15 11:40:17,436-DEBUG-root-14512::webapp_internal::wait_blocker|2444:: Waiting blocker to continue...
2025-12-15 11:40:17,531-DEBUG-root-14512::webapp_internal::wait_blocker|2469:: Blocker status: False
2025-12-15 11:40:17,531-DEBUG-root-14512::webapp_internal::wait_element|7623:: Waiting for element
2025-12-15 11:40:17,593-DEBUG-root-14512::webapp_internal::wait_element|7653:: Element found! Waiting for element to be displayed.
2025-12-15 11:40:17,640-INFO-root-14512::webapp_internal::input_value|2941:: Looking for element: AK_USER
2025-12-15 11:40:17,739-INFO-root-14512::webapp_internal::input_value|2951:: Element: AK_USER Found!
2025-12-15 11:40:17,740-INFO-root-14512::webapp_internal::input_value|2953:: Filling element: AK_USER
2025-12-15 11:40:17,777-DEBUG-root-14512::webapp_internal::get_web_value|3232:: Current value:       
2025-12-15 11:40:17,826-DEBUG-root-14512::base::double_click|259:: Click Type: ClickType.SELENIUM
2025-12-15 11:40:18,087-DEBUG-root-14512::webapp_internal::wait_blocker|2444:: Waiting blocker to continue...
2025-12-15 11:40:18,189-DEBUG-root-14512::webapp_internal::wait_blocker|2469:: Blocker status: False
2025-12-15 11:40:18,525-DEBUG-root-14512::webapp_internal::get_web_value|3232:: Current value: 001016
2025-12-15 11:40:18,525-INFO-root-14512::webapp_internal::input_value|3059:: Current field value: 001016
2025-12-15 11:40:18,525-DEBUG-root-14512::webapp_internal::wait_blocker|2444:: Waiting blocker to continue...
2025-12-15 11:40:18,635-DEBUG-root-14512::webapp_internal::wait_blocker|2469:: Blocker status: False
2025-12-15 11:40:18,636-DEBUG-root-14512::webapp_internal::wait_element|7623:: Waiting for element
2025-12-15 11:40:18,740-DEBUG-root-14512::webapp_internal::wait_element|7653:: Element found! Waiting for element to be displayed.
2025-12-15 11:40:18,790-INFO-root-14512::webapp_internal::input_value|2941:: Looking for element: AK_APROSUP
2025-12-15 11:40:18,887-INFO-root-14512::webapp_internal::input_value|2951:: Element: AK_APROSUP Found!
2025-12-15 11:40:18,887-INFO-root-14512::webapp_internal::input_value|2953:: Filling element: AK_APROSUP
2025-12-15 11:40:18,920-DEBUG-root-14512::webapp_internal::get_web_value|3232:: Current value:       
2025-12-15 11:40:18,961-DEBUG-root-14512::base::double_click|259:: Click Type: ClickType.SELENIUM
2025-12-15 11:40:19,223-DEBUG-root-14512::webapp_internal::wait_blocker|2444:: Waiting blocker to continue...
2025-12-15 11:40:19,335-DEBUG-root-14512::webapp_internal::wait_blocker|2469:: Blocker status: False
2025-12-15 11:40:19,657-DEBUG-root-14512::webapp_internal::get_web_value|3232:: Current value: 000005
2025-12-15 11:40:19,657-INFO-root-14512::webapp_internal::input_value|3059:: Current field value: 000005
2025-12-15 11:40:19,657-DEBUG-root-14512::webapp_internal::wait_blocker|2444:: Waiting blocker to continue...
2025-12-15 11:40:19,773-DEBUG-root-14512::webapp_internal::wait_blocker|2469:: Blocker status: False
2025-12-15 11:40:19,774-DEBUG-root-14512::webapp_internal::wait_element|7623:: Waiting for element
2025-12-15 11:40:19,835-DEBUG-root-14512::webapp_internal::wait_element|7653:: Element found! Waiting for element to be displayed.
2025-12-15 11:40:19,886-INFO-root-14512::webapp_internal::input_value|2941:: Looking for element: AK_MOEDA
2025-12-15 11:40:19,978-INFO-root-14512::webapp_internal::input_value|2951:: Element: AK_MOEDA Found!
2025-12-15 11:40:19,978-INFO-root-14512::webapp_internal::input_value|2953:: Filling element: AK_MOEDA
2025-12-15 11:40:20,010-DEBUG-root-14512::webapp_internal::get_web_value|3232:: Current value: 1
2025-12-15 11:40:20,058-DEBUG-root-14512::base::double_click|259:: Click Type: ClickType.SELENIUM
2025-12-15 11:40:20,201-DEBUG-root-14512::base::click|192:: Click Type: ClickType.SELENIUM
2025-12-15 11:40:20,276-DEBUG-root-14512::webapp_internal::try_send_keys|7976:: Trying to send keys to element using technique 1
2025-12-15 11:40:20,338-DEBUG-root-14512::webapp_internal::get_web_value|3232:: Current value: 1
2025-12-15 11:40:20,364-DEBUG-root-14512::webapp_internal::get_web_value|3232:: Current value: 1
2025-12-15 11:40:20,365-INFO-root-14512::webapp_internal::input_value|3059:: Current field value: 1
2025-12-15 11:40:20,365-DEBUG-root-14512::webapp_internal::wait_blocker|2444:: Waiting blocker to continue...
2025-12-15 11:40:20,478-DEBUG-root-14512::webapp_internal::wait_blocker|2469:: Blocker status: False
2025-12-15 11:40:20,478-DEBUG-root-14512::webapp_internal::wait_element|7623:: Waiting for element
2025-12-15 11:40:20,539-DEBUG-root-14512::webapp_internal::wait_element|7653:: Element found! Waiting for element to be displayed.
2025-12-15 11:40:20,591-INFO-root-14512::webapp_internal::input_value|2941:: Looking for element: AK_LIMITE
2025-12-15 11:40:20,686-INFO-root-14512::webapp_internal::input_value|2951:: Element: AK_LIMITE Found!
2025-12-15 11:40:20,687-INFO-root-14512::webapp_internal::input_value|2953:: Filling element: AK_LIMITE
2025-12-15 11:40:20,718-DEBUG-root-14512::webapp_internal::get_web_value|3232:: Current value: 0.00
2025-12-15 11:40:20,756-DEBUG-root-14512::base::double_click|259:: Click Type: ClickType.SELENIUM
2025-12-15 11:40:20,889-DEBUG-root-14512::base::click|192:: Click Type: ClickType.SELENIUM
2025-12-15 11:40:20,961-DEBUG-root-14512::webapp_internal::try_send_keys|7976:: Trying to send keys to element using technique 1
2025-12-15 11:40:21,008-DEBUG-root-14512::webapp_internal::get_web_value|3232:: Current value: 9999999.00
2025-12-15 11:40:21,010-DEBUG-root-14512::base::click|192:: Click Type: ClickType.SELENIUM
2025-12-15 11:40:21,092-DEBUG-root-14512::webapp_internal::try_send_keys|7976:: Trying to send keys to element using technique 2
2025-12-15 11:40:21,427-DEBUG-root-14512::webapp_internal::get_web_value|3232:: Current value: 9999999.00
2025-12-15 11:40:21,429-DEBUG-root-14512::base::click|192:: Click Type: ClickType.SELENIUM
2025-12-15 11:40:21,510-DEBUG-root-14512::webapp_internal::try_send_keys|7976:: Trying to send keys to element using technique 3
2025-12-15 11:40:21,564-DEBUG-root-14512::webapp_internal::get_web_value|3232:: Current value: 9999999.00
2025-12-15 11:40:21,588-DEBUG-root-14512::webapp_internal::get_web_value|3232:: Current value: 9999999.00
2025-12-15 11:40:21,589-INFO-root-14512::webapp_internal::input_value|3059:: Current field value: 9999999.00
2025-12-15 11:40:21,600-INFO-root-14512::webapp_internal::SetButton|4444:: Clicking on Confirmar
2025-12-15 11:40:21,600-DEBUG-root-14512::webapp_internal::wait_blocker|2444:: Waiting blocker to continue...
2025-12-15 11:40:21,711-DEBUG-root-14512::webapp_internal::wait_blocker|2469:: Blocker status: False
2025-12-15 11:40:22,006-DEBUG-root-14512::webapp_internal::wait_element_timeout|7726:: Element found! Waiting for element to be displayed.
2025-12-15 11:40:22,179-DEBUG-root-14512::webapp_internal::SetButton|4481:: ***System Info*** Before Clicking on button:Confirmar
2025-12-15 11:40:22,179-DEBUG-root-14512::psutil_info::system_info|5:: CPU USAGE: 17.4%
2025-12-15 11:40:22,180-DEBUG-root-14512::psutil_info::system_info|6:: MEMORY USAGE: 95.7%
2025-12-15 11:40:22,180-DEBUG-root-14512::psutil_info::system_info|7:: MEMORY AVAILABLE: 4.26%
2025-12-15 11:40:22,440-DEBUG-root-14512::webapp_internal::wait_element_timeout|7726:: Element found! Waiting for element to be displayed.
2025-12-15 11:40:22,679-DEBUG-root-14512::webapp_internal::wait_blocker|2444:: Waiting blocker to continue...
2025-12-15 11:40:22,811-DEBUG-root-14512::webapp_internal::wait_blocker|2469:: Blocker status: False
2025-12-15 11:40:22,842-DEBUG-root-14512::webapp_internal::wait_blocker|2444:: Waiting blocker to continue...
2025-12-15 11:40:22,954-DEBUG-root-14512::webapp_internal::wait_blocker|2469:: Blocker status: False
2025-12-15 11:40:22,954-DEBUG-root-14512::webapp_internal::send_action|10480:: Trying to send action
2025-12-15 11:40:22,957-DEBUG-root-14512::base::click|192:: Click Type: ClickType.JS
2025-12-15 11:40:24,004-DEBUG-root-14512::webapp_internal::send_action|10522:: send_action method result = True
2025-12-15 11:40:24,004-DEBUG-root-14512::webapp_internal::send_action|10523:: send_action selenium status: False
2025-12-15 11:40:24,004-DEBUG-root-14512::webapp_internal::SetButton|4683:: ***System Info*** After Clicking on button:
2025-12-15 11:40:24,004-DEBUG-root-14512::psutil_info::system_info|5:: CPU USAGE: 11.9%
2025-12-15 11:40:24,005-DEBUG-root-14512::psutil_info::system_info|6:: MEMORY USAGE: 96.0%
2025-12-15 11:40:24,005-DEBUG-root-14512::psutil_info::system_info|7:: MEMORY AVAILABLE: 4.02%
2025-12-15 11:40:24,005-INFO-root-14512::webapp_internal::WaitShow|4980:: Waiting show text 'Registro inserido com sucesso.'...
2025-12-15 11:40:24,063-INFO-root-14512::webapp_internal::WaitShow|4996:: Text found! 
2025-12-15 11:40:24,063-INFO-root-14512::webapp_internal::SetButton|4444:: Clicking on Fechar
2025-12-15 11:40:24,063-DEBUG-root-14512::webapp_internal::wait_blocker|2444:: Waiting blocker to continue...
2025-12-15 11:40:24,173-DEBUG-root-14512::webapp_internal::wait_blocker|2469:: Blocker status: False
2025-12-15 11:40:24,397-DEBUG-root-14512::webapp_internal::wait_element_timeout|7726:: Element found! Waiting for element to be displayed.
2025-12-15 11:40:24,510-DEBUG-root-14512::webapp_internal::SetButton|4481:: ***System Info*** Before Clicking on button:Fechar
2025-12-15 11:40:24,510-DEBUG-root-14512::psutil_info::system_info|5:: CPU USAGE: 16.2%
2025-12-15 11:40:24,511-DEBUG-root-14512::psutil_info::system_info|6:: MEMORY USAGE: 96.2%
2025-12-15 11:40:24,511-DEBUG-root-14512::psutil_info::system_info|7:: MEMORY AVAILABLE: 3.81%
2025-12-15 11:40:24,705-DEBUG-root-14512::webapp_internal::wait_element_timeout|7726:: Element found! Waiting for element to be displayed.
2025-12-15 11:40:24,852-DEBUG-root-14512::webapp_internal::wait_blocker|2444:: Waiting blocker to continue...
2025-12-15 11:40:24,974-DEBUG-root-14512::webapp_internal::wait_blocker|2469:: Blocker status: False
2025-12-15 11:40:25,004-DEBUG-root-14512::webapp_internal::wait_blocker|2444:: Waiting blocker to continue...
2025-12-15 11:40:25,116-DEBUG-root-14512::webapp_internal::wait_blocker|2469:: Blocker status: False
2025-12-15 11:40:25,116-DEBUG-root-14512::webapp_internal::send_action|10480:: Trying to send action
2025-12-15 11:40:25,119-DEBUG-root-14512::base::click|192:: Click Type: ClickType.JS
2025-12-15 11:40:26,278-DEBUG-root-14512::webapp_internal::send_action|10522:: send_action method result = True
2025-12-15 11:40:26,279-DEBUG-root-14512::webapp_internal::send_action|10523:: send_action selenium status: True
2025-12-15 11:40:26,279-DEBUG-root-14512::webapp_internal::SetButton|4683:: ***System Info*** After Clicking on button:
2025-12-15 11:40:26,280-DEBUG-root-14512::psutil_info::system_info|5:: CPU USAGE: 14.8%
2025-12-15 11:40:26,281-DEBUG-root-14512::psutil_info::system_info|6:: MEMORY USAGE: 93.3%
2025-12-15 11:40:26,282-DEBUG-root-14512::psutil_info::system_info|7:: MEMORY AVAILABLE: 6.66%
2025-12-15 11:40:27,184-INFO-root-14512::webapp_internal::WaitShow|4980:: Waiting show text 'Cadastro de Aprovadores'...
2025-12-15 11:40:27,238-INFO-root-14512::webapp_internal::WaitShow|4996:: Text found! 
2025-12-15 11:40:27,238-INFO-root-14512::webapp_internal::SetButton|4444:: Clicking on Visualizar
2025-12-15 11:40:27,238-DEBUG-root-14512::webapp_internal::wait_blocker|2444:: Waiting blocker to continue...
2025-12-15 11:40:27,323-DEBUG-root-14512::webapp_internal::wait_blocker|2469:: Blocker status: False
2025-12-15 11:40:27,693-DEBUG-root-14512::webapp_internal::wait_element_timeout|7726:: Element found! Waiting for element to be displayed.
2025-12-15 11:40:27,944-DEBUG-root-14512::webapp_internal::SetButton|4481:: ***System Info*** Before Clicking on button:Visualizar
2025-12-15 11:40:27,945-DEBUG-root-14512::psutil_info::system_info|5:: CPU USAGE: 12.4%
2025-12-15 11:40:27,945-DEBUG-root-14512::psutil_info::system_info|6:: MEMORY USAGE: 93.4%
2025-12-15 11:40:27,945-DEBUG-root-14512::psutil_info::system_info|7:: MEMORY AVAILABLE: 6.64%
2025-12-15 11:40:28,290-DEBUG-root-14512::webapp_internal::wait_element_timeout|7726:: Element found! Waiting for element to be displayed.
2025-12-15 11:40:28,581-DEBUG-root-14512::webapp_internal::wait_blocker|2444:: Waiting blocker to continue...
2025-12-15 11:40:28,726-DEBUG-root-14512::webapp_internal::wait_blocker|2469:: Blocker status: False
2025-12-15 11:40:28,751-DEBUG-root-14512::webapp_internal::wait_blocker|2444:: Waiting blocker to continue...
2025-12-15 11:40:28,851-DEBUG-root-14512::webapp_internal::wait_blocker|2469:: Blocker status: False
2025-12-15 11:40:28,851-DEBUG-root-14512::webapp_internal::send_action|10480:: Trying to send action
2025-12-15 11:40:28,854-DEBUG-root-14512::base::click|192:: Click Type: ClickType.JS
2025-12-15 11:40:29,909-DEBUG-root-14512::webapp_internal::send_action|10522:: send_action method result = True
2025-12-15 11:40:29,909-DEBUG-root-14512::webapp_internal::send_action|10523:: send_action selenium status: False
2025-12-15 11:40:29,909-DEBUG-root-14512::webapp_internal::SetButton|4683:: ***System Info*** After Clicking on button:
2025-12-15 11:40:29,910-DEBUG-root-14512::psutil_info::system_info|5:: CPU USAGE: 10.8%
2025-12-15 11:40:29,910-DEBUG-root-14512::psutil_info::system_info|6:: MEMORY USAGE: 93.6%
2025-12-15 11:40:29,910-DEBUG-root-14512::psutil_info::system_info|7:: MEMORY AVAILABLE: 6.4%
2025-12-15 11:40:30,811-INFO-root-14512::webapp_internal::WaitShow|4980:: Waiting show text 'Aprovadores - VISUALIZAR'...
2025-12-15 11:40:30,910-INFO-root-14512::webapp_internal::WaitShow|4996:: Text found! 
2025-12-15 11:40:30,910-DEBUG-root-14512::webapp_internal::wait_blocker|2444:: Waiting blocker to continue...
2025-12-15 11:40:31,005-DEBUG-root-14512::webapp_internal::wait_blocker|2469:: Blocker status: False
2025-12-15 11:40:31,005-DEBUG-root-14512::webapp_internal::wait_element|7623:: Waiting for element
2025-12-15 11:40:31,056-DEBUG-root-14512::webapp_internal::wait_element|7653:: Element found! Waiting for element to be displayed.
2025-12-15 11:40:31,189-DEBUG-root-14512::webapp_internal::get_web_value|3232:: Current value: 001016
2025-12-15 11:40:31,202-DEBUG-root-14512::webapp_internal::get_web_value|3232:: Current value: 001016
2025-12-15 11:40:31,202-INFO-root-14512::webapp_internal::CheckResult|3313:: Value for Field AK_USER is: 001016
2025-12-15 11:40:31,207-DEBUG-root-14512::webapp_internal::wait_blocker|2444:: Waiting blocker to continue...
2025-12-15 11:40:31,320-DEBUG-root-14512::webapp_internal::wait_blocker|2469:: Blocker status: False
2025-12-15 11:40:31,320-DEBUG-root-14512::webapp_internal::wait_element|7623:: Waiting for element
2025-12-15 11:40:31,385-DEBUG-root-14512::webapp_internal::wait_element|7653:: Element found! Waiting for element to be displayed.
2025-12-15 11:40:31,519-DEBUG-root-14512::webapp_internal::get_web_value|3232:: Current value: 000005
2025-12-15 11:40:31,530-DEBUG-root-14512::webapp_internal::get_web_value|3232:: Current value: 000005
2025-12-15 11:40:31,530-INFO-root-14512::webapp_internal::CheckResult|3313:: Value for Field AK_APROSUP is: 000005
2025-12-15 11:40:31,537-DEBUG-root-14512::webapp_internal::wait_blocker|2444:: Waiting blocker to continue...
2025-12-15 11:40:31,648-DEBUG-root-14512::webapp_internal::wait_blocker|2469:: Blocker status: False
2025-12-15 11:40:31,648-DEBUG-root-14512::webapp_internal::wait_element|7623:: Waiting for element
2025-12-15 11:41:24,986-ERROR-root-14512::webapp_internal::TearDown|9654:: Warning tearDown Close Message: Failed to decode response from marionette
Traceback (most recent call last):
  File "C:\TIR_TESTE\venv\Lib\site-packages\tir\technologies\webapp_internal.py", line 9652, in TearDown
    self.driver.close()
  File "C:\TIR_TESTE\venv\Lib\site-packages\selenium\webdriver\remote\webdriver.py", line 458, in close
    self.execute(Command.CLOSE)
  File "C:\TIR_TESTE\venv\Lib\site-packages\selenium\webdriver\remote\webdriver.py", line 347, in execute
    self.error_handler.check_response(response)
  File "C:\TIR_TESTE\venv\Lib\site-packages\selenium\webdriver\remote\errorhandler.py", line 229, in check_response
    raise exception_class(message, screen, stacktrace)
selenium.common.exceptions.WebDriverException: Message: Failed to decode response from marionette

2025-12-15 11:38:59,219-DEBUG-root-14512::logging_config::logger|189:: Log file created: 'Log\GESIT03\TIR__20251215113859212.log'
2025-12-15 11:38:59,219-INFO-root-14512::base::Start|1183:: TIR Version: 2.4.3
2025-12-15 11:38:59,219-INFO-root-14512::base::Start|1184:: Python Version: 3.12.10
2025-12-15 11:38:59,219-INFO-root-14512::base::Start|1185:: Starting the browser
2025-12-15 11:39:07,052-INFO-root-14512::base::get_url|1294:: Page is ready!
2025-12-15 11:39:07,060-INFO-root-14512::base::Start|1256:: Browser maximized to 1936x1048
2025-12-15 11:39:07,061-INFO-root-14512::base::Start|1258:: Screen size is different from default used in headless mode
2025-12-15 11:39:07,183-INFO-root-14512::webapp_internal::Setup|247:: ***System Info*** in Setup():
2025-12-15 11:39:07,184-DEBUG-root-14512::psutil_info::system_info|5:: CPU USAGE: 25.4%
2025-12-15 11:39:07,184-DEBUG-root-14512::psutil_info::system_info|6:: MEMORY USAGE: 93.3%
2025-12-15 11:39:07,185-DEBUG-root-14512::psutil_info::system_info|7:: MEMORY AVAILABLE: 6.72%
2025-12-15 11:39:07,202-INFO-root-14512::base::webapp_shadowroot|1394:: Webapp: 10.1.6-RC4
2025-12-15 11:39:07,247-INFO-root-14512::webapp_internal::filling_initial_program|449:: Filling Initial Program: "SIGAMDI"
2025-12-15 11:39:07,247-DEBUG-root-14512::webapp_internal::wait_element|7623:: Waiting for element
2025-12-15 11:39:07,329-DEBUG-root-14512::webapp_internal::wait_element|7653:: Element found! Waiting for element to be displayed.
2025-12-15 11:39:07,510-DEBUG-root-14512::base::click|192:: Click Type: ClickType.JS
2025-12-15 11:39:07,516-DEBUG-root-14512::webapp_internal::try_send_keys|7976:: Trying to send keys to element using technique 0
2025-12-15 11:39:08,184-DEBUG-root-14512::webapp_internal::get_web_value|3232:: Current value: SIGAMDI
2025-12-15 11:39:08,185-INFO-root-14512::webapp_internal::filling_server_environment|463:: Filling Server Environment: "POUPEX_TST"
2025-12-15 11:39:08,185-DEBUG-root-14512::webapp_internal::wait_element|7623:: Waiting for element
2025-12-15 11:39:08,211-DEBUG-root-14512::webapp_internal::wait_element|7653:: Element found! Waiting for element to be displayed.
2025-12-15 11:39:08,378-DEBUG-root-14512::base::click|192:: Click Type: ClickType.JS
2025-12-15 11:39:08,385-DEBUG-root-14512::webapp_internal::try_send_keys|7976:: Trying to send keys to element using technique 0
2025-12-15 11:39:09,202-DEBUG-root-14512::webapp_internal::get_web_value|3232:: Current value: POUPEX_TST
2025-12-15 11:39:09,228-DEBUG-root-14512::base::click|192:: Click Type: ClickType.JS
2025-12-15 11:39:09,245-DEBUG-root-14512::webapp_internal::user_screen|519:: Filling user screen
2025-12-15 11:39:15,172-DEBUG-root-14512::webapp_internal::wait_element_timeout|7726:: Element found! Waiting for element to be displayed.
2025-12-15 11:39:15,227-DEBUG-root-14512::base::scroll_to_element|759:: ********Warining scroll_to_element exception: Message: TypeError: can't access property "scrollIntoView", arguments[0] is null
Stacktrace:
@https://qasrverp:10020/webapp/:2:7
@https://qasrverp:10020/webapp/:3:8
*********
2025-12-15 11:39:15,401-INFO-root-14512::webapp_internal::user_screen|561:: Filling User
2025-12-15 11:39:15,441-DEBUG-root-14512::base::double_click|259:: Click Type: ClickType.SELENIUM
2025-12-15 11:39:15,627-DEBUG-root-14512::webapp_internal::get_web_value|3232:: Current value: 97137227104
2025-12-15 11:39:15,651-INFO-root-14512::webapp_internal::user_screen|621:: Filling Password
2025-12-15 11:39:15,674-DEBUG-root-14512::base::click|192:: Click Type: ClickType.JS
2025-12-15 11:39:15,750-DEBUG-root-14512::webapp_internal::get_web_value|3232:: Current value: Deire20191817+
2025-12-15 11:39:15,751-DEBUG-root-14512::webapp_internal::wait_blocker|2444:: Waiting blocker to continue...
2025-12-15 11:39:15,788-DEBUG-root-14512::webapp_internal::wait_blocker|2469:: Blocker status: None
2025-12-15 11:39:15,813-DEBUG-root-14512::webapp_internal::wait_blocker|2444:: Waiting blocker to continue...
2025-12-15 11:39:15,853-DEBUG-root-14512::webapp_internal::wait_blocker|2469:: Blocker status: None
2025-12-15 11:39:15,896-DEBUG-root-14512::webapp_internal::wait_blocker|2444:: Waiting blocker to continue...
2025-12-15 11:39:15,935-DEBUG-root-14512::webapp_internal::wait_blocker|2469:: Blocker status: None
2025-12-15 11:39:15,935-DEBUG-root-14512::webapp_internal::send_action|10480:: Trying to send action
2025-12-15 11:39:15,945-DEBUG-root-14512::base::click|192:: Click Type: ClickType.JS
2025-12-15 11:39:16,989-DEBUG-root-14512::webapp_internal::send_action|10522:: send_action method result = True
2025-12-15 11:39:16,990-DEBUG-root-14512::webapp_internal::send_action|10523:: send_action selenium status: False
2025-12-15 11:39:19,499-DEBUG-root-14512::base::scroll_to_element|759:: ********Warining scroll_to_element exception: Message: TypeError: can't access property "scrollIntoView", arguments[0] is null
Stacktrace:
@https://qasrverp:10020/webapp/:2:7
@https://qasrverp:10020/webapp/:3:8
*********
2025-12-15 11:39:19,586-INFO-root-14512::webapp_internal::filling_date|885:: Filling Date: "15/12/2025"
2025-12-15 11:39:19,586-DEBUG-root-14512::webapp_internal::wait_blocker|2444:: Waiting blocker to continue...
2025-12-15 11:39:19,631-DEBUG-root-14512::webapp_internal::wait_blocker|2469:: Blocker status: None
2025-12-15 11:39:19,647-DEBUG-root-14512::base::click|192:: Click Type: ClickType.JS
2025-12-15 11:39:19,673-DEBUG-root-14512::webapp_internal::try_send_keys|7976:: Trying to send keys to element using technique 1
2025-12-15 11:39:19,775-DEBUG-root-14512::webapp_internal::get_web_value|3232:: Current value: 15/12/2025
2025-12-15 11:39:20,860-INFO-root-14512::webapp_internal::filling_group|955:: Filling Group: "02"
2025-12-15 11:39:20,860-DEBUG-root-14512::webapp_internal::wait_blocker|2444:: Waiting blocker to continue...
2025-12-15 11:39:20,894-DEBUG-root-14512::webapp_internal::wait_blocker|2469:: Blocker status: None
2025-12-15 11:39:20,898-DEBUG-root-14512::base::click|192:: Click Type: ClickType.JS
2025-12-15 11:39:20,958-DEBUG-root-14512::webapp_internal::get_web_value|3232:: Current value: 02
2025-12-15 11:39:22,019-INFO-root-14512::webapp_internal::filling_branch|1047:: Filling Branch: "02DF0001"
2025-12-15 11:39:22,021-DEBUG-root-14512::webapp_internal::wait_blocker|2444:: Waiting blocker to continue...
2025-12-15 11:39:22,052-DEBUG-root-14512::webapp_internal::wait_blocker|2469:: Blocker status: None
2025-12-15 11:39:22,054-DEBUG-root-14512::base::click|192:: Click Type: ClickType.JS
2025-12-15 11:39:22,113-DEBUG-root-14512::webapp_internal::get_web_value|3232:: Current value: 02DF0001
2025-12-15 11:39:23,206-INFO-root-14512::webapp_internal::filling_environment|1113:: Filling Environment: "07"
2025-12-15 11:39:23,206-DEBUG-root-14512::webapp_internal::wait_blocker|2444:: Waiting blocker to continue...
2025-12-15 11:39:23,238-DEBUG-root-14512::webapp_internal::wait_blocker|2469:: Blocker status: None
2025-12-15 11:39:23,242-DEBUG-root-14512::base::click|192:: Click Type: ClickType.JS
2025-12-15 11:39:23,306-DEBUG-root-14512::webapp_internal::get_web_value|3232:: Current value: 07
2025-12-15 11:39:24,314-DEBUG-root-14512::webapp_internal::close_warning_screen|1489:: Closing warning screen!
2025-12-15 11:39:25,347-DEBUG-root-14512::webapp_internal::check_screen_element|1291:: Checking screen element: "Atenção": False
2025-12-15 11:39:26,451-INFO-root-14512::webapp_internal::environment_screen|796:: Clicking on Button
2025-12-15 11:39:26,452-DEBUG-root-14512::webapp_internal::wait_blocker|2444:: Waiting blocker to continue...
2025-12-15 11:39:26,486-DEBUG-root-14512::webapp_internal::wait_blocker|2469:: Blocker status: None
2025-12-15 11:39:26,489-DEBUG-root-14512::base::click|192:: Click Type: ClickType.JS
2025-12-15 11:39:27,499-DEBUG-root-14512::base::click|192:: Click Type: ClickType.JS
2025-12-15 11:39:28,508-DEBUG-root-14512::base::click|192:: Click Type: ClickType.JS
2025-12-15 11:39:29,516-DEBUG-root-14512::base::click|192:: Click Type: ClickType.JS
2025-12-15 11:39:30,523-DEBUG-root-14512::base::click|192:: Click Type: ClickType.JS
2025-12-15 11:39:31,531-DEBUG-root-14512::base::click|192:: Click Type: ClickType.JS
2025-12-15 11:39:32,540-DEBUG-root-14512::webapp_internal::close_screen_before_menu|368:: Closing screen before the menu
2025-12-15 11:39:32,597-DEBUG-root-14512::webapp_internal::close_warning_screen|1489:: Closing warning screen!
2025-12-15 11:39:33,640-DEBUG-root-14512::webapp_internal::check_screen_element|1291:: Checking screen element: "Atenção": False
2025-12-15 11:39:33,640-DEBUG-root-14512::webapp_internal::close_coin_screen|1424:: Closing coin screen!
2025-12-15 11:39:34,202-DEBUG-root-14512::base::click|192:: Click Type: ClickType.JS
2025-12-15 11:39:34,291-DEBUG-root-14512::webapp_internal::close_warning_screen|1489:: Closing warning screen!
2025-12-15 11:39:35,355-DEBUG-root-14512::webapp_internal::check_screen_element|1291:: Checking screen element: "Atenção": False
2025-12-15 11:39:35,355-DEBUG-root-14512::webapp_internal::close_coin_screen|1424:: Closing coin screen!
2025-12-15 11:39:35,504-INFO-root-14512::webapp_internal::set_log_info|1623:: Getting log info
2025-12-15 11:39:35,504-INFO-root-14512::webapp_internal::SetLateralMenu|4184:: Navigating lateral menu: Ajuda > Sobre
2025-12-15 11:39:35,517-DEBUG-root-14512::webapp_internal::wait_element|7623:: Waiting for element
2025-12-15 11:39:35,585-DEBUG-root-14512::webapp_internal::wait_element|7653:: Element found! Waiting for element to be displayed.
2025-12-15 11:39:35,759-INFO-root-14512::webapp_internal::SetLateralMenu|4203:: Menu item: "Ajuda"
2025-12-15 11:39:35,759-DEBUG-root-14512::webapp_internal::wait_blocker|2444:: Waiting blocker to continue...
2025-12-15 11:39:35,828-DEBUG-root-14512::webapp_internal::wait_blocker|2469:: Blocker status: False
2025-12-15 11:39:36,189-DEBUG-root-14512::webapp_internal::wait_element_timeout|7726:: Element found! Waiting for element to be displayed.
2025-12-15 11:39:36,574-DEBUG-root-14512::webapp_internal::wait_blocker|2444:: Waiting blocker to continue...
2025-12-15 11:39:36,644-DEBUG-root-14512::webapp_internal::wait_blocker|2469:: Blocker status: False
2025-12-15 11:39:38,949-INFO-root-14512::webapp_internal::SetLateralMenu|4203:: Menu item: "Sobre"
2025-12-15 11:39:38,949-DEBUG-root-14512::webapp_internal::wait_blocker|2444:: Waiting blocker to continue...
2025-12-15 11:39:39,010-DEBUG-root-14512::webapp_internal::wait_blocker|2469:: Blocker status: False
2025-12-15 11:39:39,418-DEBUG-root-14512::webapp_internal::wait_element_timeout|7726:: Element found! Waiting for element to be displayed.
2025-12-15 11:39:39,797-DEBUG-root-14512::webapp_internal::wait_blocker|2444:: Waiting blocker to continue...
2025-12-15 11:39:39,863-DEBUG-root-14512::webapp_internal::wait_blocker|2469:: Blocker status: False
2025-12-15 11:39:42,503-DEBUG-root-14512::webapp_internal::wait_blocker|2444:: Waiting blocker to continue...
2025-12-15 11:39:42,576-DEBUG-root-14512::webapp_internal::wait_blocker|2469:: Blocker status: False
2025-12-15 11:39:42,642-DEBUG-root-14512::webapp_internal::wait_element|7623:: Waiting for element
2025-12-15 11:39:42,685-DEBUG-root-14512::webapp_internal::wait_element|7653:: Element found! Waiting for element to be displayed.
2025-12-15 11:39:42,855-INFO-root-14512::webapp_internal::SetButton|4444:: Clicking on Fechar
2025-12-15 11:39:42,855-DEBUG-root-14512::webapp_internal::wait_blocker|2444:: Waiting blocker to continue...
2025-12-15 11:39:42,926-DEBUG-root-14512::webapp_internal::wait_blocker|2469:: Blocker status: False
2025-12-15 11:39:43,108-DEBUG-root-14512::webapp_internal::wait_element_timeout|7726:: Element found! Waiting for element to be displayed.
2025-12-15 11:39:43,178-DEBUG-root-14512::webapp_internal::SetButton|4481:: ***System Info*** Before Clicking on button:Fechar
2025-12-15 11:39:43,179-DEBUG-root-14512::psutil_info::system_info|5:: CPU USAGE: 13.2%
2025-12-15 11:39:43,179-DEBUG-root-14512::psutil_info::system_info|6:: MEMORY USAGE: 93.5%
2025-12-15 11:39:43,179-DEBUG-root-14512::psutil_info::system_info|7:: MEMORY AVAILABLE: 6.53%
2025-12-15 11:39:43,345-DEBUG-root-14512::webapp_internal::wait_element_timeout|7726:: Element found! Waiting for element to be displayed.
2025-12-15 11:39:43,480-DEBUG-root-14512::webapp_internal::wait_blocker|2444:: Waiting blocker to continue...
2025-12-15 11:39:43,554-DEBUG-root-14512::webapp_internal::wait_blocker|2469:: Blocker status: False
2025-12-15 11:39:43,570-DEBUG-root-14512::webapp_internal::wait_blocker|2444:: Waiting blocker to continue...
2025-12-15 11:39:43,647-DEBUG-root-14512::webapp_internal::wait_blocker|2469:: Blocker status: False
2025-12-15 11:39:43,647-DEBUG-root-14512::webapp_internal::send_action|10480:: Trying to send action
2025-12-15 11:39:43,649-DEBUG-root-14512::base::click|192:: Click Type: ClickType.JS
2025-12-15 11:39:44,679-DEBUG-root-14512::webapp_internal::send_action|10522:: send_action method result = True
2025-12-15 11:39:44,680-DEBUG-root-14512::webapp_internal::send_action|10523:: send_action selenium status: False
2025-12-15 11:39:44,680-DEBUG-root-14512::webapp_internal::SetButton|4683:: ***System Info*** After Clicking on button:
2025-12-15 11:39:44,680-DEBUG-root-14512::psutil_info::system_info|5:: CPU USAGE: 11.0%
2025-12-15 11:39:44,681-DEBUG-root-14512::psutil_info::system_info|6:: MEMORY USAGE: 93.5%
2025-12-15 11:39:44,681-DEBUG-root-14512::psutil_info::system_info|7:: MEMORY AVAILABLE: 6.54%
2025-12-15 11:39:44,681-DEBUG-root-14512::webapp_internal::wait_element|7623:: Waiting for element
2025-12-15 11:39:44,778-INFO-root-14512::webapp_internal::SetLateralMenu|4184:: Navigating lateral menu: Atualizações > Gestao de Viagens > Controle de Alcada (5) > Aprovadores
2025-12-15 11:39:44,790-DEBUG-root-14512::webapp_internal::wait_element|7623:: Waiting for element
2025-12-15 11:39:44,836-DEBUG-root-14512::webapp_internal::wait_element|7653:: Element found! Waiting for element to be displayed.
2025-12-15 11:39:45,005-INFO-root-14512::webapp_internal::SetLateralMenu|4203:: Menu item: "Atualizações"
2025-12-15 11:39:45,005-DEBUG-root-14512::webapp_internal::wait_blocker|2444:: Waiting blocker to continue...
2025-12-15 11:39:45,069-DEBUG-root-14512::webapp_internal::wait_blocker|2469:: Blocker status: False
2025-12-15 11:39:45,467-DEBUG-root-14512::webapp_internal::wait_element_timeout|7726:: Element found! Waiting for element to be displayed.
2025-12-15 11:39:45,820-DEBUG-root-14512::webapp_internal::wait_blocker|2444:: Waiting blocker to continue...
2025-12-15 11:39:45,883-DEBUG-root-14512::webapp_internal::wait_blocker|2469:: Blocker status: False
2025-12-15 11:39:48,184-INFO-root-14512::webapp_internal::SetLateralMenu|4203:: Menu item: "Gestao de Viagens"
2025-12-15 11:39:48,184-DEBUG-root-14512::webapp_internal::wait_blocker|2444:: Waiting blocker to continue...
2025-12-15 11:39:48,296-DEBUG-root-14512::webapp_internal::wait_blocker|2469:: Blocker status: False
2025-12-15 11:39:49,046-DEBUG-root-14512::webapp_internal::wait_element_timeout|7726:: Element found! Waiting for element to be displayed.
2025-12-15 11:39:49,789-DEBUG-root-14512::webapp_internal::wait_blocker|2444:: Waiting blocker to continue...
2025-12-15 11:39:49,889-DEBUG-root-14512::webapp_internal::wait_blocker|2469:: Blocker status: False
2025-12-15 11:39:52,167-INFO-root-14512::webapp_internal::SetLateralMenu|4203:: Menu item: "Controle de Alcada (5)"
2025-12-15 11:39:52,167-DEBUG-root-14512::webapp_internal::wait_blocker|2444:: Waiting blocker to continue...
2025-12-15 11:39:52,249-DEBUG-root-14512::webapp_internal::wait_blocker|2469:: Blocker status: False
2025-12-15 11:39:53,343-DEBUG-root-14512::webapp_internal::wait_element_timeout|7726:: Element found! Waiting for element to be displayed.
2025-12-15 11:39:54,423-DEBUG-root-14512::webapp_internal::wait_blocker|2444:: Waiting blocker to continue...
2025-12-15 11:39:54,508-DEBUG-root-14512::webapp_internal::wait_blocker|2469:: Blocker status: False
2025-12-15 11:39:56,811-INFO-root-14512::webapp_internal::SetLateralMenu|4203:: Menu item: "Aprovadores"
2025-12-15 11:39:56,811-DEBUG-root-14512::webapp_internal::wait_blocker|2444:: Waiting blocker to continue...
2025-12-15 11:39:56,902-DEBUG-root-14512::webapp_internal::wait_blocker|2469:: Blocker status: False
2025-12-15 11:39:57,980-DEBUG-root-14512::webapp_internal::wait_element_timeout|7726:: Element found! Waiting for element to be displayed.
2025-12-15 11:39:59,078-DEBUG-root-14512::webapp_internal::wait_blocker|2444:: Waiting blocker to continue...
2025-12-15 11:39:59,197-DEBUG-root-14512::webapp_internal::wait_blocker|2469:: Blocker status: False
2025-12-15 11:40:03,241-DEBUG-root-14512::webapp_internal::wait_blocker|2444:: Waiting blocker to continue...
2025-12-15 11:40:03,343-DEBUG-root-14512::webapp_internal::wait_blocker|2469:: Blocker status: False
2025-12-15 11:40:03,451-INFO-root-14512::webapp_internal::WaitShow|4980:: Waiting show text 'Este ambiente utiliza base de Homologação.'...
2025-12-15 11:40:09,451-INFO-root-14512::webapp_internal::WaitShow|4980:: Waiting show text 'Moedas'...
2025-12-15 11:40:14,546-INFO-root-14512::webapp_internal::WaitShow|4980:: Waiting show text 'Cadastro de Aprovadores'...
2025-12-15 11:40:14,602-INFO-root-14512::webapp_internal::WaitShow|4996:: Text found! 
2025-12-15 11:40:14,602-INFO-root-14512::webapp_internal::SetButton|4444:: Clicking on Incluir
2025-12-15 11:40:14,602-DEBUG-root-14512::webapp_internal::wait_blocker|2444:: Waiting blocker to continue...
2025-12-15 11:40:14,690-DEBUG-root-14512::webapp_internal::wait_blocker|2469:: Blocker status: False
2025-12-15 11:40:15,030-DEBUG-root-14512::webapp_internal::wait_element_timeout|7726:: Element found! Waiting for element to be displayed.
2025-12-15 11:40:15,260-DEBUG-root-14512::webapp_internal::SetButton|4481:: ***System Info*** Before Clicking on button:Incluir
2025-12-15 11:40:15,261-DEBUG-root-14512::psutil_info::system_info|5:: CPU USAGE: 14.7%
2025-12-15 11:40:15,261-DEBUG-root-14512::psutil_info::system_info|6:: MEMORY USAGE: 94.9%
2025-12-15 11:40:15,261-DEBUG-root-14512::psutil_info::system_info|7:: MEMORY AVAILABLE: 5.09%
2025-12-15 11:40:15,588-DEBUG-root-14512::webapp_internal::wait_element_timeout|7726:: Element found! Waiting for element to be displayed.
2025-12-15 11:40:15,875-DEBUG-root-14512::webapp_internal::wait_blocker|2444:: Waiting blocker to continue...
2025-12-15 11:40:15,970-DEBUG-root-14512::webapp_internal::wait_blocker|2469:: Blocker status: False
2025-12-15 11:40:15,990-DEBUG-root-14512::webapp_internal::wait_blocker|2444:: Waiting blocker to continue...
2025-12-15 11:40:16,078-DEBUG-root-14512::webapp_internal::wait_blocker|2469:: Blocker status: False
2025-12-15 11:40:16,079-DEBUG-root-14512::webapp_internal::send_action|10480:: Trying to send action
2025-12-15 11:40:16,083-DEBUG-root-14512::base::click|192:: Click Type: ClickType.JS
2025-12-15 11:40:17,129-DEBUG-root-14512::webapp_internal::send_action|10522:: send_action method result = True
2025-12-15 11:40:17,129-DEBUG-root-14512::webapp_internal::send_action|10523:: send_action selenium status: False
2025-12-15 11:40:17,129-DEBUG-root-14512::webapp_internal::SetButton|4683:: ***System Info*** After Clicking on button:
2025-12-15 11:40:17,130-DEBUG-root-14512::psutil_info::system_info|5:: CPU USAGE: 13.1%
2025-12-15 11:40:17,130-DEBUG-root-14512::psutil_info::system_info|6:: MEMORY USAGE: 95.2%
2025-12-15 11:40:17,131-DEBUG-root-14512::psutil_info::system_info|7:: MEMORY AVAILABLE: 4.84%
2025-12-15 11:40:17,332-INFO-root-14512::webapp_internal::WaitShow|4980:: Waiting show text 'Aprovadores - INCLUIR'...
2025-12-15 11:40:17,436-INFO-root-14512::webapp_internal::WaitShow|4996:: Text found! 
2025-12-15 11:40:17,436-DEBUG-root-14512::webapp_internal::wait_blocker|2444:: Waiting blocker to continue...
2025-12-15 11:40:17,531-DEBUG-root-14512::webapp_internal::wait_blocker|2469:: Blocker status: False
2025-12-15 11:40:17,531-DEBUG-root-14512::webapp_internal::wait_element|7623:: Waiting for element
2025-12-15 11:40:17,593-DEBUG-root-14512::webapp_internal::wait_element|7653:: Element found! Waiting for element to be displayed.
2025-12-15 11:40:17,640-INFO-root-14512::webapp_internal::input_value|2941:: Looking for element: AK_USER
2025-12-15 11:40:17,739-INFO-root-14512::webapp_internal::input_value|2951:: Element: AK_USER Found!
2025-12-15 11:40:17,740-INFO-root-14512::webapp_internal::input_value|2953:: Filling element: AK_USER
2025-12-15 11:40:17,777-DEBUG-root-14512::webapp_internal::get_web_value|3232:: Current value:       
2025-12-15 11:40:17,826-DEBUG-root-14512::base::double_click|259:: Click Type: ClickType.SELENIUM
2025-12-15 11:40:18,087-DEBUG-root-14512::webapp_internal::wait_blocker|2444:: Waiting blocker to continue...
2025-12-15 11:40:18,189-DEBUG-root-14512::webapp_internal::wait_blocker|2469:: Blocker status: False
2025-12-15 11:40:18,525-DEBUG-root-14512::webapp_internal::get_web_value|3232:: Current value: 001016
2025-12-15 11:40:18,525-INFO-root-14512::webapp_internal::input_value|3059:: Current field value: 001016
2025-12-15 11:40:18,525-DEBUG-root-14512::webapp_internal::wait_blocker|2444:: Waiting blocker to continue...
2025-12-15 11:40:18,635-DEBUG-root-14512::webapp_internal::wait_blocker|2469:: Blocker status: False
2025-12-15 11:40:18,636-DEBUG-root-14512::webapp_internal::wait_element|7623:: Waiting for element
2025-12-15 11:40:18,740-DEBUG-root-14512::webapp_internal::wait_element|7653:: Element found! Waiting for element to be displayed.
2025-12-15 11:40:18,790-INFO-root-14512::webapp_internal::input_value|2941:: Looking for element: AK_APROSUP
2025-12-15 11:40:18,887-INFO-root-14512::webapp_internal::input_value|2951:: Element: AK_APROSUP Found!
2025-12-15 11:40:18,887-INFO-root-14512::webapp_internal::input_value|2953:: Filling element: AK_APROSUP
2025-12-15 11:40:18,920-DEBUG-root-14512::webapp_internal::get_web_value|3232:: Current value:       
2025-12-15 11:40:18,961-DEBUG-root-14512::base::double_click|259:: Click Type: ClickType.SELENIUM
2025-12-15 11:40:19,223-DEBUG-root-14512::webapp_internal::wait_blocker|2444:: Waiting blocker to continue...
2025-12-15 11:40:19,335-DEBUG-root-14512::webapp_internal::wait_blocker|2469:: Blocker status: False
2025-12-15 11:40:19,657-DEBUG-root-14512::webapp_internal::get_web_value|3232:: Current value: 000005
2025-12-15 11:40:19,657-INFO-root-14512::webapp_internal::input_value|3059:: Current field value: 000005
2025-12-15 11:40:19,657-DEBUG-root-14512::webapp_internal::wait_blocker|2444:: Waiting blocker to continue...
2025-12-15 11:40:19,773-DEBUG-root-14512::webapp_internal::wait_blocker|2469:: Blocker status: False
2025-12-15 11:40:19,774-DEBUG-root-14512::webapp_internal::wait_element|7623:: Waiting for element
2025-12-15 11:40:19,835-DEBUG-root-14512::webapp_internal::wait_element|7653:: Element found! Waiting for element to be displayed.
2025-12-15 11:40:19,886-INFO-root-14512::webapp_internal::input_value|2941:: Looking for element: AK_MOEDA
2025-12-15 11:40:19,978-INFO-root-14512::webapp_internal::input_value|2951:: Element: AK_MOEDA Found!
2025-12-15 11:40:19,978-INFO-root-14512::webapp_internal::input_value|2953:: Filling element: AK_MOEDA
2025-12-15 11:40:20,010-DEBUG-root-14512::webapp_internal::get_web_value|3232:: Current value: 1
2025-12-15 11:40:20,058-DEBUG-root-14512::base::double_click|259:: Click Type: ClickType.SELENIUM
2025-12-15 11:40:20,201-DEBUG-root-14512::base::click|192:: Click Type: ClickType.SELENIUM
2025-12-15 11:40:20,276-DEBUG-root-14512::webapp_internal::try_send_keys|7976:: Trying to send keys to element using technique 1
2025-12-15 11:40:20,338-DEBUG-root-14512::webapp_internal::get_web_value|3232:: Current value: 1
2025-12-15 11:40:20,364-DEBUG-root-14512::webapp_internal::get_web_value|3232:: Current value: 1
2025-12-15 11:40:20,365-INFO-root-14512::webapp_internal::input_value|3059:: Current field value: 1
2025-12-15 11:40:20,365-DEBUG-root-14512::webapp_internal::wait_blocker|2444:: Waiting blocker to continue...
2025-12-15 11:40:20,478-DEBUG-root-14512::webapp_internal::wait_blocker|2469:: Blocker status: False
2025-12-15 11:40:20,478-DEBUG-root-14512::webapp_internal::wait_element|7623:: Waiting for element
2025-12-15 11:40:20,539-DEBUG-root-14512::webapp_internal::wait_element|7653:: Element found! Waiting for element to be displayed.
2025-12-15 11:40:20,591-INFO-root-14512::webapp_internal::input_value|2941:: Looking for element: AK_LIMITE
2025-12-15 11:40:20,686-INFO-root-14512::webapp_internal::input_value|2951:: Element: AK_LIMITE Found!
2025-12-15 11:40:20,687-INFO-root-14512::webapp_internal::input_value|2953:: Filling element: AK_LIMITE
2025-12-15 11:40:20,718-DEBUG-root-14512::webapp_internal::get_web_value|3232:: Current value: 0.00
2025-12-15 11:40:20,756-DEBUG-root-14512::base::double_click|259:: Click Type: ClickType.SELENIUM
2025-12-15 11:40:20,889-DEBUG-root-14512::base::click|192:: Click Type: ClickType.SELENIUM
2025-12-15 11:40:20,961-DEBUG-root-14512::webapp_internal::try_send_keys|7976:: Trying to send keys to element using technique 1
2025-12-15 11:40:21,008-DEBUG-root-14512::webapp_internal::get_web_value|3232:: Current value: 9999999.00
2025-12-15 11:40:21,010-DEBUG-root-14512::base::click|192:: Click Type: ClickType.SELENIUM
2025-12-15 11:40:21,092-DEBUG-root-14512::webapp_internal::try_send_keys|7976:: Trying to send keys to element using technique 2
2025-12-15 11:40:21,427-DEBUG-root-14512::webapp_internal::get_web_value|3232:: Current value: 9999999.00
2025-12-15 11:40:21,429-DEBUG-root-14512::base::click|192:: Click Type: ClickType.SELENIUM
2025-12-15 11:40:21,510-DEBUG-root-14512::webapp_internal::try_send_keys|7976:: Trying to send keys to element using technique 3
2025-12-15 11:40:21,564-DEBUG-root-14512::webapp_internal::get_web_value|3232:: Current value: 9999999.00
2025-12-15 11:40:21,588-DEBUG-root-14512::webapp_internal::get_web_value|3232:: Current value: 9999999.00
2025-12-15 11:40:21,589-INFO-root-14512::webapp_internal::input_value|3059:: Current field value: 9999999.00
2025-12-15 11:40:21,600-INFO-root-14512::webapp_internal::SetButton|4444:: Clicking on Confirmar
2025-12-15 11:40:21,600-DEBUG-root-14512::webapp_internal::wait_blocker|2444:: Waiting blocker to continue...
2025-12-15 11:40:21,711-DEBUG-root-14512::webapp_internal::wait_blocker|2469:: Blocker status: False
2025-12-15 11:40:22,006-DEBUG-root-14512::webapp_internal::wait_element_timeout|7726:: Element found! Waiting for element to be displayed.
2025-12-15 11:40:22,179-DEBUG-root-14512::webapp_internal::SetButton|4481:: ***System Info*** Before Clicking on button:Confirmar
2025-12-15 11:40:22,179-DEBUG-root-14512::psutil_info::system_info|5:: CPU USAGE: 17.4%
2025-12-15 11:40:22,180-DEBUG-root-14512::psutil_info::system_info|6:: MEMORY USAGE: 95.7%
2025-12-15 11:40:22,180-DEBUG-root-14512::psutil_info::system_info|7:: MEMORY AVAILABLE: 4.26%
2025-12-15 11:40:22,440-DEBUG-root-14512::webapp_internal::wait_element_timeout|7726:: Element found! Waiting for element to be displayed.
2025-12-15 11:40:22,679-DEBUG-root-14512::webapp_internal::wait_blocker|2444:: Waiting blocker to continue...
2025-12-15 11:40:22,811-DEBUG-root-14512::webapp_internal::wait_blocker|2469:: Blocker status: False
2025-12-15 11:40:22,842-DEBUG-root-14512::webapp_internal::wait_blocker|2444:: Waiting blocker to continue...
2025-12-15 11:40:22,954-DEBUG-root-14512::webapp_internal::wait_blocker|2469:: Blocker status: False
2025-12-15 11:40:22,954-DEBUG-root-14512::webapp_internal::send_action|10480:: Trying to send action
2025-12-15 11:40:22,957-DEBUG-root-14512::base::click|192:: Click Type: ClickType.JS
2025-12-15 11:40:24,004-DEBUG-root-14512::webapp_internal::send_action|10522:: send_action method result = True
2025-12-15 11:40:24,004-DEBUG-root-14512::webapp_internal::send_action|10523:: send_action selenium status: False
2025-12-15 11:40:24,004-DEBUG-root-14512::webapp_internal::SetButton|4683:: ***System Info*** After Clicking on button:
2025-12-15 11:40:24,004-DEBUG-root-14512::psutil_info::system_info|5:: CPU USAGE: 11.9%
2025-12-15 11:40:24,005-DEBUG-root-14512::psutil_info::system_info|6:: MEMORY USAGE: 96.0%
2025-12-15 11:40:24,005-DEBUG-root-14512::psutil_info::system_info|7:: MEMORY AVAILABLE: 4.02%
2025-12-15 11:40:24,005-INFO-root-14512::webapp_internal::WaitShow|4980:: Waiting show text 'Registro inserido com sucesso.'...
2025-12-15 11:40:24,063-INFO-root-14512::webapp_internal::WaitShow|4996:: Text found! 
2025-12-15 11:40:24,063-INFO-root-14512::webapp_internal::SetButton|4444:: Clicking on Fechar
2025-12-15 11:40:24,063-DEBUG-root-14512::webapp_internal::wait_blocker|2444:: Waiting blocker to continue...
2025-12-15 11:40:24,173-DEBUG-root-14512::webapp_internal::wait_blocker|2469:: Blocker status: False
2025-12-15 11:40:24,397-DEBUG-root-14512::webapp_internal::wait_element_timeout|7726:: Element found! Waiting for element to be displayed.
2025-12-15 11:40:24,510-DEBUG-root-14512::webapp_internal::SetButton|4481:: ***System Info*** Before Clicking on button:Fechar
2025-12-15 11:40:24,510-DEBUG-root-14512::psutil_info::system_info|5:: CPU USAGE: 16.2%
2025-12-15 11:40:24,511-DEBUG-root-14512::psutil_info::system_info|6:: MEMORY USAGE: 96.2%
2025-12-15 11:40:24,511-DEBUG-root-14512::psutil_info::system_info|7:: MEMORY AVAILABLE: 3.81%
2025-12-15 11:40:24,705-DEBUG-root-14512::webapp_internal::wait_element_timeout|7726:: Element found! Waiting for element to be displayed.
2025-12-15 11:40:24,852-DEBUG-root-14512::webapp_internal::wait_blocker|2444:: Waiting blocker to continue...
2025-12-15 11:40:24,974-DEBUG-root-14512::webapp_internal::wait_blocker|2469:: Blocker status: False
2025-12-15 11:40:25,004-DEBUG-root-14512::webapp_internal::wait_blocker|2444:: Waiting blocker to continue...
2025-12-15 11:40:25,116-DEBUG-root-14512::webapp_internal::wait_blocker|2469:: Blocker status: False
2025-12-15 11:40:25,116-DEBUG-root-14512::webapp_internal::send_action|10480:: Trying to send action
2025-12-15 11:40:25,119-DEBUG-root-14512::base::click|192:: Click Type: ClickType.JS
2025-12-15 11:40:26,278-DEBUG-root-14512::webapp_internal::send_action|10522:: send_action method result = True
2025-12-15 11:40:26,279-DEBUG-root-14512::webapp_internal::send_action|10523:: send_action selenium status: True
2025-12-15 11:40:26,279-DEBUG-root-14512::webapp_internal::SetButton|4683:: ***System Info*** After Clicking on button:
2025-12-15 11:40:26,280-DEBUG-root-14512::psutil_info::system_info|5:: CPU USAGE: 14.8%
2025-12-15 11:40:26,281-DEBUG-root-14512::psutil_info::system_info|6:: MEMORY USAGE: 93.3%
2025-12-15 11:40:26,282-DEBUG-root-14512::psutil_info::system_info|7:: MEMORY AVAILABLE: 6.66%
2025-12-15 11:40:27,184-INFO-root-14512::webapp_internal::WaitShow|4980:: Waiting show text 'Cadastro de Aprovadores'...
2025-12-15 11:40:27,238-INFO-root-14512::webapp_internal::WaitShow|4996:: Text found! 
2025-12-15 11:40:27,238-INFO-root-14512::webapp_internal::SetButton|4444:: Clicking on Visualizar
2025-12-15 11:40:27,238-DEBUG-root-14512::webapp_internal::wait_blocker|2444:: Waiting blocker to continue...
2025-12-15 11:40:27,323-DEBUG-root-14512::webapp_internal::wait_blocker|2469:: Blocker status: False
2025-12-15 11:40:27,693-DEBUG-root-14512::webapp_internal::wait_element_timeout|7726:: Element found! Waiting for element to be displayed.
2025-12-15 11:40:27,944-DEBUG-root-14512::webapp_internal::SetButton|4481:: ***System Info*** Before Clicking on button:Visualizar
2025-12-15 11:40:27,945-DEBUG-root-14512::psutil_info::system_info|5:: CPU USAGE: 12.4%
2025-12-15 11:40:27,945-DEBUG-root-14512::psutil_info::system_info|6:: MEMORY USAGE: 93.4%
2025-12-15 11:40:27,945-DEBUG-root-14512::psutil_info::system_info|7:: MEMORY AVAILABLE: 6.64%
2025-12-15 11:40:28,290-DEBUG-root-14512::webapp_internal::wait_element_timeout|7726:: Element found! Waiting for element to be displayed.
2025-12-15 11:40:28,581-DEBUG-root-14512::webapp_internal::wait_blocker|2444:: Waiting blocker to continue...
2025-12-15 11:40:28,726-DEBUG-root-14512::webapp_internal::wait_blocker|2469:: Blocker status: False
2025-12-15 11:40:28,751-DEBUG-root-14512::webapp_internal::wait_blocker|2444:: Waiting blocker to continue...
2025-12-15 11:40:28,851-DEBUG-root-14512::webapp_internal::wait_blocker|2469:: Blocker status: False
2025-12-15 11:40:28,851-DEBUG-root-14512::webapp_internal::send_action|10480:: Trying to send action
2025-12-15 11:40:28,854-DEBUG-root-14512::base::click|192:: Click Type: ClickType.JS
2025-12-15 11:40:29,909-DEBUG-root-14512::webapp_internal::send_action|10522:: send_action method result = True
2025-12-15 11:40:29,909-DEBUG-root-14512::webapp_internal::send_action|10523:: send_action selenium status: False
2025-12-15 11:40:29,909-DEBUG-root-14512::webapp_internal::SetButton|4683:: ***System Info*** After Clicking on button:
2025-12-15 11:40:29,910-DEBUG-root-14512::psutil_info::system_info|5:: CPU USAGE: 10.8%
2025-12-15 11:40:29,910-DEBUG-root-14512::psutil_info::system_info|6:: MEMORY USAGE: 93.6%
2025-12-15 11:40:29,910-DEBUG-root-14512::psutil_info::system_info|7:: MEMORY AVAILABLE: 6.4%
2025-12-15 11:40:30,811-INFO-root-14512::webapp_internal::WaitShow|4980:: Waiting show text 'Aprovadores - VISUALIZAR'...
2025-12-15 11:40:30,910-INFO-root-14512::webapp_internal::WaitShow|4996:: Text found! 
2025-12-15 11:40:30,910-DEBUG-root-14512::webapp_internal::wait_blocker|2444:: Waiting blocker to continue...
2025-12-15 11:40:31,005-DEBUG-root-14512::webapp_internal::wait_blocker|2469:: Blocker status: False
2025-12-15 11:40:31,005-DEBUG-root-14512::webapp_internal::wait_element|7623:: Waiting for element
2025-12-15 11:40:31,056-DEBUG-root-14512::webapp_internal::wait_element|7653:: Element found! Waiting for element to be displayed.
2025-12-15 11:40:31,189-DEBUG-root-14512::webapp_internal::get_web_value|3232:: Current value: 001016
2025-12-15 11:40:31,202-DEBUG-root-14512::webapp_internal::get_web_value|3232:: Current value: 001016
2025-12-15 11:40:31,202-INFO-root-14512::webapp_internal::CheckResult|3313:: Value for Field AK_USER is: 001016
2025-12-15 11:40:31,207-DEBUG-root-14512::webapp_internal::wait_blocker|2444:: Waiting blocker to continue...
2025-12-15 11:40:31,320-DEBUG-root-14512::webapp_internal::wait_blocker|2469:: Blocker status: False
2025-12-15 11:40:31,320-DEBUG-root-14512::webapp_internal::wait_element|7623:: Waiting for element
2025-12-15 11:40:31,385-DEBUG-root-14512::webapp_internal::wait_element|7653:: Element found! Waiting for element to be displayed.
2025-12-15 11:40:31,519-DEBUG-root-14512::webapp_internal::get_web_value|3232:: Current value: 000005
2025-12-15 11:40:31,530-DEBUG-root-14512::webapp_internal::get_web_value|3232:: Current value: 000005
2025-12-15 11:40:31,530-INFO-root-14512::webapp_internal::CheckResult|3313:: Value for Field AK_APROSUP is: 000005
2025-12-15 11:40:31,537-DEBUG-root-14512::webapp_internal::wait_blocker|2444:: Waiting blocker to continue...
2025-12-15 11:40:31,648-DEBUG-root-14512::webapp_internal::wait_blocker|2469:: Blocker status: False
2025-12-15 11:40:31,648-DEBUG-root-14512::webapp_internal::wait_element|7623:: Waiting for element
2025-12-15 11:41:24,986-ERROR-root-14512::webapp_internal::TearDown|9654:: Warning tearDown Close Message: Failed to decode response from marionette
Traceback (most recent call last):
  File "C:\TIR_TESTE\venv\Lib\site-packages\tir\technologies\webapp_internal.py", line 9652, in TearDown
    self.driver.close()
  File "C:\TIR_TESTE\venv\Lib\site-packages\selenium\webdriver\remote\webdriver.py", line 458, in close
    self.execute(Command.CLOSE)
  File "C:\TIR_TESTE\venv\Lib\site-packages\selenium\webdriver\remote\webdriver.py", line 347, in execute
    self.error_handler.check_response(response)
  File "C:\TIR_TESTE\venv\Lib\site-packages\selenium\webdriver\remote\errorhandler.py", line 229, in check_response
    raise exception_class(message, screen, stacktrace)
selenium.common.exceptions.WebDriverException: Message: Failed to decode response from marionette

