2025-12-05 12:20:49,605-DEBUG-root-12396::logging_config::logger|189:: Log file created: 'Log\GESIT03\TIR__20251205122049599.log'
2025-12-05 12:20:49,606-INFO-root-12396::base::Start|1183:: TIR Version: 2.4.3
2025-12-05 12:20:49,606-INFO-root-12396::base::Start|1184:: Python Version: 3.12.10
2025-12-05 12:20:49,606-INFO-root-12396::base::Start|1185:: Starting the browser
2025-12-05 12:20:56,888-INFO-root-12396::base::get_url|1294:: Page is ready!
2025-12-05 12:20:56,890-INFO-root-12396::base::Start|1256:: Browser maximized to 1936x1048
2025-12-05 12:20:56,890-INFO-root-12396::base::Start|1258:: Screen size is different from default used in headless mode
2025-12-05 12:20:56,950-INFO-root-12396::webapp_internal::Setup|247:: ***System Info*** in Setup():
2025-12-05 12:20:56,951-DEBUG-root-12396::psutil_info::system_info|5:: CPU USAGE: 17.4%
2025-12-05 12:20:56,951-DEBUG-root-12396::psutil_info::system_info|6:: MEMORY USAGE: 91.8%
2025-12-05 12:20:56,953-DEBUG-root-12396::psutil_info::system_info|7:: MEMORY AVAILABLE: 8.16%
2025-12-05 12:20:56,966-INFO-root-12396::base::webapp_shadowroot|1394:: Webapp: 10.1.6-RC4
2025-12-05 12:20:56,997-INFO-root-12396::webapp_internal::filling_initial_program|449:: Filling Initial Program: "SIGAMDI"
2025-12-05 12:20:56,998-DEBUG-root-12396::webapp_internal::wait_element|7623:: Waiting for element
2025-12-05 12:20:57,063-DEBUG-root-12396::webapp_internal::wait_element|7653:: Element found! Waiting for element to be displayed.
2025-12-05 12:20:57,221-DEBUG-root-12396::base::click|192:: Click Type: ClickType.JS
2025-12-05 12:20:57,227-DEBUG-root-12396::webapp_internal::try_send_keys|7976:: Trying to send keys to element using technique 0
2025-12-05 12:20:57,557-DEBUG-root-12396::webapp_internal::get_web_value|3232:: Current value: SIGAMDI
2025-12-05 12:20:57,558-INFO-root-12396::webapp_internal::filling_server_environment|463:: Filling Server Environment: "POUPEX_TST"
2025-12-05 12:20:57,558-DEBUG-root-12396::webapp_internal::wait_element|7623:: Waiting for element
2025-12-05 12:20:57,583-DEBUG-root-12396::webapp_internal::wait_element|7653:: Element found! Waiting for element to be displayed.
2025-12-05 12:20:57,740-DEBUG-root-12396::base::click|192:: Click Type: ClickType.JS
2025-12-05 12:20:57,747-DEBUG-root-12396::webapp_internal::try_send_keys|7976:: Trying to send keys to element using technique 0
2025-12-05 12:20:58,058-DEBUG-root-12396::webapp_internal::get_web_value|3232:: Current value: POUPEX_TST
2025-12-05 12:20:58,080-DEBUG-root-12396::base::click|192:: Click Type: ClickType.JS
2025-12-05 12:20:58,091-DEBUG-root-12396::webapp_internal::user_screen|519:: Filling user screen
2025-12-05 12:21:04,308-DEBUG-root-12396::webapp_internal::wait_element_timeout|7726:: Element found! Waiting for element to be displayed.
2025-12-05 12:21:04,355-DEBUG-root-12396::base::scroll_to_element|759:: ********Warining scroll_to_element exception: Message: TypeError: can't access property "scrollIntoView", arguments[0] is null
Stacktrace:
@https://qasrverp:10020/webapp/:2:7
@https://qasrverp:10020/webapp/:3:8
*********
2025-12-05 12:21:04,516-INFO-root-12396::webapp_internal::user_screen|561:: Filling User
2025-12-05 12:21:04,545-DEBUG-root-12396::base::double_click|259:: Click Type: ClickType.SELENIUM
2025-12-05 12:21:04,736-DEBUG-root-12396::webapp_internal::get_web_value|3232:: Current value: 97137227104
2025-12-05 12:21:04,758-INFO-root-12396::webapp_internal::user_screen|621:: Filling Password
2025-12-05 12:21:04,779-DEBUG-root-12396::base::click|192:: Click Type: ClickType.JS
2025-12-05 12:21:04,864-DEBUG-root-12396::webapp_internal::get_web_value|3232:: Current value: Val20221080080094+
2025-12-05 12:21:04,865-DEBUG-root-12396::webapp_internal::wait_blocker|2444:: Waiting blocker to continue...
2025-12-05 12:21:04,891-DEBUG-root-12396::webapp_internal::wait_blocker|2469:: Blocker status: None
2025-12-05 12:21:04,910-DEBUG-root-12396::webapp_internal::wait_blocker|2444:: Waiting blocker to continue...
2025-12-05 12:21:04,937-DEBUG-root-12396::webapp_internal::wait_blocker|2469:: Blocker status: None
2025-12-05 12:21:04,971-DEBUG-root-12396::webapp_internal::wait_blocker|2444:: Waiting blocker to continue...
2025-12-05 12:21:04,999-DEBUG-root-12396::webapp_internal::wait_blocker|2469:: Blocker status: None
2025-12-05 12:21:04,999-DEBUG-root-12396::webapp_internal::send_action|10480:: Trying to send action
2025-12-05 12:21:05,006-DEBUG-root-12396::base::click|192:: Click Type: ClickType.JS
2025-12-05 12:21:06,052-DEBUG-root-12396::webapp_internal::send_action|10522:: send_action method result = True
2025-12-05 12:21:06,052-DEBUG-root-12396::webapp_internal::send_action|10523:: send_action selenium status: False
2025-12-05 12:21:08,361-DEBUG-root-12396::base::scroll_to_element|759:: ********Warining scroll_to_element exception: Message: TypeError: can't access property "scrollIntoView", arguments[0] is null
Stacktrace:
@https://qasrverp:10020/webapp/:2:7
@https://qasrverp:10020/webapp/:3:8
*********
2025-12-05 12:21:08,412-INFO-root-12396::webapp_internal::filling_date|885:: Filling Date: "05/12/2025"
2025-12-05 12:21:08,413-DEBUG-root-12396::webapp_internal::wait_blocker|2444:: Waiting blocker to continue...
2025-12-05 12:21:08,450-DEBUG-root-12396::webapp_internal::wait_blocker|2469:: Blocker status: None
2025-12-05 12:21:08,453-DEBUG-root-12396::base::click|192:: Click Type: ClickType.JS
2025-12-05 12:21:08,470-DEBUG-root-12396::webapp_internal::try_send_keys|7976:: Trying to send keys to element using technique 1
2025-12-05 12:21:08,548-DEBUG-root-12396::webapp_internal::get_web_value|3232:: Current value: 05/12/2025
2025-12-05 12:21:09,652-INFO-root-12396::webapp_internal::filling_group|955:: Filling Group: "02"
2025-12-05 12:21:09,653-DEBUG-root-12396::webapp_internal::wait_blocker|2444:: Waiting blocker to continue...
2025-12-05 12:21:09,684-DEBUG-root-12396::webapp_internal::wait_blocker|2469:: Blocker status: None
2025-12-05 12:21:09,687-DEBUG-root-12396::base::click|192:: Click Type: ClickType.JS
2025-12-05 12:21:09,738-DEBUG-root-12396::webapp_internal::get_web_value|3232:: Current value: 02
2025-12-05 12:21:10,800-INFO-root-12396::webapp_internal::filling_branch|1047:: Filling Branch: "02DF0001"
2025-12-05 12:21:10,800-DEBUG-root-12396::webapp_internal::wait_blocker|2444:: Waiting blocker to continue...
2025-12-05 12:21:10,830-DEBUG-root-12396::webapp_internal::wait_blocker|2469:: Blocker status: None
2025-12-05 12:21:10,832-DEBUG-root-12396::base::click|192:: Click Type: ClickType.JS
2025-12-05 12:21:10,883-DEBUG-root-12396::webapp_internal::get_web_value|3232:: Current value: 02DF0001
2025-12-05 12:21:11,961-INFO-root-12396::webapp_internal::filling_environment|1113:: Filling Environment: "07"
2025-12-05 12:21:11,961-DEBUG-root-12396::webapp_internal::wait_blocker|2444:: Waiting blocker to continue...
2025-12-05 12:21:12,007-DEBUG-root-12396::webapp_internal::wait_blocker|2469:: Blocker status: None
2025-12-05 12:21:12,011-DEBUG-root-12396::base::click|192:: Click Type: ClickType.JS
2025-12-05 12:21:12,060-DEBUG-root-12396::webapp_internal::get_web_value|3232:: Current value: 07
2025-12-05 12:21:13,069-DEBUG-root-12396::webapp_internal::close_warning_screen|1489:: Closing warning screen!
2025-12-05 12:21:14,101-DEBUG-root-12396::webapp_internal::check_screen_element|1291:: Checking screen element: "Atenção": False
2025-12-05 12:21:15,199-INFO-root-12396::webapp_internal::environment_screen|796:: Clicking on Button
2025-12-05 12:21:15,200-DEBUG-root-12396::webapp_internal::wait_blocker|2444:: Waiting blocker to continue...
2025-12-05 12:21:15,235-DEBUG-root-12396::webapp_internal::wait_blocker|2469:: Blocker status: None
2025-12-05 12:21:15,237-DEBUG-root-12396::base::click|192:: Click Type: ClickType.JS
2025-12-05 12:21:16,252-DEBUG-root-12396::base::click|192:: Click Type: ClickType.JS
2025-12-05 12:21:17,260-DEBUG-root-12396::base::click|192:: Click Type: ClickType.JS
2025-12-05 12:21:18,268-DEBUG-root-12396::base::click|192:: Click Type: ClickType.JS
2025-12-05 12:21:19,276-DEBUG-root-12396::base::click|192:: Click Type: ClickType.JS
2025-12-05 12:21:20,283-DEBUG-root-12396::base::click|192:: Click Type: ClickType.JS
2025-12-05 12:21:21,289-DEBUG-root-12396::webapp_internal::close_screen_before_menu|368:: Closing screen before the menu
2025-12-05 12:21:21,337-DEBUG-root-12396::webapp_internal::close_warning_screen|1489:: Closing warning screen!
2025-12-05 12:21:22,381-DEBUG-root-12396::webapp_internal::check_screen_element|1291:: Checking screen element: "Atenção": False
2025-12-05 12:21:22,381-DEBUG-root-12396::webapp_internal::close_coin_screen|1424:: Closing coin screen!
2025-12-05 12:21:22,935-DEBUG-root-12396::base::click|192:: Click Type: ClickType.JS
2025-12-05 12:21:22,989-DEBUG-root-12396::webapp_internal::close_warning_screen|1489:: Closing warning screen!
2025-12-05 12:21:24,042-DEBUG-root-12396::webapp_internal::check_screen_element|1291:: Checking screen element: "Atenção": False
2025-12-05 12:21:24,042-DEBUG-root-12396::webapp_internal::close_coin_screen|1424:: Closing coin screen!
2025-12-05 12:21:24,148-INFO-root-12396::webapp_internal::set_log_info|1623:: Getting log info
2025-12-05 12:21:24,148-INFO-root-12396::webapp_internal::SetLateralMenu|4184:: Navigating lateral menu: Ajuda > Sobre
2025-12-05 12:21:24,161-DEBUG-root-12396::webapp_internal::wait_element|7623:: Waiting for element
2025-12-05 12:21:24,200-DEBUG-root-12396::webapp_internal::wait_element|7653:: Element found! Waiting for element to be displayed.
2025-12-05 12:21:24,393-INFO-root-12396::webapp_internal::SetLateralMenu|4203:: Menu item: "Ajuda"
2025-12-05 12:21:24,394-DEBUG-root-12396::webapp_internal::wait_blocker|2444:: Waiting blocker to continue...
2025-12-05 12:21:24,471-DEBUG-root-12396::webapp_internal::wait_blocker|2469:: Blocker status: False
2025-12-05 12:21:24,838-DEBUG-root-12396::webapp_internal::wait_element_timeout|7726:: Element found! Waiting for element to be displayed.
2025-12-05 12:21:25,150-DEBUG-root-12396::webapp_internal::wait_blocker|2444:: Waiting blocker to continue...
2025-12-05 12:21:25,220-DEBUG-root-12396::webapp_internal::wait_blocker|2469:: Blocker status: False
2025-12-05 12:21:27,519-INFO-root-12396::webapp_internal::SetLateralMenu|4203:: Menu item: "Sobre"
2025-12-05 12:21:27,519-DEBUG-root-12396::webapp_internal::wait_blocker|2444:: Waiting blocker to continue...
2025-12-05 12:21:27,603-DEBUG-root-12396::webapp_internal::wait_blocker|2469:: Blocker status: False
2025-12-05 12:21:27,989-DEBUG-root-12396::webapp_internal::wait_element_timeout|7726:: Element found! Waiting for element to be displayed.
2025-12-05 12:21:28,321-DEBUG-root-12396::webapp_internal::wait_blocker|2444:: Waiting blocker to continue...
2025-12-05 12:21:28,388-DEBUG-root-12396::webapp_internal::wait_blocker|2469:: Blocker status: False
2025-12-05 12:21:31,008-DEBUG-root-12396::webapp_internal::wait_blocker|2444:: Waiting blocker to continue...
2025-12-05 12:21:31,073-DEBUG-root-12396::webapp_internal::wait_blocker|2469:: Blocker status: False
2025-12-05 12:21:31,138-DEBUG-root-12396::webapp_internal::wait_element|7623:: Waiting for element
2025-12-05 12:21:31,180-DEBUG-root-12396::webapp_internal::wait_element|7653:: Element found! Waiting for element to be displayed.
2025-12-05 12:21:31,346-INFO-root-12396::webapp_internal::SetButton|4444:: Clicking on Fechar
2025-12-05 12:21:31,346-DEBUG-root-12396::webapp_internal::wait_blocker|2444:: Waiting blocker to continue...
2025-12-05 12:21:31,415-DEBUG-root-12396::webapp_internal::wait_blocker|2469:: Blocker status: False
2025-12-05 12:21:31,590-DEBUG-root-12396::webapp_internal::wait_element_timeout|7726:: Element found! Waiting for element to be displayed.
2025-12-05 12:21:31,658-DEBUG-root-12396::webapp_internal::SetButton|4481:: ***System Info*** Before Clicking on button:Fechar
2025-12-05 12:21:31,658-DEBUG-root-12396::psutil_info::system_info|5:: CPU USAGE: 9.6%
2025-12-05 12:21:31,659-DEBUG-root-12396::psutil_info::system_info|6:: MEMORY USAGE: 89.4%
2025-12-05 12:21:31,659-DEBUG-root-12396::psutil_info::system_info|7:: MEMORY AVAILABLE: 10.6%
2025-12-05 12:21:31,823-DEBUG-root-12396::webapp_internal::wait_element_timeout|7726:: Element found! Waiting for element to be displayed.
2025-12-05 12:21:31,924-DEBUG-root-12396::webapp_internal::wait_blocker|2444:: Waiting blocker to continue...
2025-12-05 12:21:31,991-DEBUG-root-12396::webapp_internal::wait_blocker|2469:: Blocker status: False
2025-12-05 12:21:32,008-DEBUG-root-12396::webapp_internal::wait_blocker|2444:: Waiting blocker to continue...
2025-12-05 12:21:32,077-DEBUG-root-12396::webapp_internal::wait_blocker|2469:: Blocker status: False
2025-12-05 12:21:32,077-DEBUG-root-12396::webapp_internal::send_action|10480:: Trying to send action
2025-12-05 12:21:32,079-DEBUG-root-12396::base::click|192:: Click Type: ClickType.JS
2025-12-05 12:21:33,110-DEBUG-root-12396::webapp_internal::send_action|10522:: send_action method result = True
2025-12-05 12:21:33,110-DEBUG-root-12396::webapp_internal::send_action|10523:: send_action selenium status: False
2025-12-05 12:21:33,110-DEBUG-root-12396::webapp_internal::SetButton|4683:: ***System Info*** After Clicking on button:
2025-12-05 12:21:33,111-DEBUG-root-12396::psutil_info::system_info|5:: CPU USAGE: 5.3%
2025-12-05 12:21:33,111-DEBUG-root-12396::psutil_info::system_info|6:: MEMORY USAGE: 89.5%
2025-12-05 12:21:33,111-DEBUG-root-12396::psutil_info::system_info|7:: MEMORY AVAILABLE: 10.52%
2025-12-05 12:21:33,112-DEBUG-root-12396::webapp_internal::wait_element|7623:: Waiting for element
2025-12-05 12:21:33,192-INFO-root-12396::webapp_internal::SetLateralMenu|4184:: Navigating lateral menu: Atualizações > Gestao de Viagens > Solicitações
2025-12-05 12:21:33,201-DEBUG-root-12396::webapp_internal::wait_element|7623:: Waiting for element
2025-12-05 12:21:33,236-DEBUG-root-12396::webapp_internal::wait_element|7653:: Element found! Waiting for element to be displayed.
2025-12-05 12:21:33,394-INFO-root-12396::webapp_internal::SetLateralMenu|4203:: Menu item: "Atualizações"
2025-12-05 12:21:33,394-DEBUG-root-12396::webapp_internal::wait_blocker|2444:: Waiting blocker to continue...
2025-12-05 12:21:33,488-DEBUG-root-12396::webapp_internal::wait_blocker|2469:: Blocker status: False
2025-12-05 12:21:33,871-DEBUG-root-12396::webapp_internal::wait_element_timeout|7726:: Element found! Waiting for element to be displayed.
2025-12-05 12:21:34,202-DEBUG-root-12396::webapp_internal::wait_blocker|2444:: Waiting blocker to continue...
2025-12-05 12:21:34,265-DEBUG-root-12396::webapp_internal::wait_blocker|2469:: Blocker status: False
2025-12-05 12:21:36,557-INFO-root-12396::webapp_internal::SetLateralMenu|4203:: Menu item: "Gestao de Viagens"
2025-12-05 12:21:36,557-DEBUG-root-12396::webapp_internal::wait_blocker|2444:: Waiting blocker to continue...
2025-12-05 12:21:36,648-DEBUG-root-12396::webapp_internal::wait_blocker|2469:: Blocker status: False
2025-12-05 12:21:37,371-DEBUG-root-12396::webapp_internal::wait_element_timeout|7726:: Element found! Waiting for element to be displayed.
2025-12-05 12:21:38,017-DEBUG-root-12396::webapp_internal::wait_blocker|2444:: Waiting blocker to continue...
2025-12-05 12:21:38,103-DEBUG-root-12396::webapp_internal::wait_blocker|2469:: Blocker status: False
2025-12-05 12:21:40,404-INFO-root-12396::webapp_internal::SetLateralMenu|4203:: Menu item: "Solicitações"
2025-12-05 12:21:40,404-DEBUG-root-12396::webapp_internal::wait_blocker|2444:: Waiting blocker to continue...
2025-12-05 12:21:40,475-DEBUG-root-12396::webapp_internal::wait_blocker|2469:: Blocker status: False
2025-12-05 12:21:41,245-DEBUG-root-12396::webapp_internal::wait_element_timeout|7726:: Element found! Waiting for element to be displayed.
2025-12-05 12:21:41,989-DEBUG-root-12396::webapp_internal::wait_blocker|2444:: Waiting blocker to continue...
2025-12-05 12:21:42,065-DEBUG-root-12396::webapp_internal::wait_blocker|2469:: Blocker status: False
2025-12-05 12:21:45,452-DEBUG-root-12396::webapp_internal::wait_blocker|2444:: Waiting blocker to continue...
2025-12-05 12:21:45,524-DEBUG-root-12396::webapp_internal::wait_blocker|2469:: Blocker status: False
2025-12-05 12:21:45,595-INFO-root-12396::webapp_internal::WaitShow|4980:: Waiting show text 'Este ambiente utiliza base de Homologação.'...
2025-12-05 12:21:51,387-INFO-root-12396::webapp_internal::WaitShow|4980:: Waiting show text 'Moedas'...
2025-12-05 12:21:56,880-INFO-root-12396::webapp_internal::WaitShow|4980:: Waiting show text 'Solicitação de Viagens/Treinamento'...
2025-12-05 12:21:56,935-INFO-root-12396::webapp_internal::WaitShow|4996:: Text found! 
2025-12-05 12:21:56,936-INFO-root-12396::webapp_internal::SetButton|4444:: Clicking on Incluir
2025-12-05 12:21:56,936-DEBUG-root-12396::webapp_internal::wait_blocker|2444:: Waiting blocker to continue...
2025-12-05 12:21:57,023-DEBUG-root-12396::webapp_internal::wait_blocker|2469:: Blocker status: False
2025-12-05 12:21:57,411-DEBUG-root-12396::webapp_internal::wait_element_timeout|7726:: Element found! Waiting for element to be displayed.
2025-12-05 12:21:57,668-DEBUG-root-12396::webapp_internal::SetButton|4481:: ***System Info*** Before Clicking on button:Incluir
2025-12-05 12:21:57,669-DEBUG-root-12396::psutil_info::system_info|5:: CPU USAGE: 8.4%
2025-12-05 12:21:57,669-DEBUG-root-12396::psutil_info::system_info|6:: MEMORY USAGE: 89.9%
2025-12-05 12:21:57,670-DEBUG-root-12396::psutil_info::system_info|7:: MEMORY AVAILABLE: 10.1%
2025-12-05 12:21:58,034-DEBUG-root-12396::webapp_internal::wait_element_timeout|7726:: Element found! Waiting for element to be displayed.
2025-12-05 12:21:58,339-DEBUG-root-12396::webapp_internal::wait_blocker|2444:: Waiting blocker to continue...
2025-12-05 12:21:58,429-DEBUG-root-12396::webapp_internal::wait_blocker|2469:: Blocker status: False
2025-12-05 12:21:58,451-DEBUG-root-12396::webapp_internal::wait_blocker|2444:: Waiting blocker to continue...
2025-12-05 12:21:58,542-DEBUG-root-12396::webapp_internal::wait_blocker|2469:: Blocker status: False
2025-12-05 12:21:58,542-DEBUG-root-12396::webapp_internal::send_action|10480:: Trying to send action
2025-12-05 12:21:58,546-DEBUG-root-12396::base::click|192:: Click Type: ClickType.JS
2025-12-05 12:21:59,759-DEBUG-root-12396::webapp_internal::send_action|10522:: send_action method result = True
2025-12-05 12:21:59,759-DEBUG-root-12396::webapp_internal::send_action|10523:: send_action selenium status: True
2025-12-05 12:21:59,759-DEBUG-root-12396::webapp_internal::SetButton|4683:: ***System Info*** After Clicking on button:
2025-12-05 12:21:59,759-DEBUG-root-12396::psutil_info::system_info|5:: CPU USAGE: 7.0%
2025-12-05 12:21:59,760-DEBUG-root-12396::psutil_info::system_info|6:: MEMORY USAGE: 90.0%
2025-12-05 12:21:59,760-DEBUG-root-12396::psutil_info::system_info|7:: MEMORY AVAILABLE: 9.97%
2025-12-05 12:21:59,961-DEBUG-root-12396::webapp_internal::wait_blocker|2444:: Waiting blocker to continue...
2025-12-05 12:22:00,055-DEBUG-root-12396::webapp_internal::wait_blocker|2469:: Blocker status: False
2025-12-05 12:22:00,056-INFO-root-12396::webapp_internal::SearchBrowse|2003:: Searching: 02DF0001
2025-12-05 12:22:00,226-DEBUG-root-12396::webapp_internal::wait_element_timeout|7726:: Element found! Waiting for element to be displayed.
2025-12-05 12:22:00,328-DEBUG-root-12396::webapp_internal::wait_blocker|2444:: Waiting blocker to continue...
2025-12-05 12:22:00,441-DEBUG-root-12396::webapp_internal::wait_blocker|2469:: Blocker status: False
2025-12-05 12:22:00,451-DEBUG-root-12396::webapp_internal::wait_blocker|2444:: Waiting blocker to continue...
2025-12-05 12:22:00,553-DEBUG-root-12396::webapp_internal::wait_blocker|2469:: Blocker status: False
2025-12-05 12:22:00,553-INFO-root-12396::webapp_internal::fill_search_browse|2399:: Filling: 02DF0001
2025-12-05 12:22:00,565-DEBUG-root-12396::base::click|192:: Click Type: ClickType.JS
2025-12-05 12:22:01,641-DEBUG-root-12396::webapp_internal::wait_blocker|2444:: Waiting blocker to continue...
2025-12-05 12:22:01,741-DEBUG-root-12396::webapp_internal::wait_blocker|2469:: Blocker status: False
2025-12-05 12:22:01,741-INFO-root-12396::webapp_internal::fill_search_browse|2399:: Filling: 02DF0001
2025-12-05 12:22:01,755-DEBUG-root-12396::base::click|192:: Click Type: ClickType.JS
2025-12-05 12:22:02,833-DEBUG-root-12396::webapp_internal::wait_blocker|2444:: Waiting blocker to continue...
2025-12-05 12:22:02,931-DEBUG-root-12396::webapp_internal::wait_blocker|2469:: Blocker status: False
2025-12-05 12:22:02,931-INFO-root-12396::webapp_internal::fill_search_browse|2399:: Filling: 02DF0001
2025-12-05 12:22:02,941-DEBUG-root-12396::base::click|192:: Click Type: ClickType.JS
2025-12-05 12:22:04,033-DEBUG-root-12396::webapp_internal::wait_blocker|2444:: Waiting blocker to continue...
2025-12-05 12:22:04,134-DEBUG-root-12396::webapp_internal::wait_blocker|2469:: Blocker status: False
2025-12-05 12:22:04,134-INFO-root-12396::webapp_internal::fill_search_browse|2399:: Filling: 02DF0001
2025-12-05 12:22:04,146-DEBUG-root-12396::base::click|192:: Click Type: ClickType.JS
2025-12-05 12:22:05,214-DEBUG-root-12396::webapp_internal::wait_blocker|2444:: Waiting blocker to continue...
2025-12-05 12:22:05,306-DEBUG-root-12396::webapp_internal::wait_blocker|2469:: Blocker status: False
2025-12-05 12:22:05,306-INFO-root-12396::webapp_internal::fill_search_browse|2399:: Filling: 02DF0001
2025-12-05 12:22:05,320-DEBUG-root-12396::base::click|192:: Click Type: ClickType.JS
2025-12-05 12:22:06,400-DEBUG-root-12396::webapp_internal::wait_blocker|2444:: Waiting blocker to continue...
2025-12-05 12:22:06,492-DEBUG-root-12396::webapp_internal::wait_blocker|2469:: Blocker status: False
2025-12-05 12:22:06,492-INFO-root-12396::webapp_internal::fill_search_browse|2399:: Filling: 02DF0001
2025-12-05 12:22:06,507-DEBUG-root-12396::base::click|192:: Click Type: ClickType.JS
2025-12-05 12:22:07,589-DEBUG-root-12396::webapp_internal::wait_blocker|2444:: Waiting blocker to continue...
2025-12-05 12:22:07,685-DEBUG-root-12396::webapp_internal::wait_blocker|2469:: Blocker status: False
2025-12-05 12:22:07,686-INFO-root-12396::webapp_internal::fill_search_browse|2399:: Filling: 02DF0001
2025-12-05 12:22:07,698-DEBUG-root-12396::base::click|192:: Click Type: ClickType.JS
2025-12-05 12:22:08,786-DEBUG-root-12396::webapp_internal::wait_blocker|2444:: Waiting blocker to continue...
2025-12-05 12:22:08,887-DEBUG-root-12396::webapp_internal::wait_blocker|2469:: Blocker status: False
2025-12-05 12:22:08,890-DEBUG-root-12396::base::double_click|259:: Click Type: ClickType.SELENIUM
2025-12-05 12:22:08,898-WARNING-root-12396::base::double_click|280:: Warning double_click method Exception: Message: Element <button class="button-image" type="button"> is not clickable at point (1258,360) because another element <wa-button id="COMP6023" class="dict-tbutton focus"> obscures it
Stacktrace:
RemoteError@chrome://remote/content/shared/RemoteError.sys.mjs:8:8
WebDriverError@chrome://remote/content/shared/webdriver/Errors.sys.mjs:202:5
ElementClickInterceptedError@chrome://remote/content/shared/webdriver/Errors.sys.mjs:354:5
webdriverClickElement@chrome://remote/content/marionette/interaction.sys.mjs:175:11
interaction.clickElement@chrome://remote/content/marionette/interaction.sys.mjs:134:11
clickElement@chrome://remote/content/marionette/actors/MarionetteCommandsChild.sys.mjs:327:29
receiveMessage@chrome://remote/content/marionette/actors/MarionetteCommandsChild.sys.mjs:210:31

2025-12-05 12:22:09,204-INFO-root-12396::webapp_internal::SetButton|4444:: Clicking on OK
2025-12-05 12:22:09,205-DEBUG-root-12396::webapp_internal::wait_blocker|2444:: Waiting blocker to continue...
2025-12-05 12:22:09,353-DEBUG-root-12396::webapp_internal::wait_blocker|2469:: Blocker status: False
2025-12-05 12:22:09,676-DEBUG-root-12396::webapp_internal::wait_element_timeout|7726:: Element found! Waiting for element to be displayed.
2025-12-05 12:22:09,864-DEBUG-root-12396::webapp_internal::SetButton|4481:: ***System Info*** Before Clicking on button:OK
2025-12-05 12:22:09,864-DEBUG-root-12396::psutil_info::system_info|5:: CPU USAGE: 9.7%
2025-12-05 12:22:09,864-DEBUG-root-12396::psutil_info::system_info|6:: MEMORY USAGE: 89.5%
2025-12-05 12:22:09,865-DEBUG-root-12396::psutil_info::system_info|7:: MEMORY AVAILABLE: 10.55%
2025-12-05 12:22:10,193-DEBUG-root-12396::webapp_internal::wait_element_timeout|7726:: Element found! Waiting for element to be displayed.
2025-12-05 12:22:10,439-DEBUG-root-12396::webapp_internal::wait_blocker|2444:: Waiting blocker to continue...
2025-12-05 12:22:10,552-DEBUG-root-12396::webapp_internal::wait_blocker|2469:: Blocker status: False
2025-12-05 12:22:10,576-DEBUG-root-12396::webapp_internal::wait_blocker|2444:: Waiting blocker to continue...
2025-12-05 12:22:10,671-DEBUG-root-12396::webapp_internal::wait_blocker|2469:: Blocker status: False
2025-12-05 12:22:10,671-DEBUG-root-12396::webapp_internal::send_action|10480:: Trying to send action
2025-12-05 12:22:10,673-DEBUG-root-12396::base::click|192:: Click Type: ClickType.JS
2025-12-05 12:22:13,271-DEBUG-root-12396::webapp_internal::send_action|10522:: send_action method result = True
2025-12-05 12:22:13,271-DEBUG-root-12396::webapp_internal::send_action|10523:: send_action selenium status: True
2025-12-05 12:22:13,271-DEBUG-root-12396::webapp_internal::SetButton|4683:: ***System Info*** After Clicking on button:
2025-12-05 12:22:13,273-DEBUG-root-12396::psutil_info::system_info|5:: CPU USAGE: 12.8%
2025-12-05 12:22:13,273-DEBUG-root-12396::psutil_info::system_info|6:: MEMORY USAGE: 89.6%
2025-12-05 12:22:13,273-DEBUG-root-12396::psutil_info::system_info|7:: MEMORY AVAILABLE: 10.36%
2025-12-05 12:22:13,474-INFO-root-12396::webapp_internal::WaitShow|4980:: Waiting show text 'Solicitacoes de Viagens - INCLUIR'...
2025-12-05 12:22:13,723-INFO-root-12396::webapp_internal::WaitShow|4996:: Text found! 
2025-12-05 12:22:13,723-DEBUG-root-12396::webapp_internal::wait_blocker|2444:: Waiting blocker to continue...
2025-12-05 12:22:13,864-DEBUG-root-12396::webapp_internal::wait_blocker|2469:: Blocker status: False
2025-12-05 12:22:13,864-DEBUG-root-12396::webapp_internal::wait_element|7623:: Waiting for element
2025-12-05 12:22:13,948-DEBUG-root-12396::webapp_internal::wait_element|7653:: Element found! Waiting for element to be displayed.
2025-12-05 12:22:14,037-INFO-root-12396::webapp_internal::input_value|2941:: Looking for element: ZV3_DESCRI
2025-12-05 12:22:14,225-INFO-root-12396::webapp_internal::input_value|2951:: Element: ZV3_DESCRI Found!
2025-12-05 12:22:14,226-INFO-root-12396::webapp_internal::input_value|2953:: Filling element: ZV3_DESCRI
2025-12-05 12:22:14,256-DEBUG-root-12396::webapp_internal::get_web_value|3232:: Current value:                                                   
2025-12-05 12:22:14,301-DEBUG-root-12396::base::double_click|259:: Click Type: ClickType.SELENIUM
2025-12-05 12:22:14,559-DEBUG-root-12396::webapp_internal::wait_blocker|2444:: Waiting blocker to continue...
2025-12-05 12:22:14,692-DEBUG-root-12396::webapp_internal::wait_blocker|2469:: Blocker status: False
2025-12-05 12:22:15,058-DEBUG-root-12396::webapp_internal::get_web_value|3232:: Current value: USO PARA TESTE AUTOMATIZADO                       
2025-12-05 12:22:15,058-INFO-root-12396::webapp_internal::input_value|3059:: Current field value: USO PARA TESTE AUTOMATIZADO
2025-12-05 12:22:15,091-DEBUG-root-12396::webapp_internal::wait_blocker|2444:: Waiting blocker to continue...
2025-12-05 12:22:15,237-DEBUG-root-12396::webapp_internal::wait_blocker|2469:: Blocker status: False
2025-12-05 12:22:15,237-DEBUG-root-12396::webapp_internal::wait_element|7623:: Waiting for element
2025-12-05 12:22:15,316-DEBUG-root-12396::webapp_internal::wait_element|7653:: Element found! Waiting for element to be displayed.
2025-12-05 12:22:15,387-INFO-root-12396::webapp_internal::input_value|2941:: Looking for element: ZV3_DTINI
2025-12-05 12:22:15,585-INFO-root-12396::webapp_internal::input_value|2951:: Element: ZV3_DTINI Found!
2025-12-05 12:22:15,585-INFO-root-12396::webapp_internal::input_value|2953:: Filling element: ZV3_DTINI
2025-12-05 12:22:15,620-DEBUG-root-12396::webapp_internal::get_web_value|3232:: Current value:   /  /    
2025-12-05 12:22:15,656-DEBUG-root-12396::base::double_click|259:: Click Type: ClickType.SELENIUM
2025-12-05 12:22:15,916-DEBUG-root-12396::webapp_internal::wait_blocker|2444:: Waiting blocker to continue...
2025-12-05 12:22:16,049-DEBUG-root-12396::webapp_internal::wait_blocker|2469:: Blocker status: False
2025-12-05 12:22:16,357-DEBUG-root-12396::webapp_internal::get_web_value|3232:: Current value: 20/12/2025
2025-12-05 12:22:16,358-INFO-root-12396::webapp_internal::input_value|3059:: Current field value: 20122025
2025-12-05 12:22:16,368-DEBUG-root-12396::webapp_internal::wait_blocker|2444:: Waiting blocker to continue...
2025-12-05 12:22:16,519-DEBUG-root-12396::webapp_internal::wait_blocker|2469:: Blocker status: False
2025-12-05 12:22:16,519-DEBUG-root-12396::webapp_internal::wait_element|7623:: Waiting for element
2025-12-05 12:22:16,650-DEBUG-root-12396::webapp_internal::wait_element|7653:: Element found! Waiting for element to be displayed.
2025-12-05 12:22:16,741-INFO-root-12396::webapp_internal::input_value|2941:: Looking for element: ZV3_DTFIM
2025-12-05 12:22:16,921-INFO-root-12396::webapp_internal::input_value|2951:: Element: ZV3_DTFIM Found!
2025-12-05 12:22:16,921-INFO-root-12396::webapp_internal::input_value|2953:: Filling element: ZV3_DTFIM
2025-12-05 12:22:16,955-DEBUG-root-12396::webapp_internal::get_web_value|3232:: Current value:   /  /    
2025-12-05 12:22:16,994-DEBUG-root-12396::base::double_click|259:: Click Type: ClickType.SELENIUM
2025-12-05 12:22:17,250-DEBUG-root-12396::webapp_internal::wait_blocker|2444:: Waiting blocker to continue...
2025-12-05 12:22:17,387-DEBUG-root-12396::webapp_internal::wait_blocker|2469:: Blocker status: False
2025-12-05 12:22:17,758-DEBUG-root-12396::webapp_internal::get_web_value|3232:: Current value: 27/12/2025
2025-12-05 12:22:17,759-INFO-root-12396::webapp_internal::input_value|3059:: Current field value: 27122025
2025-12-05 12:22:18,772-DEBUG-root-12396::webapp_internal::wait_blocker|2444:: Waiting blocker to continue...
2025-12-05 12:22:18,907-DEBUG-root-12396::webapp_internal::wait_blocker|2469:: Blocker status: False
2025-12-05 12:22:18,908-DEBUG-root-12396::webapp_internal::wait_element|7623:: Waiting for element
2025-12-05 12:22:19,021-DEBUG-root-12396::webapp_internal::wait_element|7653:: Element found! Waiting for element to be displayed.
2025-12-05 12:22:19,115-INFO-root-12396::webapp_internal::input_value|2941:: Looking for element: ZV3_CC
2025-12-05 12:22:19,290-INFO-root-12396::webapp_internal::input_value|2951:: Element: ZV3_CC Found!
2025-12-05 12:22:19,290-INFO-root-12396::webapp_internal::input_value|2953:: Filling element: ZV3_CC
2025-12-05 12:22:19,321-DEBUG-root-12396::webapp_internal::get_web_value|3232:: Current value:          
2025-12-05 12:22:19,371-DEBUG-root-12396::base::double_click|259:: Click Type: ClickType.SELENIUM
2025-12-05 12:22:19,643-DEBUG-root-12396::webapp_internal::wait_blocker|2444:: Waiting blocker to continue...
2025-12-05 12:22:19,783-DEBUG-root-12396::webapp_internal::wait_blocker|2469:: Blocker status: False
2025-12-05 12:22:20,125-DEBUG-root-12396::webapp_internal::get_web_value|3232:: Current value: 000000677
2025-12-05 12:22:20,125-INFO-root-12396::webapp_internal::input_value|3059:: Current field value: 000000677
2025-12-05 12:22:20,138-DEBUG-root-12396::webapp_internal::wait_blocker|2444:: Waiting blocker to continue...
2025-12-05 12:22:20,316-DEBUG-root-12396::webapp_internal::wait_blocker|2469:: Blocker status: False
2025-12-05 12:22:20,316-DEBUG-root-12396::webapp_internal::wait_element|7623:: Waiting for element
2025-12-05 12:22:20,400-DEBUG-root-12396::webapp_internal::wait_element|7653:: Element found! Waiting for element to be displayed.
2025-12-05 12:22:20,471-INFO-root-12396::webapp_internal::input_value|2941:: Looking for element: ZV3_TIPO
2025-12-05 12:22:20,650-INFO-root-12396::webapp_internal::input_value|2951:: Element: ZV3_TIPO Found!
2025-12-05 12:22:20,650-INFO-root-12396::webapp_internal::input_value|2953:: Filling element: ZV3_TIPO
2025-12-05 12:22:21,841-INFO-root-12396::base::select_combo|871:: Selected value for combo is: 1 - Servico
2025-12-05 12:22:21,901-DEBUG-root-12396::webapp_internal::wait_blocker|2444:: Waiting blocker to continue...
2025-12-05 12:22:22,040-DEBUG-root-12396::webapp_internal::wait_blocker|2469:: Blocker status: False
2025-12-05 12:22:22,040-DEBUG-root-12396::webapp_internal::wait_element|7623:: Waiting for element
2025-12-05 12:22:22,158-DEBUG-root-12396::webapp_internal::wait_element|7653:: Element found! Waiting for element to be displayed.
2025-12-05 12:22:22,241-INFO-root-12396::webapp_internal::input_value|2941:: Looking for element: ZV3_OBS
2025-12-05 12:22:22,435-INFO-root-12396::webapp_internal::input_value|2951:: Element: ZV3_OBS Found!
2025-12-05 12:22:22,435-INFO-root-12396::webapp_internal::input_value|2953:: Filling element: ZV3_OBS
2025-12-05 12:22:22,465-DEBUG-root-12396::webapp_internal::get_web_value|3232:: Current value: 
2025-12-05 12:22:22,489-DEBUG-root-12396::base::double_click|259:: Click Type: ClickType.SELENIUM
2025-12-05 12:22:22,752-DEBUG-root-12396::webapp_internal::wait_blocker|2444:: Waiting blocker to continue...
2025-12-05 12:22:22,902-DEBUG-root-12396::webapp_internal::wait_blocker|2469:: Blocker status: False
2025-12-05 12:22:23,280-DEBUG-root-12396::webapp_internal::get_web_value|3232:: Current value: TESTE DE SOLICITAÇÃO DE VIAGEM
2025-12-05 12:22:23,281-INFO-root-12396::webapp_internal::input_value|3059:: Current field value: TESTE DE SOLICITAÇÃO DE VIAGEM
2025-12-05 12:22:23,289-DEBUG-root-12396::webapp_internal::wait_blocker|2444:: Waiting blocker to continue...
2025-12-05 12:22:23,431-DEBUG-root-12396::webapp_internal::wait_blocker|2469:: Blocker status: False
2025-12-05 12:22:23,433-INFO-root-12396::webapp_internal::SetKey|5822:: Key pressed: TAB
2025-12-05 12:22:23,433-DEBUG-root-12396::webapp_internal::SetKey|5857:: Trying press key
2025-12-05 12:22:23,573-DEBUG-root-12396::webapp_internal::wait_blocker|2444:: Waiting blocker to continue...
2025-12-05 12:22:23,714-DEBUG-root-12396::webapp_internal::wait_blocker|2469:: Blocker status: False
2025-12-05 12:22:23,764-DEBUG-root-12396::webapp_internal::wait_blocker|2444:: Waiting blocker to continue...
2025-12-05 12:22:23,902-DEBUG-root-12396::webapp_internal::wait_blocker|2469:: Blocker status: False
2025-12-05 12:22:23,902-DEBUG-root-12396::webapp_internal::send_action|10480:: Trying to send action
2025-12-05 12:22:24,947-DEBUG-root-12396::webapp_internal::send_action|10522:: send_action method result = True
2025-12-05 12:22:24,947-DEBUG-root-12396::webapp_internal::send_action|10523:: send_action selenium status: False
2025-12-05 12:22:24,947-DEBUG-root-12396::webapp_internal::wait_element|7623:: Waiting for element
2025-12-05 12:22:25,068-DEBUG-root-12396::webapp_internal::wait_element|7653:: Element found! Waiting for element to be displayed.
2025-12-05 12:22:25,338-DEBUG-root-12396::webapp_internal::wait_blocker|2444:: Waiting blocker to continue...
2025-12-05 12:22:25,473-DEBUG-root-12396::webapp_internal::wait_blocker|2469:: Blocker status: False
2025-12-05 12:22:25,474-INFO-root-12396::webapp_internal::LoadGrid|6298:: Filling grid field: Favorecido
2025-12-05 12:22:25,474-DEBUG-root-12396::webapp_internal::fill_grid|6399:: Grid loading...
2025-12-05 12:22:25,659-DEBUG-root-12396::webapp_internal::fill_grid|6466:: Column found!
2025-12-05 12:22:25,701-DEBUG-root-12396::base::click|192:: Click Type: ClickType.ACTIONCHAINS
2025-12-05 12:22:26,005-DEBUG-root-12396::webapp_internal::fill_grid|6486:: Trying to select cell in grid!
2025-12-05 12:22:26,007-DEBUG-root-12396::base::click|192:: Click Type: ClickType.ACTIONCHAINS
2025-12-05 12:22:26,308-DEBUG-root-12396::webapp_internal::fill_grid|6486:: Trying to select cell in grid!
2025-12-05 12:22:26,315-DEBUG-root-12396::base::click|192:: Click Type: ClickType.ACTIONCHAINS
2025-12-05 12:22:26,601-DEBUG-root-12396::webapp_internal::fill_grid|6486:: Trying to select cell in grid!
2025-12-05 12:22:26,603-DEBUG-root-12396::base::click|192:: Click Type: ClickType.ACTIONCHAINS
2025-12-05 12:22:26,898-DEBUG-root-12396::webapp_internal::fill_grid|6486:: Trying to select cell in grid!
2025-12-05 12:22:26,901-DEBUG-root-12396::base::click|192:: Click Type: ClickType.ACTIONCHAINS
2025-12-05 12:22:27,191-DEBUG-root-12396::webapp_internal::fill_grid|6486:: Trying to select cell in grid!
2025-12-05 12:22:27,193-DEBUG-root-12396::base::click|192:: Click Type: ClickType.ACTIONCHAINS
2025-12-05 12:22:27,490-DEBUG-root-12396::webapp_internal::fill_grid|6486:: Trying to select cell in grid!
2025-12-05 12:22:27,493-DEBUG-root-12396::base::click|192:: Click Type: ClickType.ACTIONCHAINS
2025-12-05 12:22:27,783-DEBUG-root-12396::webapp_internal::fill_grid|6486:: Trying to select cell in grid!
2025-12-05 12:22:27,786-DEBUG-root-12396::base::click|192:: Click Type: ClickType.ACTIONCHAINS
2025-12-05 12:22:28,075-DEBUG-root-12396::webapp_internal::fill_grid|6486:: Trying to select cell in grid!
2025-12-05 12:22:28,081-DEBUG-root-12396::base::click|192:: Click Type: ClickType.ACTIONCHAINS
2025-12-05 12:22:28,376-DEBUG-root-12396::webapp_internal::fill_grid|6486:: Trying to select cell in grid!
2025-12-05 12:22:28,381-DEBUG-root-12396::base::click|192:: Click Type: ClickType.ACTIONCHAINS
2025-12-05 12:22:28,673-DEBUG-root-12396::webapp_internal::fill_grid|6486:: Trying to select cell in grid!
2025-12-05 12:22:28,675-DEBUG-root-12396::base::click|192:: Click Type: ClickType.ACTIONCHAINS
2025-12-05 12:22:28,965-DEBUG-root-12396::webapp_internal::fill_grid|6486:: Trying to select cell in grid!
2025-12-05 12:22:28,967-DEBUG-root-12396::base::click|192:: Click Type: ClickType.ACTIONCHAINS
2025-12-05 12:22:29,259-DEBUG-root-12396::webapp_internal::fill_grid|6486:: Trying to select cell in grid!
2025-12-05 12:22:29,264-DEBUG-root-12396::base::click|192:: Click Type: ClickType.ACTIONCHAINS
2025-12-05 12:22:29,557-DEBUG-root-12396::webapp_internal::fill_grid|6486:: Trying to select cell in grid!
2025-12-05 12:22:29,559-DEBUG-root-12396::base::click|192:: Click Type: ClickType.ACTIONCHAINS
2025-12-05 12:22:29,865-DEBUG-root-12396::webapp_internal::fill_grid|6486:: Trying to select cell in grid!
2025-12-05 12:22:29,869-DEBUG-root-12396::base::click|192:: Click Type: ClickType.ACTIONCHAINS
2025-12-05 12:22:30,133-DEBUG-root-12396::webapp_internal::fill_grid|6486:: Trying to select cell in grid!
2025-12-05 12:22:30,136-DEBUG-root-12396::base::click|192:: Click Type: ClickType.ACTIONCHAINS
2025-12-05 12:22:30,400-DEBUG-root-12396::webapp_internal::fill_grid|6486:: Trying to select cell in grid!
2025-12-05 12:22:30,403-DEBUG-root-12396::base::click|192:: Click Type: ClickType.ACTIONCHAINS
2025-12-05 12:22:30,697-DEBUG-root-12396::webapp_internal::fill_grid|6486:: Trying to select cell in grid!
2025-12-05 12:22:30,700-DEBUG-root-12396::base::click|192:: Click Type: ClickType.ACTIONCHAINS
2025-12-05 12:22:30,987-DEBUG-root-12396::webapp_internal::fill_grid|6486:: Trying to select cell in grid!
2025-12-05 12:22:30,989-DEBUG-root-12396::base::click|192:: Click Type: ClickType.ACTIONCHAINS
2025-12-05 12:22:31,283-DEBUG-root-12396::webapp_internal::fill_grid|6486:: Trying to select cell in grid!
2025-12-05 12:22:31,286-DEBUG-root-12396::base::click|192:: Click Type: ClickType.ACTIONCHAINS
2025-12-05 12:22:31,581-DEBUG-root-12396::webapp_internal::fill_grid|6486:: Trying to select cell in grid!
2025-12-05 12:22:31,584-DEBUG-root-12396::base::click|192:: Click Type: ClickType.ACTIONCHAINS
2025-12-05 12:22:31,850-DEBUG-root-12396::webapp_internal::fill_grid|6486:: Trying to select cell in grid!
2025-12-05 12:22:31,851-DEBUG-root-12396::base::click|192:: Click Type: ClickType.ACTIONCHAINS
2025-12-05 12:22:32,140-DEBUG-root-12396::webapp_internal::fill_grid|6486:: Trying to select cell in grid!
2025-12-05 12:22:32,142-DEBUG-root-12396::base::click|192:: Click Type: ClickType.ACTIONCHAINS
2025-12-05 12:22:32,438-DEBUG-root-12396::webapp_internal::fill_grid|6486:: Trying to select cell in grid!
2025-12-05 12:22:32,440-DEBUG-root-12396::base::click|192:: Click Type: ClickType.ACTIONCHAINS
2025-12-05 12:22:32,734-DEBUG-root-12396::webapp_internal::fill_grid|6486:: Trying to select cell in grid!
2025-12-05 12:22:32,736-DEBUG-root-12396::base::click|192:: Click Type: ClickType.ACTIONCHAINS
2025-12-05 12:22:33,004-DEBUG-root-12396::webapp_internal::fill_grid|6486:: Trying to select cell in grid!
2025-12-05 12:22:33,006-DEBUG-root-12396::base::click|192:: Click Type: ClickType.ACTIONCHAINS
2025-12-05 12:22:33,300-DEBUG-root-12396::webapp_internal::fill_grid|6486:: Trying to select cell in grid!
2025-12-05 12:22:33,303-DEBUG-root-12396::base::click|192:: Click Type: ClickType.ACTIONCHAINS
2025-12-05 12:22:33,591-DEBUG-root-12396::webapp_internal::fill_grid|6486:: Trying to select cell in grid!
2025-12-05 12:22:33,593-DEBUG-root-12396::base::click|192:: Click Type: ClickType.ACTIONCHAINS
2025-12-05 12:22:33,888-DEBUG-root-12396::webapp_internal::fill_grid|6486:: Trying to select cell in grid!
2025-12-05 12:22:33,890-DEBUG-root-12396::base::click|192:: Click Type: ClickType.ACTIONCHAINS
2025-12-05 12:22:34,189-DEBUG-root-12396::webapp_internal::fill_grid|6486:: Trying to select cell in grid!
2025-12-05 12:22:34,191-DEBUG-root-12396::base::click|192:: Click Type: ClickType.ACTIONCHAINS
2025-12-05 12:22:34,484-DEBUG-root-12396::webapp_internal::fill_grid|6486:: Trying to select cell in grid!
2025-12-05 12:22:34,486-DEBUG-root-12396::base::click|192:: Click Type: ClickType.ACTIONCHAINS
2025-12-05 12:22:34,750-DEBUG-root-12396::webapp_internal::fill_grid|6486:: Trying to select cell in grid!
2025-12-05 12:22:34,753-DEBUG-root-12396::base::click|192:: Click Type: ClickType.ACTIONCHAINS
2025-12-05 12:22:35,047-DEBUG-root-12396::webapp_internal::fill_grid|6486:: Trying to select cell in grid!
2025-12-05 12:22:35,050-DEBUG-root-12396::base::click|192:: Click Type: ClickType.ACTIONCHAINS
2025-12-05 12:22:35,342-DEBUG-root-12396::webapp_internal::fill_grid|6486:: Trying to select cell in grid!
2025-12-05 12:22:35,347-DEBUG-root-12396::base::click|192:: Click Type: ClickType.ACTIONCHAINS
2025-12-05 12:22:35,639-DEBUG-root-12396::webapp_internal::fill_grid|6486:: Trying to select cell in grid!
2025-12-05 12:22:35,641-DEBUG-root-12396::base::click|192:: Click Type: ClickType.ACTIONCHAINS
2025-12-05 12:22:35,906-DEBUG-root-12396::webapp_internal::fill_grid|6486:: Trying to select cell in grid!
2025-12-05 12:22:35,908-DEBUG-root-12396::base::click|192:: Click Type: ClickType.ACTIONCHAINS
2025-12-05 12:22:36,203-DEBUG-root-12396::webapp_internal::fill_grid|6486:: Trying to select cell in grid!
2025-12-05 12:22:36,206-DEBUG-root-12396::base::click|192:: Click Type: ClickType.ACTIONCHAINS
2025-12-05 12:22:36,474-DEBUG-root-12396::webapp_internal::fill_grid|6486:: Trying to select cell in grid!
2025-12-05 12:22:36,476-DEBUG-root-12396::base::click|192:: Click Type: ClickType.ACTIONCHAINS
2025-12-05 12:22:36,741-DEBUG-root-12396::webapp_internal::fill_grid|6486:: Trying to select cell in grid!
2025-12-05 12:22:36,747-DEBUG-root-12396::base::click|192:: Click Type: ClickType.ACTIONCHAINS
2025-12-05 12:22:37,037-DEBUG-root-12396::webapp_internal::fill_grid|6486:: Trying to select cell in grid!
2025-12-05 12:22:37,040-DEBUG-root-12396::base::click|192:: Click Type: ClickType.ACTIONCHAINS
2025-12-05 12:22:37,334-DEBUG-root-12396::webapp_internal::fill_grid|6486:: Trying to select cell in grid!
2025-12-05 12:22:37,336-DEBUG-root-12396::base::click|192:: Click Type: ClickType.ACTIONCHAINS
2025-12-05 12:22:37,631-DEBUG-root-12396::webapp_internal::fill_grid|6486:: Trying to select cell in grid!
2025-12-05 12:22:37,634-DEBUG-root-12396::base::click|192:: Click Type: ClickType.ACTIONCHAINS
2025-12-05 12:22:37,897-DEBUG-root-12396::webapp_internal::fill_grid|6486:: Trying to select cell in grid!
2025-12-05 12:22:37,900-DEBUG-root-12396::base::click|192:: Click Type: ClickType.ACTIONCHAINS
2025-12-05 12:22:38,168-DEBUG-root-12396::webapp_internal::fill_grid|6486:: Trying to select cell in grid!
2025-12-05 12:22:38,170-DEBUG-root-12396::base::click|192:: Click Type: ClickType.ACTIONCHAINS
2025-12-05 12:22:38,460-DEBUG-root-12396::webapp_internal::fill_grid|6486:: Trying to select cell in grid!
2025-12-05 12:22:38,465-DEBUG-root-12396::base::click|192:: Click Type: ClickType.ACTIONCHAINS
2025-12-05 12:22:38,755-DEBUG-root-12396::webapp_internal::fill_grid|6486:: Trying to select cell in grid!
2025-12-05 12:22:38,757-DEBUG-root-12396::base::click|192:: Click Type: ClickType.ACTIONCHAINS
2025-12-05 12:22:39,050-DEBUG-root-12396::webapp_internal::fill_grid|6486:: Trying to select cell in grid!
2025-12-05 12:22:39,053-DEBUG-root-12396::base::click|192:: Click Type: ClickType.ACTIONCHAINS
2025-12-05 12:22:39,342-DEBUG-root-12396::webapp_internal::fill_grid|6486:: Trying to select cell in grid!
2025-12-05 12:22:39,346-DEBUG-root-12396::base::click|192:: Click Type: ClickType.ACTIONCHAINS
2025-12-05 12:22:39,614-DEBUG-root-12396::webapp_internal::fill_grid|6486:: Trying to select cell in grid!
2025-12-05 12:22:39,617-DEBUG-root-12396::base::click|192:: Click Type: ClickType.ACTIONCHAINS
2025-12-05 12:22:39,905-DEBUG-root-12396::webapp_internal::fill_grid|6486:: Trying to select cell in grid!
2025-12-05 12:22:39,907-DEBUG-root-12396::base::click|192:: Click Type: ClickType.ACTIONCHAINS
2025-12-05 12:22:40,172-DEBUG-root-12396::webapp_internal::fill_grid|6486:: Trying to select cell in grid!
2025-12-05 12:22:40,174-DEBUG-root-12396::base::click|192:: Click Type: ClickType.ACTIONCHAINS
2025-12-05 12:22:40,470-DEBUG-root-12396::webapp_internal::fill_grid|6486:: Trying to select cell in grid!
2025-12-05 12:22:40,472-DEBUG-root-12396::base::click|192:: Click Type: ClickType.ACTIONCHAINS
2025-12-05 12:22:40,767-DEBUG-root-12396::webapp_internal::fill_grid|6486:: Trying to select cell in grid!
2025-12-05 12:22:40,769-DEBUG-root-12396::base::click|192:: Click Type: ClickType.ACTIONCHAINS
2025-12-05 12:22:41,060-DEBUG-root-12396::webapp_internal::fill_grid|6486:: Trying to select cell in grid!
2025-12-05 12:22:41,064-DEBUG-root-12396::base::click|192:: Click Type: ClickType.ACTIONCHAINS
2025-12-05 12:22:41,353-DEBUG-root-12396::webapp_internal::fill_grid|6486:: Trying to select cell in grid!
2025-12-05 12:22:41,355-DEBUG-root-12396::base::click|192:: Click Type: ClickType.ACTIONCHAINS
2025-12-05 12:22:41,647-DEBUG-root-12396::webapp_internal::fill_grid|6486:: Trying to select cell in grid!
2025-12-05 12:22:41,650-DEBUG-root-12396::base::click|192:: Click Type: ClickType.ACTIONCHAINS
2025-12-05 12:22:41,939-DEBUG-root-12396::webapp_internal::fill_grid|6486:: Trying to select cell in grid!
2025-12-05 12:22:41,941-DEBUG-root-12396::base::click|192:: Click Type: ClickType.ACTIONCHAINS
2025-12-05 12:22:42,237-DEBUG-root-12396::webapp_internal::fill_grid|6486:: Trying to select cell in grid!
2025-12-05 12:22:42,238-DEBUG-root-12396::base::click|192:: Click Type: ClickType.ACTIONCHAINS
2025-12-05 12:22:42,534-DEBUG-root-12396::webapp_internal::fill_grid|6486:: Trying to select cell in grid!
2025-12-05 12:22:42,536-DEBUG-root-12396::base::click|192:: Click Type: ClickType.ACTIONCHAINS
2025-12-05 12:22:42,825-DEBUG-root-12396::webapp_internal::fill_grid|6486:: Trying to select cell in grid!
2025-12-05 12:22:42,830-DEBUG-root-12396::base::click|192:: Click Type: ClickType.ACTIONCHAINS
2025-12-05 12:22:43,120-DEBUG-root-12396::webapp_internal::fill_grid|6486:: Trying to select cell in grid!
2025-12-05 12:22:43,122-DEBUG-root-12396::base::click|192:: Click Type: ClickType.ACTIONCHAINS
2025-12-05 12:22:43,410-DEBUG-root-12396::webapp_internal::fill_grid|6486:: Trying to select cell in grid!
2025-12-05 12:22:43,414-DEBUG-root-12396::base::click|192:: Click Type: ClickType.ACTIONCHAINS
2025-12-05 12:22:43,674-DEBUG-root-12396::webapp_internal::fill_grid|6486:: Trying to select cell in grid!
2025-12-05 12:22:43,676-DEBUG-root-12396::base::click|192:: Click Type: ClickType.ACTIONCHAINS
2025-12-05 12:22:43,941-DEBUG-root-12396::webapp_internal::fill_grid|6486:: Trying to select cell in grid!
2025-12-05 12:22:43,946-DEBUG-root-12396::base::click|192:: Click Type: ClickType.ACTIONCHAINS
2025-12-05 12:22:44,237-DEBUG-root-12396::webapp_internal::fill_grid|6486:: Trying to select cell in grid!
2025-12-05 12:22:44,239-DEBUG-root-12396::base::click|192:: Click Type: ClickType.ACTIONCHAINS
2025-12-05 12:22:44,533-DEBUG-root-12396::webapp_internal::fill_grid|6486:: Trying to select cell in grid!
2025-12-05 12:22:44,535-DEBUG-root-12396::base::click|192:: Click Type: ClickType.ACTIONCHAINS
2025-12-05 12:22:44,825-DEBUG-root-12396::webapp_internal::fill_grid|6486:: Trying to select cell in grid!
2025-12-05 12:22:44,830-DEBUG-root-12396::base::click|192:: Click Type: ClickType.ACTIONCHAINS
2025-12-05 12:22:45,120-DEBUG-root-12396::webapp_internal::fill_grid|6486:: Trying to select cell in grid!
2025-12-05 12:22:45,122-DEBUG-root-12396::base::click|192:: Click Type: ClickType.ACTIONCHAINS
2025-12-05 12:22:45,416-DEBUG-root-12396::webapp_internal::fill_grid|6486:: Trying to select cell in grid!
2025-12-05 12:22:45,418-DEBUG-root-12396::base::click|192:: Click Type: ClickType.ACTIONCHAINS
2025-12-05 12:22:45,708-DEBUG-root-12396::webapp_internal::fill_grid|6486:: Trying to select cell in grid!
2025-12-05 12:22:45,714-DEBUG-root-12396::base::click|192:: Click Type: ClickType.ACTIONCHAINS
2025-12-05 12:22:46,004-DEBUG-root-12396::webapp_internal::fill_grid|6486:: Trying to select cell in grid!
2025-12-05 12:22:46,006-DEBUG-root-12396::base::click|192:: Click Type: ClickType.ACTIONCHAINS
2025-12-05 12:22:46,300-DEBUG-root-12396::webapp_internal::fill_grid|6486:: Trying to select cell in grid!
2025-12-05 12:22:46,303-DEBUG-root-12396::base::click|192:: Click Type: ClickType.ACTIONCHAINS
2025-12-05 12:22:46,592-DEBUG-root-12396::webapp_internal::fill_grid|6486:: Trying to select cell in grid!
2025-12-05 12:22:46,598-DEBUG-root-12396::base::click|192:: Click Type: ClickType.ACTIONCHAINS
2025-12-05 12:22:46,886-DEBUG-root-12396::webapp_internal::fill_grid|6486:: Trying to select cell in grid!
2025-12-05 12:22:46,888-DEBUG-root-12396::base::click|192:: Click Type: ClickType.ACTIONCHAINS
2025-12-05 12:22:47,153-DEBUG-root-12396::webapp_internal::fill_grid|6486:: Trying to select cell in grid!
2025-12-05 12:22:47,154-DEBUG-root-12396::base::click|192:: Click Type: ClickType.ACTIONCHAINS
2025-12-05 12:22:47,421-DEBUG-root-12396::webapp_internal::fill_grid|6486:: Trying to select cell in grid!
2025-12-05 12:22:47,423-DEBUG-root-12396::base::click|192:: Click Type: ClickType.ACTIONCHAINS
2025-12-05 12:22:47,715-DEBUG-root-12396::webapp_internal::fill_grid|6486:: Trying to select cell in grid!
2025-12-05 12:22:47,718-DEBUG-root-12396::base::click|192:: Click Type: ClickType.ACTIONCHAINS
2025-12-05 12:22:48,008-DEBUG-root-12396::webapp_internal::fill_grid|6486:: Trying to select cell in grid!
2025-12-05 12:22:48,014-DEBUG-root-12396::base::click|192:: Click Type: ClickType.ACTIONCHAINS
2025-12-05 12:22:48,304-DEBUG-root-12396::webapp_internal::fill_grid|6486:: Trying to select cell in grid!
2025-12-05 12:22:48,306-DEBUG-root-12396::base::click|192:: Click Type: ClickType.ACTIONCHAINS
2025-12-05 12:22:48,599-DEBUG-root-12396::webapp_internal::fill_grid|6486:: Trying to select cell in grid!
2025-12-05 12:22:48,601-DEBUG-root-12396::base::click|192:: Click Type: ClickType.ACTIONCHAINS
2025-12-05 12:22:48,865-DEBUG-root-12396::webapp_internal::fill_grid|6486:: Trying to select cell in grid!
2025-12-05 12:22:48,867-DEBUG-root-12396::base::click|192:: Click Type: ClickType.ACTIONCHAINS
2025-12-05 12:22:49,157-DEBUG-root-12396::webapp_internal::fill_grid|6486:: Trying to select cell in grid!
2025-12-05 12:22:49,159-DEBUG-root-12396::base::click|192:: Click Type: ClickType.ACTIONCHAINS
2025-12-05 12:22:49,454-DEBUG-root-12396::webapp_internal::fill_grid|6486:: Trying to select cell in grid!
2025-12-05 12:22:49,456-DEBUG-root-12396::base::click|192:: Click Type: ClickType.ACTIONCHAINS
2025-12-05 12:22:49,750-DEBUG-root-12396::webapp_internal::fill_grid|6486:: Trying to select cell in grid!
2025-12-05 12:22:49,753-DEBUG-root-12396::base::click|192:: Click Type: ClickType.ACTIONCHAINS
2025-12-05 12:22:50,047-DEBUG-root-12396::webapp_internal::fill_grid|6486:: Trying to select cell in grid!
2025-12-05 12:22:50,049-DEBUG-root-12396::base::click|192:: Click Type: ClickType.ACTIONCHAINS
2025-12-05 12:22:50,338-DEBUG-root-12396::webapp_internal::fill_grid|6486:: Trying to select cell in grid!
2025-12-05 12:22:50,340-DEBUG-root-12396::base::click|192:: Click Type: ClickType.ACTIONCHAINS
2025-12-05 12:22:50,636-DEBUG-root-12396::webapp_internal::fill_grid|6486:: Trying to select cell in grid!
2025-12-05 12:22:50,638-DEBUG-root-12396::base::click|192:: Click Type: ClickType.ACTIONCHAINS
2025-12-05 12:22:50,931-DEBUG-root-12396::webapp_internal::fill_grid|6486:: Trying to select cell in grid!
2025-12-05 12:22:50,933-DEBUG-root-12396::base::click|192:: Click Type: ClickType.ACTIONCHAINS
2025-12-05 12:22:51,220-DEBUG-root-12396::webapp_internal::fill_grid|6486:: Trying to select cell in grid!
2025-12-05 12:22:51,223-DEBUG-root-12396::base::click|192:: Click Type: ClickType.ACTIONCHAINS
2025-12-05 12:22:51,517-DEBUG-root-12396::webapp_internal::fill_grid|6486:: Trying to select cell in grid!
2025-12-05 12:22:51,519-DEBUG-root-12396::base::click|192:: Click Type: ClickType.ACTIONCHAINS
2025-12-05 12:22:51,807-DEBUG-root-12396::webapp_internal::fill_grid|6486:: Trying to select cell in grid!
2025-12-05 12:22:51,809-DEBUG-root-12396::base::click|192:: Click Type: ClickType.ACTIONCHAINS
2025-12-05 12:22:52,104-DEBUG-root-12396::webapp_internal::fill_grid|6486:: Trying to select cell in grid!
2025-12-05 12:22:52,105-DEBUG-root-12396::base::click|192:: Click Type: ClickType.ACTIONCHAINS
2025-12-05 12:22:52,369-DEBUG-root-12396::webapp_internal::fill_grid|6486:: Trying to select cell in grid!
2025-12-05 12:22:52,371-DEBUG-root-12396::base::click|192:: Click Type: ClickType.ACTIONCHAINS
2025-12-05 12:22:52,659-DEBUG-root-12396::webapp_internal::fill_grid|6486:: Trying to select cell in grid!
2025-12-05 12:22:52,663-DEBUG-root-12396::base::click|192:: Click Type: ClickType.ACTIONCHAINS
2025-12-05 12:22:52,956-DEBUG-root-12396::webapp_internal::fill_grid|6486:: Trying to select cell in grid!
2025-12-05 12:22:52,958-DEBUG-root-12396::base::click|192:: Click Type: ClickType.ACTIONCHAINS
2025-12-05 12:22:53,250-DEBUG-root-12396::webapp_internal::fill_grid|6486:: Trying to select cell in grid!
2025-12-05 12:22:53,251-DEBUG-root-12396::base::click|192:: Click Type: ClickType.ACTIONCHAINS
2025-12-05 12:22:53,543-DEBUG-root-12396::webapp_internal::fill_grid|6486:: Trying to select cell in grid!
2025-12-05 12:22:53,546-DEBUG-root-12396::base::click|192:: Click Type: ClickType.ACTIONCHAINS
2025-12-05 12:22:53,837-DEBUG-root-12396::webapp_internal::fill_grid|6486:: Trying to select cell in grid!
2025-12-05 12:22:53,839-DEBUG-root-12396::base::click|192:: Click Type: ClickType.ACTIONCHAINS
2025-12-05 12:22:54,130-DEBUG-root-12396::webapp_internal::fill_grid|6486:: Trying to select cell in grid!
2025-12-05 12:22:54,132-DEBUG-root-12396::base::click|192:: Click Type: ClickType.ACTIONCHAINS
2025-12-05 12:22:54,421-DEBUG-root-12396::webapp_internal::fill_grid|6486:: Trying to select cell in grid!
2025-12-05 12:22:54,423-DEBUG-root-12396::base::click|192:: Click Type: ClickType.ACTIONCHAINS
2025-12-05 12:22:54,690-DEBUG-root-12396::webapp_internal::fill_grid|6486:: Trying to select cell in grid!
2025-12-05 12:22:54,692-DEBUG-root-12396::base::click|192:: Click Type: ClickType.ACTIONCHAINS
2025-12-05 12:22:54,989-DEBUG-root-12396::webapp_internal::fill_grid|6486:: Trying to select cell in grid!
2025-12-05 12:22:54,991-DEBUG-root-12396::base::click|192:: Click Type: ClickType.ACTIONCHAINS
2025-12-05 12:22:55,281-DEBUG-root-12396::webapp_internal::fill_grid|6486:: Trying to select cell in grid!
2025-12-05 12:22:55,284-DEBUG-root-12396::base::click|192:: Click Type: ClickType.ACTIONCHAINS
2025-12-05 12:22:55,573-DEBUG-root-12396::webapp_internal::fill_grid|6486:: Trying to select cell in grid!
2025-12-05 12:22:55,575-DEBUG-root-12396::base::click|192:: Click Type: ClickType.ACTIONCHAINS
2025-12-05 12:22:55,869-DEBUG-root-12396::webapp_internal::fill_grid|6486:: Trying to select cell in grid!
2025-12-05 12:22:55,871-DEBUG-root-12396::base::click|192:: Click Type: ClickType.ACTIONCHAINS
2025-12-05 12:22:56,137-DEBUG-root-12396::webapp_internal::fill_grid|6486:: Trying to select cell in grid!
2025-12-05 12:22:56,139-DEBUG-root-12396::base::click|192:: Click Type: ClickType.ACTIONCHAINS
2025-12-05 12:22:56,426-DEBUG-root-12396::webapp_internal::fill_grid|6486:: Trying to select cell in grid!
2025-12-05 12:22:56,430-DEBUG-root-12396::base::click|192:: Click Type: ClickType.ACTIONCHAINS
2025-12-05 12:22:56,721-DEBUG-root-12396::webapp_internal::fill_grid|6486:: Trying to select cell in grid!
2025-12-05 12:22:56,724-DEBUG-root-12396::base::click|192:: Click Type: ClickType.ACTIONCHAINS
2025-12-05 12:22:57,019-DEBUG-root-12396::webapp_internal::fill_grid|6486:: Trying to select cell in grid!
2025-12-05 12:22:57,021-DEBUG-root-12396::base::click|192:: Click Type: ClickType.ACTIONCHAINS
2025-12-05 12:22:57,308-DEBUG-root-12396::webapp_internal::fill_grid|6486:: Trying to select cell in grid!
2025-12-05 12:22:57,314-DEBUG-root-12396::base::click|192:: Click Type: ClickType.ACTIONCHAINS
2025-12-05 12:22:57,604-DEBUG-root-12396::webapp_internal::fill_grid|6486:: Trying to select cell in grid!
2025-12-05 12:22:57,605-DEBUG-root-12396::base::click|192:: Click Type: ClickType.ACTIONCHAINS
2025-12-05 12:22:57,870-DEBUG-root-12396::webapp_internal::fill_grid|6486:: Trying to select cell in grid!
2025-12-05 12:22:57,871-DEBUG-root-12396::base::click|192:: Click Type: ClickType.ACTIONCHAINS
2025-12-05 12:22:58,166-DEBUG-root-12396::webapp_internal::fill_grid|6486:: Trying to select cell in grid!
2025-12-05 12:22:58,168-DEBUG-root-12396::base::click|192:: Click Type: ClickType.ACTIONCHAINS
2025-12-05 12:22:58,459-DEBUG-root-12396::webapp_internal::fill_grid|6486:: Trying to select cell in grid!
2025-12-05 12:22:58,464-DEBUG-root-12396::base::click|192:: Click Type: ClickType.ACTIONCHAINS
2025-12-05 12:22:58,754-DEBUG-root-12396::webapp_internal::fill_grid|6486:: Trying to select cell in grid!
2025-12-05 12:22:58,756-DEBUG-root-12396::base::click|192:: Click Type: ClickType.ACTIONCHAINS
2025-12-05 12:22:59,047-DEBUG-root-12396::webapp_internal::fill_grid|6486:: Trying to select cell in grid!
2025-12-05 12:22:59,049-DEBUG-root-12396::base::click|192:: Click Type: ClickType.ACTIONCHAINS
2025-12-05 12:22:59,348-DEBUG-root-12396::webapp_internal::fill_grid|6486:: Trying to select cell in grid!
2025-12-05 12:22:59,351-DEBUG-root-12396::base::click|192:: Click Type: ClickType.ACTIONCHAINS
2025-12-05 12:22:59,638-DEBUG-root-12396::webapp_internal::fill_grid|6486:: Trying to select cell in grid!
2025-12-05 12:22:59,641-DEBUG-root-12396::base::click|192:: Click Type: ClickType.ACTIONCHAINS
2025-12-05 12:22:59,940-DEBUG-root-12396::webapp_internal::fill_grid|6486:: Trying to select cell in grid!
2025-12-05 12:22:59,943-DEBUG-root-12396::base::click|192:: Click Type: ClickType.ACTIONCHAINS
2025-12-05 12:23:00,234-DEBUG-root-12396::webapp_internal::fill_grid|6486:: Trying to select cell in grid!
2025-12-05 12:23:00,236-DEBUG-root-12396::base::click|192:: Click Type: ClickType.ACTIONCHAINS
2025-12-05 12:23:00,526-DEBUG-root-12396::webapp_internal::fill_grid|6486:: Trying to select cell in grid!
2025-12-05 12:23:00,530-DEBUG-root-12396::base::click|192:: Click Type: ClickType.ACTIONCHAINS
2025-12-05 12:23:00,793-DEBUG-root-12396::webapp_internal::fill_grid|6486:: Trying to select cell in grid!
2025-12-05 12:23:00,797-DEBUG-root-12396::base::click|192:: Click Type: ClickType.ACTIONCHAINS
2025-12-05 12:23:01,088-DEBUG-root-12396::webapp_internal::fill_grid|6486:: Trying to select cell in grid!
2025-12-05 12:23:01,091-DEBUG-root-12396::base::click|192:: Click Type: ClickType.ACTIONCHAINS
2025-12-05 12:23:01,386-DEBUG-root-12396::webapp_internal::fill_grid|6486:: Trying to select cell in grid!
2025-12-05 12:23:01,388-DEBUG-root-12396::base::click|192:: Click Type: ClickType.ACTIONCHAINS
2025-12-05 12:23:01,680-DEBUG-root-12396::webapp_internal::fill_grid|6486:: Trying to select cell in grid!
2025-12-05 12:23:01,683-DEBUG-root-12396::base::click|192:: Click Type: ClickType.ACTIONCHAINS
2025-12-05 12:23:01,973-DEBUG-root-12396::webapp_internal::fill_grid|6486:: Trying to select cell in grid!
2025-12-05 12:23:01,976-DEBUG-root-12396::base::click|192:: Click Type: ClickType.ACTIONCHAINS
2025-12-05 12:23:02,271-DEBUG-root-12396::webapp_internal::fill_grid|6486:: Trying to select cell in grid!
2025-12-05 12:23:02,274-DEBUG-root-12396::base::click|192:: Click Type: ClickType.ACTIONCHAINS
2025-12-05 12:23:02,567-DEBUG-root-12396::webapp_internal::fill_grid|6486:: Trying to select cell in grid!
2025-12-05 12:23:02,569-DEBUG-root-12396::base::click|192:: Click Type: ClickType.ACTIONCHAINS
2025-12-05 12:23:02,834-DEBUG-root-12396::webapp_internal::fill_grid|6486:: Trying to select cell in grid!
2025-12-05 12:23:02,836-DEBUG-root-12396::base::click|192:: Click Type: ClickType.ACTIONCHAINS
2025-12-05 12:23:03,134-DEBUG-root-12396::webapp_internal::fill_grid|6486:: Trying to select cell in grid!
2025-12-05 12:23:03,137-DEBUG-root-12396::base::click|192:: Click Type: ClickType.ACTIONCHAINS
2025-12-05 12:23:03,430-DEBUG-root-12396::webapp_internal::fill_grid|6486:: Trying to select cell in grid!
2025-12-05 12:23:03,433-DEBUG-root-12396::base::click|192:: Click Type: ClickType.ACTIONCHAINS
2025-12-05 12:23:03,721-DEBUG-root-12396::webapp_internal::fill_grid|6486:: Trying to select cell in grid!
2025-12-05 12:23:03,723-DEBUG-root-12396::base::click|192:: Click Type: ClickType.ACTIONCHAINS
2025-12-05 12:23:04,021-DEBUG-root-12396::webapp_internal::fill_grid|6486:: Trying to select cell in grid!
2025-12-05 12:23:04,025-DEBUG-root-12396::base::click|192:: Click Type: ClickType.ACTIONCHAINS
2025-12-05 12:23:04,319-DEBUG-root-12396::webapp_internal::fill_grid|6486:: Trying to select cell in grid!
2025-12-05 12:23:04,321-DEBUG-root-12396::base::click|192:: Click Type: ClickType.ACTIONCHAINS
2025-12-05 12:23:04,618-DEBUG-root-12396::webapp_internal::fill_grid|6486:: Trying to select cell in grid!
2025-12-05 12:23:04,621-DEBUG-root-12396::base::click|192:: Click Type: ClickType.ACTIONCHAINS
2025-12-05 12:23:04,915-DEBUG-root-12396::webapp_internal::fill_grid|6486:: Trying to select cell in grid!
2025-12-05 12:23:04,918-DEBUG-root-12396::base::click|192:: Click Type: ClickType.ACTIONCHAINS
2025-12-05 12:23:05,207-DEBUG-root-12396::webapp_internal::fill_grid|6486:: Trying to select cell in grid!
2025-12-05 12:23:05,214-DEBUG-root-12396::base::click|192:: Click Type: ClickType.ACTIONCHAINS
2025-12-05 12:23:05,506-DEBUG-root-12396::webapp_internal::fill_grid|6486:: Trying to select cell in grid!
2025-12-05 12:23:05,508-DEBUG-root-12396::base::click|192:: Click Type: ClickType.ACTIONCHAINS
2025-12-05 12:23:05,801-DEBUG-root-12396::webapp_internal::fill_grid|6486:: Trying to select cell in grid!
2025-12-05 12:23:05,804-DEBUG-root-12396::base::click|192:: Click Type: ClickType.ACTIONCHAINS
2025-12-05 12:23:11,256-DEBUG-root-12396::webapp_internal::fill_grid|6498:: Trying open cell in grid!
2025-12-05 12:23:11,548-DEBUG-root-12396::webapp_internal::wait_blocker|2444:: Waiting blocker to continue...
2025-12-05 12:23:11,706-DEBUG-root-12396::webapp_internal::wait_blocker|2469:: Blocker status: False
2025-12-05 12:23:11,903-DEBUG-root-12396::webapp_internal::wait_element_timeout|7726:: Element found! Waiting for element to be displayed.
2025-12-05 12:23:12,304-DEBUG-root-12396::webapp_internal::fill_grid|6577:: Sending keys: 227884
2025-12-05 12:23:12,618-DEBUG-root-12396::webapp_internal::wait_blocker|2444:: Waiting blocker to continue...
2025-12-05 12:23:12,783-DEBUG-root-12396::webapp_internal::wait_blocker|2469:: Blocker status: False
2025-12-05 12:23:12,940-DEBUG-root-12396::webapp_internal::wait_element_timeout|7726:: Element found! Waiting for element to be displayed.
2025-12-05 12:23:13,268-INFO-root-12396::webapp_internal::ClickFolder|5081:: Clicking on folder: Transporte
2025-12-05 12:23:13,268-DEBUG-root-12396::webapp_internal::wait_blocker|2444:: Waiting blocker to continue...
2025-12-05 12:23:13,400-DEBUG-root-12396::webapp_internal::wait_blocker|2469:: Blocker status: False
2025-12-05 12:23:13,437-DEBUG-root-12396::webapp_internal::wait_element|7623:: Waiting for element
2025-12-05 12:23:13,710-DEBUG-root-12396::webapp_internal::wait_element|7653:: Element found! Waiting for element to be displayed.
2025-12-05 12:23:15,299-DEBUG-root-12396::webapp_internal::wait_blocker|2444:: Waiting blocker to continue...
2025-12-05 12:23:15,452-DEBUG-root-12396::webapp_internal::wait_blocker|2469:: Blocker status: False
2025-12-05 12:23:15,453-INFO-root-12396::webapp_internal::SetKey|5822:: Key pressed: TAB
2025-12-05 12:23:15,453-DEBUG-root-12396::webapp_internal::SetKey|5857:: Trying press key
2025-12-05 12:23:15,453-DEBUG-root-12396::webapp_internal::wait_element|7623:: Waiting for element
2025-12-05 12:23:15,603-DEBUG-root-12396::webapp_internal::wait_element|7653:: Element found! Waiting for element to be displayed.
2025-12-05 12:23:15,911-DEBUG-root-12396::webapp_internal::wait_blocker|2444:: Waiting blocker to continue...
2025-12-05 12:23:16,048-DEBUG-root-12396::webapp_internal::wait_blocker|2469:: Blocker status: False
2025-12-05 12:23:16,048-INFO-root-12396::webapp_internal::LoadGrid|6298:: Filling grid field: Tipo
2025-12-05 12:23:16,049-DEBUG-root-12396::webapp_internal::fill_grid|6399:: Grid loading...
2025-12-05 12:23:16,417-DEBUG-root-12396::webapp_internal::fill_grid|6466:: Column found!
2025-12-05 12:23:16,454-DEBUG-root-12396::base::click|192:: Click Type: ClickType.ACTIONCHAINS
2025-12-05 12:23:21,759-DEBUG-root-12396::webapp_internal::fill_grid|6498:: Trying open cell in grid!
2025-12-05 12:23:22,055-DEBUG-root-12396::webapp_internal::wait_blocker|2444:: Waiting blocker to continue...
2025-12-05 12:23:22,208-DEBUG-root-12396::webapp_internal::wait_blocker|2469:: Blocker status: False
2025-12-05 12:23:22,407-DEBUG-root-12396::webapp_internal::wait_element_timeout|7726:: Element found! Waiting for element to be displayed.
2025-12-05 12:23:23,809-INFO-root-12396::base::select_combo|871:: Selected value for combo is: 1 - Aereo
2025-12-05 12:23:24,006-DEBUG-root-12396::webapp_internal::wait_blocker|2444:: Waiting blocker to continue...
2025-12-05 12:23:24,140-DEBUG-root-12396::webapp_internal::wait_blocker|2469:: Blocker status: False
2025-12-05 12:23:24,171-DEBUG-root-12396::webapp_internal::wait_blocker|2444:: Waiting blocker to continue...
2025-12-05 12:23:24,319-DEBUG-root-12396::webapp_internal::wait_blocker|2469:: Blocker status: False
2025-12-05 12:23:24,319-DEBUG-root-12396::webapp_internal::send_action|10480:: Trying to send action
2025-12-05 12:23:25,360-DEBUG-root-12396::webapp_internal::send_action|10522:: send_action method result = True
2025-12-05 12:23:25,360-DEBUG-root-12396::webapp_internal::send_action|10523:: send_action selenium status: False
2025-12-05 12:23:25,361-DEBUG-root-12396::webapp_internal::wait_blocker|2444:: Waiting blocker to continue...
2025-12-05 12:23:25,541-DEBUG-root-12396::webapp_internal::wait_blocker|2469:: Blocker status: False
2025-12-05 12:23:25,541-INFO-root-12396::webapp_internal::SetKey|5822:: Key pressed: TAB
2025-12-05 12:23:25,542-DEBUG-root-12396::webapp_internal::SetKey|5857:: Trying press key
2025-12-05 12:23:25,542-DEBUG-root-12396::webapp_internal::wait_element|7623:: Waiting for element
2025-12-05 12:23:25,643-DEBUG-root-12396::webapp_internal::wait_element|7653:: Element found! Waiting for element to be displayed.
2025-12-05 12:23:25,900-DEBUG-root-12396::webapp_internal::wait_blocker|2444:: Waiting blocker to continue...
2025-12-05 12:23:26,025-DEBUG-root-12396::webapp_internal::wait_blocker|2469:: Blocker status: False
2025-12-05 12:23:26,025-INFO-root-12396::webapp_internal::LoadGrid|6298:: Filling grid field: Partida
2025-12-05 12:23:26,025-DEBUG-root-12396::webapp_internal::fill_grid|6399:: Grid loading...
2025-12-05 12:23:26,371-DEBUG-root-12396::webapp_internal::fill_grid|6466:: Column found!
2025-12-05 12:23:26,413-DEBUG-root-12396::base::click|192:: Click Type: ClickType.ACTIONCHAINS
2025-12-05 12:23:31,864-DEBUG-root-12396::webapp_internal::fill_grid|6498:: Trying open cell in grid!
2025-12-05 12:23:32,155-DEBUG-root-12396::webapp_internal::wait_blocker|2444:: Waiting blocker to continue...
2025-12-05 12:23:32,316-DEBUG-root-12396::webapp_internal::wait_blocker|2469:: Blocker status: False
2025-12-05 12:23:32,519-DEBUG-root-12396::webapp_internal::wait_element_timeout|7726:: Element found! Waiting for element to be displayed.
2025-12-05 12:23:32,889-DEBUG-root-12396::webapp_internal::fill_grid|6577:: Sending keys: 20/12/2025
2025-12-05 12:23:33,198-DEBUG-root-12396::webapp_internal::wait_blocker|2444:: Waiting blocker to continue...
2025-12-05 12:23:33,398-DEBUG-root-12396::webapp_internal::wait_blocker|2469:: Blocker status: False
2025-12-05 12:23:38,893-DEBUG-root-12396::webapp_internal::wait_blocker|2444:: Waiting blocker to continue...
2025-12-05 12:23:39,036-DEBUG-root-12396::webapp_internal::wait_blocker|2469:: Blocker status: False
2025-12-05 12:23:39,065-DEBUG-root-12396::webapp_internal::wait_blocker|2444:: Waiting blocker to continue...
2025-12-05 12:23:39,233-DEBUG-root-12396::webapp_internal::wait_blocker|2469:: Blocker status: False
2025-12-05 12:23:39,233-DEBUG-root-12396::webapp_internal::send_action|10480:: Trying to send action
2025-12-05 12:23:40,299-DEBUG-root-12396::webapp_internal::send_action|10522:: send_action method result = True
2025-12-05 12:23:40,300-DEBUG-root-12396::webapp_internal::send_action|10523:: send_action selenium status: False
2025-12-05 12:23:40,301-DEBUG-root-12396::webapp_internal::wait_blocker|2444:: Waiting blocker to continue...
2025-12-05 12:23:40,489-DEBUG-root-12396::webapp_internal::wait_blocker|2469:: Blocker status: False
2025-12-05 12:23:40,489-INFO-root-12396::webapp_internal::SetKey|5822:: Key pressed: TAB
2025-12-05 12:23:40,491-DEBUG-root-12396::webapp_internal::SetKey|5857:: Trying press key
2025-12-05 12:23:40,491-DEBUG-root-12396::webapp_internal::wait_element|7623:: Waiting for element
2025-12-05 12:23:40,706-DEBUG-root-12396::webapp_internal::wait_element|7653:: Element found! Waiting for element to be displayed.
2025-12-05 12:23:41,054-DEBUG-root-12396::webapp_internal::wait_blocker|2444:: Waiting blocker to continue...
2025-12-05 12:23:41,304-DEBUG-root-12396::webapp_internal::wait_blocker|2469:: Blocker status: False
2025-12-05 12:23:41,305-INFO-root-12396::webapp_internal::LoadGrid|6298:: Filling grid field: Hora Partida
2025-12-05 12:23:41,305-DEBUG-root-12396::webapp_internal::fill_grid|6399:: Grid loading...
2025-12-05 12:23:41,810-DEBUG-root-12396::webapp_internal::fill_grid|6466:: Column found!
2025-12-05 12:23:41,898-DEBUG-root-12396::base::click|192:: Click Type: ClickType.ACTIONCHAINS
2025-12-05 12:23:47,277-DEBUG-root-12396::webapp_internal::fill_grid|6498:: Trying open cell in grid!
2025-12-05 12:23:47,574-DEBUG-root-12396::webapp_internal::wait_blocker|2444:: Waiting blocker to continue...
2025-12-05 12:23:47,869-DEBUG-root-12396::webapp_internal::wait_blocker|2469:: Blocker status: False
2025-12-05 12:23:48,124-DEBUG-root-12396::webapp_internal::wait_element_timeout|7726:: Element found! Waiting for element to be displayed.
2025-12-05 12:23:48,895-DEBUG-root-12396::webapp_internal::fill_grid|6577:: Sending keys: 08:00
2025-12-05 12:23:49,216-DEBUG-root-12396::webapp_internal::wait_blocker|2444:: Waiting blocker to continue...
2025-12-05 12:23:49,511-DEBUG-root-12396::webapp_internal::wait_blocker|2469:: Blocker status: False
2025-12-05 12:23:54,907-DEBUG-root-12396::webapp_internal::wait_blocker|2444:: Waiting blocker to continue...
2025-12-05 12:23:55,084-DEBUG-root-12396::webapp_internal::wait_blocker|2469:: Blocker status: False
2025-12-05 12:23:55,110-DEBUG-root-12396::webapp_internal::wait_blocker|2444:: Waiting blocker to continue...
2025-12-05 12:23:55,319-DEBUG-root-12396::webapp_internal::wait_blocker|2469:: Blocker status: False
2025-12-05 12:23:55,319-DEBUG-root-12396::webapp_internal::send_action|10480:: Trying to send action
2025-12-05 12:23:56,392-DEBUG-root-12396::webapp_internal::send_action|10522:: send_action method result = True
2025-12-05 12:23:56,394-DEBUG-root-12396::webapp_internal::send_action|10523:: send_action selenium status: False
2025-12-05 12:23:56,395-DEBUG-root-12396::webapp_internal::wait_blocker|2444:: Waiting blocker to continue...
2025-12-05 12:23:56,620-DEBUG-root-12396::webapp_internal::wait_blocker|2469:: Blocker status: False
2025-12-05 12:23:56,621-INFO-root-12396::webapp_internal::SetKey|5822:: Key pressed: TAB
2025-12-05 12:23:56,622-DEBUG-root-12396::webapp_internal::SetKey|5857:: Trying press key
2025-12-05 12:23:56,622-DEBUG-root-12396::webapp_internal::wait_element|7623:: Waiting for element
2025-12-05 12:23:56,771-DEBUG-root-12396::webapp_internal::wait_element|7653:: Element found! Waiting for element to be displayed.
2025-12-05 12:23:57,035-DEBUG-root-12396::webapp_internal::wait_blocker|2444:: Waiting blocker to continue...
2025-12-05 12:23:57,256-DEBUG-root-12396::webapp_internal::wait_blocker|2469:: Blocker status: False
2025-12-05 12:23:57,256-INFO-root-12396::webapp_internal::LoadGrid|6298:: Filling grid field: Origem
2025-12-05 12:23:57,256-DEBUG-root-12396::webapp_internal::fill_grid|6399:: Grid loading...
2025-12-05 12:23:57,670-DEBUG-root-12396::webapp_internal::fill_grid|6466:: Column found!
2025-12-05 12:23:57,726-DEBUG-root-12396::base::click|192:: Click Type: ClickType.ACTIONCHAINS
2025-12-05 12:24:03,207-DEBUG-root-12396::webapp_internal::fill_grid|6498:: Trying open cell in grid!
2025-12-05 12:24:03,506-DEBUG-root-12396::webapp_internal::wait_blocker|2444:: Waiting blocker to continue...
2025-12-05 12:24:03,753-DEBUG-root-12396::webapp_internal::wait_blocker|2469:: Blocker status: False
2025-12-05 12:24:04,015-DEBUG-root-12396::webapp_internal::wait_element_timeout|7726:: Element found! Waiting for element to be displayed.
2025-12-05 12:24:04,605-DEBUG-root-12396::webapp_internal::fill_grid|6577:: Sending keys: DF00108
2025-12-05 12:24:04,906-DEBUG-root-12396::webapp_internal::wait_blocker|2444:: Waiting blocker to continue...
2025-12-05 12:24:05,056-DEBUG-root-12396::webapp_internal::wait_blocker|2469:: Blocker status: False
2025-12-05 12:24:05,224-DEBUG-root-12396::webapp_internal::wait_element_timeout|7726:: Element found! Waiting for element to be displayed.
2025-12-05 12:24:05,788-DEBUG-root-12396::webapp_internal::wait_blocker|2444:: Waiting blocker to continue...
2025-12-05 12:24:06,038-DEBUG-root-12396::webapp_internal::wait_blocker|2469:: Blocker status: False
2025-12-05 12:24:06,104-DEBUG-root-12396::webapp_internal::wait_blocker|2444:: Waiting blocker to continue...
2025-12-05 12:24:06,331-DEBUG-root-12396::webapp_internal::wait_blocker|2469:: Blocker status: False
2025-12-05 12:24:06,333-DEBUG-root-12396::webapp_internal::send_action|10480:: Trying to send action
2025-12-05 12:24:07,386-DEBUG-root-12396::webapp_internal::send_action|10522:: send_action method result = True
2025-12-05 12:24:07,387-DEBUG-root-12396::webapp_internal::send_action|10523:: send_action selenium status: False
2025-12-05 12:24:07,388-DEBUG-root-12396::webapp_internal::wait_blocker|2444:: Waiting blocker to continue...
2025-12-05 12:24:07,647-DEBUG-root-12396::webapp_internal::wait_blocker|2469:: Blocker status: False
2025-12-05 12:24:07,648-INFO-root-12396::webapp_internal::SetKey|5822:: Key pressed: TAB
2025-12-05 12:24:07,648-DEBUG-root-12396::webapp_internal::SetKey|5857:: Trying press key
2025-12-05 12:24:07,648-DEBUG-root-12396::webapp_internal::wait_element|7623:: Waiting for element
2025-12-05 12:24:07,798-DEBUG-root-12396::webapp_internal::wait_element|7653:: Element found! Waiting for element to be displayed.
2025-12-05 12:24:08,186-DEBUG-root-12396::webapp_internal::wait_blocker|2444:: Waiting blocker to continue...
2025-12-05 12:24:08,482-DEBUG-root-12396::webapp_internal::wait_blocker|2469:: Blocker status: False
2025-12-05 12:24:08,483-INFO-root-12396::webapp_internal::LoadGrid|6298:: Filling grid field: Destino
2025-12-05 12:24:08,483-DEBUG-root-12396::webapp_internal::fill_grid|6399:: Grid loading...
2025-12-05 12:24:09,015-DEBUG-root-12396::webapp_internal::fill_grid|6466:: Column found!
2025-12-05 12:24:09,098-DEBUG-root-12396::base::click|192:: Click Type: ClickType.ACTIONCHAINS
2025-12-05 12:24:14,607-DEBUG-root-12396::webapp_internal::fill_grid|6498:: Trying open cell in grid!
2025-12-05 12:24:14,905-DEBUG-root-12396::webapp_internal::wait_blocker|2444:: Waiting blocker to continue...
2025-12-05 12:24:15,141-DEBUG-root-12396::webapp_internal::wait_blocker|2469:: Blocker status: False
2025-12-05 12:24:15,349-DEBUG-root-12396::webapp_internal::wait_element_timeout|7726:: Element found! Waiting for element to be displayed.
2025-12-05 12:24:15,841-DEBUG-root-12396::webapp_internal::fill_grid|6577:: Sending keys: GO08707
2025-12-05 12:24:16,140-DEBUG-root-12396::webapp_internal::wait_blocker|2444:: Waiting blocker to continue...
2025-12-05 12:24:16,377-DEBUG-root-12396::webapp_internal::wait_blocker|2469:: Blocker status: False
2025-12-05 12:24:16,571-DEBUG-root-12396::webapp_internal::wait_element_timeout|7726:: Element found! Waiting for element to be displayed.
2025-12-05 12:24:17,070-DEBUG-root-12396::webapp_internal::wait_blocker|2444:: Waiting blocker to continue...
2025-12-05 12:24:17,298-DEBUG-root-12396::webapp_internal::wait_blocker|2469:: Blocker status: False
2025-12-05 12:24:17,363-DEBUG-root-12396::webapp_internal::wait_blocker|2444:: Waiting blocker to continue...
2025-12-05 12:24:17,624-DEBUG-root-12396::webapp_internal::wait_blocker|2469:: Blocker status: False
2025-12-05 12:24:17,624-DEBUG-root-12396::webapp_internal::send_action|10480:: Trying to send action
2025-12-05 12:24:18,679-DEBUG-root-12396::webapp_internal::send_action|10522:: send_action method result = True
2025-12-05 12:24:18,680-DEBUG-root-12396::webapp_internal::send_action|10523:: send_action selenium status: False
2025-12-05 12:24:18,681-DEBUG-root-12396::webapp_internal::wait_blocker|2444:: Waiting blocker to continue...
2025-12-05 12:24:18,839-DEBUG-root-12396::webapp_internal::wait_blocker|2469:: Blocker status: False
2025-12-05 12:24:18,839-INFO-root-12396::webapp_internal::SetKey|5822:: Key pressed: TAB
2025-12-05 12:24:18,840-DEBUG-root-12396::webapp_internal::SetKey|5857:: Trying press key
2025-12-05 12:24:18,840-DEBUG-root-12396::webapp_internal::wait_element|7623:: Waiting for element
2025-12-05 12:24:18,991-DEBUG-root-12396::webapp_internal::wait_element|7653:: Element found! Waiting for element to be displayed.
2025-12-05 12:24:19,318-DEBUG-root-12396::webapp_internal::wait_blocker|2444:: Waiting blocker to continue...
2025-12-05 12:24:19,503-DEBUG-root-12396::webapp_internal::wait_blocker|2469:: Blocker status: False
2025-12-05 12:24:19,503-INFO-root-12396::webapp_internal::LoadGrid|6298:: Filling grid field: Chegada
2025-12-05 12:24:19,504-DEBUG-root-12396::webapp_internal::fill_grid|6399:: Grid loading...
2025-12-05 12:24:19,893-DEBUG-root-12396::webapp_internal::fill_grid|6466:: Column found!
2025-12-05 12:24:19,934-DEBUG-root-12396::base::click|192:: Click Type: ClickType.ACTIONCHAINS
2025-12-05 12:24:25,411-DEBUG-root-12396::webapp_internal::fill_grid|6498:: Trying open cell in grid!
2025-12-05 12:24:25,704-DEBUG-root-12396::webapp_internal::wait_blocker|2444:: Waiting blocker to continue...
2025-12-05 12:24:25,893-DEBUG-root-12396::webapp_internal::wait_blocker|2469:: Blocker status: False
2025-12-05 12:24:26,096-DEBUG-root-12396::webapp_internal::wait_element_timeout|7726:: Element found! Waiting for element to be displayed.
2025-12-05 12:24:26,697-DEBUG-root-12396::webapp_internal::fill_grid|6577:: Sending keys: 20/12/2025
2025-12-05 12:24:26,999-DEBUG-root-12396::webapp_internal::wait_blocker|2444:: Waiting blocker to continue...
2025-12-05 12:24:27,309-DEBUG-root-12396::webapp_internal::wait_blocker|2469:: Blocker status: False
2025-12-05 12:24:32,867-DEBUG-root-12396::webapp_internal::wait_blocker|2444:: Waiting blocker to continue...
2025-12-05 12:24:33,124-DEBUG-root-12396::webapp_internal::wait_blocker|2469:: Blocker status: False
2025-12-05 12:24:33,176-DEBUG-root-12396::webapp_internal::wait_blocker|2444:: Waiting blocker to continue...
2025-12-05 12:24:33,483-DEBUG-root-12396::webapp_internal::wait_blocker|2469:: Blocker status: False
2025-12-05 12:24:33,483-DEBUG-root-12396::webapp_internal::send_action|10480:: Trying to send action
2025-12-05 12:24:34,586-DEBUG-root-12396::webapp_internal::send_action|10522:: send_action method result = True
2025-12-05 12:24:34,586-DEBUG-root-12396::webapp_internal::send_action|10523:: send_action selenium status: False
2025-12-05 12:24:34,587-DEBUG-root-12396::webapp_internal::wait_blocker|2444:: Waiting blocker to continue...
2025-12-05 12:24:34,911-DEBUG-root-12396::webapp_internal::wait_blocker|2469:: Blocker status: False
2025-12-05 12:24:34,912-INFO-root-12396::webapp_internal::SetKey|5822:: Key pressed: TAB
2025-12-05 12:24:34,912-DEBUG-root-12396::webapp_internal::SetKey|5857:: Trying press key
2025-12-05 12:24:34,912-DEBUG-root-12396::webapp_internal::wait_element|7623:: Waiting for element
2025-12-05 12:24:35,194-DEBUG-root-12396::webapp_internal::wait_element|7653:: Element found! Waiting for element to be displayed.
2025-12-05 12:24:35,823-DEBUG-root-12396::webapp_internal::wait_blocker|2444:: Waiting blocker to continue...
2025-12-05 12:24:36,185-DEBUG-root-12396::webapp_internal::wait_blocker|2469:: Blocker status: False
2025-12-05 12:24:36,185-INFO-root-12396::webapp_internal::LoadGrid|6298:: Filling grid field: Hora Chegada
2025-12-05 12:24:36,185-DEBUG-root-12396::webapp_internal::fill_grid|6399:: Grid loading...
2025-12-05 12:24:37,066-DEBUG-root-12396::webapp_internal::fill_grid|6466:: Column found!
2025-12-05 12:24:37,183-DEBUG-root-12396::base::click|192:: Click Type: ClickType.ACTIONCHAINS
2025-12-05 12:24:42,581-DEBUG-root-12396::webapp_internal::fill_grid|6498:: Trying open cell in grid!
2025-12-05 12:24:42,867-DEBUG-root-12396::webapp_internal::wait_blocker|2444:: Waiting blocker to continue...
2025-12-05 12:24:43,117-DEBUG-root-12396::webapp_internal::wait_blocker|2469:: Blocker status: False
2025-12-05 12:24:43,367-DEBUG-root-12396::webapp_internal::wait_element_timeout|7726:: Element found! Waiting for element to be displayed.
2025-12-05 12:24:44,015-DEBUG-root-12396::webapp_internal::fill_grid|6577:: Sending keys: 12:00
2025-12-05 12:24:44,332-DEBUG-root-12396::webapp_internal::wait_blocker|2444:: Waiting blocker to continue...
2025-12-05 12:24:44,608-DEBUG-root-12396::webapp_internal::wait_blocker|2469:: Blocker status: False
2025-12-05 12:24:50,071-DEBUG-root-12396::webapp_internal::wait_blocker|2444:: Waiting blocker to continue...
2025-12-05 12:24:50,265-DEBUG-root-12396::webapp_internal::wait_blocker|2469:: Blocker status: False
2025-12-05 12:24:50,306-DEBUG-root-12396::webapp_internal::wait_blocker|2444:: Waiting blocker to continue...
2025-12-05 12:24:50,509-DEBUG-root-12396::webapp_internal::wait_blocker|2469:: Blocker status: False
2025-12-05 12:24:50,509-DEBUG-root-12396::webapp_internal::send_action|10480:: Trying to send action
2025-12-05 12:24:51,554-DEBUG-root-12396::webapp_internal::send_action|10522:: send_action method result = True
2025-12-05 12:24:51,554-DEBUG-root-12396::webapp_internal::send_action|10523:: send_action selenium status: False
2025-12-05 12:24:51,554-DEBUG-root-12396::webapp_internal::wait_blocker|2444:: Waiting blocker to continue...
2025-12-05 12:24:51,718-DEBUG-root-12396::webapp_internal::wait_blocker|2469:: Blocker status: False
2025-12-05 12:24:51,718-INFO-root-12396::webapp_internal::SetKey|5822:: Key pressed: TAB
2025-12-05 12:24:51,718-DEBUG-root-12396::webapp_internal::SetKey|5857:: Trying press key
2025-12-05 12:24:51,719-DEBUG-root-12396::webapp_internal::wait_element|7623:: Waiting for element
2025-12-05 12:24:51,865-DEBUG-root-12396::webapp_internal::wait_element|7653:: Element found! Waiting for element to be displayed.
2025-12-05 12:24:52,166-DEBUG-root-12396::webapp_internal::wait_blocker|2444:: Waiting blocker to continue...
2025-12-05 12:24:52,331-DEBUG-root-12396::webapp_internal::wait_blocker|2469:: Blocker status: False
2025-12-05 12:24:52,331-INFO-root-12396::webapp_internal::LoadGrid|6298:: Filling grid field: Tipo
2025-12-05 12:24:52,331-DEBUG-root-12396::webapp_internal::fill_grid|6399:: Grid loading...
2025-12-05 12:24:52,564-DEBUG-root-12396::webapp_internal::fill_grid|6466:: Column found!
2025-12-05 12:24:52,616-DEBUG-root-12396::base::click|192:: Click Type: ClickType.ACTIONCHAINS
2025-12-05 12:24:58,049-DEBUG-root-12396::webapp_internal::fill_grid|6498:: Trying open cell in grid!
2025-12-05 12:24:58,335-DEBUG-root-12396::webapp_internal::wait_blocker|2444:: Waiting blocker to continue...
2025-12-05 12:24:58,519-DEBUG-root-12396::webapp_internal::wait_blocker|2469:: Blocker status: False
2025-12-05 12:24:58,735-DEBUG-root-12396::webapp_internal::wait_element_timeout|7726:: Element found! Waiting for element to be displayed.
2025-12-05 12:24:59,376-DEBUG-root-12396::webapp_internal::wait_blocker|2444:: Waiting blocker to continue...
2025-12-05 12:24:59,605-DEBUG-root-12396::webapp_internal::wait_blocker|2469:: Blocker status: False
2025-12-05 12:24:59,634-DEBUG-root-12396::webapp_internal::wait_blocker|2444:: Waiting blocker to continue...
2025-12-05 12:24:59,871-DEBUG-root-12396::webapp_internal::wait_blocker|2469:: Blocker status: False
2025-12-05 12:24:59,871-DEBUG-root-12396::webapp_internal::send_action|10480:: Trying to send action
2025-12-05 12:25:00,913-DEBUG-root-12396::webapp_internal::send_action|10522:: send_action method result = True
2025-12-05 12:25:00,914-DEBUG-root-12396::webapp_internal::send_action|10523:: send_action selenium status: False
2025-12-05 12:25:00,915-DEBUG-root-12396::webapp_internal::wait_blocker|2444:: Waiting blocker to continue...
2025-12-05 12:25:01,097-DEBUG-root-12396::webapp_internal::wait_blocker|2469:: Blocker status: False
2025-12-05 12:25:01,097-INFO-root-12396::webapp_internal::SetKey|5822:: Key pressed: TAB
2025-12-05 12:25:01,097-DEBUG-root-12396::webapp_internal::SetKey|5857:: Trying press key
2025-12-05 12:25:01,098-DEBUG-root-12396::webapp_internal::wait_element|7623:: Waiting for element
2025-12-05 12:25:01,254-DEBUG-root-12396::webapp_internal::wait_element|7653:: Element found! Waiting for element to be displayed.
2025-12-05 12:25:01,635-DEBUG-root-12396::webapp_internal::wait_blocker|2444:: Waiting blocker to continue...
2025-12-05 12:25:01,866-DEBUG-root-12396::webapp_internal::wait_blocker|2469:: Blocker status: False
2025-12-05 12:25:01,866-INFO-root-12396::webapp_internal::LoadGrid|6298:: Filling grid field: Partida
2025-12-05 12:25:01,867-DEBUG-root-12396::webapp_internal::fill_grid|6399:: Grid loading...
2025-12-05 12:25:02,101-DEBUG-root-12396::webapp_internal::fill_grid|6466:: Column found!
2025-12-05 12:25:02,165-DEBUG-root-12396::base::click|192:: Click Type: ClickType.ACTIONCHAINS
2025-12-05 12:25:07,519-DEBUG-root-12396::webapp_internal::fill_grid|6498:: Trying open cell in grid!
2025-12-05 12:25:07,786-DEBUG-root-12396::webapp_internal::wait_blocker|2444:: Waiting blocker to continue...
2025-12-05 12:25:07,957-DEBUG-root-12396::webapp_internal::wait_blocker|2469:: Blocker status: False
2025-12-05 12:25:08,166-DEBUG-root-12396::webapp_internal::wait_element_timeout|7726:: Element found! Waiting for element to be displayed.
2025-12-05 12:25:08,730-DEBUG-root-12396::webapp_internal::fill_grid|6577:: Sending keys: 27/12/2025
2025-12-05 12:25:09,048-DEBUG-root-12396::webapp_internal::wait_blocker|2444:: Waiting blocker to continue...
2025-12-05 12:25:09,275-DEBUG-root-12396::webapp_internal::wait_blocker|2469:: Blocker status: False
2025-12-05 12:25:09,448-DEBUG-root-12396::webapp_internal::wait_element_timeout|7726:: Element found! Waiting for element to be displayed.
2025-12-05 12:25:16,129-ERROR-root-12396::webapp_internal::fill_grid|6675:: fill grid error: Message: WebDriver session does not exist, or is not active
Stacktrace:
RemoteError@chrome://remote/content/shared/RemoteError.sys.mjs:8:8
WebDriverError@chrome://remote/content/shared/webdriver/Errors.sys.mjs:202:5
InvalidSessionIDError@chrome://remote/content/shared/webdriver/Errors.sys.mjs:472:5
assert.that/<@chrome://remote/content/shared/webdriver/Assert.sys.mjs:581:13
assert.session@chrome://remote/content/shared/webdriver/Assert.sys.mjs:38:4
dispatch@chrome://remote/content/marionette/server.sys.mjs:315:19
execute@chrome://remote/content/marionette/server.sys.mjs:289:16
onPacket/<@chrome://remote/content/marionette/server.sys.mjs:262:20
onPacket@chrome://remote/content/marionette/server.sys.mjs:263:9
_onJSONObjectReady/<@chrome://remote/content/marionette/transport.sys.mjs:494:20
Traceback (most recent call last):
  File "C:\TIR_TESTE\venv\Lib\site-packages\tir\technologies\webapp_internal.py", line 6625, in fill_grid
    current_value = self.get_element_text(selenium_column())
                    ^^^^^^^^^^^^^^^^^^^^^^^^^^^^^^^^^^^^^^^^
  File "C:\TIR_TESTE\venv\Lib\site-packages\tir\technologies\core\base.py", line 606, in get_element_text
    return self.driver.execute_script("return arguments[0].innerText", element)
           ^^^^^^^^^^^^^^^^^^^^^^^^^^^^^^^^^^^^^^^^^^^^^^^^^^^^^^^^^^^^^^^^^^^^
  File "C:\TIR_TESTE\venv\Lib\site-packages\selenium\webdriver\remote\webdriver.py", line 407, in execute_script
    return self.execute(command, {"script": script, "args": converted_args})["value"]
           ^^^^^^^^^^^^^^^^^^^^^^^^^^^^^^^^^^^^^^^^^^^^^^^^^^^^^^^^^^^^^^^^^
  File "C:\TIR_TESTE\venv\Lib\site-packages\selenium\webdriver\remote\webdriver.py", line 347, in execute
    self.error_handler.check_response(response)
  File "C:\TIR_TESTE\venv\Lib\site-packages\selenium\webdriver\remote\errorhandler.py", line 229, in check_response
    raise exception_class(message, screen, stacktrace)
selenium.common.exceptions.InvalidSessionIdException: Message: WebDriver session does not exist, or is not active
Stacktrace:
RemoteError@chrome://remote/content/shared/RemoteError.sys.mjs:8:8
WebDriverError@chrome://remote/content/shared/webdriver/Errors.sys.mjs:202:5
InvalidSessionIDError@chrome://remote/content/shared/webdriver/Errors.sys.mjs:472:5
assert.that/<@chrome://remote/content/shared/webdriver/Assert.sys.mjs:581:13
assert.session@chrome://remote/content/shared/webdriver/Assert.sys.mjs:38:4
dispatch@chrome://remote/content/marionette/server.sys.mjs:315:19
execute@chrome://remote/content/marionette/server.sys.mjs:289:16
onPacket/<@chrome://remote/content/marionette/server.sys.mjs:262:20
onPacket@chrome://remote/content/marionette/server.sys.mjs:263:9
_onJSONObjectReady/<@chrome://remote/content/marionette/transport.sys.mjs:494:20

2025-12-05 12:25:16,156-WARNING-root-12396::webapp_internal::log_error|8143:: Warning log_error fill grid error: Message: WebDriver session does not exist, or is not active
Stacktrace:
RemoteError@chrome://remote/content/shared/RemoteError.sys.mjs:8:8
WebDriverError@chrome://remote/content/shared/webdriver/Errors.sys.mjs:202:5
InvalidSessionIDError@chrome://remote/content/shared/webdriver/Errors.sys.mjs:472:5
assert.that/<@chrome://remote/content/shared/webdriver/Assert.sys.mjs:581:13
assert.session@chrome://remote/content/shared/webdriver/Assert.sys.mjs:38:4
dispatch@chrome://remote/content/marionette/server.sys.mjs:315:19
execute@chrome://remote/content/marionette/server.sys.mjs:289:16
onPacket/<@chrome://remote/content/marionette/server.sys.mjs:262:20
onPacket@chrome://remote/content/marionette/server.sys.mjs:263:9
_onJSONObjectReady/<@chrome://remote/content/marionette/transport.sys.mjs:494:20

2025-12-05 12:25:16,157-DEBUG-root-12396::webapp_internal::log_error|8146:: ***System Info*** in log_error():
2025-12-05 12:25:16,158-DEBUG-root-12396::psutil_info::system_info|5:: CPU USAGE: 12.4%
2025-12-05 12:25:16,159-DEBUG-root-12396::psutil_info::system_info|6:: MEMORY USAGE: 90.3%
2025-12-05 12:25:16,159-DEBUG-root-12396::psutil_info::system_info|7:: MEMORY AVAILABLE: 9.73%
2025-12-05 12:25:16,196-DEBUG-root-12396::log::take_screenshot_log|612:: take_screenshot_log in:2025-12-05 12:25:16.196792

2025-12-05 12:25:16,874-ERROR-root-12396::log::take_screenshot_log|629:: Warning Log Error save_screenshot exception Message: Failed to decode response from marionette
Traceback (most recent call last):
  File "C:\TIR_TESTE\venv\Lib\site-packages\tir\technologies\webapp_internal.py", line 6625, in fill_grid
    current_value = self.get_element_text(selenium_column())
                    ^^^^^^^^^^^^^^^^^^^^^^^^^^^^^^^^^^^^^^^^
  File "C:\TIR_TESTE\venv\Lib\site-packages\tir\technologies\core\base.py", line 606, in get_element_text
    return self.driver.execute_script("return arguments[0].innerText", element)
           ^^^^^^^^^^^^^^^^^^^^^^^^^^^^^^^^^^^^^^^^^^^^^^^^^^^^^^^^^^^^^^^^^^^^
  File "C:\TIR_TESTE\venv\Lib\site-packages\selenium\webdriver\remote\webdriver.py", line 407, in execute_script
    return self.execute(command, {"script": script, "args": converted_args})["value"]
           ^^^^^^^^^^^^^^^^^^^^^^^^^^^^^^^^^^^^^^^^^^^^^^^^^^^^^^^^^^^^^^^^^
  File "C:\TIR_TESTE\venv\Lib\site-packages\selenium\webdriver\remote\webdriver.py", line 347, in execute
    self.error_handler.check_response(response)
  File "C:\TIR_TESTE\venv\Lib\site-packages\selenium\webdriver\remote\errorhandler.py", line 229, in check_response
    raise exception_class(message, screen, stacktrace)
selenium.common.exceptions.InvalidSessionIdException: Message: WebDriver session does not exist, or is not active
Stacktrace:
RemoteError@chrome://remote/content/shared/RemoteError.sys.mjs:8:8
WebDriverError@chrome://remote/content/shared/webdriver/Errors.sys.mjs:202:5
InvalidSessionIDError@chrome://remote/content/shared/webdriver/Errors.sys.mjs:472:5
assert.that/<@chrome://remote/content/shared/webdriver/Assert.sys.mjs:581:13
assert.session@chrome://remote/content/shared/webdriver/Assert.sys.mjs:38:4
dispatch@chrome://remote/content/marionette/server.sys.mjs:315:19
execute@chrome://remote/content/marionette/server.sys.mjs:289:16
onPacket/<@chrome://remote/content/marionette/server.sys.mjs:262:20
onPacket@chrome://remote/content/marionette/server.sys.mjs:263:9
_onJSONObjectReady/<@chrome://remote/content/marionette/transport.sys.mjs:494:20


During handling of the above exception, another exception occurred:

Traceback (most recent call last):
  File "C:\TIR_TESTE\venv\Lib\site-packages\tir\technologies\core\log.py", line 626, in take_screenshot_log
    driver.save_screenshot(str(path))
  File "C:\TIR_TESTE\venv\Lib\site-packages\selenium\webdriver\remote\webdriver.py", line 822, in save_screenshot
    return self.get_screenshot_as_file(filename)
           ^^^^^^^^^^^^^^^^^^^^^^^^^^^^^^^^^^^^^
  File "C:\TIR_TESTE\venv\Lib\site-packages\selenium\webdriver\remote\webdriver.py", line 798, in get_screenshot_as_file
    png = self.get_screenshot_as_png()
          ^^^^^^^^^^^^^^^^^^^^^^^^^^^^
  File "C:\TIR_TESTE\venv\Lib\site-packages\selenium\webdriver\remote\webdriver.py", line 832, in get_screenshot_as_png
    return b64decode(self.get_screenshot_as_base64().encode("ascii"))
                     ^^^^^^^^^^^^^^^^^^^^^^^^^^^^^^^
  File "C:\TIR_TESTE\venv\Lib\site-packages\selenium\webdriver\remote\webdriver.py", line 843, in get_screenshot_as_base64
    return self.execute(Command.SCREENSHOT)["value"]
           ^^^^^^^^^^^^^^^^^^^^^^^^^^^^^^^^
  File "C:\TIR_TESTE\venv\Lib\site-packages\selenium\webdriver\remote\webdriver.py", line 347, in execute
    self.error_handler.check_response(response)
  File "C:\TIR_TESTE\venv\Lib\site-packages\selenium\webdriver\remote\errorhandler.py", line 229, in check_response
    raise exception_class(message, screen, stacktrace)
selenium.common.exceptions.WebDriverException: Message: Failed to decode response from marionette

2025-12-05 12:25:17,886-DEBUG-root-12396::log::checks_empty_line|221:: Checking empty default log info
2025-12-05 12:25:17,889-DEBUG-root-12396::log::generate_log|503:: Json log_data: {'cLogDtExec': '05/12/2025 12:25:17', 'cLogNomUsr': '97137227104', 'cLogNomEst': 'GESIT03', 'cLogProgra': None, 'cLogDtProg': '', 'cLogHrProg': '', 'nLogCtsOk': 0, 'nLogCtsNok': 1, 'nLogCtsSeg': 266.7, 'cLogVersao': '12', 'cLogReleas': '12.1.2410', 'nLogCtsErr': 'Viagem - fill grid error: Message: WebDriver session does not exist, or is not activeStacktrace:RemoteError@chrome://remote/content/shared/RemoteError.sys.mjs:8:8WebDriverError@chrome://remote/content/shared/webdriver/Errors.sys.mjs:202:5InvalidSessionIDError@chrome://remote/content/shared/webdriver/Errors.sys.mjs:472:5assert.that/<@chrome://remote/content/shared/webdriver/Assert.sys.mjs:581:13assert.session@chrome://remote/content/shared/webdriver/Assert.sys.mjs:38:4dispatch@chrome://remote/content/marionette/server.sys.mjs:315:19execute@chrome://remote/content/marionette/server.sys.mjs:289:1', 'cLogBancod': 'ORACLE', 'cLogIdenti': '', 'cLogIdExec': '20251205', 'cLogPais': 'BRA', 'cLogTool': 'TIR', 'cLogSequen': '83e623', 'nLogCtsTot': 1, 'cLogDtExea': '05/12/2025', 'cLogHrExea': '12:25:17', 'cLogArea': 'Desenvolvimento', 'cLogMnExec': 4.444999999999999}
2025-12-05 12:25:17,890-INFO-root-12396::log::send_log_with_retries|515:: Saving log locally.
2025-12-05 12:25:17,890-INFO-root-12396::log::save_log_locally|548:: [FwSendLog]: Não foi possível enviar o log após todas as tentativas.
2025-12-05 12:25:17,891-INFO-root-12396::log::save_log_locally|555:: [FwSendLog]: Log salvo localmente em C:\TIR_TESTE\1764948317.json.
2025-12-05 12:25:17,896-ERROR-root-12396::webapp_internal::log_error|8181:: Warning Log Error Close Message: Tried to run command without establishing a connection
Traceback (most recent call last):
  File "C:\TIR_TESTE\venv\Lib\site-packages\tir\technologies\webapp_internal.py", line 6625, in fill_grid
    current_value = self.get_element_text(selenium_column())
                    ^^^^^^^^^^^^^^^^^^^^^^^^^^^^^^^^^^^^^^^^
  File "C:\TIR_TESTE\venv\Lib\site-packages\tir\technologies\core\base.py", line 606, in get_element_text
    return self.driver.execute_script("return arguments[0].innerText", element)
           ^^^^^^^^^^^^^^^^^^^^^^^^^^^^^^^^^^^^^^^^^^^^^^^^^^^^^^^^^^^^^^^^^^^^
  File "C:\TIR_TESTE\venv\Lib\site-packages\selenium\webdriver\remote\webdriver.py", line 407, in execute_script
    return self.execute(command, {"script": script, "args": converted_args})["value"]
           ^^^^^^^^^^^^^^^^^^^^^^^^^^^^^^^^^^^^^^^^^^^^^^^^^^^^^^^^^^^^^^^^^
  File "C:\TIR_TESTE\venv\Lib\site-packages\selenium\webdriver\remote\webdriver.py", line 347, in execute
    self.error_handler.check_response(response)
  File "C:\TIR_TESTE\venv\Lib\site-packages\selenium\webdriver\remote\errorhandler.py", line 229, in check_response
    raise exception_class(message, screen, stacktrace)
selenium.common.exceptions.InvalidSessionIdException: Message: WebDriver session does not exist, or is not active
Stacktrace:
RemoteError@chrome://remote/content/shared/RemoteError.sys.mjs:8:8
WebDriverError@chrome://remote/content/shared/webdriver/Errors.sys.mjs:202:5
InvalidSessionIDError@chrome://remote/content/shared/webdriver/Errors.sys.mjs:472:5
assert.that/<@chrome://remote/content/shared/webdriver/Assert.sys.mjs:581:13
assert.session@chrome://remote/content/shared/webdriver/Assert.sys.mjs:38:4
dispatch@chrome://remote/content/marionette/server.sys.mjs:315:19
execute@chrome://remote/content/marionette/server.sys.mjs:289:16
onPacket/<@chrome://remote/content/marionette/server.sys.mjs:262:20
onPacket@chrome://remote/content/marionette/server.sys.mjs:263:9
_onJSONObjectReady/<@chrome://remote/content/marionette/transport.sys.mjs:494:20


During handling of the above exception, another exception occurred:

Traceback (most recent call last):
  File "C:\TIR_TESTE\venv\Lib\site-packages\tir\technologies\webapp_internal.py", line 8179, in log_error
    self.driver.close()
  File "C:\TIR_TESTE\venv\Lib\site-packages\selenium\webdriver\remote\webdriver.py", line 458, in close
    self.execute(Command.CLOSE)
  File "C:\TIR_TESTE\venv\Lib\site-packages\selenium\webdriver\remote\webdriver.py", line 347, in execute
    self.error_handler.check_response(response)
  File "C:\TIR_TESTE\venv\Lib\site-packages\selenium\webdriver\remote\errorhandler.py", line 229, in check_response
    raise exception_class(message, screen, stacktrace)
selenium.common.exceptions.InvalidSessionIdException: Message: Tried to run command without establishing a connection

2025-12-05 12:25:17,897-ERROR-root-12396::webapp_internal::SetKey|5901:: False is not true : Viagem - fill grid error: Message: WebDriver session does not exist, or is not active
Stacktrace:
RemoteError@chrome://remote/content/shared/RemoteError.sys.mjs:8:8
WebDriverError@chrome://remote/content/shared/webdriver/Errors.sys.mjs:202:5
InvalidSessionIDError@chrome://remote/content/shared/webdriver/Errors.sys.mjs:472:5
assert.that/<@chrome://remote/content/shared/webdriver/Assert.sys.mjs:581:13
assert.session@chrome://remote/content/shared/webdriver/Assert.sys.mjs:38:4
dispatch@chrome://remote/content/marionette/server.sys.mjs:315:19
execute@chrome://remote/content/marionette/server.sys.mjs:289:16
onPacket/<@chrome://remote/content/marionette/server.sys.mjs:262:20
onPacket@chrome://remote/content/marionette/server.sys.mjs:263:9
_onJSONObjectReady/<@chrome://remote/content/marionette/transport.sys.mjs:494:20
Traceback (most recent call last):
  File "C:\TIR_TESTE\venv\Lib\site-packages\tir\technologies\webapp_internal.py", line 6625, in fill_grid
    current_value = self.get_element_text(selenium_column())
                    ^^^^^^^^^^^^^^^^^^^^^^^^^^^^^^^^^^^^^^^^
  File "C:\TIR_TESTE\venv\Lib\site-packages\tir\technologies\core\base.py", line 606, in get_element_text
    return self.driver.execute_script("return arguments[0].innerText", element)
           ^^^^^^^^^^^^^^^^^^^^^^^^^^^^^^^^^^^^^^^^^^^^^^^^^^^^^^^^^^^^^^^^^^^^
  File "C:\TIR_TESTE\venv\Lib\site-packages\selenium\webdriver\remote\webdriver.py", line 407, in execute_script
    return self.execute(command, {"script": script, "args": converted_args})["value"]
           ^^^^^^^^^^^^^^^^^^^^^^^^^^^^^^^^^^^^^^^^^^^^^^^^^^^^^^^^^^^^^^^^^
  File "C:\TIR_TESTE\venv\Lib\site-packages\selenium\webdriver\remote\webdriver.py", line 347, in execute
    self.error_handler.check_response(response)
  File "C:\TIR_TESTE\venv\Lib\site-packages\selenium\webdriver\remote\errorhandler.py", line 229, in check_response
    raise exception_class(message, screen, stacktrace)
selenium.common.exceptions.InvalidSessionIdException: Message: WebDriver session does not exist, or is not active
Stacktrace:
RemoteError@chrome://remote/content/shared/RemoteError.sys.mjs:8:8
WebDriverError@chrome://remote/content/shared/webdriver/Errors.sys.mjs:202:5
InvalidSessionIDError@chrome://remote/content/shared/webdriver/Errors.sys.mjs:472:5
assert.that/<@chrome://remote/content/shared/webdriver/Assert.sys.mjs:581:13
assert.session@chrome://remote/content/shared/webdriver/Assert.sys.mjs:38:4
dispatch@chrome://remote/content/marionette/server.sys.mjs:315:19
execute@chrome://remote/content/marionette/server.sys.mjs:289:16
onPacket/<@chrome://remote/content/marionette/server.sys.mjs:262:20
onPacket@chrome://remote/content/marionette/server.sys.mjs:263:9
_onJSONObjectReady/<@chrome://remote/content/marionette/transport.sys.mjs:494:20


During handling of the above exception, another exception occurred:

Traceback (most recent call last):
  File "C:\TIR_TESTE\venv\Lib\site-packages\tir\technologies\webapp_internal.py", line 5861, in SetKey
    self.LoadGrid()
  File "C:\TIR_TESTE\venv\Lib\site-packages\tir\technologies\webapp_internal.py", line 6301, in LoadGrid
    self.fill_grid(field, x3_dictionaries, initial_layer, duplicate_fields)
  File "C:\TIR_TESTE\venv\Lib\site-packages\tir\technologies\webapp_internal.py", line 6676, in fill_grid
    self.log_error(f'fill grid error: {str(e)}')
  File "C:\TIR_TESTE\venv\Lib\site-packages\tir\technologies\webapp_internal.py", line 8206, in log_error
    self.assertTrue(False, log_message)
  File "C:\Users\97137227104\AppData\Local\Programs\Python\Python312\Lib\unittest\case.py", line 727, in assertTrue
    raise self.failureException(msg)
AssertionError: False is not true : Viagem - fill grid error: Message: WebDriver session does not exist, or is not active
Stacktrace:
RemoteError@chrome://remote/content/shared/RemoteError.sys.mjs:8:8
WebDriverError@chrome://remote/content/shared/webdriver/Errors.sys.mjs:202:5
InvalidSessionIDError@chrome://remote/content/shared/webdriver/Errors.sys.mjs:472:5
assert.that/<@chrome://remote/content/shared/webdriver/Assert.sys.mjs:581:13
assert.session@chrome://remote/content/shared/webdriver/Assert.sys.mjs:38:4
dispatch@chrome://remote/content/marionette/server.sys.mjs:315:19
execute@chrome://remote/content/marionette/server.sys.mjs:289:16
onPacket/<@chrome://remote/content/marionette/server.sys.mjs:262:20
onPacket@chrome://remote/content/marionette/server.sys.mjs:263:9
_onJSONObjectReady/<@chrome://remote/content/marionette/transport.sys.mjs:494:20

2025-12-05 12:25:17,908-DEBUG-root-12396::webapp_internal::wait_blocker|2444:: Waiting blocker to continue...
2025-12-05 12:25:17,912-DEBUG-root-12396::webapp_internal::wait_blocker|2469:: Blocker status: None
2025-12-05 12:25:17,913-INFO-root-12396::webapp_internal::SetKey|5822:: Key pressed: TAB
2025-12-05 12:25:17,914-DEBUG-root-12396::webapp_internal::SetKey|5857:: Trying press key
2025-12-05 12:25:17,915-DEBUG-root-12396::webapp_internal::wait_element|7623:: Waiting for element
2025-12-05 12:25:17,918-WARNING-root-12396::webapp_internal::log_error|8143:: Warning log_error SetKey - Screen is not load: Message: Tried to run command without establishing a connection

2025-12-05 12:25:17,920-DEBUG-root-12396::webapp_internal::log_error|8146:: ***System Info*** in log_error():
2025-12-05 12:25:17,920-DEBUG-root-12396::psutil_info::system_info|5:: CPU USAGE: 11.1%
2025-12-05 12:25:17,921-DEBUG-root-12396::psutil_info::system_info|6:: MEMORY USAGE: 84.1%
2025-12-05 12:25:17,922-DEBUG-root-12396::psutil_info::system_info|7:: MEMORY AVAILABLE: 15.85%
2025-12-05 12:25:17,959-ERROR-root-12396::webapp_internal::log_error|8181:: Warning Log Error Close Message: Tried to run command without establishing a connection
Traceback (most recent call last):
  File "C:\TIR_TESTE\venv\Lib\site-packages\tir\technologies\core\base.py", line 501, in get_current_DOM
    self.driver.switch_to.default_content()
  File "C:\TIR_TESTE\venv\Lib\site-packages\selenium\webdriver\remote\switch_to.py", line 69, in default_content
    self._driver.execute(Command.SWITCH_TO_FRAME, {"id": None})
  File "C:\TIR_TESTE\venv\Lib\site-packages\selenium\webdriver\remote\webdriver.py", line 347, in execute
    self.error_handler.check_response(response)
  File "C:\TIR_TESTE\venv\Lib\site-packages\selenium\webdriver\remote\errorhandler.py", line 229, in check_response
    raise exception_class(message, screen, stacktrace)
selenium.common.exceptions.InvalidSessionIdException: Message: Tried to run command without establishing a connection


During handling of the above exception, another exception occurred:

Traceback (most recent call last):
  File "C:\TIR_TESTE\venv\Lib\site-packages\tir\technologies\webapp_internal.py", line 5861, in SetKey
    self.LoadGrid()
  File "C:\TIR_TESTE\venv\Lib\site-packages\tir\technologies\webapp_internal.py", line 6284, in LoadGrid
    self.wait_element(term=selector, scrap_type=enum.ScrapType.CSS_SELECTOR)
  File "C:\TIR_TESTE\venv\Lib\site-packages\tir\technologies\webapp_internal.py", line 7626, in wait_element
    while (not self.element_exists(term, scrap_type, position, optional_term, main_container, check_error, twebview, second_term) and time.time() < endtime):
               ^^^^^^^^^^^^^^^^^^^^^^^^^^^^^^^^^^^^^^^^^^^^^^^^^^^^^^^^^^^^^^^^^^^^^^^^^^^^^^^^^^^^^^^^^^^^^^^^^^^^^^^^^^^^^^^^^^
  File "C:\TIR_TESTE\venv\Lib\site-packages\tir\technologies\webapp_internal.py", line 4073, in element_exists
    soup = self.get_current_DOM(twebview=twebview)
           ^^^^^^^^^^^^^^^^^^^^^^^^^^^^^^^^^^^^^^^
  File "C:\TIR_TESTE\venv\Lib\site-packages\tir\technologies\core\base.py", line 538, in get_current_DOM
    self.driver.switch_to.default_content()
  File "C:\TIR_TESTE\venv\Lib\site-packages\selenium\webdriver\remote\switch_to.py", line 69, in default_content
    self._driver.execute(Command.SWITCH_TO_FRAME, {"id": None})
  File "C:\TIR_TESTE\venv\Lib\site-packages\selenium\webdriver\remote\webdriver.py", line 347, in execute
    self.error_handler.check_response(response)
  File "C:\TIR_TESTE\venv\Lib\site-packages\selenium\webdriver\remote\errorhandler.py", line 229, in check_response
    raise exception_class(message, screen, stacktrace)
selenium.common.exceptions.InvalidSessionIdException: Message: Tried to run command without establishing a connection


During handling of the above exception, another exception occurred:

Traceback (most recent call last):
  File "C:\TIR_TESTE\venv\Lib\site-packages\tir\technologies\webapp_internal.py", line 8179, in log_error
    self.driver.close()
  File "C:\TIR_TESTE\venv\Lib\site-packages\selenium\webdriver\remote\webdriver.py", line 458, in close
    self.execute(Command.CLOSE)
  File "C:\TIR_TESTE\venv\Lib\site-packages\selenium\webdriver\remote\webdriver.py", line 347, in execute
    self.error_handler.check_response(response)
  File "C:\TIR_TESTE\venv\Lib\site-packages\selenium\webdriver\remote\errorhandler.py", line 229, in check_response
    raise exception_class(message, screen, stacktrace)
selenium.common.exceptions.InvalidSessionIdException: Message: Tried to run command without establishing a connection

2025-12-05 12:25:18,677-ERROR-root-12396::webapp_internal::TearDown|9654:: Warning tearDown Close Message: Tried to run command without establishing a connection
Traceback (most recent call last):
  File "C:\TIR_TESTE\venv\Lib\site-packages\tir\technologies\webapp_internal.py", line 9652, in TearDown
    self.driver.close()
  File "C:\TIR_TESTE\venv\Lib\site-packages\selenium\webdriver\remote\webdriver.py", line 458, in close
    self.execute(Command.CLOSE)
  File "C:\TIR_TESTE\venv\Lib\site-packages\selenium\webdriver\remote\webdriver.py", line 347, in execute
    self.error_handler.check_response(response)
  File "C:\TIR_TESTE\venv\Lib\site-packages\selenium\webdriver\remote\errorhandler.py", line 229, in check_response
    raise exception_class(message, screen, stacktrace)
selenium.common.exceptions.InvalidSessionIdException: Message: Tried to run command without establishing a connection

2025-12-05 12:20:49,605-DEBUG-root-12396::logging_config::logger|189:: Log file created: 'Log\GESIT03\TIR__20251205122049599.log'
2025-12-05 12:20:49,606-INFO-root-12396::base::Start|1183:: TIR Version: 2.4.3
2025-12-05 12:20:49,606-INFO-root-12396::base::Start|1184:: Python Version: 3.12.10
2025-12-05 12:20:49,606-INFO-root-12396::base::Start|1185:: Starting the browser
2025-12-05 12:20:56,888-INFO-root-12396::base::get_url|1294:: Page is ready!
2025-12-05 12:20:56,890-INFO-root-12396::base::Start|1256:: Browser maximized to 1936x1048
2025-12-05 12:20:56,890-INFO-root-12396::base::Start|1258:: Screen size is different from default used in headless mode
2025-12-05 12:20:56,950-INFO-root-12396::webapp_internal::Setup|247:: ***System Info*** in Setup():
2025-12-05 12:20:56,951-DEBUG-root-12396::psutil_info::system_info|5:: CPU USAGE: 17.4%
2025-12-05 12:20:56,951-DEBUG-root-12396::psutil_info::system_info|6:: MEMORY USAGE: 91.8%
2025-12-05 12:20:56,953-DEBUG-root-12396::psutil_info::system_info|7:: MEMORY AVAILABLE: 8.16%
2025-12-05 12:20:56,966-INFO-root-12396::base::webapp_shadowroot|1394:: Webapp: 10.1.6-RC4
2025-12-05 12:20:56,997-INFO-root-12396::webapp_internal::filling_initial_program|449:: Filling Initial Program: "SIGAMDI"
2025-12-05 12:20:56,998-DEBUG-root-12396::webapp_internal::wait_element|7623:: Waiting for element
2025-12-05 12:20:57,063-DEBUG-root-12396::webapp_internal::wait_element|7653:: Element found! Waiting for element to be displayed.
2025-12-05 12:20:57,221-DEBUG-root-12396::base::click|192:: Click Type: ClickType.JS
2025-12-05 12:20:57,227-DEBUG-root-12396::webapp_internal::try_send_keys|7976:: Trying to send keys to element using technique 0
2025-12-05 12:20:57,557-DEBUG-root-12396::webapp_internal::get_web_value|3232:: Current value: SIGAMDI
2025-12-05 12:20:57,558-INFO-root-12396::webapp_internal::filling_server_environment|463:: Filling Server Environment: "POUPEX_TST"
2025-12-05 12:20:57,558-DEBUG-root-12396::webapp_internal::wait_element|7623:: Waiting for element
2025-12-05 12:20:57,583-DEBUG-root-12396::webapp_internal::wait_element|7653:: Element found! Waiting for element to be displayed.
2025-12-05 12:20:57,740-DEBUG-root-12396::base::click|192:: Click Type: ClickType.JS
2025-12-05 12:20:57,747-DEBUG-root-12396::webapp_internal::try_send_keys|7976:: Trying to send keys to element using technique 0
2025-12-05 12:20:58,058-DEBUG-root-12396::webapp_internal::get_web_value|3232:: Current value: POUPEX_TST
2025-12-05 12:20:58,080-DEBUG-root-12396::base::click|192:: Click Type: ClickType.JS
2025-12-05 12:20:58,091-DEBUG-root-12396::webapp_internal::user_screen|519:: Filling user screen
2025-12-05 12:21:04,308-DEBUG-root-12396::webapp_internal::wait_element_timeout|7726:: Element found! Waiting for element to be displayed.
2025-12-05 12:21:04,355-DEBUG-root-12396::base::scroll_to_element|759:: ********Warining scroll_to_element exception: Message: TypeError: can't access property "scrollIntoView", arguments[0] is null
Stacktrace:
@https://qasrverp:10020/webapp/:2:7
@https://qasrverp:10020/webapp/:3:8
*********
2025-12-05 12:21:04,516-INFO-root-12396::webapp_internal::user_screen|561:: Filling User
2025-12-05 12:21:04,545-DEBUG-root-12396::base::double_click|259:: Click Type: ClickType.SELENIUM
2025-12-05 12:21:04,736-DEBUG-root-12396::webapp_internal::get_web_value|3232:: Current value: 97137227104
2025-12-05 12:21:04,758-INFO-root-12396::webapp_internal::user_screen|621:: Filling Password
2025-12-05 12:21:04,779-DEBUG-root-12396::base::click|192:: Click Type: ClickType.JS
2025-12-05 12:21:04,864-DEBUG-root-12396::webapp_internal::get_web_value|3232:: Current value: Val20221080080094+
2025-12-05 12:21:04,865-DEBUG-root-12396::webapp_internal::wait_blocker|2444:: Waiting blocker to continue...
2025-12-05 12:21:04,891-DEBUG-root-12396::webapp_internal::wait_blocker|2469:: Blocker status: None
2025-12-05 12:21:04,910-DEBUG-root-12396::webapp_internal::wait_blocker|2444:: Waiting blocker to continue...
2025-12-05 12:21:04,937-DEBUG-root-12396::webapp_internal::wait_blocker|2469:: Blocker status: None
2025-12-05 12:21:04,971-DEBUG-root-12396::webapp_internal::wait_blocker|2444:: Waiting blocker to continue...
2025-12-05 12:21:04,999-DEBUG-root-12396::webapp_internal::wait_blocker|2469:: Blocker status: None
2025-12-05 12:21:04,999-DEBUG-root-12396::webapp_internal::send_action|10480:: Trying to send action
2025-12-05 12:21:05,006-DEBUG-root-12396::base::click|192:: Click Type: ClickType.JS
2025-12-05 12:21:06,052-DEBUG-root-12396::webapp_internal::send_action|10522:: send_action method result = True
2025-12-05 12:21:06,052-DEBUG-root-12396::webapp_internal::send_action|10523:: send_action selenium status: False
2025-12-05 12:21:08,361-DEBUG-root-12396::base::scroll_to_element|759:: ********Warining scroll_to_element exception: Message: TypeError: can't access property "scrollIntoView", arguments[0] is null
Stacktrace:
@https://qasrverp:10020/webapp/:2:7
@https://qasrverp:10020/webapp/:3:8
*********
2025-12-05 12:21:08,412-INFO-root-12396::webapp_internal::filling_date|885:: Filling Date: "05/12/2025"
2025-12-05 12:21:08,413-DEBUG-root-12396::webapp_internal::wait_blocker|2444:: Waiting blocker to continue...
2025-12-05 12:21:08,450-DEBUG-root-12396::webapp_internal::wait_blocker|2469:: Blocker status: None
2025-12-05 12:21:08,453-DEBUG-root-12396::base::click|192:: Click Type: ClickType.JS
2025-12-05 12:21:08,470-DEBUG-root-12396::webapp_internal::try_send_keys|7976:: Trying to send keys to element using technique 1
2025-12-05 12:21:08,548-DEBUG-root-12396::webapp_internal::get_web_value|3232:: Current value: 05/12/2025
2025-12-05 12:21:09,652-INFO-root-12396::webapp_internal::filling_group|955:: Filling Group: "02"
2025-12-05 12:21:09,653-DEBUG-root-12396::webapp_internal::wait_blocker|2444:: Waiting blocker to continue...
2025-12-05 12:21:09,684-DEBUG-root-12396::webapp_internal::wait_blocker|2469:: Blocker status: None
2025-12-05 12:21:09,687-DEBUG-root-12396::base::click|192:: Click Type: ClickType.JS
2025-12-05 12:21:09,738-DEBUG-root-12396::webapp_internal::get_web_value|3232:: Current value: 02
2025-12-05 12:21:10,800-INFO-root-12396::webapp_internal::filling_branch|1047:: Filling Branch: "02DF0001"
2025-12-05 12:21:10,800-DEBUG-root-12396::webapp_internal::wait_blocker|2444:: Waiting blocker to continue...
2025-12-05 12:21:10,830-DEBUG-root-12396::webapp_internal::wait_blocker|2469:: Blocker status: None
2025-12-05 12:21:10,832-DEBUG-root-12396::base::click|192:: Click Type: ClickType.JS
2025-12-05 12:21:10,883-DEBUG-root-12396::webapp_internal::get_web_value|3232:: Current value: 02DF0001
2025-12-05 12:21:11,961-INFO-root-12396::webapp_internal::filling_environment|1113:: Filling Environment: "07"
2025-12-05 12:21:11,961-DEBUG-root-12396::webapp_internal::wait_blocker|2444:: Waiting blocker to continue...
2025-12-05 12:21:12,007-DEBUG-root-12396::webapp_internal::wait_blocker|2469:: Blocker status: None
2025-12-05 12:21:12,011-DEBUG-root-12396::base::click|192:: Click Type: ClickType.JS
2025-12-05 12:21:12,060-DEBUG-root-12396::webapp_internal::get_web_value|3232:: Current value: 07
2025-12-05 12:21:13,069-DEBUG-root-12396::webapp_internal::close_warning_screen|1489:: Closing warning screen!
2025-12-05 12:21:14,101-DEBUG-root-12396::webapp_internal::check_screen_element|1291:: Checking screen element: "Atenção": False
2025-12-05 12:21:15,199-INFO-root-12396::webapp_internal::environment_screen|796:: Clicking on Button
2025-12-05 12:21:15,200-DEBUG-root-12396::webapp_internal::wait_blocker|2444:: Waiting blocker to continue...
2025-12-05 12:21:15,235-DEBUG-root-12396::webapp_internal::wait_blocker|2469:: Blocker status: None
2025-12-05 12:21:15,237-DEBUG-root-12396::base::click|192:: Click Type: ClickType.JS
2025-12-05 12:21:16,252-DEBUG-root-12396::base::click|192:: Click Type: ClickType.JS
2025-12-05 12:21:17,260-DEBUG-root-12396::base::click|192:: Click Type: ClickType.JS
2025-12-05 12:21:18,268-DEBUG-root-12396::base::click|192:: Click Type: ClickType.JS
2025-12-05 12:21:19,276-DEBUG-root-12396::base::click|192:: Click Type: ClickType.JS
2025-12-05 12:21:20,283-DEBUG-root-12396::base::click|192:: Click Type: ClickType.JS
2025-12-05 12:21:21,289-DEBUG-root-12396::webapp_internal::close_screen_before_menu|368:: Closing screen before the menu
2025-12-05 12:21:21,337-DEBUG-root-12396::webapp_internal::close_warning_screen|1489:: Closing warning screen!
2025-12-05 12:21:22,381-DEBUG-root-12396::webapp_internal::check_screen_element|1291:: Checking screen element: "Atenção": False
2025-12-05 12:21:22,381-DEBUG-root-12396::webapp_internal::close_coin_screen|1424:: Closing coin screen!
2025-12-05 12:21:22,935-DEBUG-root-12396::base::click|192:: Click Type: ClickType.JS
2025-12-05 12:21:22,989-DEBUG-root-12396::webapp_internal::close_warning_screen|1489:: Closing warning screen!
2025-12-05 12:21:24,042-DEBUG-root-12396::webapp_internal::check_screen_element|1291:: Checking screen element: "Atenção": False
2025-12-05 12:21:24,042-DEBUG-root-12396::webapp_internal::close_coin_screen|1424:: Closing coin screen!
2025-12-05 12:21:24,148-INFO-root-12396::webapp_internal::set_log_info|1623:: Getting log info
2025-12-05 12:21:24,148-INFO-root-12396::webapp_internal::SetLateralMenu|4184:: Navigating lateral menu: Ajuda > Sobre
2025-12-05 12:21:24,161-DEBUG-root-12396::webapp_internal::wait_element|7623:: Waiting for element
2025-12-05 12:21:24,200-DEBUG-root-12396::webapp_internal::wait_element|7653:: Element found! Waiting for element to be displayed.
2025-12-05 12:21:24,393-INFO-root-12396::webapp_internal::SetLateralMenu|4203:: Menu item: "Ajuda"
2025-12-05 12:21:24,394-DEBUG-root-12396::webapp_internal::wait_blocker|2444:: Waiting blocker to continue...
2025-12-05 12:21:24,471-DEBUG-root-12396::webapp_internal::wait_blocker|2469:: Blocker status: False
2025-12-05 12:21:24,838-DEBUG-root-12396::webapp_internal::wait_element_timeout|7726:: Element found! Waiting for element to be displayed.
2025-12-05 12:21:25,150-DEBUG-root-12396::webapp_internal::wait_blocker|2444:: Waiting blocker to continue...
2025-12-05 12:21:25,220-DEBUG-root-12396::webapp_internal::wait_blocker|2469:: Blocker status: False
2025-12-05 12:21:27,519-INFO-root-12396::webapp_internal::SetLateralMenu|4203:: Menu item: "Sobre"
2025-12-05 12:21:27,519-DEBUG-root-12396::webapp_internal::wait_blocker|2444:: Waiting blocker to continue...
2025-12-05 12:21:27,603-DEBUG-root-12396::webapp_internal::wait_blocker|2469:: Blocker status: False
2025-12-05 12:21:27,989-DEBUG-root-12396::webapp_internal::wait_element_timeout|7726:: Element found! Waiting for element to be displayed.
2025-12-05 12:21:28,321-DEBUG-root-12396::webapp_internal::wait_blocker|2444:: Waiting blocker to continue...
2025-12-05 12:21:28,388-DEBUG-root-12396::webapp_internal::wait_blocker|2469:: Blocker status: False
2025-12-05 12:21:31,008-DEBUG-root-12396::webapp_internal::wait_blocker|2444:: Waiting blocker to continue...
2025-12-05 12:21:31,073-DEBUG-root-12396::webapp_internal::wait_blocker|2469:: Blocker status: False
2025-12-05 12:21:31,138-DEBUG-root-12396::webapp_internal::wait_element|7623:: Waiting for element
2025-12-05 12:21:31,180-DEBUG-root-12396::webapp_internal::wait_element|7653:: Element found! Waiting for element to be displayed.
2025-12-05 12:21:31,346-INFO-root-12396::webapp_internal::SetButton|4444:: Clicking on Fechar
2025-12-05 12:21:31,346-DEBUG-root-12396::webapp_internal::wait_blocker|2444:: Waiting blocker to continue...
2025-12-05 12:21:31,415-DEBUG-root-12396::webapp_internal::wait_blocker|2469:: Blocker status: False
2025-12-05 12:21:31,590-DEBUG-root-12396::webapp_internal::wait_element_timeout|7726:: Element found! Waiting for element to be displayed.
2025-12-05 12:21:31,658-DEBUG-root-12396::webapp_internal::SetButton|4481:: ***System Info*** Before Clicking on button:Fechar
2025-12-05 12:21:31,658-DEBUG-root-12396::psutil_info::system_info|5:: CPU USAGE: 9.6%
2025-12-05 12:21:31,659-DEBUG-root-12396::psutil_info::system_info|6:: MEMORY USAGE: 89.4%
2025-12-05 12:21:31,659-DEBUG-root-12396::psutil_info::system_info|7:: MEMORY AVAILABLE: 10.6%
2025-12-05 12:21:31,823-DEBUG-root-12396::webapp_internal::wait_element_timeout|7726:: Element found! Waiting for element to be displayed.
2025-12-05 12:21:31,924-DEBUG-root-12396::webapp_internal::wait_blocker|2444:: Waiting blocker to continue...
2025-12-05 12:21:31,991-DEBUG-root-12396::webapp_internal::wait_blocker|2469:: Blocker status: False
2025-12-05 12:21:32,008-DEBUG-root-12396::webapp_internal::wait_blocker|2444:: Waiting blocker to continue...
2025-12-05 12:21:32,077-DEBUG-root-12396::webapp_internal::wait_blocker|2469:: Blocker status: False
2025-12-05 12:21:32,077-DEBUG-root-12396::webapp_internal::send_action|10480:: Trying to send action
2025-12-05 12:21:32,079-DEBUG-root-12396::base::click|192:: Click Type: ClickType.JS
2025-12-05 12:21:33,110-DEBUG-root-12396::webapp_internal::send_action|10522:: send_action method result = True
2025-12-05 12:21:33,110-DEBUG-root-12396::webapp_internal::send_action|10523:: send_action selenium status: False
2025-12-05 12:21:33,110-DEBUG-root-12396::webapp_internal::SetButton|4683:: ***System Info*** After Clicking on button:
2025-12-05 12:21:33,111-DEBUG-root-12396::psutil_info::system_info|5:: CPU USAGE: 5.3%
2025-12-05 12:21:33,111-DEBUG-root-12396::psutil_info::system_info|6:: MEMORY USAGE: 89.5%
2025-12-05 12:21:33,111-DEBUG-root-12396::psutil_info::system_info|7:: MEMORY AVAILABLE: 10.52%
2025-12-05 12:21:33,112-DEBUG-root-12396::webapp_internal::wait_element|7623:: Waiting for element
2025-12-05 12:21:33,192-INFO-root-12396::webapp_internal::SetLateralMenu|4184:: Navigating lateral menu: Atualizações > Gestao de Viagens > Solicitações
2025-12-05 12:21:33,201-DEBUG-root-12396::webapp_internal::wait_element|7623:: Waiting for element
2025-12-05 12:21:33,236-DEBUG-root-12396::webapp_internal::wait_element|7653:: Element found! Waiting for element to be displayed.
2025-12-05 12:21:33,394-INFO-root-12396::webapp_internal::SetLateralMenu|4203:: Menu item: "Atualizações"
2025-12-05 12:21:33,394-DEBUG-root-12396::webapp_internal::wait_blocker|2444:: Waiting blocker to continue...
2025-12-05 12:21:33,488-DEBUG-root-12396::webapp_internal::wait_blocker|2469:: Blocker status: False
2025-12-05 12:21:33,871-DEBUG-root-12396::webapp_internal::wait_element_timeout|7726:: Element found! Waiting for element to be displayed.
2025-12-05 12:21:34,202-DEBUG-root-12396::webapp_internal::wait_blocker|2444:: Waiting blocker to continue...
2025-12-05 12:21:34,265-DEBUG-root-12396::webapp_internal::wait_blocker|2469:: Blocker status: False
2025-12-05 12:21:36,557-INFO-root-12396::webapp_internal::SetLateralMenu|4203:: Menu item: "Gestao de Viagens"
2025-12-05 12:21:36,557-DEBUG-root-12396::webapp_internal::wait_blocker|2444:: Waiting blocker to continue...
2025-12-05 12:21:36,648-DEBUG-root-12396::webapp_internal::wait_blocker|2469:: Blocker status: False
2025-12-05 12:21:37,371-DEBUG-root-12396::webapp_internal::wait_element_timeout|7726:: Element found! Waiting for element to be displayed.
2025-12-05 12:21:38,017-DEBUG-root-12396::webapp_internal::wait_blocker|2444:: Waiting blocker to continue...
2025-12-05 12:21:38,103-DEBUG-root-12396::webapp_internal::wait_blocker|2469:: Blocker status: False
2025-12-05 12:21:40,404-INFO-root-12396::webapp_internal::SetLateralMenu|4203:: Menu item: "Solicitações"
2025-12-05 12:21:40,404-DEBUG-root-12396::webapp_internal::wait_blocker|2444:: Waiting blocker to continue...
2025-12-05 12:21:40,475-DEBUG-root-12396::webapp_internal::wait_blocker|2469:: Blocker status: False
2025-12-05 12:21:41,245-DEBUG-root-12396::webapp_internal::wait_element_timeout|7726:: Element found! Waiting for element to be displayed.
2025-12-05 12:21:41,989-DEBUG-root-12396::webapp_internal::wait_blocker|2444:: Waiting blocker to continue...
2025-12-05 12:21:42,065-DEBUG-root-12396::webapp_internal::wait_blocker|2469:: Blocker status: False
2025-12-05 12:21:45,452-DEBUG-root-12396::webapp_internal::wait_blocker|2444:: Waiting blocker to continue...
2025-12-05 12:21:45,524-DEBUG-root-12396::webapp_internal::wait_blocker|2469:: Blocker status: False
2025-12-05 12:21:45,595-INFO-root-12396::webapp_internal::WaitShow|4980:: Waiting show text 'Este ambiente utiliza base de Homologação.'...
2025-12-05 12:21:51,387-INFO-root-12396::webapp_internal::WaitShow|4980:: Waiting show text 'Moedas'...
2025-12-05 12:21:56,880-INFO-root-12396::webapp_internal::WaitShow|4980:: Waiting show text 'Solicitação de Viagens/Treinamento'...
2025-12-05 12:21:56,935-INFO-root-12396::webapp_internal::WaitShow|4996:: Text found! 
2025-12-05 12:21:56,936-INFO-root-12396::webapp_internal::SetButton|4444:: Clicking on Incluir
2025-12-05 12:21:56,936-DEBUG-root-12396::webapp_internal::wait_blocker|2444:: Waiting blocker to continue...
2025-12-05 12:21:57,023-DEBUG-root-12396::webapp_internal::wait_blocker|2469:: Blocker status: False
2025-12-05 12:21:57,411-DEBUG-root-12396::webapp_internal::wait_element_timeout|7726:: Element found! Waiting for element to be displayed.
2025-12-05 12:21:57,668-DEBUG-root-12396::webapp_internal::SetButton|4481:: ***System Info*** Before Clicking on button:Incluir
2025-12-05 12:21:57,669-DEBUG-root-12396::psutil_info::system_info|5:: CPU USAGE: 8.4%
2025-12-05 12:21:57,669-DEBUG-root-12396::psutil_info::system_info|6:: MEMORY USAGE: 89.9%
2025-12-05 12:21:57,670-DEBUG-root-12396::psutil_info::system_info|7:: MEMORY AVAILABLE: 10.1%
2025-12-05 12:21:58,034-DEBUG-root-12396::webapp_internal::wait_element_timeout|7726:: Element found! Waiting for element to be displayed.
2025-12-05 12:21:58,339-DEBUG-root-12396::webapp_internal::wait_blocker|2444:: Waiting blocker to continue...
2025-12-05 12:21:58,429-DEBUG-root-12396::webapp_internal::wait_blocker|2469:: Blocker status: False
2025-12-05 12:21:58,451-DEBUG-root-12396::webapp_internal::wait_blocker|2444:: Waiting blocker to continue...
2025-12-05 12:21:58,542-DEBUG-root-12396::webapp_internal::wait_blocker|2469:: Blocker status: False
2025-12-05 12:21:58,542-DEBUG-root-12396::webapp_internal::send_action|10480:: Trying to send action
2025-12-05 12:21:58,546-DEBUG-root-12396::base::click|192:: Click Type: ClickType.JS
2025-12-05 12:21:59,759-DEBUG-root-12396::webapp_internal::send_action|10522:: send_action method result = True
2025-12-05 12:21:59,759-DEBUG-root-12396::webapp_internal::send_action|10523:: send_action selenium status: True
2025-12-05 12:21:59,759-DEBUG-root-12396::webapp_internal::SetButton|4683:: ***System Info*** After Clicking on button:
2025-12-05 12:21:59,759-DEBUG-root-12396::psutil_info::system_info|5:: CPU USAGE: 7.0%
2025-12-05 12:21:59,760-DEBUG-root-12396::psutil_info::system_info|6:: MEMORY USAGE: 90.0%
2025-12-05 12:21:59,760-DEBUG-root-12396::psutil_info::system_info|7:: MEMORY AVAILABLE: 9.97%
2025-12-05 12:21:59,961-DEBUG-root-12396::webapp_internal::wait_blocker|2444:: Waiting blocker to continue...
2025-12-05 12:22:00,055-DEBUG-root-12396::webapp_internal::wait_blocker|2469:: Blocker status: False
2025-12-05 12:22:00,056-INFO-root-12396::webapp_internal::SearchBrowse|2003:: Searching: 02DF0001
2025-12-05 12:22:00,226-DEBUG-root-12396::webapp_internal::wait_element_timeout|7726:: Element found! Waiting for element to be displayed.
2025-12-05 12:22:00,328-DEBUG-root-12396::webapp_internal::wait_blocker|2444:: Waiting blocker to continue...
2025-12-05 12:22:00,441-DEBUG-root-12396::webapp_internal::wait_blocker|2469:: Blocker status: False
2025-12-05 12:22:00,451-DEBUG-root-12396::webapp_internal::wait_blocker|2444:: Waiting blocker to continue...
2025-12-05 12:22:00,553-DEBUG-root-12396::webapp_internal::wait_blocker|2469:: Blocker status: False
2025-12-05 12:22:00,553-INFO-root-12396::webapp_internal::fill_search_browse|2399:: Filling: 02DF0001
2025-12-05 12:22:00,565-DEBUG-root-12396::base::click|192:: Click Type: ClickType.JS
2025-12-05 12:22:01,641-DEBUG-root-12396::webapp_internal::wait_blocker|2444:: Waiting blocker to continue...
2025-12-05 12:22:01,741-DEBUG-root-12396::webapp_internal::wait_blocker|2469:: Blocker status: False
2025-12-05 12:22:01,741-INFO-root-12396::webapp_internal::fill_search_browse|2399:: Filling: 02DF0001
2025-12-05 12:22:01,755-DEBUG-root-12396::base::click|192:: Click Type: ClickType.JS
2025-12-05 12:22:02,833-DEBUG-root-12396::webapp_internal::wait_blocker|2444:: Waiting blocker to continue...
2025-12-05 12:22:02,931-DEBUG-root-12396::webapp_internal::wait_blocker|2469:: Blocker status: False
2025-12-05 12:22:02,931-INFO-root-12396::webapp_internal::fill_search_browse|2399:: Filling: 02DF0001
2025-12-05 12:22:02,941-DEBUG-root-12396::base::click|192:: Click Type: ClickType.JS
2025-12-05 12:22:04,033-DEBUG-root-12396::webapp_internal::wait_blocker|2444:: Waiting blocker to continue...
2025-12-05 12:22:04,134-DEBUG-root-12396::webapp_internal::wait_blocker|2469:: Blocker status: False
2025-12-05 12:22:04,134-INFO-root-12396::webapp_internal::fill_search_browse|2399:: Filling: 02DF0001
2025-12-05 12:22:04,146-DEBUG-root-12396::base::click|192:: Click Type: ClickType.JS
2025-12-05 12:22:05,214-DEBUG-root-12396::webapp_internal::wait_blocker|2444:: Waiting blocker to continue...
2025-12-05 12:22:05,306-DEBUG-root-12396::webapp_internal::wait_blocker|2469:: Blocker status: False
2025-12-05 12:22:05,306-INFO-root-12396::webapp_internal::fill_search_browse|2399:: Filling: 02DF0001
2025-12-05 12:22:05,320-DEBUG-root-12396::base::click|192:: Click Type: ClickType.JS
2025-12-05 12:22:06,400-DEBUG-root-12396::webapp_internal::wait_blocker|2444:: Waiting blocker to continue...
2025-12-05 12:22:06,492-DEBUG-root-12396::webapp_internal::wait_blocker|2469:: Blocker status: False
2025-12-05 12:22:06,492-INFO-root-12396::webapp_internal::fill_search_browse|2399:: Filling: 02DF0001
2025-12-05 12:22:06,507-DEBUG-root-12396::base::click|192:: Click Type: ClickType.JS
2025-12-05 12:22:07,589-DEBUG-root-12396::webapp_internal::wait_blocker|2444:: Waiting blocker to continue...
2025-12-05 12:22:07,685-DEBUG-root-12396::webapp_internal::wait_blocker|2469:: Blocker status: False
2025-12-05 12:22:07,686-INFO-root-12396::webapp_internal::fill_search_browse|2399:: Filling: 02DF0001
2025-12-05 12:22:07,698-DEBUG-root-12396::base::click|192:: Click Type: ClickType.JS
2025-12-05 12:22:08,786-DEBUG-root-12396::webapp_internal::wait_blocker|2444:: Waiting blocker to continue...
2025-12-05 12:22:08,887-DEBUG-root-12396::webapp_internal::wait_blocker|2469:: Blocker status: False
2025-12-05 12:22:08,890-DEBUG-root-12396::base::double_click|259:: Click Type: ClickType.SELENIUM
2025-12-05 12:22:08,898-WARNING-root-12396::base::double_click|280:: Warning double_click method Exception: Message: Element <button class="button-image" type="button"> is not clickable at point (1258,360) because another element <wa-button id="COMP6023" class="dict-tbutton focus"> obscures it
Stacktrace:
RemoteError@chrome://remote/content/shared/RemoteError.sys.mjs:8:8
WebDriverError@chrome://remote/content/shared/webdriver/Errors.sys.mjs:202:5
ElementClickInterceptedError@chrome://remote/content/shared/webdriver/Errors.sys.mjs:354:5
webdriverClickElement@chrome://remote/content/marionette/interaction.sys.mjs:175:11
interaction.clickElement@chrome://remote/content/marionette/interaction.sys.mjs:134:11
clickElement@chrome://remote/content/marionette/actors/MarionetteCommandsChild.sys.mjs:327:29
receiveMessage@chrome://remote/content/marionette/actors/MarionetteCommandsChild.sys.mjs:210:31

2025-12-05 12:22:09,204-INFO-root-12396::webapp_internal::SetButton|4444:: Clicking on OK
2025-12-05 12:22:09,205-DEBUG-root-12396::webapp_internal::wait_blocker|2444:: Waiting blocker to continue...
2025-12-05 12:22:09,353-DEBUG-root-12396::webapp_internal::wait_blocker|2469:: Blocker status: False
2025-12-05 12:22:09,676-DEBUG-root-12396::webapp_internal::wait_element_timeout|7726:: Element found! Waiting for element to be displayed.
2025-12-05 12:22:09,864-DEBUG-root-12396::webapp_internal::SetButton|4481:: ***System Info*** Before Clicking on button:OK
2025-12-05 12:22:09,864-DEBUG-root-12396::psutil_info::system_info|5:: CPU USAGE: 9.7%
2025-12-05 12:22:09,864-DEBUG-root-12396::psutil_info::system_info|6:: MEMORY USAGE: 89.5%
2025-12-05 12:22:09,865-DEBUG-root-12396::psutil_info::system_info|7:: MEMORY AVAILABLE: 10.55%
2025-12-05 12:22:10,193-DEBUG-root-12396::webapp_internal::wait_element_timeout|7726:: Element found! Waiting for element to be displayed.
2025-12-05 12:22:10,439-DEBUG-root-12396::webapp_internal::wait_blocker|2444:: Waiting blocker to continue...
2025-12-05 12:22:10,552-DEBUG-root-12396::webapp_internal::wait_blocker|2469:: Blocker status: False
2025-12-05 12:22:10,576-DEBUG-root-12396::webapp_internal::wait_blocker|2444:: Waiting blocker to continue...
2025-12-05 12:22:10,671-DEBUG-root-12396::webapp_internal::wait_blocker|2469:: Blocker status: False
2025-12-05 12:22:10,671-DEBUG-root-12396::webapp_internal::send_action|10480:: Trying to send action
2025-12-05 12:22:10,673-DEBUG-root-12396::base::click|192:: Click Type: ClickType.JS
2025-12-05 12:22:13,271-DEBUG-root-12396::webapp_internal::send_action|10522:: send_action method result = True
2025-12-05 12:22:13,271-DEBUG-root-12396::webapp_internal::send_action|10523:: send_action selenium status: True
2025-12-05 12:22:13,271-DEBUG-root-12396::webapp_internal::SetButton|4683:: ***System Info*** After Clicking on button:
2025-12-05 12:22:13,273-DEBUG-root-12396::psutil_info::system_info|5:: CPU USAGE: 12.8%
2025-12-05 12:22:13,273-DEBUG-root-12396::psutil_info::system_info|6:: MEMORY USAGE: 89.6%
2025-12-05 12:22:13,273-DEBUG-root-12396::psutil_info::system_info|7:: MEMORY AVAILABLE: 10.36%
2025-12-05 12:22:13,474-INFO-root-12396::webapp_internal::WaitShow|4980:: Waiting show text 'Solicitacoes de Viagens - INCLUIR'...
2025-12-05 12:22:13,723-INFO-root-12396::webapp_internal::WaitShow|4996:: Text found! 
2025-12-05 12:22:13,723-DEBUG-root-12396::webapp_internal::wait_blocker|2444:: Waiting blocker to continue...
2025-12-05 12:22:13,864-DEBUG-root-12396::webapp_internal::wait_blocker|2469:: Blocker status: False
2025-12-05 12:22:13,864-DEBUG-root-12396::webapp_internal::wait_element|7623:: Waiting for element
2025-12-05 12:22:13,948-DEBUG-root-12396::webapp_internal::wait_element|7653:: Element found! Waiting for element to be displayed.
2025-12-05 12:22:14,037-INFO-root-12396::webapp_internal::input_value|2941:: Looking for element: ZV3_DESCRI
2025-12-05 12:22:14,225-INFO-root-12396::webapp_internal::input_value|2951:: Element: ZV3_DESCRI Found!
2025-12-05 12:22:14,226-INFO-root-12396::webapp_internal::input_value|2953:: Filling element: ZV3_DESCRI
2025-12-05 12:22:14,256-DEBUG-root-12396::webapp_internal::get_web_value|3232:: Current value:                                                   
2025-12-05 12:22:14,301-DEBUG-root-12396::base::double_click|259:: Click Type: ClickType.SELENIUM
2025-12-05 12:22:14,559-DEBUG-root-12396::webapp_internal::wait_blocker|2444:: Waiting blocker to continue...
2025-12-05 12:22:14,692-DEBUG-root-12396::webapp_internal::wait_blocker|2469:: Blocker status: False
2025-12-05 12:22:15,058-DEBUG-root-12396::webapp_internal::get_web_value|3232:: Current value: USO PARA TESTE AUTOMATIZADO                       
2025-12-05 12:22:15,058-INFO-root-12396::webapp_internal::input_value|3059:: Current field value: USO PARA TESTE AUTOMATIZADO
2025-12-05 12:22:15,091-DEBUG-root-12396::webapp_internal::wait_blocker|2444:: Waiting blocker to continue...
2025-12-05 12:22:15,237-DEBUG-root-12396::webapp_internal::wait_blocker|2469:: Blocker status: False
2025-12-05 12:22:15,237-DEBUG-root-12396::webapp_internal::wait_element|7623:: Waiting for element
2025-12-05 12:22:15,316-DEBUG-root-12396::webapp_internal::wait_element|7653:: Element found! Waiting for element to be displayed.
2025-12-05 12:22:15,387-INFO-root-12396::webapp_internal::input_value|2941:: Looking for element: ZV3_DTINI
2025-12-05 12:22:15,585-INFO-root-12396::webapp_internal::input_value|2951:: Element: ZV3_DTINI Found!
2025-12-05 12:22:15,585-INFO-root-12396::webapp_internal::input_value|2953:: Filling element: ZV3_DTINI
2025-12-05 12:22:15,620-DEBUG-root-12396::webapp_internal::get_web_value|3232:: Current value:   /  /    
2025-12-05 12:22:15,656-DEBUG-root-12396::base::double_click|259:: Click Type: ClickType.SELENIUM
2025-12-05 12:22:15,916-DEBUG-root-12396::webapp_internal::wait_blocker|2444:: Waiting blocker to continue...
2025-12-05 12:22:16,049-DEBUG-root-12396::webapp_internal::wait_blocker|2469:: Blocker status: False
2025-12-05 12:22:16,357-DEBUG-root-12396::webapp_internal::get_web_value|3232:: Current value: 20/12/2025
2025-12-05 12:22:16,358-INFO-root-12396::webapp_internal::input_value|3059:: Current field value: 20122025
2025-12-05 12:22:16,368-DEBUG-root-12396::webapp_internal::wait_blocker|2444:: Waiting blocker to continue...
2025-12-05 12:22:16,519-DEBUG-root-12396::webapp_internal::wait_blocker|2469:: Blocker status: False
2025-12-05 12:22:16,519-DEBUG-root-12396::webapp_internal::wait_element|7623:: Waiting for element
2025-12-05 12:22:16,650-DEBUG-root-12396::webapp_internal::wait_element|7653:: Element found! Waiting for element to be displayed.
2025-12-05 12:22:16,741-INFO-root-12396::webapp_internal::input_value|2941:: Looking for element: ZV3_DTFIM
2025-12-05 12:22:16,921-INFO-root-12396::webapp_internal::input_value|2951:: Element: ZV3_DTFIM Found!
2025-12-05 12:22:16,921-INFO-root-12396::webapp_internal::input_value|2953:: Filling element: ZV3_DTFIM
2025-12-05 12:22:16,955-DEBUG-root-12396::webapp_internal::get_web_value|3232:: Current value:   /  /    
2025-12-05 12:22:16,994-DEBUG-root-12396::base::double_click|259:: Click Type: ClickType.SELENIUM
2025-12-05 12:22:17,250-DEBUG-root-12396::webapp_internal::wait_blocker|2444:: Waiting blocker to continue...
2025-12-05 12:22:17,387-DEBUG-root-12396::webapp_internal::wait_blocker|2469:: Blocker status: False
2025-12-05 12:22:17,758-DEBUG-root-12396::webapp_internal::get_web_value|3232:: Current value: 27/12/2025
2025-12-05 12:22:17,759-INFO-root-12396::webapp_internal::input_value|3059:: Current field value: 27122025
2025-12-05 12:22:18,772-DEBUG-root-12396::webapp_internal::wait_blocker|2444:: Waiting blocker to continue...
2025-12-05 12:22:18,907-DEBUG-root-12396::webapp_internal::wait_blocker|2469:: Blocker status: False
2025-12-05 12:22:18,908-DEBUG-root-12396::webapp_internal::wait_element|7623:: Waiting for element
2025-12-05 12:22:19,021-DEBUG-root-12396::webapp_internal::wait_element|7653:: Element found! Waiting for element to be displayed.
2025-12-05 12:22:19,115-INFO-root-12396::webapp_internal::input_value|2941:: Looking for element: ZV3_CC
2025-12-05 12:22:19,290-INFO-root-12396::webapp_internal::input_value|2951:: Element: ZV3_CC Found!
2025-12-05 12:22:19,290-INFO-root-12396::webapp_internal::input_value|2953:: Filling element: ZV3_CC
2025-12-05 12:22:19,321-DEBUG-root-12396::webapp_internal::get_web_value|3232:: Current value:          
2025-12-05 12:22:19,371-DEBUG-root-12396::base::double_click|259:: Click Type: ClickType.SELENIUM
2025-12-05 12:22:19,643-DEBUG-root-12396::webapp_internal::wait_blocker|2444:: Waiting blocker to continue...
2025-12-05 12:22:19,783-DEBUG-root-12396::webapp_internal::wait_blocker|2469:: Blocker status: False
2025-12-05 12:22:20,125-DEBUG-root-12396::webapp_internal::get_web_value|3232:: Current value: 000000677
2025-12-05 12:22:20,125-INFO-root-12396::webapp_internal::input_value|3059:: Current field value: 000000677
2025-12-05 12:22:20,138-DEBUG-root-12396::webapp_internal::wait_blocker|2444:: Waiting blocker to continue...
2025-12-05 12:22:20,316-DEBUG-root-12396::webapp_internal::wait_blocker|2469:: Blocker status: False
2025-12-05 12:22:20,316-DEBUG-root-12396::webapp_internal::wait_element|7623:: Waiting for element
2025-12-05 12:22:20,400-DEBUG-root-12396::webapp_internal::wait_element|7653:: Element found! Waiting for element to be displayed.
2025-12-05 12:22:20,471-INFO-root-12396::webapp_internal::input_value|2941:: Looking for element: ZV3_TIPO
2025-12-05 12:22:20,650-INFO-root-12396::webapp_internal::input_value|2951:: Element: ZV3_TIPO Found!
2025-12-05 12:22:20,650-INFO-root-12396::webapp_internal::input_value|2953:: Filling element: ZV3_TIPO
2025-12-05 12:22:21,841-INFO-root-12396::base::select_combo|871:: Selected value for combo is: 1 - Servico
2025-12-05 12:22:21,901-DEBUG-root-12396::webapp_internal::wait_blocker|2444:: Waiting blocker to continue...
2025-12-05 12:22:22,040-DEBUG-root-12396::webapp_internal::wait_blocker|2469:: Blocker status: False
2025-12-05 12:22:22,040-DEBUG-root-12396::webapp_internal::wait_element|7623:: Waiting for element
2025-12-05 12:22:22,158-DEBUG-root-12396::webapp_internal::wait_element|7653:: Element found! Waiting for element to be displayed.
2025-12-05 12:22:22,241-INFO-root-12396::webapp_internal::input_value|2941:: Looking for element: ZV3_OBS
2025-12-05 12:22:22,435-INFO-root-12396::webapp_internal::input_value|2951:: Element: ZV3_OBS Found!
2025-12-05 12:22:22,435-INFO-root-12396::webapp_internal::input_value|2953:: Filling element: ZV3_OBS
2025-12-05 12:22:22,465-DEBUG-root-12396::webapp_internal::get_web_value|3232:: Current value: 
2025-12-05 12:22:22,489-DEBUG-root-12396::base::double_click|259:: Click Type: ClickType.SELENIUM
2025-12-05 12:22:22,752-DEBUG-root-12396::webapp_internal::wait_blocker|2444:: Waiting blocker to continue...
2025-12-05 12:22:22,902-DEBUG-root-12396::webapp_internal::wait_blocker|2469:: Blocker status: False
2025-12-05 12:22:23,280-DEBUG-root-12396::webapp_internal::get_web_value|3232:: Current value: TESTE DE SOLICITAÇÃO DE VIAGEM
2025-12-05 12:22:23,281-INFO-root-12396::webapp_internal::input_value|3059:: Current field value: TESTE DE SOLICITAÇÃO DE VIAGEM
2025-12-05 12:22:23,289-DEBUG-root-12396::webapp_internal::wait_blocker|2444:: Waiting blocker to continue...
2025-12-05 12:22:23,431-DEBUG-root-12396::webapp_internal::wait_blocker|2469:: Blocker status: False
2025-12-05 12:22:23,433-INFO-root-12396::webapp_internal::SetKey|5822:: Key pressed: TAB
2025-12-05 12:22:23,433-DEBUG-root-12396::webapp_internal::SetKey|5857:: Trying press key
2025-12-05 12:22:23,573-DEBUG-root-12396::webapp_internal::wait_blocker|2444:: Waiting blocker to continue...
2025-12-05 12:22:23,714-DEBUG-root-12396::webapp_internal::wait_blocker|2469:: Blocker status: False
2025-12-05 12:22:23,764-DEBUG-root-12396::webapp_internal::wait_blocker|2444:: Waiting blocker to continue...
2025-12-05 12:22:23,902-DEBUG-root-12396::webapp_internal::wait_blocker|2469:: Blocker status: False
2025-12-05 12:22:23,902-DEBUG-root-12396::webapp_internal::send_action|10480:: Trying to send action
2025-12-05 12:22:24,947-DEBUG-root-12396::webapp_internal::send_action|10522:: send_action method result = True
2025-12-05 12:22:24,947-DEBUG-root-12396::webapp_internal::send_action|10523:: send_action selenium status: False
2025-12-05 12:22:24,947-DEBUG-root-12396::webapp_internal::wait_element|7623:: Waiting for element
2025-12-05 12:22:25,068-DEBUG-root-12396::webapp_internal::wait_element|7653:: Element found! Waiting for element to be displayed.
2025-12-05 12:22:25,338-DEBUG-root-12396::webapp_internal::wait_blocker|2444:: Waiting blocker to continue...
2025-12-05 12:22:25,473-DEBUG-root-12396::webapp_internal::wait_blocker|2469:: Blocker status: False
2025-12-05 12:22:25,474-INFO-root-12396::webapp_internal::LoadGrid|6298:: Filling grid field: Favorecido
2025-12-05 12:22:25,474-DEBUG-root-12396::webapp_internal::fill_grid|6399:: Grid loading...
2025-12-05 12:22:25,659-DEBUG-root-12396::webapp_internal::fill_grid|6466:: Column found!
2025-12-05 12:22:25,701-DEBUG-root-12396::base::click|192:: Click Type: ClickType.ACTIONCHAINS
2025-12-05 12:22:26,005-DEBUG-root-12396::webapp_internal::fill_grid|6486:: Trying to select cell in grid!
2025-12-05 12:22:26,007-DEBUG-root-12396::base::click|192:: Click Type: ClickType.ACTIONCHAINS
2025-12-05 12:22:26,308-DEBUG-root-12396::webapp_internal::fill_grid|6486:: Trying to select cell in grid!
2025-12-05 12:22:26,315-DEBUG-root-12396::base::click|192:: Click Type: ClickType.ACTIONCHAINS
2025-12-05 12:22:26,601-DEBUG-root-12396::webapp_internal::fill_grid|6486:: Trying to select cell in grid!
2025-12-05 12:22:26,603-DEBUG-root-12396::base::click|192:: Click Type: ClickType.ACTIONCHAINS
2025-12-05 12:22:26,898-DEBUG-root-12396::webapp_internal::fill_grid|6486:: Trying to select cell in grid!
2025-12-05 12:22:26,901-DEBUG-root-12396::base::click|192:: Click Type: ClickType.ACTIONCHAINS
2025-12-05 12:22:27,191-DEBUG-root-12396::webapp_internal::fill_grid|6486:: Trying to select cell in grid!
2025-12-05 12:22:27,193-DEBUG-root-12396::base::click|192:: Click Type: ClickType.ACTIONCHAINS
2025-12-05 12:22:27,490-DEBUG-root-12396::webapp_internal::fill_grid|6486:: Trying to select cell in grid!
2025-12-05 12:22:27,493-DEBUG-root-12396::base::click|192:: Click Type: ClickType.ACTIONCHAINS
2025-12-05 12:22:27,783-DEBUG-root-12396::webapp_internal::fill_grid|6486:: Trying to select cell in grid!
2025-12-05 12:22:27,786-DEBUG-root-12396::base::click|192:: Click Type: ClickType.ACTIONCHAINS
2025-12-05 12:22:28,075-DEBUG-root-12396::webapp_internal::fill_grid|6486:: Trying to select cell in grid!
2025-12-05 12:22:28,081-DEBUG-root-12396::base::click|192:: Click Type: ClickType.ACTIONCHAINS
2025-12-05 12:22:28,376-DEBUG-root-12396::webapp_internal::fill_grid|6486:: Trying to select cell in grid!
2025-12-05 12:22:28,381-DEBUG-root-12396::base::click|192:: Click Type: ClickType.ACTIONCHAINS
2025-12-05 12:22:28,673-DEBUG-root-12396::webapp_internal::fill_grid|6486:: Trying to select cell in grid!
2025-12-05 12:22:28,675-DEBUG-root-12396::base::click|192:: Click Type: ClickType.ACTIONCHAINS
2025-12-05 12:22:28,965-DEBUG-root-12396::webapp_internal::fill_grid|6486:: Trying to select cell in grid!
2025-12-05 12:22:28,967-DEBUG-root-12396::base::click|192:: Click Type: ClickType.ACTIONCHAINS
2025-12-05 12:22:29,259-DEBUG-root-12396::webapp_internal::fill_grid|6486:: Trying to select cell in grid!
2025-12-05 12:22:29,264-DEBUG-root-12396::base::click|192:: Click Type: ClickType.ACTIONCHAINS
2025-12-05 12:22:29,557-DEBUG-root-12396::webapp_internal::fill_grid|6486:: Trying to select cell in grid!
2025-12-05 12:22:29,559-DEBUG-root-12396::base::click|192:: Click Type: ClickType.ACTIONCHAINS
2025-12-05 12:22:29,865-DEBUG-root-12396::webapp_internal::fill_grid|6486:: Trying to select cell in grid!
2025-12-05 12:22:29,869-DEBUG-root-12396::base::click|192:: Click Type: ClickType.ACTIONCHAINS
2025-12-05 12:22:30,133-DEBUG-root-12396::webapp_internal::fill_grid|6486:: Trying to select cell in grid!
2025-12-05 12:22:30,136-DEBUG-root-12396::base::click|192:: Click Type: ClickType.ACTIONCHAINS
2025-12-05 12:22:30,400-DEBUG-root-12396::webapp_internal::fill_grid|6486:: Trying to select cell in grid!
2025-12-05 12:22:30,403-DEBUG-root-12396::base::click|192:: Click Type: ClickType.ACTIONCHAINS
2025-12-05 12:22:30,697-DEBUG-root-12396::webapp_internal::fill_grid|6486:: Trying to select cell in grid!
2025-12-05 12:22:30,700-DEBUG-root-12396::base::click|192:: Click Type: ClickType.ACTIONCHAINS
2025-12-05 12:22:30,987-DEBUG-root-12396::webapp_internal::fill_grid|6486:: Trying to select cell in grid!
2025-12-05 12:22:30,989-DEBUG-root-12396::base::click|192:: Click Type: ClickType.ACTIONCHAINS
2025-12-05 12:22:31,283-DEBUG-root-12396::webapp_internal::fill_grid|6486:: Trying to select cell in grid!
2025-12-05 12:22:31,286-DEBUG-root-12396::base::click|192:: Click Type: ClickType.ACTIONCHAINS
2025-12-05 12:22:31,581-DEBUG-root-12396::webapp_internal::fill_grid|6486:: Trying to select cell in grid!
2025-12-05 12:22:31,584-DEBUG-root-12396::base::click|192:: Click Type: ClickType.ACTIONCHAINS
2025-12-05 12:22:31,850-DEBUG-root-12396::webapp_internal::fill_grid|6486:: Trying to select cell in grid!
2025-12-05 12:22:31,851-DEBUG-root-12396::base::click|192:: Click Type: ClickType.ACTIONCHAINS
2025-12-05 12:22:32,140-DEBUG-root-12396::webapp_internal::fill_grid|6486:: Trying to select cell in grid!
2025-12-05 12:22:32,142-DEBUG-root-12396::base::click|192:: Click Type: ClickType.ACTIONCHAINS
2025-12-05 12:22:32,438-DEBUG-root-12396::webapp_internal::fill_grid|6486:: Trying to select cell in grid!
2025-12-05 12:22:32,440-DEBUG-root-12396::base::click|192:: Click Type: ClickType.ACTIONCHAINS
2025-12-05 12:22:32,734-DEBUG-root-12396::webapp_internal::fill_grid|6486:: Trying to select cell in grid!
2025-12-05 12:22:32,736-DEBUG-root-12396::base::click|192:: Click Type: ClickType.ACTIONCHAINS
2025-12-05 12:22:33,004-DEBUG-root-12396::webapp_internal::fill_grid|6486:: Trying to select cell in grid!
2025-12-05 12:22:33,006-DEBUG-root-12396::base::click|192:: Click Type: ClickType.ACTIONCHAINS
2025-12-05 12:22:33,300-DEBUG-root-12396::webapp_internal::fill_grid|6486:: Trying to select cell in grid!
2025-12-05 12:22:33,303-DEBUG-root-12396::base::click|192:: Click Type: ClickType.ACTIONCHAINS
2025-12-05 12:22:33,591-DEBUG-root-12396::webapp_internal::fill_grid|6486:: Trying to select cell in grid!
2025-12-05 12:22:33,593-DEBUG-root-12396::base::click|192:: Click Type: ClickType.ACTIONCHAINS
2025-12-05 12:22:33,888-DEBUG-root-12396::webapp_internal::fill_grid|6486:: Trying to select cell in grid!
2025-12-05 12:22:33,890-DEBUG-root-12396::base::click|192:: Click Type: ClickType.ACTIONCHAINS
2025-12-05 12:22:34,189-DEBUG-root-12396::webapp_internal::fill_grid|6486:: Trying to select cell in grid!
2025-12-05 12:22:34,191-DEBUG-root-12396::base::click|192:: Click Type: ClickType.ACTIONCHAINS
2025-12-05 12:22:34,484-DEBUG-root-12396::webapp_internal::fill_grid|6486:: Trying to select cell in grid!
2025-12-05 12:22:34,486-DEBUG-root-12396::base::click|192:: Click Type: ClickType.ACTIONCHAINS
2025-12-05 12:22:34,750-DEBUG-root-12396::webapp_internal::fill_grid|6486:: Trying to select cell in grid!
2025-12-05 12:22:34,753-DEBUG-root-12396::base::click|192:: Click Type: ClickType.ACTIONCHAINS
2025-12-05 12:22:35,047-DEBUG-root-12396::webapp_internal::fill_grid|6486:: Trying to select cell in grid!
2025-12-05 12:22:35,050-DEBUG-root-12396::base::click|192:: Click Type: ClickType.ACTIONCHAINS
2025-12-05 12:22:35,342-DEBUG-root-12396::webapp_internal::fill_grid|6486:: Trying to select cell in grid!
2025-12-05 12:22:35,347-DEBUG-root-12396::base::click|192:: Click Type: ClickType.ACTIONCHAINS
2025-12-05 12:22:35,639-DEBUG-root-12396::webapp_internal::fill_grid|6486:: Trying to select cell in grid!
2025-12-05 12:22:35,641-DEBUG-root-12396::base::click|192:: Click Type: ClickType.ACTIONCHAINS
2025-12-05 12:22:35,906-DEBUG-root-12396::webapp_internal::fill_grid|6486:: Trying to select cell in grid!
2025-12-05 12:22:35,908-DEBUG-root-12396::base::click|192:: Click Type: ClickType.ACTIONCHAINS
2025-12-05 12:22:36,203-DEBUG-root-12396::webapp_internal::fill_grid|6486:: Trying to select cell in grid!
2025-12-05 12:22:36,206-DEBUG-root-12396::base::click|192:: Click Type: ClickType.ACTIONCHAINS
2025-12-05 12:22:36,474-DEBUG-root-12396::webapp_internal::fill_grid|6486:: Trying to select cell in grid!
2025-12-05 12:22:36,476-DEBUG-root-12396::base::click|192:: Click Type: ClickType.ACTIONCHAINS
2025-12-05 12:22:36,741-DEBUG-root-12396::webapp_internal::fill_grid|6486:: Trying to select cell in grid!
2025-12-05 12:22:36,747-DEBUG-root-12396::base::click|192:: Click Type: ClickType.ACTIONCHAINS
2025-12-05 12:22:37,037-DEBUG-root-12396::webapp_internal::fill_grid|6486:: Trying to select cell in grid!
2025-12-05 12:22:37,040-DEBUG-root-12396::base::click|192:: Click Type: ClickType.ACTIONCHAINS
2025-12-05 12:22:37,334-DEBUG-root-12396::webapp_internal::fill_grid|6486:: Trying to select cell in grid!
2025-12-05 12:22:37,336-DEBUG-root-12396::base::click|192:: Click Type: ClickType.ACTIONCHAINS
2025-12-05 12:22:37,631-DEBUG-root-12396::webapp_internal::fill_grid|6486:: Trying to select cell in grid!
2025-12-05 12:22:37,634-DEBUG-root-12396::base::click|192:: Click Type: ClickType.ACTIONCHAINS
2025-12-05 12:22:37,897-DEBUG-root-12396::webapp_internal::fill_grid|6486:: Trying to select cell in grid!
2025-12-05 12:22:37,900-DEBUG-root-12396::base::click|192:: Click Type: ClickType.ACTIONCHAINS
2025-12-05 12:22:38,168-DEBUG-root-12396::webapp_internal::fill_grid|6486:: Trying to select cell in grid!
2025-12-05 12:22:38,170-DEBUG-root-12396::base::click|192:: Click Type: ClickType.ACTIONCHAINS
2025-12-05 12:22:38,460-DEBUG-root-12396::webapp_internal::fill_grid|6486:: Trying to select cell in grid!
2025-12-05 12:22:38,465-DEBUG-root-12396::base::click|192:: Click Type: ClickType.ACTIONCHAINS
2025-12-05 12:22:38,755-DEBUG-root-12396::webapp_internal::fill_grid|6486:: Trying to select cell in grid!
2025-12-05 12:22:38,757-DEBUG-root-12396::base::click|192:: Click Type: ClickType.ACTIONCHAINS
2025-12-05 12:22:39,050-DEBUG-root-12396::webapp_internal::fill_grid|6486:: Trying to select cell in grid!
2025-12-05 12:22:39,053-DEBUG-root-12396::base::click|192:: Click Type: ClickType.ACTIONCHAINS
2025-12-05 12:22:39,342-DEBUG-root-12396::webapp_internal::fill_grid|6486:: Trying to select cell in grid!
2025-12-05 12:22:39,346-DEBUG-root-12396::base::click|192:: Click Type: ClickType.ACTIONCHAINS
2025-12-05 12:22:39,614-DEBUG-root-12396::webapp_internal::fill_grid|6486:: Trying to select cell in grid!
2025-12-05 12:22:39,617-DEBUG-root-12396::base::click|192:: Click Type: ClickType.ACTIONCHAINS
2025-12-05 12:22:39,905-DEBUG-root-12396::webapp_internal::fill_grid|6486:: Trying to select cell in grid!
2025-12-05 12:22:39,907-DEBUG-root-12396::base::click|192:: Click Type: ClickType.ACTIONCHAINS
2025-12-05 12:22:40,172-DEBUG-root-12396::webapp_internal::fill_grid|6486:: Trying to select cell in grid!
2025-12-05 12:22:40,174-DEBUG-root-12396::base::click|192:: Click Type: ClickType.ACTIONCHAINS
2025-12-05 12:22:40,470-DEBUG-root-12396::webapp_internal::fill_grid|6486:: Trying to select cell in grid!
2025-12-05 12:22:40,472-DEBUG-root-12396::base::click|192:: Click Type: ClickType.ACTIONCHAINS
2025-12-05 12:22:40,767-DEBUG-root-12396::webapp_internal::fill_grid|6486:: Trying to select cell in grid!
2025-12-05 12:22:40,769-DEBUG-root-12396::base::click|192:: Click Type: ClickType.ACTIONCHAINS
2025-12-05 12:22:41,060-DEBUG-root-12396::webapp_internal::fill_grid|6486:: Trying to select cell in grid!
2025-12-05 12:22:41,064-DEBUG-root-12396::base::click|192:: Click Type: ClickType.ACTIONCHAINS
2025-12-05 12:22:41,353-DEBUG-root-12396::webapp_internal::fill_grid|6486:: Trying to select cell in grid!
2025-12-05 12:22:41,355-DEBUG-root-12396::base::click|192:: Click Type: ClickType.ACTIONCHAINS
2025-12-05 12:22:41,647-DEBUG-root-12396::webapp_internal::fill_grid|6486:: Trying to select cell in grid!
2025-12-05 12:22:41,650-DEBUG-root-12396::base::click|192:: Click Type: ClickType.ACTIONCHAINS
2025-12-05 12:22:41,939-DEBUG-root-12396::webapp_internal::fill_grid|6486:: Trying to select cell in grid!
2025-12-05 12:22:41,941-DEBUG-root-12396::base::click|192:: Click Type: ClickType.ACTIONCHAINS
2025-12-05 12:22:42,237-DEBUG-root-12396::webapp_internal::fill_grid|6486:: Trying to select cell in grid!
2025-12-05 12:22:42,238-DEBUG-root-12396::base::click|192:: Click Type: ClickType.ACTIONCHAINS
2025-12-05 12:22:42,534-DEBUG-root-12396::webapp_internal::fill_grid|6486:: Trying to select cell in grid!
2025-12-05 12:22:42,536-DEBUG-root-12396::base::click|192:: Click Type: ClickType.ACTIONCHAINS
2025-12-05 12:22:42,825-DEBUG-root-12396::webapp_internal::fill_grid|6486:: Trying to select cell in grid!
2025-12-05 12:22:42,830-DEBUG-root-12396::base::click|192:: Click Type: ClickType.ACTIONCHAINS
2025-12-05 12:22:43,120-DEBUG-root-12396::webapp_internal::fill_grid|6486:: Trying to select cell in grid!
2025-12-05 12:22:43,122-DEBUG-root-12396::base::click|192:: Click Type: ClickType.ACTIONCHAINS
2025-12-05 12:22:43,410-DEBUG-root-12396::webapp_internal::fill_grid|6486:: Trying to select cell in grid!
2025-12-05 12:22:43,414-DEBUG-root-12396::base::click|192:: Click Type: ClickType.ACTIONCHAINS
2025-12-05 12:22:43,674-DEBUG-root-12396::webapp_internal::fill_grid|6486:: Trying to select cell in grid!
2025-12-05 12:22:43,676-DEBUG-root-12396::base::click|192:: Click Type: ClickType.ACTIONCHAINS
2025-12-05 12:22:43,941-DEBUG-root-12396::webapp_internal::fill_grid|6486:: Trying to select cell in grid!
2025-12-05 12:22:43,946-DEBUG-root-12396::base::click|192:: Click Type: ClickType.ACTIONCHAINS
2025-12-05 12:22:44,237-DEBUG-root-12396::webapp_internal::fill_grid|6486:: Trying to select cell in grid!
2025-12-05 12:22:44,239-DEBUG-root-12396::base::click|192:: Click Type: ClickType.ACTIONCHAINS
2025-12-05 12:22:44,533-DEBUG-root-12396::webapp_internal::fill_grid|6486:: Trying to select cell in grid!
2025-12-05 12:22:44,535-DEBUG-root-12396::base::click|192:: Click Type: ClickType.ACTIONCHAINS
2025-12-05 12:22:44,825-DEBUG-root-12396::webapp_internal::fill_grid|6486:: Trying to select cell in grid!
2025-12-05 12:22:44,830-DEBUG-root-12396::base::click|192:: Click Type: ClickType.ACTIONCHAINS
2025-12-05 12:22:45,120-DEBUG-root-12396::webapp_internal::fill_grid|6486:: Trying to select cell in grid!
2025-12-05 12:22:45,122-DEBUG-root-12396::base::click|192:: Click Type: ClickType.ACTIONCHAINS
2025-12-05 12:22:45,416-DEBUG-root-12396::webapp_internal::fill_grid|6486:: Trying to select cell in grid!
2025-12-05 12:22:45,418-DEBUG-root-12396::base::click|192:: Click Type: ClickType.ACTIONCHAINS
2025-12-05 12:22:45,708-DEBUG-root-12396::webapp_internal::fill_grid|6486:: Trying to select cell in grid!
2025-12-05 12:22:45,714-DEBUG-root-12396::base::click|192:: Click Type: ClickType.ACTIONCHAINS
2025-12-05 12:22:46,004-DEBUG-root-12396::webapp_internal::fill_grid|6486:: Trying to select cell in grid!
2025-12-05 12:22:46,006-DEBUG-root-12396::base::click|192:: Click Type: ClickType.ACTIONCHAINS
2025-12-05 12:22:46,300-DEBUG-root-12396::webapp_internal::fill_grid|6486:: Trying to select cell in grid!
2025-12-05 12:22:46,303-DEBUG-root-12396::base::click|192:: Click Type: ClickType.ACTIONCHAINS
2025-12-05 12:22:46,592-DEBUG-root-12396::webapp_internal::fill_grid|6486:: Trying to select cell in grid!
2025-12-05 12:22:46,598-DEBUG-root-12396::base::click|192:: Click Type: ClickType.ACTIONCHAINS
2025-12-05 12:22:46,886-DEBUG-root-12396::webapp_internal::fill_grid|6486:: Trying to select cell in grid!
2025-12-05 12:22:46,888-DEBUG-root-12396::base::click|192:: Click Type: ClickType.ACTIONCHAINS
2025-12-05 12:22:47,153-DEBUG-root-12396::webapp_internal::fill_grid|6486:: Trying to select cell in grid!
2025-12-05 12:22:47,154-DEBUG-root-12396::base::click|192:: Click Type: ClickType.ACTIONCHAINS
2025-12-05 12:22:47,421-DEBUG-root-12396::webapp_internal::fill_grid|6486:: Trying to select cell in grid!
2025-12-05 12:22:47,423-DEBUG-root-12396::base::click|192:: Click Type: ClickType.ACTIONCHAINS
2025-12-05 12:22:47,715-DEBUG-root-12396::webapp_internal::fill_grid|6486:: Trying to select cell in grid!
2025-12-05 12:22:47,718-DEBUG-root-12396::base::click|192:: Click Type: ClickType.ACTIONCHAINS
2025-12-05 12:22:48,008-DEBUG-root-12396::webapp_internal::fill_grid|6486:: Trying to select cell in grid!
2025-12-05 12:22:48,014-DEBUG-root-12396::base::click|192:: Click Type: ClickType.ACTIONCHAINS
2025-12-05 12:22:48,304-DEBUG-root-12396::webapp_internal::fill_grid|6486:: Trying to select cell in grid!
2025-12-05 12:22:48,306-DEBUG-root-12396::base::click|192:: Click Type: ClickType.ACTIONCHAINS
2025-12-05 12:22:48,599-DEBUG-root-12396::webapp_internal::fill_grid|6486:: Trying to select cell in grid!
2025-12-05 12:22:48,601-DEBUG-root-12396::base::click|192:: Click Type: ClickType.ACTIONCHAINS
2025-12-05 12:22:48,865-DEBUG-root-12396::webapp_internal::fill_grid|6486:: Trying to select cell in grid!
2025-12-05 12:22:48,867-DEBUG-root-12396::base::click|192:: Click Type: ClickType.ACTIONCHAINS
2025-12-05 12:22:49,157-DEBUG-root-12396::webapp_internal::fill_grid|6486:: Trying to select cell in grid!
2025-12-05 12:22:49,159-DEBUG-root-12396::base::click|192:: Click Type: ClickType.ACTIONCHAINS
2025-12-05 12:22:49,454-DEBUG-root-12396::webapp_internal::fill_grid|6486:: Trying to select cell in grid!
2025-12-05 12:22:49,456-DEBUG-root-12396::base::click|192:: Click Type: ClickType.ACTIONCHAINS
2025-12-05 12:22:49,750-DEBUG-root-12396::webapp_internal::fill_grid|6486:: Trying to select cell in grid!
2025-12-05 12:22:49,753-DEBUG-root-12396::base::click|192:: Click Type: ClickType.ACTIONCHAINS
2025-12-05 12:22:50,047-DEBUG-root-12396::webapp_internal::fill_grid|6486:: Trying to select cell in grid!
2025-12-05 12:22:50,049-DEBUG-root-12396::base::click|192:: Click Type: ClickType.ACTIONCHAINS
2025-12-05 12:22:50,338-DEBUG-root-12396::webapp_internal::fill_grid|6486:: Trying to select cell in grid!
2025-12-05 12:22:50,340-DEBUG-root-12396::base::click|192:: Click Type: ClickType.ACTIONCHAINS
2025-12-05 12:22:50,636-DEBUG-root-12396::webapp_internal::fill_grid|6486:: Trying to select cell in grid!
2025-12-05 12:22:50,638-DEBUG-root-12396::base::click|192:: Click Type: ClickType.ACTIONCHAINS
2025-12-05 12:22:50,931-DEBUG-root-12396::webapp_internal::fill_grid|6486:: Trying to select cell in grid!
2025-12-05 12:22:50,933-DEBUG-root-12396::base::click|192:: Click Type: ClickType.ACTIONCHAINS
2025-12-05 12:22:51,220-DEBUG-root-12396::webapp_internal::fill_grid|6486:: Trying to select cell in grid!
2025-12-05 12:22:51,223-DEBUG-root-12396::base::click|192:: Click Type: ClickType.ACTIONCHAINS
2025-12-05 12:22:51,517-DEBUG-root-12396::webapp_internal::fill_grid|6486:: Trying to select cell in grid!
2025-12-05 12:22:51,519-DEBUG-root-12396::base::click|192:: Click Type: ClickType.ACTIONCHAINS
2025-12-05 12:22:51,807-DEBUG-root-12396::webapp_internal::fill_grid|6486:: Trying to select cell in grid!
2025-12-05 12:22:51,809-DEBUG-root-12396::base::click|192:: Click Type: ClickType.ACTIONCHAINS
2025-12-05 12:22:52,104-DEBUG-root-12396::webapp_internal::fill_grid|6486:: Trying to select cell in grid!
2025-12-05 12:22:52,105-DEBUG-root-12396::base::click|192:: Click Type: ClickType.ACTIONCHAINS
2025-12-05 12:22:52,369-DEBUG-root-12396::webapp_internal::fill_grid|6486:: Trying to select cell in grid!
2025-12-05 12:22:52,371-DEBUG-root-12396::base::click|192:: Click Type: ClickType.ACTIONCHAINS
2025-12-05 12:22:52,659-DEBUG-root-12396::webapp_internal::fill_grid|6486:: Trying to select cell in grid!
2025-12-05 12:22:52,663-DEBUG-root-12396::base::click|192:: Click Type: ClickType.ACTIONCHAINS
2025-12-05 12:22:52,956-DEBUG-root-12396::webapp_internal::fill_grid|6486:: Trying to select cell in grid!
2025-12-05 12:22:52,958-DEBUG-root-12396::base::click|192:: Click Type: ClickType.ACTIONCHAINS
2025-12-05 12:22:53,250-DEBUG-root-12396::webapp_internal::fill_grid|6486:: Trying to select cell in grid!
2025-12-05 12:22:53,251-DEBUG-root-12396::base::click|192:: Click Type: ClickType.ACTIONCHAINS
2025-12-05 12:22:53,543-DEBUG-root-12396::webapp_internal::fill_grid|6486:: Trying to select cell in grid!
2025-12-05 12:22:53,546-DEBUG-root-12396::base::click|192:: Click Type: ClickType.ACTIONCHAINS
2025-12-05 12:22:53,837-DEBUG-root-12396::webapp_internal::fill_grid|6486:: Trying to select cell in grid!
2025-12-05 12:22:53,839-DEBUG-root-12396::base::click|192:: Click Type: ClickType.ACTIONCHAINS
2025-12-05 12:22:54,130-DEBUG-root-12396::webapp_internal::fill_grid|6486:: Trying to select cell in grid!
2025-12-05 12:22:54,132-DEBUG-root-12396::base::click|192:: Click Type: ClickType.ACTIONCHAINS
2025-12-05 12:22:54,421-DEBUG-root-12396::webapp_internal::fill_grid|6486:: Trying to select cell in grid!
2025-12-05 12:22:54,423-DEBUG-root-12396::base::click|192:: Click Type: ClickType.ACTIONCHAINS
2025-12-05 12:22:54,690-DEBUG-root-12396::webapp_internal::fill_grid|6486:: Trying to select cell in grid!
2025-12-05 12:22:54,692-DEBUG-root-12396::base::click|192:: Click Type: ClickType.ACTIONCHAINS
2025-12-05 12:22:54,989-DEBUG-root-12396::webapp_internal::fill_grid|6486:: Trying to select cell in grid!
2025-12-05 12:22:54,991-DEBUG-root-12396::base::click|192:: Click Type: ClickType.ACTIONCHAINS
2025-12-05 12:22:55,281-DEBUG-root-12396::webapp_internal::fill_grid|6486:: Trying to select cell in grid!
2025-12-05 12:22:55,284-DEBUG-root-12396::base::click|192:: Click Type: ClickType.ACTIONCHAINS
2025-12-05 12:22:55,573-DEBUG-root-12396::webapp_internal::fill_grid|6486:: Trying to select cell in grid!
2025-12-05 12:22:55,575-DEBUG-root-12396::base::click|192:: Click Type: ClickType.ACTIONCHAINS
2025-12-05 12:22:55,869-DEBUG-root-12396::webapp_internal::fill_grid|6486:: Trying to select cell in grid!
2025-12-05 12:22:55,871-DEBUG-root-12396::base::click|192:: Click Type: ClickType.ACTIONCHAINS
2025-12-05 12:22:56,137-DEBUG-root-12396::webapp_internal::fill_grid|6486:: Trying to select cell in grid!
2025-12-05 12:22:56,139-DEBUG-root-12396::base::click|192:: Click Type: ClickType.ACTIONCHAINS
2025-12-05 12:22:56,426-DEBUG-root-12396::webapp_internal::fill_grid|6486:: Trying to select cell in grid!
2025-12-05 12:22:56,430-DEBUG-root-12396::base::click|192:: Click Type: ClickType.ACTIONCHAINS
2025-12-05 12:22:56,721-DEBUG-root-12396::webapp_internal::fill_grid|6486:: Trying to select cell in grid!
2025-12-05 12:22:56,724-DEBUG-root-12396::base::click|192:: Click Type: ClickType.ACTIONCHAINS
2025-12-05 12:22:57,019-DEBUG-root-12396::webapp_internal::fill_grid|6486:: Trying to select cell in grid!
2025-12-05 12:22:57,021-DEBUG-root-12396::base::click|192:: Click Type: ClickType.ACTIONCHAINS
2025-12-05 12:22:57,308-DEBUG-root-12396::webapp_internal::fill_grid|6486:: Trying to select cell in grid!
2025-12-05 12:22:57,314-DEBUG-root-12396::base::click|192:: Click Type: ClickType.ACTIONCHAINS
2025-12-05 12:22:57,604-DEBUG-root-12396::webapp_internal::fill_grid|6486:: Trying to select cell in grid!
2025-12-05 12:22:57,605-DEBUG-root-12396::base::click|192:: Click Type: ClickType.ACTIONCHAINS
2025-12-05 12:22:57,870-DEBUG-root-12396::webapp_internal::fill_grid|6486:: Trying to select cell in grid!
2025-12-05 12:22:57,871-DEBUG-root-12396::base::click|192:: Click Type: ClickType.ACTIONCHAINS
2025-12-05 12:22:58,166-DEBUG-root-12396::webapp_internal::fill_grid|6486:: Trying to select cell in grid!
2025-12-05 12:22:58,168-DEBUG-root-12396::base::click|192:: Click Type: ClickType.ACTIONCHAINS
2025-12-05 12:22:58,459-DEBUG-root-12396::webapp_internal::fill_grid|6486:: Trying to select cell in grid!
2025-12-05 12:22:58,464-DEBUG-root-12396::base::click|192:: Click Type: ClickType.ACTIONCHAINS
2025-12-05 12:22:58,754-DEBUG-root-12396::webapp_internal::fill_grid|6486:: Trying to select cell in grid!
2025-12-05 12:22:58,756-DEBUG-root-12396::base::click|192:: Click Type: ClickType.ACTIONCHAINS
2025-12-05 12:22:59,047-DEBUG-root-12396::webapp_internal::fill_grid|6486:: Trying to select cell in grid!
2025-12-05 12:22:59,049-DEBUG-root-12396::base::click|192:: Click Type: ClickType.ACTIONCHAINS
2025-12-05 12:22:59,348-DEBUG-root-12396::webapp_internal::fill_grid|6486:: Trying to select cell in grid!
2025-12-05 12:22:59,351-DEBUG-root-12396::base::click|192:: Click Type: ClickType.ACTIONCHAINS
2025-12-05 12:22:59,638-DEBUG-root-12396::webapp_internal::fill_grid|6486:: Trying to select cell in grid!
2025-12-05 12:22:59,641-DEBUG-root-12396::base::click|192:: Click Type: ClickType.ACTIONCHAINS
2025-12-05 12:22:59,940-DEBUG-root-12396::webapp_internal::fill_grid|6486:: Trying to select cell in grid!
2025-12-05 12:22:59,943-DEBUG-root-12396::base::click|192:: Click Type: ClickType.ACTIONCHAINS
2025-12-05 12:23:00,234-DEBUG-root-12396::webapp_internal::fill_grid|6486:: Trying to select cell in grid!
2025-12-05 12:23:00,236-DEBUG-root-12396::base::click|192:: Click Type: ClickType.ACTIONCHAINS
2025-12-05 12:23:00,526-DEBUG-root-12396::webapp_internal::fill_grid|6486:: Trying to select cell in grid!
2025-12-05 12:23:00,530-DEBUG-root-12396::base::click|192:: Click Type: ClickType.ACTIONCHAINS
2025-12-05 12:23:00,793-DEBUG-root-12396::webapp_internal::fill_grid|6486:: Trying to select cell in grid!
2025-12-05 12:23:00,797-DEBUG-root-12396::base::click|192:: Click Type: ClickType.ACTIONCHAINS
2025-12-05 12:23:01,088-DEBUG-root-12396::webapp_internal::fill_grid|6486:: Trying to select cell in grid!
2025-12-05 12:23:01,091-DEBUG-root-12396::base::click|192:: Click Type: ClickType.ACTIONCHAINS
2025-12-05 12:23:01,386-DEBUG-root-12396::webapp_internal::fill_grid|6486:: Trying to select cell in grid!
2025-12-05 12:23:01,388-DEBUG-root-12396::base::click|192:: Click Type: ClickType.ACTIONCHAINS
2025-12-05 12:23:01,680-DEBUG-root-12396::webapp_internal::fill_grid|6486:: Trying to select cell in grid!
2025-12-05 12:23:01,683-DEBUG-root-12396::base::click|192:: Click Type: ClickType.ACTIONCHAINS
2025-12-05 12:23:01,973-DEBUG-root-12396::webapp_internal::fill_grid|6486:: Trying to select cell in grid!
2025-12-05 12:23:01,976-DEBUG-root-12396::base::click|192:: Click Type: ClickType.ACTIONCHAINS
2025-12-05 12:23:02,271-DEBUG-root-12396::webapp_internal::fill_grid|6486:: Trying to select cell in grid!
2025-12-05 12:23:02,274-DEBUG-root-12396::base::click|192:: Click Type: ClickType.ACTIONCHAINS
2025-12-05 12:23:02,567-DEBUG-root-12396::webapp_internal::fill_grid|6486:: Trying to select cell in grid!
2025-12-05 12:23:02,569-DEBUG-root-12396::base::click|192:: Click Type: ClickType.ACTIONCHAINS
2025-12-05 12:23:02,834-DEBUG-root-12396::webapp_internal::fill_grid|6486:: Trying to select cell in grid!
2025-12-05 12:23:02,836-DEBUG-root-12396::base::click|192:: Click Type: ClickType.ACTIONCHAINS
2025-12-05 12:23:03,134-DEBUG-root-12396::webapp_internal::fill_grid|6486:: Trying to select cell in grid!
2025-12-05 12:23:03,137-DEBUG-root-12396::base::click|192:: Click Type: ClickType.ACTIONCHAINS
2025-12-05 12:23:03,430-DEBUG-root-12396::webapp_internal::fill_grid|6486:: Trying to select cell in grid!
2025-12-05 12:23:03,433-DEBUG-root-12396::base::click|192:: Click Type: ClickType.ACTIONCHAINS
2025-12-05 12:23:03,721-DEBUG-root-12396::webapp_internal::fill_grid|6486:: Trying to select cell in grid!
2025-12-05 12:23:03,723-DEBUG-root-12396::base::click|192:: Click Type: ClickType.ACTIONCHAINS
2025-12-05 12:23:04,021-DEBUG-root-12396::webapp_internal::fill_grid|6486:: Trying to select cell in grid!
2025-12-05 12:23:04,025-DEBUG-root-12396::base::click|192:: Click Type: ClickType.ACTIONCHAINS
2025-12-05 12:23:04,319-DEBUG-root-12396::webapp_internal::fill_grid|6486:: Trying to select cell in grid!
2025-12-05 12:23:04,321-DEBUG-root-12396::base::click|192:: Click Type: ClickType.ACTIONCHAINS
2025-12-05 12:23:04,618-DEBUG-root-12396::webapp_internal::fill_grid|6486:: Trying to select cell in grid!
2025-12-05 12:23:04,621-DEBUG-root-12396::base::click|192:: Click Type: ClickType.ACTIONCHAINS
2025-12-05 12:23:04,915-DEBUG-root-12396::webapp_internal::fill_grid|6486:: Trying to select cell in grid!
2025-12-05 12:23:04,918-DEBUG-root-12396::base::click|192:: Click Type: ClickType.ACTIONCHAINS
2025-12-05 12:23:05,207-DEBUG-root-12396::webapp_internal::fill_grid|6486:: Trying to select cell in grid!
2025-12-05 12:23:05,214-DEBUG-root-12396::base::click|192:: Click Type: ClickType.ACTIONCHAINS
2025-12-05 12:23:05,506-DEBUG-root-12396::webapp_internal::fill_grid|6486:: Trying to select cell in grid!
2025-12-05 12:23:05,508-DEBUG-root-12396::base::click|192:: Click Type: ClickType.ACTIONCHAINS
2025-12-05 12:23:05,801-DEBUG-root-12396::webapp_internal::fill_grid|6486:: Trying to select cell in grid!
2025-12-05 12:23:05,804-DEBUG-root-12396::base::click|192:: Click Type: ClickType.ACTIONCHAINS
2025-12-05 12:23:11,256-DEBUG-root-12396::webapp_internal::fill_grid|6498:: Trying open cell in grid!
2025-12-05 12:23:11,548-DEBUG-root-12396::webapp_internal::wait_blocker|2444:: Waiting blocker to continue...
2025-12-05 12:23:11,706-DEBUG-root-12396::webapp_internal::wait_blocker|2469:: Blocker status: False
2025-12-05 12:23:11,903-DEBUG-root-12396::webapp_internal::wait_element_timeout|7726:: Element found! Waiting for element to be displayed.
2025-12-05 12:23:12,304-DEBUG-root-12396::webapp_internal::fill_grid|6577:: Sending keys: 227884
2025-12-05 12:23:12,618-DEBUG-root-12396::webapp_internal::wait_blocker|2444:: Waiting blocker to continue...
2025-12-05 12:23:12,783-DEBUG-root-12396::webapp_internal::wait_blocker|2469:: Blocker status: False
2025-12-05 12:23:12,940-DEBUG-root-12396::webapp_internal::wait_element_timeout|7726:: Element found! Waiting for element to be displayed.
2025-12-05 12:23:13,268-INFO-root-12396::webapp_internal::ClickFolder|5081:: Clicking on folder: Transporte
2025-12-05 12:23:13,268-DEBUG-root-12396::webapp_internal::wait_blocker|2444:: Waiting blocker to continue...
2025-12-05 12:23:13,400-DEBUG-root-12396::webapp_internal::wait_blocker|2469:: Blocker status: False
2025-12-05 12:23:13,437-DEBUG-root-12396::webapp_internal::wait_element|7623:: Waiting for element
2025-12-05 12:23:13,710-DEBUG-root-12396::webapp_internal::wait_element|7653:: Element found! Waiting for element to be displayed.
2025-12-05 12:23:15,299-DEBUG-root-12396::webapp_internal::wait_blocker|2444:: Waiting blocker to continue...
2025-12-05 12:23:15,452-DEBUG-root-12396::webapp_internal::wait_blocker|2469:: Blocker status: False
2025-12-05 12:23:15,453-INFO-root-12396::webapp_internal::SetKey|5822:: Key pressed: TAB
2025-12-05 12:23:15,453-DEBUG-root-12396::webapp_internal::SetKey|5857:: Trying press key
2025-12-05 12:23:15,453-DEBUG-root-12396::webapp_internal::wait_element|7623:: Waiting for element
2025-12-05 12:23:15,603-DEBUG-root-12396::webapp_internal::wait_element|7653:: Element found! Waiting for element to be displayed.
2025-12-05 12:23:15,911-DEBUG-root-12396::webapp_internal::wait_blocker|2444:: Waiting blocker to continue...
2025-12-05 12:23:16,048-DEBUG-root-12396::webapp_internal::wait_blocker|2469:: Blocker status: False
2025-12-05 12:23:16,048-INFO-root-12396::webapp_internal::LoadGrid|6298:: Filling grid field: Tipo
2025-12-05 12:23:16,049-DEBUG-root-12396::webapp_internal::fill_grid|6399:: Grid loading...
2025-12-05 12:23:16,417-DEBUG-root-12396::webapp_internal::fill_grid|6466:: Column found!
2025-12-05 12:23:16,454-DEBUG-root-12396::base::click|192:: Click Type: ClickType.ACTIONCHAINS
2025-12-05 12:23:21,759-DEBUG-root-12396::webapp_internal::fill_grid|6498:: Trying open cell in grid!
2025-12-05 12:23:22,055-DEBUG-root-12396::webapp_internal::wait_blocker|2444:: Waiting blocker to continue...
2025-12-05 12:23:22,208-DEBUG-root-12396::webapp_internal::wait_blocker|2469:: Blocker status: False
2025-12-05 12:23:22,407-DEBUG-root-12396::webapp_internal::wait_element_timeout|7726:: Element found! Waiting for element to be displayed.
2025-12-05 12:23:23,809-INFO-root-12396::base::select_combo|871:: Selected value for combo is: 1 - Aereo
2025-12-05 12:23:24,006-DEBUG-root-12396::webapp_internal::wait_blocker|2444:: Waiting blocker to continue...
2025-12-05 12:23:24,140-DEBUG-root-12396::webapp_internal::wait_blocker|2469:: Blocker status: False
2025-12-05 12:23:24,171-DEBUG-root-12396::webapp_internal::wait_blocker|2444:: Waiting blocker to continue...
2025-12-05 12:23:24,319-DEBUG-root-12396::webapp_internal::wait_blocker|2469:: Blocker status: False
2025-12-05 12:23:24,319-DEBUG-root-12396::webapp_internal::send_action|10480:: Trying to send action
2025-12-05 12:23:25,360-DEBUG-root-12396::webapp_internal::send_action|10522:: send_action method result = True
2025-12-05 12:23:25,360-DEBUG-root-12396::webapp_internal::send_action|10523:: send_action selenium status: False
2025-12-05 12:23:25,361-DEBUG-root-12396::webapp_internal::wait_blocker|2444:: Waiting blocker to continue...
2025-12-05 12:23:25,541-DEBUG-root-12396::webapp_internal::wait_blocker|2469:: Blocker status: False
2025-12-05 12:23:25,541-INFO-root-12396::webapp_internal::SetKey|5822:: Key pressed: TAB
2025-12-05 12:23:25,542-DEBUG-root-12396::webapp_internal::SetKey|5857:: Trying press key
2025-12-05 12:23:25,542-DEBUG-root-12396::webapp_internal::wait_element|7623:: Waiting for element
2025-12-05 12:23:25,643-DEBUG-root-12396::webapp_internal::wait_element|7653:: Element found! Waiting for element to be displayed.
2025-12-05 12:23:25,900-DEBUG-root-12396::webapp_internal::wait_blocker|2444:: Waiting blocker to continue...
2025-12-05 12:23:26,025-DEBUG-root-12396::webapp_internal::wait_blocker|2469:: Blocker status: False
2025-12-05 12:23:26,025-INFO-root-12396::webapp_internal::LoadGrid|6298:: Filling grid field: Partida
2025-12-05 12:23:26,025-DEBUG-root-12396::webapp_internal::fill_grid|6399:: Grid loading...
2025-12-05 12:23:26,371-DEBUG-root-12396::webapp_internal::fill_grid|6466:: Column found!
2025-12-05 12:23:26,413-DEBUG-root-12396::base::click|192:: Click Type: ClickType.ACTIONCHAINS
2025-12-05 12:23:31,864-DEBUG-root-12396::webapp_internal::fill_grid|6498:: Trying open cell in grid!
2025-12-05 12:23:32,155-DEBUG-root-12396::webapp_internal::wait_blocker|2444:: Waiting blocker to continue...
2025-12-05 12:23:32,316-DEBUG-root-12396::webapp_internal::wait_blocker|2469:: Blocker status: False
2025-12-05 12:23:32,519-DEBUG-root-12396::webapp_internal::wait_element_timeout|7726:: Element found! Waiting for element to be displayed.
2025-12-05 12:23:32,889-DEBUG-root-12396::webapp_internal::fill_grid|6577:: Sending keys: 20/12/2025
2025-12-05 12:23:33,198-DEBUG-root-12396::webapp_internal::wait_blocker|2444:: Waiting blocker to continue...
2025-12-05 12:23:33,398-DEBUG-root-12396::webapp_internal::wait_blocker|2469:: Blocker status: False
2025-12-05 12:23:38,893-DEBUG-root-12396::webapp_internal::wait_blocker|2444:: Waiting blocker to continue...
2025-12-05 12:23:39,036-DEBUG-root-12396::webapp_internal::wait_blocker|2469:: Blocker status: False
2025-12-05 12:23:39,065-DEBUG-root-12396::webapp_internal::wait_blocker|2444:: Waiting blocker to continue...
2025-12-05 12:23:39,233-DEBUG-root-12396::webapp_internal::wait_blocker|2469:: Blocker status: False
2025-12-05 12:23:39,233-DEBUG-root-12396::webapp_internal::send_action|10480:: Trying to send action
2025-12-05 12:23:40,299-DEBUG-root-12396::webapp_internal::send_action|10522:: send_action method result = True
2025-12-05 12:23:40,300-DEBUG-root-12396::webapp_internal::send_action|10523:: send_action selenium status: False
2025-12-05 12:23:40,301-DEBUG-root-12396::webapp_internal::wait_blocker|2444:: Waiting blocker to continue...
2025-12-05 12:23:40,489-DEBUG-root-12396::webapp_internal::wait_blocker|2469:: Blocker status: False
2025-12-05 12:23:40,489-INFO-root-12396::webapp_internal::SetKey|5822:: Key pressed: TAB
2025-12-05 12:23:40,491-DEBUG-root-12396::webapp_internal::SetKey|5857:: Trying press key
2025-12-05 12:23:40,491-DEBUG-root-12396::webapp_internal::wait_element|7623:: Waiting for element
2025-12-05 12:23:40,706-DEBUG-root-12396::webapp_internal::wait_element|7653:: Element found! Waiting for element to be displayed.
2025-12-05 12:23:41,054-DEBUG-root-12396::webapp_internal::wait_blocker|2444:: Waiting blocker to continue...
2025-12-05 12:23:41,304-DEBUG-root-12396::webapp_internal::wait_blocker|2469:: Blocker status: False
2025-12-05 12:23:41,305-INFO-root-12396::webapp_internal::LoadGrid|6298:: Filling grid field: Hora Partida
2025-12-05 12:23:41,305-DEBUG-root-12396::webapp_internal::fill_grid|6399:: Grid loading...
2025-12-05 12:23:41,810-DEBUG-root-12396::webapp_internal::fill_grid|6466:: Column found!
2025-12-05 12:23:41,898-DEBUG-root-12396::base::click|192:: Click Type: ClickType.ACTIONCHAINS
2025-12-05 12:23:47,277-DEBUG-root-12396::webapp_internal::fill_grid|6498:: Trying open cell in grid!
2025-12-05 12:23:47,574-DEBUG-root-12396::webapp_internal::wait_blocker|2444:: Waiting blocker to continue...
2025-12-05 12:23:47,869-DEBUG-root-12396::webapp_internal::wait_blocker|2469:: Blocker status: False
2025-12-05 12:23:48,124-DEBUG-root-12396::webapp_internal::wait_element_timeout|7726:: Element found! Waiting for element to be displayed.
2025-12-05 12:23:48,895-DEBUG-root-12396::webapp_internal::fill_grid|6577:: Sending keys: 08:00
2025-12-05 12:23:49,216-DEBUG-root-12396::webapp_internal::wait_blocker|2444:: Waiting blocker to continue...
2025-12-05 12:23:49,511-DEBUG-root-12396::webapp_internal::wait_blocker|2469:: Blocker status: False
2025-12-05 12:23:54,907-DEBUG-root-12396::webapp_internal::wait_blocker|2444:: Waiting blocker to continue...
2025-12-05 12:23:55,084-DEBUG-root-12396::webapp_internal::wait_blocker|2469:: Blocker status: False
2025-12-05 12:23:55,110-DEBUG-root-12396::webapp_internal::wait_blocker|2444:: Waiting blocker to continue...
2025-12-05 12:23:55,319-DEBUG-root-12396::webapp_internal::wait_blocker|2469:: Blocker status: False
2025-12-05 12:23:55,319-DEBUG-root-12396::webapp_internal::send_action|10480:: Trying to send action
2025-12-05 12:23:56,392-DEBUG-root-12396::webapp_internal::send_action|10522:: send_action method result = True
2025-12-05 12:23:56,394-DEBUG-root-12396::webapp_internal::send_action|10523:: send_action selenium status: False
2025-12-05 12:23:56,395-DEBUG-root-12396::webapp_internal::wait_blocker|2444:: Waiting blocker to continue...
2025-12-05 12:23:56,620-DEBUG-root-12396::webapp_internal::wait_blocker|2469:: Blocker status: False
2025-12-05 12:23:56,621-INFO-root-12396::webapp_internal::SetKey|5822:: Key pressed: TAB
2025-12-05 12:23:56,622-DEBUG-root-12396::webapp_internal::SetKey|5857:: Trying press key
2025-12-05 12:23:56,622-DEBUG-root-12396::webapp_internal::wait_element|7623:: Waiting for element
2025-12-05 12:23:56,771-DEBUG-root-12396::webapp_internal::wait_element|7653:: Element found! Waiting for element to be displayed.
2025-12-05 12:23:57,035-DEBUG-root-12396::webapp_internal::wait_blocker|2444:: Waiting blocker to continue...
2025-12-05 12:23:57,256-DEBUG-root-12396::webapp_internal::wait_blocker|2469:: Blocker status: False
2025-12-05 12:23:57,256-INFO-root-12396::webapp_internal::LoadGrid|6298:: Filling grid field: Origem
2025-12-05 12:23:57,256-DEBUG-root-12396::webapp_internal::fill_grid|6399:: Grid loading...
2025-12-05 12:23:57,670-DEBUG-root-12396::webapp_internal::fill_grid|6466:: Column found!
2025-12-05 12:23:57,726-DEBUG-root-12396::base::click|192:: Click Type: ClickType.ACTIONCHAINS
2025-12-05 12:24:03,207-DEBUG-root-12396::webapp_internal::fill_grid|6498:: Trying open cell in grid!
2025-12-05 12:24:03,506-DEBUG-root-12396::webapp_internal::wait_blocker|2444:: Waiting blocker to continue...
2025-12-05 12:24:03,753-DEBUG-root-12396::webapp_internal::wait_blocker|2469:: Blocker status: False
2025-12-05 12:24:04,015-DEBUG-root-12396::webapp_internal::wait_element_timeout|7726:: Element found! Waiting for element to be displayed.
2025-12-05 12:24:04,605-DEBUG-root-12396::webapp_internal::fill_grid|6577:: Sending keys: DF00108
2025-12-05 12:24:04,906-DEBUG-root-12396::webapp_internal::wait_blocker|2444:: Waiting blocker to continue...
2025-12-05 12:24:05,056-DEBUG-root-12396::webapp_internal::wait_blocker|2469:: Blocker status: False
2025-12-05 12:24:05,224-DEBUG-root-12396::webapp_internal::wait_element_timeout|7726:: Element found! Waiting for element to be displayed.
2025-12-05 12:24:05,788-DEBUG-root-12396::webapp_internal::wait_blocker|2444:: Waiting blocker to continue...
2025-12-05 12:24:06,038-DEBUG-root-12396::webapp_internal::wait_blocker|2469:: Blocker status: False
2025-12-05 12:24:06,104-DEBUG-root-12396::webapp_internal::wait_blocker|2444:: Waiting blocker to continue...
2025-12-05 12:24:06,331-DEBUG-root-12396::webapp_internal::wait_blocker|2469:: Blocker status: False
2025-12-05 12:24:06,333-DEBUG-root-12396::webapp_internal::send_action|10480:: Trying to send action
2025-12-05 12:24:07,386-DEBUG-root-12396::webapp_internal::send_action|10522:: send_action method result = True
2025-12-05 12:24:07,387-DEBUG-root-12396::webapp_internal::send_action|10523:: send_action selenium status: False
2025-12-05 12:24:07,388-DEBUG-root-12396::webapp_internal::wait_blocker|2444:: Waiting blocker to continue...
2025-12-05 12:24:07,647-DEBUG-root-12396::webapp_internal::wait_blocker|2469:: Blocker status: False
2025-12-05 12:24:07,648-INFO-root-12396::webapp_internal::SetKey|5822:: Key pressed: TAB
2025-12-05 12:24:07,648-DEBUG-root-12396::webapp_internal::SetKey|5857:: Trying press key
2025-12-05 12:24:07,648-DEBUG-root-12396::webapp_internal::wait_element|7623:: Waiting for element
2025-12-05 12:24:07,798-DEBUG-root-12396::webapp_internal::wait_element|7653:: Element found! Waiting for element to be displayed.
2025-12-05 12:24:08,186-DEBUG-root-12396::webapp_internal::wait_blocker|2444:: Waiting blocker to continue...
2025-12-05 12:24:08,482-DEBUG-root-12396::webapp_internal::wait_blocker|2469:: Blocker status: False
2025-12-05 12:24:08,483-INFO-root-12396::webapp_internal::LoadGrid|6298:: Filling grid field: Destino
2025-12-05 12:24:08,483-DEBUG-root-12396::webapp_internal::fill_grid|6399:: Grid loading...
2025-12-05 12:24:09,015-DEBUG-root-12396::webapp_internal::fill_grid|6466:: Column found!
2025-12-05 12:24:09,098-DEBUG-root-12396::base::click|192:: Click Type: ClickType.ACTIONCHAINS
2025-12-05 12:24:14,607-DEBUG-root-12396::webapp_internal::fill_grid|6498:: Trying open cell in grid!
2025-12-05 12:24:14,905-DEBUG-root-12396::webapp_internal::wait_blocker|2444:: Waiting blocker to continue...
2025-12-05 12:24:15,141-DEBUG-root-12396::webapp_internal::wait_blocker|2469:: Blocker status: False
2025-12-05 12:24:15,349-DEBUG-root-12396::webapp_internal::wait_element_timeout|7726:: Element found! Waiting for element to be displayed.
2025-12-05 12:24:15,841-DEBUG-root-12396::webapp_internal::fill_grid|6577:: Sending keys: GO08707
2025-12-05 12:24:16,140-DEBUG-root-12396::webapp_internal::wait_blocker|2444:: Waiting blocker to continue...
2025-12-05 12:24:16,377-DEBUG-root-12396::webapp_internal::wait_blocker|2469:: Blocker status: False
2025-12-05 12:24:16,571-DEBUG-root-12396::webapp_internal::wait_element_timeout|7726:: Element found! Waiting for element to be displayed.
2025-12-05 12:24:17,070-DEBUG-root-12396::webapp_internal::wait_blocker|2444:: Waiting blocker to continue...
2025-12-05 12:24:17,298-DEBUG-root-12396::webapp_internal::wait_blocker|2469:: Blocker status: False
2025-12-05 12:24:17,363-DEBUG-root-12396::webapp_internal::wait_blocker|2444:: Waiting blocker to continue...
2025-12-05 12:24:17,624-DEBUG-root-12396::webapp_internal::wait_blocker|2469:: Blocker status: False
2025-12-05 12:24:17,624-DEBUG-root-12396::webapp_internal::send_action|10480:: Trying to send action
2025-12-05 12:24:18,679-DEBUG-root-12396::webapp_internal::send_action|10522:: send_action method result = True
2025-12-05 12:24:18,680-DEBUG-root-12396::webapp_internal::send_action|10523:: send_action selenium status: False
2025-12-05 12:24:18,681-DEBUG-root-12396::webapp_internal::wait_blocker|2444:: Waiting blocker to continue...
2025-12-05 12:24:18,839-DEBUG-root-12396::webapp_internal::wait_blocker|2469:: Blocker status: False
2025-12-05 12:24:18,839-INFO-root-12396::webapp_internal::SetKey|5822:: Key pressed: TAB
2025-12-05 12:24:18,840-DEBUG-root-12396::webapp_internal::SetKey|5857:: Trying press key
2025-12-05 12:24:18,840-DEBUG-root-12396::webapp_internal::wait_element|7623:: Waiting for element
2025-12-05 12:24:18,991-DEBUG-root-12396::webapp_internal::wait_element|7653:: Element found! Waiting for element to be displayed.
2025-12-05 12:24:19,318-DEBUG-root-12396::webapp_internal::wait_blocker|2444:: Waiting blocker to continue...
2025-12-05 12:24:19,503-DEBUG-root-12396::webapp_internal::wait_blocker|2469:: Blocker status: False
2025-12-05 12:24:19,503-INFO-root-12396::webapp_internal::LoadGrid|6298:: Filling grid field: Chegada
2025-12-05 12:24:19,504-DEBUG-root-12396::webapp_internal::fill_grid|6399:: Grid loading...
2025-12-05 12:24:19,893-DEBUG-root-12396::webapp_internal::fill_grid|6466:: Column found!
2025-12-05 12:24:19,934-DEBUG-root-12396::base::click|192:: Click Type: ClickType.ACTIONCHAINS
2025-12-05 12:24:25,411-DEBUG-root-12396::webapp_internal::fill_grid|6498:: Trying open cell in grid!
2025-12-05 12:24:25,704-DEBUG-root-12396::webapp_internal::wait_blocker|2444:: Waiting blocker to continue...
2025-12-05 12:24:25,893-DEBUG-root-12396::webapp_internal::wait_blocker|2469:: Blocker status: False
2025-12-05 12:24:26,096-DEBUG-root-12396::webapp_internal::wait_element_timeout|7726:: Element found! Waiting for element to be displayed.
2025-12-05 12:24:26,697-DEBUG-root-12396::webapp_internal::fill_grid|6577:: Sending keys: 20/12/2025
2025-12-05 12:24:26,999-DEBUG-root-12396::webapp_internal::wait_blocker|2444:: Waiting blocker to continue...
2025-12-05 12:24:27,309-DEBUG-root-12396::webapp_internal::wait_blocker|2469:: Blocker status: False
2025-12-05 12:24:32,867-DEBUG-root-12396::webapp_internal::wait_blocker|2444:: Waiting blocker to continue...
2025-12-05 12:24:33,124-DEBUG-root-12396::webapp_internal::wait_blocker|2469:: Blocker status: False
2025-12-05 12:24:33,176-DEBUG-root-12396::webapp_internal::wait_blocker|2444:: Waiting blocker to continue...
2025-12-05 12:24:33,483-DEBUG-root-12396::webapp_internal::wait_blocker|2469:: Blocker status: False
2025-12-05 12:24:33,483-DEBUG-root-12396::webapp_internal::send_action|10480:: Trying to send action
2025-12-05 12:24:34,586-DEBUG-root-12396::webapp_internal::send_action|10522:: send_action method result = True
2025-12-05 12:24:34,586-DEBUG-root-12396::webapp_internal::send_action|10523:: send_action selenium status: False
2025-12-05 12:24:34,587-DEBUG-root-12396::webapp_internal::wait_blocker|2444:: Waiting blocker to continue...
2025-12-05 12:24:34,911-DEBUG-root-12396::webapp_internal::wait_blocker|2469:: Blocker status: False
2025-12-05 12:24:34,912-INFO-root-12396::webapp_internal::SetKey|5822:: Key pressed: TAB
2025-12-05 12:24:34,912-DEBUG-root-12396::webapp_internal::SetKey|5857:: Trying press key
2025-12-05 12:24:34,912-DEBUG-root-12396::webapp_internal::wait_element|7623:: Waiting for element
2025-12-05 12:24:35,194-DEBUG-root-12396::webapp_internal::wait_element|7653:: Element found! Waiting for element to be displayed.
2025-12-05 12:24:35,823-DEBUG-root-12396::webapp_internal::wait_blocker|2444:: Waiting blocker to continue...
2025-12-05 12:24:36,185-DEBUG-root-12396::webapp_internal::wait_blocker|2469:: Blocker status: False
2025-12-05 12:24:36,185-INFO-root-12396::webapp_internal::LoadGrid|6298:: Filling grid field: Hora Chegada
2025-12-05 12:24:36,185-DEBUG-root-12396::webapp_internal::fill_grid|6399:: Grid loading...
2025-12-05 12:24:37,066-DEBUG-root-12396::webapp_internal::fill_grid|6466:: Column found!
2025-12-05 12:24:37,183-DEBUG-root-12396::base::click|192:: Click Type: ClickType.ACTIONCHAINS
2025-12-05 12:24:42,581-DEBUG-root-12396::webapp_internal::fill_grid|6498:: Trying open cell in grid!
2025-12-05 12:24:42,867-DEBUG-root-12396::webapp_internal::wait_blocker|2444:: Waiting blocker to continue...
2025-12-05 12:24:43,117-DEBUG-root-12396::webapp_internal::wait_blocker|2469:: Blocker status: False
2025-12-05 12:24:43,367-DEBUG-root-12396::webapp_internal::wait_element_timeout|7726:: Element found! Waiting for element to be displayed.
2025-12-05 12:24:44,015-DEBUG-root-12396::webapp_internal::fill_grid|6577:: Sending keys: 12:00
2025-12-05 12:24:44,332-DEBUG-root-12396::webapp_internal::wait_blocker|2444:: Waiting blocker to continue...
2025-12-05 12:24:44,608-DEBUG-root-12396::webapp_internal::wait_blocker|2469:: Blocker status: False
2025-12-05 12:24:50,071-DEBUG-root-12396::webapp_internal::wait_blocker|2444:: Waiting blocker to continue...
2025-12-05 12:24:50,265-DEBUG-root-12396::webapp_internal::wait_blocker|2469:: Blocker status: False
2025-12-05 12:24:50,306-DEBUG-root-12396::webapp_internal::wait_blocker|2444:: Waiting blocker to continue...
2025-12-05 12:24:50,509-DEBUG-root-12396::webapp_internal::wait_blocker|2469:: Blocker status: False
2025-12-05 12:24:50,509-DEBUG-root-12396::webapp_internal::send_action|10480:: Trying to send action
2025-12-05 12:24:51,554-DEBUG-root-12396::webapp_internal::send_action|10522:: send_action method result = True
2025-12-05 12:24:51,554-DEBUG-root-12396::webapp_internal::send_action|10523:: send_action selenium status: False
2025-12-05 12:24:51,554-DEBUG-root-12396::webapp_internal::wait_blocker|2444:: Waiting blocker to continue...
2025-12-05 12:24:51,718-DEBUG-root-12396::webapp_internal::wait_blocker|2469:: Blocker status: False
2025-12-05 12:24:51,718-INFO-root-12396::webapp_internal::SetKey|5822:: Key pressed: TAB
2025-12-05 12:24:51,718-DEBUG-root-12396::webapp_internal::SetKey|5857:: Trying press key
2025-12-05 12:24:51,719-DEBUG-root-12396::webapp_internal::wait_element|7623:: Waiting for element
2025-12-05 12:24:51,865-DEBUG-root-12396::webapp_internal::wait_element|7653:: Element found! Waiting for element to be displayed.
2025-12-05 12:24:52,166-DEBUG-root-12396::webapp_internal::wait_blocker|2444:: Waiting blocker to continue...
2025-12-05 12:24:52,331-DEBUG-root-12396::webapp_internal::wait_blocker|2469:: Blocker status: False
2025-12-05 12:24:52,331-INFO-root-12396::webapp_internal::LoadGrid|6298:: Filling grid field: Tipo
2025-12-05 12:24:52,331-DEBUG-root-12396::webapp_internal::fill_grid|6399:: Grid loading...
2025-12-05 12:24:52,564-DEBUG-root-12396::webapp_internal::fill_grid|6466:: Column found!
2025-12-05 12:24:52,616-DEBUG-root-12396::base::click|192:: Click Type: ClickType.ACTIONCHAINS
2025-12-05 12:24:58,049-DEBUG-root-12396::webapp_internal::fill_grid|6498:: Trying open cell in grid!
2025-12-05 12:24:58,335-DEBUG-root-12396::webapp_internal::wait_blocker|2444:: Waiting blocker to continue...
2025-12-05 12:24:58,519-DEBUG-root-12396::webapp_internal::wait_blocker|2469:: Blocker status: False
2025-12-05 12:24:58,735-DEBUG-root-12396::webapp_internal::wait_element_timeout|7726:: Element found! Waiting for element to be displayed.
2025-12-05 12:24:59,376-DEBUG-root-12396::webapp_internal::wait_blocker|2444:: Waiting blocker to continue...
2025-12-05 12:24:59,605-DEBUG-root-12396::webapp_internal::wait_blocker|2469:: Blocker status: False
2025-12-05 12:24:59,634-DEBUG-root-12396::webapp_internal::wait_blocker|2444:: Waiting blocker to continue...
2025-12-05 12:24:59,871-DEBUG-root-12396::webapp_internal::wait_blocker|2469:: Blocker status: False
2025-12-05 12:24:59,871-DEBUG-root-12396::webapp_internal::send_action|10480:: Trying to send action
2025-12-05 12:25:00,913-DEBUG-root-12396::webapp_internal::send_action|10522:: send_action method result = True
2025-12-05 12:25:00,914-DEBUG-root-12396::webapp_internal::send_action|10523:: send_action selenium status: False
2025-12-05 12:25:00,915-DEBUG-root-12396::webapp_internal::wait_blocker|2444:: Waiting blocker to continue...
2025-12-05 12:25:01,097-DEBUG-root-12396::webapp_internal::wait_blocker|2469:: Blocker status: False
2025-12-05 12:25:01,097-INFO-root-12396::webapp_internal::SetKey|5822:: Key pressed: TAB
2025-12-05 12:25:01,097-DEBUG-root-12396::webapp_internal::SetKey|5857:: Trying press key
2025-12-05 12:25:01,098-DEBUG-root-12396::webapp_internal::wait_element|7623:: Waiting for element
2025-12-05 12:25:01,254-DEBUG-root-12396::webapp_internal::wait_element|7653:: Element found! Waiting for element to be displayed.
2025-12-05 12:25:01,635-DEBUG-root-12396::webapp_internal::wait_blocker|2444:: Waiting blocker to continue...
2025-12-05 12:25:01,866-DEBUG-root-12396::webapp_internal::wait_blocker|2469:: Blocker status: False
2025-12-05 12:25:01,866-INFO-root-12396::webapp_internal::LoadGrid|6298:: Filling grid field: Partida
2025-12-05 12:25:01,867-DEBUG-root-12396::webapp_internal::fill_grid|6399:: Grid loading...
2025-12-05 12:25:02,101-DEBUG-root-12396::webapp_internal::fill_grid|6466:: Column found!
2025-12-05 12:25:02,165-DEBUG-root-12396::base::click|192:: Click Type: ClickType.ACTIONCHAINS
2025-12-05 12:25:07,519-DEBUG-root-12396::webapp_internal::fill_grid|6498:: Trying open cell in grid!
2025-12-05 12:25:07,786-DEBUG-root-12396::webapp_internal::wait_blocker|2444:: Waiting blocker to continue...
2025-12-05 12:25:07,957-DEBUG-root-12396::webapp_internal::wait_blocker|2469:: Blocker status: False
2025-12-05 12:25:08,166-DEBUG-root-12396::webapp_internal::wait_element_timeout|7726:: Element found! Waiting for element to be displayed.
2025-12-05 12:25:08,730-DEBUG-root-12396::webapp_internal::fill_grid|6577:: Sending keys: 27/12/2025
2025-12-05 12:25:09,048-DEBUG-root-12396::webapp_internal::wait_blocker|2444:: Waiting blocker to continue...
2025-12-05 12:25:09,275-DEBUG-root-12396::webapp_internal::wait_blocker|2469:: Blocker status: False
2025-12-05 12:25:09,448-DEBUG-root-12396::webapp_internal::wait_element_timeout|7726:: Element found! Waiting for element to be displayed.
2025-12-05 12:25:16,129-ERROR-root-12396::webapp_internal::fill_grid|6675:: fill grid error: Message: WebDriver session does not exist, or is not active
Stacktrace:
RemoteError@chrome://remote/content/shared/RemoteError.sys.mjs:8:8
WebDriverError@chrome://remote/content/shared/webdriver/Errors.sys.mjs:202:5
InvalidSessionIDError@chrome://remote/content/shared/webdriver/Errors.sys.mjs:472:5
assert.that/<@chrome://remote/content/shared/webdriver/Assert.sys.mjs:581:13
assert.session@chrome://remote/content/shared/webdriver/Assert.sys.mjs:38:4
dispatch@chrome://remote/content/marionette/server.sys.mjs:315:19
execute@chrome://remote/content/marionette/server.sys.mjs:289:16
onPacket/<@chrome://remote/content/marionette/server.sys.mjs:262:20
onPacket@chrome://remote/content/marionette/server.sys.mjs:263:9
_onJSONObjectReady/<@chrome://remote/content/marionette/transport.sys.mjs:494:20
Traceback (most recent call last):
  File "C:\TIR_TESTE\venv\Lib\site-packages\tir\technologies\webapp_internal.py", line 6625, in fill_grid
    current_value = self.get_element_text(selenium_column())
                    ^^^^^^^^^^^^^^^^^^^^^^^^^^^^^^^^^^^^^^^^
  File "C:\TIR_TESTE\venv\Lib\site-packages\tir\technologies\core\base.py", line 606, in get_element_text
    return self.driver.execute_script("return arguments[0].innerText", element)
           ^^^^^^^^^^^^^^^^^^^^^^^^^^^^^^^^^^^^^^^^^^^^^^^^^^^^^^^^^^^^^^^^^^^^
  File "C:\TIR_TESTE\venv\Lib\site-packages\selenium\webdriver\remote\webdriver.py", line 407, in execute_script
    return self.execute(command, {"script": script, "args": converted_args})["value"]
           ^^^^^^^^^^^^^^^^^^^^^^^^^^^^^^^^^^^^^^^^^^^^^^^^^^^^^^^^^^^^^^^^^
  File "C:\TIR_TESTE\venv\Lib\site-packages\selenium\webdriver\remote\webdriver.py", line 347, in execute
    self.error_handler.check_response(response)
  File "C:\TIR_TESTE\venv\Lib\site-packages\selenium\webdriver\remote\errorhandler.py", line 229, in check_response
    raise exception_class(message, screen, stacktrace)
selenium.common.exceptions.InvalidSessionIdException: Message: WebDriver session does not exist, or is not active
Stacktrace:
RemoteError@chrome://remote/content/shared/RemoteError.sys.mjs:8:8
WebDriverError@chrome://remote/content/shared/webdriver/Errors.sys.mjs:202:5
InvalidSessionIDError@chrome://remote/content/shared/webdriver/Errors.sys.mjs:472:5
assert.that/<@chrome://remote/content/shared/webdriver/Assert.sys.mjs:581:13
assert.session@chrome://remote/content/shared/webdriver/Assert.sys.mjs:38:4
dispatch@chrome://remote/content/marionette/server.sys.mjs:315:19
execute@chrome://remote/content/marionette/server.sys.mjs:289:16
onPacket/<@chrome://remote/content/marionette/server.sys.mjs:262:20
onPacket@chrome://remote/content/marionette/server.sys.mjs:263:9
_onJSONObjectReady/<@chrome://remote/content/marionette/transport.sys.mjs:494:20

2025-12-05 12:25:16,156-WARNING-root-12396::webapp_internal::log_error|8143:: Warning log_error fill grid error: Message: WebDriver session does not exist, or is not active
Stacktrace:
RemoteError@chrome://remote/content/shared/RemoteError.sys.mjs:8:8
WebDriverError@chrome://remote/content/shared/webdriver/Errors.sys.mjs:202:5
InvalidSessionIDError@chrome://remote/content/shared/webdriver/Errors.sys.mjs:472:5
assert.that/<@chrome://remote/content/shared/webdriver/Assert.sys.mjs:581:13
assert.session@chrome://remote/content/shared/webdriver/Assert.sys.mjs:38:4
dispatch@chrome://remote/content/marionette/server.sys.mjs:315:19
execute@chrome://remote/content/marionette/server.sys.mjs:289:16
onPacket/<@chrome://remote/content/marionette/server.sys.mjs:262:20
onPacket@chrome://remote/content/marionette/server.sys.mjs:263:9
_onJSONObjectReady/<@chrome://remote/content/marionette/transport.sys.mjs:494:20

2025-12-05 12:25:16,157-DEBUG-root-12396::webapp_internal::log_error|8146:: ***System Info*** in log_error():
2025-12-05 12:25:16,158-DEBUG-root-12396::psutil_info::system_info|5:: CPU USAGE: 12.4%
2025-12-05 12:25:16,159-DEBUG-root-12396::psutil_info::system_info|6:: MEMORY USAGE: 90.3%
2025-12-05 12:25:16,159-DEBUG-root-12396::psutil_info::system_info|7:: MEMORY AVAILABLE: 9.73%
2025-12-05 12:25:16,196-DEBUG-root-12396::log::take_screenshot_log|612:: take_screenshot_log in:2025-12-05 12:25:16.196792

2025-12-05 12:25:16,874-ERROR-root-12396::log::take_screenshot_log|629:: Warning Log Error save_screenshot exception Message: Failed to decode response from marionette
Traceback (most recent call last):
  File "C:\TIR_TESTE\venv\Lib\site-packages\tir\technologies\webapp_internal.py", line 6625, in fill_grid
    current_value = self.get_element_text(selenium_column())
                    ^^^^^^^^^^^^^^^^^^^^^^^^^^^^^^^^^^^^^^^^
  File "C:\TIR_TESTE\venv\Lib\site-packages\tir\technologies\core\base.py", line 606, in get_element_text
    return self.driver.execute_script("return arguments[0].innerText", element)
           ^^^^^^^^^^^^^^^^^^^^^^^^^^^^^^^^^^^^^^^^^^^^^^^^^^^^^^^^^^^^^^^^^^^^
  File "C:\TIR_TESTE\venv\Lib\site-packages\selenium\webdriver\remote\webdriver.py", line 407, in execute_script
    return self.execute(command, {"script": script, "args": converted_args})["value"]
           ^^^^^^^^^^^^^^^^^^^^^^^^^^^^^^^^^^^^^^^^^^^^^^^^^^^^^^^^^^^^^^^^^
  File "C:\TIR_TESTE\venv\Lib\site-packages\selenium\webdriver\remote\webdriver.py", line 347, in execute
    self.error_handler.check_response(response)
  File "C:\TIR_TESTE\venv\Lib\site-packages\selenium\webdriver\remote\errorhandler.py", line 229, in check_response
    raise exception_class(message, screen, stacktrace)
selenium.common.exceptions.InvalidSessionIdException: Message: WebDriver session does not exist, or is not active
Stacktrace:
RemoteError@chrome://remote/content/shared/RemoteError.sys.mjs:8:8
WebDriverError@chrome://remote/content/shared/webdriver/Errors.sys.mjs:202:5
InvalidSessionIDError@chrome://remote/content/shared/webdriver/Errors.sys.mjs:472:5
assert.that/<@chrome://remote/content/shared/webdriver/Assert.sys.mjs:581:13
assert.session@chrome://remote/content/shared/webdriver/Assert.sys.mjs:38:4
dispatch@chrome://remote/content/marionette/server.sys.mjs:315:19
execute@chrome://remote/content/marionette/server.sys.mjs:289:16
onPacket/<@chrome://remote/content/marionette/server.sys.mjs:262:20
onPacket@chrome://remote/content/marionette/server.sys.mjs:263:9
_onJSONObjectReady/<@chrome://remote/content/marionette/transport.sys.mjs:494:20


During handling of the above exception, another exception occurred:

Traceback (most recent call last):
  File "C:\TIR_TESTE\venv\Lib\site-packages\tir\technologies\core\log.py", line 626, in take_screenshot_log
    driver.save_screenshot(str(path))
  File "C:\TIR_TESTE\venv\Lib\site-packages\selenium\webdriver\remote\webdriver.py", line 822, in save_screenshot
    return self.get_screenshot_as_file(filename)
           ^^^^^^^^^^^^^^^^^^^^^^^^^^^^^^^^^^^^^
  File "C:\TIR_TESTE\venv\Lib\site-packages\selenium\webdriver\remote\webdriver.py", line 798, in get_screenshot_as_file
    png = self.get_screenshot_as_png()
          ^^^^^^^^^^^^^^^^^^^^^^^^^^^^
  File "C:\TIR_TESTE\venv\Lib\site-packages\selenium\webdriver\remote\webdriver.py", line 832, in get_screenshot_as_png
    return b64decode(self.get_screenshot_as_base64().encode("ascii"))
                     ^^^^^^^^^^^^^^^^^^^^^^^^^^^^^^^
  File "C:\TIR_TESTE\venv\Lib\site-packages\selenium\webdriver\remote\webdriver.py", line 843, in get_screenshot_as_base64
    return self.execute(Command.SCREENSHOT)["value"]
           ^^^^^^^^^^^^^^^^^^^^^^^^^^^^^^^^
  File "C:\TIR_TESTE\venv\Lib\site-packages\selenium\webdriver\remote\webdriver.py", line 347, in execute
    self.error_handler.check_response(response)
  File "C:\TIR_TESTE\venv\Lib\site-packages\selenium\webdriver\remote\errorhandler.py", line 229, in check_response
    raise exception_class(message, screen, stacktrace)
selenium.common.exceptions.WebDriverException: Message: Failed to decode response from marionette

2025-12-05 12:25:17,886-DEBUG-root-12396::log::checks_empty_line|221:: Checking empty default log info
2025-12-05 12:25:17,889-DEBUG-root-12396::log::generate_log|503:: Json log_data: {'cLogDtExec': '05/12/2025 12:25:17', 'cLogNomUsr': '97137227104', 'cLogNomEst': 'GESIT03', 'cLogProgra': None, 'cLogDtProg': '', 'cLogHrProg': '', 'nLogCtsOk': 0, 'nLogCtsNok': 1, 'nLogCtsSeg': 266.7, 'cLogVersao': '12', 'cLogReleas': '12.1.2410', 'nLogCtsErr': 'Viagem - fill grid error: Message: WebDriver session does not exist, or is not activeStacktrace:RemoteError@chrome://remote/content/shared/RemoteError.sys.mjs:8:8WebDriverError@chrome://remote/content/shared/webdriver/Errors.sys.mjs:202:5InvalidSessionIDError@chrome://remote/content/shared/webdriver/Errors.sys.mjs:472:5assert.that/<@chrome://remote/content/shared/webdriver/Assert.sys.mjs:581:13assert.session@chrome://remote/content/shared/webdriver/Assert.sys.mjs:38:4dispatch@chrome://remote/content/marionette/server.sys.mjs:315:19execute@chrome://remote/content/marionette/server.sys.mjs:289:1', 'cLogBancod': 'ORACLE', 'cLogIdenti': '', 'cLogIdExec': '20251205', 'cLogPais': 'BRA', 'cLogTool': 'TIR', 'cLogSequen': '83e623', 'nLogCtsTot': 1, 'cLogDtExea': '05/12/2025', 'cLogHrExea': '12:25:17', 'cLogArea': 'Desenvolvimento', 'cLogMnExec': 4.444999999999999}
2025-12-05 12:25:17,890-INFO-root-12396::log::send_log_with_retries|515:: Saving log locally.
2025-12-05 12:25:17,890-INFO-root-12396::log::save_log_locally|548:: [FwSendLog]: Não foi possível enviar o log após todas as tentativas.
2025-12-05 12:25:17,891-INFO-root-12396::log::save_log_locally|555:: [FwSendLog]: Log salvo localmente em C:\TIR_TESTE\1764948317.json.
2025-12-05 12:25:17,896-ERROR-root-12396::webapp_internal::log_error|8181:: Warning Log Error Close Message: Tried to run command without establishing a connection
Traceback (most recent call last):
  File "C:\TIR_TESTE\venv\Lib\site-packages\tir\technologies\webapp_internal.py", line 6625, in fill_grid
    current_value = self.get_element_text(selenium_column())
                    ^^^^^^^^^^^^^^^^^^^^^^^^^^^^^^^^^^^^^^^^
  File "C:\TIR_TESTE\venv\Lib\site-packages\tir\technologies\core\base.py", line 606, in get_element_text
    return self.driver.execute_script("return arguments[0].innerText", element)
           ^^^^^^^^^^^^^^^^^^^^^^^^^^^^^^^^^^^^^^^^^^^^^^^^^^^^^^^^^^^^^^^^^^^^
  File "C:\TIR_TESTE\venv\Lib\site-packages\selenium\webdriver\remote\webdriver.py", line 407, in execute_script
    return self.execute(command, {"script": script, "args": converted_args})["value"]
           ^^^^^^^^^^^^^^^^^^^^^^^^^^^^^^^^^^^^^^^^^^^^^^^^^^^^^^^^^^^^^^^^^
  File "C:\TIR_TESTE\venv\Lib\site-packages\selenium\webdriver\remote\webdriver.py", line 347, in execute
    self.error_handler.check_response(response)
  File "C:\TIR_TESTE\venv\Lib\site-packages\selenium\webdriver\remote\errorhandler.py", line 229, in check_response
    raise exception_class(message, screen, stacktrace)
selenium.common.exceptions.InvalidSessionIdException: Message: WebDriver session does not exist, or is not active
Stacktrace:
RemoteError@chrome://remote/content/shared/RemoteError.sys.mjs:8:8
WebDriverError@chrome://remote/content/shared/webdriver/Errors.sys.mjs:202:5
InvalidSessionIDError@chrome://remote/content/shared/webdriver/Errors.sys.mjs:472:5
assert.that/<@chrome://remote/content/shared/webdriver/Assert.sys.mjs:581:13
assert.session@chrome://remote/content/shared/webdriver/Assert.sys.mjs:38:4
dispatch@chrome://remote/content/marionette/server.sys.mjs:315:19
execute@chrome://remote/content/marionette/server.sys.mjs:289:16
onPacket/<@chrome://remote/content/marionette/server.sys.mjs:262:20
onPacket@chrome://remote/content/marionette/server.sys.mjs:263:9
_onJSONObjectReady/<@chrome://remote/content/marionette/transport.sys.mjs:494:20


During handling of the above exception, another exception occurred:

Traceback (most recent call last):
  File "C:\TIR_TESTE\venv\Lib\site-packages\tir\technologies\webapp_internal.py", line 8179, in log_error
    self.driver.close()
  File "C:\TIR_TESTE\venv\Lib\site-packages\selenium\webdriver\remote\webdriver.py", line 458, in close
    self.execute(Command.CLOSE)
  File "C:\TIR_TESTE\venv\Lib\site-packages\selenium\webdriver\remote\webdriver.py", line 347, in execute
    self.error_handler.check_response(response)
  File "C:\TIR_TESTE\venv\Lib\site-packages\selenium\webdriver\remote\errorhandler.py", line 229, in check_response
    raise exception_class(message, screen, stacktrace)
selenium.common.exceptions.InvalidSessionIdException: Message: Tried to run command without establishing a connection

2025-12-05 12:25:17,897-ERROR-root-12396::webapp_internal::SetKey|5901:: False is not true : Viagem - fill grid error: Message: WebDriver session does not exist, or is not active
Stacktrace:
RemoteError@chrome://remote/content/shared/RemoteError.sys.mjs:8:8
WebDriverError@chrome://remote/content/shared/webdriver/Errors.sys.mjs:202:5
InvalidSessionIDError@chrome://remote/content/shared/webdriver/Errors.sys.mjs:472:5
assert.that/<@chrome://remote/content/shared/webdriver/Assert.sys.mjs:581:13
assert.session@chrome://remote/content/shared/webdriver/Assert.sys.mjs:38:4
dispatch@chrome://remote/content/marionette/server.sys.mjs:315:19
execute@chrome://remote/content/marionette/server.sys.mjs:289:16
onPacket/<@chrome://remote/content/marionette/server.sys.mjs:262:20
onPacket@chrome://remote/content/marionette/server.sys.mjs:263:9
_onJSONObjectReady/<@chrome://remote/content/marionette/transport.sys.mjs:494:20
Traceback (most recent call last):
  File "C:\TIR_TESTE\venv\Lib\site-packages\tir\technologies\webapp_internal.py", line 6625, in fill_grid
    current_value = self.get_element_text(selenium_column())
                    ^^^^^^^^^^^^^^^^^^^^^^^^^^^^^^^^^^^^^^^^
  File "C:\TIR_TESTE\venv\Lib\site-packages\tir\technologies\core\base.py", line 606, in get_element_text
    return self.driver.execute_script("return arguments[0].innerText", element)
           ^^^^^^^^^^^^^^^^^^^^^^^^^^^^^^^^^^^^^^^^^^^^^^^^^^^^^^^^^^^^^^^^^^^^
  File "C:\TIR_TESTE\venv\Lib\site-packages\selenium\webdriver\remote\webdriver.py", line 407, in execute_script
    return self.execute(command, {"script": script, "args": converted_args})["value"]
           ^^^^^^^^^^^^^^^^^^^^^^^^^^^^^^^^^^^^^^^^^^^^^^^^^^^^^^^^^^^^^^^^^
  File "C:\TIR_TESTE\venv\Lib\site-packages\selenium\webdriver\remote\webdriver.py", line 347, in execute
    self.error_handler.check_response(response)
  File "C:\TIR_TESTE\venv\Lib\site-packages\selenium\webdriver\remote\errorhandler.py", line 229, in check_response
    raise exception_class(message, screen, stacktrace)
selenium.common.exceptions.InvalidSessionIdException: Message: WebDriver session does not exist, or is not active
Stacktrace:
RemoteError@chrome://remote/content/shared/RemoteError.sys.mjs:8:8
WebDriverError@chrome://remote/content/shared/webdriver/Errors.sys.mjs:202:5
InvalidSessionIDError@chrome://remote/content/shared/webdriver/Errors.sys.mjs:472:5
assert.that/<@chrome://remote/content/shared/webdriver/Assert.sys.mjs:581:13
assert.session@chrome://remote/content/shared/webdriver/Assert.sys.mjs:38:4
dispatch@chrome://remote/content/marionette/server.sys.mjs:315:19
execute@chrome://remote/content/marionette/server.sys.mjs:289:16
onPacket/<@chrome://remote/content/marionette/server.sys.mjs:262:20
onPacket@chrome://remote/content/marionette/server.sys.mjs:263:9
_onJSONObjectReady/<@chrome://remote/content/marionette/transport.sys.mjs:494:20


During handling of the above exception, another exception occurred:

Traceback (most recent call last):
  File "C:\TIR_TESTE\venv\Lib\site-packages\tir\technologies\webapp_internal.py", line 5861, in SetKey
    self.LoadGrid()
  File "C:\TIR_TESTE\venv\Lib\site-packages\tir\technologies\webapp_internal.py", line 6301, in LoadGrid
    self.fill_grid(field, x3_dictionaries, initial_layer, duplicate_fields)
  File "C:\TIR_TESTE\venv\Lib\site-packages\tir\technologies\webapp_internal.py", line 6676, in fill_grid
    self.log_error(f'fill grid error: {str(e)}')
  File "C:\TIR_TESTE\venv\Lib\site-packages\tir\technologies\webapp_internal.py", line 8206, in log_error
    self.assertTrue(False, log_message)
  File "C:\Users\97137227104\AppData\Local\Programs\Python\Python312\Lib\unittest\case.py", line 727, in assertTrue
    raise self.failureException(msg)
AssertionError: False is not true : Viagem - fill grid error: Message: WebDriver session does not exist, or is not active
Stacktrace:
RemoteError@chrome://remote/content/shared/RemoteError.sys.mjs:8:8
WebDriverError@chrome://remote/content/shared/webdriver/Errors.sys.mjs:202:5
InvalidSessionIDError@chrome://remote/content/shared/webdriver/Errors.sys.mjs:472:5
assert.that/<@chrome://remote/content/shared/webdriver/Assert.sys.mjs:581:13
assert.session@chrome://remote/content/shared/webdriver/Assert.sys.mjs:38:4
dispatch@chrome://remote/content/marionette/server.sys.mjs:315:19
execute@chrome://remote/content/marionette/server.sys.mjs:289:16
onPacket/<@chrome://remote/content/marionette/server.sys.mjs:262:20
onPacket@chrome://remote/content/marionette/server.sys.mjs:263:9
_onJSONObjectReady/<@chrome://remote/content/marionette/transport.sys.mjs:494:20

2025-12-05 12:25:17,908-DEBUG-root-12396::webapp_internal::wait_blocker|2444:: Waiting blocker to continue...
2025-12-05 12:25:17,912-DEBUG-root-12396::webapp_internal::wait_blocker|2469:: Blocker status: None
2025-12-05 12:25:17,913-INFO-root-12396::webapp_internal::SetKey|5822:: Key pressed: TAB
2025-12-05 12:25:17,914-DEBUG-root-12396::webapp_internal::SetKey|5857:: Trying press key
2025-12-05 12:25:17,915-DEBUG-root-12396::webapp_internal::wait_element|7623:: Waiting for element
2025-12-05 12:25:17,918-WARNING-root-12396::webapp_internal::log_error|8143:: Warning log_error SetKey - Screen is not load: Message: Tried to run command without establishing a connection

2025-12-05 12:25:17,920-DEBUG-root-12396::webapp_internal::log_error|8146:: ***System Info*** in log_error():
2025-12-05 12:25:17,920-DEBUG-root-12396::psutil_info::system_info|5:: CPU USAGE: 11.1%
2025-12-05 12:25:17,921-DEBUG-root-12396::psutil_info::system_info|6:: MEMORY USAGE: 84.1%
2025-12-05 12:25:17,922-DEBUG-root-12396::psutil_info::system_info|7:: MEMORY AVAILABLE: 15.85%
2025-12-05 12:25:17,959-ERROR-root-12396::webapp_internal::log_error|8181:: Warning Log Error Close Message: Tried to run command without establishing a connection
Traceback (most recent call last):
  File "C:\TIR_TESTE\venv\Lib\site-packages\tir\technologies\core\base.py", line 501, in get_current_DOM
    self.driver.switch_to.default_content()
  File "C:\TIR_TESTE\venv\Lib\site-packages\selenium\webdriver\remote\switch_to.py", line 69, in default_content
    self._driver.execute(Command.SWITCH_TO_FRAME, {"id": None})
  File "C:\TIR_TESTE\venv\Lib\site-packages\selenium\webdriver\remote\webdriver.py", line 347, in execute
    self.error_handler.check_response(response)
  File "C:\TIR_TESTE\venv\Lib\site-packages\selenium\webdriver\remote\errorhandler.py", line 229, in check_response
    raise exception_class(message, screen, stacktrace)
selenium.common.exceptions.InvalidSessionIdException: Message: Tried to run command without establishing a connection


During handling of the above exception, another exception occurred:

Traceback (most recent call last):
  File "C:\TIR_TESTE\venv\Lib\site-packages\tir\technologies\webapp_internal.py", line 5861, in SetKey
    self.LoadGrid()
  File "C:\TIR_TESTE\venv\Lib\site-packages\tir\technologies\webapp_internal.py", line 6284, in LoadGrid
    self.wait_element(term=selector, scrap_type=enum.ScrapType.CSS_SELECTOR)
  File "C:\TIR_TESTE\venv\Lib\site-packages\tir\technologies\webapp_internal.py", line 7626, in wait_element
    while (not self.element_exists(term, scrap_type, position, optional_term, main_container, check_error, twebview, second_term) and time.time() < endtime):
               ^^^^^^^^^^^^^^^^^^^^^^^^^^^^^^^^^^^^^^^^^^^^^^^^^^^^^^^^^^^^^^^^^^^^^^^^^^^^^^^^^^^^^^^^^^^^^^^^^^^^^^^^^^^^^^^^^^
  File "C:\TIR_TESTE\venv\Lib\site-packages\tir\technologies\webapp_internal.py", line 4073, in element_exists
    soup = self.get_current_DOM(twebview=twebview)
           ^^^^^^^^^^^^^^^^^^^^^^^^^^^^^^^^^^^^^^^
  File "C:\TIR_TESTE\venv\Lib\site-packages\tir\technologies\core\base.py", line 538, in get_current_DOM
    self.driver.switch_to.default_content()
  File "C:\TIR_TESTE\venv\Lib\site-packages\selenium\webdriver\remote\switch_to.py", line 69, in default_content
    self._driver.execute(Command.SWITCH_TO_FRAME, {"id": None})
  File "C:\TIR_TESTE\venv\Lib\site-packages\selenium\webdriver\remote\webdriver.py", line 347, in execute
    self.error_handler.check_response(response)
  File "C:\TIR_TESTE\venv\Lib\site-packages\selenium\webdriver\remote\errorhandler.py", line 229, in check_response
    raise exception_class(message, screen, stacktrace)
selenium.common.exceptions.InvalidSessionIdException: Message: Tried to run command without establishing a connection


During handling of the above exception, another exception occurred:

Traceback (most recent call last):
  File "C:\TIR_TESTE\venv\Lib\site-packages\tir\technologies\webapp_internal.py", line 8179, in log_error
    self.driver.close()
  File "C:\TIR_TESTE\venv\Lib\site-packages\selenium\webdriver\remote\webdriver.py", line 458, in close
    self.execute(Command.CLOSE)
  File "C:\TIR_TESTE\venv\Lib\site-packages\selenium\webdriver\remote\webdriver.py", line 347, in execute
    self.error_handler.check_response(response)
  File "C:\TIR_TESTE\venv\Lib\site-packages\selenium\webdriver\remote\errorhandler.py", line 229, in check_response
    raise exception_class(message, screen, stacktrace)
selenium.common.exceptions.InvalidSessionIdException: Message: Tried to run command without establishing a connection

2025-12-05 12:25:18,677-ERROR-root-12396::webapp_internal::TearDown|9654:: Warning tearDown Close Message: Tried to run command without establishing a connection
Traceback (most recent call last):
  File "C:\TIR_TESTE\venv\Lib\site-packages\tir\technologies\webapp_internal.py", line 9652, in TearDown
    self.driver.close()
  File "C:\TIR_TESTE\venv\Lib\site-packages\selenium\webdriver\remote\webdriver.py", line 458, in close
    self.execute(Command.CLOSE)
  File "C:\TIR_TESTE\venv\Lib\site-packages\selenium\webdriver\remote\webdriver.py", line 347, in execute
    self.error_handler.check_response(response)
  File "C:\TIR_TESTE\venv\Lib\site-packages\selenium\webdriver\remote\errorhandler.py", line 229, in check_response
    raise exception_class(message, screen, stacktrace)
selenium.common.exceptions.InvalidSessionIdException: Message: Tried to run command without establishing a connection

