2025-12-08 09:52:29,841-DEBUG-root-19520::logging_config::logger|189:: Log file created: 'Log\GESIT03\TIR__20251208095229835.log'
2025-12-08 09:52:29,842-INFO-root-19520::base::Start|1183:: TIR Version: 2.4.3
2025-12-08 09:52:29,842-INFO-root-19520::base::Start|1184:: Python Version: 3.12.10
2025-12-08 09:52:29,842-INFO-root-19520::base::Start|1185:: Starting the browser
2025-12-08 09:52:37,125-INFO-root-19520::base::get_url|1294:: Page is ready!
2025-12-08 09:52:37,130-INFO-root-19520::base::Start|1256:: Browser maximized to 1936x1048
2025-12-08 09:52:37,130-INFO-root-19520::base::Start|1258:: Screen size is different from default used in headless mode
2025-12-08 09:52:37,249-INFO-root-19520::webapp_internal::Setup|247:: ***System Info*** in Setup():
2025-12-08 09:52:37,250-DEBUG-root-19520::psutil_info::system_info|5:: CPU USAGE: 17.5%
2025-12-08 09:52:37,250-DEBUG-root-19520::psutil_info::system_info|6:: MEMORY USAGE: 90.7%
2025-12-08 09:52:37,251-DEBUG-root-19520::psutil_info::system_info|7:: MEMORY AVAILABLE: 9.34%
2025-12-08 09:52:37,263-INFO-root-19520::base::webapp_shadowroot|1394:: Webapp: 10.1.6-RC4
2025-12-08 09:52:37,461-INFO-root-19520::webapp_internal::filling_initial_program|449:: Filling Initial Program: "SIGAMDI"
2025-12-08 09:52:37,461-DEBUG-root-19520::webapp_internal::wait_element|7623:: Waiting for element
2025-12-08 09:52:37,609-DEBUG-root-19520::webapp_internal::wait_element|7653:: Element found! Waiting for element to be displayed.
2025-12-08 09:52:37,757-DEBUG-root-19520::base::click|192:: Click Type: ClickType.JS
2025-12-08 09:52:37,761-DEBUG-root-19520::webapp_internal::try_send_keys|7976:: Trying to send keys to element using technique 0
2025-12-08 09:52:38,083-DEBUG-root-19520::webapp_internal::get_web_value|3232:: Current value: SIGAMDI
2025-12-08 09:52:38,083-INFO-root-19520::webapp_internal::filling_server_environment|463:: Filling Server Environment: "POUPEX_TST"
2025-12-08 09:52:38,083-DEBUG-root-19520::webapp_internal::wait_element|7623:: Waiting for element
2025-12-08 09:52:38,107-DEBUG-root-19520::webapp_internal::wait_element|7653:: Element found! Waiting for element to be displayed.
2025-12-08 09:52:38,278-DEBUG-root-19520::base::click|192:: Click Type: ClickType.JS
2025-12-08 09:52:38,282-DEBUG-root-19520::webapp_internal::try_send_keys|7976:: Trying to send keys to element using technique 0
2025-12-08 09:52:38,599-DEBUG-root-19520::webapp_internal::get_web_value|3232:: Current value: POUPEX_TST
2025-12-08 09:52:38,623-DEBUG-root-19520::base::click|192:: Click Type: ClickType.JS
2025-12-08 09:52:38,637-DEBUG-root-19520::webapp_internal::user_screen|519:: Filling user screen
2025-12-08 09:52:44,828-DEBUG-root-19520::webapp_internal::wait_element_timeout|7726:: Element found! Waiting for element to be displayed.
2025-12-08 09:52:44,898-DEBUG-root-19520::base::scroll_to_element|759:: ********Warining scroll_to_element exception: Message: TypeError: can't access property "scrollIntoView", arguments[0] is null
Stacktrace:
@https://qasrverp:10020/webapp/:2:7
@https://qasrverp:10020/webapp/:3:8
*********
2025-12-08 09:52:45,042-INFO-root-19520::webapp_internal::user_screen|561:: Filling User
2025-12-08 09:52:45,071-DEBUG-root-19520::base::double_click|259:: Click Type: ClickType.SELENIUM
2025-12-08 09:52:45,249-DEBUG-root-19520::webapp_internal::get_web_value|3232:: Current value: 97137227104
2025-12-08 09:52:45,274-INFO-root-19520::webapp_internal::user_screen|621:: Filling Password
2025-12-08 09:52:45,300-DEBUG-root-19520::base::click|192:: Click Type: ClickType.JS
2025-12-08 09:52:45,380-DEBUG-root-19520::webapp_internal::get_web_value|3232:: Current value: Val20221080080094+
2025-12-08 09:52:45,381-DEBUG-root-19520::webapp_internal::wait_blocker|2444:: Waiting blocker to continue...
2025-12-08 09:52:45,409-DEBUG-root-19520::webapp_internal::wait_blocker|2469:: Blocker status: None
2025-12-08 09:52:45,432-DEBUG-root-19520::webapp_internal::wait_blocker|2444:: Waiting blocker to continue...
2025-12-08 09:52:45,462-DEBUG-root-19520::webapp_internal::wait_blocker|2469:: Blocker status: None
2025-12-08 09:52:45,496-DEBUG-root-19520::webapp_internal::wait_blocker|2444:: Waiting blocker to continue...
2025-12-08 09:52:45,522-DEBUG-root-19520::webapp_internal::wait_blocker|2469:: Blocker status: None
2025-12-08 09:52:45,522-DEBUG-root-19520::webapp_internal::send_action|10480:: Trying to send action
2025-12-08 09:52:45,534-DEBUG-root-19520::base::click|192:: Click Type: ClickType.JS
2025-12-08 09:52:46,577-DEBUG-root-19520::webapp_internal::send_action|10522:: send_action method result = True
2025-12-08 09:52:46,577-DEBUG-root-19520::webapp_internal::send_action|10523:: send_action selenium status: False
2025-12-08 09:52:49,166-DEBUG-root-19520::base::scroll_to_element|759:: ********Warining scroll_to_element exception: Message: TypeError: can't access property "scrollIntoView", arguments[0] is null
Stacktrace:
@https://qasrverp:10020/webapp/:2:7
@https://qasrverp:10020/webapp/:3:8
*********
2025-12-08 09:52:49,223-INFO-root-19520::webapp_internal::filling_date|885:: Filling Date: "08/12/2025"
2025-12-08 09:52:49,223-DEBUG-root-19520::webapp_internal::wait_blocker|2444:: Waiting blocker to continue...
2025-12-08 09:52:49,260-DEBUG-root-19520::webapp_internal::wait_blocker|2469:: Blocker status: None
2025-12-08 09:52:49,263-DEBUG-root-19520::base::click|192:: Click Type: ClickType.JS
2025-12-08 09:52:49,281-DEBUG-root-19520::webapp_internal::try_send_keys|7976:: Trying to send keys to element using technique 1
2025-12-08 09:52:49,350-DEBUG-root-19520::webapp_internal::get_web_value|3232:: Current value: 08/12/2025
2025-12-08 09:52:50,442-INFO-root-19520::webapp_internal::filling_group|955:: Filling Group: "02"
2025-12-08 09:52:50,442-DEBUG-root-19520::webapp_internal::wait_blocker|2444:: Waiting blocker to continue...
2025-12-08 09:52:50,474-DEBUG-root-19520::webapp_internal::wait_blocker|2469:: Blocker status: None
2025-12-08 09:52:50,477-DEBUG-root-19520::base::click|192:: Click Type: ClickType.JS
2025-12-08 09:52:50,527-DEBUG-root-19520::webapp_internal::get_web_value|3232:: Current value: 02
2025-12-08 09:52:51,588-INFO-root-19520::webapp_internal::filling_branch|1047:: Filling Branch: "02DF0001"
2025-12-08 09:52:51,589-DEBUG-root-19520::webapp_internal::wait_blocker|2444:: Waiting blocker to continue...
2025-12-08 09:52:51,621-DEBUG-root-19520::webapp_internal::wait_blocker|2469:: Blocker status: None
2025-12-08 09:52:51,624-DEBUG-root-19520::base::click|192:: Click Type: ClickType.JS
2025-12-08 09:52:51,677-DEBUG-root-19520::webapp_internal::get_web_value|3232:: Current value: 02DF0001
2025-12-08 09:52:52,757-INFO-root-19520::webapp_internal::filling_environment|1113:: Filling Environment: "07"
2025-12-08 09:52:52,757-DEBUG-root-19520::webapp_internal::wait_blocker|2444:: Waiting blocker to continue...
2025-12-08 09:52:52,791-DEBUG-root-19520::webapp_internal::wait_blocker|2469:: Blocker status: None
2025-12-08 09:52:52,794-DEBUG-root-19520::base::click|192:: Click Type: ClickType.JS
2025-12-08 09:52:52,847-DEBUG-root-19520::webapp_internal::get_web_value|3232:: Current value: 07
2025-12-08 09:52:53,858-DEBUG-root-19520::webapp_internal::close_warning_screen|1489:: Closing warning screen!
2025-12-08 09:52:54,891-DEBUG-root-19520::webapp_internal::check_screen_element|1291:: Checking screen element: "Atenção": False
2025-12-08 09:52:55,996-INFO-root-19520::webapp_internal::environment_screen|796:: Clicking on Button
2025-12-08 09:52:55,996-DEBUG-root-19520::webapp_internal::wait_blocker|2444:: Waiting blocker to continue...
2025-12-08 09:52:56,028-DEBUG-root-19520::webapp_internal::wait_blocker|2469:: Blocker status: None
2025-12-08 09:52:56,031-DEBUG-root-19520::base::click|192:: Click Type: ClickType.JS
2025-12-08 09:52:57,047-DEBUG-root-19520::base::click|192:: Click Type: ClickType.JS
2025-12-08 09:52:58,054-DEBUG-root-19520::base::click|192:: Click Type: ClickType.JS
2025-12-08 09:52:59,063-DEBUG-root-19520::base::click|192:: Click Type: ClickType.JS
2025-12-08 09:53:00,072-DEBUG-root-19520::base::click|192:: Click Type: ClickType.JS
2025-12-08 09:53:01,079-DEBUG-root-19520::base::click|192:: Click Type: ClickType.JS
2025-12-08 09:53:02,085-DEBUG-root-19520::webapp_internal::close_screen_before_menu|368:: Closing screen before the menu
2025-12-08 09:53:02,128-DEBUG-root-19520::webapp_internal::close_warning_screen|1489:: Closing warning screen!
2025-12-08 09:53:03,168-DEBUG-root-19520::webapp_internal::check_screen_element|1291:: Checking screen element: "Atenção": False
2025-12-08 09:53:03,169-DEBUG-root-19520::webapp_internal::close_coin_screen|1424:: Closing coin screen!
2025-12-08 09:53:03,724-DEBUG-root-19520::base::click|192:: Click Type: ClickType.JS
2025-12-08 09:53:03,778-DEBUG-root-19520::webapp_internal::close_warning_screen|1489:: Closing warning screen!
2025-12-08 09:53:04,998-DEBUG-root-19520::webapp_internal::check_screen_element|1291:: Checking screen element: "Atenção": False
2025-12-08 09:53:04,999-DEBUG-root-19520::webapp_internal::close_coin_screen|1424:: Closing coin screen!
2025-12-08 09:53:05,400-INFO-root-19520::webapp_internal::set_log_info|1623:: Getting log info
2025-12-08 09:53:05,400-INFO-root-19520::webapp_internal::SetLateralMenu|4184:: Navigating lateral menu: Ajuda > Sobre
2025-12-08 09:53:05,428-DEBUG-root-19520::webapp_internal::wait_element|7623:: Waiting for element
2025-12-08 09:53:05,599-DEBUG-root-19520::webapp_internal::wait_element|7653:: Element found! Waiting for element to be displayed.
2025-12-08 09:53:05,919-INFO-root-19520::webapp_internal::SetLateralMenu|4203:: Menu item: "Ajuda"
2025-12-08 09:53:05,919-DEBUG-root-19520::webapp_internal::wait_blocker|2444:: Waiting blocker to continue...
2025-12-08 09:53:05,996-DEBUG-root-19520::webapp_internal::wait_blocker|2469:: Blocker status: False
2025-12-08 09:53:06,381-DEBUG-root-19520::webapp_internal::wait_element_timeout|7726:: Element found! Waiting for element to be displayed.
2025-12-08 09:53:06,773-DEBUG-root-19520::webapp_internal::wait_blocker|2444:: Waiting blocker to continue...
2025-12-08 09:53:06,843-DEBUG-root-19520::webapp_internal::wait_blocker|2469:: Blocker status: False
2025-12-08 09:53:09,144-INFO-root-19520::webapp_internal::SetLateralMenu|4203:: Menu item: "Sobre"
2025-12-08 09:53:09,145-DEBUG-root-19520::webapp_internal::wait_blocker|2444:: Waiting blocker to continue...
2025-12-08 09:53:09,209-DEBUG-root-19520::webapp_internal::wait_blocker|2469:: Blocker status: False
2025-12-08 09:53:09,625-DEBUG-root-19520::webapp_internal::wait_element_timeout|7726:: Element found! Waiting for element to be displayed.
2025-12-08 09:53:09,980-DEBUG-root-19520::webapp_internal::wait_blocker|2444:: Waiting blocker to continue...
2025-12-08 09:53:10,047-DEBUG-root-19520::webapp_internal::wait_blocker|2469:: Blocker status: False
2025-12-08 09:53:12,725-DEBUG-root-19520::webapp_internal::wait_blocker|2444:: Waiting blocker to continue...
2025-12-08 09:53:12,795-DEBUG-root-19520::webapp_internal::wait_blocker|2469:: Blocker status: False
2025-12-08 09:53:12,860-DEBUG-root-19520::webapp_internal::wait_element|7623:: Waiting for element
2025-12-08 09:53:12,900-DEBUG-root-19520::webapp_internal::wait_element|7653:: Element found! Waiting for element to be displayed.
2025-12-08 09:53:13,065-INFO-root-19520::webapp_internal::SetButton|4444:: Clicking on Fechar
2025-12-08 09:53:13,066-DEBUG-root-19520::webapp_internal::wait_blocker|2444:: Waiting blocker to continue...
2025-12-08 09:53:13,134-DEBUG-root-19520::webapp_internal::wait_blocker|2469:: Blocker status: False
2025-12-08 09:53:13,314-DEBUG-root-19520::webapp_internal::wait_element_timeout|7726:: Element found! Waiting for element to be displayed.
2025-12-08 09:53:13,383-DEBUG-root-19520::webapp_internal::SetButton|4481:: ***System Info*** Before Clicking on button:Fechar
2025-12-08 09:53:13,384-DEBUG-root-19520::psutil_info::system_info|5:: CPU USAGE: 8.8%
2025-12-08 09:53:13,384-DEBUG-root-19520::psutil_info::system_info|6:: MEMORY USAGE: 88.7%
2025-12-08 09:53:13,385-DEBUG-root-19520::psutil_info::system_info|7:: MEMORY AVAILABLE: 11.31%
2025-12-08 09:53:13,545-DEBUG-root-19520::webapp_internal::wait_element_timeout|7726:: Element found! Waiting for element to be displayed.
2025-12-08 09:53:13,644-DEBUG-root-19520::webapp_internal::wait_blocker|2444:: Waiting blocker to continue...
2025-12-08 09:53:13,713-DEBUG-root-19520::webapp_internal::wait_blocker|2469:: Blocker status: False
2025-12-08 09:53:13,729-DEBUG-root-19520::webapp_internal::wait_blocker|2444:: Waiting blocker to continue...
2025-12-08 09:53:13,799-DEBUG-root-19520::webapp_internal::wait_blocker|2469:: Blocker status: False
2025-12-08 09:53:13,799-DEBUG-root-19520::webapp_internal::send_action|10480:: Trying to send action
2025-12-08 09:53:13,801-DEBUG-root-19520::base::click|192:: Click Type: ClickType.JS
2025-12-08 09:53:14,830-DEBUG-root-19520::webapp_internal::send_action|10522:: send_action method result = True
2025-12-08 09:53:14,830-DEBUG-root-19520::webapp_internal::send_action|10523:: send_action selenium status: False
2025-12-08 09:53:14,831-DEBUG-root-19520::webapp_internal::SetButton|4683:: ***System Info*** After Clicking on button:
2025-12-08 09:53:14,831-DEBUG-root-19520::psutil_info::system_info|5:: CPU USAGE: 5.8%
2025-12-08 09:53:14,832-DEBUG-root-19520::psutil_info::system_info|6:: MEMORY USAGE: 89.0%
2025-12-08 09:53:14,832-DEBUG-root-19520::psutil_info::system_info|7:: MEMORY AVAILABLE: 11.01%
2025-12-08 09:53:14,832-DEBUG-root-19520::webapp_internal::wait_element|7623:: Waiting for element
2025-12-08 09:53:14,915-INFO-root-19520::webapp_internal::SetLateralMenu|4184:: Navigating lateral menu: Atualizações > Gestao de Viagens > Solicitações
2025-12-08 09:53:14,923-DEBUG-root-19520::webapp_internal::wait_element|7623:: Waiting for element
2025-12-08 09:53:14,963-DEBUG-root-19520::webapp_internal::wait_element|7653:: Element found! Waiting for element to be displayed.
2025-12-08 09:53:15,157-INFO-root-19520::webapp_internal::SetLateralMenu|4203:: Menu item: "Atualizações"
2025-12-08 09:53:15,157-DEBUG-root-19520::webapp_internal::wait_blocker|2444:: Waiting blocker to continue...
2025-12-08 09:53:15,217-DEBUG-root-19520::webapp_internal::wait_blocker|2469:: Blocker status: False
2025-12-08 09:53:15,628-DEBUG-root-19520::webapp_internal::wait_element_timeout|7726:: Element found! Waiting for element to be displayed.
2025-12-08 09:53:15,998-DEBUG-root-19520::webapp_internal::wait_blocker|2444:: Waiting blocker to continue...
2025-12-08 09:53:16,060-DEBUG-root-19520::webapp_internal::wait_blocker|2469:: Blocker status: False
2025-12-08 09:53:18,355-INFO-root-19520::webapp_internal::SetLateralMenu|4203:: Menu item: "Gestao de Viagens"
2025-12-08 09:53:18,355-DEBUG-root-19520::webapp_internal::wait_blocker|2444:: Waiting blocker to continue...
2025-12-08 09:53:18,450-DEBUG-root-19520::webapp_internal::wait_blocker|2469:: Blocker status: False
2025-12-08 09:53:19,228-DEBUG-root-19520::webapp_internal::wait_element_timeout|7726:: Element found! Waiting for element to be displayed.
2025-12-08 09:53:19,942-DEBUG-root-19520::webapp_internal::wait_blocker|2444:: Waiting blocker to continue...
2025-12-08 09:53:20,033-DEBUG-root-19520::webapp_internal::wait_blocker|2469:: Blocker status: False
2025-12-08 09:53:22,325-INFO-root-19520::webapp_internal::SetLateralMenu|4203:: Menu item: "Solicitações"
2025-12-08 09:53:22,325-DEBUG-root-19520::webapp_internal::wait_blocker|2444:: Waiting blocker to continue...
2025-12-08 09:53:22,403-DEBUG-root-19520::webapp_internal::wait_blocker|2469:: Blocker status: False
2025-12-08 09:53:23,328-DEBUG-root-19520::webapp_internal::wait_element_timeout|7726:: Element found! Waiting for element to be displayed.
2025-12-08 09:53:24,154-DEBUG-root-19520::webapp_internal::wait_blocker|2444:: Waiting blocker to continue...
2025-12-08 09:53:24,240-DEBUG-root-19520::webapp_internal::wait_blocker|2469:: Blocker status: False
2025-12-08 09:53:27,874-DEBUG-root-19520::webapp_internal::wait_blocker|2444:: Waiting blocker to continue...
2025-12-08 09:53:27,964-DEBUG-root-19520::webapp_internal::wait_blocker|2469:: Blocker status: False
2025-12-08 09:53:28,053-INFO-root-19520::webapp_internal::WaitShow|4980:: Waiting show text 'Este ambiente utiliza base de Homologação.'...
2025-12-08 09:53:33,196-INFO-root-19520::webapp_internal::WaitShow|4980:: Waiting show text 'Moedas'...
2025-12-08 09:53:38,810-INFO-root-19520::webapp_internal::WaitShow|4980:: Waiting show text 'Solicitação de Viagens/Treinamento'...
2025-12-08 09:53:39,371-INFO-root-19520::webapp_internal::WaitShow|4996:: Text found! 
2025-12-08 09:53:39,371-INFO-root-19520::webapp_internal::SetButton|4444:: Clicking on Incluir
2025-12-08 09:53:39,371-DEBUG-root-19520::webapp_internal::wait_blocker|2444:: Waiting blocker to continue...
2025-12-08 09:53:39,472-DEBUG-root-19520::webapp_internal::wait_blocker|2469:: Blocker status: False
2025-12-08 09:53:40,002-DEBUG-root-19520::webapp_internal::wait_element_timeout|7726:: Element found! Waiting for element to be displayed.
2025-12-08 09:53:40,533-DEBUG-root-19520::webapp_internal::SetButton|4481:: ***System Info*** Before Clicking on button:Incluir
2025-12-08 09:53:40,533-DEBUG-root-19520::psutil_info::system_info|5:: CPU USAGE: 8.2%
2025-12-08 09:53:40,534-DEBUG-root-19520::psutil_info::system_info|6:: MEMORY USAGE: 88.9%
2025-12-08 09:53:40,534-DEBUG-root-19520::psutil_info::system_info|7:: MEMORY AVAILABLE: 11.07%
2025-12-08 09:53:41,044-DEBUG-root-19520::webapp_internal::wait_element_timeout|7726:: Element found! Waiting for element to be displayed.
2025-12-08 09:53:41,500-DEBUG-root-19520::webapp_internal::wait_blocker|2444:: Waiting blocker to continue...
2025-12-08 09:53:41,520-DEBUG-root-19520::webapp_internal::wait_blocker|2469:: Blocker status: None
2025-12-08 09:53:41,544-DEBUG-root-19520::webapp_internal::wait_blocker|2444:: Waiting blocker to continue...
2025-12-08 09:53:41,572-DEBUG-root-19520::webapp_internal::wait_blocker|2469:: Blocker status: None
2025-12-08 09:53:41,573-DEBUG-root-19520::webapp_internal::send_action|10480:: Trying to send action
2025-12-08 09:53:41,576-DEBUG-root-19520::base::click|192:: Click Type: ClickType.JS
2025-12-08 09:53:42,805-DEBUG-root-19520::webapp_internal::send_action|10522:: send_action method result = True
2025-12-08 09:53:42,805-DEBUG-root-19520::webapp_internal::send_action|10523:: send_action selenium status: True
2025-12-08 09:53:42,805-DEBUG-root-19520::webapp_internal::SetButton|4683:: ***System Info*** After Clicking on button:
2025-12-08 09:53:42,806-DEBUG-root-19520::psutil_info::system_info|5:: CPU USAGE: 8.9%
2025-12-08 09:53:42,806-DEBUG-root-19520::psutil_info::system_info|6:: MEMORY USAGE: 88.7%
2025-12-08 09:53:42,806-DEBUG-root-19520::psutil_info::system_info|7:: MEMORY AVAILABLE: 11.32%
2025-12-08 09:53:43,007-DEBUG-root-19520::webapp_internal::wait_blocker|2444:: Waiting blocker to continue...
2025-12-08 09:53:43,131-DEBUG-root-19520::webapp_internal::wait_blocker|2469:: Blocker status: False
2025-12-08 09:53:43,131-INFO-root-19520::webapp_internal::SearchBrowse|2003:: Searching: 02DF0001
2025-12-08 09:53:43,287-DEBUG-root-19520::webapp_internal::wait_element_timeout|7726:: Element found! Waiting for element to be displayed.
2025-12-08 09:53:43,390-DEBUG-root-19520::webapp_internal::wait_blocker|2444:: Waiting blocker to continue...
2025-12-08 09:53:43,536-DEBUG-root-19520::webapp_internal::wait_blocker|2469:: Blocker status: False
2025-12-08 09:53:43,543-DEBUG-root-19520::webapp_internal::wait_blocker|2444:: Waiting blocker to continue...
2025-12-08 09:53:43,657-DEBUG-root-19520::webapp_internal::wait_blocker|2469:: Blocker status: False
2025-12-08 09:53:43,658-INFO-root-19520::webapp_internal::fill_search_browse|2399:: Filling: 02DF0001
2025-12-08 09:53:43,670-DEBUG-root-19520::base::click|192:: Click Type: ClickType.JS
2025-12-08 09:53:44,771-DEBUG-root-19520::webapp_internal::wait_blocker|2444:: Waiting blocker to continue...
2025-12-08 09:53:44,896-DEBUG-root-19520::webapp_internal::wait_blocker|2469:: Blocker status: False
2025-12-08 09:53:44,898-DEBUG-root-19520::base::double_click|259:: Click Type: ClickType.SELENIUM
2025-12-08 09:53:44,904-WARNING-root-19520::base::double_click|280:: Warning double_click method Exception: Message: Element <button class="button-image" type="button"> is not clickable at point (1258,360) because another element <wa-button id="COMP6023" class="dict-tbutton focus"> obscures it
Stacktrace:
RemoteError@chrome://remote/content/shared/RemoteError.sys.mjs:8:8
WebDriverError@chrome://remote/content/shared/webdriver/Errors.sys.mjs:202:5
ElementClickInterceptedError@chrome://remote/content/shared/webdriver/Errors.sys.mjs:354:5
webdriverClickElement@chrome://remote/content/marionette/interaction.sys.mjs:175:11
interaction.clickElement@chrome://remote/content/marionette/interaction.sys.mjs:134:11
clickElement@chrome://remote/content/marionette/actors/MarionetteCommandsChild.sys.mjs:327:29
receiveMessage@chrome://remote/content/marionette/actors/MarionetteCommandsChild.sys.mjs:210:31

2025-12-08 09:53:45,197-INFO-root-19520::webapp_internal::SetButton|4444:: Clicking on OK
2025-12-08 09:53:45,198-DEBUG-root-19520::webapp_internal::wait_blocker|2444:: Waiting blocker to continue...
2025-12-08 09:53:45,324-DEBUG-root-19520::webapp_internal::wait_blocker|2469:: Blocker status: False
2025-12-08 09:53:45,618-DEBUG-root-19520::webapp_internal::wait_element_timeout|7726:: Element found! Waiting for element to be displayed.
2025-12-08 09:53:45,797-DEBUG-root-19520::webapp_internal::SetButton|4481:: ***System Info*** Before Clicking on button:OK
2025-12-08 09:53:45,797-DEBUG-root-19520::psutil_info::system_info|5:: CPU USAGE: 7.2%
2025-12-08 09:53:45,797-DEBUG-root-19520::psutil_info::system_info|6:: MEMORY USAGE: 88.5%
2025-12-08 09:53:45,798-DEBUG-root-19520::psutil_info::system_info|7:: MEMORY AVAILABLE: 11.46%
2025-12-08 09:53:46,075-DEBUG-root-19520::webapp_internal::wait_element_timeout|7726:: Element found! Waiting for element to be displayed.
2025-12-08 09:53:46,301-DEBUG-root-19520::webapp_internal::wait_blocker|2444:: Waiting blocker to continue...
2025-12-08 09:53:46,415-DEBUG-root-19520::webapp_internal::wait_blocker|2469:: Blocker status: False
2025-12-08 09:53:46,438-DEBUG-root-19520::webapp_internal::wait_blocker|2444:: Waiting blocker to continue...
2025-12-08 09:53:46,553-DEBUG-root-19520::webapp_internal::wait_blocker|2469:: Blocker status: False
2025-12-08 09:53:46,553-DEBUG-root-19520::webapp_internal::send_action|10480:: Trying to send action
2025-12-08 09:53:46,554-DEBUG-root-19520::base::click|192:: Click Type: ClickType.JS
2025-12-08 09:53:49,156-DEBUG-root-19520::webapp_internal::send_action|10522:: send_action method result = True
2025-12-08 09:53:49,156-DEBUG-root-19520::webapp_internal::send_action|10523:: send_action selenium status: True
2025-12-08 09:53:49,156-DEBUG-root-19520::webapp_internal::SetButton|4683:: ***System Info*** After Clicking on button:
2025-12-08 09:53:49,157-DEBUG-root-19520::psutil_info::system_info|5:: CPU USAGE: 9.4%
2025-12-08 09:53:49,157-DEBUG-root-19520::psutil_info::system_info|6:: MEMORY USAGE: 88.8%
2025-12-08 09:53:49,157-DEBUG-root-19520::psutil_info::system_info|7:: MEMORY AVAILABLE: 11.22%
2025-12-08 09:53:49,358-INFO-root-19520::webapp_internal::WaitShow|4980:: Waiting show text 'Solicitacoes de Viagens - INCLUIR'...
2025-12-08 09:53:58,565-INFO-root-19520::webapp_internal::WaitShow|4996:: Text found! 
2025-12-08 09:53:58,565-DEBUG-root-19520::webapp_internal::wait_blocker|2444:: Waiting blocker to continue...
2025-12-08 09:53:58,735-DEBUG-root-19520::webapp_internal::wait_blocker|2469:: Blocker status: False
2025-12-08 09:53:58,735-DEBUG-root-19520::webapp_internal::wait_element|7623:: Waiting for element
2025-12-08 09:53:58,826-DEBUG-root-19520::webapp_internal::wait_element|7653:: Element found! Waiting for element to be displayed.
2025-12-08 09:53:58,902-INFO-root-19520::webapp_internal::input_value|2941:: Looking for element: ZV3_DESCRI
2025-12-08 09:53:59,078-INFO-root-19520::webapp_internal::input_value|2951:: Element: ZV3_DESCRI Found!
2025-12-08 09:53:59,078-INFO-root-19520::webapp_internal::input_value|2953:: Filling element: ZV3_DESCRI
2025-12-08 09:53:59,106-DEBUG-root-19520::webapp_internal::get_web_value|3232:: Current value:                                                   
2025-12-08 09:53:59,144-DEBUG-root-19520::base::double_click|259:: Click Type: ClickType.SELENIUM
2025-12-08 09:53:59,441-DEBUG-root-19520::webapp_internal::wait_blocker|2444:: Waiting blocker to continue...
2025-12-08 09:53:59,619-DEBUG-root-19520::webapp_internal::wait_blocker|2469:: Blocker status: False
2025-12-08 09:53:59,962-DEBUG-root-19520::webapp_internal::get_web_value|3232:: Current value: USO PARA TESTE AUTOMATIZADO                       
2025-12-08 09:53:59,962-INFO-root-19520::webapp_internal::input_value|3059:: Current field value: USO PARA TESTE AUTOMATIZADO
2025-12-08 09:53:59,997-DEBUG-root-19520::webapp_internal::wait_blocker|2444:: Waiting blocker to continue...
2025-12-08 09:54:00,192-DEBUG-root-19520::webapp_internal::wait_blocker|2469:: Blocker status: False
2025-12-08 09:54:00,192-DEBUG-root-19520::webapp_internal::wait_element|7623:: Waiting for element
2025-12-08 09:54:30,672-DEBUG-root-19520::webapp_internal::wait_element|7653:: Element found! Waiting for element to be displayed.
2025-12-08 09:54:30,823-INFO-root-19520::webapp_internal::input_value|2941:: Looking for element: ZV3_DTINI
2025-12-08 09:54:31,143-INFO-root-19520::webapp_internal::input_value|2951:: Element: ZV3_DTINI Found!
2025-12-08 09:54:31,144-INFO-root-19520::webapp_internal::input_value|2953:: Filling element: ZV3_DTINI
2025-12-08 09:54:31,198-DEBUG-root-19520::webapp_internal::get_web_value|3232:: Current value:   /  /    
2025-12-08 09:54:31,243-DEBUG-root-19520::base::double_click|259:: Click Type: ClickType.SELENIUM
2025-12-08 09:54:31,515-DEBUG-root-19520::webapp_internal::wait_blocker|2444:: Waiting blocker to continue...
2025-12-08 09:54:31,787-DEBUG-root-19520::webapp_internal::wait_blocker|2469:: Blocker status: False
2025-12-08 09:54:32,121-DEBUG-root-19520::webapp_internal::get_web_value|3232:: Current value: 21/12/2025
2025-12-08 09:54:32,122-INFO-root-19520::webapp_internal::input_value|3059:: Current field value: 21122025
2025-12-08 09:54:32,140-DEBUG-root-19520::webapp_internal::wait_blocker|2444:: Waiting blocker to continue...
2025-12-08 09:54:32,405-DEBUG-root-19520::webapp_internal::wait_blocker|2469:: Blocker status: False
2025-12-08 09:54:32,406-DEBUG-root-19520::webapp_internal::wait_element|7623:: Waiting for element
2025-12-08 09:55:34,601-DEBUG-root-19520::webapp_internal::wait_element|7653:: Element found! Waiting for element to be displayed.
2025-12-08 09:55:34,725-INFO-root-19520::webapp_internal::input_value|2941:: Looking for element: ZV3_DTFIM
2025-12-08 09:55:34,992-INFO-root-19520::webapp_internal::input_value|2951:: Element: ZV3_DTFIM Found!
2025-12-08 09:55:34,993-INFO-root-19520::webapp_internal::input_value|2953:: Filling element: ZV3_DTFIM
2025-12-08 09:55:35,043-DEBUG-root-19520::webapp_internal::get_web_value|3232:: Current value:   /  /    
2025-12-08 09:55:35,091-DEBUG-root-19520::base::double_click|259:: Click Type: ClickType.SELENIUM
2025-12-08 09:55:35,341-DEBUG-root-19520::webapp_internal::wait_blocker|2444:: Waiting blocker to continue...
2025-12-08 09:55:35,597-DEBUG-root-19520::webapp_internal::wait_blocker|2469:: Blocker status: False
2025-12-08 09:55:35,953-DEBUG-root-19520::webapp_internal::get_web_value|3232:: Current value: 28/12/2025
2025-12-08 09:55:35,954-INFO-root-19520::webapp_internal::input_value|3059:: Current field value: 28122025
2025-12-08 09:55:36,974-DEBUG-root-19520::webapp_internal::wait_blocker|2444:: Waiting blocker to continue...
2025-12-08 09:55:37,245-DEBUG-root-19520::webapp_internal::wait_blocker|2469:: Blocker status: False
2025-12-08 09:55:37,245-DEBUG-root-19520::webapp_internal::wait_element|7623:: Waiting for element
2025-12-08 09:57:37,369-DEBUG-root-19520::webapp_internal::wait_element|7643:: wait_element doesn't found term: ZV3_CC
2025-12-08 09:57:37,370-WARNING-root-19520::webapp_internal::log_error|8143:: Warning log_error Element 'ZV3_CC' not found!
2025-12-08 09:57:37,371-DEBUG-root-19520::webapp_internal::log_error|8146:: ***System Info*** in log_error():
2025-12-08 09:57:37,372-DEBUG-root-19520::psutil_info::system_info|5:: CPU USAGE: 11.6%
2025-12-08 09:57:37,373-DEBUG-root-19520::psutil_info::system_info|6:: MEMORY USAGE: 88.3%
2025-12-08 09:57:37,373-DEBUG-root-19520::psutil_info::system_info|7:: MEMORY AVAILABLE: 11.69%
2025-12-08 09:57:37,412-DEBUG-root-19520::log::take_screenshot_log|612:: take_screenshot_log in:2025-12-08 09:57:37.412794

2025-12-08 09:57:37,556-DEBUG-root-19520::log::take_screenshot_log|627:: Screenshot file created successfully: Log\GESIT03\97137227104_20251208095737412_Viagem -_test_Cadastro_Orcamento_Viagem.png
2025-12-08 09:57:38,564-DEBUG-root-19520::log::checks_empty_line|221:: Checking empty default log info
2025-12-08 09:57:38,572-DEBUG-root-19520::log::generate_log|503:: Json log_data: {'cLogDtExec': '08/12/2025 09:57:38', 'cLogNomUsr': '97137227104', 'cLogNomEst': 'GESIT03', 'cLogProgra': None, 'cLogDtProg': '', 'cLogHrProg': '', 'nLogCtsOk': 0, 'nLogCtsNok': 1, 'nLogCtsSeg': 307.67, 'cLogVersao': '12', 'cLogReleas': '12.1.2410', 'nLogCtsErr': "Viagem - Element 'ZV3_CC' not found!", 'cLogBancod': 'ORACLE', 'cLogIdenti': '', 'cLogIdExec': '20251208', 'cLogPais': 'BRA', 'cLogTool': 'TIR', 'cLogSequen': '8123c3', 'nLogCtsTot': 1, 'cLogDtExea': '08/12/2025', 'cLogHrExea': '09:57:38', 'cLogArea': 'Desenvolvimento', 'cLogMnExec': 5.127833333333333}
2025-12-08 09:57:38,575-INFO-root-19520::log::send_log_with_retries|515:: Saving log locally.
2025-12-08 09:57:38,575-INFO-root-19520::log::save_log_locally|548:: [FwSendLog]: Não foi possível enviar o log após todas as tentativas.
2025-12-08 09:57:38,578-INFO-root-19520::log::save_log_locally|555:: [FwSendLog]: Log salvo localmente em C:\TIR_TESTE\1765198658.json.
2025-12-08 09:57:40,533-ERROR-root-19520::webapp_internal::TearDown|9654:: Warning tearDown Close Message: Tried to run command without establishing a connection
Traceback (most recent call last):
  File "C:\TIR_TESTE\venv\Lib\site-packages\tir\technologies\webapp_internal.py", line 9652, in TearDown
    self.driver.close()
  File "C:\TIR_TESTE\venv\Lib\site-packages\selenium\webdriver\remote\webdriver.py", line 458, in close
    self.execute(Command.CLOSE)
  File "C:\TIR_TESTE\venv\Lib\site-packages\selenium\webdriver\remote\webdriver.py", line 347, in execute
    self.error_handler.check_response(response)
  File "C:\TIR_TESTE\venv\Lib\site-packages\selenium\webdriver\remote\errorhandler.py", line 229, in check_response
    raise exception_class(message, screen, stacktrace)
selenium.common.exceptions.InvalidSessionIdException: Message: Tried to run command without establishing a connection

2025-12-08 09:52:29,841-DEBUG-root-19520::logging_config::logger|189:: Log file created: 'Log\GESIT03\TIR__20251208095229835.log'
2025-12-08 09:52:29,842-INFO-root-19520::base::Start|1183:: TIR Version: 2.4.3
2025-12-08 09:52:29,842-INFO-root-19520::base::Start|1184:: Python Version: 3.12.10
2025-12-08 09:52:29,842-INFO-root-19520::base::Start|1185:: Starting the browser
2025-12-08 09:52:37,125-INFO-root-19520::base::get_url|1294:: Page is ready!
2025-12-08 09:52:37,130-INFO-root-19520::base::Start|1256:: Browser maximized to 1936x1048
2025-12-08 09:52:37,130-INFO-root-19520::base::Start|1258:: Screen size is different from default used in headless mode
2025-12-08 09:52:37,249-INFO-root-19520::webapp_internal::Setup|247:: ***System Info*** in Setup():
2025-12-08 09:52:37,250-DEBUG-root-19520::psutil_info::system_info|5:: CPU USAGE: 17.5%
2025-12-08 09:52:37,250-DEBUG-root-19520::psutil_info::system_info|6:: MEMORY USAGE: 90.7%
2025-12-08 09:52:37,251-DEBUG-root-19520::psutil_info::system_info|7:: MEMORY AVAILABLE: 9.34%
2025-12-08 09:52:37,263-INFO-root-19520::base::webapp_shadowroot|1394:: Webapp: 10.1.6-RC4
2025-12-08 09:52:37,461-INFO-root-19520::webapp_internal::filling_initial_program|449:: Filling Initial Program: "SIGAMDI"
2025-12-08 09:52:37,461-DEBUG-root-19520::webapp_internal::wait_element|7623:: Waiting for element
2025-12-08 09:52:37,609-DEBUG-root-19520::webapp_internal::wait_element|7653:: Element found! Waiting for element to be displayed.
2025-12-08 09:52:37,757-DEBUG-root-19520::base::click|192:: Click Type: ClickType.JS
2025-12-08 09:52:37,761-DEBUG-root-19520::webapp_internal::try_send_keys|7976:: Trying to send keys to element using technique 0
2025-12-08 09:52:38,083-DEBUG-root-19520::webapp_internal::get_web_value|3232:: Current value: SIGAMDI
2025-12-08 09:52:38,083-INFO-root-19520::webapp_internal::filling_server_environment|463:: Filling Server Environment: "POUPEX_TST"
2025-12-08 09:52:38,083-DEBUG-root-19520::webapp_internal::wait_element|7623:: Waiting for element
2025-12-08 09:52:38,107-DEBUG-root-19520::webapp_internal::wait_element|7653:: Element found! Waiting for element to be displayed.
2025-12-08 09:52:38,278-DEBUG-root-19520::base::click|192:: Click Type: ClickType.JS
2025-12-08 09:52:38,282-DEBUG-root-19520::webapp_internal::try_send_keys|7976:: Trying to send keys to element using technique 0
2025-12-08 09:52:38,599-DEBUG-root-19520::webapp_internal::get_web_value|3232:: Current value: POUPEX_TST
2025-12-08 09:52:38,623-DEBUG-root-19520::base::click|192:: Click Type: ClickType.JS
2025-12-08 09:52:38,637-DEBUG-root-19520::webapp_internal::user_screen|519:: Filling user screen
2025-12-08 09:52:44,828-DEBUG-root-19520::webapp_internal::wait_element_timeout|7726:: Element found! Waiting for element to be displayed.
2025-12-08 09:52:44,898-DEBUG-root-19520::base::scroll_to_element|759:: ********Warining scroll_to_element exception: Message: TypeError: can't access property "scrollIntoView", arguments[0] is null
Stacktrace:
@https://qasrverp:10020/webapp/:2:7
@https://qasrverp:10020/webapp/:3:8
*********
2025-12-08 09:52:45,042-INFO-root-19520::webapp_internal::user_screen|561:: Filling User
2025-12-08 09:52:45,071-DEBUG-root-19520::base::double_click|259:: Click Type: ClickType.SELENIUM
2025-12-08 09:52:45,249-DEBUG-root-19520::webapp_internal::get_web_value|3232:: Current value: 97137227104
2025-12-08 09:52:45,274-INFO-root-19520::webapp_internal::user_screen|621:: Filling Password
2025-12-08 09:52:45,300-DEBUG-root-19520::base::click|192:: Click Type: ClickType.JS
2025-12-08 09:52:45,380-DEBUG-root-19520::webapp_internal::get_web_value|3232:: Current value: Val20221080080094+
2025-12-08 09:52:45,381-DEBUG-root-19520::webapp_internal::wait_blocker|2444:: Waiting blocker to continue...
2025-12-08 09:52:45,409-DEBUG-root-19520::webapp_internal::wait_blocker|2469:: Blocker status: None
2025-12-08 09:52:45,432-DEBUG-root-19520::webapp_internal::wait_blocker|2444:: Waiting blocker to continue...
2025-12-08 09:52:45,462-DEBUG-root-19520::webapp_internal::wait_blocker|2469:: Blocker status: None
2025-12-08 09:52:45,496-DEBUG-root-19520::webapp_internal::wait_blocker|2444:: Waiting blocker to continue...
2025-12-08 09:52:45,522-DEBUG-root-19520::webapp_internal::wait_blocker|2469:: Blocker status: None
2025-12-08 09:52:45,522-DEBUG-root-19520::webapp_internal::send_action|10480:: Trying to send action
2025-12-08 09:52:45,534-DEBUG-root-19520::base::click|192:: Click Type: ClickType.JS
2025-12-08 09:52:46,577-DEBUG-root-19520::webapp_internal::send_action|10522:: send_action method result = True
2025-12-08 09:52:46,577-DEBUG-root-19520::webapp_internal::send_action|10523:: send_action selenium status: False
2025-12-08 09:52:49,166-DEBUG-root-19520::base::scroll_to_element|759:: ********Warining scroll_to_element exception: Message: TypeError: can't access property "scrollIntoView", arguments[0] is null
Stacktrace:
@https://qasrverp:10020/webapp/:2:7
@https://qasrverp:10020/webapp/:3:8
*********
2025-12-08 09:52:49,223-INFO-root-19520::webapp_internal::filling_date|885:: Filling Date: "08/12/2025"
2025-12-08 09:52:49,223-DEBUG-root-19520::webapp_internal::wait_blocker|2444:: Waiting blocker to continue...
2025-12-08 09:52:49,260-DEBUG-root-19520::webapp_internal::wait_blocker|2469:: Blocker status: None
2025-12-08 09:52:49,263-DEBUG-root-19520::base::click|192:: Click Type: ClickType.JS
2025-12-08 09:52:49,281-DEBUG-root-19520::webapp_internal::try_send_keys|7976:: Trying to send keys to element using technique 1
2025-12-08 09:52:49,350-DEBUG-root-19520::webapp_internal::get_web_value|3232:: Current value: 08/12/2025
2025-12-08 09:52:50,442-INFO-root-19520::webapp_internal::filling_group|955:: Filling Group: "02"
2025-12-08 09:52:50,442-DEBUG-root-19520::webapp_internal::wait_blocker|2444:: Waiting blocker to continue...
2025-12-08 09:52:50,474-DEBUG-root-19520::webapp_internal::wait_blocker|2469:: Blocker status: None
2025-12-08 09:52:50,477-DEBUG-root-19520::base::click|192:: Click Type: ClickType.JS
2025-12-08 09:52:50,527-DEBUG-root-19520::webapp_internal::get_web_value|3232:: Current value: 02
2025-12-08 09:52:51,588-INFO-root-19520::webapp_internal::filling_branch|1047:: Filling Branch: "02DF0001"
2025-12-08 09:52:51,589-DEBUG-root-19520::webapp_internal::wait_blocker|2444:: Waiting blocker to continue...
2025-12-08 09:52:51,621-DEBUG-root-19520::webapp_internal::wait_blocker|2469:: Blocker status: None
2025-12-08 09:52:51,624-DEBUG-root-19520::base::click|192:: Click Type: ClickType.JS
2025-12-08 09:52:51,677-DEBUG-root-19520::webapp_internal::get_web_value|3232:: Current value: 02DF0001
2025-12-08 09:52:52,757-INFO-root-19520::webapp_internal::filling_environment|1113:: Filling Environment: "07"
2025-12-08 09:52:52,757-DEBUG-root-19520::webapp_internal::wait_blocker|2444:: Waiting blocker to continue...
2025-12-08 09:52:52,791-DEBUG-root-19520::webapp_internal::wait_blocker|2469:: Blocker status: None
2025-12-08 09:52:52,794-DEBUG-root-19520::base::click|192:: Click Type: ClickType.JS
2025-12-08 09:52:52,847-DEBUG-root-19520::webapp_internal::get_web_value|3232:: Current value: 07
2025-12-08 09:52:53,858-DEBUG-root-19520::webapp_internal::close_warning_screen|1489:: Closing warning screen!
2025-12-08 09:52:54,891-DEBUG-root-19520::webapp_internal::check_screen_element|1291:: Checking screen element: "Atenção": False
2025-12-08 09:52:55,996-INFO-root-19520::webapp_internal::environment_screen|796:: Clicking on Button
2025-12-08 09:52:55,996-DEBUG-root-19520::webapp_internal::wait_blocker|2444:: Waiting blocker to continue...
2025-12-08 09:52:56,028-DEBUG-root-19520::webapp_internal::wait_blocker|2469:: Blocker status: None
2025-12-08 09:52:56,031-DEBUG-root-19520::base::click|192:: Click Type: ClickType.JS
2025-12-08 09:52:57,047-DEBUG-root-19520::base::click|192:: Click Type: ClickType.JS
2025-12-08 09:52:58,054-DEBUG-root-19520::base::click|192:: Click Type: ClickType.JS
2025-12-08 09:52:59,063-DEBUG-root-19520::base::click|192:: Click Type: ClickType.JS
2025-12-08 09:53:00,072-DEBUG-root-19520::base::click|192:: Click Type: ClickType.JS
2025-12-08 09:53:01,079-DEBUG-root-19520::base::click|192:: Click Type: ClickType.JS
2025-12-08 09:53:02,085-DEBUG-root-19520::webapp_internal::close_screen_before_menu|368:: Closing screen before the menu
2025-12-08 09:53:02,128-DEBUG-root-19520::webapp_internal::close_warning_screen|1489:: Closing warning screen!
2025-12-08 09:53:03,168-DEBUG-root-19520::webapp_internal::check_screen_element|1291:: Checking screen element: "Atenção": False
2025-12-08 09:53:03,169-DEBUG-root-19520::webapp_internal::close_coin_screen|1424:: Closing coin screen!
2025-12-08 09:53:03,724-DEBUG-root-19520::base::click|192:: Click Type: ClickType.JS
2025-12-08 09:53:03,778-DEBUG-root-19520::webapp_internal::close_warning_screen|1489:: Closing warning screen!
2025-12-08 09:53:04,998-DEBUG-root-19520::webapp_internal::check_screen_element|1291:: Checking screen element: "Atenção": False
2025-12-08 09:53:04,999-DEBUG-root-19520::webapp_internal::close_coin_screen|1424:: Closing coin screen!
2025-12-08 09:53:05,400-INFO-root-19520::webapp_internal::set_log_info|1623:: Getting log info
2025-12-08 09:53:05,400-INFO-root-19520::webapp_internal::SetLateralMenu|4184:: Navigating lateral menu: Ajuda > Sobre
2025-12-08 09:53:05,428-DEBUG-root-19520::webapp_internal::wait_element|7623:: Waiting for element
2025-12-08 09:53:05,599-DEBUG-root-19520::webapp_internal::wait_element|7653:: Element found! Waiting for element to be displayed.
2025-12-08 09:53:05,919-INFO-root-19520::webapp_internal::SetLateralMenu|4203:: Menu item: "Ajuda"
2025-12-08 09:53:05,919-DEBUG-root-19520::webapp_internal::wait_blocker|2444:: Waiting blocker to continue...
2025-12-08 09:53:05,996-DEBUG-root-19520::webapp_internal::wait_blocker|2469:: Blocker status: False
2025-12-08 09:53:06,381-DEBUG-root-19520::webapp_internal::wait_element_timeout|7726:: Element found! Waiting for element to be displayed.
2025-12-08 09:53:06,773-DEBUG-root-19520::webapp_internal::wait_blocker|2444:: Waiting blocker to continue...
2025-12-08 09:53:06,843-DEBUG-root-19520::webapp_internal::wait_blocker|2469:: Blocker status: False
2025-12-08 09:53:09,144-INFO-root-19520::webapp_internal::SetLateralMenu|4203:: Menu item: "Sobre"
2025-12-08 09:53:09,145-DEBUG-root-19520::webapp_internal::wait_blocker|2444:: Waiting blocker to continue...
2025-12-08 09:53:09,209-DEBUG-root-19520::webapp_internal::wait_blocker|2469:: Blocker status: False
2025-12-08 09:53:09,625-DEBUG-root-19520::webapp_internal::wait_element_timeout|7726:: Element found! Waiting for element to be displayed.
2025-12-08 09:53:09,980-DEBUG-root-19520::webapp_internal::wait_blocker|2444:: Waiting blocker to continue...
2025-12-08 09:53:10,047-DEBUG-root-19520::webapp_internal::wait_blocker|2469:: Blocker status: False
2025-12-08 09:53:12,725-DEBUG-root-19520::webapp_internal::wait_blocker|2444:: Waiting blocker to continue...
2025-12-08 09:53:12,795-DEBUG-root-19520::webapp_internal::wait_blocker|2469:: Blocker status: False
2025-12-08 09:53:12,860-DEBUG-root-19520::webapp_internal::wait_element|7623:: Waiting for element
2025-12-08 09:53:12,900-DEBUG-root-19520::webapp_internal::wait_element|7653:: Element found! Waiting for element to be displayed.
2025-12-08 09:53:13,065-INFO-root-19520::webapp_internal::SetButton|4444:: Clicking on Fechar
2025-12-08 09:53:13,066-DEBUG-root-19520::webapp_internal::wait_blocker|2444:: Waiting blocker to continue...
2025-12-08 09:53:13,134-DEBUG-root-19520::webapp_internal::wait_blocker|2469:: Blocker status: False
2025-12-08 09:53:13,314-DEBUG-root-19520::webapp_internal::wait_element_timeout|7726:: Element found! Waiting for element to be displayed.
2025-12-08 09:53:13,383-DEBUG-root-19520::webapp_internal::SetButton|4481:: ***System Info*** Before Clicking on button:Fechar
2025-12-08 09:53:13,384-DEBUG-root-19520::psutil_info::system_info|5:: CPU USAGE: 8.8%
2025-12-08 09:53:13,384-DEBUG-root-19520::psutil_info::system_info|6:: MEMORY USAGE: 88.7%
2025-12-08 09:53:13,385-DEBUG-root-19520::psutil_info::system_info|7:: MEMORY AVAILABLE: 11.31%
2025-12-08 09:53:13,545-DEBUG-root-19520::webapp_internal::wait_element_timeout|7726:: Element found! Waiting for element to be displayed.
2025-12-08 09:53:13,644-DEBUG-root-19520::webapp_internal::wait_blocker|2444:: Waiting blocker to continue...
2025-12-08 09:53:13,713-DEBUG-root-19520::webapp_internal::wait_blocker|2469:: Blocker status: False
2025-12-08 09:53:13,729-DEBUG-root-19520::webapp_internal::wait_blocker|2444:: Waiting blocker to continue...
2025-12-08 09:53:13,799-DEBUG-root-19520::webapp_internal::wait_blocker|2469:: Blocker status: False
2025-12-08 09:53:13,799-DEBUG-root-19520::webapp_internal::send_action|10480:: Trying to send action
2025-12-08 09:53:13,801-DEBUG-root-19520::base::click|192:: Click Type: ClickType.JS
2025-12-08 09:53:14,830-DEBUG-root-19520::webapp_internal::send_action|10522:: send_action method result = True
2025-12-08 09:53:14,830-DEBUG-root-19520::webapp_internal::send_action|10523:: send_action selenium status: False
2025-12-08 09:53:14,831-DEBUG-root-19520::webapp_internal::SetButton|4683:: ***System Info*** After Clicking on button:
2025-12-08 09:53:14,831-DEBUG-root-19520::psutil_info::system_info|5:: CPU USAGE: 5.8%
2025-12-08 09:53:14,832-DEBUG-root-19520::psutil_info::system_info|6:: MEMORY USAGE: 89.0%
2025-12-08 09:53:14,832-DEBUG-root-19520::psutil_info::system_info|7:: MEMORY AVAILABLE: 11.01%
2025-12-08 09:53:14,832-DEBUG-root-19520::webapp_internal::wait_element|7623:: Waiting for element
2025-12-08 09:53:14,915-INFO-root-19520::webapp_internal::SetLateralMenu|4184:: Navigating lateral menu: Atualizações > Gestao de Viagens > Solicitações
2025-12-08 09:53:14,923-DEBUG-root-19520::webapp_internal::wait_element|7623:: Waiting for element
2025-12-08 09:53:14,963-DEBUG-root-19520::webapp_internal::wait_element|7653:: Element found! Waiting for element to be displayed.
2025-12-08 09:53:15,157-INFO-root-19520::webapp_internal::SetLateralMenu|4203:: Menu item: "Atualizações"
2025-12-08 09:53:15,157-DEBUG-root-19520::webapp_internal::wait_blocker|2444:: Waiting blocker to continue...
2025-12-08 09:53:15,217-DEBUG-root-19520::webapp_internal::wait_blocker|2469:: Blocker status: False
2025-12-08 09:53:15,628-DEBUG-root-19520::webapp_internal::wait_element_timeout|7726:: Element found! Waiting for element to be displayed.
2025-12-08 09:53:15,998-DEBUG-root-19520::webapp_internal::wait_blocker|2444:: Waiting blocker to continue...
2025-12-08 09:53:16,060-DEBUG-root-19520::webapp_internal::wait_blocker|2469:: Blocker status: False
2025-12-08 09:53:18,355-INFO-root-19520::webapp_internal::SetLateralMenu|4203:: Menu item: "Gestao de Viagens"
2025-12-08 09:53:18,355-DEBUG-root-19520::webapp_internal::wait_blocker|2444:: Waiting blocker to continue...
2025-12-08 09:53:18,450-DEBUG-root-19520::webapp_internal::wait_blocker|2469:: Blocker status: False
2025-12-08 09:53:19,228-DEBUG-root-19520::webapp_internal::wait_element_timeout|7726:: Element found! Waiting for element to be displayed.
2025-12-08 09:53:19,942-DEBUG-root-19520::webapp_internal::wait_blocker|2444:: Waiting blocker to continue...
2025-12-08 09:53:20,033-DEBUG-root-19520::webapp_internal::wait_blocker|2469:: Blocker status: False
2025-12-08 09:53:22,325-INFO-root-19520::webapp_internal::SetLateralMenu|4203:: Menu item: "Solicitações"
2025-12-08 09:53:22,325-DEBUG-root-19520::webapp_internal::wait_blocker|2444:: Waiting blocker to continue...
2025-12-08 09:53:22,403-DEBUG-root-19520::webapp_internal::wait_blocker|2469:: Blocker status: False
2025-12-08 09:53:23,328-DEBUG-root-19520::webapp_internal::wait_element_timeout|7726:: Element found! Waiting for element to be displayed.
2025-12-08 09:53:24,154-DEBUG-root-19520::webapp_internal::wait_blocker|2444:: Waiting blocker to continue...
2025-12-08 09:53:24,240-DEBUG-root-19520::webapp_internal::wait_blocker|2469:: Blocker status: False
2025-12-08 09:53:27,874-DEBUG-root-19520::webapp_internal::wait_blocker|2444:: Waiting blocker to continue...
2025-12-08 09:53:27,964-DEBUG-root-19520::webapp_internal::wait_blocker|2469:: Blocker status: False
2025-12-08 09:53:28,053-INFO-root-19520::webapp_internal::WaitShow|4980:: Waiting show text 'Este ambiente utiliza base de Homologação.'...
2025-12-08 09:53:33,196-INFO-root-19520::webapp_internal::WaitShow|4980:: Waiting show text 'Moedas'...
2025-12-08 09:53:38,810-INFO-root-19520::webapp_internal::WaitShow|4980:: Waiting show text 'Solicitação de Viagens/Treinamento'...
2025-12-08 09:53:39,371-INFO-root-19520::webapp_internal::WaitShow|4996:: Text found! 
2025-12-08 09:53:39,371-INFO-root-19520::webapp_internal::SetButton|4444:: Clicking on Incluir
2025-12-08 09:53:39,371-DEBUG-root-19520::webapp_internal::wait_blocker|2444:: Waiting blocker to continue...
2025-12-08 09:53:39,472-DEBUG-root-19520::webapp_internal::wait_blocker|2469:: Blocker status: False
2025-12-08 09:53:40,002-DEBUG-root-19520::webapp_internal::wait_element_timeout|7726:: Element found! Waiting for element to be displayed.
2025-12-08 09:53:40,533-DEBUG-root-19520::webapp_internal::SetButton|4481:: ***System Info*** Before Clicking on button:Incluir
2025-12-08 09:53:40,533-DEBUG-root-19520::psutil_info::system_info|5:: CPU USAGE: 8.2%
2025-12-08 09:53:40,534-DEBUG-root-19520::psutil_info::system_info|6:: MEMORY USAGE: 88.9%
2025-12-08 09:53:40,534-DEBUG-root-19520::psutil_info::system_info|7:: MEMORY AVAILABLE: 11.07%
2025-12-08 09:53:41,044-DEBUG-root-19520::webapp_internal::wait_element_timeout|7726:: Element found! Waiting for element to be displayed.
2025-12-08 09:53:41,500-DEBUG-root-19520::webapp_internal::wait_blocker|2444:: Waiting blocker to continue...
2025-12-08 09:53:41,520-DEBUG-root-19520::webapp_internal::wait_blocker|2469:: Blocker status: None
2025-12-08 09:53:41,544-DEBUG-root-19520::webapp_internal::wait_blocker|2444:: Waiting blocker to continue...
2025-12-08 09:53:41,572-DEBUG-root-19520::webapp_internal::wait_blocker|2469:: Blocker status: None
2025-12-08 09:53:41,573-DEBUG-root-19520::webapp_internal::send_action|10480:: Trying to send action
2025-12-08 09:53:41,576-DEBUG-root-19520::base::click|192:: Click Type: ClickType.JS
2025-12-08 09:53:42,805-DEBUG-root-19520::webapp_internal::send_action|10522:: send_action method result = True
2025-12-08 09:53:42,805-DEBUG-root-19520::webapp_internal::send_action|10523:: send_action selenium status: True
2025-12-08 09:53:42,805-DEBUG-root-19520::webapp_internal::SetButton|4683:: ***System Info*** After Clicking on button:
2025-12-08 09:53:42,806-DEBUG-root-19520::psutil_info::system_info|5:: CPU USAGE: 8.9%
2025-12-08 09:53:42,806-DEBUG-root-19520::psutil_info::system_info|6:: MEMORY USAGE: 88.7%
2025-12-08 09:53:42,806-DEBUG-root-19520::psutil_info::system_info|7:: MEMORY AVAILABLE: 11.32%
2025-12-08 09:53:43,007-DEBUG-root-19520::webapp_internal::wait_blocker|2444:: Waiting blocker to continue...
2025-12-08 09:53:43,131-DEBUG-root-19520::webapp_internal::wait_blocker|2469:: Blocker status: False
2025-12-08 09:53:43,131-INFO-root-19520::webapp_internal::SearchBrowse|2003:: Searching: 02DF0001
2025-12-08 09:53:43,287-DEBUG-root-19520::webapp_internal::wait_element_timeout|7726:: Element found! Waiting for element to be displayed.
2025-12-08 09:53:43,390-DEBUG-root-19520::webapp_internal::wait_blocker|2444:: Waiting blocker to continue...
2025-12-08 09:53:43,536-DEBUG-root-19520::webapp_internal::wait_blocker|2469:: Blocker status: False
2025-12-08 09:53:43,543-DEBUG-root-19520::webapp_internal::wait_blocker|2444:: Waiting blocker to continue...
2025-12-08 09:53:43,657-DEBUG-root-19520::webapp_internal::wait_blocker|2469:: Blocker status: False
2025-12-08 09:53:43,658-INFO-root-19520::webapp_internal::fill_search_browse|2399:: Filling: 02DF0001
2025-12-08 09:53:43,670-DEBUG-root-19520::base::click|192:: Click Type: ClickType.JS
2025-12-08 09:53:44,771-DEBUG-root-19520::webapp_internal::wait_blocker|2444:: Waiting blocker to continue...
2025-12-08 09:53:44,896-DEBUG-root-19520::webapp_internal::wait_blocker|2469:: Blocker status: False
2025-12-08 09:53:44,898-DEBUG-root-19520::base::double_click|259:: Click Type: ClickType.SELENIUM
2025-12-08 09:53:44,904-WARNING-root-19520::base::double_click|280:: Warning double_click method Exception: Message: Element <button class="button-image" type="button"> is not clickable at point (1258,360) because another element <wa-button id="COMP6023" class="dict-tbutton focus"> obscures it
Stacktrace:
RemoteError@chrome://remote/content/shared/RemoteError.sys.mjs:8:8
WebDriverError@chrome://remote/content/shared/webdriver/Errors.sys.mjs:202:5
ElementClickInterceptedError@chrome://remote/content/shared/webdriver/Errors.sys.mjs:354:5
webdriverClickElement@chrome://remote/content/marionette/interaction.sys.mjs:175:11
interaction.clickElement@chrome://remote/content/marionette/interaction.sys.mjs:134:11
clickElement@chrome://remote/content/marionette/actors/MarionetteCommandsChild.sys.mjs:327:29
receiveMessage@chrome://remote/content/marionette/actors/MarionetteCommandsChild.sys.mjs:210:31

2025-12-08 09:53:45,197-INFO-root-19520::webapp_internal::SetButton|4444:: Clicking on OK
2025-12-08 09:53:45,198-DEBUG-root-19520::webapp_internal::wait_blocker|2444:: Waiting blocker to continue...
2025-12-08 09:53:45,324-DEBUG-root-19520::webapp_internal::wait_blocker|2469:: Blocker status: False
2025-12-08 09:53:45,618-DEBUG-root-19520::webapp_internal::wait_element_timeout|7726:: Element found! Waiting for element to be displayed.
2025-12-08 09:53:45,797-DEBUG-root-19520::webapp_internal::SetButton|4481:: ***System Info*** Before Clicking on button:OK
2025-12-08 09:53:45,797-DEBUG-root-19520::psutil_info::system_info|5:: CPU USAGE: 7.2%
2025-12-08 09:53:45,797-DEBUG-root-19520::psutil_info::system_info|6:: MEMORY USAGE: 88.5%
2025-12-08 09:53:45,798-DEBUG-root-19520::psutil_info::system_info|7:: MEMORY AVAILABLE: 11.46%
2025-12-08 09:53:46,075-DEBUG-root-19520::webapp_internal::wait_element_timeout|7726:: Element found! Waiting for element to be displayed.
2025-12-08 09:53:46,301-DEBUG-root-19520::webapp_internal::wait_blocker|2444:: Waiting blocker to continue...
2025-12-08 09:53:46,415-DEBUG-root-19520::webapp_internal::wait_blocker|2469:: Blocker status: False
2025-12-08 09:53:46,438-DEBUG-root-19520::webapp_internal::wait_blocker|2444:: Waiting blocker to continue...
2025-12-08 09:53:46,553-DEBUG-root-19520::webapp_internal::wait_blocker|2469:: Blocker status: False
2025-12-08 09:53:46,553-DEBUG-root-19520::webapp_internal::send_action|10480:: Trying to send action
2025-12-08 09:53:46,554-DEBUG-root-19520::base::click|192:: Click Type: ClickType.JS
2025-12-08 09:53:49,156-DEBUG-root-19520::webapp_internal::send_action|10522:: send_action method result = True
2025-12-08 09:53:49,156-DEBUG-root-19520::webapp_internal::send_action|10523:: send_action selenium status: True
2025-12-08 09:53:49,156-DEBUG-root-19520::webapp_internal::SetButton|4683:: ***System Info*** After Clicking on button:
2025-12-08 09:53:49,157-DEBUG-root-19520::psutil_info::system_info|5:: CPU USAGE: 9.4%
2025-12-08 09:53:49,157-DEBUG-root-19520::psutil_info::system_info|6:: MEMORY USAGE: 88.8%
2025-12-08 09:53:49,157-DEBUG-root-19520::psutil_info::system_info|7:: MEMORY AVAILABLE: 11.22%
2025-12-08 09:53:49,358-INFO-root-19520::webapp_internal::WaitShow|4980:: Waiting show text 'Solicitacoes de Viagens - INCLUIR'...
2025-12-08 09:53:58,565-INFO-root-19520::webapp_internal::WaitShow|4996:: Text found! 
2025-12-08 09:53:58,565-DEBUG-root-19520::webapp_internal::wait_blocker|2444:: Waiting blocker to continue...
2025-12-08 09:53:58,735-DEBUG-root-19520::webapp_internal::wait_blocker|2469:: Blocker status: False
2025-12-08 09:53:58,735-DEBUG-root-19520::webapp_internal::wait_element|7623:: Waiting for element
2025-12-08 09:53:58,826-DEBUG-root-19520::webapp_internal::wait_element|7653:: Element found! Waiting for element to be displayed.
2025-12-08 09:53:58,902-INFO-root-19520::webapp_internal::input_value|2941:: Looking for element: ZV3_DESCRI
2025-12-08 09:53:59,078-INFO-root-19520::webapp_internal::input_value|2951:: Element: ZV3_DESCRI Found!
2025-12-08 09:53:59,078-INFO-root-19520::webapp_internal::input_value|2953:: Filling element: ZV3_DESCRI
2025-12-08 09:53:59,106-DEBUG-root-19520::webapp_internal::get_web_value|3232:: Current value:                                                   
2025-12-08 09:53:59,144-DEBUG-root-19520::base::double_click|259:: Click Type: ClickType.SELENIUM
2025-12-08 09:53:59,441-DEBUG-root-19520::webapp_internal::wait_blocker|2444:: Waiting blocker to continue...
2025-12-08 09:53:59,619-DEBUG-root-19520::webapp_internal::wait_blocker|2469:: Blocker status: False
2025-12-08 09:53:59,962-DEBUG-root-19520::webapp_internal::get_web_value|3232:: Current value: USO PARA TESTE AUTOMATIZADO                       
2025-12-08 09:53:59,962-INFO-root-19520::webapp_internal::input_value|3059:: Current field value: USO PARA TESTE AUTOMATIZADO
2025-12-08 09:53:59,997-DEBUG-root-19520::webapp_internal::wait_blocker|2444:: Waiting blocker to continue...
2025-12-08 09:54:00,192-DEBUG-root-19520::webapp_internal::wait_blocker|2469:: Blocker status: False
2025-12-08 09:54:00,192-DEBUG-root-19520::webapp_internal::wait_element|7623:: Waiting for element
2025-12-08 09:54:30,672-DEBUG-root-19520::webapp_internal::wait_element|7653:: Element found! Waiting for element to be displayed.
2025-12-08 09:54:30,823-INFO-root-19520::webapp_internal::input_value|2941:: Looking for element: ZV3_DTINI
2025-12-08 09:54:31,143-INFO-root-19520::webapp_internal::input_value|2951:: Element: ZV3_DTINI Found!
2025-12-08 09:54:31,144-INFO-root-19520::webapp_internal::input_value|2953:: Filling element: ZV3_DTINI
2025-12-08 09:54:31,198-DEBUG-root-19520::webapp_internal::get_web_value|3232:: Current value:   /  /    
2025-12-08 09:54:31,243-DEBUG-root-19520::base::double_click|259:: Click Type: ClickType.SELENIUM
2025-12-08 09:54:31,515-DEBUG-root-19520::webapp_internal::wait_blocker|2444:: Waiting blocker to continue...
2025-12-08 09:54:31,787-DEBUG-root-19520::webapp_internal::wait_blocker|2469:: Blocker status: False
2025-12-08 09:54:32,121-DEBUG-root-19520::webapp_internal::get_web_value|3232:: Current value: 21/12/2025
2025-12-08 09:54:32,122-INFO-root-19520::webapp_internal::input_value|3059:: Current field value: 21122025
2025-12-08 09:54:32,140-DEBUG-root-19520::webapp_internal::wait_blocker|2444:: Waiting blocker to continue...
2025-12-08 09:54:32,405-DEBUG-root-19520::webapp_internal::wait_blocker|2469:: Blocker status: False
2025-12-08 09:54:32,406-DEBUG-root-19520::webapp_internal::wait_element|7623:: Waiting for element
2025-12-08 09:55:34,601-DEBUG-root-19520::webapp_internal::wait_element|7653:: Element found! Waiting for element to be displayed.
2025-12-08 09:55:34,725-INFO-root-19520::webapp_internal::input_value|2941:: Looking for element: ZV3_DTFIM
2025-12-08 09:55:34,992-INFO-root-19520::webapp_internal::input_value|2951:: Element: ZV3_DTFIM Found!
2025-12-08 09:55:34,993-INFO-root-19520::webapp_internal::input_value|2953:: Filling element: ZV3_DTFIM
2025-12-08 09:55:35,043-DEBUG-root-19520::webapp_internal::get_web_value|3232:: Current value:   /  /    
2025-12-08 09:55:35,091-DEBUG-root-19520::base::double_click|259:: Click Type: ClickType.SELENIUM
2025-12-08 09:55:35,341-DEBUG-root-19520::webapp_internal::wait_blocker|2444:: Waiting blocker to continue...
2025-12-08 09:55:35,597-DEBUG-root-19520::webapp_internal::wait_blocker|2469:: Blocker status: False
2025-12-08 09:55:35,953-DEBUG-root-19520::webapp_internal::get_web_value|3232:: Current value: 28/12/2025
2025-12-08 09:55:35,954-INFO-root-19520::webapp_internal::input_value|3059:: Current field value: 28122025
2025-12-08 09:55:36,974-DEBUG-root-19520::webapp_internal::wait_blocker|2444:: Waiting blocker to continue...
2025-12-08 09:55:37,245-DEBUG-root-19520::webapp_internal::wait_blocker|2469:: Blocker status: False
2025-12-08 09:55:37,245-DEBUG-root-19520::webapp_internal::wait_element|7623:: Waiting for element
2025-12-08 09:57:37,369-DEBUG-root-19520::webapp_internal::wait_element|7643:: wait_element doesn't found term: ZV3_CC
2025-12-08 09:57:37,370-WARNING-root-19520::webapp_internal::log_error|8143:: Warning log_error Element 'ZV3_CC' not found!
2025-12-08 09:57:37,371-DEBUG-root-19520::webapp_internal::log_error|8146:: ***System Info*** in log_error():
2025-12-08 09:57:37,372-DEBUG-root-19520::psutil_info::system_info|5:: CPU USAGE: 11.6%
2025-12-08 09:57:37,373-DEBUG-root-19520::psutil_info::system_info|6:: MEMORY USAGE: 88.3%
2025-12-08 09:57:37,373-DEBUG-root-19520::psutil_info::system_info|7:: MEMORY AVAILABLE: 11.69%
2025-12-08 09:57:37,412-DEBUG-root-19520::log::take_screenshot_log|612:: take_screenshot_log in:2025-12-08 09:57:37.412794

2025-12-08 09:57:37,556-DEBUG-root-19520::log::take_screenshot_log|627:: Screenshot file created successfully: Log\GESIT03\97137227104_20251208095737412_Viagem -_test_Cadastro_Orcamento_Viagem.png
2025-12-08 09:57:38,564-DEBUG-root-19520::log::checks_empty_line|221:: Checking empty default log info
2025-12-08 09:57:38,572-DEBUG-root-19520::log::generate_log|503:: Json log_data: {'cLogDtExec': '08/12/2025 09:57:38', 'cLogNomUsr': '97137227104', 'cLogNomEst': 'GESIT03', 'cLogProgra': None, 'cLogDtProg': '', 'cLogHrProg': '', 'nLogCtsOk': 0, 'nLogCtsNok': 1, 'nLogCtsSeg': 307.67, 'cLogVersao': '12', 'cLogReleas': '12.1.2410', 'nLogCtsErr': "Viagem - Element 'ZV3_CC' not found!", 'cLogBancod': 'ORACLE', 'cLogIdenti': '', 'cLogIdExec': '20251208', 'cLogPais': 'BRA', 'cLogTool': 'TIR', 'cLogSequen': '8123c3', 'nLogCtsTot': 1, 'cLogDtExea': '08/12/2025', 'cLogHrExea': '09:57:38', 'cLogArea': 'Desenvolvimento', 'cLogMnExec': 5.127833333333333}
2025-12-08 09:57:38,575-INFO-root-19520::log::send_log_with_retries|515:: Saving log locally.
2025-12-08 09:57:38,575-INFO-root-19520::log::save_log_locally|548:: [FwSendLog]: Não foi possível enviar o log após todas as tentativas.
2025-12-08 09:57:38,578-INFO-root-19520::log::save_log_locally|555:: [FwSendLog]: Log salvo localmente em C:\TIR_TESTE\1765198658.json.
2025-12-08 09:57:40,533-ERROR-root-19520::webapp_internal::TearDown|9654:: Warning tearDown Close Message: Tried to run command without establishing a connection
Traceback (most recent call last):
  File "C:\TIR_TESTE\venv\Lib\site-packages\tir\technologies\webapp_internal.py", line 9652, in TearDown
    self.driver.close()
  File "C:\TIR_TESTE\venv\Lib\site-packages\selenium\webdriver\remote\webdriver.py", line 458, in close
    self.execute(Command.CLOSE)
  File "C:\TIR_TESTE\venv\Lib\site-packages\selenium\webdriver\remote\webdriver.py", line 347, in execute
    self.error_handler.check_response(response)
  File "C:\TIR_TESTE\venv\Lib\site-packages\selenium\webdriver\remote\errorhandler.py", line 229, in check_response
    raise exception_class(message, screen, stacktrace)
selenium.common.exceptions.InvalidSessionIdException: Message: Tried to run command without establishing a connection

