2025-12-15 11:29:44,611-DEBUG-root-32920::logging_config::logger|189:: Log file created: 'Log\GESIT03\TIR__20251215112944579.log'
2025-12-15 11:29:44,612-INFO-root-32920::base::Start|1183:: TIR Version: 2.4.3
2025-12-15 11:29:44,612-INFO-root-32920::base::Start|1184:: Python Version: 3.12.10
2025-12-15 11:29:44,613-INFO-root-32920::base::Start|1185:: Starting the browser
2025-12-15 11:29:54,169-INFO-root-32920::base::get_url|1294:: Page is ready!
2025-12-15 11:29:54,204-INFO-root-32920::base::Start|1256:: Browser maximized to 1936x1048
2025-12-15 11:29:54,205-INFO-root-32920::base::Start|1258:: Screen size is different from default used in headless mode
2025-12-15 11:29:55,515-INFO-root-32920::webapp_internal::Setup|247:: ***System Info*** in Setup():
2025-12-15 11:29:55,515-DEBUG-root-32920::psutil_info::system_info|5:: CPU USAGE: 29.2%
2025-12-15 11:29:55,518-DEBUG-root-32920::psutil_info::system_info|6:: MEMORY USAGE: 95.8%
2025-12-15 11:29:55,518-DEBUG-root-32920::psutil_info::system_info|7:: MEMORY AVAILABLE: 4.22%
2025-12-15 11:29:55,529-INFO-root-32920::base::webapp_shadowroot|1394:: Webapp: 10.1.6-RC4
2025-12-15 11:29:55,584-INFO-root-32920::webapp_internal::filling_initial_program|449:: Filling Initial Program: "SIGAMDI"
2025-12-15 11:29:55,584-DEBUG-root-32920::webapp_internal::wait_element|7623:: Waiting for element
2025-12-15 11:29:55,667-DEBUG-root-32920::webapp_internal::wait_element|7653:: Element found! Waiting for element to be displayed.
2025-12-15 11:29:55,883-DEBUG-root-32920::base::click|192:: Click Type: ClickType.JS
2025-12-15 11:29:55,907-DEBUG-root-32920::webapp_internal::try_send_keys|7976:: Trying to send keys to element using technique 0
2025-12-15 11:29:56,529-DEBUG-root-32920::webapp_internal::get_web_value|3232:: Current value: SIGAMDI
2025-12-15 11:29:56,530-INFO-root-32920::webapp_internal::filling_server_environment|463:: Filling Server Environment: "POUPEX_TST"
2025-12-15 11:29:56,530-DEBUG-root-32920::webapp_internal::wait_element|7623:: Waiting for element
2025-12-15 11:29:56,627-DEBUG-root-32920::webapp_internal::wait_element|7653:: Element found! Waiting for element to be displayed.
2025-12-15 11:29:56,816-DEBUG-root-32920::base::click|192:: Click Type: ClickType.JS
2025-12-15 11:29:56,826-DEBUG-root-32920::webapp_internal::try_send_keys|7976:: Trying to send keys to element using technique 0
2025-12-15 11:29:59,309-DEBUG-root-32920::webapp_internal::get_web_value|3232:: Current value: POUPEX_TST
2025-12-15 11:29:59,990-DEBUG-root-32920::base::click|192:: Click Type: ClickType.JS
2025-12-15 11:30:00,091-DEBUG-root-32920::webapp_internal::user_screen|519:: Filling user screen
2025-12-15 11:30:06,649-DEBUG-root-32920::webapp_internal::wait_element_timeout|7726:: Element found! Waiting for element to be displayed.
2025-12-15 11:30:06,785-DEBUG-root-32920::base::scroll_to_element|759:: ********Warining scroll_to_element exception: Message: TypeError: can't access property "scrollIntoView", arguments[0] is null
Stacktrace:
@https://qasrverp:10020/webapp/:2:7
@https://qasrverp:10020/webapp/:3:8
*********
2025-12-15 11:30:07,033-INFO-root-32920::webapp_internal::user_screen|561:: Filling User
2025-12-15 11:30:07,077-DEBUG-root-32920::base::double_click|259:: Click Type: ClickType.SELENIUM
2025-12-15 11:30:07,329-DEBUG-root-32920::webapp_internal::get_web_value|3232:: Current value: 97137227104
2025-12-15 11:30:07,364-INFO-root-32920::webapp_internal::user_screen|621:: Filling Password
2025-12-15 11:30:07,394-DEBUG-root-32920::base::click|192:: Click Type: ClickType.JS
2025-12-15 11:30:07,507-DEBUG-root-32920::webapp_internal::get_web_value|3232:: Current value: Deire20191817+
2025-12-15 11:30:07,507-DEBUG-root-32920::webapp_internal::wait_blocker|2444:: Waiting blocker to continue...
2025-12-15 11:30:07,552-DEBUG-root-32920::webapp_internal::wait_blocker|2469:: Blocker status: None
2025-12-15 11:30:07,592-DEBUG-root-32920::webapp_internal::wait_blocker|2444:: Waiting blocker to continue...
2025-12-15 11:30:07,643-DEBUG-root-32920::webapp_internal::wait_blocker|2469:: Blocker status: None
2025-12-15 11:30:07,704-DEBUG-root-32920::webapp_internal::wait_blocker|2444:: Waiting blocker to continue...
2025-12-15 11:30:07,752-DEBUG-root-32920::webapp_internal::wait_blocker|2469:: Blocker status: None
2025-12-15 11:30:07,753-DEBUG-root-32920::webapp_internal::send_action|10480:: Trying to send action
2025-12-15 11:30:07,762-DEBUG-root-32920::base::click|192:: Click Type: ClickType.JS
2025-12-15 11:30:08,831-DEBUG-root-32920::webapp_internal::send_action|10522:: send_action method result = True
2025-12-15 11:30:08,832-DEBUG-root-32920::webapp_internal::send_action|10523:: send_action selenium status: False
2025-12-15 11:30:11,641-DEBUG-root-32920::base::scroll_to_element|759:: ********Warining scroll_to_element exception: Message: TypeError: can't access property "scrollIntoView", arguments[0] is null
Stacktrace:
@https://qasrverp:10020/webapp/:2:7
@https://qasrverp:10020/webapp/:3:8
*********
2025-12-15 11:30:11,740-INFO-root-32920::webapp_internal::filling_date|885:: Filling Date: "15/12/2025"
2025-12-15 11:30:11,741-DEBUG-root-32920::webapp_internal::wait_blocker|2444:: Waiting blocker to continue...
2025-12-15 11:30:11,811-DEBUG-root-32920::webapp_internal::wait_blocker|2469:: Blocker status: None
2025-12-15 11:30:11,818-DEBUG-root-32920::base::click|192:: Click Type: ClickType.JS
2025-12-15 11:30:11,863-DEBUG-root-32920::webapp_internal::try_send_keys|7976:: Trying to send keys to element using technique 1
2025-12-15 11:30:12,023-DEBUG-root-32920::webapp_internal::get_web_value|3232:: Current value: 15/12/2025
2025-12-15 11:30:13,209-INFO-root-32920::webapp_internal::filling_group|955:: Filling Group: "02"
2025-12-15 11:30:13,209-DEBUG-root-32920::webapp_internal::wait_blocker|2444:: Waiting blocker to continue...
2025-12-15 11:30:13,287-DEBUG-root-32920::webapp_internal::wait_blocker|2469:: Blocker status: None
2025-12-15 11:30:13,291-DEBUG-root-32920::base::click|192:: Click Type: ClickType.JS
2025-12-15 11:30:13,383-DEBUG-root-32920::webapp_internal::get_web_value|3232:: Current value: 02
2025-12-15 11:30:14,477-INFO-root-32920::webapp_internal::filling_branch|1047:: Filling Branch: "02DF0001"
2025-12-15 11:30:14,477-DEBUG-root-32920::webapp_internal::wait_blocker|2444:: Waiting blocker to continue...
2025-12-15 11:30:14,527-DEBUG-root-32920::webapp_internal::wait_blocker|2469:: Blocker status: None
2025-12-15 11:30:14,531-DEBUG-root-32920::base::click|192:: Click Type: ClickType.JS
2025-12-15 11:30:14,611-DEBUG-root-32920::webapp_internal::get_web_value|3232:: Current value: 02DF0001
2025-12-15 11:30:15,739-INFO-root-32920::webapp_internal::filling_environment|1113:: Filling Environment: "07"
2025-12-15 11:30:15,739-DEBUG-root-32920::webapp_internal::wait_blocker|2444:: Waiting blocker to continue...
2025-12-15 11:30:15,790-DEBUG-root-32920::webapp_internal::wait_blocker|2469:: Blocker status: None
2025-12-15 11:30:15,794-DEBUG-root-32920::base::click|192:: Click Type: ClickType.JS
2025-12-15 11:30:15,870-DEBUG-root-32920::webapp_internal::get_web_value|3232:: Current value: 07
2025-12-15 11:30:16,886-DEBUG-root-32920::webapp_internal::close_warning_screen|1489:: Closing warning screen!
2025-12-15 11:30:17,924-DEBUG-root-32920::webapp_internal::check_screen_element|1291:: Checking screen element: "Atenção": False
2025-12-15 11:30:19,077-INFO-root-32920::webapp_internal::environment_screen|796:: Clicking on Button
2025-12-15 11:30:19,078-DEBUG-root-32920::webapp_internal::wait_blocker|2444:: Waiting blocker to continue...
2025-12-15 11:30:19,128-DEBUG-root-32920::webapp_internal::wait_blocker|2469:: Blocker status: None
2025-12-15 11:30:19,133-DEBUG-root-32920::base::click|192:: Click Type: ClickType.JS
2025-12-15 11:30:20,151-DEBUG-root-32920::base::click|192:: Click Type: ClickType.JS
2025-12-15 11:30:21,163-DEBUG-root-32920::base::click|192:: Click Type: ClickType.JS
2025-12-15 11:30:22,178-DEBUG-root-32920::base::click|192:: Click Type: ClickType.JS
2025-12-15 11:30:23,187-DEBUG-root-32920::base::click|192:: Click Type: ClickType.JS
2025-12-15 11:30:24,198-DEBUG-root-32920::base::click|192:: Click Type: ClickType.JS
2025-12-15 11:30:25,206-DEBUG-root-32920::webapp_internal::close_screen_before_menu|368:: Closing screen before the menu
2025-12-15 11:30:25,257-DEBUG-root-32920::webapp_internal::close_warning_screen|1489:: Closing warning screen!
2025-12-15 11:30:26,302-DEBUG-root-32920::webapp_internal::check_screen_element|1291:: Checking screen element: "Atenção": False
2025-12-15 11:30:26,302-DEBUG-root-32920::webapp_internal::close_coin_screen|1424:: Closing coin screen!
2025-12-15 11:30:26,859-DEBUG-root-32920::base::click|192:: Click Type: ClickType.JS
2025-12-15 11:30:26,916-DEBUG-root-32920::webapp_internal::close_warning_screen|1489:: Closing warning screen!
2025-12-15 11:30:27,987-DEBUG-root-32920::webapp_internal::check_screen_element|1291:: Checking screen element: "Atenção": False
2025-12-15 11:30:27,988-DEBUG-root-32920::webapp_internal::close_coin_screen|1424:: Closing coin screen!
2025-12-15 11:30:28,142-INFO-root-32920::webapp_internal::set_log_info|1623:: Getting log info
2025-12-15 11:30:28,143-INFO-root-32920::webapp_internal::SetLateralMenu|4184:: Navigating lateral menu: Ajuda > Sobre
2025-12-15 11:30:28,154-DEBUG-root-32920::webapp_internal::wait_element|7623:: Waiting for element
2025-12-15 11:30:28,196-DEBUG-root-32920::webapp_internal::wait_element|7653:: Element found! Waiting for element to be displayed.
2025-12-15 11:30:28,389-INFO-root-32920::webapp_internal::SetLateralMenu|4203:: Menu item: "Ajuda"
2025-12-15 11:30:28,389-DEBUG-root-32920::webapp_internal::wait_blocker|2444:: Waiting blocker to continue...
2025-12-15 11:30:28,464-DEBUG-root-32920::webapp_internal::wait_blocker|2469:: Blocker status: False
2025-12-15 11:30:28,817-DEBUG-root-32920::webapp_internal::wait_element_timeout|7726:: Element found! Waiting for element to be displayed.
2025-12-15 11:30:29,122-DEBUG-root-32920::webapp_internal::wait_blocker|2444:: Waiting blocker to continue...
2025-12-15 11:30:29,187-DEBUG-root-32920::webapp_internal::wait_blocker|2469:: Blocker status: False
2025-12-15 11:30:31,485-INFO-root-32920::webapp_internal::SetLateralMenu|4203:: Menu item: "Sobre"
2025-12-15 11:30:31,485-DEBUG-root-32920::webapp_internal::wait_blocker|2444:: Waiting blocker to continue...
2025-12-15 11:30:31,554-DEBUG-root-32920::webapp_internal::wait_blocker|2469:: Blocker status: False
2025-12-15 11:30:31,968-DEBUG-root-32920::webapp_internal::wait_element_timeout|7726:: Element found! Waiting for element to be displayed.
2025-12-15 11:30:32,334-DEBUG-root-32920::webapp_internal::wait_blocker|2444:: Waiting blocker to continue...
2025-12-15 11:30:32,402-DEBUG-root-32920::webapp_internal::wait_blocker|2469:: Blocker status: False
2025-12-15 11:30:35,051-DEBUG-root-32920::webapp_internal::wait_blocker|2444:: Waiting blocker to continue...
2025-12-15 11:30:35,122-DEBUG-root-32920::webapp_internal::wait_blocker|2469:: Blocker status: False
2025-12-15 11:30:35,204-DEBUG-root-32920::webapp_internal::wait_element|7623:: Waiting for element
2025-12-15 11:30:35,252-DEBUG-root-32920::webapp_internal::wait_element|7653:: Element found! Waiting for element to be displayed.
2025-12-15 11:30:35,432-INFO-root-32920::webapp_internal::SetButton|4444:: Clicking on Fechar
2025-12-15 11:30:35,433-DEBUG-root-32920::webapp_internal::wait_blocker|2444:: Waiting blocker to continue...
2025-12-15 11:30:35,503-DEBUG-root-32920::webapp_internal::wait_blocker|2469:: Blocker status: False
2025-12-15 11:30:35,687-DEBUG-root-32920::webapp_internal::wait_element_timeout|7726:: Element found! Waiting for element to be displayed.
2025-12-15 11:30:35,758-DEBUG-root-32920::webapp_internal::SetButton|4481:: ***System Info*** Before Clicking on button:Fechar
2025-12-15 11:30:35,759-DEBUG-root-32920::psutil_info::system_info|5:: CPU USAGE: 16.3%
2025-12-15 11:30:35,759-DEBUG-root-32920::psutil_info::system_info|6:: MEMORY USAGE: 92.7%
2025-12-15 11:30:35,760-DEBUG-root-32920::psutil_info::system_info|7:: MEMORY AVAILABLE: 7.27%
2025-12-15 11:30:35,927-DEBUG-root-32920::webapp_internal::wait_element_timeout|7726:: Element found! Waiting for element to be displayed.
2025-12-15 11:30:36,052-DEBUG-root-32920::webapp_internal::wait_blocker|2444:: Waiting blocker to continue...
2025-12-15 11:30:36,131-DEBUG-root-32920::webapp_internal::wait_blocker|2469:: Blocker status: False
2025-12-15 11:30:36,152-DEBUG-root-32920::webapp_internal::wait_blocker|2444:: Waiting blocker to continue...
2025-12-15 11:30:36,226-DEBUG-root-32920::webapp_internal::wait_blocker|2469:: Blocker status: False
2025-12-15 11:30:36,227-DEBUG-root-32920::webapp_internal::send_action|10480:: Trying to send action
2025-12-15 11:30:36,229-DEBUG-root-32920::base::click|192:: Click Type: ClickType.JS
2025-12-15 11:30:37,264-DEBUG-root-32920::webapp_internal::send_action|10522:: send_action method result = True
2025-12-15 11:30:37,265-DEBUG-root-32920::webapp_internal::send_action|10523:: send_action selenium status: False
2025-12-15 11:30:37,265-DEBUG-root-32920::webapp_internal::SetButton|4683:: ***System Info*** After Clicking on button:
2025-12-15 11:30:37,265-DEBUG-root-32920::psutil_info::system_info|5:: CPU USAGE: 17.4%
2025-12-15 11:30:37,265-DEBUG-root-32920::psutil_info::system_info|6:: MEMORY USAGE: 92.8%
2025-12-15 11:30:37,266-DEBUG-root-32920::psutil_info::system_info|7:: MEMORY AVAILABLE: 7.16%
2025-12-15 11:30:37,266-DEBUG-root-32920::webapp_internal::wait_element|7623:: Waiting for element
2025-12-15 11:30:37,373-INFO-root-32920::webapp_internal::SetLateralMenu|4184:: Navigating lateral menu: Atualizações > Gestao de Viagens > Controle de Alcada (5) > Aprovadores
2025-12-15 11:30:37,382-DEBUG-root-32920::webapp_internal::wait_element|7623:: Waiting for element
2025-12-15 11:30:37,428-DEBUG-root-32920::webapp_internal::wait_element|7653:: Element found! Waiting for element to be displayed.
2025-12-15 11:30:37,602-INFO-root-32920::webapp_internal::SetLateralMenu|4203:: Menu item: "Atualizações"
2025-12-15 11:30:37,602-DEBUG-root-32920::webapp_internal::wait_blocker|2444:: Waiting blocker to continue...
2025-12-15 11:30:37,685-DEBUG-root-32920::webapp_internal::wait_blocker|2469:: Blocker status: False
2025-12-15 11:30:38,128-DEBUG-root-32920::webapp_internal::wait_element_timeout|7726:: Element found! Waiting for element to be displayed.
2025-12-15 11:30:38,556-DEBUG-root-32920::webapp_internal::wait_blocker|2444:: Waiting blocker to continue...
2025-12-15 11:30:38,632-DEBUG-root-32920::webapp_internal::wait_blocker|2469:: Blocker status: False
2025-12-15 11:30:40,944-INFO-root-32920::webapp_internal::SetLateralMenu|4203:: Menu item: "Gestao de Viagens"
2025-12-15 11:30:40,944-DEBUG-root-32920::webapp_internal::wait_blocker|2444:: Waiting blocker to continue...
2025-12-15 11:30:41,051-DEBUG-root-32920::webapp_internal::wait_blocker|2469:: Blocker status: False
2025-12-15 11:30:41,826-DEBUG-root-32920::webapp_internal::wait_element_timeout|7726:: Element found! Waiting for element to be displayed.
2025-12-15 11:30:42,632-DEBUG-root-32920::webapp_internal::wait_blocker|2444:: Waiting blocker to continue...
2025-12-15 11:30:42,744-DEBUG-root-32920::webapp_internal::wait_blocker|2469:: Blocker status: False
2025-12-15 11:30:45,055-INFO-root-32920::webapp_internal::SetLateralMenu|4203:: Menu item: "Controle de Alcada (5)"
2025-12-15 11:30:45,055-DEBUG-root-32920::webapp_internal::wait_blocker|2444:: Waiting blocker to continue...
2025-12-15 11:30:45,164-DEBUG-root-32920::webapp_internal::wait_blocker|2469:: Blocker status: False
2025-12-15 11:30:46,015-DEBUG-root-32920::webapp_internal::wait_element_timeout|7726:: Element found! Waiting for element to be displayed.
2025-12-15 11:30:46,918-DEBUG-root-32920::webapp_internal::wait_blocker|2444:: Waiting blocker to continue...
2025-12-15 11:30:47,008-DEBUG-root-32920::webapp_internal::wait_blocker|2469:: Blocker status: False
2025-12-15 11:30:49,317-INFO-root-32920::webapp_internal::SetLateralMenu|4203:: Menu item: "Aprovadores"
2025-12-15 11:30:49,317-DEBUG-root-32920::webapp_internal::wait_blocker|2444:: Waiting blocker to continue...
2025-12-15 11:30:49,458-DEBUG-root-32920::webapp_internal::wait_blocker|2469:: Blocker status: False
2025-12-15 11:30:50,471-DEBUG-root-32920::webapp_internal::wait_element_timeout|7726:: Element found! Waiting for element to be displayed.
2025-12-15 11:30:51,501-DEBUG-root-32920::webapp_internal::wait_blocker|2444:: Waiting blocker to continue...
2025-12-15 11:30:51,594-DEBUG-root-32920::webapp_internal::wait_blocker|2469:: Blocker status: False
2025-12-15 11:30:55,677-DEBUG-root-32920::webapp_internal::wait_blocker|2444:: Waiting blocker to continue...
2025-12-15 11:30:55,790-DEBUG-root-32920::webapp_internal::wait_blocker|2469:: Blocker status: False
2025-12-15 11:30:55,908-INFO-root-32920::webapp_internal::WaitShow|4980:: Waiting show text 'Este ambiente utiliza base de Homologação.'...
2025-12-15 11:31:00,982-INFO-root-32920::webapp_internal::WaitShow|4980:: Waiting show text 'Moedas'...
2025-12-15 11:31:06,012-INFO-root-32920::webapp_internal::WaitShow|4980:: Waiting show text 'Cadastro de Aprovadores'...
2025-12-15 11:31:06,072-INFO-root-32920::webapp_internal::WaitShow|4996:: Text found! 
2025-12-15 11:31:06,072-INFO-root-32920::webapp_internal::SetButton|4444:: Clicking on Incluir
2025-12-15 11:31:06,072-DEBUG-root-32920::webapp_internal::wait_blocker|2444:: Waiting blocker to continue...
2025-12-15 11:31:06,166-DEBUG-root-32920::webapp_internal::wait_blocker|2469:: Blocker status: False
2025-12-15 11:31:06,511-DEBUG-root-32920::webapp_internal::wait_element_timeout|7726:: Element found! Waiting for element to be displayed.
2025-12-15 11:31:06,750-DEBUG-root-32920::webapp_internal::SetButton|4481:: ***System Info*** Before Clicking on button:Incluir
2025-12-15 11:31:06,750-DEBUG-root-32920::psutil_info::system_info|5:: CPU USAGE: 14.9%
2025-12-15 11:31:06,751-DEBUG-root-32920::psutil_info::system_info|6:: MEMORY USAGE: 84.1%
2025-12-15 11:31:06,751-DEBUG-root-32920::psutil_info::system_info|7:: MEMORY AVAILABLE: 15.94%
2025-12-15 11:31:07,084-DEBUG-root-32920::webapp_internal::wait_element_timeout|7726:: Element found! Waiting for element to be displayed.
2025-12-15 11:31:07,391-DEBUG-root-32920::webapp_internal::wait_blocker|2444:: Waiting blocker to continue...
2025-12-15 11:31:07,518-DEBUG-root-32920::webapp_internal::wait_blocker|2469:: Blocker status: False
2025-12-15 11:31:07,542-DEBUG-root-32920::webapp_internal::wait_blocker|2444:: Waiting blocker to continue...
2025-12-15 11:31:07,654-DEBUG-root-32920::webapp_internal::wait_blocker|2469:: Blocker status: False
2025-12-15 11:31:07,654-DEBUG-root-32920::webapp_internal::send_action|10480:: Trying to send action
2025-12-15 11:31:07,657-DEBUG-root-32920::base::click|192:: Click Type: ClickType.JS
2025-12-15 11:31:08,703-DEBUG-root-32920::webapp_internal::send_action|10522:: send_action method result = True
2025-12-15 11:31:08,703-DEBUG-root-32920::webapp_internal::send_action|10523:: send_action selenium status: False
2025-12-15 11:31:08,704-DEBUG-root-32920::webapp_internal::SetButton|4683:: ***System Info*** After Clicking on button:
2025-12-15 11:31:08,704-DEBUG-root-32920::psutil_info::system_info|5:: CPU USAGE: 13.5%
2025-12-15 11:31:08,704-DEBUG-root-32920::psutil_info::system_info|6:: MEMORY USAGE: 84.7%
2025-12-15 11:31:08,705-DEBUG-root-32920::psutil_info::system_info|7:: MEMORY AVAILABLE: 15.31%
2025-12-15 11:31:08,906-INFO-root-32920::webapp_internal::WaitShow|4980:: Waiting show text 'Aprovadores - INCLUIR'...
2025-12-15 11:31:09,017-INFO-root-32920::webapp_internal::WaitShow|4996:: Text found! 
2025-12-15 11:31:09,017-DEBUG-root-32920::webapp_internal::wait_blocker|2444:: Waiting blocker to continue...
2025-12-15 11:31:09,134-DEBUG-root-32920::webapp_internal::wait_blocker|2469:: Blocker status: False
2025-12-15 11:31:09,135-DEBUG-root-32920::webapp_internal::wait_element|7623:: Waiting for element
2025-12-15 11:31:09,213-DEBUG-root-32920::webapp_internal::wait_element|7653:: Element found! Waiting for element to be displayed.
2025-12-15 11:31:09,286-INFO-root-32920::webapp_internal::input_value|2941:: Looking for element: AK_USER
2025-12-15 11:31:09,383-INFO-root-32920::webapp_internal::input_value|2951:: Element: AK_USER Found!
2025-12-15 11:31:09,383-INFO-root-32920::webapp_internal::input_value|2953:: Filling element: AK_USER
2025-12-15 11:31:09,413-DEBUG-root-32920::webapp_internal::get_web_value|3232:: Current value:       
2025-12-15 11:31:09,450-DEBUG-root-32920::base::double_click|259:: Click Type: ClickType.SELENIUM
2025-12-15 11:31:09,702-DEBUG-root-32920::webapp_internal::wait_blocker|2444:: Waiting blocker to continue...
2025-12-15 11:31:09,810-DEBUG-root-32920::webapp_internal::wait_blocker|2469:: Blocker status: False
2025-12-15 11:31:10,124-DEBUG-root-32920::webapp_internal::get_web_value|3232:: Current value: 001016
2025-12-15 11:31:10,124-INFO-root-32920::webapp_internal::input_value|3059:: Current field value: 001016
2025-12-15 11:31:10,124-DEBUG-root-32920::webapp_internal::wait_blocker|2444:: Waiting blocker to continue...
2025-12-15 11:31:10,232-DEBUG-root-32920::webapp_internal::wait_blocker|2469:: Blocker status: False
2025-12-15 11:31:10,232-DEBUG-root-32920::webapp_internal::wait_element|7623:: Waiting for element
2025-12-15 11:31:10,293-DEBUG-root-32920::webapp_internal::wait_element|7653:: Element found! Waiting for element to be displayed.
2025-12-15 11:31:10,347-INFO-root-32920::webapp_internal::input_value|2941:: Looking for element: AK_APROSUP
2025-12-15 11:31:10,442-INFO-root-32920::webapp_internal::input_value|2951:: Element: AK_APROSUP Found!
2025-12-15 11:31:10,442-INFO-root-32920::webapp_internal::input_value|2953:: Filling element: AK_APROSUP
2025-12-15 11:31:10,473-DEBUG-root-32920::webapp_internal::get_web_value|3232:: Current value:       
2025-12-15 11:31:10,520-DEBUG-root-32920::base::double_click|259:: Click Type: ClickType.SELENIUM
2025-12-15 11:31:10,772-DEBUG-root-32920::webapp_internal::wait_blocker|2444:: Waiting blocker to continue...
2025-12-15 11:31:10,877-DEBUG-root-32920::webapp_internal::wait_blocker|2469:: Blocker status: False
2025-12-15 11:31:11,186-DEBUG-root-32920::webapp_internal::get_web_value|3232:: Current value: 000005
2025-12-15 11:31:11,187-INFO-root-32920::webapp_internal::input_value|3059:: Current field value: 000005
2025-12-15 11:31:11,187-DEBUG-root-32920::webapp_internal::wait_blocker|2444:: Waiting blocker to continue...
2025-12-15 11:31:11,300-DEBUG-root-32920::webapp_internal::wait_blocker|2469:: Blocker status: False
2025-12-15 11:31:11,301-DEBUG-root-32920::webapp_internal::wait_element|7623:: Waiting for element
2025-12-15 11:33:11,332-DEBUG-root-32920::webapp_internal::wait_element|7643:: wait_element doesn't found term: AK_LMITE
2025-12-15 11:33:11,332-WARNING-root-32920::webapp_internal::log_error|8143:: Warning log_error Element 'AK_LMITE' not found!
2025-12-15 11:33:11,332-DEBUG-root-32920::webapp_internal::log_error|8146:: ***System Info*** in log_error():
2025-12-15 11:33:11,332-DEBUG-root-32920::psutil_info::system_info|5:: CPU USAGE: 19.4%
2025-12-15 11:33:11,333-DEBUG-root-32920::psutil_info::system_info|6:: MEMORY USAGE: 94.6%
2025-12-15 11:33:11,333-DEBUG-root-32920::psutil_info::system_info|7:: MEMORY AVAILABLE: 5.44%
2025-12-15 11:33:11,350-DEBUG-root-32920::log::take_screenshot_log|612:: take_screenshot_log in:2025-12-15 11:33:11.350248

2025-12-15 11:33:11,463-DEBUG-root-32920::log::take_screenshot_log|627:: Screenshot file created successfully: Log\GESIT03\97137227104_20251215113311349_Viagem -_test_Cadastro_Orcamento_Viagem.png
2025-12-15 11:33:12,471-DEBUG-root-32920::log::checks_empty_line|221:: Checking empty default log info
2025-12-15 11:33:12,474-DEBUG-root-32920::log::generate_log|503:: Json log_data: {'cLogDtExec': '15/12/2025 11:33:12', 'cLogNomUsr': '97137227104', 'cLogNomEst': 'GESIT03', 'cLogProgra': None, 'cLogDtProg': '', 'cLogHrProg': '', 'nLogCtsOk': 0, 'nLogCtsNok': 1, 'nLogCtsSeg': 207.25, 'cLogVersao': '12', 'cLogReleas': '12.1.2410', 'nLogCtsErr': "Viagem - Element 'AK_LMITE' not found!", 'cLogBancod': 'ORACLE', 'cLogIdenti': '', 'cLogIdExec': '20251215', 'cLogPais': 'BRA', 'cLogTool': 'TIR', 'cLogSequen': '38e273', 'nLogCtsTot': 1, 'cLogDtExea': '15/12/2025', 'cLogHrExea': '11:33:12', 'cLogArea': 'Desenvolvimento', 'cLogMnExec': 3.4541666666666666}
2025-12-15 11:33:12,474-INFO-root-32920::log::send_log_with_retries|515:: Saving log locally.
2025-12-15 11:33:12,474-INFO-root-32920::log::save_log_locally|548:: [FwSendLog]: Não foi possível enviar o log após todas as tentativas.
2025-12-15 11:33:12,476-INFO-root-32920::log::save_log_locally|555:: [FwSendLog]: Log salvo localmente em C:\TIR_TESTE\1765809192.json.
2025-12-15 11:33:13,841-ERROR-root-32920::webapp_internal::TearDown|9654:: Warning tearDown Close Message: Tried to run command without establishing a connection
Traceback (most recent call last):
  File "C:\TIR_TESTE\venv\Lib\site-packages\tir\technologies\webapp_internal.py", line 9652, in TearDown
    self.driver.close()
  File "C:\TIR_TESTE\venv\Lib\site-packages\selenium\webdriver\remote\webdriver.py", line 458, in close
    self.execute(Command.CLOSE)
  File "C:\TIR_TESTE\venv\Lib\site-packages\selenium\webdriver\remote\webdriver.py", line 347, in execute
    self.error_handler.check_response(response)
  File "C:\TIR_TESTE\venv\Lib\site-packages\selenium\webdriver\remote\errorhandler.py", line 229, in check_response
    raise exception_class(message, screen, stacktrace)
selenium.common.exceptions.InvalidSessionIdException: Message: Tried to run command without establishing a connection

2025-12-15 11:29:44,611-DEBUG-root-32920::logging_config::logger|189:: Log file created: 'Log\GESIT03\TIR__20251215112944579.log'
2025-12-15 11:29:44,612-INFO-root-32920::base::Start|1183:: TIR Version: 2.4.3
2025-12-15 11:29:44,612-INFO-root-32920::base::Start|1184:: Python Version: 3.12.10
2025-12-15 11:29:44,613-INFO-root-32920::base::Start|1185:: Starting the browser
2025-12-15 11:29:54,169-INFO-root-32920::base::get_url|1294:: Page is ready!
2025-12-15 11:29:54,204-INFO-root-32920::base::Start|1256:: Browser maximized to 1936x1048
2025-12-15 11:29:54,205-INFO-root-32920::base::Start|1258:: Screen size is different from default used in headless mode
2025-12-15 11:29:55,515-INFO-root-32920::webapp_internal::Setup|247:: ***System Info*** in Setup():
2025-12-15 11:29:55,515-DEBUG-root-32920::psutil_info::system_info|5:: CPU USAGE: 29.2%
2025-12-15 11:29:55,518-DEBUG-root-32920::psutil_info::system_info|6:: MEMORY USAGE: 95.8%
2025-12-15 11:29:55,518-DEBUG-root-32920::psutil_info::system_info|7:: MEMORY AVAILABLE: 4.22%
2025-12-15 11:29:55,529-INFO-root-32920::base::webapp_shadowroot|1394:: Webapp: 10.1.6-RC4
2025-12-15 11:29:55,584-INFO-root-32920::webapp_internal::filling_initial_program|449:: Filling Initial Program: "SIGAMDI"
2025-12-15 11:29:55,584-DEBUG-root-32920::webapp_internal::wait_element|7623:: Waiting for element
2025-12-15 11:29:55,667-DEBUG-root-32920::webapp_internal::wait_element|7653:: Element found! Waiting for element to be displayed.
2025-12-15 11:29:55,883-DEBUG-root-32920::base::click|192:: Click Type: ClickType.JS
2025-12-15 11:29:55,907-DEBUG-root-32920::webapp_internal::try_send_keys|7976:: Trying to send keys to element using technique 0
2025-12-15 11:29:56,529-DEBUG-root-32920::webapp_internal::get_web_value|3232:: Current value: SIGAMDI
2025-12-15 11:29:56,530-INFO-root-32920::webapp_internal::filling_server_environment|463:: Filling Server Environment: "POUPEX_TST"
2025-12-15 11:29:56,530-DEBUG-root-32920::webapp_internal::wait_element|7623:: Waiting for element
2025-12-15 11:29:56,627-DEBUG-root-32920::webapp_internal::wait_element|7653:: Element found! Waiting for element to be displayed.
2025-12-15 11:29:56,816-DEBUG-root-32920::base::click|192:: Click Type: ClickType.JS
2025-12-15 11:29:56,826-DEBUG-root-32920::webapp_internal::try_send_keys|7976:: Trying to send keys to element using technique 0
2025-12-15 11:29:59,309-DEBUG-root-32920::webapp_internal::get_web_value|3232:: Current value: POUPEX_TST
2025-12-15 11:29:59,990-DEBUG-root-32920::base::click|192:: Click Type: ClickType.JS
2025-12-15 11:30:00,091-DEBUG-root-32920::webapp_internal::user_screen|519:: Filling user screen
2025-12-15 11:30:06,649-DEBUG-root-32920::webapp_internal::wait_element_timeout|7726:: Element found! Waiting for element to be displayed.
2025-12-15 11:30:06,785-DEBUG-root-32920::base::scroll_to_element|759:: ********Warining scroll_to_element exception: Message: TypeError: can't access property "scrollIntoView", arguments[0] is null
Stacktrace:
@https://qasrverp:10020/webapp/:2:7
@https://qasrverp:10020/webapp/:3:8
*********
2025-12-15 11:30:07,033-INFO-root-32920::webapp_internal::user_screen|561:: Filling User
2025-12-15 11:30:07,077-DEBUG-root-32920::base::double_click|259:: Click Type: ClickType.SELENIUM
2025-12-15 11:30:07,329-DEBUG-root-32920::webapp_internal::get_web_value|3232:: Current value: 97137227104
2025-12-15 11:30:07,364-INFO-root-32920::webapp_internal::user_screen|621:: Filling Password
2025-12-15 11:30:07,394-DEBUG-root-32920::base::click|192:: Click Type: ClickType.JS
2025-12-15 11:30:07,507-DEBUG-root-32920::webapp_internal::get_web_value|3232:: Current value: Deire20191817+
2025-12-15 11:30:07,507-DEBUG-root-32920::webapp_internal::wait_blocker|2444:: Waiting blocker to continue...
2025-12-15 11:30:07,552-DEBUG-root-32920::webapp_internal::wait_blocker|2469:: Blocker status: None
2025-12-15 11:30:07,592-DEBUG-root-32920::webapp_internal::wait_blocker|2444:: Waiting blocker to continue...
2025-12-15 11:30:07,643-DEBUG-root-32920::webapp_internal::wait_blocker|2469:: Blocker status: None
2025-12-15 11:30:07,704-DEBUG-root-32920::webapp_internal::wait_blocker|2444:: Waiting blocker to continue...
2025-12-15 11:30:07,752-DEBUG-root-32920::webapp_internal::wait_blocker|2469:: Blocker status: None
2025-12-15 11:30:07,753-DEBUG-root-32920::webapp_internal::send_action|10480:: Trying to send action
2025-12-15 11:30:07,762-DEBUG-root-32920::base::click|192:: Click Type: ClickType.JS
2025-12-15 11:30:08,831-DEBUG-root-32920::webapp_internal::send_action|10522:: send_action method result = True
2025-12-15 11:30:08,832-DEBUG-root-32920::webapp_internal::send_action|10523:: send_action selenium status: False
2025-12-15 11:30:11,641-DEBUG-root-32920::base::scroll_to_element|759:: ********Warining scroll_to_element exception: Message: TypeError: can't access property "scrollIntoView", arguments[0] is null
Stacktrace:
@https://qasrverp:10020/webapp/:2:7
@https://qasrverp:10020/webapp/:3:8
*********
2025-12-15 11:30:11,740-INFO-root-32920::webapp_internal::filling_date|885:: Filling Date: "15/12/2025"
2025-12-15 11:30:11,741-DEBUG-root-32920::webapp_internal::wait_blocker|2444:: Waiting blocker to continue...
2025-12-15 11:30:11,811-DEBUG-root-32920::webapp_internal::wait_blocker|2469:: Blocker status: None
2025-12-15 11:30:11,818-DEBUG-root-32920::base::click|192:: Click Type: ClickType.JS
2025-12-15 11:30:11,863-DEBUG-root-32920::webapp_internal::try_send_keys|7976:: Trying to send keys to element using technique 1
2025-12-15 11:30:12,023-DEBUG-root-32920::webapp_internal::get_web_value|3232:: Current value: 15/12/2025
2025-12-15 11:30:13,209-INFO-root-32920::webapp_internal::filling_group|955:: Filling Group: "02"
2025-12-15 11:30:13,209-DEBUG-root-32920::webapp_internal::wait_blocker|2444:: Waiting blocker to continue...
2025-12-15 11:30:13,287-DEBUG-root-32920::webapp_internal::wait_blocker|2469:: Blocker status: None
2025-12-15 11:30:13,291-DEBUG-root-32920::base::click|192:: Click Type: ClickType.JS
2025-12-15 11:30:13,383-DEBUG-root-32920::webapp_internal::get_web_value|3232:: Current value: 02
2025-12-15 11:30:14,477-INFO-root-32920::webapp_internal::filling_branch|1047:: Filling Branch: "02DF0001"
2025-12-15 11:30:14,477-DEBUG-root-32920::webapp_internal::wait_blocker|2444:: Waiting blocker to continue...
2025-12-15 11:30:14,527-DEBUG-root-32920::webapp_internal::wait_blocker|2469:: Blocker status: None
2025-12-15 11:30:14,531-DEBUG-root-32920::base::click|192:: Click Type: ClickType.JS
2025-12-15 11:30:14,611-DEBUG-root-32920::webapp_internal::get_web_value|3232:: Current value: 02DF0001
2025-12-15 11:30:15,739-INFO-root-32920::webapp_internal::filling_environment|1113:: Filling Environment: "07"
2025-12-15 11:30:15,739-DEBUG-root-32920::webapp_internal::wait_blocker|2444:: Waiting blocker to continue...
2025-12-15 11:30:15,790-DEBUG-root-32920::webapp_internal::wait_blocker|2469:: Blocker status: None
2025-12-15 11:30:15,794-DEBUG-root-32920::base::click|192:: Click Type: ClickType.JS
2025-12-15 11:30:15,870-DEBUG-root-32920::webapp_internal::get_web_value|3232:: Current value: 07
2025-12-15 11:30:16,886-DEBUG-root-32920::webapp_internal::close_warning_screen|1489:: Closing warning screen!
2025-12-15 11:30:17,924-DEBUG-root-32920::webapp_internal::check_screen_element|1291:: Checking screen element: "Atenção": False
2025-12-15 11:30:19,077-INFO-root-32920::webapp_internal::environment_screen|796:: Clicking on Button
2025-12-15 11:30:19,078-DEBUG-root-32920::webapp_internal::wait_blocker|2444:: Waiting blocker to continue...
2025-12-15 11:30:19,128-DEBUG-root-32920::webapp_internal::wait_blocker|2469:: Blocker status: None
2025-12-15 11:30:19,133-DEBUG-root-32920::base::click|192:: Click Type: ClickType.JS
2025-12-15 11:30:20,151-DEBUG-root-32920::base::click|192:: Click Type: ClickType.JS
2025-12-15 11:30:21,163-DEBUG-root-32920::base::click|192:: Click Type: ClickType.JS
2025-12-15 11:30:22,178-DEBUG-root-32920::base::click|192:: Click Type: ClickType.JS
2025-12-15 11:30:23,187-DEBUG-root-32920::base::click|192:: Click Type: ClickType.JS
2025-12-15 11:30:24,198-DEBUG-root-32920::base::click|192:: Click Type: ClickType.JS
2025-12-15 11:30:25,206-DEBUG-root-32920::webapp_internal::close_screen_before_menu|368:: Closing screen before the menu
2025-12-15 11:30:25,257-DEBUG-root-32920::webapp_internal::close_warning_screen|1489:: Closing warning screen!
2025-12-15 11:30:26,302-DEBUG-root-32920::webapp_internal::check_screen_element|1291:: Checking screen element: "Atenção": False
2025-12-15 11:30:26,302-DEBUG-root-32920::webapp_internal::close_coin_screen|1424:: Closing coin screen!
2025-12-15 11:30:26,859-DEBUG-root-32920::base::click|192:: Click Type: ClickType.JS
2025-12-15 11:30:26,916-DEBUG-root-32920::webapp_internal::close_warning_screen|1489:: Closing warning screen!
2025-12-15 11:30:27,987-DEBUG-root-32920::webapp_internal::check_screen_element|1291:: Checking screen element: "Atenção": False
2025-12-15 11:30:27,988-DEBUG-root-32920::webapp_internal::close_coin_screen|1424:: Closing coin screen!
2025-12-15 11:30:28,142-INFO-root-32920::webapp_internal::set_log_info|1623:: Getting log info
2025-12-15 11:30:28,143-INFO-root-32920::webapp_internal::SetLateralMenu|4184:: Navigating lateral menu: Ajuda > Sobre
2025-12-15 11:30:28,154-DEBUG-root-32920::webapp_internal::wait_element|7623:: Waiting for element
2025-12-15 11:30:28,196-DEBUG-root-32920::webapp_internal::wait_element|7653:: Element found! Waiting for element to be displayed.
2025-12-15 11:30:28,389-INFO-root-32920::webapp_internal::SetLateralMenu|4203:: Menu item: "Ajuda"
2025-12-15 11:30:28,389-DEBUG-root-32920::webapp_internal::wait_blocker|2444:: Waiting blocker to continue...
2025-12-15 11:30:28,464-DEBUG-root-32920::webapp_internal::wait_blocker|2469:: Blocker status: False
2025-12-15 11:30:28,817-DEBUG-root-32920::webapp_internal::wait_element_timeout|7726:: Element found! Waiting for element to be displayed.
2025-12-15 11:30:29,122-DEBUG-root-32920::webapp_internal::wait_blocker|2444:: Waiting blocker to continue...
2025-12-15 11:30:29,187-DEBUG-root-32920::webapp_internal::wait_blocker|2469:: Blocker status: False
2025-12-15 11:30:31,485-INFO-root-32920::webapp_internal::SetLateralMenu|4203:: Menu item: "Sobre"
2025-12-15 11:30:31,485-DEBUG-root-32920::webapp_internal::wait_blocker|2444:: Waiting blocker to continue...
2025-12-15 11:30:31,554-DEBUG-root-32920::webapp_internal::wait_blocker|2469:: Blocker status: False
2025-12-15 11:30:31,968-DEBUG-root-32920::webapp_internal::wait_element_timeout|7726:: Element found! Waiting for element to be displayed.
2025-12-15 11:30:32,334-DEBUG-root-32920::webapp_internal::wait_blocker|2444:: Waiting blocker to continue...
2025-12-15 11:30:32,402-DEBUG-root-32920::webapp_internal::wait_blocker|2469:: Blocker status: False
2025-12-15 11:30:35,051-DEBUG-root-32920::webapp_internal::wait_blocker|2444:: Waiting blocker to continue...
2025-12-15 11:30:35,122-DEBUG-root-32920::webapp_internal::wait_blocker|2469:: Blocker status: False
2025-12-15 11:30:35,204-DEBUG-root-32920::webapp_internal::wait_element|7623:: Waiting for element
2025-12-15 11:30:35,252-DEBUG-root-32920::webapp_internal::wait_element|7653:: Element found! Waiting for element to be displayed.
2025-12-15 11:30:35,432-INFO-root-32920::webapp_internal::SetButton|4444:: Clicking on Fechar
2025-12-15 11:30:35,433-DEBUG-root-32920::webapp_internal::wait_blocker|2444:: Waiting blocker to continue...
2025-12-15 11:30:35,503-DEBUG-root-32920::webapp_internal::wait_blocker|2469:: Blocker status: False
2025-12-15 11:30:35,687-DEBUG-root-32920::webapp_internal::wait_element_timeout|7726:: Element found! Waiting for element to be displayed.
2025-12-15 11:30:35,758-DEBUG-root-32920::webapp_internal::SetButton|4481:: ***System Info*** Before Clicking on button:Fechar
2025-12-15 11:30:35,759-DEBUG-root-32920::psutil_info::system_info|5:: CPU USAGE: 16.3%
2025-12-15 11:30:35,759-DEBUG-root-32920::psutil_info::system_info|6:: MEMORY USAGE: 92.7%
2025-12-15 11:30:35,760-DEBUG-root-32920::psutil_info::system_info|7:: MEMORY AVAILABLE: 7.27%
2025-12-15 11:30:35,927-DEBUG-root-32920::webapp_internal::wait_element_timeout|7726:: Element found! Waiting for element to be displayed.
2025-12-15 11:30:36,052-DEBUG-root-32920::webapp_internal::wait_blocker|2444:: Waiting blocker to continue...
2025-12-15 11:30:36,131-DEBUG-root-32920::webapp_internal::wait_blocker|2469:: Blocker status: False
2025-12-15 11:30:36,152-DEBUG-root-32920::webapp_internal::wait_blocker|2444:: Waiting blocker to continue...
2025-12-15 11:30:36,226-DEBUG-root-32920::webapp_internal::wait_blocker|2469:: Blocker status: False
2025-12-15 11:30:36,227-DEBUG-root-32920::webapp_internal::send_action|10480:: Trying to send action
2025-12-15 11:30:36,229-DEBUG-root-32920::base::click|192:: Click Type: ClickType.JS
2025-12-15 11:30:37,264-DEBUG-root-32920::webapp_internal::send_action|10522:: send_action method result = True
2025-12-15 11:30:37,265-DEBUG-root-32920::webapp_internal::send_action|10523:: send_action selenium status: False
2025-12-15 11:30:37,265-DEBUG-root-32920::webapp_internal::SetButton|4683:: ***System Info*** After Clicking on button:
2025-12-15 11:30:37,265-DEBUG-root-32920::psutil_info::system_info|5:: CPU USAGE: 17.4%
2025-12-15 11:30:37,265-DEBUG-root-32920::psutil_info::system_info|6:: MEMORY USAGE: 92.8%
2025-12-15 11:30:37,266-DEBUG-root-32920::psutil_info::system_info|7:: MEMORY AVAILABLE: 7.16%
2025-12-15 11:30:37,266-DEBUG-root-32920::webapp_internal::wait_element|7623:: Waiting for element
2025-12-15 11:30:37,373-INFO-root-32920::webapp_internal::SetLateralMenu|4184:: Navigating lateral menu: Atualizações > Gestao de Viagens > Controle de Alcada (5) > Aprovadores
2025-12-15 11:30:37,382-DEBUG-root-32920::webapp_internal::wait_element|7623:: Waiting for element
2025-12-15 11:30:37,428-DEBUG-root-32920::webapp_internal::wait_element|7653:: Element found! Waiting for element to be displayed.
2025-12-15 11:30:37,602-INFO-root-32920::webapp_internal::SetLateralMenu|4203:: Menu item: "Atualizações"
2025-12-15 11:30:37,602-DEBUG-root-32920::webapp_internal::wait_blocker|2444:: Waiting blocker to continue...
2025-12-15 11:30:37,685-DEBUG-root-32920::webapp_internal::wait_blocker|2469:: Blocker status: False
2025-12-15 11:30:38,128-DEBUG-root-32920::webapp_internal::wait_element_timeout|7726:: Element found! Waiting for element to be displayed.
2025-12-15 11:30:38,556-DEBUG-root-32920::webapp_internal::wait_blocker|2444:: Waiting blocker to continue...
2025-12-15 11:30:38,632-DEBUG-root-32920::webapp_internal::wait_blocker|2469:: Blocker status: False
2025-12-15 11:30:40,944-INFO-root-32920::webapp_internal::SetLateralMenu|4203:: Menu item: "Gestao de Viagens"
2025-12-15 11:30:40,944-DEBUG-root-32920::webapp_internal::wait_blocker|2444:: Waiting blocker to continue...
2025-12-15 11:30:41,051-DEBUG-root-32920::webapp_internal::wait_blocker|2469:: Blocker status: False
2025-12-15 11:30:41,826-DEBUG-root-32920::webapp_internal::wait_element_timeout|7726:: Element found! Waiting for element to be displayed.
2025-12-15 11:30:42,632-DEBUG-root-32920::webapp_internal::wait_blocker|2444:: Waiting blocker to continue...
2025-12-15 11:30:42,744-DEBUG-root-32920::webapp_internal::wait_blocker|2469:: Blocker status: False
2025-12-15 11:30:45,055-INFO-root-32920::webapp_internal::SetLateralMenu|4203:: Menu item: "Controle de Alcada (5)"
2025-12-15 11:30:45,055-DEBUG-root-32920::webapp_internal::wait_blocker|2444:: Waiting blocker to continue...
2025-12-15 11:30:45,164-DEBUG-root-32920::webapp_internal::wait_blocker|2469:: Blocker status: False
2025-12-15 11:30:46,015-DEBUG-root-32920::webapp_internal::wait_element_timeout|7726:: Element found! Waiting for element to be displayed.
2025-12-15 11:30:46,918-DEBUG-root-32920::webapp_internal::wait_blocker|2444:: Waiting blocker to continue...
2025-12-15 11:30:47,008-DEBUG-root-32920::webapp_internal::wait_blocker|2469:: Blocker status: False
2025-12-15 11:30:49,317-INFO-root-32920::webapp_internal::SetLateralMenu|4203:: Menu item: "Aprovadores"
2025-12-15 11:30:49,317-DEBUG-root-32920::webapp_internal::wait_blocker|2444:: Waiting blocker to continue...
2025-12-15 11:30:49,458-DEBUG-root-32920::webapp_internal::wait_blocker|2469:: Blocker status: False
2025-12-15 11:30:50,471-DEBUG-root-32920::webapp_internal::wait_element_timeout|7726:: Element found! Waiting for element to be displayed.
2025-12-15 11:30:51,501-DEBUG-root-32920::webapp_internal::wait_blocker|2444:: Waiting blocker to continue...
2025-12-15 11:30:51,594-DEBUG-root-32920::webapp_internal::wait_blocker|2469:: Blocker status: False
2025-12-15 11:30:55,677-DEBUG-root-32920::webapp_internal::wait_blocker|2444:: Waiting blocker to continue...
2025-12-15 11:30:55,790-DEBUG-root-32920::webapp_internal::wait_blocker|2469:: Blocker status: False
2025-12-15 11:30:55,908-INFO-root-32920::webapp_internal::WaitShow|4980:: Waiting show text 'Este ambiente utiliza base de Homologação.'...
2025-12-15 11:31:00,982-INFO-root-32920::webapp_internal::WaitShow|4980:: Waiting show text 'Moedas'...
2025-12-15 11:31:06,012-INFO-root-32920::webapp_internal::WaitShow|4980:: Waiting show text 'Cadastro de Aprovadores'...
2025-12-15 11:31:06,072-INFO-root-32920::webapp_internal::WaitShow|4996:: Text found! 
2025-12-15 11:31:06,072-INFO-root-32920::webapp_internal::SetButton|4444:: Clicking on Incluir
2025-12-15 11:31:06,072-DEBUG-root-32920::webapp_internal::wait_blocker|2444:: Waiting blocker to continue...
2025-12-15 11:31:06,166-DEBUG-root-32920::webapp_internal::wait_blocker|2469:: Blocker status: False
2025-12-15 11:31:06,511-DEBUG-root-32920::webapp_internal::wait_element_timeout|7726:: Element found! Waiting for element to be displayed.
2025-12-15 11:31:06,750-DEBUG-root-32920::webapp_internal::SetButton|4481:: ***System Info*** Before Clicking on button:Incluir
2025-12-15 11:31:06,750-DEBUG-root-32920::psutil_info::system_info|5:: CPU USAGE: 14.9%
2025-12-15 11:31:06,751-DEBUG-root-32920::psutil_info::system_info|6:: MEMORY USAGE: 84.1%
2025-12-15 11:31:06,751-DEBUG-root-32920::psutil_info::system_info|7:: MEMORY AVAILABLE: 15.94%
2025-12-15 11:31:07,084-DEBUG-root-32920::webapp_internal::wait_element_timeout|7726:: Element found! Waiting for element to be displayed.
2025-12-15 11:31:07,391-DEBUG-root-32920::webapp_internal::wait_blocker|2444:: Waiting blocker to continue...
2025-12-15 11:31:07,518-DEBUG-root-32920::webapp_internal::wait_blocker|2469:: Blocker status: False
2025-12-15 11:31:07,542-DEBUG-root-32920::webapp_internal::wait_blocker|2444:: Waiting blocker to continue...
2025-12-15 11:31:07,654-DEBUG-root-32920::webapp_internal::wait_blocker|2469:: Blocker status: False
2025-12-15 11:31:07,654-DEBUG-root-32920::webapp_internal::send_action|10480:: Trying to send action
2025-12-15 11:31:07,657-DEBUG-root-32920::base::click|192:: Click Type: ClickType.JS
2025-12-15 11:31:08,703-DEBUG-root-32920::webapp_internal::send_action|10522:: send_action method result = True
2025-12-15 11:31:08,703-DEBUG-root-32920::webapp_internal::send_action|10523:: send_action selenium status: False
2025-12-15 11:31:08,704-DEBUG-root-32920::webapp_internal::SetButton|4683:: ***System Info*** After Clicking on button:
2025-12-15 11:31:08,704-DEBUG-root-32920::psutil_info::system_info|5:: CPU USAGE: 13.5%
2025-12-15 11:31:08,704-DEBUG-root-32920::psutil_info::system_info|6:: MEMORY USAGE: 84.7%
2025-12-15 11:31:08,705-DEBUG-root-32920::psutil_info::system_info|7:: MEMORY AVAILABLE: 15.31%
2025-12-15 11:31:08,906-INFO-root-32920::webapp_internal::WaitShow|4980:: Waiting show text 'Aprovadores - INCLUIR'...
2025-12-15 11:31:09,017-INFO-root-32920::webapp_internal::WaitShow|4996:: Text found! 
2025-12-15 11:31:09,017-DEBUG-root-32920::webapp_internal::wait_blocker|2444:: Waiting blocker to continue...
2025-12-15 11:31:09,134-DEBUG-root-32920::webapp_internal::wait_blocker|2469:: Blocker status: False
2025-12-15 11:31:09,135-DEBUG-root-32920::webapp_internal::wait_element|7623:: Waiting for element
2025-12-15 11:31:09,213-DEBUG-root-32920::webapp_internal::wait_element|7653:: Element found! Waiting for element to be displayed.
2025-12-15 11:31:09,286-INFO-root-32920::webapp_internal::input_value|2941:: Looking for element: AK_USER
2025-12-15 11:31:09,383-INFO-root-32920::webapp_internal::input_value|2951:: Element: AK_USER Found!
2025-12-15 11:31:09,383-INFO-root-32920::webapp_internal::input_value|2953:: Filling element: AK_USER
2025-12-15 11:31:09,413-DEBUG-root-32920::webapp_internal::get_web_value|3232:: Current value:       
2025-12-15 11:31:09,450-DEBUG-root-32920::base::double_click|259:: Click Type: ClickType.SELENIUM
2025-12-15 11:31:09,702-DEBUG-root-32920::webapp_internal::wait_blocker|2444:: Waiting blocker to continue...
2025-12-15 11:31:09,810-DEBUG-root-32920::webapp_internal::wait_blocker|2469:: Blocker status: False
2025-12-15 11:31:10,124-DEBUG-root-32920::webapp_internal::get_web_value|3232:: Current value: 001016
2025-12-15 11:31:10,124-INFO-root-32920::webapp_internal::input_value|3059:: Current field value: 001016
2025-12-15 11:31:10,124-DEBUG-root-32920::webapp_internal::wait_blocker|2444:: Waiting blocker to continue...
2025-12-15 11:31:10,232-DEBUG-root-32920::webapp_internal::wait_blocker|2469:: Blocker status: False
2025-12-15 11:31:10,232-DEBUG-root-32920::webapp_internal::wait_element|7623:: Waiting for element
2025-12-15 11:31:10,293-DEBUG-root-32920::webapp_internal::wait_element|7653:: Element found! Waiting for element to be displayed.
2025-12-15 11:31:10,347-INFO-root-32920::webapp_internal::input_value|2941:: Looking for element: AK_APROSUP
2025-12-15 11:31:10,442-INFO-root-32920::webapp_internal::input_value|2951:: Element: AK_APROSUP Found!
2025-12-15 11:31:10,442-INFO-root-32920::webapp_internal::input_value|2953:: Filling element: AK_APROSUP
2025-12-15 11:31:10,473-DEBUG-root-32920::webapp_internal::get_web_value|3232:: Current value:       
2025-12-15 11:31:10,520-DEBUG-root-32920::base::double_click|259:: Click Type: ClickType.SELENIUM
2025-12-15 11:31:10,772-DEBUG-root-32920::webapp_internal::wait_blocker|2444:: Waiting blocker to continue...
2025-12-15 11:31:10,877-DEBUG-root-32920::webapp_internal::wait_blocker|2469:: Blocker status: False
2025-12-15 11:31:11,186-DEBUG-root-32920::webapp_internal::get_web_value|3232:: Current value: 000005
2025-12-15 11:31:11,187-INFO-root-32920::webapp_internal::input_value|3059:: Current field value: 000005
2025-12-15 11:31:11,187-DEBUG-root-32920::webapp_internal::wait_blocker|2444:: Waiting blocker to continue...
2025-12-15 11:31:11,300-DEBUG-root-32920::webapp_internal::wait_blocker|2469:: Blocker status: False
2025-12-15 11:31:11,301-DEBUG-root-32920::webapp_internal::wait_element|7623:: Waiting for element
2025-12-15 11:33:11,332-DEBUG-root-32920::webapp_internal::wait_element|7643:: wait_element doesn't found term: AK_LMITE
2025-12-15 11:33:11,332-WARNING-root-32920::webapp_internal::log_error|8143:: Warning log_error Element 'AK_LMITE' not found!
2025-12-15 11:33:11,332-DEBUG-root-32920::webapp_internal::log_error|8146:: ***System Info*** in log_error():
2025-12-15 11:33:11,332-DEBUG-root-32920::psutil_info::system_info|5:: CPU USAGE: 19.4%
2025-12-15 11:33:11,333-DEBUG-root-32920::psutil_info::system_info|6:: MEMORY USAGE: 94.6%
2025-12-15 11:33:11,333-DEBUG-root-32920::psutil_info::system_info|7:: MEMORY AVAILABLE: 5.44%
2025-12-15 11:33:11,350-DEBUG-root-32920::log::take_screenshot_log|612:: take_screenshot_log in:2025-12-15 11:33:11.350248

2025-12-15 11:33:11,463-DEBUG-root-32920::log::take_screenshot_log|627:: Screenshot file created successfully: Log\GESIT03\97137227104_20251215113311349_Viagem -_test_Cadastro_Orcamento_Viagem.png
2025-12-15 11:33:12,471-DEBUG-root-32920::log::checks_empty_line|221:: Checking empty default log info
2025-12-15 11:33:12,474-DEBUG-root-32920::log::generate_log|503:: Json log_data: {'cLogDtExec': '15/12/2025 11:33:12', 'cLogNomUsr': '97137227104', 'cLogNomEst': 'GESIT03', 'cLogProgra': None, 'cLogDtProg': '', 'cLogHrProg': '', 'nLogCtsOk': 0, 'nLogCtsNok': 1, 'nLogCtsSeg': 207.25, 'cLogVersao': '12', 'cLogReleas': '12.1.2410', 'nLogCtsErr': "Viagem - Element 'AK_LMITE' not found!", 'cLogBancod': 'ORACLE', 'cLogIdenti': '', 'cLogIdExec': '20251215', 'cLogPais': 'BRA', 'cLogTool': 'TIR', 'cLogSequen': '38e273', 'nLogCtsTot': 1, 'cLogDtExea': '15/12/2025', 'cLogHrExea': '11:33:12', 'cLogArea': 'Desenvolvimento', 'cLogMnExec': 3.4541666666666666}
2025-12-15 11:33:12,474-INFO-root-32920::log::send_log_with_retries|515:: Saving log locally.
2025-12-15 11:33:12,474-INFO-root-32920::log::save_log_locally|548:: [FwSendLog]: Não foi possível enviar o log após todas as tentativas.
2025-12-15 11:33:12,476-INFO-root-32920::log::save_log_locally|555:: [FwSendLog]: Log salvo localmente em C:\TIR_TESTE\1765809192.json.
2025-12-15 11:33:13,841-ERROR-root-32920::webapp_internal::TearDown|9654:: Warning tearDown Close Message: Tried to run command without establishing a connection
Traceback (most recent call last):
  File "C:\TIR_TESTE\venv\Lib\site-packages\tir\technologies\webapp_internal.py", line 9652, in TearDown
    self.driver.close()
  File "C:\TIR_TESTE\venv\Lib\site-packages\selenium\webdriver\remote\webdriver.py", line 458, in close
    self.execute(Command.CLOSE)
  File "C:\TIR_TESTE\venv\Lib\site-packages\selenium\webdriver\remote\webdriver.py", line 347, in execute
    self.error_handler.check_response(response)
  File "C:\TIR_TESTE\venv\Lib\site-packages\selenium\webdriver\remote\errorhandler.py", line 229, in check_response
    raise exception_class(message, screen, stacktrace)
selenium.common.exceptions.InvalidSessionIdException: Message: Tried to run command without establishing a connection

