2025-12-16 07:56:49,561-DEBUG-root-19900::logging_config::logger|189:: Log file created: 'Log\GESIT03\TIR__20251216075649539.log'
2025-12-16 07:56:49,561-INFO-root-19900::base::Start|1183:: TIR Version: 2.4.3
2025-12-16 07:56:49,561-INFO-root-19900::base::Start|1184:: Python Version: 3.12.10
2025-12-16 07:56:49,562-INFO-root-19900::base::Start|1185:: Starting the browser
2025-12-16 07:56:57,512-INFO-root-19900::base::get_url|1294:: Page is ready!
2025-12-16 07:56:57,558-INFO-root-19900::base::Start|1256:: Browser maximized to 1936x1048
2025-12-16 07:56:57,559-INFO-root-19900::base::Start|1258:: Screen size is different from default used in headless mode
2025-12-16 07:56:58,182-INFO-root-19900::webapp_internal::Setup|247:: ***System Info*** in Setup():
2025-12-16 07:56:58,183-DEBUG-root-19900::psutil_info::system_info|5:: CPU USAGE: 16.2%
2025-12-16 07:56:58,188-DEBUG-root-19900::psutil_info::system_info|6:: MEMORY USAGE: 94.3%
2025-12-16 07:56:58,189-DEBUG-root-19900::psutil_info::system_info|7:: MEMORY AVAILABLE: 5.65%
2025-12-16 07:56:58,219-INFO-root-19900::base::webapp_shadowroot|1394:: Webapp: 10.1.6-RC4
2025-12-16 07:56:58,572-INFO-root-19900::webapp_internal::filling_initial_program|449:: Filling Initial Program: "SIGAMDI"
2025-12-16 07:56:58,572-DEBUG-root-19900::webapp_internal::wait_element|7623:: Waiting for element
2025-12-16 07:56:58,967-DEBUG-root-19900::webapp_internal::wait_element|7653:: Element found! Waiting for element to be displayed.
2025-12-16 07:56:59,407-DEBUG-root-19900::base::click|192:: Click Type: ClickType.JS
2025-12-16 07:56:59,411-DEBUG-root-19900::webapp_internal::try_send_keys|7976:: Trying to send keys to element using technique 0
2025-12-16 07:56:59,762-DEBUG-root-19900::webapp_internal::get_web_value|3232:: Current value: SIGAMDI
2025-12-16 07:56:59,763-INFO-root-19900::webapp_internal::filling_server_environment|463:: Filling Server Environment: "POUPEX_TST"
2025-12-16 07:56:59,763-DEBUG-root-19900::webapp_internal::wait_element|7623:: Waiting for element
2025-12-16 07:56:59,786-DEBUG-root-19900::webapp_internal::wait_element|7653:: Element found! Waiting for element to be displayed.
2025-12-16 07:57:00,002-DEBUG-root-19900::base::click|192:: Click Type: ClickType.JS
2025-12-16 07:57:00,009-DEBUG-root-19900::webapp_internal::try_send_keys|7976:: Trying to send keys to element using technique 0
2025-12-16 07:57:00,340-DEBUG-root-19900::webapp_internal::get_web_value|3232:: Current value: POUPEX_TST
2025-12-16 07:57:00,361-DEBUG-root-19900::base::click|192:: Click Type: ClickType.JS
2025-12-16 07:57:00,373-DEBUG-root-19900::webapp_internal::user_screen|519:: Filling user screen
2025-12-16 07:57:07,386-DEBUG-root-19900::webapp_internal::wait_element_timeout|7726:: Element found! Waiting for element to be displayed.
2025-12-16 07:57:07,433-DEBUG-root-19900::base::scroll_to_element|759:: ********Warining scroll_to_element exception: Message: TypeError: can't access property "scrollIntoView", arguments[0] is null
Stacktrace:
@https://qasrverp:10020/webapp/:2:7
@https://qasrverp:10020/webapp/:3:8
*********
2025-12-16 07:57:07,583-INFO-root-19900::webapp_internal::user_screen|561:: Filling User
2025-12-16 07:57:07,611-DEBUG-root-19900::base::double_click|259:: Click Type: ClickType.SELENIUM
2025-12-16 07:57:07,784-DEBUG-root-19900::webapp_internal::get_web_value|3232:: Current value: 97137227104
2025-12-16 07:57:07,804-INFO-root-19900::webapp_internal::user_screen|621:: Filling Password
2025-12-16 07:57:07,826-DEBUG-root-19900::base::click|192:: Click Type: ClickType.JS
2025-12-16 07:57:07,894-DEBUG-root-19900::webapp_internal::get_web_value|3232:: Current value: Deire20191817+
2025-12-16 07:57:07,894-DEBUG-root-19900::webapp_internal::wait_blocker|2444:: Waiting blocker to continue...
2025-12-16 07:57:07,920-DEBUG-root-19900::webapp_internal::wait_blocker|2469:: Blocker status: None
2025-12-16 07:57:07,940-DEBUG-root-19900::webapp_internal::wait_blocker|2444:: Waiting blocker to continue...
2025-12-16 07:57:07,966-DEBUG-root-19900::webapp_internal::wait_blocker|2469:: Blocker status: None
2025-12-16 07:57:07,998-DEBUG-root-19900::webapp_internal::wait_blocker|2444:: Waiting blocker to continue...
2025-12-16 07:57:08,025-DEBUG-root-19900::webapp_internal::wait_blocker|2469:: Blocker status: None
2025-12-16 07:57:08,025-DEBUG-root-19900::webapp_internal::send_action|10480:: Trying to send action
2025-12-16 07:57:08,032-DEBUG-root-19900::base::click|192:: Click Type: ClickType.JS
2025-12-16 07:57:09,069-DEBUG-root-19900::webapp_internal::send_action|10522:: send_action method result = True
2025-12-16 07:57:09,070-DEBUG-root-19900::webapp_internal::send_action|10523:: send_action selenium status: False
2025-12-16 07:57:11,730-DEBUG-root-19900::base::scroll_to_element|759:: ********Warining scroll_to_element exception: Message: TypeError: can't access property "scrollIntoView", arguments[0] is null
Stacktrace:
@https://qasrverp:10020/webapp/:2:7
@https://qasrverp:10020/webapp/:3:8
*********
2025-12-16 07:57:11,785-INFO-root-19900::webapp_internal::filling_date|885:: Filling Date: "17/09/2025"
2025-12-16 07:57:11,785-DEBUG-root-19900::webapp_internal::wait_blocker|2444:: Waiting blocker to continue...
2025-12-16 07:57:11,822-DEBUG-root-19900::webapp_internal::wait_blocker|2469:: Blocker status: None
2025-12-16 07:57:11,825-DEBUG-root-19900::base::click|192:: Click Type: ClickType.JS
2025-12-16 07:57:11,859-DEBUG-root-19900::webapp_internal::try_send_keys|7976:: Trying to send keys to element using technique 1
2025-12-16 07:57:11,945-DEBUG-root-19900::webapp_internal::get_web_value|3232:: Current value: 17/09/2025
2025-12-16 07:57:13,022-INFO-root-19900::webapp_internal::filling_group|955:: Filling Group: "02"
2025-12-16 07:57:13,022-DEBUG-root-19900::webapp_internal::wait_blocker|2444:: Waiting blocker to continue...
2025-12-16 07:57:13,055-DEBUG-root-19900::webapp_internal::wait_blocker|2469:: Blocker status: None
2025-12-16 07:57:13,057-DEBUG-root-19900::base::click|192:: Click Type: ClickType.JS
2025-12-16 07:57:13,102-DEBUG-root-19900::webapp_internal::get_web_value|3232:: Current value: 02
2025-12-16 07:57:14,224-INFO-root-19900::webapp_internal::filling_branch|1047:: Filling Branch: "02DF0001"
2025-12-16 07:57:14,225-DEBUG-root-19900::webapp_internal::wait_blocker|2444:: Waiting blocker to continue...
2025-12-16 07:57:14,283-DEBUG-root-19900::webapp_internal::wait_blocker|2469:: Blocker status: None
2025-12-16 07:57:14,287-DEBUG-root-19900::base::click|192:: Click Type: ClickType.JS
2025-12-16 07:57:14,368-DEBUG-root-19900::webapp_internal::get_web_value|3232:: Current value: 02DF0001
2025-12-16 07:57:15,469-INFO-root-19900::webapp_internal::filling_environment|1113:: Filling Environment: "07"
2025-12-16 07:57:15,469-DEBUG-root-19900::webapp_internal::wait_blocker|2444:: Waiting blocker to continue...
2025-12-16 07:57:15,514-DEBUG-root-19900::webapp_internal::wait_blocker|2469:: Blocker status: None
2025-12-16 07:57:15,519-DEBUG-root-19900::base::click|192:: Click Type: ClickType.JS
2025-12-16 07:57:15,575-DEBUG-root-19900::webapp_internal::get_web_value|3232:: Current value: 07
2025-12-16 07:57:16,587-DEBUG-root-19900::webapp_internal::close_warning_screen|1489:: Closing warning screen!
2025-12-16 07:57:17,618-DEBUG-root-19900::webapp_internal::check_screen_element|1291:: Checking screen element: "Atenção": False
2025-12-16 07:57:18,715-INFO-root-19900::webapp_internal::environment_screen|796:: Clicking on Button
2025-12-16 07:57:18,715-DEBUG-root-19900::webapp_internal::wait_blocker|2444:: Waiting blocker to continue...
2025-12-16 07:57:18,749-DEBUG-root-19900::webapp_internal::wait_blocker|2469:: Blocker status: None
2025-12-16 07:57:18,751-DEBUG-root-19900::base::click|192:: Click Type: ClickType.JS
2025-12-16 07:57:19,761-DEBUG-root-19900::base::click|192:: Click Type: ClickType.JS
2025-12-16 07:57:20,769-DEBUG-root-19900::base::click|192:: Click Type: ClickType.JS
2025-12-16 07:57:21,775-DEBUG-root-19900::base::click|192:: Click Type: ClickType.JS
2025-12-16 07:57:22,782-DEBUG-root-19900::base::click|192:: Click Type: ClickType.JS
2025-12-16 07:57:23,791-DEBUG-root-19900::base::click|192:: Click Type: ClickType.JS
2025-12-16 07:57:24,798-DEBUG-root-19900::webapp_internal::close_screen_before_menu|368:: Closing screen before the menu
2025-12-16 07:57:24,845-DEBUG-root-19900::webapp_internal::close_warning_screen|1489:: Closing warning screen!
2025-12-16 07:57:25,888-DEBUG-root-19900::webapp_internal::check_screen_element|1291:: Checking screen element: "Atenção": False
2025-12-16 07:57:25,888-DEBUG-root-19900::webapp_internal::close_coin_screen|1424:: Closing coin screen!
2025-12-16 07:57:26,441-DEBUG-root-19900::base::click|192:: Click Type: ClickType.JS
2025-12-16 07:57:26,495-DEBUG-root-19900::webapp_internal::close_warning_screen|1489:: Closing warning screen!
2025-12-16 07:57:27,541-DEBUG-root-19900::webapp_internal::check_screen_element|1291:: Checking screen element: "Atenção": False
2025-12-16 07:57:27,542-DEBUG-root-19900::webapp_internal::close_coin_screen|1424:: Closing coin screen!
2025-12-16 07:57:27,653-INFO-root-19900::webapp_internal::set_log_info|1623:: Getting log info
2025-12-16 07:57:27,653-INFO-root-19900::webapp_internal::SetLateralMenu|4184:: Navigating lateral menu: Ajuda > Sobre
2025-12-16 07:57:27,662-DEBUG-root-19900::webapp_internal::wait_element|7623:: Waiting for element
2025-12-16 07:57:27,697-DEBUG-root-19900::webapp_internal::wait_element|7653:: Element found! Waiting for element to be displayed.
2025-12-16 07:57:27,856-INFO-root-19900::webapp_internal::SetLateralMenu|4203:: Menu item: "Ajuda"
2025-12-16 07:57:27,857-DEBUG-root-19900::webapp_internal::wait_blocker|2444:: Waiting blocker to continue...
2025-12-16 07:57:27,919-DEBUG-root-19900::webapp_internal::wait_blocker|2469:: Blocker status: False
2025-12-16 07:57:28,255-DEBUG-root-19900::webapp_internal::wait_element_timeout|7726:: Element found! Waiting for element to be displayed.
2025-12-16 07:57:28,546-DEBUG-root-19900::webapp_internal::wait_blocker|2444:: Waiting blocker to continue...
2025-12-16 07:57:28,610-DEBUG-root-19900::webapp_internal::wait_blocker|2469:: Blocker status: False
2025-12-16 07:57:30,903-INFO-root-19900::webapp_internal::SetLateralMenu|4203:: Menu item: "Sobre"
2025-12-16 07:57:30,904-DEBUG-root-19900::webapp_internal::wait_blocker|2444:: Waiting blocker to continue...
2025-12-16 07:57:30,992-DEBUG-root-19900::webapp_internal::wait_blocker|2469:: Blocker status: False
2025-12-16 07:57:31,536-DEBUG-root-19900::webapp_internal::wait_element_timeout|7726:: Element found! Waiting for element to be displayed.
2025-12-16 07:57:31,929-DEBUG-root-19900::webapp_internal::wait_blocker|2444:: Waiting blocker to continue...
2025-12-16 07:57:31,990-DEBUG-root-19900::webapp_internal::wait_blocker|2469:: Blocker status: False
2025-12-16 07:57:34,606-DEBUG-root-19900::webapp_internal::wait_blocker|2444:: Waiting blocker to continue...
2025-12-16 07:57:34,671-DEBUG-root-19900::webapp_internal::wait_blocker|2469:: Blocker status: False
2025-12-16 07:57:34,736-DEBUG-root-19900::webapp_internal::wait_element|7623:: Waiting for element
2025-12-16 07:57:34,777-DEBUG-root-19900::webapp_internal::wait_element|7653:: Element found! Waiting for element to be displayed.
2025-12-16 07:57:34,946-INFO-root-19900::webapp_internal::SetButton|4444:: Clicking on Fechar
2025-12-16 07:57:34,946-DEBUG-root-19900::webapp_internal::wait_blocker|2444:: Waiting blocker to continue...
2025-12-16 07:57:35,033-DEBUG-root-19900::webapp_internal::wait_blocker|2469:: Blocker status: False
2025-12-16 07:57:35,214-DEBUG-root-19900::webapp_internal::wait_element_timeout|7726:: Element found! Waiting for element to be displayed.
2025-12-16 07:57:35,281-DEBUG-root-19900::webapp_internal::SetButton|4481:: ***System Info*** Before Clicking on button:Fechar
2025-12-16 07:57:35,281-DEBUG-root-19900::psutil_info::system_info|5:: CPU USAGE: 10.7%
2025-12-16 07:57:35,282-DEBUG-root-19900::psutil_info::system_info|6:: MEMORY USAGE: 93.3%
2025-12-16 07:57:35,282-DEBUG-root-19900::psutil_info::system_info|7:: MEMORY AVAILABLE: 6.67%
2025-12-16 07:57:35,451-DEBUG-root-19900::webapp_internal::wait_element_timeout|7726:: Element found! Waiting for element to be displayed.
2025-12-16 07:57:35,554-DEBUG-root-19900::webapp_internal::wait_blocker|2444:: Waiting blocker to continue...
2025-12-16 07:57:35,624-DEBUG-root-19900::webapp_internal::wait_blocker|2469:: Blocker status: False
2025-12-16 07:57:35,640-DEBUG-root-19900::webapp_internal::wait_blocker|2444:: Waiting blocker to continue...
2025-12-16 07:57:35,714-DEBUG-root-19900::webapp_internal::wait_blocker|2469:: Blocker status: False
2025-12-16 07:57:35,715-DEBUG-root-19900::webapp_internal::send_action|10480:: Trying to send action
2025-12-16 07:57:35,717-DEBUG-root-19900::base::click|192:: Click Type: ClickType.JS
2025-12-16 07:57:36,747-DEBUG-root-19900::webapp_internal::send_action|10522:: send_action method result = True
2025-12-16 07:57:36,747-DEBUG-root-19900::webapp_internal::send_action|10523:: send_action selenium status: False
2025-12-16 07:57:36,747-DEBUG-root-19900::webapp_internal::SetButton|4683:: ***System Info*** After Clicking on button:
2025-12-16 07:57:36,747-DEBUG-root-19900::psutil_info::system_info|5:: CPU USAGE: 10.9%
2025-12-16 07:57:36,748-DEBUG-root-19900::psutil_info::system_info|6:: MEMORY USAGE: 94.2%
2025-12-16 07:57:36,749-DEBUG-root-19900::psutil_info::system_info|7:: MEMORY AVAILABLE: 5.78%
2025-12-16 07:57:36,749-DEBUG-root-19900::webapp_internal::wait_element|7623:: Waiting for element
2025-12-16 07:57:36,867-INFO-root-19900::webapp_internal::SetLateralMenu|4184:: Navigating lateral menu: Atualizações > Lançamentos > Lancamentos Avulso
2025-12-16 07:57:36,876-DEBUG-root-19900::webapp_internal::wait_element|7623:: Waiting for element
2025-12-16 07:57:36,910-DEBUG-root-19900::webapp_internal::wait_element|7653:: Element found! Waiting for element to be displayed.
2025-12-16 07:57:37,066-INFO-root-19900::webapp_internal::SetLateralMenu|4203:: Menu item: "Atualizações"
2025-12-16 07:57:37,067-DEBUG-root-19900::webapp_internal::wait_blocker|2444:: Waiting blocker to continue...
2025-12-16 07:57:37,130-DEBUG-root-19900::webapp_internal::wait_blocker|2469:: Blocker status: False
2025-12-16 07:57:37,517-DEBUG-root-19900::webapp_internal::wait_element_timeout|7726:: Element found! Waiting for element to be displayed.
2025-12-16 07:57:37,844-DEBUG-root-19900::webapp_internal::wait_blocker|2444:: Waiting blocker to continue...
2025-12-16 07:57:37,905-DEBUG-root-19900::webapp_internal::wait_blocker|2469:: Blocker status: False
2025-12-16 07:57:40,202-INFO-root-19900::webapp_internal::SetLateralMenu|4203:: Menu item: "Lançamentos"
2025-12-16 07:57:40,203-DEBUG-root-19900::webapp_internal::wait_blocker|2444:: Waiting blocker to continue...
2025-12-16 07:57:40,307-DEBUG-root-19900::webapp_internal::wait_blocker|2469:: Blocker status: False
2025-12-16 07:57:41,072-DEBUG-root-19900::webapp_internal::wait_element_timeout|7726:: Element found! Waiting for element to be displayed.
2025-12-16 07:57:41,890-DEBUG-root-19900::webapp_internal::wait_blocker|2444:: Waiting blocker to continue...
2025-12-16 07:57:41,991-DEBUG-root-19900::webapp_internal::wait_blocker|2469:: Blocker status: False
2025-12-16 07:57:44,295-INFO-root-19900::webapp_internal::SetLateralMenu|4203:: Menu item: "Lancamentos Avulso"
2025-12-16 07:57:44,295-DEBUG-root-19900::webapp_internal::wait_blocker|2444:: Waiting blocker to continue...
2025-12-16 07:57:44,392-DEBUG-root-19900::webapp_internal::wait_blocker|2469:: Blocker status: False
2025-12-16 07:57:45,302-DEBUG-root-19900::webapp_internal::wait_element_timeout|7726:: Element found! Waiting for element to be displayed.
2025-12-16 07:57:46,367-DEBUG-root-19900::webapp_internal::wait_blocker|2444:: Waiting blocker to continue...
2025-12-16 07:57:46,446-DEBUG-root-19900::webapp_internal::wait_blocker|2469:: Blocker status: False
2025-12-16 07:57:50,086-DEBUG-root-19900::webapp_internal::wait_blocker|2444:: Waiting blocker to continue...
2025-12-16 07:57:50,164-DEBUG-root-19900::webapp_internal::wait_blocker|2469:: Blocker status: False
2025-12-16 07:57:50,247-INFO-root-19900::webapp_internal::WaitShow|4980:: Waiting show text 'Este ambiente utiliza base de Homologação.'...
2025-12-16 07:57:56,154-DEBUG-root-19900::log::checks_empty_line|221:: Checking empty default log info
2025-12-16 07:57:56,157-DEBUG-root-19900::log::generate_log|503:: Json log_data: {'cLogDtExec': '16/12/2025 07:57:56', 'cLogNomUsr': '97137227104', 'cLogNomEst': 'GESIT03', 'cLogProgra': None, 'cLogDtProg': '', 'cLogHrProg': '', 'nLogCtsOk': 1, 'nLogCtsNok': 0, 'nLogCtsSeg': 66.96, 'cLogVersao': '12', 'cLogReleas': '12.1.2410', 'nLogCtsErr': '', 'cLogBancod': 'ORACLE', 'cLogIdenti': '', 'cLogIdExec': '20251216', 'cLogPais': 'BRA', 'cLogTool': 'TIR', 'cLogSequen': '60c067', 'nLogCtsTot': 1, 'cLogDtExea': '16/12/2025', 'cLogHrExea': '07:57:56', 'cLogArea': 'Desenvolvimento', 'cLogMnExec': 1.1159999999999999}
2025-12-16 07:57:56,157-INFO-root-19900::log::send_log_with_retries|515:: Saving log locally.
2025-12-16 07:57:56,157-INFO-root-19900::log::save_log_locally|548:: [FwSendLog]: Não foi possível enviar o log após todas as tentativas.
2025-12-16 07:57:56,158-INFO-root-19900::log::save_log_locally|555:: [FwSendLog]: Log salvo localmente em C:\TIR_TESTE\1765882676.json.
2025-12-16 07:57:56,158-INFO-root-19900::webapp_internal::WaitShow|4980:: Waiting show text 'Moedas'...
2025-12-16 07:58:01,602-DEBUG-root-19900::webapp_internal::wait_blocker|2444:: Waiting blocker to continue...
2025-12-16 07:58:01,702-DEBUG-root-19900::webapp_internal::wait_blocker|2469:: Blocker status: False
2025-12-16 07:58:01,702-INFO-root-19900::webapp_internal::SearchBrowse|2003:: Searching: 02DF0001228383
2025-12-16 07:58:01,858-DEBUG-root-19900::webapp_internal::wait_element_timeout|7726:: Element found! Waiting for element to be displayed.
2025-12-16 07:58:01,942-DEBUG-root-19900::webapp_internal::wait_element|7623:: Waiting for element
2025-12-16 07:58:02,020-DEBUG-root-19900::webapp_internal::wait_element|7653:: Element found! Waiting for element to be displayed.
2025-12-16 07:58:02,313-DEBUG-root-19900::base::click|192:: Click Type: ClickType.JS
2025-12-16 07:58:04,127-DEBUG-root-19900::webapp_internal::wait_blocker|2444:: Waiting blocker to continue...
2025-12-16 07:58:04,239-DEBUG-root-19900::webapp_internal::wait_blocker|2469:: Blocker status: False
2025-12-16 07:58:04,247-DEBUG-root-19900::webapp_internal::wait_blocker|2444:: Waiting blocker to continue...
2025-12-16 07:58:04,359-DEBUG-root-19900::webapp_internal::wait_blocker|2469:: Blocker status: False
2025-12-16 07:58:04,359-INFO-root-19900::webapp_internal::fill_search_browse|2399:: Filling: 02DF0001228383
2025-12-16 07:58:04,371-DEBUG-root-19900::base::click|192:: Click Type: ClickType.JS
2025-12-16 07:58:05,473-DEBUG-root-19900::webapp_internal::wait_blocker|2444:: Waiting blocker to continue...
2025-12-16 07:58:05,619-DEBUG-root-19900::webapp_internal::wait_blocker|2469:: Blocker status: False
2025-12-16 07:58:05,621-DEBUG-root-19900::base::double_click|259:: Click Type: ClickType.SELENIUM
2025-12-16 07:58:05,627-WARNING-root-19900::base::double_click|280:: Warning double_click method Exception: Message: Element <button class="button-image" type="button"> is not clickable at point (1844,131) because another element <wa-button id="COMP4530" class="dict-tbutton focus"> obscures it
Stacktrace:
RemoteError@chrome://remote/content/shared/RemoteError.sys.mjs:8:8
WebDriverError@chrome://remote/content/shared/webdriver/Errors.sys.mjs:202:5
ElementClickInterceptedError@chrome://remote/content/shared/webdriver/Errors.sys.mjs:354:5
webdriverClickElement@chrome://remote/content/marionette/interaction.sys.mjs:175:11
interaction.clickElement@chrome://remote/content/marionette/interaction.sys.mjs:134:11
clickElement@chrome://remote/content/marionette/actors/MarionetteCommandsChild.sys.mjs:327:29
receiveMessage@chrome://remote/content/marionette/actors/MarionetteCommandsChild.sys.mjs:210:31

2025-12-16 07:58:15,937-INFO-root-19900::webapp_internal::WaitShow|4980:: Waiting show text 'Lançamentos Avulsos'...
2025-12-16 07:58:15,999-INFO-root-19900::webapp_internal::WaitShow|4996:: Text found! 
2025-12-16 07:58:15,999-INFO-root-19900::webapp_internal::SetButton|4444:: Clicking on Manutenção
2025-12-16 07:58:16,000-DEBUG-root-19900::webapp_internal::wait_blocker|2444:: Waiting blocker to continue...
2025-12-16 07:58:16,108-DEBUG-root-19900::webapp_internal::wait_blocker|2469:: Blocker status: False
2025-12-16 07:58:16,495-DEBUG-root-19900::webapp_internal::wait_element_timeout|7726:: Element found! Waiting for element to be displayed.
2025-12-16 07:58:16,762-DEBUG-root-19900::webapp_internal::SetButton|4481:: ***System Info*** Before Clicking on button:Manutenção
2025-12-16 07:58:16,762-DEBUG-root-19900::psutil_info::system_info|5:: CPU USAGE: 10.5%
2025-12-16 07:58:16,762-DEBUG-root-19900::psutil_info::system_info|6:: MEMORY USAGE: 94.1%
2025-12-16 07:58:16,763-DEBUG-root-19900::psutil_info::system_info|7:: MEMORY AVAILABLE: 5.89%
2025-12-16 07:58:17,115-DEBUG-root-19900::webapp_internal::wait_element_timeout|7726:: Element found! Waiting for element to be displayed.
2025-12-16 07:58:17,457-DEBUG-root-19900::webapp_internal::wait_blocker|2444:: Waiting blocker to continue...
2025-12-16 07:58:17,557-DEBUG-root-19900::webapp_internal::wait_blocker|2469:: Blocker status: False
2025-12-16 07:58:17,581-DEBUG-root-19900::webapp_internal::wait_blocker|2444:: Waiting blocker to continue...
2025-12-16 07:58:17,691-DEBUG-root-19900::webapp_internal::wait_blocker|2469:: Blocker status: False
2025-12-16 07:58:17,691-DEBUG-root-19900::webapp_internal::send_action|10480:: Trying to send action
2025-12-16 07:58:17,693-DEBUG-root-19900::base::click|192:: Click Type: ClickType.JS
2025-12-16 07:58:18,756-DEBUG-root-19900::webapp_internal::send_action|10522:: send_action method result = True
2025-12-16 07:58:18,756-DEBUG-root-19900::webapp_internal::send_action|10523:: send_action selenium status: False
2025-12-16 07:58:18,757-DEBUG-root-19900::webapp_internal::SetButton|4683:: ***System Info*** After Clicking on button:
2025-12-16 07:58:18,757-DEBUG-root-19900::psutil_info::system_info|5:: CPU USAGE: 8.1%
2025-12-16 07:58:18,757-DEBUG-root-19900::psutil_info::system_info|6:: MEMORY USAGE: 94.2%
2025-12-16 07:58:18,757-DEBUG-root-19900::psutil_info::system_info|7:: MEMORY AVAILABLE: 5.84%
2025-12-16 07:58:23,758-INFO-root-19900::webapp_internal::WaitShow|4980:: Waiting show text 'Funcionários - MANUTENÇÃO'...
2025-12-16 07:58:23,847-INFO-root-19900::webapp_internal::WaitShow|4996:: Text found! 
2025-12-16 07:58:23,847-INFO-root-19900::webapp_internal::WaitShow|4980:: Waiting show text 'Funcionários - MANUTENÇÃO'...
2025-12-16 07:58:23,947-INFO-root-19900::webapp_internal::WaitShow|4996:: Text found! 
2025-12-16 07:58:23,947-DEBUG-root-19900::webapp_internal::wait_blocker|2444:: Waiting blocker to continue...
2025-12-16 07:58:24,062-DEBUG-root-19900::webapp_internal::wait_blocker|2469:: Blocker status: False
2025-12-16 07:58:24,063-INFO-root-19900::webapp_internal::SetKey|5822:: Key pressed: DOWN
2025-12-16 07:58:24,063-DEBUG-root-19900::webapp_internal::wait_element|7623:: Waiting for element
2025-12-16 07:58:24,131-DEBUG-root-19900::webapp_internal::wait_element|7653:: Element found! Waiting for element to be displayed.
2025-12-16 07:58:24,372-DEBUG-root-19900::webapp_internal::new_grid_line|7014:: New grid line
2025-12-16 07:58:25,864-DEBUG-root-19900::webapp_internal::wait_blocker|2444:: Waiting blocker to continue...
2025-12-16 07:58:25,981-DEBUG-root-19900::webapp_internal::wait_blocker|2469:: Blocker status: False
2025-12-16 07:58:25,981-INFO-root-19900::webapp_internal::LoadGrid|6298:: Filling grid field: Dt. Inclusao
2025-12-16 07:58:25,981-DEBUG-root-19900::webapp_internal::fill_grid|6399:: Grid loading...
2025-12-16 07:58:26,097-ERROR-root-19900::webapp_internal::fill_grid|6675:: fill grid error: list index out of range
Traceback (most recent call last):
  File "C:\TIR_TESTE\venv\Lib\site-packages\tir\technologies\webapp_internal.py", line 6420, in fill_grid
    if not column_name in headers[field[2]]:
                          ~~~~~~~^^^^^^^^^^
IndexError: list index out of range
2025-12-16 07:58:26,098-WARNING-root-19900::webapp_internal::log_error|8143:: Warning log_error fill grid error: list index out of range
2025-12-16 07:58:26,098-DEBUG-root-19900::webapp_internal::log_error|8146:: ***System Info*** in log_error():
2025-12-16 07:58:26,098-DEBUG-root-19900::psutil_info::system_info|5:: CPU USAGE: 6.3%
2025-12-16 07:58:26,098-DEBUG-root-19900::psutil_info::system_info|6:: MEMORY USAGE: 94.6%
2025-12-16 07:58:26,099-DEBUG-root-19900::psutil_info::system_info|7:: MEMORY AVAILABLE: 5.38%
2025-12-16 07:58:27,489-ERROR-root-19900::webapp_internal::TearDown|9654:: Warning tearDown Close Message: Tried to run command without establishing a connection
Traceback (most recent call last):
  File "C:\TIR_TESTE\venv\Lib\site-packages\tir\technologies\webapp_internal.py", line 9652, in TearDown
    self.driver.close()
  File "C:\TIR_TESTE\venv\Lib\site-packages\selenium\webdriver\remote\webdriver.py", line 458, in close
    self.execute(Command.CLOSE)
  File "C:\TIR_TESTE\venv\Lib\site-packages\selenium\webdriver\remote\webdriver.py", line 347, in execute
    self.error_handler.check_response(response)
  File "C:\TIR_TESTE\venv\Lib\site-packages\selenium\webdriver\remote\errorhandler.py", line 229, in check_response
    raise exception_class(message, screen, stacktrace)
selenium.common.exceptions.InvalidSessionIdException: Message: Tried to run command without establishing a connection

2025-12-16 07:56:49,561-DEBUG-root-19900::logging_config::logger|189:: Log file created: 'Log\GESIT03\TIR__20251216075649539.log'
2025-12-16 07:56:49,561-INFO-root-19900::base::Start|1183:: TIR Version: 2.4.3
2025-12-16 07:56:49,561-INFO-root-19900::base::Start|1184:: Python Version: 3.12.10
2025-12-16 07:56:49,562-INFO-root-19900::base::Start|1185:: Starting the browser
2025-12-16 07:56:57,512-INFO-root-19900::base::get_url|1294:: Page is ready!
2025-12-16 07:56:57,558-INFO-root-19900::base::Start|1256:: Browser maximized to 1936x1048
2025-12-16 07:56:57,559-INFO-root-19900::base::Start|1258:: Screen size is different from default used in headless mode
2025-12-16 07:56:58,182-INFO-root-19900::webapp_internal::Setup|247:: ***System Info*** in Setup():
2025-12-16 07:56:58,183-DEBUG-root-19900::psutil_info::system_info|5:: CPU USAGE: 16.2%
2025-12-16 07:56:58,188-DEBUG-root-19900::psutil_info::system_info|6:: MEMORY USAGE: 94.3%
2025-12-16 07:56:58,189-DEBUG-root-19900::psutil_info::system_info|7:: MEMORY AVAILABLE: 5.65%
2025-12-16 07:56:58,219-INFO-root-19900::base::webapp_shadowroot|1394:: Webapp: 10.1.6-RC4
2025-12-16 07:56:58,572-INFO-root-19900::webapp_internal::filling_initial_program|449:: Filling Initial Program: "SIGAMDI"
2025-12-16 07:56:58,572-DEBUG-root-19900::webapp_internal::wait_element|7623:: Waiting for element
2025-12-16 07:56:58,967-DEBUG-root-19900::webapp_internal::wait_element|7653:: Element found! Waiting for element to be displayed.
2025-12-16 07:56:59,407-DEBUG-root-19900::base::click|192:: Click Type: ClickType.JS
2025-12-16 07:56:59,411-DEBUG-root-19900::webapp_internal::try_send_keys|7976:: Trying to send keys to element using technique 0
2025-12-16 07:56:59,762-DEBUG-root-19900::webapp_internal::get_web_value|3232:: Current value: SIGAMDI
2025-12-16 07:56:59,763-INFO-root-19900::webapp_internal::filling_server_environment|463:: Filling Server Environment: "POUPEX_TST"
2025-12-16 07:56:59,763-DEBUG-root-19900::webapp_internal::wait_element|7623:: Waiting for element
2025-12-16 07:56:59,786-DEBUG-root-19900::webapp_internal::wait_element|7653:: Element found! Waiting for element to be displayed.
2025-12-16 07:57:00,002-DEBUG-root-19900::base::click|192:: Click Type: ClickType.JS
2025-12-16 07:57:00,009-DEBUG-root-19900::webapp_internal::try_send_keys|7976:: Trying to send keys to element using technique 0
2025-12-16 07:57:00,340-DEBUG-root-19900::webapp_internal::get_web_value|3232:: Current value: POUPEX_TST
2025-12-16 07:57:00,361-DEBUG-root-19900::base::click|192:: Click Type: ClickType.JS
2025-12-16 07:57:00,373-DEBUG-root-19900::webapp_internal::user_screen|519:: Filling user screen
2025-12-16 07:57:07,386-DEBUG-root-19900::webapp_internal::wait_element_timeout|7726:: Element found! Waiting for element to be displayed.
2025-12-16 07:57:07,433-DEBUG-root-19900::base::scroll_to_element|759:: ********Warining scroll_to_element exception: Message: TypeError: can't access property "scrollIntoView", arguments[0] is null
Stacktrace:
@https://qasrverp:10020/webapp/:2:7
@https://qasrverp:10020/webapp/:3:8
*********
2025-12-16 07:57:07,583-INFO-root-19900::webapp_internal::user_screen|561:: Filling User
2025-12-16 07:57:07,611-DEBUG-root-19900::base::double_click|259:: Click Type: ClickType.SELENIUM
2025-12-16 07:57:07,784-DEBUG-root-19900::webapp_internal::get_web_value|3232:: Current value: 97137227104
2025-12-16 07:57:07,804-INFO-root-19900::webapp_internal::user_screen|621:: Filling Password
2025-12-16 07:57:07,826-DEBUG-root-19900::base::click|192:: Click Type: ClickType.JS
2025-12-16 07:57:07,894-DEBUG-root-19900::webapp_internal::get_web_value|3232:: Current value: Deire20191817+
2025-12-16 07:57:07,894-DEBUG-root-19900::webapp_internal::wait_blocker|2444:: Waiting blocker to continue...
2025-12-16 07:57:07,920-DEBUG-root-19900::webapp_internal::wait_blocker|2469:: Blocker status: None
2025-12-16 07:57:07,940-DEBUG-root-19900::webapp_internal::wait_blocker|2444:: Waiting blocker to continue...
2025-12-16 07:57:07,966-DEBUG-root-19900::webapp_internal::wait_blocker|2469:: Blocker status: None
2025-12-16 07:57:07,998-DEBUG-root-19900::webapp_internal::wait_blocker|2444:: Waiting blocker to continue...
2025-12-16 07:57:08,025-DEBUG-root-19900::webapp_internal::wait_blocker|2469:: Blocker status: None
2025-12-16 07:57:08,025-DEBUG-root-19900::webapp_internal::send_action|10480:: Trying to send action
2025-12-16 07:57:08,032-DEBUG-root-19900::base::click|192:: Click Type: ClickType.JS
2025-12-16 07:57:09,069-DEBUG-root-19900::webapp_internal::send_action|10522:: send_action method result = True
2025-12-16 07:57:09,070-DEBUG-root-19900::webapp_internal::send_action|10523:: send_action selenium status: False
2025-12-16 07:57:11,730-DEBUG-root-19900::base::scroll_to_element|759:: ********Warining scroll_to_element exception: Message: TypeError: can't access property "scrollIntoView", arguments[0] is null
Stacktrace:
@https://qasrverp:10020/webapp/:2:7
@https://qasrverp:10020/webapp/:3:8
*********
2025-12-16 07:57:11,785-INFO-root-19900::webapp_internal::filling_date|885:: Filling Date: "17/09/2025"
2025-12-16 07:57:11,785-DEBUG-root-19900::webapp_internal::wait_blocker|2444:: Waiting blocker to continue...
2025-12-16 07:57:11,822-DEBUG-root-19900::webapp_internal::wait_blocker|2469:: Blocker status: None
2025-12-16 07:57:11,825-DEBUG-root-19900::base::click|192:: Click Type: ClickType.JS
2025-12-16 07:57:11,859-DEBUG-root-19900::webapp_internal::try_send_keys|7976:: Trying to send keys to element using technique 1
2025-12-16 07:57:11,945-DEBUG-root-19900::webapp_internal::get_web_value|3232:: Current value: 17/09/2025
2025-12-16 07:57:13,022-INFO-root-19900::webapp_internal::filling_group|955:: Filling Group: "02"
2025-12-16 07:57:13,022-DEBUG-root-19900::webapp_internal::wait_blocker|2444:: Waiting blocker to continue...
2025-12-16 07:57:13,055-DEBUG-root-19900::webapp_internal::wait_blocker|2469:: Blocker status: None
2025-12-16 07:57:13,057-DEBUG-root-19900::base::click|192:: Click Type: ClickType.JS
2025-12-16 07:57:13,102-DEBUG-root-19900::webapp_internal::get_web_value|3232:: Current value: 02
2025-12-16 07:57:14,224-INFO-root-19900::webapp_internal::filling_branch|1047:: Filling Branch: "02DF0001"
2025-12-16 07:57:14,225-DEBUG-root-19900::webapp_internal::wait_blocker|2444:: Waiting blocker to continue...
2025-12-16 07:57:14,283-DEBUG-root-19900::webapp_internal::wait_blocker|2469:: Blocker status: None
2025-12-16 07:57:14,287-DEBUG-root-19900::base::click|192:: Click Type: ClickType.JS
2025-12-16 07:57:14,368-DEBUG-root-19900::webapp_internal::get_web_value|3232:: Current value: 02DF0001
2025-12-16 07:57:15,469-INFO-root-19900::webapp_internal::filling_environment|1113:: Filling Environment: "07"
2025-12-16 07:57:15,469-DEBUG-root-19900::webapp_internal::wait_blocker|2444:: Waiting blocker to continue...
2025-12-16 07:57:15,514-DEBUG-root-19900::webapp_internal::wait_blocker|2469:: Blocker status: None
2025-12-16 07:57:15,519-DEBUG-root-19900::base::click|192:: Click Type: ClickType.JS
2025-12-16 07:57:15,575-DEBUG-root-19900::webapp_internal::get_web_value|3232:: Current value: 07
2025-12-16 07:57:16,587-DEBUG-root-19900::webapp_internal::close_warning_screen|1489:: Closing warning screen!
2025-12-16 07:57:17,618-DEBUG-root-19900::webapp_internal::check_screen_element|1291:: Checking screen element: "Atenção": False
2025-12-16 07:57:18,715-INFO-root-19900::webapp_internal::environment_screen|796:: Clicking on Button
2025-12-16 07:57:18,715-DEBUG-root-19900::webapp_internal::wait_blocker|2444:: Waiting blocker to continue...
2025-12-16 07:57:18,749-DEBUG-root-19900::webapp_internal::wait_blocker|2469:: Blocker status: None
2025-12-16 07:57:18,751-DEBUG-root-19900::base::click|192:: Click Type: ClickType.JS
2025-12-16 07:57:19,761-DEBUG-root-19900::base::click|192:: Click Type: ClickType.JS
2025-12-16 07:57:20,769-DEBUG-root-19900::base::click|192:: Click Type: ClickType.JS
2025-12-16 07:57:21,775-DEBUG-root-19900::base::click|192:: Click Type: ClickType.JS
2025-12-16 07:57:22,782-DEBUG-root-19900::base::click|192:: Click Type: ClickType.JS
2025-12-16 07:57:23,791-DEBUG-root-19900::base::click|192:: Click Type: ClickType.JS
2025-12-16 07:57:24,798-DEBUG-root-19900::webapp_internal::close_screen_before_menu|368:: Closing screen before the menu
2025-12-16 07:57:24,845-DEBUG-root-19900::webapp_internal::close_warning_screen|1489:: Closing warning screen!
2025-12-16 07:57:25,888-DEBUG-root-19900::webapp_internal::check_screen_element|1291:: Checking screen element: "Atenção": False
2025-12-16 07:57:25,888-DEBUG-root-19900::webapp_internal::close_coin_screen|1424:: Closing coin screen!
2025-12-16 07:57:26,441-DEBUG-root-19900::base::click|192:: Click Type: ClickType.JS
2025-12-16 07:57:26,495-DEBUG-root-19900::webapp_internal::close_warning_screen|1489:: Closing warning screen!
2025-12-16 07:57:27,541-DEBUG-root-19900::webapp_internal::check_screen_element|1291:: Checking screen element: "Atenção": False
2025-12-16 07:57:27,542-DEBUG-root-19900::webapp_internal::close_coin_screen|1424:: Closing coin screen!
2025-12-16 07:57:27,653-INFO-root-19900::webapp_internal::set_log_info|1623:: Getting log info
2025-12-16 07:57:27,653-INFO-root-19900::webapp_internal::SetLateralMenu|4184:: Navigating lateral menu: Ajuda > Sobre
2025-12-16 07:57:27,662-DEBUG-root-19900::webapp_internal::wait_element|7623:: Waiting for element
2025-12-16 07:57:27,697-DEBUG-root-19900::webapp_internal::wait_element|7653:: Element found! Waiting for element to be displayed.
2025-12-16 07:57:27,856-INFO-root-19900::webapp_internal::SetLateralMenu|4203:: Menu item: "Ajuda"
2025-12-16 07:57:27,857-DEBUG-root-19900::webapp_internal::wait_blocker|2444:: Waiting blocker to continue...
2025-12-16 07:57:27,919-DEBUG-root-19900::webapp_internal::wait_blocker|2469:: Blocker status: False
2025-12-16 07:57:28,255-DEBUG-root-19900::webapp_internal::wait_element_timeout|7726:: Element found! Waiting for element to be displayed.
2025-12-16 07:57:28,546-DEBUG-root-19900::webapp_internal::wait_blocker|2444:: Waiting blocker to continue...
2025-12-16 07:57:28,610-DEBUG-root-19900::webapp_internal::wait_blocker|2469:: Blocker status: False
2025-12-16 07:57:30,903-INFO-root-19900::webapp_internal::SetLateralMenu|4203:: Menu item: "Sobre"
2025-12-16 07:57:30,904-DEBUG-root-19900::webapp_internal::wait_blocker|2444:: Waiting blocker to continue...
2025-12-16 07:57:30,992-DEBUG-root-19900::webapp_internal::wait_blocker|2469:: Blocker status: False
2025-12-16 07:57:31,536-DEBUG-root-19900::webapp_internal::wait_element_timeout|7726:: Element found! Waiting for element to be displayed.
2025-12-16 07:57:31,929-DEBUG-root-19900::webapp_internal::wait_blocker|2444:: Waiting blocker to continue...
2025-12-16 07:57:31,990-DEBUG-root-19900::webapp_internal::wait_blocker|2469:: Blocker status: False
2025-12-16 07:57:34,606-DEBUG-root-19900::webapp_internal::wait_blocker|2444:: Waiting blocker to continue...
2025-12-16 07:57:34,671-DEBUG-root-19900::webapp_internal::wait_blocker|2469:: Blocker status: False
2025-12-16 07:57:34,736-DEBUG-root-19900::webapp_internal::wait_element|7623:: Waiting for element
2025-12-16 07:57:34,777-DEBUG-root-19900::webapp_internal::wait_element|7653:: Element found! Waiting for element to be displayed.
2025-12-16 07:57:34,946-INFO-root-19900::webapp_internal::SetButton|4444:: Clicking on Fechar
2025-12-16 07:57:34,946-DEBUG-root-19900::webapp_internal::wait_blocker|2444:: Waiting blocker to continue...
2025-12-16 07:57:35,033-DEBUG-root-19900::webapp_internal::wait_blocker|2469:: Blocker status: False
2025-12-16 07:57:35,214-DEBUG-root-19900::webapp_internal::wait_element_timeout|7726:: Element found! Waiting for element to be displayed.
2025-12-16 07:57:35,281-DEBUG-root-19900::webapp_internal::SetButton|4481:: ***System Info*** Before Clicking on button:Fechar
2025-12-16 07:57:35,281-DEBUG-root-19900::psutil_info::system_info|5:: CPU USAGE: 10.7%
2025-12-16 07:57:35,282-DEBUG-root-19900::psutil_info::system_info|6:: MEMORY USAGE: 93.3%
2025-12-16 07:57:35,282-DEBUG-root-19900::psutil_info::system_info|7:: MEMORY AVAILABLE: 6.67%
2025-12-16 07:57:35,451-DEBUG-root-19900::webapp_internal::wait_element_timeout|7726:: Element found! Waiting for element to be displayed.
2025-12-16 07:57:35,554-DEBUG-root-19900::webapp_internal::wait_blocker|2444:: Waiting blocker to continue...
2025-12-16 07:57:35,624-DEBUG-root-19900::webapp_internal::wait_blocker|2469:: Blocker status: False
2025-12-16 07:57:35,640-DEBUG-root-19900::webapp_internal::wait_blocker|2444:: Waiting blocker to continue...
2025-12-16 07:57:35,714-DEBUG-root-19900::webapp_internal::wait_blocker|2469:: Blocker status: False
2025-12-16 07:57:35,715-DEBUG-root-19900::webapp_internal::send_action|10480:: Trying to send action
2025-12-16 07:57:35,717-DEBUG-root-19900::base::click|192:: Click Type: ClickType.JS
2025-12-16 07:57:36,747-DEBUG-root-19900::webapp_internal::send_action|10522:: send_action method result = True
2025-12-16 07:57:36,747-DEBUG-root-19900::webapp_internal::send_action|10523:: send_action selenium status: False
2025-12-16 07:57:36,747-DEBUG-root-19900::webapp_internal::SetButton|4683:: ***System Info*** After Clicking on button:
2025-12-16 07:57:36,747-DEBUG-root-19900::psutil_info::system_info|5:: CPU USAGE: 10.9%
2025-12-16 07:57:36,748-DEBUG-root-19900::psutil_info::system_info|6:: MEMORY USAGE: 94.2%
2025-12-16 07:57:36,749-DEBUG-root-19900::psutil_info::system_info|7:: MEMORY AVAILABLE: 5.78%
2025-12-16 07:57:36,749-DEBUG-root-19900::webapp_internal::wait_element|7623:: Waiting for element
2025-12-16 07:57:36,867-INFO-root-19900::webapp_internal::SetLateralMenu|4184:: Navigating lateral menu: Atualizações > Lançamentos > Lancamentos Avulso
2025-12-16 07:57:36,876-DEBUG-root-19900::webapp_internal::wait_element|7623:: Waiting for element
2025-12-16 07:57:36,910-DEBUG-root-19900::webapp_internal::wait_element|7653:: Element found! Waiting for element to be displayed.
2025-12-16 07:57:37,066-INFO-root-19900::webapp_internal::SetLateralMenu|4203:: Menu item: "Atualizações"
2025-12-16 07:57:37,067-DEBUG-root-19900::webapp_internal::wait_blocker|2444:: Waiting blocker to continue...
2025-12-16 07:57:37,130-DEBUG-root-19900::webapp_internal::wait_blocker|2469:: Blocker status: False
2025-12-16 07:57:37,517-DEBUG-root-19900::webapp_internal::wait_element_timeout|7726:: Element found! Waiting for element to be displayed.
2025-12-16 07:57:37,844-DEBUG-root-19900::webapp_internal::wait_blocker|2444:: Waiting blocker to continue...
2025-12-16 07:57:37,905-DEBUG-root-19900::webapp_internal::wait_blocker|2469:: Blocker status: False
2025-12-16 07:57:40,202-INFO-root-19900::webapp_internal::SetLateralMenu|4203:: Menu item: "Lançamentos"
2025-12-16 07:57:40,203-DEBUG-root-19900::webapp_internal::wait_blocker|2444:: Waiting blocker to continue...
2025-12-16 07:57:40,307-DEBUG-root-19900::webapp_internal::wait_blocker|2469:: Blocker status: False
2025-12-16 07:57:41,072-DEBUG-root-19900::webapp_internal::wait_element_timeout|7726:: Element found! Waiting for element to be displayed.
2025-12-16 07:57:41,890-DEBUG-root-19900::webapp_internal::wait_blocker|2444:: Waiting blocker to continue...
2025-12-16 07:57:41,991-DEBUG-root-19900::webapp_internal::wait_blocker|2469:: Blocker status: False
2025-12-16 07:57:44,295-INFO-root-19900::webapp_internal::SetLateralMenu|4203:: Menu item: "Lancamentos Avulso"
2025-12-16 07:57:44,295-DEBUG-root-19900::webapp_internal::wait_blocker|2444:: Waiting blocker to continue...
2025-12-16 07:57:44,392-DEBUG-root-19900::webapp_internal::wait_blocker|2469:: Blocker status: False
2025-12-16 07:57:45,302-DEBUG-root-19900::webapp_internal::wait_element_timeout|7726:: Element found! Waiting for element to be displayed.
2025-12-16 07:57:46,367-DEBUG-root-19900::webapp_internal::wait_blocker|2444:: Waiting blocker to continue...
2025-12-16 07:57:46,446-DEBUG-root-19900::webapp_internal::wait_blocker|2469:: Blocker status: False
2025-12-16 07:57:50,086-DEBUG-root-19900::webapp_internal::wait_blocker|2444:: Waiting blocker to continue...
2025-12-16 07:57:50,164-DEBUG-root-19900::webapp_internal::wait_blocker|2469:: Blocker status: False
2025-12-16 07:57:50,247-INFO-root-19900::webapp_internal::WaitShow|4980:: Waiting show text 'Este ambiente utiliza base de Homologação.'...
2025-12-16 07:57:56,154-DEBUG-root-19900::log::checks_empty_line|221:: Checking empty default log info
2025-12-16 07:57:56,157-DEBUG-root-19900::log::generate_log|503:: Json log_data: {'cLogDtExec': '16/12/2025 07:57:56', 'cLogNomUsr': '97137227104', 'cLogNomEst': 'GESIT03', 'cLogProgra': None, 'cLogDtProg': '', 'cLogHrProg': '', 'nLogCtsOk': 1, 'nLogCtsNok': 0, 'nLogCtsSeg': 66.96, 'cLogVersao': '12', 'cLogReleas': '12.1.2410', 'nLogCtsErr': '', 'cLogBancod': 'ORACLE', 'cLogIdenti': '', 'cLogIdExec': '20251216', 'cLogPais': 'BRA', 'cLogTool': 'TIR', 'cLogSequen': '60c067', 'nLogCtsTot': 1, 'cLogDtExea': '16/12/2025', 'cLogHrExea': '07:57:56', 'cLogArea': 'Desenvolvimento', 'cLogMnExec': 1.1159999999999999}
2025-12-16 07:57:56,157-INFO-root-19900::log::send_log_with_retries|515:: Saving log locally.
2025-12-16 07:57:56,157-INFO-root-19900::log::save_log_locally|548:: [FwSendLog]: Não foi possível enviar o log após todas as tentativas.
2025-12-16 07:57:56,158-INFO-root-19900::log::save_log_locally|555:: [FwSendLog]: Log salvo localmente em C:\TIR_TESTE\1765882676.json.
2025-12-16 07:57:56,158-INFO-root-19900::webapp_internal::WaitShow|4980:: Waiting show text 'Moedas'...
2025-12-16 07:58:01,602-DEBUG-root-19900::webapp_internal::wait_blocker|2444:: Waiting blocker to continue...
2025-12-16 07:58:01,702-DEBUG-root-19900::webapp_internal::wait_blocker|2469:: Blocker status: False
2025-12-16 07:58:01,702-INFO-root-19900::webapp_internal::SearchBrowse|2003:: Searching: 02DF0001228383
2025-12-16 07:58:01,858-DEBUG-root-19900::webapp_internal::wait_element_timeout|7726:: Element found! Waiting for element to be displayed.
2025-12-16 07:58:01,942-DEBUG-root-19900::webapp_internal::wait_element|7623:: Waiting for element
2025-12-16 07:58:02,020-DEBUG-root-19900::webapp_internal::wait_element|7653:: Element found! Waiting for element to be displayed.
2025-12-16 07:58:02,313-DEBUG-root-19900::base::click|192:: Click Type: ClickType.JS
2025-12-16 07:58:04,127-DEBUG-root-19900::webapp_internal::wait_blocker|2444:: Waiting blocker to continue...
2025-12-16 07:58:04,239-DEBUG-root-19900::webapp_internal::wait_blocker|2469:: Blocker status: False
2025-12-16 07:58:04,247-DEBUG-root-19900::webapp_internal::wait_blocker|2444:: Waiting blocker to continue...
2025-12-16 07:58:04,359-DEBUG-root-19900::webapp_internal::wait_blocker|2469:: Blocker status: False
2025-12-16 07:58:04,359-INFO-root-19900::webapp_internal::fill_search_browse|2399:: Filling: 02DF0001228383
2025-12-16 07:58:04,371-DEBUG-root-19900::base::click|192:: Click Type: ClickType.JS
2025-12-16 07:58:05,473-DEBUG-root-19900::webapp_internal::wait_blocker|2444:: Waiting blocker to continue...
2025-12-16 07:58:05,619-DEBUG-root-19900::webapp_internal::wait_blocker|2469:: Blocker status: False
2025-12-16 07:58:05,621-DEBUG-root-19900::base::double_click|259:: Click Type: ClickType.SELENIUM
2025-12-16 07:58:05,627-WARNING-root-19900::base::double_click|280:: Warning double_click method Exception: Message: Element <button class="button-image" type="button"> is not clickable at point (1844,131) because another element <wa-button id="COMP4530" class="dict-tbutton focus"> obscures it
Stacktrace:
RemoteError@chrome://remote/content/shared/RemoteError.sys.mjs:8:8
WebDriverError@chrome://remote/content/shared/webdriver/Errors.sys.mjs:202:5
ElementClickInterceptedError@chrome://remote/content/shared/webdriver/Errors.sys.mjs:354:5
webdriverClickElement@chrome://remote/content/marionette/interaction.sys.mjs:175:11
interaction.clickElement@chrome://remote/content/marionette/interaction.sys.mjs:134:11
clickElement@chrome://remote/content/marionette/actors/MarionetteCommandsChild.sys.mjs:327:29
receiveMessage@chrome://remote/content/marionette/actors/MarionetteCommandsChild.sys.mjs:210:31

2025-12-16 07:58:15,937-INFO-root-19900::webapp_internal::WaitShow|4980:: Waiting show text 'Lançamentos Avulsos'...
2025-12-16 07:58:15,999-INFO-root-19900::webapp_internal::WaitShow|4996:: Text found! 
2025-12-16 07:58:15,999-INFO-root-19900::webapp_internal::SetButton|4444:: Clicking on Manutenção
2025-12-16 07:58:16,000-DEBUG-root-19900::webapp_internal::wait_blocker|2444:: Waiting blocker to continue...
2025-12-16 07:58:16,108-DEBUG-root-19900::webapp_internal::wait_blocker|2469:: Blocker status: False
2025-12-16 07:58:16,495-DEBUG-root-19900::webapp_internal::wait_element_timeout|7726:: Element found! Waiting for element to be displayed.
2025-12-16 07:58:16,762-DEBUG-root-19900::webapp_internal::SetButton|4481:: ***System Info*** Before Clicking on button:Manutenção
2025-12-16 07:58:16,762-DEBUG-root-19900::psutil_info::system_info|5:: CPU USAGE: 10.5%
2025-12-16 07:58:16,762-DEBUG-root-19900::psutil_info::system_info|6:: MEMORY USAGE: 94.1%
2025-12-16 07:58:16,763-DEBUG-root-19900::psutil_info::system_info|7:: MEMORY AVAILABLE: 5.89%
2025-12-16 07:58:17,115-DEBUG-root-19900::webapp_internal::wait_element_timeout|7726:: Element found! Waiting for element to be displayed.
2025-12-16 07:58:17,457-DEBUG-root-19900::webapp_internal::wait_blocker|2444:: Waiting blocker to continue...
2025-12-16 07:58:17,557-DEBUG-root-19900::webapp_internal::wait_blocker|2469:: Blocker status: False
2025-12-16 07:58:17,581-DEBUG-root-19900::webapp_internal::wait_blocker|2444:: Waiting blocker to continue...
2025-12-16 07:58:17,691-DEBUG-root-19900::webapp_internal::wait_blocker|2469:: Blocker status: False
2025-12-16 07:58:17,691-DEBUG-root-19900::webapp_internal::send_action|10480:: Trying to send action
2025-12-16 07:58:17,693-DEBUG-root-19900::base::click|192:: Click Type: ClickType.JS
2025-12-16 07:58:18,756-DEBUG-root-19900::webapp_internal::send_action|10522:: send_action method result = True
2025-12-16 07:58:18,756-DEBUG-root-19900::webapp_internal::send_action|10523:: send_action selenium status: False
2025-12-16 07:58:18,757-DEBUG-root-19900::webapp_internal::SetButton|4683:: ***System Info*** After Clicking on button:
2025-12-16 07:58:18,757-DEBUG-root-19900::psutil_info::system_info|5:: CPU USAGE: 8.1%
2025-12-16 07:58:18,757-DEBUG-root-19900::psutil_info::system_info|6:: MEMORY USAGE: 94.2%
2025-12-16 07:58:18,757-DEBUG-root-19900::psutil_info::system_info|7:: MEMORY AVAILABLE: 5.84%
2025-12-16 07:58:23,758-INFO-root-19900::webapp_internal::WaitShow|4980:: Waiting show text 'Funcionários - MANUTENÇÃO'...
2025-12-16 07:58:23,847-INFO-root-19900::webapp_internal::WaitShow|4996:: Text found! 
2025-12-16 07:58:23,847-INFO-root-19900::webapp_internal::WaitShow|4980:: Waiting show text 'Funcionários - MANUTENÇÃO'...
2025-12-16 07:58:23,947-INFO-root-19900::webapp_internal::WaitShow|4996:: Text found! 
2025-12-16 07:58:23,947-DEBUG-root-19900::webapp_internal::wait_blocker|2444:: Waiting blocker to continue...
2025-12-16 07:58:24,062-DEBUG-root-19900::webapp_internal::wait_blocker|2469:: Blocker status: False
2025-12-16 07:58:24,063-INFO-root-19900::webapp_internal::SetKey|5822:: Key pressed: DOWN
2025-12-16 07:58:24,063-DEBUG-root-19900::webapp_internal::wait_element|7623:: Waiting for element
2025-12-16 07:58:24,131-DEBUG-root-19900::webapp_internal::wait_element|7653:: Element found! Waiting for element to be displayed.
2025-12-16 07:58:24,372-DEBUG-root-19900::webapp_internal::new_grid_line|7014:: New grid line
2025-12-16 07:58:25,864-DEBUG-root-19900::webapp_internal::wait_blocker|2444:: Waiting blocker to continue...
2025-12-16 07:58:25,981-DEBUG-root-19900::webapp_internal::wait_blocker|2469:: Blocker status: False
2025-12-16 07:58:25,981-INFO-root-19900::webapp_internal::LoadGrid|6298:: Filling grid field: Dt. Inclusao
2025-12-16 07:58:25,981-DEBUG-root-19900::webapp_internal::fill_grid|6399:: Grid loading...
2025-12-16 07:58:26,097-ERROR-root-19900::webapp_internal::fill_grid|6675:: fill grid error: list index out of range
Traceback (most recent call last):
  File "C:\TIR_TESTE\venv\Lib\site-packages\tir\technologies\webapp_internal.py", line 6420, in fill_grid
    if not column_name in headers[field[2]]:
                          ~~~~~~~^^^^^^^^^^
IndexError: list index out of range
2025-12-16 07:58:26,098-WARNING-root-19900::webapp_internal::log_error|8143:: Warning log_error fill grid error: list index out of range
2025-12-16 07:58:26,098-DEBUG-root-19900::webapp_internal::log_error|8146:: ***System Info*** in log_error():
2025-12-16 07:58:26,098-DEBUG-root-19900::psutil_info::system_info|5:: CPU USAGE: 6.3%
2025-12-16 07:58:26,098-DEBUG-root-19900::psutil_info::system_info|6:: MEMORY USAGE: 94.6%
2025-12-16 07:58:26,099-DEBUG-root-19900::psutil_info::system_info|7:: MEMORY AVAILABLE: 5.38%
2025-12-16 07:58:27,489-ERROR-root-19900::webapp_internal::TearDown|9654:: Warning tearDown Close Message: Tried to run command without establishing a connection
Traceback (most recent call last):
  File "C:\TIR_TESTE\venv\Lib\site-packages\tir\technologies\webapp_internal.py", line 9652, in TearDown
    self.driver.close()
  File "C:\TIR_TESTE\venv\Lib\site-packages\selenium\webdriver\remote\webdriver.py", line 458, in close
    self.execute(Command.CLOSE)
  File "C:\TIR_TESTE\venv\Lib\site-packages\selenium\webdriver\remote\webdriver.py", line 347, in execute
    self.error_handler.check_response(response)
  File "C:\TIR_TESTE\venv\Lib\site-packages\selenium\webdriver\remote\errorhandler.py", line 229, in check_response
    raise exception_class(message, screen, stacktrace)
selenium.common.exceptions.InvalidSessionIdException: Message: Tried to run command without establishing a connection

