2025-12-17 07:30:15,897-DEBUG-root-24276::logging_config::logger|189:: Log file created: 'Log\GESIT03\TIR__20251217073015887.log'
2025-12-17 07:30:15,898-INFO-root-24276::base::Start|1183:: TIR Version: 2.4.3
2025-12-17 07:30:15,898-INFO-root-24276::base::Start|1184:: Python Version: 3.12.10
2025-12-17 07:30:15,898-INFO-root-24276::base::Start|1185:: Starting the browser
2025-12-17 07:30:22,272-INFO-root-24276::base::get_url|1294:: Page is ready!
2025-12-17 07:30:22,280-INFO-root-24276::base::Start|1256:: Browser maximized to 1936x1048
2025-12-17 07:30:22,281-INFO-root-24276::base::Start|1258:: Screen size is different from default used in headless mode
2025-12-17 07:30:22,316-INFO-root-24276::webapp_internal::Setup|247:: ***System Info*** in Setup():
2025-12-17 07:30:22,317-DEBUG-root-24276::psutil_info::system_info|5:: CPU USAGE: 19.6%
2025-12-17 07:30:22,317-DEBUG-root-24276::psutil_info::system_info|6:: MEMORY USAGE: 84.2%
2025-12-17 07:30:22,318-DEBUG-root-24276::psutil_info::system_info|7:: MEMORY AVAILABLE: 15.83%
2025-12-17 07:30:22,333-INFO-root-24276::base::webapp_shadowroot|1394:: Webapp: 10.1.6-RC4
2025-12-17 07:30:22,398-INFO-root-24276::webapp_internal::filling_initial_program|449:: Filling Initial Program: "SIGAMDI"
2025-12-17 07:30:22,398-DEBUG-root-24276::webapp_internal::wait_element|7623:: Waiting for element
2025-12-17 07:30:22,444-DEBUG-root-24276::webapp_internal::wait_element|7653:: Element found! Waiting for element to be displayed.
2025-12-17 07:30:22,639-DEBUG-root-24276::base::click|192:: Click Type: ClickType.JS
2025-12-17 07:30:22,644-DEBUG-root-24276::webapp_internal::try_send_keys|7976:: Trying to send keys to element using technique 0
2025-12-17 07:30:22,987-DEBUG-root-24276::webapp_internal::get_web_value|3232:: Current value: SIGAMDI
2025-12-17 07:30:22,988-INFO-root-24276::webapp_internal::filling_server_environment|463:: Filling Server Environment: "POUPEX_PROJ3"
2025-12-17 07:30:22,988-DEBUG-root-24276::webapp_internal::wait_element|7623:: Waiting for element
2025-12-17 07:30:23,012-DEBUG-root-24276::webapp_internal::wait_element|7653:: Element found! Waiting for element to be displayed.
2025-12-17 07:30:23,182-DEBUG-root-24276::base::click|192:: Click Type: ClickType.JS
2025-12-17 07:30:23,187-DEBUG-root-24276::webapp_internal::try_send_keys|7976:: Trying to send keys to element using technique 0
2025-12-17 07:30:23,520-DEBUG-root-24276::webapp_internal::get_web_value|3232:: Current value: POUPEX_PROJ3
2025-12-17 07:30:23,541-DEBUG-root-24276::base::click|192:: Click Type: ClickType.JS
2025-12-17 07:30:23,561-DEBUG-root-24276::webapp_internal::user_screen|519:: Filling user screen
2025-12-17 07:30:29,437-DEBUG-root-24276::webapp_internal::wait_element_timeout|7726:: Element found! Waiting for element to be displayed.
2025-12-17 07:30:29,505-DEBUG-root-24276::base::scroll_to_element|759:: ********Warining scroll_to_element exception: Message: TypeError: can't access property "scrollIntoView", arguments[0] is null
Stacktrace:
@http://prjsrverp:10300/webapp/:2:7
@http://prjsrverp:10300/webapp/:3:8
*********
2025-12-17 07:30:29,692-INFO-root-24276::webapp_internal::user_screen|561:: Filling User
2025-12-17 07:30:29,723-DEBUG-root-24276::base::double_click|259:: Click Type: ClickType.SELENIUM
2025-12-17 07:30:29,899-DEBUG-root-24276::webapp_internal::get_web_value|3232:: Current value: 97137227104
2025-12-17 07:30:29,919-INFO-root-24276::webapp_internal::user_screen|621:: Filling Password
2025-12-17 07:30:29,940-DEBUG-root-24276::base::click|192:: Click Type: ClickType.JS
2025-12-17 07:30:30,019-DEBUG-root-24276::webapp_internal::get_web_value|3232:: Current value: Deire20191817+
2025-12-17 07:30:30,019-DEBUG-root-24276::webapp_internal::wait_blocker|2444:: Waiting blocker to continue...
2025-12-17 07:30:30,046-DEBUG-root-24276::webapp_internal::wait_blocker|2469:: Blocker status: None
2025-12-17 07:30:30,081-DEBUG-root-24276::webapp_internal::wait_blocker|2444:: Waiting blocker to continue...
2025-12-17 07:30:30,105-DEBUG-root-24276::webapp_internal::wait_blocker|2469:: Blocker status: None
2025-12-17 07:30:30,137-DEBUG-root-24276::webapp_internal::wait_blocker|2444:: Waiting blocker to continue...
2025-12-17 07:30:30,168-DEBUG-root-24276::webapp_internal::wait_blocker|2469:: Blocker status: None
2025-12-17 07:30:30,168-DEBUG-root-24276::webapp_internal::send_action|10480:: Trying to send action
2025-12-17 07:30:30,176-DEBUG-root-24276::base::click|192:: Click Type: ClickType.JS
2025-12-17 07:30:31,217-DEBUG-root-24276::webapp_internal::send_action|10522:: send_action method result = True
2025-12-17 07:30:31,218-DEBUG-root-24276::webapp_internal::send_action|10523:: send_action selenium status: False
2025-12-17 07:30:33,289-DEBUG-root-24276::base::scroll_to_element|759:: ********Warining scroll_to_element exception: Message: TypeError: can't access property "scrollIntoView", arguments[0] is null
Stacktrace:
@http://prjsrverp:10300/webapp/:2:7
@http://prjsrverp:10300/webapp/:3:8
*********
2025-12-17 07:30:33,334-INFO-root-24276::webapp_internal::filling_date|885:: Filling Date: "18/09/2025"
2025-12-17 07:30:33,335-DEBUG-root-24276::webapp_internal::wait_blocker|2444:: Waiting blocker to continue...
2025-12-17 07:30:33,371-DEBUG-root-24276::webapp_internal::wait_blocker|2469:: Blocker status: None
2025-12-17 07:30:33,374-DEBUG-root-24276::base::click|192:: Click Type: ClickType.JS
2025-12-17 07:30:33,399-DEBUG-root-24276::webapp_internal::try_send_keys|7976:: Trying to send keys to element using technique 1
2025-12-17 07:30:33,469-DEBUG-root-24276::webapp_internal::get_web_value|3232:: Current value: 18/09/2025
2025-12-17 07:30:34,556-INFO-root-24276::webapp_internal::filling_group|955:: Filling Group: "02"
2025-12-17 07:30:34,556-DEBUG-root-24276::webapp_internal::wait_blocker|2444:: Waiting blocker to continue...
2025-12-17 07:30:34,590-DEBUG-root-24276::webapp_internal::wait_blocker|2469:: Blocker status: None
2025-12-17 07:30:34,593-DEBUG-root-24276::base::click|192:: Click Type: ClickType.JS
2025-12-17 07:30:34,637-DEBUG-root-24276::webapp_internal::get_web_value|3232:: Current value: 02
2025-12-17 07:30:35,699-INFO-root-24276::webapp_internal::filling_branch|1047:: Filling Branch: "02DF0001"
2025-12-17 07:30:35,699-DEBUG-root-24276::webapp_internal::wait_blocker|2444:: Waiting blocker to continue...
2025-12-17 07:30:35,731-DEBUG-root-24276::webapp_internal::wait_blocker|2469:: Blocker status: None
2025-12-17 07:30:35,734-DEBUG-root-24276::base::click|192:: Click Type: ClickType.JS
2025-12-17 07:30:35,784-DEBUG-root-24276::webapp_internal::get_web_value|3232:: Current value: 02DF0001
2025-12-17 07:30:36,867-INFO-root-24276::webapp_internal::filling_environment|1113:: Filling Environment: "07"
2025-12-17 07:30:36,868-DEBUG-root-24276::webapp_internal::wait_blocker|2444:: Waiting blocker to continue...
2025-12-17 07:30:36,902-DEBUG-root-24276::webapp_internal::wait_blocker|2469:: Blocker status: None
2025-12-17 07:30:36,905-DEBUG-root-24276::base::click|192:: Click Type: ClickType.JS
2025-12-17 07:30:36,959-DEBUG-root-24276::webapp_internal::get_web_value|3232:: Current value: 07
2025-12-17 07:30:37,967-DEBUG-root-24276::webapp_internal::close_warning_screen|1489:: Closing warning screen!
2025-12-17 07:30:38,999-DEBUG-root-24276::webapp_internal::check_screen_element|1291:: Checking screen element: "Atenção": False
2025-12-17 07:30:40,105-INFO-root-24276::webapp_internal::environment_screen|796:: Clicking on Button
2025-12-17 07:30:40,105-DEBUG-root-24276::webapp_internal::wait_blocker|2444:: Waiting blocker to continue...
2025-12-17 07:30:40,138-DEBUG-root-24276::webapp_internal::wait_blocker|2469:: Blocker status: None
2025-12-17 07:30:40,142-DEBUG-root-24276::base::click|192:: Click Type: ClickType.JS
2025-12-17 07:30:41,157-DEBUG-root-24276::base::click|192:: Click Type: ClickType.JS
2025-12-17 07:30:42,164-DEBUG-root-24276::base::click|192:: Click Type: ClickType.JS
2025-12-17 07:30:43,173-DEBUG-root-24276::base::click|192:: Click Type: ClickType.JS
2025-12-17 07:30:44,181-INFO-root-24276::webapp_internal::environment_screen|804:: Button click completed
2025-12-17 07:30:44,183-DEBUG-root-24276::webapp_internal::close_screen_before_menu|368:: Closing screen before the menu
2025-12-17 07:30:44,219-INFO-root-24276::webapp_internal::set_log_info|1623:: Getting log info
2025-12-17 07:30:44,219-INFO-root-24276::webapp_internal::SetLateralMenu|4184:: Navigating lateral menu: Ajuda > Sobre
2025-12-17 07:30:44,229-DEBUG-root-24276::webapp_internal::wait_element|7623:: Waiting for element
2025-12-17 07:30:44,270-DEBUG-root-24276::webapp_internal::wait_element|7653:: Element found! Waiting for element to be displayed.
2025-12-17 07:30:44,445-INFO-root-24276::webapp_internal::SetLateralMenu|4203:: Menu item: "Ajuda"
2025-12-17 07:30:44,445-DEBUG-root-24276::webapp_internal::wait_blocker|2444:: Waiting blocker to continue...
2025-12-17 07:30:44,543-DEBUG-root-24276::webapp_internal::wait_blocker|2469:: Blocker status: False
2025-12-17 07:30:45,029-DEBUG-root-24276::webapp_internal::wait_element_timeout|7726:: Element found! Waiting for element to be displayed.
2025-12-17 07:30:45,323-DEBUG-root-24276::webapp_internal::wait_blocker|2444:: Waiting blocker to continue...
2025-12-17 07:30:45,386-DEBUG-root-24276::webapp_internal::wait_blocker|2469:: Blocker status: False
2025-12-17 07:30:47,681-INFO-root-24276::webapp_internal::SetLateralMenu|4203:: Menu item: "Sobre"
2025-12-17 07:30:47,681-DEBUG-root-24276::webapp_internal::wait_blocker|2444:: Waiting blocker to continue...
2025-12-17 07:30:47,746-DEBUG-root-24276::webapp_internal::wait_blocker|2469:: Blocker status: False
2025-12-17 07:30:48,157-DEBUG-root-24276::webapp_internal::wait_element_timeout|7726:: Element found! Waiting for element to be displayed.
2025-12-17 07:30:48,511-DEBUG-root-24276::webapp_internal::wait_blocker|2444:: Waiting blocker to continue...
2025-12-17 07:30:48,571-DEBUG-root-24276::webapp_internal::wait_blocker|2469:: Blocker status: False
2025-12-17 07:30:51,208-DEBUG-root-24276::webapp_internal::wait_blocker|2444:: Waiting blocker to continue...
2025-12-17 07:30:51,303-DEBUG-root-24276::webapp_internal::wait_blocker|2469:: Blocker status: False
2025-12-17 07:30:51,380-DEBUG-root-24276::webapp_internal::wait_element|7623:: Waiting for element
2025-12-17 07:30:51,424-DEBUG-root-24276::webapp_internal::wait_element|7653:: Element found! Waiting for element to be displayed.
2025-12-17 07:30:51,592-INFO-root-24276::webapp_internal::SetButton|4444:: Clicking on Fechar
2025-12-17 07:30:51,592-DEBUG-root-24276::webapp_internal::wait_blocker|2444:: Waiting blocker to continue...
2025-12-17 07:30:51,665-DEBUG-root-24276::webapp_internal::wait_blocker|2469:: Blocker status: False
2025-12-17 07:30:51,852-DEBUG-root-24276::webapp_internal::wait_element_timeout|7726:: Element found! Waiting for element to be displayed.
2025-12-17 07:30:51,931-DEBUG-root-24276::webapp_internal::SetButton|4481:: ***System Info*** Before Clicking on button:Fechar
2025-12-17 07:30:51,931-DEBUG-root-24276::psutil_info::system_info|5:: CPU USAGE: 9.1%
2025-12-17 07:30:51,932-DEBUG-root-24276::psutil_info::system_info|6:: MEMORY USAGE: 84.8%
2025-12-17 07:30:51,932-DEBUG-root-24276::psutil_info::system_info|7:: MEMORY AVAILABLE: 15.2%
2025-12-17 07:30:52,097-DEBUG-root-24276::webapp_internal::wait_element_timeout|7726:: Element found! Waiting for element to be displayed.
2025-12-17 07:30:52,195-DEBUG-root-24276::webapp_internal::wait_blocker|2444:: Waiting blocker to continue...
2025-12-17 07:30:52,264-DEBUG-root-24276::webapp_internal::wait_blocker|2469:: Blocker status: False
2025-12-17 07:30:52,279-DEBUG-root-24276::webapp_internal::wait_blocker|2444:: Waiting blocker to continue...
2025-12-17 07:30:52,350-DEBUG-root-24276::webapp_internal::wait_blocker|2469:: Blocker status: False
2025-12-17 07:30:52,350-DEBUG-root-24276::webapp_internal::send_action|10480:: Trying to send action
2025-12-17 07:30:52,352-DEBUG-root-24276::base::click|192:: Click Type: ClickType.JS
2025-12-17 07:30:53,393-DEBUG-root-24276::webapp_internal::send_action|10522:: send_action method result = True
2025-12-17 07:30:53,394-DEBUG-root-24276::webapp_internal::send_action|10523:: send_action selenium status: False
2025-12-17 07:30:53,394-DEBUG-root-24276::webapp_internal::SetButton|4683:: ***System Info*** After Clicking on button:
2025-12-17 07:30:53,394-DEBUG-root-24276::psutil_info::system_info|5:: CPU USAGE: 10.6%
2025-12-17 07:30:53,395-DEBUG-root-24276::psutil_info::system_info|6:: MEMORY USAGE: 84.9%
2025-12-17 07:30:53,395-DEBUG-root-24276::psutil_info::system_info|7:: MEMORY AVAILABLE: 15.07%
2025-12-17 07:30:53,395-DEBUG-root-24276::webapp_internal::wait_element|7623:: Waiting for element
2025-12-17 07:30:53,567-INFO-root-24276::webapp_internal::SetLateralMenu|4184:: Navigating lateral menu: Miscelanea > Cálculos (13)> Por Roteiros
2025-12-17 07:30:53,577-DEBUG-root-24276::webapp_internal::wait_element|7623:: Waiting for element
2025-12-17 07:30:53,621-DEBUG-root-24276::webapp_internal::wait_element|7653:: Element found! Waiting for element to be displayed.
2025-12-17 07:30:53,790-INFO-root-24276::webapp_internal::SetLateralMenu|4203:: Menu item: "Miscelanea"
2025-12-17 07:30:53,790-DEBUG-root-24276::webapp_internal::wait_blocker|2444:: Waiting blocker to continue...
2025-12-17 07:30:53,853-DEBUG-root-24276::webapp_internal::wait_blocker|2469:: Blocker status: False
2025-12-17 07:30:54,260-DEBUG-root-24276::webapp_internal::wait_element_timeout|7726:: Element found! Waiting for element to be displayed.
2025-12-17 07:30:54,618-DEBUG-root-24276::webapp_internal::wait_blocker|2444:: Waiting blocker to continue...
2025-12-17 07:30:54,708-DEBUG-root-24276::webapp_internal::wait_blocker|2469:: Blocker status: False
2025-12-17 07:30:56,993-INFO-root-24276::webapp_internal::SetLateralMenu|4203:: Menu item: "Cálculos (13)"
2025-12-17 07:30:56,993-DEBUG-root-24276::webapp_internal::wait_blocker|2444:: Waiting blocker to continue...
2025-12-17 07:30:57,099-DEBUG-root-24276::webapp_internal::wait_blocker|2469:: Blocker status: False
2025-12-17 07:30:58,364-DEBUG-root-24276::webapp_internal::wait_element_timeout|7726:: Element found! Waiting for element to be displayed.
2025-12-17 07:30:59,662-DEBUG-root-24276::webapp_internal::wait_blocker|2444:: Waiting blocker to continue...
2025-12-17 07:30:59,763-DEBUG-root-24276::webapp_internal::wait_blocker|2469:: Blocker status: False
2025-12-17 07:31:02,055-INFO-root-24276::webapp_internal::SetLateralMenu|4203:: Menu item: "Por Roteiros"
2025-12-17 07:31:02,055-DEBUG-root-24276::webapp_internal::wait_blocker|2444:: Waiting blocker to continue...
2025-12-17 07:31:02,136-DEBUG-root-24276::webapp_internal::wait_blocker|2469:: Blocker status: False
2025-12-17 07:31:03,670-DEBUG-root-24276::webapp_internal::wait_element_timeout|7726:: Element found! Waiting for element to be displayed.
2025-12-17 07:31:05,159-DEBUG-root-24276::webapp_internal::wait_blocker|2444:: Waiting blocker to continue...
2025-12-17 07:31:05,235-DEBUG-root-24276::webapp_internal::wait_blocker|2469:: Blocker status: False
2025-12-17 07:31:09,777-DEBUG-root-24276::webapp_internal::wait_blocker|2444:: Waiting blocker to continue...
2025-12-17 07:31:09,858-DEBUG-root-24276::webapp_internal::wait_blocker|2469:: Blocker status: False
2025-12-17 07:31:09,936-INFO-root-24276::webapp_internal::WaitShow|4980:: Waiting show text 'Este ambiente utiliza base de Homologação.'...
2025-12-17 07:31:15,045-DEBUG-root-24276::log::checks_empty_line|221:: Checking empty default log info
2025-12-17 07:31:15,047-DEBUG-root-24276::log::generate_log|503:: Json log_data: {'cLogDtExec': '17/12/2025 07:31:15', 'cLogNomUsr': '97137227104', 'cLogNomEst': 'GESIT03', 'cLogProgra': None, 'cLogDtProg': '', 'cLogHrProg': '', 'nLogCtsOk': 1, 'nLogCtsNok': 0, 'nLogCtsSeg': 59.28, 'cLogVersao': '12', 'cLogReleas': '12.1.2410', 'nLogCtsErr': '', 'cLogBancod': 'ORACLE', 'cLogIdenti': '', 'cLogIdExec': '20251217', 'cLogPais': 'BRA', 'cLogTool': 'TIR', 'cLogSequen': '6ebfd4', 'nLogCtsTot': 1, 'cLogDtExea': '17/12/2025', 'cLogHrExea': '07:31:15', 'cLogArea': 'Desenvolvimento', 'cLogMnExec': 0.988}
2025-12-17 07:31:15,047-INFO-root-24276::log::send_log_with_retries|515:: Saving log locally.
2025-12-17 07:31:15,049-INFO-root-24276::log::save_log_locally|548:: [FwSendLog]: Não foi possível enviar o log após todas as tentativas.
2025-12-17 07:31:15,050-INFO-root-24276::log::save_log_locally|555:: [FwSendLog]: Log salvo localmente em C:\TIR_TESTE\1765967475.json.
2025-12-17 07:31:15,050-INFO-root-24276::webapp_internal::WaitShow|4980:: Waiting show text 'Moedas'...
2025-12-17 07:31:20,205-INFO-root-24276::webapp_internal::WaitShow|4980:: Waiting show text 'Processo de Calculo'...
2025-12-17 07:31:20,272-INFO-root-24276::webapp_internal::WaitShow|4996:: Text found! 
2025-12-17 07:31:20,272-INFO-root-24276::webapp_internal::WaitShow|4980:: Waiting show text 'Este programa realiza processos de calculos'...
2025-12-17 07:31:20,323-INFO-root-24276::webapp_internal::WaitShow|4996:: Text found! 
2025-12-17 07:31:20,323-INFO-root-24276::webapp_internal::SetButton|4444:: Clicking on Parametros
2025-12-17 07:31:20,323-DEBUG-root-24276::webapp_internal::wait_blocker|2444:: Waiting blocker to continue...
2025-12-17 07:31:20,404-DEBUG-root-24276::webapp_internal::wait_blocker|2469:: Blocker status: False
2025-12-17 07:31:20,655-DEBUG-root-24276::webapp_internal::wait_element_timeout|7726:: Element found! Waiting for element to be displayed.
2025-12-17 07:31:20,800-DEBUG-root-24276::webapp_internal::SetButton|4481:: ***System Info*** Before Clicking on button:Parametros
2025-12-17 07:31:20,801-DEBUG-root-24276::psutil_info::system_info|5:: CPU USAGE: 9.5%
2025-12-17 07:31:20,801-DEBUG-root-24276::psutil_info::system_info|6:: MEMORY USAGE: 84.7%
2025-12-17 07:31:20,801-DEBUG-root-24276::psutil_info::system_info|7:: MEMORY AVAILABLE: 15.28%
2025-12-17 07:31:21,034-DEBUG-root-24276::webapp_internal::wait_element_timeout|7726:: Element found! Waiting for element to be displayed.
2025-12-17 07:31:21,210-DEBUG-root-24276::webapp_internal::wait_blocker|2444:: Waiting blocker to continue...
2025-12-17 07:31:21,290-DEBUG-root-24276::webapp_internal::wait_blocker|2469:: Blocker status: False
2025-12-17 07:31:21,312-DEBUG-root-24276::webapp_internal::wait_blocker|2444:: Waiting blocker to continue...
2025-12-17 07:31:21,394-DEBUG-root-24276::webapp_internal::wait_blocker|2469:: Blocker status: False
2025-12-17 07:31:21,394-DEBUG-root-24276::webapp_internal::send_action|10480:: Trying to send action
2025-12-17 07:31:21,397-DEBUG-root-24276::base::click|192:: Click Type: ClickType.JS
2025-12-17 07:31:22,431-DEBUG-root-24276::webapp_internal::send_action|10522:: send_action method result = True
2025-12-17 07:31:22,431-DEBUG-root-24276::webapp_internal::send_action|10523:: send_action selenium status: False
2025-12-17 07:31:22,432-DEBUG-root-24276::webapp_internal::SetButton|4683:: ***System Info*** After Clicking on button:
2025-12-17 07:31:22,432-DEBUG-root-24276::psutil_info::system_info|5:: CPU USAGE: 7.5%
2025-12-17 07:31:22,432-DEBUG-root-24276::psutil_info::system_info|6:: MEMORY USAGE: 84.7%
2025-12-17 07:31:22,432-DEBUG-root-24276::psutil_info::system_info|7:: MEMORY AVAILABLE: 15.3%
2025-12-17 07:31:27,433-DEBUG-root-24276::webapp_internal::wait_blocker|2444:: Waiting blocker to continue...
2025-12-17 07:31:27,529-DEBUG-root-24276::webapp_internal::wait_blocker|2469:: Blocker status: False
2025-12-17 07:31:27,529-DEBUG-root-24276::webapp_internal::wait_element|7623:: Waiting for element
2025-12-17 07:31:27,571-DEBUG-root-24276::webapp_internal::wait_element|7653:: Element found! Waiting for element to be displayed.
2025-12-17 07:31:27,725-INFO-root-24276::webapp_internal::input_value|2941:: Looking for element: Processo
2025-12-17 07:31:27,975-INFO-root-24276::webapp_internal::input_value|2951:: Element: Processo Found!
2025-12-17 07:31:27,975-INFO-root-24276::webapp_internal::input_value|2953:: Filling element: Processo
2025-12-17 07:31:27,997-DEBUG-root-24276::webapp_internal::get_web_value|3232:: Current value:      
2025-12-17 07:31:28,024-DEBUG-root-24276::base::double_click|259:: Click Type: ClickType.SELENIUM
2025-12-17 07:31:28,279-DEBUG-root-24276::webapp_internal::wait_blocker|2444:: Waiting blocker to continue...
2025-12-17 07:31:28,365-DEBUG-root-24276::webapp_internal::wait_blocker|2469:: Blocker status: False
2025-12-17 07:31:28,692-DEBUG-root-24276::webapp_internal::get_web_value|3232:: Current value: 00001
2025-12-17 07:31:28,692-INFO-root-24276::webapp_internal::input_value|3059:: Current field value: 00001
2025-12-17 07:31:28,692-DEBUG-root-24276::webapp_internal::wait_blocker|2444:: Waiting blocker to continue...
2025-12-17 07:31:28,783-DEBUG-root-24276::webapp_internal::wait_blocker|2469:: Blocker status: False
2025-12-17 07:31:28,784-DEBUG-root-24276::webapp_internal::wait_element|7623:: Waiting for element
2025-12-17 07:31:28,822-DEBUG-root-24276::webapp_internal::wait_element|7653:: Element found! Waiting for element to be displayed.
2025-12-17 07:31:28,976-INFO-root-24276::webapp_internal::input_value|2941:: Looking for element: Roteiro
2025-12-17 07:31:29,258-INFO-root-24276::webapp_internal::input_value|2951:: Element: Roteiro Found!
2025-12-17 07:31:29,259-INFO-root-24276::webapp_internal::input_value|2953:: Filling element: Roteiro
2025-12-17 07:31:29,277-DEBUG-root-24276::webapp_internal::get_web_value|3232:: Current value:    
2025-12-17 07:31:29,302-DEBUG-root-24276::base::double_click|259:: Click Type: ClickType.SELENIUM
2025-12-17 07:31:29,553-DEBUG-root-24276::webapp_internal::wait_blocker|2444:: Waiting blocker to continue...
2025-12-17 07:31:29,635-DEBUG-root-24276::webapp_internal::wait_blocker|2469:: Blocker status: False
2025-12-17 07:31:29,954-DEBUG-root-24276::webapp_internal::get_web_value|3232:: Current value: VTR
2025-12-17 07:31:29,954-INFO-root-24276::webapp_internal::input_value|3059:: Current field value: VTR
2025-12-17 07:31:30,455-INFO-root-24276::webapp_internal::SetButton|4444:: Clicking on OK
2025-12-17 07:31:30,455-DEBUG-root-24276::webapp_internal::wait_blocker|2444:: Waiting blocker to continue...
2025-12-17 07:31:30,538-DEBUG-root-24276::webapp_internal::wait_blocker|2469:: Blocker status: False
2025-12-17 07:31:30,749-DEBUG-root-24276::webapp_internal::wait_element_timeout|7726:: Element found! Waiting for element to be displayed.
2025-12-17 07:31:30,847-DEBUG-root-24276::webapp_internal::SetButton|4481:: ***System Info*** Before Clicking on button:OK
2025-12-17 07:31:30,847-DEBUG-root-24276::psutil_info::system_info|5:: CPU USAGE: 7.4%
2025-12-17 07:31:30,848-DEBUG-root-24276::psutil_info::system_info|6:: MEMORY USAGE: 83.2%
2025-12-17 07:31:30,848-DEBUG-root-24276::psutil_info::system_info|7:: MEMORY AVAILABLE: 16.84%
2025-12-17 07:31:31,037-DEBUG-root-24276::webapp_internal::wait_element_timeout|7726:: Element found! Waiting for element to be displayed.
2025-12-17 07:31:31,171-DEBUG-root-24276::webapp_internal::wait_blocker|2444:: Waiting blocker to continue...
2025-12-17 07:31:31,254-DEBUG-root-24276::webapp_internal::wait_blocker|2469:: Blocker status: False
2025-12-17 07:31:31,277-DEBUG-root-24276::webapp_internal::wait_blocker|2444:: Waiting blocker to continue...
2025-12-17 07:31:31,365-DEBUG-root-24276::webapp_internal::wait_blocker|2469:: Blocker status: False
2025-12-17 07:31:31,366-DEBUG-root-24276::webapp_internal::send_action|10480:: Trying to send action
2025-12-17 07:31:31,368-DEBUG-root-24276::base::click|192:: Click Type: ClickType.JS
2025-12-17 07:31:32,409-DEBUG-root-24276::webapp_internal::send_action|10522:: send_action method result = True
2025-12-17 07:31:32,409-DEBUG-root-24276::webapp_internal::send_action|10523:: send_action selenium status: False
2025-12-17 07:31:32,409-DEBUG-root-24276::webapp_internal::SetButton|4683:: ***System Info*** After Clicking on button:
2025-12-17 07:31:32,410-DEBUG-root-24276::psutil_info::system_info|5:: CPU USAGE: 5.2%
2025-12-17 07:31:32,410-DEBUG-root-24276::psutil_info::system_info|6:: MEMORY USAGE: 83.4%
2025-12-17 07:31:32,410-DEBUG-root-24276::psutil_info::system_info|7:: MEMORY AVAILABLE: 16.63%
2025-12-17 07:31:37,410-INFO-root-24276::webapp_internal::WaitShow|4980:: Waiting show text 'Parametros'...
2025-12-17 07:31:37,691-INFO-root-24276::webapp_internal::WaitShow|4996:: Text found! 
2025-12-17 07:31:37,691-INFO-root-24276::webapp_internal::SetButton|4444:: Clicking on OK
2025-12-17 07:31:37,691-DEBUG-root-24276::webapp_internal::wait_blocker|2444:: Waiting blocker to continue...
2025-12-17 07:31:37,816-DEBUG-root-24276::webapp_internal::wait_blocker|2469:: Blocker status: False
2025-12-17 07:31:38,032-DEBUG-root-24276::webapp_internal::wait_element_timeout|7726:: Element found! Waiting for element to be displayed.
2025-12-17 07:31:38,151-DEBUG-root-24276::webapp_internal::SetButton|4481:: ***System Info*** Before Clicking on button:OK
2025-12-17 07:31:38,151-DEBUG-root-24276::psutil_info::system_info|5:: CPU USAGE: 5.3%
2025-12-17 07:31:38,151-DEBUG-root-24276::psutil_info::system_info|6:: MEMORY USAGE: 82.9%
2025-12-17 07:31:38,152-DEBUG-root-24276::psutil_info::system_info|7:: MEMORY AVAILABLE: 17.12%
2025-12-17 07:31:38,359-DEBUG-root-24276::webapp_internal::wait_element_timeout|7726:: Element found! Waiting for element to be displayed.
2025-12-17 07:31:38,505-DEBUG-root-24276::webapp_internal::wait_blocker|2444:: Waiting blocker to continue...
2025-12-17 07:31:38,597-DEBUG-root-24276::webapp_internal::wait_blocker|2469:: Blocker status: False
2025-12-17 07:31:38,619-DEBUG-root-24276::webapp_internal::wait_blocker|2444:: Waiting blocker to continue...
2025-12-17 07:31:38,712-DEBUG-root-24276::webapp_internal::wait_blocker|2469:: Blocker status: False
2025-12-17 07:31:38,712-DEBUG-root-24276::webapp_internal::send_action|10480:: Trying to send action
2025-12-17 07:31:38,714-DEBUG-root-24276::base::click|192:: Click Type: ClickType.JS
2025-12-17 07:31:39,742-DEBUG-root-24276::webapp_internal::send_action|10522:: send_action method result = True
2025-12-17 07:31:39,742-DEBUG-root-24276::webapp_internal::send_action|10523:: send_action selenium status: False
2025-12-17 07:31:39,742-DEBUG-root-24276::webapp_internal::SetButton|4683:: ***System Info*** After Clicking on button:
2025-12-17 07:31:39,743-DEBUG-root-24276::psutil_info::system_info|5:: CPU USAGE: 7.1%
2025-12-17 07:31:39,743-DEBUG-root-24276::psutil_info::system_info|6:: MEMORY USAGE: 83.1%
2025-12-17 07:31:39,743-DEBUG-root-24276::psutil_info::system_info|7:: MEMORY AVAILABLE: 16.86%
2025-12-17 07:31:39,756-INFO-root-24276::webapp_internal::SetButton|4444:: Clicking on Calcular
2025-12-17 07:31:39,756-DEBUG-root-24276::webapp_internal::wait_blocker|2444:: Waiting blocker to continue...
2025-12-17 07:31:39,838-DEBUG-root-24276::webapp_internal::wait_blocker|2469:: Blocker status: False
2025-12-17 07:31:40,091-DEBUG-root-24276::webapp_internal::wait_element_timeout|7726:: Element found! Waiting for element to be displayed.
2025-12-17 07:31:40,233-DEBUG-root-24276::webapp_internal::SetButton|4481:: ***System Info*** Before Clicking on button:Calcular
2025-12-17 07:31:40,234-DEBUG-root-24276::psutil_info::system_info|5:: CPU USAGE: 16.0%
2025-12-17 07:31:40,234-DEBUG-root-24276::psutil_info::system_info|6:: MEMORY USAGE: 83.3%
2025-12-17 07:31:40,234-DEBUG-root-24276::psutil_info::system_info|7:: MEMORY AVAILABLE: 16.74%
2025-12-17 07:31:40,472-DEBUG-root-24276::webapp_internal::wait_element_timeout|7726:: Element found! Waiting for element to be displayed.
2025-12-17 07:31:40,658-DEBUG-root-24276::webapp_internal::wait_blocker|2444:: Waiting blocker to continue...
2025-12-17 07:31:40,736-DEBUG-root-24276::webapp_internal::wait_blocker|2469:: Blocker status: False
2025-12-17 07:31:40,757-DEBUG-root-24276::webapp_internal::wait_blocker|2444:: Waiting blocker to continue...
2025-12-17 07:31:40,838-DEBUG-root-24276::webapp_internal::wait_blocker|2469:: Blocker status: False
2025-12-17 07:31:40,838-DEBUG-root-24276::webapp_internal::send_action|10480:: Trying to send action
2025-12-17 07:31:40,840-DEBUG-root-24276::base::click|192:: Click Type: ClickType.JS
2025-12-17 07:31:41,869-DEBUG-root-24276::webapp_internal::send_action|10522:: send_action method result = True
2025-12-17 07:31:41,871-DEBUG-root-24276::webapp_internal::send_action|10523:: send_action selenium status: False
2025-12-17 07:31:41,871-DEBUG-root-24276::webapp_internal::SetButton|4683:: ***System Info*** After Clicking on button:
2025-12-17 07:31:41,871-DEBUG-root-24276::psutil_info::system_info|5:: CPU USAGE: 6.2%
2025-12-17 07:31:41,871-DEBUG-root-24276::psutil_info::system_info|6:: MEMORY USAGE: 83.4%
2025-12-17 07:31:41,872-DEBUG-root-24276::psutil_info::system_info|7:: MEMORY AVAILABLE: 16.64%
2025-12-17 07:31:41,872-INFO-root-24276::webapp_internal::WaitShow|4980:: Waiting show text 'Confirma configuracäo dos parametros?'...
2025-12-17 07:31:41,941-INFO-root-24276::webapp_internal::WaitShow|4996:: Text found! 
2025-12-17 07:31:41,941-INFO-root-24276::webapp_internal::SetButton|4444:: Clicking on Sim
2025-12-17 07:31:41,941-DEBUG-root-24276::webapp_internal::wait_blocker|2444:: Waiting blocker to continue...
2025-12-17 07:31:42,041-DEBUG-root-24276::webapp_internal::wait_blocker|2469:: Blocker status: False
2025-12-17 07:31:42,248-DEBUG-root-24276::webapp_internal::wait_element_timeout|7726:: Element found! Waiting for element to be displayed.
2025-12-17 07:31:42,342-DEBUG-root-24276::webapp_internal::SetButton|4481:: ***System Info*** Before Clicking on button:Sim
2025-12-17 07:31:42,342-DEBUG-root-24276::psutil_info::system_info|5:: CPU USAGE: 11.2%
2025-12-17 07:31:42,342-DEBUG-root-24276::psutil_info::system_info|6:: MEMORY USAGE: 83.4%
2025-12-17 07:31:42,343-DEBUG-root-24276::psutil_info::system_info|7:: MEMORY AVAILABLE: 16.56%
2025-12-17 07:31:42,529-DEBUG-root-24276::webapp_internal::wait_element_timeout|7726:: Element found! Waiting for element to be displayed.
2025-12-17 07:31:42,685-DEBUG-root-24276::webapp_internal::wait_blocker|2444:: Waiting blocker to continue...
2025-12-17 07:31:42,785-DEBUG-root-24276::webapp_internal::wait_blocker|2469:: Blocker status: False
2025-12-17 07:31:42,805-DEBUG-root-24276::webapp_internal::wait_blocker|2444:: Waiting blocker to continue...
2025-12-17 07:31:42,912-DEBUG-root-24276::webapp_internal::wait_blocker|2469:: Blocker status: False
2025-12-17 07:31:42,913-DEBUG-root-24276::webapp_internal::send_action|10480:: Trying to send action
2025-12-17 07:31:42,915-DEBUG-root-24276::base::click|192:: Click Type: ClickType.JS
2025-12-17 07:31:43,948-DEBUG-root-24276::webapp_internal::send_action|10522:: send_action method result = True
2025-12-17 07:31:43,949-DEBUG-root-24276::webapp_internal::send_action|10523:: send_action selenium status: False
2025-12-17 07:31:43,949-DEBUG-root-24276::webapp_internal::SetButton|4683:: ***System Info*** After Clicking on button:
2025-12-17 07:31:43,949-DEBUG-root-24276::psutil_info::system_info|5:: CPU USAGE: 5.5%
2025-12-17 07:31:43,949-DEBUG-root-24276::psutil_info::system_info|6:: MEMORY USAGE: 83.7%
2025-12-17 07:31:43,950-DEBUG-root-24276::psutil_info::system_info|7:: MEMORY AVAILABLE: 16.33%
2025-12-17 07:31:43,963-INFO-root-24276::webapp_internal::WaitShow|4980:: Waiting show text 'Nenhum filtro foi selecionado! Processar toda a tabela?'...
2025-12-17 07:31:44,033-INFO-root-24276::webapp_internal::WaitShow|4996:: Text found! 
2025-12-17 07:31:44,033-INFO-root-24276::webapp_internal::SetButton|4444:: Clicking on Sim
2025-12-17 07:31:44,033-DEBUG-root-24276::webapp_internal::wait_blocker|2444:: Waiting blocker to continue...
2025-12-17 07:31:44,133-DEBUG-root-24276::webapp_internal::wait_blocker|2469:: Blocker status: False
2025-12-17 07:31:44,341-DEBUG-root-24276::webapp_internal::wait_element_timeout|7726:: Element found! Waiting for element to be displayed.
2025-12-17 07:31:44,445-DEBUG-root-24276::webapp_internal::SetButton|4481:: ***System Info*** Before Clicking on button:Sim
2025-12-17 07:31:44,445-DEBUG-root-24276::psutil_info::system_info|5:: CPU USAGE: 12.7%
2025-12-17 07:31:44,445-DEBUG-root-24276::psutil_info::system_info|6:: MEMORY USAGE: 83.7%
2025-12-17 07:31:44,445-DEBUG-root-24276::psutil_info::system_info|7:: MEMORY AVAILABLE: 16.26%
2025-12-17 07:31:44,637-DEBUG-root-24276::webapp_internal::wait_element_timeout|7726:: Element found! Waiting for element to be displayed.
2025-12-17 07:31:44,809-DEBUG-root-24276::webapp_internal::wait_blocker|2444:: Waiting blocker to continue...
2025-12-17 07:31:44,909-DEBUG-root-24276::webapp_internal::wait_blocker|2469:: Blocker status: False
2025-12-17 07:31:44,929-DEBUG-root-24276::webapp_internal::wait_blocker|2444:: Waiting blocker to continue...
2025-12-17 07:31:45,031-DEBUG-root-24276::webapp_internal::wait_blocker|2469:: Blocker status: False
2025-12-17 07:31:45,031-DEBUG-root-24276::webapp_internal::send_action|10480:: Trying to send action
2025-12-17 07:31:45,033-DEBUG-root-24276::base::click|192:: Click Type: ClickType.JS
2025-12-17 07:31:46,065-DEBUG-root-24276::webapp_internal::send_action|10522:: send_action method result = True
2025-12-17 07:31:46,065-DEBUG-root-24276::webapp_internal::send_action|10523:: send_action selenium status: False
2025-12-17 07:31:46,065-DEBUG-root-24276::webapp_internal::SetButton|4683:: ***System Info*** After Clicking on button:
2025-12-17 07:31:46,065-DEBUG-root-24276::psutil_info::system_info|5:: CPU USAGE: 5.3%
2025-12-17 07:31:46,067-DEBUG-root-24276::psutil_info::system_info|6:: MEMORY USAGE: 83.9%
2025-12-17 07:31:46,067-DEBUG-root-24276::psutil_info::system_info|7:: MEMORY AVAILABLE: 16.12%
2025-12-17 07:31:46,580-INFO-root-24276::webapp_internal::WaitShow|4980:: Waiting show text 'Log de Ocorrencias no Processo de Calculo'...
2025-12-17 07:31:57,412-INFO-root-24276::webapp_internal::SetButton|4444:: Clicking on Sair
2025-12-17 07:31:57,412-DEBUG-root-24276::webapp_internal::wait_blocker|2444:: Waiting blocker to continue...
2025-12-17 07:31:57,505-DEBUG-root-24276::webapp_internal::wait_blocker|2469:: Blocker status: False
2025-12-17 07:32:07,787-DEBUG-root-24276::webapp_internal::SetButton|4481:: ***System Info*** Before Clicking on button:Sair
2025-12-17 07:32:07,787-DEBUG-root-24276::psutil_info::system_info|5:: CPU USAGE: 9.6%
2025-12-17 07:32:07,788-DEBUG-root-24276::psutil_info::system_info|6:: MEMORY USAGE: 83.7%
2025-12-17 07:32:07,788-DEBUG-root-24276::psutil_info::system_info|7:: MEMORY AVAILABLE: 16.27%
2025-12-17 07:34:14,312-WARNING-root-24276::webapp_internal::log_error|8143:: Warning log_error Couldn't find element: Sair
2025-12-17 07:34:14,312-DEBUG-root-24276::webapp_internal::log_error|8146:: ***System Info*** in log_error():
2025-12-17 07:34:14,312-DEBUG-root-24276::psutil_info::system_info|5:: CPU USAGE: 10.1%
2025-12-17 07:34:14,313-DEBUG-root-24276::psutil_info::system_info|6:: MEMORY USAGE: 85.4%
2025-12-17 07:34:14,313-DEBUG-root-24276::psutil_info::system_info|7:: MEMORY AVAILABLE: 14.59%
2025-12-17 07:34:15,412-ERROR-root-24276::webapp_internal::TearDown|9654:: Warning tearDown Close Message: Tried to run command without establishing a connection
Traceback (most recent call last):
  File "C:\TIR_TESTE\venv\Lib\site-packages\tir\technologies\webapp_internal.py", line 9652, in TearDown
    self.driver.close()
  File "C:\TIR_TESTE\venv\Lib\site-packages\selenium\webdriver\remote\webdriver.py", line 458, in close
    self.execute(Command.CLOSE)
  File "C:\TIR_TESTE\venv\Lib\site-packages\selenium\webdriver\remote\webdriver.py", line 347, in execute
    self.error_handler.check_response(response)
  File "C:\TIR_TESTE\venv\Lib\site-packages\selenium\webdriver\remote\errorhandler.py", line 229, in check_response
    raise exception_class(message, screen, stacktrace)
selenium.common.exceptions.InvalidSessionIdException: Message: Tried to run command without establishing a connection

2025-12-17 07:30:15,897-DEBUG-root-24276::logging_config::logger|189:: Log file created: 'Log\GESIT03\TIR__20251217073015887.log'
2025-12-17 07:30:15,898-INFO-root-24276::base::Start|1183:: TIR Version: 2.4.3
2025-12-17 07:30:15,898-INFO-root-24276::base::Start|1184:: Python Version: 3.12.10
2025-12-17 07:30:15,898-INFO-root-24276::base::Start|1185:: Starting the browser
2025-12-17 07:30:22,272-INFO-root-24276::base::get_url|1294:: Page is ready!
2025-12-17 07:30:22,280-INFO-root-24276::base::Start|1256:: Browser maximized to 1936x1048
2025-12-17 07:30:22,281-INFO-root-24276::base::Start|1258:: Screen size is different from default used in headless mode
2025-12-17 07:30:22,316-INFO-root-24276::webapp_internal::Setup|247:: ***System Info*** in Setup():
2025-12-17 07:30:22,317-DEBUG-root-24276::psutil_info::system_info|5:: CPU USAGE: 19.6%
2025-12-17 07:30:22,317-DEBUG-root-24276::psutil_info::system_info|6:: MEMORY USAGE: 84.2%
2025-12-17 07:30:22,318-DEBUG-root-24276::psutil_info::system_info|7:: MEMORY AVAILABLE: 15.83%
2025-12-17 07:30:22,333-INFO-root-24276::base::webapp_shadowroot|1394:: Webapp: 10.1.6-RC4
2025-12-17 07:30:22,398-INFO-root-24276::webapp_internal::filling_initial_program|449:: Filling Initial Program: "SIGAMDI"
2025-12-17 07:30:22,398-DEBUG-root-24276::webapp_internal::wait_element|7623:: Waiting for element
2025-12-17 07:30:22,444-DEBUG-root-24276::webapp_internal::wait_element|7653:: Element found! Waiting for element to be displayed.
2025-12-17 07:30:22,639-DEBUG-root-24276::base::click|192:: Click Type: ClickType.JS
2025-12-17 07:30:22,644-DEBUG-root-24276::webapp_internal::try_send_keys|7976:: Trying to send keys to element using technique 0
2025-12-17 07:30:22,987-DEBUG-root-24276::webapp_internal::get_web_value|3232:: Current value: SIGAMDI
2025-12-17 07:30:22,988-INFO-root-24276::webapp_internal::filling_server_environment|463:: Filling Server Environment: "POUPEX_PROJ3"
2025-12-17 07:30:22,988-DEBUG-root-24276::webapp_internal::wait_element|7623:: Waiting for element
2025-12-17 07:30:23,012-DEBUG-root-24276::webapp_internal::wait_element|7653:: Element found! Waiting for element to be displayed.
2025-12-17 07:30:23,182-DEBUG-root-24276::base::click|192:: Click Type: ClickType.JS
2025-12-17 07:30:23,187-DEBUG-root-24276::webapp_internal::try_send_keys|7976:: Trying to send keys to element using technique 0
2025-12-17 07:30:23,520-DEBUG-root-24276::webapp_internal::get_web_value|3232:: Current value: POUPEX_PROJ3
2025-12-17 07:30:23,541-DEBUG-root-24276::base::click|192:: Click Type: ClickType.JS
2025-12-17 07:30:23,561-DEBUG-root-24276::webapp_internal::user_screen|519:: Filling user screen
2025-12-17 07:30:29,437-DEBUG-root-24276::webapp_internal::wait_element_timeout|7726:: Element found! Waiting for element to be displayed.
2025-12-17 07:30:29,505-DEBUG-root-24276::base::scroll_to_element|759:: ********Warining scroll_to_element exception: Message: TypeError: can't access property "scrollIntoView", arguments[0] is null
Stacktrace:
@http://prjsrverp:10300/webapp/:2:7
@http://prjsrverp:10300/webapp/:3:8
*********
2025-12-17 07:30:29,692-INFO-root-24276::webapp_internal::user_screen|561:: Filling User
2025-12-17 07:30:29,723-DEBUG-root-24276::base::double_click|259:: Click Type: ClickType.SELENIUM
2025-12-17 07:30:29,899-DEBUG-root-24276::webapp_internal::get_web_value|3232:: Current value: 97137227104
2025-12-17 07:30:29,919-INFO-root-24276::webapp_internal::user_screen|621:: Filling Password
2025-12-17 07:30:29,940-DEBUG-root-24276::base::click|192:: Click Type: ClickType.JS
2025-12-17 07:30:30,019-DEBUG-root-24276::webapp_internal::get_web_value|3232:: Current value: Deire20191817+
2025-12-17 07:30:30,019-DEBUG-root-24276::webapp_internal::wait_blocker|2444:: Waiting blocker to continue...
2025-12-17 07:30:30,046-DEBUG-root-24276::webapp_internal::wait_blocker|2469:: Blocker status: None
2025-12-17 07:30:30,081-DEBUG-root-24276::webapp_internal::wait_blocker|2444:: Waiting blocker to continue...
2025-12-17 07:30:30,105-DEBUG-root-24276::webapp_internal::wait_blocker|2469:: Blocker status: None
2025-12-17 07:30:30,137-DEBUG-root-24276::webapp_internal::wait_blocker|2444:: Waiting blocker to continue...
2025-12-17 07:30:30,168-DEBUG-root-24276::webapp_internal::wait_blocker|2469:: Blocker status: None
2025-12-17 07:30:30,168-DEBUG-root-24276::webapp_internal::send_action|10480:: Trying to send action
2025-12-17 07:30:30,176-DEBUG-root-24276::base::click|192:: Click Type: ClickType.JS
2025-12-17 07:30:31,217-DEBUG-root-24276::webapp_internal::send_action|10522:: send_action method result = True
2025-12-17 07:30:31,218-DEBUG-root-24276::webapp_internal::send_action|10523:: send_action selenium status: False
2025-12-17 07:30:33,289-DEBUG-root-24276::base::scroll_to_element|759:: ********Warining scroll_to_element exception: Message: TypeError: can't access property "scrollIntoView", arguments[0] is null
Stacktrace:
@http://prjsrverp:10300/webapp/:2:7
@http://prjsrverp:10300/webapp/:3:8
*********
2025-12-17 07:30:33,334-INFO-root-24276::webapp_internal::filling_date|885:: Filling Date: "18/09/2025"
2025-12-17 07:30:33,335-DEBUG-root-24276::webapp_internal::wait_blocker|2444:: Waiting blocker to continue...
2025-12-17 07:30:33,371-DEBUG-root-24276::webapp_internal::wait_blocker|2469:: Blocker status: None
2025-12-17 07:30:33,374-DEBUG-root-24276::base::click|192:: Click Type: ClickType.JS
2025-12-17 07:30:33,399-DEBUG-root-24276::webapp_internal::try_send_keys|7976:: Trying to send keys to element using technique 1
2025-12-17 07:30:33,469-DEBUG-root-24276::webapp_internal::get_web_value|3232:: Current value: 18/09/2025
2025-12-17 07:30:34,556-INFO-root-24276::webapp_internal::filling_group|955:: Filling Group: "02"
2025-12-17 07:30:34,556-DEBUG-root-24276::webapp_internal::wait_blocker|2444:: Waiting blocker to continue...
2025-12-17 07:30:34,590-DEBUG-root-24276::webapp_internal::wait_blocker|2469:: Blocker status: None
2025-12-17 07:30:34,593-DEBUG-root-24276::base::click|192:: Click Type: ClickType.JS
2025-12-17 07:30:34,637-DEBUG-root-24276::webapp_internal::get_web_value|3232:: Current value: 02
2025-12-17 07:30:35,699-INFO-root-24276::webapp_internal::filling_branch|1047:: Filling Branch: "02DF0001"
2025-12-17 07:30:35,699-DEBUG-root-24276::webapp_internal::wait_blocker|2444:: Waiting blocker to continue...
2025-12-17 07:30:35,731-DEBUG-root-24276::webapp_internal::wait_blocker|2469:: Blocker status: None
2025-12-17 07:30:35,734-DEBUG-root-24276::base::click|192:: Click Type: ClickType.JS
2025-12-17 07:30:35,784-DEBUG-root-24276::webapp_internal::get_web_value|3232:: Current value: 02DF0001
2025-12-17 07:30:36,867-INFO-root-24276::webapp_internal::filling_environment|1113:: Filling Environment: "07"
2025-12-17 07:30:36,868-DEBUG-root-24276::webapp_internal::wait_blocker|2444:: Waiting blocker to continue...
2025-12-17 07:30:36,902-DEBUG-root-24276::webapp_internal::wait_blocker|2469:: Blocker status: None
2025-12-17 07:30:36,905-DEBUG-root-24276::base::click|192:: Click Type: ClickType.JS
2025-12-17 07:30:36,959-DEBUG-root-24276::webapp_internal::get_web_value|3232:: Current value: 07
2025-12-17 07:30:37,967-DEBUG-root-24276::webapp_internal::close_warning_screen|1489:: Closing warning screen!
2025-12-17 07:30:38,999-DEBUG-root-24276::webapp_internal::check_screen_element|1291:: Checking screen element: "Atenção": False
2025-12-17 07:30:40,105-INFO-root-24276::webapp_internal::environment_screen|796:: Clicking on Button
2025-12-17 07:30:40,105-DEBUG-root-24276::webapp_internal::wait_blocker|2444:: Waiting blocker to continue...
2025-12-17 07:30:40,138-DEBUG-root-24276::webapp_internal::wait_blocker|2469:: Blocker status: None
2025-12-17 07:30:40,142-DEBUG-root-24276::base::click|192:: Click Type: ClickType.JS
2025-12-17 07:30:41,157-DEBUG-root-24276::base::click|192:: Click Type: ClickType.JS
2025-12-17 07:30:42,164-DEBUG-root-24276::base::click|192:: Click Type: ClickType.JS
2025-12-17 07:30:43,173-DEBUG-root-24276::base::click|192:: Click Type: ClickType.JS
2025-12-17 07:30:44,181-INFO-root-24276::webapp_internal::environment_screen|804:: Button click completed
2025-12-17 07:30:44,183-DEBUG-root-24276::webapp_internal::close_screen_before_menu|368:: Closing screen before the menu
2025-12-17 07:30:44,219-INFO-root-24276::webapp_internal::set_log_info|1623:: Getting log info
2025-12-17 07:30:44,219-INFO-root-24276::webapp_internal::SetLateralMenu|4184:: Navigating lateral menu: Ajuda > Sobre
2025-12-17 07:30:44,229-DEBUG-root-24276::webapp_internal::wait_element|7623:: Waiting for element
2025-12-17 07:30:44,270-DEBUG-root-24276::webapp_internal::wait_element|7653:: Element found! Waiting for element to be displayed.
2025-12-17 07:30:44,445-INFO-root-24276::webapp_internal::SetLateralMenu|4203:: Menu item: "Ajuda"
2025-12-17 07:30:44,445-DEBUG-root-24276::webapp_internal::wait_blocker|2444:: Waiting blocker to continue...
2025-12-17 07:30:44,543-DEBUG-root-24276::webapp_internal::wait_blocker|2469:: Blocker status: False
2025-12-17 07:30:45,029-DEBUG-root-24276::webapp_internal::wait_element_timeout|7726:: Element found! Waiting for element to be displayed.
2025-12-17 07:30:45,323-DEBUG-root-24276::webapp_internal::wait_blocker|2444:: Waiting blocker to continue...
2025-12-17 07:30:45,386-DEBUG-root-24276::webapp_internal::wait_blocker|2469:: Blocker status: False
2025-12-17 07:30:47,681-INFO-root-24276::webapp_internal::SetLateralMenu|4203:: Menu item: "Sobre"
2025-12-17 07:30:47,681-DEBUG-root-24276::webapp_internal::wait_blocker|2444:: Waiting blocker to continue...
2025-12-17 07:30:47,746-DEBUG-root-24276::webapp_internal::wait_blocker|2469:: Blocker status: False
2025-12-17 07:30:48,157-DEBUG-root-24276::webapp_internal::wait_element_timeout|7726:: Element found! Waiting for element to be displayed.
2025-12-17 07:30:48,511-DEBUG-root-24276::webapp_internal::wait_blocker|2444:: Waiting blocker to continue...
2025-12-17 07:30:48,571-DEBUG-root-24276::webapp_internal::wait_blocker|2469:: Blocker status: False
2025-12-17 07:30:51,208-DEBUG-root-24276::webapp_internal::wait_blocker|2444:: Waiting blocker to continue...
2025-12-17 07:30:51,303-DEBUG-root-24276::webapp_internal::wait_blocker|2469:: Blocker status: False
2025-12-17 07:30:51,380-DEBUG-root-24276::webapp_internal::wait_element|7623:: Waiting for element
2025-12-17 07:30:51,424-DEBUG-root-24276::webapp_internal::wait_element|7653:: Element found! Waiting for element to be displayed.
2025-12-17 07:30:51,592-INFO-root-24276::webapp_internal::SetButton|4444:: Clicking on Fechar
2025-12-17 07:30:51,592-DEBUG-root-24276::webapp_internal::wait_blocker|2444:: Waiting blocker to continue...
2025-12-17 07:30:51,665-DEBUG-root-24276::webapp_internal::wait_blocker|2469:: Blocker status: False
2025-12-17 07:30:51,852-DEBUG-root-24276::webapp_internal::wait_element_timeout|7726:: Element found! Waiting for element to be displayed.
2025-12-17 07:30:51,931-DEBUG-root-24276::webapp_internal::SetButton|4481:: ***System Info*** Before Clicking on button:Fechar
2025-12-17 07:30:51,931-DEBUG-root-24276::psutil_info::system_info|5:: CPU USAGE: 9.1%
2025-12-17 07:30:51,932-DEBUG-root-24276::psutil_info::system_info|6:: MEMORY USAGE: 84.8%
2025-12-17 07:30:51,932-DEBUG-root-24276::psutil_info::system_info|7:: MEMORY AVAILABLE: 15.2%
2025-12-17 07:30:52,097-DEBUG-root-24276::webapp_internal::wait_element_timeout|7726:: Element found! Waiting for element to be displayed.
2025-12-17 07:30:52,195-DEBUG-root-24276::webapp_internal::wait_blocker|2444:: Waiting blocker to continue...
2025-12-17 07:30:52,264-DEBUG-root-24276::webapp_internal::wait_blocker|2469:: Blocker status: False
2025-12-17 07:30:52,279-DEBUG-root-24276::webapp_internal::wait_blocker|2444:: Waiting blocker to continue...
2025-12-17 07:30:52,350-DEBUG-root-24276::webapp_internal::wait_blocker|2469:: Blocker status: False
2025-12-17 07:30:52,350-DEBUG-root-24276::webapp_internal::send_action|10480:: Trying to send action
2025-12-17 07:30:52,352-DEBUG-root-24276::base::click|192:: Click Type: ClickType.JS
2025-12-17 07:30:53,393-DEBUG-root-24276::webapp_internal::send_action|10522:: send_action method result = True
2025-12-17 07:30:53,394-DEBUG-root-24276::webapp_internal::send_action|10523:: send_action selenium status: False
2025-12-17 07:30:53,394-DEBUG-root-24276::webapp_internal::SetButton|4683:: ***System Info*** After Clicking on button:
2025-12-17 07:30:53,394-DEBUG-root-24276::psutil_info::system_info|5:: CPU USAGE: 10.6%
2025-12-17 07:30:53,395-DEBUG-root-24276::psutil_info::system_info|6:: MEMORY USAGE: 84.9%
2025-12-17 07:30:53,395-DEBUG-root-24276::psutil_info::system_info|7:: MEMORY AVAILABLE: 15.07%
2025-12-17 07:30:53,395-DEBUG-root-24276::webapp_internal::wait_element|7623:: Waiting for element
2025-12-17 07:30:53,567-INFO-root-24276::webapp_internal::SetLateralMenu|4184:: Navigating lateral menu: Miscelanea > Cálculos (13)> Por Roteiros
2025-12-17 07:30:53,577-DEBUG-root-24276::webapp_internal::wait_element|7623:: Waiting for element
2025-12-17 07:30:53,621-DEBUG-root-24276::webapp_internal::wait_element|7653:: Element found! Waiting for element to be displayed.
2025-12-17 07:30:53,790-INFO-root-24276::webapp_internal::SetLateralMenu|4203:: Menu item: "Miscelanea"
2025-12-17 07:30:53,790-DEBUG-root-24276::webapp_internal::wait_blocker|2444:: Waiting blocker to continue...
2025-12-17 07:30:53,853-DEBUG-root-24276::webapp_internal::wait_blocker|2469:: Blocker status: False
2025-12-17 07:30:54,260-DEBUG-root-24276::webapp_internal::wait_element_timeout|7726:: Element found! Waiting for element to be displayed.
2025-12-17 07:30:54,618-DEBUG-root-24276::webapp_internal::wait_blocker|2444:: Waiting blocker to continue...
2025-12-17 07:30:54,708-DEBUG-root-24276::webapp_internal::wait_blocker|2469:: Blocker status: False
2025-12-17 07:30:56,993-INFO-root-24276::webapp_internal::SetLateralMenu|4203:: Menu item: "Cálculos (13)"
2025-12-17 07:30:56,993-DEBUG-root-24276::webapp_internal::wait_blocker|2444:: Waiting blocker to continue...
2025-12-17 07:30:57,099-DEBUG-root-24276::webapp_internal::wait_blocker|2469:: Blocker status: False
2025-12-17 07:30:58,364-DEBUG-root-24276::webapp_internal::wait_element_timeout|7726:: Element found! Waiting for element to be displayed.
2025-12-17 07:30:59,662-DEBUG-root-24276::webapp_internal::wait_blocker|2444:: Waiting blocker to continue...
2025-12-17 07:30:59,763-DEBUG-root-24276::webapp_internal::wait_blocker|2469:: Blocker status: False
2025-12-17 07:31:02,055-INFO-root-24276::webapp_internal::SetLateralMenu|4203:: Menu item: "Por Roteiros"
2025-12-17 07:31:02,055-DEBUG-root-24276::webapp_internal::wait_blocker|2444:: Waiting blocker to continue...
2025-12-17 07:31:02,136-DEBUG-root-24276::webapp_internal::wait_blocker|2469:: Blocker status: False
2025-12-17 07:31:03,670-DEBUG-root-24276::webapp_internal::wait_element_timeout|7726:: Element found! Waiting for element to be displayed.
2025-12-17 07:31:05,159-DEBUG-root-24276::webapp_internal::wait_blocker|2444:: Waiting blocker to continue...
2025-12-17 07:31:05,235-DEBUG-root-24276::webapp_internal::wait_blocker|2469:: Blocker status: False
2025-12-17 07:31:09,777-DEBUG-root-24276::webapp_internal::wait_blocker|2444:: Waiting blocker to continue...
2025-12-17 07:31:09,858-DEBUG-root-24276::webapp_internal::wait_blocker|2469:: Blocker status: False
2025-12-17 07:31:09,936-INFO-root-24276::webapp_internal::WaitShow|4980:: Waiting show text 'Este ambiente utiliza base de Homologação.'...
2025-12-17 07:31:15,045-DEBUG-root-24276::log::checks_empty_line|221:: Checking empty default log info
2025-12-17 07:31:15,047-DEBUG-root-24276::log::generate_log|503:: Json log_data: {'cLogDtExec': '17/12/2025 07:31:15', 'cLogNomUsr': '97137227104', 'cLogNomEst': 'GESIT03', 'cLogProgra': None, 'cLogDtProg': '', 'cLogHrProg': '', 'nLogCtsOk': 1, 'nLogCtsNok': 0, 'nLogCtsSeg': 59.28, 'cLogVersao': '12', 'cLogReleas': '12.1.2410', 'nLogCtsErr': '', 'cLogBancod': 'ORACLE', 'cLogIdenti': '', 'cLogIdExec': '20251217', 'cLogPais': 'BRA', 'cLogTool': 'TIR', 'cLogSequen': '6ebfd4', 'nLogCtsTot': 1, 'cLogDtExea': '17/12/2025', 'cLogHrExea': '07:31:15', 'cLogArea': 'Desenvolvimento', 'cLogMnExec': 0.988}
2025-12-17 07:31:15,047-INFO-root-24276::log::send_log_with_retries|515:: Saving log locally.
2025-12-17 07:31:15,049-INFO-root-24276::log::save_log_locally|548:: [FwSendLog]: Não foi possível enviar o log após todas as tentativas.
2025-12-17 07:31:15,050-INFO-root-24276::log::save_log_locally|555:: [FwSendLog]: Log salvo localmente em C:\TIR_TESTE\1765967475.json.
2025-12-17 07:31:15,050-INFO-root-24276::webapp_internal::WaitShow|4980:: Waiting show text 'Moedas'...
2025-12-17 07:31:20,205-INFO-root-24276::webapp_internal::WaitShow|4980:: Waiting show text 'Processo de Calculo'...
2025-12-17 07:31:20,272-INFO-root-24276::webapp_internal::WaitShow|4996:: Text found! 
2025-12-17 07:31:20,272-INFO-root-24276::webapp_internal::WaitShow|4980:: Waiting show text 'Este programa realiza processos de calculos'...
2025-12-17 07:31:20,323-INFO-root-24276::webapp_internal::WaitShow|4996:: Text found! 
2025-12-17 07:31:20,323-INFO-root-24276::webapp_internal::SetButton|4444:: Clicking on Parametros
2025-12-17 07:31:20,323-DEBUG-root-24276::webapp_internal::wait_blocker|2444:: Waiting blocker to continue...
2025-12-17 07:31:20,404-DEBUG-root-24276::webapp_internal::wait_blocker|2469:: Blocker status: False
2025-12-17 07:31:20,655-DEBUG-root-24276::webapp_internal::wait_element_timeout|7726:: Element found! Waiting for element to be displayed.
2025-12-17 07:31:20,800-DEBUG-root-24276::webapp_internal::SetButton|4481:: ***System Info*** Before Clicking on button:Parametros
2025-12-17 07:31:20,801-DEBUG-root-24276::psutil_info::system_info|5:: CPU USAGE: 9.5%
2025-12-17 07:31:20,801-DEBUG-root-24276::psutil_info::system_info|6:: MEMORY USAGE: 84.7%
2025-12-17 07:31:20,801-DEBUG-root-24276::psutil_info::system_info|7:: MEMORY AVAILABLE: 15.28%
2025-12-17 07:31:21,034-DEBUG-root-24276::webapp_internal::wait_element_timeout|7726:: Element found! Waiting for element to be displayed.
2025-12-17 07:31:21,210-DEBUG-root-24276::webapp_internal::wait_blocker|2444:: Waiting blocker to continue...
2025-12-17 07:31:21,290-DEBUG-root-24276::webapp_internal::wait_blocker|2469:: Blocker status: False
2025-12-17 07:31:21,312-DEBUG-root-24276::webapp_internal::wait_blocker|2444:: Waiting blocker to continue...
2025-12-17 07:31:21,394-DEBUG-root-24276::webapp_internal::wait_blocker|2469:: Blocker status: False
2025-12-17 07:31:21,394-DEBUG-root-24276::webapp_internal::send_action|10480:: Trying to send action
2025-12-17 07:31:21,397-DEBUG-root-24276::base::click|192:: Click Type: ClickType.JS
2025-12-17 07:31:22,431-DEBUG-root-24276::webapp_internal::send_action|10522:: send_action method result = True
2025-12-17 07:31:22,431-DEBUG-root-24276::webapp_internal::send_action|10523:: send_action selenium status: False
2025-12-17 07:31:22,432-DEBUG-root-24276::webapp_internal::SetButton|4683:: ***System Info*** After Clicking on button:
2025-12-17 07:31:22,432-DEBUG-root-24276::psutil_info::system_info|5:: CPU USAGE: 7.5%
2025-12-17 07:31:22,432-DEBUG-root-24276::psutil_info::system_info|6:: MEMORY USAGE: 84.7%
2025-12-17 07:31:22,432-DEBUG-root-24276::psutil_info::system_info|7:: MEMORY AVAILABLE: 15.3%
2025-12-17 07:31:27,433-DEBUG-root-24276::webapp_internal::wait_blocker|2444:: Waiting blocker to continue...
2025-12-17 07:31:27,529-DEBUG-root-24276::webapp_internal::wait_blocker|2469:: Blocker status: False
2025-12-17 07:31:27,529-DEBUG-root-24276::webapp_internal::wait_element|7623:: Waiting for element
2025-12-17 07:31:27,571-DEBUG-root-24276::webapp_internal::wait_element|7653:: Element found! Waiting for element to be displayed.
2025-12-17 07:31:27,725-INFO-root-24276::webapp_internal::input_value|2941:: Looking for element: Processo
2025-12-17 07:31:27,975-INFO-root-24276::webapp_internal::input_value|2951:: Element: Processo Found!
2025-12-17 07:31:27,975-INFO-root-24276::webapp_internal::input_value|2953:: Filling element: Processo
2025-12-17 07:31:27,997-DEBUG-root-24276::webapp_internal::get_web_value|3232:: Current value:      
2025-12-17 07:31:28,024-DEBUG-root-24276::base::double_click|259:: Click Type: ClickType.SELENIUM
2025-12-17 07:31:28,279-DEBUG-root-24276::webapp_internal::wait_blocker|2444:: Waiting blocker to continue...
2025-12-17 07:31:28,365-DEBUG-root-24276::webapp_internal::wait_blocker|2469:: Blocker status: False
2025-12-17 07:31:28,692-DEBUG-root-24276::webapp_internal::get_web_value|3232:: Current value: 00001
2025-12-17 07:31:28,692-INFO-root-24276::webapp_internal::input_value|3059:: Current field value: 00001
2025-12-17 07:31:28,692-DEBUG-root-24276::webapp_internal::wait_blocker|2444:: Waiting blocker to continue...
2025-12-17 07:31:28,783-DEBUG-root-24276::webapp_internal::wait_blocker|2469:: Blocker status: False
2025-12-17 07:31:28,784-DEBUG-root-24276::webapp_internal::wait_element|7623:: Waiting for element
2025-12-17 07:31:28,822-DEBUG-root-24276::webapp_internal::wait_element|7653:: Element found! Waiting for element to be displayed.
2025-12-17 07:31:28,976-INFO-root-24276::webapp_internal::input_value|2941:: Looking for element: Roteiro
2025-12-17 07:31:29,258-INFO-root-24276::webapp_internal::input_value|2951:: Element: Roteiro Found!
2025-12-17 07:31:29,259-INFO-root-24276::webapp_internal::input_value|2953:: Filling element: Roteiro
2025-12-17 07:31:29,277-DEBUG-root-24276::webapp_internal::get_web_value|3232:: Current value:    
2025-12-17 07:31:29,302-DEBUG-root-24276::base::double_click|259:: Click Type: ClickType.SELENIUM
2025-12-17 07:31:29,553-DEBUG-root-24276::webapp_internal::wait_blocker|2444:: Waiting blocker to continue...
2025-12-17 07:31:29,635-DEBUG-root-24276::webapp_internal::wait_blocker|2469:: Blocker status: False
2025-12-17 07:31:29,954-DEBUG-root-24276::webapp_internal::get_web_value|3232:: Current value: VTR
2025-12-17 07:31:29,954-INFO-root-24276::webapp_internal::input_value|3059:: Current field value: VTR
2025-12-17 07:31:30,455-INFO-root-24276::webapp_internal::SetButton|4444:: Clicking on OK
2025-12-17 07:31:30,455-DEBUG-root-24276::webapp_internal::wait_blocker|2444:: Waiting blocker to continue...
2025-12-17 07:31:30,538-DEBUG-root-24276::webapp_internal::wait_blocker|2469:: Blocker status: False
2025-12-17 07:31:30,749-DEBUG-root-24276::webapp_internal::wait_element_timeout|7726:: Element found! Waiting for element to be displayed.
2025-12-17 07:31:30,847-DEBUG-root-24276::webapp_internal::SetButton|4481:: ***System Info*** Before Clicking on button:OK
2025-12-17 07:31:30,847-DEBUG-root-24276::psutil_info::system_info|5:: CPU USAGE: 7.4%
2025-12-17 07:31:30,848-DEBUG-root-24276::psutil_info::system_info|6:: MEMORY USAGE: 83.2%
2025-12-17 07:31:30,848-DEBUG-root-24276::psutil_info::system_info|7:: MEMORY AVAILABLE: 16.84%
2025-12-17 07:31:31,037-DEBUG-root-24276::webapp_internal::wait_element_timeout|7726:: Element found! Waiting for element to be displayed.
2025-12-17 07:31:31,171-DEBUG-root-24276::webapp_internal::wait_blocker|2444:: Waiting blocker to continue...
2025-12-17 07:31:31,254-DEBUG-root-24276::webapp_internal::wait_blocker|2469:: Blocker status: False
2025-12-17 07:31:31,277-DEBUG-root-24276::webapp_internal::wait_blocker|2444:: Waiting blocker to continue...
2025-12-17 07:31:31,365-DEBUG-root-24276::webapp_internal::wait_blocker|2469:: Blocker status: False
2025-12-17 07:31:31,366-DEBUG-root-24276::webapp_internal::send_action|10480:: Trying to send action
2025-12-17 07:31:31,368-DEBUG-root-24276::base::click|192:: Click Type: ClickType.JS
2025-12-17 07:31:32,409-DEBUG-root-24276::webapp_internal::send_action|10522:: send_action method result = True
2025-12-17 07:31:32,409-DEBUG-root-24276::webapp_internal::send_action|10523:: send_action selenium status: False
2025-12-17 07:31:32,409-DEBUG-root-24276::webapp_internal::SetButton|4683:: ***System Info*** After Clicking on button:
2025-12-17 07:31:32,410-DEBUG-root-24276::psutil_info::system_info|5:: CPU USAGE: 5.2%
2025-12-17 07:31:32,410-DEBUG-root-24276::psutil_info::system_info|6:: MEMORY USAGE: 83.4%
2025-12-17 07:31:32,410-DEBUG-root-24276::psutil_info::system_info|7:: MEMORY AVAILABLE: 16.63%
2025-12-17 07:31:37,410-INFO-root-24276::webapp_internal::WaitShow|4980:: Waiting show text 'Parametros'...
2025-12-17 07:31:37,691-INFO-root-24276::webapp_internal::WaitShow|4996:: Text found! 
2025-12-17 07:31:37,691-INFO-root-24276::webapp_internal::SetButton|4444:: Clicking on OK
2025-12-17 07:31:37,691-DEBUG-root-24276::webapp_internal::wait_blocker|2444:: Waiting blocker to continue...
2025-12-17 07:31:37,816-DEBUG-root-24276::webapp_internal::wait_blocker|2469:: Blocker status: False
2025-12-17 07:31:38,032-DEBUG-root-24276::webapp_internal::wait_element_timeout|7726:: Element found! Waiting for element to be displayed.
2025-12-17 07:31:38,151-DEBUG-root-24276::webapp_internal::SetButton|4481:: ***System Info*** Before Clicking on button:OK
2025-12-17 07:31:38,151-DEBUG-root-24276::psutil_info::system_info|5:: CPU USAGE: 5.3%
2025-12-17 07:31:38,151-DEBUG-root-24276::psutil_info::system_info|6:: MEMORY USAGE: 82.9%
2025-12-17 07:31:38,152-DEBUG-root-24276::psutil_info::system_info|7:: MEMORY AVAILABLE: 17.12%
2025-12-17 07:31:38,359-DEBUG-root-24276::webapp_internal::wait_element_timeout|7726:: Element found! Waiting for element to be displayed.
2025-12-17 07:31:38,505-DEBUG-root-24276::webapp_internal::wait_blocker|2444:: Waiting blocker to continue...
2025-12-17 07:31:38,597-DEBUG-root-24276::webapp_internal::wait_blocker|2469:: Blocker status: False
2025-12-17 07:31:38,619-DEBUG-root-24276::webapp_internal::wait_blocker|2444:: Waiting blocker to continue...
2025-12-17 07:31:38,712-DEBUG-root-24276::webapp_internal::wait_blocker|2469:: Blocker status: False
2025-12-17 07:31:38,712-DEBUG-root-24276::webapp_internal::send_action|10480:: Trying to send action
2025-12-17 07:31:38,714-DEBUG-root-24276::base::click|192:: Click Type: ClickType.JS
2025-12-17 07:31:39,742-DEBUG-root-24276::webapp_internal::send_action|10522:: send_action method result = True
2025-12-17 07:31:39,742-DEBUG-root-24276::webapp_internal::send_action|10523:: send_action selenium status: False
2025-12-17 07:31:39,742-DEBUG-root-24276::webapp_internal::SetButton|4683:: ***System Info*** After Clicking on button:
2025-12-17 07:31:39,743-DEBUG-root-24276::psutil_info::system_info|5:: CPU USAGE: 7.1%
2025-12-17 07:31:39,743-DEBUG-root-24276::psutil_info::system_info|6:: MEMORY USAGE: 83.1%
2025-12-17 07:31:39,743-DEBUG-root-24276::psutil_info::system_info|7:: MEMORY AVAILABLE: 16.86%
2025-12-17 07:31:39,756-INFO-root-24276::webapp_internal::SetButton|4444:: Clicking on Calcular
2025-12-17 07:31:39,756-DEBUG-root-24276::webapp_internal::wait_blocker|2444:: Waiting blocker to continue...
2025-12-17 07:31:39,838-DEBUG-root-24276::webapp_internal::wait_blocker|2469:: Blocker status: False
2025-12-17 07:31:40,091-DEBUG-root-24276::webapp_internal::wait_element_timeout|7726:: Element found! Waiting for element to be displayed.
2025-12-17 07:31:40,233-DEBUG-root-24276::webapp_internal::SetButton|4481:: ***System Info*** Before Clicking on button:Calcular
2025-12-17 07:31:40,234-DEBUG-root-24276::psutil_info::system_info|5:: CPU USAGE: 16.0%
2025-12-17 07:31:40,234-DEBUG-root-24276::psutil_info::system_info|6:: MEMORY USAGE: 83.3%
2025-12-17 07:31:40,234-DEBUG-root-24276::psutil_info::system_info|7:: MEMORY AVAILABLE: 16.74%
2025-12-17 07:31:40,472-DEBUG-root-24276::webapp_internal::wait_element_timeout|7726:: Element found! Waiting for element to be displayed.
2025-12-17 07:31:40,658-DEBUG-root-24276::webapp_internal::wait_blocker|2444:: Waiting blocker to continue...
2025-12-17 07:31:40,736-DEBUG-root-24276::webapp_internal::wait_blocker|2469:: Blocker status: False
2025-12-17 07:31:40,757-DEBUG-root-24276::webapp_internal::wait_blocker|2444:: Waiting blocker to continue...
2025-12-17 07:31:40,838-DEBUG-root-24276::webapp_internal::wait_blocker|2469:: Blocker status: False
2025-12-17 07:31:40,838-DEBUG-root-24276::webapp_internal::send_action|10480:: Trying to send action
2025-12-17 07:31:40,840-DEBUG-root-24276::base::click|192:: Click Type: ClickType.JS
2025-12-17 07:31:41,869-DEBUG-root-24276::webapp_internal::send_action|10522:: send_action method result = True
2025-12-17 07:31:41,871-DEBUG-root-24276::webapp_internal::send_action|10523:: send_action selenium status: False
2025-12-17 07:31:41,871-DEBUG-root-24276::webapp_internal::SetButton|4683:: ***System Info*** After Clicking on button:
2025-12-17 07:31:41,871-DEBUG-root-24276::psutil_info::system_info|5:: CPU USAGE: 6.2%
2025-12-17 07:31:41,871-DEBUG-root-24276::psutil_info::system_info|6:: MEMORY USAGE: 83.4%
2025-12-17 07:31:41,872-DEBUG-root-24276::psutil_info::system_info|7:: MEMORY AVAILABLE: 16.64%
2025-12-17 07:31:41,872-INFO-root-24276::webapp_internal::WaitShow|4980:: Waiting show text 'Confirma configuracäo dos parametros?'...
2025-12-17 07:31:41,941-INFO-root-24276::webapp_internal::WaitShow|4996:: Text found! 
2025-12-17 07:31:41,941-INFO-root-24276::webapp_internal::SetButton|4444:: Clicking on Sim
2025-12-17 07:31:41,941-DEBUG-root-24276::webapp_internal::wait_blocker|2444:: Waiting blocker to continue...
2025-12-17 07:31:42,041-DEBUG-root-24276::webapp_internal::wait_blocker|2469:: Blocker status: False
2025-12-17 07:31:42,248-DEBUG-root-24276::webapp_internal::wait_element_timeout|7726:: Element found! Waiting for element to be displayed.
2025-12-17 07:31:42,342-DEBUG-root-24276::webapp_internal::SetButton|4481:: ***System Info*** Before Clicking on button:Sim
2025-12-17 07:31:42,342-DEBUG-root-24276::psutil_info::system_info|5:: CPU USAGE: 11.2%
2025-12-17 07:31:42,342-DEBUG-root-24276::psutil_info::system_info|6:: MEMORY USAGE: 83.4%
2025-12-17 07:31:42,343-DEBUG-root-24276::psutil_info::system_info|7:: MEMORY AVAILABLE: 16.56%
2025-12-17 07:31:42,529-DEBUG-root-24276::webapp_internal::wait_element_timeout|7726:: Element found! Waiting for element to be displayed.
2025-12-17 07:31:42,685-DEBUG-root-24276::webapp_internal::wait_blocker|2444:: Waiting blocker to continue...
2025-12-17 07:31:42,785-DEBUG-root-24276::webapp_internal::wait_blocker|2469:: Blocker status: False
2025-12-17 07:31:42,805-DEBUG-root-24276::webapp_internal::wait_blocker|2444:: Waiting blocker to continue...
2025-12-17 07:31:42,912-DEBUG-root-24276::webapp_internal::wait_blocker|2469:: Blocker status: False
2025-12-17 07:31:42,913-DEBUG-root-24276::webapp_internal::send_action|10480:: Trying to send action
2025-12-17 07:31:42,915-DEBUG-root-24276::base::click|192:: Click Type: ClickType.JS
2025-12-17 07:31:43,948-DEBUG-root-24276::webapp_internal::send_action|10522:: send_action method result = True
2025-12-17 07:31:43,949-DEBUG-root-24276::webapp_internal::send_action|10523:: send_action selenium status: False
2025-12-17 07:31:43,949-DEBUG-root-24276::webapp_internal::SetButton|4683:: ***System Info*** After Clicking on button:
2025-12-17 07:31:43,949-DEBUG-root-24276::psutil_info::system_info|5:: CPU USAGE: 5.5%
2025-12-17 07:31:43,949-DEBUG-root-24276::psutil_info::system_info|6:: MEMORY USAGE: 83.7%
2025-12-17 07:31:43,950-DEBUG-root-24276::psutil_info::system_info|7:: MEMORY AVAILABLE: 16.33%
2025-12-17 07:31:43,963-INFO-root-24276::webapp_internal::WaitShow|4980:: Waiting show text 'Nenhum filtro foi selecionado! Processar toda a tabela?'...
2025-12-17 07:31:44,033-INFO-root-24276::webapp_internal::WaitShow|4996:: Text found! 
2025-12-17 07:31:44,033-INFO-root-24276::webapp_internal::SetButton|4444:: Clicking on Sim
2025-12-17 07:31:44,033-DEBUG-root-24276::webapp_internal::wait_blocker|2444:: Waiting blocker to continue...
2025-12-17 07:31:44,133-DEBUG-root-24276::webapp_internal::wait_blocker|2469:: Blocker status: False
2025-12-17 07:31:44,341-DEBUG-root-24276::webapp_internal::wait_element_timeout|7726:: Element found! Waiting for element to be displayed.
2025-12-17 07:31:44,445-DEBUG-root-24276::webapp_internal::SetButton|4481:: ***System Info*** Before Clicking on button:Sim
2025-12-17 07:31:44,445-DEBUG-root-24276::psutil_info::system_info|5:: CPU USAGE: 12.7%
2025-12-17 07:31:44,445-DEBUG-root-24276::psutil_info::system_info|6:: MEMORY USAGE: 83.7%
2025-12-17 07:31:44,445-DEBUG-root-24276::psutil_info::system_info|7:: MEMORY AVAILABLE: 16.26%
2025-12-17 07:31:44,637-DEBUG-root-24276::webapp_internal::wait_element_timeout|7726:: Element found! Waiting for element to be displayed.
2025-12-17 07:31:44,809-DEBUG-root-24276::webapp_internal::wait_blocker|2444:: Waiting blocker to continue...
2025-12-17 07:31:44,909-DEBUG-root-24276::webapp_internal::wait_blocker|2469:: Blocker status: False
2025-12-17 07:31:44,929-DEBUG-root-24276::webapp_internal::wait_blocker|2444:: Waiting blocker to continue...
2025-12-17 07:31:45,031-DEBUG-root-24276::webapp_internal::wait_blocker|2469:: Blocker status: False
2025-12-17 07:31:45,031-DEBUG-root-24276::webapp_internal::send_action|10480:: Trying to send action
2025-12-17 07:31:45,033-DEBUG-root-24276::base::click|192:: Click Type: ClickType.JS
2025-12-17 07:31:46,065-DEBUG-root-24276::webapp_internal::send_action|10522:: send_action method result = True
2025-12-17 07:31:46,065-DEBUG-root-24276::webapp_internal::send_action|10523:: send_action selenium status: False
2025-12-17 07:31:46,065-DEBUG-root-24276::webapp_internal::SetButton|4683:: ***System Info*** After Clicking on button:
2025-12-17 07:31:46,065-DEBUG-root-24276::psutil_info::system_info|5:: CPU USAGE: 5.3%
2025-12-17 07:31:46,067-DEBUG-root-24276::psutil_info::system_info|6:: MEMORY USAGE: 83.9%
2025-12-17 07:31:46,067-DEBUG-root-24276::psutil_info::system_info|7:: MEMORY AVAILABLE: 16.12%
2025-12-17 07:31:46,580-INFO-root-24276::webapp_internal::WaitShow|4980:: Waiting show text 'Log de Ocorrencias no Processo de Calculo'...
2025-12-17 07:31:57,412-INFO-root-24276::webapp_internal::SetButton|4444:: Clicking on Sair
2025-12-17 07:31:57,412-DEBUG-root-24276::webapp_internal::wait_blocker|2444:: Waiting blocker to continue...
2025-12-17 07:31:57,505-DEBUG-root-24276::webapp_internal::wait_blocker|2469:: Blocker status: False
2025-12-17 07:32:07,787-DEBUG-root-24276::webapp_internal::SetButton|4481:: ***System Info*** Before Clicking on button:Sair
2025-12-17 07:32:07,787-DEBUG-root-24276::psutil_info::system_info|5:: CPU USAGE: 9.6%
2025-12-17 07:32:07,788-DEBUG-root-24276::psutil_info::system_info|6:: MEMORY USAGE: 83.7%
2025-12-17 07:32:07,788-DEBUG-root-24276::psutil_info::system_info|7:: MEMORY AVAILABLE: 16.27%
2025-12-17 07:34:14,312-WARNING-root-24276::webapp_internal::log_error|8143:: Warning log_error Couldn't find element: Sair
2025-12-17 07:34:14,312-DEBUG-root-24276::webapp_internal::log_error|8146:: ***System Info*** in log_error():
2025-12-17 07:34:14,312-DEBUG-root-24276::psutil_info::system_info|5:: CPU USAGE: 10.1%
2025-12-17 07:34:14,313-DEBUG-root-24276::psutil_info::system_info|6:: MEMORY USAGE: 85.4%
2025-12-17 07:34:14,313-DEBUG-root-24276::psutil_info::system_info|7:: MEMORY AVAILABLE: 14.59%
2025-12-17 07:34:15,412-ERROR-root-24276::webapp_internal::TearDown|9654:: Warning tearDown Close Message: Tried to run command without establishing a connection
Traceback (most recent call last):
  File "C:\TIR_TESTE\venv\Lib\site-packages\tir\technologies\webapp_internal.py", line 9652, in TearDown
    self.driver.close()
  File "C:\TIR_TESTE\venv\Lib\site-packages\selenium\webdriver\remote\webdriver.py", line 458, in close
    self.execute(Command.CLOSE)
  File "C:\TIR_TESTE\venv\Lib\site-packages\selenium\webdriver\remote\webdriver.py", line 347, in execute
    self.error_handler.check_response(response)
  File "C:\TIR_TESTE\venv\Lib\site-packages\selenium\webdriver\remote\errorhandler.py", line 229, in check_response
    raise exception_class(message, screen, stacktrace)
selenium.common.exceptions.InvalidSessionIdException: Message: Tried to run command without establishing a connection

