2025-12-05 10:11:49,004-DEBUG-root-44968::logging_config::logger|189:: Log file created: 'Log\GESIT03\TIR__20251205101148982.log'
2025-12-05 10:11:49,004-INFO-root-44968::base::Start|1183:: TIR Version: 2.4.3
2025-12-05 10:11:49,004-INFO-root-44968::base::Start|1184:: Python Version: 3.12.10
2025-12-05 10:11:49,004-INFO-root-44968::base::Start|1185:: Starting the browser
2025-12-05 10:11:56,212-INFO-root-44968::base::get_url|1294:: Page is ready!
2025-12-05 10:11:56,216-INFO-root-44968::base::Start|1256:: Browser maximized to 1936x1048
2025-12-05 10:11:56,216-INFO-root-44968::base::Start|1258:: Screen size is different from default used in headless mode
2025-12-05 10:11:56,510-INFO-root-44968::webapp_internal::Setup|247:: ***System Info*** in Setup():
2025-12-05 10:11:56,511-DEBUG-root-44968::psutil_info::system_info|5:: CPU USAGE: 16.2%
2025-12-05 10:11:56,511-DEBUG-root-44968::psutil_info::system_info|6:: MEMORY USAGE: 88.7%
2025-12-05 10:11:56,511-DEBUG-root-44968::psutil_info::system_info|7:: MEMORY AVAILABLE: 11.32%
2025-12-05 10:11:56,556-INFO-root-44968::base::webapp_shadowroot|1394:: Webapp: 10.1.6-RC4
2025-12-05 10:11:56,858-INFO-root-44968::webapp_internal::filling_initial_program|449:: Filling Initial Program: "SIGAMDI"
2025-12-05 10:11:56,858-DEBUG-root-44968::webapp_internal::wait_element|7623:: Waiting for element
2025-12-05 10:11:57,331-DEBUG-root-44968::webapp_internal::wait_element|7653:: Element found! Waiting for element to be displayed.
2025-12-05 10:11:57,520-DEBUG-root-44968::base::click|192:: Click Type: ClickType.JS
2025-12-05 10:11:57,524-DEBUG-root-44968::webapp_internal::try_send_keys|7976:: Trying to send keys to element using technique 0
2025-12-05 10:11:57,858-DEBUG-root-44968::webapp_internal::get_web_value|3232:: Current value: SIGAMDI
2025-12-05 10:11:57,859-INFO-root-44968::webapp_internal::filling_server_environment|463:: Filling Server Environment: "POUPEX_TST"
2025-12-05 10:11:57,859-DEBUG-root-44968::webapp_internal::wait_element|7623:: Waiting for element
2025-12-05 10:11:57,882-DEBUG-root-44968::webapp_internal::wait_element|7653:: Element found! Waiting for element to be displayed.
2025-12-05 10:11:58,045-DEBUG-root-44968::base::click|192:: Click Type: ClickType.JS
2025-12-05 10:11:58,050-DEBUG-root-44968::webapp_internal::try_send_keys|7976:: Trying to send keys to element using technique 0
2025-12-05 10:11:58,359-DEBUG-root-44968::webapp_internal::get_web_value|3232:: Current value: POUPEX_TST
2025-12-05 10:11:58,377-DEBUG-root-44968::base::click|192:: Click Type: ClickType.JS
2025-12-05 10:11:58,389-DEBUG-root-44968::webapp_internal::user_screen|519:: Filling user screen
2025-12-05 10:12:04,979-DEBUG-root-44968::webapp_internal::wait_element_timeout|7726:: Element found! Waiting for element to be displayed.
2025-12-05 10:12:05,031-DEBUG-root-44968::base::scroll_to_element|759:: ********Warining scroll_to_element exception: Message: TypeError: can't access property "scrollIntoView", arguments[0] is null
Stacktrace:
@https://qasrverp:10020/webapp/:2:7
@https://qasrverp:10020/webapp/:3:8
*********
2025-12-05 10:12:05,165-INFO-root-44968::webapp_internal::user_screen|561:: Filling User
2025-12-05 10:12:05,193-DEBUG-root-44968::base::double_click|259:: Click Type: ClickType.SELENIUM
2025-12-05 10:12:05,373-DEBUG-root-44968::webapp_internal::get_web_value|3232:: Current value: 97137227104
2025-12-05 10:12:05,396-INFO-root-44968::webapp_internal::user_screen|621:: Filling Password
2025-12-05 10:12:05,416-DEBUG-root-44968::base::click|192:: Click Type: ClickType.JS
2025-12-05 10:12:05,492-DEBUG-root-44968::webapp_internal::get_web_value|3232:: Current value: Val20221080080094+
2025-12-05 10:12:05,492-DEBUG-root-44968::webapp_internal::wait_blocker|2444:: Waiting blocker to continue...
2025-12-05 10:12:05,521-DEBUG-root-44968::webapp_internal::wait_blocker|2469:: Blocker status: None
2025-12-05 10:12:05,540-DEBUG-root-44968::webapp_internal::wait_blocker|2444:: Waiting blocker to continue...
2025-12-05 10:12:05,566-DEBUG-root-44968::webapp_internal::wait_blocker|2469:: Blocker status: None
2025-12-05 10:12:05,600-DEBUG-root-44968::webapp_internal::wait_blocker|2444:: Waiting blocker to continue...
2025-12-05 10:12:05,626-DEBUG-root-44968::webapp_internal::wait_blocker|2469:: Blocker status: None
2025-12-05 10:12:05,626-DEBUG-root-44968::webapp_internal::send_action|10480:: Trying to send action
2025-12-05 10:12:05,633-DEBUG-root-44968::base::click|192:: Click Type: ClickType.JS
2025-12-05 10:12:06,671-DEBUG-root-44968::webapp_internal::send_action|10522:: send_action method result = True
2025-12-05 10:12:06,671-DEBUG-root-44968::webapp_internal::send_action|10523:: send_action selenium status: False
2025-12-05 10:12:09,091-DEBUG-root-44968::base::scroll_to_element|759:: ********Warining scroll_to_element exception: Message: TypeError: can't access property "scrollIntoView", arguments[0] is null
Stacktrace:
@https://qasrverp:10020/webapp/:2:7
@https://qasrverp:10020/webapp/:3:8
*********
2025-12-05 10:12:09,166-INFO-root-44968::webapp_internal::filling_date|885:: Filling Date: "05/12/2025"
2025-12-05 10:12:09,166-DEBUG-root-44968::webapp_internal::wait_blocker|2444:: Waiting blocker to continue...
2025-12-05 10:12:09,232-DEBUG-root-44968::webapp_internal::wait_blocker|2469:: Blocker status: None
2025-12-05 10:12:09,236-DEBUG-root-44968::base::click|192:: Click Type: ClickType.JS
2025-12-05 10:12:09,266-DEBUG-root-44968::webapp_internal::try_send_keys|7976:: Trying to send keys to element using technique 1
2025-12-05 10:12:09,369-DEBUG-root-44968::webapp_internal::get_web_value|3232:: Current value: 05/12/2025
2025-12-05 10:12:10,450-INFO-root-44968::webapp_internal::filling_group|955:: Filling Group: "02"
2025-12-05 10:12:10,451-DEBUG-root-44968::webapp_internal::wait_blocker|2444:: Waiting blocker to continue...
2025-12-05 10:12:10,493-DEBUG-root-44968::webapp_internal::wait_blocker|2469:: Blocker status: None
2025-12-05 10:12:10,497-DEBUG-root-44968::base::click|192:: Click Type: ClickType.JS
2025-12-05 10:12:10,566-DEBUG-root-44968::webapp_internal::get_web_value|3232:: Current value: 02
2025-12-05 10:12:11,645-INFO-root-44968::webapp_internal::filling_branch|1047:: Filling Branch: "02DF0001"
2025-12-05 10:12:11,645-DEBUG-root-44968::webapp_internal::wait_blocker|2444:: Waiting blocker to continue...
2025-12-05 10:12:11,679-DEBUG-root-44968::webapp_internal::wait_blocker|2469:: Blocker status: None
2025-12-05 10:12:11,682-DEBUG-root-44968::base::click|192:: Click Type: ClickType.JS
2025-12-05 10:12:11,743-DEBUG-root-44968::webapp_internal::get_web_value|3232:: Current value: 02DF0001
2025-12-05 10:12:12,832-INFO-root-44968::webapp_internal::filling_environment|1113:: Filling Environment: "07"
2025-12-05 10:12:12,832-DEBUG-root-44968::webapp_internal::wait_blocker|2444:: Waiting blocker to continue...
2025-12-05 10:12:12,878-DEBUG-root-44968::webapp_internal::wait_blocker|2469:: Blocker status: None
2025-12-05 10:12:12,889-DEBUG-root-44968::base::click|192:: Click Type: ClickType.JS
2025-12-05 10:12:12,974-DEBUG-root-44968::webapp_internal::get_web_value|3232:: Current value: 07
2025-12-05 10:12:13,988-DEBUG-root-44968::webapp_internal::close_warning_screen|1489:: Closing warning screen!
2025-12-05 10:12:15,019-DEBUG-root-44968::webapp_internal::check_screen_element|1291:: Checking screen element: "Atenção": False
2025-12-05 10:12:16,135-INFO-root-44968::webapp_internal::environment_screen|796:: Clicking on Button
2025-12-05 10:12:16,135-DEBUG-root-44968::webapp_internal::wait_blocker|2444:: Waiting blocker to continue...
2025-12-05 10:12:16,203-DEBUG-root-44968::webapp_internal::wait_blocker|2469:: Blocker status: None
2025-12-05 10:12:16,208-DEBUG-root-44968::base::click|192:: Click Type: ClickType.JS
2025-12-05 10:12:17,225-DEBUG-root-44968::base::click|192:: Click Type: ClickType.JS
2025-12-05 10:12:18,236-DEBUG-root-44968::base::click|192:: Click Type: ClickType.JS
2025-12-05 10:12:19,242-DEBUG-root-44968::base::click|192:: Click Type: ClickType.JS
2025-12-05 10:12:20,250-DEBUG-root-44968::base::click|192:: Click Type: ClickType.JS
2025-12-05 10:12:21,259-DEBUG-root-44968::base::click|192:: Click Type: ClickType.JS
2025-12-05 10:12:22,270-DEBUG-root-44968::webapp_internal::close_screen_before_menu|368:: Closing screen before the menu
2025-12-05 10:12:22,336-DEBUG-root-44968::webapp_internal::close_warning_screen|1489:: Closing warning screen!
2025-12-05 10:12:23,378-DEBUG-root-44968::webapp_internal::check_screen_element|1291:: Checking screen element: "Atenção": False
2025-12-05 10:12:23,378-DEBUG-root-44968::webapp_internal::close_coin_screen|1424:: Closing coin screen!
2025-12-05 10:12:23,949-DEBUG-root-44968::base::click|192:: Click Type: ClickType.JS
2025-12-05 10:12:24,033-DEBUG-root-44968::webapp_internal::close_warning_screen|1489:: Closing warning screen!
2025-12-05 10:12:25,092-DEBUG-root-44968::webapp_internal::check_screen_element|1291:: Checking screen element: "Atenção": False
2025-12-05 10:12:25,093-DEBUG-root-44968::webapp_internal::close_coin_screen|1424:: Closing coin screen!
2025-12-05 10:12:25,200-INFO-root-44968::webapp_internal::set_log_info|1623:: Getting log info
2025-12-05 10:12:25,200-INFO-root-44968::webapp_internal::SetLateralMenu|4184:: Navigating lateral menu: Ajuda > Sobre
2025-12-05 10:12:25,210-DEBUG-root-44968::webapp_internal::wait_element|7623:: Waiting for element
2025-12-05 10:12:25,262-DEBUG-root-44968::webapp_internal::wait_element|7653:: Element found! Waiting for element to be displayed.
2025-12-05 10:12:25,425-INFO-root-44968::webapp_internal::SetLateralMenu|4203:: Menu item: "Ajuda"
2025-12-05 10:12:25,426-DEBUG-root-44968::webapp_internal::wait_blocker|2444:: Waiting blocker to continue...
2025-12-05 10:12:25,489-DEBUG-root-44968::webapp_internal::wait_blocker|2469:: Blocker status: False
2025-12-05 10:12:25,840-DEBUG-root-44968::webapp_internal::wait_element_timeout|7726:: Element found! Waiting for element to be displayed.
2025-12-05 10:12:26,131-DEBUG-root-44968::webapp_internal::wait_blocker|2444:: Waiting blocker to continue...
2025-12-05 10:12:26,198-DEBUG-root-44968::webapp_internal::wait_blocker|2469:: Blocker status: False
2025-12-05 10:12:28,500-INFO-root-44968::webapp_internal::SetLateralMenu|4203:: Menu item: "Sobre"
2025-12-05 10:12:28,500-DEBUG-root-44968::webapp_internal::wait_blocker|2444:: Waiting blocker to continue...
2025-12-05 10:12:28,558-DEBUG-root-44968::webapp_internal::wait_blocker|2469:: Blocker status: False
2025-12-05 10:12:28,948-DEBUG-root-44968::webapp_internal::wait_element_timeout|7726:: Element found! Waiting for element to be displayed.
2025-12-05 10:12:29,276-DEBUG-root-44968::webapp_internal::wait_blocker|2444:: Waiting blocker to continue...
2025-12-05 10:12:29,338-DEBUG-root-44968::webapp_internal::wait_blocker|2469:: Blocker status: False
2025-12-05 10:12:32,239-ERROR-root-44968::webapp_internal::web_scrap|3782:: Message: Tried to run command without establishing a connection
Traceback (most recent call last):
  File "C:\TIR_TESTE\venv\Lib\site-packages\tir\technologies\core\base.py", line 501, in get_current_DOM
    self.driver.switch_to.default_content()
  File "C:\TIR_TESTE\venv\Lib\site-packages\selenium\webdriver\remote\switch_to.py", line 69, in default_content
    self._driver.execute(Command.SWITCH_TO_FRAME, {"id": None})
  File "C:\TIR_TESTE\venv\Lib\site-packages\selenium\webdriver\remote\webdriver.py", line 347, in execute
    self.error_handler.check_response(response)
  File "C:\TIR_TESTE\venv\Lib\site-packages\selenium\webdriver\remote\errorhandler.py", line 229, in check_response
    raise exception_class(message, screen, stacktrace)
selenium.common.exceptions.WebDriverException: Message: Failed to decode response from marionette


During handling of the above exception, another exception occurred:

Traceback (most recent call last):
  File "C:\TIR_TESTE\venv\Lib\site-packages\tir\technologies\webapp_internal.py", line 3719, in web_scrap
    soup = self.get_current_DOM(twebview=twebview)
           ^^^^^^^^^^^^^^^^^^^^^^^^^^^^^^^^^^^^^^^
  File "C:\TIR_TESTE\venv\Lib\site-packages\tir\technologies\core\base.py", line 538, in get_current_DOM
    self.driver.switch_to.default_content()
  File "C:\TIR_TESTE\venv\Lib\site-packages\selenium\webdriver\remote\switch_to.py", line 69, in default_content
    self._driver.execute(Command.SWITCH_TO_FRAME, {"id": None})
  File "C:\TIR_TESTE\venv\Lib\site-packages\selenium\webdriver\remote\webdriver.py", line 347, in execute
    self.error_handler.check_response(response)
  File "C:\TIR_TESTE\venv\Lib\site-packages\selenium\webdriver\remote\errorhandler.py", line 229, in check_response
    raise exception_class(message, screen, stacktrace)
selenium.common.exceptions.InvalidSessionIdException: Message: Tried to run command without establishing a connection

2025-12-05 10:12:32,273-DEBUG-root-44968::webapp_internal::wait_blocker|2444:: Waiting blocker to continue...
2025-12-05 10:12:32,276-DEBUG-root-44968::webapp_internal::wait_blocker|2469:: Blocker status: None
2025-12-05 10:12:32,278-ERROR-root-44968::webapp_internal::SetLateralMenu|4344:: Message: Tried to run command without establishing a connection
Traceback (most recent call last):
  File "C:\TIR_TESTE\venv\Lib\site-packages\tir\technologies\core\base.py", line 501, in get_current_DOM
    self.driver.switch_to.default_content()
  File "C:\TIR_TESTE\venv\Lib\site-packages\selenium\webdriver\remote\switch_to.py", line 69, in default_content
    self._driver.execute(Command.SWITCH_TO_FRAME, {"id": None})
  File "C:\TIR_TESTE\venv\Lib\site-packages\selenium\webdriver\remote\webdriver.py", line 347, in execute
    self.error_handler.check_response(response)
  File "C:\TIR_TESTE\venv\Lib\site-packages\selenium\webdriver\remote\errorhandler.py", line 229, in check_response
    raise exception_class(message, screen, stacktrace)
selenium.common.exceptions.InvalidSessionIdException: Message: Tried to run command without establishing a connection


During handling of the above exception, another exception occurred:

Traceback (most recent call last):
  File "C:\TIR_TESTE\venv\Lib\site-packages\tir\technologies\webapp_internal.py", line 4337, in SetLateralMenu
    if self.element_exists(term=term, scrap_type=scrap_type,
       ^^^^^^^^^^^^^^^^^^^^^^^^^^^^^^^^^^^^^^^^^^^^^^^^^^^^^
  File "C:\TIR_TESTE\venv\Lib\site-packages\tir\technologies\webapp_internal.py", line 4073, in element_exists
    soup = self.get_current_DOM(twebview=twebview)
           ^^^^^^^^^^^^^^^^^^^^^^^^^^^^^^^^^^^^^^^
  File "C:\TIR_TESTE\venv\Lib\site-packages\tir\technologies\core\base.py", line 538, in get_current_DOM
    self.driver.switch_to.default_content()
  File "C:\TIR_TESTE\venv\Lib\site-packages\selenium\webdriver\remote\switch_to.py", line 69, in default_content
    self._driver.execute(Command.SWITCH_TO_FRAME, {"id": None})
  File "C:\TIR_TESTE\venv\Lib\site-packages\selenium\webdriver\remote\webdriver.py", line 347, in execute
    self.error_handler.check_response(response)
  File "C:\TIR_TESTE\venv\Lib\site-packages\selenium\webdriver\remote\errorhandler.py", line 229, in check_response
    raise exception_class(message, screen, stacktrace)
selenium.common.exceptions.InvalidSessionIdException: Message: Tried to run command without establishing a connection

2025-12-05 10:12:32,279-DEBUG-root-44968::webapp_internal::wait_element|7623:: Waiting for element
2025-12-05 10:12:32,280-ERROR-root-44968::webapp_internal::Setup|320:: Message: Tried to run command without establishing a connection
Traceback (most recent call last):
  File "C:\TIR_TESTE\venv\Lib\site-packages\tir\technologies\core\base.py", line 501, in get_current_DOM
    self.driver.switch_to.default_content()
  File "C:\TIR_TESTE\venv\Lib\site-packages\selenium\webdriver\remote\switch_to.py", line 69, in default_content
    self._driver.execute(Command.SWITCH_TO_FRAME, {"id": None})
  File "C:\TIR_TESTE\venv\Lib\site-packages\selenium\webdriver\remote\webdriver.py", line 347, in execute
    self.error_handler.check_response(response)
  File "C:\TIR_TESTE\venv\Lib\site-packages\selenium\webdriver\remote\errorhandler.py", line 229, in check_response
    raise exception_class(message, screen, stacktrace)
selenium.common.exceptions.InvalidSessionIdException: Message: Tried to run command without establishing a connection


During handling of the above exception, another exception occurred:

Traceback (most recent call last):
  File "C:\TIR_TESTE\venv\Lib\site-packages\tir\technologies\webapp_internal.py", line 311, in Setup
    self.set_log_info_config() if self.config.log_info_config else self.set_log_info()
                                                                   ^^^^^^^^^^^^^^^^^^^
  File "C:\TIR_TESTE\venv\Lib\site-packages\tir\technologies\webapp_internal.py", line 1631, in set_log_info
    self.wait_element(term=term_dialog, scrap_type=enum.ScrapType.CSS_SELECTOR, main_container="body")
  File "C:\TIR_TESTE\venv\Lib\site-packages\tir\technologies\webapp_internal.py", line 7626, in wait_element
    while (not self.element_exists(term, scrap_type, position, optional_term, main_container, check_error, twebview, second_term) and time.time() < endtime):
               ^^^^^^^^^^^^^^^^^^^^^^^^^^^^^^^^^^^^^^^^^^^^^^^^^^^^^^^^^^^^^^^^^^^^^^^^^^^^^^^^^^^^^^^^^^^^^^^^^^^^^^^^^^^^^^^^^^
  File "C:\TIR_TESTE\venv\Lib\site-packages\tir\technologies\webapp_internal.py", line 4073, in element_exists
    soup = self.get_current_DOM(twebview=twebview)
           ^^^^^^^^^^^^^^^^^^^^^^^^^^^^^^^^^^^^^^^
  File "C:\TIR_TESTE\venv\Lib\site-packages\tir\technologies\core\base.py", line 538, in get_current_DOM
    self.driver.switch_to.default_content()
  File "C:\TIR_TESTE\venv\Lib\site-packages\selenium\webdriver\remote\switch_to.py", line 69, in default_content
    self._driver.execute(Command.SWITCH_TO_FRAME, {"id": None})
  File "C:\TIR_TESTE\venv\Lib\site-packages\selenium\webdriver\remote\webdriver.py", line 347, in execute
    self.error_handler.check_response(response)
  File "C:\TIR_TESTE\venv\Lib\site-packages\selenium\webdriver\remote\errorhandler.py", line 229, in check_response
    raise exception_class(message, screen, stacktrace)
selenium.common.exceptions.InvalidSessionIdException: Message: Tried to run command without establishing a connection

2025-12-05 10:12:32,283-INFO-root-44968::webapp_internal::SetLateralMenu|4184:: Navigating lateral menu: Atualizações > Gestao de Viagens > Cadastro (5) > Orcamento por UTA
2025-12-05 10:11:49,004-DEBUG-root-44968::logging_config::logger|189:: Log file created: 'Log\GESIT03\TIR__20251205101148982.log'
2025-12-05 10:11:49,004-INFO-root-44968::base::Start|1183:: TIR Version: 2.4.3
2025-12-05 10:11:49,004-INFO-root-44968::base::Start|1184:: Python Version: 3.12.10
2025-12-05 10:11:49,004-INFO-root-44968::base::Start|1185:: Starting the browser
2025-12-05 10:11:56,212-INFO-root-44968::base::get_url|1294:: Page is ready!
2025-12-05 10:11:56,216-INFO-root-44968::base::Start|1256:: Browser maximized to 1936x1048
2025-12-05 10:11:56,216-INFO-root-44968::base::Start|1258:: Screen size is different from default used in headless mode
2025-12-05 10:11:56,510-INFO-root-44968::webapp_internal::Setup|247:: ***System Info*** in Setup():
2025-12-05 10:11:56,511-DEBUG-root-44968::psutil_info::system_info|5:: CPU USAGE: 16.2%
2025-12-05 10:11:56,511-DEBUG-root-44968::psutil_info::system_info|6:: MEMORY USAGE: 88.7%
2025-12-05 10:11:56,511-DEBUG-root-44968::psutil_info::system_info|7:: MEMORY AVAILABLE: 11.32%
2025-12-05 10:11:56,556-INFO-root-44968::base::webapp_shadowroot|1394:: Webapp: 10.1.6-RC4
2025-12-05 10:11:56,858-INFO-root-44968::webapp_internal::filling_initial_program|449:: Filling Initial Program: "SIGAMDI"
2025-12-05 10:11:56,858-DEBUG-root-44968::webapp_internal::wait_element|7623:: Waiting for element
2025-12-05 10:11:57,331-DEBUG-root-44968::webapp_internal::wait_element|7653:: Element found! Waiting for element to be displayed.
2025-12-05 10:11:57,520-DEBUG-root-44968::base::click|192:: Click Type: ClickType.JS
2025-12-05 10:11:57,524-DEBUG-root-44968::webapp_internal::try_send_keys|7976:: Trying to send keys to element using technique 0
2025-12-05 10:11:57,858-DEBUG-root-44968::webapp_internal::get_web_value|3232:: Current value: SIGAMDI
2025-12-05 10:11:57,859-INFO-root-44968::webapp_internal::filling_server_environment|463:: Filling Server Environment: "POUPEX_TST"
2025-12-05 10:11:57,859-DEBUG-root-44968::webapp_internal::wait_element|7623:: Waiting for element
2025-12-05 10:11:57,882-DEBUG-root-44968::webapp_internal::wait_element|7653:: Element found! Waiting for element to be displayed.
2025-12-05 10:11:58,045-DEBUG-root-44968::base::click|192:: Click Type: ClickType.JS
2025-12-05 10:11:58,050-DEBUG-root-44968::webapp_internal::try_send_keys|7976:: Trying to send keys to element using technique 0
2025-12-05 10:11:58,359-DEBUG-root-44968::webapp_internal::get_web_value|3232:: Current value: POUPEX_TST
2025-12-05 10:11:58,377-DEBUG-root-44968::base::click|192:: Click Type: ClickType.JS
2025-12-05 10:11:58,389-DEBUG-root-44968::webapp_internal::user_screen|519:: Filling user screen
2025-12-05 10:12:04,979-DEBUG-root-44968::webapp_internal::wait_element_timeout|7726:: Element found! Waiting for element to be displayed.
2025-12-05 10:12:05,031-DEBUG-root-44968::base::scroll_to_element|759:: ********Warining scroll_to_element exception: Message: TypeError: can't access property "scrollIntoView", arguments[0] is null
Stacktrace:
@https://qasrverp:10020/webapp/:2:7
@https://qasrverp:10020/webapp/:3:8
*********
2025-12-05 10:12:05,165-INFO-root-44968::webapp_internal::user_screen|561:: Filling User
2025-12-05 10:12:05,193-DEBUG-root-44968::base::double_click|259:: Click Type: ClickType.SELENIUM
2025-12-05 10:12:05,373-DEBUG-root-44968::webapp_internal::get_web_value|3232:: Current value: 97137227104
2025-12-05 10:12:05,396-INFO-root-44968::webapp_internal::user_screen|621:: Filling Password
2025-12-05 10:12:05,416-DEBUG-root-44968::base::click|192:: Click Type: ClickType.JS
2025-12-05 10:12:05,492-DEBUG-root-44968::webapp_internal::get_web_value|3232:: Current value: Val20221080080094+
2025-12-05 10:12:05,492-DEBUG-root-44968::webapp_internal::wait_blocker|2444:: Waiting blocker to continue...
2025-12-05 10:12:05,521-DEBUG-root-44968::webapp_internal::wait_blocker|2469:: Blocker status: None
2025-12-05 10:12:05,540-DEBUG-root-44968::webapp_internal::wait_blocker|2444:: Waiting blocker to continue...
2025-12-05 10:12:05,566-DEBUG-root-44968::webapp_internal::wait_blocker|2469:: Blocker status: None
2025-12-05 10:12:05,600-DEBUG-root-44968::webapp_internal::wait_blocker|2444:: Waiting blocker to continue...
2025-12-05 10:12:05,626-DEBUG-root-44968::webapp_internal::wait_blocker|2469:: Blocker status: None
2025-12-05 10:12:05,626-DEBUG-root-44968::webapp_internal::send_action|10480:: Trying to send action
2025-12-05 10:12:05,633-DEBUG-root-44968::base::click|192:: Click Type: ClickType.JS
2025-12-05 10:12:06,671-DEBUG-root-44968::webapp_internal::send_action|10522:: send_action method result = True
2025-12-05 10:12:06,671-DEBUG-root-44968::webapp_internal::send_action|10523:: send_action selenium status: False
2025-12-05 10:12:09,091-DEBUG-root-44968::base::scroll_to_element|759:: ********Warining scroll_to_element exception: Message: TypeError: can't access property "scrollIntoView", arguments[0] is null
Stacktrace:
@https://qasrverp:10020/webapp/:2:7
@https://qasrverp:10020/webapp/:3:8
*********
2025-12-05 10:12:09,166-INFO-root-44968::webapp_internal::filling_date|885:: Filling Date: "05/12/2025"
2025-12-05 10:12:09,166-DEBUG-root-44968::webapp_internal::wait_blocker|2444:: Waiting blocker to continue...
2025-12-05 10:12:09,232-DEBUG-root-44968::webapp_internal::wait_blocker|2469:: Blocker status: None
2025-12-05 10:12:09,236-DEBUG-root-44968::base::click|192:: Click Type: ClickType.JS
2025-12-05 10:12:09,266-DEBUG-root-44968::webapp_internal::try_send_keys|7976:: Trying to send keys to element using technique 1
2025-12-05 10:12:09,369-DEBUG-root-44968::webapp_internal::get_web_value|3232:: Current value: 05/12/2025
2025-12-05 10:12:10,450-INFO-root-44968::webapp_internal::filling_group|955:: Filling Group: "02"
2025-12-05 10:12:10,451-DEBUG-root-44968::webapp_internal::wait_blocker|2444:: Waiting blocker to continue...
2025-12-05 10:12:10,493-DEBUG-root-44968::webapp_internal::wait_blocker|2469:: Blocker status: None
2025-12-05 10:12:10,497-DEBUG-root-44968::base::click|192:: Click Type: ClickType.JS
2025-12-05 10:12:10,566-DEBUG-root-44968::webapp_internal::get_web_value|3232:: Current value: 02
2025-12-05 10:12:11,645-INFO-root-44968::webapp_internal::filling_branch|1047:: Filling Branch: "02DF0001"
2025-12-05 10:12:11,645-DEBUG-root-44968::webapp_internal::wait_blocker|2444:: Waiting blocker to continue...
2025-12-05 10:12:11,679-DEBUG-root-44968::webapp_internal::wait_blocker|2469:: Blocker status: None
2025-12-05 10:12:11,682-DEBUG-root-44968::base::click|192:: Click Type: ClickType.JS
2025-12-05 10:12:11,743-DEBUG-root-44968::webapp_internal::get_web_value|3232:: Current value: 02DF0001
2025-12-05 10:12:12,832-INFO-root-44968::webapp_internal::filling_environment|1113:: Filling Environment: "07"
2025-12-05 10:12:12,832-DEBUG-root-44968::webapp_internal::wait_blocker|2444:: Waiting blocker to continue...
2025-12-05 10:12:12,878-DEBUG-root-44968::webapp_internal::wait_blocker|2469:: Blocker status: None
2025-12-05 10:12:12,889-DEBUG-root-44968::base::click|192:: Click Type: ClickType.JS
2025-12-05 10:12:12,974-DEBUG-root-44968::webapp_internal::get_web_value|3232:: Current value: 07
2025-12-05 10:12:13,988-DEBUG-root-44968::webapp_internal::close_warning_screen|1489:: Closing warning screen!
2025-12-05 10:12:15,019-DEBUG-root-44968::webapp_internal::check_screen_element|1291:: Checking screen element: "Atenção": False
2025-12-05 10:12:16,135-INFO-root-44968::webapp_internal::environment_screen|796:: Clicking on Button
2025-12-05 10:12:16,135-DEBUG-root-44968::webapp_internal::wait_blocker|2444:: Waiting blocker to continue...
2025-12-05 10:12:16,203-DEBUG-root-44968::webapp_internal::wait_blocker|2469:: Blocker status: None
2025-12-05 10:12:16,208-DEBUG-root-44968::base::click|192:: Click Type: ClickType.JS
2025-12-05 10:12:17,225-DEBUG-root-44968::base::click|192:: Click Type: ClickType.JS
2025-12-05 10:12:18,236-DEBUG-root-44968::base::click|192:: Click Type: ClickType.JS
2025-12-05 10:12:19,242-DEBUG-root-44968::base::click|192:: Click Type: ClickType.JS
2025-12-05 10:12:20,250-DEBUG-root-44968::base::click|192:: Click Type: ClickType.JS
2025-12-05 10:12:21,259-DEBUG-root-44968::base::click|192:: Click Type: ClickType.JS
2025-12-05 10:12:22,270-DEBUG-root-44968::webapp_internal::close_screen_before_menu|368:: Closing screen before the menu
2025-12-05 10:12:22,336-DEBUG-root-44968::webapp_internal::close_warning_screen|1489:: Closing warning screen!
2025-12-05 10:12:23,378-DEBUG-root-44968::webapp_internal::check_screen_element|1291:: Checking screen element: "Atenção": False
2025-12-05 10:12:23,378-DEBUG-root-44968::webapp_internal::close_coin_screen|1424:: Closing coin screen!
2025-12-05 10:12:23,949-DEBUG-root-44968::base::click|192:: Click Type: ClickType.JS
2025-12-05 10:12:24,033-DEBUG-root-44968::webapp_internal::close_warning_screen|1489:: Closing warning screen!
2025-12-05 10:12:25,092-DEBUG-root-44968::webapp_internal::check_screen_element|1291:: Checking screen element: "Atenção": False
2025-12-05 10:12:25,093-DEBUG-root-44968::webapp_internal::close_coin_screen|1424:: Closing coin screen!
2025-12-05 10:12:25,200-INFO-root-44968::webapp_internal::set_log_info|1623:: Getting log info
2025-12-05 10:12:25,200-INFO-root-44968::webapp_internal::SetLateralMenu|4184:: Navigating lateral menu: Ajuda > Sobre
2025-12-05 10:12:25,210-DEBUG-root-44968::webapp_internal::wait_element|7623:: Waiting for element
2025-12-05 10:12:25,262-DEBUG-root-44968::webapp_internal::wait_element|7653:: Element found! Waiting for element to be displayed.
2025-12-05 10:12:25,425-INFO-root-44968::webapp_internal::SetLateralMenu|4203:: Menu item: "Ajuda"
2025-12-05 10:12:25,426-DEBUG-root-44968::webapp_internal::wait_blocker|2444:: Waiting blocker to continue...
2025-12-05 10:12:25,489-DEBUG-root-44968::webapp_internal::wait_blocker|2469:: Blocker status: False
2025-12-05 10:12:25,840-DEBUG-root-44968::webapp_internal::wait_element_timeout|7726:: Element found! Waiting for element to be displayed.
2025-12-05 10:12:26,131-DEBUG-root-44968::webapp_internal::wait_blocker|2444:: Waiting blocker to continue...
2025-12-05 10:12:26,198-DEBUG-root-44968::webapp_internal::wait_blocker|2469:: Blocker status: False
2025-12-05 10:12:28,500-INFO-root-44968::webapp_internal::SetLateralMenu|4203:: Menu item: "Sobre"
2025-12-05 10:12:28,500-DEBUG-root-44968::webapp_internal::wait_blocker|2444:: Waiting blocker to continue...
2025-12-05 10:12:28,558-DEBUG-root-44968::webapp_internal::wait_blocker|2469:: Blocker status: False
2025-12-05 10:12:28,948-DEBUG-root-44968::webapp_internal::wait_element_timeout|7726:: Element found! Waiting for element to be displayed.
2025-12-05 10:12:29,276-DEBUG-root-44968::webapp_internal::wait_blocker|2444:: Waiting blocker to continue...
2025-12-05 10:12:29,338-DEBUG-root-44968::webapp_internal::wait_blocker|2469:: Blocker status: False
2025-12-05 10:12:32,239-ERROR-root-44968::webapp_internal::web_scrap|3782:: Message: Tried to run command without establishing a connection
Traceback (most recent call last):
  File "C:\TIR_TESTE\venv\Lib\site-packages\tir\technologies\core\base.py", line 501, in get_current_DOM
    self.driver.switch_to.default_content()
  File "C:\TIR_TESTE\venv\Lib\site-packages\selenium\webdriver\remote\switch_to.py", line 69, in default_content
    self._driver.execute(Command.SWITCH_TO_FRAME, {"id": None})
  File "C:\TIR_TESTE\venv\Lib\site-packages\selenium\webdriver\remote\webdriver.py", line 347, in execute
    self.error_handler.check_response(response)
  File "C:\TIR_TESTE\venv\Lib\site-packages\selenium\webdriver\remote\errorhandler.py", line 229, in check_response
    raise exception_class(message, screen, stacktrace)
selenium.common.exceptions.WebDriverException: Message: Failed to decode response from marionette


During handling of the above exception, another exception occurred:

Traceback (most recent call last):
  File "C:\TIR_TESTE\venv\Lib\site-packages\tir\technologies\webapp_internal.py", line 3719, in web_scrap
    soup = self.get_current_DOM(twebview=twebview)
           ^^^^^^^^^^^^^^^^^^^^^^^^^^^^^^^^^^^^^^^
  File "C:\TIR_TESTE\venv\Lib\site-packages\tir\technologies\core\base.py", line 538, in get_current_DOM
    self.driver.switch_to.default_content()
  File "C:\TIR_TESTE\venv\Lib\site-packages\selenium\webdriver\remote\switch_to.py", line 69, in default_content
    self._driver.execute(Command.SWITCH_TO_FRAME, {"id": None})
  File "C:\TIR_TESTE\venv\Lib\site-packages\selenium\webdriver\remote\webdriver.py", line 347, in execute
    self.error_handler.check_response(response)
  File "C:\TIR_TESTE\venv\Lib\site-packages\selenium\webdriver\remote\errorhandler.py", line 229, in check_response
    raise exception_class(message, screen, stacktrace)
selenium.common.exceptions.InvalidSessionIdException: Message: Tried to run command without establishing a connection

2025-12-05 10:12:32,273-DEBUG-root-44968::webapp_internal::wait_blocker|2444:: Waiting blocker to continue...
2025-12-05 10:12:32,276-DEBUG-root-44968::webapp_internal::wait_blocker|2469:: Blocker status: None
2025-12-05 10:12:32,278-ERROR-root-44968::webapp_internal::SetLateralMenu|4344:: Message: Tried to run command without establishing a connection
Traceback (most recent call last):
  File "C:\TIR_TESTE\venv\Lib\site-packages\tir\technologies\core\base.py", line 501, in get_current_DOM
    self.driver.switch_to.default_content()
  File "C:\TIR_TESTE\venv\Lib\site-packages\selenium\webdriver\remote\switch_to.py", line 69, in default_content
    self._driver.execute(Command.SWITCH_TO_FRAME, {"id": None})
  File "C:\TIR_TESTE\venv\Lib\site-packages\selenium\webdriver\remote\webdriver.py", line 347, in execute
    self.error_handler.check_response(response)
  File "C:\TIR_TESTE\venv\Lib\site-packages\selenium\webdriver\remote\errorhandler.py", line 229, in check_response
    raise exception_class(message, screen, stacktrace)
selenium.common.exceptions.InvalidSessionIdException: Message: Tried to run command without establishing a connection


During handling of the above exception, another exception occurred:

Traceback (most recent call last):
  File "C:\TIR_TESTE\venv\Lib\site-packages\tir\technologies\webapp_internal.py", line 4337, in SetLateralMenu
    if self.element_exists(term=term, scrap_type=scrap_type,
       ^^^^^^^^^^^^^^^^^^^^^^^^^^^^^^^^^^^^^^^^^^^^^^^^^^^^^
  File "C:\TIR_TESTE\venv\Lib\site-packages\tir\technologies\webapp_internal.py", line 4073, in element_exists
    soup = self.get_current_DOM(twebview=twebview)
           ^^^^^^^^^^^^^^^^^^^^^^^^^^^^^^^^^^^^^^^
  File "C:\TIR_TESTE\venv\Lib\site-packages\tir\technologies\core\base.py", line 538, in get_current_DOM
    self.driver.switch_to.default_content()
  File "C:\TIR_TESTE\venv\Lib\site-packages\selenium\webdriver\remote\switch_to.py", line 69, in default_content
    self._driver.execute(Command.SWITCH_TO_FRAME, {"id": None})
  File "C:\TIR_TESTE\venv\Lib\site-packages\selenium\webdriver\remote\webdriver.py", line 347, in execute
    self.error_handler.check_response(response)
  File "C:\TIR_TESTE\venv\Lib\site-packages\selenium\webdriver\remote\errorhandler.py", line 229, in check_response
    raise exception_class(message, screen, stacktrace)
selenium.common.exceptions.InvalidSessionIdException: Message: Tried to run command without establishing a connection

2025-12-05 10:12:32,279-DEBUG-root-44968::webapp_internal::wait_element|7623:: Waiting for element
2025-12-05 10:12:32,280-ERROR-root-44968::webapp_internal::Setup|320:: Message: Tried to run command without establishing a connection
Traceback (most recent call last):
  File "C:\TIR_TESTE\venv\Lib\site-packages\tir\technologies\core\base.py", line 501, in get_current_DOM
    self.driver.switch_to.default_content()
  File "C:\TIR_TESTE\venv\Lib\site-packages\selenium\webdriver\remote\switch_to.py", line 69, in default_content
    self._driver.execute(Command.SWITCH_TO_FRAME, {"id": None})
  File "C:\TIR_TESTE\venv\Lib\site-packages\selenium\webdriver\remote\webdriver.py", line 347, in execute
    self.error_handler.check_response(response)
  File "C:\TIR_TESTE\venv\Lib\site-packages\selenium\webdriver\remote\errorhandler.py", line 229, in check_response
    raise exception_class(message, screen, stacktrace)
selenium.common.exceptions.InvalidSessionIdException: Message: Tried to run command without establishing a connection


During handling of the above exception, another exception occurred:

Traceback (most recent call last):
  File "C:\TIR_TESTE\venv\Lib\site-packages\tir\technologies\webapp_internal.py", line 311, in Setup
    self.set_log_info_config() if self.config.log_info_config else self.set_log_info()
                                                                   ^^^^^^^^^^^^^^^^^^^
  File "C:\TIR_TESTE\venv\Lib\site-packages\tir\technologies\webapp_internal.py", line 1631, in set_log_info
    self.wait_element(term=term_dialog, scrap_type=enum.ScrapType.CSS_SELECTOR, main_container="body")
  File "C:\TIR_TESTE\venv\Lib\site-packages\tir\technologies\webapp_internal.py", line 7626, in wait_element
    while (not self.element_exists(term, scrap_type, position, optional_term, main_container, check_error, twebview, second_term) and time.time() < endtime):
               ^^^^^^^^^^^^^^^^^^^^^^^^^^^^^^^^^^^^^^^^^^^^^^^^^^^^^^^^^^^^^^^^^^^^^^^^^^^^^^^^^^^^^^^^^^^^^^^^^^^^^^^^^^^^^^^^^^
  File "C:\TIR_TESTE\venv\Lib\site-packages\tir\technologies\webapp_internal.py", line 4073, in element_exists
    soup = self.get_current_DOM(twebview=twebview)
           ^^^^^^^^^^^^^^^^^^^^^^^^^^^^^^^^^^^^^^^
  File "C:\TIR_TESTE\venv\Lib\site-packages\tir\technologies\core\base.py", line 538, in get_current_DOM
    self.driver.switch_to.default_content()
  File "C:\TIR_TESTE\venv\Lib\site-packages\selenium\webdriver\remote\switch_to.py", line 69, in default_content
    self._driver.execute(Command.SWITCH_TO_FRAME, {"id": None})
  File "C:\TIR_TESTE\venv\Lib\site-packages\selenium\webdriver\remote\webdriver.py", line 347, in execute
    self.error_handler.check_response(response)
  File "C:\TIR_TESTE\venv\Lib\site-packages\selenium\webdriver\remote\errorhandler.py", line 229, in check_response
    raise exception_class(message, screen, stacktrace)
selenium.common.exceptions.InvalidSessionIdException: Message: Tried to run command without establishing a connection

2025-12-05 10:12:32,283-INFO-root-44968::webapp_internal::SetLateralMenu|4184:: Navigating lateral menu: Atualizações > Gestao de Viagens > Cadastro (5) > Orcamento por UTA
