2025-11-25 07:56:48,390-DEBUG-root-23136::logging_config::logger|189:: Log file created: 'Log\GESIT03\TIR__20251125075648374.log'
2025-11-25 07:56:48,390-INFO-root-23136::base::Start|1183:: TIR Version: 2.4.3
2025-11-25 07:56:48,390-INFO-root-23136::base::Start|1184:: Python Version: 3.12.10
2025-11-25 07:56:48,390-INFO-root-23136::base::Start|1185:: Starting the browser
2025-11-25 07:56:55,954-INFO-root-23136::base::get_url|1294:: Page is ready!
2025-11-25 07:56:55,978-INFO-root-23136::base::Start|1256:: Browser maximized to 1936x1048
2025-11-25 07:56:55,979-INFO-root-23136::base::Start|1258:: Screen size is different from default used in headless mode
2025-11-25 07:56:56,277-INFO-root-23136::webapp_internal::Setup|247:: ***System Info*** in Setup():
2025-11-25 07:56:56,277-DEBUG-root-23136::psutil_info::system_info|5:: CPU USAGE: 14.1%
2025-11-25 07:56:56,278-DEBUG-root-23136::psutil_info::system_info|6:: MEMORY USAGE: 89.1%
2025-11-25 07:56:56,278-DEBUG-root-23136::psutil_info::system_info|7:: MEMORY AVAILABLE: 10.91%
2025-11-25 07:56:56,357-INFO-root-23136::base::webapp_shadowroot|1394:: Webapp: 10.1.6-RC4
2025-11-25 07:56:56,751-INFO-root-23136::webapp_internal::filling_initial_program|449:: Filling Initial Program: "SIGAMDI"
2025-11-25 07:56:56,753-DEBUG-root-23136::webapp_internal::wait_element|7623:: Waiting for element
2025-11-25 07:56:56,777-DEBUG-root-23136::webapp_internal::wait_element|7653:: Element found! Waiting for element to be displayed.
2025-11-25 07:56:57,044-DEBUG-root-23136::base::click|192:: Click Type: ClickType.JS
2025-11-25 07:56:57,047-DEBUG-root-23136::webapp_internal::try_send_keys|7976:: Trying to send keys to element using technique 0
2025-11-25 07:56:57,378-DEBUG-root-23136::webapp_internal::get_web_value|3232:: Current value: SIGAMDI
2025-11-25 07:56:57,378-INFO-root-23136::webapp_internal::filling_server_environment|463:: Filling Server Environment: "POUPEX_TST"
2025-11-25 07:56:57,378-DEBUG-root-23136::webapp_internal::wait_element|7623:: Waiting for element
2025-11-25 07:56:57,400-DEBUG-root-23136::webapp_internal::wait_element|7653:: Element found! Waiting for element to be displayed.
2025-11-25 07:56:57,560-DEBUG-root-23136::base::click|192:: Click Type: ClickType.JS
2025-11-25 07:56:57,564-DEBUG-root-23136::webapp_internal::try_send_keys|7976:: Trying to send keys to element using technique 0
2025-11-25 07:56:57,879-DEBUG-root-23136::webapp_internal::get_web_value|3232:: Current value: POUPEX_TST
2025-11-25 07:56:57,903-DEBUG-root-23136::base::click|192:: Click Type: ClickType.JS
2025-11-25 07:56:57,915-DEBUG-root-23136::webapp_internal::user_screen|519:: Filling user screen
2025-11-25 07:57:11,310-DEBUG-root-23136::webapp_internal::wait_element_timeout|7726:: Element found! Waiting for element to be displayed.
2025-11-25 07:57:11,364-DEBUG-root-23136::base::scroll_to_element|759:: ********Warining scroll_to_element exception: Message: TypeError: can't access property "scrollIntoView", arguments[0] is null
Stacktrace:
@https://qasrverp:10020/webapp/:2:7
@https://qasrverp:10020/webapp/:3:8
*********
2025-11-25 07:57:11,517-INFO-root-23136::webapp_internal::user_screen|561:: Filling User
2025-11-25 07:57:11,539-DEBUG-root-23136::base::double_click|259:: Click Type: ClickType.SELENIUM
2025-11-25 07:57:11,719-DEBUG-root-23136::webapp_internal::get_web_value|3232:: Current value: 97137227104
2025-11-25 07:57:11,741-INFO-root-23136::webapp_internal::user_screen|621:: Filling Password
2025-11-25 07:57:11,761-DEBUG-root-23136::base::click|192:: Click Type: ClickType.JS
2025-11-25 07:57:11,831-DEBUG-root-23136::webapp_internal::get_web_value|3232:: Current value: Val20221080080094+
2025-11-25 07:57:11,831-DEBUG-root-23136::webapp_internal::wait_blocker|2444:: Waiting blocker to continue...
2025-11-25 07:57:11,856-DEBUG-root-23136::webapp_internal::wait_blocker|2469:: Blocker status: None
2025-11-25 07:57:11,880-DEBUG-root-23136::webapp_internal::wait_blocker|2444:: Waiting blocker to continue...
2025-11-25 07:57:11,904-DEBUG-root-23136::webapp_internal::wait_blocker|2469:: Blocker status: None
2025-11-25 07:57:11,940-DEBUG-root-23136::webapp_internal::wait_blocker|2444:: Waiting blocker to continue...
2025-11-25 07:57:11,966-DEBUG-root-23136::webapp_internal::wait_blocker|2469:: Blocker status: None
2025-11-25 07:57:11,967-DEBUG-root-23136::webapp_internal::send_action|10480:: Trying to send action
2025-11-25 07:57:11,973-DEBUG-root-23136::base::click|192:: Click Type: ClickType.JS
2025-11-25 07:57:13,013-DEBUG-root-23136::webapp_internal::send_action|10522:: send_action method result = True
2025-11-25 07:57:13,013-DEBUG-root-23136::webapp_internal::send_action|10523:: send_action selenium status: False
2025-11-25 07:57:15,580-DEBUG-root-23136::base::scroll_to_element|759:: ********Warining scroll_to_element exception: Message: TypeError: can't access property "scrollIntoView", arguments[0] is null
Stacktrace:
@https://qasrverp:10020/webapp/:2:7
@https://qasrverp:10020/webapp/:3:8
*********
2025-11-25 07:57:15,629-INFO-root-23136::webapp_internal::filling_date|885:: Filling Date: "25/11/2025"
2025-11-25 07:57:15,629-DEBUG-root-23136::webapp_internal::wait_blocker|2444:: Waiting blocker to continue...
2025-11-25 07:57:15,664-DEBUG-root-23136::webapp_internal::wait_blocker|2469:: Blocker status: None
2025-11-25 07:57:15,672-DEBUG-root-23136::base::click|192:: Click Type: ClickType.JS
2025-11-25 07:57:15,688-DEBUG-root-23136::webapp_internal::try_send_keys|7976:: Trying to send keys to element using technique 1
2025-11-25 07:57:15,761-DEBUG-root-23136::webapp_internal::get_web_value|3232:: Current value: 25/11/2025
2025-11-25 07:57:16,843-INFO-root-23136::webapp_internal::filling_group|955:: Filling Group: "02"
2025-11-25 07:57:16,843-DEBUG-root-23136::webapp_internal::wait_blocker|2444:: Waiting blocker to continue...
2025-11-25 07:57:16,876-DEBUG-root-23136::webapp_internal::wait_blocker|2469:: Blocker status: None
2025-11-25 07:57:16,879-DEBUG-root-23136::base::click|192:: Click Type: ClickType.JS
2025-11-25 07:57:16,926-DEBUG-root-23136::webapp_internal::get_web_value|3232:: Current value: 02
2025-11-25 07:57:17,986-INFO-root-23136::webapp_internal::filling_branch|1047:: Filling Branch: "02DF0001"
2025-11-25 07:57:17,986-DEBUG-root-23136::webapp_internal::wait_blocker|2444:: Waiting blocker to continue...
2025-11-25 07:57:18,020-DEBUG-root-23136::webapp_internal::wait_blocker|2469:: Blocker status: None
2025-11-25 07:57:18,023-DEBUG-root-23136::base::click|192:: Click Type: ClickType.JS
2025-11-25 07:57:18,068-DEBUG-root-23136::webapp_internal::get_web_value|3232:: Current value: 02DF0001
2025-11-25 07:57:19,181-INFO-root-23136::webapp_internal::filling_environment|1113:: Filling Environment: "07"
2025-11-25 07:57:19,181-DEBUG-root-23136::webapp_internal::wait_blocker|2444:: Waiting blocker to continue...
2025-11-25 07:57:19,214-DEBUG-root-23136::webapp_internal::wait_blocker|2469:: Blocker status: None
2025-11-25 07:57:19,218-DEBUG-root-23136::base::click|192:: Click Type: ClickType.JS
2025-11-25 07:57:19,284-DEBUG-root-23136::webapp_internal::get_web_value|3232:: Current value: 07
2025-11-25 07:57:20,296-DEBUG-root-23136::webapp_internal::close_warning_screen|1489:: Closing warning screen!
2025-11-25 07:57:21,326-DEBUG-root-23136::webapp_internal::check_screen_element|1291:: Checking screen element: "Atenção": False
2025-11-25 07:57:22,438-INFO-root-23136::webapp_internal::environment_screen|796:: Clicking on Button
2025-11-25 07:57:22,438-DEBUG-root-23136::webapp_internal::wait_blocker|2444:: Waiting blocker to continue...
2025-11-25 07:57:22,479-DEBUG-root-23136::webapp_internal::wait_blocker|2469:: Blocker status: None
2025-11-25 07:57:22,481-DEBUG-root-23136::base::click|192:: Click Type: ClickType.JS
2025-11-25 07:57:23,493-DEBUG-root-23136::base::click|192:: Click Type: ClickType.JS
2025-11-25 07:57:24,502-DEBUG-root-23136::base::click|192:: Click Type: ClickType.JS
2025-11-25 07:57:25,510-DEBUG-root-23136::base::click|192:: Click Type: ClickType.JS
2025-11-25 07:57:26,516-DEBUG-root-23136::base::click|192:: Click Type: ClickType.JS
2025-11-25 07:57:27,526-DEBUG-root-23136::base::click|192:: Click Type: ClickType.JS
2025-11-25 07:57:28,533-DEBUG-root-23136::webapp_internal::close_screen_before_menu|368:: Closing screen before the menu
2025-11-25 07:57:28,586-DEBUG-root-23136::webapp_internal::close_warning_screen|1489:: Closing warning screen!
2025-11-25 07:57:29,631-DEBUG-root-23136::webapp_internal::check_screen_element|1291:: Checking screen element: "Atenção": False
2025-11-25 07:57:29,631-DEBUG-root-23136::webapp_internal::close_coin_screen|1424:: Closing coin screen!
2025-11-25 07:57:30,209-DEBUG-root-23136::base::click|192:: Click Type: ClickType.JS
2025-11-25 07:57:30,282-DEBUG-root-23136::webapp_internal::close_warning_screen|1489:: Closing warning screen!
2025-11-25 07:57:31,329-DEBUG-root-23136::webapp_internal::check_screen_element|1291:: Checking screen element: "Atenção": False
2025-11-25 07:57:31,329-DEBUG-root-23136::webapp_internal::close_coin_screen|1424:: Closing coin screen!
2025-11-25 07:57:31,431-INFO-root-23136::webapp_internal::set_log_info|1623:: Getting log info
2025-11-25 07:57:31,431-INFO-root-23136::webapp_internal::SetLateralMenu|4184:: Navigating lateral menu: Ajuda > Sobre
2025-11-25 07:57:31,440-DEBUG-root-23136::webapp_internal::wait_element|7623:: Waiting for element
2025-11-25 07:57:31,474-DEBUG-root-23136::webapp_internal::wait_element|7653:: Element found! Waiting for element to be displayed.
2025-11-25 07:57:31,629-INFO-root-23136::webapp_internal::SetLateralMenu|4203:: Menu item: "Ajuda"
2025-11-25 07:57:31,630-DEBUG-root-23136::webapp_internal::wait_blocker|2444:: Waiting blocker to continue...
2025-11-25 07:57:31,714-DEBUG-root-23136::webapp_internal::wait_blocker|2469:: Blocker status: False
2025-11-25 07:57:32,027-DEBUG-root-23136::webapp_internal::wait_element_timeout|7726:: Element found! Waiting for element to be displayed.
2025-11-25 07:57:32,298-DEBUG-root-23136::webapp_internal::wait_blocker|2444:: Waiting blocker to continue...
2025-11-25 07:57:32,361-DEBUG-root-23136::webapp_internal::wait_blocker|2469:: Blocker status: False
2025-11-25 07:57:34,661-INFO-root-23136::webapp_internal::SetLateralMenu|4203:: Menu item: "Sobre"
2025-11-25 07:57:34,662-DEBUG-root-23136::webapp_internal::wait_blocker|2444:: Waiting blocker to continue...
2025-11-25 07:57:34,728-DEBUG-root-23136::webapp_internal::wait_blocker|2469:: Blocker status: False
2025-11-25 07:57:35,110-DEBUG-root-23136::webapp_internal::wait_element_timeout|7726:: Element found! Waiting for element to be displayed.
2025-11-25 07:57:35,436-DEBUG-root-23136::webapp_internal::wait_blocker|2444:: Waiting blocker to continue...
2025-11-25 07:57:35,496-DEBUG-root-23136::webapp_internal::wait_blocker|2469:: Blocker status: False
2025-11-25 07:57:38,121-DEBUG-root-23136::webapp_internal::wait_blocker|2444:: Waiting blocker to continue...
2025-11-25 07:57:38,189-DEBUG-root-23136::webapp_internal::wait_blocker|2469:: Blocker status: False
2025-11-25 07:57:38,257-DEBUG-root-23136::webapp_internal::wait_element|7623:: Waiting for element
2025-11-25 07:57:38,299-DEBUG-root-23136::webapp_internal::wait_element|7653:: Element found! Waiting for element to be displayed.
2025-11-25 07:57:38,494-INFO-root-23136::webapp_internal::SetButton|4444:: Clicking on Fechar
2025-11-25 07:57:38,495-DEBUG-root-23136::webapp_internal::wait_blocker|2444:: Waiting blocker to continue...
2025-11-25 07:57:38,560-DEBUG-root-23136::webapp_internal::wait_blocker|2469:: Blocker status: False
2025-11-25 07:57:38,746-DEBUG-root-23136::webapp_internal::wait_element_timeout|7726:: Element found! Waiting for element to be displayed.
2025-11-25 07:57:38,814-DEBUG-root-23136::webapp_internal::SetButton|4481:: ***System Info*** Before Clicking on button:Fechar
2025-11-25 07:57:38,814-DEBUG-root-23136::psutil_info::system_info|5:: CPU USAGE: 7.3%
2025-11-25 07:57:38,814-DEBUG-root-23136::psutil_info::system_info|6:: MEMORY USAGE: 84.8%
2025-11-25 07:57:38,814-DEBUG-root-23136::psutil_info::system_info|7:: MEMORY AVAILABLE: 15.21%
2025-11-25 07:57:38,975-DEBUG-root-23136::webapp_internal::wait_element_timeout|7726:: Element found! Waiting for element to be displayed.
2025-11-25 07:57:39,075-DEBUG-root-23136::webapp_internal::wait_blocker|2444:: Waiting blocker to continue...
2025-11-25 07:57:39,144-DEBUG-root-23136::webapp_internal::wait_blocker|2469:: Blocker status: False
2025-11-25 07:57:39,162-DEBUG-root-23136::webapp_internal::wait_blocker|2444:: Waiting blocker to continue...
2025-11-25 07:57:39,233-DEBUG-root-23136::webapp_internal::wait_blocker|2469:: Blocker status: False
2025-11-25 07:57:39,233-DEBUG-root-23136::webapp_internal::send_action|10480:: Trying to send action
2025-11-25 07:57:39,237-DEBUG-root-23136::base::click|192:: Click Type: ClickType.JS
2025-11-25 07:57:40,278-DEBUG-root-23136::webapp_internal::send_action|10522:: send_action method result = True
2025-11-25 07:57:40,278-DEBUG-root-23136::webapp_internal::send_action|10523:: send_action selenium status: False
2025-11-25 07:57:40,278-DEBUG-root-23136::webapp_internal::SetButton|4683:: ***System Info*** After Clicking on button:
2025-11-25 07:57:40,279-DEBUG-root-23136::psutil_info::system_info|5:: CPU USAGE: 4.9%
2025-11-25 07:57:40,279-DEBUG-root-23136::psutil_info::system_info|6:: MEMORY USAGE: 84.5%
2025-11-25 07:57:40,279-DEBUG-root-23136::psutil_info::system_info|7:: MEMORY AVAILABLE: 15.52%
2025-11-25 07:57:40,280-DEBUG-root-23136::webapp_internal::wait_element|7623:: Waiting for element
2025-11-25 07:57:40,367-INFO-root-23136::webapp_internal::SetLateralMenu|4184:: Navigating lateral menu:  Atualizações > Funcionários > Funcionários 
2025-11-25 07:57:40,380-DEBUG-root-23136::webapp_internal::wait_element|7623:: Waiting for element
2025-11-25 07:57:40,414-DEBUG-root-23136::webapp_internal::wait_element|7653:: Element found! Waiting for element to be displayed.
2025-11-25 07:57:40,570-INFO-root-23136::webapp_internal::SetLateralMenu|4203:: Menu item: "Atualizações"
2025-11-25 07:57:40,570-DEBUG-root-23136::webapp_internal::wait_blocker|2444:: Waiting blocker to continue...
2025-11-25 07:57:40,626-DEBUG-root-23136::webapp_internal::wait_blocker|2469:: Blocker status: False
2025-11-25 07:57:41,001-DEBUG-root-23136::webapp_internal::wait_element_timeout|7726:: Element found! Waiting for element to be displayed.
2025-11-25 07:57:41,336-DEBUG-root-23136::webapp_internal::wait_blocker|2444:: Waiting blocker to continue...
2025-11-25 07:57:41,394-DEBUG-root-23136::webapp_internal::wait_blocker|2469:: Blocker status: False
2025-11-25 07:57:43,694-INFO-root-23136::webapp_internal::SetLateralMenu|4203:: Menu item: "Funcionários"
2025-11-25 07:57:43,696-DEBUG-root-23136::webapp_internal::wait_blocker|2444:: Waiting blocker to continue...
2025-11-25 07:57:43,802-DEBUG-root-23136::webapp_internal::wait_blocker|2469:: Blocker status: False
2025-11-25 07:57:44,536-DEBUG-root-23136::webapp_internal::wait_element_timeout|7726:: Element found! Waiting for element to be displayed.
2025-11-25 07:57:45,213-DEBUG-root-23136::webapp_internal::wait_blocker|2444:: Waiting blocker to continue...
2025-11-25 07:57:45,306-DEBUG-root-23136::webapp_internal::wait_blocker|2469:: Blocker status: False
2025-11-25 07:57:47,597-INFO-root-23136::webapp_internal::SetLateralMenu|4203:: Menu item: "Funcionários"
2025-11-25 07:57:47,597-DEBUG-root-23136::webapp_internal::wait_blocker|2444:: Waiting blocker to continue...
2025-11-25 07:57:47,729-DEBUG-root-23136::webapp_internal::wait_blocker|2469:: Blocker status: False
2025-11-25 07:57:48,919-DEBUG-root-23136::webapp_internal::wait_element_timeout|7726:: Element found! Waiting for element to be displayed.
2025-11-25 07:57:50,138-DEBUG-root-23136::webapp_internal::wait_blocker|2444:: Waiting blocker to continue...
2025-11-25 07:57:50,226-DEBUG-root-23136::webapp_internal::wait_blocker|2469:: Blocker status: False
2025-11-25 07:57:54,330-DEBUG-root-23136::webapp_internal::wait_blocker|2444:: Waiting blocker to continue...
2025-11-25 07:57:54,414-DEBUG-root-23136::webapp_internal::wait_blocker|2469:: Blocker status: False
2025-11-25 07:57:54,535-INFO-root-23136::webapp_internal::SetButton|4444:: Clicking on Confirmar
2025-11-25 07:57:54,535-DEBUG-root-23136::webapp_internal::wait_blocker|2444:: Waiting blocker to continue...
2025-11-25 07:57:54,621-DEBUG-root-23136::webapp_internal::wait_blocker|2469:: Blocker status: False
2025-11-25 07:58:04,666-DEBUG-root-23136::webapp_internal::SetButton|4481:: ***System Info*** Before Clicking on button:Confirmar
2025-11-25 07:58:04,667-DEBUG-root-23136::psutil_info::system_info|5:: CPU USAGE: 11.0%
2025-11-25 07:58:04,667-DEBUG-root-23136::psutil_info::system_info|6:: MEMORY USAGE: 86.5%
2025-11-25 07:58:04,667-DEBUG-root-23136::psutil_info::system_info|7:: MEMORY AVAILABLE: 13.49%
2025-11-25 07:58:47,259-ERROR-root-23136::webapp_internal::web_scrap|3782:: Message: Tried to run command without establishing a connection
Traceback (most recent call last):
  File "C:\TIR_TESTE\venv\Lib\site-packages\tir\technologies\core\base.py", line 501, in get_current_DOM
    self.driver.switch_to.default_content()
  File "C:\TIR_TESTE\venv\Lib\site-packages\selenium\webdriver\remote\switch_to.py", line 69, in default_content
    self._driver.execute(Command.SWITCH_TO_FRAME, {"id": None})
  File "C:\TIR_TESTE\venv\Lib\site-packages\selenium\webdriver\remote\webdriver.py", line 347, in execute
    self.error_handler.check_response(response)
  File "C:\TIR_TESTE\venv\Lib\site-packages\selenium\webdriver\remote\errorhandler.py", line 229, in check_response
    raise exception_class(message, screen, stacktrace)
selenium.common.exceptions.WebDriverException: Message: Failed to decode response from marionette


During handling of the above exception, another exception occurred:

Traceback (most recent call last):
  File "C:\TIR_TESTE\venv\Lib\site-packages\tir\technologies\webapp_internal.py", line 3719, in web_scrap
    soup = self.get_current_DOM(twebview=twebview)
           ^^^^^^^^^^^^^^^^^^^^^^^^^^^^^^^^^^^^^^^
  File "C:\TIR_TESTE\venv\Lib\site-packages\tir\technologies\core\base.py", line 538, in get_current_DOM
    self.driver.switch_to.default_content()
  File "C:\TIR_TESTE\venv\Lib\site-packages\selenium\webdriver\remote\switch_to.py", line 69, in default_content
    self._driver.execute(Command.SWITCH_TO_FRAME, {"id": None})
  File "C:\TIR_TESTE\venv\Lib\site-packages\selenium\webdriver\remote\webdriver.py", line 347, in execute
    self.error_handler.check_response(response)
  File "C:\TIR_TESTE\venv\Lib\site-packages\selenium\webdriver\remote\errorhandler.py", line 229, in check_response
    raise exception_class(message, screen, stacktrace)
selenium.common.exceptions.InvalidSessionIdException: Message: Tried to run command without establishing a connection

2025-11-25 07:58:47,308-ERROR-root-23136::webapp_internal::SetButton|4680:: Message: Tried to run command without establishing a connection
Traceback (most recent call last):
  File "C:\TIR_TESTE\venv\Lib\site-packages\tir\technologies\core\base.py", line 501, in get_current_DOM
    self.driver.switch_to.default_content()
  File "C:\TIR_TESTE\venv\Lib\site-packages\selenium\webdriver\remote\switch_to.py", line 69, in default_content
    self._driver.execute(Command.SWITCH_TO_FRAME, {"id": None})
  File "C:\TIR_TESTE\venv\Lib\site-packages\selenium\webdriver\remote\webdriver.py", line 347, in execute
    self.error_handler.check_response(response)
  File "C:\TIR_TESTE\venv\Lib\site-packages\selenium\webdriver\remote\errorhandler.py", line 229, in check_response
    raise exception_class(message, screen, stacktrace)
selenium.common.exceptions.InvalidSessionIdException: Message: Tried to run command without establishing a connection


During handling of the above exception, another exception occurred:

Traceback (most recent call last):
  File "C:\TIR_TESTE\venv\Lib\site-packages\tir\technologies\webapp_internal.py", line 4491, in SetButton
    soup = self.get_current_container()
           ^^^^^^^^^^^^^^^^^^^^^^^^^^^^
  File "C:\TIR_TESTE\venv\Lib\site-packages\tir\technologies\webapp_internal.py", line 8993, in get_current_container
    soup = self.get_current_DOM()
           ^^^^^^^^^^^^^^^^^^^^^^
  File "C:\TIR_TESTE\venv\Lib\site-packages\tir\technologies\core\base.py", line 538, in get_current_DOM
    self.driver.switch_to.default_content()
  File "C:\TIR_TESTE\venv\Lib\site-packages\selenium\webdriver\remote\switch_to.py", line 69, in default_content
    self._driver.execute(Command.SWITCH_TO_FRAME, {"id": None})
  File "C:\TIR_TESTE\venv\Lib\site-packages\selenium\webdriver\remote\webdriver.py", line 347, in execute
    self.error_handler.check_response(response)
  File "C:\TIR_TESTE\venv\Lib\site-packages\selenium\webdriver\remote\errorhandler.py", line 229, in check_response
    raise exception_class(message, screen, stacktrace)
selenium.common.exceptions.InvalidSessionIdException: Message: Tried to run command without establishing a connection

2025-11-25 07:58:47,309-DEBUG-root-23136::webapp_internal::SetButton|4683:: ***System Info*** After Clicking on button:
2025-11-25 07:58:47,310-DEBUG-root-23136::psutil_info::system_info|5:: CPU USAGE: 11.3%
2025-11-25 07:58:47,310-DEBUG-root-23136::psutil_info::system_info|6:: MEMORY USAGE: 77.9%
2025-11-25 07:58:47,310-DEBUG-root-23136::psutil_info::system_info|7:: MEMORY AVAILABLE: 22.09%
2025-11-25 07:58:47,310-INFO-root-23136::webapp_internal::SetButton|4444:: Clicking on Fechar
2025-11-25 07:58:47,311-DEBUG-root-23136::webapp_internal::wait_blocker|2444:: Waiting blocker to continue...
2025-11-25 07:58:47,312-DEBUG-root-23136::webapp_internal::wait_blocker|2469:: Blocker status: None
2025-11-25 07:56:48,390-DEBUG-root-23136::logging_config::logger|189:: Log file created: 'Log\GESIT03\TIR__20251125075648374.log'
2025-11-25 07:56:48,390-INFO-root-23136::base::Start|1183:: TIR Version: 2.4.3
2025-11-25 07:56:48,390-INFO-root-23136::base::Start|1184:: Python Version: 3.12.10
2025-11-25 07:56:48,390-INFO-root-23136::base::Start|1185:: Starting the browser
2025-11-25 07:56:55,954-INFO-root-23136::base::get_url|1294:: Page is ready!
2025-11-25 07:56:55,978-INFO-root-23136::base::Start|1256:: Browser maximized to 1936x1048
2025-11-25 07:56:55,979-INFO-root-23136::base::Start|1258:: Screen size is different from default used in headless mode
2025-11-25 07:56:56,277-INFO-root-23136::webapp_internal::Setup|247:: ***System Info*** in Setup():
2025-11-25 07:56:56,277-DEBUG-root-23136::psutil_info::system_info|5:: CPU USAGE: 14.1%
2025-11-25 07:56:56,278-DEBUG-root-23136::psutil_info::system_info|6:: MEMORY USAGE: 89.1%
2025-11-25 07:56:56,278-DEBUG-root-23136::psutil_info::system_info|7:: MEMORY AVAILABLE: 10.91%
2025-11-25 07:56:56,357-INFO-root-23136::base::webapp_shadowroot|1394:: Webapp: 10.1.6-RC4
2025-11-25 07:56:56,751-INFO-root-23136::webapp_internal::filling_initial_program|449:: Filling Initial Program: "SIGAMDI"
2025-11-25 07:56:56,753-DEBUG-root-23136::webapp_internal::wait_element|7623:: Waiting for element
2025-11-25 07:56:56,777-DEBUG-root-23136::webapp_internal::wait_element|7653:: Element found! Waiting for element to be displayed.
2025-11-25 07:56:57,044-DEBUG-root-23136::base::click|192:: Click Type: ClickType.JS
2025-11-25 07:56:57,047-DEBUG-root-23136::webapp_internal::try_send_keys|7976:: Trying to send keys to element using technique 0
2025-11-25 07:56:57,378-DEBUG-root-23136::webapp_internal::get_web_value|3232:: Current value: SIGAMDI
2025-11-25 07:56:57,378-INFO-root-23136::webapp_internal::filling_server_environment|463:: Filling Server Environment: "POUPEX_TST"
2025-11-25 07:56:57,378-DEBUG-root-23136::webapp_internal::wait_element|7623:: Waiting for element
2025-11-25 07:56:57,400-DEBUG-root-23136::webapp_internal::wait_element|7653:: Element found! Waiting for element to be displayed.
2025-11-25 07:56:57,560-DEBUG-root-23136::base::click|192:: Click Type: ClickType.JS
2025-11-25 07:56:57,564-DEBUG-root-23136::webapp_internal::try_send_keys|7976:: Trying to send keys to element using technique 0
2025-11-25 07:56:57,879-DEBUG-root-23136::webapp_internal::get_web_value|3232:: Current value: POUPEX_TST
2025-11-25 07:56:57,903-DEBUG-root-23136::base::click|192:: Click Type: ClickType.JS
2025-11-25 07:56:57,915-DEBUG-root-23136::webapp_internal::user_screen|519:: Filling user screen
2025-11-25 07:57:11,310-DEBUG-root-23136::webapp_internal::wait_element_timeout|7726:: Element found! Waiting for element to be displayed.
2025-11-25 07:57:11,364-DEBUG-root-23136::base::scroll_to_element|759:: ********Warining scroll_to_element exception: Message: TypeError: can't access property "scrollIntoView", arguments[0] is null
Stacktrace:
@https://qasrverp:10020/webapp/:2:7
@https://qasrverp:10020/webapp/:3:8
*********
2025-11-25 07:57:11,517-INFO-root-23136::webapp_internal::user_screen|561:: Filling User
2025-11-25 07:57:11,539-DEBUG-root-23136::base::double_click|259:: Click Type: ClickType.SELENIUM
2025-11-25 07:57:11,719-DEBUG-root-23136::webapp_internal::get_web_value|3232:: Current value: 97137227104
2025-11-25 07:57:11,741-INFO-root-23136::webapp_internal::user_screen|621:: Filling Password
2025-11-25 07:57:11,761-DEBUG-root-23136::base::click|192:: Click Type: ClickType.JS
2025-11-25 07:57:11,831-DEBUG-root-23136::webapp_internal::get_web_value|3232:: Current value: Val20221080080094+
2025-11-25 07:57:11,831-DEBUG-root-23136::webapp_internal::wait_blocker|2444:: Waiting blocker to continue...
2025-11-25 07:57:11,856-DEBUG-root-23136::webapp_internal::wait_blocker|2469:: Blocker status: None
2025-11-25 07:57:11,880-DEBUG-root-23136::webapp_internal::wait_blocker|2444:: Waiting blocker to continue...
2025-11-25 07:57:11,904-DEBUG-root-23136::webapp_internal::wait_blocker|2469:: Blocker status: None
2025-11-25 07:57:11,940-DEBUG-root-23136::webapp_internal::wait_blocker|2444:: Waiting blocker to continue...
2025-11-25 07:57:11,966-DEBUG-root-23136::webapp_internal::wait_blocker|2469:: Blocker status: None
2025-11-25 07:57:11,967-DEBUG-root-23136::webapp_internal::send_action|10480:: Trying to send action
2025-11-25 07:57:11,973-DEBUG-root-23136::base::click|192:: Click Type: ClickType.JS
2025-11-25 07:57:13,013-DEBUG-root-23136::webapp_internal::send_action|10522:: send_action method result = True
2025-11-25 07:57:13,013-DEBUG-root-23136::webapp_internal::send_action|10523:: send_action selenium status: False
2025-11-25 07:57:15,580-DEBUG-root-23136::base::scroll_to_element|759:: ********Warining scroll_to_element exception: Message: TypeError: can't access property "scrollIntoView", arguments[0] is null
Stacktrace:
@https://qasrverp:10020/webapp/:2:7
@https://qasrverp:10020/webapp/:3:8
*********
2025-11-25 07:57:15,629-INFO-root-23136::webapp_internal::filling_date|885:: Filling Date: "25/11/2025"
2025-11-25 07:57:15,629-DEBUG-root-23136::webapp_internal::wait_blocker|2444:: Waiting blocker to continue...
2025-11-25 07:57:15,664-DEBUG-root-23136::webapp_internal::wait_blocker|2469:: Blocker status: None
2025-11-25 07:57:15,672-DEBUG-root-23136::base::click|192:: Click Type: ClickType.JS
2025-11-25 07:57:15,688-DEBUG-root-23136::webapp_internal::try_send_keys|7976:: Trying to send keys to element using technique 1
2025-11-25 07:57:15,761-DEBUG-root-23136::webapp_internal::get_web_value|3232:: Current value: 25/11/2025
2025-11-25 07:57:16,843-INFO-root-23136::webapp_internal::filling_group|955:: Filling Group: "02"
2025-11-25 07:57:16,843-DEBUG-root-23136::webapp_internal::wait_blocker|2444:: Waiting blocker to continue...
2025-11-25 07:57:16,876-DEBUG-root-23136::webapp_internal::wait_blocker|2469:: Blocker status: None
2025-11-25 07:57:16,879-DEBUG-root-23136::base::click|192:: Click Type: ClickType.JS
2025-11-25 07:57:16,926-DEBUG-root-23136::webapp_internal::get_web_value|3232:: Current value: 02
2025-11-25 07:57:17,986-INFO-root-23136::webapp_internal::filling_branch|1047:: Filling Branch: "02DF0001"
2025-11-25 07:57:17,986-DEBUG-root-23136::webapp_internal::wait_blocker|2444:: Waiting blocker to continue...
2025-11-25 07:57:18,020-DEBUG-root-23136::webapp_internal::wait_blocker|2469:: Blocker status: None
2025-11-25 07:57:18,023-DEBUG-root-23136::base::click|192:: Click Type: ClickType.JS
2025-11-25 07:57:18,068-DEBUG-root-23136::webapp_internal::get_web_value|3232:: Current value: 02DF0001
2025-11-25 07:57:19,181-INFO-root-23136::webapp_internal::filling_environment|1113:: Filling Environment: "07"
2025-11-25 07:57:19,181-DEBUG-root-23136::webapp_internal::wait_blocker|2444:: Waiting blocker to continue...
2025-11-25 07:57:19,214-DEBUG-root-23136::webapp_internal::wait_blocker|2469:: Blocker status: None
2025-11-25 07:57:19,218-DEBUG-root-23136::base::click|192:: Click Type: ClickType.JS
2025-11-25 07:57:19,284-DEBUG-root-23136::webapp_internal::get_web_value|3232:: Current value: 07
2025-11-25 07:57:20,296-DEBUG-root-23136::webapp_internal::close_warning_screen|1489:: Closing warning screen!
2025-11-25 07:57:21,326-DEBUG-root-23136::webapp_internal::check_screen_element|1291:: Checking screen element: "Atenção": False
2025-11-25 07:57:22,438-INFO-root-23136::webapp_internal::environment_screen|796:: Clicking on Button
2025-11-25 07:57:22,438-DEBUG-root-23136::webapp_internal::wait_blocker|2444:: Waiting blocker to continue...
2025-11-25 07:57:22,479-DEBUG-root-23136::webapp_internal::wait_blocker|2469:: Blocker status: None
2025-11-25 07:57:22,481-DEBUG-root-23136::base::click|192:: Click Type: ClickType.JS
2025-11-25 07:57:23,493-DEBUG-root-23136::base::click|192:: Click Type: ClickType.JS
2025-11-25 07:57:24,502-DEBUG-root-23136::base::click|192:: Click Type: ClickType.JS
2025-11-25 07:57:25,510-DEBUG-root-23136::base::click|192:: Click Type: ClickType.JS
2025-11-25 07:57:26,516-DEBUG-root-23136::base::click|192:: Click Type: ClickType.JS
2025-11-25 07:57:27,526-DEBUG-root-23136::base::click|192:: Click Type: ClickType.JS
2025-11-25 07:57:28,533-DEBUG-root-23136::webapp_internal::close_screen_before_menu|368:: Closing screen before the menu
2025-11-25 07:57:28,586-DEBUG-root-23136::webapp_internal::close_warning_screen|1489:: Closing warning screen!
2025-11-25 07:57:29,631-DEBUG-root-23136::webapp_internal::check_screen_element|1291:: Checking screen element: "Atenção": False
2025-11-25 07:57:29,631-DEBUG-root-23136::webapp_internal::close_coin_screen|1424:: Closing coin screen!
2025-11-25 07:57:30,209-DEBUG-root-23136::base::click|192:: Click Type: ClickType.JS
2025-11-25 07:57:30,282-DEBUG-root-23136::webapp_internal::close_warning_screen|1489:: Closing warning screen!
2025-11-25 07:57:31,329-DEBUG-root-23136::webapp_internal::check_screen_element|1291:: Checking screen element: "Atenção": False
2025-11-25 07:57:31,329-DEBUG-root-23136::webapp_internal::close_coin_screen|1424:: Closing coin screen!
2025-11-25 07:57:31,431-INFO-root-23136::webapp_internal::set_log_info|1623:: Getting log info
2025-11-25 07:57:31,431-INFO-root-23136::webapp_internal::SetLateralMenu|4184:: Navigating lateral menu: Ajuda > Sobre
2025-11-25 07:57:31,440-DEBUG-root-23136::webapp_internal::wait_element|7623:: Waiting for element
2025-11-25 07:57:31,474-DEBUG-root-23136::webapp_internal::wait_element|7653:: Element found! Waiting for element to be displayed.
2025-11-25 07:57:31,629-INFO-root-23136::webapp_internal::SetLateralMenu|4203:: Menu item: "Ajuda"
2025-11-25 07:57:31,630-DEBUG-root-23136::webapp_internal::wait_blocker|2444:: Waiting blocker to continue...
2025-11-25 07:57:31,714-DEBUG-root-23136::webapp_internal::wait_blocker|2469:: Blocker status: False
2025-11-25 07:57:32,027-DEBUG-root-23136::webapp_internal::wait_element_timeout|7726:: Element found! Waiting for element to be displayed.
2025-11-25 07:57:32,298-DEBUG-root-23136::webapp_internal::wait_blocker|2444:: Waiting blocker to continue...
2025-11-25 07:57:32,361-DEBUG-root-23136::webapp_internal::wait_blocker|2469:: Blocker status: False
2025-11-25 07:57:34,661-INFO-root-23136::webapp_internal::SetLateralMenu|4203:: Menu item: "Sobre"
2025-11-25 07:57:34,662-DEBUG-root-23136::webapp_internal::wait_blocker|2444:: Waiting blocker to continue...
2025-11-25 07:57:34,728-DEBUG-root-23136::webapp_internal::wait_blocker|2469:: Blocker status: False
2025-11-25 07:57:35,110-DEBUG-root-23136::webapp_internal::wait_element_timeout|7726:: Element found! Waiting for element to be displayed.
2025-11-25 07:57:35,436-DEBUG-root-23136::webapp_internal::wait_blocker|2444:: Waiting blocker to continue...
2025-11-25 07:57:35,496-DEBUG-root-23136::webapp_internal::wait_blocker|2469:: Blocker status: False
2025-11-25 07:57:38,121-DEBUG-root-23136::webapp_internal::wait_blocker|2444:: Waiting blocker to continue...
2025-11-25 07:57:38,189-DEBUG-root-23136::webapp_internal::wait_blocker|2469:: Blocker status: False
2025-11-25 07:57:38,257-DEBUG-root-23136::webapp_internal::wait_element|7623:: Waiting for element
2025-11-25 07:57:38,299-DEBUG-root-23136::webapp_internal::wait_element|7653:: Element found! Waiting for element to be displayed.
2025-11-25 07:57:38,494-INFO-root-23136::webapp_internal::SetButton|4444:: Clicking on Fechar
2025-11-25 07:57:38,495-DEBUG-root-23136::webapp_internal::wait_blocker|2444:: Waiting blocker to continue...
2025-11-25 07:57:38,560-DEBUG-root-23136::webapp_internal::wait_blocker|2469:: Blocker status: False
2025-11-25 07:57:38,746-DEBUG-root-23136::webapp_internal::wait_element_timeout|7726:: Element found! Waiting for element to be displayed.
2025-11-25 07:57:38,814-DEBUG-root-23136::webapp_internal::SetButton|4481:: ***System Info*** Before Clicking on button:Fechar
2025-11-25 07:57:38,814-DEBUG-root-23136::psutil_info::system_info|5:: CPU USAGE: 7.3%
2025-11-25 07:57:38,814-DEBUG-root-23136::psutil_info::system_info|6:: MEMORY USAGE: 84.8%
2025-11-25 07:57:38,814-DEBUG-root-23136::psutil_info::system_info|7:: MEMORY AVAILABLE: 15.21%
2025-11-25 07:57:38,975-DEBUG-root-23136::webapp_internal::wait_element_timeout|7726:: Element found! Waiting for element to be displayed.
2025-11-25 07:57:39,075-DEBUG-root-23136::webapp_internal::wait_blocker|2444:: Waiting blocker to continue...
2025-11-25 07:57:39,144-DEBUG-root-23136::webapp_internal::wait_blocker|2469:: Blocker status: False
2025-11-25 07:57:39,162-DEBUG-root-23136::webapp_internal::wait_blocker|2444:: Waiting blocker to continue...
2025-11-25 07:57:39,233-DEBUG-root-23136::webapp_internal::wait_blocker|2469:: Blocker status: False
2025-11-25 07:57:39,233-DEBUG-root-23136::webapp_internal::send_action|10480:: Trying to send action
2025-11-25 07:57:39,237-DEBUG-root-23136::base::click|192:: Click Type: ClickType.JS
2025-11-25 07:57:40,278-DEBUG-root-23136::webapp_internal::send_action|10522:: send_action method result = True
2025-11-25 07:57:40,278-DEBUG-root-23136::webapp_internal::send_action|10523:: send_action selenium status: False
2025-11-25 07:57:40,278-DEBUG-root-23136::webapp_internal::SetButton|4683:: ***System Info*** After Clicking on button:
2025-11-25 07:57:40,279-DEBUG-root-23136::psutil_info::system_info|5:: CPU USAGE: 4.9%
2025-11-25 07:57:40,279-DEBUG-root-23136::psutil_info::system_info|6:: MEMORY USAGE: 84.5%
2025-11-25 07:57:40,279-DEBUG-root-23136::psutil_info::system_info|7:: MEMORY AVAILABLE: 15.52%
2025-11-25 07:57:40,280-DEBUG-root-23136::webapp_internal::wait_element|7623:: Waiting for element
2025-11-25 07:57:40,367-INFO-root-23136::webapp_internal::SetLateralMenu|4184:: Navigating lateral menu:  Atualizações > Funcionários > Funcionários 
2025-11-25 07:57:40,380-DEBUG-root-23136::webapp_internal::wait_element|7623:: Waiting for element
2025-11-25 07:57:40,414-DEBUG-root-23136::webapp_internal::wait_element|7653:: Element found! Waiting for element to be displayed.
2025-11-25 07:57:40,570-INFO-root-23136::webapp_internal::SetLateralMenu|4203:: Menu item: "Atualizações"
2025-11-25 07:57:40,570-DEBUG-root-23136::webapp_internal::wait_blocker|2444:: Waiting blocker to continue...
2025-11-25 07:57:40,626-DEBUG-root-23136::webapp_internal::wait_blocker|2469:: Blocker status: False
2025-11-25 07:57:41,001-DEBUG-root-23136::webapp_internal::wait_element_timeout|7726:: Element found! Waiting for element to be displayed.
2025-11-25 07:57:41,336-DEBUG-root-23136::webapp_internal::wait_blocker|2444:: Waiting blocker to continue...
2025-11-25 07:57:41,394-DEBUG-root-23136::webapp_internal::wait_blocker|2469:: Blocker status: False
2025-11-25 07:57:43,694-INFO-root-23136::webapp_internal::SetLateralMenu|4203:: Menu item: "Funcionários"
2025-11-25 07:57:43,696-DEBUG-root-23136::webapp_internal::wait_blocker|2444:: Waiting blocker to continue...
2025-11-25 07:57:43,802-DEBUG-root-23136::webapp_internal::wait_blocker|2469:: Blocker status: False
2025-11-25 07:57:44,536-DEBUG-root-23136::webapp_internal::wait_element_timeout|7726:: Element found! Waiting for element to be displayed.
2025-11-25 07:57:45,213-DEBUG-root-23136::webapp_internal::wait_blocker|2444:: Waiting blocker to continue...
2025-11-25 07:57:45,306-DEBUG-root-23136::webapp_internal::wait_blocker|2469:: Blocker status: False
2025-11-25 07:57:47,597-INFO-root-23136::webapp_internal::SetLateralMenu|4203:: Menu item: "Funcionários"
2025-11-25 07:57:47,597-DEBUG-root-23136::webapp_internal::wait_blocker|2444:: Waiting blocker to continue...
2025-11-25 07:57:47,729-DEBUG-root-23136::webapp_internal::wait_blocker|2469:: Blocker status: False
2025-11-25 07:57:48,919-DEBUG-root-23136::webapp_internal::wait_element_timeout|7726:: Element found! Waiting for element to be displayed.
2025-11-25 07:57:50,138-DEBUG-root-23136::webapp_internal::wait_blocker|2444:: Waiting blocker to continue...
2025-11-25 07:57:50,226-DEBUG-root-23136::webapp_internal::wait_blocker|2469:: Blocker status: False
2025-11-25 07:57:54,330-DEBUG-root-23136::webapp_internal::wait_blocker|2444:: Waiting blocker to continue...
2025-11-25 07:57:54,414-DEBUG-root-23136::webapp_internal::wait_blocker|2469:: Blocker status: False
2025-11-25 07:57:54,535-INFO-root-23136::webapp_internal::SetButton|4444:: Clicking on Confirmar
2025-11-25 07:57:54,535-DEBUG-root-23136::webapp_internal::wait_blocker|2444:: Waiting blocker to continue...
2025-11-25 07:57:54,621-DEBUG-root-23136::webapp_internal::wait_blocker|2469:: Blocker status: False
2025-11-25 07:58:04,666-DEBUG-root-23136::webapp_internal::SetButton|4481:: ***System Info*** Before Clicking on button:Confirmar
2025-11-25 07:58:04,667-DEBUG-root-23136::psutil_info::system_info|5:: CPU USAGE: 11.0%
2025-11-25 07:58:04,667-DEBUG-root-23136::psutil_info::system_info|6:: MEMORY USAGE: 86.5%
2025-11-25 07:58:04,667-DEBUG-root-23136::psutil_info::system_info|7:: MEMORY AVAILABLE: 13.49%
2025-11-25 07:58:47,259-ERROR-root-23136::webapp_internal::web_scrap|3782:: Message: Tried to run command without establishing a connection
Traceback (most recent call last):
  File "C:\TIR_TESTE\venv\Lib\site-packages\tir\technologies\core\base.py", line 501, in get_current_DOM
    self.driver.switch_to.default_content()
  File "C:\TIR_TESTE\venv\Lib\site-packages\selenium\webdriver\remote\switch_to.py", line 69, in default_content
    self._driver.execute(Command.SWITCH_TO_FRAME, {"id": None})
  File "C:\TIR_TESTE\venv\Lib\site-packages\selenium\webdriver\remote\webdriver.py", line 347, in execute
    self.error_handler.check_response(response)
  File "C:\TIR_TESTE\venv\Lib\site-packages\selenium\webdriver\remote\errorhandler.py", line 229, in check_response
    raise exception_class(message, screen, stacktrace)
selenium.common.exceptions.WebDriverException: Message: Failed to decode response from marionette


During handling of the above exception, another exception occurred:

Traceback (most recent call last):
  File "C:\TIR_TESTE\venv\Lib\site-packages\tir\technologies\webapp_internal.py", line 3719, in web_scrap
    soup = self.get_current_DOM(twebview=twebview)
           ^^^^^^^^^^^^^^^^^^^^^^^^^^^^^^^^^^^^^^^
  File "C:\TIR_TESTE\venv\Lib\site-packages\tir\technologies\core\base.py", line 538, in get_current_DOM
    self.driver.switch_to.default_content()
  File "C:\TIR_TESTE\venv\Lib\site-packages\selenium\webdriver\remote\switch_to.py", line 69, in default_content
    self._driver.execute(Command.SWITCH_TO_FRAME, {"id": None})
  File "C:\TIR_TESTE\venv\Lib\site-packages\selenium\webdriver\remote\webdriver.py", line 347, in execute
    self.error_handler.check_response(response)
  File "C:\TIR_TESTE\venv\Lib\site-packages\selenium\webdriver\remote\errorhandler.py", line 229, in check_response
    raise exception_class(message, screen, stacktrace)
selenium.common.exceptions.InvalidSessionIdException: Message: Tried to run command without establishing a connection

2025-11-25 07:58:47,308-ERROR-root-23136::webapp_internal::SetButton|4680:: Message: Tried to run command without establishing a connection
Traceback (most recent call last):
  File "C:\TIR_TESTE\venv\Lib\site-packages\tir\technologies\core\base.py", line 501, in get_current_DOM
    self.driver.switch_to.default_content()
  File "C:\TIR_TESTE\venv\Lib\site-packages\selenium\webdriver\remote\switch_to.py", line 69, in default_content
    self._driver.execute(Command.SWITCH_TO_FRAME, {"id": None})
  File "C:\TIR_TESTE\venv\Lib\site-packages\selenium\webdriver\remote\webdriver.py", line 347, in execute
    self.error_handler.check_response(response)
  File "C:\TIR_TESTE\venv\Lib\site-packages\selenium\webdriver\remote\errorhandler.py", line 229, in check_response
    raise exception_class(message, screen, stacktrace)
selenium.common.exceptions.InvalidSessionIdException: Message: Tried to run command without establishing a connection


During handling of the above exception, another exception occurred:

Traceback (most recent call last):
  File "C:\TIR_TESTE\venv\Lib\site-packages\tir\technologies\webapp_internal.py", line 4491, in SetButton
    soup = self.get_current_container()
           ^^^^^^^^^^^^^^^^^^^^^^^^^^^^
  File "C:\TIR_TESTE\venv\Lib\site-packages\tir\technologies\webapp_internal.py", line 8993, in get_current_container
    soup = self.get_current_DOM()
           ^^^^^^^^^^^^^^^^^^^^^^
  File "C:\TIR_TESTE\venv\Lib\site-packages\tir\technologies\core\base.py", line 538, in get_current_DOM
    self.driver.switch_to.default_content()
  File "C:\TIR_TESTE\venv\Lib\site-packages\selenium\webdriver\remote\switch_to.py", line 69, in default_content
    self._driver.execute(Command.SWITCH_TO_FRAME, {"id": None})
  File "C:\TIR_TESTE\venv\Lib\site-packages\selenium\webdriver\remote\webdriver.py", line 347, in execute
    self.error_handler.check_response(response)
  File "C:\TIR_TESTE\venv\Lib\site-packages\selenium\webdriver\remote\errorhandler.py", line 229, in check_response
    raise exception_class(message, screen, stacktrace)
selenium.common.exceptions.InvalidSessionIdException: Message: Tried to run command without establishing a connection

2025-11-25 07:58:47,309-DEBUG-root-23136::webapp_internal::SetButton|4683:: ***System Info*** After Clicking on button:
2025-11-25 07:58:47,310-DEBUG-root-23136::psutil_info::system_info|5:: CPU USAGE: 11.3%
2025-11-25 07:58:47,310-DEBUG-root-23136::psutil_info::system_info|6:: MEMORY USAGE: 77.9%
2025-11-25 07:58:47,310-DEBUG-root-23136::psutil_info::system_info|7:: MEMORY AVAILABLE: 22.09%
2025-11-25 07:58:47,310-INFO-root-23136::webapp_internal::SetButton|4444:: Clicking on Fechar
2025-11-25 07:58:47,311-DEBUG-root-23136::webapp_internal::wait_blocker|2444:: Waiting blocker to continue...
2025-11-25 07:58:47,312-DEBUG-root-23136::webapp_internal::wait_blocker|2469:: Blocker status: None
