2025-12-11 11:07:25,241-DEBUG-root-26528::logging_config::logger|189:: Log file created: 'Log\GESIT03\TIR__20251211110725235.log'
2025-12-11 11:07:25,241-INFO-root-26528::base::Start|1183:: TIR Version: 2.4.3
2025-12-11 11:07:25,241-INFO-root-26528::base::Start|1184:: Python Version: 3.12.10
2025-12-11 11:07:25,242-INFO-root-26528::base::Start|1185:: Starting the browser
2025-12-11 11:07:32,782-INFO-root-26528::base::get_url|1294:: Page is ready!
2025-12-11 11:07:32,784-INFO-root-26528::base::Start|1256:: Browser maximized to 1936x1048
2025-12-11 11:07:32,784-INFO-root-26528::base::Start|1258:: Screen size is different from default used in headless mode
2025-12-11 11:07:32,899-INFO-root-26528::webapp_internal::Setup|247:: ***System Info*** in Setup():
2025-12-11 11:07:32,900-DEBUG-root-26528::psutil_info::system_info|5:: CPU USAGE: 16.7%
2025-12-11 11:07:32,900-DEBUG-root-26528::psutil_info::system_info|6:: MEMORY USAGE: 87.4%
2025-12-11 11:07:32,901-DEBUG-root-26528::psutil_info::system_info|7:: MEMORY AVAILABLE: 12.58%
2025-12-11 11:07:32,910-INFO-root-26528::base::webapp_shadowroot|1394:: Webapp: 10.1.6-RC4
2025-12-11 11:07:32,965-INFO-root-26528::webapp_internal::filling_initial_program|449:: Filling Initial Program: "SIGAMDI"
2025-12-11 11:07:32,965-DEBUG-root-26528::webapp_internal::wait_element|7623:: Waiting for element
2025-12-11 11:07:33,100-DEBUG-root-26528::webapp_internal::wait_element|7653:: Element found! Waiting for element to be displayed.
2025-12-11 11:07:33,860-DEBUG-root-26528::base::click|192:: Click Type: ClickType.JS
2025-12-11 11:07:33,863-DEBUG-root-26528::webapp_internal::try_send_keys|7976:: Trying to send keys to element using technique 0
2025-12-11 11:07:34,203-DEBUG-root-26528::webapp_internal::get_web_value|3232:: Current value: SIGAMDI
2025-12-11 11:07:34,203-INFO-root-26528::webapp_internal::filling_server_environment|463:: Filling Server Environment: "POUPEX_TST"
2025-12-11 11:07:34,203-DEBUG-root-26528::webapp_internal::wait_element|7623:: Waiting for element
2025-12-11 11:07:34,228-DEBUG-root-26528::webapp_internal::wait_element|7653:: Element found! Waiting for element to be displayed.
2025-12-11 11:07:34,391-DEBUG-root-26528::base::click|192:: Click Type: ClickType.JS
2025-12-11 11:07:34,396-DEBUG-root-26528::webapp_internal::try_send_keys|7976:: Trying to send keys to element using technique 0
2025-12-11 11:07:34,730-DEBUG-root-26528::webapp_internal::get_web_value|3232:: Current value: POUPEX_TST
2025-12-11 11:07:34,751-DEBUG-root-26528::base::click|192:: Click Type: ClickType.JS
2025-12-11 11:07:34,761-DEBUG-root-26528::webapp_internal::user_screen|519:: Filling user screen
2025-12-11 11:07:41,752-DEBUG-root-26528::base::scroll_to_element|759:: ********Warining scroll_to_element exception: Message: TypeError: can't access property "scrollIntoView", arguments[0] is null
Stacktrace:
@https://qasrverp:10020/webapp/:2:7
@https://qasrverp:10020/webapp/:3:8
*********
2025-12-11 11:07:41,790-DEBUG-root-26528::webapp_internal::wait_element_timeout|7726:: Element found! Waiting for element to be displayed.
2025-12-11 11:07:41,851-DEBUG-root-26528::base::scroll_to_element|759:: ********Warining scroll_to_element exception: Message: TypeError: can't access property "scrollIntoView", arguments[0] is null
Stacktrace:
@https://qasrverp:10020/webapp/:2:7
@https://qasrverp:10020/webapp/:3:8
*********
2025-12-11 11:07:41,984-INFO-root-26528::webapp_internal::user_screen|561:: Filling User
2025-12-11 11:07:42,011-DEBUG-root-26528::base::double_click|259:: Click Type: ClickType.SELENIUM
2025-12-11 11:07:42,196-DEBUG-root-26528::webapp_internal::get_web_value|3232:: Current value: 97137227104
2025-12-11 11:07:42,218-INFO-root-26528::webapp_internal::user_screen|621:: Filling Password
2025-12-11 11:07:42,237-DEBUG-root-26528::base::click|192:: Click Type: ClickType.JS
2025-12-11 11:07:42,317-DEBUG-root-26528::webapp_internal::get_web_value|3232:: Current value: Val20221080080094+
2025-12-11 11:07:42,318-DEBUG-root-26528::webapp_internal::wait_blocker|2444:: Waiting blocker to continue...
2025-12-11 11:07:42,350-DEBUG-root-26528::webapp_internal::wait_blocker|2469:: Blocker status: None
2025-12-11 11:07:42,370-DEBUG-root-26528::webapp_internal::wait_blocker|2444:: Waiting blocker to continue...
2025-12-11 11:07:42,395-DEBUG-root-26528::webapp_internal::wait_blocker|2469:: Blocker status: None
2025-12-11 11:07:42,428-DEBUG-root-26528::webapp_internal::wait_blocker|2444:: Waiting blocker to continue...
2025-12-11 11:07:42,457-DEBUG-root-26528::webapp_internal::wait_blocker|2469:: Blocker status: None
2025-12-11 11:07:42,457-DEBUG-root-26528::webapp_internal::send_action|10480:: Trying to send action
2025-12-11 11:07:42,464-DEBUG-root-26528::base::click|192:: Click Type: ClickType.JS
2025-12-11 11:07:43,503-DEBUG-root-26528::webapp_internal::send_action|10522:: send_action method result = True
2025-12-11 11:07:43,504-DEBUG-root-26528::webapp_internal::send_action|10523:: send_action selenium status: False
2025-12-11 11:07:46,040-DEBUG-root-26528::base::scroll_to_element|759:: ********Warining scroll_to_element exception: Message: TypeError: can't access property "scrollIntoView", arguments[0] is null
Stacktrace:
@https://qasrverp:10020/webapp/:2:7
@https://qasrverp:10020/webapp/:3:8
*********
2025-12-11 11:07:46,093-INFO-root-26528::webapp_internal::filling_date|885:: Filling Date: "11/12/2025"
2025-12-11 11:07:46,093-DEBUG-root-26528::webapp_internal::wait_blocker|2444:: Waiting blocker to continue...
2025-12-11 11:07:46,128-DEBUG-root-26528::webapp_internal::wait_blocker|2469:: Blocker status: None
2025-12-11 11:07:46,131-DEBUG-root-26528::base::click|192:: Click Type: ClickType.JS
2025-12-11 11:07:46,146-DEBUG-root-26528::webapp_internal::try_send_keys|7976:: Trying to send keys to element using technique 1
2025-12-11 11:07:46,231-DEBUG-root-26528::webapp_internal::get_web_value|3232:: Current value: 11/12/2025
2025-12-11 11:07:47,313-INFO-root-26528::webapp_internal::filling_group|955:: Filling Group: "02"
2025-12-11 11:07:47,314-DEBUG-root-26528::webapp_internal::wait_blocker|2444:: Waiting blocker to continue...
2025-12-11 11:07:47,345-DEBUG-root-26528::webapp_internal::wait_blocker|2469:: Blocker status: None
2025-12-11 11:07:47,348-DEBUG-root-26528::base::click|192:: Click Type: ClickType.JS
2025-12-11 11:07:47,401-DEBUG-root-26528::webapp_internal::get_web_value|3232:: Current value: 02
2025-12-11 11:07:48,461-INFO-root-26528::webapp_internal::filling_branch|1047:: Filling Branch: "02DF0001"
2025-12-11 11:07:48,461-DEBUG-root-26528::webapp_internal::wait_blocker|2444:: Waiting blocker to continue...
2025-12-11 11:07:48,491-DEBUG-root-26528::webapp_internal::wait_blocker|2469:: Blocker status: None
2025-12-11 11:07:48,494-DEBUG-root-26528::base::click|192:: Click Type: ClickType.JS
2025-12-11 11:07:48,551-DEBUG-root-26528::webapp_internal::get_web_value|3232:: Current value: 02DF0001
2025-12-11 11:07:49,666-INFO-root-26528::webapp_internal::filling_environment|1113:: Filling Environment: "07"
2025-12-11 11:07:49,666-DEBUG-root-26528::webapp_internal::wait_blocker|2444:: Waiting blocker to continue...
2025-12-11 11:07:49,700-DEBUG-root-26528::webapp_internal::wait_blocker|2469:: Blocker status: None
2025-12-11 11:07:49,702-DEBUG-root-26528::base::click|192:: Click Type: ClickType.JS
2025-12-11 11:07:49,754-DEBUG-root-26528::webapp_internal::get_web_value|3232:: Current value: 07
2025-12-11 11:07:50,763-DEBUG-root-26528::webapp_internal::close_warning_screen|1489:: Closing warning screen!
2025-12-11 11:07:51,793-DEBUG-root-26528::webapp_internal::check_screen_element|1291:: Checking screen element: "Atenção": False
2025-12-11 11:07:52,890-INFO-root-26528::webapp_internal::environment_screen|796:: Clicking on Button
2025-12-11 11:07:52,890-DEBUG-root-26528::webapp_internal::wait_blocker|2444:: Waiting blocker to continue...
2025-12-11 11:07:52,924-DEBUG-root-26528::webapp_internal::wait_blocker|2469:: Blocker status: None
2025-12-11 11:07:52,927-DEBUG-root-26528::base::click|192:: Click Type: ClickType.JS
2025-12-11 11:07:53,936-DEBUG-root-26528::base::click|192:: Click Type: ClickType.JS
2025-12-11 11:07:54,947-DEBUG-root-26528::base::click|192:: Click Type: ClickType.JS
2025-12-11 11:07:55,953-DEBUG-root-26528::base::click|192:: Click Type: ClickType.JS
2025-12-11 11:07:56,961-DEBUG-root-26528::base::click|192:: Click Type: ClickType.JS
2025-12-11 11:07:57,969-DEBUG-root-26528::base::click|192:: Click Type: ClickType.JS
2025-12-11 11:07:58,977-DEBUG-root-26528::webapp_internal::close_screen_before_menu|368:: Closing screen before the menu
2025-12-11 11:07:59,019-DEBUG-root-26528::webapp_internal::close_warning_screen|1489:: Closing warning screen!
2025-12-11 11:08:00,073-DEBUG-root-26528::webapp_internal::check_screen_element|1291:: Checking screen element: "Atenção": False
2025-12-11 11:08:00,074-DEBUG-root-26528::webapp_internal::close_coin_screen|1424:: Closing coin screen!
2025-12-11 11:08:00,631-DEBUG-root-26528::base::click|192:: Click Type: ClickType.JS
2025-12-11 11:08:00,689-DEBUG-root-26528::webapp_internal::close_warning_screen|1489:: Closing warning screen!
2025-12-11 11:08:01,922-DEBUG-root-26528::webapp_internal::check_screen_element|1291:: Checking screen element: "Atenção": False
2025-12-11 11:08:01,922-DEBUG-root-26528::webapp_internal::close_coin_screen|1424:: Closing coin screen!
2025-12-11 11:08:02,243-INFO-root-26528::webapp_internal::set_log_info|1623:: Getting log info
2025-12-11 11:08:02,243-INFO-root-26528::webapp_internal::SetLateralMenu|4184:: Navigating lateral menu: Ajuda > Sobre
2025-12-11 11:08:02,282-DEBUG-root-26528::webapp_internal::wait_element|7623:: Waiting for element
2025-12-11 11:08:02,423-DEBUG-root-26528::webapp_internal::wait_element|7653:: Element found! Waiting for element to be displayed.
2025-12-11 11:08:02,632-INFO-root-26528::webapp_internal::SetLateralMenu|4203:: Menu item: "Ajuda"
2025-12-11 11:08:02,632-DEBUG-root-26528::webapp_internal::wait_blocker|2444:: Waiting blocker to continue...
2025-12-11 11:08:02,716-DEBUG-root-26528::webapp_internal::wait_blocker|2469:: Blocker status: False
2025-12-11 11:08:03,121-DEBUG-root-26528::webapp_internal::wait_element_timeout|7726:: Element found! Waiting for element to be displayed.
2025-12-11 11:08:03,477-DEBUG-root-26528::webapp_internal::wait_blocker|2444:: Waiting blocker to continue...
2025-12-11 11:08:03,543-DEBUG-root-26528::webapp_internal::wait_blocker|2469:: Blocker status: False
2025-12-11 11:08:05,834-INFO-root-26528::webapp_internal::SetLateralMenu|4203:: Menu item: "Sobre"
2025-12-11 11:08:05,834-DEBUG-root-26528::webapp_internal::wait_blocker|2444:: Waiting blocker to continue...
2025-12-11 11:08:05,897-DEBUG-root-26528::webapp_internal::wait_blocker|2469:: Blocker status: False
2025-12-11 11:08:06,329-DEBUG-root-26528::webapp_internal::wait_element_timeout|7726:: Element found! Waiting for element to be displayed.
2025-12-11 11:08:06,699-DEBUG-root-26528::webapp_internal::wait_blocker|2444:: Waiting blocker to continue...
2025-12-11 11:08:06,761-DEBUG-root-26528::webapp_internal::wait_blocker|2469:: Blocker status: False
2025-12-11 11:08:09,394-DEBUG-root-26528::webapp_internal::wait_blocker|2444:: Waiting blocker to continue...
2025-12-11 11:08:09,461-DEBUG-root-26528::webapp_internal::wait_blocker|2469:: Blocker status: False
2025-12-11 11:08:09,533-DEBUG-root-26528::webapp_internal::wait_element|7623:: Waiting for element
2025-12-11 11:08:09,574-DEBUG-root-26528::webapp_internal::wait_element|7653:: Element found! Waiting for element to be displayed.
2025-12-11 11:08:09,742-INFO-root-26528::webapp_internal::SetButton|4444:: Clicking on Fechar
2025-12-11 11:08:09,742-DEBUG-root-26528::webapp_internal::wait_blocker|2444:: Waiting blocker to continue...
2025-12-11 11:08:09,811-DEBUG-root-26528::webapp_internal::wait_blocker|2469:: Blocker status: False
2025-12-11 11:08:09,989-DEBUG-root-26528::webapp_internal::wait_element_timeout|7726:: Element found! Waiting for element to be displayed.
2025-12-11 11:08:10,060-DEBUG-root-26528::webapp_internal::SetButton|4481:: ***System Info*** Before Clicking on button:Fechar
2025-12-11 11:08:10,060-DEBUG-root-26528::psutil_info::system_info|5:: CPU USAGE: 9.9%
2025-12-11 11:08:10,060-DEBUG-root-26528::psutil_info::system_info|6:: MEMORY USAGE: 86.7%
2025-12-11 11:08:10,061-DEBUG-root-26528::psutil_info::system_info|7:: MEMORY AVAILABLE: 13.25%
2025-12-11 11:08:10,227-DEBUG-root-26528::webapp_internal::wait_element_timeout|7726:: Element found! Waiting for element to be displayed.
2025-12-11 11:08:10,331-DEBUG-root-26528::webapp_internal::wait_blocker|2444:: Waiting blocker to continue...
2025-12-11 11:08:10,401-DEBUG-root-26528::webapp_internal::wait_blocker|2469:: Blocker status: False
2025-12-11 11:08:10,418-DEBUG-root-26528::webapp_internal::wait_blocker|2444:: Waiting blocker to continue...
2025-12-11 11:08:10,491-DEBUG-root-26528::webapp_internal::wait_blocker|2469:: Blocker status: False
2025-12-11 11:08:10,491-DEBUG-root-26528::webapp_internal::send_action|10480:: Trying to send action
2025-12-11 11:08:10,493-DEBUG-root-26528::base::click|192:: Click Type: ClickType.JS
2025-12-11 11:08:11,525-DEBUG-root-26528::webapp_internal::send_action|10522:: send_action method result = True
2025-12-11 11:08:11,525-DEBUG-root-26528::webapp_internal::send_action|10523:: send_action selenium status: False
2025-12-11 11:08:11,526-DEBUG-root-26528::webapp_internal::SetButton|4683:: ***System Info*** After Clicking on button:
2025-12-11 11:08:11,526-DEBUG-root-26528::psutil_info::system_info|5:: CPU USAGE: 5.4%
2025-12-11 11:08:11,526-DEBUG-root-26528::psutil_info::system_info|6:: MEMORY USAGE: 86.8%
2025-12-11 11:08:11,527-DEBUG-root-26528::psutil_info::system_info|7:: MEMORY AVAILABLE: 13.23%
2025-12-11 11:08:11,527-DEBUG-root-26528::webapp_internal::wait_element|7623:: Waiting for element
2025-12-11 11:08:11,610-INFO-root-26528::webapp_internal::SetLateralMenu|4184:: Navigating lateral menu: Atualizações > Gestao de Viagens > Solicitações
2025-12-11 11:08:11,618-DEBUG-root-26528::webapp_internal::wait_element|7623:: Waiting for element
2025-12-11 11:08:11,652-DEBUG-root-26528::webapp_internal::wait_element|7653:: Element found! Waiting for element to be displayed.
2025-12-11 11:08:11,811-INFO-root-26528::webapp_internal::SetLateralMenu|4203:: Menu item: "Atualizações"
2025-12-11 11:08:11,811-DEBUG-root-26528::webapp_internal::wait_blocker|2444:: Waiting blocker to continue...
2025-12-11 11:08:11,872-DEBUG-root-26528::webapp_internal::wait_blocker|2469:: Blocker status: False
2025-12-11 11:08:12,279-DEBUG-root-26528::webapp_internal::wait_element_timeout|7726:: Element found! Waiting for element to be displayed.
2025-12-11 11:08:12,676-DEBUG-root-26528::webapp_internal::wait_blocker|2444:: Waiting blocker to continue...
2025-12-11 11:08:12,745-DEBUG-root-26528::webapp_internal::wait_blocker|2469:: Blocker status: False
2025-12-11 11:08:15,050-INFO-root-26528::webapp_internal::SetLateralMenu|4203:: Menu item: "Gestao de Viagens"
2025-12-11 11:08:15,050-DEBUG-root-26528::webapp_internal::wait_blocker|2444:: Waiting blocker to continue...
2025-12-11 11:08:15,143-DEBUG-root-26528::webapp_internal::wait_blocker|2469:: Blocker status: False
2025-12-11 11:08:15,870-DEBUG-root-26528::webapp_internal::wait_element_timeout|7726:: Element found! Waiting for element to be displayed.
2025-12-11 11:08:16,573-DEBUG-root-26528::webapp_internal::wait_blocker|2444:: Waiting blocker to continue...
2025-12-11 11:08:16,662-DEBUG-root-26528::webapp_internal::wait_blocker|2469:: Blocker status: False
2025-12-11 11:08:18,958-INFO-root-26528::webapp_internal::SetLateralMenu|4203:: Menu item: "Solicitações"
2025-12-11 11:08:18,958-DEBUG-root-26528::webapp_internal::wait_blocker|2444:: Waiting blocker to continue...
2025-12-11 11:08:19,044-DEBUG-root-26528::webapp_internal::wait_blocker|2469:: Blocker status: False
2025-12-11 11:08:19,868-DEBUG-root-26528::webapp_internal::wait_element_timeout|7726:: Element found! Waiting for element to be displayed.
2025-12-11 11:08:20,645-DEBUG-root-26528::webapp_internal::wait_blocker|2444:: Waiting blocker to continue...
2025-12-11 11:08:20,717-DEBUG-root-26528::webapp_internal::wait_blocker|2469:: Blocker status: False
2025-12-11 11:08:24,245-DEBUG-root-26528::webapp_internal::wait_blocker|2444:: Waiting blocker to continue...
2025-12-11 11:08:24,318-DEBUG-root-26528::webapp_internal::wait_blocker|2469:: Blocker status: False
2025-12-11 11:08:24,393-INFO-root-26528::webapp_internal::WaitShow|4980:: Waiting show text 'Este ambiente utiliza base de Homologação.'...
2025-12-11 11:08:30,284-INFO-root-26528::webapp_internal::WaitShow|4980:: Waiting show text 'Moedas'...
2025-12-11 11:08:35,728-INFO-root-26528::webapp_internal::WaitShow|4980:: Waiting show text 'Solicitação de Viagens/Treinamento'...
2025-12-11 11:08:35,780-INFO-root-26528::webapp_internal::WaitShow|4996:: Text found! 
2025-12-11 11:08:35,781-INFO-root-26528::webapp_internal::SetButton|4444:: Clicking on Incluir
2025-12-11 11:08:35,781-DEBUG-root-26528::webapp_internal::wait_blocker|2444:: Waiting blocker to continue...
2025-12-11 11:08:35,869-DEBUG-root-26528::webapp_internal::wait_blocker|2469:: Blocker status: False
2025-12-11 11:08:36,247-DEBUG-root-26528::webapp_internal::wait_element_timeout|7726:: Element found! Waiting for element to be displayed.
2025-12-11 11:08:36,504-DEBUG-root-26528::webapp_internal::SetButton|4481:: ***System Info*** Before Clicking on button:Incluir
2025-12-11 11:08:36,504-DEBUG-root-26528::psutil_info::system_info|5:: CPU USAGE: 8.2%
2025-12-11 11:08:36,505-DEBUG-root-26528::psutil_info::system_info|6:: MEMORY USAGE: 86.7%
2025-12-11 11:08:36,505-DEBUG-root-26528::psutil_info::system_info|7:: MEMORY AVAILABLE: 13.31%
2025-12-11 11:08:36,855-DEBUG-root-26528::webapp_internal::wait_element_timeout|7726:: Element found! Waiting for element to be displayed.
2025-12-11 11:08:37,168-DEBUG-root-26528::webapp_internal::wait_blocker|2444:: Waiting blocker to continue...
2025-12-11 11:08:37,257-DEBUG-root-26528::webapp_internal::wait_blocker|2469:: Blocker status: False
2025-12-11 11:08:37,279-DEBUG-root-26528::webapp_internal::wait_blocker|2444:: Waiting blocker to continue...
2025-12-11 11:08:37,373-DEBUG-root-26528::webapp_internal::wait_blocker|2469:: Blocker status: False
2025-12-11 11:08:37,373-DEBUG-root-26528::webapp_internal::send_action|10480:: Trying to send action
2025-12-11 11:08:37,376-DEBUG-root-26528::base::click|192:: Click Type: ClickType.JS
2025-12-11 11:08:38,586-DEBUG-root-26528::webapp_internal::send_action|10522:: send_action method result = True
2025-12-11 11:08:38,586-DEBUG-root-26528::webapp_internal::send_action|10523:: send_action selenium status: True
2025-12-11 11:08:38,586-DEBUG-root-26528::webapp_internal::SetButton|4683:: ***System Info*** After Clicking on button:
2025-12-11 11:08:38,586-DEBUG-root-26528::psutil_info::system_info|5:: CPU USAGE: 9.6%
2025-12-11 11:08:38,587-DEBUG-root-26528::psutil_info::system_info|6:: MEMORY USAGE: 86.8%
2025-12-11 11:08:38,587-DEBUG-root-26528::psutil_info::system_info|7:: MEMORY AVAILABLE: 13.24%
2025-12-11 11:08:38,788-DEBUG-root-26528::webapp_internal::wait_blocker|2444:: Waiting blocker to continue...
2025-12-11 11:08:38,880-DEBUG-root-26528::webapp_internal::wait_blocker|2469:: Blocker status: False
2025-12-11 11:08:38,880-INFO-root-26528::webapp_internal::SearchBrowse|2003:: Searching: 02DF0001
2025-12-11 11:08:39,045-DEBUG-root-26528::webapp_internal::wait_element_timeout|7726:: Element found! Waiting for element to be displayed.
2025-12-11 11:08:39,130-DEBUG-root-26528::webapp_internal::wait_blocker|2444:: Waiting blocker to continue...
2025-12-11 11:08:39,220-DEBUG-root-26528::webapp_internal::wait_blocker|2469:: Blocker status: False
2025-12-11 11:08:39,230-DEBUG-root-26528::webapp_internal::wait_blocker|2444:: Waiting blocker to continue...
2025-12-11 11:08:39,327-DEBUG-root-26528::webapp_internal::wait_blocker|2469:: Blocker status: False
2025-12-11 11:08:39,328-INFO-root-26528::webapp_internal::fill_search_browse|2399:: Filling: 02DF0001
2025-12-11 11:08:39,338-DEBUG-root-26528::base::click|192:: Click Type: ClickType.JS
2025-12-11 11:08:40,421-DEBUG-root-26528::webapp_internal::wait_blocker|2444:: Waiting blocker to continue...
2025-12-11 11:08:40,530-DEBUG-root-26528::webapp_internal::wait_blocker|2469:: Blocker status: False
2025-12-11 11:08:40,531-DEBUG-root-26528::base::double_click|259:: Click Type: ClickType.SELENIUM
2025-12-11 11:08:40,536-WARNING-root-26528::base::double_click|280:: Warning double_click method Exception: Message: Element <button class="button-image" type="button"> is not clickable at point (1258,360) because another element <wa-button id="COMP6023" class="dict-tbutton focus"> obscures it
Stacktrace:
RemoteError@chrome://remote/content/shared/RemoteError.sys.mjs:8:8
WebDriverError@chrome://remote/content/shared/webdriver/Errors.sys.mjs:202:5
ElementClickInterceptedError@chrome://remote/content/shared/webdriver/Errors.sys.mjs:354:5
webdriverClickElement@chrome://remote/content/marionette/interaction.sys.mjs:175:11
interaction.clickElement@chrome://remote/content/marionette/interaction.sys.mjs:134:11
clickElement@chrome://remote/content/marionette/actors/MarionetteCommandsChild.sys.mjs:327:29
receiveMessage@chrome://remote/content/marionette/actors/MarionetteCommandsChild.sys.mjs:210:31

2025-12-11 11:08:40,844-INFO-root-26528::webapp_internal::SetButton|4444:: Clicking on OK
2025-12-11 11:08:40,844-DEBUG-root-26528::webapp_internal::wait_blocker|2444:: Waiting blocker to continue...
2025-12-11 11:08:40,968-DEBUG-root-26528::webapp_internal::wait_blocker|2469:: Blocker status: False
2025-12-11 11:08:41,260-DEBUG-root-26528::webapp_internal::wait_element_timeout|7726:: Element found! Waiting for element to be displayed.
2025-12-11 11:08:41,443-DEBUG-root-26528::webapp_internal::SetButton|4481:: ***System Info*** Before Clicking on button:OK
2025-12-11 11:08:41,444-DEBUG-root-26528::psutil_info::system_info|5:: CPU USAGE: 9.6%
2025-12-11 11:08:41,444-DEBUG-root-26528::psutil_info::system_info|6:: MEMORY USAGE: 86.7%
2025-12-11 11:08:41,444-DEBUG-root-26528::psutil_info::system_info|7:: MEMORY AVAILABLE: 13.26%
2025-12-11 11:08:41,714-DEBUG-root-26528::webapp_internal::wait_element_timeout|7726:: Element found! Waiting for element to be displayed.
2025-12-11 11:08:41,943-DEBUG-root-26528::webapp_internal::wait_blocker|2444:: Waiting blocker to continue...
2025-12-11 11:08:42,040-DEBUG-root-26528::webapp_internal::wait_blocker|2469:: Blocker status: False
2025-12-11 11:08:42,102-DEBUG-root-26528::webapp_internal::wait_blocker|2444:: Waiting blocker to continue...
2025-12-11 11:08:42,195-DEBUG-root-26528::webapp_internal::wait_blocker|2469:: Blocker status: False
2025-12-11 11:08:42,195-DEBUG-root-26528::webapp_internal::send_action|10480:: Trying to send action
2025-12-11 11:08:42,197-DEBUG-root-26528::base::click|192:: Click Type: ClickType.JS
2025-12-11 11:08:44,648-DEBUG-root-26528::webapp_internal::send_action|10522:: send_action method result = True
2025-12-11 11:08:44,648-DEBUG-root-26528::webapp_internal::send_action|10523:: send_action selenium status: True
2025-12-11 11:08:44,648-DEBUG-root-26528::webapp_internal::SetButton|4683:: ***System Info*** After Clicking on button:
2025-12-11 11:08:44,649-DEBUG-root-26528::psutil_info::system_info|5:: CPU USAGE: 9.9%
2025-12-11 11:08:44,649-DEBUG-root-26528::psutil_info::system_info|6:: MEMORY USAGE: 86.8%
2025-12-11 11:08:44,649-DEBUG-root-26528::psutil_info::system_info|7:: MEMORY AVAILABLE: 13.22%
2025-12-11 11:08:44,851-INFO-root-26528::webapp_internal::WaitShow|4980:: Waiting show text 'Solicitacoes de Viagens - INCLUIR'...
2025-12-11 11:08:45,077-INFO-root-26528::webapp_internal::WaitShow|4996:: Text found! 
2025-12-11 11:08:45,078-DEBUG-root-26528::webapp_internal::wait_blocker|2444:: Waiting blocker to continue...
2025-12-11 11:08:45,235-DEBUG-root-26528::webapp_internal::wait_blocker|2469:: Blocker status: False
2025-12-11 11:08:45,235-DEBUG-root-26528::webapp_internal::wait_element|7623:: Waiting for element
2025-12-11 11:08:45,315-DEBUG-root-26528::webapp_internal::wait_element|7653:: Element found! Waiting for element to be displayed.
2025-12-11 11:08:45,386-INFO-root-26528::webapp_internal::input_value|2941:: Looking for element: ZV3_DESCRI
2025-12-11 11:08:45,552-INFO-root-26528::webapp_internal::input_value|2951:: Element: ZV3_DESCRI Found!
2025-12-11 11:08:45,552-INFO-root-26528::webapp_internal::input_value|2953:: Filling element: ZV3_DESCRI
2025-12-11 11:08:45,580-DEBUG-root-26528::webapp_internal::get_web_value|3232:: Current value:                                                   
2025-12-11 11:08:45,615-DEBUG-root-26528::base::double_click|259:: Click Type: ClickType.SELENIUM
2025-12-11 11:08:45,885-DEBUG-root-26528::webapp_internal::wait_blocker|2444:: Waiting blocker to continue...
2025-12-11 11:08:46,048-DEBUG-root-26528::webapp_internal::wait_blocker|2469:: Blocker status: False
2025-12-11 11:08:46,419-DEBUG-root-26528::webapp_internal::get_web_value|3232:: Current value: USO PARA TESTE AUTOMATIZADO                       
2025-12-11 11:08:46,419-INFO-root-26528::webapp_internal::input_value|3059:: Current field value: USO PARA TESTE AUTOMATIZADO
2025-12-11 11:08:46,452-DEBUG-root-26528::webapp_internal::wait_blocker|2444:: Waiting blocker to continue...
2025-12-11 11:08:46,598-DEBUG-root-26528::webapp_internal::wait_blocker|2469:: Blocker status: False
2025-12-11 11:08:46,598-DEBUG-root-26528::webapp_internal::wait_element|7623:: Waiting for element
2025-12-11 11:08:46,677-DEBUG-root-26528::webapp_internal::wait_element|7653:: Element found! Waiting for element to be displayed.
2025-12-11 11:08:46,762-INFO-root-26528::webapp_internal::input_value|2941:: Looking for element: ZV3_DTINI
2025-12-11 11:08:47,010-INFO-root-26528::webapp_internal::input_value|2951:: Element: ZV3_DTINI Found!
2025-12-11 11:08:47,010-INFO-root-26528::webapp_internal::input_value|2953:: Filling element: ZV3_DTINI
2025-12-11 11:08:47,048-DEBUG-root-26528::webapp_internal::get_web_value|3232:: Current value:   /  /    
2025-12-11 11:08:47,093-DEBUG-root-26528::base::double_click|259:: Click Type: ClickType.SELENIUM
2025-12-11 11:08:47,346-DEBUG-root-26528::webapp_internal::wait_blocker|2444:: Waiting blocker to continue...
2025-12-11 11:08:47,484-DEBUG-root-26528::webapp_internal::wait_blocker|2469:: Blocker status: False
2025-12-11 11:08:47,831-DEBUG-root-26528::webapp_internal::get_web_value|3232:: Current value: 05/01/2026
2025-12-11 11:08:47,831-INFO-root-26528::webapp_internal::input_value|3059:: Current field value: 05012026
2025-12-11 11:08:47,841-DEBUG-root-26528::webapp_internal::wait_blocker|2444:: Waiting blocker to continue...
2025-12-11 11:08:47,998-DEBUG-root-26528::webapp_internal::wait_blocker|2469:: Blocker status: False
2025-12-11 11:08:47,998-DEBUG-root-26528::webapp_internal::wait_element|7623:: Waiting for element
2025-12-11 11:08:48,081-DEBUG-root-26528::webapp_internal::wait_element|7653:: Element found! Waiting for element to be displayed.
2025-12-11 11:08:48,168-INFO-root-26528::webapp_internal::input_value|2941:: Looking for element: ZV3_DTFIM
2025-12-11 11:08:48,402-INFO-root-26528::webapp_internal::input_value|2951:: Element: ZV3_DTFIM Found!
2025-12-11 11:08:48,402-INFO-root-26528::webapp_internal::input_value|2953:: Filling element: ZV3_DTFIM
2025-12-11 11:08:48,435-DEBUG-root-26528::webapp_internal::get_web_value|3232:: Current value:   /  /    
2025-12-11 11:08:48,475-DEBUG-root-26528::base::double_click|259:: Click Type: ClickType.SELENIUM
2025-12-11 11:08:48,738-DEBUG-root-26528::webapp_internal::wait_blocker|2444:: Waiting blocker to continue...
2025-12-11 11:08:48,893-DEBUG-root-26528::webapp_internal::wait_blocker|2469:: Blocker status: False
2025-12-11 11:08:49,232-DEBUG-root-26528::webapp_internal::get_web_value|3232:: Current value: 11/01/2026
2025-12-11 11:08:49,232-INFO-root-26528::webapp_internal::input_value|3059:: Current field value: 11012026
2025-12-11 11:08:50,245-DEBUG-root-26528::webapp_internal::wait_blocker|2444:: Waiting blocker to continue...
2025-12-11 11:08:50,374-DEBUG-root-26528::webapp_internal::wait_blocker|2469:: Blocker status: False
2025-12-11 11:08:50,374-DEBUG-root-26528::webapp_internal::wait_element|7623:: Waiting for element
2025-12-11 11:08:50,453-DEBUG-root-26528::webapp_internal::wait_element|7653:: Element found! Waiting for element to be displayed.
2025-12-11 11:08:50,520-INFO-root-26528::webapp_internal::input_value|2941:: Looking for element: ZV3_CC
2025-12-11 11:08:50,680-INFO-root-26528::webapp_internal::input_value|2951:: Element: ZV3_CC Found!
2025-12-11 11:08:50,680-INFO-root-26528::webapp_internal::input_value|2953:: Filling element: ZV3_CC
2025-12-11 11:08:50,702-DEBUG-root-26528::webapp_internal::get_web_value|3232:: Current value:          
2025-12-11 11:08:50,737-DEBUG-root-26528::base::double_click|259:: Click Type: ClickType.SELENIUM
2025-12-11 11:08:50,998-DEBUG-root-26528::webapp_internal::wait_blocker|2444:: Waiting blocker to continue...
2025-12-11 11:08:51,151-DEBUG-root-26528::webapp_internal::wait_blocker|2469:: Blocker status: False
2025-12-11 11:08:51,480-DEBUG-root-26528::webapp_internal::get_web_value|3232:: Current value: 000000677
2025-12-11 11:08:51,480-INFO-root-26528::webapp_internal::input_value|3059:: Current field value: 000000677
2025-12-11 11:08:51,493-DEBUG-root-26528::webapp_internal::wait_blocker|2444:: Waiting blocker to continue...
2025-12-11 11:08:51,650-DEBUG-root-26528::webapp_internal::wait_blocker|2469:: Blocker status: False
2025-12-11 11:08:51,650-DEBUG-root-26528::webapp_internal::wait_element|7623:: Waiting for element
2025-12-11 11:08:51,754-DEBUG-root-26528::webapp_internal::wait_element|7653:: Element found! Waiting for element to be displayed.
2025-12-11 11:08:51,821-INFO-root-26528::webapp_internal::input_value|2941:: Looking for element: ZV3_TIPO
2025-12-11 11:08:51,984-INFO-root-26528::webapp_internal::input_value|2951:: Element: ZV3_TIPO Found!
2025-12-11 11:08:51,984-INFO-root-26528::webapp_internal::input_value|2953:: Filling element: ZV3_TIPO
2025-12-11 11:08:53,163-INFO-root-26528::base::select_combo|871:: Selected value for combo is: 1 - Servico
2025-12-11 11:08:53,211-DEBUG-root-26528::webapp_internal::wait_blocker|2444:: Waiting blocker to continue...
2025-12-11 11:08:53,354-DEBUG-root-26528::webapp_internal::wait_blocker|2469:: Blocker status: False
2025-12-11 11:08:53,355-DEBUG-root-26528::webapp_internal::wait_element|7623:: Waiting for element
2025-12-11 11:08:53,433-DEBUG-root-26528::webapp_internal::wait_element|7653:: Element found! Waiting for element to be displayed.
2025-12-11 11:08:53,514-INFO-root-26528::webapp_internal::input_value|2941:: Looking for element: ZV3_OBS
2025-12-11 11:08:53,714-INFO-root-26528::webapp_internal::input_value|2951:: Element: ZV3_OBS Found!
2025-12-11 11:08:53,714-INFO-root-26528::webapp_internal::input_value|2953:: Filling element: ZV3_OBS
2025-12-11 11:08:53,746-DEBUG-root-26528::webapp_internal::get_web_value|3232:: Current value: 
2025-12-11 11:08:53,767-DEBUG-root-26528::base::double_click|259:: Click Type: ClickType.SELENIUM
2025-12-11 11:08:54,018-DEBUG-root-26528::webapp_internal::wait_blocker|2444:: Waiting blocker to continue...
2025-12-11 11:08:54,149-DEBUG-root-26528::webapp_internal::wait_blocker|2469:: Blocker status: False
2025-12-11 11:08:54,508-DEBUG-root-26528::webapp_internal::get_web_value|3232:: Current value: TESTE DE SOLICITAÇÃO DE VIAGEM
2025-12-11 11:08:54,508-INFO-root-26528::webapp_internal::input_value|3059:: Current field value: TESTE DE SOLICITAÇÃO DE VIAGEM
2025-12-11 11:08:54,517-DEBUG-root-26528::webapp_internal::wait_blocker|2444:: Waiting blocker to continue...
2025-12-11 11:08:54,648-DEBUG-root-26528::webapp_internal::wait_blocker|2469:: Blocker status: False
2025-12-11 11:08:54,649-INFO-root-26528::webapp_internal::SetKey|5822:: Key pressed: TAB
2025-12-11 11:08:54,649-DEBUG-root-26528::webapp_internal::SetKey|5857:: Trying press key
2025-12-11 11:08:54,781-DEBUG-root-26528::webapp_internal::wait_blocker|2444:: Waiting blocker to continue...
2025-12-11 11:08:54,912-DEBUG-root-26528::webapp_internal::wait_blocker|2469:: Blocker status: False
2025-12-11 11:08:54,953-DEBUG-root-26528::webapp_internal::wait_blocker|2444:: Waiting blocker to continue...
2025-12-11 11:08:55,116-DEBUG-root-26528::webapp_internal::wait_blocker|2469:: Blocker status: False
2025-12-11 11:08:55,116-DEBUG-root-26528::webapp_internal::send_action|10480:: Trying to send action
2025-12-11 11:08:56,157-DEBUG-root-26528::webapp_internal::send_action|10522:: send_action method result = True
2025-12-11 11:08:56,157-DEBUG-root-26528::webapp_internal::send_action|10523:: send_action selenium status: False
2025-12-11 11:08:56,157-DEBUG-root-26528::webapp_internal::wait_element|7623:: Waiting for element
2025-12-11 11:08:56,262-DEBUG-root-26528::webapp_internal::wait_element|7653:: Element found! Waiting for element to be displayed.
2025-12-11 11:08:56,526-DEBUG-root-26528::webapp_internal::wait_blocker|2444:: Waiting blocker to continue...
2025-12-11 11:08:56,650-DEBUG-root-26528::webapp_internal::wait_blocker|2469:: Blocker status: False
2025-12-11 11:08:56,650-INFO-root-26528::webapp_internal::LoadGrid|6298:: Filling grid field: Favorecido
2025-12-11 11:08:56,650-DEBUG-root-26528::webapp_internal::fill_grid|6399:: Grid loading...
2025-12-11 11:08:56,813-DEBUG-root-26528::webapp_internal::fill_grid|6466:: Column found!
2025-12-11 11:08:56,848-DEBUG-root-26528::base::click|192:: Click Type: ClickType.ACTIONCHAINS
2025-12-11 11:08:57,143-DEBUG-root-26528::webapp_internal::fill_grid|6486:: Trying to select cell in grid!
2025-12-11 11:08:57,146-DEBUG-root-26528::base::click|192:: Click Type: ClickType.ACTIONCHAINS
2025-12-11 11:08:57,433-DEBUG-root-26528::webapp_internal::fill_grid|6486:: Trying to select cell in grid!
2025-12-11 11:08:57,435-DEBUG-root-26528::base::click|192:: Click Type: ClickType.ACTIONCHAINS
2025-12-11 11:08:57,724-DEBUG-root-26528::webapp_internal::fill_grid|6486:: Trying to select cell in grid!
2025-12-11 11:08:57,726-DEBUG-root-26528::base::click|192:: Click Type: ClickType.ACTIONCHAINS
2025-12-11 11:08:58,017-DEBUG-root-26528::webapp_internal::fill_grid|6486:: Trying to select cell in grid!
2025-12-11 11:08:58,019-DEBUG-root-26528::base::click|192:: Click Type: ClickType.ACTIONCHAINS
2025-12-11 11:08:58,315-DEBUG-root-26528::webapp_internal::fill_grid|6486:: Trying to select cell in grid!
2025-12-11 11:08:58,317-DEBUG-root-26528::base::click|192:: Click Type: ClickType.ACTIONCHAINS
2025-12-11 11:08:58,608-DEBUG-root-26528::webapp_internal::fill_grid|6486:: Trying to select cell in grid!
2025-12-11 11:08:58,610-DEBUG-root-26528::base::click|192:: Click Type: ClickType.ACTIONCHAINS
2025-12-11 11:08:58,902-DEBUG-root-26528::webapp_internal::fill_grid|6486:: Trying to select cell in grid!
2025-12-11 11:08:58,905-DEBUG-root-26528::base::click|192:: Click Type: ClickType.ACTIONCHAINS
2025-12-11 11:08:59,198-DEBUG-root-26528::webapp_internal::fill_grid|6486:: Trying to select cell in grid!
2025-12-11 11:08:59,200-DEBUG-root-26528::base::click|192:: Click Type: ClickType.ACTIONCHAINS
2025-12-11 11:08:59,498-DEBUG-root-26528::webapp_internal::fill_grid|6486:: Trying to select cell in grid!
2025-12-11 11:08:59,500-DEBUG-root-26528::base::click|192:: Click Type: ClickType.ACTIONCHAINS
2025-12-11 11:08:59,787-DEBUG-root-26528::webapp_internal::fill_grid|6486:: Trying to select cell in grid!
2025-12-11 11:08:59,793-DEBUG-root-26528::base::click|192:: Click Type: ClickType.ACTIONCHAINS
2025-12-11 11:09:00,084-DEBUG-root-26528::webapp_internal::fill_grid|6486:: Trying to select cell in grid!
2025-12-11 11:09:00,086-DEBUG-root-26528::base::click|192:: Click Type: ClickType.ACTIONCHAINS
2025-12-11 11:09:00,374-DEBUG-root-26528::webapp_internal::fill_grid|6486:: Trying to select cell in grid!
2025-12-11 11:09:00,376-DEBUG-root-26528::base::click|192:: Click Type: ClickType.ACTIONCHAINS
2025-12-11 11:09:00,668-DEBUG-root-26528::webapp_internal::fill_grid|6486:: Trying to select cell in grid!
2025-12-11 11:09:00,669-DEBUG-root-26528::base::click|192:: Click Type: ClickType.ACTIONCHAINS
2025-12-11 11:09:00,965-DEBUG-root-26528::webapp_internal::fill_grid|6486:: Trying to select cell in grid!
2025-12-11 11:09:00,967-DEBUG-root-26528::base::click|192:: Click Type: ClickType.ACTIONCHAINS
2025-12-11 11:09:01,262-DEBUG-root-26528::webapp_internal::fill_grid|6486:: Trying to select cell in grid!
2025-12-11 11:09:01,264-DEBUG-root-26528::base::click|192:: Click Type: ClickType.ACTIONCHAINS
2025-12-11 11:09:01,551-DEBUG-root-26528::webapp_internal::fill_grid|6486:: Trying to select cell in grid!
2025-12-11 11:09:01,553-DEBUG-root-26528::base::click|192:: Click Type: ClickType.ACTIONCHAINS
2025-12-11 11:09:01,848-DEBUG-root-26528::webapp_internal::fill_grid|6486:: Trying to select cell in grid!
2025-12-11 11:09:01,850-DEBUG-root-26528::base::click|192:: Click Type: ClickType.ACTIONCHAINS
2025-12-11 11:09:02,145-DEBUG-root-26528::webapp_internal::fill_grid|6486:: Trying to select cell in grid!
2025-12-11 11:09:02,148-DEBUG-root-26528::base::click|192:: Click Type: ClickType.ACTIONCHAINS
2025-12-11 11:09:02,435-DEBUG-root-26528::webapp_internal::fill_grid|6486:: Trying to select cell in grid!
2025-12-11 11:09:02,437-DEBUG-root-26528::base::click|192:: Click Type: ClickType.ACTIONCHAINS
2025-12-11 11:09:02,731-DEBUG-root-26528::webapp_internal::fill_grid|6486:: Trying to select cell in grid!
2025-12-11 11:09:02,733-DEBUG-root-26528::base::click|192:: Click Type: ClickType.ACTIONCHAINS
2025-12-11 11:09:02,997-DEBUG-root-26528::webapp_internal::fill_grid|6486:: Trying to select cell in grid!
2025-12-11 11:09:02,999-DEBUG-root-26528::base::click|192:: Click Type: ClickType.ACTIONCHAINS
2025-12-11 11:09:03,292-DEBUG-root-26528::webapp_internal::fill_grid|6486:: Trying to select cell in grid!
2025-12-11 11:09:03,294-DEBUG-root-26528::base::click|192:: Click Type: ClickType.ACTIONCHAINS
2025-12-11 11:09:03,583-DEBUG-root-26528::webapp_internal::fill_grid|6486:: Trying to select cell in grid!
2025-12-11 11:09:03,585-DEBUG-root-26528::base::click|192:: Click Type: ClickType.ACTIONCHAINS
2025-12-11 11:09:03,882-DEBUG-root-26528::webapp_internal::fill_grid|6486:: Trying to select cell in grid!
2025-12-11 11:09:03,883-DEBUG-root-26528::base::click|192:: Click Type: ClickType.ACTIONCHAINS
2025-12-11 11:09:04,177-DEBUG-root-26528::webapp_internal::fill_grid|6486:: Trying to select cell in grid!
2025-12-11 11:09:04,179-DEBUG-root-26528::base::click|192:: Click Type: ClickType.ACTIONCHAINS
2025-12-11 11:09:04,468-DEBUG-root-26528::webapp_internal::fill_grid|6486:: Trying to select cell in grid!
2025-12-11 11:09:04,470-DEBUG-root-26528::base::click|192:: Click Type: ClickType.ACTIONCHAINS
2025-12-11 11:09:04,735-DEBUG-root-26528::webapp_internal::fill_grid|6486:: Trying to select cell in grid!
2025-12-11 11:09:04,736-DEBUG-root-26528::base::click|192:: Click Type: ClickType.ACTIONCHAINS
2025-12-11 11:09:05,030-DEBUG-root-26528::webapp_internal::fill_grid|6486:: Trying to select cell in grid!
2025-12-11 11:09:05,032-DEBUG-root-26528::base::click|192:: Click Type: ClickType.ACTIONCHAINS
2025-12-11 11:09:05,328-DEBUG-root-26528::webapp_internal::fill_grid|6486:: Trying to select cell in grid!
2025-12-11 11:09:05,330-DEBUG-root-26528::base::click|192:: Click Type: ClickType.ACTIONCHAINS
2025-12-11 11:09:05,616-DEBUG-root-26528::webapp_internal::fill_grid|6486:: Trying to select cell in grid!
2025-12-11 11:09:05,619-DEBUG-root-26528::base::click|192:: Click Type: ClickType.ACTIONCHAINS
2025-12-11 11:09:05,915-DEBUG-root-26528::webapp_internal::fill_grid|6486:: Trying to select cell in grid!
2025-12-11 11:09:05,917-DEBUG-root-26528::base::click|192:: Click Type: ClickType.ACTIONCHAINS
2025-12-11 11:09:06,211-DEBUG-root-26528::webapp_internal::fill_grid|6486:: Trying to select cell in grid!
2025-12-11 11:09:06,213-DEBUG-root-26528::base::click|192:: Click Type: ClickType.ACTIONCHAINS
2025-12-11 11:09:06,501-DEBUG-root-26528::webapp_internal::fill_grid|6486:: Trying to select cell in grid!
2025-12-11 11:09:06,504-DEBUG-root-26528::base::click|192:: Click Type: ClickType.ACTIONCHAINS
2025-12-11 11:09:06,798-DEBUG-root-26528::webapp_internal::fill_grid|6486:: Trying to select cell in grid!
2025-12-11 11:09:06,800-DEBUG-root-26528::base::click|192:: Click Type: ClickType.ACTIONCHAINS
2025-12-11 11:09:07,091-DEBUG-root-26528::webapp_internal::fill_grid|6486:: Trying to select cell in grid!
2025-12-11 11:09:07,094-DEBUG-root-26528::base::click|192:: Click Type: ClickType.ACTIONCHAINS
2025-12-11 11:09:07,381-DEBUG-root-26528::webapp_internal::fill_grid|6486:: Trying to select cell in grid!
2025-12-11 11:09:07,383-DEBUG-root-26528::base::click|192:: Click Type: ClickType.ACTIONCHAINS
2025-12-11 11:09:07,662-DEBUG-root-26528::webapp_internal::fill_grid|6486:: Trying to select cell in grid!
2025-12-11 11:09:07,664-DEBUG-root-26528::base::click|192:: Click Type: ClickType.ACTIONCHAINS
2025-12-11 11:09:07,962-DEBUG-root-26528::webapp_internal::fill_grid|6486:: Trying to select cell in grid!
2025-12-11 11:09:07,965-DEBUG-root-26528::base::click|192:: Click Type: ClickType.ACTIONCHAINS
2025-12-11 11:09:08,248-DEBUG-root-26528::webapp_internal::fill_grid|6486:: Trying to select cell in grid!
2025-12-11 11:09:08,250-DEBUG-root-26528::base::click|192:: Click Type: ClickType.ACTIONCHAINS
2025-12-11 11:09:08,530-DEBUG-root-26528::webapp_internal::fill_grid|6486:: Trying to select cell in grid!
2025-12-11 11:09:08,533-DEBUG-root-26528::base::click|192:: Click Type: ClickType.ACTIONCHAINS
2025-12-11 11:09:08,825-DEBUG-root-26528::webapp_internal::fill_grid|6486:: Trying to select cell in grid!
2025-12-11 11:09:08,827-DEBUG-root-26528::base::click|192:: Click Type: ClickType.ACTIONCHAINS
2025-12-11 11:09:09,117-DEBUG-root-26528::webapp_internal::fill_grid|6486:: Trying to select cell in grid!
2025-12-11 11:09:09,119-DEBUG-root-26528::base::click|192:: Click Type: ClickType.ACTIONCHAINS
2025-12-11 11:09:09,384-DEBUG-root-26528::webapp_internal::fill_grid|6486:: Trying to select cell in grid!
2025-12-11 11:09:09,386-DEBUG-root-26528::base::click|192:: Click Type: ClickType.ACTIONCHAINS
2025-12-11 11:09:09,682-DEBUG-root-26528::webapp_internal::fill_grid|6486:: Trying to select cell in grid!
2025-12-11 11:09:09,684-DEBUG-root-26528::base::click|192:: Click Type: ClickType.ACTIONCHAINS
2025-12-11 11:09:09,978-DEBUG-root-26528::webapp_internal::fill_grid|6486:: Trying to select cell in grid!
2025-12-11 11:09:09,980-DEBUG-root-26528::base::click|192:: Click Type: ClickType.ACTIONCHAINS
2025-12-11 11:09:10,269-DEBUG-root-26528::webapp_internal::fill_grid|6486:: Trying to select cell in grid!
2025-12-11 11:09:10,275-DEBUG-root-26528::base::click|192:: Click Type: ClickType.ACTIONCHAINS
2025-12-11 11:09:10,564-DEBUG-root-26528::webapp_internal::fill_grid|6486:: Trying to select cell in grid!
2025-12-11 11:09:10,567-DEBUG-root-26528::base::click|192:: Click Type: ClickType.ACTIONCHAINS
2025-12-11 11:09:10,859-DEBUG-root-26528::webapp_internal::fill_grid|6486:: Trying to select cell in grid!
2025-12-11 11:09:10,860-DEBUG-root-26528::base::click|192:: Click Type: ClickType.ACTIONCHAINS
2025-12-11 11:09:11,126-DEBUG-root-26528::webapp_internal::fill_grid|6486:: Trying to select cell in grid!
2025-12-11 11:09:11,128-DEBUG-root-26528::base::click|192:: Click Type: ClickType.ACTIONCHAINS
2025-12-11 11:09:11,417-DEBUG-root-26528::webapp_internal::fill_grid|6486:: Trying to select cell in grid!
2025-12-11 11:09:11,419-DEBUG-root-26528::base::click|192:: Click Type: ClickType.ACTIONCHAINS
2025-12-11 11:09:11,713-DEBUG-root-26528::webapp_internal::fill_grid|6486:: Trying to select cell in grid!
2025-12-11 11:09:11,715-DEBUG-root-26528::base::click|192:: Click Type: ClickType.ACTIONCHAINS
2025-12-11 11:09:12,004-DEBUG-root-26528::webapp_internal::fill_grid|6486:: Trying to select cell in grid!
2025-12-11 11:09:12,008-DEBUG-root-26528::base::click|192:: Click Type: ClickType.ACTIONCHAINS
2025-12-11 11:09:12,299-DEBUG-root-26528::webapp_internal::fill_grid|6486:: Trying to select cell in grid!
2025-12-11 11:09:12,301-DEBUG-root-26528::base::click|192:: Click Type: ClickType.ACTIONCHAINS
2025-12-11 11:09:12,595-DEBUG-root-26528::webapp_internal::fill_grid|6486:: Trying to select cell in grid!
2025-12-11 11:09:12,597-DEBUG-root-26528::base::click|192:: Click Type: ClickType.ACTIONCHAINS
2025-12-11 11:09:12,885-DEBUG-root-26528::webapp_internal::fill_grid|6486:: Trying to select cell in grid!
2025-12-11 11:09:12,887-DEBUG-root-26528::base::click|192:: Click Type: ClickType.ACTIONCHAINS
2025-12-11 11:09:13,150-DEBUG-root-26528::webapp_internal::fill_grid|6486:: Trying to select cell in grid!
2025-12-11 11:09:13,153-DEBUG-root-26528::base::click|192:: Click Type: ClickType.ACTIONCHAINS
2025-12-11 11:09:13,450-DEBUG-root-26528::webapp_internal::fill_grid|6486:: Trying to select cell in grid!
2025-12-11 11:09:13,451-DEBUG-root-26528::base::click|192:: Click Type: ClickType.ACTIONCHAINS
2025-12-11 11:09:13,748-DEBUG-root-26528::webapp_internal::fill_grid|6486:: Trying to select cell in grid!
2025-12-11 11:09:13,750-DEBUG-root-26528::base::click|192:: Click Type: ClickType.ACTIONCHAINS
2025-12-11 11:09:14,037-DEBUG-root-26528::webapp_internal::fill_grid|6486:: Trying to select cell in grid!
2025-12-11 11:09:14,041-DEBUG-root-26528::base::click|192:: Click Type: ClickType.ACTIONCHAINS
2025-12-11 11:09:14,333-DEBUG-root-26528::webapp_internal::fill_grid|6486:: Trying to select cell in grid!
2025-12-11 11:09:14,334-DEBUG-root-26528::base::click|192:: Click Type: ClickType.ACTIONCHAINS
2025-12-11 11:09:14,597-DEBUG-root-26528::webapp_internal::fill_grid|6486:: Trying to select cell in grid!
2025-12-11 11:09:14,599-DEBUG-root-26528::base::click|192:: Click Type: ClickType.ACTIONCHAINS
2025-12-11 11:09:14,878-DEBUG-root-26528::webapp_internal::fill_grid|6486:: Trying to select cell in grid!
2025-12-11 11:09:14,881-DEBUG-root-26528::base::click|192:: Click Type: ClickType.ACTIONCHAINS
2025-12-11 11:09:15,168-DEBUG-root-26528::webapp_internal::fill_grid|6486:: Trying to select cell in grid!
2025-12-11 11:09:15,169-DEBUG-root-26528::base::click|192:: Click Type: ClickType.ACTIONCHAINS
2025-12-11 11:09:15,465-DEBUG-root-26528::webapp_internal::fill_grid|6486:: Trying to select cell in grid!
2025-12-11 11:09:15,467-DEBUG-root-26528::base::click|192:: Click Type: ClickType.ACTIONCHAINS
2025-12-11 11:09:15,761-DEBUG-root-26528::webapp_internal::fill_grid|6486:: Trying to select cell in grid!
2025-12-11 11:09:15,763-DEBUG-root-26528::base::click|192:: Click Type: ClickType.ACTIONCHAINS
2025-12-11 11:09:16,029-DEBUG-root-26528::webapp_internal::fill_grid|6486:: Trying to select cell in grid!
2025-12-11 11:09:16,031-DEBUG-root-26528::base::click|192:: Click Type: ClickType.ACTIONCHAINS
2025-12-11 11:09:16,320-DEBUG-root-26528::webapp_internal::fill_grid|6486:: Trying to select cell in grid!
2025-12-11 11:09:16,325-DEBUG-root-26528::base::click|192:: Click Type: ClickType.ACTIONCHAINS
2025-12-11 11:09:16,615-DEBUG-root-26528::webapp_internal::fill_grid|6486:: Trying to select cell in grid!
2025-12-11 11:09:16,617-DEBUG-root-26528::base::click|192:: Click Type: ClickType.ACTIONCHAINS
2025-12-11 11:09:16,895-DEBUG-root-26528::webapp_internal::fill_grid|6486:: Trying to select cell in grid!
2025-12-11 11:09:16,898-DEBUG-root-26528::base::click|192:: Click Type: ClickType.ACTIONCHAINS
2025-12-11 11:09:17,184-DEBUG-root-26528::webapp_internal::fill_grid|6486:: Trying to select cell in grid!
2025-12-11 11:09:17,185-DEBUG-root-26528::base::click|192:: Click Type: ClickType.ACTIONCHAINS
2025-12-11 11:09:17,481-DEBUG-root-26528::webapp_internal::fill_grid|6486:: Trying to select cell in grid!
2025-12-11 11:09:17,482-DEBUG-root-26528::base::click|192:: Click Type: ClickType.ACTIONCHAINS
2025-12-11 11:09:17,763-DEBUG-root-26528::webapp_internal::fill_grid|6486:: Trying to select cell in grid!
2025-12-11 11:09:17,765-DEBUG-root-26528::base::click|192:: Click Type: ClickType.ACTIONCHAINS
2025-12-11 11:09:18,053-DEBUG-root-26528::webapp_internal::fill_grid|6486:: Trying to select cell in grid!
2025-12-11 11:09:18,058-DEBUG-root-26528::base::click|192:: Click Type: ClickType.ACTIONCHAINS
2025-12-11 11:09:18,347-DEBUG-root-26528::webapp_internal::fill_grid|6486:: Trying to select cell in grid!
2025-12-11 11:09:18,349-DEBUG-root-26528::base::click|192:: Click Type: ClickType.ACTIONCHAINS
2025-12-11 11:09:18,614-DEBUG-root-26528::webapp_internal::fill_grid|6486:: Trying to select cell in grid!
2025-12-11 11:09:18,616-DEBUG-root-26528::base::click|192:: Click Type: ClickType.ACTIONCHAINS
2025-12-11 11:09:18,908-DEBUG-root-26528::webapp_internal::fill_grid|6486:: Trying to select cell in grid!
2025-12-11 11:09:18,911-DEBUG-root-26528::base::click|192:: Click Type: ClickType.ACTIONCHAINS
2025-12-11 11:09:19,201-DEBUG-root-26528::webapp_internal::fill_grid|6486:: Trying to select cell in grid!
2025-12-11 11:09:19,204-DEBUG-root-26528::base::click|192:: Click Type: ClickType.ACTIONCHAINS
2025-12-11 11:09:19,496-DEBUG-root-26528::webapp_internal::fill_grid|6486:: Trying to select cell in grid!
2025-12-11 11:09:19,498-DEBUG-root-26528::base::click|192:: Click Type: ClickType.ACTIONCHAINS
2025-12-11 11:09:19,784-DEBUG-root-26528::webapp_internal::fill_grid|6486:: Trying to select cell in grid!
2025-12-11 11:09:19,787-DEBUG-root-26528::base::click|192:: Click Type: ClickType.ACTIONCHAINS
2025-12-11 11:09:20,078-DEBUG-root-26528::webapp_internal::fill_grid|6486:: Trying to select cell in grid!
2025-12-11 11:09:20,079-DEBUG-root-26528::base::click|192:: Click Type: ClickType.ACTIONCHAINS
2025-12-11 11:09:20,345-DEBUG-root-26528::webapp_internal::fill_grid|6486:: Trying to select cell in grid!
2025-12-11 11:09:20,347-DEBUG-root-26528::base::click|192:: Click Type: ClickType.ACTIONCHAINS
2025-12-11 11:09:20,634-DEBUG-root-26528::webapp_internal::fill_grid|6486:: Trying to select cell in grid!
2025-12-11 11:09:20,636-DEBUG-root-26528::base::click|192:: Click Type: ClickType.ACTIONCHAINS
2025-12-11 11:09:20,930-DEBUG-root-26528::webapp_internal::fill_grid|6486:: Trying to select cell in grid!
2025-12-11 11:09:20,933-DEBUG-root-26528::base::click|192:: Click Type: ClickType.ACTIONCHAINS
2025-12-11 11:09:21,220-DEBUG-root-26528::webapp_internal::fill_grid|6486:: Trying to select cell in grid!
2025-12-11 11:09:21,225-DEBUG-root-26528::base::click|192:: Click Type: ClickType.ACTIONCHAINS
2025-12-11 11:09:21,516-DEBUG-root-26528::webapp_internal::fill_grid|6486:: Trying to select cell in grid!
2025-12-11 11:09:21,518-DEBUG-root-26528::base::click|192:: Click Type: ClickType.ACTIONCHAINS
2025-12-11 11:09:21,814-DEBUG-root-26528::webapp_internal::fill_grid|6486:: Trying to select cell in grid!
2025-12-11 11:09:21,817-DEBUG-root-26528::base::click|192:: Click Type: ClickType.ACTIONCHAINS
2025-12-11 11:09:22,081-DEBUG-root-26528::webapp_internal::fill_grid|6486:: Trying to select cell in grid!
2025-12-11 11:09:22,082-DEBUG-root-26528::base::click|192:: Click Type: ClickType.ACTIONCHAINS
2025-12-11 11:09:22,344-DEBUG-root-26528::webapp_internal::fill_grid|6486:: Trying to select cell in grid!
2025-12-11 11:09:22,346-DEBUG-root-26528::base::click|192:: Click Type: ClickType.ACTIONCHAINS
2025-12-11 11:09:22,635-DEBUG-root-26528::webapp_internal::fill_grid|6486:: Trying to select cell in grid!
2025-12-11 11:09:22,637-DEBUG-root-26528::base::click|192:: Click Type: ClickType.ACTIONCHAINS
2025-12-11 11:09:22,932-DEBUG-root-26528::webapp_internal::fill_grid|6486:: Trying to select cell in grid!
2025-12-11 11:09:22,934-DEBUG-root-26528::base::click|192:: Click Type: ClickType.ACTIONCHAINS
2025-12-11 11:09:23,211-DEBUG-root-26528::webapp_internal::fill_grid|6486:: Trying to select cell in grid!
2025-12-11 11:09:23,213-DEBUG-root-26528::base::click|192:: Click Type: ClickType.ACTIONCHAINS
2025-12-11 11:09:23,502-DEBUG-root-26528::webapp_internal::fill_grid|6486:: Trying to select cell in grid!
2025-12-11 11:09:23,508-DEBUG-root-26528::base::click|192:: Click Type: ClickType.ACTIONCHAINS
2025-12-11 11:09:23,798-DEBUG-root-26528::webapp_internal::fill_grid|6486:: Trying to select cell in grid!
2025-12-11 11:09:23,800-DEBUG-root-26528::base::click|192:: Click Type: ClickType.ACTIONCHAINS
2025-12-11 11:09:24,095-DEBUG-root-26528::webapp_internal::fill_grid|6486:: Trying to select cell in grid!
2025-12-11 11:09:24,097-DEBUG-root-26528::base::click|192:: Click Type: ClickType.ACTIONCHAINS
2025-12-11 11:09:24,385-DEBUG-root-26528::webapp_internal::fill_grid|6486:: Trying to select cell in grid!
2025-12-11 11:09:24,387-DEBUG-root-26528::base::click|192:: Click Type: ClickType.ACTIONCHAINS
2025-12-11 11:09:24,685-DEBUG-root-26528::webapp_internal::fill_grid|6486:: Trying to select cell in grid!
2025-12-11 11:09:24,687-DEBUG-root-26528::base::click|192:: Click Type: ClickType.ACTIONCHAINS
2025-12-11 11:09:24,982-DEBUG-root-26528::webapp_internal::fill_grid|6486:: Trying to select cell in grid!
2025-12-11 11:09:24,984-DEBUG-root-26528::base::click|192:: Click Type: ClickType.ACTIONCHAINS
2025-12-11 11:09:25,277-DEBUG-root-26528::webapp_internal::fill_grid|6486:: Trying to select cell in grid!
2025-12-11 11:09:25,279-DEBUG-root-26528::base::click|192:: Click Type: ClickType.ACTIONCHAINS
2025-12-11 11:09:25,567-DEBUG-root-26528::webapp_internal::fill_grid|6486:: Trying to select cell in grid!
2025-12-11 11:09:25,569-DEBUG-root-26528::base::click|192:: Click Type: ClickType.ACTIONCHAINS
2025-12-11 11:09:25,861-DEBUG-root-26528::webapp_internal::fill_grid|6486:: Trying to select cell in grid!
2025-12-11 11:09:25,863-DEBUG-root-26528::base::click|192:: Click Type: ClickType.ACTIONCHAINS
2025-12-11 11:09:26,150-DEBUG-root-26528::webapp_internal::fill_grid|6486:: Trying to select cell in grid!
2025-12-11 11:09:26,152-DEBUG-root-26528::base::click|192:: Click Type: ClickType.ACTIONCHAINS
2025-12-11 11:09:26,448-DEBUG-root-26528::webapp_internal::fill_grid|6486:: Trying to select cell in grid!
2025-12-11 11:09:26,450-DEBUG-root-26528::base::click|192:: Click Type: ClickType.ACTIONCHAINS
2025-12-11 11:09:26,714-DEBUG-root-26528::webapp_internal::fill_grid|6486:: Trying to select cell in grid!
2025-12-11 11:09:26,716-DEBUG-root-26528::base::click|192:: Click Type: ClickType.ACTIONCHAINS
2025-12-11 11:09:27,009-DEBUG-root-26528::webapp_internal::fill_grid|6486:: Trying to select cell in grid!
2025-12-11 11:09:27,011-DEBUG-root-26528::base::click|192:: Click Type: ClickType.ACTIONCHAINS
2025-12-11 11:09:27,275-DEBUG-root-26528::webapp_internal::fill_grid|6486:: Trying to select cell in grid!
2025-12-11 11:09:27,277-DEBUG-root-26528::base::click|192:: Click Type: ClickType.ACTIONCHAINS
2025-12-11 11:09:27,566-DEBUG-root-26528::webapp_internal::fill_grid|6486:: Trying to select cell in grid!
2025-12-11 11:09:27,568-DEBUG-root-26528::base::click|192:: Click Type: ClickType.ACTIONCHAINS
2025-12-11 11:09:27,860-DEBUG-root-26528::webapp_internal::fill_grid|6486:: Trying to select cell in grid!
2025-12-11 11:09:27,863-DEBUG-root-26528::base::click|192:: Click Type: ClickType.ACTIONCHAINS
2025-12-11 11:09:28,128-DEBUG-root-26528::webapp_internal::fill_grid|6486:: Trying to select cell in grid!
2025-12-11 11:09:28,130-DEBUG-root-26528::base::click|192:: Click Type: ClickType.ACTIONCHAINS
2025-12-11 11:09:28,418-DEBUG-root-26528::webapp_internal::fill_grid|6486:: Trying to select cell in grid!
2025-12-11 11:09:28,420-DEBUG-root-26528::base::click|192:: Click Type: ClickType.ACTIONCHAINS
2025-12-11 11:09:28,717-DEBUG-root-26528::webapp_internal::fill_grid|6486:: Trying to select cell in grid!
2025-12-11 11:09:28,719-DEBUG-root-26528::base::click|192:: Click Type: ClickType.ACTIONCHAINS
2025-12-11 11:09:29,012-DEBUG-root-26528::webapp_internal::fill_grid|6486:: Trying to select cell in grid!
2025-12-11 11:09:29,014-DEBUG-root-26528::base::click|192:: Click Type: ClickType.ACTIONCHAINS
2025-12-11 11:09:29,304-DEBUG-root-26528::webapp_internal::fill_grid|6486:: Trying to select cell in grid!
2025-12-11 11:09:29,309-DEBUG-root-26528::base::click|192:: Click Type: ClickType.ACTIONCHAINS
2025-12-11 11:09:29,597-DEBUG-root-26528::webapp_internal::fill_grid|6486:: Trying to select cell in grid!
2025-12-11 11:09:29,599-DEBUG-root-26528::base::click|192:: Click Type: ClickType.ACTIONCHAINS
2025-12-11 11:09:29,867-DEBUG-root-26528::webapp_internal::fill_grid|6486:: Trying to select cell in grid!
2025-12-11 11:09:29,869-DEBUG-root-26528::base::click|192:: Click Type: ClickType.ACTIONCHAINS
2025-12-11 11:09:30,158-DEBUG-root-26528::webapp_internal::fill_grid|6486:: Trying to select cell in grid!
2025-12-11 11:09:30,161-DEBUG-root-26528::base::click|192:: Click Type: ClickType.ACTIONCHAINS
2025-12-11 11:09:30,448-DEBUG-root-26528::webapp_internal::fill_grid|6486:: Trying to select cell in grid!
2025-12-11 11:09:30,450-DEBUG-root-26528::base::click|192:: Click Type: ClickType.ACTIONCHAINS
2025-12-11 11:09:30,730-DEBUG-root-26528::webapp_internal::fill_grid|6486:: Trying to select cell in grid!
2025-12-11 11:09:30,731-DEBUG-root-26528::base::click|192:: Click Type: ClickType.ACTIONCHAINS
2025-12-11 11:09:31,025-DEBUG-root-26528::webapp_internal::fill_grid|6486:: Trying to select cell in grid!
2025-12-11 11:09:31,028-DEBUG-root-26528::base::click|192:: Click Type: ClickType.ACTIONCHAINS
2025-12-11 11:09:31,315-DEBUG-root-26528::webapp_internal::fill_grid|6486:: Trying to select cell in grid!
2025-12-11 11:09:31,317-DEBUG-root-26528::base::click|192:: Click Type: ClickType.ACTIONCHAINS
2025-12-11 11:09:31,613-DEBUG-root-26528::webapp_internal::fill_grid|6486:: Trying to select cell in grid!
2025-12-11 11:09:31,615-DEBUG-root-26528::base::click|192:: Click Type: ClickType.ACTIONCHAINS
2025-12-11 11:09:31,901-DEBUG-root-26528::webapp_internal::fill_grid|6486:: Trying to select cell in grid!
2025-12-11 11:09:31,903-DEBUG-root-26528::base::click|192:: Click Type: ClickType.ACTIONCHAINS
2025-12-11 11:09:32,165-DEBUG-root-26528::webapp_internal::fill_grid|6486:: Trying to select cell in grid!
2025-12-11 11:09:32,167-DEBUG-root-26528::base::click|192:: Click Type: ClickType.ACTIONCHAINS
2025-12-11 11:09:32,461-DEBUG-root-26528::webapp_internal::fill_grid|6486:: Trying to select cell in grid!
2025-12-11 11:09:32,462-DEBUG-root-26528::base::click|192:: Click Type: ClickType.ACTIONCHAINS
2025-12-11 11:09:32,726-DEBUG-root-26528::webapp_internal::fill_grid|6486:: Trying to select cell in grid!
2025-12-11 11:09:32,728-DEBUG-root-26528::base::click|192:: Click Type: ClickType.ACTIONCHAINS
2025-12-11 11:09:32,992-DEBUG-root-26528::webapp_internal::fill_grid|6486:: Trying to select cell in grid!
2025-12-11 11:09:32,994-DEBUG-root-26528::base::click|192:: Click Type: ClickType.ACTIONCHAINS
2025-12-11 11:09:33,285-DEBUG-root-26528::webapp_internal::fill_grid|6486:: Trying to select cell in grid!
2025-12-11 11:09:33,290-DEBUG-root-26528::base::click|192:: Click Type: ClickType.ACTIONCHAINS
2025-12-11 11:09:33,581-DEBUG-root-26528::webapp_internal::fill_grid|6486:: Trying to select cell in grid!
2025-12-11 11:09:33,583-DEBUG-root-26528::base::click|192:: Click Type: ClickType.ACTIONCHAINS
2025-12-11 11:09:33,876-DEBUG-root-26528::webapp_internal::fill_grid|6486:: Trying to select cell in grid!
2025-12-11 11:09:33,879-DEBUG-root-26528::base::click|192:: Click Type: ClickType.ACTIONCHAINS
2025-12-11 11:09:34,166-DEBUG-root-26528::webapp_internal::fill_grid|6486:: Trying to select cell in grid!
2025-12-11 11:09:34,168-DEBUG-root-26528::base::click|192:: Click Type: ClickType.ACTIONCHAINS
2025-12-11 11:09:34,433-DEBUG-root-26528::webapp_internal::fill_grid|6486:: Trying to select cell in grid!
2025-12-11 11:09:34,434-DEBUG-root-26528::base::click|192:: Click Type: ClickType.ACTIONCHAINS
2025-12-11 11:09:34,730-DEBUG-root-26528::webapp_internal::fill_grid|6486:: Trying to select cell in grid!
2025-12-11 11:09:34,733-DEBUG-root-26528::base::click|192:: Click Type: ClickType.ACTIONCHAINS
2025-12-11 11:09:35,025-DEBUG-root-26528::webapp_internal::fill_grid|6486:: Trying to select cell in grid!
2025-12-11 11:09:35,028-DEBUG-root-26528::base::click|192:: Click Type: ClickType.ACTIONCHAINS
2025-12-11 11:09:35,316-DEBUG-root-26528::webapp_internal::fill_grid|6486:: Trying to select cell in grid!
2025-12-11 11:09:35,318-DEBUG-root-26528::base::click|192:: Click Type: ClickType.ACTIONCHAINS
2025-12-11 11:09:35,615-DEBUG-root-26528::webapp_internal::fill_grid|6486:: Trying to select cell in grid!
2025-12-11 11:09:35,617-DEBUG-root-26528::base::click|192:: Click Type: ClickType.ACTIONCHAINS
2025-12-11 11:09:35,909-DEBUG-root-26528::webapp_internal::fill_grid|6486:: Trying to select cell in grid!
2025-12-11 11:09:35,910-DEBUG-root-26528::base::click|192:: Click Type: ClickType.ACTIONCHAINS
2025-12-11 11:09:36,175-DEBUG-root-26528::webapp_internal::fill_grid|6486:: Trying to select cell in grid!
2025-12-11 11:09:36,177-DEBUG-root-26528::base::click|192:: Click Type: ClickType.ACTIONCHAINS
2025-12-11 11:09:36,438-DEBUG-root-26528::webapp_internal::fill_grid|6486:: Trying to select cell in grid!
2025-12-11 11:09:36,442-DEBUG-root-26528::base::click|192:: Click Type: ClickType.ACTIONCHAINS
2025-12-11 11:09:36,733-DEBUG-root-26528::webapp_internal::fill_grid|6486:: Trying to select cell in grid!
2025-12-11 11:09:36,735-DEBUG-root-26528::base::click|192:: Click Type: ClickType.ACTIONCHAINS
2025-12-11 11:09:37,038-DEBUG-root-26528::webapp_internal::fill_grid|6486:: Trying to select cell in grid!
2025-12-11 11:09:37,042-DEBUG-root-26528::base::click|192:: Click Type: ClickType.ACTIONCHAINS
2025-12-11 11:09:42,468-DEBUG-root-26528::webapp_internal::fill_grid|6498:: Trying open cell in grid!
2025-12-11 11:09:42,766-DEBUG-root-26528::webapp_internal::wait_blocker|2444:: Waiting blocker to continue...
2025-12-11 11:09:42,919-DEBUG-root-26528::webapp_internal::wait_blocker|2469:: Blocker status: False
2025-12-11 11:09:43,104-DEBUG-root-26528::webapp_internal::wait_element_timeout|7726:: Element found! Waiting for element to be displayed.
2025-12-11 11:09:43,478-DEBUG-root-26528::webapp_internal::fill_grid|6577:: Sending keys: 227884
2025-12-11 11:09:43,786-DEBUG-root-26528::webapp_internal::wait_blocker|2444:: Waiting blocker to continue...
2025-12-11 11:09:43,930-DEBUG-root-26528::webapp_internal::wait_blocker|2469:: Blocker status: False
2025-12-11 11:09:44,085-DEBUG-root-26528::webapp_internal::wait_element_timeout|7726:: Element found! Waiting for element to be displayed.
2025-12-11 11:09:44,416-INFO-root-26528::webapp_internal::ClickFolder|5081:: Clicking on folder: Transporte
2025-12-11 11:09:44,417-DEBUG-root-26528::webapp_internal::wait_blocker|2444:: Waiting blocker to continue...
2025-12-11 11:09:44,549-DEBUG-root-26528::webapp_internal::wait_blocker|2469:: Blocker status: False
2025-12-11 11:09:44,583-DEBUG-root-26528::webapp_internal::wait_element|7623:: Waiting for element
2025-12-11 11:09:44,853-DEBUG-root-26528::webapp_internal::wait_element|7653:: Element found! Waiting for element to be displayed.
2025-12-11 11:09:46,426-DEBUG-root-26528::webapp_internal::wait_blocker|2444:: Waiting blocker to continue...
2025-12-11 11:09:46,562-DEBUG-root-26528::webapp_internal::wait_blocker|2469:: Blocker status: False
2025-12-11 11:09:46,563-INFO-root-26528::webapp_internal::SetKey|5822:: Key pressed: TAB
2025-12-11 11:09:46,563-DEBUG-root-26528::webapp_internal::SetKey|5857:: Trying press key
2025-12-11 11:09:46,563-DEBUG-root-26528::webapp_internal::wait_element|7623:: Waiting for element
2025-12-11 11:09:46,669-DEBUG-root-26528::webapp_internal::wait_element|7653:: Element found! Waiting for element to be displayed.
2025-12-11 11:09:47,026-DEBUG-root-26528::webapp_internal::wait_blocker|2444:: Waiting blocker to continue...
2025-12-11 11:09:47,164-DEBUG-root-26528::webapp_internal::wait_blocker|2469:: Blocker status: False
2025-12-11 11:09:47,164-INFO-root-26528::webapp_internal::LoadGrid|6298:: Filling grid field: Tipo
2025-12-11 11:09:47,164-DEBUG-root-26528::webapp_internal::fill_grid|6399:: Grid loading...
2025-12-11 11:09:47,511-DEBUG-root-26528::webapp_internal::fill_grid|6466:: Column found!
2025-12-11 11:09:47,547-DEBUG-root-26528::base::click|192:: Click Type: ClickType.ACTIONCHAINS
2025-12-11 11:09:52,952-DEBUG-root-26528::webapp_internal::fill_grid|6498:: Trying open cell in grid!
2025-12-11 11:09:53,220-DEBUG-root-26528::webapp_internal::wait_blocker|2444:: Waiting blocker to continue...
2025-12-11 11:09:53,395-DEBUG-root-26528::webapp_internal::wait_blocker|2469:: Blocker status: False
2025-12-11 11:09:53,582-DEBUG-root-26528::webapp_internal::wait_element_timeout|7726:: Element found! Waiting for element to be displayed.
2025-12-11 11:09:54,969-INFO-root-26528::base::select_combo|871:: Selected value for combo is: 1 - Aereo
2025-12-11 11:09:55,168-DEBUG-root-26528::webapp_internal::wait_blocker|2444:: Waiting blocker to continue...
2025-12-11 11:09:55,319-DEBUG-root-26528::webapp_internal::wait_blocker|2469:: Blocker status: False
2025-12-11 11:09:55,351-DEBUG-root-26528::webapp_internal::wait_blocker|2444:: Waiting blocker to continue...
2025-12-11 11:09:55,485-DEBUG-root-26528::webapp_internal::wait_blocker|2469:: Blocker status: False
2025-12-11 11:09:55,485-DEBUG-root-26528::webapp_internal::send_action|10480:: Trying to send action
2025-12-11 11:09:56,568-DEBUG-root-26528::webapp_internal::send_action|10522:: send_action method result = True
2025-12-11 11:09:56,569-DEBUG-root-26528::webapp_internal::send_action|10523:: send_action selenium status: False
2025-12-11 11:09:56,569-DEBUG-root-26528::webapp_internal::wait_blocker|2444:: Waiting blocker to continue...
2025-12-11 11:09:56,715-DEBUG-root-26528::webapp_internal::wait_blocker|2469:: Blocker status: False
2025-12-11 11:09:56,715-INFO-root-26528::webapp_internal::SetKey|5822:: Key pressed: TAB
2025-12-11 11:09:56,717-DEBUG-root-26528::webapp_internal::SetKey|5857:: Trying press key
2025-12-11 11:09:56,717-DEBUG-root-26528::webapp_internal::wait_element|7623:: Waiting for element
2025-12-11 11:09:56,827-DEBUG-root-26528::webapp_internal::wait_element|7653:: Element found! Waiting for element to be displayed.
2025-12-11 11:09:57,108-DEBUG-root-26528::webapp_internal::wait_blocker|2444:: Waiting blocker to continue...
2025-12-11 11:09:57,253-DEBUG-root-26528::webapp_internal::wait_blocker|2469:: Blocker status: False
2025-12-11 11:09:57,253-INFO-root-26528::webapp_internal::LoadGrid|6298:: Filling grid field: Partida
2025-12-11 11:09:57,253-DEBUG-root-26528::webapp_internal::fill_grid|6399:: Grid loading...
2025-12-11 11:09:57,645-DEBUG-root-26528::webapp_internal::fill_grid|6466:: Column found!
2025-12-11 11:09:57,681-DEBUG-root-26528::base::click|192:: Click Type: ClickType.ACTIONCHAINS
2025-12-11 11:10:03,011-DEBUG-root-26528::webapp_internal::fill_grid|6498:: Trying open cell in grid!
2025-12-11 11:10:03,299-DEBUG-root-26528::webapp_internal::wait_blocker|2444:: Waiting blocker to continue...
2025-12-11 11:10:03,470-DEBUG-root-26528::webapp_internal::wait_blocker|2469:: Blocker status: False
2025-12-11 11:10:03,658-DEBUG-root-26528::webapp_internal::wait_element_timeout|7726:: Element found! Waiting for element to be displayed.
2025-12-11 11:10:04,079-DEBUG-root-26528::webapp_internal::fill_grid|6577:: Sending keys: 05/01/2026
2025-12-11 11:10:04,371-DEBUG-root-26528::webapp_internal::wait_blocker|2444:: Waiting blocker to continue...
2025-12-11 11:10:04,562-DEBUG-root-26528::webapp_internal::wait_blocker|2469:: Blocker status: False
2025-12-11 11:10:09,968-DEBUG-root-26528::webapp_internal::wait_blocker|2444:: Waiting blocker to continue...
2025-12-11 11:10:10,097-DEBUG-root-26528::webapp_internal::wait_blocker|2469:: Blocker status: False
2025-12-11 11:10:10,120-DEBUG-root-26528::webapp_internal::wait_blocker|2444:: Waiting blocker to continue...
2025-12-11 11:10:10,291-DEBUG-root-26528::webapp_internal::wait_blocker|2469:: Blocker status: False
2025-12-11 11:10:10,291-DEBUG-root-26528::webapp_internal::send_action|10480:: Trying to send action
2025-12-11 11:10:11,333-DEBUG-root-26528::webapp_internal::send_action|10522:: send_action method result = True
2025-12-11 11:10:11,333-DEBUG-root-26528::webapp_internal::send_action|10523:: send_action selenium status: False
2025-12-11 11:10:11,333-DEBUG-root-26528::webapp_internal::wait_blocker|2444:: Waiting blocker to continue...
2025-12-11 11:10:11,465-DEBUG-root-26528::webapp_internal::wait_blocker|2469:: Blocker status: False
2025-12-11 11:10:11,465-INFO-root-26528::webapp_internal::SetKey|5822:: Key pressed: TAB
2025-12-11 11:10:11,465-DEBUG-root-26528::webapp_internal::SetKey|5857:: Trying press key
2025-12-11 11:10:11,465-DEBUG-root-26528::webapp_internal::wait_element|7623:: Waiting for element
2025-12-11 11:10:11,562-DEBUG-root-26528::webapp_internal::wait_element|7653:: Element found! Waiting for element to be displayed.
2025-12-11 11:10:11,826-DEBUG-root-26528::webapp_internal::wait_blocker|2444:: Waiting blocker to continue...
2025-12-11 11:10:11,953-DEBUG-root-26528::webapp_internal::wait_blocker|2469:: Blocker status: False
2025-12-11 11:10:11,953-INFO-root-26528::webapp_internal::LoadGrid|6298:: Filling grid field: Hora Partida
2025-12-11 11:10:11,953-DEBUG-root-26528::webapp_internal::fill_grid|6399:: Grid loading...
2025-12-11 11:10:12,295-DEBUG-root-26528::webapp_internal::fill_grid|6466:: Column found!
2025-12-11 11:10:12,331-DEBUG-root-26528::base::click|192:: Click Type: ClickType.ACTIONCHAINS
2025-12-11 11:10:17,736-DEBUG-root-26528::webapp_internal::fill_grid|6498:: Trying open cell in grid!
2025-12-11 11:10:18,030-DEBUG-root-26528::webapp_internal::wait_blocker|2444:: Waiting blocker to continue...
2025-12-11 11:10:18,199-DEBUG-root-26528::webapp_internal::wait_blocker|2469:: Blocker status: False
2025-12-11 11:10:18,384-DEBUG-root-26528::webapp_internal::wait_element_timeout|7726:: Element found! Waiting for element to be displayed.
2025-12-11 11:10:18,785-DEBUG-root-26528::webapp_internal::fill_grid|6577:: Sending keys: 08:00
2025-12-11 11:10:19,094-DEBUG-root-26528::webapp_internal::wait_blocker|2444:: Waiting blocker to continue...
2025-12-11 11:10:19,247-DEBUG-root-26528::webapp_internal::wait_blocker|2469:: Blocker status: False
2025-12-11 11:10:24,768-DEBUG-root-26528::webapp_internal::wait_blocker|2444:: Waiting blocker to continue...
2025-12-11 11:10:24,915-DEBUG-root-26528::webapp_internal::wait_blocker|2469:: Blocker status: False
2025-12-11 11:10:24,943-DEBUG-root-26528::webapp_internal::wait_blocker|2444:: Waiting blocker to continue...
2025-12-11 11:10:25,117-DEBUG-root-26528::webapp_internal::wait_blocker|2469:: Blocker status: False
2025-12-11 11:10:25,118-DEBUG-root-26528::webapp_internal::send_action|10480:: Trying to send action
2025-12-11 11:10:26,155-DEBUG-root-26528::webapp_internal::send_action|10522:: send_action method result = True
2025-12-11 11:10:26,155-DEBUG-root-26528::webapp_internal::send_action|10523:: send_action selenium status: False
2025-12-11 11:10:26,157-DEBUG-root-26528::webapp_internal::wait_blocker|2444:: Waiting blocker to continue...
2025-12-11 11:10:26,286-DEBUG-root-26528::webapp_internal::wait_blocker|2469:: Blocker status: False
2025-12-11 11:10:26,286-INFO-root-26528::webapp_internal::SetKey|5822:: Key pressed: TAB
2025-12-11 11:10:26,286-DEBUG-root-26528::webapp_internal::SetKey|5857:: Trying press key
2025-12-11 11:10:26,286-DEBUG-root-26528::webapp_internal::wait_element|7623:: Waiting for element
2025-12-11 11:10:26,383-DEBUG-root-26528::webapp_internal::wait_element|7653:: Element found! Waiting for element to be displayed.
2025-12-11 11:10:26,653-DEBUG-root-26528::webapp_internal::wait_blocker|2444:: Waiting blocker to continue...
2025-12-11 11:10:26,783-DEBUG-root-26528::webapp_internal::wait_blocker|2469:: Blocker status: False
2025-12-11 11:10:26,783-INFO-root-26528::webapp_internal::LoadGrid|6298:: Filling grid field: Origem
2025-12-11 11:10:26,783-DEBUG-root-26528::webapp_internal::fill_grid|6399:: Grid loading...
2025-12-11 11:10:27,142-DEBUG-root-26528::webapp_internal::fill_grid|6466:: Column found!
2025-12-11 11:10:27,182-DEBUG-root-26528::base::click|192:: Click Type: ClickType.ACTIONCHAINS
2025-12-11 11:10:32,603-DEBUG-root-26528::webapp_internal::fill_grid|6498:: Trying open cell in grid!
2025-12-11 11:10:32,894-DEBUG-root-26528::webapp_internal::wait_blocker|2444:: Waiting blocker to continue...
2025-12-11 11:10:33,039-DEBUG-root-26528::webapp_internal::wait_blocker|2469:: Blocker status: False
2025-12-11 11:10:33,243-DEBUG-root-26528::webapp_internal::wait_element_timeout|7726:: Element found! Waiting for element to be displayed.
2025-12-11 11:10:33,638-DEBUG-root-26528::webapp_internal::fill_grid|6577:: Sending keys: DF00108
2025-12-11 11:10:33,936-DEBUG-root-26528::webapp_internal::wait_blocker|2444:: Waiting blocker to continue...
2025-12-11 11:10:34,075-DEBUG-root-26528::webapp_internal::wait_blocker|2469:: Blocker status: False
2025-12-11 11:10:34,235-DEBUG-root-26528::webapp_internal::wait_element_timeout|7726:: Element found! Waiting for element to be displayed.
2025-12-11 11:10:34,727-DEBUG-root-26528::webapp_internal::wait_blocker|2444:: Waiting blocker to continue...
2025-12-11 11:10:34,899-DEBUG-root-26528::webapp_internal::wait_blocker|2469:: Blocker status: False
2025-12-11 11:10:34,940-DEBUG-root-26528::webapp_internal::wait_blocker|2444:: Waiting blocker to continue...
2025-12-11 11:10:35,098-DEBUG-root-26528::webapp_internal::wait_blocker|2469:: Blocker status: False
2025-12-11 11:10:35,098-DEBUG-root-26528::webapp_internal::send_action|10480:: Trying to send action
2025-12-11 11:10:36,138-DEBUG-root-26528::webapp_internal::send_action|10522:: send_action method result = True
2025-12-11 11:10:36,139-DEBUG-root-26528::webapp_internal::send_action|10523:: send_action selenium status: False
2025-12-11 11:10:36,139-DEBUG-root-26528::webapp_internal::wait_blocker|2444:: Waiting blocker to continue...
2025-12-11 11:10:36,288-DEBUG-root-26528::webapp_internal::wait_blocker|2469:: Blocker status: False
2025-12-11 11:10:36,288-INFO-root-26528::webapp_internal::SetKey|5822:: Key pressed: TAB
2025-12-11 11:10:36,288-DEBUG-root-26528::webapp_internal::SetKey|5857:: Trying press key
2025-12-11 11:10:36,288-DEBUG-root-26528::webapp_internal::wait_element|7623:: Waiting for element
2025-12-11 11:10:36,393-DEBUG-root-26528::webapp_internal::wait_element|7653:: Element found! Waiting for element to be displayed.
2025-12-11 11:10:36,663-DEBUG-root-26528::webapp_internal::wait_blocker|2444:: Waiting blocker to continue...
2025-12-11 11:10:36,788-DEBUG-root-26528::webapp_internal::wait_blocker|2469:: Blocker status: False
2025-12-11 11:10:36,788-INFO-root-26528::webapp_internal::LoadGrid|6298:: Filling grid field: Destino
2025-12-11 11:10:36,789-DEBUG-root-26528::webapp_internal::fill_grid|6399:: Grid loading...
2025-12-11 11:10:37,192-DEBUG-root-26528::webapp_internal::fill_grid|6466:: Column found!
2025-12-11 11:10:37,228-DEBUG-root-26528::base::click|192:: Click Type: ClickType.ACTIONCHAINS
2025-12-11 11:10:42,613-DEBUG-root-26528::webapp_internal::fill_grid|6498:: Trying open cell in grid!
2025-12-11 11:10:42,901-DEBUG-root-26528::webapp_internal::wait_blocker|2444:: Waiting blocker to continue...
2025-12-11 11:10:43,071-DEBUG-root-26528::webapp_internal::wait_blocker|2469:: Blocker status: False
2025-12-11 11:10:43,264-DEBUG-root-26528::webapp_internal::wait_element_timeout|7726:: Element found! Waiting for element to be displayed.
2025-12-11 11:10:43,613-DEBUG-root-26528::webapp_internal::fill_grid|6577:: Sending keys: GO08707
2025-12-11 11:10:43,918-DEBUG-root-26528::webapp_internal::wait_blocker|2444:: Waiting blocker to continue...
2025-12-11 11:10:44,050-DEBUG-root-26528::webapp_internal::wait_blocker|2469:: Blocker status: False
2025-12-11 11:10:44,202-DEBUG-root-26528::webapp_internal::wait_element_timeout|7726:: Element found! Waiting for element to be displayed.
2025-12-11 11:10:44,719-DEBUG-root-26528::webapp_internal::wait_blocker|2444:: Waiting blocker to continue...
2025-12-11 11:10:44,868-DEBUG-root-26528::webapp_internal::wait_blocker|2469:: Blocker status: False
2025-12-11 11:10:44,897-DEBUG-root-26528::webapp_internal::wait_blocker|2444:: Waiting blocker to continue...
2025-12-11 11:10:45,034-DEBUG-root-26528::webapp_internal::wait_blocker|2469:: Blocker status: False
2025-12-11 11:10:45,034-DEBUG-root-26528::webapp_internal::send_action|10480:: Trying to send action
2025-12-11 11:10:46,072-DEBUG-root-26528::webapp_internal::send_action|10522:: send_action method result = True
2025-12-11 11:10:46,072-DEBUG-root-26528::webapp_internal::send_action|10523:: send_action selenium status: False
2025-12-11 11:10:46,073-DEBUG-root-26528::webapp_internal::wait_blocker|2444:: Waiting blocker to continue...
2025-12-11 11:10:46,200-DEBUG-root-26528::webapp_internal::wait_blocker|2469:: Blocker status: False
2025-12-11 11:10:46,200-INFO-root-26528::webapp_internal::SetKey|5822:: Key pressed: TAB
2025-12-11 11:10:46,200-DEBUG-root-26528::webapp_internal::SetKey|5857:: Trying press key
2025-12-11 11:10:46,201-DEBUG-root-26528::webapp_internal::wait_element|7623:: Waiting for element
2025-12-11 11:10:46,343-DEBUG-root-26528::webapp_internal::wait_element|7653:: Element found! Waiting for element to be displayed.
2025-12-11 11:10:46,603-DEBUG-root-26528::webapp_internal::wait_blocker|2444:: Waiting blocker to continue...
2025-12-11 11:10:46,735-DEBUG-root-26528::webapp_internal::wait_blocker|2469:: Blocker status: False
2025-12-11 11:10:46,735-INFO-root-26528::webapp_internal::LoadGrid|6298:: Filling grid field: Chegada
2025-12-11 11:10:46,735-DEBUG-root-26528::webapp_internal::fill_grid|6399:: Grid loading...
2025-12-11 11:10:47,103-DEBUG-root-26528::webapp_internal::fill_grid|6466:: Column found!
2025-12-11 11:10:47,146-DEBUG-root-26528::base::click|192:: Click Type: ClickType.ACTIONCHAINS
2025-12-11 11:10:52,535-DEBUG-root-26528::webapp_internal::fill_grid|6498:: Trying open cell in grid!
2025-12-11 11:10:52,821-DEBUG-root-26528::webapp_internal::wait_blocker|2444:: Waiting blocker to continue...
2025-12-11 11:10:52,979-DEBUG-root-26528::webapp_internal::wait_blocker|2469:: Blocker status: False
2025-12-11 11:10:53,180-DEBUG-root-26528::webapp_internal::wait_element_timeout|7726:: Element found! Waiting for element to be displayed.
2025-12-11 11:10:53,583-DEBUG-root-26528::webapp_internal::fill_grid|6577:: Sending keys: 05/01/2026
2025-12-11 11:10:53,892-DEBUG-root-26528::webapp_internal::wait_blocker|2444:: Waiting blocker to continue...
2025-12-11 11:10:54,082-DEBUG-root-26528::webapp_internal::wait_blocker|2469:: Blocker status: False
2025-12-11 11:10:59,478-DEBUG-root-26528::webapp_internal::wait_blocker|2444:: Waiting blocker to continue...
2025-12-11 11:10:59,604-DEBUG-root-26528::webapp_internal::wait_blocker|2469:: Blocker status: False
2025-12-11 11:10:59,634-DEBUG-root-26528::webapp_internal::wait_blocker|2444:: Waiting blocker to continue...
2025-12-11 11:10:59,770-DEBUG-root-26528::webapp_internal::wait_blocker|2469:: Blocker status: False
2025-12-11 11:10:59,770-DEBUG-root-26528::webapp_internal::send_action|10480:: Trying to send action
2025-12-11 11:11:00,814-DEBUG-root-26528::webapp_internal::send_action|10522:: send_action method result = True
2025-12-11 11:11:00,815-DEBUG-root-26528::webapp_internal::send_action|10523:: send_action selenium status: False
2025-12-11 11:11:00,815-DEBUG-root-26528::webapp_internal::wait_element|7623:: Waiting for element
2025-12-11 11:11:00,915-DEBUG-root-26528::webapp_internal::wait_element|7653:: Element found! Waiting for element to be displayed.
2025-12-11 11:11:01,227-DEBUG-root-26528::webapp_internal::wait_blocker|2444:: Waiting blocker to continue...
2025-12-11 11:11:01,353-DEBUG-root-26528::webapp_internal::wait_blocker|2469:: Blocker status: False
2025-12-11 11:11:01,353-INFO-root-26528::webapp_internal::LoadGrid|6298:: Filling grid field: Hora Chegada
2025-12-11 11:11:01,354-DEBUG-root-26528::webapp_internal::fill_grid|6399:: Grid loading...
2025-12-11 11:11:01,702-DEBUG-root-26528::webapp_internal::fill_grid|6466:: Column found!
2025-12-11 11:11:01,742-DEBUG-root-26528::base::click|192:: Click Type: ClickType.ACTIONCHAINS
2025-12-11 11:11:07,194-DEBUG-root-26528::webapp_internal::fill_grid|6498:: Trying open cell in grid!
2025-12-11 11:11:07,486-DEBUG-root-26528::webapp_internal::wait_blocker|2444:: Waiting blocker to continue...
2025-12-11 11:11:07,632-DEBUG-root-26528::webapp_internal::wait_blocker|2469:: Blocker status: False
2025-12-11 11:11:07,819-DEBUG-root-26528::webapp_internal::wait_element_timeout|7726:: Element found! Waiting for element to be displayed.
2025-12-11 11:11:08,181-DEBUG-root-26528::webapp_internal::fill_grid|6577:: Sending keys: 12:00
2025-12-11 11:11:08,492-DEBUG-root-26528::webapp_internal::wait_blocker|2444:: Waiting blocker to continue...
2025-12-11 11:11:08,650-DEBUG-root-26528::webapp_internal::wait_blocker|2469:: Blocker status: False
2025-12-11 11:11:13,921-INFO-root-26528::webapp_internal::ClickFolder|5081:: Clicking on folder: Treinamento
2025-12-11 11:11:13,922-DEBUG-root-26528::webapp_internal::wait_blocker|2444:: Waiting blocker to continue...
2025-12-11 11:11:14,050-DEBUG-root-26528::webapp_internal::wait_blocker|2469:: Blocker status: False
2025-12-11 11:11:14,083-DEBUG-root-26528::webapp_internal::wait_element|7623:: Waiting for element
2025-12-11 11:11:14,344-DEBUG-root-26528::webapp_internal::wait_element|7653:: Element found! Waiting for element to be displayed.
2025-12-11 11:11:16,395-INFO-root-26528::webapp_internal::ClickFolder|5081:: Clicking on folder: Transporte
2025-12-11 11:11:16,395-DEBUG-root-26528::webapp_internal::wait_blocker|2444:: Waiting blocker to continue...
2025-12-11 11:11:16,527-DEBUG-root-26528::webapp_internal::wait_blocker|2469:: Blocker status: False
2025-12-11 11:11:16,561-DEBUG-root-26528::webapp_internal::wait_element|7623:: Waiting for element
2025-12-11 11:11:16,869-DEBUG-root-26528::webapp_internal::wait_element|7653:: Element found! Waiting for element to be displayed.
2025-12-11 11:11:18,466-DEBUG-root-26528::webapp_internal::wait_blocker|2444:: Waiting blocker to continue...
2025-12-11 11:11:18,612-DEBUG-root-26528::webapp_internal::wait_blocker|2469:: Blocker status: False
2025-12-11 11:11:18,612-INFO-root-26528::webapp_internal::LoadGrid|6304:: Checking grid field value: Tipo
2025-12-11 11:11:57,538-INFO-root-26528::webapp_internal::check_grid|6883:: Collected value: Servico
2025-12-11 11:11:57,551-DEBUG-root-26528::log::take_screenshot_log|612:: take_screenshot_log in:2025-12-11 11:11:57.551514

2025-12-11 11:11:57,649-DEBUG-root-26528::log::take_screenshot_log|627:: Screenshot file created successfully: Log\GESIT03\97137227104_20251211111157551_test_Cadastro_Orcamento_Viagem.png
2025-12-11 11:11:57,649-DEBUG-root-26528::webapp_internal::wait_blocker|2444:: Waiting blocker to continue...
2025-12-11 11:11:57,888-DEBUG-root-26528::webapp_internal::wait_blocker|2469:: Blocker status: False
2025-12-11 11:11:57,888-INFO-root-26528::webapp_internal::SetKey|5822:: Key pressed: DOWN
2025-12-11 11:11:57,888-DEBUG-root-26528::webapp_internal::wait_blocker|2444:: Waiting blocker to continue...
2025-12-11 11:11:58,034-DEBUG-root-26528::webapp_internal::wait_blocker|2469:: Blocker status: False
2025-12-11 11:11:58,034-INFO-root-26528::webapp_internal::SetKey|5822:: Key pressed: TAB
2025-12-11 11:11:58,034-DEBUG-root-26528::webapp_internal::SetKey|5857:: Trying press key
2025-12-11 11:11:58,034-DEBUG-root-26528::webapp_internal::wait_element|7623:: Waiting for element
2025-12-11 11:11:58,133-DEBUG-root-26528::webapp_internal::wait_element|7653:: Element found! Waiting for element to be displayed.
2025-12-11 11:11:58,398-DEBUG-root-26528::webapp_internal::new_grid_line|7014:: New grid line
2025-12-11 11:11:59,929-DEBUG-root-26528::webapp_internal::wait_blocker|2444:: Waiting blocker to continue...
2025-12-11 11:12:00,114-DEBUG-root-26528::webapp_internal::wait_blocker|2469:: Blocker status: False
2025-12-11 11:12:00,114-INFO-root-26528::webapp_internal::LoadGrid|6298:: Filling grid field: Tipo
2025-12-11 11:12:00,114-DEBUG-root-26528::webapp_internal::fill_grid|6399:: Grid loading...
2025-12-11 11:12:00,355-DEBUG-root-26528::webapp_internal::fill_grid|6466:: Column found!
2025-12-11 11:12:00,410-DEBUG-root-26528::base::click|192:: Click Type: ClickType.ACTIONCHAINS
2025-12-11 11:12:05,777-DEBUG-root-26528::webapp_internal::fill_grid|6498:: Trying open cell in grid!
2025-12-11 11:12:06,066-DEBUG-root-26528::webapp_internal::wait_blocker|2444:: Waiting blocker to continue...
2025-12-11 11:12:06,221-DEBUG-root-26528::webapp_internal::wait_blocker|2469:: Blocker status: False
2025-12-11 11:12:06,411-DEBUG-root-26528::webapp_internal::wait_element_timeout|7726:: Element found! Waiting for element to be displayed.
2025-12-11 11:12:07,803-INFO-root-26528::base::select_combo|871:: Selected value for combo is: 1 - Aereo
2025-12-11 11:12:07,995-DEBUG-root-26528::webapp_internal::wait_blocker|2444:: Waiting blocker to continue...
2025-12-11 11:12:08,178-DEBUG-root-26528::webapp_internal::wait_blocker|2469:: Blocker status: False
2025-12-11 11:12:08,208-DEBUG-root-26528::webapp_internal::wait_blocker|2444:: Waiting blocker to continue...
2025-12-11 11:12:08,350-DEBUG-root-26528::webapp_internal::wait_blocker|2469:: Blocker status: False
2025-12-11 11:12:08,350-DEBUG-root-26528::webapp_internal::send_action|10480:: Trying to send action
2025-12-11 11:12:09,390-DEBUG-root-26528::webapp_internal::send_action|10522:: send_action method result = True
2025-12-11 11:12:09,390-DEBUG-root-26528::webapp_internal::send_action|10523:: send_action selenium status: False
2025-12-11 11:12:09,391-DEBUG-root-26528::webapp_internal::wait_blocker|2444:: Waiting blocker to continue...
2025-12-11 11:12:09,522-DEBUG-root-26528::webapp_internal::wait_blocker|2469:: Blocker status: False
2025-12-11 11:12:09,522-INFO-root-26528::webapp_internal::SetKey|5822:: Key pressed: TAB
2025-12-11 11:12:09,522-DEBUG-root-26528::webapp_internal::SetKey|5857:: Trying press key
2025-12-11 11:12:09,522-DEBUG-root-26528::webapp_internal::wait_element|7623:: Waiting for element
2025-12-11 11:12:09,634-DEBUG-root-26528::webapp_internal::wait_element|7653:: Element found! Waiting for element to be displayed.
2025-12-11 11:12:09,897-DEBUG-root-26528::webapp_internal::wait_blocker|2444:: Waiting blocker to continue...
2025-12-11 11:12:10,048-DEBUG-root-26528::webapp_internal::wait_blocker|2469:: Blocker status: False
2025-12-11 11:12:10,048-INFO-root-26528::webapp_internal::LoadGrid|6298:: Filling grid field: Partida
2025-12-11 11:12:10,049-DEBUG-root-26528::webapp_internal::fill_grid|6399:: Grid loading...
2025-12-11 11:12:10,299-DEBUG-root-26528::webapp_internal::fill_grid|6466:: Column found!
2025-12-11 11:12:10,343-DEBUG-root-26528::base::click|192:: Click Type: ClickType.ACTIONCHAINS
2025-12-11 11:12:15,661-DEBUG-root-26528::webapp_internal::fill_grid|6498:: Trying open cell in grid!
2025-12-11 11:12:15,950-DEBUG-root-26528::webapp_internal::wait_blocker|2444:: Waiting blocker to continue...
2025-12-11 11:12:16,148-DEBUG-root-26528::webapp_internal::wait_blocker|2469:: Blocker status: False
2025-12-11 11:12:16,335-DEBUG-root-26528::webapp_internal::wait_element_timeout|7726:: Element found! Waiting for element to be displayed.
2025-12-11 11:12:16,722-DEBUG-root-26528::webapp_internal::fill_grid|6577:: Sending keys: 11/01/2026
2025-12-11 11:12:17,043-DEBUG-root-26528::webapp_internal::wait_blocker|2444:: Waiting blocker to continue...
2025-12-11 11:12:17,227-DEBUG-root-26528::webapp_internal::wait_blocker|2469:: Blocker status: False
2025-12-11 11:12:22,627-DEBUG-root-26528::webapp_internal::wait_blocker|2444:: Waiting blocker to continue...
2025-12-11 11:12:22,818-DEBUG-root-26528::webapp_internal::wait_blocker|2469:: Blocker status: False
2025-12-11 11:12:22,844-DEBUG-root-26528::webapp_internal::wait_blocker|2444:: Waiting blocker to continue...
2025-12-11 11:12:23,002-DEBUG-root-26528::webapp_internal::wait_blocker|2469:: Blocker status: False
2025-12-11 11:12:23,002-DEBUG-root-26528::webapp_internal::send_action|10480:: Trying to send action
2025-12-11 11:12:24,068-DEBUG-root-26528::webapp_internal::send_action|10522:: send_action method result = True
2025-12-11 11:12:24,068-DEBUG-root-26528::webapp_internal::send_action|10523:: send_action selenium status: False
2025-12-11 11:12:24,068-DEBUG-root-26528::webapp_internal::wait_blocker|2444:: Waiting blocker to continue...
2025-12-11 11:12:24,199-DEBUG-root-26528::webapp_internal::wait_blocker|2469:: Blocker status: False
2025-12-11 11:12:24,199-INFO-root-26528::webapp_internal::SetKey|5822:: Key pressed: TAB
2025-12-11 11:12:24,200-DEBUG-root-26528::webapp_internal::SetKey|5857:: Trying press key
2025-12-11 11:12:24,200-DEBUG-root-26528::webapp_internal::wait_element|7623:: Waiting for element
2025-12-11 11:12:24,295-DEBUG-root-26528::webapp_internal::wait_element|7653:: Element found! Waiting for element to be displayed.
2025-12-11 11:12:24,566-DEBUG-root-26528::webapp_internal::wait_blocker|2444:: Waiting blocker to continue...
2025-12-11 11:12:24,728-DEBUG-root-26528::webapp_internal::wait_blocker|2469:: Blocker status: False
2025-12-11 11:12:24,728-INFO-root-26528::webapp_internal::LoadGrid|6298:: Filling grid field: Hora Partida
2025-12-11 11:12:24,728-DEBUG-root-26528::webapp_internal::fill_grid|6399:: Grid loading...
2025-12-11 11:12:24,979-DEBUG-root-26528::webapp_internal::fill_grid|6466:: Column found!
2025-12-11 11:12:25,016-DEBUG-root-26528::base::click|192:: Click Type: ClickType.ACTIONCHAINS
2025-12-11 11:12:30,471-DEBUG-root-26528::webapp_internal::fill_grid|6498:: Trying open cell in grid!
2025-12-11 11:12:30,767-DEBUG-root-26528::webapp_internal::wait_blocker|2444:: Waiting blocker to continue...
2025-12-11 11:12:30,915-DEBUG-root-26528::webapp_internal::wait_blocker|2469:: Blocker status: False
2025-12-11 11:12:31,104-DEBUG-root-26528::webapp_internal::wait_element_timeout|7726:: Element found! Waiting for element to be displayed.
2025-12-11 11:12:31,548-DEBUG-root-26528::webapp_internal::fill_grid|6577:: Sending keys: 08:00
2025-12-11 11:12:31,853-DEBUG-root-26528::webapp_internal::wait_blocker|2444:: Waiting blocker to continue...
2025-12-11 11:12:32,020-DEBUG-root-26528::webapp_internal::wait_blocker|2469:: Blocker status: False
2025-12-11 11:12:36,240-ERROR-root-26528::webapp_internal::web_scrap|3782:: Message: WebDriver session does not exist, or is not active
Stacktrace:
RemoteError@chrome://remote/content/shared/RemoteError.sys.mjs:8:8
WebDriverError@chrome://remote/content/shared/webdriver/Errors.sys.mjs:202:5
InvalidSessionIDError@chrome://remote/content/shared/webdriver/Errors.sys.mjs:472:5
assert.that/<@chrome://remote/content/shared/webdriver/Assert.sys.mjs:581:13
assert.session@chrome://remote/content/shared/webdriver/Assert.sys.mjs:38:4
dispatch@chrome://remote/content/marionette/server.sys.mjs:315:19
execute@chrome://remote/content/marionette/server.sys.mjs:289:16
onPacket/<@chrome://remote/content/marionette/server.sys.mjs:262:20
onPacket@chrome://remote/content/marionette/server.sys.mjs:263:9
_onJSONObjectReady/<@chrome://remote/content/marionette/transport.sys.mjs:494:20
Traceback (most recent call last):
  File "C:\TIR_TESTE\venv\Lib\site-packages\tir\technologies\core\base.py", line 501, in get_current_DOM
    self.driver.switch_to.default_content()
  File "C:\TIR_TESTE\venv\Lib\site-packages\selenium\webdriver\remote\switch_to.py", line 69, in default_content
    self._driver.execute(Command.SWITCH_TO_FRAME, {"id": None})
  File "C:\TIR_TESTE\venv\Lib\site-packages\selenium\webdriver\remote\webdriver.py", line 347, in execute
    self.error_handler.check_response(response)
  File "C:\TIR_TESTE\venv\Lib\site-packages\selenium\webdriver\remote\errorhandler.py", line 229, in check_response
    raise exception_class(message, screen, stacktrace)
selenium.common.exceptions.InvalidSessionIdException: Message: WebDriver session does not exist, or is not active
Stacktrace:
RemoteError@chrome://remote/content/shared/RemoteError.sys.mjs:8:8
WebDriverError@chrome://remote/content/shared/webdriver/Errors.sys.mjs:202:5
InvalidSessionIDError@chrome://remote/content/shared/webdriver/Errors.sys.mjs:472:5
assert.that/<@chrome://remote/content/shared/webdriver/Assert.sys.mjs:581:13
assert.session@chrome://remote/content/shared/webdriver/Assert.sys.mjs:38:4
dispatch@chrome://remote/content/marionette/server.sys.mjs:315:19
execute@chrome://remote/content/marionette/server.sys.mjs:289:16
onPacket/<@chrome://remote/content/marionette/server.sys.mjs:262:20
onPacket@chrome://remote/content/marionette/server.sys.mjs:263:9
_onJSONObjectReady/<@chrome://remote/content/marionette/transport.sys.mjs:494:20


During handling of the above exception, another exception occurred:

Traceback (most recent call last):
  File "C:\TIR_TESTE\venv\Lib\site-packages\tir\technologies\webapp_internal.py", line 3719, in web_scrap
    soup = self.get_current_DOM(twebview=twebview)
           ^^^^^^^^^^^^^^^^^^^^^^^^^^^^^^^^^^^^^^^
  File "C:\TIR_TESTE\venv\Lib\site-packages\tir\technologies\core\base.py", line 538, in get_current_DOM
    self.driver.switch_to.default_content()
  File "C:\TIR_TESTE\venv\Lib\site-packages\selenium\webdriver\remote\switch_to.py", line 69, in default_content
    self._driver.execute(Command.SWITCH_TO_FRAME, {"id": None})
  File "C:\TIR_TESTE\venv\Lib\site-packages\selenium\webdriver\remote\webdriver.py", line 347, in execute
    self.error_handler.check_response(response)
  File "C:\TIR_TESTE\venv\Lib\site-packages\selenium\webdriver\remote\errorhandler.py", line 229, in check_response
    raise exception_class(message, screen, stacktrace)
selenium.common.exceptions.InvalidSessionIdException: Message: WebDriver session does not exist, or is not active
Stacktrace:
RemoteError@chrome://remote/content/shared/RemoteError.sys.mjs:8:8
WebDriverError@chrome://remote/content/shared/webdriver/Errors.sys.mjs:202:5
InvalidSessionIDError@chrome://remote/content/shared/webdriver/Errors.sys.mjs:472:5
assert.that/<@chrome://remote/content/shared/webdriver/Assert.sys.mjs:581:13
assert.session@chrome://remote/content/shared/webdriver/Assert.sys.mjs:38:4
dispatch@chrome://remote/content/marionette/server.sys.mjs:315:19
execute@chrome://remote/content/marionette/server.sys.mjs:289:16
onPacket/<@chrome://remote/content/marionette/server.sys.mjs:262:20
onPacket@chrome://remote/content/marionette/server.sys.mjs:263:9
_onJSONObjectReady/<@chrome://remote/content/marionette/transport.sys.mjs:494:20

2025-12-11 11:12:36,723-ERROR-root-26528::webapp_internal::fill_grid|6675:: fill grid error: Message: Tried to run command without establishing a connection
Traceback (most recent call last):
  File "C:\TIR_TESTE\venv\Lib\site-packages\tir\technologies\core\base.py", line 501, in get_current_DOM
    self.driver.switch_to.default_content()
  File "C:\TIR_TESTE\venv\Lib\site-packages\selenium\webdriver\remote\switch_to.py", line 69, in default_content
    self._driver.execute(Command.SWITCH_TO_FRAME, {"id": None})
  File "C:\TIR_TESTE\venv\Lib\site-packages\selenium\webdriver\remote\webdriver.py", line 347, in execute
    self.error_handler.check_response(response)
  File "C:\TIR_TESTE\venv\Lib\site-packages\selenium\webdriver\remote\errorhandler.py", line 229, in check_response
    raise exception_class(message, screen, stacktrace)
selenium.common.exceptions.WebDriverException: Message: Failed to decode response from marionette


During handling of the above exception, another exception occurred:

Traceback (most recent call last):
  File "C:\TIR_TESTE\venv\Lib\site-packages\tir\technologies\webapp_internal.py", line 6589, in fill_grid
    modal_open = self.wait_element_timeout(term='wa-dialog', scrap_type=enum.ScrapType.CSS_SELECTOR, position= tmodal_layer + 1, timeout=5, presence=True, main_container='body', check_error=False)
                 ^^^^^^^^^^^^^^^^^^^^^^^^^^^^^^^^^^^^^^^^^^^^^^^^^^^^^^^^^^^^^^^^^^^^^^^^^^^^^^^^^^^^^^^^^^^^^^^^^^^^^^^^^^^^^^^^^^^^^^^^^^^^^^^^^^^^^^^^^^^^^^^^^^^^^^^^^^^^^^^^^^^^^^^^^^^^^^^^^^^
  File "C:\TIR_TESTE\venv\Lib\site-packages\tir\technologies\webapp_internal.py", line 7713, in wait_element_timeout
    if self.element_exists(term, scrap_type, position, optional_term, main_container, check_error, twebview):
       ^^^^^^^^^^^^^^^^^^^^^^^^^^^^^^^^^^^^^^^^^^^^^^^^^^^^^^^^^^^^^^^^^^^^^^^^^^^^^^^^^^^^^^^^^^^^^^^^^^^^^
  File "C:\TIR_TESTE\venv\Lib\site-packages\tir\technologies\webapp_internal.py", line 4073, in element_exists
    soup = self.get_current_DOM(twebview=twebview)
           ^^^^^^^^^^^^^^^^^^^^^^^^^^^^^^^^^^^^^^^
  File "C:\TIR_TESTE\venv\Lib\site-packages\tir\technologies\core\base.py", line 538, in get_current_DOM
    self.driver.switch_to.default_content()
  File "C:\TIR_TESTE\venv\Lib\site-packages\selenium\webdriver\remote\switch_to.py", line 69, in default_content
    self._driver.execute(Command.SWITCH_TO_FRAME, {"id": None})
  File "C:\TIR_TESTE\venv\Lib\site-packages\selenium\webdriver\remote\webdriver.py", line 347, in execute
    self.error_handler.check_response(response)
  File "C:\TIR_TESTE\venv\Lib\site-packages\selenium\webdriver\remote\errorhandler.py", line 229, in check_response
    raise exception_class(message, screen, stacktrace)
selenium.common.exceptions.InvalidSessionIdException: Message: Tried to run command without establishing a connection

2025-12-11 11:12:36,726-WARNING-root-26528::webapp_internal::log_error|8143:: Warning log_error fill grid error: Message: Tried to run command without establishing a connection

2025-12-11 11:12:36,726-DEBUG-root-26528::webapp_internal::log_error|8146:: ***System Info*** in log_error():
2025-12-11 11:12:36,726-DEBUG-root-26528::psutil_info::system_info|5:: CPU USAGE: 9.2%
2025-12-11 11:12:36,727-DEBUG-root-26528::psutil_info::system_info|6:: MEMORY USAGE: 79.4%
2025-12-11 11:12:36,727-DEBUG-root-26528::psutil_info::system_info|7:: MEMORY AVAILABLE: 20.63%
2025-12-11 11:12:36,745-DEBUG-root-26528::log::take_screenshot_log|612:: take_screenshot_log in:2025-12-11 11:12:36.745209

2025-12-11 11:12:36,747-ERROR-root-26528::log::take_screenshot_log|629:: Warning Log Error save_screenshot exception Message: Tried to run command without establishing a connection
Traceback (most recent call last):
  File "C:\TIR_TESTE\venv\Lib\site-packages\tir\technologies\core\base.py", line 501, in get_current_DOM
    self.driver.switch_to.default_content()
  File "C:\TIR_TESTE\venv\Lib\site-packages\selenium\webdriver\remote\switch_to.py", line 69, in default_content
    self._driver.execute(Command.SWITCH_TO_FRAME, {"id": None})
  File "C:\TIR_TESTE\venv\Lib\site-packages\selenium\webdriver\remote\webdriver.py", line 347, in execute
    self.error_handler.check_response(response)
  File "C:\TIR_TESTE\venv\Lib\site-packages\selenium\webdriver\remote\errorhandler.py", line 229, in check_response
    raise exception_class(message, screen, stacktrace)
selenium.common.exceptions.WebDriverException: Message: Failed to decode response from marionette


During handling of the above exception, another exception occurred:

Traceback (most recent call last):
  File "C:\TIR_TESTE\venv\Lib\site-packages\tir\technologies\webapp_internal.py", line 6589, in fill_grid
    modal_open = self.wait_element_timeout(term='wa-dialog', scrap_type=enum.ScrapType.CSS_SELECTOR, position= tmodal_layer + 1, timeout=5, presence=True, main_container='body', check_error=False)
                 ^^^^^^^^^^^^^^^^^^^^^^^^^^^^^^^^^^^^^^^^^^^^^^^^^^^^^^^^^^^^^^^^^^^^^^^^^^^^^^^^^^^^^^^^^^^^^^^^^^^^^^^^^^^^^^^^^^^^^^^^^^^^^^^^^^^^^^^^^^^^^^^^^^^^^^^^^^^^^^^^^^^^^^^^^^^^^^^^^^^
  File "C:\TIR_TESTE\venv\Lib\site-packages\tir\technologies\webapp_internal.py", line 7713, in wait_element_timeout
    if self.element_exists(term, scrap_type, position, optional_term, main_container, check_error, twebview):
       ^^^^^^^^^^^^^^^^^^^^^^^^^^^^^^^^^^^^^^^^^^^^^^^^^^^^^^^^^^^^^^^^^^^^^^^^^^^^^^^^^^^^^^^^^^^^^^^^^^^^^
  File "C:\TIR_TESTE\venv\Lib\site-packages\tir\technologies\webapp_internal.py", line 4073, in element_exists
    soup = self.get_current_DOM(twebview=twebview)
           ^^^^^^^^^^^^^^^^^^^^^^^^^^^^^^^^^^^^^^^
  File "C:\TIR_TESTE\venv\Lib\site-packages\tir\technologies\core\base.py", line 538, in get_current_DOM
    self.driver.switch_to.default_content()
  File "C:\TIR_TESTE\venv\Lib\site-packages\selenium\webdriver\remote\switch_to.py", line 69, in default_content
    self._driver.execute(Command.SWITCH_TO_FRAME, {"id": None})
  File "C:\TIR_TESTE\venv\Lib\site-packages\selenium\webdriver\remote\webdriver.py", line 347, in execute
    self.error_handler.check_response(response)
  File "C:\TIR_TESTE\venv\Lib\site-packages\selenium\webdriver\remote\errorhandler.py", line 229, in check_response
    raise exception_class(message, screen, stacktrace)
selenium.common.exceptions.InvalidSessionIdException: Message: Tried to run command without establishing a connection


During handling of the above exception, another exception occurred:

Traceback (most recent call last):
  File "C:\TIR_TESTE\venv\Lib\site-packages\tir\technologies\core\log.py", line 626, in take_screenshot_log
    driver.save_screenshot(str(path))
  File "C:\TIR_TESTE\venv\Lib\site-packages\selenium\webdriver\remote\webdriver.py", line 822, in save_screenshot
    return self.get_screenshot_as_file(filename)
           ^^^^^^^^^^^^^^^^^^^^^^^^^^^^^^^^^^^^^
  File "C:\TIR_TESTE\venv\Lib\site-packages\selenium\webdriver\remote\webdriver.py", line 798, in get_screenshot_as_file
    png = self.get_screenshot_as_png()
          ^^^^^^^^^^^^^^^^^^^^^^^^^^^^
  File "C:\TIR_TESTE\venv\Lib\site-packages\selenium\webdriver\remote\webdriver.py", line 832, in get_screenshot_as_png
    return b64decode(self.get_screenshot_as_base64().encode("ascii"))
                     ^^^^^^^^^^^^^^^^^^^^^^^^^^^^^^^
  File "C:\TIR_TESTE\venv\Lib\site-packages\selenium\webdriver\remote\webdriver.py", line 843, in get_screenshot_as_base64
    return self.execute(Command.SCREENSHOT)["value"]
           ^^^^^^^^^^^^^^^^^^^^^^^^^^^^^^^^
  File "C:\TIR_TESTE\venv\Lib\site-packages\selenium\webdriver\remote\webdriver.py", line 347, in execute
    self.error_handler.check_response(response)
  File "C:\TIR_TESTE\venv\Lib\site-packages\selenium\webdriver\remote\errorhandler.py", line 229, in check_response
    raise exception_class(message, screen, stacktrace)
selenium.common.exceptions.InvalidSessionIdException: Message: Tried to run command without establishing a connection

2025-12-11 11:12:37,758-DEBUG-root-26528::log::checks_empty_line|221:: Checking empty default log info
2025-12-11 11:12:37,761-DEBUG-root-26528::log::generate_log|503:: Json log_data: {'cLogDtExec': '11/12/2025 11:12:37', 'cLogNomUsr': '97137227104', 'cLogNomEst': 'GESIT03', 'cLogProgra': None, 'cLogDtProg': '', 'cLogHrProg': '', 'nLogCtsOk': 0, 'nLogCtsNok': 1, 'nLogCtsSeg': 311.64, 'cLogVersao': '12', 'cLogReleas': '12.1.2410', 'nLogCtsErr': 'Viagem - fill grid error: Message: Tried to run command without establishing a connection', 'cLogBancod': 'ORACLE', 'cLogIdenti': '', 'cLogIdExec': '20251211', 'cLogPais': 'BRA', 'cLogTool': 'TIR', 'cLogSequen': '4b034f', 'nLogCtsTot': 1, 'cLogDtExea': '11/12/2025', 'cLogHrExea': '11:12:37', 'cLogArea': 'Desenvolvimento', 'cLogMnExec': 5.194}
2025-12-11 11:12:37,761-INFO-root-26528::log::send_log_with_retries|515:: Saving log locally.
2025-12-11 11:12:37,761-INFO-root-26528::log::save_log_locally|548:: [FwSendLog]: Não foi possível enviar o log após todas as tentativas.
2025-12-11 11:12:37,762-INFO-root-26528::log::save_log_locally|555:: [FwSendLog]: Log salvo localmente em C:\TIR_TESTE\1765462357.json.
2025-12-11 11:12:37,767-ERROR-root-26528::webapp_internal::log_error|8181:: Warning Log Error Close Message: Tried to run command without establishing a connection
Traceback (most recent call last):
  File "C:\TIR_TESTE\venv\Lib\site-packages\tir\technologies\core\base.py", line 501, in get_current_DOM
    self.driver.switch_to.default_content()
  File "C:\TIR_TESTE\venv\Lib\site-packages\selenium\webdriver\remote\switch_to.py", line 69, in default_content
    self._driver.execute(Command.SWITCH_TO_FRAME, {"id": None})
  File "C:\TIR_TESTE\venv\Lib\site-packages\selenium\webdriver\remote\webdriver.py", line 347, in execute
    self.error_handler.check_response(response)
  File "C:\TIR_TESTE\venv\Lib\site-packages\selenium\webdriver\remote\errorhandler.py", line 229, in check_response
    raise exception_class(message, screen, stacktrace)
selenium.common.exceptions.WebDriverException: Message: Failed to decode response from marionette


During handling of the above exception, another exception occurred:

Traceback (most recent call last):
  File "C:\TIR_TESTE\venv\Lib\site-packages\tir\technologies\webapp_internal.py", line 6589, in fill_grid
    modal_open = self.wait_element_timeout(term='wa-dialog', scrap_type=enum.ScrapType.CSS_SELECTOR, position= tmodal_layer + 1, timeout=5, presence=True, main_container='body', check_error=False)
                 ^^^^^^^^^^^^^^^^^^^^^^^^^^^^^^^^^^^^^^^^^^^^^^^^^^^^^^^^^^^^^^^^^^^^^^^^^^^^^^^^^^^^^^^^^^^^^^^^^^^^^^^^^^^^^^^^^^^^^^^^^^^^^^^^^^^^^^^^^^^^^^^^^^^^^^^^^^^^^^^^^^^^^^^^^^^^^^^^^^^
  File "C:\TIR_TESTE\venv\Lib\site-packages\tir\technologies\webapp_internal.py", line 7713, in wait_element_timeout
    if self.element_exists(term, scrap_type, position, optional_term, main_container, check_error, twebview):
       ^^^^^^^^^^^^^^^^^^^^^^^^^^^^^^^^^^^^^^^^^^^^^^^^^^^^^^^^^^^^^^^^^^^^^^^^^^^^^^^^^^^^^^^^^^^^^^^^^^^^^
  File "C:\TIR_TESTE\venv\Lib\site-packages\tir\technologies\webapp_internal.py", line 4073, in element_exists
    soup = self.get_current_DOM(twebview=twebview)
           ^^^^^^^^^^^^^^^^^^^^^^^^^^^^^^^^^^^^^^^
  File "C:\TIR_TESTE\venv\Lib\site-packages\tir\technologies\core\base.py", line 538, in get_current_DOM
    self.driver.switch_to.default_content()
  File "C:\TIR_TESTE\venv\Lib\site-packages\selenium\webdriver\remote\switch_to.py", line 69, in default_content
    self._driver.execute(Command.SWITCH_TO_FRAME, {"id": None})
  File "C:\TIR_TESTE\venv\Lib\site-packages\selenium\webdriver\remote\webdriver.py", line 347, in execute
    self.error_handler.check_response(response)
  File "C:\TIR_TESTE\venv\Lib\site-packages\selenium\webdriver\remote\errorhandler.py", line 229, in check_response
    raise exception_class(message, screen, stacktrace)
selenium.common.exceptions.InvalidSessionIdException: Message: Tried to run command without establishing a connection


During handling of the above exception, another exception occurred:

Traceback (most recent call last):
  File "C:\TIR_TESTE\venv\Lib\site-packages\tir\technologies\webapp_internal.py", line 8179, in log_error
    self.driver.close()
  File "C:\TIR_TESTE\venv\Lib\site-packages\selenium\webdriver\remote\webdriver.py", line 458, in close
    self.execute(Command.CLOSE)
  File "C:\TIR_TESTE\venv\Lib\site-packages\selenium\webdriver\remote\webdriver.py", line 347, in execute
    self.error_handler.check_response(response)
  File "C:\TIR_TESTE\venv\Lib\site-packages\selenium\webdriver\remote\errorhandler.py", line 229, in check_response
    raise exception_class(message, screen, stacktrace)
selenium.common.exceptions.InvalidSessionIdException: Message: Tried to run command without establishing a connection

2025-12-11 11:12:37,768-ERROR-root-26528::webapp_internal::SetKey|5901:: False is not true : Viagem - fill grid error: Message: Tried to run command without establishing a connection
Traceback (most recent call last):
  File "C:\TIR_TESTE\venv\Lib\site-packages\tir\technologies\core\base.py", line 501, in get_current_DOM
    self.driver.switch_to.default_content()
  File "C:\TIR_TESTE\venv\Lib\site-packages\selenium\webdriver\remote\switch_to.py", line 69, in default_content
    self._driver.execute(Command.SWITCH_TO_FRAME, {"id": None})
  File "C:\TIR_TESTE\venv\Lib\site-packages\selenium\webdriver\remote\webdriver.py", line 347, in execute
    self.error_handler.check_response(response)
  File "C:\TIR_TESTE\venv\Lib\site-packages\selenium\webdriver\remote\errorhandler.py", line 229, in check_response
    raise exception_class(message, screen, stacktrace)
selenium.common.exceptions.WebDriverException: Message: Failed to decode response from marionette


During handling of the above exception, another exception occurred:

Traceback (most recent call last):
  File "C:\TIR_TESTE\venv\Lib\site-packages\tir\technologies\webapp_internal.py", line 6589, in fill_grid
    modal_open = self.wait_element_timeout(term='wa-dialog', scrap_type=enum.ScrapType.CSS_SELECTOR, position= tmodal_layer + 1, timeout=5, presence=True, main_container='body', check_error=False)
                 ^^^^^^^^^^^^^^^^^^^^^^^^^^^^^^^^^^^^^^^^^^^^^^^^^^^^^^^^^^^^^^^^^^^^^^^^^^^^^^^^^^^^^^^^^^^^^^^^^^^^^^^^^^^^^^^^^^^^^^^^^^^^^^^^^^^^^^^^^^^^^^^^^^^^^^^^^^^^^^^^^^^^^^^^^^^^^^^^^^^
  File "C:\TIR_TESTE\venv\Lib\site-packages\tir\technologies\webapp_internal.py", line 7713, in wait_element_timeout
    if self.element_exists(term, scrap_type, position, optional_term, main_container, check_error, twebview):
       ^^^^^^^^^^^^^^^^^^^^^^^^^^^^^^^^^^^^^^^^^^^^^^^^^^^^^^^^^^^^^^^^^^^^^^^^^^^^^^^^^^^^^^^^^^^^^^^^^^^^^
  File "C:\TIR_TESTE\venv\Lib\site-packages\tir\technologies\webapp_internal.py", line 4073, in element_exists
    soup = self.get_current_DOM(twebview=twebview)
           ^^^^^^^^^^^^^^^^^^^^^^^^^^^^^^^^^^^^^^^
  File "C:\TIR_TESTE\venv\Lib\site-packages\tir\technologies\core\base.py", line 538, in get_current_DOM
    self.driver.switch_to.default_content()
  File "C:\TIR_TESTE\venv\Lib\site-packages\selenium\webdriver\remote\switch_to.py", line 69, in default_content
    self._driver.execute(Command.SWITCH_TO_FRAME, {"id": None})
  File "C:\TIR_TESTE\venv\Lib\site-packages\selenium\webdriver\remote\webdriver.py", line 347, in execute
    self.error_handler.check_response(response)
  File "C:\TIR_TESTE\venv\Lib\site-packages\selenium\webdriver\remote\errorhandler.py", line 229, in check_response
    raise exception_class(message, screen, stacktrace)
selenium.common.exceptions.InvalidSessionIdException: Message: Tried to run command without establishing a connection


During handling of the above exception, another exception occurred:

Traceback (most recent call last):
  File "C:\TIR_TESTE\venv\Lib\site-packages\tir\technologies\webapp_internal.py", line 5861, in SetKey
    self.LoadGrid()
  File "C:\TIR_TESTE\venv\Lib\site-packages\tir\technologies\webapp_internal.py", line 6301, in LoadGrid
    self.fill_grid(field, x3_dictionaries, initial_layer, duplicate_fields)
  File "C:\TIR_TESTE\venv\Lib\site-packages\tir\technologies\webapp_internal.py", line 6676, in fill_grid
    self.log_error(f'fill grid error: {str(e)}')
  File "C:\TIR_TESTE\venv\Lib\site-packages\tir\technologies\webapp_internal.py", line 8206, in log_error
    self.assertTrue(False, log_message)
  File "C:\Users\97137227104\AppData\Local\Programs\Python\Python312\Lib\unittest\case.py", line 727, in assertTrue
    raise self.failureException(msg)
AssertionError: False is not true : Viagem - fill grid error: Message: Tried to run command without establishing a connection

2025-12-11 11:12:37,770-DEBUG-root-26528::webapp_internal::wait_blocker|2444:: Waiting blocker to continue...
2025-12-11 11:12:37,774-DEBUG-root-26528::webapp_internal::wait_blocker|2469:: Blocker status: None
2025-12-11 11:12:37,774-INFO-root-26528::webapp_internal::SetKey|5822:: Key pressed: TAB
2025-12-11 11:12:37,774-DEBUG-root-26528::webapp_internal::SetKey|5857:: Trying press key
2025-12-11 11:12:37,774-DEBUG-root-26528::webapp_internal::wait_element|7623:: Waiting for element
2025-12-11 11:12:37,776-WARNING-root-26528::webapp_internal::log_error|8143:: Warning log_error SetKey - Screen is not load: Message: Tried to run command without establishing a connection

2025-12-11 11:12:37,777-DEBUG-root-26528::webapp_internal::log_error|8146:: ***System Info*** in log_error():
2025-12-11 11:12:37,777-DEBUG-root-26528::psutil_info::system_info|5:: CPU USAGE: 8.6%
2025-12-11 11:12:37,777-DEBUG-root-26528::psutil_info::system_info|6:: MEMORY USAGE: 79.4%
2025-12-11 11:12:37,778-DEBUG-root-26528::psutil_info::system_info|7:: MEMORY AVAILABLE: 20.64%
2025-12-11 11:12:37,794-ERROR-root-26528::webapp_internal::log_error|8181:: Warning Log Error Close Message: Tried to run command without establishing a connection
Traceback (most recent call last):
  File "C:\TIR_TESTE\venv\Lib\site-packages\tir\technologies\core\base.py", line 501, in get_current_DOM
    self.driver.switch_to.default_content()
  File "C:\TIR_TESTE\venv\Lib\site-packages\selenium\webdriver\remote\switch_to.py", line 69, in default_content
    self._driver.execute(Command.SWITCH_TO_FRAME, {"id": None})
  File "C:\TIR_TESTE\venv\Lib\site-packages\selenium\webdriver\remote\webdriver.py", line 347, in execute
    self.error_handler.check_response(response)
  File "C:\TIR_TESTE\venv\Lib\site-packages\selenium\webdriver\remote\errorhandler.py", line 229, in check_response
    raise exception_class(message, screen, stacktrace)
selenium.common.exceptions.InvalidSessionIdException: Message: Tried to run command without establishing a connection


During handling of the above exception, another exception occurred:

Traceback (most recent call last):
  File "C:\TIR_TESTE\venv\Lib\site-packages\tir\technologies\webapp_internal.py", line 5861, in SetKey
    self.LoadGrid()
  File "C:\TIR_TESTE\venv\Lib\site-packages\tir\technologies\webapp_internal.py", line 6284, in LoadGrid
    self.wait_element(term=selector, scrap_type=enum.ScrapType.CSS_SELECTOR)
  File "C:\TIR_TESTE\venv\Lib\site-packages\tir\technologies\webapp_internal.py", line 7626, in wait_element
    while (not self.element_exists(term, scrap_type, position, optional_term, main_container, check_error, twebview, second_term) and time.time() < endtime):
               ^^^^^^^^^^^^^^^^^^^^^^^^^^^^^^^^^^^^^^^^^^^^^^^^^^^^^^^^^^^^^^^^^^^^^^^^^^^^^^^^^^^^^^^^^^^^^^^^^^^^^^^^^^^^^^^^^^
  File "C:\TIR_TESTE\venv\Lib\site-packages\tir\technologies\webapp_internal.py", line 4073, in element_exists
    soup = self.get_current_DOM(twebview=twebview)
           ^^^^^^^^^^^^^^^^^^^^^^^^^^^^^^^^^^^^^^^
  File "C:\TIR_TESTE\venv\Lib\site-packages\tir\technologies\core\base.py", line 538, in get_current_DOM
    self.driver.switch_to.default_content()
  File "C:\TIR_TESTE\venv\Lib\site-packages\selenium\webdriver\remote\switch_to.py", line 69, in default_content
    self._driver.execute(Command.SWITCH_TO_FRAME, {"id": None})
  File "C:\TIR_TESTE\venv\Lib\site-packages\selenium\webdriver\remote\webdriver.py", line 347, in execute
    self.error_handler.check_response(response)
  File "C:\TIR_TESTE\venv\Lib\site-packages\selenium\webdriver\remote\errorhandler.py", line 229, in check_response
    raise exception_class(message, screen, stacktrace)
selenium.common.exceptions.InvalidSessionIdException: Message: Tried to run command without establishing a connection


During handling of the above exception, another exception occurred:

Traceback (most recent call last):
  File "C:\TIR_TESTE\venv\Lib\site-packages\tir\technologies\webapp_internal.py", line 8179, in log_error
    self.driver.close()
  File "C:\TIR_TESTE\venv\Lib\site-packages\selenium\webdriver\remote\webdriver.py", line 458, in close
    self.execute(Command.CLOSE)
  File "C:\TIR_TESTE\venv\Lib\site-packages\selenium\webdriver\remote\webdriver.py", line 347, in execute
    self.error_handler.check_response(response)
  File "C:\TIR_TESTE\venv\Lib\site-packages\selenium\webdriver\remote\errorhandler.py", line 229, in check_response
    raise exception_class(message, screen, stacktrace)
selenium.common.exceptions.InvalidSessionIdException: Message: Tried to run command without establishing a connection

2025-12-11 11:12:38,252-ERROR-root-26528::webapp_internal::TearDown|9654:: Warning tearDown Close Message: Tried to run command without establishing a connection
Traceback (most recent call last):
  File "C:\TIR_TESTE\venv\Lib\site-packages\tir\technologies\webapp_internal.py", line 9652, in TearDown
    self.driver.close()
  File "C:\TIR_TESTE\venv\Lib\site-packages\selenium\webdriver\remote\webdriver.py", line 458, in close
    self.execute(Command.CLOSE)
  File "C:\TIR_TESTE\venv\Lib\site-packages\selenium\webdriver\remote\webdriver.py", line 347, in execute
    self.error_handler.check_response(response)
  File "C:\TIR_TESTE\venv\Lib\site-packages\selenium\webdriver\remote\errorhandler.py", line 229, in check_response
    raise exception_class(message, screen, stacktrace)
selenium.common.exceptions.InvalidSessionIdException: Message: Tried to run command without establishing a connection

2025-12-11 11:07:25,241-DEBUG-root-26528::logging_config::logger|189:: Log file created: 'Log\GESIT03\TIR__20251211110725235.log'
2025-12-11 11:07:25,241-INFO-root-26528::base::Start|1183:: TIR Version: 2.4.3
2025-12-11 11:07:25,241-INFO-root-26528::base::Start|1184:: Python Version: 3.12.10
2025-12-11 11:07:25,242-INFO-root-26528::base::Start|1185:: Starting the browser
2025-12-11 11:07:32,782-INFO-root-26528::base::get_url|1294:: Page is ready!
2025-12-11 11:07:32,784-INFO-root-26528::base::Start|1256:: Browser maximized to 1936x1048
2025-12-11 11:07:32,784-INFO-root-26528::base::Start|1258:: Screen size is different from default used in headless mode
2025-12-11 11:07:32,899-INFO-root-26528::webapp_internal::Setup|247:: ***System Info*** in Setup():
2025-12-11 11:07:32,900-DEBUG-root-26528::psutil_info::system_info|5:: CPU USAGE: 16.7%
2025-12-11 11:07:32,900-DEBUG-root-26528::psutil_info::system_info|6:: MEMORY USAGE: 87.4%
2025-12-11 11:07:32,901-DEBUG-root-26528::psutil_info::system_info|7:: MEMORY AVAILABLE: 12.58%
2025-12-11 11:07:32,910-INFO-root-26528::base::webapp_shadowroot|1394:: Webapp: 10.1.6-RC4
2025-12-11 11:07:32,965-INFO-root-26528::webapp_internal::filling_initial_program|449:: Filling Initial Program: "SIGAMDI"
2025-12-11 11:07:32,965-DEBUG-root-26528::webapp_internal::wait_element|7623:: Waiting for element
2025-12-11 11:07:33,100-DEBUG-root-26528::webapp_internal::wait_element|7653:: Element found! Waiting for element to be displayed.
2025-12-11 11:07:33,860-DEBUG-root-26528::base::click|192:: Click Type: ClickType.JS
2025-12-11 11:07:33,863-DEBUG-root-26528::webapp_internal::try_send_keys|7976:: Trying to send keys to element using technique 0
2025-12-11 11:07:34,203-DEBUG-root-26528::webapp_internal::get_web_value|3232:: Current value: SIGAMDI
2025-12-11 11:07:34,203-INFO-root-26528::webapp_internal::filling_server_environment|463:: Filling Server Environment: "POUPEX_TST"
2025-12-11 11:07:34,203-DEBUG-root-26528::webapp_internal::wait_element|7623:: Waiting for element
2025-12-11 11:07:34,228-DEBUG-root-26528::webapp_internal::wait_element|7653:: Element found! Waiting for element to be displayed.
2025-12-11 11:07:34,391-DEBUG-root-26528::base::click|192:: Click Type: ClickType.JS
2025-12-11 11:07:34,396-DEBUG-root-26528::webapp_internal::try_send_keys|7976:: Trying to send keys to element using technique 0
2025-12-11 11:07:34,730-DEBUG-root-26528::webapp_internal::get_web_value|3232:: Current value: POUPEX_TST
2025-12-11 11:07:34,751-DEBUG-root-26528::base::click|192:: Click Type: ClickType.JS
2025-12-11 11:07:34,761-DEBUG-root-26528::webapp_internal::user_screen|519:: Filling user screen
2025-12-11 11:07:41,752-DEBUG-root-26528::base::scroll_to_element|759:: ********Warining scroll_to_element exception: Message: TypeError: can't access property "scrollIntoView", arguments[0] is null
Stacktrace:
@https://qasrverp:10020/webapp/:2:7
@https://qasrverp:10020/webapp/:3:8
*********
2025-12-11 11:07:41,790-DEBUG-root-26528::webapp_internal::wait_element_timeout|7726:: Element found! Waiting for element to be displayed.
2025-12-11 11:07:41,851-DEBUG-root-26528::base::scroll_to_element|759:: ********Warining scroll_to_element exception: Message: TypeError: can't access property "scrollIntoView", arguments[0] is null
Stacktrace:
@https://qasrverp:10020/webapp/:2:7
@https://qasrverp:10020/webapp/:3:8
*********
2025-12-11 11:07:41,984-INFO-root-26528::webapp_internal::user_screen|561:: Filling User
2025-12-11 11:07:42,011-DEBUG-root-26528::base::double_click|259:: Click Type: ClickType.SELENIUM
2025-12-11 11:07:42,196-DEBUG-root-26528::webapp_internal::get_web_value|3232:: Current value: 97137227104
2025-12-11 11:07:42,218-INFO-root-26528::webapp_internal::user_screen|621:: Filling Password
2025-12-11 11:07:42,237-DEBUG-root-26528::base::click|192:: Click Type: ClickType.JS
2025-12-11 11:07:42,317-DEBUG-root-26528::webapp_internal::get_web_value|3232:: Current value: Val20221080080094+
2025-12-11 11:07:42,318-DEBUG-root-26528::webapp_internal::wait_blocker|2444:: Waiting blocker to continue...
2025-12-11 11:07:42,350-DEBUG-root-26528::webapp_internal::wait_blocker|2469:: Blocker status: None
2025-12-11 11:07:42,370-DEBUG-root-26528::webapp_internal::wait_blocker|2444:: Waiting blocker to continue...
2025-12-11 11:07:42,395-DEBUG-root-26528::webapp_internal::wait_blocker|2469:: Blocker status: None
2025-12-11 11:07:42,428-DEBUG-root-26528::webapp_internal::wait_blocker|2444:: Waiting blocker to continue...
2025-12-11 11:07:42,457-DEBUG-root-26528::webapp_internal::wait_blocker|2469:: Blocker status: None
2025-12-11 11:07:42,457-DEBUG-root-26528::webapp_internal::send_action|10480:: Trying to send action
2025-12-11 11:07:42,464-DEBUG-root-26528::base::click|192:: Click Type: ClickType.JS
2025-12-11 11:07:43,503-DEBUG-root-26528::webapp_internal::send_action|10522:: send_action method result = True
2025-12-11 11:07:43,504-DEBUG-root-26528::webapp_internal::send_action|10523:: send_action selenium status: False
2025-12-11 11:07:46,040-DEBUG-root-26528::base::scroll_to_element|759:: ********Warining scroll_to_element exception: Message: TypeError: can't access property "scrollIntoView", arguments[0] is null
Stacktrace:
@https://qasrverp:10020/webapp/:2:7
@https://qasrverp:10020/webapp/:3:8
*********
2025-12-11 11:07:46,093-INFO-root-26528::webapp_internal::filling_date|885:: Filling Date: "11/12/2025"
2025-12-11 11:07:46,093-DEBUG-root-26528::webapp_internal::wait_blocker|2444:: Waiting blocker to continue...
2025-12-11 11:07:46,128-DEBUG-root-26528::webapp_internal::wait_blocker|2469:: Blocker status: None
2025-12-11 11:07:46,131-DEBUG-root-26528::base::click|192:: Click Type: ClickType.JS
2025-12-11 11:07:46,146-DEBUG-root-26528::webapp_internal::try_send_keys|7976:: Trying to send keys to element using technique 1
2025-12-11 11:07:46,231-DEBUG-root-26528::webapp_internal::get_web_value|3232:: Current value: 11/12/2025
2025-12-11 11:07:47,313-INFO-root-26528::webapp_internal::filling_group|955:: Filling Group: "02"
2025-12-11 11:07:47,314-DEBUG-root-26528::webapp_internal::wait_blocker|2444:: Waiting blocker to continue...
2025-12-11 11:07:47,345-DEBUG-root-26528::webapp_internal::wait_blocker|2469:: Blocker status: None
2025-12-11 11:07:47,348-DEBUG-root-26528::base::click|192:: Click Type: ClickType.JS
2025-12-11 11:07:47,401-DEBUG-root-26528::webapp_internal::get_web_value|3232:: Current value: 02
2025-12-11 11:07:48,461-INFO-root-26528::webapp_internal::filling_branch|1047:: Filling Branch: "02DF0001"
2025-12-11 11:07:48,461-DEBUG-root-26528::webapp_internal::wait_blocker|2444:: Waiting blocker to continue...
2025-12-11 11:07:48,491-DEBUG-root-26528::webapp_internal::wait_blocker|2469:: Blocker status: None
2025-12-11 11:07:48,494-DEBUG-root-26528::base::click|192:: Click Type: ClickType.JS
2025-12-11 11:07:48,551-DEBUG-root-26528::webapp_internal::get_web_value|3232:: Current value: 02DF0001
2025-12-11 11:07:49,666-INFO-root-26528::webapp_internal::filling_environment|1113:: Filling Environment: "07"
2025-12-11 11:07:49,666-DEBUG-root-26528::webapp_internal::wait_blocker|2444:: Waiting blocker to continue...
2025-12-11 11:07:49,700-DEBUG-root-26528::webapp_internal::wait_blocker|2469:: Blocker status: None
2025-12-11 11:07:49,702-DEBUG-root-26528::base::click|192:: Click Type: ClickType.JS
2025-12-11 11:07:49,754-DEBUG-root-26528::webapp_internal::get_web_value|3232:: Current value: 07
2025-12-11 11:07:50,763-DEBUG-root-26528::webapp_internal::close_warning_screen|1489:: Closing warning screen!
2025-12-11 11:07:51,793-DEBUG-root-26528::webapp_internal::check_screen_element|1291:: Checking screen element: "Atenção": False
2025-12-11 11:07:52,890-INFO-root-26528::webapp_internal::environment_screen|796:: Clicking on Button
2025-12-11 11:07:52,890-DEBUG-root-26528::webapp_internal::wait_blocker|2444:: Waiting blocker to continue...
2025-12-11 11:07:52,924-DEBUG-root-26528::webapp_internal::wait_blocker|2469:: Blocker status: None
2025-12-11 11:07:52,927-DEBUG-root-26528::base::click|192:: Click Type: ClickType.JS
2025-12-11 11:07:53,936-DEBUG-root-26528::base::click|192:: Click Type: ClickType.JS
2025-12-11 11:07:54,947-DEBUG-root-26528::base::click|192:: Click Type: ClickType.JS
2025-12-11 11:07:55,953-DEBUG-root-26528::base::click|192:: Click Type: ClickType.JS
2025-12-11 11:07:56,961-DEBUG-root-26528::base::click|192:: Click Type: ClickType.JS
2025-12-11 11:07:57,969-DEBUG-root-26528::base::click|192:: Click Type: ClickType.JS
2025-12-11 11:07:58,977-DEBUG-root-26528::webapp_internal::close_screen_before_menu|368:: Closing screen before the menu
2025-12-11 11:07:59,019-DEBUG-root-26528::webapp_internal::close_warning_screen|1489:: Closing warning screen!
2025-12-11 11:08:00,073-DEBUG-root-26528::webapp_internal::check_screen_element|1291:: Checking screen element: "Atenção": False
2025-12-11 11:08:00,074-DEBUG-root-26528::webapp_internal::close_coin_screen|1424:: Closing coin screen!
2025-12-11 11:08:00,631-DEBUG-root-26528::base::click|192:: Click Type: ClickType.JS
2025-12-11 11:08:00,689-DEBUG-root-26528::webapp_internal::close_warning_screen|1489:: Closing warning screen!
2025-12-11 11:08:01,922-DEBUG-root-26528::webapp_internal::check_screen_element|1291:: Checking screen element: "Atenção": False
2025-12-11 11:08:01,922-DEBUG-root-26528::webapp_internal::close_coin_screen|1424:: Closing coin screen!
2025-12-11 11:08:02,243-INFO-root-26528::webapp_internal::set_log_info|1623:: Getting log info
2025-12-11 11:08:02,243-INFO-root-26528::webapp_internal::SetLateralMenu|4184:: Navigating lateral menu: Ajuda > Sobre
2025-12-11 11:08:02,282-DEBUG-root-26528::webapp_internal::wait_element|7623:: Waiting for element
2025-12-11 11:08:02,423-DEBUG-root-26528::webapp_internal::wait_element|7653:: Element found! Waiting for element to be displayed.
2025-12-11 11:08:02,632-INFO-root-26528::webapp_internal::SetLateralMenu|4203:: Menu item: "Ajuda"
2025-12-11 11:08:02,632-DEBUG-root-26528::webapp_internal::wait_blocker|2444:: Waiting blocker to continue...
2025-12-11 11:08:02,716-DEBUG-root-26528::webapp_internal::wait_blocker|2469:: Blocker status: False
2025-12-11 11:08:03,121-DEBUG-root-26528::webapp_internal::wait_element_timeout|7726:: Element found! Waiting for element to be displayed.
2025-12-11 11:08:03,477-DEBUG-root-26528::webapp_internal::wait_blocker|2444:: Waiting blocker to continue...
2025-12-11 11:08:03,543-DEBUG-root-26528::webapp_internal::wait_blocker|2469:: Blocker status: False
2025-12-11 11:08:05,834-INFO-root-26528::webapp_internal::SetLateralMenu|4203:: Menu item: "Sobre"
2025-12-11 11:08:05,834-DEBUG-root-26528::webapp_internal::wait_blocker|2444:: Waiting blocker to continue...
2025-12-11 11:08:05,897-DEBUG-root-26528::webapp_internal::wait_blocker|2469:: Blocker status: False
2025-12-11 11:08:06,329-DEBUG-root-26528::webapp_internal::wait_element_timeout|7726:: Element found! Waiting for element to be displayed.
2025-12-11 11:08:06,699-DEBUG-root-26528::webapp_internal::wait_blocker|2444:: Waiting blocker to continue...
2025-12-11 11:08:06,761-DEBUG-root-26528::webapp_internal::wait_blocker|2469:: Blocker status: False
2025-12-11 11:08:09,394-DEBUG-root-26528::webapp_internal::wait_blocker|2444:: Waiting blocker to continue...
2025-12-11 11:08:09,461-DEBUG-root-26528::webapp_internal::wait_blocker|2469:: Blocker status: False
2025-12-11 11:08:09,533-DEBUG-root-26528::webapp_internal::wait_element|7623:: Waiting for element
2025-12-11 11:08:09,574-DEBUG-root-26528::webapp_internal::wait_element|7653:: Element found! Waiting for element to be displayed.
2025-12-11 11:08:09,742-INFO-root-26528::webapp_internal::SetButton|4444:: Clicking on Fechar
2025-12-11 11:08:09,742-DEBUG-root-26528::webapp_internal::wait_blocker|2444:: Waiting blocker to continue...
2025-12-11 11:08:09,811-DEBUG-root-26528::webapp_internal::wait_blocker|2469:: Blocker status: False
2025-12-11 11:08:09,989-DEBUG-root-26528::webapp_internal::wait_element_timeout|7726:: Element found! Waiting for element to be displayed.
2025-12-11 11:08:10,060-DEBUG-root-26528::webapp_internal::SetButton|4481:: ***System Info*** Before Clicking on button:Fechar
2025-12-11 11:08:10,060-DEBUG-root-26528::psutil_info::system_info|5:: CPU USAGE: 9.9%
2025-12-11 11:08:10,060-DEBUG-root-26528::psutil_info::system_info|6:: MEMORY USAGE: 86.7%
2025-12-11 11:08:10,061-DEBUG-root-26528::psutil_info::system_info|7:: MEMORY AVAILABLE: 13.25%
2025-12-11 11:08:10,227-DEBUG-root-26528::webapp_internal::wait_element_timeout|7726:: Element found! Waiting for element to be displayed.
2025-12-11 11:08:10,331-DEBUG-root-26528::webapp_internal::wait_blocker|2444:: Waiting blocker to continue...
2025-12-11 11:08:10,401-DEBUG-root-26528::webapp_internal::wait_blocker|2469:: Blocker status: False
2025-12-11 11:08:10,418-DEBUG-root-26528::webapp_internal::wait_blocker|2444:: Waiting blocker to continue...
2025-12-11 11:08:10,491-DEBUG-root-26528::webapp_internal::wait_blocker|2469:: Blocker status: False
2025-12-11 11:08:10,491-DEBUG-root-26528::webapp_internal::send_action|10480:: Trying to send action
2025-12-11 11:08:10,493-DEBUG-root-26528::base::click|192:: Click Type: ClickType.JS
2025-12-11 11:08:11,525-DEBUG-root-26528::webapp_internal::send_action|10522:: send_action method result = True
2025-12-11 11:08:11,525-DEBUG-root-26528::webapp_internal::send_action|10523:: send_action selenium status: False
2025-12-11 11:08:11,526-DEBUG-root-26528::webapp_internal::SetButton|4683:: ***System Info*** After Clicking on button:
2025-12-11 11:08:11,526-DEBUG-root-26528::psutil_info::system_info|5:: CPU USAGE: 5.4%
2025-12-11 11:08:11,526-DEBUG-root-26528::psutil_info::system_info|6:: MEMORY USAGE: 86.8%
2025-12-11 11:08:11,527-DEBUG-root-26528::psutil_info::system_info|7:: MEMORY AVAILABLE: 13.23%
2025-12-11 11:08:11,527-DEBUG-root-26528::webapp_internal::wait_element|7623:: Waiting for element
2025-12-11 11:08:11,610-INFO-root-26528::webapp_internal::SetLateralMenu|4184:: Navigating lateral menu: Atualizações > Gestao de Viagens > Solicitações
2025-12-11 11:08:11,618-DEBUG-root-26528::webapp_internal::wait_element|7623:: Waiting for element
2025-12-11 11:08:11,652-DEBUG-root-26528::webapp_internal::wait_element|7653:: Element found! Waiting for element to be displayed.
2025-12-11 11:08:11,811-INFO-root-26528::webapp_internal::SetLateralMenu|4203:: Menu item: "Atualizações"
2025-12-11 11:08:11,811-DEBUG-root-26528::webapp_internal::wait_blocker|2444:: Waiting blocker to continue...
2025-12-11 11:08:11,872-DEBUG-root-26528::webapp_internal::wait_blocker|2469:: Blocker status: False
2025-12-11 11:08:12,279-DEBUG-root-26528::webapp_internal::wait_element_timeout|7726:: Element found! Waiting for element to be displayed.
2025-12-11 11:08:12,676-DEBUG-root-26528::webapp_internal::wait_blocker|2444:: Waiting blocker to continue...
2025-12-11 11:08:12,745-DEBUG-root-26528::webapp_internal::wait_blocker|2469:: Blocker status: False
2025-12-11 11:08:15,050-INFO-root-26528::webapp_internal::SetLateralMenu|4203:: Menu item: "Gestao de Viagens"
2025-12-11 11:08:15,050-DEBUG-root-26528::webapp_internal::wait_blocker|2444:: Waiting blocker to continue...
2025-12-11 11:08:15,143-DEBUG-root-26528::webapp_internal::wait_blocker|2469:: Blocker status: False
2025-12-11 11:08:15,870-DEBUG-root-26528::webapp_internal::wait_element_timeout|7726:: Element found! Waiting for element to be displayed.
2025-12-11 11:08:16,573-DEBUG-root-26528::webapp_internal::wait_blocker|2444:: Waiting blocker to continue...
2025-12-11 11:08:16,662-DEBUG-root-26528::webapp_internal::wait_blocker|2469:: Blocker status: False
2025-12-11 11:08:18,958-INFO-root-26528::webapp_internal::SetLateralMenu|4203:: Menu item: "Solicitações"
2025-12-11 11:08:18,958-DEBUG-root-26528::webapp_internal::wait_blocker|2444:: Waiting blocker to continue...
2025-12-11 11:08:19,044-DEBUG-root-26528::webapp_internal::wait_blocker|2469:: Blocker status: False
2025-12-11 11:08:19,868-DEBUG-root-26528::webapp_internal::wait_element_timeout|7726:: Element found! Waiting for element to be displayed.
2025-12-11 11:08:20,645-DEBUG-root-26528::webapp_internal::wait_blocker|2444:: Waiting blocker to continue...
2025-12-11 11:08:20,717-DEBUG-root-26528::webapp_internal::wait_blocker|2469:: Blocker status: False
2025-12-11 11:08:24,245-DEBUG-root-26528::webapp_internal::wait_blocker|2444:: Waiting blocker to continue...
2025-12-11 11:08:24,318-DEBUG-root-26528::webapp_internal::wait_blocker|2469:: Blocker status: False
2025-12-11 11:08:24,393-INFO-root-26528::webapp_internal::WaitShow|4980:: Waiting show text 'Este ambiente utiliza base de Homologação.'...
2025-12-11 11:08:30,284-INFO-root-26528::webapp_internal::WaitShow|4980:: Waiting show text 'Moedas'...
2025-12-11 11:08:35,728-INFO-root-26528::webapp_internal::WaitShow|4980:: Waiting show text 'Solicitação de Viagens/Treinamento'...
2025-12-11 11:08:35,780-INFO-root-26528::webapp_internal::WaitShow|4996:: Text found! 
2025-12-11 11:08:35,781-INFO-root-26528::webapp_internal::SetButton|4444:: Clicking on Incluir
2025-12-11 11:08:35,781-DEBUG-root-26528::webapp_internal::wait_blocker|2444:: Waiting blocker to continue...
2025-12-11 11:08:35,869-DEBUG-root-26528::webapp_internal::wait_blocker|2469:: Blocker status: False
2025-12-11 11:08:36,247-DEBUG-root-26528::webapp_internal::wait_element_timeout|7726:: Element found! Waiting for element to be displayed.
2025-12-11 11:08:36,504-DEBUG-root-26528::webapp_internal::SetButton|4481:: ***System Info*** Before Clicking on button:Incluir
2025-12-11 11:08:36,504-DEBUG-root-26528::psutil_info::system_info|5:: CPU USAGE: 8.2%
2025-12-11 11:08:36,505-DEBUG-root-26528::psutil_info::system_info|6:: MEMORY USAGE: 86.7%
2025-12-11 11:08:36,505-DEBUG-root-26528::psutil_info::system_info|7:: MEMORY AVAILABLE: 13.31%
2025-12-11 11:08:36,855-DEBUG-root-26528::webapp_internal::wait_element_timeout|7726:: Element found! Waiting for element to be displayed.
2025-12-11 11:08:37,168-DEBUG-root-26528::webapp_internal::wait_blocker|2444:: Waiting blocker to continue...
2025-12-11 11:08:37,257-DEBUG-root-26528::webapp_internal::wait_blocker|2469:: Blocker status: False
2025-12-11 11:08:37,279-DEBUG-root-26528::webapp_internal::wait_blocker|2444:: Waiting blocker to continue...
2025-12-11 11:08:37,373-DEBUG-root-26528::webapp_internal::wait_blocker|2469:: Blocker status: False
2025-12-11 11:08:37,373-DEBUG-root-26528::webapp_internal::send_action|10480:: Trying to send action
2025-12-11 11:08:37,376-DEBUG-root-26528::base::click|192:: Click Type: ClickType.JS
2025-12-11 11:08:38,586-DEBUG-root-26528::webapp_internal::send_action|10522:: send_action method result = True
2025-12-11 11:08:38,586-DEBUG-root-26528::webapp_internal::send_action|10523:: send_action selenium status: True
2025-12-11 11:08:38,586-DEBUG-root-26528::webapp_internal::SetButton|4683:: ***System Info*** After Clicking on button:
2025-12-11 11:08:38,586-DEBUG-root-26528::psutil_info::system_info|5:: CPU USAGE: 9.6%
2025-12-11 11:08:38,587-DEBUG-root-26528::psutil_info::system_info|6:: MEMORY USAGE: 86.8%
2025-12-11 11:08:38,587-DEBUG-root-26528::psutil_info::system_info|7:: MEMORY AVAILABLE: 13.24%
2025-12-11 11:08:38,788-DEBUG-root-26528::webapp_internal::wait_blocker|2444:: Waiting blocker to continue...
2025-12-11 11:08:38,880-DEBUG-root-26528::webapp_internal::wait_blocker|2469:: Blocker status: False
2025-12-11 11:08:38,880-INFO-root-26528::webapp_internal::SearchBrowse|2003:: Searching: 02DF0001
2025-12-11 11:08:39,045-DEBUG-root-26528::webapp_internal::wait_element_timeout|7726:: Element found! Waiting for element to be displayed.
2025-12-11 11:08:39,130-DEBUG-root-26528::webapp_internal::wait_blocker|2444:: Waiting blocker to continue...
2025-12-11 11:08:39,220-DEBUG-root-26528::webapp_internal::wait_blocker|2469:: Blocker status: False
2025-12-11 11:08:39,230-DEBUG-root-26528::webapp_internal::wait_blocker|2444:: Waiting blocker to continue...
2025-12-11 11:08:39,327-DEBUG-root-26528::webapp_internal::wait_blocker|2469:: Blocker status: False
2025-12-11 11:08:39,328-INFO-root-26528::webapp_internal::fill_search_browse|2399:: Filling: 02DF0001
2025-12-11 11:08:39,338-DEBUG-root-26528::base::click|192:: Click Type: ClickType.JS
2025-12-11 11:08:40,421-DEBUG-root-26528::webapp_internal::wait_blocker|2444:: Waiting blocker to continue...
2025-12-11 11:08:40,530-DEBUG-root-26528::webapp_internal::wait_blocker|2469:: Blocker status: False
2025-12-11 11:08:40,531-DEBUG-root-26528::base::double_click|259:: Click Type: ClickType.SELENIUM
2025-12-11 11:08:40,536-WARNING-root-26528::base::double_click|280:: Warning double_click method Exception: Message: Element <button class="button-image" type="button"> is not clickable at point (1258,360) because another element <wa-button id="COMP6023" class="dict-tbutton focus"> obscures it
Stacktrace:
RemoteError@chrome://remote/content/shared/RemoteError.sys.mjs:8:8
WebDriverError@chrome://remote/content/shared/webdriver/Errors.sys.mjs:202:5
ElementClickInterceptedError@chrome://remote/content/shared/webdriver/Errors.sys.mjs:354:5
webdriverClickElement@chrome://remote/content/marionette/interaction.sys.mjs:175:11
interaction.clickElement@chrome://remote/content/marionette/interaction.sys.mjs:134:11
clickElement@chrome://remote/content/marionette/actors/MarionetteCommandsChild.sys.mjs:327:29
receiveMessage@chrome://remote/content/marionette/actors/MarionetteCommandsChild.sys.mjs:210:31

2025-12-11 11:08:40,844-INFO-root-26528::webapp_internal::SetButton|4444:: Clicking on OK
2025-12-11 11:08:40,844-DEBUG-root-26528::webapp_internal::wait_blocker|2444:: Waiting blocker to continue...
2025-12-11 11:08:40,968-DEBUG-root-26528::webapp_internal::wait_blocker|2469:: Blocker status: False
2025-12-11 11:08:41,260-DEBUG-root-26528::webapp_internal::wait_element_timeout|7726:: Element found! Waiting for element to be displayed.
2025-12-11 11:08:41,443-DEBUG-root-26528::webapp_internal::SetButton|4481:: ***System Info*** Before Clicking on button:OK
2025-12-11 11:08:41,444-DEBUG-root-26528::psutil_info::system_info|5:: CPU USAGE: 9.6%
2025-12-11 11:08:41,444-DEBUG-root-26528::psutil_info::system_info|6:: MEMORY USAGE: 86.7%
2025-12-11 11:08:41,444-DEBUG-root-26528::psutil_info::system_info|7:: MEMORY AVAILABLE: 13.26%
2025-12-11 11:08:41,714-DEBUG-root-26528::webapp_internal::wait_element_timeout|7726:: Element found! Waiting for element to be displayed.
2025-12-11 11:08:41,943-DEBUG-root-26528::webapp_internal::wait_blocker|2444:: Waiting blocker to continue...
2025-12-11 11:08:42,040-DEBUG-root-26528::webapp_internal::wait_blocker|2469:: Blocker status: False
2025-12-11 11:08:42,102-DEBUG-root-26528::webapp_internal::wait_blocker|2444:: Waiting blocker to continue...
2025-12-11 11:08:42,195-DEBUG-root-26528::webapp_internal::wait_blocker|2469:: Blocker status: False
2025-12-11 11:08:42,195-DEBUG-root-26528::webapp_internal::send_action|10480:: Trying to send action
2025-12-11 11:08:42,197-DEBUG-root-26528::base::click|192:: Click Type: ClickType.JS
2025-12-11 11:08:44,648-DEBUG-root-26528::webapp_internal::send_action|10522:: send_action method result = True
2025-12-11 11:08:44,648-DEBUG-root-26528::webapp_internal::send_action|10523:: send_action selenium status: True
2025-12-11 11:08:44,648-DEBUG-root-26528::webapp_internal::SetButton|4683:: ***System Info*** After Clicking on button:
2025-12-11 11:08:44,649-DEBUG-root-26528::psutil_info::system_info|5:: CPU USAGE: 9.9%
2025-12-11 11:08:44,649-DEBUG-root-26528::psutil_info::system_info|6:: MEMORY USAGE: 86.8%
2025-12-11 11:08:44,649-DEBUG-root-26528::psutil_info::system_info|7:: MEMORY AVAILABLE: 13.22%
2025-12-11 11:08:44,851-INFO-root-26528::webapp_internal::WaitShow|4980:: Waiting show text 'Solicitacoes de Viagens - INCLUIR'...
2025-12-11 11:08:45,077-INFO-root-26528::webapp_internal::WaitShow|4996:: Text found! 
2025-12-11 11:08:45,078-DEBUG-root-26528::webapp_internal::wait_blocker|2444:: Waiting blocker to continue...
2025-12-11 11:08:45,235-DEBUG-root-26528::webapp_internal::wait_blocker|2469:: Blocker status: False
2025-12-11 11:08:45,235-DEBUG-root-26528::webapp_internal::wait_element|7623:: Waiting for element
2025-12-11 11:08:45,315-DEBUG-root-26528::webapp_internal::wait_element|7653:: Element found! Waiting for element to be displayed.
2025-12-11 11:08:45,386-INFO-root-26528::webapp_internal::input_value|2941:: Looking for element: ZV3_DESCRI
2025-12-11 11:08:45,552-INFO-root-26528::webapp_internal::input_value|2951:: Element: ZV3_DESCRI Found!
2025-12-11 11:08:45,552-INFO-root-26528::webapp_internal::input_value|2953:: Filling element: ZV3_DESCRI
2025-12-11 11:08:45,580-DEBUG-root-26528::webapp_internal::get_web_value|3232:: Current value:                                                   
2025-12-11 11:08:45,615-DEBUG-root-26528::base::double_click|259:: Click Type: ClickType.SELENIUM
2025-12-11 11:08:45,885-DEBUG-root-26528::webapp_internal::wait_blocker|2444:: Waiting blocker to continue...
2025-12-11 11:08:46,048-DEBUG-root-26528::webapp_internal::wait_blocker|2469:: Blocker status: False
2025-12-11 11:08:46,419-DEBUG-root-26528::webapp_internal::get_web_value|3232:: Current value: USO PARA TESTE AUTOMATIZADO                       
2025-12-11 11:08:46,419-INFO-root-26528::webapp_internal::input_value|3059:: Current field value: USO PARA TESTE AUTOMATIZADO
2025-12-11 11:08:46,452-DEBUG-root-26528::webapp_internal::wait_blocker|2444:: Waiting blocker to continue...
2025-12-11 11:08:46,598-DEBUG-root-26528::webapp_internal::wait_blocker|2469:: Blocker status: False
2025-12-11 11:08:46,598-DEBUG-root-26528::webapp_internal::wait_element|7623:: Waiting for element
2025-12-11 11:08:46,677-DEBUG-root-26528::webapp_internal::wait_element|7653:: Element found! Waiting for element to be displayed.
2025-12-11 11:08:46,762-INFO-root-26528::webapp_internal::input_value|2941:: Looking for element: ZV3_DTINI
2025-12-11 11:08:47,010-INFO-root-26528::webapp_internal::input_value|2951:: Element: ZV3_DTINI Found!
2025-12-11 11:08:47,010-INFO-root-26528::webapp_internal::input_value|2953:: Filling element: ZV3_DTINI
2025-12-11 11:08:47,048-DEBUG-root-26528::webapp_internal::get_web_value|3232:: Current value:   /  /    
2025-12-11 11:08:47,093-DEBUG-root-26528::base::double_click|259:: Click Type: ClickType.SELENIUM
2025-12-11 11:08:47,346-DEBUG-root-26528::webapp_internal::wait_blocker|2444:: Waiting blocker to continue...
2025-12-11 11:08:47,484-DEBUG-root-26528::webapp_internal::wait_blocker|2469:: Blocker status: False
2025-12-11 11:08:47,831-DEBUG-root-26528::webapp_internal::get_web_value|3232:: Current value: 05/01/2026
2025-12-11 11:08:47,831-INFO-root-26528::webapp_internal::input_value|3059:: Current field value: 05012026
2025-12-11 11:08:47,841-DEBUG-root-26528::webapp_internal::wait_blocker|2444:: Waiting blocker to continue...
2025-12-11 11:08:47,998-DEBUG-root-26528::webapp_internal::wait_blocker|2469:: Blocker status: False
2025-12-11 11:08:47,998-DEBUG-root-26528::webapp_internal::wait_element|7623:: Waiting for element
2025-12-11 11:08:48,081-DEBUG-root-26528::webapp_internal::wait_element|7653:: Element found! Waiting for element to be displayed.
2025-12-11 11:08:48,168-INFO-root-26528::webapp_internal::input_value|2941:: Looking for element: ZV3_DTFIM
2025-12-11 11:08:48,402-INFO-root-26528::webapp_internal::input_value|2951:: Element: ZV3_DTFIM Found!
2025-12-11 11:08:48,402-INFO-root-26528::webapp_internal::input_value|2953:: Filling element: ZV3_DTFIM
2025-12-11 11:08:48,435-DEBUG-root-26528::webapp_internal::get_web_value|3232:: Current value:   /  /    
2025-12-11 11:08:48,475-DEBUG-root-26528::base::double_click|259:: Click Type: ClickType.SELENIUM
2025-12-11 11:08:48,738-DEBUG-root-26528::webapp_internal::wait_blocker|2444:: Waiting blocker to continue...
2025-12-11 11:08:48,893-DEBUG-root-26528::webapp_internal::wait_blocker|2469:: Blocker status: False
2025-12-11 11:08:49,232-DEBUG-root-26528::webapp_internal::get_web_value|3232:: Current value: 11/01/2026
2025-12-11 11:08:49,232-INFO-root-26528::webapp_internal::input_value|3059:: Current field value: 11012026
2025-12-11 11:08:50,245-DEBUG-root-26528::webapp_internal::wait_blocker|2444:: Waiting blocker to continue...
2025-12-11 11:08:50,374-DEBUG-root-26528::webapp_internal::wait_blocker|2469:: Blocker status: False
2025-12-11 11:08:50,374-DEBUG-root-26528::webapp_internal::wait_element|7623:: Waiting for element
2025-12-11 11:08:50,453-DEBUG-root-26528::webapp_internal::wait_element|7653:: Element found! Waiting for element to be displayed.
2025-12-11 11:08:50,520-INFO-root-26528::webapp_internal::input_value|2941:: Looking for element: ZV3_CC
2025-12-11 11:08:50,680-INFO-root-26528::webapp_internal::input_value|2951:: Element: ZV3_CC Found!
2025-12-11 11:08:50,680-INFO-root-26528::webapp_internal::input_value|2953:: Filling element: ZV3_CC
2025-12-11 11:08:50,702-DEBUG-root-26528::webapp_internal::get_web_value|3232:: Current value:          
2025-12-11 11:08:50,737-DEBUG-root-26528::base::double_click|259:: Click Type: ClickType.SELENIUM
2025-12-11 11:08:50,998-DEBUG-root-26528::webapp_internal::wait_blocker|2444:: Waiting blocker to continue...
2025-12-11 11:08:51,151-DEBUG-root-26528::webapp_internal::wait_blocker|2469:: Blocker status: False
2025-12-11 11:08:51,480-DEBUG-root-26528::webapp_internal::get_web_value|3232:: Current value: 000000677
2025-12-11 11:08:51,480-INFO-root-26528::webapp_internal::input_value|3059:: Current field value: 000000677
2025-12-11 11:08:51,493-DEBUG-root-26528::webapp_internal::wait_blocker|2444:: Waiting blocker to continue...
2025-12-11 11:08:51,650-DEBUG-root-26528::webapp_internal::wait_blocker|2469:: Blocker status: False
2025-12-11 11:08:51,650-DEBUG-root-26528::webapp_internal::wait_element|7623:: Waiting for element
2025-12-11 11:08:51,754-DEBUG-root-26528::webapp_internal::wait_element|7653:: Element found! Waiting for element to be displayed.
2025-12-11 11:08:51,821-INFO-root-26528::webapp_internal::input_value|2941:: Looking for element: ZV3_TIPO
2025-12-11 11:08:51,984-INFO-root-26528::webapp_internal::input_value|2951:: Element: ZV3_TIPO Found!
2025-12-11 11:08:51,984-INFO-root-26528::webapp_internal::input_value|2953:: Filling element: ZV3_TIPO
2025-12-11 11:08:53,163-INFO-root-26528::base::select_combo|871:: Selected value for combo is: 1 - Servico
2025-12-11 11:08:53,211-DEBUG-root-26528::webapp_internal::wait_blocker|2444:: Waiting blocker to continue...
2025-12-11 11:08:53,354-DEBUG-root-26528::webapp_internal::wait_blocker|2469:: Blocker status: False
2025-12-11 11:08:53,355-DEBUG-root-26528::webapp_internal::wait_element|7623:: Waiting for element
2025-12-11 11:08:53,433-DEBUG-root-26528::webapp_internal::wait_element|7653:: Element found! Waiting for element to be displayed.
2025-12-11 11:08:53,514-INFO-root-26528::webapp_internal::input_value|2941:: Looking for element: ZV3_OBS
2025-12-11 11:08:53,714-INFO-root-26528::webapp_internal::input_value|2951:: Element: ZV3_OBS Found!
2025-12-11 11:08:53,714-INFO-root-26528::webapp_internal::input_value|2953:: Filling element: ZV3_OBS
2025-12-11 11:08:53,746-DEBUG-root-26528::webapp_internal::get_web_value|3232:: Current value: 
2025-12-11 11:08:53,767-DEBUG-root-26528::base::double_click|259:: Click Type: ClickType.SELENIUM
2025-12-11 11:08:54,018-DEBUG-root-26528::webapp_internal::wait_blocker|2444:: Waiting blocker to continue...
2025-12-11 11:08:54,149-DEBUG-root-26528::webapp_internal::wait_blocker|2469:: Blocker status: False
2025-12-11 11:08:54,508-DEBUG-root-26528::webapp_internal::get_web_value|3232:: Current value: TESTE DE SOLICITAÇÃO DE VIAGEM
2025-12-11 11:08:54,508-INFO-root-26528::webapp_internal::input_value|3059:: Current field value: TESTE DE SOLICITAÇÃO DE VIAGEM
2025-12-11 11:08:54,517-DEBUG-root-26528::webapp_internal::wait_blocker|2444:: Waiting blocker to continue...
2025-12-11 11:08:54,648-DEBUG-root-26528::webapp_internal::wait_blocker|2469:: Blocker status: False
2025-12-11 11:08:54,649-INFO-root-26528::webapp_internal::SetKey|5822:: Key pressed: TAB
2025-12-11 11:08:54,649-DEBUG-root-26528::webapp_internal::SetKey|5857:: Trying press key
2025-12-11 11:08:54,781-DEBUG-root-26528::webapp_internal::wait_blocker|2444:: Waiting blocker to continue...
2025-12-11 11:08:54,912-DEBUG-root-26528::webapp_internal::wait_blocker|2469:: Blocker status: False
2025-12-11 11:08:54,953-DEBUG-root-26528::webapp_internal::wait_blocker|2444:: Waiting blocker to continue...
2025-12-11 11:08:55,116-DEBUG-root-26528::webapp_internal::wait_blocker|2469:: Blocker status: False
2025-12-11 11:08:55,116-DEBUG-root-26528::webapp_internal::send_action|10480:: Trying to send action
2025-12-11 11:08:56,157-DEBUG-root-26528::webapp_internal::send_action|10522:: send_action method result = True
2025-12-11 11:08:56,157-DEBUG-root-26528::webapp_internal::send_action|10523:: send_action selenium status: False
2025-12-11 11:08:56,157-DEBUG-root-26528::webapp_internal::wait_element|7623:: Waiting for element
2025-12-11 11:08:56,262-DEBUG-root-26528::webapp_internal::wait_element|7653:: Element found! Waiting for element to be displayed.
2025-12-11 11:08:56,526-DEBUG-root-26528::webapp_internal::wait_blocker|2444:: Waiting blocker to continue...
2025-12-11 11:08:56,650-DEBUG-root-26528::webapp_internal::wait_blocker|2469:: Blocker status: False
2025-12-11 11:08:56,650-INFO-root-26528::webapp_internal::LoadGrid|6298:: Filling grid field: Favorecido
2025-12-11 11:08:56,650-DEBUG-root-26528::webapp_internal::fill_grid|6399:: Grid loading...
2025-12-11 11:08:56,813-DEBUG-root-26528::webapp_internal::fill_grid|6466:: Column found!
2025-12-11 11:08:56,848-DEBUG-root-26528::base::click|192:: Click Type: ClickType.ACTIONCHAINS
2025-12-11 11:08:57,143-DEBUG-root-26528::webapp_internal::fill_grid|6486:: Trying to select cell in grid!
2025-12-11 11:08:57,146-DEBUG-root-26528::base::click|192:: Click Type: ClickType.ACTIONCHAINS
2025-12-11 11:08:57,433-DEBUG-root-26528::webapp_internal::fill_grid|6486:: Trying to select cell in grid!
2025-12-11 11:08:57,435-DEBUG-root-26528::base::click|192:: Click Type: ClickType.ACTIONCHAINS
2025-12-11 11:08:57,724-DEBUG-root-26528::webapp_internal::fill_grid|6486:: Trying to select cell in grid!
2025-12-11 11:08:57,726-DEBUG-root-26528::base::click|192:: Click Type: ClickType.ACTIONCHAINS
2025-12-11 11:08:58,017-DEBUG-root-26528::webapp_internal::fill_grid|6486:: Trying to select cell in grid!
2025-12-11 11:08:58,019-DEBUG-root-26528::base::click|192:: Click Type: ClickType.ACTIONCHAINS
2025-12-11 11:08:58,315-DEBUG-root-26528::webapp_internal::fill_grid|6486:: Trying to select cell in grid!
2025-12-11 11:08:58,317-DEBUG-root-26528::base::click|192:: Click Type: ClickType.ACTIONCHAINS
2025-12-11 11:08:58,608-DEBUG-root-26528::webapp_internal::fill_grid|6486:: Trying to select cell in grid!
2025-12-11 11:08:58,610-DEBUG-root-26528::base::click|192:: Click Type: ClickType.ACTIONCHAINS
2025-12-11 11:08:58,902-DEBUG-root-26528::webapp_internal::fill_grid|6486:: Trying to select cell in grid!
2025-12-11 11:08:58,905-DEBUG-root-26528::base::click|192:: Click Type: ClickType.ACTIONCHAINS
2025-12-11 11:08:59,198-DEBUG-root-26528::webapp_internal::fill_grid|6486:: Trying to select cell in grid!
2025-12-11 11:08:59,200-DEBUG-root-26528::base::click|192:: Click Type: ClickType.ACTIONCHAINS
2025-12-11 11:08:59,498-DEBUG-root-26528::webapp_internal::fill_grid|6486:: Trying to select cell in grid!
2025-12-11 11:08:59,500-DEBUG-root-26528::base::click|192:: Click Type: ClickType.ACTIONCHAINS
2025-12-11 11:08:59,787-DEBUG-root-26528::webapp_internal::fill_grid|6486:: Trying to select cell in grid!
2025-12-11 11:08:59,793-DEBUG-root-26528::base::click|192:: Click Type: ClickType.ACTIONCHAINS
2025-12-11 11:09:00,084-DEBUG-root-26528::webapp_internal::fill_grid|6486:: Trying to select cell in grid!
2025-12-11 11:09:00,086-DEBUG-root-26528::base::click|192:: Click Type: ClickType.ACTIONCHAINS
2025-12-11 11:09:00,374-DEBUG-root-26528::webapp_internal::fill_grid|6486:: Trying to select cell in grid!
2025-12-11 11:09:00,376-DEBUG-root-26528::base::click|192:: Click Type: ClickType.ACTIONCHAINS
2025-12-11 11:09:00,668-DEBUG-root-26528::webapp_internal::fill_grid|6486:: Trying to select cell in grid!
2025-12-11 11:09:00,669-DEBUG-root-26528::base::click|192:: Click Type: ClickType.ACTIONCHAINS
2025-12-11 11:09:00,965-DEBUG-root-26528::webapp_internal::fill_grid|6486:: Trying to select cell in grid!
2025-12-11 11:09:00,967-DEBUG-root-26528::base::click|192:: Click Type: ClickType.ACTIONCHAINS
2025-12-11 11:09:01,262-DEBUG-root-26528::webapp_internal::fill_grid|6486:: Trying to select cell in grid!
2025-12-11 11:09:01,264-DEBUG-root-26528::base::click|192:: Click Type: ClickType.ACTIONCHAINS
2025-12-11 11:09:01,551-DEBUG-root-26528::webapp_internal::fill_grid|6486:: Trying to select cell in grid!
2025-12-11 11:09:01,553-DEBUG-root-26528::base::click|192:: Click Type: ClickType.ACTIONCHAINS
2025-12-11 11:09:01,848-DEBUG-root-26528::webapp_internal::fill_grid|6486:: Trying to select cell in grid!
2025-12-11 11:09:01,850-DEBUG-root-26528::base::click|192:: Click Type: ClickType.ACTIONCHAINS
2025-12-11 11:09:02,145-DEBUG-root-26528::webapp_internal::fill_grid|6486:: Trying to select cell in grid!
2025-12-11 11:09:02,148-DEBUG-root-26528::base::click|192:: Click Type: ClickType.ACTIONCHAINS
2025-12-11 11:09:02,435-DEBUG-root-26528::webapp_internal::fill_grid|6486:: Trying to select cell in grid!
2025-12-11 11:09:02,437-DEBUG-root-26528::base::click|192:: Click Type: ClickType.ACTIONCHAINS
2025-12-11 11:09:02,731-DEBUG-root-26528::webapp_internal::fill_grid|6486:: Trying to select cell in grid!
2025-12-11 11:09:02,733-DEBUG-root-26528::base::click|192:: Click Type: ClickType.ACTIONCHAINS
2025-12-11 11:09:02,997-DEBUG-root-26528::webapp_internal::fill_grid|6486:: Trying to select cell in grid!
2025-12-11 11:09:02,999-DEBUG-root-26528::base::click|192:: Click Type: ClickType.ACTIONCHAINS
2025-12-11 11:09:03,292-DEBUG-root-26528::webapp_internal::fill_grid|6486:: Trying to select cell in grid!
2025-12-11 11:09:03,294-DEBUG-root-26528::base::click|192:: Click Type: ClickType.ACTIONCHAINS
2025-12-11 11:09:03,583-DEBUG-root-26528::webapp_internal::fill_grid|6486:: Trying to select cell in grid!
2025-12-11 11:09:03,585-DEBUG-root-26528::base::click|192:: Click Type: ClickType.ACTIONCHAINS
2025-12-11 11:09:03,882-DEBUG-root-26528::webapp_internal::fill_grid|6486:: Trying to select cell in grid!
2025-12-11 11:09:03,883-DEBUG-root-26528::base::click|192:: Click Type: ClickType.ACTIONCHAINS
2025-12-11 11:09:04,177-DEBUG-root-26528::webapp_internal::fill_grid|6486:: Trying to select cell in grid!
2025-12-11 11:09:04,179-DEBUG-root-26528::base::click|192:: Click Type: ClickType.ACTIONCHAINS
2025-12-11 11:09:04,468-DEBUG-root-26528::webapp_internal::fill_grid|6486:: Trying to select cell in grid!
2025-12-11 11:09:04,470-DEBUG-root-26528::base::click|192:: Click Type: ClickType.ACTIONCHAINS
2025-12-11 11:09:04,735-DEBUG-root-26528::webapp_internal::fill_grid|6486:: Trying to select cell in grid!
2025-12-11 11:09:04,736-DEBUG-root-26528::base::click|192:: Click Type: ClickType.ACTIONCHAINS
2025-12-11 11:09:05,030-DEBUG-root-26528::webapp_internal::fill_grid|6486:: Trying to select cell in grid!
2025-12-11 11:09:05,032-DEBUG-root-26528::base::click|192:: Click Type: ClickType.ACTIONCHAINS
2025-12-11 11:09:05,328-DEBUG-root-26528::webapp_internal::fill_grid|6486:: Trying to select cell in grid!
2025-12-11 11:09:05,330-DEBUG-root-26528::base::click|192:: Click Type: ClickType.ACTIONCHAINS
2025-12-11 11:09:05,616-DEBUG-root-26528::webapp_internal::fill_grid|6486:: Trying to select cell in grid!
2025-12-11 11:09:05,619-DEBUG-root-26528::base::click|192:: Click Type: ClickType.ACTIONCHAINS
2025-12-11 11:09:05,915-DEBUG-root-26528::webapp_internal::fill_grid|6486:: Trying to select cell in grid!
2025-12-11 11:09:05,917-DEBUG-root-26528::base::click|192:: Click Type: ClickType.ACTIONCHAINS
2025-12-11 11:09:06,211-DEBUG-root-26528::webapp_internal::fill_grid|6486:: Trying to select cell in grid!
2025-12-11 11:09:06,213-DEBUG-root-26528::base::click|192:: Click Type: ClickType.ACTIONCHAINS
2025-12-11 11:09:06,501-DEBUG-root-26528::webapp_internal::fill_grid|6486:: Trying to select cell in grid!
2025-12-11 11:09:06,504-DEBUG-root-26528::base::click|192:: Click Type: ClickType.ACTIONCHAINS
2025-12-11 11:09:06,798-DEBUG-root-26528::webapp_internal::fill_grid|6486:: Trying to select cell in grid!
2025-12-11 11:09:06,800-DEBUG-root-26528::base::click|192:: Click Type: ClickType.ACTIONCHAINS
2025-12-11 11:09:07,091-DEBUG-root-26528::webapp_internal::fill_grid|6486:: Trying to select cell in grid!
2025-12-11 11:09:07,094-DEBUG-root-26528::base::click|192:: Click Type: ClickType.ACTIONCHAINS
2025-12-11 11:09:07,381-DEBUG-root-26528::webapp_internal::fill_grid|6486:: Trying to select cell in grid!
2025-12-11 11:09:07,383-DEBUG-root-26528::base::click|192:: Click Type: ClickType.ACTIONCHAINS
2025-12-11 11:09:07,662-DEBUG-root-26528::webapp_internal::fill_grid|6486:: Trying to select cell in grid!
2025-12-11 11:09:07,664-DEBUG-root-26528::base::click|192:: Click Type: ClickType.ACTIONCHAINS
2025-12-11 11:09:07,962-DEBUG-root-26528::webapp_internal::fill_grid|6486:: Trying to select cell in grid!
2025-12-11 11:09:07,965-DEBUG-root-26528::base::click|192:: Click Type: ClickType.ACTIONCHAINS
2025-12-11 11:09:08,248-DEBUG-root-26528::webapp_internal::fill_grid|6486:: Trying to select cell in grid!
2025-12-11 11:09:08,250-DEBUG-root-26528::base::click|192:: Click Type: ClickType.ACTIONCHAINS
2025-12-11 11:09:08,530-DEBUG-root-26528::webapp_internal::fill_grid|6486:: Trying to select cell in grid!
2025-12-11 11:09:08,533-DEBUG-root-26528::base::click|192:: Click Type: ClickType.ACTIONCHAINS
2025-12-11 11:09:08,825-DEBUG-root-26528::webapp_internal::fill_grid|6486:: Trying to select cell in grid!
2025-12-11 11:09:08,827-DEBUG-root-26528::base::click|192:: Click Type: ClickType.ACTIONCHAINS
2025-12-11 11:09:09,117-DEBUG-root-26528::webapp_internal::fill_grid|6486:: Trying to select cell in grid!
2025-12-11 11:09:09,119-DEBUG-root-26528::base::click|192:: Click Type: ClickType.ACTIONCHAINS
2025-12-11 11:09:09,384-DEBUG-root-26528::webapp_internal::fill_grid|6486:: Trying to select cell in grid!
2025-12-11 11:09:09,386-DEBUG-root-26528::base::click|192:: Click Type: ClickType.ACTIONCHAINS
2025-12-11 11:09:09,682-DEBUG-root-26528::webapp_internal::fill_grid|6486:: Trying to select cell in grid!
2025-12-11 11:09:09,684-DEBUG-root-26528::base::click|192:: Click Type: ClickType.ACTIONCHAINS
2025-12-11 11:09:09,978-DEBUG-root-26528::webapp_internal::fill_grid|6486:: Trying to select cell in grid!
2025-12-11 11:09:09,980-DEBUG-root-26528::base::click|192:: Click Type: ClickType.ACTIONCHAINS
2025-12-11 11:09:10,269-DEBUG-root-26528::webapp_internal::fill_grid|6486:: Trying to select cell in grid!
2025-12-11 11:09:10,275-DEBUG-root-26528::base::click|192:: Click Type: ClickType.ACTIONCHAINS
2025-12-11 11:09:10,564-DEBUG-root-26528::webapp_internal::fill_grid|6486:: Trying to select cell in grid!
2025-12-11 11:09:10,567-DEBUG-root-26528::base::click|192:: Click Type: ClickType.ACTIONCHAINS
2025-12-11 11:09:10,859-DEBUG-root-26528::webapp_internal::fill_grid|6486:: Trying to select cell in grid!
2025-12-11 11:09:10,860-DEBUG-root-26528::base::click|192:: Click Type: ClickType.ACTIONCHAINS
2025-12-11 11:09:11,126-DEBUG-root-26528::webapp_internal::fill_grid|6486:: Trying to select cell in grid!
2025-12-11 11:09:11,128-DEBUG-root-26528::base::click|192:: Click Type: ClickType.ACTIONCHAINS
2025-12-11 11:09:11,417-DEBUG-root-26528::webapp_internal::fill_grid|6486:: Trying to select cell in grid!
2025-12-11 11:09:11,419-DEBUG-root-26528::base::click|192:: Click Type: ClickType.ACTIONCHAINS
2025-12-11 11:09:11,713-DEBUG-root-26528::webapp_internal::fill_grid|6486:: Trying to select cell in grid!
2025-12-11 11:09:11,715-DEBUG-root-26528::base::click|192:: Click Type: ClickType.ACTIONCHAINS
2025-12-11 11:09:12,004-DEBUG-root-26528::webapp_internal::fill_grid|6486:: Trying to select cell in grid!
2025-12-11 11:09:12,008-DEBUG-root-26528::base::click|192:: Click Type: ClickType.ACTIONCHAINS
2025-12-11 11:09:12,299-DEBUG-root-26528::webapp_internal::fill_grid|6486:: Trying to select cell in grid!
2025-12-11 11:09:12,301-DEBUG-root-26528::base::click|192:: Click Type: ClickType.ACTIONCHAINS
2025-12-11 11:09:12,595-DEBUG-root-26528::webapp_internal::fill_grid|6486:: Trying to select cell in grid!
2025-12-11 11:09:12,597-DEBUG-root-26528::base::click|192:: Click Type: ClickType.ACTIONCHAINS
2025-12-11 11:09:12,885-DEBUG-root-26528::webapp_internal::fill_grid|6486:: Trying to select cell in grid!
2025-12-11 11:09:12,887-DEBUG-root-26528::base::click|192:: Click Type: ClickType.ACTIONCHAINS
2025-12-11 11:09:13,150-DEBUG-root-26528::webapp_internal::fill_grid|6486:: Trying to select cell in grid!
2025-12-11 11:09:13,153-DEBUG-root-26528::base::click|192:: Click Type: ClickType.ACTIONCHAINS
2025-12-11 11:09:13,450-DEBUG-root-26528::webapp_internal::fill_grid|6486:: Trying to select cell in grid!
2025-12-11 11:09:13,451-DEBUG-root-26528::base::click|192:: Click Type: ClickType.ACTIONCHAINS
2025-12-11 11:09:13,748-DEBUG-root-26528::webapp_internal::fill_grid|6486:: Trying to select cell in grid!
2025-12-11 11:09:13,750-DEBUG-root-26528::base::click|192:: Click Type: ClickType.ACTIONCHAINS
2025-12-11 11:09:14,037-DEBUG-root-26528::webapp_internal::fill_grid|6486:: Trying to select cell in grid!
2025-12-11 11:09:14,041-DEBUG-root-26528::base::click|192:: Click Type: ClickType.ACTIONCHAINS
2025-12-11 11:09:14,333-DEBUG-root-26528::webapp_internal::fill_grid|6486:: Trying to select cell in grid!
2025-12-11 11:09:14,334-DEBUG-root-26528::base::click|192:: Click Type: ClickType.ACTIONCHAINS
2025-12-11 11:09:14,597-DEBUG-root-26528::webapp_internal::fill_grid|6486:: Trying to select cell in grid!
2025-12-11 11:09:14,599-DEBUG-root-26528::base::click|192:: Click Type: ClickType.ACTIONCHAINS
2025-12-11 11:09:14,878-DEBUG-root-26528::webapp_internal::fill_grid|6486:: Trying to select cell in grid!
2025-12-11 11:09:14,881-DEBUG-root-26528::base::click|192:: Click Type: ClickType.ACTIONCHAINS
2025-12-11 11:09:15,168-DEBUG-root-26528::webapp_internal::fill_grid|6486:: Trying to select cell in grid!
2025-12-11 11:09:15,169-DEBUG-root-26528::base::click|192:: Click Type: ClickType.ACTIONCHAINS
2025-12-11 11:09:15,465-DEBUG-root-26528::webapp_internal::fill_grid|6486:: Trying to select cell in grid!
2025-12-11 11:09:15,467-DEBUG-root-26528::base::click|192:: Click Type: ClickType.ACTIONCHAINS
2025-12-11 11:09:15,761-DEBUG-root-26528::webapp_internal::fill_grid|6486:: Trying to select cell in grid!
2025-12-11 11:09:15,763-DEBUG-root-26528::base::click|192:: Click Type: ClickType.ACTIONCHAINS
2025-12-11 11:09:16,029-DEBUG-root-26528::webapp_internal::fill_grid|6486:: Trying to select cell in grid!
2025-12-11 11:09:16,031-DEBUG-root-26528::base::click|192:: Click Type: ClickType.ACTIONCHAINS
2025-12-11 11:09:16,320-DEBUG-root-26528::webapp_internal::fill_grid|6486:: Trying to select cell in grid!
2025-12-11 11:09:16,325-DEBUG-root-26528::base::click|192:: Click Type: ClickType.ACTIONCHAINS
2025-12-11 11:09:16,615-DEBUG-root-26528::webapp_internal::fill_grid|6486:: Trying to select cell in grid!
2025-12-11 11:09:16,617-DEBUG-root-26528::base::click|192:: Click Type: ClickType.ACTIONCHAINS
2025-12-11 11:09:16,895-DEBUG-root-26528::webapp_internal::fill_grid|6486:: Trying to select cell in grid!
2025-12-11 11:09:16,898-DEBUG-root-26528::base::click|192:: Click Type: ClickType.ACTIONCHAINS
2025-12-11 11:09:17,184-DEBUG-root-26528::webapp_internal::fill_grid|6486:: Trying to select cell in grid!
2025-12-11 11:09:17,185-DEBUG-root-26528::base::click|192:: Click Type: ClickType.ACTIONCHAINS
2025-12-11 11:09:17,481-DEBUG-root-26528::webapp_internal::fill_grid|6486:: Trying to select cell in grid!
2025-12-11 11:09:17,482-DEBUG-root-26528::base::click|192:: Click Type: ClickType.ACTIONCHAINS
2025-12-11 11:09:17,763-DEBUG-root-26528::webapp_internal::fill_grid|6486:: Trying to select cell in grid!
2025-12-11 11:09:17,765-DEBUG-root-26528::base::click|192:: Click Type: ClickType.ACTIONCHAINS
2025-12-11 11:09:18,053-DEBUG-root-26528::webapp_internal::fill_grid|6486:: Trying to select cell in grid!
2025-12-11 11:09:18,058-DEBUG-root-26528::base::click|192:: Click Type: ClickType.ACTIONCHAINS
2025-12-11 11:09:18,347-DEBUG-root-26528::webapp_internal::fill_grid|6486:: Trying to select cell in grid!
2025-12-11 11:09:18,349-DEBUG-root-26528::base::click|192:: Click Type: ClickType.ACTIONCHAINS
2025-12-11 11:09:18,614-DEBUG-root-26528::webapp_internal::fill_grid|6486:: Trying to select cell in grid!
2025-12-11 11:09:18,616-DEBUG-root-26528::base::click|192:: Click Type: ClickType.ACTIONCHAINS
2025-12-11 11:09:18,908-DEBUG-root-26528::webapp_internal::fill_grid|6486:: Trying to select cell in grid!
2025-12-11 11:09:18,911-DEBUG-root-26528::base::click|192:: Click Type: ClickType.ACTIONCHAINS
2025-12-11 11:09:19,201-DEBUG-root-26528::webapp_internal::fill_grid|6486:: Trying to select cell in grid!
2025-12-11 11:09:19,204-DEBUG-root-26528::base::click|192:: Click Type: ClickType.ACTIONCHAINS
2025-12-11 11:09:19,496-DEBUG-root-26528::webapp_internal::fill_grid|6486:: Trying to select cell in grid!
2025-12-11 11:09:19,498-DEBUG-root-26528::base::click|192:: Click Type: ClickType.ACTIONCHAINS
2025-12-11 11:09:19,784-DEBUG-root-26528::webapp_internal::fill_grid|6486:: Trying to select cell in grid!
2025-12-11 11:09:19,787-DEBUG-root-26528::base::click|192:: Click Type: ClickType.ACTIONCHAINS
2025-12-11 11:09:20,078-DEBUG-root-26528::webapp_internal::fill_grid|6486:: Trying to select cell in grid!
2025-12-11 11:09:20,079-DEBUG-root-26528::base::click|192:: Click Type: ClickType.ACTIONCHAINS
2025-12-11 11:09:20,345-DEBUG-root-26528::webapp_internal::fill_grid|6486:: Trying to select cell in grid!
2025-12-11 11:09:20,347-DEBUG-root-26528::base::click|192:: Click Type: ClickType.ACTIONCHAINS
2025-12-11 11:09:20,634-DEBUG-root-26528::webapp_internal::fill_grid|6486:: Trying to select cell in grid!
2025-12-11 11:09:20,636-DEBUG-root-26528::base::click|192:: Click Type: ClickType.ACTIONCHAINS
2025-12-11 11:09:20,930-DEBUG-root-26528::webapp_internal::fill_grid|6486:: Trying to select cell in grid!
2025-12-11 11:09:20,933-DEBUG-root-26528::base::click|192:: Click Type: ClickType.ACTIONCHAINS
2025-12-11 11:09:21,220-DEBUG-root-26528::webapp_internal::fill_grid|6486:: Trying to select cell in grid!
2025-12-11 11:09:21,225-DEBUG-root-26528::base::click|192:: Click Type: ClickType.ACTIONCHAINS
2025-12-11 11:09:21,516-DEBUG-root-26528::webapp_internal::fill_grid|6486:: Trying to select cell in grid!
2025-12-11 11:09:21,518-DEBUG-root-26528::base::click|192:: Click Type: ClickType.ACTIONCHAINS
2025-12-11 11:09:21,814-DEBUG-root-26528::webapp_internal::fill_grid|6486:: Trying to select cell in grid!
2025-12-11 11:09:21,817-DEBUG-root-26528::base::click|192:: Click Type: ClickType.ACTIONCHAINS
2025-12-11 11:09:22,081-DEBUG-root-26528::webapp_internal::fill_grid|6486:: Trying to select cell in grid!
2025-12-11 11:09:22,082-DEBUG-root-26528::base::click|192:: Click Type: ClickType.ACTIONCHAINS
2025-12-11 11:09:22,344-DEBUG-root-26528::webapp_internal::fill_grid|6486:: Trying to select cell in grid!
2025-12-11 11:09:22,346-DEBUG-root-26528::base::click|192:: Click Type: ClickType.ACTIONCHAINS
2025-12-11 11:09:22,635-DEBUG-root-26528::webapp_internal::fill_grid|6486:: Trying to select cell in grid!
2025-12-11 11:09:22,637-DEBUG-root-26528::base::click|192:: Click Type: ClickType.ACTIONCHAINS
2025-12-11 11:09:22,932-DEBUG-root-26528::webapp_internal::fill_grid|6486:: Trying to select cell in grid!
2025-12-11 11:09:22,934-DEBUG-root-26528::base::click|192:: Click Type: ClickType.ACTIONCHAINS
2025-12-11 11:09:23,211-DEBUG-root-26528::webapp_internal::fill_grid|6486:: Trying to select cell in grid!
2025-12-11 11:09:23,213-DEBUG-root-26528::base::click|192:: Click Type: ClickType.ACTIONCHAINS
2025-12-11 11:09:23,502-DEBUG-root-26528::webapp_internal::fill_grid|6486:: Trying to select cell in grid!
2025-12-11 11:09:23,508-DEBUG-root-26528::base::click|192:: Click Type: ClickType.ACTIONCHAINS
2025-12-11 11:09:23,798-DEBUG-root-26528::webapp_internal::fill_grid|6486:: Trying to select cell in grid!
2025-12-11 11:09:23,800-DEBUG-root-26528::base::click|192:: Click Type: ClickType.ACTIONCHAINS
2025-12-11 11:09:24,095-DEBUG-root-26528::webapp_internal::fill_grid|6486:: Trying to select cell in grid!
2025-12-11 11:09:24,097-DEBUG-root-26528::base::click|192:: Click Type: ClickType.ACTIONCHAINS
2025-12-11 11:09:24,385-DEBUG-root-26528::webapp_internal::fill_grid|6486:: Trying to select cell in grid!
2025-12-11 11:09:24,387-DEBUG-root-26528::base::click|192:: Click Type: ClickType.ACTIONCHAINS
2025-12-11 11:09:24,685-DEBUG-root-26528::webapp_internal::fill_grid|6486:: Trying to select cell in grid!
2025-12-11 11:09:24,687-DEBUG-root-26528::base::click|192:: Click Type: ClickType.ACTIONCHAINS
2025-12-11 11:09:24,982-DEBUG-root-26528::webapp_internal::fill_grid|6486:: Trying to select cell in grid!
2025-12-11 11:09:24,984-DEBUG-root-26528::base::click|192:: Click Type: ClickType.ACTIONCHAINS
2025-12-11 11:09:25,277-DEBUG-root-26528::webapp_internal::fill_grid|6486:: Trying to select cell in grid!
2025-12-11 11:09:25,279-DEBUG-root-26528::base::click|192:: Click Type: ClickType.ACTIONCHAINS
2025-12-11 11:09:25,567-DEBUG-root-26528::webapp_internal::fill_grid|6486:: Trying to select cell in grid!
2025-12-11 11:09:25,569-DEBUG-root-26528::base::click|192:: Click Type: ClickType.ACTIONCHAINS
2025-12-11 11:09:25,861-DEBUG-root-26528::webapp_internal::fill_grid|6486:: Trying to select cell in grid!
2025-12-11 11:09:25,863-DEBUG-root-26528::base::click|192:: Click Type: ClickType.ACTIONCHAINS
2025-12-11 11:09:26,150-DEBUG-root-26528::webapp_internal::fill_grid|6486:: Trying to select cell in grid!
2025-12-11 11:09:26,152-DEBUG-root-26528::base::click|192:: Click Type: ClickType.ACTIONCHAINS
2025-12-11 11:09:26,448-DEBUG-root-26528::webapp_internal::fill_grid|6486:: Trying to select cell in grid!
2025-12-11 11:09:26,450-DEBUG-root-26528::base::click|192:: Click Type: ClickType.ACTIONCHAINS
2025-12-11 11:09:26,714-DEBUG-root-26528::webapp_internal::fill_grid|6486:: Trying to select cell in grid!
2025-12-11 11:09:26,716-DEBUG-root-26528::base::click|192:: Click Type: ClickType.ACTIONCHAINS
2025-12-11 11:09:27,009-DEBUG-root-26528::webapp_internal::fill_grid|6486:: Trying to select cell in grid!
2025-12-11 11:09:27,011-DEBUG-root-26528::base::click|192:: Click Type: ClickType.ACTIONCHAINS
2025-12-11 11:09:27,275-DEBUG-root-26528::webapp_internal::fill_grid|6486:: Trying to select cell in grid!
2025-12-11 11:09:27,277-DEBUG-root-26528::base::click|192:: Click Type: ClickType.ACTIONCHAINS
2025-12-11 11:09:27,566-DEBUG-root-26528::webapp_internal::fill_grid|6486:: Trying to select cell in grid!
2025-12-11 11:09:27,568-DEBUG-root-26528::base::click|192:: Click Type: ClickType.ACTIONCHAINS
2025-12-11 11:09:27,860-DEBUG-root-26528::webapp_internal::fill_grid|6486:: Trying to select cell in grid!
2025-12-11 11:09:27,863-DEBUG-root-26528::base::click|192:: Click Type: ClickType.ACTIONCHAINS
2025-12-11 11:09:28,128-DEBUG-root-26528::webapp_internal::fill_grid|6486:: Trying to select cell in grid!
2025-12-11 11:09:28,130-DEBUG-root-26528::base::click|192:: Click Type: ClickType.ACTIONCHAINS
2025-12-11 11:09:28,418-DEBUG-root-26528::webapp_internal::fill_grid|6486:: Trying to select cell in grid!
2025-12-11 11:09:28,420-DEBUG-root-26528::base::click|192:: Click Type: ClickType.ACTIONCHAINS
2025-12-11 11:09:28,717-DEBUG-root-26528::webapp_internal::fill_grid|6486:: Trying to select cell in grid!
2025-12-11 11:09:28,719-DEBUG-root-26528::base::click|192:: Click Type: ClickType.ACTIONCHAINS
2025-12-11 11:09:29,012-DEBUG-root-26528::webapp_internal::fill_grid|6486:: Trying to select cell in grid!
2025-12-11 11:09:29,014-DEBUG-root-26528::base::click|192:: Click Type: ClickType.ACTIONCHAINS
2025-12-11 11:09:29,304-DEBUG-root-26528::webapp_internal::fill_grid|6486:: Trying to select cell in grid!
2025-12-11 11:09:29,309-DEBUG-root-26528::base::click|192:: Click Type: ClickType.ACTIONCHAINS
2025-12-11 11:09:29,597-DEBUG-root-26528::webapp_internal::fill_grid|6486:: Trying to select cell in grid!
2025-12-11 11:09:29,599-DEBUG-root-26528::base::click|192:: Click Type: ClickType.ACTIONCHAINS
2025-12-11 11:09:29,867-DEBUG-root-26528::webapp_internal::fill_grid|6486:: Trying to select cell in grid!
2025-12-11 11:09:29,869-DEBUG-root-26528::base::click|192:: Click Type: ClickType.ACTIONCHAINS
2025-12-11 11:09:30,158-DEBUG-root-26528::webapp_internal::fill_grid|6486:: Trying to select cell in grid!
2025-12-11 11:09:30,161-DEBUG-root-26528::base::click|192:: Click Type: ClickType.ACTIONCHAINS
2025-12-11 11:09:30,448-DEBUG-root-26528::webapp_internal::fill_grid|6486:: Trying to select cell in grid!
2025-12-11 11:09:30,450-DEBUG-root-26528::base::click|192:: Click Type: ClickType.ACTIONCHAINS
2025-12-11 11:09:30,730-DEBUG-root-26528::webapp_internal::fill_grid|6486:: Trying to select cell in grid!
2025-12-11 11:09:30,731-DEBUG-root-26528::base::click|192:: Click Type: ClickType.ACTIONCHAINS
2025-12-11 11:09:31,025-DEBUG-root-26528::webapp_internal::fill_grid|6486:: Trying to select cell in grid!
2025-12-11 11:09:31,028-DEBUG-root-26528::base::click|192:: Click Type: ClickType.ACTIONCHAINS
2025-12-11 11:09:31,315-DEBUG-root-26528::webapp_internal::fill_grid|6486:: Trying to select cell in grid!
2025-12-11 11:09:31,317-DEBUG-root-26528::base::click|192:: Click Type: ClickType.ACTIONCHAINS
2025-12-11 11:09:31,613-DEBUG-root-26528::webapp_internal::fill_grid|6486:: Trying to select cell in grid!
2025-12-11 11:09:31,615-DEBUG-root-26528::base::click|192:: Click Type: ClickType.ACTIONCHAINS
2025-12-11 11:09:31,901-DEBUG-root-26528::webapp_internal::fill_grid|6486:: Trying to select cell in grid!
2025-12-11 11:09:31,903-DEBUG-root-26528::base::click|192:: Click Type: ClickType.ACTIONCHAINS
2025-12-11 11:09:32,165-DEBUG-root-26528::webapp_internal::fill_grid|6486:: Trying to select cell in grid!
2025-12-11 11:09:32,167-DEBUG-root-26528::base::click|192:: Click Type: ClickType.ACTIONCHAINS
2025-12-11 11:09:32,461-DEBUG-root-26528::webapp_internal::fill_grid|6486:: Trying to select cell in grid!
2025-12-11 11:09:32,462-DEBUG-root-26528::base::click|192:: Click Type: ClickType.ACTIONCHAINS
2025-12-11 11:09:32,726-DEBUG-root-26528::webapp_internal::fill_grid|6486:: Trying to select cell in grid!
2025-12-11 11:09:32,728-DEBUG-root-26528::base::click|192:: Click Type: ClickType.ACTIONCHAINS
2025-12-11 11:09:32,992-DEBUG-root-26528::webapp_internal::fill_grid|6486:: Trying to select cell in grid!
2025-12-11 11:09:32,994-DEBUG-root-26528::base::click|192:: Click Type: ClickType.ACTIONCHAINS
2025-12-11 11:09:33,285-DEBUG-root-26528::webapp_internal::fill_grid|6486:: Trying to select cell in grid!
2025-12-11 11:09:33,290-DEBUG-root-26528::base::click|192:: Click Type: ClickType.ACTIONCHAINS
2025-12-11 11:09:33,581-DEBUG-root-26528::webapp_internal::fill_grid|6486:: Trying to select cell in grid!
2025-12-11 11:09:33,583-DEBUG-root-26528::base::click|192:: Click Type: ClickType.ACTIONCHAINS
2025-12-11 11:09:33,876-DEBUG-root-26528::webapp_internal::fill_grid|6486:: Trying to select cell in grid!
2025-12-11 11:09:33,879-DEBUG-root-26528::base::click|192:: Click Type: ClickType.ACTIONCHAINS
2025-12-11 11:09:34,166-DEBUG-root-26528::webapp_internal::fill_grid|6486:: Trying to select cell in grid!
2025-12-11 11:09:34,168-DEBUG-root-26528::base::click|192:: Click Type: ClickType.ACTIONCHAINS
2025-12-11 11:09:34,433-DEBUG-root-26528::webapp_internal::fill_grid|6486:: Trying to select cell in grid!
2025-12-11 11:09:34,434-DEBUG-root-26528::base::click|192:: Click Type: ClickType.ACTIONCHAINS
2025-12-11 11:09:34,730-DEBUG-root-26528::webapp_internal::fill_grid|6486:: Trying to select cell in grid!
2025-12-11 11:09:34,733-DEBUG-root-26528::base::click|192:: Click Type: ClickType.ACTIONCHAINS
2025-12-11 11:09:35,025-DEBUG-root-26528::webapp_internal::fill_grid|6486:: Trying to select cell in grid!
2025-12-11 11:09:35,028-DEBUG-root-26528::base::click|192:: Click Type: ClickType.ACTIONCHAINS
2025-12-11 11:09:35,316-DEBUG-root-26528::webapp_internal::fill_grid|6486:: Trying to select cell in grid!
2025-12-11 11:09:35,318-DEBUG-root-26528::base::click|192:: Click Type: ClickType.ACTIONCHAINS
2025-12-11 11:09:35,615-DEBUG-root-26528::webapp_internal::fill_grid|6486:: Trying to select cell in grid!
2025-12-11 11:09:35,617-DEBUG-root-26528::base::click|192:: Click Type: ClickType.ACTIONCHAINS
2025-12-11 11:09:35,909-DEBUG-root-26528::webapp_internal::fill_grid|6486:: Trying to select cell in grid!
2025-12-11 11:09:35,910-DEBUG-root-26528::base::click|192:: Click Type: ClickType.ACTIONCHAINS
2025-12-11 11:09:36,175-DEBUG-root-26528::webapp_internal::fill_grid|6486:: Trying to select cell in grid!
2025-12-11 11:09:36,177-DEBUG-root-26528::base::click|192:: Click Type: ClickType.ACTIONCHAINS
2025-12-11 11:09:36,438-DEBUG-root-26528::webapp_internal::fill_grid|6486:: Trying to select cell in grid!
2025-12-11 11:09:36,442-DEBUG-root-26528::base::click|192:: Click Type: ClickType.ACTIONCHAINS
2025-12-11 11:09:36,733-DEBUG-root-26528::webapp_internal::fill_grid|6486:: Trying to select cell in grid!
2025-12-11 11:09:36,735-DEBUG-root-26528::base::click|192:: Click Type: ClickType.ACTIONCHAINS
2025-12-11 11:09:37,038-DEBUG-root-26528::webapp_internal::fill_grid|6486:: Trying to select cell in grid!
2025-12-11 11:09:37,042-DEBUG-root-26528::base::click|192:: Click Type: ClickType.ACTIONCHAINS
2025-12-11 11:09:42,468-DEBUG-root-26528::webapp_internal::fill_grid|6498:: Trying open cell in grid!
2025-12-11 11:09:42,766-DEBUG-root-26528::webapp_internal::wait_blocker|2444:: Waiting blocker to continue...
2025-12-11 11:09:42,919-DEBUG-root-26528::webapp_internal::wait_blocker|2469:: Blocker status: False
2025-12-11 11:09:43,104-DEBUG-root-26528::webapp_internal::wait_element_timeout|7726:: Element found! Waiting for element to be displayed.
2025-12-11 11:09:43,478-DEBUG-root-26528::webapp_internal::fill_grid|6577:: Sending keys: 227884
2025-12-11 11:09:43,786-DEBUG-root-26528::webapp_internal::wait_blocker|2444:: Waiting blocker to continue...
2025-12-11 11:09:43,930-DEBUG-root-26528::webapp_internal::wait_blocker|2469:: Blocker status: False
2025-12-11 11:09:44,085-DEBUG-root-26528::webapp_internal::wait_element_timeout|7726:: Element found! Waiting for element to be displayed.
2025-12-11 11:09:44,416-INFO-root-26528::webapp_internal::ClickFolder|5081:: Clicking on folder: Transporte
2025-12-11 11:09:44,417-DEBUG-root-26528::webapp_internal::wait_blocker|2444:: Waiting blocker to continue...
2025-12-11 11:09:44,549-DEBUG-root-26528::webapp_internal::wait_blocker|2469:: Blocker status: False
2025-12-11 11:09:44,583-DEBUG-root-26528::webapp_internal::wait_element|7623:: Waiting for element
2025-12-11 11:09:44,853-DEBUG-root-26528::webapp_internal::wait_element|7653:: Element found! Waiting for element to be displayed.
2025-12-11 11:09:46,426-DEBUG-root-26528::webapp_internal::wait_blocker|2444:: Waiting blocker to continue...
2025-12-11 11:09:46,562-DEBUG-root-26528::webapp_internal::wait_blocker|2469:: Blocker status: False
2025-12-11 11:09:46,563-INFO-root-26528::webapp_internal::SetKey|5822:: Key pressed: TAB
2025-12-11 11:09:46,563-DEBUG-root-26528::webapp_internal::SetKey|5857:: Trying press key
2025-12-11 11:09:46,563-DEBUG-root-26528::webapp_internal::wait_element|7623:: Waiting for element
2025-12-11 11:09:46,669-DEBUG-root-26528::webapp_internal::wait_element|7653:: Element found! Waiting for element to be displayed.
2025-12-11 11:09:47,026-DEBUG-root-26528::webapp_internal::wait_blocker|2444:: Waiting blocker to continue...
2025-12-11 11:09:47,164-DEBUG-root-26528::webapp_internal::wait_blocker|2469:: Blocker status: False
2025-12-11 11:09:47,164-INFO-root-26528::webapp_internal::LoadGrid|6298:: Filling grid field: Tipo
2025-12-11 11:09:47,164-DEBUG-root-26528::webapp_internal::fill_grid|6399:: Grid loading...
2025-12-11 11:09:47,511-DEBUG-root-26528::webapp_internal::fill_grid|6466:: Column found!
2025-12-11 11:09:47,547-DEBUG-root-26528::base::click|192:: Click Type: ClickType.ACTIONCHAINS
2025-12-11 11:09:52,952-DEBUG-root-26528::webapp_internal::fill_grid|6498:: Trying open cell in grid!
2025-12-11 11:09:53,220-DEBUG-root-26528::webapp_internal::wait_blocker|2444:: Waiting blocker to continue...
2025-12-11 11:09:53,395-DEBUG-root-26528::webapp_internal::wait_blocker|2469:: Blocker status: False
2025-12-11 11:09:53,582-DEBUG-root-26528::webapp_internal::wait_element_timeout|7726:: Element found! Waiting for element to be displayed.
2025-12-11 11:09:54,969-INFO-root-26528::base::select_combo|871:: Selected value for combo is: 1 - Aereo
2025-12-11 11:09:55,168-DEBUG-root-26528::webapp_internal::wait_blocker|2444:: Waiting blocker to continue...
2025-12-11 11:09:55,319-DEBUG-root-26528::webapp_internal::wait_blocker|2469:: Blocker status: False
2025-12-11 11:09:55,351-DEBUG-root-26528::webapp_internal::wait_blocker|2444:: Waiting blocker to continue...
2025-12-11 11:09:55,485-DEBUG-root-26528::webapp_internal::wait_blocker|2469:: Blocker status: False
2025-12-11 11:09:55,485-DEBUG-root-26528::webapp_internal::send_action|10480:: Trying to send action
2025-12-11 11:09:56,568-DEBUG-root-26528::webapp_internal::send_action|10522:: send_action method result = True
2025-12-11 11:09:56,569-DEBUG-root-26528::webapp_internal::send_action|10523:: send_action selenium status: False
2025-12-11 11:09:56,569-DEBUG-root-26528::webapp_internal::wait_blocker|2444:: Waiting blocker to continue...
2025-12-11 11:09:56,715-DEBUG-root-26528::webapp_internal::wait_blocker|2469:: Blocker status: False
2025-12-11 11:09:56,715-INFO-root-26528::webapp_internal::SetKey|5822:: Key pressed: TAB
2025-12-11 11:09:56,717-DEBUG-root-26528::webapp_internal::SetKey|5857:: Trying press key
2025-12-11 11:09:56,717-DEBUG-root-26528::webapp_internal::wait_element|7623:: Waiting for element
2025-12-11 11:09:56,827-DEBUG-root-26528::webapp_internal::wait_element|7653:: Element found! Waiting for element to be displayed.
2025-12-11 11:09:57,108-DEBUG-root-26528::webapp_internal::wait_blocker|2444:: Waiting blocker to continue...
2025-12-11 11:09:57,253-DEBUG-root-26528::webapp_internal::wait_blocker|2469:: Blocker status: False
2025-12-11 11:09:57,253-INFO-root-26528::webapp_internal::LoadGrid|6298:: Filling grid field: Partida
2025-12-11 11:09:57,253-DEBUG-root-26528::webapp_internal::fill_grid|6399:: Grid loading...
2025-12-11 11:09:57,645-DEBUG-root-26528::webapp_internal::fill_grid|6466:: Column found!
2025-12-11 11:09:57,681-DEBUG-root-26528::base::click|192:: Click Type: ClickType.ACTIONCHAINS
2025-12-11 11:10:03,011-DEBUG-root-26528::webapp_internal::fill_grid|6498:: Trying open cell in grid!
2025-12-11 11:10:03,299-DEBUG-root-26528::webapp_internal::wait_blocker|2444:: Waiting blocker to continue...
2025-12-11 11:10:03,470-DEBUG-root-26528::webapp_internal::wait_blocker|2469:: Blocker status: False
2025-12-11 11:10:03,658-DEBUG-root-26528::webapp_internal::wait_element_timeout|7726:: Element found! Waiting for element to be displayed.
2025-12-11 11:10:04,079-DEBUG-root-26528::webapp_internal::fill_grid|6577:: Sending keys: 05/01/2026
2025-12-11 11:10:04,371-DEBUG-root-26528::webapp_internal::wait_blocker|2444:: Waiting blocker to continue...
2025-12-11 11:10:04,562-DEBUG-root-26528::webapp_internal::wait_blocker|2469:: Blocker status: False
2025-12-11 11:10:09,968-DEBUG-root-26528::webapp_internal::wait_blocker|2444:: Waiting blocker to continue...
2025-12-11 11:10:10,097-DEBUG-root-26528::webapp_internal::wait_blocker|2469:: Blocker status: False
2025-12-11 11:10:10,120-DEBUG-root-26528::webapp_internal::wait_blocker|2444:: Waiting blocker to continue...
2025-12-11 11:10:10,291-DEBUG-root-26528::webapp_internal::wait_blocker|2469:: Blocker status: False
2025-12-11 11:10:10,291-DEBUG-root-26528::webapp_internal::send_action|10480:: Trying to send action
2025-12-11 11:10:11,333-DEBUG-root-26528::webapp_internal::send_action|10522:: send_action method result = True
2025-12-11 11:10:11,333-DEBUG-root-26528::webapp_internal::send_action|10523:: send_action selenium status: False
2025-12-11 11:10:11,333-DEBUG-root-26528::webapp_internal::wait_blocker|2444:: Waiting blocker to continue...
2025-12-11 11:10:11,465-DEBUG-root-26528::webapp_internal::wait_blocker|2469:: Blocker status: False
2025-12-11 11:10:11,465-INFO-root-26528::webapp_internal::SetKey|5822:: Key pressed: TAB
2025-12-11 11:10:11,465-DEBUG-root-26528::webapp_internal::SetKey|5857:: Trying press key
2025-12-11 11:10:11,465-DEBUG-root-26528::webapp_internal::wait_element|7623:: Waiting for element
2025-12-11 11:10:11,562-DEBUG-root-26528::webapp_internal::wait_element|7653:: Element found! Waiting for element to be displayed.
2025-12-11 11:10:11,826-DEBUG-root-26528::webapp_internal::wait_blocker|2444:: Waiting blocker to continue...
2025-12-11 11:10:11,953-DEBUG-root-26528::webapp_internal::wait_blocker|2469:: Blocker status: False
2025-12-11 11:10:11,953-INFO-root-26528::webapp_internal::LoadGrid|6298:: Filling grid field: Hora Partida
2025-12-11 11:10:11,953-DEBUG-root-26528::webapp_internal::fill_grid|6399:: Grid loading...
2025-12-11 11:10:12,295-DEBUG-root-26528::webapp_internal::fill_grid|6466:: Column found!
2025-12-11 11:10:12,331-DEBUG-root-26528::base::click|192:: Click Type: ClickType.ACTIONCHAINS
2025-12-11 11:10:17,736-DEBUG-root-26528::webapp_internal::fill_grid|6498:: Trying open cell in grid!
2025-12-11 11:10:18,030-DEBUG-root-26528::webapp_internal::wait_blocker|2444:: Waiting blocker to continue...
2025-12-11 11:10:18,199-DEBUG-root-26528::webapp_internal::wait_blocker|2469:: Blocker status: False
2025-12-11 11:10:18,384-DEBUG-root-26528::webapp_internal::wait_element_timeout|7726:: Element found! Waiting for element to be displayed.
2025-12-11 11:10:18,785-DEBUG-root-26528::webapp_internal::fill_grid|6577:: Sending keys: 08:00
2025-12-11 11:10:19,094-DEBUG-root-26528::webapp_internal::wait_blocker|2444:: Waiting blocker to continue...
2025-12-11 11:10:19,247-DEBUG-root-26528::webapp_internal::wait_blocker|2469:: Blocker status: False
2025-12-11 11:10:24,768-DEBUG-root-26528::webapp_internal::wait_blocker|2444:: Waiting blocker to continue...
2025-12-11 11:10:24,915-DEBUG-root-26528::webapp_internal::wait_blocker|2469:: Blocker status: False
2025-12-11 11:10:24,943-DEBUG-root-26528::webapp_internal::wait_blocker|2444:: Waiting blocker to continue...
2025-12-11 11:10:25,117-DEBUG-root-26528::webapp_internal::wait_blocker|2469:: Blocker status: False
2025-12-11 11:10:25,118-DEBUG-root-26528::webapp_internal::send_action|10480:: Trying to send action
2025-12-11 11:10:26,155-DEBUG-root-26528::webapp_internal::send_action|10522:: send_action method result = True
2025-12-11 11:10:26,155-DEBUG-root-26528::webapp_internal::send_action|10523:: send_action selenium status: False
2025-12-11 11:10:26,157-DEBUG-root-26528::webapp_internal::wait_blocker|2444:: Waiting blocker to continue...
2025-12-11 11:10:26,286-DEBUG-root-26528::webapp_internal::wait_blocker|2469:: Blocker status: False
2025-12-11 11:10:26,286-INFO-root-26528::webapp_internal::SetKey|5822:: Key pressed: TAB
2025-12-11 11:10:26,286-DEBUG-root-26528::webapp_internal::SetKey|5857:: Trying press key
2025-12-11 11:10:26,286-DEBUG-root-26528::webapp_internal::wait_element|7623:: Waiting for element
2025-12-11 11:10:26,383-DEBUG-root-26528::webapp_internal::wait_element|7653:: Element found! Waiting for element to be displayed.
2025-12-11 11:10:26,653-DEBUG-root-26528::webapp_internal::wait_blocker|2444:: Waiting blocker to continue...
2025-12-11 11:10:26,783-DEBUG-root-26528::webapp_internal::wait_blocker|2469:: Blocker status: False
2025-12-11 11:10:26,783-INFO-root-26528::webapp_internal::LoadGrid|6298:: Filling grid field: Origem
2025-12-11 11:10:26,783-DEBUG-root-26528::webapp_internal::fill_grid|6399:: Grid loading...
2025-12-11 11:10:27,142-DEBUG-root-26528::webapp_internal::fill_grid|6466:: Column found!
2025-12-11 11:10:27,182-DEBUG-root-26528::base::click|192:: Click Type: ClickType.ACTIONCHAINS
2025-12-11 11:10:32,603-DEBUG-root-26528::webapp_internal::fill_grid|6498:: Trying open cell in grid!
2025-12-11 11:10:32,894-DEBUG-root-26528::webapp_internal::wait_blocker|2444:: Waiting blocker to continue...
2025-12-11 11:10:33,039-DEBUG-root-26528::webapp_internal::wait_blocker|2469:: Blocker status: False
2025-12-11 11:10:33,243-DEBUG-root-26528::webapp_internal::wait_element_timeout|7726:: Element found! Waiting for element to be displayed.
2025-12-11 11:10:33,638-DEBUG-root-26528::webapp_internal::fill_grid|6577:: Sending keys: DF00108
2025-12-11 11:10:33,936-DEBUG-root-26528::webapp_internal::wait_blocker|2444:: Waiting blocker to continue...
2025-12-11 11:10:34,075-DEBUG-root-26528::webapp_internal::wait_blocker|2469:: Blocker status: False
2025-12-11 11:10:34,235-DEBUG-root-26528::webapp_internal::wait_element_timeout|7726:: Element found! Waiting for element to be displayed.
2025-12-11 11:10:34,727-DEBUG-root-26528::webapp_internal::wait_blocker|2444:: Waiting blocker to continue...
2025-12-11 11:10:34,899-DEBUG-root-26528::webapp_internal::wait_blocker|2469:: Blocker status: False
2025-12-11 11:10:34,940-DEBUG-root-26528::webapp_internal::wait_blocker|2444:: Waiting blocker to continue...
2025-12-11 11:10:35,098-DEBUG-root-26528::webapp_internal::wait_blocker|2469:: Blocker status: False
2025-12-11 11:10:35,098-DEBUG-root-26528::webapp_internal::send_action|10480:: Trying to send action
2025-12-11 11:10:36,138-DEBUG-root-26528::webapp_internal::send_action|10522:: send_action method result = True
2025-12-11 11:10:36,139-DEBUG-root-26528::webapp_internal::send_action|10523:: send_action selenium status: False
2025-12-11 11:10:36,139-DEBUG-root-26528::webapp_internal::wait_blocker|2444:: Waiting blocker to continue...
2025-12-11 11:10:36,288-DEBUG-root-26528::webapp_internal::wait_blocker|2469:: Blocker status: False
2025-12-11 11:10:36,288-INFO-root-26528::webapp_internal::SetKey|5822:: Key pressed: TAB
2025-12-11 11:10:36,288-DEBUG-root-26528::webapp_internal::SetKey|5857:: Trying press key
2025-12-11 11:10:36,288-DEBUG-root-26528::webapp_internal::wait_element|7623:: Waiting for element
2025-12-11 11:10:36,393-DEBUG-root-26528::webapp_internal::wait_element|7653:: Element found! Waiting for element to be displayed.
2025-12-11 11:10:36,663-DEBUG-root-26528::webapp_internal::wait_blocker|2444:: Waiting blocker to continue...
2025-12-11 11:10:36,788-DEBUG-root-26528::webapp_internal::wait_blocker|2469:: Blocker status: False
2025-12-11 11:10:36,788-INFO-root-26528::webapp_internal::LoadGrid|6298:: Filling grid field: Destino
2025-12-11 11:10:36,789-DEBUG-root-26528::webapp_internal::fill_grid|6399:: Grid loading...
2025-12-11 11:10:37,192-DEBUG-root-26528::webapp_internal::fill_grid|6466:: Column found!
2025-12-11 11:10:37,228-DEBUG-root-26528::base::click|192:: Click Type: ClickType.ACTIONCHAINS
2025-12-11 11:10:42,613-DEBUG-root-26528::webapp_internal::fill_grid|6498:: Trying open cell in grid!
2025-12-11 11:10:42,901-DEBUG-root-26528::webapp_internal::wait_blocker|2444:: Waiting blocker to continue...
2025-12-11 11:10:43,071-DEBUG-root-26528::webapp_internal::wait_blocker|2469:: Blocker status: False
2025-12-11 11:10:43,264-DEBUG-root-26528::webapp_internal::wait_element_timeout|7726:: Element found! Waiting for element to be displayed.
2025-12-11 11:10:43,613-DEBUG-root-26528::webapp_internal::fill_grid|6577:: Sending keys: GO08707
2025-12-11 11:10:43,918-DEBUG-root-26528::webapp_internal::wait_blocker|2444:: Waiting blocker to continue...
2025-12-11 11:10:44,050-DEBUG-root-26528::webapp_internal::wait_blocker|2469:: Blocker status: False
2025-12-11 11:10:44,202-DEBUG-root-26528::webapp_internal::wait_element_timeout|7726:: Element found! Waiting for element to be displayed.
2025-12-11 11:10:44,719-DEBUG-root-26528::webapp_internal::wait_blocker|2444:: Waiting blocker to continue...
2025-12-11 11:10:44,868-DEBUG-root-26528::webapp_internal::wait_blocker|2469:: Blocker status: False
2025-12-11 11:10:44,897-DEBUG-root-26528::webapp_internal::wait_blocker|2444:: Waiting blocker to continue...
2025-12-11 11:10:45,034-DEBUG-root-26528::webapp_internal::wait_blocker|2469:: Blocker status: False
2025-12-11 11:10:45,034-DEBUG-root-26528::webapp_internal::send_action|10480:: Trying to send action
2025-12-11 11:10:46,072-DEBUG-root-26528::webapp_internal::send_action|10522:: send_action method result = True
2025-12-11 11:10:46,072-DEBUG-root-26528::webapp_internal::send_action|10523:: send_action selenium status: False
2025-12-11 11:10:46,073-DEBUG-root-26528::webapp_internal::wait_blocker|2444:: Waiting blocker to continue...
2025-12-11 11:10:46,200-DEBUG-root-26528::webapp_internal::wait_blocker|2469:: Blocker status: False
2025-12-11 11:10:46,200-INFO-root-26528::webapp_internal::SetKey|5822:: Key pressed: TAB
2025-12-11 11:10:46,200-DEBUG-root-26528::webapp_internal::SetKey|5857:: Trying press key
2025-12-11 11:10:46,201-DEBUG-root-26528::webapp_internal::wait_element|7623:: Waiting for element
2025-12-11 11:10:46,343-DEBUG-root-26528::webapp_internal::wait_element|7653:: Element found! Waiting for element to be displayed.
2025-12-11 11:10:46,603-DEBUG-root-26528::webapp_internal::wait_blocker|2444:: Waiting blocker to continue...
2025-12-11 11:10:46,735-DEBUG-root-26528::webapp_internal::wait_blocker|2469:: Blocker status: False
2025-12-11 11:10:46,735-INFO-root-26528::webapp_internal::LoadGrid|6298:: Filling grid field: Chegada
2025-12-11 11:10:46,735-DEBUG-root-26528::webapp_internal::fill_grid|6399:: Grid loading...
2025-12-11 11:10:47,103-DEBUG-root-26528::webapp_internal::fill_grid|6466:: Column found!
2025-12-11 11:10:47,146-DEBUG-root-26528::base::click|192:: Click Type: ClickType.ACTIONCHAINS
2025-12-11 11:10:52,535-DEBUG-root-26528::webapp_internal::fill_grid|6498:: Trying open cell in grid!
2025-12-11 11:10:52,821-DEBUG-root-26528::webapp_internal::wait_blocker|2444:: Waiting blocker to continue...
2025-12-11 11:10:52,979-DEBUG-root-26528::webapp_internal::wait_blocker|2469:: Blocker status: False
2025-12-11 11:10:53,180-DEBUG-root-26528::webapp_internal::wait_element_timeout|7726:: Element found! Waiting for element to be displayed.
2025-12-11 11:10:53,583-DEBUG-root-26528::webapp_internal::fill_grid|6577:: Sending keys: 05/01/2026
2025-12-11 11:10:53,892-DEBUG-root-26528::webapp_internal::wait_blocker|2444:: Waiting blocker to continue...
2025-12-11 11:10:54,082-DEBUG-root-26528::webapp_internal::wait_blocker|2469:: Blocker status: False
2025-12-11 11:10:59,478-DEBUG-root-26528::webapp_internal::wait_blocker|2444:: Waiting blocker to continue...
2025-12-11 11:10:59,604-DEBUG-root-26528::webapp_internal::wait_blocker|2469:: Blocker status: False
2025-12-11 11:10:59,634-DEBUG-root-26528::webapp_internal::wait_blocker|2444:: Waiting blocker to continue...
2025-12-11 11:10:59,770-DEBUG-root-26528::webapp_internal::wait_blocker|2469:: Blocker status: False
2025-12-11 11:10:59,770-DEBUG-root-26528::webapp_internal::send_action|10480:: Trying to send action
2025-12-11 11:11:00,814-DEBUG-root-26528::webapp_internal::send_action|10522:: send_action method result = True
2025-12-11 11:11:00,815-DEBUG-root-26528::webapp_internal::send_action|10523:: send_action selenium status: False
2025-12-11 11:11:00,815-DEBUG-root-26528::webapp_internal::wait_element|7623:: Waiting for element
2025-12-11 11:11:00,915-DEBUG-root-26528::webapp_internal::wait_element|7653:: Element found! Waiting for element to be displayed.
2025-12-11 11:11:01,227-DEBUG-root-26528::webapp_internal::wait_blocker|2444:: Waiting blocker to continue...
2025-12-11 11:11:01,353-DEBUG-root-26528::webapp_internal::wait_blocker|2469:: Blocker status: False
2025-12-11 11:11:01,353-INFO-root-26528::webapp_internal::LoadGrid|6298:: Filling grid field: Hora Chegada
2025-12-11 11:11:01,354-DEBUG-root-26528::webapp_internal::fill_grid|6399:: Grid loading...
2025-12-11 11:11:01,702-DEBUG-root-26528::webapp_internal::fill_grid|6466:: Column found!
2025-12-11 11:11:01,742-DEBUG-root-26528::base::click|192:: Click Type: ClickType.ACTIONCHAINS
2025-12-11 11:11:07,194-DEBUG-root-26528::webapp_internal::fill_grid|6498:: Trying open cell in grid!
2025-12-11 11:11:07,486-DEBUG-root-26528::webapp_internal::wait_blocker|2444:: Waiting blocker to continue...
2025-12-11 11:11:07,632-DEBUG-root-26528::webapp_internal::wait_blocker|2469:: Blocker status: False
2025-12-11 11:11:07,819-DEBUG-root-26528::webapp_internal::wait_element_timeout|7726:: Element found! Waiting for element to be displayed.
2025-12-11 11:11:08,181-DEBUG-root-26528::webapp_internal::fill_grid|6577:: Sending keys: 12:00
2025-12-11 11:11:08,492-DEBUG-root-26528::webapp_internal::wait_blocker|2444:: Waiting blocker to continue...
2025-12-11 11:11:08,650-DEBUG-root-26528::webapp_internal::wait_blocker|2469:: Blocker status: False
2025-12-11 11:11:13,921-INFO-root-26528::webapp_internal::ClickFolder|5081:: Clicking on folder: Treinamento
2025-12-11 11:11:13,922-DEBUG-root-26528::webapp_internal::wait_blocker|2444:: Waiting blocker to continue...
2025-12-11 11:11:14,050-DEBUG-root-26528::webapp_internal::wait_blocker|2469:: Blocker status: False
2025-12-11 11:11:14,083-DEBUG-root-26528::webapp_internal::wait_element|7623:: Waiting for element
2025-12-11 11:11:14,344-DEBUG-root-26528::webapp_internal::wait_element|7653:: Element found! Waiting for element to be displayed.
2025-12-11 11:11:16,395-INFO-root-26528::webapp_internal::ClickFolder|5081:: Clicking on folder: Transporte
2025-12-11 11:11:16,395-DEBUG-root-26528::webapp_internal::wait_blocker|2444:: Waiting blocker to continue...
2025-12-11 11:11:16,527-DEBUG-root-26528::webapp_internal::wait_blocker|2469:: Blocker status: False
2025-12-11 11:11:16,561-DEBUG-root-26528::webapp_internal::wait_element|7623:: Waiting for element
2025-12-11 11:11:16,869-DEBUG-root-26528::webapp_internal::wait_element|7653:: Element found! Waiting for element to be displayed.
2025-12-11 11:11:18,466-DEBUG-root-26528::webapp_internal::wait_blocker|2444:: Waiting blocker to continue...
2025-12-11 11:11:18,612-DEBUG-root-26528::webapp_internal::wait_blocker|2469:: Blocker status: False
2025-12-11 11:11:18,612-INFO-root-26528::webapp_internal::LoadGrid|6304:: Checking grid field value: Tipo
2025-12-11 11:11:57,538-INFO-root-26528::webapp_internal::check_grid|6883:: Collected value: Servico
2025-12-11 11:11:57,551-DEBUG-root-26528::log::take_screenshot_log|612:: take_screenshot_log in:2025-12-11 11:11:57.551514

2025-12-11 11:11:57,649-DEBUG-root-26528::log::take_screenshot_log|627:: Screenshot file created successfully: Log\GESIT03\97137227104_20251211111157551_test_Cadastro_Orcamento_Viagem.png
2025-12-11 11:11:57,649-DEBUG-root-26528::webapp_internal::wait_blocker|2444:: Waiting blocker to continue...
2025-12-11 11:11:57,888-DEBUG-root-26528::webapp_internal::wait_blocker|2469:: Blocker status: False
2025-12-11 11:11:57,888-INFO-root-26528::webapp_internal::SetKey|5822:: Key pressed: DOWN
2025-12-11 11:11:57,888-DEBUG-root-26528::webapp_internal::wait_blocker|2444:: Waiting blocker to continue...
2025-12-11 11:11:58,034-DEBUG-root-26528::webapp_internal::wait_blocker|2469:: Blocker status: False
2025-12-11 11:11:58,034-INFO-root-26528::webapp_internal::SetKey|5822:: Key pressed: TAB
2025-12-11 11:11:58,034-DEBUG-root-26528::webapp_internal::SetKey|5857:: Trying press key
2025-12-11 11:11:58,034-DEBUG-root-26528::webapp_internal::wait_element|7623:: Waiting for element
2025-12-11 11:11:58,133-DEBUG-root-26528::webapp_internal::wait_element|7653:: Element found! Waiting for element to be displayed.
2025-12-11 11:11:58,398-DEBUG-root-26528::webapp_internal::new_grid_line|7014:: New grid line
2025-12-11 11:11:59,929-DEBUG-root-26528::webapp_internal::wait_blocker|2444:: Waiting blocker to continue...
2025-12-11 11:12:00,114-DEBUG-root-26528::webapp_internal::wait_blocker|2469:: Blocker status: False
2025-12-11 11:12:00,114-INFO-root-26528::webapp_internal::LoadGrid|6298:: Filling grid field: Tipo
2025-12-11 11:12:00,114-DEBUG-root-26528::webapp_internal::fill_grid|6399:: Grid loading...
2025-12-11 11:12:00,355-DEBUG-root-26528::webapp_internal::fill_grid|6466:: Column found!
2025-12-11 11:12:00,410-DEBUG-root-26528::base::click|192:: Click Type: ClickType.ACTIONCHAINS
2025-12-11 11:12:05,777-DEBUG-root-26528::webapp_internal::fill_grid|6498:: Trying open cell in grid!
2025-12-11 11:12:06,066-DEBUG-root-26528::webapp_internal::wait_blocker|2444:: Waiting blocker to continue...
2025-12-11 11:12:06,221-DEBUG-root-26528::webapp_internal::wait_blocker|2469:: Blocker status: False
2025-12-11 11:12:06,411-DEBUG-root-26528::webapp_internal::wait_element_timeout|7726:: Element found! Waiting for element to be displayed.
2025-12-11 11:12:07,803-INFO-root-26528::base::select_combo|871:: Selected value for combo is: 1 - Aereo
2025-12-11 11:12:07,995-DEBUG-root-26528::webapp_internal::wait_blocker|2444:: Waiting blocker to continue...
2025-12-11 11:12:08,178-DEBUG-root-26528::webapp_internal::wait_blocker|2469:: Blocker status: False
2025-12-11 11:12:08,208-DEBUG-root-26528::webapp_internal::wait_blocker|2444:: Waiting blocker to continue...
2025-12-11 11:12:08,350-DEBUG-root-26528::webapp_internal::wait_blocker|2469:: Blocker status: False
2025-12-11 11:12:08,350-DEBUG-root-26528::webapp_internal::send_action|10480:: Trying to send action
2025-12-11 11:12:09,390-DEBUG-root-26528::webapp_internal::send_action|10522:: send_action method result = True
2025-12-11 11:12:09,390-DEBUG-root-26528::webapp_internal::send_action|10523:: send_action selenium status: False
2025-12-11 11:12:09,391-DEBUG-root-26528::webapp_internal::wait_blocker|2444:: Waiting blocker to continue...
2025-12-11 11:12:09,522-DEBUG-root-26528::webapp_internal::wait_blocker|2469:: Blocker status: False
2025-12-11 11:12:09,522-INFO-root-26528::webapp_internal::SetKey|5822:: Key pressed: TAB
2025-12-11 11:12:09,522-DEBUG-root-26528::webapp_internal::SetKey|5857:: Trying press key
2025-12-11 11:12:09,522-DEBUG-root-26528::webapp_internal::wait_element|7623:: Waiting for element
2025-12-11 11:12:09,634-DEBUG-root-26528::webapp_internal::wait_element|7653:: Element found! Waiting for element to be displayed.
2025-12-11 11:12:09,897-DEBUG-root-26528::webapp_internal::wait_blocker|2444:: Waiting blocker to continue...
2025-12-11 11:12:10,048-DEBUG-root-26528::webapp_internal::wait_blocker|2469:: Blocker status: False
2025-12-11 11:12:10,048-INFO-root-26528::webapp_internal::LoadGrid|6298:: Filling grid field: Partida
2025-12-11 11:12:10,049-DEBUG-root-26528::webapp_internal::fill_grid|6399:: Grid loading...
2025-12-11 11:12:10,299-DEBUG-root-26528::webapp_internal::fill_grid|6466:: Column found!
2025-12-11 11:12:10,343-DEBUG-root-26528::base::click|192:: Click Type: ClickType.ACTIONCHAINS
2025-12-11 11:12:15,661-DEBUG-root-26528::webapp_internal::fill_grid|6498:: Trying open cell in grid!
2025-12-11 11:12:15,950-DEBUG-root-26528::webapp_internal::wait_blocker|2444:: Waiting blocker to continue...
2025-12-11 11:12:16,148-DEBUG-root-26528::webapp_internal::wait_blocker|2469:: Blocker status: False
2025-12-11 11:12:16,335-DEBUG-root-26528::webapp_internal::wait_element_timeout|7726:: Element found! Waiting for element to be displayed.
2025-12-11 11:12:16,722-DEBUG-root-26528::webapp_internal::fill_grid|6577:: Sending keys: 11/01/2026
2025-12-11 11:12:17,043-DEBUG-root-26528::webapp_internal::wait_blocker|2444:: Waiting blocker to continue...
2025-12-11 11:12:17,227-DEBUG-root-26528::webapp_internal::wait_blocker|2469:: Blocker status: False
2025-12-11 11:12:22,627-DEBUG-root-26528::webapp_internal::wait_blocker|2444:: Waiting blocker to continue...
2025-12-11 11:12:22,818-DEBUG-root-26528::webapp_internal::wait_blocker|2469:: Blocker status: False
2025-12-11 11:12:22,844-DEBUG-root-26528::webapp_internal::wait_blocker|2444:: Waiting blocker to continue...
2025-12-11 11:12:23,002-DEBUG-root-26528::webapp_internal::wait_blocker|2469:: Blocker status: False
2025-12-11 11:12:23,002-DEBUG-root-26528::webapp_internal::send_action|10480:: Trying to send action
2025-12-11 11:12:24,068-DEBUG-root-26528::webapp_internal::send_action|10522:: send_action method result = True
2025-12-11 11:12:24,068-DEBUG-root-26528::webapp_internal::send_action|10523:: send_action selenium status: False
2025-12-11 11:12:24,068-DEBUG-root-26528::webapp_internal::wait_blocker|2444:: Waiting blocker to continue...
2025-12-11 11:12:24,199-DEBUG-root-26528::webapp_internal::wait_blocker|2469:: Blocker status: False
2025-12-11 11:12:24,199-INFO-root-26528::webapp_internal::SetKey|5822:: Key pressed: TAB
2025-12-11 11:12:24,200-DEBUG-root-26528::webapp_internal::SetKey|5857:: Trying press key
2025-12-11 11:12:24,200-DEBUG-root-26528::webapp_internal::wait_element|7623:: Waiting for element
2025-12-11 11:12:24,295-DEBUG-root-26528::webapp_internal::wait_element|7653:: Element found! Waiting for element to be displayed.
2025-12-11 11:12:24,566-DEBUG-root-26528::webapp_internal::wait_blocker|2444:: Waiting blocker to continue...
2025-12-11 11:12:24,728-DEBUG-root-26528::webapp_internal::wait_blocker|2469:: Blocker status: False
2025-12-11 11:12:24,728-INFO-root-26528::webapp_internal::LoadGrid|6298:: Filling grid field: Hora Partida
2025-12-11 11:12:24,728-DEBUG-root-26528::webapp_internal::fill_grid|6399:: Grid loading...
2025-12-11 11:12:24,979-DEBUG-root-26528::webapp_internal::fill_grid|6466:: Column found!
2025-12-11 11:12:25,016-DEBUG-root-26528::base::click|192:: Click Type: ClickType.ACTIONCHAINS
2025-12-11 11:12:30,471-DEBUG-root-26528::webapp_internal::fill_grid|6498:: Trying open cell in grid!
2025-12-11 11:12:30,767-DEBUG-root-26528::webapp_internal::wait_blocker|2444:: Waiting blocker to continue...
2025-12-11 11:12:30,915-DEBUG-root-26528::webapp_internal::wait_blocker|2469:: Blocker status: False
2025-12-11 11:12:31,104-DEBUG-root-26528::webapp_internal::wait_element_timeout|7726:: Element found! Waiting for element to be displayed.
2025-12-11 11:12:31,548-DEBUG-root-26528::webapp_internal::fill_grid|6577:: Sending keys: 08:00
2025-12-11 11:12:31,853-DEBUG-root-26528::webapp_internal::wait_blocker|2444:: Waiting blocker to continue...
2025-12-11 11:12:32,020-DEBUG-root-26528::webapp_internal::wait_blocker|2469:: Blocker status: False
2025-12-11 11:12:36,240-ERROR-root-26528::webapp_internal::web_scrap|3782:: Message: WebDriver session does not exist, or is not active
Stacktrace:
RemoteError@chrome://remote/content/shared/RemoteError.sys.mjs:8:8
WebDriverError@chrome://remote/content/shared/webdriver/Errors.sys.mjs:202:5
InvalidSessionIDError@chrome://remote/content/shared/webdriver/Errors.sys.mjs:472:5
assert.that/<@chrome://remote/content/shared/webdriver/Assert.sys.mjs:581:13
assert.session@chrome://remote/content/shared/webdriver/Assert.sys.mjs:38:4
dispatch@chrome://remote/content/marionette/server.sys.mjs:315:19
execute@chrome://remote/content/marionette/server.sys.mjs:289:16
onPacket/<@chrome://remote/content/marionette/server.sys.mjs:262:20
onPacket@chrome://remote/content/marionette/server.sys.mjs:263:9
_onJSONObjectReady/<@chrome://remote/content/marionette/transport.sys.mjs:494:20
Traceback (most recent call last):
  File "C:\TIR_TESTE\venv\Lib\site-packages\tir\technologies\core\base.py", line 501, in get_current_DOM
    self.driver.switch_to.default_content()
  File "C:\TIR_TESTE\venv\Lib\site-packages\selenium\webdriver\remote\switch_to.py", line 69, in default_content
    self._driver.execute(Command.SWITCH_TO_FRAME, {"id": None})
  File "C:\TIR_TESTE\venv\Lib\site-packages\selenium\webdriver\remote\webdriver.py", line 347, in execute
    self.error_handler.check_response(response)
  File "C:\TIR_TESTE\venv\Lib\site-packages\selenium\webdriver\remote\errorhandler.py", line 229, in check_response
    raise exception_class(message, screen, stacktrace)
selenium.common.exceptions.InvalidSessionIdException: Message: WebDriver session does not exist, or is not active
Stacktrace:
RemoteError@chrome://remote/content/shared/RemoteError.sys.mjs:8:8
WebDriverError@chrome://remote/content/shared/webdriver/Errors.sys.mjs:202:5
InvalidSessionIDError@chrome://remote/content/shared/webdriver/Errors.sys.mjs:472:5
assert.that/<@chrome://remote/content/shared/webdriver/Assert.sys.mjs:581:13
assert.session@chrome://remote/content/shared/webdriver/Assert.sys.mjs:38:4
dispatch@chrome://remote/content/marionette/server.sys.mjs:315:19
execute@chrome://remote/content/marionette/server.sys.mjs:289:16
onPacket/<@chrome://remote/content/marionette/server.sys.mjs:262:20
onPacket@chrome://remote/content/marionette/server.sys.mjs:263:9
_onJSONObjectReady/<@chrome://remote/content/marionette/transport.sys.mjs:494:20


During handling of the above exception, another exception occurred:

Traceback (most recent call last):
  File "C:\TIR_TESTE\venv\Lib\site-packages\tir\technologies\webapp_internal.py", line 3719, in web_scrap
    soup = self.get_current_DOM(twebview=twebview)
           ^^^^^^^^^^^^^^^^^^^^^^^^^^^^^^^^^^^^^^^
  File "C:\TIR_TESTE\venv\Lib\site-packages\tir\technologies\core\base.py", line 538, in get_current_DOM
    self.driver.switch_to.default_content()
  File "C:\TIR_TESTE\venv\Lib\site-packages\selenium\webdriver\remote\switch_to.py", line 69, in default_content
    self._driver.execute(Command.SWITCH_TO_FRAME, {"id": None})
  File "C:\TIR_TESTE\venv\Lib\site-packages\selenium\webdriver\remote\webdriver.py", line 347, in execute
    self.error_handler.check_response(response)
  File "C:\TIR_TESTE\venv\Lib\site-packages\selenium\webdriver\remote\errorhandler.py", line 229, in check_response
    raise exception_class(message, screen, stacktrace)
selenium.common.exceptions.InvalidSessionIdException: Message: WebDriver session does not exist, or is not active
Stacktrace:
RemoteError@chrome://remote/content/shared/RemoteError.sys.mjs:8:8
WebDriverError@chrome://remote/content/shared/webdriver/Errors.sys.mjs:202:5
InvalidSessionIDError@chrome://remote/content/shared/webdriver/Errors.sys.mjs:472:5
assert.that/<@chrome://remote/content/shared/webdriver/Assert.sys.mjs:581:13
assert.session@chrome://remote/content/shared/webdriver/Assert.sys.mjs:38:4
dispatch@chrome://remote/content/marionette/server.sys.mjs:315:19
execute@chrome://remote/content/marionette/server.sys.mjs:289:16
onPacket/<@chrome://remote/content/marionette/server.sys.mjs:262:20
onPacket@chrome://remote/content/marionette/server.sys.mjs:263:9
_onJSONObjectReady/<@chrome://remote/content/marionette/transport.sys.mjs:494:20

2025-12-11 11:12:36,723-ERROR-root-26528::webapp_internal::fill_grid|6675:: fill grid error: Message: Tried to run command without establishing a connection
Traceback (most recent call last):
  File "C:\TIR_TESTE\venv\Lib\site-packages\tir\technologies\core\base.py", line 501, in get_current_DOM
    self.driver.switch_to.default_content()
  File "C:\TIR_TESTE\venv\Lib\site-packages\selenium\webdriver\remote\switch_to.py", line 69, in default_content
    self._driver.execute(Command.SWITCH_TO_FRAME, {"id": None})
  File "C:\TIR_TESTE\venv\Lib\site-packages\selenium\webdriver\remote\webdriver.py", line 347, in execute
    self.error_handler.check_response(response)
  File "C:\TIR_TESTE\venv\Lib\site-packages\selenium\webdriver\remote\errorhandler.py", line 229, in check_response
    raise exception_class(message, screen, stacktrace)
selenium.common.exceptions.WebDriverException: Message: Failed to decode response from marionette


During handling of the above exception, another exception occurred:

Traceback (most recent call last):
  File "C:\TIR_TESTE\venv\Lib\site-packages\tir\technologies\webapp_internal.py", line 6589, in fill_grid
    modal_open = self.wait_element_timeout(term='wa-dialog', scrap_type=enum.ScrapType.CSS_SELECTOR, position= tmodal_layer + 1, timeout=5, presence=True, main_container='body', check_error=False)
                 ^^^^^^^^^^^^^^^^^^^^^^^^^^^^^^^^^^^^^^^^^^^^^^^^^^^^^^^^^^^^^^^^^^^^^^^^^^^^^^^^^^^^^^^^^^^^^^^^^^^^^^^^^^^^^^^^^^^^^^^^^^^^^^^^^^^^^^^^^^^^^^^^^^^^^^^^^^^^^^^^^^^^^^^^^^^^^^^^^^^
  File "C:\TIR_TESTE\venv\Lib\site-packages\tir\technologies\webapp_internal.py", line 7713, in wait_element_timeout
    if self.element_exists(term, scrap_type, position, optional_term, main_container, check_error, twebview):
       ^^^^^^^^^^^^^^^^^^^^^^^^^^^^^^^^^^^^^^^^^^^^^^^^^^^^^^^^^^^^^^^^^^^^^^^^^^^^^^^^^^^^^^^^^^^^^^^^^^^^^
  File "C:\TIR_TESTE\venv\Lib\site-packages\tir\technologies\webapp_internal.py", line 4073, in element_exists
    soup = self.get_current_DOM(twebview=twebview)
           ^^^^^^^^^^^^^^^^^^^^^^^^^^^^^^^^^^^^^^^
  File "C:\TIR_TESTE\venv\Lib\site-packages\tir\technologies\core\base.py", line 538, in get_current_DOM
    self.driver.switch_to.default_content()
  File "C:\TIR_TESTE\venv\Lib\site-packages\selenium\webdriver\remote\switch_to.py", line 69, in default_content
    self._driver.execute(Command.SWITCH_TO_FRAME, {"id": None})
  File "C:\TIR_TESTE\venv\Lib\site-packages\selenium\webdriver\remote\webdriver.py", line 347, in execute
    self.error_handler.check_response(response)
  File "C:\TIR_TESTE\venv\Lib\site-packages\selenium\webdriver\remote\errorhandler.py", line 229, in check_response
    raise exception_class(message, screen, stacktrace)
selenium.common.exceptions.InvalidSessionIdException: Message: Tried to run command without establishing a connection

2025-12-11 11:12:36,726-WARNING-root-26528::webapp_internal::log_error|8143:: Warning log_error fill grid error: Message: Tried to run command without establishing a connection

2025-12-11 11:12:36,726-DEBUG-root-26528::webapp_internal::log_error|8146:: ***System Info*** in log_error():
2025-12-11 11:12:36,726-DEBUG-root-26528::psutil_info::system_info|5:: CPU USAGE: 9.2%
2025-12-11 11:12:36,727-DEBUG-root-26528::psutil_info::system_info|6:: MEMORY USAGE: 79.4%
2025-12-11 11:12:36,727-DEBUG-root-26528::psutil_info::system_info|7:: MEMORY AVAILABLE: 20.63%
2025-12-11 11:12:36,745-DEBUG-root-26528::log::take_screenshot_log|612:: take_screenshot_log in:2025-12-11 11:12:36.745209

2025-12-11 11:12:36,747-ERROR-root-26528::log::take_screenshot_log|629:: Warning Log Error save_screenshot exception Message: Tried to run command without establishing a connection
Traceback (most recent call last):
  File "C:\TIR_TESTE\venv\Lib\site-packages\tir\technologies\core\base.py", line 501, in get_current_DOM
    self.driver.switch_to.default_content()
  File "C:\TIR_TESTE\venv\Lib\site-packages\selenium\webdriver\remote\switch_to.py", line 69, in default_content
    self._driver.execute(Command.SWITCH_TO_FRAME, {"id": None})
  File "C:\TIR_TESTE\venv\Lib\site-packages\selenium\webdriver\remote\webdriver.py", line 347, in execute
    self.error_handler.check_response(response)
  File "C:\TIR_TESTE\venv\Lib\site-packages\selenium\webdriver\remote\errorhandler.py", line 229, in check_response
    raise exception_class(message, screen, stacktrace)
selenium.common.exceptions.WebDriverException: Message: Failed to decode response from marionette


During handling of the above exception, another exception occurred:

Traceback (most recent call last):
  File "C:\TIR_TESTE\venv\Lib\site-packages\tir\technologies\webapp_internal.py", line 6589, in fill_grid
    modal_open = self.wait_element_timeout(term='wa-dialog', scrap_type=enum.ScrapType.CSS_SELECTOR, position= tmodal_layer + 1, timeout=5, presence=True, main_container='body', check_error=False)
                 ^^^^^^^^^^^^^^^^^^^^^^^^^^^^^^^^^^^^^^^^^^^^^^^^^^^^^^^^^^^^^^^^^^^^^^^^^^^^^^^^^^^^^^^^^^^^^^^^^^^^^^^^^^^^^^^^^^^^^^^^^^^^^^^^^^^^^^^^^^^^^^^^^^^^^^^^^^^^^^^^^^^^^^^^^^^^^^^^^^^
  File "C:\TIR_TESTE\venv\Lib\site-packages\tir\technologies\webapp_internal.py", line 7713, in wait_element_timeout
    if self.element_exists(term, scrap_type, position, optional_term, main_container, check_error, twebview):
       ^^^^^^^^^^^^^^^^^^^^^^^^^^^^^^^^^^^^^^^^^^^^^^^^^^^^^^^^^^^^^^^^^^^^^^^^^^^^^^^^^^^^^^^^^^^^^^^^^^^^^
  File "C:\TIR_TESTE\venv\Lib\site-packages\tir\technologies\webapp_internal.py", line 4073, in element_exists
    soup = self.get_current_DOM(twebview=twebview)
           ^^^^^^^^^^^^^^^^^^^^^^^^^^^^^^^^^^^^^^^
  File "C:\TIR_TESTE\venv\Lib\site-packages\tir\technologies\core\base.py", line 538, in get_current_DOM
    self.driver.switch_to.default_content()
  File "C:\TIR_TESTE\venv\Lib\site-packages\selenium\webdriver\remote\switch_to.py", line 69, in default_content
    self._driver.execute(Command.SWITCH_TO_FRAME, {"id": None})
  File "C:\TIR_TESTE\venv\Lib\site-packages\selenium\webdriver\remote\webdriver.py", line 347, in execute
    self.error_handler.check_response(response)
  File "C:\TIR_TESTE\venv\Lib\site-packages\selenium\webdriver\remote\errorhandler.py", line 229, in check_response
    raise exception_class(message, screen, stacktrace)
selenium.common.exceptions.InvalidSessionIdException: Message: Tried to run command without establishing a connection


During handling of the above exception, another exception occurred:

Traceback (most recent call last):
  File "C:\TIR_TESTE\venv\Lib\site-packages\tir\technologies\core\log.py", line 626, in take_screenshot_log
    driver.save_screenshot(str(path))
  File "C:\TIR_TESTE\venv\Lib\site-packages\selenium\webdriver\remote\webdriver.py", line 822, in save_screenshot
    return self.get_screenshot_as_file(filename)
           ^^^^^^^^^^^^^^^^^^^^^^^^^^^^^^^^^^^^^
  File "C:\TIR_TESTE\venv\Lib\site-packages\selenium\webdriver\remote\webdriver.py", line 798, in get_screenshot_as_file
    png = self.get_screenshot_as_png()
          ^^^^^^^^^^^^^^^^^^^^^^^^^^^^
  File "C:\TIR_TESTE\venv\Lib\site-packages\selenium\webdriver\remote\webdriver.py", line 832, in get_screenshot_as_png
    return b64decode(self.get_screenshot_as_base64().encode("ascii"))
                     ^^^^^^^^^^^^^^^^^^^^^^^^^^^^^^^
  File "C:\TIR_TESTE\venv\Lib\site-packages\selenium\webdriver\remote\webdriver.py", line 843, in get_screenshot_as_base64
    return self.execute(Command.SCREENSHOT)["value"]
           ^^^^^^^^^^^^^^^^^^^^^^^^^^^^^^^^
  File "C:\TIR_TESTE\venv\Lib\site-packages\selenium\webdriver\remote\webdriver.py", line 347, in execute
    self.error_handler.check_response(response)
  File "C:\TIR_TESTE\venv\Lib\site-packages\selenium\webdriver\remote\errorhandler.py", line 229, in check_response
    raise exception_class(message, screen, stacktrace)
selenium.common.exceptions.InvalidSessionIdException: Message: Tried to run command without establishing a connection

2025-12-11 11:12:37,758-DEBUG-root-26528::log::checks_empty_line|221:: Checking empty default log info
2025-12-11 11:12:37,761-DEBUG-root-26528::log::generate_log|503:: Json log_data: {'cLogDtExec': '11/12/2025 11:12:37', 'cLogNomUsr': '97137227104', 'cLogNomEst': 'GESIT03', 'cLogProgra': None, 'cLogDtProg': '', 'cLogHrProg': '', 'nLogCtsOk': 0, 'nLogCtsNok': 1, 'nLogCtsSeg': 311.64, 'cLogVersao': '12', 'cLogReleas': '12.1.2410', 'nLogCtsErr': 'Viagem - fill grid error: Message: Tried to run command without establishing a connection', 'cLogBancod': 'ORACLE', 'cLogIdenti': '', 'cLogIdExec': '20251211', 'cLogPais': 'BRA', 'cLogTool': 'TIR', 'cLogSequen': '4b034f', 'nLogCtsTot': 1, 'cLogDtExea': '11/12/2025', 'cLogHrExea': '11:12:37', 'cLogArea': 'Desenvolvimento', 'cLogMnExec': 5.194}
2025-12-11 11:12:37,761-INFO-root-26528::log::send_log_with_retries|515:: Saving log locally.
2025-12-11 11:12:37,761-INFO-root-26528::log::save_log_locally|548:: [FwSendLog]: Não foi possível enviar o log após todas as tentativas.
2025-12-11 11:12:37,762-INFO-root-26528::log::save_log_locally|555:: [FwSendLog]: Log salvo localmente em C:\TIR_TESTE\1765462357.json.
2025-12-11 11:12:37,767-ERROR-root-26528::webapp_internal::log_error|8181:: Warning Log Error Close Message: Tried to run command without establishing a connection
Traceback (most recent call last):
  File "C:\TIR_TESTE\venv\Lib\site-packages\tir\technologies\core\base.py", line 501, in get_current_DOM
    self.driver.switch_to.default_content()
  File "C:\TIR_TESTE\venv\Lib\site-packages\selenium\webdriver\remote\switch_to.py", line 69, in default_content
    self._driver.execute(Command.SWITCH_TO_FRAME, {"id": None})
  File "C:\TIR_TESTE\venv\Lib\site-packages\selenium\webdriver\remote\webdriver.py", line 347, in execute
    self.error_handler.check_response(response)
  File "C:\TIR_TESTE\venv\Lib\site-packages\selenium\webdriver\remote\errorhandler.py", line 229, in check_response
    raise exception_class(message, screen, stacktrace)
selenium.common.exceptions.WebDriverException: Message: Failed to decode response from marionette


During handling of the above exception, another exception occurred:

Traceback (most recent call last):
  File "C:\TIR_TESTE\venv\Lib\site-packages\tir\technologies\webapp_internal.py", line 6589, in fill_grid
    modal_open = self.wait_element_timeout(term='wa-dialog', scrap_type=enum.ScrapType.CSS_SELECTOR, position= tmodal_layer + 1, timeout=5, presence=True, main_container='body', check_error=False)
                 ^^^^^^^^^^^^^^^^^^^^^^^^^^^^^^^^^^^^^^^^^^^^^^^^^^^^^^^^^^^^^^^^^^^^^^^^^^^^^^^^^^^^^^^^^^^^^^^^^^^^^^^^^^^^^^^^^^^^^^^^^^^^^^^^^^^^^^^^^^^^^^^^^^^^^^^^^^^^^^^^^^^^^^^^^^^^^^^^^^^
  File "C:\TIR_TESTE\venv\Lib\site-packages\tir\technologies\webapp_internal.py", line 7713, in wait_element_timeout
    if self.element_exists(term, scrap_type, position, optional_term, main_container, check_error, twebview):
       ^^^^^^^^^^^^^^^^^^^^^^^^^^^^^^^^^^^^^^^^^^^^^^^^^^^^^^^^^^^^^^^^^^^^^^^^^^^^^^^^^^^^^^^^^^^^^^^^^^^^^
  File "C:\TIR_TESTE\venv\Lib\site-packages\tir\technologies\webapp_internal.py", line 4073, in element_exists
    soup = self.get_current_DOM(twebview=twebview)
           ^^^^^^^^^^^^^^^^^^^^^^^^^^^^^^^^^^^^^^^
  File "C:\TIR_TESTE\venv\Lib\site-packages\tir\technologies\core\base.py", line 538, in get_current_DOM
    self.driver.switch_to.default_content()
  File "C:\TIR_TESTE\venv\Lib\site-packages\selenium\webdriver\remote\switch_to.py", line 69, in default_content
    self._driver.execute(Command.SWITCH_TO_FRAME, {"id": None})
  File "C:\TIR_TESTE\venv\Lib\site-packages\selenium\webdriver\remote\webdriver.py", line 347, in execute
    self.error_handler.check_response(response)
  File "C:\TIR_TESTE\venv\Lib\site-packages\selenium\webdriver\remote\errorhandler.py", line 229, in check_response
    raise exception_class(message, screen, stacktrace)
selenium.common.exceptions.InvalidSessionIdException: Message: Tried to run command without establishing a connection


During handling of the above exception, another exception occurred:

Traceback (most recent call last):
  File "C:\TIR_TESTE\venv\Lib\site-packages\tir\technologies\webapp_internal.py", line 8179, in log_error
    self.driver.close()
  File "C:\TIR_TESTE\venv\Lib\site-packages\selenium\webdriver\remote\webdriver.py", line 458, in close
    self.execute(Command.CLOSE)
  File "C:\TIR_TESTE\venv\Lib\site-packages\selenium\webdriver\remote\webdriver.py", line 347, in execute
    self.error_handler.check_response(response)
  File "C:\TIR_TESTE\venv\Lib\site-packages\selenium\webdriver\remote\errorhandler.py", line 229, in check_response
    raise exception_class(message, screen, stacktrace)
selenium.common.exceptions.InvalidSessionIdException: Message: Tried to run command without establishing a connection

2025-12-11 11:12:37,768-ERROR-root-26528::webapp_internal::SetKey|5901:: False is not true : Viagem - fill grid error: Message: Tried to run command without establishing a connection
Traceback (most recent call last):
  File "C:\TIR_TESTE\venv\Lib\site-packages\tir\technologies\core\base.py", line 501, in get_current_DOM
    self.driver.switch_to.default_content()
  File "C:\TIR_TESTE\venv\Lib\site-packages\selenium\webdriver\remote\switch_to.py", line 69, in default_content
    self._driver.execute(Command.SWITCH_TO_FRAME, {"id": None})
  File "C:\TIR_TESTE\venv\Lib\site-packages\selenium\webdriver\remote\webdriver.py", line 347, in execute
    self.error_handler.check_response(response)
  File "C:\TIR_TESTE\venv\Lib\site-packages\selenium\webdriver\remote\errorhandler.py", line 229, in check_response
    raise exception_class(message, screen, stacktrace)
selenium.common.exceptions.WebDriverException: Message: Failed to decode response from marionette


During handling of the above exception, another exception occurred:

Traceback (most recent call last):
  File "C:\TIR_TESTE\venv\Lib\site-packages\tir\technologies\webapp_internal.py", line 6589, in fill_grid
    modal_open = self.wait_element_timeout(term='wa-dialog', scrap_type=enum.ScrapType.CSS_SELECTOR, position= tmodal_layer + 1, timeout=5, presence=True, main_container='body', check_error=False)
                 ^^^^^^^^^^^^^^^^^^^^^^^^^^^^^^^^^^^^^^^^^^^^^^^^^^^^^^^^^^^^^^^^^^^^^^^^^^^^^^^^^^^^^^^^^^^^^^^^^^^^^^^^^^^^^^^^^^^^^^^^^^^^^^^^^^^^^^^^^^^^^^^^^^^^^^^^^^^^^^^^^^^^^^^^^^^^^^^^^^^
  File "C:\TIR_TESTE\venv\Lib\site-packages\tir\technologies\webapp_internal.py", line 7713, in wait_element_timeout
    if self.element_exists(term, scrap_type, position, optional_term, main_container, check_error, twebview):
       ^^^^^^^^^^^^^^^^^^^^^^^^^^^^^^^^^^^^^^^^^^^^^^^^^^^^^^^^^^^^^^^^^^^^^^^^^^^^^^^^^^^^^^^^^^^^^^^^^^^^^
  File "C:\TIR_TESTE\venv\Lib\site-packages\tir\technologies\webapp_internal.py", line 4073, in element_exists
    soup = self.get_current_DOM(twebview=twebview)
           ^^^^^^^^^^^^^^^^^^^^^^^^^^^^^^^^^^^^^^^
  File "C:\TIR_TESTE\venv\Lib\site-packages\tir\technologies\core\base.py", line 538, in get_current_DOM
    self.driver.switch_to.default_content()
  File "C:\TIR_TESTE\venv\Lib\site-packages\selenium\webdriver\remote\switch_to.py", line 69, in default_content
    self._driver.execute(Command.SWITCH_TO_FRAME, {"id": None})
  File "C:\TIR_TESTE\venv\Lib\site-packages\selenium\webdriver\remote\webdriver.py", line 347, in execute
    self.error_handler.check_response(response)
  File "C:\TIR_TESTE\venv\Lib\site-packages\selenium\webdriver\remote\errorhandler.py", line 229, in check_response
    raise exception_class(message, screen, stacktrace)
selenium.common.exceptions.InvalidSessionIdException: Message: Tried to run command without establishing a connection


During handling of the above exception, another exception occurred:

Traceback (most recent call last):
  File "C:\TIR_TESTE\venv\Lib\site-packages\tir\technologies\webapp_internal.py", line 5861, in SetKey
    self.LoadGrid()
  File "C:\TIR_TESTE\venv\Lib\site-packages\tir\technologies\webapp_internal.py", line 6301, in LoadGrid
    self.fill_grid(field, x3_dictionaries, initial_layer, duplicate_fields)
  File "C:\TIR_TESTE\venv\Lib\site-packages\tir\technologies\webapp_internal.py", line 6676, in fill_grid
    self.log_error(f'fill grid error: {str(e)}')
  File "C:\TIR_TESTE\venv\Lib\site-packages\tir\technologies\webapp_internal.py", line 8206, in log_error
    self.assertTrue(False, log_message)
  File "C:\Users\97137227104\AppData\Local\Programs\Python\Python312\Lib\unittest\case.py", line 727, in assertTrue
    raise self.failureException(msg)
AssertionError: False is not true : Viagem - fill grid error: Message: Tried to run command without establishing a connection

2025-12-11 11:12:37,770-DEBUG-root-26528::webapp_internal::wait_blocker|2444:: Waiting blocker to continue...
2025-12-11 11:12:37,774-DEBUG-root-26528::webapp_internal::wait_blocker|2469:: Blocker status: None
2025-12-11 11:12:37,774-INFO-root-26528::webapp_internal::SetKey|5822:: Key pressed: TAB
2025-12-11 11:12:37,774-DEBUG-root-26528::webapp_internal::SetKey|5857:: Trying press key
2025-12-11 11:12:37,774-DEBUG-root-26528::webapp_internal::wait_element|7623:: Waiting for element
2025-12-11 11:12:37,776-WARNING-root-26528::webapp_internal::log_error|8143:: Warning log_error SetKey - Screen is not load: Message: Tried to run command without establishing a connection

2025-12-11 11:12:37,777-DEBUG-root-26528::webapp_internal::log_error|8146:: ***System Info*** in log_error():
2025-12-11 11:12:37,777-DEBUG-root-26528::psutil_info::system_info|5:: CPU USAGE: 8.6%
2025-12-11 11:12:37,777-DEBUG-root-26528::psutil_info::system_info|6:: MEMORY USAGE: 79.4%
2025-12-11 11:12:37,778-DEBUG-root-26528::psutil_info::system_info|7:: MEMORY AVAILABLE: 20.64%
2025-12-11 11:12:37,794-ERROR-root-26528::webapp_internal::log_error|8181:: Warning Log Error Close Message: Tried to run command without establishing a connection
Traceback (most recent call last):
  File "C:\TIR_TESTE\venv\Lib\site-packages\tir\technologies\core\base.py", line 501, in get_current_DOM
    self.driver.switch_to.default_content()
  File "C:\TIR_TESTE\venv\Lib\site-packages\selenium\webdriver\remote\switch_to.py", line 69, in default_content
    self._driver.execute(Command.SWITCH_TO_FRAME, {"id": None})
  File "C:\TIR_TESTE\venv\Lib\site-packages\selenium\webdriver\remote\webdriver.py", line 347, in execute
    self.error_handler.check_response(response)
  File "C:\TIR_TESTE\venv\Lib\site-packages\selenium\webdriver\remote\errorhandler.py", line 229, in check_response
    raise exception_class(message, screen, stacktrace)
selenium.common.exceptions.InvalidSessionIdException: Message: Tried to run command without establishing a connection


During handling of the above exception, another exception occurred:

Traceback (most recent call last):
  File "C:\TIR_TESTE\venv\Lib\site-packages\tir\technologies\webapp_internal.py", line 5861, in SetKey
    self.LoadGrid()
  File "C:\TIR_TESTE\venv\Lib\site-packages\tir\technologies\webapp_internal.py", line 6284, in LoadGrid
    self.wait_element(term=selector, scrap_type=enum.ScrapType.CSS_SELECTOR)
  File "C:\TIR_TESTE\venv\Lib\site-packages\tir\technologies\webapp_internal.py", line 7626, in wait_element
    while (not self.element_exists(term, scrap_type, position, optional_term, main_container, check_error, twebview, second_term) and time.time() < endtime):
               ^^^^^^^^^^^^^^^^^^^^^^^^^^^^^^^^^^^^^^^^^^^^^^^^^^^^^^^^^^^^^^^^^^^^^^^^^^^^^^^^^^^^^^^^^^^^^^^^^^^^^^^^^^^^^^^^^^
  File "C:\TIR_TESTE\venv\Lib\site-packages\tir\technologies\webapp_internal.py", line 4073, in element_exists
    soup = self.get_current_DOM(twebview=twebview)
           ^^^^^^^^^^^^^^^^^^^^^^^^^^^^^^^^^^^^^^^
  File "C:\TIR_TESTE\venv\Lib\site-packages\tir\technologies\core\base.py", line 538, in get_current_DOM
    self.driver.switch_to.default_content()
  File "C:\TIR_TESTE\venv\Lib\site-packages\selenium\webdriver\remote\switch_to.py", line 69, in default_content
    self._driver.execute(Command.SWITCH_TO_FRAME, {"id": None})
  File "C:\TIR_TESTE\venv\Lib\site-packages\selenium\webdriver\remote\webdriver.py", line 347, in execute
    self.error_handler.check_response(response)
  File "C:\TIR_TESTE\venv\Lib\site-packages\selenium\webdriver\remote\errorhandler.py", line 229, in check_response
    raise exception_class(message, screen, stacktrace)
selenium.common.exceptions.InvalidSessionIdException: Message: Tried to run command without establishing a connection


During handling of the above exception, another exception occurred:

Traceback (most recent call last):
  File "C:\TIR_TESTE\venv\Lib\site-packages\tir\technologies\webapp_internal.py", line 8179, in log_error
    self.driver.close()
  File "C:\TIR_TESTE\venv\Lib\site-packages\selenium\webdriver\remote\webdriver.py", line 458, in close
    self.execute(Command.CLOSE)
  File "C:\TIR_TESTE\venv\Lib\site-packages\selenium\webdriver\remote\webdriver.py", line 347, in execute
    self.error_handler.check_response(response)
  File "C:\TIR_TESTE\venv\Lib\site-packages\selenium\webdriver\remote\errorhandler.py", line 229, in check_response
    raise exception_class(message, screen, stacktrace)
selenium.common.exceptions.InvalidSessionIdException: Message: Tried to run command without establishing a connection

2025-12-11 11:12:38,252-ERROR-root-26528::webapp_internal::TearDown|9654:: Warning tearDown Close Message: Tried to run command without establishing a connection
Traceback (most recent call last):
  File "C:\TIR_TESTE\venv\Lib\site-packages\tir\technologies\webapp_internal.py", line 9652, in TearDown
    self.driver.close()
  File "C:\TIR_TESTE\venv\Lib\site-packages\selenium\webdriver\remote\webdriver.py", line 458, in close
    self.execute(Command.CLOSE)
  File "C:\TIR_TESTE\venv\Lib\site-packages\selenium\webdriver\remote\webdriver.py", line 347, in execute
    self.error_handler.check_response(response)
  File "C:\TIR_TESTE\venv\Lib\site-packages\selenium\webdriver\remote\errorhandler.py", line 229, in check_response
    raise exception_class(message, screen, stacktrace)
selenium.common.exceptions.InvalidSessionIdException: Message: Tried to run command without establishing a connection

