2025-12-16 12:37:20,742-DEBUG-root-18612::logging_config::logger|189:: Log file created: 'Log\GESIT03\TIR__20251216123720734.log'
2025-12-16 12:37:20,742-INFO-root-18612::base::Start|1183:: TIR Version: 2.4.3
2025-12-16 12:37:20,742-INFO-root-18612::base::Start|1184:: Python Version: 3.12.10
2025-12-16 12:37:20,742-INFO-root-18612::base::Start|1185:: Starting the browser
2025-12-16 12:37:28,033-INFO-root-18612::base::get_url|1294:: Page is ready!
2025-12-16 12:37:28,059-INFO-root-18612::base::Start|1256:: Browser maximized to 1936x1048
2025-12-16 12:37:28,060-INFO-root-18612::base::Start|1258:: Screen size is different from default used in headless mode
2025-12-16 12:37:28,134-INFO-root-18612::webapp_internal::Setup|247:: ***System Info*** in Setup():
2025-12-16 12:37:28,134-DEBUG-root-18612::psutil_info::system_info|5:: CPU USAGE: 17.1%
2025-12-16 12:37:28,135-DEBUG-root-18612::psutil_info::system_info|6:: MEMORY USAGE: 86.0%
2025-12-16 12:37:28,135-DEBUG-root-18612::psutil_info::system_info|7:: MEMORY AVAILABLE: 13.96%
2025-12-16 12:37:28,160-INFO-root-18612::base::webapp_shadowroot|1394:: Webapp: 10.1.6-RC4
2025-12-16 12:37:28,195-INFO-root-18612::webapp_internal::filling_initial_program|449:: Filling Initial Program: "SIGAMDI"
2025-12-16 12:37:28,197-DEBUG-root-18612::webapp_internal::wait_element|7623:: Waiting for element
2025-12-16 12:37:28,271-DEBUG-root-18612::webapp_internal::wait_element|7653:: Element found! Waiting for element to be displayed.
2025-12-16 12:37:28,448-DEBUG-root-18612::base::click|192:: Click Type: ClickType.JS
2025-12-16 12:37:28,454-DEBUG-root-18612::webapp_internal::try_send_keys|7976:: Trying to send keys to element using technique 0
2025-12-16 12:37:28,791-DEBUG-root-18612::webapp_internal::get_web_value|3232:: Current value: SIGAMDI
2025-12-16 12:37:28,791-INFO-root-18612::webapp_internal::filling_server_environment|463:: Filling Server Environment: "POUPEX_TST"
2025-12-16 12:37:28,792-DEBUG-root-18612::webapp_internal::wait_element|7623:: Waiting for element
2025-12-16 12:37:28,830-DEBUG-root-18612::webapp_internal::wait_element|7653:: Element found! Waiting for element to be displayed.
2025-12-16 12:37:28,998-DEBUG-root-18612::base::click|192:: Click Type: ClickType.JS
2025-12-16 12:37:29,003-DEBUG-root-18612::webapp_internal::try_send_keys|7976:: Trying to send keys to element using technique 0
2025-12-16 12:37:29,329-DEBUG-root-18612::webapp_internal::get_web_value|3232:: Current value: POUPEX_TST
2025-12-16 12:37:29,351-DEBUG-root-18612::base::click|192:: Click Type: ClickType.JS
2025-12-16 12:37:29,361-DEBUG-root-18612::webapp_internal::user_screen|519:: Filling user screen
2025-12-16 12:37:33,069-DEBUG-root-18612::webapp_internal::wait_element_timeout|7726:: Element found! Waiting for element to be displayed.
2025-12-16 12:37:33,152-DEBUG-root-18612::base::scroll_to_element|759:: ********Warining scroll_to_element exception: Message: TypeError: can't access property "scrollIntoView", arguments[0] is null
Stacktrace:
@https://qasrverp:10020/webapp/:2:7
@https://qasrverp:10020/webapp/:3:8
*********
2025-12-16 12:37:33,293-INFO-root-18612::webapp_internal::user_screen|561:: Filling User
2025-12-16 12:37:33,321-DEBUG-root-18612::base::double_click|259:: Click Type: ClickType.SELENIUM
2025-12-16 12:37:33,499-DEBUG-root-18612::webapp_internal::get_web_value|3232:: Current value: 97137227104
2025-12-16 12:37:33,520-INFO-root-18612::webapp_internal::user_screen|621:: Filling Password
2025-12-16 12:37:33,540-DEBUG-root-18612::base::click|192:: Click Type: ClickType.JS
2025-12-16 12:37:33,605-DEBUG-root-18612::webapp_internal::get_web_value|3232:: Current value: Deire20191817+
2025-12-16 12:37:33,605-DEBUG-root-18612::webapp_internal::wait_blocker|2444:: Waiting blocker to continue...
2025-12-16 12:37:33,631-DEBUG-root-18612::webapp_internal::wait_blocker|2469:: Blocker status: None
2025-12-16 12:37:33,651-DEBUG-root-18612::webapp_internal::wait_blocker|2444:: Waiting blocker to continue...
2025-12-16 12:37:33,677-DEBUG-root-18612::webapp_internal::wait_blocker|2469:: Blocker status: None
2025-12-16 12:37:33,710-DEBUG-root-18612::webapp_internal::wait_blocker|2444:: Waiting blocker to continue...
2025-12-16 12:37:33,739-DEBUG-root-18612::webapp_internal::wait_blocker|2469:: Blocker status: None
2025-12-16 12:37:33,739-DEBUG-root-18612::webapp_internal::send_action|10480:: Trying to send action
2025-12-16 12:37:33,745-DEBUG-root-18612::base::click|192:: Click Type: ClickType.JS
2025-12-16 12:37:34,787-DEBUG-root-18612::webapp_internal::send_action|10522:: send_action method result = True
2025-12-16 12:37:34,787-DEBUG-root-18612::webapp_internal::send_action|10523:: send_action selenium status: False
2025-12-16 12:37:36,886-DEBUG-root-18612::base::scroll_to_element|759:: ********Warining scroll_to_element exception: Message: TypeError: can't access property "scrollIntoView", arguments[0] is null
Stacktrace:
@https://qasrverp:10020/webapp/:2:7
@https://qasrverp:10020/webapp/:3:8
*********
2025-12-16 12:37:36,939-INFO-root-18612::webapp_internal::filling_date|885:: Filling Date: "16/12/2025"
2025-12-16 12:37:36,939-DEBUG-root-18612::webapp_internal::wait_blocker|2444:: Waiting blocker to continue...
2025-12-16 12:37:36,974-DEBUG-root-18612::webapp_internal::wait_blocker|2469:: Blocker status: None
2025-12-16 12:37:36,979-DEBUG-root-18612::base::click|192:: Click Type: ClickType.JS
2025-12-16 12:37:36,997-DEBUG-root-18612::webapp_internal::try_send_keys|7976:: Trying to send keys to element using technique 1
2025-12-16 12:37:37,070-DEBUG-root-18612::webapp_internal::get_web_value|3232:: Current value: 16/12/2025
2025-12-16 12:37:38,156-INFO-root-18612::webapp_internal::filling_group|955:: Filling Group: "02"
2025-12-16 12:37:38,157-DEBUG-root-18612::webapp_internal::wait_blocker|2444:: Waiting blocker to continue...
2025-12-16 12:37:38,189-DEBUG-root-18612::webapp_internal::wait_blocker|2469:: Blocker status: None
2025-12-16 12:37:38,192-DEBUG-root-18612::base::click|192:: Click Type: ClickType.JS
2025-12-16 12:37:38,246-DEBUG-root-18612::webapp_internal::get_web_value|3232:: Current value: 02
2025-12-16 12:37:39,309-INFO-root-18612::webapp_internal::filling_branch|1047:: Filling Branch: "02DF0001"
2025-12-16 12:37:39,310-DEBUG-root-18612::webapp_internal::wait_blocker|2444:: Waiting blocker to continue...
2025-12-16 12:37:39,342-DEBUG-root-18612::webapp_internal::wait_blocker|2469:: Blocker status: None
2025-12-16 12:37:39,346-DEBUG-root-18612::base::click|192:: Click Type: ClickType.JS
2025-12-16 12:37:39,397-DEBUG-root-18612::webapp_internal::get_web_value|3232:: Current value: 02DF0001
2025-12-16 12:37:40,482-INFO-root-18612::webapp_internal::filling_environment|1113:: Filling Environment: "07"
2025-12-16 12:37:40,483-DEBUG-root-18612::webapp_internal::wait_blocker|2444:: Waiting blocker to continue...
2025-12-16 12:37:40,525-DEBUG-root-18612::webapp_internal::wait_blocker|2469:: Blocker status: None
2025-12-16 12:37:40,529-DEBUG-root-18612::base::click|192:: Click Type: ClickType.JS
2025-12-16 12:37:40,596-DEBUG-root-18612::webapp_internal::get_web_value|3232:: Current value: 07
2025-12-16 12:37:41,607-DEBUG-root-18612::webapp_internal::close_warning_screen|1489:: Closing warning screen!
2025-12-16 12:37:42,636-DEBUG-root-18612::webapp_internal::check_screen_element|1291:: Checking screen element: "Atenção": False
2025-12-16 12:37:43,734-INFO-root-18612::webapp_internal::environment_screen|796:: Clicking on Button
2025-12-16 12:37:43,734-DEBUG-root-18612::webapp_internal::wait_blocker|2444:: Waiting blocker to continue...
2025-12-16 12:37:43,766-DEBUG-root-18612::webapp_internal::wait_blocker|2469:: Blocker status: None
2025-12-16 12:37:43,769-DEBUG-root-18612::base::click|192:: Click Type: ClickType.JS
2025-12-16 12:37:44,780-DEBUG-root-18612::base::click|192:: Click Type: ClickType.JS
2025-12-16 12:37:45,789-DEBUG-root-18612::base::click|192:: Click Type: ClickType.JS
2025-12-16 12:37:46,795-DEBUG-root-18612::base::click|192:: Click Type: ClickType.JS
2025-12-16 12:37:47,802-DEBUG-root-18612::base::click|192:: Click Type: ClickType.JS
2025-12-16 12:37:48,811-DEBUG-root-18612::base::click|192:: Click Type: ClickType.JS
2025-12-16 12:37:49,821-DEBUG-root-18612::webapp_internal::close_screen_before_menu|368:: Closing screen before the menu
2025-12-16 12:37:49,865-DEBUG-root-18612::webapp_internal::close_warning_screen|1489:: Closing warning screen!
2025-12-16 12:37:50,902-DEBUG-root-18612::webapp_internal::check_screen_element|1291:: Checking screen element: "Atenção": False
2025-12-16 12:37:50,902-DEBUG-root-18612::webapp_internal::close_coin_screen|1424:: Closing coin screen!
2025-12-16 12:37:51,452-DEBUG-root-18612::base::click|192:: Click Type: ClickType.JS
2025-12-16 12:37:51,504-DEBUG-root-18612::webapp_internal::close_warning_screen|1489:: Closing warning screen!
2025-12-16 12:37:52,575-DEBUG-root-18612::webapp_internal::check_screen_element|1291:: Checking screen element: "Atenção": False
2025-12-16 12:37:52,575-DEBUG-root-18612::webapp_internal::close_coin_screen|1424:: Closing coin screen!
2025-12-16 12:37:52,680-INFO-root-18612::webapp_internal::set_log_info|1623:: Getting log info
2025-12-16 12:37:52,681-INFO-root-18612::webapp_internal::SetLateralMenu|4184:: Navigating lateral menu: Ajuda > Sobre
2025-12-16 12:37:52,689-DEBUG-root-18612::webapp_internal::wait_element|7623:: Waiting for element
2025-12-16 12:37:52,724-DEBUG-root-18612::webapp_internal::wait_element|7653:: Element found! Waiting for element to be displayed.
2025-12-16 12:37:52,897-INFO-root-18612::webapp_internal::SetLateralMenu|4203:: Menu item: "Ajuda"
2025-12-16 12:37:52,897-DEBUG-root-18612::webapp_internal::wait_blocker|2444:: Waiting blocker to continue...
2025-12-16 12:37:52,962-DEBUG-root-18612::webapp_internal::wait_blocker|2469:: Blocker status: False
2025-12-16 12:37:53,296-DEBUG-root-18612::webapp_internal::wait_element_timeout|7726:: Element found! Waiting for element to be displayed.
2025-12-16 12:37:53,570-DEBUG-root-18612::webapp_internal::wait_blocker|2444:: Waiting blocker to continue...
2025-12-16 12:37:53,633-DEBUG-root-18612::webapp_internal::wait_blocker|2469:: Blocker status: False
2025-12-16 12:37:55,911-INFO-root-18612::webapp_internal::SetLateralMenu|4203:: Menu item: "Sobre"
2025-12-16 12:37:55,911-DEBUG-root-18612::webapp_internal::wait_blocker|2444:: Waiting blocker to continue...
2025-12-16 12:37:55,988-DEBUG-root-18612::webapp_internal::wait_blocker|2469:: Blocker status: False
2025-12-16 12:37:56,429-DEBUG-root-18612::webapp_internal::wait_element_timeout|7726:: Element found! Waiting for element to be displayed.
2025-12-16 12:37:56,810-DEBUG-root-18612::webapp_internal::wait_blocker|2444:: Waiting blocker to continue...
2025-12-16 12:37:56,890-DEBUG-root-18612::webapp_internal::wait_blocker|2469:: Blocker status: False
2025-12-16 12:37:59,571-DEBUG-root-18612::webapp_internal::wait_blocker|2444:: Waiting blocker to continue...
2025-12-16 12:37:59,641-DEBUG-root-18612::webapp_internal::wait_blocker|2469:: Blocker status: False
2025-12-16 12:37:59,710-DEBUG-root-18612::webapp_internal::wait_element|7623:: Waiting for element
2025-12-16 12:37:59,752-DEBUG-root-18612::webapp_internal::wait_element|7653:: Element found! Waiting for element to be displayed.
2025-12-16 12:37:59,919-INFO-root-18612::webapp_internal::SetButton|4444:: Clicking on Fechar
2025-12-16 12:37:59,919-DEBUG-root-18612::webapp_internal::wait_blocker|2444:: Waiting blocker to continue...
2025-12-16 12:37:59,992-DEBUG-root-18612::webapp_internal::wait_blocker|2469:: Blocker status: False
2025-12-16 12:38:00,173-DEBUG-root-18612::webapp_internal::wait_element_timeout|7726:: Element found! Waiting for element to be displayed.
2025-12-16 12:38:00,242-DEBUG-root-18612::webapp_internal::SetButton|4481:: ***System Info*** Before Clicking on button:Fechar
2025-12-16 12:38:00,242-DEBUG-root-18612::psutil_info::system_info|5:: CPU USAGE: 8.8%
2025-12-16 12:38:00,242-DEBUG-root-18612::psutil_info::system_info|6:: MEMORY USAGE: 86.8%
2025-12-16 12:38:00,243-DEBUG-root-18612::psutil_info::system_info|7:: MEMORY AVAILABLE: 13.19%
2025-12-16 12:38:00,409-DEBUG-root-18612::webapp_internal::wait_element_timeout|7726:: Element found! Waiting for element to be displayed.
2025-12-16 12:38:00,512-DEBUG-root-18612::webapp_internal::wait_blocker|2444:: Waiting blocker to continue...
2025-12-16 12:38:00,582-DEBUG-root-18612::webapp_internal::wait_blocker|2469:: Blocker status: False
2025-12-16 12:38:00,599-DEBUG-root-18612::webapp_internal::wait_blocker|2444:: Waiting blocker to continue...
2025-12-16 12:38:00,670-DEBUG-root-18612::webapp_internal::wait_blocker|2469:: Blocker status: False
2025-12-16 12:38:00,670-DEBUG-root-18612::webapp_internal::send_action|10480:: Trying to send action
2025-12-16 12:38:00,672-DEBUG-root-18612::base::click|192:: Click Type: ClickType.JS
2025-12-16 12:38:01,705-DEBUG-root-18612::webapp_internal::send_action|10522:: send_action method result = True
2025-12-16 12:38:01,705-DEBUG-root-18612::webapp_internal::send_action|10523:: send_action selenium status: False
2025-12-16 12:38:01,705-DEBUG-root-18612::webapp_internal::SetButton|4683:: ***System Info*** After Clicking on button:
2025-12-16 12:38:01,706-DEBUG-root-18612::psutil_info::system_info|5:: CPU USAGE: 5.0%
2025-12-16 12:38:01,706-DEBUG-root-18612::psutil_info::system_info|6:: MEMORY USAGE: 86.9%
2025-12-16 12:38:01,706-DEBUG-root-18612::psutil_info::system_info|7:: MEMORY AVAILABLE: 13.08%
2025-12-16 12:38:01,707-DEBUG-root-18612::webapp_internal::wait_element|7623:: Waiting for element
2025-12-16 12:38:01,790-INFO-root-18612::webapp_internal::SetLateralMenu|4184:: Navigating lateral menu: Atualizações > Gestao de Viagens > Solicitações
2025-12-16 12:38:01,799-DEBUG-root-18612::webapp_internal::wait_element|7623:: Waiting for element
2025-12-16 12:38:01,834-DEBUG-root-18612::webapp_internal::wait_element|7653:: Element found! Waiting for element to be displayed.
2025-12-16 12:38:01,991-INFO-root-18612::webapp_internal::SetLateralMenu|4203:: Menu item: "Atualizações"
2025-12-16 12:38:01,991-DEBUG-root-18612::webapp_internal::wait_blocker|2444:: Waiting blocker to continue...
2025-12-16 12:38:02,052-DEBUG-root-18612::webapp_internal::wait_blocker|2469:: Blocker status: False
2025-12-16 12:38:02,460-DEBUG-root-18612::webapp_internal::wait_element_timeout|7726:: Element found! Waiting for element to be displayed.
2025-12-16 12:38:02,793-DEBUG-root-18612::webapp_internal::wait_blocker|2444:: Waiting blocker to continue...
2025-12-16 12:38:02,854-DEBUG-root-18612::webapp_internal::wait_blocker|2469:: Blocker status: False
2025-12-16 12:38:05,144-INFO-root-18612::webapp_internal::SetLateralMenu|4203:: Menu item: "Gestao de Viagens"
2025-12-16 12:38:05,144-DEBUG-root-18612::webapp_internal::wait_blocker|2444:: Waiting blocker to continue...
2025-12-16 12:38:05,324-DEBUG-root-18612::webapp_internal::wait_blocker|2469:: Blocker status: False
2025-12-16 12:38:06,058-DEBUG-root-18612::webapp_internal::wait_element_timeout|7726:: Element found! Waiting for element to be displayed.
2025-12-16 12:38:06,731-DEBUG-root-18612::webapp_internal::wait_blocker|2444:: Waiting blocker to continue...
2025-12-16 12:38:06,837-DEBUG-root-18612::webapp_internal::wait_blocker|2469:: Blocker status: False
2025-12-16 12:38:09,111-INFO-root-18612::webapp_internal::SetLateralMenu|4203:: Menu item: "Solicitações"
2025-12-16 12:38:09,111-DEBUG-root-18612::webapp_internal::wait_blocker|2444:: Waiting blocker to continue...
2025-12-16 12:38:09,189-DEBUG-root-18612::webapp_internal::wait_blocker|2469:: Blocker status: False
2025-12-16 12:38:10,060-DEBUG-root-18612::webapp_internal::wait_element_timeout|7726:: Element found! Waiting for element to be displayed.
2025-12-16 12:38:10,812-DEBUG-root-18612::webapp_internal::wait_blocker|2444:: Waiting blocker to continue...
2025-12-16 12:38:10,886-DEBUG-root-18612::webapp_internal::wait_blocker|2469:: Blocker status: False
2025-12-16 12:38:14,361-DEBUG-root-18612::webapp_internal::wait_blocker|2444:: Waiting blocker to continue...
2025-12-16 12:38:14,436-DEBUG-root-18612::webapp_internal::wait_blocker|2469:: Blocker status: False
2025-12-16 12:38:14,512-INFO-root-18612::webapp_internal::WaitShow|4980:: Waiting show text 'Este ambiente utiliza base de Homologação.'...
2025-12-16 12:38:20,295-INFO-root-18612::webapp_internal::WaitShow|4980:: Waiting show text 'Moedas'...
2025-12-16 12:38:25,324-INFO-root-18612::webapp_internal::WaitShow|4980:: Waiting show text 'Solicitação de Viagens/Treinamento'...
2025-12-16 12:38:25,379-INFO-root-18612::webapp_internal::WaitShow|4996:: Text found! 
2025-12-16 12:38:25,379-INFO-root-18612::webapp_internal::SetButton|4444:: Clicking on Incluir
2025-12-16 12:38:25,379-DEBUG-root-18612::webapp_internal::wait_blocker|2444:: Waiting blocker to continue...
2025-12-16 12:38:25,489-DEBUG-root-18612::webapp_internal::wait_blocker|2469:: Blocker status: False
2025-12-16 12:38:25,878-DEBUG-root-18612::webapp_internal::wait_element_timeout|7726:: Element found! Waiting for element to be displayed.
2025-12-16 12:38:26,139-DEBUG-root-18612::webapp_internal::SetButton|4481:: ***System Info*** Before Clicking on button:Incluir
2025-12-16 12:38:26,139-DEBUG-root-18612::psutil_info::system_info|5:: CPU USAGE: 8.1%
2025-12-16 12:38:26,140-DEBUG-root-18612::psutil_info::system_info|6:: MEMORY USAGE: 87.4%
2025-12-16 12:38:26,140-DEBUG-root-18612::psutil_info::system_info|7:: MEMORY AVAILABLE: 12.57%
2025-12-16 12:38:26,508-DEBUG-root-18612::webapp_internal::wait_element_timeout|7726:: Element found! Waiting for element to be displayed.
2025-12-16 12:38:26,838-DEBUG-root-18612::webapp_internal::wait_blocker|2444:: Waiting blocker to continue...
2025-12-16 12:38:26,922-DEBUG-root-18612::webapp_internal::wait_blocker|2469:: Blocker status: False
2025-12-16 12:38:26,945-DEBUG-root-18612::webapp_internal::wait_blocker|2444:: Waiting blocker to continue...
2025-12-16 12:38:27,033-DEBUG-root-18612::webapp_internal::wait_blocker|2469:: Blocker status: False
2025-12-16 12:38:27,034-DEBUG-root-18612::webapp_internal::send_action|10480:: Trying to send action
2025-12-16 12:38:27,037-DEBUG-root-18612::base::click|192:: Click Type: ClickType.JS
2025-12-16 12:38:28,255-DEBUG-root-18612::webapp_internal::send_action|10522:: send_action method result = True
2025-12-16 12:38:28,255-DEBUG-root-18612::webapp_internal::send_action|10523:: send_action selenium status: True
2025-12-16 12:38:28,255-DEBUG-root-18612::webapp_internal::SetButton|4683:: ***System Info*** After Clicking on button:
2025-12-16 12:38:28,255-DEBUG-root-18612::psutil_info::system_info|5:: CPU USAGE: 8.7%
2025-12-16 12:38:28,256-DEBUG-root-18612::psutil_info::system_info|6:: MEMORY USAGE: 87.0%
2025-12-16 12:38:28,256-DEBUG-root-18612::psutil_info::system_info|7:: MEMORY AVAILABLE: 12.97%
2025-12-16 12:38:28,457-DEBUG-root-18612::webapp_internal::wait_blocker|2444:: Waiting blocker to continue...
2025-12-16 12:38:28,557-DEBUG-root-18612::webapp_internal::wait_blocker|2469:: Blocker status: False
2025-12-16 12:38:28,557-INFO-root-18612::webapp_internal::SearchBrowse|2003:: Searching: 02DF0001
2025-12-16 12:38:28,711-DEBUG-root-18612::webapp_internal::wait_element_timeout|7726:: Element found! Waiting for element to be displayed.
2025-12-16 12:38:28,800-DEBUG-root-18612::webapp_internal::wait_blocker|2444:: Waiting blocker to continue...
2025-12-16 12:38:28,897-DEBUG-root-18612::webapp_internal::wait_blocker|2469:: Blocker status: False
2025-12-16 12:38:28,908-DEBUG-root-18612::webapp_internal::wait_blocker|2444:: Waiting blocker to continue...
2025-12-16 12:38:29,010-DEBUG-root-18612::webapp_internal::wait_blocker|2469:: Blocker status: False
2025-12-16 12:38:29,011-INFO-root-18612::webapp_internal::fill_search_browse|2399:: Filling: 02DF0001
2025-12-16 12:38:29,027-DEBUG-root-18612::base::click|192:: Click Type: ClickType.JS
2025-12-16 12:38:30,125-DEBUG-root-18612::webapp_internal::wait_blocker|2444:: Waiting blocker to continue...
2025-12-16 12:38:30,226-DEBUG-root-18612::webapp_internal::wait_blocker|2469:: Blocker status: False
2025-12-16 12:38:30,228-DEBUG-root-18612::base::double_click|259:: Click Type: ClickType.SELENIUM
2025-12-16 12:38:30,234-WARNING-root-18612::base::double_click|280:: Warning double_click method Exception: Message: Element <button class="button-image" type="button"> is not clickable at point (1258,360) because another element <wa-button id="COMP6023" class="dict-tbutton focus"> obscures it
Stacktrace:
RemoteError@chrome://remote/content/shared/RemoteError.sys.mjs:8:8
WebDriverError@chrome://remote/content/shared/webdriver/Errors.sys.mjs:202:5
ElementClickInterceptedError@chrome://remote/content/shared/webdriver/Errors.sys.mjs:354:5
webdriverClickElement@chrome://remote/content/marionette/interaction.sys.mjs:175:11
interaction.clickElement@chrome://remote/content/marionette/interaction.sys.mjs:134:11
clickElement@chrome://remote/content/marionette/actors/MarionetteCommandsChild.sys.mjs:327:29
receiveMessage@chrome://remote/content/marionette/actors/MarionetteCommandsChild.sys.mjs:210:31

2025-12-16 12:38:30,531-INFO-root-18612::webapp_internal::SetButton|4444:: Clicking on OK
2025-12-16 12:38:30,531-DEBUG-root-18612::webapp_internal::wait_blocker|2444:: Waiting blocker to continue...
2025-12-16 12:38:30,658-DEBUG-root-18612::webapp_internal::wait_blocker|2469:: Blocker status: False
2025-12-16 12:38:30,980-DEBUG-root-18612::webapp_internal::wait_element_timeout|7726:: Element found! Waiting for element to be displayed.
2025-12-16 12:38:31,170-DEBUG-root-18612::webapp_internal::SetButton|4481:: ***System Info*** Before Clicking on button:OK
2025-12-16 12:38:31,170-DEBUG-root-18612::psutil_info::system_info|5:: CPU USAGE: 9.8%
2025-12-16 12:38:31,171-DEBUG-root-18612::psutil_info::system_info|6:: MEMORY USAGE: 86.8%
2025-12-16 12:38:31,171-DEBUG-root-18612::psutil_info::system_info|7:: MEMORY AVAILABLE: 13.15%
2025-12-16 12:38:31,462-DEBUG-root-18612::webapp_internal::wait_element_timeout|7726:: Element found! Waiting for element to be displayed.
2025-12-16 12:38:31,690-DEBUG-root-18612::webapp_internal::wait_blocker|2444:: Waiting blocker to continue...
2025-12-16 12:38:31,787-DEBUG-root-18612::webapp_internal::wait_blocker|2469:: Blocker status: False
2025-12-16 12:38:31,810-DEBUG-root-18612::webapp_internal::wait_blocker|2444:: Waiting blocker to continue...
2025-12-16 12:38:31,907-DEBUG-root-18612::webapp_internal::wait_blocker|2469:: Blocker status: False
2025-12-16 12:38:31,907-DEBUG-root-18612::webapp_internal::send_action|10480:: Trying to send action
2025-12-16 12:38:31,909-DEBUG-root-18612::base::click|192:: Click Type: ClickType.JS
2025-12-16 12:38:34,442-DEBUG-root-18612::webapp_internal::send_action|10522:: send_action method result = True
2025-12-16 12:38:34,443-DEBUG-root-18612::webapp_internal::send_action|10523:: send_action selenium status: True
2025-12-16 12:38:34,443-DEBUG-root-18612::webapp_internal::SetButton|4683:: ***System Info*** After Clicking on button:
2025-12-16 12:38:34,443-DEBUG-root-18612::psutil_info::system_info|5:: CPU USAGE: 10.6%
2025-12-16 12:38:34,444-DEBUG-root-18612::psutil_info::system_info|6:: MEMORY USAGE: 87.0%
2025-12-16 12:38:34,444-DEBUG-root-18612::psutil_info::system_info|7:: MEMORY AVAILABLE: 13.04%
2025-12-16 12:38:34,645-INFO-root-18612::webapp_internal::WaitShow|4980:: Waiting show text 'Solicitacoes de Viagens - INCLUIR'...
2025-12-16 12:38:34,863-INFO-root-18612::webapp_internal::WaitShow|4996:: Text found! 
2025-12-16 12:38:36,305-DEBUG-root-18612::webapp_internal::get_web_value|3232:: Current value: 003692
2025-12-16 12:38:36,305-INFO-root-18612::webapp_internal::GetValue|3393:: Current value: 003692
2025-12-16 12:38:36,306-DEBUG-root-18612::webapp_internal::wait_blocker|2444:: Waiting blocker to continue...
2025-12-16 12:38:36,479-DEBUG-root-18612::webapp_internal::wait_blocker|2469:: Blocker status: False
2025-12-16 12:38:36,479-DEBUG-root-18612::webapp_internal::wait_element|7623:: Waiting for element
2025-12-16 12:38:36,564-DEBUG-root-18612::webapp_internal::wait_element|7653:: Element found! Waiting for element to be displayed.
2025-12-16 12:38:36,638-INFO-root-18612::webapp_internal::input_value|2941:: Looking for element: ZV3_DESCRI
2025-12-16 12:38:36,848-INFO-root-18612::webapp_internal::input_value|2951:: Element: ZV3_DESCRI Found!
2025-12-16 12:38:36,849-INFO-root-18612::webapp_internal::input_value|2953:: Filling element: ZV3_DESCRI
2025-12-16 12:38:36,893-DEBUG-root-18612::webapp_internal::get_web_value|3232:: Current value:                                                   
2025-12-16 12:38:36,944-DEBUG-root-18612::base::double_click|259:: Click Type: ClickType.SELENIUM
2025-12-16 12:38:37,215-DEBUG-root-18612::webapp_internal::wait_blocker|2444:: Waiting blocker to continue...
2025-12-16 12:38:37,375-DEBUG-root-18612::webapp_internal::wait_blocker|2469:: Blocker status: False
2025-12-16 12:38:37,749-DEBUG-root-18612::webapp_internal::get_web_value|3232:: Current value: USO PARA TESTE AUTOMATIZADO                       
2025-12-16 12:38:37,749-INFO-root-18612::webapp_internal::input_value|3059:: Current field value: USO PARA TESTE AUTOMATIZADO
2025-12-16 12:38:37,782-DEBUG-root-18612::webapp_internal::wait_blocker|2444:: Waiting blocker to continue...
2025-12-16 12:38:37,923-DEBUG-root-18612::webapp_internal::wait_blocker|2469:: Blocker status: False
2025-12-16 12:38:37,924-DEBUG-root-18612::webapp_internal::wait_element|7623:: Waiting for element
2025-12-16 12:38:38,007-DEBUG-root-18612::webapp_internal::wait_element|7653:: Element found! Waiting for element to be displayed.
2025-12-16 12:38:38,077-INFO-root-18612::webapp_internal::input_value|2941:: Looking for element: ZV3_DTINI
2025-12-16 12:38:38,244-INFO-root-18612::webapp_internal::input_value|2951:: Element: ZV3_DTINI Found!
2025-12-16 12:38:38,244-INFO-root-18612::webapp_internal::input_value|2953:: Filling element: ZV3_DTINI
2025-12-16 12:38:38,278-DEBUG-root-18612::webapp_internal::get_web_value|3232:: Current value:   /  /    
2025-12-16 12:38:38,312-DEBUG-root-18612::base::double_click|259:: Click Type: ClickType.SELENIUM
2025-12-16 12:38:38,577-DEBUG-root-18612::webapp_internal::wait_blocker|2444:: Waiting blocker to continue...
2025-12-16 12:38:38,712-DEBUG-root-18612::webapp_internal::wait_blocker|2469:: Blocker status: False
2025-12-16 12:38:39,049-DEBUG-root-18612::webapp_internal::get_web_value|3232:: Current value: 21/12/2025
2025-12-16 12:38:39,050-INFO-root-18612::webapp_internal::input_value|3059:: Current field value: 21122025
2025-12-16 12:38:39,060-DEBUG-root-18612::webapp_internal::wait_blocker|2444:: Waiting blocker to continue...
2025-12-16 12:38:39,227-DEBUG-root-18612::webapp_internal::wait_blocker|2469:: Blocker status: False
2025-12-16 12:38:39,228-DEBUG-root-18612::webapp_internal::wait_element|7623:: Waiting for element
2025-12-16 12:38:39,361-DEBUG-root-18612::webapp_internal::wait_element|7653:: Element found! Waiting for element to be displayed.
2025-12-16 12:38:39,431-INFO-root-18612::webapp_internal::input_value|2941:: Looking for element: ZV3_DTFIM
2025-12-16 12:38:39,620-INFO-root-18612::webapp_internal::input_value|2951:: Element: ZV3_DTFIM Found!
2025-12-16 12:38:39,621-INFO-root-18612::webapp_internal::input_value|2953:: Filling element: ZV3_DTFIM
2025-12-16 12:38:39,657-DEBUG-root-18612::webapp_internal::get_web_value|3232:: Current value:   /  /    
2025-12-16 12:38:39,694-DEBUG-root-18612::base::double_click|259:: Click Type: ClickType.SELENIUM
2025-12-16 12:38:39,956-DEBUG-root-18612::webapp_internal::wait_blocker|2444:: Waiting blocker to continue...
2025-12-16 12:38:40,092-DEBUG-root-18612::webapp_internal::wait_blocker|2469:: Blocker status: False
2025-12-16 12:38:40,425-DEBUG-root-18612::webapp_internal::get_web_value|3232:: Current value: 26/12/2025
2025-12-16 12:38:40,425-INFO-root-18612::webapp_internal::input_value|3059:: Current field value: 26122025
2025-12-16 12:38:41,438-DEBUG-root-18612::webapp_internal::wait_blocker|2444:: Waiting blocker to continue...
2025-12-16 12:38:41,576-DEBUG-root-18612::webapp_internal::wait_blocker|2469:: Blocker status: False
2025-12-16 12:38:41,576-DEBUG-root-18612::webapp_internal::wait_element|7623:: Waiting for element
2025-12-16 12:38:41,676-DEBUG-root-18612::webapp_internal::wait_element|7653:: Element found! Waiting for element to be displayed.
2025-12-16 12:38:41,747-INFO-root-18612::webapp_internal::input_value|2941:: Looking for element: ZV3_CC
2025-12-16 12:38:41,917-INFO-root-18612::webapp_internal::input_value|2951:: Element: ZV3_CC Found!
2025-12-16 12:38:41,917-INFO-root-18612::webapp_internal::input_value|2953:: Filling element: ZV3_CC
2025-12-16 12:38:41,942-DEBUG-root-18612::webapp_internal::get_web_value|3232:: Current value:          
2025-12-16 12:38:41,977-DEBUG-root-18612::base::double_click|259:: Click Type: ClickType.SELENIUM
2025-12-16 12:38:42,224-DEBUG-root-18612::webapp_internal::wait_blocker|2444:: Waiting blocker to continue...
2025-12-16 12:38:42,388-DEBUG-root-18612::webapp_internal::wait_blocker|2469:: Blocker status: False
2025-12-16 12:38:42,729-DEBUG-root-18612::webapp_internal::get_web_value|3232:: Current value: 000000677
2025-12-16 12:38:42,730-INFO-root-18612::webapp_internal::input_value|3059:: Current field value: 000000677
2025-12-16 12:38:42,744-DEBUG-root-18612::webapp_internal::wait_blocker|2444:: Waiting blocker to continue...
2025-12-16 12:38:42,898-DEBUG-root-18612::webapp_internal::wait_blocker|2469:: Blocker status: False
2025-12-16 12:38:42,898-DEBUG-root-18612::webapp_internal::wait_element|7623:: Waiting for element
2025-12-16 12:38:42,994-DEBUG-root-18612::webapp_internal::wait_element|7653:: Element found! Waiting for element to be displayed.
2025-12-16 12:38:43,062-INFO-root-18612::webapp_internal::input_value|2941:: Looking for element: ZV3_TIPO
2025-12-16 12:38:43,220-INFO-root-18612::webapp_internal::input_value|2951:: Element: ZV3_TIPO Found!
2025-12-16 12:38:43,220-INFO-root-18612::webapp_internal::input_value|2953:: Filling element: ZV3_TIPO
2025-12-16 12:38:44,419-INFO-root-18612::base::select_combo|871:: Selected value for combo is: 1 - Servico
2025-12-16 12:38:44,461-DEBUG-root-18612::webapp_internal::wait_blocker|2444:: Waiting blocker to continue...
2025-12-16 12:38:44,595-DEBUG-root-18612::webapp_internal::wait_blocker|2469:: Blocker status: False
2025-12-16 12:38:44,595-DEBUG-root-18612::webapp_internal::wait_element|7623:: Waiting for element
2025-12-16 12:38:44,677-DEBUG-root-18612::webapp_internal::wait_element|7653:: Element found! Waiting for element to be displayed.
2025-12-16 12:38:44,795-INFO-root-18612::webapp_internal::input_value|2941:: Looking for element: ZV3_OBS
2025-12-16 12:38:44,990-INFO-root-18612::webapp_internal::input_value|2951:: Element: ZV3_OBS Found!
2025-12-16 12:38:44,990-INFO-root-18612::webapp_internal::input_value|2953:: Filling element: ZV3_OBS
2025-12-16 12:38:45,017-DEBUG-root-18612::webapp_internal::get_web_value|3232:: Current value: 
2025-12-16 12:38:45,042-DEBUG-root-18612::base::double_click|259:: Click Type: ClickType.SELENIUM
2025-12-16 12:38:45,297-DEBUG-root-18612::webapp_internal::wait_blocker|2444:: Waiting blocker to continue...
2025-12-16 12:38:45,458-DEBUG-root-18612::webapp_internal::wait_blocker|2469:: Blocker status: False
2025-12-16 12:38:45,804-DEBUG-root-18612::webapp_internal::get_web_value|3232:: Current value: TESTE DE SOLICITAÇÃO DE VIAGEM
2025-12-16 12:38:45,804-INFO-root-18612::webapp_internal::input_value|3059:: Current field value: TESTE DE SOLICITAÇÃO DE VIAGEM
2025-12-16 12:38:45,815-DEBUG-root-18612::webapp_internal::wait_blocker|2444:: Waiting blocker to continue...
2025-12-16 12:38:45,963-DEBUG-root-18612::webapp_internal::wait_blocker|2469:: Blocker status: False
2025-12-16 12:38:45,964-INFO-root-18612::webapp_internal::SetKey|5822:: Key pressed: TAB
2025-12-16 12:38:45,964-DEBUG-root-18612::webapp_internal::SetKey|5857:: Trying press key
2025-12-16 12:38:46,096-DEBUG-root-18612::webapp_internal::wait_blocker|2444:: Waiting blocker to continue...
2025-12-16 12:38:46,229-DEBUG-root-18612::webapp_internal::wait_blocker|2469:: Blocker status: False
2025-12-16 12:38:46,257-DEBUG-root-18612::webapp_internal::wait_blocker|2444:: Waiting blocker to continue...
2025-12-16 12:38:46,425-DEBUG-root-18612::webapp_internal::wait_blocker|2469:: Blocker status: False
2025-12-16 12:38:46,425-DEBUG-root-18612::webapp_internal::send_action|10480:: Trying to send action
2025-12-16 12:38:47,468-DEBUG-root-18612::webapp_internal::send_action|10522:: send_action method result = True
2025-12-16 12:38:47,468-DEBUG-root-18612::webapp_internal::send_action|10523:: send_action selenium status: False
2025-12-16 12:38:47,468-DEBUG-root-18612::webapp_internal::wait_element|7623:: Waiting for element
2025-12-16 12:38:47,579-DEBUG-root-18612::webapp_internal::wait_element|7653:: Element found! Waiting for element to be displayed.
2025-12-16 12:38:47,839-DEBUG-root-18612::webapp_internal::wait_blocker|2444:: Waiting blocker to continue...
2025-12-16 12:38:47,960-DEBUG-root-18612::webapp_internal::wait_blocker|2469:: Blocker status: False
2025-12-16 12:38:47,960-INFO-root-18612::webapp_internal::LoadGrid|6298:: Filling grid field: Favorecido
2025-12-16 12:38:47,961-DEBUG-root-18612::webapp_internal::fill_grid|6399:: Grid loading...
2025-12-16 12:38:48,114-DEBUG-root-18612::webapp_internal::fill_grid|6466:: Column found!
2025-12-16 12:38:48,155-DEBUG-root-18612::base::click|192:: Click Type: ClickType.ACTIONCHAINS
2025-12-16 12:38:48,444-DEBUG-root-18612::webapp_internal::fill_grid|6486:: Trying to select cell in grid!
2025-12-16 12:38:48,447-DEBUG-root-18612::base::click|192:: Click Type: ClickType.ACTIONCHAINS
2025-12-16 12:38:48,730-DEBUG-root-18612::webapp_internal::fill_grid|6486:: Trying to select cell in grid!
2025-12-16 12:38:48,732-DEBUG-root-18612::base::click|192:: Click Type: ClickType.ACTIONCHAINS
2025-12-16 12:38:49,011-DEBUG-root-18612::webapp_internal::fill_grid|6486:: Trying to select cell in grid!
2025-12-16 12:38:49,013-DEBUG-root-18612::base::click|192:: Click Type: ClickType.ACTIONCHAINS
2025-12-16 12:38:49,307-DEBUG-root-18612::webapp_internal::fill_grid|6486:: Trying to select cell in grid!
2025-12-16 12:38:49,309-DEBUG-root-18612::base::click|192:: Click Type: ClickType.ACTIONCHAINS
2025-12-16 12:38:49,603-DEBUG-root-18612::webapp_internal::fill_grid|6486:: Trying to select cell in grid!
2025-12-16 12:38:49,606-DEBUG-root-18612::base::click|192:: Click Type: ClickType.ACTIONCHAINS
2025-12-16 12:38:49,893-DEBUG-root-18612::webapp_internal::fill_grid|6486:: Trying to select cell in grid!
2025-12-16 12:38:49,895-DEBUG-root-18612::base::click|192:: Click Type: ClickType.ACTIONCHAINS
2025-12-16 12:38:50,160-DEBUG-root-18612::webapp_internal::fill_grid|6486:: Trying to select cell in grid!
2025-12-16 12:38:50,162-DEBUG-root-18612::base::click|192:: Click Type: ClickType.ACTIONCHAINS
2025-12-16 12:38:50,455-DEBUG-root-18612::webapp_internal::fill_grid|6486:: Trying to select cell in grid!
2025-12-16 12:38:50,457-DEBUG-root-18612::base::click|192:: Click Type: ClickType.ACTIONCHAINS
2025-12-16 12:38:50,744-DEBUG-root-18612::webapp_internal::fill_grid|6486:: Trying to select cell in grid!
2025-12-16 12:38:50,746-DEBUG-root-18612::base::click|192:: Click Type: ClickType.ACTIONCHAINS
2025-12-16 12:38:51,011-DEBUG-root-18612::webapp_internal::fill_grid|6486:: Trying to select cell in grid!
2025-12-16 12:38:51,012-DEBUG-root-18612::base::click|192:: Click Type: ClickType.ACTIONCHAINS
2025-12-16 12:38:51,306-DEBUG-root-18612::webapp_internal::fill_grid|6486:: Trying to select cell in grid!
2025-12-16 12:38:51,309-DEBUG-root-18612::base::click|192:: Click Type: ClickType.ACTIONCHAINS
2025-12-16 12:38:51,600-DEBUG-root-18612::webapp_internal::fill_grid|6486:: Trying to select cell in grid!
2025-12-16 12:38:51,603-DEBUG-root-18612::base::click|192:: Click Type: ClickType.ACTIONCHAINS
2025-12-16 12:38:51,894-DEBUG-root-18612::webapp_internal::fill_grid|6486:: Trying to select cell in grid!
2025-12-16 12:38:51,896-DEBUG-root-18612::base::click|192:: Click Type: ClickType.ACTIONCHAINS
2025-12-16 12:38:52,187-DEBUG-root-18612::webapp_internal::fill_grid|6486:: Trying to select cell in grid!
2025-12-16 12:38:52,189-DEBUG-root-18612::base::click|192:: Click Type: ClickType.ACTIONCHAINS
2025-12-16 12:38:52,477-DEBUG-root-18612::webapp_internal::fill_grid|6486:: Trying to select cell in grid!
2025-12-16 12:38:52,480-DEBUG-root-18612::base::click|192:: Click Type: ClickType.ACTIONCHAINS
2025-12-16 12:38:52,775-DEBUG-root-18612::webapp_internal::fill_grid|6486:: Trying to select cell in grid!
2025-12-16 12:38:52,778-DEBUG-root-18612::base::click|192:: Click Type: ClickType.ACTIONCHAINS
2025-12-16 12:38:53,071-DEBUG-root-18612::webapp_internal::fill_grid|6486:: Trying to select cell in grid!
2025-12-16 12:38:53,073-DEBUG-root-18612::base::click|192:: Click Type: ClickType.ACTIONCHAINS
2025-12-16 12:38:53,361-DEBUG-root-18612::webapp_internal::fill_grid|6486:: Trying to select cell in grid!
2025-12-16 12:38:53,363-DEBUG-root-18612::base::click|192:: Click Type: ClickType.ACTIONCHAINS
2025-12-16 12:38:53,658-DEBUG-root-18612::webapp_internal::fill_grid|6486:: Trying to select cell in grid!
2025-12-16 12:38:53,660-DEBUG-root-18612::base::click|192:: Click Type: ClickType.ACTIONCHAINS
2025-12-16 12:38:53,947-DEBUG-root-18612::webapp_internal::fill_grid|6486:: Trying to select cell in grid!
2025-12-16 12:38:53,949-DEBUG-root-18612::base::click|192:: Click Type: ClickType.ACTIONCHAINS
2025-12-16 12:38:54,243-DEBUG-root-18612::webapp_internal::fill_grid|6486:: Trying to select cell in grid!
2025-12-16 12:38:54,245-DEBUG-root-18612::base::click|192:: Click Type: ClickType.ACTIONCHAINS
2025-12-16 12:38:54,540-DEBUG-root-18612::webapp_internal::fill_grid|6486:: Trying to select cell in grid!
2025-12-16 12:38:54,542-DEBUG-root-18612::base::click|192:: Click Type: ClickType.ACTIONCHAINS
2025-12-16 12:38:54,828-DEBUG-root-18612::webapp_internal::fill_grid|6486:: Trying to select cell in grid!
2025-12-16 12:38:54,830-DEBUG-root-18612::base::click|192:: Click Type: ClickType.ACTIONCHAINS
2025-12-16 12:38:55,126-DEBUG-root-18612::webapp_internal::fill_grid|6486:: Trying to select cell in grid!
2025-12-16 12:38:55,128-DEBUG-root-18612::base::click|192:: Click Type: ClickType.ACTIONCHAINS
2025-12-16 12:38:55,423-DEBUG-root-18612::webapp_internal::fill_grid|6486:: Trying to select cell in grid!
2025-12-16 12:38:55,425-DEBUG-root-18612::base::click|192:: Click Type: ClickType.ACTIONCHAINS
2025-12-16 12:38:55,717-DEBUG-root-18612::webapp_internal::fill_grid|6486:: Trying to select cell in grid!
2025-12-16 12:38:55,720-DEBUG-root-18612::base::click|192:: Click Type: ClickType.ACTIONCHAINS
2025-12-16 12:38:56,012-DEBUG-root-18612::webapp_internal::fill_grid|6486:: Trying to select cell in grid!
2025-12-16 12:38:56,014-DEBUG-root-18612::base::click|192:: Click Type: ClickType.ACTIONCHAINS
2025-12-16 12:38:56,310-DEBUG-root-18612::webapp_internal::fill_grid|6486:: Trying to select cell in grid!
2025-12-16 12:38:56,312-DEBUG-root-18612::base::click|192:: Click Type: ClickType.ACTIONCHAINS
2025-12-16 12:38:56,607-DEBUG-root-18612::webapp_internal::fill_grid|6486:: Trying to select cell in grid!
2025-12-16 12:38:56,609-DEBUG-root-18612::base::click|192:: Click Type: ClickType.ACTIONCHAINS
2025-12-16 12:38:56,894-DEBUG-root-18612::webapp_internal::fill_grid|6486:: Trying to select cell in grid!
2025-12-16 12:38:56,896-DEBUG-root-18612::base::click|192:: Click Type: ClickType.ACTIONCHAINS
2025-12-16 12:38:57,192-DEBUG-root-18612::webapp_internal::fill_grid|6486:: Trying to select cell in grid!
2025-12-16 12:38:57,194-DEBUG-root-18612::base::click|192:: Click Type: ClickType.ACTIONCHAINS
2025-12-16 12:38:57,488-DEBUG-root-18612::webapp_internal::fill_grid|6486:: Trying to select cell in grid!
2025-12-16 12:38:57,490-DEBUG-root-18612::base::click|192:: Click Type: ClickType.ACTIONCHAINS
2025-12-16 12:38:57,775-DEBUG-root-18612::webapp_internal::fill_grid|6486:: Trying to select cell in grid!
2025-12-16 12:38:57,778-DEBUG-root-18612::base::click|192:: Click Type: ClickType.ACTIONCHAINS
2025-12-16 12:38:58,041-DEBUG-root-18612::webapp_internal::fill_grid|6486:: Trying to select cell in grid!
2025-12-16 12:38:58,043-DEBUG-root-18612::base::click|192:: Click Type: ClickType.ACTIONCHAINS
2025-12-16 12:38:58,332-DEBUG-root-18612::webapp_internal::fill_grid|6486:: Trying to select cell in grid!
2025-12-16 12:38:58,337-DEBUG-root-18612::base::click|192:: Click Type: ClickType.ACTIONCHAINS
2025-12-16 12:38:58,627-DEBUG-root-18612::webapp_internal::fill_grid|6486:: Trying to select cell in grid!
2025-12-16 12:38:58,629-DEBUG-root-18612::base::click|192:: Click Type: ClickType.ACTIONCHAINS
2025-12-16 12:38:58,923-DEBUG-root-18612::webapp_internal::fill_grid|6486:: Trying to select cell in grid!
2025-12-16 12:38:58,925-DEBUG-root-18612::base::click|192:: Click Type: ClickType.ACTIONCHAINS
2025-12-16 12:38:59,216-DEBUG-root-18612::webapp_internal::fill_grid|6486:: Trying to select cell in grid!
2025-12-16 12:38:59,220-DEBUG-root-18612::base::click|192:: Click Type: ClickType.ACTIONCHAINS
2025-12-16 12:38:59,511-DEBUG-root-18612::webapp_internal::fill_grid|6486:: Trying to select cell in grid!
2025-12-16 12:38:59,512-DEBUG-root-18612::base::click|192:: Click Type: ClickType.ACTIONCHAINS
2025-12-16 12:38:59,804-DEBUG-root-18612::webapp_internal::fill_grid|6486:: Trying to select cell in grid!
2025-12-16 12:38:59,807-DEBUG-root-18612::base::click|192:: Click Type: ClickType.ACTIONCHAINS
2025-12-16 12:39:00,098-DEBUG-root-18612::webapp_internal::fill_grid|6486:: Trying to select cell in grid!
2025-12-16 12:39:00,104-DEBUG-root-18612::base::click|192:: Click Type: ClickType.ACTIONCHAINS
2025-12-16 12:39:00,391-DEBUG-root-18612::webapp_internal::fill_grid|6486:: Trying to select cell in grid!
2025-12-16 12:39:00,393-DEBUG-root-18612::base::click|192:: Click Type: ClickType.ACTIONCHAINS
2025-12-16 12:39:00,657-DEBUG-root-18612::webapp_internal::fill_grid|6486:: Trying to select cell in grid!
2025-12-16 12:39:00,659-DEBUG-root-18612::base::click|192:: Click Type: ClickType.ACTIONCHAINS
2025-12-16 12:39:00,947-DEBUG-root-18612::webapp_internal::fill_grid|6486:: Trying to select cell in grid!
2025-12-16 12:39:00,949-DEBUG-root-18612::base::click|192:: Click Type: ClickType.ACTIONCHAINS
2025-12-16 12:39:01,244-DEBUG-root-18612::webapp_internal::fill_grid|6486:: Trying to select cell in grid!
2025-12-16 12:39:01,248-DEBUG-root-18612::base::click|192:: Click Type: ClickType.ACTIONCHAINS
2025-12-16 12:39:01,540-DEBUG-root-18612::webapp_internal::fill_grid|6486:: Trying to select cell in grid!
2025-12-16 12:39:01,542-DEBUG-root-18612::base::click|192:: Click Type: ClickType.ACTIONCHAINS
2025-12-16 12:39:01,831-DEBUG-root-18612::webapp_internal::fill_grid|6486:: Trying to select cell in grid!
2025-12-16 12:39:01,837-DEBUG-root-18612::base::click|192:: Click Type: ClickType.ACTIONCHAINS
2025-12-16 12:39:02,127-DEBUG-root-18612::webapp_internal::fill_grid|6486:: Trying to select cell in grid!
2025-12-16 12:39:02,129-DEBUG-root-18612::base::click|192:: Click Type: ClickType.ACTIONCHAINS
2025-12-16 12:39:02,412-DEBUG-root-18612::webapp_internal::fill_grid|6486:: Trying to select cell in grid!
2025-12-16 12:39:02,414-DEBUG-root-18612::base::click|192:: Click Type: ClickType.ACTIONCHAINS
2025-12-16 12:39:02,705-DEBUG-root-18612::webapp_internal::fill_grid|6486:: Trying to select cell in grid!
2025-12-16 12:39:02,708-DEBUG-root-18612::base::click|192:: Click Type: ClickType.ACTIONCHAINS
2025-12-16 12:39:02,994-DEBUG-root-18612::webapp_internal::fill_grid|6486:: Trying to select cell in grid!
2025-12-16 12:39:02,997-DEBUG-root-18612::base::click|192:: Click Type: ClickType.ACTIONCHAINS
2025-12-16 12:39:03,291-DEBUG-root-18612::webapp_internal::fill_grid|6486:: Trying to select cell in grid!
2025-12-16 12:39:03,294-DEBUG-root-18612::base::click|192:: Click Type: ClickType.ACTIONCHAINS
2025-12-16 12:39:03,590-DEBUG-root-18612::webapp_internal::fill_grid|6486:: Trying to select cell in grid!
2025-12-16 12:39:03,593-DEBUG-root-18612::base::click|192:: Click Type: ClickType.ACTIONCHAINS
2025-12-16 12:39:03,878-DEBUG-root-18612::webapp_internal::fill_grid|6486:: Trying to select cell in grid!
2025-12-16 12:39:03,879-DEBUG-root-18612::base::click|192:: Click Type: ClickType.ACTIONCHAINS
2025-12-16 12:39:04,166-DEBUG-root-18612::webapp_internal::fill_grid|6486:: Trying to select cell in grid!
2025-12-16 12:39:04,171-DEBUG-root-18612::base::click|192:: Click Type: ClickType.ACTIONCHAINS
2025-12-16 12:39:04,455-DEBUG-root-18612::webapp_internal::fill_grid|6486:: Trying to select cell in grid!
2025-12-16 12:39:04,457-DEBUG-root-18612::base::click|192:: Click Type: ClickType.ACTIONCHAINS
2025-12-16 12:39:04,748-DEBUG-root-18612::webapp_internal::fill_grid|6486:: Trying to select cell in grid!
2025-12-16 12:39:04,753-DEBUG-root-18612::base::click|192:: Click Type: ClickType.ACTIONCHAINS
2025-12-16 12:39:05,039-DEBUG-root-18612::webapp_internal::fill_grid|6486:: Trying to select cell in grid!
2025-12-16 12:39:05,041-DEBUG-root-18612::base::click|192:: Click Type: ClickType.ACTIONCHAINS
2025-12-16 12:39:05,337-DEBUG-root-18612::webapp_internal::fill_grid|6486:: Trying to select cell in grid!
2025-12-16 12:39:05,340-DEBUG-root-18612::base::click|192:: Click Type: ClickType.ACTIONCHAINS
2025-12-16 12:39:05,630-DEBUG-root-18612::webapp_internal::fill_grid|6486:: Trying to select cell in grid!
2025-12-16 12:39:05,632-DEBUG-root-18612::base::click|192:: Click Type: ClickType.ACTIONCHAINS
2025-12-16 12:39:05,927-DEBUG-root-18612::webapp_internal::fill_grid|6486:: Trying to select cell in grid!
2025-12-16 12:39:05,929-DEBUG-root-18612::base::click|192:: Click Type: ClickType.ACTIONCHAINS
2025-12-16 12:39:06,220-DEBUG-root-18612::webapp_internal::fill_grid|6486:: Trying to select cell in grid!
2025-12-16 12:39:06,222-DEBUG-root-18612::base::click|192:: Click Type: ClickType.ACTIONCHAINS
2025-12-16 12:39:06,515-DEBUG-root-18612::webapp_internal::fill_grid|6486:: Trying to select cell in grid!
2025-12-16 12:39:06,522-DEBUG-root-18612::base::click|192:: Click Type: ClickType.ACTIONCHAINS
2025-12-16 12:39:06,810-DEBUG-root-18612::webapp_internal::fill_grid|6486:: Trying to select cell in grid!
2025-12-16 12:39:06,812-DEBUG-root-18612::base::click|192:: Click Type: ClickType.ACTIONCHAINS
2025-12-16 12:39:07,103-DEBUG-root-18612::webapp_internal::fill_grid|6486:: Trying to select cell in grid!
2025-12-16 12:39:07,105-DEBUG-root-18612::base::click|192:: Click Type: ClickType.ACTIONCHAINS
2025-12-16 12:39:07,394-DEBUG-root-18612::webapp_internal::fill_grid|6486:: Trying to select cell in grid!
2025-12-16 12:39:07,396-DEBUG-root-18612::base::click|192:: Click Type: ClickType.ACTIONCHAINS
2025-12-16 12:39:07,675-DEBUG-root-18612::webapp_internal::fill_grid|6486:: Trying to select cell in grid!
2025-12-16 12:39:07,677-DEBUG-root-18612::base::click|192:: Click Type: ClickType.ACTIONCHAINS
2025-12-16 12:39:07,970-DEBUG-root-18612::webapp_internal::fill_grid|6486:: Trying to select cell in grid!
2025-12-16 12:39:07,972-DEBUG-root-18612::base::click|192:: Click Type: ClickType.ACTIONCHAINS
2025-12-16 12:39:08,262-DEBUG-root-18612::webapp_internal::fill_grid|6486:: Trying to select cell in grid!
2025-12-16 12:39:08,264-DEBUG-root-18612::base::click|192:: Click Type: ClickType.ACTIONCHAINS
2025-12-16 12:39:08,557-DEBUG-root-18612::webapp_internal::fill_grid|6486:: Trying to select cell in grid!
2025-12-16 12:39:08,558-DEBUG-root-18612::base::click|192:: Click Type: ClickType.ACTIONCHAINS
2025-12-16 12:39:08,849-DEBUG-root-18612::webapp_internal::fill_grid|6486:: Trying to select cell in grid!
2025-12-16 12:39:08,853-DEBUG-root-18612::base::click|192:: Click Type: ClickType.ACTIONCHAINS
2025-12-16 12:39:09,143-DEBUG-root-18612::webapp_internal::fill_grid|6486:: Trying to select cell in grid!
2025-12-16 12:39:09,145-DEBUG-root-18612::base::click|192:: Click Type: ClickType.ACTIONCHAINS
2025-12-16 12:39:09,421-DEBUG-root-18612::webapp_internal::fill_grid|6486:: Trying to select cell in grid!
2025-12-16 12:39:09,423-DEBUG-root-18612::base::click|192:: Click Type: ClickType.ACTIONCHAINS
2025-12-16 12:39:09,712-DEBUG-root-18612::webapp_internal::fill_grid|6486:: Trying to select cell in grid!
2025-12-16 12:39:09,714-DEBUG-root-18612::base::click|192:: Click Type: ClickType.ACTIONCHAINS
2025-12-16 12:39:09,978-DEBUG-root-18612::webapp_internal::fill_grid|6486:: Trying to select cell in grid!
2025-12-16 12:39:09,980-DEBUG-root-18612::base::click|192:: Click Type: ClickType.ACTIONCHAINS
2025-12-16 12:39:10,276-DEBUG-root-18612::webapp_internal::fill_grid|6486:: Trying to select cell in grid!
2025-12-16 12:39:10,278-DEBUG-root-18612::base::click|192:: Click Type: ClickType.ACTIONCHAINS
2025-12-16 12:39:10,571-DEBUG-root-18612::webapp_internal::fill_grid|6486:: Trying to select cell in grid!
2025-12-16 12:39:10,573-DEBUG-root-18612::base::click|192:: Click Type: ClickType.ACTIONCHAINS
2025-12-16 12:39:10,863-DEBUG-root-18612::webapp_internal::fill_grid|6486:: Trying to select cell in grid!
2025-12-16 12:39:10,865-DEBUG-root-18612::base::click|192:: Click Type: ClickType.ACTIONCHAINS
2025-12-16 12:39:11,160-DEBUG-root-18612::webapp_internal::fill_grid|6486:: Trying to select cell in grid!
2025-12-16 12:39:11,162-DEBUG-root-18612::base::click|192:: Click Type: ClickType.ACTIONCHAINS
2025-12-16 12:39:11,454-DEBUG-root-18612::webapp_internal::fill_grid|6486:: Trying to select cell in grid!
2025-12-16 12:39:11,457-DEBUG-root-18612::base::click|192:: Click Type: ClickType.ACTIONCHAINS
2025-12-16 12:39:11,745-DEBUG-root-18612::webapp_internal::fill_grid|6486:: Trying to select cell in grid!
2025-12-16 12:39:11,748-DEBUG-root-18612::base::click|192:: Click Type: ClickType.ACTIONCHAINS
2025-12-16 12:39:12,043-DEBUG-root-18612::webapp_internal::fill_grid|6486:: Trying to select cell in grid!
2025-12-16 12:39:12,045-DEBUG-root-18612::base::click|192:: Click Type: ClickType.ACTIONCHAINS
2025-12-16 12:39:12,340-DEBUG-root-18612::webapp_internal::fill_grid|6486:: Trying to select cell in grid!
2025-12-16 12:39:12,342-DEBUG-root-18612::base::click|192:: Click Type: ClickType.ACTIONCHAINS
2025-12-16 12:39:12,637-DEBUG-root-18612::webapp_internal::fill_grid|6486:: Trying to select cell in grid!
2025-12-16 12:39:12,640-DEBUG-root-18612::base::click|192:: Click Type: ClickType.ACTIONCHAINS
2025-12-16 12:39:12,928-DEBUG-root-18612::webapp_internal::fill_grid|6486:: Trying to select cell in grid!
2025-12-16 12:39:12,930-DEBUG-root-18612::base::click|192:: Click Type: ClickType.ACTIONCHAINS
2025-12-16 12:39:13,220-DEBUG-root-18612::webapp_internal::fill_grid|6486:: Trying to select cell in grid!
2025-12-16 12:39:13,222-DEBUG-root-18612::base::click|192:: Click Type: ClickType.ACTIONCHAINS
2025-12-16 12:39:13,488-DEBUG-root-18612::webapp_internal::fill_grid|6486:: Trying to select cell in grid!
2025-12-16 12:39:13,491-DEBUG-root-18612::base::click|192:: Click Type: ClickType.ACTIONCHAINS
2025-12-16 12:39:13,777-DEBUG-root-18612::webapp_internal::fill_grid|6486:: Trying to select cell in grid!
2025-12-16 12:39:13,779-DEBUG-root-18612::base::click|192:: Click Type: ClickType.ACTIONCHAINS
2025-12-16 12:39:14,060-DEBUG-root-18612::webapp_internal::fill_grid|6486:: Trying to select cell in grid!
2025-12-16 12:39:14,060-DEBUG-root-18612::base::click|192:: Click Type: ClickType.ACTIONCHAINS
2025-12-16 12:39:14,355-DEBUG-root-18612::webapp_internal::fill_grid|6486:: Trying to select cell in grid!
2025-12-16 12:39:14,357-DEBUG-root-18612::base::click|192:: Click Type: ClickType.ACTIONCHAINS
2025-12-16 12:39:14,645-DEBUG-root-18612::webapp_internal::fill_grid|6486:: Trying to select cell in grid!
2025-12-16 12:39:14,648-DEBUG-root-18612::base::click|192:: Click Type: ClickType.ACTIONCHAINS
2025-12-16 12:39:14,940-DEBUG-root-18612::webapp_internal::fill_grid|6486:: Trying to select cell in grid!
2025-12-16 12:39:14,943-DEBUG-root-18612::base::click|192:: Click Type: ClickType.ACTIONCHAINS
2025-12-16 12:39:15,208-DEBUG-root-18612::webapp_internal::fill_grid|6486:: Trying to select cell in grid!
2025-12-16 12:39:15,210-DEBUG-root-18612::base::click|192:: Click Type: ClickType.ACTIONCHAINS
2025-12-16 12:39:15,496-DEBUG-root-18612::webapp_internal::fill_grid|6486:: Trying to select cell in grid!
2025-12-16 12:39:15,499-DEBUG-root-18612::base::click|192:: Click Type: ClickType.ACTIONCHAINS
2025-12-16 12:39:15,791-DEBUG-root-18612::webapp_internal::fill_grid|6486:: Trying to select cell in grid!
2025-12-16 12:39:15,794-DEBUG-root-18612::base::click|192:: Click Type: ClickType.ACTIONCHAINS
2025-12-16 12:39:16,081-DEBUG-root-18612::webapp_internal::fill_grid|6486:: Trying to select cell in grid!
2025-12-16 12:39:16,083-DEBUG-root-18612::base::click|192:: Click Type: ClickType.ACTIONCHAINS
2025-12-16 12:39:16,377-DEBUG-root-18612::webapp_internal::fill_grid|6486:: Trying to select cell in grid!
2025-12-16 12:39:16,379-DEBUG-root-18612::base::click|192:: Click Type: ClickType.ACTIONCHAINS
2025-12-16 12:39:16,674-DEBUG-root-18612::webapp_internal::fill_grid|6486:: Trying to select cell in grid!
2025-12-16 12:39:16,677-DEBUG-root-18612::base::click|192:: Click Type: ClickType.ACTIONCHAINS
2025-12-16 12:39:16,964-DEBUG-root-18612::webapp_internal::fill_grid|6486:: Trying to select cell in grid!
2025-12-16 12:39:16,966-DEBUG-root-18612::base::click|192:: Click Type: ClickType.ACTIONCHAINS
2025-12-16 12:39:17,261-DEBUG-root-18612::webapp_internal::fill_grid|6486:: Trying to select cell in grid!
2025-12-16 12:39:17,264-DEBUG-root-18612::base::click|192:: Click Type: ClickType.ACTIONCHAINS
2025-12-16 12:39:17,556-DEBUG-root-18612::webapp_internal::fill_grid|6486:: Trying to select cell in grid!
2025-12-16 12:39:17,558-DEBUG-root-18612::base::click|192:: Click Type: ClickType.ACTIONCHAINS
2025-12-16 12:39:17,849-DEBUG-root-18612::webapp_internal::fill_grid|6486:: Trying to select cell in grid!
2025-12-16 12:39:17,853-DEBUG-root-18612::base::click|192:: Click Type: ClickType.ACTIONCHAINS
2025-12-16 12:39:18,144-DEBUG-root-18612::webapp_internal::fill_grid|6486:: Trying to select cell in grid!
2025-12-16 12:39:18,146-DEBUG-root-18612::base::click|192:: Click Type: ClickType.ACTIONCHAINS
2025-12-16 12:39:18,428-DEBUG-root-18612::webapp_internal::fill_grid|6486:: Trying to select cell in grid!
2025-12-16 12:39:18,430-DEBUG-root-18612::base::click|192:: Click Type: ClickType.ACTIONCHAINS
2025-12-16 12:39:18,721-DEBUG-root-18612::webapp_internal::fill_grid|6486:: Trying to select cell in grid!
2025-12-16 12:39:18,723-DEBUG-root-18612::base::click|192:: Click Type: ClickType.ACTIONCHAINS
2025-12-16 12:39:19,013-DEBUG-root-18612::webapp_internal::fill_grid|6486:: Trying to select cell in grid!
2025-12-16 12:39:19,015-DEBUG-root-18612::base::click|192:: Click Type: ClickType.ACTIONCHAINS
2025-12-16 12:39:19,311-DEBUG-root-18612::webapp_internal::fill_grid|6486:: Trying to select cell in grid!
2025-12-16 12:39:19,312-DEBUG-root-18612::base::click|192:: Click Type: ClickType.ACTIONCHAINS
2025-12-16 12:39:19,576-DEBUG-root-18612::webapp_internal::fill_grid|6486:: Trying to select cell in grid!
2025-12-16 12:39:19,579-DEBUG-root-18612::base::click|192:: Click Type: ClickType.ACTIONCHAINS
2025-12-16 12:39:19,866-DEBUG-root-18612::webapp_internal::fill_grid|6486:: Trying to select cell in grid!
2025-12-16 12:39:19,871-DEBUG-root-18612::base::click|192:: Click Type: ClickType.ACTIONCHAINS
2025-12-16 12:39:20,160-DEBUG-root-18612::webapp_internal::fill_grid|6486:: Trying to select cell in grid!
2025-12-16 12:39:20,162-DEBUG-root-18612::base::click|192:: Click Type: ClickType.ACTIONCHAINS
2025-12-16 12:39:20,455-DEBUG-root-18612::webapp_internal::fill_grid|6486:: Trying to select cell in grid!
2025-12-16 12:39:20,457-DEBUG-root-18612::base::click|192:: Click Type: ClickType.ACTIONCHAINS
2025-12-16 12:39:20,749-DEBUG-root-18612::webapp_internal::fill_grid|6486:: Trying to select cell in grid!
2025-12-16 12:39:20,754-DEBUG-root-18612::base::click|192:: Click Type: ClickType.ACTIONCHAINS
2025-12-16 12:39:21,046-DEBUG-root-18612::webapp_internal::fill_grid|6486:: Trying to select cell in grid!
2025-12-16 12:39:21,049-DEBUG-root-18612::base::click|192:: Click Type: ClickType.ACTIONCHAINS
2025-12-16 12:39:21,340-DEBUG-root-18612::webapp_internal::fill_grid|6486:: Trying to select cell in grid!
2025-12-16 12:39:21,342-DEBUG-root-18612::base::click|192:: Click Type: ClickType.ACTIONCHAINS
2025-12-16 12:39:21,633-DEBUG-root-18612::webapp_internal::fill_grid|6486:: Trying to select cell in grid!
2025-12-16 12:39:21,638-DEBUG-root-18612::base::click|192:: Click Type: ClickType.ACTIONCHAINS
2025-12-16 12:39:21,927-DEBUG-root-18612::webapp_internal::fill_grid|6486:: Trying to select cell in grid!
2025-12-16 12:39:21,929-DEBUG-root-18612::base::click|192:: Click Type: ClickType.ACTIONCHAINS
2025-12-16 12:39:22,208-DEBUG-root-18612::webapp_internal::fill_grid|6486:: Trying to select cell in grid!
2025-12-16 12:39:22,210-DEBUG-root-18612::base::click|192:: Click Type: ClickType.ACTIONCHAINS
2025-12-16 12:39:22,504-DEBUG-root-18612::webapp_internal::fill_grid|6486:: Trying to select cell in grid!
2025-12-16 12:39:22,506-DEBUG-root-18612::base::click|192:: Click Type: ClickType.ACTIONCHAINS
2025-12-16 12:39:22,795-DEBUG-root-18612::webapp_internal::fill_grid|6486:: Trying to select cell in grid!
2025-12-16 12:39:22,798-DEBUG-root-18612::base::click|192:: Click Type: ClickType.ACTIONCHAINS
2025-12-16 12:39:23,092-DEBUG-root-18612::webapp_internal::fill_grid|6486:: Trying to select cell in grid!
2025-12-16 12:39:23,094-DEBUG-root-18612::base::click|192:: Click Type: ClickType.ACTIONCHAINS
2025-12-16 12:39:23,357-DEBUG-root-18612::webapp_internal::fill_grid|6486:: Trying to select cell in grid!
2025-12-16 12:39:23,359-DEBUG-root-18612::base::click|192:: Click Type: ClickType.ACTIONCHAINS
2025-12-16 12:39:23,654-DEBUG-root-18612::webapp_internal::fill_grid|6486:: Trying to select cell in grid!
2025-12-16 12:39:23,656-DEBUG-root-18612::base::click|192:: Click Type: ClickType.ACTIONCHAINS
2025-12-16 12:39:23,946-DEBUG-root-18612::webapp_internal::fill_grid|6486:: Trying to select cell in grid!
2025-12-16 12:39:23,948-DEBUG-root-18612::base::click|192:: Click Type: ClickType.ACTIONCHAINS
2025-12-16 12:39:24,210-DEBUG-root-18612::webapp_internal::fill_grid|6486:: Trying to select cell in grid!
2025-12-16 12:39:24,212-DEBUG-root-18612::base::click|192:: Click Type: ClickType.ACTIONCHAINS
2025-12-16 12:39:24,476-DEBUG-root-18612::webapp_internal::fill_grid|6486:: Trying to select cell in grid!
2025-12-16 12:39:24,478-DEBUG-root-18612::base::click|192:: Click Type: ClickType.ACTIONCHAINS
2025-12-16 12:39:24,767-DEBUG-root-18612::webapp_internal::fill_grid|6486:: Trying to select cell in grid!
2025-12-16 12:39:24,771-DEBUG-root-18612::base::click|192:: Click Type: ClickType.ACTIONCHAINS
2025-12-16 12:39:25,062-DEBUG-root-18612::webapp_internal::fill_grid|6486:: Trying to select cell in grid!
2025-12-16 12:39:25,064-DEBUG-root-18612::base::click|192:: Click Type: ClickType.ACTIONCHAINS
2025-12-16 12:39:25,359-DEBUG-root-18612::webapp_internal::fill_grid|6486:: Trying to select cell in grid!
2025-12-16 12:39:25,361-DEBUG-root-18612::base::click|192:: Click Type: ClickType.ACTIONCHAINS
2025-12-16 12:39:25,654-DEBUG-root-18612::webapp_internal::fill_grid|6486:: Trying to select cell in grid!
2025-12-16 12:39:25,657-DEBUG-root-18612::base::click|192:: Click Type: ClickType.ACTIONCHAINS
2025-12-16 12:39:25,945-DEBUG-root-18612::webapp_internal::fill_grid|6486:: Trying to select cell in grid!
2025-12-16 12:39:25,946-DEBUG-root-18612::base::click|192:: Click Type: ClickType.ACTIONCHAINS
2025-12-16 12:39:26,243-DEBUG-root-18612::webapp_internal::fill_grid|6486:: Trying to select cell in grid!
2025-12-16 12:39:26,245-DEBUG-root-18612::base::click|192:: Click Type: ClickType.ACTIONCHAINS
2025-12-16 12:39:26,510-DEBUG-root-18612::webapp_internal::fill_grid|6486:: Trying to select cell in grid!
2025-12-16 12:39:26,512-DEBUG-root-18612::base::click|192:: Click Type: ClickType.ACTIONCHAINS
2025-12-16 12:39:26,799-DEBUG-root-18612::webapp_internal::fill_grid|6486:: Trying to select cell in grid!
2025-12-16 12:39:26,803-DEBUG-root-18612::base::click|192:: Click Type: ClickType.ACTIONCHAINS
2025-12-16 12:39:27,066-DEBUG-root-18612::webapp_internal::fill_grid|6486:: Trying to select cell in grid!
2025-12-16 12:39:27,070-DEBUG-root-18612::base::click|192:: Click Type: ClickType.ACTIONCHAINS
2025-12-16 12:39:27,361-DEBUG-root-18612::webapp_internal::fill_grid|6486:: Trying to select cell in grid!
2025-12-16 12:39:27,362-DEBUG-root-18612::base::click|192:: Click Type: ClickType.ACTIONCHAINS
2025-12-16 12:39:27,640-DEBUG-root-18612::webapp_internal::fill_grid|6486:: Trying to select cell in grid!
2025-12-16 12:39:27,641-DEBUG-root-18612::base::click|192:: Click Type: ClickType.ACTIONCHAINS
2025-12-16 12:39:27,905-DEBUG-root-18612::webapp_internal::fill_grid|6486:: Trying to select cell in grid!
2025-12-16 12:39:27,906-DEBUG-root-18612::base::click|192:: Click Type: ClickType.ACTIONCHAINS
2025-12-16 12:39:28,196-DEBUG-root-18612::webapp_internal::fill_grid|6486:: Trying to select cell in grid!
2025-12-16 12:39:28,198-DEBUG-root-18612::base::click|192:: Click Type: ClickType.ACTIONCHAINS
2025-12-16 12:39:33,516-DEBUG-root-18612::webapp_internal::fill_grid|6498:: Trying open cell in grid!
2025-12-16 12:39:33,811-DEBUG-root-18612::webapp_internal::wait_blocker|2444:: Waiting blocker to continue...
2025-12-16 12:39:33,967-DEBUG-root-18612::webapp_internal::wait_blocker|2469:: Blocker status: False
2025-12-16 12:39:34,167-DEBUG-root-18612::webapp_internal::wait_element_timeout|7726:: Element found! Waiting for element to be displayed.
2025-12-16 12:39:34,547-DEBUG-root-18612::webapp_internal::fill_grid|6577:: Sending keys: 227884
2025-12-16 12:39:34,850-DEBUG-root-18612::webapp_internal::wait_blocker|2444:: Waiting blocker to continue...
2025-12-16 12:39:34,998-DEBUG-root-18612::webapp_internal::wait_blocker|2469:: Blocker status: False
2025-12-16 12:39:35,167-DEBUG-root-18612::webapp_internal::wait_element_timeout|7726:: Element found! Waiting for element to be displayed.
2025-12-16 12:39:35,503-INFO-root-18612::webapp_internal::ClickFolder|5081:: Clicking on folder: Transporte
2025-12-16 12:39:35,504-DEBUG-root-18612::webapp_internal::wait_blocker|2444:: Waiting blocker to continue...
2025-12-16 12:39:35,658-DEBUG-root-18612::webapp_internal::wait_blocker|2469:: Blocker status: False
2025-12-16 12:39:35,696-DEBUG-root-18612::webapp_internal::wait_element|7623:: Waiting for element
2025-12-16 12:39:36,005-DEBUG-root-18612::webapp_internal::wait_element|7653:: Element found! Waiting for element to be displayed.
2025-12-16 12:39:37,642-DEBUG-root-18612::webapp_internal::wait_blocker|2444:: Waiting blocker to continue...
2025-12-16 12:39:37,823-DEBUG-root-18612::webapp_internal::wait_blocker|2469:: Blocker status: False
2025-12-16 12:39:37,823-INFO-root-18612::webapp_internal::SetKey|5822:: Key pressed: TAB
2025-12-16 12:39:37,823-DEBUG-root-18612::webapp_internal::SetKey|5857:: Trying press key
2025-12-16 12:39:37,823-DEBUG-root-18612::webapp_internal::wait_element|7623:: Waiting for element
2025-12-16 12:39:37,955-DEBUG-root-18612::webapp_internal::wait_element|7653:: Element found! Waiting for element to be displayed.
2025-12-16 12:39:38,240-DEBUG-root-18612::webapp_internal::wait_blocker|2444:: Waiting blocker to continue...
2025-12-16 12:39:38,370-DEBUG-root-18612::webapp_internal::wait_blocker|2469:: Blocker status: False
2025-12-16 12:39:38,370-INFO-root-18612::webapp_internal::LoadGrid|6298:: Filling grid field: Tipo
2025-12-16 12:39:38,370-DEBUG-root-18612::webapp_internal::fill_grid|6399:: Grid loading...
2025-12-16 12:39:38,762-DEBUG-root-18612::webapp_internal::fill_grid|6466:: Column found!
2025-12-16 12:39:38,804-DEBUG-root-18612::base::click|192:: Click Type: ClickType.ACTIONCHAINS
2025-12-16 12:39:44,147-DEBUG-root-18612::webapp_internal::fill_grid|6498:: Trying open cell in grid!
2025-12-16 12:39:44,445-DEBUG-root-18612::webapp_internal::wait_blocker|2444:: Waiting blocker to continue...
2025-12-16 12:39:44,598-DEBUG-root-18612::webapp_internal::wait_blocker|2469:: Blocker status: False
2025-12-16 12:39:44,798-DEBUG-root-18612::webapp_internal::wait_element_timeout|7726:: Element found! Waiting for element to be displayed.
2025-12-16 12:39:46,189-INFO-root-18612::base::select_combo|871:: Selected value for combo is: 1 - Aereo
2025-12-16 12:39:46,407-DEBUG-root-18612::webapp_internal::wait_blocker|2444:: Waiting blocker to continue...
2025-12-16 12:39:46,542-DEBUG-root-18612::webapp_internal::wait_blocker|2469:: Blocker status: False
2025-12-16 12:39:46,570-DEBUG-root-18612::webapp_internal::wait_blocker|2444:: Waiting blocker to continue...
2025-12-16 12:39:46,704-DEBUG-root-18612::webapp_internal::wait_blocker|2469:: Blocker status: False
2025-12-16 12:39:46,704-DEBUG-root-18612::webapp_internal::send_action|10480:: Trying to send action
2025-12-16 12:39:47,743-DEBUG-root-18612::webapp_internal::send_action|10522:: send_action method result = True
2025-12-16 12:39:47,743-DEBUG-root-18612::webapp_internal::send_action|10523:: send_action selenium status: False
2025-12-16 12:39:47,744-DEBUG-root-18612::webapp_internal::wait_blocker|2444:: Waiting blocker to continue...
2025-12-16 12:39:47,876-DEBUG-root-18612::webapp_internal::wait_blocker|2469:: Blocker status: False
2025-12-16 12:39:47,876-INFO-root-18612::webapp_internal::SetKey|5822:: Key pressed: TAB
2025-12-16 12:39:47,876-DEBUG-root-18612::webapp_internal::SetKey|5857:: Trying press key
2025-12-16 12:39:47,877-DEBUG-root-18612::webapp_internal::wait_element|7623:: Waiting for element
2025-12-16 12:39:47,973-DEBUG-root-18612::webapp_internal::wait_element|7653:: Element found! Waiting for element to be displayed.
2025-12-16 12:39:48,233-DEBUG-root-18612::webapp_internal::wait_blocker|2444:: Waiting blocker to continue...
2025-12-16 12:39:48,416-DEBUG-root-18612::webapp_internal::wait_blocker|2469:: Blocker status: False
2025-12-16 12:39:48,417-INFO-root-18612::webapp_internal::LoadGrid|6298:: Filling grid field: Partida
2025-12-16 12:39:48,417-DEBUG-root-18612::webapp_internal::fill_grid|6399:: Grid loading...
2025-12-16 12:39:48,780-DEBUG-root-18612::webapp_internal::fill_grid|6466:: Column found!
2025-12-16 12:39:48,821-DEBUG-root-18612::base::click|192:: Click Type: ClickType.ACTIONCHAINS
2025-12-16 12:39:54,259-DEBUG-root-18612::webapp_internal::fill_grid|6498:: Trying open cell in grid!
2025-12-16 12:39:54,549-DEBUG-root-18612::webapp_internal::wait_blocker|2444:: Waiting blocker to continue...
2025-12-16 12:39:54,694-DEBUG-root-18612::webapp_internal::wait_blocker|2469:: Blocker status: False
2025-12-16 12:39:54,880-DEBUG-root-18612::webapp_internal::wait_element_timeout|7726:: Element found! Waiting for element to be displayed.
2025-12-16 12:39:55,262-DEBUG-root-18612::webapp_internal::fill_grid|6577:: Sending keys: 21/12/2025
2025-12-16 12:39:55,571-DEBUG-root-18612::webapp_internal::wait_blocker|2444:: Waiting blocker to continue...
2025-12-16 12:39:55,754-DEBUG-root-18612::webapp_internal::wait_blocker|2469:: Blocker status: False
2025-12-16 12:40:01,194-DEBUG-root-18612::webapp_internal::wait_blocker|2444:: Waiting blocker to continue...
2025-12-16 12:40:01,326-DEBUG-root-18612::webapp_internal::wait_blocker|2469:: Blocker status: False
2025-12-16 12:40:01,372-DEBUG-root-18612::webapp_internal::wait_blocker|2444:: Waiting blocker to continue...
2025-12-16 12:40:01,503-DEBUG-root-18612::webapp_internal::wait_blocker|2469:: Blocker status: False
2025-12-16 12:40:01,504-DEBUG-root-18612::webapp_internal::send_action|10480:: Trying to send action
2025-12-16 12:40:02,546-DEBUG-root-18612::webapp_internal::send_action|10522:: send_action method result = True
2025-12-16 12:40:02,546-DEBUG-root-18612::webapp_internal::send_action|10523:: send_action selenium status: False
2025-12-16 12:40:02,546-DEBUG-root-18612::webapp_internal::wait_blocker|2444:: Waiting blocker to continue...
2025-12-16 12:40:02,684-DEBUG-root-18612::webapp_internal::wait_blocker|2469:: Blocker status: False
2025-12-16 12:40:02,684-INFO-root-18612::webapp_internal::SetKey|5822:: Key pressed: TAB
2025-12-16 12:40:02,684-DEBUG-root-18612::webapp_internal::SetKey|5857:: Trying press key
2025-12-16 12:40:02,684-DEBUG-root-18612::webapp_internal::wait_element|7623:: Waiting for element
2025-12-16 12:40:02,782-DEBUG-root-18612::webapp_internal::wait_element|7653:: Element found! Waiting for element to be displayed.
2025-12-16 12:40:03,082-DEBUG-root-18612::webapp_internal::wait_blocker|2444:: Waiting blocker to continue...
2025-12-16 12:40:03,212-DEBUG-root-18612::webapp_internal::wait_blocker|2469:: Blocker status: False
2025-12-16 12:40:03,212-INFO-root-18612::webapp_internal::LoadGrid|6298:: Filling grid field: Hora Partida
2025-12-16 12:40:03,212-DEBUG-root-18612::webapp_internal::fill_grid|6399:: Grid loading...
2025-12-16 12:40:03,562-DEBUG-root-18612::webapp_internal::fill_grid|6466:: Column found!
2025-12-16 12:40:03,605-DEBUG-root-18612::base::click|192:: Click Type: ClickType.ACTIONCHAINS
2025-12-16 12:40:08,960-DEBUG-root-18612::webapp_internal::fill_grid|6498:: Trying open cell in grid!
2025-12-16 12:40:09,260-DEBUG-root-18612::webapp_internal::wait_blocker|2444:: Waiting blocker to continue...
2025-12-16 12:40:09,419-DEBUG-root-18612::webapp_internal::wait_blocker|2469:: Blocker status: False
2025-12-16 12:40:09,610-DEBUG-root-18612::webapp_internal::wait_element_timeout|7726:: Element found! Waiting for element to be displayed.
2025-12-16 12:40:09,958-DEBUG-root-18612::webapp_internal::fill_grid|6577:: Sending keys: 08:00
2025-12-16 12:40:10,265-DEBUG-root-18612::webapp_internal::wait_blocker|2444:: Waiting blocker to continue...
2025-12-16 12:40:10,420-DEBUG-root-18612::webapp_internal::wait_blocker|2469:: Blocker status: False
2025-12-16 12:40:15,799-DEBUG-root-18612::webapp_internal::wait_blocker|2444:: Waiting blocker to continue...
2025-12-16 12:40:15,929-DEBUG-root-18612::webapp_internal::wait_blocker|2469:: Blocker status: False
2025-12-16 12:40:15,958-DEBUG-root-18612::webapp_internal::wait_blocker|2444:: Waiting blocker to continue...
2025-12-16 12:40:16,093-DEBUG-root-18612::webapp_internal::wait_blocker|2469:: Blocker status: False
2025-12-16 12:40:16,093-DEBUG-root-18612::webapp_internal::send_action|10480:: Trying to send action
2025-12-16 12:40:17,135-DEBUG-root-18612::webapp_internal::send_action|10522:: send_action method result = True
2025-12-16 12:40:17,137-DEBUG-root-18612::webapp_internal::send_action|10523:: send_action selenium status: False
2025-12-16 12:40:17,137-DEBUG-root-18612::webapp_internal::wait_blocker|2444:: Waiting blocker to continue...
2025-12-16 12:40:17,270-DEBUG-root-18612::webapp_internal::wait_blocker|2469:: Blocker status: False
2025-12-16 12:40:17,270-INFO-root-18612::webapp_internal::SetKey|5822:: Key pressed: TAB
2025-12-16 12:40:17,270-DEBUG-root-18612::webapp_internal::SetKey|5857:: Trying press key
2025-12-16 12:40:17,270-DEBUG-root-18612::webapp_internal::wait_element|7623:: Waiting for element
2025-12-16 12:40:17,394-DEBUG-root-18612::webapp_internal::wait_element|7653:: Element found! Waiting for element to be displayed.
2025-12-16 12:40:17,704-DEBUG-root-18612::webapp_internal::wait_blocker|2444:: Waiting blocker to continue...
2025-12-16 12:40:17,859-DEBUG-root-18612::webapp_internal::wait_blocker|2469:: Blocker status: False
2025-12-16 12:40:17,859-INFO-root-18612::webapp_internal::LoadGrid|6298:: Filling grid field: Origem
2025-12-16 12:40:17,859-DEBUG-root-18612::webapp_internal::fill_grid|6399:: Grid loading...
2025-12-16 12:40:18,198-DEBUG-root-18612::webapp_internal::fill_grid|6466:: Column found!
2025-12-16 12:40:18,239-DEBUG-root-18612::base::click|192:: Click Type: ClickType.ACTIONCHAINS
2025-12-16 12:40:23,565-DEBUG-root-18612::webapp_internal::fill_grid|6498:: Trying open cell in grid!
2025-12-16 12:40:23,855-DEBUG-root-18612::webapp_internal::wait_blocker|2444:: Waiting blocker to continue...
2025-12-16 12:40:24,012-DEBUG-root-18612::webapp_internal::wait_blocker|2469:: Blocker status: False
2025-12-16 12:40:24,211-DEBUG-root-18612::webapp_internal::wait_element_timeout|7726:: Element found! Waiting for element to be displayed.
2025-12-16 12:40:24,566-DEBUG-root-18612::webapp_internal::fill_grid|6577:: Sending keys: DF00108
2025-12-16 12:40:24,871-DEBUG-root-18612::webapp_internal::wait_blocker|2444:: Waiting blocker to continue...
2025-12-16 12:40:25,037-DEBUG-root-18612::webapp_internal::wait_blocker|2469:: Blocker status: False
2025-12-16 12:40:25,205-DEBUG-root-18612::webapp_internal::wait_element_timeout|7726:: Element found! Waiting for element to be displayed.
2025-12-16 12:40:25,699-DEBUG-root-18612::webapp_internal::wait_blocker|2444:: Waiting blocker to continue...
2025-12-16 12:40:25,893-DEBUG-root-18612::webapp_internal::wait_blocker|2469:: Blocker status: False
2025-12-16 12:40:25,921-DEBUG-root-18612::webapp_internal::wait_blocker|2444:: Waiting blocker to continue...
2025-12-16 12:40:26,074-DEBUG-root-18612::webapp_internal::wait_blocker|2469:: Blocker status: False
2025-12-16 12:40:26,074-DEBUG-root-18612::webapp_internal::send_action|10480:: Trying to send action
2025-12-16 12:40:27,113-DEBUG-root-18612::webapp_internal::send_action|10522:: send_action method result = True
2025-12-16 12:40:27,113-DEBUG-root-18612::webapp_internal::send_action|10523:: send_action selenium status: False
2025-12-16 12:40:27,114-DEBUG-root-18612::webapp_internal::wait_blocker|2444:: Waiting blocker to continue...
2025-12-16 12:40:27,256-DEBUG-root-18612::webapp_internal::wait_blocker|2469:: Blocker status: False
2025-12-16 12:40:27,256-INFO-root-18612::webapp_internal::SetKey|5822:: Key pressed: TAB
2025-12-16 12:40:27,257-DEBUG-root-18612::webapp_internal::SetKey|5857:: Trying press key
2025-12-16 12:40:27,257-DEBUG-root-18612::webapp_internal::wait_element|7623:: Waiting for element
2025-12-16 12:40:27,380-DEBUG-root-18612::webapp_internal::wait_element|7653:: Element found! Waiting for element to be displayed.
2025-12-16 12:40:27,677-DEBUG-root-18612::webapp_internal::wait_blocker|2444:: Waiting blocker to continue...
2025-12-16 12:40:27,809-DEBUG-root-18612::webapp_internal::wait_blocker|2469:: Blocker status: False
2025-12-16 12:40:27,809-INFO-root-18612::webapp_internal::LoadGrid|6298:: Filling grid field: Destino
2025-12-16 12:40:27,809-DEBUG-root-18612::webapp_internal::fill_grid|6399:: Grid loading...
2025-12-16 12:40:28,149-DEBUG-root-18612::webapp_internal::fill_grid|6466:: Column found!
2025-12-16 12:40:28,188-DEBUG-root-18612::base::click|192:: Click Type: ClickType.ACTIONCHAINS
2025-12-16 12:40:33,676-DEBUG-root-18612::webapp_internal::fill_grid|6498:: Trying open cell in grid!
2025-12-16 12:40:33,967-DEBUG-root-18612::webapp_internal::wait_blocker|2444:: Waiting blocker to continue...
2025-12-16 12:40:34,154-DEBUG-root-18612::webapp_internal::wait_blocker|2469:: Blocker status: False
2025-12-16 12:40:34,410-DEBUG-root-18612::webapp_internal::wait_element_timeout|7726:: Element found! Waiting for element to be displayed.
2025-12-16 12:40:34,806-DEBUG-root-18612::webapp_internal::fill_grid|6577:: Sending keys: GO08707
2025-12-16 12:40:35,111-DEBUG-root-18612::webapp_internal::wait_blocker|2444:: Waiting blocker to continue...
2025-12-16 12:40:35,245-DEBUG-root-18612::webapp_internal::wait_blocker|2469:: Blocker status: False
2025-12-16 12:40:35,405-DEBUG-root-18612::webapp_internal::wait_element_timeout|7726:: Element found! Waiting for element to be displayed.
2025-12-16 12:40:35,864-DEBUG-root-18612::webapp_internal::wait_blocker|2444:: Waiting blocker to continue...
2025-12-16 12:40:36,021-DEBUG-root-18612::webapp_internal::wait_blocker|2469:: Blocker status: False
2025-12-16 12:40:36,064-DEBUG-root-18612::webapp_internal::wait_blocker|2444:: Waiting blocker to continue...
2025-12-16 12:40:36,195-DEBUG-root-18612::webapp_internal::wait_blocker|2469:: Blocker status: False
2025-12-16 12:40:36,195-DEBUG-root-18612::webapp_internal::send_action|10480:: Trying to send action
2025-12-16 12:40:37,235-DEBUG-root-18612::webapp_internal::send_action|10522:: send_action method result = True
2025-12-16 12:40:37,235-DEBUG-root-18612::webapp_internal::send_action|10523:: send_action selenium status: False
2025-12-16 12:40:37,236-DEBUG-root-18612::webapp_internal::wait_blocker|2444:: Waiting blocker to continue...
2025-12-16 12:40:37,378-DEBUG-root-18612::webapp_internal::wait_blocker|2469:: Blocker status: False
2025-12-16 12:40:37,378-INFO-root-18612::webapp_internal::SetKey|5822:: Key pressed: TAB
2025-12-16 12:40:37,378-DEBUG-root-18612::webapp_internal::SetKey|5857:: Trying press key
2025-12-16 12:40:37,378-DEBUG-root-18612::webapp_internal::wait_element|7623:: Waiting for element
2025-12-16 12:40:37,505-DEBUG-root-18612::webapp_internal::wait_element|7653:: Element found! Waiting for element to be displayed.
2025-12-16 12:40:37,791-DEBUG-root-18612::webapp_internal::wait_blocker|2444:: Waiting blocker to continue...
2025-12-16 12:40:37,940-DEBUG-root-18612::webapp_internal::wait_blocker|2469:: Blocker status: False
2025-12-16 12:40:37,940-INFO-root-18612::webapp_internal::LoadGrid|6298:: Filling grid field: Chegada
2025-12-16 12:40:37,940-DEBUG-root-18612::webapp_internal::fill_grid|6399:: Grid loading...
2025-12-16 12:40:38,316-DEBUG-root-18612::webapp_internal::fill_grid|6466:: Column found!
2025-12-16 12:40:38,373-DEBUG-root-18612::base::click|192:: Click Type: ClickType.ACTIONCHAINS
2025-12-16 12:40:43,799-DEBUG-root-18612::webapp_internal::fill_grid|6498:: Trying open cell in grid!
2025-12-16 12:40:44,094-DEBUG-root-18612::webapp_internal::wait_blocker|2444:: Waiting blocker to continue...
2025-12-16 12:40:44,250-DEBUG-root-18612::webapp_internal::wait_blocker|2469:: Blocker status: False
2025-12-16 12:40:44,441-DEBUG-root-18612::webapp_internal::wait_element_timeout|7726:: Element found! Waiting for element to be displayed.
2025-12-16 12:40:44,790-DEBUG-root-18612::webapp_internal::fill_grid|6577:: Sending keys: 21/12/2025
2025-12-16 12:40:45,098-DEBUG-root-18612::webapp_internal::wait_blocker|2444:: Waiting blocker to continue...
2025-12-16 12:40:45,272-DEBUG-root-18612::webapp_internal::wait_blocker|2469:: Blocker status: False
2025-12-16 12:40:50,790-DEBUG-root-18612::webapp_internal::wait_blocker|2444:: Waiting blocker to continue...
2025-12-16 12:40:50,927-DEBUG-root-18612::webapp_internal::wait_blocker|2469:: Blocker status: False
2025-12-16 12:40:50,957-DEBUG-root-18612::webapp_internal::wait_blocker|2444:: Waiting blocker to continue...
2025-12-16 12:40:51,095-DEBUG-root-18612::webapp_internal::wait_blocker|2469:: Blocker status: False
2025-12-16 12:40:51,095-DEBUG-root-18612::webapp_internal::send_action|10480:: Trying to send action
2025-12-16 12:40:52,141-DEBUG-root-18612::webapp_internal::send_action|10522:: send_action method result = True
2025-12-16 12:40:52,141-DEBUG-root-18612::webapp_internal::send_action|10523:: send_action selenium status: False
2025-12-16 12:40:52,141-DEBUG-root-18612::webapp_internal::wait_element|7623:: Waiting for element
2025-12-16 12:40:52,233-DEBUG-root-18612::webapp_internal::wait_element|7653:: Element found! Waiting for element to be displayed.
2025-12-16 12:40:52,506-DEBUG-root-18612::webapp_internal::wait_blocker|2444:: Waiting blocker to continue...
2025-12-16 12:40:52,654-DEBUG-root-18612::webapp_internal::wait_blocker|2469:: Blocker status: False
2025-12-16 12:40:52,654-INFO-root-18612::webapp_internal::LoadGrid|6298:: Filling grid field: Hora Chegada
2025-12-16 12:40:52,654-DEBUG-root-18612::webapp_internal::fill_grid|6399:: Grid loading...
2025-12-16 12:40:53,008-DEBUG-root-18612::webapp_internal::fill_grid|6466:: Column found!
2025-12-16 12:40:53,047-DEBUG-root-18612::base::click|192:: Click Type: ClickType.ACTIONCHAINS
2025-12-16 12:40:58,527-DEBUG-root-18612::webapp_internal::fill_grid|6498:: Trying open cell in grid!
2025-12-16 12:40:58,811-DEBUG-root-18612::webapp_internal::wait_blocker|2444:: Waiting blocker to continue...
2025-12-16 12:40:58,965-DEBUG-root-18612::webapp_internal::wait_blocker|2469:: Blocker status: False
2025-12-16 12:40:59,156-DEBUG-root-18612::webapp_internal::wait_element_timeout|7726:: Element found! Waiting for element to be displayed.
2025-12-16 12:40:59,513-DEBUG-root-18612::webapp_internal::fill_grid|6577:: Sending keys: 12:00
2025-12-16 12:40:59,814-DEBUG-root-18612::webapp_internal::wait_blocker|2444:: Waiting blocker to continue...
2025-12-16 12:40:59,961-DEBUG-root-18612::webapp_internal::wait_blocker|2469:: Blocker status: False
2025-12-16 12:41:05,876-INFO-root-18612::webapp_internal::ClickFolder|5081:: Clicking on folder: Treinamento
2025-12-16 12:41:05,876-DEBUG-root-18612::webapp_internal::wait_blocker|2444:: Waiting blocker to continue...
2025-12-16 12:41:06,048-DEBUG-root-18612::webapp_internal::wait_blocker|2469:: Blocker status: False
2025-12-16 12:41:06,089-DEBUG-root-18612::webapp_internal::wait_element|7623:: Waiting for element
2025-12-16 12:41:06,370-DEBUG-root-18612::webapp_internal::wait_element|7653:: Element found! Waiting for element to be displayed.
2025-12-16 12:41:08,759-INFO-root-18612::webapp_internal::ClickFolder|5081:: Clicking on folder: Transporte
2025-12-16 12:41:08,759-DEBUG-root-18612::webapp_internal::wait_blocker|2444:: Waiting blocker to continue...
2025-12-16 12:41:08,889-DEBUG-root-18612::webapp_internal::wait_blocker|2469:: Blocker status: False
2025-12-16 12:41:08,921-DEBUG-root-18612::webapp_internal::wait_element|7623:: Waiting for element
2025-12-16 12:41:09,202-DEBUG-root-18612::webapp_internal::wait_element|7653:: Element found! Waiting for element to be displayed.
2025-12-16 12:41:10,782-INFO-root-18612::webapp_internal::SetButton|4444:: Clicking on Confirmar
2025-12-16 12:41:10,783-DEBUG-root-18612::webapp_internal::wait_blocker|2444:: Waiting blocker to continue...
2025-12-16 12:41:10,931-DEBUG-root-18612::webapp_internal::wait_blocker|2469:: Blocker status: False
2025-12-16 12:41:11,579-DEBUG-root-18612::webapp_internal::wait_element_timeout|7726:: Element found! Waiting for element to be displayed.
2025-12-16 12:41:11,988-DEBUG-root-18612::webapp_internal::SetButton|4481:: ***System Info*** Before Clicking on button:Confirmar
2025-12-16 12:41:11,988-DEBUG-root-18612::psutil_info::system_info|5:: CPU USAGE: 9.5%
2025-12-16 12:41:11,989-DEBUG-root-18612::psutil_info::system_info|6:: MEMORY USAGE: 86.4%
2025-12-16 12:41:11,989-DEBUG-root-18612::psutil_info::system_info|7:: MEMORY AVAILABLE: 13.57%
2025-12-16 12:41:12,470-DEBUG-root-18612::webapp_internal::wait_element_timeout|7726:: Element found! Waiting for element to be displayed.
2025-12-16 12:41:12,922-DEBUG-root-18612::webapp_internal::wait_blocker|2444:: Waiting blocker to continue...
2025-12-16 12:41:13,090-DEBUG-root-18612::webapp_internal::wait_blocker|2469:: Blocker status: False
2025-12-16 12:41:13,127-DEBUG-root-18612::webapp_internal::wait_blocker|2444:: Waiting blocker to continue...
2025-12-16 12:41:13,295-DEBUG-root-18612::webapp_internal::wait_blocker|2469:: Blocker status: False
2025-12-16 12:41:13,295-DEBUG-root-18612::webapp_internal::send_action|10480:: Trying to send action
2025-12-16 12:41:13,299-DEBUG-root-18612::base::click|192:: Click Type: ClickType.JS
2025-12-16 12:41:14,378-DEBUG-root-18612::webapp_internal::send_action|10522:: send_action method result = True
2025-12-16 12:41:14,378-DEBUG-root-18612::webapp_internal::send_action|10523:: send_action selenium status: False
2025-12-16 12:41:14,378-DEBUG-root-18612::webapp_internal::SetButton|4683:: ***System Info*** After Clicking on button:
2025-12-16 12:41:14,379-DEBUG-root-18612::psutil_info::system_info|5:: CPU USAGE: 10.7%
2025-12-16 12:41:14,379-DEBUG-root-18612::psutil_info::system_info|6:: MEMORY USAGE: 85.8%
2025-12-16 12:41:14,379-DEBUG-root-18612::psutil_info::system_info|7:: MEMORY AVAILABLE: 14.17%
2025-12-16 12:41:14,379-INFO-root-18612::webapp_internal::WaitShow|4980:: Waiting show text 'Valores de treinamento e/ou servico ultrapassam o limite orcado-Atenção-PXFINA11X'...
2025-12-16 12:41:19,807-INFO-root-18612::webapp_internal::WaitShow|4980:: Waiting show text 'Help: FWMODELPOS'...
2025-12-16 12:41:25,380-INFO-root-18612::webapp_internal::WaitShow|4980:: Waiting show text 'Registro inserido com sucesso.'...
2025-12-16 12:41:25,464-INFO-root-18612::webapp_internal::WaitShow|4996:: Text found! 
2025-12-16 12:41:25,464-INFO-root-18612::webapp_internal::SetButton|4444:: Clicking on Fechar
2025-12-16 12:41:25,464-DEBUG-root-18612::webapp_internal::wait_blocker|2444:: Waiting blocker to continue...
2025-12-16 12:41:25,606-DEBUG-root-18612::webapp_internal::wait_blocker|2469:: Blocker status: False
2025-12-16 12:41:25,860-DEBUG-root-18612::webapp_internal::wait_element_timeout|7726:: Element found! Waiting for element to be displayed.
2025-12-16 12:41:25,980-DEBUG-root-18612::webapp_internal::SetButton|4481:: ***System Info*** Before Clicking on button:Fechar
2025-12-16 12:41:25,981-DEBUG-root-18612::psutil_info::system_info|5:: CPU USAGE: 9.1%
2025-12-16 12:41:25,981-DEBUG-root-18612::psutil_info::system_info|6:: MEMORY USAGE: 87.4%
2025-12-16 12:41:25,982-DEBUG-root-18612::psutil_info::system_info|7:: MEMORY AVAILABLE: 12.6%
2025-12-16 12:41:26,225-DEBUG-root-18612::webapp_internal::wait_element_timeout|7726:: Element found! Waiting for element to be displayed.
2025-12-16 12:41:26,416-DEBUG-root-18612::webapp_internal::wait_blocker|2444:: Waiting blocker to continue...
2025-12-16 12:41:26,575-DEBUG-root-18612::webapp_internal::wait_blocker|2469:: Blocker status: False
2025-12-16 12:41:26,612-DEBUG-root-18612::webapp_internal::wait_blocker|2444:: Waiting blocker to continue...
2025-12-16 12:41:26,749-DEBUG-root-18612::webapp_internal::wait_blocker|2469:: Blocker status: False
2025-12-16 12:41:26,750-DEBUG-root-18612::webapp_internal::send_action|10480:: Trying to send action
2025-12-16 12:41:26,755-DEBUG-root-18612::base::click|192:: Click Type: ClickType.JS
2025-12-16 12:41:28,414-ERROR-root-18612::webapp_internal::get_active_parent_class|10547:: Warning Exception get_active_parent_class: Message: The element with the reference c047b9a4-8282-4d5f-8158-98016612d09f is stale; either its node document is not the active document, or it is no longer connected to the DOM; For documentation on this error, please visit: https://www.selenium.dev/documentation/webdriver/troubleshooting/errors#stale-element-reference-exception
Stacktrace:
RemoteError@chrome://remote/content/shared/RemoteError.sys.mjs:8:8
WebDriverError@chrome://remote/content/shared/webdriver/Errors.sys.mjs:202:5
StaleElementReferenceError@chrome://remote/content/shared/webdriver/Errors.sys.mjs:831:5
getKnownElement@chrome://remote/content/marionette/json.sys.mjs:405:11
deserializeJSON@chrome://remote/content/marionette/json.sys.mjs:263:20
cloneObject/result<@chrome://remote/content/marionette/json.sys.mjs:53:52
cloneObject@chrome://remote/content/marionette/json.sys.mjs:53:25
deserializeJSON@chrome://remote/content/marionette/json.sys.mjs:293:16
cloneObject@chrome://remote/content/marionette/json.sys.mjs:59:24
deserializeJSON@chrome://remote/content/marionette/json.sys.mjs:293:16
json.deserialize@chrome://remote/content/marionette/json.sys.mjs:297:10
receiveMessage@chrome://remote/content/marionette/actors/MarionetteCommandsChild.sys.mjs:179:30
Traceback (most recent call last):
  File "C:\TIR_TESTE\venv\Lib\site-packages\tir\technologies\webapp_internal.py", line 10542, in get_active_parent_class
    sl_classes = list(map(lambda x: x.get_attribute('class'), self.find_shadow_element('div', parent_sl))) if self.find_shadow_element('div', parent_sl) else None
                 ^^^^^^^^^^^^^^^^^^^^^^^^^^^^^^^^^^^^^^^^^^^^^^^^^^^^^^^^^^^^^^^^^^^^^^^^^^^^^^^^^^^^^^^^^
  File "C:\TIR_TESTE\venv\Lib\site-packages\tir\technologies\webapp_internal.py", line 10542, in <lambda>
    sl_classes = list(map(lambda x: x.get_attribute('class'), self.find_shadow_element('div', parent_sl))) if self.find_shadow_element('div', parent_sl) else None
                                    ^^^^^^^^^^^^^^^^^^^^^^^^
  File "C:\TIR_TESTE\venv\Lib\site-packages\selenium\webdriver\remote\webelement.py", line 178, in get_attribute
    attribute_value = self.parent.execute_script(
                      ^^^^^^^^^^^^^^^^^^^^^^^^^^^
  File "C:\TIR_TESTE\venv\Lib\site-packages\selenium\webdriver\remote\webdriver.py", line 407, in execute_script
    return self.execute(command, {"script": script, "args": converted_args})["value"]
           ^^^^^^^^^^^^^^^^^^^^^^^^^^^^^^^^^^^^^^^^^^^^^^^^^^^^^^^^^^^^^^^^^
  File "C:\TIR_TESTE\venv\Lib\site-packages\selenium\webdriver\remote\webdriver.py", line 347, in execute
    self.error_handler.check_response(response)
  File "C:\TIR_TESTE\venv\Lib\site-packages\selenium\webdriver\remote\errorhandler.py", line 229, in check_response
    raise exception_class(message, screen, stacktrace)
selenium.common.exceptions.StaleElementReferenceException: Message: The element with the reference c047b9a4-8282-4d5f-8158-98016612d09f is stale; either its node document is not the active document, or it is no longer connected to the DOM; For documentation on this error, please visit: https://www.selenium.dev/documentation/webdriver/troubleshooting/errors#stale-element-reference-exception
Stacktrace:
RemoteError@chrome://remote/content/shared/RemoteError.sys.mjs:8:8
WebDriverError@chrome://remote/content/shared/webdriver/Errors.sys.mjs:202:5
StaleElementReferenceError@chrome://remote/content/shared/webdriver/Errors.sys.mjs:831:5
getKnownElement@chrome://remote/content/marionette/json.sys.mjs:405:11
deserializeJSON@chrome://remote/content/marionette/json.sys.mjs:263:20
cloneObject/result<@chrome://remote/content/marionette/json.sys.mjs:53:52
cloneObject@chrome://remote/content/marionette/json.sys.mjs:53:25
deserializeJSON@chrome://remote/content/marionette/json.sys.mjs:293:16
cloneObject@chrome://remote/content/marionette/json.sys.mjs:59:24
deserializeJSON@chrome://remote/content/marionette/json.sys.mjs:293:16
json.deserialize@chrome://remote/content/marionette/json.sys.mjs:297:10
receiveMessage@chrome://remote/content/marionette/actors/MarionetteCommandsChild.sys.mjs:179:30

2025-12-16 12:41:28,447-DEBUG-root-18612::webapp_internal::send_action|10522:: send_action method result = True
2025-12-16 12:41:28,447-DEBUG-root-18612::webapp_internal::send_action|10523:: send_action selenium status: False
2025-12-16 12:41:28,447-DEBUG-root-18612::webapp_internal::SetButton|4683:: ***System Info*** After Clicking on button:
2025-12-16 12:41:28,448-DEBUG-root-18612::psutil_info::system_info|5:: CPU USAGE: 8.3%
2025-12-16 12:41:28,448-DEBUG-root-18612::psutil_info::system_info|6:: MEMORY USAGE: 87.7%
2025-12-16 12:41:28,448-DEBUG-root-18612::psutil_info::system_info|7:: MEMORY AVAILABLE: 12.29%
2025-12-16 12:41:28,448-INFO-root-18612::webapp_internal::WaitShow|4980:: Waiting show text 'Solicitação de Viagens/Treinamento'...
2025-12-16 12:41:28,509-INFO-root-18612::webapp_internal::WaitShow|4996:: Text found! 
2025-12-16 12:41:29,010-DEBUG-root-18612::webapp_internal::wait_blocker|2444:: Waiting blocker to continue...
2025-12-16 12:41:29,095-DEBUG-root-18612::webapp_internal::wait_blocker|2469:: Blocker status: False
2025-12-16 12:41:29,095-INFO-root-18612::webapp_internal::SearchBrowse|2003:: Searching: 02DF0001003692
2025-12-16 12:41:29,284-DEBUG-root-18612::webapp_internal::wait_element_timeout|7726:: Element found! Waiting for element to be displayed.
2025-12-16 12:41:29,375-DEBUG-root-18612::webapp_internal::wait_blocker|2444:: Waiting blocker to continue...
2025-12-16 12:41:29,462-DEBUG-root-18612::webapp_internal::wait_blocker|2469:: Blocker status: False
2025-12-16 12:41:29,474-DEBUG-root-18612::webapp_internal::wait_blocker|2444:: Waiting blocker to continue...
2025-12-16 12:41:29,562-DEBUG-root-18612::webapp_internal::wait_blocker|2469:: Blocker status: False
2025-12-16 12:41:29,562-INFO-root-18612::webapp_internal::fill_search_browse|2399:: Filling: 02DF0001003692
2025-12-16 12:41:29,576-DEBUG-root-18612::base::click|192:: Click Type: ClickType.JS
2025-12-16 12:41:30,666-DEBUG-root-18612::webapp_internal::wait_blocker|2444:: Waiting blocker to continue...
2025-12-16 12:41:30,761-DEBUG-root-18612::webapp_internal::wait_blocker|2469:: Blocker status: False
2025-12-16 12:41:30,763-DEBUG-root-18612::base::double_click|259:: Click Type: ClickType.SELENIUM
2025-12-16 12:41:30,769-WARNING-root-18612::base::double_click|280:: Warning double_click method Exception: Message: Element <button class="button-image" type="button"> is not clickable at point (1844,131) because another element <wa-button id="COMP4530" class="dict-tbutton"> obscures it
Stacktrace:
RemoteError@chrome://remote/content/shared/RemoteError.sys.mjs:8:8
WebDriverError@chrome://remote/content/shared/webdriver/Errors.sys.mjs:202:5
ElementClickInterceptedError@chrome://remote/content/shared/webdriver/Errors.sys.mjs:354:5
webdriverClickElement@chrome://remote/content/marionette/interaction.sys.mjs:175:11
interaction.clickElement@chrome://remote/content/marionette/interaction.sys.mjs:134:11
clickElement@chrome://remote/content/marionette/actors/MarionetteCommandsChild.sys.mjs:327:29
receiveMessage@chrome://remote/content/marionette/actors/MarionetteCommandsChild.sys.mjs:210:31

2025-12-16 12:41:31,062-INFO-root-18612::webapp_internal::SetButton|4444:: Clicking on Visualizar
2025-12-16 12:41:31,062-DEBUG-root-18612::webapp_internal::wait_blocker|2444:: Waiting blocker to continue...
2025-12-16 12:41:31,163-DEBUG-root-18612::webapp_internal::wait_blocker|2469:: Blocker status: False
2025-12-16 12:41:31,698-DEBUG-root-18612::webapp_internal::wait_element_timeout|7726:: Element found! Waiting for element to be displayed.
2025-12-16 12:41:31,955-DEBUG-root-18612::webapp_internal::SetButton|4481:: ***System Info*** Before Clicking on button:Visualizar
2025-12-16 12:41:31,955-DEBUG-root-18612::psutil_info::system_info|5:: CPU USAGE: 9.9%
2025-12-16 12:41:31,955-DEBUG-root-18612::psutil_info::system_info|6:: MEMORY USAGE: 87.1%
2025-12-16 12:41:31,956-DEBUG-root-18612::psutil_info::system_info|7:: MEMORY AVAILABLE: 12.87%
2025-12-16 12:41:32,298-DEBUG-root-18612::webapp_internal::wait_element_timeout|7726:: Element found! Waiting for element to be displayed.
2025-12-16 12:41:32,589-DEBUG-root-18612::webapp_internal::wait_blocker|2444:: Waiting blocker to continue...
2025-12-16 12:41:32,686-DEBUG-root-18612::webapp_internal::wait_blocker|2469:: Blocker status: False
2025-12-16 12:41:32,709-DEBUG-root-18612::webapp_internal::wait_blocker|2444:: Waiting blocker to continue...
2025-12-16 12:41:32,802-DEBUG-root-18612::webapp_internal::wait_blocker|2469:: Blocker status: False
2025-12-16 12:41:32,802-DEBUG-root-18612::webapp_internal::send_action|10480:: Trying to send action
2025-12-16 12:41:32,805-DEBUG-root-18612::base::click|192:: Click Type: ClickType.JS
2025-12-16 12:41:33,859-DEBUG-root-18612::webapp_internal::send_action|10522:: send_action method result = True
2025-12-16 12:41:33,859-DEBUG-root-18612::webapp_internal::send_action|10523:: send_action selenium status: False
2025-12-16 12:41:33,859-DEBUG-root-18612::webapp_internal::SetButton|4683:: ***System Info*** After Clicking on button:
2025-12-16 12:41:33,859-DEBUG-root-18612::psutil_info::system_info|5:: CPU USAGE: 10.3%
2025-12-16 12:41:33,860-DEBUG-root-18612::psutil_info::system_info|6:: MEMORY USAGE: 87.4%
2025-12-16 12:41:33,860-DEBUG-root-18612::psutil_info::system_info|7:: MEMORY AVAILABLE: 12.6%
2025-12-16 12:41:33,860-INFO-root-18612::webapp_internal::WaitShow|4980:: Waiting show text 'Solicitacoes de Viagens - VISUALIZAR'...
2025-12-16 12:41:34,911-INFO-root-18612::webapp_internal::WaitShow|4996:: Text found! 
2025-12-16 12:41:34,911-INFO-root-18612::webapp_internal::ClickFolder|5081:: Clicking on folder: Transporte
2025-12-16 12:41:34,911-DEBUG-root-18612::webapp_internal::wait_blocker|2444:: Waiting blocker to continue...
2025-12-16 12:41:35,042-DEBUG-root-18612::webapp_internal::wait_blocker|2469:: Blocker status: False
2025-12-16 12:41:35,077-DEBUG-root-18612::webapp_internal::wait_element|7623:: Waiting for element
2025-12-16 12:41:35,348-DEBUG-root-18612::webapp_internal::wait_element|7653:: Element found! Waiting for element to be displayed.
2025-12-16 12:41:37,434-INFO-root-18612::webapp_internal::ClickFolder|5081:: Clicking on folder: Treinamento
2025-12-16 12:41:37,434-DEBUG-root-18612::webapp_internal::wait_blocker|2444:: Waiting blocker to continue...
2025-12-16 12:41:37,566-DEBUG-root-18612::webapp_internal::wait_blocker|2469:: Blocker status: False
2025-12-16 12:41:37,602-DEBUG-root-18612::webapp_internal::wait_element|7623:: Waiting for element
2025-12-16 12:41:37,876-DEBUG-root-18612::webapp_internal::wait_element|7653:: Element found! Waiting for element to be displayed.
2025-12-16 12:41:39,995-INFO-root-18612::webapp_internal::ClickFolder|5081:: Clicking on folder: Diárias
2025-12-16 12:41:39,995-DEBUG-root-18612::webapp_internal::wait_blocker|2444:: Waiting blocker to continue...
2025-12-16 12:41:40,155-DEBUG-root-18612::webapp_internal::wait_blocker|2469:: Blocker status: False
2025-12-16 12:41:40,234-DEBUG-root-18612::webapp_internal::wait_element|7623:: Waiting for element
2025-12-16 12:41:40,541-DEBUG-root-18612::webapp_internal::wait_element|7653:: Element found! Waiting for element to be displayed.
2025-12-16 12:41:42,113-INFO-root-18612::webapp_internal::SetButton|4444:: Clicking on Fechar
2025-12-16 12:41:42,114-DEBUG-root-18612::webapp_internal::wait_blocker|2444:: Waiting blocker to continue...
2025-12-16 12:41:42,262-DEBUG-root-18612::webapp_internal::wait_blocker|2469:: Blocker status: False
2025-12-16 12:41:42,755-DEBUG-root-18612::webapp_internal::wait_element_timeout|7726:: Element found! Waiting for element to be displayed.
2025-12-16 12:41:43,207-DEBUG-root-18612::webapp_internal::SetButton|4481:: ***System Info*** Before Clicking on button:Fechar
2025-12-16 12:41:43,207-DEBUG-root-18612::psutil_info::system_info|5:: CPU USAGE: 11.8%
2025-12-16 12:41:43,208-DEBUG-root-18612::psutil_info::system_info|6:: MEMORY USAGE: 87.3%
2025-12-16 12:41:43,208-DEBUG-root-18612::psutil_info::system_info|7:: MEMORY AVAILABLE: 12.71%
2025-12-16 12:41:43,676-DEBUG-root-18612::webapp_internal::wait_element_timeout|7726:: Element found! Waiting for element to be displayed.
2025-12-16 12:41:44,126-DEBUG-root-18612::webapp_internal::wait_blocker|2444:: Waiting blocker to continue...
2025-12-16 12:41:44,254-DEBUG-root-18612::webapp_internal::wait_blocker|2469:: Blocker status: False
2025-12-16 12:41:44,292-DEBUG-root-18612::webapp_internal::wait_blocker|2444:: Waiting blocker to continue...
2025-12-16 12:41:44,442-DEBUG-root-18612::webapp_internal::wait_blocker|2469:: Blocker status: False
2025-12-16 12:41:44,442-DEBUG-root-18612::webapp_internal::send_action|10480:: Trying to send action
2025-12-16 12:41:44,445-DEBUG-root-18612::base::click|192:: Click Type: ClickType.JS
2025-12-16 12:41:46,166-DEBUG-root-18612::webapp_internal::send_action|10522:: send_action method result = True
2025-12-16 12:41:46,166-DEBUG-root-18612::webapp_internal::send_action|10523:: send_action selenium status: True
2025-12-16 12:41:46,167-DEBUG-root-18612::webapp_internal::SetButton|4683:: ***System Info*** After Clicking on button:
2025-12-16 12:41:46,167-DEBUG-root-18612::psutil_info::system_info|5:: CPU USAGE: 16.0%
2025-12-16 12:41:46,167-DEBUG-root-18612::psutil_info::system_info|6:: MEMORY USAGE: 87.1%
2025-12-16 12:41:46,168-DEBUG-root-18612::psutil_info::system_info|7:: MEMORY AVAILABLE: 12.87%
2025-12-16 12:41:46,168-INFO-root-18612::webapp_internal::WaitShow|4980:: Waiting show text 'Solicitação de Viagens/Treinamento'...
2025-12-16 12:41:46,226-INFO-root-18612::webapp_internal::WaitShow|4996:: Text found! 
2025-12-16 12:41:46,226-INFO-root-18612::webapp_internal::SetButton|4444:: Clicking on Alterar
2025-12-16 12:41:46,226-DEBUG-root-18612::webapp_internal::wait_blocker|2444:: Waiting blocker to continue...
2025-12-16 12:41:46,320-DEBUG-root-18612::webapp_internal::wait_blocker|2469:: Blocker status: False
2025-12-16 12:41:46,679-DEBUG-root-18612::webapp_internal::wait_element_timeout|7726:: Element found! Waiting for element to be displayed.
2025-12-16 12:41:46,929-DEBUG-root-18612::webapp_internal::SetButton|4481:: ***System Info*** Before Clicking on button:Alterar
2025-12-16 12:41:46,929-DEBUG-root-18612::psutil_info::system_info|5:: CPU USAGE: 12.1%
2025-12-16 12:41:46,930-DEBUG-root-18612::psutil_info::system_info|6:: MEMORY USAGE: 87.3%
2025-12-16 12:41:46,930-DEBUG-root-18612::psutil_info::system_info|7:: MEMORY AVAILABLE: 12.69%
2025-12-16 12:41:47,269-DEBUG-root-18612::webapp_internal::wait_element_timeout|7726:: Element found! Waiting for element to be displayed.
2025-12-16 12:41:47,646-DEBUG-root-18612::webapp_internal::wait_blocker|2444:: Waiting blocker to continue...
2025-12-16 12:41:47,732-DEBUG-root-18612::webapp_internal::wait_blocker|2469:: Blocker status: False
2025-12-16 12:41:47,756-DEBUG-root-18612::webapp_internal::wait_blocker|2444:: Waiting blocker to continue...
2025-12-16 12:41:47,841-DEBUG-root-18612::webapp_internal::wait_blocker|2469:: Blocker status: False
2025-12-16 12:41:47,841-DEBUG-root-18612::webapp_internal::send_action|10480:: Trying to send action
2025-12-16 12:41:47,844-DEBUG-root-18612::base::click|192:: Click Type: ClickType.JS
2025-12-16 12:41:48,938-DEBUG-root-18612::webapp_internal::send_action|10522:: send_action method result = True
2025-12-16 12:41:48,939-DEBUG-root-18612::webapp_internal::send_action|10523:: send_action selenium status: False
2025-12-16 12:41:48,939-DEBUG-root-18612::webapp_internal::SetButton|4683:: ***System Info*** After Clicking on button:
2025-12-16 12:41:48,939-DEBUG-root-18612::psutil_info::system_info|5:: CPU USAGE: 10.0%
2025-12-16 12:41:48,940-DEBUG-root-18612::psutil_info::system_info|6:: MEMORY USAGE: 87.3%
2025-12-16 12:41:48,940-DEBUG-root-18612::psutil_info::system_info|7:: MEMORY AVAILABLE: 12.72%
2025-12-16 12:41:48,940-INFO-root-18612::webapp_internal::WaitShow|4980:: Waiting show text 'Solicitacoes de Viagens - ALTERAR'...
2025-12-16 12:41:49,980-INFO-root-18612::webapp_internal::WaitShow|4996:: Text found! 
2025-12-16 12:41:49,981-DEBUG-root-18612::webapp_internal::wait_blocker|2444:: Waiting blocker to continue...
2025-12-16 12:41:50,125-DEBUG-root-18612::webapp_internal::wait_blocker|2469:: Blocker status: False
2025-12-16 12:41:50,125-DEBUG-root-18612::webapp_internal::wait_element|7623:: Waiting for element
2025-12-16 12:41:50,205-DEBUG-root-18612::webapp_internal::wait_element|7653:: Element found! Waiting for element to be displayed.
2025-12-16 12:41:50,276-INFO-root-18612::webapp_internal::input_value|2941:: Looking for element: ZV3_DESCRI
2025-12-16 12:41:50,438-INFO-root-18612::webapp_internal::input_value|2951:: Element: ZV3_DESCRI Found!
2025-12-16 12:41:50,438-INFO-root-18612::webapp_internal::input_value|2953:: Filling element: ZV3_DESCRI
2025-12-16 12:41:50,461-DEBUG-root-18612::webapp_internal::get_web_value|3232:: Current value: USO PARA TESTE AUTOMATIZADO                       
2025-12-16 12:41:50,495-DEBUG-root-18612::base::double_click|259:: Click Type: ClickType.SELENIUM
2025-12-16 12:41:50,757-DEBUG-root-18612::webapp_internal::wait_blocker|2444:: Waiting blocker to continue...
2025-12-16 12:41:50,925-DEBUG-root-18612::webapp_internal::wait_blocker|2469:: Blocker status: False
2025-12-16 12:41:51,287-DEBUG-root-18612::webapp_internal::get_web_value|3232:: Current value: USO PARA TESTE AUTOMATIZADO EDICAO                
2025-12-16 12:41:51,288-INFO-root-18612::webapp_internal::input_value|3059:: Current field value: USO PARA TESTE AUTOMATIZADO EDICAO
2025-12-16 12:41:51,304-INFO-root-18612::webapp_internal::SetButton|4444:: Clicking on Confirmar
2025-12-16 12:41:51,304-DEBUG-root-18612::webapp_internal::wait_blocker|2444:: Waiting blocker to continue...
2025-12-16 12:41:51,500-DEBUG-root-18612::webapp_internal::wait_blocker|2469:: Blocker status: False
2025-12-16 12:41:52,033-DEBUG-root-18612::webapp_internal::wait_element_timeout|7726:: Element found! Waiting for element to be displayed.
2025-12-16 12:41:52,412-DEBUG-root-18612::webapp_internal::SetButton|4481:: ***System Info*** Before Clicking on button:Confirmar
2025-12-16 12:41:52,413-DEBUG-root-18612::psutil_info::system_info|5:: CPU USAGE: 13.6%
2025-12-16 12:41:52,413-DEBUG-root-18612::psutil_info::system_info|6:: MEMORY USAGE: 87.1%
2025-12-16 12:41:52,413-DEBUG-root-18612::psutil_info::system_info|7:: MEMORY AVAILABLE: 12.86%
2025-12-16 12:41:52,876-DEBUG-root-18612::webapp_internal::wait_element_timeout|7726:: Element found! Waiting for element to be displayed.
2025-12-16 12:41:53,312-DEBUG-root-18612::webapp_internal::wait_blocker|2444:: Waiting blocker to continue...
2025-12-16 12:41:53,459-DEBUG-root-18612::webapp_internal::wait_blocker|2469:: Blocker status: False
2025-12-16 12:41:53,494-DEBUG-root-18612::webapp_internal::wait_blocker|2444:: Waiting blocker to continue...
2025-12-16 12:41:53,670-DEBUG-root-18612::webapp_internal::wait_blocker|2469:: Blocker status: False
2025-12-16 12:41:53,670-DEBUG-root-18612::webapp_internal::send_action|10480:: Trying to send action
2025-12-16 12:41:53,674-DEBUG-root-18612::base::click|192:: Click Type: ClickType.JS
2025-12-16 12:41:54,743-DEBUG-root-18612::webapp_internal::send_action|10522:: send_action method result = True
2025-12-16 12:41:54,743-DEBUG-root-18612::webapp_internal::send_action|10523:: send_action selenium status: False
2025-12-16 12:41:54,744-DEBUG-root-18612::webapp_internal::SetButton|4683:: ***System Info*** After Clicking on button:
2025-12-16 12:41:54,744-DEBUG-root-18612::psutil_info::system_info|5:: CPU USAGE: 9.3%
2025-12-16 12:41:54,744-DEBUG-root-18612::psutil_info::system_info|6:: MEMORY USAGE: 87.5%
2025-12-16 12:41:54,745-DEBUG-root-18612::psutil_info::system_info|7:: MEMORY AVAILABLE: 12.54%
2025-12-16 12:41:54,745-INFO-root-18612::webapp_internal::WaitShow|4980:: Waiting show text 'Registro alterado com sucesso.'...
2025-12-16 12:41:54,829-INFO-root-18612::webapp_internal::WaitShow|4996:: Text found! 
2025-12-16 12:41:54,829-INFO-root-18612::webapp_internal::SetButton|4444:: Clicking on Fechar
2025-12-16 12:41:54,829-DEBUG-root-18612::webapp_internal::wait_blocker|2444:: Waiting blocker to continue...
2025-12-16 12:41:55,010-DEBUG-root-18612::webapp_internal::wait_blocker|2469:: Blocker status: False
2025-12-16 12:41:55,254-DEBUG-root-18612::webapp_internal::wait_element_timeout|7726:: Element found! Waiting for element to be displayed.
2025-12-16 12:41:55,373-DEBUG-root-18612::webapp_internal::SetButton|4481:: ***System Info*** Before Clicking on button:Fechar
2025-12-16 12:41:55,373-DEBUG-root-18612::psutil_info::system_info|5:: CPU USAGE: 18.5%
2025-12-16 12:41:55,374-DEBUG-root-18612::psutil_info::system_info|6:: MEMORY USAGE: 87.0%
2025-12-16 12:41:55,374-DEBUG-root-18612::psutil_info::system_info|7:: MEMORY AVAILABLE: 12.96%
2025-12-16 12:41:55,595-DEBUG-root-18612::webapp_internal::wait_element_timeout|7726:: Element found! Waiting for element to be displayed.
2025-12-16 12:41:55,771-DEBUG-root-18612::webapp_internal::wait_blocker|2444:: Waiting blocker to continue...
2025-12-16 12:41:55,914-DEBUG-root-18612::webapp_internal::wait_blocker|2469:: Blocker status: False
2025-12-16 12:41:55,976-DEBUG-root-18612::webapp_internal::wait_blocker|2444:: Waiting blocker to continue...
2025-12-16 12:41:56,113-DEBUG-root-18612::webapp_internal::wait_blocker|2469:: Blocker status: False
2025-12-16 12:41:56,113-DEBUG-root-18612::webapp_internal::send_action|10480:: Trying to send action
2025-12-16 12:41:56,115-DEBUG-root-18612::base::click|192:: Click Type: ClickType.JS
2025-12-16 12:41:57,754-DEBUG-root-18612::webapp_internal::send_action|10522:: send_action method result = True
2025-12-16 12:41:57,754-DEBUG-root-18612::webapp_internal::send_action|10523:: send_action selenium status: True
2025-12-16 12:41:57,754-DEBUG-root-18612::webapp_internal::SetButton|4683:: ***System Info*** After Clicking on button:
2025-12-16 12:41:57,755-DEBUG-root-18612::psutil_info::system_info|5:: CPU USAGE: 8.5%
2025-12-16 12:41:57,755-DEBUG-root-18612::psutil_info::system_info|6:: MEMORY USAGE: 86.9%
2025-12-16 12:41:57,755-DEBUG-root-18612::psutil_info::system_info|7:: MEMORY AVAILABLE: 13.1%
2025-12-16 12:41:57,755-INFO-root-18612::webapp_internal::WaitShow|4980:: Waiting show text 'Solicitação de Viagens/Treinamento'...
2025-12-16 12:41:57,810-INFO-root-18612::webapp_internal::WaitShow|4996:: Text found! 
2025-12-16 12:41:57,810-INFO-root-18612::webapp_internal::SetButton|4444:: Clicking on Outras Ações
2025-12-16 12:41:57,810-DEBUG-root-18612::webapp_internal::wait_blocker|2444:: Waiting blocker to continue...
2025-12-16 12:41:57,896-DEBUG-root-18612::webapp_internal::wait_blocker|2469:: Blocker status: False
2025-12-16 12:41:58,261-DEBUG-root-18612::webapp_internal::wait_element_timeout|7726:: Element found! Waiting for element to be displayed.
2025-12-16 12:41:58,513-DEBUG-root-18612::webapp_internal::SetButton|4481:: ***System Info*** Before Clicking on button:Outras Ações
2025-12-16 12:41:58,513-DEBUG-root-18612::psutil_info::system_info|5:: CPU USAGE: 11.1%
2025-12-16 12:41:58,514-DEBUG-root-18612::psutil_info::system_info|6:: MEMORY USAGE: 87.1%
2025-12-16 12:41:58,514-DEBUG-root-18612::psutil_info::system_info|7:: MEMORY AVAILABLE: 12.93%
2025-12-16 12:41:58,875-DEBUG-root-18612::webapp_internal::wait_element_timeout|7726:: Element found! Waiting for element to be displayed.
2025-12-16 12:41:59,165-DEBUG-root-18612::webapp_internal::wait_blocker|2444:: Waiting blocker to continue...
2025-12-16 12:41:59,250-DEBUG-root-18612::webapp_internal::wait_blocker|2469:: Blocker status: False
2025-12-16 12:41:59,274-DEBUG-root-18612::webapp_internal::wait_blocker|2444:: Waiting blocker to continue...
2025-12-16 12:41:59,370-DEBUG-root-18612::webapp_internal::wait_blocker|2469:: Blocker status: False
2025-12-16 12:41:59,370-DEBUG-root-18612::webapp_internal::send_action|10480:: Trying to send action
2025-12-16 12:41:59,372-DEBUG-root-18612::base::click|192:: Click Type: ClickType.JS
2025-12-16 12:42:00,413-DEBUG-root-18612::webapp_internal::send_action|10522:: send_action method result = True
2025-12-16 12:42:00,413-DEBUG-root-18612::webapp_internal::send_action|10523:: send_action selenium status: True
2025-12-16 12:42:00,540-DEBUG-root-18612::webapp_internal::wait_element_timeout|7726:: Element found! Waiting for element to be displayed.
2025-12-16 12:42:00,576-INFO-root-18612::webapp_internal::SetButton|4588:: Clicking on Excluir
2025-12-16 12:42:00,715-DEBUG-root-18612::webapp_internal::wait_element_timeout|7726:: Element found! Waiting for element to be displayed.
2025-12-16 12:42:00,872-DEBUG-root-18612::base::click|192:: Click Type: ClickType.JS
2025-12-16 12:42:00,883-DEBUG-root-18612::webapp_internal::SetButton|4683:: ***System Info*** After Clicking on button:
2025-12-16 12:42:00,883-DEBUG-root-18612::psutil_info::system_info|5:: CPU USAGE: 7.8%
2025-12-16 12:42:00,883-DEBUG-root-18612::psutil_info::system_info|6:: MEMORY USAGE: 87.1%
2025-12-16 12:42:00,884-DEBUG-root-18612::psutil_info::system_info|7:: MEMORY AVAILABLE: 12.87%
2025-12-16 12:42:00,884-INFO-root-18612::webapp_internal::WaitShow|4980:: Waiting show text 'Tem certeza que deseja excluir o item abaixo?'...
2025-12-16 12:42:02,272-INFO-root-18612::webapp_internal::WaitShow|4996:: Text found! 
2025-12-16 12:42:02,273-INFO-root-18612::webapp_internal::SetButton|4444:: Clicking on Confirmar
2025-12-16 12:42:02,273-DEBUG-root-18612::webapp_internal::wait_blocker|2444:: Waiting blocker to continue...
2025-12-16 12:42:02,411-DEBUG-root-18612::webapp_internal::wait_blocker|2469:: Blocker status: False
2025-12-16 12:42:02,943-DEBUG-root-18612::webapp_internal::wait_element_timeout|7726:: Element found! Waiting for element to be displayed.
2025-12-16 12:42:03,333-DEBUG-root-18612::webapp_internal::SetButton|4481:: ***System Info*** Before Clicking on button:Confirmar
2025-12-16 12:42:03,333-DEBUG-root-18612::psutil_info::system_info|5:: CPU USAGE: 12.4%
2025-12-16 12:42:03,333-DEBUG-root-18612::psutil_info::system_info|6:: MEMORY USAGE: 86.9%
2025-12-16 12:42:03,333-DEBUG-root-18612::psutil_info::system_info|7:: MEMORY AVAILABLE: 13.07%
2025-12-16 12:42:03,795-DEBUG-root-18612::webapp_internal::wait_element_timeout|7726:: Element found! Waiting for element to be displayed.
2025-12-16 12:42:04,289-DEBUG-root-18612::webapp_internal::wait_blocker|2444:: Waiting blocker to continue...
2025-12-16 12:42:04,479-DEBUG-root-18612::webapp_internal::wait_blocker|2469:: Blocker status: False
2025-12-16 12:42:04,513-DEBUG-root-18612::webapp_internal::wait_blocker|2444:: Waiting blocker to continue...
2025-12-16 12:42:04,646-DEBUG-root-18612::webapp_internal::wait_blocker|2469:: Blocker status: False
2025-12-16 12:42:04,646-DEBUG-root-18612::webapp_internal::send_action|10480:: Trying to send action
2025-12-16 12:42:04,648-DEBUG-root-18612::base::click|192:: Click Type: ClickType.JS
2025-12-16 12:42:05,725-DEBUG-root-18612::webapp_internal::send_action|10522:: send_action method result = True
2025-12-16 12:42:05,726-DEBUG-root-18612::webapp_internal::send_action|10523:: send_action selenium status: False
2025-12-16 12:42:05,726-DEBUG-root-18612::webapp_internal::SetButton|4683:: ***System Info*** After Clicking on button:
2025-12-16 12:42:05,726-DEBUG-root-18612::psutil_info::system_info|5:: CPU USAGE: 13.0%
2025-12-16 12:42:05,726-DEBUG-root-18612::psutil_info::system_info|6:: MEMORY USAGE: 87.3%
2025-12-16 12:42:05,726-DEBUG-root-18612::psutil_info::system_info|7:: MEMORY AVAILABLE: 12.67%
2025-12-16 12:42:05,728-INFO-root-18612::webapp_internal::WaitShow|4980:: Waiting show text 'Registro excluído com sucesso.'...
2025-12-16 12:42:05,813-INFO-root-18612::webapp_internal::WaitShow|4996:: Text found! 
2025-12-16 12:42:05,813-INFO-root-18612::webapp_internal::SetButton|4444:: Clicking on Fechar
2025-12-16 12:42:05,814-DEBUG-root-18612::webapp_internal::wait_blocker|2444:: Waiting blocker to continue...
2025-12-16 12:42:05,949-DEBUG-root-18612::webapp_internal::wait_blocker|2469:: Blocker status: False
2025-12-16 12:42:06,198-DEBUG-root-18612::webapp_internal::wait_element_timeout|7726:: Element found! Waiting for element to be displayed.
2025-12-16 12:42:06,323-DEBUG-root-18612::webapp_internal::SetButton|4481:: ***System Info*** Before Clicking on button:Fechar
2025-12-16 12:42:06,323-DEBUG-root-18612::psutil_info::system_info|5:: CPU USAGE: 16.0%
2025-12-16 12:42:06,323-DEBUG-root-18612::psutil_info::system_info|6:: MEMORY USAGE: 87.6%
2025-12-16 12:42:06,324-DEBUG-root-18612::psutil_info::system_info|7:: MEMORY AVAILABLE: 12.39%
2025-12-16 12:42:06,539-DEBUG-root-18612::webapp_internal::wait_element_timeout|7726:: Element found! Waiting for element to be displayed.
2025-12-16 12:42:06,721-DEBUG-root-18612::webapp_internal::wait_blocker|2444:: Waiting blocker to continue...
2025-12-16 12:42:06,918-DEBUG-root-18612::webapp_internal::wait_blocker|2469:: Blocker status: False
2025-12-16 12:42:06,959-DEBUG-root-18612::webapp_internal::wait_blocker|2444:: Waiting blocker to continue...
2025-12-16 12:42:07,100-DEBUG-root-18612::webapp_internal::wait_blocker|2469:: Blocker status: False
2025-12-16 12:42:07,101-DEBUG-root-18612::webapp_internal::send_action|10480:: Trying to send action
2025-12-16 12:42:07,105-DEBUG-root-18612::base::click|192:: Click Type: ClickType.JS
2025-12-16 12:42:08,754-DEBUG-root-18612::webapp_internal::send_action|10522:: send_action method result = True
2025-12-16 12:42:08,754-DEBUG-root-18612::webapp_internal::send_action|10523:: send_action selenium status: True
2025-12-16 12:42:08,754-DEBUG-root-18612::webapp_internal::SetButton|4683:: ***System Info*** After Clicking on button:
2025-12-16 12:42:08,754-DEBUG-root-18612::psutil_info::system_info|5:: CPU USAGE: 11.1%
2025-12-16 12:42:08,755-DEBUG-root-18612::psutil_info::system_info|6:: MEMORY USAGE: 87.2%
2025-12-16 12:42:08,755-DEBUG-root-18612::psutil_info::system_info|7:: MEMORY AVAILABLE: 12.76%
2025-12-16 12:42:08,769-DEBUG-root-18612::log::checks_empty_line|221:: Checking empty default log info
2025-12-16 12:42:08,773-DEBUG-root-18612::log::generate_log|503:: Json log_data: {'cLogDtExec': '16/12/2025 12:42:08', 'cLogNomUsr': '97137227104', 'cLogNomEst': 'GESIT03', 'cLogProgra': None, 'cLogDtProg': '', 'cLogHrProg': '', 'nLogCtsOk': 1, 'nLogCtsNok': 0, 'nLogCtsSeg': 288.19, 'cLogVersao': '12', 'cLogReleas': '12.1.2410', 'nLogCtsErr': '', 'cLogBancod': 'ORACLE', 'cLogIdenti': '', 'cLogIdExec': '20251216', 'cLogPais': 'BRA', 'cLogTool': 'TIR', 'cLogSequen': '8e6776', 'nLogCtsTot': 1, 'cLogDtExea': '16/12/2025', 'cLogHrExea': '12:42:08', 'cLogArea': 'Desenvolvimento', 'cLogMnExec': 4.803166666666667}
2025-12-16 12:42:08,773-INFO-root-18612::log::send_log_with_retries|515:: Saving log locally.
2025-12-16 12:42:08,773-INFO-root-18612::log::save_log_locally|548:: [FwSendLog]: Não foi possível enviar o log após todas as tentativas.
2025-12-16 12:42:08,774-INFO-root-18612::log::save_log_locally|555:: [FwSendLog]: Log salvo localmente em C:\TIR_TESTE\1765899728.json.
2025-12-16 12:37:20,742-DEBUG-root-18612::logging_config::logger|189:: Log file created: 'Log\GESIT03\TIR__20251216123720734.log'
2025-12-16 12:37:20,742-INFO-root-18612::base::Start|1183:: TIR Version: 2.4.3
2025-12-16 12:37:20,742-INFO-root-18612::base::Start|1184:: Python Version: 3.12.10
2025-12-16 12:37:20,742-INFO-root-18612::base::Start|1185:: Starting the browser
2025-12-16 12:37:28,033-INFO-root-18612::base::get_url|1294:: Page is ready!
2025-12-16 12:37:28,059-INFO-root-18612::base::Start|1256:: Browser maximized to 1936x1048
2025-12-16 12:37:28,060-INFO-root-18612::base::Start|1258:: Screen size is different from default used in headless mode
2025-12-16 12:37:28,134-INFO-root-18612::webapp_internal::Setup|247:: ***System Info*** in Setup():
2025-12-16 12:37:28,134-DEBUG-root-18612::psutil_info::system_info|5:: CPU USAGE: 17.1%
2025-12-16 12:37:28,135-DEBUG-root-18612::psutil_info::system_info|6:: MEMORY USAGE: 86.0%
2025-12-16 12:37:28,135-DEBUG-root-18612::psutil_info::system_info|7:: MEMORY AVAILABLE: 13.96%
2025-12-16 12:37:28,160-INFO-root-18612::base::webapp_shadowroot|1394:: Webapp: 10.1.6-RC4
2025-12-16 12:37:28,195-INFO-root-18612::webapp_internal::filling_initial_program|449:: Filling Initial Program: "SIGAMDI"
2025-12-16 12:37:28,197-DEBUG-root-18612::webapp_internal::wait_element|7623:: Waiting for element
2025-12-16 12:37:28,271-DEBUG-root-18612::webapp_internal::wait_element|7653:: Element found! Waiting for element to be displayed.
2025-12-16 12:37:28,448-DEBUG-root-18612::base::click|192:: Click Type: ClickType.JS
2025-12-16 12:37:28,454-DEBUG-root-18612::webapp_internal::try_send_keys|7976:: Trying to send keys to element using technique 0
2025-12-16 12:37:28,791-DEBUG-root-18612::webapp_internal::get_web_value|3232:: Current value: SIGAMDI
2025-12-16 12:37:28,791-INFO-root-18612::webapp_internal::filling_server_environment|463:: Filling Server Environment: "POUPEX_TST"
2025-12-16 12:37:28,792-DEBUG-root-18612::webapp_internal::wait_element|7623:: Waiting for element
2025-12-16 12:37:28,830-DEBUG-root-18612::webapp_internal::wait_element|7653:: Element found! Waiting for element to be displayed.
2025-12-16 12:37:28,998-DEBUG-root-18612::base::click|192:: Click Type: ClickType.JS
2025-12-16 12:37:29,003-DEBUG-root-18612::webapp_internal::try_send_keys|7976:: Trying to send keys to element using technique 0
2025-12-16 12:37:29,329-DEBUG-root-18612::webapp_internal::get_web_value|3232:: Current value: POUPEX_TST
2025-12-16 12:37:29,351-DEBUG-root-18612::base::click|192:: Click Type: ClickType.JS
2025-12-16 12:37:29,361-DEBUG-root-18612::webapp_internal::user_screen|519:: Filling user screen
2025-12-16 12:37:33,069-DEBUG-root-18612::webapp_internal::wait_element_timeout|7726:: Element found! Waiting for element to be displayed.
2025-12-16 12:37:33,152-DEBUG-root-18612::base::scroll_to_element|759:: ********Warining scroll_to_element exception: Message: TypeError: can't access property "scrollIntoView", arguments[0] is null
Stacktrace:
@https://qasrverp:10020/webapp/:2:7
@https://qasrverp:10020/webapp/:3:8
*********
2025-12-16 12:37:33,293-INFO-root-18612::webapp_internal::user_screen|561:: Filling User
2025-12-16 12:37:33,321-DEBUG-root-18612::base::double_click|259:: Click Type: ClickType.SELENIUM
2025-12-16 12:37:33,499-DEBUG-root-18612::webapp_internal::get_web_value|3232:: Current value: 97137227104
2025-12-16 12:37:33,520-INFO-root-18612::webapp_internal::user_screen|621:: Filling Password
2025-12-16 12:37:33,540-DEBUG-root-18612::base::click|192:: Click Type: ClickType.JS
2025-12-16 12:37:33,605-DEBUG-root-18612::webapp_internal::get_web_value|3232:: Current value: Deire20191817+
2025-12-16 12:37:33,605-DEBUG-root-18612::webapp_internal::wait_blocker|2444:: Waiting blocker to continue...
2025-12-16 12:37:33,631-DEBUG-root-18612::webapp_internal::wait_blocker|2469:: Blocker status: None
2025-12-16 12:37:33,651-DEBUG-root-18612::webapp_internal::wait_blocker|2444:: Waiting blocker to continue...
2025-12-16 12:37:33,677-DEBUG-root-18612::webapp_internal::wait_blocker|2469:: Blocker status: None
2025-12-16 12:37:33,710-DEBUG-root-18612::webapp_internal::wait_blocker|2444:: Waiting blocker to continue...
2025-12-16 12:37:33,739-DEBUG-root-18612::webapp_internal::wait_blocker|2469:: Blocker status: None
2025-12-16 12:37:33,739-DEBUG-root-18612::webapp_internal::send_action|10480:: Trying to send action
2025-12-16 12:37:33,745-DEBUG-root-18612::base::click|192:: Click Type: ClickType.JS
2025-12-16 12:37:34,787-DEBUG-root-18612::webapp_internal::send_action|10522:: send_action method result = True
2025-12-16 12:37:34,787-DEBUG-root-18612::webapp_internal::send_action|10523:: send_action selenium status: False
2025-12-16 12:37:36,886-DEBUG-root-18612::base::scroll_to_element|759:: ********Warining scroll_to_element exception: Message: TypeError: can't access property "scrollIntoView", arguments[0] is null
Stacktrace:
@https://qasrverp:10020/webapp/:2:7
@https://qasrverp:10020/webapp/:3:8
*********
2025-12-16 12:37:36,939-INFO-root-18612::webapp_internal::filling_date|885:: Filling Date: "16/12/2025"
2025-12-16 12:37:36,939-DEBUG-root-18612::webapp_internal::wait_blocker|2444:: Waiting blocker to continue...
2025-12-16 12:37:36,974-DEBUG-root-18612::webapp_internal::wait_blocker|2469:: Blocker status: None
2025-12-16 12:37:36,979-DEBUG-root-18612::base::click|192:: Click Type: ClickType.JS
2025-12-16 12:37:36,997-DEBUG-root-18612::webapp_internal::try_send_keys|7976:: Trying to send keys to element using technique 1
2025-12-16 12:37:37,070-DEBUG-root-18612::webapp_internal::get_web_value|3232:: Current value: 16/12/2025
2025-12-16 12:37:38,156-INFO-root-18612::webapp_internal::filling_group|955:: Filling Group: "02"
2025-12-16 12:37:38,157-DEBUG-root-18612::webapp_internal::wait_blocker|2444:: Waiting blocker to continue...
2025-12-16 12:37:38,189-DEBUG-root-18612::webapp_internal::wait_blocker|2469:: Blocker status: None
2025-12-16 12:37:38,192-DEBUG-root-18612::base::click|192:: Click Type: ClickType.JS
2025-12-16 12:37:38,246-DEBUG-root-18612::webapp_internal::get_web_value|3232:: Current value: 02
2025-12-16 12:37:39,309-INFO-root-18612::webapp_internal::filling_branch|1047:: Filling Branch: "02DF0001"
2025-12-16 12:37:39,310-DEBUG-root-18612::webapp_internal::wait_blocker|2444:: Waiting blocker to continue...
2025-12-16 12:37:39,342-DEBUG-root-18612::webapp_internal::wait_blocker|2469:: Blocker status: None
2025-12-16 12:37:39,346-DEBUG-root-18612::base::click|192:: Click Type: ClickType.JS
2025-12-16 12:37:39,397-DEBUG-root-18612::webapp_internal::get_web_value|3232:: Current value: 02DF0001
2025-12-16 12:37:40,482-INFO-root-18612::webapp_internal::filling_environment|1113:: Filling Environment: "07"
2025-12-16 12:37:40,483-DEBUG-root-18612::webapp_internal::wait_blocker|2444:: Waiting blocker to continue...
2025-12-16 12:37:40,525-DEBUG-root-18612::webapp_internal::wait_blocker|2469:: Blocker status: None
2025-12-16 12:37:40,529-DEBUG-root-18612::base::click|192:: Click Type: ClickType.JS
2025-12-16 12:37:40,596-DEBUG-root-18612::webapp_internal::get_web_value|3232:: Current value: 07
2025-12-16 12:37:41,607-DEBUG-root-18612::webapp_internal::close_warning_screen|1489:: Closing warning screen!
2025-12-16 12:37:42,636-DEBUG-root-18612::webapp_internal::check_screen_element|1291:: Checking screen element: "Atenção": False
2025-12-16 12:37:43,734-INFO-root-18612::webapp_internal::environment_screen|796:: Clicking on Button
2025-12-16 12:37:43,734-DEBUG-root-18612::webapp_internal::wait_blocker|2444:: Waiting blocker to continue...
2025-12-16 12:37:43,766-DEBUG-root-18612::webapp_internal::wait_blocker|2469:: Blocker status: None
2025-12-16 12:37:43,769-DEBUG-root-18612::base::click|192:: Click Type: ClickType.JS
2025-12-16 12:37:44,780-DEBUG-root-18612::base::click|192:: Click Type: ClickType.JS
2025-12-16 12:37:45,789-DEBUG-root-18612::base::click|192:: Click Type: ClickType.JS
2025-12-16 12:37:46,795-DEBUG-root-18612::base::click|192:: Click Type: ClickType.JS
2025-12-16 12:37:47,802-DEBUG-root-18612::base::click|192:: Click Type: ClickType.JS
2025-12-16 12:37:48,811-DEBUG-root-18612::base::click|192:: Click Type: ClickType.JS
2025-12-16 12:37:49,821-DEBUG-root-18612::webapp_internal::close_screen_before_menu|368:: Closing screen before the menu
2025-12-16 12:37:49,865-DEBUG-root-18612::webapp_internal::close_warning_screen|1489:: Closing warning screen!
2025-12-16 12:37:50,902-DEBUG-root-18612::webapp_internal::check_screen_element|1291:: Checking screen element: "Atenção": False
2025-12-16 12:37:50,902-DEBUG-root-18612::webapp_internal::close_coin_screen|1424:: Closing coin screen!
2025-12-16 12:37:51,452-DEBUG-root-18612::base::click|192:: Click Type: ClickType.JS
2025-12-16 12:37:51,504-DEBUG-root-18612::webapp_internal::close_warning_screen|1489:: Closing warning screen!
2025-12-16 12:37:52,575-DEBUG-root-18612::webapp_internal::check_screen_element|1291:: Checking screen element: "Atenção": False
2025-12-16 12:37:52,575-DEBUG-root-18612::webapp_internal::close_coin_screen|1424:: Closing coin screen!
2025-12-16 12:37:52,680-INFO-root-18612::webapp_internal::set_log_info|1623:: Getting log info
2025-12-16 12:37:52,681-INFO-root-18612::webapp_internal::SetLateralMenu|4184:: Navigating lateral menu: Ajuda > Sobre
2025-12-16 12:37:52,689-DEBUG-root-18612::webapp_internal::wait_element|7623:: Waiting for element
2025-12-16 12:37:52,724-DEBUG-root-18612::webapp_internal::wait_element|7653:: Element found! Waiting for element to be displayed.
2025-12-16 12:37:52,897-INFO-root-18612::webapp_internal::SetLateralMenu|4203:: Menu item: "Ajuda"
2025-12-16 12:37:52,897-DEBUG-root-18612::webapp_internal::wait_blocker|2444:: Waiting blocker to continue...
2025-12-16 12:37:52,962-DEBUG-root-18612::webapp_internal::wait_blocker|2469:: Blocker status: False
2025-12-16 12:37:53,296-DEBUG-root-18612::webapp_internal::wait_element_timeout|7726:: Element found! Waiting for element to be displayed.
2025-12-16 12:37:53,570-DEBUG-root-18612::webapp_internal::wait_blocker|2444:: Waiting blocker to continue...
2025-12-16 12:37:53,633-DEBUG-root-18612::webapp_internal::wait_blocker|2469:: Blocker status: False
2025-12-16 12:37:55,911-INFO-root-18612::webapp_internal::SetLateralMenu|4203:: Menu item: "Sobre"
2025-12-16 12:37:55,911-DEBUG-root-18612::webapp_internal::wait_blocker|2444:: Waiting blocker to continue...
2025-12-16 12:37:55,988-DEBUG-root-18612::webapp_internal::wait_blocker|2469:: Blocker status: False
2025-12-16 12:37:56,429-DEBUG-root-18612::webapp_internal::wait_element_timeout|7726:: Element found! Waiting for element to be displayed.
2025-12-16 12:37:56,810-DEBUG-root-18612::webapp_internal::wait_blocker|2444:: Waiting blocker to continue...
2025-12-16 12:37:56,890-DEBUG-root-18612::webapp_internal::wait_blocker|2469:: Blocker status: False
2025-12-16 12:37:59,571-DEBUG-root-18612::webapp_internal::wait_blocker|2444:: Waiting blocker to continue...
2025-12-16 12:37:59,641-DEBUG-root-18612::webapp_internal::wait_blocker|2469:: Blocker status: False
2025-12-16 12:37:59,710-DEBUG-root-18612::webapp_internal::wait_element|7623:: Waiting for element
2025-12-16 12:37:59,752-DEBUG-root-18612::webapp_internal::wait_element|7653:: Element found! Waiting for element to be displayed.
2025-12-16 12:37:59,919-INFO-root-18612::webapp_internal::SetButton|4444:: Clicking on Fechar
2025-12-16 12:37:59,919-DEBUG-root-18612::webapp_internal::wait_blocker|2444:: Waiting blocker to continue...
2025-12-16 12:37:59,992-DEBUG-root-18612::webapp_internal::wait_blocker|2469:: Blocker status: False
2025-12-16 12:38:00,173-DEBUG-root-18612::webapp_internal::wait_element_timeout|7726:: Element found! Waiting for element to be displayed.
2025-12-16 12:38:00,242-DEBUG-root-18612::webapp_internal::SetButton|4481:: ***System Info*** Before Clicking on button:Fechar
2025-12-16 12:38:00,242-DEBUG-root-18612::psutil_info::system_info|5:: CPU USAGE: 8.8%
2025-12-16 12:38:00,242-DEBUG-root-18612::psutil_info::system_info|6:: MEMORY USAGE: 86.8%
2025-12-16 12:38:00,243-DEBUG-root-18612::psutil_info::system_info|7:: MEMORY AVAILABLE: 13.19%
2025-12-16 12:38:00,409-DEBUG-root-18612::webapp_internal::wait_element_timeout|7726:: Element found! Waiting for element to be displayed.
2025-12-16 12:38:00,512-DEBUG-root-18612::webapp_internal::wait_blocker|2444:: Waiting blocker to continue...
2025-12-16 12:38:00,582-DEBUG-root-18612::webapp_internal::wait_blocker|2469:: Blocker status: False
2025-12-16 12:38:00,599-DEBUG-root-18612::webapp_internal::wait_blocker|2444:: Waiting blocker to continue...
2025-12-16 12:38:00,670-DEBUG-root-18612::webapp_internal::wait_blocker|2469:: Blocker status: False
2025-12-16 12:38:00,670-DEBUG-root-18612::webapp_internal::send_action|10480:: Trying to send action
2025-12-16 12:38:00,672-DEBUG-root-18612::base::click|192:: Click Type: ClickType.JS
2025-12-16 12:38:01,705-DEBUG-root-18612::webapp_internal::send_action|10522:: send_action method result = True
2025-12-16 12:38:01,705-DEBUG-root-18612::webapp_internal::send_action|10523:: send_action selenium status: False
2025-12-16 12:38:01,705-DEBUG-root-18612::webapp_internal::SetButton|4683:: ***System Info*** After Clicking on button:
2025-12-16 12:38:01,706-DEBUG-root-18612::psutil_info::system_info|5:: CPU USAGE: 5.0%
2025-12-16 12:38:01,706-DEBUG-root-18612::psutil_info::system_info|6:: MEMORY USAGE: 86.9%
2025-12-16 12:38:01,706-DEBUG-root-18612::psutil_info::system_info|7:: MEMORY AVAILABLE: 13.08%
2025-12-16 12:38:01,707-DEBUG-root-18612::webapp_internal::wait_element|7623:: Waiting for element
2025-12-16 12:38:01,790-INFO-root-18612::webapp_internal::SetLateralMenu|4184:: Navigating lateral menu: Atualizações > Gestao de Viagens > Solicitações
2025-12-16 12:38:01,799-DEBUG-root-18612::webapp_internal::wait_element|7623:: Waiting for element
2025-12-16 12:38:01,834-DEBUG-root-18612::webapp_internal::wait_element|7653:: Element found! Waiting for element to be displayed.
2025-12-16 12:38:01,991-INFO-root-18612::webapp_internal::SetLateralMenu|4203:: Menu item: "Atualizações"
2025-12-16 12:38:01,991-DEBUG-root-18612::webapp_internal::wait_blocker|2444:: Waiting blocker to continue...
2025-12-16 12:38:02,052-DEBUG-root-18612::webapp_internal::wait_blocker|2469:: Blocker status: False
2025-12-16 12:38:02,460-DEBUG-root-18612::webapp_internal::wait_element_timeout|7726:: Element found! Waiting for element to be displayed.
2025-12-16 12:38:02,793-DEBUG-root-18612::webapp_internal::wait_blocker|2444:: Waiting blocker to continue...
2025-12-16 12:38:02,854-DEBUG-root-18612::webapp_internal::wait_blocker|2469:: Blocker status: False
2025-12-16 12:38:05,144-INFO-root-18612::webapp_internal::SetLateralMenu|4203:: Menu item: "Gestao de Viagens"
2025-12-16 12:38:05,144-DEBUG-root-18612::webapp_internal::wait_blocker|2444:: Waiting blocker to continue...
2025-12-16 12:38:05,324-DEBUG-root-18612::webapp_internal::wait_blocker|2469:: Blocker status: False
2025-12-16 12:38:06,058-DEBUG-root-18612::webapp_internal::wait_element_timeout|7726:: Element found! Waiting for element to be displayed.
2025-12-16 12:38:06,731-DEBUG-root-18612::webapp_internal::wait_blocker|2444:: Waiting blocker to continue...
2025-12-16 12:38:06,837-DEBUG-root-18612::webapp_internal::wait_blocker|2469:: Blocker status: False
2025-12-16 12:38:09,111-INFO-root-18612::webapp_internal::SetLateralMenu|4203:: Menu item: "Solicitações"
2025-12-16 12:38:09,111-DEBUG-root-18612::webapp_internal::wait_blocker|2444:: Waiting blocker to continue...
2025-12-16 12:38:09,189-DEBUG-root-18612::webapp_internal::wait_blocker|2469:: Blocker status: False
2025-12-16 12:38:10,060-DEBUG-root-18612::webapp_internal::wait_element_timeout|7726:: Element found! Waiting for element to be displayed.
2025-12-16 12:38:10,812-DEBUG-root-18612::webapp_internal::wait_blocker|2444:: Waiting blocker to continue...
2025-12-16 12:38:10,886-DEBUG-root-18612::webapp_internal::wait_blocker|2469:: Blocker status: False
2025-12-16 12:38:14,361-DEBUG-root-18612::webapp_internal::wait_blocker|2444:: Waiting blocker to continue...
2025-12-16 12:38:14,436-DEBUG-root-18612::webapp_internal::wait_blocker|2469:: Blocker status: False
2025-12-16 12:38:14,512-INFO-root-18612::webapp_internal::WaitShow|4980:: Waiting show text 'Este ambiente utiliza base de Homologação.'...
2025-12-16 12:38:20,295-INFO-root-18612::webapp_internal::WaitShow|4980:: Waiting show text 'Moedas'...
2025-12-16 12:38:25,324-INFO-root-18612::webapp_internal::WaitShow|4980:: Waiting show text 'Solicitação de Viagens/Treinamento'...
2025-12-16 12:38:25,379-INFO-root-18612::webapp_internal::WaitShow|4996:: Text found! 
2025-12-16 12:38:25,379-INFO-root-18612::webapp_internal::SetButton|4444:: Clicking on Incluir
2025-12-16 12:38:25,379-DEBUG-root-18612::webapp_internal::wait_blocker|2444:: Waiting blocker to continue...
2025-12-16 12:38:25,489-DEBUG-root-18612::webapp_internal::wait_blocker|2469:: Blocker status: False
2025-12-16 12:38:25,878-DEBUG-root-18612::webapp_internal::wait_element_timeout|7726:: Element found! Waiting for element to be displayed.
2025-12-16 12:38:26,139-DEBUG-root-18612::webapp_internal::SetButton|4481:: ***System Info*** Before Clicking on button:Incluir
2025-12-16 12:38:26,139-DEBUG-root-18612::psutil_info::system_info|5:: CPU USAGE: 8.1%
2025-12-16 12:38:26,140-DEBUG-root-18612::psutil_info::system_info|6:: MEMORY USAGE: 87.4%
2025-12-16 12:38:26,140-DEBUG-root-18612::psutil_info::system_info|7:: MEMORY AVAILABLE: 12.57%
2025-12-16 12:38:26,508-DEBUG-root-18612::webapp_internal::wait_element_timeout|7726:: Element found! Waiting for element to be displayed.
2025-12-16 12:38:26,838-DEBUG-root-18612::webapp_internal::wait_blocker|2444:: Waiting blocker to continue...
2025-12-16 12:38:26,922-DEBUG-root-18612::webapp_internal::wait_blocker|2469:: Blocker status: False
2025-12-16 12:38:26,945-DEBUG-root-18612::webapp_internal::wait_blocker|2444:: Waiting blocker to continue...
2025-12-16 12:38:27,033-DEBUG-root-18612::webapp_internal::wait_blocker|2469:: Blocker status: False
2025-12-16 12:38:27,034-DEBUG-root-18612::webapp_internal::send_action|10480:: Trying to send action
2025-12-16 12:38:27,037-DEBUG-root-18612::base::click|192:: Click Type: ClickType.JS
2025-12-16 12:38:28,255-DEBUG-root-18612::webapp_internal::send_action|10522:: send_action method result = True
2025-12-16 12:38:28,255-DEBUG-root-18612::webapp_internal::send_action|10523:: send_action selenium status: True
2025-12-16 12:38:28,255-DEBUG-root-18612::webapp_internal::SetButton|4683:: ***System Info*** After Clicking on button:
2025-12-16 12:38:28,255-DEBUG-root-18612::psutil_info::system_info|5:: CPU USAGE: 8.7%
2025-12-16 12:38:28,256-DEBUG-root-18612::psutil_info::system_info|6:: MEMORY USAGE: 87.0%
2025-12-16 12:38:28,256-DEBUG-root-18612::psutil_info::system_info|7:: MEMORY AVAILABLE: 12.97%
2025-12-16 12:38:28,457-DEBUG-root-18612::webapp_internal::wait_blocker|2444:: Waiting blocker to continue...
2025-12-16 12:38:28,557-DEBUG-root-18612::webapp_internal::wait_blocker|2469:: Blocker status: False
2025-12-16 12:38:28,557-INFO-root-18612::webapp_internal::SearchBrowse|2003:: Searching: 02DF0001
2025-12-16 12:38:28,711-DEBUG-root-18612::webapp_internal::wait_element_timeout|7726:: Element found! Waiting for element to be displayed.
2025-12-16 12:38:28,800-DEBUG-root-18612::webapp_internal::wait_blocker|2444:: Waiting blocker to continue...
2025-12-16 12:38:28,897-DEBUG-root-18612::webapp_internal::wait_blocker|2469:: Blocker status: False
2025-12-16 12:38:28,908-DEBUG-root-18612::webapp_internal::wait_blocker|2444:: Waiting blocker to continue...
2025-12-16 12:38:29,010-DEBUG-root-18612::webapp_internal::wait_blocker|2469:: Blocker status: False
2025-12-16 12:38:29,011-INFO-root-18612::webapp_internal::fill_search_browse|2399:: Filling: 02DF0001
2025-12-16 12:38:29,027-DEBUG-root-18612::base::click|192:: Click Type: ClickType.JS
2025-12-16 12:38:30,125-DEBUG-root-18612::webapp_internal::wait_blocker|2444:: Waiting blocker to continue...
2025-12-16 12:38:30,226-DEBUG-root-18612::webapp_internal::wait_blocker|2469:: Blocker status: False
2025-12-16 12:38:30,228-DEBUG-root-18612::base::double_click|259:: Click Type: ClickType.SELENIUM
2025-12-16 12:38:30,234-WARNING-root-18612::base::double_click|280:: Warning double_click method Exception: Message: Element <button class="button-image" type="button"> is not clickable at point (1258,360) because another element <wa-button id="COMP6023" class="dict-tbutton focus"> obscures it
Stacktrace:
RemoteError@chrome://remote/content/shared/RemoteError.sys.mjs:8:8
WebDriverError@chrome://remote/content/shared/webdriver/Errors.sys.mjs:202:5
ElementClickInterceptedError@chrome://remote/content/shared/webdriver/Errors.sys.mjs:354:5
webdriverClickElement@chrome://remote/content/marionette/interaction.sys.mjs:175:11
interaction.clickElement@chrome://remote/content/marionette/interaction.sys.mjs:134:11
clickElement@chrome://remote/content/marionette/actors/MarionetteCommandsChild.sys.mjs:327:29
receiveMessage@chrome://remote/content/marionette/actors/MarionetteCommandsChild.sys.mjs:210:31

2025-12-16 12:38:30,531-INFO-root-18612::webapp_internal::SetButton|4444:: Clicking on OK
2025-12-16 12:38:30,531-DEBUG-root-18612::webapp_internal::wait_blocker|2444:: Waiting blocker to continue...
2025-12-16 12:38:30,658-DEBUG-root-18612::webapp_internal::wait_blocker|2469:: Blocker status: False
2025-12-16 12:38:30,980-DEBUG-root-18612::webapp_internal::wait_element_timeout|7726:: Element found! Waiting for element to be displayed.
2025-12-16 12:38:31,170-DEBUG-root-18612::webapp_internal::SetButton|4481:: ***System Info*** Before Clicking on button:OK
2025-12-16 12:38:31,170-DEBUG-root-18612::psutil_info::system_info|5:: CPU USAGE: 9.8%
2025-12-16 12:38:31,171-DEBUG-root-18612::psutil_info::system_info|6:: MEMORY USAGE: 86.8%
2025-12-16 12:38:31,171-DEBUG-root-18612::psutil_info::system_info|7:: MEMORY AVAILABLE: 13.15%
2025-12-16 12:38:31,462-DEBUG-root-18612::webapp_internal::wait_element_timeout|7726:: Element found! Waiting for element to be displayed.
2025-12-16 12:38:31,690-DEBUG-root-18612::webapp_internal::wait_blocker|2444:: Waiting blocker to continue...
2025-12-16 12:38:31,787-DEBUG-root-18612::webapp_internal::wait_blocker|2469:: Blocker status: False
2025-12-16 12:38:31,810-DEBUG-root-18612::webapp_internal::wait_blocker|2444:: Waiting blocker to continue...
2025-12-16 12:38:31,907-DEBUG-root-18612::webapp_internal::wait_blocker|2469:: Blocker status: False
2025-12-16 12:38:31,907-DEBUG-root-18612::webapp_internal::send_action|10480:: Trying to send action
2025-12-16 12:38:31,909-DEBUG-root-18612::base::click|192:: Click Type: ClickType.JS
2025-12-16 12:38:34,442-DEBUG-root-18612::webapp_internal::send_action|10522:: send_action method result = True
2025-12-16 12:38:34,443-DEBUG-root-18612::webapp_internal::send_action|10523:: send_action selenium status: True
2025-12-16 12:38:34,443-DEBUG-root-18612::webapp_internal::SetButton|4683:: ***System Info*** After Clicking on button:
2025-12-16 12:38:34,443-DEBUG-root-18612::psutil_info::system_info|5:: CPU USAGE: 10.6%
2025-12-16 12:38:34,444-DEBUG-root-18612::psutil_info::system_info|6:: MEMORY USAGE: 87.0%
2025-12-16 12:38:34,444-DEBUG-root-18612::psutil_info::system_info|7:: MEMORY AVAILABLE: 13.04%
2025-12-16 12:38:34,645-INFO-root-18612::webapp_internal::WaitShow|4980:: Waiting show text 'Solicitacoes de Viagens - INCLUIR'...
2025-12-16 12:38:34,863-INFO-root-18612::webapp_internal::WaitShow|4996:: Text found! 
2025-12-16 12:38:36,305-DEBUG-root-18612::webapp_internal::get_web_value|3232:: Current value: 003692
2025-12-16 12:38:36,305-INFO-root-18612::webapp_internal::GetValue|3393:: Current value: 003692
2025-12-16 12:38:36,306-DEBUG-root-18612::webapp_internal::wait_blocker|2444:: Waiting blocker to continue...
2025-12-16 12:38:36,479-DEBUG-root-18612::webapp_internal::wait_blocker|2469:: Blocker status: False
2025-12-16 12:38:36,479-DEBUG-root-18612::webapp_internal::wait_element|7623:: Waiting for element
2025-12-16 12:38:36,564-DEBUG-root-18612::webapp_internal::wait_element|7653:: Element found! Waiting for element to be displayed.
2025-12-16 12:38:36,638-INFO-root-18612::webapp_internal::input_value|2941:: Looking for element: ZV3_DESCRI
2025-12-16 12:38:36,848-INFO-root-18612::webapp_internal::input_value|2951:: Element: ZV3_DESCRI Found!
2025-12-16 12:38:36,849-INFO-root-18612::webapp_internal::input_value|2953:: Filling element: ZV3_DESCRI
2025-12-16 12:38:36,893-DEBUG-root-18612::webapp_internal::get_web_value|3232:: Current value:                                                   
2025-12-16 12:38:36,944-DEBUG-root-18612::base::double_click|259:: Click Type: ClickType.SELENIUM
2025-12-16 12:38:37,215-DEBUG-root-18612::webapp_internal::wait_blocker|2444:: Waiting blocker to continue...
2025-12-16 12:38:37,375-DEBUG-root-18612::webapp_internal::wait_blocker|2469:: Blocker status: False
2025-12-16 12:38:37,749-DEBUG-root-18612::webapp_internal::get_web_value|3232:: Current value: USO PARA TESTE AUTOMATIZADO                       
2025-12-16 12:38:37,749-INFO-root-18612::webapp_internal::input_value|3059:: Current field value: USO PARA TESTE AUTOMATIZADO
2025-12-16 12:38:37,782-DEBUG-root-18612::webapp_internal::wait_blocker|2444:: Waiting blocker to continue...
2025-12-16 12:38:37,923-DEBUG-root-18612::webapp_internal::wait_blocker|2469:: Blocker status: False
2025-12-16 12:38:37,924-DEBUG-root-18612::webapp_internal::wait_element|7623:: Waiting for element
2025-12-16 12:38:38,007-DEBUG-root-18612::webapp_internal::wait_element|7653:: Element found! Waiting for element to be displayed.
2025-12-16 12:38:38,077-INFO-root-18612::webapp_internal::input_value|2941:: Looking for element: ZV3_DTINI
2025-12-16 12:38:38,244-INFO-root-18612::webapp_internal::input_value|2951:: Element: ZV3_DTINI Found!
2025-12-16 12:38:38,244-INFO-root-18612::webapp_internal::input_value|2953:: Filling element: ZV3_DTINI
2025-12-16 12:38:38,278-DEBUG-root-18612::webapp_internal::get_web_value|3232:: Current value:   /  /    
2025-12-16 12:38:38,312-DEBUG-root-18612::base::double_click|259:: Click Type: ClickType.SELENIUM
2025-12-16 12:38:38,577-DEBUG-root-18612::webapp_internal::wait_blocker|2444:: Waiting blocker to continue...
2025-12-16 12:38:38,712-DEBUG-root-18612::webapp_internal::wait_blocker|2469:: Blocker status: False
2025-12-16 12:38:39,049-DEBUG-root-18612::webapp_internal::get_web_value|3232:: Current value: 21/12/2025
2025-12-16 12:38:39,050-INFO-root-18612::webapp_internal::input_value|3059:: Current field value: 21122025
2025-12-16 12:38:39,060-DEBUG-root-18612::webapp_internal::wait_blocker|2444:: Waiting blocker to continue...
2025-12-16 12:38:39,227-DEBUG-root-18612::webapp_internal::wait_blocker|2469:: Blocker status: False
2025-12-16 12:38:39,228-DEBUG-root-18612::webapp_internal::wait_element|7623:: Waiting for element
2025-12-16 12:38:39,361-DEBUG-root-18612::webapp_internal::wait_element|7653:: Element found! Waiting for element to be displayed.
2025-12-16 12:38:39,431-INFO-root-18612::webapp_internal::input_value|2941:: Looking for element: ZV3_DTFIM
2025-12-16 12:38:39,620-INFO-root-18612::webapp_internal::input_value|2951:: Element: ZV3_DTFIM Found!
2025-12-16 12:38:39,621-INFO-root-18612::webapp_internal::input_value|2953:: Filling element: ZV3_DTFIM
2025-12-16 12:38:39,657-DEBUG-root-18612::webapp_internal::get_web_value|3232:: Current value:   /  /    
2025-12-16 12:38:39,694-DEBUG-root-18612::base::double_click|259:: Click Type: ClickType.SELENIUM
2025-12-16 12:38:39,956-DEBUG-root-18612::webapp_internal::wait_blocker|2444:: Waiting blocker to continue...
2025-12-16 12:38:40,092-DEBUG-root-18612::webapp_internal::wait_blocker|2469:: Blocker status: False
2025-12-16 12:38:40,425-DEBUG-root-18612::webapp_internal::get_web_value|3232:: Current value: 26/12/2025
2025-12-16 12:38:40,425-INFO-root-18612::webapp_internal::input_value|3059:: Current field value: 26122025
2025-12-16 12:38:41,438-DEBUG-root-18612::webapp_internal::wait_blocker|2444:: Waiting blocker to continue...
2025-12-16 12:38:41,576-DEBUG-root-18612::webapp_internal::wait_blocker|2469:: Blocker status: False
2025-12-16 12:38:41,576-DEBUG-root-18612::webapp_internal::wait_element|7623:: Waiting for element
2025-12-16 12:38:41,676-DEBUG-root-18612::webapp_internal::wait_element|7653:: Element found! Waiting for element to be displayed.
2025-12-16 12:38:41,747-INFO-root-18612::webapp_internal::input_value|2941:: Looking for element: ZV3_CC
2025-12-16 12:38:41,917-INFO-root-18612::webapp_internal::input_value|2951:: Element: ZV3_CC Found!
2025-12-16 12:38:41,917-INFO-root-18612::webapp_internal::input_value|2953:: Filling element: ZV3_CC
2025-12-16 12:38:41,942-DEBUG-root-18612::webapp_internal::get_web_value|3232:: Current value:          
2025-12-16 12:38:41,977-DEBUG-root-18612::base::double_click|259:: Click Type: ClickType.SELENIUM
2025-12-16 12:38:42,224-DEBUG-root-18612::webapp_internal::wait_blocker|2444:: Waiting blocker to continue...
2025-12-16 12:38:42,388-DEBUG-root-18612::webapp_internal::wait_blocker|2469:: Blocker status: False
2025-12-16 12:38:42,729-DEBUG-root-18612::webapp_internal::get_web_value|3232:: Current value: 000000677
2025-12-16 12:38:42,730-INFO-root-18612::webapp_internal::input_value|3059:: Current field value: 000000677
2025-12-16 12:38:42,744-DEBUG-root-18612::webapp_internal::wait_blocker|2444:: Waiting blocker to continue...
2025-12-16 12:38:42,898-DEBUG-root-18612::webapp_internal::wait_blocker|2469:: Blocker status: False
2025-12-16 12:38:42,898-DEBUG-root-18612::webapp_internal::wait_element|7623:: Waiting for element
2025-12-16 12:38:42,994-DEBUG-root-18612::webapp_internal::wait_element|7653:: Element found! Waiting for element to be displayed.
2025-12-16 12:38:43,062-INFO-root-18612::webapp_internal::input_value|2941:: Looking for element: ZV3_TIPO
2025-12-16 12:38:43,220-INFO-root-18612::webapp_internal::input_value|2951:: Element: ZV3_TIPO Found!
2025-12-16 12:38:43,220-INFO-root-18612::webapp_internal::input_value|2953:: Filling element: ZV3_TIPO
2025-12-16 12:38:44,419-INFO-root-18612::base::select_combo|871:: Selected value for combo is: 1 - Servico
2025-12-16 12:38:44,461-DEBUG-root-18612::webapp_internal::wait_blocker|2444:: Waiting blocker to continue...
2025-12-16 12:38:44,595-DEBUG-root-18612::webapp_internal::wait_blocker|2469:: Blocker status: False
2025-12-16 12:38:44,595-DEBUG-root-18612::webapp_internal::wait_element|7623:: Waiting for element
2025-12-16 12:38:44,677-DEBUG-root-18612::webapp_internal::wait_element|7653:: Element found! Waiting for element to be displayed.
2025-12-16 12:38:44,795-INFO-root-18612::webapp_internal::input_value|2941:: Looking for element: ZV3_OBS
2025-12-16 12:38:44,990-INFO-root-18612::webapp_internal::input_value|2951:: Element: ZV3_OBS Found!
2025-12-16 12:38:44,990-INFO-root-18612::webapp_internal::input_value|2953:: Filling element: ZV3_OBS
2025-12-16 12:38:45,017-DEBUG-root-18612::webapp_internal::get_web_value|3232:: Current value: 
2025-12-16 12:38:45,042-DEBUG-root-18612::base::double_click|259:: Click Type: ClickType.SELENIUM
2025-12-16 12:38:45,297-DEBUG-root-18612::webapp_internal::wait_blocker|2444:: Waiting blocker to continue...
2025-12-16 12:38:45,458-DEBUG-root-18612::webapp_internal::wait_blocker|2469:: Blocker status: False
2025-12-16 12:38:45,804-DEBUG-root-18612::webapp_internal::get_web_value|3232:: Current value: TESTE DE SOLICITAÇÃO DE VIAGEM
2025-12-16 12:38:45,804-INFO-root-18612::webapp_internal::input_value|3059:: Current field value: TESTE DE SOLICITAÇÃO DE VIAGEM
2025-12-16 12:38:45,815-DEBUG-root-18612::webapp_internal::wait_blocker|2444:: Waiting blocker to continue...
2025-12-16 12:38:45,963-DEBUG-root-18612::webapp_internal::wait_blocker|2469:: Blocker status: False
2025-12-16 12:38:45,964-INFO-root-18612::webapp_internal::SetKey|5822:: Key pressed: TAB
2025-12-16 12:38:45,964-DEBUG-root-18612::webapp_internal::SetKey|5857:: Trying press key
2025-12-16 12:38:46,096-DEBUG-root-18612::webapp_internal::wait_blocker|2444:: Waiting blocker to continue...
2025-12-16 12:38:46,229-DEBUG-root-18612::webapp_internal::wait_blocker|2469:: Blocker status: False
2025-12-16 12:38:46,257-DEBUG-root-18612::webapp_internal::wait_blocker|2444:: Waiting blocker to continue...
2025-12-16 12:38:46,425-DEBUG-root-18612::webapp_internal::wait_blocker|2469:: Blocker status: False
2025-12-16 12:38:46,425-DEBUG-root-18612::webapp_internal::send_action|10480:: Trying to send action
2025-12-16 12:38:47,468-DEBUG-root-18612::webapp_internal::send_action|10522:: send_action method result = True
2025-12-16 12:38:47,468-DEBUG-root-18612::webapp_internal::send_action|10523:: send_action selenium status: False
2025-12-16 12:38:47,468-DEBUG-root-18612::webapp_internal::wait_element|7623:: Waiting for element
2025-12-16 12:38:47,579-DEBUG-root-18612::webapp_internal::wait_element|7653:: Element found! Waiting for element to be displayed.
2025-12-16 12:38:47,839-DEBUG-root-18612::webapp_internal::wait_blocker|2444:: Waiting blocker to continue...
2025-12-16 12:38:47,960-DEBUG-root-18612::webapp_internal::wait_blocker|2469:: Blocker status: False
2025-12-16 12:38:47,960-INFO-root-18612::webapp_internal::LoadGrid|6298:: Filling grid field: Favorecido
2025-12-16 12:38:47,961-DEBUG-root-18612::webapp_internal::fill_grid|6399:: Grid loading...
2025-12-16 12:38:48,114-DEBUG-root-18612::webapp_internal::fill_grid|6466:: Column found!
2025-12-16 12:38:48,155-DEBUG-root-18612::base::click|192:: Click Type: ClickType.ACTIONCHAINS
2025-12-16 12:38:48,444-DEBUG-root-18612::webapp_internal::fill_grid|6486:: Trying to select cell in grid!
2025-12-16 12:38:48,447-DEBUG-root-18612::base::click|192:: Click Type: ClickType.ACTIONCHAINS
2025-12-16 12:38:48,730-DEBUG-root-18612::webapp_internal::fill_grid|6486:: Trying to select cell in grid!
2025-12-16 12:38:48,732-DEBUG-root-18612::base::click|192:: Click Type: ClickType.ACTIONCHAINS
2025-12-16 12:38:49,011-DEBUG-root-18612::webapp_internal::fill_grid|6486:: Trying to select cell in grid!
2025-12-16 12:38:49,013-DEBUG-root-18612::base::click|192:: Click Type: ClickType.ACTIONCHAINS
2025-12-16 12:38:49,307-DEBUG-root-18612::webapp_internal::fill_grid|6486:: Trying to select cell in grid!
2025-12-16 12:38:49,309-DEBUG-root-18612::base::click|192:: Click Type: ClickType.ACTIONCHAINS
2025-12-16 12:38:49,603-DEBUG-root-18612::webapp_internal::fill_grid|6486:: Trying to select cell in grid!
2025-12-16 12:38:49,606-DEBUG-root-18612::base::click|192:: Click Type: ClickType.ACTIONCHAINS
2025-12-16 12:38:49,893-DEBUG-root-18612::webapp_internal::fill_grid|6486:: Trying to select cell in grid!
2025-12-16 12:38:49,895-DEBUG-root-18612::base::click|192:: Click Type: ClickType.ACTIONCHAINS
2025-12-16 12:38:50,160-DEBUG-root-18612::webapp_internal::fill_grid|6486:: Trying to select cell in grid!
2025-12-16 12:38:50,162-DEBUG-root-18612::base::click|192:: Click Type: ClickType.ACTIONCHAINS
2025-12-16 12:38:50,455-DEBUG-root-18612::webapp_internal::fill_grid|6486:: Trying to select cell in grid!
2025-12-16 12:38:50,457-DEBUG-root-18612::base::click|192:: Click Type: ClickType.ACTIONCHAINS
2025-12-16 12:38:50,744-DEBUG-root-18612::webapp_internal::fill_grid|6486:: Trying to select cell in grid!
2025-12-16 12:38:50,746-DEBUG-root-18612::base::click|192:: Click Type: ClickType.ACTIONCHAINS
2025-12-16 12:38:51,011-DEBUG-root-18612::webapp_internal::fill_grid|6486:: Trying to select cell in grid!
2025-12-16 12:38:51,012-DEBUG-root-18612::base::click|192:: Click Type: ClickType.ACTIONCHAINS
2025-12-16 12:38:51,306-DEBUG-root-18612::webapp_internal::fill_grid|6486:: Trying to select cell in grid!
2025-12-16 12:38:51,309-DEBUG-root-18612::base::click|192:: Click Type: ClickType.ACTIONCHAINS
2025-12-16 12:38:51,600-DEBUG-root-18612::webapp_internal::fill_grid|6486:: Trying to select cell in grid!
2025-12-16 12:38:51,603-DEBUG-root-18612::base::click|192:: Click Type: ClickType.ACTIONCHAINS
2025-12-16 12:38:51,894-DEBUG-root-18612::webapp_internal::fill_grid|6486:: Trying to select cell in grid!
2025-12-16 12:38:51,896-DEBUG-root-18612::base::click|192:: Click Type: ClickType.ACTIONCHAINS
2025-12-16 12:38:52,187-DEBUG-root-18612::webapp_internal::fill_grid|6486:: Trying to select cell in grid!
2025-12-16 12:38:52,189-DEBUG-root-18612::base::click|192:: Click Type: ClickType.ACTIONCHAINS
2025-12-16 12:38:52,477-DEBUG-root-18612::webapp_internal::fill_grid|6486:: Trying to select cell in grid!
2025-12-16 12:38:52,480-DEBUG-root-18612::base::click|192:: Click Type: ClickType.ACTIONCHAINS
2025-12-16 12:38:52,775-DEBUG-root-18612::webapp_internal::fill_grid|6486:: Trying to select cell in grid!
2025-12-16 12:38:52,778-DEBUG-root-18612::base::click|192:: Click Type: ClickType.ACTIONCHAINS
2025-12-16 12:38:53,071-DEBUG-root-18612::webapp_internal::fill_grid|6486:: Trying to select cell in grid!
2025-12-16 12:38:53,073-DEBUG-root-18612::base::click|192:: Click Type: ClickType.ACTIONCHAINS
2025-12-16 12:38:53,361-DEBUG-root-18612::webapp_internal::fill_grid|6486:: Trying to select cell in grid!
2025-12-16 12:38:53,363-DEBUG-root-18612::base::click|192:: Click Type: ClickType.ACTIONCHAINS
2025-12-16 12:38:53,658-DEBUG-root-18612::webapp_internal::fill_grid|6486:: Trying to select cell in grid!
2025-12-16 12:38:53,660-DEBUG-root-18612::base::click|192:: Click Type: ClickType.ACTIONCHAINS
2025-12-16 12:38:53,947-DEBUG-root-18612::webapp_internal::fill_grid|6486:: Trying to select cell in grid!
2025-12-16 12:38:53,949-DEBUG-root-18612::base::click|192:: Click Type: ClickType.ACTIONCHAINS
2025-12-16 12:38:54,243-DEBUG-root-18612::webapp_internal::fill_grid|6486:: Trying to select cell in grid!
2025-12-16 12:38:54,245-DEBUG-root-18612::base::click|192:: Click Type: ClickType.ACTIONCHAINS
2025-12-16 12:38:54,540-DEBUG-root-18612::webapp_internal::fill_grid|6486:: Trying to select cell in grid!
2025-12-16 12:38:54,542-DEBUG-root-18612::base::click|192:: Click Type: ClickType.ACTIONCHAINS
2025-12-16 12:38:54,828-DEBUG-root-18612::webapp_internal::fill_grid|6486:: Trying to select cell in grid!
2025-12-16 12:38:54,830-DEBUG-root-18612::base::click|192:: Click Type: ClickType.ACTIONCHAINS
2025-12-16 12:38:55,126-DEBUG-root-18612::webapp_internal::fill_grid|6486:: Trying to select cell in grid!
2025-12-16 12:38:55,128-DEBUG-root-18612::base::click|192:: Click Type: ClickType.ACTIONCHAINS
2025-12-16 12:38:55,423-DEBUG-root-18612::webapp_internal::fill_grid|6486:: Trying to select cell in grid!
2025-12-16 12:38:55,425-DEBUG-root-18612::base::click|192:: Click Type: ClickType.ACTIONCHAINS
2025-12-16 12:38:55,717-DEBUG-root-18612::webapp_internal::fill_grid|6486:: Trying to select cell in grid!
2025-12-16 12:38:55,720-DEBUG-root-18612::base::click|192:: Click Type: ClickType.ACTIONCHAINS
2025-12-16 12:38:56,012-DEBUG-root-18612::webapp_internal::fill_grid|6486:: Trying to select cell in grid!
2025-12-16 12:38:56,014-DEBUG-root-18612::base::click|192:: Click Type: ClickType.ACTIONCHAINS
2025-12-16 12:38:56,310-DEBUG-root-18612::webapp_internal::fill_grid|6486:: Trying to select cell in grid!
2025-12-16 12:38:56,312-DEBUG-root-18612::base::click|192:: Click Type: ClickType.ACTIONCHAINS
2025-12-16 12:38:56,607-DEBUG-root-18612::webapp_internal::fill_grid|6486:: Trying to select cell in grid!
2025-12-16 12:38:56,609-DEBUG-root-18612::base::click|192:: Click Type: ClickType.ACTIONCHAINS
2025-12-16 12:38:56,894-DEBUG-root-18612::webapp_internal::fill_grid|6486:: Trying to select cell in grid!
2025-12-16 12:38:56,896-DEBUG-root-18612::base::click|192:: Click Type: ClickType.ACTIONCHAINS
2025-12-16 12:38:57,192-DEBUG-root-18612::webapp_internal::fill_grid|6486:: Trying to select cell in grid!
2025-12-16 12:38:57,194-DEBUG-root-18612::base::click|192:: Click Type: ClickType.ACTIONCHAINS
2025-12-16 12:38:57,488-DEBUG-root-18612::webapp_internal::fill_grid|6486:: Trying to select cell in grid!
2025-12-16 12:38:57,490-DEBUG-root-18612::base::click|192:: Click Type: ClickType.ACTIONCHAINS
2025-12-16 12:38:57,775-DEBUG-root-18612::webapp_internal::fill_grid|6486:: Trying to select cell in grid!
2025-12-16 12:38:57,778-DEBUG-root-18612::base::click|192:: Click Type: ClickType.ACTIONCHAINS
2025-12-16 12:38:58,041-DEBUG-root-18612::webapp_internal::fill_grid|6486:: Trying to select cell in grid!
2025-12-16 12:38:58,043-DEBUG-root-18612::base::click|192:: Click Type: ClickType.ACTIONCHAINS
2025-12-16 12:38:58,332-DEBUG-root-18612::webapp_internal::fill_grid|6486:: Trying to select cell in grid!
2025-12-16 12:38:58,337-DEBUG-root-18612::base::click|192:: Click Type: ClickType.ACTIONCHAINS
2025-12-16 12:38:58,627-DEBUG-root-18612::webapp_internal::fill_grid|6486:: Trying to select cell in grid!
2025-12-16 12:38:58,629-DEBUG-root-18612::base::click|192:: Click Type: ClickType.ACTIONCHAINS
2025-12-16 12:38:58,923-DEBUG-root-18612::webapp_internal::fill_grid|6486:: Trying to select cell in grid!
2025-12-16 12:38:58,925-DEBUG-root-18612::base::click|192:: Click Type: ClickType.ACTIONCHAINS
2025-12-16 12:38:59,216-DEBUG-root-18612::webapp_internal::fill_grid|6486:: Trying to select cell in grid!
2025-12-16 12:38:59,220-DEBUG-root-18612::base::click|192:: Click Type: ClickType.ACTIONCHAINS
2025-12-16 12:38:59,511-DEBUG-root-18612::webapp_internal::fill_grid|6486:: Trying to select cell in grid!
2025-12-16 12:38:59,512-DEBUG-root-18612::base::click|192:: Click Type: ClickType.ACTIONCHAINS
2025-12-16 12:38:59,804-DEBUG-root-18612::webapp_internal::fill_grid|6486:: Trying to select cell in grid!
2025-12-16 12:38:59,807-DEBUG-root-18612::base::click|192:: Click Type: ClickType.ACTIONCHAINS
2025-12-16 12:39:00,098-DEBUG-root-18612::webapp_internal::fill_grid|6486:: Trying to select cell in grid!
2025-12-16 12:39:00,104-DEBUG-root-18612::base::click|192:: Click Type: ClickType.ACTIONCHAINS
2025-12-16 12:39:00,391-DEBUG-root-18612::webapp_internal::fill_grid|6486:: Trying to select cell in grid!
2025-12-16 12:39:00,393-DEBUG-root-18612::base::click|192:: Click Type: ClickType.ACTIONCHAINS
2025-12-16 12:39:00,657-DEBUG-root-18612::webapp_internal::fill_grid|6486:: Trying to select cell in grid!
2025-12-16 12:39:00,659-DEBUG-root-18612::base::click|192:: Click Type: ClickType.ACTIONCHAINS
2025-12-16 12:39:00,947-DEBUG-root-18612::webapp_internal::fill_grid|6486:: Trying to select cell in grid!
2025-12-16 12:39:00,949-DEBUG-root-18612::base::click|192:: Click Type: ClickType.ACTIONCHAINS
2025-12-16 12:39:01,244-DEBUG-root-18612::webapp_internal::fill_grid|6486:: Trying to select cell in grid!
2025-12-16 12:39:01,248-DEBUG-root-18612::base::click|192:: Click Type: ClickType.ACTIONCHAINS
2025-12-16 12:39:01,540-DEBUG-root-18612::webapp_internal::fill_grid|6486:: Trying to select cell in grid!
2025-12-16 12:39:01,542-DEBUG-root-18612::base::click|192:: Click Type: ClickType.ACTIONCHAINS
2025-12-16 12:39:01,831-DEBUG-root-18612::webapp_internal::fill_grid|6486:: Trying to select cell in grid!
2025-12-16 12:39:01,837-DEBUG-root-18612::base::click|192:: Click Type: ClickType.ACTIONCHAINS
2025-12-16 12:39:02,127-DEBUG-root-18612::webapp_internal::fill_grid|6486:: Trying to select cell in grid!
2025-12-16 12:39:02,129-DEBUG-root-18612::base::click|192:: Click Type: ClickType.ACTIONCHAINS
2025-12-16 12:39:02,412-DEBUG-root-18612::webapp_internal::fill_grid|6486:: Trying to select cell in grid!
2025-12-16 12:39:02,414-DEBUG-root-18612::base::click|192:: Click Type: ClickType.ACTIONCHAINS
2025-12-16 12:39:02,705-DEBUG-root-18612::webapp_internal::fill_grid|6486:: Trying to select cell in grid!
2025-12-16 12:39:02,708-DEBUG-root-18612::base::click|192:: Click Type: ClickType.ACTIONCHAINS
2025-12-16 12:39:02,994-DEBUG-root-18612::webapp_internal::fill_grid|6486:: Trying to select cell in grid!
2025-12-16 12:39:02,997-DEBUG-root-18612::base::click|192:: Click Type: ClickType.ACTIONCHAINS
2025-12-16 12:39:03,291-DEBUG-root-18612::webapp_internal::fill_grid|6486:: Trying to select cell in grid!
2025-12-16 12:39:03,294-DEBUG-root-18612::base::click|192:: Click Type: ClickType.ACTIONCHAINS
2025-12-16 12:39:03,590-DEBUG-root-18612::webapp_internal::fill_grid|6486:: Trying to select cell in grid!
2025-12-16 12:39:03,593-DEBUG-root-18612::base::click|192:: Click Type: ClickType.ACTIONCHAINS
2025-12-16 12:39:03,878-DEBUG-root-18612::webapp_internal::fill_grid|6486:: Trying to select cell in grid!
2025-12-16 12:39:03,879-DEBUG-root-18612::base::click|192:: Click Type: ClickType.ACTIONCHAINS
2025-12-16 12:39:04,166-DEBUG-root-18612::webapp_internal::fill_grid|6486:: Trying to select cell in grid!
2025-12-16 12:39:04,171-DEBUG-root-18612::base::click|192:: Click Type: ClickType.ACTIONCHAINS
2025-12-16 12:39:04,455-DEBUG-root-18612::webapp_internal::fill_grid|6486:: Trying to select cell in grid!
2025-12-16 12:39:04,457-DEBUG-root-18612::base::click|192:: Click Type: ClickType.ACTIONCHAINS
2025-12-16 12:39:04,748-DEBUG-root-18612::webapp_internal::fill_grid|6486:: Trying to select cell in grid!
2025-12-16 12:39:04,753-DEBUG-root-18612::base::click|192:: Click Type: ClickType.ACTIONCHAINS
2025-12-16 12:39:05,039-DEBUG-root-18612::webapp_internal::fill_grid|6486:: Trying to select cell in grid!
2025-12-16 12:39:05,041-DEBUG-root-18612::base::click|192:: Click Type: ClickType.ACTIONCHAINS
2025-12-16 12:39:05,337-DEBUG-root-18612::webapp_internal::fill_grid|6486:: Trying to select cell in grid!
2025-12-16 12:39:05,340-DEBUG-root-18612::base::click|192:: Click Type: ClickType.ACTIONCHAINS
2025-12-16 12:39:05,630-DEBUG-root-18612::webapp_internal::fill_grid|6486:: Trying to select cell in grid!
2025-12-16 12:39:05,632-DEBUG-root-18612::base::click|192:: Click Type: ClickType.ACTIONCHAINS
2025-12-16 12:39:05,927-DEBUG-root-18612::webapp_internal::fill_grid|6486:: Trying to select cell in grid!
2025-12-16 12:39:05,929-DEBUG-root-18612::base::click|192:: Click Type: ClickType.ACTIONCHAINS
2025-12-16 12:39:06,220-DEBUG-root-18612::webapp_internal::fill_grid|6486:: Trying to select cell in grid!
2025-12-16 12:39:06,222-DEBUG-root-18612::base::click|192:: Click Type: ClickType.ACTIONCHAINS
2025-12-16 12:39:06,515-DEBUG-root-18612::webapp_internal::fill_grid|6486:: Trying to select cell in grid!
2025-12-16 12:39:06,522-DEBUG-root-18612::base::click|192:: Click Type: ClickType.ACTIONCHAINS
2025-12-16 12:39:06,810-DEBUG-root-18612::webapp_internal::fill_grid|6486:: Trying to select cell in grid!
2025-12-16 12:39:06,812-DEBUG-root-18612::base::click|192:: Click Type: ClickType.ACTIONCHAINS
2025-12-16 12:39:07,103-DEBUG-root-18612::webapp_internal::fill_grid|6486:: Trying to select cell in grid!
2025-12-16 12:39:07,105-DEBUG-root-18612::base::click|192:: Click Type: ClickType.ACTIONCHAINS
2025-12-16 12:39:07,394-DEBUG-root-18612::webapp_internal::fill_grid|6486:: Trying to select cell in grid!
2025-12-16 12:39:07,396-DEBUG-root-18612::base::click|192:: Click Type: ClickType.ACTIONCHAINS
2025-12-16 12:39:07,675-DEBUG-root-18612::webapp_internal::fill_grid|6486:: Trying to select cell in grid!
2025-12-16 12:39:07,677-DEBUG-root-18612::base::click|192:: Click Type: ClickType.ACTIONCHAINS
2025-12-16 12:39:07,970-DEBUG-root-18612::webapp_internal::fill_grid|6486:: Trying to select cell in grid!
2025-12-16 12:39:07,972-DEBUG-root-18612::base::click|192:: Click Type: ClickType.ACTIONCHAINS
2025-12-16 12:39:08,262-DEBUG-root-18612::webapp_internal::fill_grid|6486:: Trying to select cell in grid!
2025-12-16 12:39:08,264-DEBUG-root-18612::base::click|192:: Click Type: ClickType.ACTIONCHAINS
2025-12-16 12:39:08,557-DEBUG-root-18612::webapp_internal::fill_grid|6486:: Trying to select cell in grid!
2025-12-16 12:39:08,558-DEBUG-root-18612::base::click|192:: Click Type: ClickType.ACTIONCHAINS
2025-12-16 12:39:08,849-DEBUG-root-18612::webapp_internal::fill_grid|6486:: Trying to select cell in grid!
2025-12-16 12:39:08,853-DEBUG-root-18612::base::click|192:: Click Type: ClickType.ACTIONCHAINS
2025-12-16 12:39:09,143-DEBUG-root-18612::webapp_internal::fill_grid|6486:: Trying to select cell in grid!
2025-12-16 12:39:09,145-DEBUG-root-18612::base::click|192:: Click Type: ClickType.ACTIONCHAINS
2025-12-16 12:39:09,421-DEBUG-root-18612::webapp_internal::fill_grid|6486:: Trying to select cell in grid!
2025-12-16 12:39:09,423-DEBUG-root-18612::base::click|192:: Click Type: ClickType.ACTIONCHAINS
2025-12-16 12:39:09,712-DEBUG-root-18612::webapp_internal::fill_grid|6486:: Trying to select cell in grid!
2025-12-16 12:39:09,714-DEBUG-root-18612::base::click|192:: Click Type: ClickType.ACTIONCHAINS
2025-12-16 12:39:09,978-DEBUG-root-18612::webapp_internal::fill_grid|6486:: Trying to select cell in grid!
2025-12-16 12:39:09,980-DEBUG-root-18612::base::click|192:: Click Type: ClickType.ACTIONCHAINS
2025-12-16 12:39:10,276-DEBUG-root-18612::webapp_internal::fill_grid|6486:: Trying to select cell in grid!
2025-12-16 12:39:10,278-DEBUG-root-18612::base::click|192:: Click Type: ClickType.ACTIONCHAINS
2025-12-16 12:39:10,571-DEBUG-root-18612::webapp_internal::fill_grid|6486:: Trying to select cell in grid!
2025-12-16 12:39:10,573-DEBUG-root-18612::base::click|192:: Click Type: ClickType.ACTIONCHAINS
2025-12-16 12:39:10,863-DEBUG-root-18612::webapp_internal::fill_grid|6486:: Trying to select cell in grid!
2025-12-16 12:39:10,865-DEBUG-root-18612::base::click|192:: Click Type: ClickType.ACTIONCHAINS
2025-12-16 12:39:11,160-DEBUG-root-18612::webapp_internal::fill_grid|6486:: Trying to select cell in grid!
2025-12-16 12:39:11,162-DEBUG-root-18612::base::click|192:: Click Type: ClickType.ACTIONCHAINS
2025-12-16 12:39:11,454-DEBUG-root-18612::webapp_internal::fill_grid|6486:: Trying to select cell in grid!
2025-12-16 12:39:11,457-DEBUG-root-18612::base::click|192:: Click Type: ClickType.ACTIONCHAINS
2025-12-16 12:39:11,745-DEBUG-root-18612::webapp_internal::fill_grid|6486:: Trying to select cell in grid!
2025-12-16 12:39:11,748-DEBUG-root-18612::base::click|192:: Click Type: ClickType.ACTIONCHAINS
2025-12-16 12:39:12,043-DEBUG-root-18612::webapp_internal::fill_grid|6486:: Trying to select cell in grid!
2025-12-16 12:39:12,045-DEBUG-root-18612::base::click|192:: Click Type: ClickType.ACTIONCHAINS
2025-12-16 12:39:12,340-DEBUG-root-18612::webapp_internal::fill_grid|6486:: Trying to select cell in grid!
2025-12-16 12:39:12,342-DEBUG-root-18612::base::click|192:: Click Type: ClickType.ACTIONCHAINS
2025-12-16 12:39:12,637-DEBUG-root-18612::webapp_internal::fill_grid|6486:: Trying to select cell in grid!
2025-12-16 12:39:12,640-DEBUG-root-18612::base::click|192:: Click Type: ClickType.ACTIONCHAINS
2025-12-16 12:39:12,928-DEBUG-root-18612::webapp_internal::fill_grid|6486:: Trying to select cell in grid!
2025-12-16 12:39:12,930-DEBUG-root-18612::base::click|192:: Click Type: ClickType.ACTIONCHAINS
2025-12-16 12:39:13,220-DEBUG-root-18612::webapp_internal::fill_grid|6486:: Trying to select cell in grid!
2025-12-16 12:39:13,222-DEBUG-root-18612::base::click|192:: Click Type: ClickType.ACTIONCHAINS
2025-12-16 12:39:13,488-DEBUG-root-18612::webapp_internal::fill_grid|6486:: Trying to select cell in grid!
2025-12-16 12:39:13,491-DEBUG-root-18612::base::click|192:: Click Type: ClickType.ACTIONCHAINS
2025-12-16 12:39:13,777-DEBUG-root-18612::webapp_internal::fill_grid|6486:: Trying to select cell in grid!
2025-12-16 12:39:13,779-DEBUG-root-18612::base::click|192:: Click Type: ClickType.ACTIONCHAINS
2025-12-16 12:39:14,060-DEBUG-root-18612::webapp_internal::fill_grid|6486:: Trying to select cell in grid!
2025-12-16 12:39:14,060-DEBUG-root-18612::base::click|192:: Click Type: ClickType.ACTIONCHAINS
2025-12-16 12:39:14,355-DEBUG-root-18612::webapp_internal::fill_grid|6486:: Trying to select cell in grid!
2025-12-16 12:39:14,357-DEBUG-root-18612::base::click|192:: Click Type: ClickType.ACTIONCHAINS
2025-12-16 12:39:14,645-DEBUG-root-18612::webapp_internal::fill_grid|6486:: Trying to select cell in grid!
2025-12-16 12:39:14,648-DEBUG-root-18612::base::click|192:: Click Type: ClickType.ACTIONCHAINS
2025-12-16 12:39:14,940-DEBUG-root-18612::webapp_internal::fill_grid|6486:: Trying to select cell in grid!
2025-12-16 12:39:14,943-DEBUG-root-18612::base::click|192:: Click Type: ClickType.ACTIONCHAINS
2025-12-16 12:39:15,208-DEBUG-root-18612::webapp_internal::fill_grid|6486:: Trying to select cell in grid!
2025-12-16 12:39:15,210-DEBUG-root-18612::base::click|192:: Click Type: ClickType.ACTIONCHAINS
2025-12-16 12:39:15,496-DEBUG-root-18612::webapp_internal::fill_grid|6486:: Trying to select cell in grid!
2025-12-16 12:39:15,499-DEBUG-root-18612::base::click|192:: Click Type: ClickType.ACTIONCHAINS
2025-12-16 12:39:15,791-DEBUG-root-18612::webapp_internal::fill_grid|6486:: Trying to select cell in grid!
2025-12-16 12:39:15,794-DEBUG-root-18612::base::click|192:: Click Type: ClickType.ACTIONCHAINS
2025-12-16 12:39:16,081-DEBUG-root-18612::webapp_internal::fill_grid|6486:: Trying to select cell in grid!
2025-12-16 12:39:16,083-DEBUG-root-18612::base::click|192:: Click Type: ClickType.ACTIONCHAINS
2025-12-16 12:39:16,377-DEBUG-root-18612::webapp_internal::fill_grid|6486:: Trying to select cell in grid!
2025-12-16 12:39:16,379-DEBUG-root-18612::base::click|192:: Click Type: ClickType.ACTIONCHAINS
2025-12-16 12:39:16,674-DEBUG-root-18612::webapp_internal::fill_grid|6486:: Trying to select cell in grid!
2025-12-16 12:39:16,677-DEBUG-root-18612::base::click|192:: Click Type: ClickType.ACTIONCHAINS
2025-12-16 12:39:16,964-DEBUG-root-18612::webapp_internal::fill_grid|6486:: Trying to select cell in grid!
2025-12-16 12:39:16,966-DEBUG-root-18612::base::click|192:: Click Type: ClickType.ACTIONCHAINS
2025-12-16 12:39:17,261-DEBUG-root-18612::webapp_internal::fill_grid|6486:: Trying to select cell in grid!
2025-12-16 12:39:17,264-DEBUG-root-18612::base::click|192:: Click Type: ClickType.ACTIONCHAINS
2025-12-16 12:39:17,556-DEBUG-root-18612::webapp_internal::fill_grid|6486:: Trying to select cell in grid!
2025-12-16 12:39:17,558-DEBUG-root-18612::base::click|192:: Click Type: ClickType.ACTIONCHAINS
2025-12-16 12:39:17,849-DEBUG-root-18612::webapp_internal::fill_grid|6486:: Trying to select cell in grid!
2025-12-16 12:39:17,853-DEBUG-root-18612::base::click|192:: Click Type: ClickType.ACTIONCHAINS
2025-12-16 12:39:18,144-DEBUG-root-18612::webapp_internal::fill_grid|6486:: Trying to select cell in grid!
2025-12-16 12:39:18,146-DEBUG-root-18612::base::click|192:: Click Type: ClickType.ACTIONCHAINS
2025-12-16 12:39:18,428-DEBUG-root-18612::webapp_internal::fill_grid|6486:: Trying to select cell in grid!
2025-12-16 12:39:18,430-DEBUG-root-18612::base::click|192:: Click Type: ClickType.ACTIONCHAINS
2025-12-16 12:39:18,721-DEBUG-root-18612::webapp_internal::fill_grid|6486:: Trying to select cell in grid!
2025-12-16 12:39:18,723-DEBUG-root-18612::base::click|192:: Click Type: ClickType.ACTIONCHAINS
2025-12-16 12:39:19,013-DEBUG-root-18612::webapp_internal::fill_grid|6486:: Trying to select cell in grid!
2025-12-16 12:39:19,015-DEBUG-root-18612::base::click|192:: Click Type: ClickType.ACTIONCHAINS
2025-12-16 12:39:19,311-DEBUG-root-18612::webapp_internal::fill_grid|6486:: Trying to select cell in grid!
2025-12-16 12:39:19,312-DEBUG-root-18612::base::click|192:: Click Type: ClickType.ACTIONCHAINS
2025-12-16 12:39:19,576-DEBUG-root-18612::webapp_internal::fill_grid|6486:: Trying to select cell in grid!
2025-12-16 12:39:19,579-DEBUG-root-18612::base::click|192:: Click Type: ClickType.ACTIONCHAINS
2025-12-16 12:39:19,866-DEBUG-root-18612::webapp_internal::fill_grid|6486:: Trying to select cell in grid!
2025-12-16 12:39:19,871-DEBUG-root-18612::base::click|192:: Click Type: ClickType.ACTIONCHAINS
2025-12-16 12:39:20,160-DEBUG-root-18612::webapp_internal::fill_grid|6486:: Trying to select cell in grid!
2025-12-16 12:39:20,162-DEBUG-root-18612::base::click|192:: Click Type: ClickType.ACTIONCHAINS
2025-12-16 12:39:20,455-DEBUG-root-18612::webapp_internal::fill_grid|6486:: Trying to select cell in grid!
2025-12-16 12:39:20,457-DEBUG-root-18612::base::click|192:: Click Type: ClickType.ACTIONCHAINS
2025-12-16 12:39:20,749-DEBUG-root-18612::webapp_internal::fill_grid|6486:: Trying to select cell in grid!
2025-12-16 12:39:20,754-DEBUG-root-18612::base::click|192:: Click Type: ClickType.ACTIONCHAINS
2025-12-16 12:39:21,046-DEBUG-root-18612::webapp_internal::fill_grid|6486:: Trying to select cell in grid!
2025-12-16 12:39:21,049-DEBUG-root-18612::base::click|192:: Click Type: ClickType.ACTIONCHAINS
2025-12-16 12:39:21,340-DEBUG-root-18612::webapp_internal::fill_grid|6486:: Trying to select cell in grid!
2025-12-16 12:39:21,342-DEBUG-root-18612::base::click|192:: Click Type: ClickType.ACTIONCHAINS
2025-12-16 12:39:21,633-DEBUG-root-18612::webapp_internal::fill_grid|6486:: Trying to select cell in grid!
2025-12-16 12:39:21,638-DEBUG-root-18612::base::click|192:: Click Type: ClickType.ACTIONCHAINS
2025-12-16 12:39:21,927-DEBUG-root-18612::webapp_internal::fill_grid|6486:: Trying to select cell in grid!
2025-12-16 12:39:21,929-DEBUG-root-18612::base::click|192:: Click Type: ClickType.ACTIONCHAINS
2025-12-16 12:39:22,208-DEBUG-root-18612::webapp_internal::fill_grid|6486:: Trying to select cell in grid!
2025-12-16 12:39:22,210-DEBUG-root-18612::base::click|192:: Click Type: ClickType.ACTIONCHAINS
2025-12-16 12:39:22,504-DEBUG-root-18612::webapp_internal::fill_grid|6486:: Trying to select cell in grid!
2025-12-16 12:39:22,506-DEBUG-root-18612::base::click|192:: Click Type: ClickType.ACTIONCHAINS
2025-12-16 12:39:22,795-DEBUG-root-18612::webapp_internal::fill_grid|6486:: Trying to select cell in grid!
2025-12-16 12:39:22,798-DEBUG-root-18612::base::click|192:: Click Type: ClickType.ACTIONCHAINS
2025-12-16 12:39:23,092-DEBUG-root-18612::webapp_internal::fill_grid|6486:: Trying to select cell in grid!
2025-12-16 12:39:23,094-DEBUG-root-18612::base::click|192:: Click Type: ClickType.ACTIONCHAINS
2025-12-16 12:39:23,357-DEBUG-root-18612::webapp_internal::fill_grid|6486:: Trying to select cell in grid!
2025-12-16 12:39:23,359-DEBUG-root-18612::base::click|192:: Click Type: ClickType.ACTIONCHAINS
2025-12-16 12:39:23,654-DEBUG-root-18612::webapp_internal::fill_grid|6486:: Trying to select cell in grid!
2025-12-16 12:39:23,656-DEBUG-root-18612::base::click|192:: Click Type: ClickType.ACTIONCHAINS
2025-12-16 12:39:23,946-DEBUG-root-18612::webapp_internal::fill_grid|6486:: Trying to select cell in grid!
2025-12-16 12:39:23,948-DEBUG-root-18612::base::click|192:: Click Type: ClickType.ACTIONCHAINS
2025-12-16 12:39:24,210-DEBUG-root-18612::webapp_internal::fill_grid|6486:: Trying to select cell in grid!
2025-12-16 12:39:24,212-DEBUG-root-18612::base::click|192:: Click Type: ClickType.ACTIONCHAINS
2025-12-16 12:39:24,476-DEBUG-root-18612::webapp_internal::fill_grid|6486:: Trying to select cell in grid!
2025-12-16 12:39:24,478-DEBUG-root-18612::base::click|192:: Click Type: ClickType.ACTIONCHAINS
2025-12-16 12:39:24,767-DEBUG-root-18612::webapp_internal::fill_grid|6486:: Trying to select cell in grid!
2025-12-16 12:39:24,771-DEBUG-root-18612::base::click|192:: Click Type: ClickType.ACTIONCHAINS
2025-12-16 12:39:25,062-DEBUG-root-18612::webapp_internal::fill_grid|6486:: Trying to select cell in grid!
2025-12-16 12:39:25,064-DEBUG-root-18612::base::click|192:: Click Type: ClickType.ACTIONCHAINS
2025-12-16 12:39:25,359-DEBUG-root-18612::webapp_internal::fill_grid|6486:: Trying to select cell in grid!
2025-12-16 12:39:25,361-DEBUG-root-18612::base::click|192:: Click Type: ClickType.ACTIONCHAINS
2025-12-16 12:39:25,654-DEBUG-root-18612::webapp_internal::fill_grid|6486:: Trying to select cell in grid!
2025-12-16 12:39:25,657-DEBUG-root-18612::base::click|192:: Click Type: ClickType.ACTIONCHAINS
2025-12-16 12:39:25,945-DEBUG-root-18612::webapp_internal::fill_grid|6486:: Trying to select cell in grid!
2025-12-16 12:39:25,946-DEBUG-root-18612::base::click|192:: Click Type: ClickType.ACTIONCHAINS
2025-12-16 12:39:26,243-DEBUG-root-18612::webapp_internal::fill_grid|6486:: Trying to select cell in grid!
2025-12-16 12:39:26,245-DEBUG-root-18612::base::click|192:: Click Type: ClickType.ACTIONCHAINS
2025-12-16 12:39:26,510-DEBUG-root-18612::webapp_internal::fill_grid|6486:: Trying to select cell in grid!
2025-12-16 12:39:26,512-DEBUG-root-18612::base::click|192:: Click Type: ClickType.ACTIONCHAINS
2025-12-16 12:39:26,799-DEBUG-root-18612::webapp_internal::fill_grid|6486:: Trying to select cell in grid!
2025-12-16 12:39:26,803-DEBUG-root-18612::base::click|192:: Click Type: ClickType.ACTIONCHAINS
2025-12-16 12:39:27,066-DEBUG-root-18612::webapp_internal::fill_grid|6486:: Trying to select cell in grid!
2025-12-16 12:39:27,070-DEBUG-root-18612::base::click|192:: Click Type: ClickType.ACTIONCHAINS
2025-12-16 12:39:27,361-DEBUG-root-18612::webapp_internal::fill_grid|6486:: Trying to select cell in grid!
2025-12-16 12:39:27,362-DEBUG-root-18612::base::click|192:: Click Type: ClickType.ACTIONCHAINS
2025-12-16 12:39:27,640-DEBUG-root-18612::webapp_internal::fill_grid|6486:: Trying to select cell in grid!
2025-12-16 12:39:27,641-DEBUG-root-18612::base::click|192:: Click Type: ClickType.ACTIONCHAINS
2025-12-16 12:39:27,905-DEBUG-root-18612::webapp_internal::fill_grid|6486:: Trying to select cell in grid!
2025-12-16 12:39:27,906-DEBUG-root-18612::base::click|192:: Click Type: ClickType.ACTIONCHAINS
2025-12-16 12:39:28,196-DEBUG-root-18612::webapp_internal::fill_grid|6486:: Trying to select cell in grid!
2025-12-16 12:39:28,198-DEBUG-root-18612::base::click|192:: Click Type: ClickType.ACTIONCHAINS
2025-12-16 12:39:33,516-DEBUG-root-18612::webapp_internal::fill_grid|6498:: Trying open cell in grid!
2025-12-16 12:39:33,811-DEBUG-root-18612::webapp_internal::wait_blocker|2444:: Waiting blocker to continue...
2025-12-16 12:39:33,967-DEBUG-root-18612::webapp_internal::wait_blocker|2469:: Blocker status: False
2025-12-16 12:39:34,167-DEBUG-root-18612::webapp_internal::wait_element_timeout|7726:: Element found! Waiting for element to be displayed.
2025-12-16 12:39:34,547-DEBUG-root-18612::webapp_internal::fill_grid|6577:: Sending keys: 227884
2025-12-16 12:39:34,850-DEBUG-root-18612::webapp_internal::wait_blocker|2444:: Waiting blocker to continue...
2025-12-16 12:39:34,998-DEBUG-root-18612::webapp_internal::wait_blocker|2469:: Blocker status: False
2025-12-16 12:39:35,167-DEBUG-root-18612::webapp_internal::wait_element_timeout|7726:: Element found! Waiting for element to be displayed.
2025-12-16 12:39:35,503-INFO-root-18612::webapp_internal::ClickFolder|5081:: Clicking on folder: Transporte
2025-12-16 12:39:35,504-DEBUG-root-18612::webapp_internal::wait_blocker|2444:: Waiting blocker to continue...
2025-12-16 12:39:35,658-DEBUG-root-18612::webapp_internal::wait_blocker|2469:: Blocker status: False
2025-12-16 12:39:35,696-DEBUG-root-18612::webapp_internal::wait_element|7623:: Waiting for element
2025-12-16 12:39:36,005-DEBUG-root-18612::webapp_internal::wait_element|7653:: Element found! Waiting for element to be displayed.
2025-12-16 12:39:37,642-DEBUG-root-18612::webapp_internal::wait_blocker|2444:: Waiting blocker to continue...
2025-12-16 12:39:37,823-DEBUG-root-18612::webapp_internal::wait_blocker|2469:: Blocker status: False
2025-12-16 12:39:37,823-INFO-root-18612::webapp_internal::SetKey|5822:: Key pressed: TAB
2025-12-16 12:39:37,823-DEBUG-root-18612::webapp_internal::SetKey|5857:: Trying press key
2025-12-16 12:39:37,823-DEBUG-root-18612::webapp_internal::wait_element|7623:: Waiting for element
2025-12-16 12:39:37,955-DEBUG-root-18612::webapp_internal::wait_element|7653:: Element found! Waiting for element to be displayed.
2025-12-16 12:39:38,240-DEBUG-root-18612::webapp_internal::wait_blocker|2444:: Waiting blocker to continue...
2025-12-16 12:39:38,370-DEBUG-root-18612::webapp_internal::wait_blocker|2469:: Blocker status: False
2025-12-16 12:39:38,370-INFO-root-18612::webapp_internal::LoadGrid|6298:: Filling grid field: Tipo
2025-12-16 12:39:38,370-DEBUG-root-18612::webapp_internal::fill_grid|6399:: Grid loading...
2025-12-16 12:39:38,762-DEBUG-root-18612::webapp_internal::fill_grid|6466:: Column found!
2025-12-16 12:39:38,804-DEBUG-root-18612::base::click|192:: Click Type: ClickType.ACTIONCHAINS
2025-12-16 12:39:44,147-DEBUG-root-18612::webapp_internal::fill_grid|6498:: Trying open cell in grid!
2025-12-16 12:39:44,445-DEBUG-root-18612::webapp_internal::wait_blocker|2444:: Waiting blocker to continue...
2025-12-16 12:39:44,598-DEBUG-root-18612::webapp_internal::wait_blocker|2469:: Blocker status: False
2025-12-16 12:39:44,798-DEBUG-root-18612::webapp_internal::wait_element_timeout|7726:: Element found! Waiting for element to be displayed.
2025-12-16 12:39:46,189-INFO-root-18612::base::select_combo|871:: Selected value for combo is: 1 - Aereo
2025-12-16 12:39:46,407-DEBUG-root-18612::webapp_internal::wait_blocker|2444:: Waiting blocker to continue...
2025-12-16 12:39:46,542-DEBUG-root-18612::webapp_internal::wait_blocker|2469:: Blocker status: False
2025-12-16 12:39:46,570-DEBUG-root-18612::webapp_internal::wait_blocker|2444:: Waiting blocker to continue...
2025-12-16 12:39:46,704-DEBUG-root-18612::webapp_internal::wait_blocker|2469:: Blocker status: False
2025-12-16 12:39:46,704-DEBUG-root-18612::webapp_internal::send_action|10480:: Trying to send action
2025-12-16 12:39:47,743-DEBUG-root-18612::webapp_internal::send_action|10522:: send_action method result = True
2025-12-16 12:39:47,743-DEBUG-root-18612::webapp_internal::send_action|10523:: send_action selenium status: False
2025-12-16 12:39:47,744-DEBUG-root-18612::webapp_internal::wait_blocker|2444:: Waiting blocker to continue...
2025-12-16 12:39:47,876-DEBUG-root-18612::webapp_internal::wait_blocker|2469:: Blocker status: False
2025-12-16 12:39:47,876-INFO-root-18612::webapp_internal::SetKey|5822:: Key pressed: TAB
2025-12-16 12:39:47,876-DEBUG-root-18612::webapp_internal::SetKey|5857:: Trying press key
2025-12-16 12:39:47,877-DEBUG-root-18612::webapp_internal::wait_element|7623:: Waiting for element
2025-12-16 12:39:47,973-DEBUG-root-18612::webapp_internal::wait_element|7653:: Element found! Waiting for element to be displayed.
2025-12-16 12:39:48,233-DEBUG-root-18612::webapp_internal::wait_blocker|2444:: Waiting blocker to continue...
2025-12-16 12:39:48,416-DEBUG-root-18612::webapp_internal::wait_blocker|2469:: Blocker status: False
2025-12-16 12:39:48,417-INFO-root-18612::webapp_internal::LoadGrid|6298:: Filling grid field: Partida
2025-12-16 12:39:48,417-DEBUG-root-18612::webapp_internal::fill_grid|6399:: Grid loading...
2025-12-16 12:39:48,780-DEBUG-root-18612::webapp_internal::fill_grid|6466:: Column found!
2025-12-16 12:39:48,821-DEBUG-root-18612::base::click|192:: Click Type: ClickType.ACTIONCHAINS
2025-12-16 12:39:54,259-DEBUG-root-18612::webapp_internal::fill_grid|6498:: Trying open cell in grid!
2025-12-16 12:39:54,549-DEBUG-root-18612::webapp_internal::wait_blocker|2444:: Waiting blocker to continue...
2025-12-16 12:39:54,694-DEBUG-root-18612::webapp_internal::wait_blocker|2469:: Blocker status: False
2025-12-16 12:39:54,880-DEBUG-root-18612::webapp_internal::wait_element_timeout|7726:: Element found! Waiting for element to be displayed.
2025-12-16 12:39:55,262-DEBUG-root-18612::webapp_internal::fill_grid|6577:: Sending keys: 21/12/2025
2025-12-16 12:39:55,571-DEBUG-root-18612::webapp_internal::wait_blocker|2444:: Waiting blocker to continue...
2025-12-16 12:39:55,754-DEBUG-root-18612::webapp_internal::wait_blocker|2469:: Blocker status: False
2025-12-16 12:40:01,194-DEBUG-root-18612::webapp_internal::wait_blocker|2444:: Waiting blocker to continue...
2025-12-16 12:40:01,326-DEBUG-root-18612::webapp_internal::wait_blocker|2469:: Blocker status: False
2025-12-16 12:40:01,372-DEBUG-root-18612::webapp_internal::wait_blocker|2444:: Waiting blocker to continue...
2025-12-16 12:40:01,503-DEBUG-root-18612::webapp_internal::wait_blocker|2469:: Blocker status: False
2025-12-16 12:40:01,504-DEBUG-root-18612::webapp_internal::send_action|10480:: Trying to send action
2025-12-16 12:40:02,546-DEBUG-root-18612::webapp_internal::send_action|10522:: send_action method result = True
2025-12-16 12:40:02,546-DEBUG-root-18612::webapp_internal::send_action|10523:: send_action selenium status: False
2025-12-16 12:40:02,546-DEBUG-root-18612::webapp_internal::wait_blocker|2444:: Waiting blocker to continue...
2025-12-16 12:40:02,684-DEBUG-root-18612::webapp_internal::wait_blocker|2469:: Blocker status: False
2025-12-16 12:40:02,684-INFO-root-18612::webapp_internal::SetKey|5822:: Key pressed: TAB
2025-12-16 12:40:02,684-DEBUG-root-18612::webapp_internal::SetKey|5857:: Trying press key
2025-12-16 12:40:02,684-DEBUG-root-18612::webapp_internal::wait_element|7623:: Waiting for element
2025-12-16 12:40:02,782-DEBUG-root-18612::webapp_internal::wait_element|7653:: Element found! Waiting for element to be displayed.
2025-12-16 12:40:03,082-DEBUG-root-18612::webapp_internal::wait_blocker|2444:: Waiting blocker to continue...
2025-12-16 12:40:03,212-DEBUG-root-18612::webapp_internal::wait_blocker|2469:: Blocker status: False
2025-12-16 12:40:03,212-INFO-root-18612::webapp_internal::LoadGrid|6298:: Filling grid field: Hora Partida
2025-12-16 12:40:03,212-DEBUG-root-18612::webapp_internal::fill_grid|6399:: Grid loading...
2025-12-16 12:40:03,562-DEBUG-root-18612::webapp_internal::fill_grid|6466:: Column found!
2025-12-16 12:40:03,605-DEBUG-root-18612::base::click|192:: Click Type: ClickType.ACTIONCHAINS
2025-12-16 12:40:08,960-DEBUG-root-18612::webapp_internal::fill_grid|6498:: Trying open cell in grid!
2025-12-16 12:40:09,260-DEBUG-root-18612::webapp_internal::wait_blocker|2444:: Waiting blocker to continue...
2025-12-16 12:40:09,419-DEBUG-root-18612::webapp_internal::wait_blocker|2469:: Blocker status: False
2025-12-16 12:40:09,610-DEBUG-root-18612::webapp_internal::wait_element_timeout|7726:: Element found! Waiting for element to be displayed.
2025-12-16 12:40:09,958-DEBUG-root-18612::webapp_internal::fill_grid|6577:: Sending keys: 08:00
2025-12-16 12:40:10,265-DEBUG-root-18612::webapp_internal::wait_blocker|2444:: Waiting blocker to continue...
2025-12-16 12:40:10,420-DEBUG-root-18612::webapp_internal::wait_blocker|2469:: Blocker status: False
2025-12-16 12:40:15,799-DEBUG-root-18612::webapp_internal::wait_blocker|2444:: Waiting blocker to continue...
2025-12-16 12:40:15,929-DEBUG-root-18612::webapp_internal::wait_blocker|2469:: Blocker status: False
2025-12-16 12:40:15,958-DEBUG-root-18612::webapp_internal::wait_blocker|2444:: Waiting blocker to continue...
2025-12-16 12:40:16,093-DEBUG-root-18612::webapp_internal::wait_blocker|2469:: Blocker status: False
2025-12-16 12:40:16,093-DEBUG-root-18612::webapp_internal::send_action|10480:: Trying to send action
2025-12-16 12:40:17,135-DEBUG-root-18612::webapp_internal::send_action|10522:: send_action method result = True
2025-12-16 12:40:17,137-DEBUG-root-18612::webapp_internal::send_action|10523:: send_action selenium status: False
2025-12-16 12:40:17,137-DEBUG-root-18612::webapp_internal::wait_blocker|2444:: Waiting blocker to continue...
2025-12-16 12:40:17,270-DEBUG-root-18612::webapp_internal::wait_blocker|2469:: Blocker status: False
2025-12-16 12:40:17,270-INFO-root-18612::webapp_internal::SetKey|5822:: Key pressed: TAB
2025-12-16 12:40:17,270-DEBUG-root-18612::webapp_internal::SetKey|5857:: Trying press key
2025-12-16 12:40:17,270-DEBUG-root-18612::webapp_internal::wait_element|7623:: Waiting for element
2025-12-16 12:40:17,394-DEBUG-root-18612::webapp_internal::wait_element|7653:: Element found! Waiting for element to be displayed.
2025-12-16 12:40:17,704-DEBUG-root-18612::webapp_internal::wait_blocker|2444:: Waiting blocker to continue...
2025-12-16 12:40:17,859-DEBUG-root-18612::webapp_internal::wait_blocker|2469:: Blocker status: False
2025-12-16 12:40:17,859-INFO-root-18612::webapp_internal::LoadGrid|6298:: Filling grid field: Origem
2025-12-16 12:40:17,859-DEBUG-root-18612::webapp_internal::fill_grid|6399:: Grid loading...
2025-12-16 12:40:18,198-DEBUG-root-18612::webapp_internal::fill_grid|6466:: Column found!
2025-12-16 12:40:18,239-DEBUG-root-18612::base::click|192:: Click Type: ClickType.ACTIONCHAINS
2025-12-16 12:40:23,565-DEBUG-root-18612::webapp_internal::fill_grid|6498:: Trying open cell in grid!
2025-12-16 12:40:23,855-DEBUG-root-18612::webapp_internal::wait_blocker|2444:: Waiting blocker to continue...
2025-12-16 12:40:24,012-DEBUG-root-18612::webapp_internal::wait_blocker|2469:: Blocker status: False
2025-12-16 12:40:24,211-DEBUG-root-18612::webapp_internal::wait_element_timeout|7726:: Element found! Waiting for element to be displayed.
2025-12-16 12:40:24,566-DEBUG-root-18612::webapp_internal::fill_grid|6577:: Sending keys: DF00108
2025-12-16 12:40:24,871-DEBUG-root-18612::webapp_internal::wait_blocker|2444:: Waiting blocker to continue...
2025-12-16 12:40:25,037-DEBUG-root-18612::webapp_internal::wait_blocker|2469:: Blocker status: False
2025-12-16 12:40:25,205-DEBUG-root-18612::webapp_internal::wait_element_timeout|7726:: Element found! Waiting for element to be displayed.
2025-12-16 12:40:25,699-DEBUG-root-18612::webapp_internal::wait_blocker|2444:: Waiting blocker to continue...
2025-12-16 12:40:25,893-DEBUG-root-18612::webapp_internal::wait_blocker|2469:: Blocker status: False
2025-12-16 12:40:25,921-DEBUG-root-18612::webapp_internal::wait_blocker|2444:: Waiting blocker to continue...
2025-12-16 12:40:26,074-DEBUG-root-18612::webapp_internal::wait_blocker|2469:: Blocker status: False
2025-12-16 12:40:26,074-DEBUG-root-18612::webapp_internal::send_action|10480:: Trying to send action
2025-12-16 12:40:27,113-DEBUG-root-18612::webapp_internal::send_action|10522:: send_action method result = True
2025-12-16 12:40:27,113-DEBUG-root-18612::webapp_internal::send_action|10523:: send_action selenium status: False
2025-12-16 12:40:27,114-DEBUG-root-18612::webapp_internal::wait_blocker|2444:: Waiting blocker to continue...
2025-12-16 12:40:27,256-DEBUG-root-18612::webapp_internal::wait_blocker|2469:: Blocker status: False
2025-12-16 12:40:27,256-INFO-root-18612::webapp_internal::SetKey|5822:: Key pressed: TAB
2025-12-16 12:40:27,257-DEBUG-root-18612::webapp_internal::SetKey|5857:: Trying press key
2025-12-16 12:40:27,257-DEBUG-root-18612::webapp_internal::wait_element|7623:: Waiting for element
2025-12-16 12:40:27,380-DEBUG-root-18612::webapp_internal::wait_element|7653:: Element found! Waiting for element to be displayed.
2025-12-16 12:40:27,677-DEBUG-root-18612::webapp_internal::wait_blocker|2444:: Waiting blocker to continue...
2025-12-16 12:40:27,809-DEBUG-root-18612::webapp_internal::wait_blocker|2469:: Blocker status: False
2025-12-16 12:40:27,809-INFO-root-18612::webapp_internal::LoadGrid|6298:: Filling grid field: Destino
2025-12-16 12:40:27,809-DEBUG-root-18612::webapp_internal::fill_grid|6399:: Grid loading...
2025-12-16 12:40:28,149-DEBUG-root-18612::webapp_internal::fill_grid|6466:: Column found!
2025-12-16 12:40:28,188-DEBUG-root-18612::base::click|192:: Click Type: ClickType.ACTIONCHAINS
2025-12-16 12:40:33,676-DEBUG-root-18612::webapp_internal::fill_grid|6498:: Trying open cell in grid!
2025-12-16 12:40:33,967-DEBUG-root-18612::webapp_internal::wait_blocker|2444:: Waiting blocker to continue...
2025-12-16 12:40:34,154-DEBUG-root-18612::webapp_internal::wait_blocker|2469:: Blocker status: False
2025-12-16 12:40:34,410-DEBUG-root-18612::webapp_internal::wait_element_timeout|7726:: Element found! Waiting for element to be displayed.
2025-12-16 12:40:34,806-DEBUG-root-18612::webapp_internal::fill_grid|6577:: Sending keys: GO08707
2025-12-16 12:40:35,111-DEBUG-root-18612::webapp_internal::wait_blocker|2444:: Waiting blocker to continue...
2025-12-16 12:40:35,245-DEBUG-root-18612::webapp_internal::wait_blocker|2469:: Blocker status: False
2025-12-16 12:40:35,405-DEBUG-root-18612::webapp_internal::wait_element_timeout|7726:: Element found! Waiting for element to be displayed.
2025-12-16 12:40:35,864-DEBUG-root-18612::webapp_internal::wait_blocker|2444:: Waiting blocker to continue...
2025-12-16 12:40:36,021-DEBUG-root-18612::webapp_internal::wait_blocker|2469:: Blocker status: False
2025-12-16 12:40:36,064-DEBUG-root-18612::webapp_internal::wait_blocker|2444:: Waiting blocker to continue...
2025-12-16 12:40:36,195-DEBUG-root-18612::webapp_internal::wait_blocker|2469:: Blocker status: False
2025-12-16 12:40:36,195-DEBUG-root-18612::webapp_internal::send_action|10480:: Trying to send action
2025-12-16 12:40:37,235-DEBUG-root-18612::webapp_internal::send_action|10522:: send_action method result = True
2025-12-16 12:40:37,235-DEBUG-root-18612::webapp_internal::send_action|10523:: send_action selenium status: False
2025-12-16 12:40:37,236-DEBUG-root-18612::webapp_internal::wait_blocker|2444:: Waiting blocker to continue...
2025-12-16 12:40:37,378-DEBUG-root-18612::webapp_internal::wait_blocker|2469:: Blocker status: False
2025-12-16 12:40:37,378-INFO-root-18612::webapp_internal::SetKey|5822:: Key pressed: TAB
2025-12-16 12:40:37,378-DEBUG-root-18612::webapp_internal::SetKey|5857:: Trying press key
2025-12-16 12:40:37,378-DEBUG-root-18612::webapp_internal::wait_element|7623:: Waiting for element
2025-12-16 12:40:37,505-DEBUG-root-18612::webapp_internal::wait_element|7653:: Element found! Waiting for element to be displayed.
2025-12-16 12:40:37,791-DEBUG-root-18612::webapp_internal::wait_blocker|2444:: Waiting blocker to continue...
2025-12-16 12:40:37,940-DEBUG-root-18612::webapp_internal::wait_blocker|2469:: Blocker status: False
2025-12-16 12:40:37,940-INFO-root-18612::webapp_internal::LoadGrid|6298:: Filling grid field: Chegada
2025-12-16 12:40:37,940-DEBUG-root-18612::webapp_internal::fill_grid|6399:: Grid loading...
2025-12-16 12:40:38,316-DEBUG-root-18612::webapp_internal::fill_grid|6466:: Column found!
2025-12-16 12:40:38,373-DEBUG-root-18612::base::click|192:: Click Type: ClickType.ACTIONCHAINS
2025-12-16 12:40:43,799-DEBUG-root-18612::webapp_internal::fill_grid|6498:: Trying open cell in grid!
2025-12-16 12:40:44,094-DEBUG-root-18612::webapp_internal::wait_blocker|2444:: Waiting blocker to continue...
2025-12-16 12:40:44,250-DEBUG-root-18612::webapp_internal::wait_blocker|2469:: Blocker status: False
2025-12-16 12:40:44,441-DEBUG-root-18612::webapp_internal::wait_element_timeout|7726:: Element found! Waiting for element to be displayed.
2025-12-16 12:40:44,790-DEBUG-root-18612::webapp_internal::fill_grid|6577:: Sending keys: 21/12/2025
2025-12-16 12:40:45,098-DEBUG-root-18612::webapp_internal::wait_blocker|2444:: Waiting blocker to continue...
2025-12-16 12:40:45,272-DEBUG-root-18612::webapp_internal::wait_blocker|2469:: Blocker status: False
2025-12-16 12:40:50,790-DEBUG-root-18612::webapp_internal::wait_blocker|2444:: Waiting blocker to continue...
2025-12-16 12:40:50,927-DEBUG-root-18612::webapp_internal::wait_blocker|2469:: Blocker status: False
2025-12-16 12:40:50,957-DEBUG-root-18612::webapp_internal::wait_blocker|2444:: Waiting blocker to continue...
2025-12-16 12:40:51,095-DEBUG-root-18612::webapp_internal::wait_blocker|2469:: Blocker status: False
2025-12-16 12:40:51,095-DEBUG-root-18612::webapp_internal::send_action|10480:: Trying to send action
2025-12-16 12:40:52,141-DEBUG-root-18612::webapp_internal::send_action|10522:: send_action method result = True
2025-12-16 12:40:52,141-DEBUG-root-18612::webapp_internal::send_action|10523:: send_action selenium status: False
2025-12-16 12:40:52,141-DEBUG-root-18612::webapp_internal::wait_element|7623:: Waiting for element
2025-12-16 12:40:52,233-DEBUG-root-18612::webapp_internal::wait_element|7653:: Element found! Waiting for element to be displayed.
2025-12-16 12:40:52,506-DEBUG-root-18612::webapp_internal::wait_blocker|2444:: Waiting blocker to continue...
2025-12-16 12:40:52,654-DEBUG-root-18612::webapp_internal::wait_blocker|2469:: Blocker status: False
2025-12-16 12:40:52,654-INFO-root-18612::webapp_internal::LoadGrid|6298:: Filling grid field: Hora Chegada
2025-12-16 12:40:52,654-DEBUG-root-18612::webapp_internal::fill_grid|6399:: Grid loading...
2025-12-16 12:40:53,008-DEBUG-root-18612::webapp_internal::fill_grid|6466:: Column found!
2025-12-16 12:40:53,047-DEBUG-root-18612::base::click|192:: Click Type: ClickType.ACTIONCHAINS
2025-12-16 12:40:58,527-DEBUG-root-18612::webapp_internal::fill_grid|6498:: Trying open cell in grid!
2025-12-16 12:40:58,811-DEBUG-root-18612::webapp_internal::wait_blocker|2444:: Waiting blocker to continue...
2025-12-16 12:40:58,965-DEBUG-root-18612::webapp_internal::wait_blocker|2469:: Blocker status: False
2025-12-16 12:40:59,156-DEBUG-root-18612::webapp_internal::wait_element_timeout|7726:: Element found! Waiting for element to be displayed.
2025-12-16 12:40:59,513-DEBUG-root-18612::webapp_internal::fill_grid|6577:: Sending keys: 12:00
2025-12-16 12:40:59,814-DEBUG-root-18612::webapp_internal::wait_blocker|2444:: Waiting blocker to continue...
2025-12-16 12:40:59,961-DEBUG-root-18612::webapp_internal::wait_blocker|2469:: Blocker status: False
2025-12-16 12:41:05,876-INFO-root-18612::webapp_internal::ClickFolder|5081:: Clicking on folder: Treinamento
2025-12-16 12:41:05,876-DEBUG-root-18612::webapp_internal::wait_blocker|2444:: Waiting blocker to continue...
2025-12-16 12:41:06,048-DEBUG-root-18612::webapp_internal::wait_blocker|2469:: Blocker status: False
2025-12-16 12:41:06,089-DEBUG-root-18612::webapp_internal::wait_element|7623:: Waiting for element
2025-12-16 12:41:06,370-DEBUG-root-18612::webapp_internal::wait_element|7653:: Element found! Waiting for element to be displayed.
2025-12-16 12:41:08,759-INFO-root-18612::webapp_internal::ClickFolder|5081:: Clicking on folder: Transporte
2025-12-16 12:41:08,759-DEBUG-root-18612::webapp_internal::wait_blocker|2444:: Waiting blocker to continue...
2025-12-16 12:41:08,889-DEBUG-root-18612::webapp_internal::wait_blocker|2469:: Blocker status: False
2025-12-16 12:41:08,921-DEBUG-root-18612::webapp_internal::wait_element|7623:: Waiting for element
2025-12-16 12:41:09,202-DEBUG-root-18612::webapp_internal::wait_element|7653:: Element found! Waiting for element to be displayed.
2025-12-16 12:41:10,782-INFO-root-18612::webapp_internal::SetButton|4444:: Clicking on Confirmar
2025-12-16 12:41:10,783-DEBUG-root-18612::webapp_internal::wait_blocker|2444:: Waiting blocker to continue...
2025-12-16 12:41:10,931-DEBUG-root-18612::webapp_internal::wait_blocker|2469:: Blocker status: False
2025-12-16 12:41:11,579-DEBUG-root-18612::webapp_internal::wait_element_timeout|7726:: Element found! Waiting for element to be displayed.
2025-12-16 12:41:11,988-DEBUG-root-18612::webapp_internal::SetButton|4481:: ***System Info*** Before Clicking on button:Confirmar
2025-12-16 12:41:11,988-DEBUG-root-18612::psutil_info::system_info|5:: CPU USAGE: 9.5%
2025-12-16 12:41:11,989-DEBUG-root-18612::psutil_info::system_info|6:: MEMORY USAGE: 86.4%
2025-12-16 12:41:11,989-DEBUG-root-18612::psutil_info::system_info|7:: MEMORY AVAILABLE: 13.57%
2025-12-16 12:41:12,470-DEBUG-root-18612::webapp_internal::wait_element_timeout|7726:: Element found! Waiting for element to be displayed.
2025-12-16 12:41:12,922-DEBUG-root-18612::webapp_internal::wait_blocker|2444:: Waiting blocker to continue...
2025-12-16 12:41:13,090-DEBUG-root-18612::webapp_internal::wait_blocker|2469:: Blocker status: False
2025-12-16 12:41:13,127-DEBUG-root-18612::webapp_internal::wait_blocker|2444:: Waiting blocker to continue...
2025-12-16 12:41:13,295-DEBUG-root-18612::webapp_internal::wait_blocker|2469:: Blocker status: False
2025-12-16 12:41:13,295-DEBUG-root-18612::webapp_internal::send_action|10480:: Trying to send action
2025-12-16 12:41:13,299-DEBUG-root-18612::base::click|192:: Click Type: ClickType.JS
2025-12-16 12:41:14,378-DEBUG-root-18612::webapp_internal::send_action|10522:: send_action method result = True
2025-12-16 12:41:14,378-DEBUG-root-18612::webapp_internal::send_action|10523:: send_action selenium status: False
2025-12-16 12:41:14,378-DEBUG-root-18612::webapp_internal::SetButton|4683:: ***System Info*** After Clicking on button:
2025-12-16 12:41:14,379-DEBUG-root-18612::psutil_info::system_info|5:: CPU USAGE: 10.7%
2025-12-16 12:41:14,379-DEBUG-root-18612::psutil_info::system_info|6:: MEMORY USAGE: 85.8%
2025-12-16 12:41:14,379-DEBUG-root-18612::psutil_info::system_info|7:: MEMORY AVAILABLE: 14.17%
2025-12-16 12:41:14,379-INFO-root-18612::webapp_internal::WaitShow|4980:: Waiting show text 'Valores de treinamento e/ou servico ultrapassam o limite orcado-Atenção-PXFINA11X'...
2025-12-16 12:41:19,807-INFO-root-18612::webapp_internal::WaitShow|4980:: Waiting show text 'Help: FWMODELPOS'...
2025-12-16 12:41:25,380-INFO-root-18612::webapp_internal::WaitShow|4980:: Waiting show text 'Registro inserido com sucesso.'...
2025-12-16 12:41:25,464-INFO-root-18612::webapp_internal::WaitShow|4996:: Text found! 
2025-12-16 12:41:25,464-INFO-root-18612::webapp_internal::SetButton|4444:: Clicking on Fechar
2025-12-16 12:41:25,464-DEBUG-root-18612::webapp_internal::wait_blocker|2444:: Waiting blocker to continue...
2025-12-16 12:41:25,606-DEBUG-root-18612::webapp_internal::wait_blocker|2469:: Blocker status: False
2025-12-16 12:41:25,860-DEBUG-root-18612::webapp_internal::wait_element_timeout|7726:: Element found! Waiting for element to be displayed.
2025-12-16 12:41:25,980-DEBUG-root-18612::webapp_internal::SetButton|4481:: ***System Info*** Before Clicking on button:Fechar
2025-12-16 12:41:25,981-DEBUG-root-18612::psutil_info::system_info|5:: CPU USAGE: 9.1%
2025-12-16 12:41:25,981-DEBUG-root-18612::psutil_info::system_info|6:: MEMORY USAGE: 87.4%
2025-12-16 12:41:25,982-DEBUG-root-18612::psutil_info::system_info|7:: MEMORY AVAILABLE: 12.6%
2025-12-16 12:41:26,225-DEBUG-root-18612::webapp_internal::wait_element_timeout|7726:: Element found! Waiting for element to be displayed.
2025-12-16 12:41:26,416-DEBUG-root-18612::webapp_internal::wait_blocker|2444:: Waiting blocker to continue...
2025-12-16 12:41:26,575-DEBUG-root-18612::webapp_internal::wait_blocker|2469:: Blocker status: False
2025-12-16 12:41:26,612-DEBUG-root-18612::webapp_internal::wait_blocker|2444:: Waiting blocker to continue...
2025-12-16 12:41:26,749-DEBUG-root-18612::webapp_internal::wait_blocker|2469:: Blocker status: False
2025-12-16 12:41:26,750-DEBUG-root-18612::webapp_internal::send_action|10480:: Trying to send action
2025-12-16 12:41:26,755-DEBUG-root-18612::base::click|192:: Click Type: ClickType.JS
2025-12-16 12:41:28,414-ERROR-root-18612::webapp_internal::get_active_parent_class|10547:: Warning Exception get_active_parent_class: Message: The element with the reference c047b9a4-8282-4d5f-8158-98016612d09f is stale; either its node document is not the active document, or it is no longer connected to the DOM; For documentation on this error, please visit: https://www.selenium.dev/documentation/webdriver/troubleshooting/errors#stale-element-reference-exception
Stacktrace:
RemoteError@chrome://remote/content/shared/RemoteError.sys.mjs:8:8
WebDriverError@chrome://remote/content/shared/webdriver/Errors.sys.mjs:202:5
StaleElementReferenceError@chrome://remote/content/shared/webdriver/Errors.sys.mjs:831:5
getKnownElement@chrome://remote/content/marionette/json.sys.mjs:405:11
deserializeJSON@chrome://remote/content/marionette/json.sys.mjs:263:20
cloneObject/result<@chrome://remote/content/marionette/json.sys.mjs:53:52
cloneObject@chrome://remote/content/marionette/json.sys.mjs:53:25
deserializeJSON@chrome://remote/content/marionette/json.sys.mjs:293:16
cloneObject@chrome://remote/content/marionette/json.sys.mjs:59:24
deserializeJSON@chrome://remote/content/marionette/json.sys.mjs:293:16
json.deserialize@chrome://remote/content/marionette/json.sys.mjs:297:10
receiveMessage@chrome://remote/content/marionette/actors/MarionetteCommandsChild.sys.mjs:179:30
Traceback (most recent call last):
  File "C:\TIR_TESTE\venv\Lib\site-packages\tir\technologies\webapp_internal.py", line 10542, in get_active_parent_class
    sl_classes = list(map(lambda x: x.get_attribute('class'), self.find_shadow_element('div', parent_sl))) if self.find_shadow_element('div', parent_sl) else None
                 ^^^^^^^^^^^^^^^^^^^^^^^^^^^^^^^^^^^^^^^^^^^^^^^^^^^^^^^^^^^^^^^^^^^^^^^^^^^^^^^^^^^^^^^^^
  File "C:\TIR_TESTE\venv\Lib\site-packages\tir\technologies\webapp_internal.py", line 10542, in <lambda>
    sl_classes = list(map(lambda x: x.get_attribute('class'), self.find_shadow_element('div', parent_sl))) if self.find_shadow_element('div', parent_sl) else None
                                    ^^^^^^^^^^^^^^^^^^^^^^^^
  File "C:\TIR_TESTE\venv\Lib\site-packages\selenium\webdriver\remote\webelement.py", line 178, in get_attribute
    attribute_value = self.parent.execute_script(
                      ^^^^^^^^^^^^^^^^^^^^^^^^^^^
  File "C:\TIR_TESTE\venv\Lib\site-packages\selenium\webdriver\remote\webdriver.py", line 407, in execute_script
    return self.execute(command, {"script": script, "args": converted_args})["value"]
           ^^^^^^^^^^^^^^^^^^^^^^^^^^^^^^^^^^^^^^^^^^^^^^^^^^^^^^^^^^^^^^^^^
  File "C:\TIR_TESTE\venv\Lib\site-packages\selenium\webdriver\remote\webdriver.py", line 347, in execute
    self.error_handler.check_response(response)
  File "C:\TIR_TESTE\venv\Lib\site-packages\selenium\webdriver\remote\errorhandler.py", line 229, in check_response
    raise exception_class(message, screen, stacktrace)
selenium.common.exceptions.StaleElementReferenceException: Message: The element with the reference c047b9a4-8282-4d5f-8158-98016612d09f is stale; either its node document is not the active document, or it is no longer connected to the DOM; For documentation on this error, please visit: https://www.selenium.dev/documentation/webdriver/troubleshooting/errors#stale-element-reference-exception
Stacktrace:
RemoteError@chrome://remote/content/shared/RemoteError.sys.mjs:8:8
WebDriverError@chrome://remote/content/shared/webdriver/Errors.sys.mjs:202:5
StaleElementReferenceError@chrome://remote/content/shared/webdriver/Errors.sys.mjs:831:5
getKnownElement@chrome://remote/content/marionette/json.sys.mjs:405:11
deserializeJSON@chrome://remote/content/marionette/json.sys.mjs:263:20
cloneObject/result<@chrome://remote/content/marionette/json.sys.mjs:53:52
cloneObject@chrome://remote/content/marionette/json.sys.mjs:53:25
deserializeJSON@chrome://remote/content/marionette/json.sys.mjs:293:16
cloneObject@chrome://remote/content/marionette/json.sys.mjs:59:24
deserializeJSON@chrome://remote/content/marionette/json.sys.mjs:293:16
json.deserialize@chrome://remote/content/marionette/json.sys.mjs:297:10
receiveMessage@chrome://remote/content/marionette/actors/MarionetteCommandsChild.sys.mjs:179:30

2025-12-16 12:41:28,447-DEBUG-root-18612::webapp_internal::send_action|10522:: send_action method result = True
2025-12-16 12:41:28,447-DEBUG-root-18612::webapp_internal::send_action|10523:: send_action selenium status: False
2025-12-16 12:41:28,447-DEBUG-root-18612::webapp_internal::SetButton|4683:: ***System Info*** After Clicking on button:
2025-12-16 12:41:28,448-DEBUG-root-18612::psutil_info::system_info|5:: CPU USAGE: 8.3%
2025-12-16 12:41:28,448-DEBUG-root-18612::psutil_info::system_info|6:: MEMORY USAGE: 87.7%
2025-12-16 12:41:28,448-DEBUG-root-18612::psutil_info::system_info|7:: MEMORY AVAILABLE: 12.29%
2025-12-16 12:41:28,448-INFO-root-18612::webapp_internal::WaitShow|4980:: Waiting show text 'Solicitação de Viagens/Treinamento'...
2025-12-16 12:41:28,509-INFO-root-18612::webapp_internal::WaitShow|4996:: Text found! 
2025-12-16 12:41:29,010-DEBUG-root-18612::webapp_internal::wait_blocker|2444:: Waiting blocker to continue...
2025-12-16 12:41:29,095-DEBUG-root-18612::webapp_internal::wait_blocker|2469:: Blocker status: False
2025-12-16 12:41:29,095-INFO-root-18612::webapp_internal::SearchBrowse|2003:: Searching: 02DF0001003692
2025-12-16 12:41:29,284-DEBUG-root-18612::webapp_internal::wait_element_timeout|7726:: Element found! Waiting for element to be displayed.
2025-12-16 12:41:29,375-DEBUG-root-18612::webapp_internal::wait_blocker|2444:: Waiting blocker to continue...
2025-12-16 12:41:29,462-DEBUG-root-18612::webapp_internal::wait_blocker|2469:: Blocker status: False
2025-12-16 12:41:29,474-DEBUG-root-18612::webapp_internal::wait_blocker|2444:: Waiting blocker to continue...
2025-12-16 12:41:29,562-DEBUG-root-18612::webapp_internal::wait_blocker|2469:: Blocker status: False
2025-12-16 12:41:29,562-INFO-root-18612::webapp_internal::fill_search_browse|2399:: Filling: 02DF0001003692
2025-12-16 12:41:29,576-DEBUG-root-18612::base::click|192:: Click Type: ClickType.JS
2025-12-16 12:41:30,666-DEBUG-root-18612::webapp_internal::wait_blocker|2444:: Waiting blocker to continue...
2025-12-16 12:41:30,761-DEBUG-root-18612::webapp_internal::wait_blocker|2469:: Blocker status: False
2025-12-16 12:41:30,763-DEBUG-root-18612::base::double_click|259:: Click Type: ClickType.SELENIUM
2025-12-16 12:41:30,769-WARNING-root-18612::base::double_click|280:: Warning double_click method Exception: Message: Element <button class="button-image" type="button"> is not clickable at point (1844,131) because another element <wa-button id="COMP4530" class="dict-tbutton"> obscures it
Stacktrace:
RemoteError@chrome://remote/content/shared/RemoteError.sys.mjs:8:8
WebDriverError@chrome://remote/content/shared/webdriver/Errors.sys.mjs:202:5
ElementClickInterceptedError@chrome://remote/content/shared/webdriver/Errors.sys.mjs:354:5
webdriverClickElement@chrome://remote/content/marionette/interaction.sys.mjs:175:11
interaction.clickElement@chrome://remote/content/marionette/interaction.sys.mjs:134:11
clickElement@chrome://remote/content/marionette/actors/MarionetteCommandsChild.sys.mjs:327:29
receiveMessage@chrome://remote/content/marionette/actors/MarionetteCommandsChild.sys.mjs:210:31

2025-12-16 12:41:31,062-INFO-root-18612::webapp_internal::SetButton|4444:: Clicking on Visualizar
2025-12-16 12:41:31,062-DEBUG-root-18612::webapp_internal::wait_blocker|2444:: Waiting blocker to continue...
2025-12-16 12:41:31,163-DEBUG-root-18612::webapp_internal::wait_blocker|2469:: Blocker status: False
2025-12-16 12:41:31,698-DEBUG-root-18612::webapp_internal::wait_element_timeout|7726:: Element found! Waiting for element to be displayed.
2025-12-16 12:41:31,955-DEBUG-root-18612::webapp_internal::SetButton|4481:: ***System Info*** Before Clicking on button:Visualizar
2025-12-16 12:41:31,955-DEBUG-root-18612::psutil_info::system_info|5:: CPU USAGE: 9.9%
2025-12-16 12:41:31,955-DEBUG-root-18612::psutil_info::system_info|6:: MEMORY USAGE: 87.1%
2025-12-16 12:41:31,956-DEBUG-root-18612::psutil_info::system_info|7:: MEMORY AVAILABLE: 12.87%
2025-12-16 12:41:32,298-DEBUG-root-18612::webapp_internal::wait_element_timeout|7726:: Element found! Waiting for element to be displayed.
2025-12-16 12:41:32,589-DEBUG-root-18612::webapp_internal::wait_blocker|2444:: Waiting blocker to continue...
2025-12-16 12:41:32,686-DEBUG-root-18612::webapp_internal::wait_blocker|2469:: Blocker status: False
2025-12-16 12:41:32,709-DEBUG-root-18612::webapp_internal::wait_blocker|2444:: Waiting blocker to continue...
2025-12-16 12:41:32,802-DEBUG-root-18612::webapp_internal::wait_blocker|2469:: Blocker status: False
2025-12-16 12:41:32,802-DEBUG-root-18612::webapp_internal::send_action|10480:: Trying to send action
2025-12-16 12:41:32,805-DEBUG-root-18612::base::click|192:: Click Type: ClickType.JS
2025-12-16 12:41:33,859-DEBUG-root-18612::webapp_internal::send_action|10522:: send_action method result = True
2025-12-16 12:41:33,859-DEBUG-root-18612::webapp_internal::send_action|10523:: send_action selenium status: False
2025-12-16 12:41:33,859-DEBUG-root-18612::webapp_internal::SetButton|4683:: ***System Info*** After Clicking on button:
2025-12-16 12:41:33,859-DEBUG-root-18612::psutil_info::system_info|5:: CPU USAGE: 10.3%
2025-12-16 12:41:33,860-DEBUG-root-18612::psutil_info::system_info|6:: MEMORY USAGE: 87.4%
2025-12-16 12:41:33,860-DEBUG-root-18612::psutil_info::system_info|7:: MEMORY AVAILABLE: 12.6%
2025-12-16 12:41:33,860-INFO-root-18612::webapp_internal::WaitShow|4980:: Waiting show text 'Solicitacoes de Viagens - VISUALIZAR'...
2025-12-16 12:41:34,911-INFO-root-18612::webapp_internal::WaitShow|4996:: Text found! 
2025-12-16 12:41:34,911-INFO-root-18612::webapp_internal::ClickFolder|5081:: Clicking on folder: Transporte
2025-12-16 12:41:34,911-DEBUG-root-18612::webapp_internal::wait_blocker|2444:: Waiting blocker to continue...
2025-12-16 12:41:35,042-DEBUG-root-18612::webapp_internal::wait_blocker|2469:: Blocker status: False
2025-12-16 12:41:35,077-DEBUG-root-18612::webapp_internal::wait_element|7623:: Waiting for element
2025-12-16 12:41:35,348-DEBUG-root-18612::webapp_internal::wait_element|7653:: Element found! Waiting for element to be displayed.
2025-12-16 12:41:37,434-INFO-root-18612::webapp_internal::ClickFolder|5081:: Clicking on folder: Treinamento
2025-12-16 12:41:37,434-DEBUG-root-18612::webapp_internal::wait_blocker|2444:: Waiting blocker to continue...
2025-12-16 12:41:37,566-DEBUG-root-18612::webapp_internal::wait_blocker|2469:: Blocker status: False
2025-12-16 12:41:37,602-DEBUG-root-18612::webapp_internal::wait_element|7623:: Waiting for element
2025-12-16 12:41:37,876-DEBUG-root-18612::webapp_internal::wait_element|7653:: Element found! Waiting for element to be displayed.
2025-12-16 12:41:39,995-INFO-root-18612::webapp_internal::ClickFolder|5081:: Clicking on folder: Diárias
2025-12-16 12:41:39,995-DEBUG-root-18612::webapp_internal::wait_blocker|2444:: Waiting blocker to continue...
2025-12-16 12:41:40,155-DEBUG-root-18612::webapp_internal::wait_blocker|2469:: Blocker status: False
2025-12-16 12:41:40,234-DEBUG-root-18612::webapp_internal::wait_element|7623:: Waiting for element
2025-12-16 12:41:40,541-DEBUG-root-18612::webapp_internal::wait_element|7653:: Element found! Waiting for element to be displayed.
2025-12-16 12:41:42,113-INFO-root-18612::webapp_internal::SetButton|4444:: Clicking on Fechar
2025-12-16 12:41:42,114-DEBUG-root-18612::webapp_internal::wait_blocker|2444:: Waiting blocker to continue...
2025-12-16 12:41:42,262-DEBUG-root-18612::webapp_internal::wait_blocker|2469:: Blocker status: False
2025-12-16 12:41:42,755-DEBUG-root-18612::webapp_internal::wait_element_timeout|7726:: Element found! Waiting for element to be displayed.
2025-12-16 12:41:43,207-DEBUG-root-18612::webapp_internal::SetButton|4481:: ***System Info*** Before Clicking on button:Fechar
2025-12-16 12:41:43,207-DEBUG-root-18612::psutil_info::system_info|5:: CPU USAGE: 11.8%
2025-12-16 12:41:43,208-DEBUG-root-18612::psutil_info::system_info|6:: MEMORY USAGE: 87.3%
2025-12-16 12:41:43,208-DEBUG-root-18612::psutil_info::system_info|7:: MEMORY AVAILABLE: 12.71%
2025-12-16 12:41:43,676-DEBUG-root-18612::webapp_internal::wait_element_timeout|7726:: Element found! Waiting for element to be displayed.
2025-12-16 12:41:44,126-DEBUG-root-18612::webapp_internal::wait_blocker|2444:: Waiting blocker to continue...
2025-12-16 12:41:44,254-DEBUG-root-18612::webapp_internal::wait_blocker|2469:: Blocker status: False
2025-12-16 12:41:44,292-DEBUG-root-18612::webapp_internal::wait_blocker|2444:: Waiting blocker to continue...
2025-12-16 12:41:44,442-DEBUG-root-18612::webapp_internal::wait_blocker|2469:: Blocker status: False
2025-12-16 12:41:44,442-DEBUG-root-18612::webapp_internal::send_action|10480:: Trying to send action
2025-12-16 12:41:44,445-DEBUG-root-18612::base::click|192:: Click Type: ClickType.JS
2025-12-16 12:41:46,166-DEBUG-root-18612::webapp_internal::send_action|10522:: send_action method result = True
2025-12-16 12:41:46,166-DEBUG-root-18612::webapp_internal::send_action|10523:: send_action selenium status: True
2025-12-16 12:41:46,167-DEBUG-root-18612::webapp_internal::SetButton|4683:: ***System Info*** After Clicking on button:
2025-12-16 12:41:46,167-DEBUG-root-18612::psutil_info::system_info|5:: CPU USAGE: 16.0%
2025-12-16 12:41:46,167-DEBUG-root-18612::psutil_info::system_info|6:: MEMORY USAGE: 87.1%
2025-12-16 12:41:46,168-DEBUG-root-18612::psutil_info::system_info|7:: MEMORY AVAILABLE: 12.87%
2025-12-16 12:41:46,168-INFO-root-18612::webapp_internal::WaitShow|4980:: Waiting show text 'Solicitação de Viagens/Treinamento'...
2025-12-16 12:41:46,226-INFO-root-18612::webapp_internal::WaitShow|4996:: Text found! 
2025-12-16 12:41:46,226-INFO-root-18612::webapp_internal::SetButton|4444:: Clicking on Alterar
2025-12-16 12:41:46,226-DEBUG-root-18612::webapp_internal::wait_blocker|2444:: Waiting blocker to continue...
2025-12-16 12:41:46,320-DEBUG-root-18612::webapp_internal::wait_blocker|2469:: Blocker status: False
2025-12-16 12:41:46,679-DEBUG-root-18612::webapp_internal::wait_element_timeout|7726:: Element found! Waiting for element to be displayed.
2025-12-16 12:41:46,929-DEBUG-root-18612::webapp_internal::SetButton|4481:: ***System Info*** Before Clicking on button:Alterar
2025-12-16 12:41:46,929-DEBUG-root-18612::psutil_info::system_info|5:: CPU USAGE: 12.1%
2025-12-16 12:41:46,930-DEBUG-root-18612::psutil_info::system_info|6:: MEMORY USAGE: 87.3%
2025-12-16 12:41:46,930-DEBUG-root-18612::psutil_info::system_info|7:: MEMORY AVAILABLE: 12.69%
2025-12-16 12:41:47,269-DEBUG-root-18612::webapp_internal::wait_element_timeout|7726:: Element found! Waiting for element to be displayed.
2025-12-16 12:41:47,646-DEBUG-root-18612::webapp_internal::wait_blocker|2444:: Waiting blocker to continue...
2025-12-16 12:41:47,732-DEBUG-root-18612::webapp_internal::wait_blocker|2469:: Blocker status: False
2025-12-16 12:41:47,756-DEBUG-root-18612::webapp_internal::wait_blocker|2444:: Waiting blocker to continue...
2025-12-16 12:41:47,841-DEBUG-root-18612::webapp_internal::wait_blocker|2469:: Blocker status: False
2025-12-16 12:41:47,841-DEBUG-root-18612::webapp_internal::send_action|10480:: Trying to send action
2025-12-16 12:41:47,844-DEBUG-root-18612::base::click|192:: Click Type: ClickType.JS
2025-12-16 12:41:48,938-DEBUG-root-18612::webapp_internal::send_action|10522:: send_action method result = True
2025-12-16 12:41:48,939-DEBUG-root-18612::webapp_internal::send_action|10523:: send_action selenium status: False
2025-12-16 12:41:48,939-DEBUG-root-18612::webapp_internal::SetButton|4683:: ***System Info*** After Clicking on button:
2025-12-16 12:41:48,939-DEBUG-root-18612::psutil_info::system_info|5:: CPU USAGE: 10.0%
2025-12-16 12:41:48,940-DEBUG-root-18612::psutil_info::system_info|6:: MEMORY USAGE: 87.3%
2025-12-16 12:41:48,940-DEBUG-root-18612::psutil_info::system_info|7:: MEMORY AVAILABLE: 12.72%
2025-12-16 12:41:48,940-INFO-root-18612::webapp_internal::WaitShow|4980:: Waiting show text 'Solicitacoes de Viagens - ALTERAR'...
2025-12-16 12:41:49,980-INFO-root-18612::webapp_internal::WaitShow|4996:: Text found! 
2025-12-16 12:41:49,981-DEBUG-root-18612::webapp_internal::wait_blocker|2444:: Waiting blocker to continue...
2025-12-16 12:41:50,125-DEBUG-root-18612::webapp_internal::wait_blocker|2469:: Blocker status: False
2025-12-16 12:41:50,125-DEBUG-root-18612::webapp_internal::wait_element|7623:: Waiting for element
2025-12-16 12:41:50,205-DEBUG-root-18612::webapp_internal::wait_element|7653:: Element found! Waiting for element to be displayed.
2025-12-16 12:41:50,276-INFO-root-18612::webapp_internal::input_value|2941:: Looking for element: ZV3_DESCRI
2025-12-16 12:41:50,438-INFO-root-18612::webapp_internal::input_value|2951:: Element: ZV3_DESCRI Found!
2025-12-16 12:41:50,438-INFO-root-18612::webapp_internal::input_value|2953:: Filling element: ZV3_DESCRI
2025-12-16 12:41:50,461-DEBUG-root-18612::webapp_internal::get_web_value|3232:: Current value: USO PARA TESTE AUTOMATIZADO                       
2025-12-16 12:41:50,495-DEBUG-root-18612::base::double_click|259:: Click Type: ClickType.SELENIUM
2025-12-16 12:41:50,757-DEBUG-root-18612::webapp_internal::wait_blocker|2444:: Waiting blocker to continue...
2025-12-16 12:41:50,925-DEBUG-root-18612::webapp_internal::wait_blocker|2469:: Blocker status: False
2025-12-16 12:41:51,287-DEBUG-root-18612::webapp_internal::get_web_value|3232:: Current value: USO PARA TESTE AUTOMATIZADO EDICAO                
2025-12-16 12:41:51,288-INFO-root-18612::webapp_internal::input_value|3059:: Current field value: USO PARA TESTE AUTOMATIZADO EDICAO
2025-12-16 12:41:51,304-INFO-root-18612::webapp_internal::SetButton|4444:: Clicking on Confirmar
2025-12-16 12:41:51,304-DEBUG-root-18612::webapp_internal::wait_blocker|2444:: Waiting blocker to continue...
2025-12-16 12:41:51,500-DEBUG-root-18612::webapp_internal::wait_blocker|2469:: Blocker status: False
2025-12-16 12:41:52,033-DEBUG-root-18612::webapp_internal::wait_element_timeout|7726:: Element found! Waiting for element to be displayed.
2025-12-16 12:41:52,412-DEBUG-root-18612::webapp_internal::SetButton|4481:: ***System Info*** Before Clicking on button:Confirmar
2025-12-16 12:41:52,413-DEBUG-root-18612::psutil_info::system_info|5:: CPU USAGE: 13.6%
2025-12-16 12:41:52,413-DEBUG-root-18612::psutil_info::system_info|6:: MEMORY USAGE: 87.1%
2025-12-16 12:41:52,413-DEBUG-root-18612::psutil_info::system_info|7:: MEMORY AVAILABLE: 12.86%
2025-12-16 12:41:52,876-DEBUG-root-18612::webapp_internal::wait_element_timeout|7726:: Element found! Waiting for element to be displayed.
2025-12-16 12:41:53,312-DEBUG-root-18612::webapp_internal::wait_blocker|2444:: Waiting blocker to continue...
2025-12-16 12:41:53,459-DEBUG-root-18612::webapp_internal::wait_blocker|2469:: Blocker status: False
2025-12-16 12:41:53,494-DEBUG-root-18612::webapp_internal::wait_blocker|2444:: Waiting blocker to continue...
2025-12-16 12:41:53,670-DEBUG-root-18612::webapp_internal::wait_blocker|2469:: Blocker status: False
2025-12-16 12:41:53,670-DEBUG-root-18612::webapp_internal::send_action|10480:: Trying to send action
2025-12-16 12:41:53,674-DEBUG-root-18612::base::click|192:: Click Type: ClickType.JS
2025-12-16 12:41:54,743-DEBUG-root-18612::webapp_internal::send_action|10522:: send_action method result = True
2025-12-16 12:41:54,743-DEBUG-root-18612::webapp_internal::send_action|10523:: send_action selenium status: False
2025-12-16 12:41:54,744-DEBUG-root-18612::webapp_internal::SetButton|4683:: ***System Info*** After Clicking on button:
2025-12-16 12:41:54,744-DEBUG-root-18612::psutil_info::system_info|5:: CPU USAGE: 9.3%
2025-12-16 12:41:54,744-DEBUG-root-18612::psutil_info::system_info|6:: MEMORY USAGE: 87.5%
2025-12-16 12:41:54,745-DEBUG-root-18612::psutil_info::system_info|7:: MEMORY AVAILABLE: 12.54%
2025-12-16 12:41:54,745-INFO-root-18612::webapp_internal::WaitShow|4980:: Waiting show text 'Registro alterado com sucesso.'...
2025-12-16 12:41:54,829-INFO-root-18612::webapp_internal::WaitShow|4996:: Text found! 
2025-12-16 12:41:54,829-INFO-root-18612::webapp_internal::SetButton|4444:: Clicking on Fechar
2025-12-16 12:41:54,829-DEBUG-root-18612::webapp_internal::wait_blocker|2444:: Waiting blocker to continue...
2025-12-16 12:41:55,010-DEBUG-root-18612::webapp_internal::wait_blocker|2469:: Blocker status: False
2025-12-16 12:41:55,254-DEBUG-root-18612::webapp_internal::wait_element_timeout|7726:: Element found! Waiting for element to be displayed.
2025-12-16 12:41:55,373-DEBUG-root-18612::webapp_internal::SetButton|4481:: ***System Info*** Before Clicking on button:Fechar
2025-12-16 12:41:55,373-DEBUG-root-18612::psutil_info::system_info|5:: CPU USAGE: 18.5%
2025-12-16 12:41:55,374-DEBUG-root-18612::psutil_info::system_info|6:: MEMORY USAGE: 87.0%
2025-12-16 12:41:55,374-DEBUG-root-18612::psutil_info::system_info|7:: MEMORY AVAILABLE: 12.96%
2025-12-16 12:41:55,595-DEBUG-root-18612::webapp_internal::wait_element_timeout|7726:: Element found! Waiting for element to be displayed.
2025-12-16 12:41:55,771-DEBUG-root-18612::webapp_internal::wait_blocker|2444:: Waiting blocker to continue...
2025-12-16 12:41:55,914-DEBUG-root-18612::webapp_internal::wait_blocker|2469:: Blocker status: False
2025-12-16 12:41:55,976-DEBUG-root-18612::webapp_internal::wait_blocker|2444:: Waiting blocker to continue...
2025-12-16 12:41:56,113-DEBUG-root-18612::webapp_internal::wait_blocker|2469:: Blocker status: False
2025-12-16 12:41:56,113-DEBUG-root-18612::webapp_internal::send_action|10480:: Trying to send action
2025-12-16 12:41:56,115-DEBUG-root-18612::base::click|192:: Click Type: ClickType.JS
2025-12-16 12:41:57,754-DEBUG-root-18612::webapp_internal::send_action|10522:: send_action method result = True
2025-12-16 12:41:57,754-DEBUG-root-18612::webapp_internal::send_action|10523:: send_action selenium status: True
2025-12-16 12:41:57,754-DEBUG-root-18612::webapp_internal::SetButton|4683:: ***System Info*** After Clicking on button:
2025-12-16 12:41:57,755-DEBUG-root-18612::psutil_info::system_info|5:: CPU USAGE: 8.5%
2025-12-16 12:41:57,755-DEBUG-root-18612::psutil_info::system_info|6:: MEMORY USAGE: 86.9%
2025-12-16 12:41:57,755-DEBUG-root-18612::psutil_info::system_info|7:: MEMORY AVAILABLE: 13.1%
2025-12-16 12:41:57,755-INFO-root-18612::webapp_internal::WaitShow|4980:: Waiting show text 'Solicitação de Viagens/Treinamento'...
2025-12-16 12:41:57,810-INFO-root-18612::webapp_internal::WaitShow|4996:: Text found! 
2025-12-16 12:41:57,810-INFO-root-18612::webapp_internal::SetButton|4444:: Clicking on Outras Ações
2025-12-16 12:41:57,810-DEBUG-root-18612::webapp_internal::wait_blocker|2444:: Waiting blocker to continue...
2025-12-16 12:41:57,896-DEBUG-root-18612::webapp_internal::wait_blocker|2469:: Blocker status: False
2025-12-16 12:41:58,261-DEBUG-root-18612::webapp_internal::wait_element_timeout|7726:: Element found! Waiting for element to be displayed.
2025-12-16 12:41:58,513-DEBUG-root-18612::webapp_internal::SetButton|4481:: ***System Info*** Before Clicking on button:Outras Ações
2025-12-16 12:41:58,513-DEBUG-root-18612::psutil_info::system_info|5:: CPU USAGE: 11.1%
2025-12-16 12:41:58,514-DEBUG-root-18612::psutil_info::system_info|6:: MEMORY USAGE: 87.1%
2025-12-16 12:41:58,514-DEBUG-root-18612::psutil_info::system_info|7:: MEMORY AVAILABLE: 12.93%
2025-12-16 12:41:58,875-DEBUG-root-18612::webapp_internal::wait_element_timeout|7726:: Element found! Waiting for element to be displayed.
2025-12-16 12:41:59,165-DEBUG-root-18612::webapp_internal::wait_blocker|2444:: Waiting blocker to continue...
2025-12-16 12:41:59,250-DEBUG-root-18612::webapp_internal::wait_blocker|2469:: Blocker status: False
2025-12-16 12:41:59,274-DEBUG-root-18612::webapp_internal::wait_blocker|2444:: Waiting blocker to continue...
2025-12-16 12:41:59,370-DEBUG-root-18612::webapp_internal::wait_blocker|2469:: Blocker status: False
2025-12-16 12:41:59,370-DEBUG-root-18612::webapp_internal::send_action|10480:: Trying to send action
2025-12-16 12:41:59,372-DEBUG-root-18612::base::click|192:: Click Type: ClickType.JS
2025-12-16 12:42:00,413-DEBUG-root-18612::webapp_internal::send_action|10522:: send_action method result = True
2025-12-16 12:42:00,413-DEBUG-root-18612::webapp_internal::send_action|10523:: send_action selenium status: True
2025-12-16 12:42:00,540-DEBUG-root-18612::webapp_internal::wait_element_timeout|7726:: Element found! Waiting for element to be displayed.
2025-12-16 12:42:00,576-INFO-root-18612::webapp_internal::SetButton|4588:: Clicking on Excluir
2025-12-16 12:42:00,715-DEBUG-root-18612::webapp_internal::wait_element_timeout|7726:: Element found! Waiting for element to be displayed.
2025-12-16 12:42:00,872-DEBUG-root-18612::base::click|192:: Click Type: ClickType.JS
2025-12-16 12:42:00,883-DEBUG-root-18612::webapp_internal::SetButton|4683:: ***System Info*** After Clicking on button:
2025-12-16 12:42:00,883-DEBUG-root-18612::psutil_info::system_info|5:: CPU USAGE: 7.8%
2025-12-16 12:42:00,883-DEBUG-root-18612::psutil_info::system_info|6:: MEMORY USAGE: 87.1%
2025-12-16 12:42:00,884-DEBUG-root-18612::psutil_info::system_info|7:: MEMORY AVAILABLE: 12.87%
2025-12-16 12:42:00,884-INFO-root-18612::webapp_internal::WaitShow|4980:: Waiting show text 'Tem certeza que deseja excluir o item abaixo?'...
2025-12-16 12:42:02,272-INFO-root-18612::webapp_internal::WaitShow|4996:: Text found! 
2025-12-16 12:42:02,273-INFO-root-18612::webapp_internal::SetButton|4444:: Clicking on Confirmar
2025-12-16 12:42:02,273-DEBUG-root-18612::webapp_internal::wait_blocker|2444:: Waiting blocker to continue...
2025-12-16 12:42:02,411-DEBUG-root-18612::webapp_internal::wait_blocker|2469:: Blocker status: False
2025-12-16 12:42:02,943-DEBUG-root-18612::webapp_internal::wait_element_timeout|7726:: Element found! Waiting for element to be displayed.
2025-12-16 12:42:03,333-DEBUG-root-18612::webapp_internal::SetButton|4481:: ***System Info*** Before Clicking on button:Confirmar
2025-12-16 12:42:03,333-DEBUG-root-18612::psutil_info::system_info|5:: CPU USAGE: 12.4%
2025-12-16 12:42:03,333-DEBUG-root-18612::psutil_info::system_info|6:: MEMORY USAGE: 86.9%
2025-12-16 12:42:03,333-DEBUG-root-18612::psutil_info::system_info|7:: MEMORY AVAILABLE: 13.07%
2025-12-16 12:42:03,795-DEBUG-root-18612::webapp_internal::wait_element_timeout|7726:: Element found! Waiting for element to be displayed.
2025-12-16 12:42:04,289-DEBUG-root-18612::webapp_internal::wait_blocker|2444:: Waiting blocker to continue...
2025-12-16 12:42:04,479-DEBUG-root-18612::webapp_internal::wait_blocker|2469:: Blocker status: False
2025-12-16 12:42:04,513-DEBUG-root-18612::webapp_internal::wait_blocker|2444:: Waiting blocker to continue...
2025-12-16 12:42:04,646-DEBUG-root-18612::webapp_internal::wait_blocker|2469:: Blocker status: False
2025-12-16 12:42:04,646-DEBUG-root-18612::webapp_internal::send_action|10480:: Trying to send action
2025-12-16 12:42:04,648-DEBUG-root-18612::base::click|192:: Click Type: ClickType.JS
2025-12-16 12:42:05,725-DEBUG-root-18612::webapp_internal::send_action|10522:: send_action method result = True
2025-12-16 12:42:05,726-DEBUG-root-18612::webapp_internal::send_action|10523:: send_action selenium status: False
2025-12-16 12:42:05,726-DEBUG-root-18612::webapp_internal::SetButton|4683:: ***System Info*** After Clicking on button:
2025-12-16 12:42:05,726-DEBUG-root-18612::psutil_info::system_info|5:: CPU USAGE: 13.0%
2025-12-16 12:42:05,726-DEBUG-root-18612::psutil_info::system_info|6:: MEMORY USAGE: 87.3%
2025-12-16 12:42:05,726-DEBUG-root-18612::psutil_info::system_info|7:: MEMORY AVAILABLE: 12.67%
2025-12-16 12:42:05,728-INFO-root-18612::webapp_internal::WaitShow|4980:: Waiting show text 'Registro excluído com sucesso.'...
2025-12-16 12:42:05,813-INFO-root-18612::webapp_internal::WaitShow|4996:: Text found! 
2025-12-16 12:42:05,813-INFO-root-18612::webapp_internal::SetButton|4444:: Clicking on Fechar
2025-12-16 12:42:05,814-DEBUG-root-18612::webapp_internal::wait_blocker|2444:: Waiting blocker to continue...
2025-12-16 12:42:05,949-DEBUG-root-18612::webapp_internal::wait_blocker|2469:: Blocker status: False
2025-12-16 12:42:06,198-DEBUG-root-18612::webapp_internal::wait_element_timeout|7726:: Element found! Waiting for element to be displayed.
2025-12-16 12:42:06,323-DEBUG-root-18612::webapp_internal::SetButton|4481:: ***System Info*** Before Clicking on button:Fechar
2025-12-16 12:42:06,323-DEBUG-root-18612::psutil_info::system_info|5:: CPU USAGE: 16.0%
2025-12-16 12:42:06,323-DEBUG-root-18612::psutil_info::system_info|6:: MEMORY USAGE: 87.6%
2025-12-16 12:42:06,324-DEBUG-root-18612::psutil_info::system_info|7:: MEMORY AVAILABLE: 12.39%
2025-12-16 12:42:06,539-DEBUG-root-18612::webapp_internal::wait_element_timeout|7726:: Element found! Waiting for element to be displayed.
2025-12-16 12:42:06,721-DEBUG-root-18612::webapp_internal::wait_blocker|2444:: Waiting blocker to continue...
2025-12-16 12:42:06,918-DEBUG-root-18612::webapp_internal::wait_blocker|2469:: Blocker status: False
2025-12-16 12:42:06,959-DEBUG-root-18612::webapp_internal::wait_blocker|2444:: Waiting blocker to continue...
2025-12-16 12:42:07,100-DEBUG-root-18612::webapp_internal::wait_blocker|2469:: Blocker status: False
2025-12-16 12:42:07,101-DEBUG-root-18612::webapp_internal::send_action|10480:: Trying to send action
2025-12-16 12:42:07,105-DEBUG-root-18612::base::click|192:: Click Type: ClickType.JS
2025-12-16 12:42:08,754-DEBUG-root-18612::webapp_internal::send_action|10522:: send_action method result = True
2025-12-16 12:42:08,754-DEBUG-root-18612::webapp_internal::send_action|10523:: send_action selenium status: True
2025-12-16 12:42:08,754-DEBUG-root-18612::webapp_internal::SetButton|4683:: ***System Info*** After Clicking on button:
2025-12-16 12:42:08,754-DEBUG-root-18612::psutil_info::system_info|5:: CPU USAGE: 11.1%
2025-12-16 12:42:08,755-DEBUG-root-18612::psutil_info::system_info|6:: MEMORY USAGE: 87.2%
2025-12-16 12:42:08,755-DEBUG-root-18612::psutil_info::system_info|7:: MEMORY AVAILABLE: 12.76%
2025-12-16 12:42:08,769-DEBUG-root-18612::log::checks_empty_line|221:: Checking empty default log info
2025-12-16 12:42:08,773-DEBUG-root-18612::log::generate_log|503:: Json log_data: {'cLogDtExec': '16/12/2025 12:42:08', 'cLogNomUsr': '97137227104', 'cLogNomEst': 'GESIT03', 'cLogProgra': None, 'cLogDtProg': '', 'cLogHrProg': '', 'nLogCtsOk': 1, 'nLogCtsNok': 0, 'nLogCtsSeg': 288.19, 'cLogVersao': '12', 'cLogReleas': '12.1.2410', 'nLogCtsErr': '', 'cLogBancod': 'ORACLE', 'cLogIdenti': '', 'cLogIdExec': '20251216', 'cLogPais': 'BRA', 'cLogTool': 'TIR', 'cLogSequen': '8e6776', 'nLogCtsTot': 1, 'cLogDtExea': '16/12/2025', 'cLogHrExea': '12:42:08', 'cLogArea': 'Desenvolvimento', 'cLogMnExec': 4.803166666666667}
2025-12-16 12:42:08,773-INFO-root-18612::log::send_log_with_retries|515:: Saving log locally.
2025-12-16 12:42:08,773-INFO-root-18612::log::save_log_locally|548:: [FwSendLog]: Não foi possível enviar o log após todas as tentativas.
2025-12-16 12:42:08,774-INFO-root-18612::log::save_log_locally|555:: [FwSendLog]: Log salvo localmente em C:\TIR_TESTE\1765899728.json.
