2025-12-16 11:46:59,989-DEBUG-root-32380::logging_config::logger|189:: Log file created: 'Log\GESIT03\TIR__20251216114659985.log'
2025-12-16 11:46:59,990-INFO-root-32380::base::Start|1183:: TIR Version: 2.4.3
2025-12-16 11:46:59,990-INFO-root-32380::base::Start|1184:: Python Version: 3.12.10
2025-12-16 11:46:59,990-INFO-root-32380::base::Start|1185:: Starting the browser
2025-12-16 11:47:07,267-INFO-root-32380::base::get_url|1294:: Page is ready!
2025-12-16 11:47:07,270-INFO-root-32380::base::Start|1256:: Browser maximized to 1936x1048
2025-12-16 11:47:07,271-INFO-root-32380::base::Start|1258:: Screen size is different from default used in headless mode
2025-12-16 11:47:07,316-INFO-root-32380::webapp_internal::Setup|247:: ***System Info*** in Setup():
2025-12-16 11:47:07,317-DEBUG-root-32380::psutil_info::system_info|5:: CPU USAGE: 21.0%
2025-12-16 11:47:07,317-DEBUG-root-32380::psutil_info::system_info|6:: MEMORY USAGE: 86.2%
2025-12-16 11:47:07,318-DEBUG-root-32380::psutil_info::system_info|7:: MEMORY AVAILABLE: 13.83%
2025-12-16 11:47:07,330-INFO-root-32380::base::webapp_shadowroot|1394:: Webapp: 10.1.6-RC4
2025-12-16 11:47:07,366-INFO-root-32380::webapp_internal::filling_initial_program|449:: Filling Initial Program: "SIGAMDI"
2025-12-16 11:47:07,366-DEBUG-root-32380::webapp_internal::wait_element|7623:: Waiting for element
2025-12-16 11:47:07,405-DEBUG-root-32380::webapp_internal::wait_element|7653:: Element found! Waiting for element to be displayed.
2025-12-16 11:47:07,598-DEBUG-root-32380::base::click|192:: Click Type: ClickType.JS
2025-12-16 11:47:07,603-DEBUG-root-32380::webapp_internal::try_send_keys|7976:: Trying to send keys to element using technique 0
2025-12-16 11:47:07,937-DEBUG-root-32380::webapp_internal::get_web_value|3232:: Current value: SIGAMDI
2025-12-16 11:47:07,937-INFO-root-32380::webapp_internal::filling_server_environment|463:: Filling Server Environment: "POUPEX_TST"
2025-12-16 11:47:07,937-DEBUG-root-32380::webapp_internal::wait_element|7623:: Waiting for element
2025-12-16 11:47:07,961-DEBUG-root-32380::webapp_internal::wait_element|7653:: Element found! Waiting for element to be displayed.
2025-12-16 11:47:08,134-DEBUG-root-32380::base::click|192:: Click Type: ClickType.JS
2025-12-16 11:47:08,140-DEBUG-root-32380::webapp_internal::try_send_keys|7976:: Trying to send keys to element using technique 0
2025-12-16 11:47:08,450-DEBUG-root-32380::webapp_internal::get_web_value|3232:: Current value: POUPEX_TST
2025-12-16 11:47:08,476-DEBUG-root-32380::base::click|192:: Click Type: ClickType.JS
2025-12-16 11:47:08,490-DEBUG-root-32380::webapp_internal::user_screen|519:: Filling user screen
2025-12-16 11:47:12,275-DEBUG-root-32380::base::scroll_to_element|759:: ********Warining scroll_to_element exception: Message: TypeError: can't access property "scrollIntoView", arguments[0] is null
Stacktrace:
@https://qasrverp:10020/webapp/:2:7
@https://qasrverp:10020/webapp/:3:8
*********
2025-12-16 11:47:12,307-DEBUG-root-32380::webapp_internal::wait_element_timeout|7726:: Element found! Waiting for element to be displayed.
2025-12-16 11:47:12,374-DEBUG-root-32380::base::scroll_to_element|759:: ********Warining scroll_to_element exception: Message: TypeError: can't access property "scrollIntoView", arguments[0] is null
Stacktrace:
@https://qasrverp:10020/webapp/:2:7
@https://qasrverp:10020/webapp/:3:8
*********
2025-12-16 11:47:12,511-INFO-root-32380::webapp_internal::user_screen|561:: Filling User
2025-12-16 11:47:12,544-DEBUG-root-32380::base::double_click|259:: Click Type: ClickType.SELENIUM
2025-12-16 11:47:12,721-DEBUG-root-32380::webapp_internal::get_web_value|3232:: Current value: 97137227104
2025-12-16 11:47:12,748-INFO-root-32380::webapp_internal::user_screen|621:: Filling Password
2025-12-16 11:47:12,772-DEBUG-root-32380::base::click|192:: Click Type: ClickType.JS
2025-12-16 11:47:12,844-DEBUG-root-32380::webapp_internal::get_web_value|3232:: Current value: Deire20191817+
2025-12-16 11:47:12,844-DEBUG-root-32380::webapp_internal::wait_blocker|2444:: Waiting blocker to continue...
2025-12-16 11:47:12,871-DEBUG-root-32380::webapp_internal::wait_blocker|2469:: Blocker status: None
2025-12-16 11:47:12,891-DEBUG-root-32380::webapp_internal::wait_blocker|2444:: Waiting blocker to continue...
2025-12-16 11:47:12,917-DEBUG-root-32380::webapp_internal::wait_blocker|2469:: Blocker status: None
2025-12-16 11:47:12,950-DEBUG-root-32380::webapp_internal::wait_blocker|2444:: Waiting blocker to continue...
2025-12-16 11:47:12,983-DEBUG-root-32380::webapp_internal::wait_blocker|2469:: Blocker status: None
2025-12-16 11:47:12,984-DEBUG-root-32380::webapp_internal::send_action|10480:: Trying to send action
2025-12-16 11:47:12,993-DEBUG-root-32380::base::click|192:: Click Type: ClickType.JS
2025-12-16 11:47:14,037-DEBUG-root-32380::webapp_internal::send_action|10522:: send_action method result = True
2025-12-16 11:47:14,038-DEBUG-root-32380::webapp_internal::send_action|10523:: send_action selenium status: False
2025-12-16 11:47:16,277-DEBUG-root-32380::base::scroll_to_element|759:: ********Warining scroll_to_element exception: Message: TypeError: can't access property "scrollIntoView", arguments[0] is null
Stacktrace:
@https://qasrverp:10020/webapp/:2:7
@https://qasrverp:10020/webapp/:3:8
*********
2025-12-16 11:47:16,343-INFO-root-32380::webapp_internal::filling_date|885:: Filling Date: "17/09/2025"
2025-12-16 11:47:16,343-DEBUG-root-32380::webapp_internal::wait_blocker|2444:: Waiting blocker to continue...
2025-12-16 11:47:16,391-DEBUG-root-32380::webapp_internal::wait_blocker|2469:: Blocker status: None
2025-12-16 11:47:16,394-DEBUG-root-32380::base::click|192:: Click Type: ClickType.JS
2025-12-16 11:47:16,415-DEBUG-root-32380::webapp_internal::try_send_keys|7976:: Trying to send keys to element using technique 1
2025-12-16 11:47:16,522-DEBUG-root-32380::webapp_internal::get_web_value|3232:: Current value: 17/09/2025
2025-12-16 11:47:17,610-INFO-root-32380::webapp_internal::filling_group|955:: Filling Group: "02"
2025-12-16 11:47:17,610-DEBUG-root-32380::webapp_internal::wait_blocker|2444:: Waiting blocker to continue...
2025-12-16 11:47:17,653-DEBUG-root-32380::webapp_internal::wait_blocker|2469:: Blocker status: None
2025-12-16 11:47:17,657-DEBUG-root-32380::base::click|192:: Click Type: ClickType.JS
2025-12-16 11:47:17,710-DEBUG-root-32380::webapp_internal::get_web_value|3232:: Current value: 02
2025-12-16 11:47:18,771-INFO-root-32380::webapp_internal::filling_branch|1047:: Filling Branch: "02DF0001"
2025-12-16 11:47:18,771-DEBUG-root-32380::webapp_internal::wait_blocker|2444:: Waiting blocker to continue...
2025-12-16 11:47:18,801-DEBUG-root-32380::webapp_internal::wait_blocker|2469:: Blocker status: None
2025-12-16 11:47:18,804-DEBUG-root-32380::base::click|192:: Click Type: ClickType.JS
2025-12-16 11:47:18,857-DEBUG-root-32380::webapp_internal::get_web_value|3232:: Current value: 02DF0001
2025-12-16 11:47:19,953-INFO-root-32380::webapp_internal::filling_environment|1113:: Filling Environment: "07"
2025-12-16 11:47:19,954-DEBUG-root-32380::webapp_internal::wait_blocker|2444:: Waiting blocker to continue...
2025-12-16 11:47:19,987-DEBUG-root-32380::webapp_internal::wait_blocker|2469:: Blocker status: None
2025-12-16 11:47:19,990-DEBUG-root-32380::base::click|192:: Click Type: ClickType.JS
2025-12-16 11:47:20,049-DEBUG-root-32380::webapp_internal::get_web_value|3232:: Current value: 07
2025-12-16 11:47:21,058-DEBUG-root-32380::webapp_internal::close_warning_screen|1489:: Closing warning screen!
2025-12-16 11:47:22,089-DEBUG-root-32380::webapp_internal::check_screen_element|1291:: Checking screen element: "Atenção": False
2025-12-16 11:47:23,203-INFO-root-32380::webapp_internal::environment_screen|796:: Clicking on Button
2025-12-16 11:47:23,203-DEBUG-root-32380::webapp_internal::wait_blocker|2444:: Waiting blocker to continue...
2025-12-16 11:47:23,237-DEBUG-root-32380::webapp_internal::wait_blocker|2469:: Blocker status: None
2025-12-16 11:47:23,240-DEBUG-root-32380::base::click|192:: Click Type: ClickType.JS
2025-12-16 11:47:24,250-DEBUG-root-32380::base::click|192:: Click Type: ClickType.JS
2025-12-16 11:47:25,259-DEBUG-root-32380::base::click|192:: Click Type: ClickType.JS
2025-12-16 11:47:26,265-DEBUG-root-32380::base::click|192:: Click Type: ClickType.JS
2025-12-16 11:47:27,272-DEBUG-root-32380::base::click|192:: Click Type: ClickType.JS
2025-12-16 11:47:28,281-DEBUG-root-32380::base::click|192:: Click Type: ClickType.JS
2025-12-16 11:47:29,290-DEBUG-root-32380::webapp_internal::close_screen_before_menu|368:: Closing screen before the menu
2025-12-16 11:47:29,333-DEBUG-root-32380::webapp_internal::close_warning_screen|1489:: Closing warning screen!
2025-12-16 11:47:30,373-DEBUG-root-32380::webapp_internal::check_screen_element|1291:: Checking screen element: "Atenção": False
2025-12-16 11:47:30,373-DEBUG-root-32380::webapp_internal::close_coin_screen|1424:: Closing coin screen!
2025-12-16 11:47:30,927-DEBUG-root-32380::base::click|192:: Click Type: ClickType.JS
2025-12-16 11:47:30,986-DEBUG-root-32380::webapp_internal::close_warning_screen|1489:: Closing warning screen!
2025-12-16 11:47:32,042-DEBUG-root-32380::webapp_internal::check_screen_element|1291:: Checking screen element: "Atenção": False
2025-12-16 11:47:32,043-DEBUG-root-32380::webapp_internal::close_coin_screen|1424:: Closing coin screen!
2025-12-16 11:47:32,142-INFO-root-32380::webapp_internal::set_log_info|1623:: Getting log info
2025-12-16 11:47:32,142-INFO-root-32380::webapp_internal::SetLateralMenu|4184:: Navigating lateral menu: Ajuda > Sobre
2025-12-16 11:47:32,150-DEBUG-root-32380::webapp_internal::wait_element|7623:: Waiting for element
2025-12-16 11:47:32,184-DEBUG-root-32380::webapp_internal::wait_element|7653:: Element found! Waiting for element to be displayed.
2025-12-16 11:47:32,340-INFO-root-32380::webapp_internal::SetLateralMenu|4203:: Menu item: "Ajuda"
2025-12-16 11:47:32,340-DEBUG-root-32380::webapp_internal::wait_blocker|2444:: Waiting blocker to continue...
2025-12-16 11:47:32,426-DEBUG-root-32380::webapp_internal::wait_blocker|2469:: Blocker status: False
2025-12-16 11:47:32,738-DEBUG-root-32380::webapp_internal::wait_element_timeout|7726:: Element found! Waiting for element to be displayed.
2025-12-16 11:47:33,005-DEBUG-root-32380::webapp_internal::wait_blocker|2444:: Waiting blocker to continue...
2025-12-16 11:47:33,071-DEBUG-root-32380::webapp_internal::wait_blocker|2469:: Blocker status: False
2025-12-16 11:47:35,373-INFO-root-32380::webapp_internal::SetLateralMenu|4203:: Menu item: "Sobre"
2025-12-16 11:47:35,373-DEBUG-root-32380::webapp_internal::wait_blocker|2444:: Waiting blocker to continue...
2025-12-16 11:47:35,446-DEBUG-root-32380::webapp_internal::wait_blocker|2469:: Blocker status: False
2025-12-16 11:47:35,882-DEBUG-root-32380::webapp_internal::wait_element_timeout|7726:: Element found! Waiting for element to be displayed.
2025-12-16 11:47:36,331-DEBUG-root-32380::webapp_internal::wait_blocker|2444:: Waiting blocker to continue...
2025-12-16 11:47:36,422-DEBUG-root-32380::webapp_internal::wait_blocker|2469:: Blocker status: False
2025-12-16 11:47:39,147-DEBUG-root-32380::webapp_internal::wait_blocker|2444:: Waiting blocker to continue...
2025-12-16 11:47:39,215-DEBUG-root-32380::webapp_internal::wait_blocker|2469:: Blocker status: False
2025-12-16 11:47:39,282-DEBUG-root-32380::webapp_internal::wait_element|7623:: Waiting for element
2025-12-16 11:47:39,326-DEBUG-root-32380::webapp_internal::wait_element|7653:: Element found! Waiting for element to be displayed.
2025-12-16 11:47:39,494-INFO-root-32380::webapp_internal::SetButton|4444:: Clicking on Fechar
2025-12-16 11:47:39,494-DEBUG-root-32380::webapp_internal::wait_blocker|2444:: Waiting blocker to continue...
2025-12-16 11:47:39,564-DEBUG-root-32380::webapp_internal::wait_blocker|2469:: Blocker status: False
2025-12-16 11:47:39,742-DEBUG-root-32380::webapp_internal::wait_element_timeout|7726:: Element found! Waiting for element to be displayed.
2025-12-16 11:47:39,811-DEBUG-root-32380::webapp_internal::SetButton|4481:: ***System Info*** Before Clicking on button:Fechar
2025-12-16 11:47:39,811-DEBUG-root-32380::psutil_info::system_info|5:: CPU USAGE: 10.4%
2025-12-16 11:47:39,813-DEBUG-root-32380::psutil_info::system_info|6:: MEMORY USAGE: 85.4%
2025-12-16 11:47:39,813-DEBUG-root-32380::psutil_info::system_info|7:: MEMORY AVAILABLE: 14.63%
2025-12-16 11:47:39,972-DEBUG-root-32380::webapp_internal::wait_element_timeout|7726:: Element found! Waiting for element to be displayed.
2025-12-16 11:47:40,074-DEBUG-root-32380::webapp_internal::wait_blocker|2444:: Waiting blocker to continue...
2025-12-16 11:47:40,140-DEBUG-root-32380::webapp_internal::wait_blocker|2469:: Blocker status: False
2025-12-16 11:47:40,155-DEBUG-root-32380::webapp_internal::wait_blocker|2444:: Waiting blocker to continue...
2025-12-16 11:47:40,223-DEBUG-root-32380::webapp_internal::wait_blocker|2469:: Blocker status: False
2025-12-16 11:47:40,223-DEBUG-root-32380::webapp_internal::send_action|10480:: Trying to send action
2025-12-16 11:47:40,226-DEBUG-root-32380::base::click|192:: Click Type: ClickType.JS
2025-12-16 11:47:41,258-DEBUG-root-32380::webapp_internal::send_action|10522:: send_action method result = True
2025-12-16 11:47:41,258-DEBUG-root-32380::webapp_internal::send_action|10523:: send_action selenium status: False
2025-12-16 11:47:41,258-DEBUG-root-32380::webapp_internal::SetButton|4683:: ***System Info*** After Clicking on button:
2025-12-16 11:47:41,258-DEBUG-root-32380::psutil_info::system_info|5:: CPU USAGE: 7.4%
2025-12-16 11:47:41,259-DEBUG-root-32380::psutil_info::system_info|6:: MEMORY USAGE: 85.0%
2025-12-16 11:47:41,259-DEBUG-root-32380::psutil_info::system_info|7:: MEMORY AVAILABLE: 15.01%
2025-12-16 11:47:41,259-DEBUG-root-32380::webapp_internal::wait_element|7623:: Waiting for element
2025-12-16 11:47:41,380-INFO-root-32380::webapp_internal::SetLateralMenu|4184:: Navigating lateral menu: Miscelanea > Spool
2025-12-16 11:47:41,389-DEBUG-root-32380::webapp_internal::wait_element|7623:: Waiting for element
2025-12-16 11:47:41,425-DEBUG-root-32380::webapp_internal::wait_element|7653:: Element found! Waiting for element to be displayed.
2025-12-16 11:47:41,581-INFO-root-32380::webapp_internal::SetLateralMenu|4203:: Menu item: "Miscelanea"
2025-12-16 11:47:41,581-DEBUG-root-32380::webapp_internal::wait_blocker|2444:: Waiting blocker to continue...
2025-12-16 11:47:41,642-DEBUG-root-32380::webapp_internal::wait_blocker|2469:: Blocker status: False
2025-12-16 11:47:42,063-DEBUG-root-32380::webapp_internal::wait_element_timeout|7726:: Element found! Waiting for element to be displayed.
2025-12-16 11:47:42,477-DEBUG-root-32380::webapp_internal::wait_blocker|2444:: Waiting blocker to continue...
2025-12-16 11:47:42,553-DEBUG-root-32380::webapp_internal::wait_blocker|2469:: Blocker status: False
2025-12-16 11:47:44,848-INFO-root-32380::webapp_internal::SetLateralMenu|4203:: Menu item: "Spool"
2025-12-16 11:47:44,848-DEBUG-root-32380::webapp_internal::wait_blocker|2444:: Waiting blocker to continue...
2025-12-16 11:47:44,964-DEBUG-root-32380::webapp_internal::wait_blocker|2469:: Blocker status: False
2025-12-16 11:47:46,194-DEBUG-root-32380::webapp_internal::wait_element_timeout|7726:: Element found! Waiting for element to be displayed.
2025-12-16 11:47:47,412-DEBUG-root-32380::webapp_internal::wait_blocker|2444:: Waiting blocker to continue...
2025-12-16 11:47:47,512-DEBUG-root-32380::webapp_internal::wait_blocker|2469:: Blocker status: False
2025-12-16 11:47:51,619-DEBUG-root-32380::webapp_internal::wait_blocker|2444:: Waiting blocker to continue...
2025-12-16 11:47:51,715-DEBUG-root-32380::webapp_internal::wait_blocker|2469:: Blocker status: False
2025-12-16 11:47:51,814-INFO-root-32380::webapp_internal::WaitShow|4980:: Waiting show text 'Este ambiente utiliza base de Homologação.'...
2025-12-16 11:47:57,479-DEBUG-root-32380::log::checks_empty_line|221:: Checking empty default log info
2025-12-16 11:47:57,483-DEBUG-root-32380::log::generate_log|503:: Json log_data: {'cLogDtExec': '16/12/2025 11:47:57', 'cLogNomUsr': '97137227104', 'cLogNomEst': 'GESIT03', 'cLogProgra': None, 'cLogDtProg': '', 'cLogHrProg': '', 'nLogCtsOk': 1, 'nLogCtsNok': 0, 'nLogCtsSeg': 57.6, 'cLogVersao': '12', 'cLogReleas': '12.1.2410', 'nLogCtsErr': '', 'cLogBancod': 'ORACLE', 'cLogIdenti': '', 'cLogIdExec': '20251216', 'cLogPais': 'BRA', 'cLogTool': 'TIR', 'cLogSequen': '098f37', 'nLogCtsTot': 1, 'cLogDtExea': '16/12/2025', 'cLogHrExea': '11:47:57', 'cLogArea': 'Desenvolvimento', 'cLogMnExec': 0.9600000000000001}
2025-12-16 11:47:57,483-INFO-root-32380::log::send_log_with_retries|515:: Saving log locally.
2025-12-16 11:47:57,483-INFO-root-32380::log::save_log_locally|548:: [FwSendLog]: Não foi possível enviar o log após todas as tentativas.
2025-12-16 11:47:57,485-INFO-root-32380::log::save_log_locally|555:: [FwSendLog]: Log salvo localmente em C:\TIR_TESTE\1765896477.json.
2025-12-16 11:47:57,486-INFO-root-32380::webapp_internal::WaitShow|4980:: Waiting show text 'Moedas'...
2025-12-16 11:48:03,146-INFO-root-32380::webapp_internal::WaitShow|4980:: Waiting show text 'VTR.##R'...
2025-12-16 11:49:21,673-ERROR-root-32380::webapp_internal::TearDown|9654:: Warning tearDown Close HTTPConnectionPool(host='localhost', port=49252): Max retries exceeded with url: /session/32aaade7-3661-4f5d-833b-4ae666bf136f/window (Caused by NewConnectionError('<urllib3.connection.HTTPConnection object at 0x000001B67333DA90>: Failed to establish a new connection: [WinError 10061] Nenhuma conexão pôde ser feita porque a máquina de destino as recusou ativamente'))
Traceback (most recent call last):
  File "C:\TIR_TESTE\venv\Lib\site-packages\urllib3\connection.py", line 198, in _new_conn
    sock = connection.create_connection(
           ^^^^^^^^^^^^^^^^^^^^^^^^^^^^^
  File "C:\TIR_TESTE\venv\Lib\site-packages\urllib3\util\connection.py", line 85, in create_connection
    raise err
  File "C:\TIR_TESTE\venv\Lib\site-packages\urllib3\util\connection.py", line 73, in create_connection
    sock.connect(sa)
ConnectionRefusedError: [WinError 10061] Nenhuma conexão pôde ser feita porque a máquina de destino as recusou ativamente

The above exception was the direct cause of the following exception:

Traceback (most recent call last):
  File "C:\TIR_TESTE\venv\Lib\site-packages\urllib3\connectionpool.py", line 787, in urlopen
    response = self._make_request(
               ^^^^^^^^^^^^^^^^^^^
  File "C:\TIR_TESTE\venv\Lib\site-packages\urllib3\connectionpool.py", line 493, in _make_request
    conn.request(
  File "C:\TIR_TESTE\venv\Lib\site-packages\urllib3\connection.py", line 494, in request
    self.endheaders()
  File "C:\Users\97137227104\AppData\Local\Programs\Python\Python312\Lib\http\client.py", line 1333, in endheaders
    self._send_output(message_body, encode_chunked=encode_chunked)
  File "C:\Users\97137227104\AppData\Local\Programs\Python\Python312\Lib\http\client.py", line 1093, in _send_output
    self.send(msg)
  File "C:\Users\97137227104\AppData\Local\Programs\Python\Python312\Lib\http\client.py", line 1037, in send
    self.connect()
  File "C:\TIR_TESTE\venv\Lib\site-packages\urllib3\connection.py", line 325, in connect
    self.sock = self._new_conn()
                ^^^^^^^^^^^^^^^^
  File "C:\TIR_TESTE\venv\Lib\site-packages\urllib3\connection.py", line 213, in _new_conn
    raise NewConnectionError(
urllib3.exceptions.NewConnectionError: <urllib3.connection.HTTPConnection object at 0x000001B67333DA90>: Failed to establish a new connection: [WinError 10061] Nenhuma conexão pôde ser feita porque a máquina de destino as recusou ativamente

The above exception was the direct cause of the following exception:

Traceback (most recent call last):
  File "C:\TIR_TESTE\venv\Lib\site-packages\tir\technologies\webapp_internal.py", line 9652, in TearDown
    self.driver.close()
  File "C:\TIR_TESTE\venv\Lib\site-packages\selenium\webdriver\remote\webdriver.py", line 458, in close
    self.execute(Command.CLOSE)
  File "C:\TIR_TESTE\venv\Lib\site-packages\selenium\webdriver\remote\webdriver.py", line 345, in execute
    response = self.command_executor.execute(driver_command, params)
               ^^^^^^^^^^^^^^^^^^^^^^^^^^^^^^^^^^^^^^^^^^^^^^^^^^^^^
  File "C:\TIR_TESTE\venv\Lib\site-packages\selenium\webdriver\remote\remote_connection.py", line 302, in execute
    return self._request(command_info[0], url, body=data)
           ^^^^^^^^^^^^^^^^^^^^^^^^^^^^^^^^^^^^^^^^^^^^^^
  File "C:\TIR_TESTE\venv\Lib\site-packages\selenium\webdriver\remote\remote_connection.py", line 322, in _request
    response = self._conn.request(method, url, body=body, headers=headers)
               ^^^^^^^^^^^^^^^^^^^^^^^^^^^^^^^^^^^^^^^^^^^^^^^^^^^^^^^^^^^
  File "C:\TIR_TESTE\venv\Lib\site-packages\urllib3\_request_methods.py", line 135, in request
    return self.request_encode_url(
           ^^^^^^^^^^^^^^^^^^^^^^^^
  File "C:\TIR_TESTE\venv\Lib\site-packages\urllib3\_request_methods.py", line 182, in request_encode_url
    return self.urlopen(method, url, **extra_kw)
           ^^^^^^^^^^^^^^^^^^^^^^^^^^^^^^^^^^^^^
  File "C:\TIR_TESTE\venv\Lib\site-packages\urllib3\poolmanager.py", line 459, in urlopen
    response = conn.urlopen(method, u.request_uri, **kw)
               ^^^^^^^^^^^^^^^^^^^^^^^^^^^^^^^^^^^^^^^^^
  File "C:\TIR_TESTE\venv\Lib\site-packages\urllib3\connectionpool.py", line 871, in urlopen
    return self.urlopen(
           ^^^^^^^^^^^^^
  File "C:\TIR_TESTE\venv\Lib\site-packages\urllib3\connectionpool.py", line 871, in urlopen
    return self.urlopen(
           ^^^^^^^^^^^^^
  File "C:\TIR_TESTE\venv\Lib\site-packages\urllib3\connectionpool.py", line 871, in urlopen
    return self.urlopen(
           ^^^^^^^^^^^^^
  File "C:\TIR_TESTE\venv\Lib\site-packages\urllib3\connectionpool.py", line 841, in urlopen
    retries = retries.increment(
              ^^^^^^^^^^^^^^^^^^
  File "C:\TIR_TESTE\venv\Lib\site-packages\urllib3\util\retry.py", line 519, in increment
    raise MaxRetryError(_pool, url, reason) from reason  # type: ignore[arg-type]
    ^^^^^^^^^^^^^^^^^^^^^^^^^^^^^^^^^^^^^^^^^^^^^^^^^^^
urllib3.exceptions.MaxRetryError: HTTPConnectionPool(host='localhost', port=49252): Max retries exceeded with url: /session/32aaade7-3661-4f5d-833b-4ae666bf136f/window (Caused by NewConnectionError('<urllib3.connection.HTTPConnection object at 0x000001B67333DA90>: Failed to establish a new connection: [WinError 10061] Nenhuma conexão pôde ser feita porque a máquina de destino as recusou ativamente'))
2025-12-16 11:46:59,989-DEBUG-root-32380::logging_config::logger|189:: Log file created: 'Log\GESIT03\TIR__20251216114659985.log'
2025-12-16 11:46:59,990-INFO-root-32380::base::Start|1183:: TIR Version: 2.4.3
2025-12-16 11:46:59,990-INFO-root-32380::base::Start|1184:: Python Version: 3.12.10
2025-12-16 11:46:59,990-INFO-root-32380::base::Start|1185:: Starting the browser
2025-12-16 11:47:07,267-INFO-root-32380::base::get_url|1294:: Page is ready!
2025-12-16 11:47:07,270-INFO-root-32380::base::Start|1256:: Browser maximized to 1936x1048
2025-12-16 11:47:07,271-INFO-root-32380::base::Start|1258:: Screen size is different from default used in headless mode
2025-12-16 11:47:07,316-INFO-root-32380::webapp_internal::Setup|247:: ***System Info*** in Setup():
2025-12-16 11:47:07,317-DEBUG-root-32380::psutil_info::system_info|5:: CPU USAGE: 21.0%
2025-12-16 11:47:07,317-DEBUG-root-32380::psutil_info::system_info|6:: MEMORY USAGE: 86.2%
2025-12-16 11:47:07,318-DEBUG-root-32380::psutil_info::system_info|7:: MEMORY AVAILABLE: 13.83%
2025-12-16 11:47:07,330-INFO-root-32380::base::webapp_shadowroot|1394:: Webapp: 10.1.6-RC4
2025-12-16 11:47:07,366-INFO-root-32380::webapp_internal::filling_initial_program|449:: Filling Initial Program: "SIGAMDI"
2025-12-16 11:47:07,366-DEBUG-root-32380::webapp_internal::wait_element|7623:: Waiting for element
2025-12-16 11:47:07,405-DEBUG-root-32380::webapp_internal::wait_element|7653:: Element found! Waiting for element to be displayed.
2025-12-16 11:47:07,598-DEBUG-root-32380::base::click|192:: Click Type: ClickType.JS
2025-12-16 11:47:07,603-DEBUG-root-32380::webapp_internal::try_send_keys|7976:: Trying to send keys to element using technique 0
2025-12-16 11:47:07,937-DEBUG-root-32380::webapp_internal::get_web_value|3232:: Current value: SIGAMDI
2025-12-16 11:47:07,937-INFO-root-32380::webapp_internal::filling_server_environment|463:: Filling Server Environment: "POUPEX_TST"
2025-12-16 11:47:07,937-DEBUG-root-32380::webapp_internal::wait_element|7623:: Waiting for element
2025-12-16 11:47:07,961-DEBUG-root-32380::webapp_internal::wait_element|7653:: Element found! Waiting for element to be displayed.
2025-12-16 11:47:08,134-DEBUG-root-32380::base::click|192:: Click Type: ClickType.JS
2025-12-16 11:47:08,140-DEBUG-root-32380::webapp_internal::try_send_keys|7976:: Trying to send keys to element using technique 0
2025-12-16 11:47:08,450-DEBUG-root-32380::webapp_internal::get_web_value|3232:: Current value: POUPEX_TST
2025-12-16 11:47:08,476-DEBUG-root-32380::base::click|192:: Click Type: ClickType.JS
2025-12-16 11:47:08,490-DEBUG-root-32380::webapp_internal::user_screen|519:: Filling user screen
2025-12-16 11:47:12,275-DEBUG-root-32380::base::scroll_to_element|759:: ********Warining scroll_to_element exception: Message: TypeError: can't access property "scrollIntoView", arguments[0] is null
Stacktrace:
@https://qasrverp:10020/webapp/:2:7
@https://qasrverp:10020/webapp/:3:8
*********
2025-12-16 11:47:12,307-DEBUG-root-32380::webapp_internal::wait_element_timeout|7726:: Element found! Waiting for element to be displayed.
2025-12-16 11:47:12,374-DEBUG-root-32380::base::scroll_to_element|759:: ********Warining scroll_to_element exception: Message: TypeError: can't access property "scrollIntoView", arguments[0] is null
Stacktrace:
@https://qasrverp:10020/webapp/:2:7
@https://qasrverp:10020/webapp/:3:8
*********
2025-12-16 11:47:12,511-INFO-root-32380::webapp_internal::user_screen|561:: Filling User
2025-12-16 11:47:12,544-DEBUG-root-32380::base::double_click|259:: Click Type: ClickType.SELENIUM
2025-12-16 11:47:12,721-DEBUG-root-32380::webapp_internal::get_web_value|3232:: Current value: 97137227104
2025-12-16 11:47:12,748-INFO-root-32380::webapp_internal::user_screen|621:: Filling Password
2025-12-16 11:47:12,772-DEBUG-root-32380::base::click|192:: Click Type: ClickType.JS
2025-12-16 11:47:12,844-DEBUG-root-32380::webapp_internal::get_web_value|3232:: Current value: Deire20191817+
2025-12-16 11:47:12,844-DEBUG-root-32380::webapp_internal::wait_blocker|2444:: Waiting blocker to continue...
2025-12-16 11:47:12,871-DEBUG-root-32380::webapp_internal::wait_blocker|2469:: Blocker status: None
2025-12-16 11:47:12,891-DEBUG-root-32380::webapp_internal::wait_blocker|2444:: Waiting blocker to continue...
2025-12-16 11:47:12,917-DEBUG-root-32380::webapp_internal::wait_blocker|2469:: Blocker status: None
2025-12-16 11:47:12,950-DEBUG-root-32380::webapp_internal::wait_blocker|2444:: Waiting blocker to continue...
2025-12-16 11:47:12,983-DEBUG-root-32380::webapp_internal::wait_blocker|2469:: Blocker status: None
2025-12-16 11:47:12,984-DEBUG-root-32380::webapp_internal::send_action|10480:: Trying to send action
2025-12-16 11:47:12,993-DEBUG-root-32380::base::click|192:: Click Type: ClickType.JS
2025-12-16 11:47:14,037-DEBUG-root-32380::webapp_internal::send_action|10522:: send_action method result = True
2025-12-16 11:47:14,038-DEBUG-root-32380::webapp_internal::send_action|10523:: send_action selenium status: False
2025-12-16 11:47:16,277-DEBUG-root-32380::base::scroll_to_element|759:: ********Warining scroll_to_element exception: Message: TypeError: can't access property "scrollIntoView", arguments[0] is null
Stacktrace:
@https://qasrverp:10020/webapp/:2:7
@https://qasrverp:10020/webapp/:3:8
*********
2025-12-16 11:47:16,343-INFO-root-32380::webapp_internal::filling_date|885:: Filling Date: "17/09/2025"
2025-12-16 11:47:16,343-DEBUG-root-32380::webapp_internal::wait_blocker|2444:: Waiting blocker to continue...
2025-12-16 11:47:16,391-DEBUG-root-32380::webapp_internal::wait_blocker|2469:: Blocker status: None
2025-12-16 11:47:16,394-DEBUG-root-32380::base::click|192:: Click Type: ClickType.JS
2025-12-16 11:47:16,415-DEBUG-root-32380::webapp_internal::try_send_keys|7976:: Trying to send keys to element using technique 1
2025-12-16 11:47:16,522-DEBUG-root-32380::webapp_internal::get_web_value|3232:: Current value: 17/09/2025
2025-12-16 11:47:17,610-INFO-root-32380::webapp_internal::filling_group|955:: Filling Group: "02"
2025-12-16 11:47:17,610-DEBUG-root-32380::webapp_internal::wait_blocker|2444:: Waiting blocker to continue...
2025-12-16 11:47:17,653-DEBUG-root-32380::webapp_internal::wait_blocker|2469:: Blocker status: None
2025-12-16 11:47:17,657-DEBUG-root-32380::base::click|192:: Click Type: ClickType.JS
2025-12-16 11:47:17,710-DEBUG-root-32380::webapp_internal::get_web_value|3232:: Current value: 02
2025-12-16 11:47:18,771-INFO-root-32380::webapp_internal::filling_branch|1047:: Filling Branch: "02DF0001"
2025-12-16 11:47:18,771-DEBUG-root-32380::webapp_internal::wait_blocker|2444:: Waiting blocker to continue...
2025-12-16 11:47:18,801-DEBUG-root-32380::webapp_internal::wait_blocker|2469:: Blocker status: None
2025-12-16 11:47:18,804-DEBUG-root-32380::base::click|192:: Click Type: ClickType.JS
2025-12-16 11:47:18,857-DEBUG-root-32380::webapp_internal::get_web_value|3232:: Current value: 02DF0001
2025-12-16 11:47:19,953-INFO-root-32380::webapp_internal::filling_environment|1113:: Filling Environment: "07"
2025-12-16 11:47:19,954-DEBUG-root-32380::webapp_internal::wait_blocker|2444:: Waiting blocker to continue...
2025-12-16 11:47:19,987-DEBUG-root-32380::webapp_internal::wait_blocker|2469:: Blocker status: None
2025-12-16 11:47:19,990-DEBUG-root-32380::base::click|192:: Click Type: ClickType.JS
2025-12-16 11:47:20,049-DEBUG-root-32380::webapp_internal::get_web_value|3232:: Current value: 07
2025-12-16 11:47:21,058-DEBUG-root-32380::webapp_internal::close_warning_screen|1489:: Closing warning screen!
2025-12-16 11:47:22,089-DEBUG-root-32380::webapp_internal::check_screen_element|1291:: Checking screen element: "Atenção": False
2025-12-16 11:47:23,203-INFO-root-32380::webapp_internal::environment_screen|796:: Clicking on Button
2025-12-16 11:47:23,203-DEBUG-root-32380::webapp_internal::wait_blocker|2444:: Waiting blocker to continue...
2025-12-16 11:47:23,237-DEBUG-root-32380::webapp_internal::wait_blocker|2469:: Blocker status: None
2025-12-16 11:47:23,240-DEBUG-root-32380::base::click|192:: Click Type: ClickType.JS
2025-12-16 11:47:24,250-DEBUG-root-32380::base::click|192:: Click Type: ClickType.JS
2025-12-16 11:47:25,259-DEBUG-root-32380::base::click|192:: Click Type: ClickType.JS
2025-12-16 11:47:26,265-DEBUG-root-32380::base::click|192:: Click Type: ClickType.JS
2025-12-16 11:47:27,272-DEBUG-root-32380::base::click|192:: Click Type: ClickType.JS
2025-12-16 11:47:28,281-DEBUG-root-32380::base::click|192:: Click Type: ClickType.JS
2025-12-16 11:47:29,290-DEBUG-root-32380::webapp_internal::close_screen_before_menu|368:: Closing screen before the menu
2025-12-16 11:47:29,333-DEBUG-root-32380::webapp_internal::close_warning_screen|1489:: Closing warning screen!
2025-12-16 11:47:30,373-DEBUG-root-32380::webapp_internal::check_screen_element|1291:: Checking screen element: "Atenção": False
2025-12-16 11:47:30,373-DEBUG-root-32380::webapp_internal::close_coin_screen|1424:: Closing coin screen!
2025-12-16 11:47:30,927-DEBUG-root-32380::base::click|192:: Click Type: ClickType.JS
2025-12-16 11:47:30,986-DEBUG-root-32380::webapp_internal::close_warning_screen|1489:: Closing warning screen!
2025-12-16 11:47:32,042-DEBUG-root-32380::webapp_internal::check_screen_element|1291:: Checking screen element: "Atenção": False
2025-12-16 11:47:32,043-DEBUG-root-32380::webapp_internal::close_coin_screen|1424:: Closing coin screen!
2025-12-16 11:47:32,142-INFO-root-32380::webapp_internal::set_log_info|1623:: Getting log info
2025-12-16 11:47:32,142-INFO-root-32380::webapp_internal::SetLateralMenu|4184:: Navigating lateral menu: Ajuda > Sobre
2025-12-16 11:47:32,150-DEBUG-root-32380::webapp_internal::wait_element|7623:: Waiting for element
2025-12-16 11:47:32,184-DEBUG-root-32380::webapp_internal::wait_element|7653:: Element found! Waiting for element to be displayed.
2025-12-16 11:47:32,340-INFO-root-32380::webapp_internal::SetLateralMenu|4203:: Menu item: "Ajuda"
2025-12-16 11:47:32,340-DEBUG-root-32380::webapp_internal::wait_blocker|2444:: Waiting blocker to continue...
2025-12-16 11:47:32,426-DEBUG-root-32380::webapp_internal::wait_blocker|2469:: Blocker status: False
2025-12-16 11:47:32,738-DEBUG-root-32380::webapp_internal::wait_element_timeout|7726:: Element found! Waiting for element to be displayed.
2025-12-16 11:47:33,005-DEBUG-root-32380::webapp_internal::wait_blocker|2444:: Waiting blocker to continue...
2025-12-16 11:47:33,071-DEBUG-root-32380::webapp_internal::wait_blocker|2469:: Blocker status: False
2025-12-16 11:47:35,373-INFO-root-32380::webapp_internal::SetLateralMenu|4203:: Menu item: "Sobre"
2025-12-16 11:47:35,373-DEBUG-root-32380::webapp_internal::wait_blocker|2444:: Waiting blocker to continue...
2025-12-16 11:47:35,446-DEBUG-root-32380::webapp_internal::wait_blocker|2469:: Blocker status: False
2025-12-16 11:47:35,882-DEBUG-root-32380::webapp_internal::wait_element_timeout|7726:: Element found! Waiting for element to be displayed.
2025-12-16 11:47:36,331-DEBUG-root-32380::webapp_internal::wait_blocker|2444:: Waiting blocker to continue...
2025-12-16 11:47:36,422-DEBUG-root-32380::webapp_internal::wait_blocker|2469:: Blocker status: False
2025-12-16 11:47:39,147-DEBUG-root-32380::webapp_internal::wait_blocker|2444:: Waiting blocker to continue...
2025-12-16 11:47:39,215-DEBUG-root-32380::webapp_internal::wait_blocker|2469:: Blocker status: False
2025-12-16 11:47:39,282-DEBUG-root-32380::webapp_internal::wait_element|7623:: Waiting for element
2025-12-16 11:47:39,326-DEBUG-root-32380::webapp_internal::wait_element|7653:: Element found! Waiting for element to be displayed.
2025-12-16 11:47:39,494-INFO-root-32380::webapp_internal::SetButton|4444:: Clicking on Fechar
2025-12-16 11:47:39,494-DEBUG-root-32380::webapp_internal::wait_blocker|2444:: Waiting blocker to continue...
2025-12-16 11:47:39,564-DEBUG-root-32380::webapp_internal::wait_blocker|2469:: Blocker status: False
2025-12-16 11:47:39,742-DEBUG-root-32380::webapp_internal::wait_element_timeout|7726:: Element found! Waiting for element to be displayed.
2025-12-16 11:47:39,811-DEBUG-root-32380::webapp_internal::SetButton|4481:: ***System Info*** Before Clicking on button:Fechar
2025-12-16 11:47:39,811-DEBUG-root-32380::psutil_info::system_info|5:: CPU USAGE: 10.4%
2025-12-16 11:47:39,813-DEBUG-root-32380::psutil_info::system_info|6:: MEMORY USAGE: 85.4%
2025-12-16 11:47:39,813-DEBUG-root-32380::psutil_info::system_info|7:: MEMORY AVAILABLE: 14.63%
2025-12-16 11:47:39,972-DEBUG-root-32380::webapp_internal::wait_element_timeout|7726:: Element found! Waiting for element to be displayed.
2025-12-16 11:47:40,074-DEBUG-root-32380::webapp_internal::wait_blocker|2444:: Waiting blocker to continue...
2025-12-16 11:47:40,140-DEBUG-root-32380::webapp_internal::wait_blocker|2469:: Blocker status: False
2025-12-16 11:47:40,155-DEBUG-root-32380::webapp_internal::wait_blocker|2444:: Waiting blocker to continue...
2025-12-16 11:47:40,223-DEBUG-root-32380::webapp_internal::wait_blocker|2469:: Blocker status: False
2025-12-16 11:47:40,223-DEBUG-root-32380::webapp_internal::send_action|10480:: Trying to send action
2025-12-16 11:47:40,226-DEBUG-root-32380::base::click|192:: Click Type: ClickType.JS
2025-12-16 11:47:41,258-DEBUG-root-32380::webapp_internal::send_action|10522:: send_action method result = True
2025-12-16 11:47:41,258-DEBUG-root-32380::webapp_internal::send_action|10523:: send_action selenium status: False
2025-12-16 11:47:41,258-DEBUG-root-32380::webapp_internal::SetButton|4683:: ***System Info*** After Clicking on button:
2025-12-16 11:47:41,258-DEBUG-root-32380::psutil_info::system_info|5:: CPU USAGE: 7.4%
2025-12-16 11:47:41,259-DEBUG-root-32380::psutil_info::system_info|6:: MEMORY USAGE: 85.0%
2025-12-16 11:47:41,259-DEBUG-root-32380::psutil_info::system_info|7:: MEMORY AVAILABLE: 15.01%
2025-12-16 11:47:41,259-DEBUG-root-32380::webapp_internal::wait_element|7623:: Waiting for element
2025-12-16 11:47:41,380-INFO-root-32380::webapp_internal::SetLateralMenu|4184:: Navigating lateral menu: Miscelanea > Spool
2025-12-16 11:47:41,389-DEBUG-root-32380::webapp_internal::wait_element|7623:: Waiting for element
2025-12-16 11:47:41,425-DEBUG-root-32380::webapp_internal::wait_element|7653:: Element found! Waiting for element to be displayed.
2025-12-16 11:47:41,581-INFO-root-32380::webapp_internal::SetLateralMenu|4203:: Menu item: "Miscelanea"
2025-12-16 11:47:41,581-DEBUG-root-32380::webapp_internal::wait_blocker|2444:: Waiting blocker to continue...
2025-12-16 11:47:41,642-DEBUG-root-32380::webapp_internal::wait_blocker|2469:: Blocker status: False
2025-12-16 11:47:42,063-DEBUG-root-32380::webapp_internal::wait_element_timeout|7726:: Element found! Waiting for element to be displayed.
2025-12-16 11:47:42,477-DEBUG-root-32380::webapp_internal::wait_blocker|2444:: Waiting blocker to continue...
2025-12-16 11:47:42,553-DEBUG-root-32380::webapp_internal::wait_blocker|2469:: Blocker status: False
2025-12-16 11:47:44,848-INFO-root-32380::webapp_internal::SetLateralMenu|4203:: Menu item: "Spool"
2025-12-16 11:47:44,848-DEBUG-root-32380::webapp_internal::wait_blocker|2444:: Waiting blocker to continue...
2025-12-16 11:47:44,964-DEBUG-root-32380::webapp_internal::wait_blocker|2469:: Blocker status: False
2025-12-16 11:47:46,194-DEBUG-root-32380::webapp_internal::wait_element_timeout|7726:: Element found! Waiting for element to be displayed.
2025-12-16 11:47:47,412-DEBUG-root-32380::webapp_internal::wait_blocker|2444:: Waiting blocker to continue...
2025-12-16 11:47:47,512-DEBUG-root-32380::webapp_internal::wait_blocker|2469:: Blocker status: False
2025-12-16 11:47:51,619-DEBUG-root-32380::webapp_internal::wait_blocker|2444:: Waiting blocker to continue...
2025-12-16 11:47:51,715-DEBUG-root-32380::webapp_internal::wait_blocker|2469:: Blocker status: False
2025-12-16 11:47:51,814-INFO-root-32380::webapp_internal::WaitShow|4980:: Waiting show text 'Este ambiente utiliza base de Homologação.'...
2025-12-16 11:47:57,479-DEBUG-root-32380::log::checks_empty_line|221:: Checking empty default log info
2025-12-16 11:47:57,483-DEBUG-root-32380::log::generate_log|503:: Json log_data: {'cLogDtExec': '16/12/2025 11:47:57', 'cLogNomUsr': '97137227104', 'cLogNomEst': 'GESIT03', 'cLogProgra': None, 'cLogDtProg': '', 'cLogHrProg': '', 'nLogCtsOk': 1, 'nLogCtsNok': 0, 'nLogCtsSeg': 57.6, 'cLogVersao': '12', 'cLogReleas': '12.1.2410', 'nLogCtsErr': '', 'cLogBancod': 'ORACLE', 'cLogIdenti': '', 'cLogIdExec': '20251216', 'cLogPais': 'BRA', 'cLogTool': 'TIR', 'cLogSequen': '098f37', 'nLogCtsTot': 1, 'cLogDtExea': '16/12/2025', 'cLogHrExea': '11:47:57', 'cLogArea': 'Desenvolvimento', 'cLogMnExec': 0.9600000000000001}
2025-12-16 11:47:57,483-INFO-root-32380::log::send_log_with_retries|515:: Saving log locally.
2025-12-16 11:47:57,483-INFO-root-32380::log::save_log_locally|548:: [FwSendLog]: Não foi possível enviar o log após todas as tentativas.
2025-12-16 11:47:57,485-INFO-root-32380::log::save_log_locally|555:: [FwSendLog]: Log salvo localmente em C:\TIR_TESTE\1765896477.json.
2025-12-16 11:47:57,486-INFO-root-32380::webapp_internal::WaitShow|4980:: Waiting show text 'Moedas'...
2025-12-16 11:48:03,146-INFO-root-32380::webapp_internal::WaitShow|4980:: Waiting show text 'VTR.##R'...
2025-12-16 11:49:21,673-ERROR-root-32380::webapp_internal::TearDown|9654:: Warning tearDown Close HTTPConnectionPool(host='localhost', port=49252): Max retries exceeded with url: /session/32aaade7-3661-4f5d-833b-4ae666bf136f/window (Caused by NewConnectionError('<urllib3.connection.HTTPConnection object at 0x000001B67333DA90>: Failed to establish a new connection: [WinError 10061] Nenhuma conexão pôde ser feita porque a máquina de destino as recusou ativamente'))
Traceback (most recent call last):
  File "C:\TIR_TESTE\venv\Lib\site-packages\urllib3\connection.py", line 198, in _new_conn
    sock = connection.create_connection(
           ^^^^^^^^^^^^^^^^^^^^^^^^^^^^^
  File "C:\TIR_TESTE\venv\Lib\site-packages\urllib3\util\connection.py", line 85, in create_connection
    raise err
  File "C:\TIR_TESTE\venv\Lib\site-packages\urllib3\util\connection.py", line 73, in create_connection
    sock.connect(sa)
ConnectionRefusedError: [WinError 10061] Nenhuma conexão pôde ser feita porque a máquina de destino as recusou ativamente

The above exception was the direct cause of the following exception:

Traceback (most recent call last):
  File "C:\TIR_TESTE\venv\Lib\site-packages\urllib3\connectionpool.py", line 787, in urlopen
    response = self._make_request(
               ^^^^^^^^^^^^^^^^^^^
  File "C:\TIR_TESTE\venv\Lib\site-packages\urllib3\connectionpool.py", line 493, in _make_request
    conn.request(
  File "C:\TIR_TESTE\venv\Lib\site-packages\urllib3\connection.py", line 494, in request
    self.endheaders()
  File "C:\Users\97137227104\AppData\Local\Programs\Python\Python312\Lib\http\client.py", line 1333, in endheaders
    self._send_output(message_body, encode_chunked=encode_chunked)
  File "C:\Users\97137227104\AppData\Local\Programs\Python\Python312\Lib\http\client.py", line 1093, in _send_output
    self.send(msg)
  File "C:\Users\97137227104\AppData\Local\Programs\Python\Python312\Lib\http\client.py", line 1037, in send
    self.connect()
  File "C:\TIR_TESTE\venv\Lib\site-packages\urllib3\connection.py", line 325, in connect
    self.sock = self._new_conn()
                ^^^^^^^^^^^^^^^^
  File "C:\TIR_TESTE\venv\Lib\site-packages\urllib3\connection.py", line 213, in _new_conn
    raise NewConnectionError(
urllib3.exceptions.NewConnectionError: <urllib3.connection.HTTPConnection object at 0x000001B67333DA90>: Failed to establish a new connection: [WinError 10061] Nenhuma conexão pôde ser feita porque a máquina de destino as recusou ativamente

The above exception was the direct cause of the following exception:

Traceback (most recent call last):
  File "C:\TIR_TESTE\venv\Lib\site-packages\tir\technologies\webapp_internal.py", line 9652, in TearDown
    self.driver.close()
  File "C:\TIR_TESTE\venv\Lib\site-packages\selenium\webdriver\remote\webdriver.py", line 458, in close
    self.execute(Command.CLOSE)
  File "C:\TIR_TESTE\venv\Lib\site-packages\selenium\webdriver\remote\webdriver.py", line 345, in execute
    response = self.command_executor.execute(driver_command, params)
               ^^^^^^^^^^^^^^^^^^^^^^^^^^^^^^^^^^^^^^^^^^^^^^^^^^^^^
  File "C:\TIR_TESTE\venv\Lib\site-packages\selenium\webdriver\remote\remote_connection.py", line 302, in execute
    return self._request(command_info[0], url, body=data)
           ^^^^^^^^^^^^^^^^^^^^^^^^^^^^^^^^^^^^^^^^^^^^^^
  File "C:\TIR_TESTE\venv\Lib\site-packages\selenium\webdriver\remote\remote_connection.py", line 322, in _request
    response = self._conn.request(method, url, body=body, headers=headers)
               ^^^^^^^^^^^^^^^^^^^^^^^^^^^^^^^^^^^^^^^^^^^^^^^^^^^^^^^^^^^
  File "C:\TIR_TESTE\venv\Lib\site-packages\urllib3\_request_methods.py", line 135, in request
    return self.request_encode_url(
           ^^^^^^^^^^^^^^^^^^^^^^^^
  File "C:\TIR_TESTE\venv\Lib\site-packages\urllib3\_request_methods.py", line 182, in request_encode_url
    return self.urlopen(method, url, **extra_kw)
           ^^^^^^^^^^^^^^^^^^^^^^^^^^^^^^^^^^^^^
  File "C:\TIR_TESTE\venv\Lib\site-packages\urllib3\poolmanager.py", line 459, in urlopen
    response = conn.urlopen(method, u.request_uri, **kw)
               ^^^^^^^^^^^^^^^^^^^^^^^^^^^^^^^^^^^^^^^^^
  File "C:\TIR_TESTE\venv\Lib\site-packages\urllib3\connectionpool.py", line 871, in urlopen
    return self.urlopen(
           ^^^^^^^^^^^^^
  File "C:\TIR_TESTE\venv\Lib\site-packages\urllib3\connectionpool.py", line 871, in urlopen
    return self.urlopen(
           ^^^^^^^^^^^^^
  File "C:\TIR_TESTE\venv\Lib\site-packages\urllib3\connectionpool.py", line 871, in urlopen
    return self.urlopen(
           ^^^^^^^^^^^^^
  File "C:\TIR_TESTE\venv\Lib\site-packages\urllib3\connectionpool.py", line 841, in urlopen
    retries = retries.increment(
              ^^^^^^^^^^^^^^^^^^
  File "C:\TIR_TESTE\venv\Lib\site-packages\urllib3\util\retry.py", line 519, in increment
    raise MaxRetryError(_pool, url, reason) from reason  # type: ignore[arg-type]
    ^^^^^^^^^^^^^^^^^^^^^^^^^^^^^^^^^^^^^^^^^^^^^^^^^^^
urllib3.exceptions.MaxRetryError: HTTPConnectionPool(host='localhost', port=49252): Max retries exceeded with url: /session/32aaade7-3661-4f5d-833b-4ae666bf136f/window (Caused by NewConnectionError('<urllib3.connection.HTTPConnection object at 0x000001B67333DA90>: Failed to establish a new connection: [WinError 10061] Nenhuma conexão pôde ser feita porque a máquina de destino as recusou ativamente'))
