2025-12-16 11:34:35,456-DEBUG-root-27668::logging_config::logger|189:: Log file created: 'Log\GESIT03\TIR__20251216113435452.log'
2025-12-16 11:34:35,456-INFO-root-27668::base::Start|1183:: TIR Version: 2.4.3
2025-12-16 11:34:35,456-INFO-root-27668::base::Start|1184:: Python Version: 3.12.10
2025-12-16 11:34:35,456-INFO-root-27668::base::Start|1185:: Starting the browser
2025-12-16 11:34:42,733-INFO-root-27668::base::get_url|1294:: Page is ready!
2025-12-16 11:34:42,763-INFO-root-27668::base::Start|1256:: Browser maximized to 1936x1048
2025-12-16 11:34:42,764-INFO-root-27668::base::Start|1258:: Screen size is different from default used in headless mode
2025-12-16 11:34:42,876-INFO-root-27668::webapp_internal::Setup|247:: ***System Info*** in Setup():
2025-12-16 11:34:42,877-DEBUG-root-27668::psutil_info::system_info|5:: CPU USAGE: 20.4%
2025-12-16 11:34:42,877-DEBUG-root-27668::psutil_info::system_info|6:: MEMORY USAGE: 84.0%
2025-12-16 11:34:42,878-DEBUG-root-27668::psutil_info::system_info|7:: MEMORY AVAILABLE: 15.95%
2025-12-16 11:34:42,886-INFO-root-27668::base::webapp_shadowroot|1394:: Webapp: 10.1.6-RC4
2025-12-16 11:34:42,918-INFO-root-27668::webapp_internal::filling_initial_program|449:: Filling Initial Program: "SIGAMDI"
2025-12-16 11:34:42,919-DEBUG-root-27668::webapp_internal::wait_element|7623:: Waiting for element
2025-12-16 11:34:42,991-DEBUG-root-27668::webapp_internal::wait_element|7653:: Element found! Waiting for element to be displayed.
2025-12-16 11:34:43,151-DEBUG-root-27668::base::click|192:: Click Type: ClickType.JS
2025-12-16 11:34:43,155-DEBUG-root-27668::webapp_internal::try_send_keys|7976:: Trying to send keys to element using technique 0
2025-12-16 11:34:43,492-DEBUG-root-27668::webapp_internal::get_web_value|3232:: Current value: SIGAMDI
2025-12-16 11:34:43,492-INFO-root-27668::webapp_internal::filling_server_environment|463:: Filling Server Environment: "POUPEX_TST"
2025-12-16 11:34:43,493-DEBUG-root-27668::webapp_internal::wait_element|7623:: Waiting for element
2025-12-16 11:34:43,530-DEBUG-root-27668::webapp_internal::wait_element|7653:: Element found! Waiting for element to be displayed.
2025-12-16 11:34:43,686-DEBUG-root-27668::base::click|192:: Click Type: ClickType.JS
2025-12-16 11:34:43,691-DEBUG-root-27668::webapp_internal::try_send_keys|7976:: Trying to send keys to element using technique 0
2025-12-16 11:34:44,012-DEBUG-root-27668::webapp_internal::get_web_value|3232:: Current value: POUPEX_TST
2025-12-16 11:34:44,035-DEBUG-root-27668::base::click|192:: Click Type: ClickType.JS
2025-12-16 11:34:44,046-DEBUG-root-27668::webapp_internal::user_screen|519:: Filling user screen
2025-12-16 11:34:49,747-DEBUG-root-27668::base::scroll_to_element|759:: ********Warining scroll_to_element exception: Message: TypeError: can't access property "scrollIntoView", arguments[0] is null
Stacktrace:
@https://qasrverp:10020/webapp/:2:7
@https://qasrverp:10020/webapp/:3:8
*********
2025-12-16 11:34:49,776-DEBUG-root-27668::webapp_internal::wait_element_timeout|7726:: Element found! Waiting for element to be displayed.
2025-12-16 11:34:49,840-DEBUG-root-27668::base::scroll_to_element|759:: ********Warining scroll_to_element exception: Message: TypeError: can't access property "scrollIntoView", arguments[0] is null
Stacktrace:
@https://qasrverp:10020/webapp/:2:7
@https://qasrverp:10020/webapp/:3:8
*********
2025-12-16 11:34:49,969-INFO-root-27668::webapp_internal::user_screen|561:: Filling User
2025-12-16 11:34:49,997-DEBUG-root-27668::base::double_click|259:: Click Type: ClickType.SELENIUM
2025-12-16 11:34:50,175-DEBUG-root-27668::webapp_internal::get_web_value|3232:: Current value: 97137227104
2025-12-16 11:34:50,199-INFO-root-27668::webapp_internal::user_screen|621:: Filling Password
2025-12-16 11:34:50,218-DEBUG-root-27668::base::click|192:: Click Type: ClickType.JS
2025-12-16 11:34:50,289-DEBUG-root-27668::webapp_internal::get_web_value|3232:: Current value: Deire20191817+
2025-12-16 11:34:50,289-DEBUG-root-27668::webapp_internal::wait_blocker|2444:: Waiting blocker to continue...
2025-12-16 11:34:50,316-DEBUG-root-27668::webapp_internal::wait_blocker|2469:: Blocker status: None
2025-12-16 11:34:50,339-DEBUG-root-27668::webapp_internal::wait_blocker|2444:: Waiting blocker to continue...
2025-12-16 11:34:50,367-DEBUG-root-27668::webapp_internal::wait_blocker|2469:: Blocker status: None
2025-12-16 11:34:50,403-DEBUG-root-27668::webapp_internal::wait_blocker|2444:: Waiting blocker to continue...
2025-12-16 11:34:50,429-DEBUG-root-27668::webapp_internal::wait_blocker|2469:: Blocker status: None
2025-12-16 11:34:50,430-DEBUG-root-27668::webapp_internal::send_action|10480:: Trying to send action
2025-12-16 11:34:50,436-DEBUG-root-27668::base::click|192:: Click Type: ClickType.JS
2025-12-16 11:34:51,484-DEBUG-root-27668::webapp_internal::send_action|10522:: send_action method result = True
2025-12-16 11:34:51,484-DEBUG-root-27668::webapp_internal::send_action|10523:: send_action selenium status: False
2025-12-16 11:34:53,885-DEBUG-root-27668::base::scroll_to_element|759:: ********Warining scroll_to_element exception: Message: TypeError: can't access property "scrollIntoView", arguments[0] is null
Stacktrace:
@https://qasrverp:10020/webapp/:2:7
@https://qasrverp:10020/webapp/:3:8
*********
2025-12-16 11:34:53,940-INFO-root-27668::webapp_internal::filling_date|885:: Filling Date: "17/09/2025"
2025-12-16 11:34:53,941-DEBUG-root-27668::webapp_internal::wait_blocker|2444:: Waiting blocker to continue...
2025-12-16 11:34:53,978-DEBUG-root-27668::webapp_internal::wait_blocker|2469:: Blocker status: None
2025-12-16 11:34:53,980-DEBUG-root-27668::base::click|192:: Click Type: ClickType.JS
2025-12-16 11:34:53,995-DEBUG-root-27668::webapp_internal::try_send_keys|7976:: Trying to send keys to element using technique 1
2025-12-16 11:34:54,072-DEBUG-root-27668::webapp_internal::get_web_value|3232:: Current value: 17/09/2025
2025-12-16 11:34:55,162-INFO-root-27668::webapp_internal::filling_group|955:: Filling Group: "02"
2025-12-16 11:34:55,162-DEBUG-root-27668::webapp_internal::wait_blocker|2444:: Waiting blocker to continue...
2025-12-16 11:34:55,194-DEBUG-root-27668::webapp_internal::wait_blocker|2469:: Blocker status: None
2025-12-16 11:34:55,197-DEBUG-root-27668::base::click|192:: Click Type: ClickType.JS
2025-12-16 11:34:55,254-DEBUG-root-27668::webapp_internal::get_web_value|3232:: Current value: 02
2025-12-16 11:34:56,316-INFO-root-27668::webapp_internal::filling_branch|1047:: Filling Branch: "02DF0001"
2025-12-16 11:34:56,316-DEBUG-root-27668::webapp_internal::wait_blocker|2444:: Waiting blocker to continue...
2025-12-16 11:34:56,350-DEBUG-root-27668::webapp_internal::wait_blocker|2469:: Blocker status: None
2025-12-16 11:34:56,353-DEBUG-root-27668::base::click|192:: Click Type: ClickType.JS
2025-12-16 11:34:56,408-DEBUG-root-27668::webapp_internal::get_web_value|3232:: Current value: 02DF0001
2025-12-16 11:34:57,488-INFO-root-27668::webapp_internal::filling_environment|1113:: Filling Environment: "07"
2025-12-16 11:34:57,488-DEBUG-root-27668::webapp_internal::wait_blocker|2444:: Waiting blocker to continue...
2025-12-16 11:34:57,522-DEBUG-root-27668::webapp_internal::wait_blocker|2469:: Blocker status: None
2025-12-16 11:34:57,525-DEBUG-root-27668::base::click|192:: Click Type: ClickType.JS
2025-12-16 11:34:57,585-DEBUG-root-27668::webapp_internal::get_web_value|3232:: Current value: 07
2025-12-16 11:34:58,592-DEBUG-root-27668::webapp_internal::close_warning_screen|1489:: Closing warning screen!
2025-12-16 11:34:59,626-DEBUG-root-27668::webapp_internal::check_screen_element|1291:: Checking screen element: "Atenção": False
2025-12-16 11:35:00,725-INFO-root-27668::webapp_internal::environment_screen|796:: Clicking on Button
2025-12-16 11:35:00,726-DEBUG-root-27668::webapp_internal::wait_blocker|2444:: Waiting blocker to continue...
2025-12-16 11:35:00,759-DEBUG-root-27668::webapp_internal::wait_blocker|2469:: Blocker status: None
2025-12-16 11:35:00,761-DEBUG-root-27668::base::click|192:: Click Type: ClickType.JS
2025-12-16 11:35:01,776-DEBUG-root-27668::base::click|192:: Click Type: ClickType.JS
2025-12-16 11:35:02,784-DEBUG-root-27668::base::click|192:: Click Type: ClickType.JS
2025-12-16 11:35:03,792-DEBUG-root-27668::base::click|192:: Click Type: ClickType.JS
2025-12-16 11:35:04,800-DEBUG-root-27668::base::click|192:: Click Type: ClickType.JS
2025-12-16 11:35:05,807-DEBUG-root-27668::base::click|192:: Click Type: ClickType.JS
2025-12-16 11:35:06,812-DEBUG-root-27668::webapp_internal::close_screen_before_menu|368:: Closing screen before the menu
2025-12-16 11:35:06,856-DEBUG-root-27668::webapp_internal::close_warning_screen|1489:: Closing warning screen!
2025-12-16 11:35:07,896-DEBUG-root-27668::webapp_internal::check_screen_element|1291:: Checking screen element: "Atenção": False
2025-12-16 11:35:07,896-DEBUG-root-27668::webapp_internal::close_coin_screen|1424:: Closing coin screen!
2025-12-16 11:35:08,445-DEBUG-root-27668::base::click|192:: Click Type: ClickType.JS
2025-12-16 11:35:08,499-DEBUG-root-27668::webapp_internal::close_warning_screen|1489:: Closing warning screen!
2025-12-16 11:35:09,548-DEBUG-root-27668::webapp_internal::check_screen_element|1291:: Checking screen element: "Atenção": False
2025-12-16 11:35:09,548-DEBUG-root-27668::webapp_internal::close_coin_screen|1424:: Closing coin screen!
2025-12-16 11:35:09,681-INFO-root-27668::webapp_internal::set_log_info|1623:: Getting log info
2025-12-16 11:35:09,681-INFO-root-27668::webapp_internal::SetLateralMenu|4184:: Navigating lateral menu: Ajuda > Sobre
2025-12-16 11:35:09,692-DEBUG-root-27668::webapp_internal::wait_element|7623:: Waiting for element
2025-12-16 11:35:09,744-DEBUG-root-27668::webapp_internal::wait_element|7653:: Element found! Waiting for element to be displayed.
2025-12-16 11:35:09,944-INFO-root-27668::webapp_internal::SetLateralMenu|4203:: Menu item: "Ajuda"
2025-12-16 11:35:09,944-DEBUG-root-27668::webapp_internal::wait_blocker|2444:: Waiting blocker to continue...
2025-12-16 11:35:10,056-DEBUG-root-27668::webapp_internal::wait_blocker|2469:: Blocker status: False
2025-12-16 11:35:10,412-DEBUG-root-27668::webapp_internal::wait_element_timeout|7726:: Element found! Waiting for element to be displayed.
2025-12-16 11:35:10,731-DEBUG-root-27668::webapp_internal::wait_blocker|2444:: Waiting blocker to continue...
2025-12-16 11:35:10,818-DEBUG-root-27668::webapp_internal::wait_blocker|2469:: Blocker status: False
2025-12-16 11:35:13,099-INFO-root-27668::webapp_internal::SetLateralMenu|4203:: Menu item: "Sobre"
2025-12-16 11:35:13,099-DEBUG-root-27668::webapp_internal::wait_blocker|2444:: Waiting blocker to continue...
2025-12-16 11:35:13,164-DEBUG-root-27668::webapp_internal::wait_blocker|2469:: Blocker status: False
2025-12-16 11:35:13,651-DEBUG-root-27668::webapp_internal::wait_element_timeout|7726:: Element found! Waiting for element to be displayed.
2025-12-16 11:35:14,047-DEBUG-root-27668::webapp_internal::wait_blocker|2444:: Waiting blocker to continue...
2025-12-16 11:35:14,109-DEBUG-root-27668::webapp_internal::wait_blocker|2469:: Blocker status: False
2025-12-16 11:35:16,730-DEBUG-root-27668::webapp_internal::wait_blocker|2444:: Waiting blocker to continue...
2025-12-16 11:35:16,799-DEBUG-root-27668::webapp_internal::wait_blocker|2469:: Blocker status: False
2025-12-16 11:35:16,868-DEBUG-root-27668::webapp_internal::wait_element|7623:: Waiting for element
2025-12-16 11:35:16,911-DEBUG-root-27668::webapp_internal::wait_element|7653:: Element found! Waiting for element to be displayed.
2025-12-16 11:35:17,080-INFO-root-27668::webapp_internal::SetButton|4444:: Clicking on Fechar
2025-12-16 11:35:17,080-DEBUG-root-27668::webapp_internal::wait_blocker|2444:: Waiting blocker to continue...
2025-12-16 11:35:17,151-DEBUG-root-27668::webapp_internal::wait_blocker|2469:: Blocker status: False
2025-12-16 11:35:17,336-DEBUG-root-27668::webapp_internal::wait_element_timeout|7726:: Element found! Waiting for element to be displayed.
2025-12-16 11:35:17,419-DEBUG-root-27668::webapp_internal::SetButton|4481:: ***System Info*** Before Clicking on button:Fechar
2025-12-16 11:35:17,420-DEBUG-root-27668::psutil_info::system_info|5:: CPU USAGE: 10.7%
2025-12-16 11:35:17,420-DEBUG-root-27668::psutil_info::system_info|6:: MEMORY USAGE: 84.4%
2025-12-16 11:35:17,420-DEBUG-root-27668::psutil_info::system_info|7:: MEMORY AVAILABLE: 15.64%
2025-12-16 11:35:17,587-DEBUG-root-27668::webapp_internal::wait_element_timeout|7726:: Element found! Waiting for element to be displayed.
2025-12-16 11:35:17,690-DEBUG-root-27668::webapp_internal::wait_blocker|2444:: Waiting blocker to continue...
2025-12-16 11:35:17,764-DEBUG-root-27668::webapp_internal::wait_blocker|2469:: Blocker status: False
2025-12-16 11:35:17,780-DEBUG-root-27668::webapp_internal::wait_blocker|2444:: Waiting blocker to continue...
2025-12-16 11:35:17,850-DEBUG-root-27668::webapp_internal::wait_blocker|2469:: Blocker status: False
2025-12-16 11:35:17,850-DEBUG-root-27668::webapp_internal::send_action|10480:: Trying to send action
2025-12-16 11:35:17,852-DEBUG-root-27668::base::click|192:: Click Type: ClickType.JS
2025-12-16 11:35:18,882-DEBUG-root-27668::webapp_internal::send_action|10522:: send_action method result = True
2025-12-16 11:35:18,882-DEBUG-root-27668::webapp_internal::send_action|10523:: send_action selenium status: False
2025-12-16 11:35:18,882-DEBUG-root-27668::webapp_internal::SetButton|4683:: ***System Info*** After Clicking on button:
2025-12-16 11:35:18,882-DEBUG-root-27668::psutil_info::system_info|5:: CPU USAGE: 8.0%
2025-12-16 11:35:18,883-DEBUG-root-27668::psutil_info::system_info|6:: MEMORY USAGE: 84.1%
2025-12-16 11:35:18,883-DEBUG-root-27668::psutil_info::system_info|7:: MEMORY AVAILABLE: 15.92%
2025-12-16 11:35:18,883-DEBUG-root-27668::webapp_internal::wait_element|7623:: Waiting for element
2025-12-16 11:35:18,965-INFO-root-27668::webapp_internal::SetLateralMenu|4184:: Navigating lateral menu: Miscelanea > Spool
2025-12-16 11:35:18,974-DEBUG-root-27668::webapp_internal::wait_element|7623:: Waiting for element
2025-12-16 11:35:19,009-DEBUG-root-27668::webapp_internal::wait_element|7653:: Element found! Waiting for element to be displayed.
2025-12-16 11:35:19,167-INFO-root-27668::webapp_internal::SetLateralMenu|4203:: Menu item: "Miscelanea"
2025-12-16 11:35:19,167-DEBUG-root-27668::webapp_internal::wait_blocker|2444:: Waiting blocker to continue...
2025-12-16 11:35:19,230-DEBUG-root-27668::webapp_internal::wait_blocker|2469:: Blocker status: False
2025-12-16 11:35:19,628-DEBUG-root-27668::webapp_internal::wait_element_timeout|7726:: Element found! Waiting for element to be displayed.
2025-12-16 11:35:19,990-DEBUG-root-27668::webapp_internal::wait_blocker|2444:: Waiting blocker to continue...
2025-12-16 11:35:20,054-DEBUG-root-27668::webapp_internal::wait_blocker|2469:: Blocker status: False
2025-12-16 11:35:22,355-INFO-root-27668::webapp_internal::SetLateralMenu|4203:: Menu item: "Spool"
2025-12-16 11:35:22,355-DEBUG-root-27668::webapp_internal::wait_blocker|2444:: Waiting blocker to continue...
2025-12-16 11:35:22,489-DEBUG-root-27668::webapp_internal::wait_blocker|2469:: Blocker status: False
2025-12-16 11:35:23,819-DEBUG-root-27668::webapp_internal::wait_element_timeout|7726:: Element found! Waiting for element to be displayed.
2025-12-16 11:35:25,071-DEBUG-root-27668::webapp_internal::wait_blocker|2444:: Waiting blocker to continue...
2025-12-16 11:35:25,169-DEBUG-root-27668::webapp_internal::wait_blocker|2469:: Blocker status: False
2025-12-16 11:35:29,179-DEBUG-root-27668::webapp_internal::wait_blocker|2444:: Waiting blocker to continue...
2025-12-16 11:35:29,272-DEBUG-root-27668::webapp_internal::wait_blocker|2469:: Blocker status: False
2025-12-16 11:35:29,374-INFO-root-27668::webapp_internal::WaitShow|4980:: Waiting show text 'Este ambiente utiliza base de Homologação.'...
2025-12-16 11:35:34,691-DEBUG-root-27668::log::checks_empty_line|221:: Checking empty default log info
2025-12-16 11:35:34,693-DEBUG-root-27668::log::generate_log|503:: Json log_data: {'cLogDtExec': '16/12/2025 11:35:34', 'cLogNomUsr': '97137227104', 'cLogNomEst': 'GESIT03', 'cLogProgra': None, 'cLogDtProg': '', 'cLogHrProg': '', 'nLogCtsOk': 1, 'nLogCtsNok': 0, 'nLogCtsSeg': 59.34, 'cLogVersao': '12', 'cLogReleas': '12.1.2410', 'nLogCtsErr': '', 'cLogBancod': 'ORACLE', 'cLogIdenti': '', 'cLogIdExec': '20251216', 'cLogPais': 'BRA', 'cLogTool': 'TIR', 'cLogSequen': '918b8a', 'nLogCtsTot': 1, 'cLogDtExea': '16/12/2025', 'cLogHrExea': '11:35:34', 'cLogArea': 'Desenvolvimento', 'cLogMnExec': 0.9890000000000001}
2025-12-16 11:35:34,693-INFO-root-27668::log::send_log_with_retries|515:: Saving log locally.
2025-12-16 11:35:34,693-INFO-root-27668::log::save_log_locally|548:: [FwSendLog]: Não foi possível enviar o log após todas as tentativas.
2025-12-16 11:35:34,694-INFO-root-27668::log::save_log_locally|555:: [FwSendLog]: Log salvo localmente em C:\TIR_TESTE\1765895734.json.
2025-12-16 11:35:34,694-INFO-root-27668::webapp_internal::WaitShow|4980:: Waiting show text 'Moedas'...
2025-12-16 11:35:40,412-INFO-root-27668::webapp_internal::SetButton|4444:: Clicking on VTR.##R
2025-12-16 11:35:40,412-DEBUG-root-27668::webapp_internal::wait_blocker|2444:: Waiting blocker to continue...
2025-12-16 11:35:40,533-DEBUG-root-27668::webapp_internal::wait_blocker|2469:: Blocker status: False
2025-12-16 11:35:50,662-DEBUG-root-27668::webapp_internal::SetButton|4481:: ***System Info*** Before Clicking on button:VTR.##R
2025-12-16 11:35:50,662-DEBUG-root-27668::psutil_info::system_info|5:: CPU USAGE: 14.1%
2025-12-16 11:35:50,663-DEBUG-root-27668::psutil_info::system_info|6:: MEMORY USAGE: 84.9%
2025-12-16 11:35:50,663-DEBUG-root-27668::psutil_info::system_info|7:: MEMORY AVAILABLE: 15.14%
2025-12-16 11:37:56,104-WARNING-root-27668::webapp_internal::log_error|8143:: Warning log_error Couldn't find element: VTR.##R
2025-12-16 11:37:56,104-DEBUG-root-27668::webapp_internal::log_error|8146:: ***System Info*** in log_error():
2025-12-16 11:37:56,105-DEBUG-root-27668::psutil_info::system_info|5:: CPU USAGE: 14.5%
2025-12-16 11:37:56,105-DEBUG-root-27668::psutil_info::system_info|6:: MEMORY USAGE: 87.6%
2025-12-16 11:37:56,106-DEBUG-root-27668::psutil_info::system_info|7:: MEMORY AVAILABLE: 12.37%
2025-12-16 11:37:57,387-ERROR-root-27668::webapp_internal::TearDown|9654:: Warning tearDown Close Message: Tried to run command without establishing a connection
Traceback (most recent call last):
  File "C:\TIR_TESTE\venv\Lib\site-packages\tir\technologies\webapp_internal.py", line 9652, in TearDown
    self.driver.close()
  File "C:\TIR_TESTE\venv\Lib\site-packages\selenium\webdriver\remote\webdriver.py", line 458, in close
    self.execute(Command.CLOSE)
  File "C:\TIR_TESTE\venv\Lib\site-packages\selenium\webdriver\remote\webdriver.py", line 347, in execute
    self.error_handler.check_response(response)
  File "C:\TIR_TESTE\venv\Lib\site-packages\selenium\webdriver\remote\errorhandler.py", line 229, in check_response
    raise exception_class(message, screen, stacktrace)
selenium.common.exceptions.InvalidSessionIdException: Message: Tried to run command without establishing a connection

2025-12-16 11:34:35,456-DEBUG-root-27668::logging_config::logger|189:: Log file created: 'Log\GESIT03\TIR__20251216113435452.log'
2025-12-16 11:34:35,456-INFO-root-27668::base::Start|1183:: TIR Version: 2.4.3
2025-12-16 11:34:35,456-INFO-root-27668::base::Start|1184:: Python Version: 3.12.10
2025-12-16 11:34:35,456-INFO-root-27668::base::Start|1185:: Starting the browser
2025-12-16 11:34:42,733-INFO-root-27668::base::get_url|1294:: Page is ready!
2025-12-16 11:34:42,763-INFO-root-27668::base::Start|1256:: Browser maximized to 1936x1048
2025-12-16 11:34:42,764-INFO-root-27668::base::Start|1258:: Screen size is different from default used in headless mode
2025-12-16 11:34:42,876-INFO-root-27668::webapp_internal::Setup|247:: ***System Info*** in Setup():
2025-12-16 11:34:42,877-DEBUG-root-27668::psutil_info::system_info|5:: CPU USAGE: 20.4%
2025-12-16 11:34:42,877-DEBUG-root-27668::psutil_info::system_info|6:: MEMORY USAGE: 84.0%
2025-12-16 11:34:42,878-DEBUG-root-27668::psutil_info::system_info|7:: MEMORY AVAILABLE: 15.95%
2025-12-16 11:34:42,886-INFO-root-27668::base::webapp_shadowroot|1394:: Webapp: 10.1.6-RC4
2025-12-16 11:34:42,918-INFO-root-27668::webapp_internal::filling_initial_program|449:: Filling Initial Program: "SIGAMDI"
2025-12-16 11:34:42,919-DEBUG-root-27668::webapp_internal::wait_element|7623:: Waiting for element
2025-12-16 11:34:42,991-DEBUG-root-27668::webapp_internal::wait_element|7653:: Element found! Waiting for element to be displayed.
2025-12-16 11:34:43,151-DEBUG-root-27668::base::click|192:: Click Type: ClickType.JS
2025-12-16 11:34:43,155-DEBUG-root-27668::webapp_internal::try_send_keys|7976:: Trying to send keys to element using technique 0
2025-12-16 11:34:43,492-DEBUG-root-27668::webapp_internal::get_web_value|3232:: Current value: SIGAMDI
2025-12-16 11:34:43,492-INFO-root-27668::webapp_internal::filling_server_environment|463:: Filling Server Environment: "POUPEX_TST"
2025-12-16 11:34:43,493-DEBUG-root-27668::webapp_internal::wait_element|7623:: Waiting for element
2025-12-16 11:34:43,530-DEBUG-root-27668::webapp_internal::wait_element|7653:: Element found! Waiting for element to be displayed.
2025-12-16 11:34:43,686-DEBUG-root-27668::base::click|192:: Click Type: ClickType.JS
2025-12-16 11:34:43,691-DEBUG-root-27668::webapp_internal::try_send_keys|7976:: Trying to send keys to element using technique 0
2025-12-16 11:34:44,012-DEBUG-root-27668::webapp_internal::get_web_value|3232:: Current value: POUPEX_TST
2025-12-16 11:34:44,035-DEBUG-root-27668::base::click|192:: Click Type: ClickType.JS
2025-12-16 11:34:44,046-DEBUG-root-27668::webapp_internal::user_screen|519:: Filling user screen
2025-12-16 11:34:49,747-DEBUG-root-27668::base::scroll_to_element|759:: ********Warining scroll_to_element exception: Message: TypeError: can't access property "scrollIntoView", arguments[0] is null
Stacktrace:
@https://qasrverp:10020/webapp/:2:7
@https://qasrverp:10020/webapp/:3:8
*********
2025-12-16 11:34:49,776-DEBUG-root-27668::webapp_internal::wait_element_timeout|7726:: Element found! Waiting for element to be displayed.
2025-12-16 11:34:49,840-DEBUG-root-27668::base::scroll_to_element|759:: ********Warining scroll_to_element exception: Message: TypeError: can't access property "scrollIntoView", arguments[0] is null
Stacktrace:
@https://qasrverp:10020/webapp/:2:7
@https://qasrverp:10020/webapp/:3:8
*********
2025-12-16 11:34:49,969-INFO-root-27668::webapp_internal::user_screen|561:: Filling User
2025-12-16 11:34:49,997-DEBUG-root-27668::base::double_click|259:: Click Type: ClickType.SELENIUM
2025-12-16 11:34:50,175-DEBUG-root-27668::webapp_internal::get_web_value|3232:: Current value: 97137227104
2025-12-16 11:34:50,199-INFO-root-27668::webapp_internal::user_screen|621:: Filling Password
2025-12-16 11:34:50,218-DEBUG-root-27668::base::click|192:: Click Type: ClickType.JS
2025-12-16 11:34:50,289-DEBUG-root-27668::webapp_internal::get_web_value|3232:: Current value: Deire20191817+
2025-12-16 11:34:50,289-DEBUG-root-27668::webapp_internal::wait_blocker|2444:: Waiting blocker to continue...
2025-12-16 11:34:50,316-DEBUG-root-27668::webapp_internal::wait_blocker|2469:: Blocker status: None
2025-12-16 11:34:50,339-DEBUG-root-27668::webapp_internal::wait_blocker|2444:: Waiting blocker to continue...
2025-12-16 11:34:50,367-DEBUG-root-27668::webapp_internal::wait_blocker|2469:: Blocker status: None
2025-12-16 11:34:50,403-DEBUG-root-27668::webapp_internal::wait_blocker|2444:: Waiting blocker to continue...
2025-12-16 11:34:50,429-DEBUG-root-27668::webapp_internal::wait_blocker|2469:: Blocker status: None
2025-12-16 11:34:50,430-DEBUG-root-27668::webapp_internal::send_action|10480:: Trying to send action
2025-12-16 11:34:50,436-DEBUG-root-27668::base::click|192:: Click Type: ClickType.JS
2025-12-16 11:34:51,484-DEBUG-root-27668::webapp_internal::send_action|10522:: send_action method result = True
2025-12-16 11:34:51,484-DEBUG-root-27668::webapp_internal::send_action|10523:: send_action selenium status: False
2025-12-16 11:34:53,885-DEBUG-root-27668::base::scroll_to_element|759:: ********Warining scroll_to_element exception: Message: TypeError: can't access property "scrollIntoView", arguments[0] is null
Stacktrace:
@https://qasrverp:10020/webapp/:2:7
@https://qasrverp:10020/webapp/:3:8
*********
2025-12-16 11:34:53,940-INFO-root-27668::webapp_internal::filling_date|885:: Filling Date: "17/09/2025"
2025-12-16 11:34:53,941-DEBUG-root-27668::webapp_internal::wait_blocker|2444:: Waiting blocker to continue...
2025-12-16 11:34:53,978-DEBUG-root-27668::webapp_internal::wait_blocker|2469:: Blocker status: None
2025-12-16 11:34:53,980-DEBUG-root-27668::base::click|192:: Click Type: ClickType.JS
2025-12-16 11:34:53,995-DEBUG-root-27668::webapp_internal::try_send_keys|7976:: Trying to send keys to element using technique 1
2025-12-16 11:34:54,072-DEBUG-root-27668::webapp_internal::get_web_value|3232:: Current value: 17/09/2025
2025-12-16 11:34:55,162-INFO-root-27668::webapp_internal::filling_group|955:: Filling Group: "02"
2025-12-16 11:34:55,162-DEBUG-root-27668::webapp_internal::wait_blocker|2444:: Waiting blocker to continue...
2025-12-16 11:34:55,194-DEBUG-root-27668::webapp_internal::wait_blocker|2469:: Blocker status: None
2025-12-16 11:34:55,197-DEBUG-root-27668::base::click|192:: Click Type: ClickType.JS
2025-12-16 11:34:55,254-DEBUG-root-27668::webapp_internal::get_web_value|3232:: Current value: 02
2025-12-16 11:34:56,316-INFO-root-27668::webapp_internal::filling_branch|1047:: Filling Branch: "02DF0001"
2025-12-16 11:34:56,316-DEBUG-root-27668::webapp_internal::wait_blocker|2444:: Waiting blocker to continue...
2025-12-16 11:34:56,350-DEBUG-root-27668::webapp_internal::wait_blocker|2469:: Blocker status: None
2025-12-16 11:34:56,353-DEBUG-root-27668::base::click|192:: Click Type: ClickType.JS
2025-12-16 11:34:56,408-DEBUG-root-27668::webapp_internal::get_web_value|3232:: Current value: 02DF0001
2025-12-16 11:34:57,488-INFO-root-27668::webapp_internal::filling_environment|1113:: Filling Environment: "07"
2025-12-16 11:34:57,488-DEBUG-root-27668::webapp_internal::wait_blocker|2444:: Waiting blocker to continue...
2025-12-16 11:34:57,522-DEBUG-root-27668::webapp_internal::wait_blocker|2469:: Blocker status: None
2025-12-16 11:34:57,525-DEBUG-root-27668::base::click|192:: Click Type: ClickType.JS
2025-12-16 11:34:57,585-DEBUG-root-27668::webapp_internal::get_web_value|3232:: Current value: 07
2025-12-16 11:34:58,592-DEBUG-root-27668::webapp_internal::close_warning_screen|1489:: Closing warning screen!
2025-12-16 11:34:59,626-DEBUG-root-27668::webapp_internal::check_screen_element|1291:: Checking screen element: "Atenção": False
2025-12-16 11:35:00,725-INFO-root-27668::webapp_internal::environment_screen|796:: Clicking on Button
2025-12-16 11:35:00,726-DEBUG-root-27668::webapp_internal::wait_blocker|2444:: Waiting blocker to continue...
2025-12-16 11:35:00,759-DEBUG-root-27668::webapp_internal::wait_blocker|2469:: Blocker status: None
2025-12-16 11:35:00,761-DEBUG-root-27668::base::click|192:: Click Type: ClickType.JS
2025-12-16 11:35:01,776-DEBUG-root-27668::base::click|192:: Click Type: ClickType.JS
2025-12-16 11:35:02,784-DEBUG-root-27668::base::click|192:: Click Type: ClickType.JS
2025-12-16 11:35:03,792-DEBUG-root-27668::base::click|192:: Click Type: ClickType.JS
2025-12-16 11:35:04,800-DEBUG-root-27668::base::click|192:: Click Type: ClickType.JS
2025-12-16 11:35:05,807-DEBUG-root-27668::base::click|192:: Click Type: ClickType.JS
2025-12-16 11:35:06,812-DEBUG-root-27668::webapp_internal::close_screen_before_menu|368:: Closing screen before the menu
2025-12-16 11:35:06,856-DEBUG-root-27668::webapp_internal::close_warning_screen|1489:: Closing warning screen!
2025-12-16 11:35:07,896-DEBUG-root-27668::webapp_internal::check_screen_element|1291:: Checking screen element: "Atenção": False
2025-12-16 11:35:07,896-DEBUG-root-27668::webapp_internal::close_coin_screen|1424:: Closing coin screen!
2025-12-16 11:35:08,445-DEBUG-root-27668::base::click|192:: Click Type: ClickType.JS
2025-12-16 11:35:08,499-DEBUG-root-27668::webapp_internal::close_warning_screen|1489:: Closing warning screen!
2025-12-16 11:35:09,548-DEBUG-root-27668::webapp_internal::check_screen_element|1291:: Checking screen element: "Atenção": False
2025-12-16 11:35:09,548-DEBUG-root-27668::webapp_internal::close_coin_screen|1424:: Closing coin screen!
2025-12-16 11:35:09,681-INFO-root-27668::webapp_internal::set_log_info|1623:: Getting log info
2025-12-16 11:35:09,681-INFO-root-27668::webapp_internal::SetLateralMenu|4184:: Navigating lateral menu: Ajuda > Sobre
2025-12-16 11:35:09,692-DEBUG-root-27668::webapp_internal::wait_element|7623:: Waiting for element
2025-12-16 11:35:09,744-DEBUG-root-27668::webapp_internal::wait_element|7653:: Element found! Waiting for element to be displayed.
2025-12-16 11:35:09,944-INFO-root-27668::webapp_internal::SetLateralMenu|4203:: Menu item: "Ajuda"
2025-12-16 11:35:09,944-DEBUG-root-27668::webapp_internal::wait_blocker|2444:: Waiting blocker to continue...
2025-12-16 11:35:10,056-DEBUG-root-27668::webapp_internal::wait_blocker|2469:: Blocker status: False
2025-12-16 11:35:10,412-DEBUG-root-27668::webapp_internal::wait_element_timeout|7726:: Element found! Waiting for element to be displayed.
2025-12-16 11:35:10,731-DEBUG-root-27668::webapp_internal::wait_blocker|2444:: Waiting blocker to continue...
2025-12-16 11:35:10,818-DEBUG-root-27668::webapp_internal::wait_blocker|2469:: Blocker status: False
2025-12-16 11:35:13,099-INFO-root-27668::webapp_internal::SetLateralMenu|4203:: Menu item: "Sobre"
2025-12-16 11:35:13,099-DEBUG-root-27668::webapp_internal::wait_blocker|2444:: Waiting blocker to continue...
2025-12-16 11:35:13,164-DEBUG-root-27668::webapp_internal::wait_blocker|2469:: Blocker status: False
2025-12-16 11:35:13,651-DEBUG-root-27668::webapp_internal::wait_element_timeout|7726:: Element found! Waiting for element to be displayed.
2025-12-16 11:35:14,047-DEBUG-root-27668::webapp_internal::wait_blocker|2444:: Waiting blocker to continue...
2025-12-16 11:35:14,109-DEBUG-root-27668::webapp_internal::wait_blocker|2469:: Blocker status: False
2025-12-16 11:35:16,730-DEBUG-root-27668::webapp_internal::wait_blocker|2444:: Waiting blocker to continue...
2025-12-16 11:35:16,799-DEBUG-root-27668::webapp_internal::wait_blocker|2469:: Blocker status: False
2025-12-16 11:35:16,868-DEBUG-root-27668::webapp_internal::wait_element|7623:: Waiting for element
2025-12-16 11:35:16,911-DEBUG-root-27668::webapp_internal::wait_element|7653:: Element found! Waiting for element to be displayed.
2025-12-16 11:35:17,080-INFO-root-27668::webapp_internal::SetButton|4444:: Clicking on Fechar
2025-12-16 11:35:17,080-DEBUG-root-27668::webapp_internal::wait_blocker|2444:: Waiting blocker to continue...
2025-12-16 11:35:17,151-DEBUG-root-27668::webapp_internal::wait_blocker|2469:: Blocker status: False
2025-12-16 11:35:17,336-DEBUG-root-27668::webapp_internal::wait_element_timeout|7726:: Element found! Waiting for element to be displayed.
2025-12-16 11:35:17,419-DEBUG-root-27668::webapp_internal::SetButton|4481:: ***System Info*** Before Clicking on button:Fechar
2025-12-16 11:35:17,420-DEBUG-root-27668::psutil_info::system_info|5:: CPU USAGE: 10.7%
2025-12-16 11:35:17,420-DEBUG-root-27668::psutil_info::system_info|6:: MEMORY USAGE: 84.4%
2025-12-16 11:35:17,420-DEBUG-root-27668::psutil_info::system_info|7:: MEMORY AVAILABLE: 15.64%
2025-12-16 11:35:17,587-DEBUG-root-27668::webapp_internal::wait_element_timeout|7726:: Element found! Waiting for element to be displayed.
2025-12-16 11:35:17,690-DEBUG-root-27668::webapp_internal::wait_blocker|2444:: Waiting blocker to continue...
2025-12-16 11:35:17,764-DEBUG-root-27668::webapp_internal::wait_blocker|2469:: Blocker status: False
2025-12-16 11:35:17,780-DEBUG-root-27668::webapp_internal::wait_blocker|2444:: Waiting blocker to continue...
2025-12-16 11:35:17,850-DEBUG-root-27668::webapp_internal::wait_blocker|2469:: Blocker status: False
2025-12-16 11:35:17,850-DEBUG-root-27668::webapp_internal::send_action|10480:: Trying to send action
2025-12-16 11:35:17,852-DEBUG-root-27668::base::click|192:: Click Type: ClickType.JS
2025-12-16 11:35:18,882-DEBUG-root-27668::webapp_internal::send_action|10522:: send_action method result = True
2025-12-16 11:35:18,882-DEBUG-root-27668::webapp_internal::send_action|10523:: send_action selenium status: False
2025-12-16 11:35:18,882-DEBUG-root-27668::webapp_internal::SetButton|4683:: ***System Info*** After Clicking on button:
2025-12-16 11:35:18,882-DEBUG-root-27668::psutil_info::system_info|5:: CPU USAGE: 8.0%
2025-12-16 11:35:18,883-DEBUG-root-27668::psutil_info::system_info|6:: MEMORY USAGE: 84.1%
2025-12-16 11:35:18,883-DEBUG-root-27668::psutil_info::system_info|7:: MEMORY AVAILABLE: 15.92%
2025-12-16 11:35:18,883-DEBUG-root-27668::webapp_internal::wait_element|7623:: Waiting for element
2025-12-16 11:35:18,965-INFO-root-27668::webapp_internal::SetLateralMenu|4184:: Navigating lateral menu: Miscelanea > Spool
2025-12-16 11:35:18,974-DEBUG-root-27668::webapp_internal::wait_element|7623:: Waiting for element
2025-12-16 11:35:19,009-DEBUG-root-27668::webapp_internal::wait_element|7653:: Element found! Waiting for element to be displayed.
2025-12-16 11:35:19,167-INFO-root-27668::webapp_internal::SetLateralMenu|4203:: Menu item: "Miscelanea"
2025-12-16 11:35:19,167-DEBUG-root-27668::webapp_internal::wait_blocker|2444:: Waiting blocker to continue...
2025-12-16 11:35:19,230-DEBUG-root-27668::webapp_internal::wait_blocker|2469:: Blocker status: False
2025-12-16 11:35:19,628-DEBUG-root-27668::webapp_internal::wait_element_timeout|7726:: Element found! Waiting for element to be displayed.
2025-12-16 11:35:19,990-DEBUG-root-27668::webapp_internal::wait_blocker|2444:: Waiting blocker to continue...
2025-12-16 11:35:20,054-DEBUG-root-27668::webapp_internal::wait_blocker|2469:: Blocker status: False
2025-12-16 11:35:22,355-INFO-root-27668::webapp_internal::SetLateralMenu|4203:: Menu item: "Spool"
2025-12-16 11:35:22,355-DEBUG-root-27668::webapp_internal::wait_blocker|2444:: Waiting blocker to continue...
2025-12-16 11:35:22,489-DEBUG-root-27668::webapp_internal::wait_blocker|2469:: Blocker status: False
2025-12-16 11:35:23,819-DEBUG-root-27668::webapp_internal::wait_element_timeout|7726:: Element found! Waiting for element to be displayed.
2025-12-16 11:35:25,071-DEBUG-root-27668::webapp_internal::wait_blocker|2444:: Waiting blocker to continue...
2025-12-16 11:35:25,169-DEBUG-root-27668::webapp_internal::wait_blocker|2469:: Blocker status: False
2025-12-16 11:35:29,179-DEBUG-root-27668::webapp_internal::wait_blocker|2444:: Waiting blocker to continue...
2025-12-16 11:35:29,272-DEBUG-root-27668::webapp_internal::wait_blocker|2469:: Blocker status: False
2025-12-16 11:35:29,374-INFO-root-27668::webapp_internal::WaitShow|4980:: Waiting show text 'Este ambiente utiliza base de Homologação.'...
2025-12-16 11:35:34,691-DEBUG-root-27668::log::checks_empty_line|221:: Checking empty default log info
2025-12-16 11:35:34,693-DEBUG-root-27668::log::generate_log|503:: Json log_data: {'cLogDtExec': '16/12/2025 11:35:34', 'cLogNomUsr': '97137227104', 'cLogNomEst': 'GESIT03', 'cLogProgra': None, 'cLogDtProg': '', 'cLogHrProg': '', 'nLogCtsOk': 1, 'nLogCtsNok': 0, 'nLogCtsSeg': 59.34, 'cLogVersao': '12', 'cLogReleas': '12.1.2410', 'nLogCtsErr': '', 'cLogBancod': 'ORACLE', 'cLogIdenti': '', 'cLogIdExec': '20251216', 'cLogPais': 'BRA', 'cLogTool': 'TIR', 'cLogSequen': '918b8a', 'nLogCtsTot': 1, 'cLogDtExea': '16/12/2025', 'cLogHrExea': '11:35:34', 'cLogArea': 'Desenvolvimento', 'cLogMnExec': 0.9890000000000001}
2025-12-16 11:35:34,693-INFO-root-27668::log::send_log_with_retries|515:: Saving log locally.
2025-12-16 11:35:34,693-INFO-root-27668::log::save_log_locally|548:: [FwSendLog]: Não foi possível enviar o log após todas as tentativas.
2025-12-16 11:35:34,694-INFO-root-27668::log::save_log_locally|555:: [FwSendLog]: Log salvo localmente em C:\TIR_TESTE\1765895734.json.
2025-12-16 11:35:34,694-INFO-root-27668::webapp_internal::WaitShow|4980:: Waiting show text 'Moedas'...
2025-12-16 11:35:40,412-INFO-root-27668::webapp_internal::SetButton|4444:: Clicking on VTR.##R
2025-12-16 11:35:40,412-DEBUG-root-27668::webapp_internal::wait_blocker|2444:: Waiting blocker to continue...
2025-12-16 11:35:40,533-DEBUG-root-27668::webapp_internal::wait_blocker|2469:: Blocker status: False
2025-12-16 11:35:50,662-DEBUG-root-27668::webapp_internal::SetButton|4481:: ***System Info*** Before Clicking on button:VTR.##R
2025-12-16 11:35:50,662-DEBUG-root-27668::psutil_info::system_info|5:: CPU USAGE: 14.1%
2025-12-16 11:35:50,663-DEBUG-root-27668::psutil_info::system_info|6:: MEMORY USAGE: 84.9%
2025-12-16 11:35:50,663-DEBUG-root-27668::psutil_info::system_info|7:: MEMORY AVAILABLE: 15.14%
2025-12-16 11:37:56,104-WARNING-root-27668::webapp_internal::log_error|8143:: Warning log_error Couldn't find element: VTR.##R
2025-12-16 11:37:56,104-DEBUG-root-27668::webapp_internal::log_error|8146:: ***System Info*** in log_error():
2025-12-16 11:37:56,105-DEBUG-root-27668::psutil_info::system_info|5:: CPU USAGE: 14.5%
2025-12-16 11:37:56,105-DEBUG-root-27668::psutil_info::system_info|6:: MEMORY USAGE: 87.6%
2025-12-16 11:37:56,106-DEBUG-root-27668::psutil_info::system_info|7:: MEMORY AVAILABLE: 12.37%
2025-12-16 11:37:57,387-ERROR-root-27668::webapp_internal::TearDown|9654:: Warning tearDown Close Message: Tried to run command without establishing a connection
Traceback (most recent call last):
  File "C:\TIR_TESTE\venv\Lib\site-packages\tir\technologies\webapp_internal.py", line 9652, in TearDown
    self.driver.close()
  File "C:\TIR_TESTE\venv\Lib\site-packages\selenium\webdriver\remote\webdriver.py", line 458, in close
    self.execute(Command.CLOSE)
  File "C:\TIR_TESTE\venv\Lib\site-packages\selenium\webdriver\remote\webdriver.py", line 347, in execute
    self.error_handler.check_response(response)
  File "C:\TIR_TESTE\venv\Lib\site-packages\selenium\webdriver\remote\errorhandler.py", line 229, in check_response
    raise exception_class(message, screen, stacktrace)
selenium.common.exceptions.InvalidSessionIdException: Message: Tried to run command without establishing a connection

