2025-12-04 12:17:35,965-DEBUG-root-37412::logging_config::logger|189:: Log file created: 'Log\GESIT03\TIR__20251204121735959.log'
2025-12-04 12:17:35,965-INFO-root-37412::base::Start|1183:: TIR Version: 2.4.3
2025-12-04 12:17:35,965-INFO-root-37412::base::Start|1184:: Python Version: 3.12.10
2025-12-04 12:17:35,965-INFO-root-37412::base::Start|1185:: Starting the browser
2025-12-04 12:17:43,477-INFO-root-37412::base::get_url|1294:: Page is ready!
2025-12-04 12:17:43,499-INFO-root-37412::base::Start|1256:: Browser maximized to 1936x1048
2025-12-04 12:17:43,499-INFO-root-37412::base::Start|1258:: Screen size is different from default used in headless mode
2025-12-04 12:17:43,682-INFO-root-37412::webapp_internal::Setup|247:: ***System Info*** in Setup():
2025-12-04 12:17:43,683-DEBUG-root-37412::psutil_info::system_info|5:: CPU USAGE: 19.6%
2025-12-04 12:17:43,683-DEBUG-root-37412::psutil_info::system_info|6:: MEMORY USAGE: 94.8%
2025-12-04 12:17:43,684-DEBUG-root-37412::psutil_info::system_info|7:: MEMORY AVAILABLE: 5.23%
2025-12-04 12:17:43,713-INFO-root-37412::base::webapp_shadowroot|1394:: Webapp: 10.1.6-RC4
2025-12-04 12:17:43,802-INFO-root-37412::webapp_internal::filling_initial_program|449:: Filling Initial Program: "SIGAMDI"
2025-12-04 12:17:43,803-DEBUG-root-37412::webapp_internal::wait_element|7623:: Waiting for element
2025-12-04 12:17:43,832-DEBUG-root-37412::webapp_internal::wait_element|7653:: Element found! Waiting for element to be displayed.
2025-12-04 12:17:43,993-DEBUG-root-37412::base::click|192:: Click Type: ClickType.JS
2025-12-04 12:17:44,000-DEBUG-root-37412::webapp_internal::try_send_keys|7976:: Trying to send keys to element using technique 0
2025-12-04 12:17:44,342-DEBUG-root-37412::webapp_internal::get_web_value|3232:: Current value: SIGAMDI
2025-12-04 12:17:44,342-INFO-root-37412::webapp_internal::filling_server_environment|463:: Filling Server Environment: "POUPEX_TST"
2025-12-04 12:17:44,342-DEBUG-root-37412::webapp_internal::wait_element|7623:: Waiting for element
2025-12-04 12:17:44,371-DEBUG-root-37412::webapp_internal::wait_element|7653:: Element found! Waiting for element to be displayed.
2025-12-04 12:17:44,723-DEBUG-root-37412::base::click|192:: Click Type: ClickType.JS
2025-12-04 12:17:44,731-DEBUG-root-37412::webapp_internal::try_send_keys|7976:: Trying to send keys to element using technique 0
2025-12-04 12:17:45,691-DEBUG-root-37412::webapp_internal::get_web_value|3232:: Current value: POUPEX_TST
2025-12-04 12:17:45,720-DEBUG-root-37412::base::click|192:: Click Type: ClickType.JS
2025-12-04 12:17:45,735-DEBUG-root-37412::webapp_internal::user_screen|519:: Filling user screen
2025-12-04 12:17:51,579-DEBUG-root-37412::base::scroll_to_element|759:: ********Warining scroll_to_element exception: Message: TypeError: can't access property "scrollIntoView", arguments[0] is null
Stacktrace:
@https://qasrverp:10020/webapp/:2:7
@https://qasrverp:10020/webapp/:3:8
*********
2025-12-04 12:17:51,609-DEBUG-root-37412::webapp_internal::wait_element_timeout|7726:: Element found! Waiting for element to be displayed.
2025-12-04 12:17:51,681-DEBUG-root-37412::base::scroll_to_element|759:: ********Warining scroll_to_element exception: Message: TypeError: can't access property "scrollIntoView", arguments[0] is null
Stacktrace:
@https://qasrverp:10020/webapp/:2:7
@https://qasrverp:10020/webapp/:3:8
*********
2025-12-04 12:17:51,831-INFO-root-37412::webapp_internal::user_screen|561:: Filling User
2025-12-04 12:17:51,861-DEBUG-root-37412::base::double_click|259:: Click Type: ClickType.SELENIUM
2025-12-04 12:17:52,058-DEBUG-root-37412::webapp_internal::get_web_value|3232:: Current value: 97137227104
2025-12-04 12:17:52,089-INFO-root-37412::webapp_internal::user_screen|621:: Filling Password
2025-12-04 12:17:52,109-DEBUG-root-37412::base::click|192:: Click Type: ClickType.JS
2025-12-04 12:17:52,183-DEBUG-root-37412::webapp_internal::get_web_value|3232:: Current value: Val20221080080094+
2025-12-04 12:17:52,183-DEBUG-root-37412::webapp_internal::wait_blocker|2444:: Waiting blocker to continue...
2025-12-04 12:17:52,209-DEBUG-root-37412::webapp_internal::wait_blocker|2469:: Blocker status: None
2025-12-04 12:17:52,232-DEBUG-root-37412::webapp_internal::wait_blocker|2444:: Waiting blocker to continue...
2025-12-04 12:17:52,267-DEBUG-root-37412::webapp_internal::wait_blocker|2469:: Blocker status: None
2025-12-04 12:17:52,317-DEBUG-root-37412::webapp_internal::wait_blocker|2444:: Waiting blocker to continue...
2025-12-04 12:17:52,352-DEBUG-root-37412::webapp_internal::wait_blocker|2469:: Blocker status: None
2025-12-04 12:17:52,352-DEBUG-root-37412::webapp_internal::send_action|10480:: Trying to send action
2025-12-04 12:17:52,360-DEBUG-root-37412::base::click|192:: Click Type: ClickType.JS
2025-12-04 12:17:53,400-DEBUG-root-37412::webapp_internal::send_action|10522:: send_action method result = True
2025-12-04 12:17:53,400-DEBUG-root-37412::webapp_internal::send_action|10523:: send_action selenium status: False
2025-12-04 12:17:55,827-DEBUG-root-37412::base::scroll_to_element|759:: ********Warining scroll_to_element exception: Message: TypeError: can't access property "scrollIntoView", arguments[0] is null
Stacktrace:
@https://qasrverp:10020/webapp/:2:7
@https://qasrverp:10020/webapp/:3:8
*********
2025-12-04 12:17:55,890-INFO-root-37412::webapp_internal::filling_date|885:: Filling Date: "04/12/2025"
2025-12-04 12:17:55,891-DEBUG-root-37412::webapp_internal::wait_blocker|2444:: Waiting blocker to continue...
2025-12-04 12:17:55,928-DEBUG-root-37412::webapp_internal::wait_blocker|2469:: Blocker status: None
2025-12-04 12:17:55,930-DEBUG-root-37412::base::click|192:: Click Type: ClickType.JS
2025-12-04 12:17:55,947-DEBUG-root-37412::webapp_internal::try_send_keys|7976:: Trying to send keys to element using technique 1
2025-12-04 12:17:56,031-DEBUG-root-37412::webapp_internal::get_web_value|3232:: Current value: 04/12/2025
2025-12-04 12:17:57,123-INFO-root-37412::webapp_internal::filling_group|955:: Filling Group: "02"
2025-12-04 12:17:57,123-DEBUG-root-37412::webapp_internal::wait_blocker|2444:: Waiting blocker to continue...
2025-12-04 12:17:57,162-DEBUG-root-37412::webapp_internal::wait_blocker|2469:: Blocker status: None
2025-12-04 12:17:57,165-DEBUG-root-37412::base::click|192:: Click Type: ClickType.JS
2025-12-04 12:17:57,219-DEBUG-root-37412::webapp_internal::get_web_value|3232:: Current value: 02
2025-12-04 12:17:58,285-INFO-root-37412::webapp_internal::filling_branch|1047:: Filling Branch: "02DF0001"
2025-12-04 12:17:58,286-DEBUG-root-37412::webapp_internal::wait_blocker|2444:: Waiting blocker to continue...
2025-12-04 12:17:58,321-DEBUG-root-37412::webapp_internal::wait_blocker|2469:: Blocker status: None
2025-12-04 12:17:58,324-DEBUG-root-37412::base::click|192:: Click Type: ClickType.JS
2025-12-04 12:17:58,389-DEBUG-root-37412::webapp_internal::get_web_value|3232:: Current value: 02DF0001
2025-12-04 12:17:59,473-INFO-root-37412::webapp_internal::filling_environment|1113:: Filling Environment: "07"
2025-12-04 12:17:59,473-DEBUG-root-37412::webapp_internal::wait_blocker|2444:: Waiting blocker to continue...
2025-12-04 12:17:59,506-DEBUG-root-37412::webapp_internal::wait_blocker|2469:: Blocker status: None
2025-12-04 12:17:59,509-DEBUG-root-37412::base::click|192:: Click Type: ClickType.JS
2025-12-04 12:17:59,563-DEBUG-root-37412::webapp_internal::get_web_value|3232:: Current value: 07
2025-12-04 12:18:00,571-DEBUG-root-37412::webapp_internal::close_warning_screen|1489:: Closing warning screen!
2025-12-04 12:18:01,607-DEBUG-root-37412::webapp_internal::check_screen_element|1291:: Checking screen element: "Atenção": False
2025-12-04 12:18:02,752-INFO-root-37412::webapp_internal::environment_screen|796:: Clicking on Button
2025-12-04 12:18:02,753-DEBUG-root-37412::webapp_internal::wait_blocker|2444:: Waiting blocker to continue...
2025-12-04 12:18:02,790-DEBUG-root-37412::webapp_internal::wait_blocker|2469:: Blocker status: None
2025-12-04 12:18:02,793-DEBUG-root-37412::base::click|192:: Click Type: ClickType.JS
2025-12-04 12:18:03,803-DEBUG-root-37412::base::click|192:: Click Type: ClickType.JS
2025-12-04 12:18:04,811-DEBUG-root-37412::base::click|192:: Click Type: ClickType.JS
2025-12-04 12:18:05,819-DEBUG-root-37412::base::click|192:: Click Type: ClickType.JS
2025-12-04 12:18:06,827-DEBUG-root-37412::base::click|192:: Click Type: ClickType.JS
2025-12-04 12:18:07,833-DEBUG-root-37412::base::click|192:: Click Type: ClickType.JS
2025-12-04 12:18:08,844-DEBUG-root-37412::webapp_internal::close_screen_before_menu|368:: Closing screen before the menu
2025-12-04 12:18:08,892-DEBUG-root-37412::webapp_internal::close_warning_screen|1489:: Closing warning screen!
2025-12-04 12:18:09,933-DEBUG-root-37412::webapp_internal::check_screen_element|1291:: Checking screen element: "Atenção": False
2025-12-04 12:18:09,933-DEBUG-root-37412::webapp_internal::close_coin_screen|1424:: Closing coin screen!
2025-12-04 12:18:10,512-DEBUG-root-37412::base::click|192:: Click Type: ClickType.JS
2025-12-04 12:18:10,579-DEBUG-root-37412::webapp_internal::close_warning_screen|1489:: Closing warning screen!
2025-12-04 12:18:11,638-DEBUG-root-37412::webapp_internal::check_screen_element|1291:: Checking screen element: "Atenção": False
2025-12-04 12:18:11,638-DEBUG-root-37412::webapp_internal::close_coin_screen|1424:: Closing coin screen!
2025-12-04 12:18:11,760-INFO-root-37412::webapp_internal::set_log_info|1623:: Getting log info
2025-12-04 12:18:11,760-INFO-root-37412::webapp_internal::SetLateralMenu|4184:: Navigating lateral menu: Ajuda > Sobre
2025-12-04 12:18:11,769-DEBUG-root-37412::webapp_internal::wait_element|7623:: Waiting for element
2025-12-04 12:18:11,816-DEBUG-root-37412::webapp_internal::wait_element|7653:: Element found! Waiting for element to be displayed.
2025-12-04 12:18:11,990-INFO-root-37412::webapp_internal::SetLateralMenu|4203:: Menu item: "Ajuda"
2025-12-04 12:18:11,990-DEBUG-root-37412::webapp_internal::wait_blocker|2444:: Waiting blocker to continue...
2025-12-04 12:18:12,056-DEBUG-root-37412::webapp_internal::wait_blocker|2469:: Blocker status: False
2025-12-04 12:18:12,423-DEBUG-root-37412::webapp_internal::wait_element_timeout|7726:: Element found! Waiting for element to be displayed.
2025-12-04 12:18:12,732-DEBUG-root-37412::webapp_internal::wait_blocker|2444:: Waiting blocker to continue...
2025-12-04 12:18:12,803-DEBUG-root-37412::webapp_internal::wait_blocker|2469:: Blocker status: False
2025-12-04 12:18:15,085-INFO-root-37412::webapp_internal::SetLateralMenu|4203:: Menu item: "Sobre"
2025-12-04 12:18:15,085-DEBUG-root-37412::webapp_internal::wait_blocker|2444:: Waiting blocker to continue...
2025-12-04 12:18:15,166-DEBUG-root-37412::webapp_internal::wait_blocker|2469:: Blocker status: False
2025-12-04 12:18:15,626-DEBUG-root-37412::webapp_internal::wait_element_timeout|7726:: Element found! Waiting for element to be displayed.
2025-12-04 12:18:16,015-DEBUG-root-37412::webapp_internal::wait_blocker|2444:: Waiting blocker to continue...
2025-12-04 12:18:16,101-DEBUG-root-37412::webapp_internal::wait_blocker|2469:: Blocker status: False
2025-12-04 12:18:18,782-DEBUG-root-37412::webapp_internal::wait_blocker|2444:: Waiting blocker to continue...
2025-12-04 12:18:18,846-DEBUG-root-37412::webapp_internal::wait_blocker|2469:: Blocker status: False
2025-12-04 12:18:18,919-DEBUG-root-37412::webapp_internal::wait_element|7623:: Waiting for element
2025-12-04 12:18:18,961-DEBUG-root-37412::webapp_internal::wait_element|7653:: Element found! Waiting for element to be displayed.
2025-12-04 12:18:19,131-INFO-root-37412::webapp_internal::SetButton|4444:: Clicking on Fechar
2025-12-04 12:18:19,131-DEBUG-root-37412::webapp_internal::wait_blocker|2444:: Waiting blocker to continue...
2025-12-04 12:18:19,199-DEBUG-root-37412::webapp_internal::wait_blocker|2469:: Blocker status: False
2025-12-04 12:18:19,383-DEBUG-root-37412::webapp_internal::wait_element_timeout|7726:: Element found! Waiting for element to be displayed.
2025-12-04 12:18:19,452-DEBUG-root-37412::webapp_internal::SetButton|4481:: ***System Info*** Before Clicking on button:Fechar
2025-12-04 12:18:19,452-DEBUG-root-37412::psutil_info::system_info|5:: CPU USAGE: 11.4%
2025-12-04 12:18:19,453-DEBUG-root-37412::psutil_info::system_info|6:: MEMORY USAGE: 94.1%
2025-12-04 12:18:19,453-DEBUG-root-37412::psutil_info::system_info|7:: MEMORY AVAILABLE: 5.86%
2025-12-04 12:18:19,618-DEBUG-root-37412::webapp_internal::wait_element_timeout|7726:: Element found! Waiting for element to be displayed.
2025-12-04 12:18:19,732-DEBUG-root-37412::webapp_internal::wait_blocker|2444:: Waiting blocker to continue...
2025-12-04 12:18:19,800-DEBUG-root-37412::webapp_internal::wait_blocker|2469:: Blocker status: False
2025-12-04 12:18:19,818-DEBUG-root-37412::webapp_internal::wait_blocker|2444:: Waiting blocker to continue...
2025-12-04 12:18:19,890-DEBUG-root-37412::webapp_internal::wait_blocker|2469:: Blocker status: False
2025-12-04 12:18:19,890-DEBUG-root-37412::webapp_internal::send_action|10480:: Trying to send action
2025-12-04 12:18:19,892-DEBUG-root-37412::base::click|192:: Click Type: ClickType.JS
2025-12-04 12:18:20,923-DEBUG-root-37412::webapp_internal::send_action|10522:: send_action method result = True
2025-12-04 12:18:20,923-DEBUG-root-37412::webapp_internal::send_action|10523:: send_action selenium status: False
2025-12-04 12:18:20,924-DEBUG-root-37412::webapp_internal::SetButton|4683:: ***System Info*** After Clicking on button:
2025-12-04 12:18:20,924-DEBUG-root-37412::psutil_info::system_info|5:: CPU USAGE: 6.9%
2025-12-04 12:18:20,924-DEBUG-root-37412::psutil_info::system_info|6:: MEMORY USAGE: 94.3%
2025-12-04 12:18:20,925-DEBUG-root-37412::psutil_info::system_info|7:: MEMORY AVAILABLE: 5.69%
2025-12-04 12:18:20,925-DEBUG-root-37412::webapp_internal::wait_element|7623:: Waiting for element
2025-12-04 12:18:21,019-INFO-root-37412::webapp_internal::SetLateralMenu|4184:: Navigating lateral menu: Atualizações > Gestao de Viagens > Cadastro (5) > Orcamento por UTA
2025-12-04 12:18:21,028-DEBUG-root-37412::webapp_internal::wait_element|7623:: Waiting for element
2025-12-04 12:18:21,064-DEBUG-root-37412::webapp_internal::wait_element|7653:: Element found! Waiting for element to be displayed.
2025-12-04 12:18:21,224-INFO-root-37412::webapp_internal::SetLateralMenu|4203:: Menu item: "Atualizações"
2025-12-04 12:18:21,225-DEBUG-root-37412::webapp_internal::wait_blocker|2444:: Waiting blocker to continue...
2025-12-04 12:18:21,304-DEBUG-root-37412::webapp_internal::wait_blocker|2469:: Blocker status: False
2025-12-04 12:18:21,702-DEBUG-root-37412::webapp_internal::wait_element_timeout|7726:: Element found! Waiting for element to be displayed.
2025-12-04 12:18:22,063-DEBUG-root-37412::webapp_internal::wait_blocker|2444:: Waiting blocker to continue...
2025-12-04 12:18:22,126-DEBUG-root-37412::webapp_internal::wait_blocker|2469:: Blocker status: False
2025-12-04 12:18:24,420-INFO-root-37412::webapp_internal::SetLateralMenu|4203:: Menu item: "Gestao de Viagens"
2025-12-04 12:18:24,421-DEBUG-root-37412::webapp_internal::wait_blocker|2444:: Waiting blocker to continue...
2025-12-04 12:18:24,525-DEBUG-root-37412::webapp_internal::wait_blocker|2469:: Blocker status: False
2025-12-04 12:18:25,307-DEBUG-root-37412::webapp_internal::wait_element_timeout|7726:: Element found! Waiting for element to be displayed.
2025-12-04 12:18:26,079-DEBUG-root-37412::webapp_internal::wait_blocker|2444:: Waiting blocker to continue...
2025-12-04 12:18:26,170-DEBUG-root-37412::webapp_internal::wait_blocker|2469:: Blocker status: False
2025-12-04 12:18:28,470-INFO-root-37412::webapp_internal::SetLateralMenu|4203:: Menu item: "Cadastro (5)"
2025-12-04 12:18:28,470-DEBUG-root-37412::webapp_internal::wait_blocker|2444:: Waiting blocker to continue...
2025-12-04 12:18:28,557-DEBUG-root-37412::webapp_internal::wait_blocker|2469:: Blocker status: False
2025-12-04 12:18:29,433-DEBUG-root-37412::webapp_internal::wait_element_timeout|7726:: Element found! Waiting for element to be displayed.
2025-12-04 12:18:30,340-DEBUG-root-37412::webapp_internal::wait_blocker|2444:: Waiting blocker to continue...
2025-12-04 12:18:30,415-DEBUG-root-37412::webapp_internal::wait_blocker|2469:: Blocker status: False
2025-12-04 12:18:32,715-INFO-root-37412::webapp_internal::SetLateralMenu|4203:: Menu item: "Orcamento por UTA"
2025-12-04 12:18:32,715-DEBUG-root-37412::webapp_internal::wait_blocker|2444:: Waiting blocker to continue...
2025-12-04 12:18:32,799-DEBUG-root-37412::webapp_internal::wait_blocker|2469:: Blocker status: False
2025-12-04 12:18:33,788-DEBUG-root-37412::webapp_internal::wait_element_timeout|7726:: Element found! Waiting for element to be displayed.
2025-12-04 12:18:34,816-DEBUG-root-37412::webapp_internal::wait_blocker|2444:: Waiting blocker to continue...
2025-12-04 12:18:34,901-DEBUG-root-37412::webapp_internal::wait_blocker|2469:: Blocker status: False
2025-12-04 12:18:38,683-DEBUG-root-37412::webapp_internal::wait_blocker|2444:: Waiting blocker to continue...
2025-12-04 12:18:38,767-DEBUG-root-37412::webapp_internal::wait_blocker|2469:: Blocker status: False
2025-12-04 12:18:38,854-INFO-root-37412::webapp_internal::WaitShow|4980:: Waiting show text 'Este ambiente utiliza base de Homologação.'...
2025-12-04 12:18:44,182-INFO-root-37412::webapp_internal::WaitShow|4980:: Waiting show text 'Moedas'...
2025-12-04 12:18:49,300-INFO-root-37412::webapp_internal::WaitShow|4980:: Waiting show text 'Centro de Custo vs Orçamento'...
2025-12-04 12:18:49,355-INFO-root-37412::webapp_internal::WaitShow|4996:: Text found! 
2025-12-04 12:18:49,355-INFO-root-37412::webapp_internal::SetButton|4444:: Clicking on Incluir
2025-12-04 12:18:49,355-DEBUG-root-37412::webapp_internal::wait_blocker|2444:: Waiting blocker to continue...
2025-12-04 12:18:49,448-DEBUG-root-37412::webapp_internal::wait_blocker|2469:: Blocker status: False
2025-12-04 12:18:49,797-DEBUG-root-37412::webapp_internal::wait_element_timeout|7726:: Element found! Waiting for element to be displayed.
2025-12-04 12:18:50,016-DEBUG-root-37412::webapp_internal::SetButton|4481:: ***System Info*** Before Clicking on button:Incluir
2025-12-04 12:18:50,016-DEBUG-root-37412::psutil_info::system_info|5:: CPU USAGE: 11.3%
2025-12-04 12:18:50,017-DEBUG-root-37412::psutil_info::system_info|6:: MEMORY USAGE: 93.1%
2025-12-04 12:18:50,017-DEBUG-root-37412::psutil_info::system_info|7:: MEMORY AVAILABLE: 6.9%
2025-12-04 12:18:50,339-DEBUG-root-37412::webapp_internal::wait_element_timeout|7726:: Element found! Waiting for element to be displayed.
2025-12-04 12:18:50,667-DEBUG-root-37412::webapp_internal::wait_blocker|2444:: Waiting blocker to continue...
2025-12-04 12:18:50,756-DEBUG-root-37412::webapp_internal::wait_blocker|2469:: Blocker status: False
2025-12-04 12:18:50,780-DEBUG-root-37412::webapp_internal::wait_blocker|2444:: Waiting blocker to continue...
2025-12-04 12:18:50,874-DEBUG-root-37412::webapp_internal::wait_blocker|2469:: Blocker status: False
2025-12-04 12:18:50,874-DEBUG-root-37412::webapp_internal::send_action|10480:: Trying to send action
2025-12-04 12:18:50,877-DEBUG-root-37412::base::click|192:: Click Type: ClickType.JS
2025-12-04 12:18:51,931-DEBUG-root-37412::webapp_internal::send_action|10522:: send_action method result = True
2025-12-04 12:18:51,931-DEBUG-root-37412::webapp_internal::send_action|10523:: send_action selenium status: False
2025-12-04 12:18:51,931-DEBUG-root-37412::webapp_internal::SetButton|4683:: ***System Info*** After Clicking on button:
2025-12-04 12:18:51,931-DEBUG-root-37412::psutil_info::system_info|5:: CPU USAGE: 10.9%
2025-12-04 12:18:51,932-DEBUG-root-37412::psutil_info::system_info|6:: MEMORY USAGE: 93.5%
2025-12-04 12:18:51,932-DEBUG-root-37412::psutil_info::system_info|7:: MEMORY AVAILABLE: 6.48%
2025-12-04 12:18:51,932-INFO-root-37412::webapp_internal::WaitShow|4980:: Waiting show text 'Modelo de Dados do Cadastro Centro de Custo vs Orçamento - INCLUIR'...
2025-12-04 12:18:52,073-INFO-root-37412::webapp_internal::WaitShow|4996:: Text found! 
2025-12-04 12:18:52,074-DEBUG-root-37412::webapp_internal::SetFocus|6011:: Setting focus on element Z91_ANO.
2025-12-04 12:18:52,205-DEBUG-root-37412::base::click|192:: Click Type: ClickType.SELENIUM
2025-12-04 12:18:52,280-DEBUG-root-37412::webapp_internal::wait_blocker|2444:: Waiting blocker to continue...
2025-12-04 12:18:52,396-DEBUG-root-37412::webapp_internal::wait_blocker|2469:: Blocker status: False
2025-12-04 12:18:52,396-DEBUG-root-37412::webapp_internal::wait_element|7623:: Waiting for element
2025-12-04 12:18:52,457-DEBUG-root-37412::webapp_internal::wait_element|7653:: Element found! Waiting for element to be displayed.
2025-12-04 12:18:52,506-INFO-root-37412::webapp_internal::input_value|2941:: Looking for element: Z91_ANO
2025-12-04 12:18:52,596-INFO-root-37412::webapp_internal::input_value|2951:: Element: Z91_ANO Found!
2025-12-04 12:18:52,598-INFO-root-37412::webapp_internal::input_value|2953:: Filling element: Z91_ANO
2025-12-04 12:18:52,619-DEBUG-root-37412::webapp_internal::get_web_value|3232:: Current value:     
2025-12-04 12:18:52,652-DEBUG-root-37412::base::double_click|259:: Click Type: ClickType.SELENIUM
2025-12-04 12:18:52,898-DEBUG-root-37412::webapp_internal::wait_blocker|2444:: Waiting blocker to continue...
2025-12-04 12:18:52,999-DEBUG-root-37412::webapp_internal::wait_blocker|2469:: Blocker status: False
2025-12-04 12:18:53,317-DEBUG-root-37412::webapp_internal::get_web_value|3232:: Current value: 2025
2025-12-04 12:18:53,317-INFO-root-37412::webapp_internal::input_value|3059:: Current field value: 2025
2025-12-04 12:18:53,329-INFO-root-37412::webapp_internal::WaitFieldValue|8724:: Waiting for field ZW_DESCRIC value to be: 2025
2025-12-04 12:18:53,329-DEBUG-root-37412::webapp_internal::wait_element|7623:: Waiting for element
2025-12-04 12:20:34,224-ERROR-root-37412::webapp_internal::TearDown|9654:: Warning tearDown Close Message: Failed to decode response from marionette
Traceback (most recent call last):
  File "C:\TIR_TESTE\venv\Lib\site-packages\tir\technologies\webapp_internal.py", line 9652, in TearDown
    self.driver.close()
  File "C:\TIR_TESTE\venv\Lib\site-packages\selenium\webdriver\remote\webdriver.py", line 458, in close
    self.execute(Command.CLOSE)
  File "C:\TIR_TESTE\venv\Lib\site-packages\selenium\webdriver\remote\webdriver.py", line 347, in execute
    self.error_handler.check_response(response)
  File "C:\TIR_TESTE\venv\Lib\site-packages\selenium\webdriver\remote\errorhandler.py", line 229, in check_response
    raise exception_class(message, screen, stacktrace)
selenium.common.exceptions.WebDriverException: Message: Failed to decode response from marionette

2025-12-04 12:17:35,965-DEBUG-root-37412::logging_config::logger|189:: Log file created: 'Log\GESIT03\TIR__20251204121735959.log'
2025-12-04 12:17:35,965-INFO-root-37412::base::Start|1183:: TIR Version: 2.4.3
2025-12-04 12:17:35,965-INFO-root-37412::base::Start|1184:: Python Version: 3.12.10
2025-12-04 12:17:35,965-INFO-root-37412::base::Start|1185:: Starting the browser
2025-12-04 12:17:43,477-INFO-root-37412::base::get_url|1294:: Page is ready!
2025-12-04 12:17:43,499-INFO-root-37412::base::Start|1256:: Browser maximized to 1936x1048
2025-12-04 12:17:43,499-INFO-root-37412::base::Start|1258:: Screen size is different from default used in headless mode
2025-12-04 12:17:43,682-INFO-root-37412::webapp_internal::Setup|247:: ***System Info*** in Setup():
2025-12-04 12:17:43,683-DEBUG-root-37412::psutil_info::system_info|5:: CPU USAGE: 19.6%
2025-12-04 12:17:43,683-DEBUG-root-37412::psutil_info::system_info|6:: MEMORY USAGE: 94.8%
2025-12-04 12:17:43,684-DEBUG-root-37412::psutil_info::system_info|7:: MEMORY AVAILABLE: 5.23%
2025-12-04 12:17:43,713-INFO-root-37412::base::webapp_shadowroot|1394:: Webapp: 10.1.6-RC4
2025-12-04 12:17:43,802-INFO-root-37412::webapp_internal::filling_initial_program|449:: Filling Initial Program: "SIGAMDI"
2025-12-04 12:17:43,803-DEBUG-root-37412::webapp_internal::wait_element|7623:: Waiting for element
2025-12-04 12:17:43,832-DEBUG-root-37412::webapp_internal::wait_element|7653:: Element found! Waiting for element to be displayed.
2025-12-04 12:17:43,993-DEBUG-root-37412::base::click|192:: Click Type: ClickType.JS
2025-12-04 12:17:44,000-DEBUG-root-37412::webapp_internal::try_send_keys|7976:: Trying to send keys to element using technique 0
2025-12-04 12:17:44,342-DEBUG-root-37412::webapp_internal::get_web_value|3232:: Current value: SIGAMDI
2025-12-04 12:17:44,342-INFO-root-37412::webapp_internal::filling_server_environment|463:: Filling Server Environment: "POUPEX_TST"
2025-12-04 12:17:44,342-DEBUG-root-37412::webapp_internal::wait_element|7623:: Waiting for element
2025-12-04 12:17:44,371-DEBUG-root-37412::webapp_internal::wait_element|7653:: Element found! Waiting for element to be displayed.
2025-12-04 12:17:44,723-DEBUG-root-37412::base::click|192:: Click Type: ClickType.JS
2025-12-04 12:17:44,731-DEBUG-root-37412::webapp_internal::try_send_keys|7976:: Trying to send keys to element using technique 0
2025-12-04 12:17:45,691-DEBUG-root-37412::webapp_internal::get_web_value|3232:: Current value: POUPEX_TST
2025-12-04 12:17:45,720-DEBUG-root-37412::base::click|192:: Click Type: ClickType.JS
2025-12-04 12:17:45,735-DEBUG-root-37412::webapp_internal::user_screen|519:: Filling user screen
2025-12-04 12:17:51,579-DEBUG-root-37412::base::scroll_to_element|759:: ********Warining scroll_to_element exception: Message: TypeError: can't access property "scrollIntoView", arguments[0] is null
Stacktrace:
@https://qasrverp:10020/webapp/:2:7
@https://qasrverp:10020/webapp/:3:8
*********
2025-12-04 12:17:51,609-DEBUG-root-37412::webapp_internal::wait_element_timeout|7726:: Element found! Waiting for element to be displayed.
2025-12-04 12:17:51,681-DEBUG-root-37412::base::scroll_to_element|759:: ********Warining scroll_to_element exception: Message: TypeError: can't access property "scrollIntoView", arguments[0] is null
Stacktrace:
@https://qasrverp:10020/webapp/:2:7
@https://qasrverp:10020/webapp/:3:8
*********
2025-12-04 12:17:51,831-INFO-root-37412::webapp_internal::user_screen|561:: Filling User
2025-12-04 12:17:51,861-DEBUG-root-37412::base::double_click|259:: Click Type: ClickType.SELENIUM
2025-12-04 12:17:52,058-DEBUG-root-37412::webapp_internal::get_web_value|3232:: Current value: 97137227104
2025-12-04 12:17:52,089-INFO-root-37412::webapp_internal::user_screen|621:: Filling Password
2025-12-04 12:17:52,109-DEBUG-root-37412::base::click|192:: Click Type: ClickType.JS
2025-12-04 12:17:52,183-DEBUG-root-37412::webapp_internal::get_web_value|3232:: Current value: Val20221080080094+
2025-12-04 12:17:52,183-DEBUG-root-37412::webapp_internal::wait_blocker|2444:: Waiting blocker to continue...
2025-12-04 12:17:52,209-DEBUG-root-37412::webapp_internal::wait_blocker|2469:: Blocker status: None
2025-12-04 12:17:52,232-DEBUG-root-37412::webapp_internal::wait_blocker|2444:: Waiting blocker to continue...
2025-12-04 12:17:52,267-DEBUG-root-37412::webapp_internal::wait_blocker|2469:: Blocker status: None
2025-12-04 12:17:52,317-DEBUG-root-37412::webapp_internal::wait_blocker|2444:: Waiting blocker to continue...
2025-12-04 12:17:52,352-DEBUG-root-37412::webapp_internal::wait_blocker|2469:: Blocker status: None
2025-12-04 12:17:52,352-DEBUG-root-37412::webapp_internal::send_action|10480:: Trying to send action
2025-12-04 12:17:52,360-DEBUG-root-37412::base::click|192:: Click Type: ClickType.JS
2025-12-04 12:17:53,400-DEBUG-root-37412::webapp_internal::send_action|10522:: send_action method result = True
2025-12-04 12:17:53,400-DEBUG-root-37412::webapp_internal::send_action|10523:: send_action selenium status: False
2025-12-04 12:17:55,827-DEBUG-root-37412::base::scroll_to_element|759:: ********Warining scroll_to_element exception: Message: TypeError: can't access property "scrollIntoView", arguments[0] is null
Stacktrace:
@https://qasrverp:10020/webapp/:2:7
@https://qasrverp:10020/webapp/:3:8
*********
2025-12-04 12:17:55,890-INFO-root-37412::webapp_internal::filling_date|885:: Filling Date: "04/12/2025"
2025-12-04 12:17:55,891-DEBUG-root-37412::webapp_internal::wait_blocker|2444:: Waiting blocker to continue...
2025-12-04 12:17:55,928-DEBUG-root-37412::webapp_internal::wait_blocker|2469:: Blocker status: None
2025-12-04 12:17:55,930-DEBUG-root-37412::base::click|192:: Click Type: ClickType.JS
2025-12-04 12:17:55,947-DEBUG-root-37412::webapp_internal::try_send_keys|7976:: Trying to send keys to element using technique 1
2025-12-04 12:17:56,031-DEBUG-root-37412::webapp_internal::get_web_value|3232:: Current value: 04/12/2025
2025-12-04 12:17:57,123-INFO-root-37412::webapp_internal::filling_group|955:: Filling Group: "02"
2025-12-04 12:17:57,123-DEBUG-root-37412::webapp_internal::wait_blocker|2444:: Waiting blocker to continue...
2025-12-04 12:17:57,162-DEBUG-root-37412::webapp_internal::wait_blocker|2469:: Blocker status: None
2025-12-04 12:17:57,165-DEBUG-root-37412::base::click|192:: Click Type: ClickType.JS
2025-12-04 12:17:57,219-DEBUG-root-37412::webapp_internal::get_web_value|3232:: Current value: 02
2025-12-04 12:17:58,285-INFO-root-37412::webapp_internal::filling_branch|1047:: Filling Branch: "02DF0001"
2025-12-04 12:17:58,286-DEBUG-root-37412::webapp_internal::wait_blocker|2444:: Waiting blocker to continue...
2025-12-04 12:17:58,321-DEBUG-root-37412::webapp_internal::wait_blocker|2469:: Blocker status: None
2025-12-04 12:17:58,324-DEBUG-root-37412::base::click|192:: Click Type: ClickType.JS
2025-12-04 12:17:58,389-DEBUG-root-37412::webapp_internal::get_web_value|3232:: Current value: 02DF0001
2025-12-04 12:17:59,473-INFO-root-37412::webapp_internal::filling_environment|1113:: Filling Environment: "07"
2025-12-04 12:17:59,473-DEBUG-root-37412::webapp_internal::wait_blocker|2444:: Waiting blocker to continue...
2025-12-04 12:17:59,506-DEBUG-root-37412::webapp_internal::wait_blocker|2469:: Blocker status: None
2025-12-04 12:17:59,509-DEBUG-root-37412::base::click|192:: Click Type: ClickType.JS
2025-12-04 12:17:59,563-DEBUG-root-37412::webapp_internal::get_web_value|3232:: Current value: 07
2025-12-04 12:18:00,571-DEBUG-root-37412::webapp_internal::close_warning_screen|1489:: Closing warning screen!
2025-12-04 12:18:01,607-DEBUG-root-37412::webapp_internal::check_screen_element|1291:: Checking screen element: "Atenção": False
2025-12-04 12:18:02,752-INFO-root-37412::webapp_internal::environment_screen|796:: Clicking on Button
2025-12-04 12:18:02,753-DEBUG-root-37412::webapp_internal::wait_blocker|2444:: Waiting blocker to continue...
2025-12-04 12:18:02,790-DEBUG-root-37412::webapp_internal::wait_blocker|2469:: Blocker status: None
2025-12-04 12:18:02,793-DEBUG-root-37412::base::click|192:: Click Type: ClickType.JS
2025-12-04 12:18:03,803-DEBUG-root-37412::base::click|192:: Click Type: ClickType.JS
2025-12-04 12:18:04,811-DEBUG-root-37412::base::click|192:: Click Type: ClickType.JS
2025-12-04 12:18:05,819-DEBUG-root-37412::base::click|192:: Click Type: ClickType.JS
2025-12-04 12:18:06,827-DEBUG-root-37412::base::click|192:: Click Type: ClickType.JS
2025-12-04 12:18:07,833-DEBUG-root-37412::base::click|192:: Click Type: ClickType.JS
2025-12-04 12:18:08,844-DEBUG-root-37412::webapp_internal::close_screen_before_menu|368:: Closing screen before the menu
2025-12-04 12:18:08,892-DEBUG-root-37412::webapp_internal::close_warning_screen|1489:: Closing warning screen!
2025-12-04 12:18:09,933-DEBUG-root-37412::webapp_internal::check_screen_element|1291:: Checking screen element: "Atenção": False
2025-12-04 12:18:09,933-DEBUG-root-37412::webapp_internal::close_coin_screen|1424:: Closing coin screen!
2025-12-04 12:18:10,512-DEBUG-root-37412::base::click|192:: Click Type: ClickType.JS
2025-12-04 12:18:10,579-DEBUG-root-37412::webapp_internal::close_warning_screen|1489:: Closing warning screen!
2025-12-04 12:18:11,638-DEBUG-root-37412::webapp_internal::check_screen_element|1291:: Checking screen element: "Atenção": False
2025-12-04 12:18:11,638-DEBUG-root-37412::webapp_internal::close_coin_screen|1424:: Closing coin screen!
2025-12-04 12:18:11,760-INFO-root-37412::webapp_internal::set_log_info|1623:: Getting log info
2025-12-04 12:18:11,760-INFO-root-37412::webapp_internal::SetLateralMenu|4184:: Navigating lateral menu: Ajuda > Sobre
2025-12-04 12:18:11,769-DEBUG-root-37412::webapp_internal::wait_element|7623:: Waiting for element
2025-12-04 12:18:11,816-DEBUG-root-37412::webapp_internal::wait_element|7653:: Element found! Waiting for element to be displayed.
2025-12-04 12:18:11,990-INFO-root-37412::webapp_internal::SetLateralMenu|4203:: Menu item: "Ajuda"
2025-12-04 12:18:11,990-DEBUG-root-37412::webapp_internal::wait_blocker|2444:: Waiting blocker to continue...
2025-12-04 12:18:12,056-DEBUG-root-37412::webapp_internal::wait_blocker|2469:: Blocker status: False
2025-12-04 12:18:12,423-DEBUG-root-37412::webapp_internal::wait_element_timeout|7726:: Element found! Waiting for element to be displayed.
2025-12-04 12:18:12,732-DEBUG-root-37412::webapp_internal::wait_blocker|2444:: Waiting blocker to continue...
2025-12-04 12:18:12,803-DEBUG-root-37412::webapp_internal::wait_blocker|2469:: Blocker status: False
2025-12-04 12:18:15,085-INFO-root-37412::webapp_internal::SetLateralMenu|4203:: Menu item: "Sobre"
2025-12-04 12:18:15,085-DEBUG-root-37412::webapp_internal::wait_blocker|2444:: Waiting blocker to continue...
2025-12-04 12:18:15,166-DEBUG-root-37412::webapp_internal::wait_blocker|2469:: Blocker status: False
2025-12-04 12:18:15,626-DEBUG-root-37412::webapp_internal::wait_element_timeout|7726:: Element found! Waiting for element to be displayed.
2025-12-04 12:18:16,015-DEBUG-root-37412::webapp_internal::wait_blocker|2444:: Waiting blocker to continue...
2025-12-04 12:18:16,101-DEBUG-root-37412::webapp_internal::wait_blocker|2469:: Blocker status: False
2025-12-04 12:18:18,782-DEBUG-root-37412::webapp_internal::wait_blocker|2444:: Waiting blocker to continue...
2025-12-04 12:18:18,846-DEBUG-root-37412::webapp_internal::wait_blocker|2469:: Blocker status: False
2025-12-04 12:18:18,919-DEBUG-root-37412::webapp_internal::wait_element|7623:: Waiting for element
2025-12-04 12:18:18,961-DEBUG-root-37412::webapp_internal::wait_element|7653:: Element found! Waiting for element to be displayed.
2025-12-04 12:18:19,131-INFO-root-37412::webapp_internal::SetButton|4444:: Clicking on Fechar
2025-12-04 12:18:19,131-DEBUG-root-37412::webapp_internal::wait_blocker|2444:: Waiting blocker to continue...
2025-12-04 12:18:19,199-DEBUG-root-37412::webapp_internal::wait_blocker|2469:: Blocker status: False
2025-12-04 12:18:19,383-DEBUG-root-37412::webapp_internal::wait_element_timeout|7726:: Element found! Waiting for element to be displayed.
2025-12-04 12:18:19,452-DEBUG-root-37412::webapp_internal::SetButton|4481:: ***System Info*** Before Clicking on button:Fechar
2025-12-04 12:18:19,452-DEBUG-root-37412::psutil_info::system_info|5:: CPU USAGE: 11.4%
2025-12-04 12:18:19,453-DEBUG-root-37412::psutil_info::system_info|6:: MEMORY USAGE: 94.1%
2025-12-04 12:18:19,453-DEBUG-root-37412::psutil_info::system_info|7:: MEMORY AVAILABLE: 5.86%
2025-12-04 12:18:19,618-DEBUG-root-37412::webapp_internal::wait_element_timeout|7726:: Element found! Waiting for element to be displayed.
2025-12-04 12:18:19,732-DEBUG-root-37412::webapp_internal::wait_blocker|2444:: Waiting blocker to continue...
2025-12-04 12:18:19,800-DEBUG-root-37412::webapp_internal::wait_blocker|2469:: Blocker status: False
2025-12-04 12:18:19,818-DEBUG-root-37412::webapp_internal::wait_blocker|2444:: Waiting blocker to continue...
2025-12-04 12:18:19,890-DEBUG-root-37412::webapp_internal::wait_blocker|2469:: Blocker status: False
2025-12-04 12:18:19,890-DEBUG-root-37412::webapp_internal::send_action|10480:: Trying to send action
2025-12-04 12:18:19,892-DEBUG-root-37412::base::click|192:: Click Type: ClickType.JS
2025-12-04 12:18:20,923-DEBUG-root-37412::webapp_internal::send_action|10522:: send_action method result = True
2025-12-04 12:18:20,923-DEBUG-root-37412::webapp_internal::send_action|10523:: send_action selenium status: False
2025-12-04 12:18:20,924-DEBUG-root-37412::webapp_internal::SetButton|4683:: ***System Info*** After Clicking on button:
2025-12-04 12:18:20,924-DEBUG-root-37412::psutil_info::system_info|5:: CPU USAGE: 6.9%
2025-12-04 12:18:20,924-DEBUG-root-37412::psutil_info::system_info|6:: MEMORY USAGE: 94.3%
2025-12-04 12:18:20,925-DEBUG-root-37412::psutil_info::system_info|7:: MEMORY AVAILABLE: 5.69%
2025-12-04 12:18:20,925-DEBUG-root-37412::webapp_internal::wait_element|7623:: Waiting for element
2025-12-04 12:18:21,019-INFO-root-37412::webapp_internal::SetLateralMenu|4184:: Navigating lateral menu: Atualizações > Gestao de Viagens > Cadastro (5) > Orcamento por UTA
2025-12-04 12:18:21,028-DEBUG-root-37412::webapp_internal::wait_element|7623:: Waiting for element
2025-12-04 12:18:21,064-DEBUG-root-37412::webapp_internal::wait_element|7653:: Element found! Waiting for element to be displayed.
2025-12-04 12:18:21,224-INFO-root-37412::webapp_internal::SetLateralMenu|4203:: Menu item: "Atualizações"
2025-12-04 12:18:21,225-DEBUG-root-37412::webapp_internal::wait_blocker|2444:: Waiting blocker to continue...
2025-12-04 12:18:21,304-DEBUG-root-37412::webapp_internal::wait_blocker|2469:: Blocker status: False
2025-12-04 12:18:21,702-DEBUG-root-37412::webapp_internal::wait_element_timeout|7726:: Element found! Waiting for element to be displayed.
2025-12-04 12:18:22,063-DEBUG-root-37412::webapp_internal::wait_blocker|2444:: Waiting blocker to continue...
2025-12-04 12:18:22,126-DEBUG-root-37412::webapp_internal::wait_blocker|2469:: Blocker status: False
2025-12-04 12:18:24,420-INFO-root-37412::webapp_internal::SetLateralMenu|4203:: Menu item: "Gestao de Viagens"
2025-12-04 12:18:24,421-DEBUG-root-37412::webapp_internal::wait_blocker|2444:: Waiting blocker to continue...
2025-12-04 12:18:24,525-DEBUG-root-37412::webapp_internal::wait_blocker|2469:: Blocker status: False
2025-12-04 12:18:25,307-DEBUG-root-37412::webapp_internal::wait_element_timeout|7726:: Element found! Waiting for element to be displayed.
2025-12-04 12:18:26,079-DEBUG-root-37412::webapp_internal::wait_blocker|2444:: Waiting blocker to continue...
2025-12-04 12:18:26,170-DEBUG-root-37412::webapp_internal::wait_blocker|2469:: Blocker status: False
2025-12-04 12:18:28,470-INFO-root-37412::webapp_internal::SetLateralMenu|4203:: Menu item: "Cadastro (5)"
2025-12-04 12:18:28,470-DEBUG-root-37412::webapp_internal::wait_blocker|2444:: Waiting blocker to continue...
2025-12-04 12:18:28,557-DEBUG-root-37412::webapp_internal::wait_blocker|2469:: Blocker status: False
2025-12-04 12:18:29,433-DEBUG-root-37412::webapp_internal::wait_element_timeout|7726:: Element found! Waiting for element to be displayed.
2025-12-04 12:18:30,340-DEBUG-root-37412::webapp_internal::wait_blocker|2444:: Waiting blocker to continue...
2025-12-04 12:18:30,415-DEBUG-root-37412::webapp_internal::wait_blocker|2469:: Blocker status: False
2025-12-04 12:18:32,715-INFO-root-37412::webapp_internal::SetLateralMenu|4203:: Menu item: "Orcamento por UTA"
2025-12-04 12:18:32,715-DEBUG-root-37412::webapp_internal::wait_blocker|2444:: Waiting blocker to continue...
2025-12-04 12:18:32,799-DEBUG-root-37412::webapp_internal::wait_blocker|2469:: Blocker status: False
2025-12-04 12:18:33,788-DEBUG-root-37412::webapp_internal::wait_element_timeout|7726:: Element found! Waiting for element to be displayed.
2025-12-04 12:18:34,816-DEBUG-root-37412::webapp_internal::wait_blocker|2444:: Waiting blocker to continue...
2025-12-04 12:18:34,901-DEBUG-root-37412::webapp_internal::wait_blocker|2469:: Blocker status: False
2025-12-04 12:18:38,683-DEBUG-root-37412::webapp_internal::wait_blocker|2444:: Waiting blocker to continue...
2025-12-04 12:18:38,767-DEBUG-root-37412::webapp_internal::wait_blocker|2469:: Blocker status: False
2025-12-04 12:18:38,854-INFO-root-37412::webapp_internal::WaitShow|4980:: Waiting show text 'Este ambiente utiliza base de Homologação.'...
2025-12-04 12:18:44,182-INFO-root-37412::webapp_internal::WaitShow|4980:: Waiting show text 'Moedas'...
2025-12-04 12:18:49,300-INFO-root-37412::webapp_internal::WaitShow|4980:: Waiting show text 'Centro de Custo vs Orçamento'...
2025-12-04 12:18:49,355-INFO-root-37412::webapp_internal::WaitShow|4996:: Text found! 
2025-12-04 12:18:49,355-INFO-root-37412::webapp_internal::SetButton|4444:: Clicking on Incluir
2025-12-04 12:18:49,355-DEBUG-root-37412::webapp_internal::wait_blocker|2444:: Waiting blocker to continue...
2025-12-04 12:18:49,448-DEBUG-root-37412::webapp_internal::wait_blocker|2469:: Blocker status: False
2025-12-04 12:18:49,797-DEBUG-root-37412::webapp_internal::wait_element_timeout|7726:: Element found! Waiting for element to be displayed.
2025-12-04 12:18:50,016-DEBUG-root-37412::webapp_internal::SetButton|4481:: ***System Info*** Before Clicking on button:Incluir
2025-12-04 12:18:50,016-DEBUG-root-37412::psutil_info::system_info|5:: CPU USAGE: 11.3%
2025-12-04 12:18:50,017-DEBUG-root-37412::psutil_info::system_info|6:: MEMORY USAGE: 93.1%
2025-12-04 12:18:50,017-DEBUG-root-37412::psutil_info::system_info|7:: MEMORY AVAILABLE: 6.9%
2025-12-04 12:18:50,339-DEBUG-root-37412::webapp_internal::wait_element_timeout|7726:: Element found! Waiting for element to be displayed.
2025-12-04 12:18:50,667-DEBUG-root-37412::webapp_internal::wait_blocker|2444:: Waiting blocker to continue...
2025-12-04 12:18:50,756-DEBUG-root-37412::webapp_internal::wait_blocker|2469:: Blocker status: False
2025-12-04 12:18:50,780-DEBUG-root-37412::webapp_internal::wait_blocker|2444:: Waiting blocker to continue...
2025-12-04 12:18:50,874-DEBUG-root-37412::webapp_internal::wait_blocker|2469:: Blocker status: False
2025-12-04 12:18:50,874-DEBUG-root-37412::webapp_internal::send_action|10480:: Trying to send action
2025-12-04 12:18:50,877-DEBUG-root-37412::base::click|192:: Click Type: ClickType.JS
2025-12-04 12:18:51,931-DEBUG-root-37412::webapp_internal::send_action|10522:: send_action method result = True
2025-12-04 12:18:51,931-DEBUG-root-37412::webapp_internal::send_action|10523:: send_action selenium status: False
2025-12-04 12:18:51,931-DEBUG-root-37412::webapp_internal::SetButton|4683:: ***System Info*** After Clicking on button:
2025-12-04 12:18:51,931-DEBUG-root-37412::psutil_info::system_info|5:: CPU USAGE: 10.9%
2025-12-04 12:18:51,932-DEBUG-root-37412::psutil_info::system_info|6:: MEMORY USAGE: 93.5%
2025-12-04 12:18:51,932-DEBUG-root-37412::psutil_info::system_info|7:: MEMORY AVAILABLE: 6.48%
2025-12-04 12:18:51,932-INFO-root-37412::webapp_internal::WaitShow|4980:: Waiting show text 'Modelo de Dados do Cadastro Centro de Custo vs Orçamento - INCLUIR'...
2025-12-04 12:18:52,073-INFO-root-37412::webapp_internal::WaitShow|4996:: Text found! 
2025-12-04 12:18:52,074-DEBUG-root-37412::webapp_internal::SetFocus|6011:: Setting focus on element Z91_ANO.
2025-12-04 12:18:52,205-DEBUG-root-37412::base::click|192:: Click Type: ClickType.SELENIUM
2025-12-04 12:18:52,280-DEBUG-root-37412::webapp_internal::wait_blocker|2444:: Waiting blocker to continue...
2025-12-04 12:18:52,396-DEBUG-root-37412::webapp_internal::wait_blocker|2469:: Blocker status: False
2025-12-04 12:18:52,396-DEBUG-root-37412::webapp_internal::wait_element|7623:: Waiting for element
2025-12-04 12:18:52,457-DEBUG-root-37412::webapp_internal::wait_element|7653:: Element found! Waiting for element to be displayed.
2025-12-04 12:18:52,506-INFO-root-37412::webapp_internal::input_value|2941:: Looking for element: Z91_ANO
2025-12-04 12:18:52,596-INFO-root-37412::webapp_internal::input_value|2951:: Element: Z91_ANO Found!
2025-12-04 12:18:52,598-INFO-root-37412::webapp_internal::input_value|2953:: Filling element: Z91_ANO
2025-12-04 12:18:52,619-DEBUG-root-37412::webapp_internal::get_web_value|3232:: Current value:     
2025-12-04 12:18:52,652-DEBUG-root-37412::base::double_click|259:: Click Type: ClickType.SELENIUM
2025-12-04 12:18:52,898-DEBUG-root-37412::webapp_internal::wait_blocker|2444:: Waiting blocker to continue...
2025-12-04 12:18:52,999-DEBUG-root-37412::webapp_internal::wait_blocker|2469:: Blocker status: False
2025-12-04 12:18:53,317-DEBUG-root-37412::webapp_internal::get_web_value|3232:: Current value: 2025
2025-12-04 12:18:53,317-INFO-root-37412::webapp_internal::input_value|3059:: Current field value: 2025
2025-12-04 12:18:53,329-INFO-root-37412::webapp_internal::WaitFieldValue|8724:: Waiting for field ZW_DESCRIC value to be: 2025
2025-12-04 12:18:53,329-DEBUG-root-37412::webapp_internal::wait_element|7623:: Waiting for element
2025-12-04 12:20:34,224-ERROR-root-37412::webapp_internal::TearDown|9654:: Warning tearDown Close Message: Failed to decode response from marionette
Traceback (most recent call last):
  File "C:\TIR_TESTE\venv\Lib\site-packages\tir\technologies\webapp_internal.py", line 9652, in TearDown
    self.driver.close()
  File "C:\TIR_TESTE\venv\Lib\site-packages\selenium\webdriver\remote\webdriver.py", line 458, in close
    self.execute(Command.CLOSE)
  File "C:\TIR_TESTE\venv\Lib\site-packages\selenium\webdriver\remote\webdriver.py", line 347, in execute
    self.error_handler.check_response(response)
  File "C:\TIR_TESTE\venv\Lib\site-packages\selenium\webdriver\remote\errorhandler.py", line 229, in check_response
    raise exception_class(message, screen, stacktrace)
selenium.common.exceptions.WebDriverException: Message: Failed to decode response from marionette

