2025-12-08 09:26:16,495-DEBUG-root-39136::logging_config::logger|189:: Log file created: 'Log\GESIT03\TIR__20251208092616490.log'
2025-12-08 09:26:16,496-INFO-root-39136::base::Start|1183:: TIR Version: 2.4.3
2025-12-08 09:26:16,496-INFO-root-39136::base::Start|1184:: Python Version: 3.12.10
2025-12-08 09:26:16,496-INFO-root-39136::base::Start|1185:: Starting the browser
2025-12-08 09:26:23,862-INFO-root-39136::base::get_url|1294:: Page is ready!
2025-12-08 09:26:23,875-INFO-root-39136::base::Start|1256:: Browser maximized to 1936x1048
2025-12-08 09:26:23,875-INFO-root-39136::base::Start|1258:: Screen size is different from default used in headless mode
2025-12-08 09:26:24,038-INFO-root-39136::webapp_internal::Setup|247:: ***System Info*** in Setup():
2025-12-08 09:26:24,039-DEBUG-root-39136::psutil_info::system_info|5:: CPU USAGE: 16.2%
2025-12-08 09:26:24,040-DEBUG-root-39136::psutil_info::system_info|6:: MEMORY USAGE: 87.3%
2025-12-08 09:26:24,040-DEBUG-root-39136::psutil_info::system_info|7:: MEMORY AVAILABLE: 12.67%
2025-12-08 09:26:24,114-INFO-root-39136::base::webapp_shadowroot|1394:: Webapp: 10.1.6-RC4
2025-12-08 09:26:24,390-INFO-root-39136::webapp_internal::filling_initial_program|449:: Filling Initial Program: "SIGAMDI"
2025-12-08 09:26:24,390-DEBUG-root-39136::webapp_internal::wait_element|7623:: Waiting for element
2025-12-08 09:26:24,579-DEBUG-root-39136::webapp_internal::wait_element|7653:: Element found! Waiting for element to be displayed.
2025-12-08 09:26:24,731-DEBUG-root-39136::base::click|192:: Click Type: ClickType.JS
2025-12-08 09:26:24,735-DEBUG-root-39136::webapp_internal::try_send_keys|7976:: Trying to send keys to element using technique 0
2025-12-08 09:26:25,066-DEBUG-root-39136::webapp_internal::get_web_value|3232:: Current value: SIGAMDI
2025-12-08 09:26:25,066-INFO-root-39136::webapp_internal::filling_server_environment|463:: Filling Server Environment: "POUPEX_TST"
2025-12-08 09:26:25,067-DEBUG-root-39136::webapp_internal::wait_element|7623:: Waiting for element
2025-12-08 09:26:25,089-DEBUG-root-39136::webapp_internal::wait_element|7653:: Element found! Waiting for element to be displayed.
2025-12-08 09:26:25,248-DEBUG-root-39136::base::click|192:: Click Type: ClickType.JS
2025-12-08 09:26:25,253-DEBUG-root-39136::webapp_internal::try_send_keys|7976:: Trying to send keys to element using technique 0
2025-12-08 09:26:25,563-DEBUG-root-39136::webapp_internal::get_web_value|3232:: Current value: POUPEX_TST
2025-12-08 09:26:25,584-DEBUG-root-39136::base::click|192:: Click Type: ClickType.JS
2025-12-08 09:26:25,596-DEBUG-root-39136::webapp_internal::user_screen|519:: Filling user screen
2025-12-08 09:26:31,664-DEBUG-root-39136::webapp_internal::wait_element_timeout|7726:: Element found! Waiting for element to be displayed.
2025-12-08 09:26:31,713-DEBUG-root-39136::base::scroll_to_element|759:: ********Warining scroll_to_element exception: Message: TypeError: can't access property "scrollIntoView", arguments[0] is null
Stacktrace:
@https://qasrverp:10020/webapp/:2:7
@https://qasrverp:10020/webapp/:3:8
*********
2025-12-08 09:26:31,877-INFO-root-39136::webapp_internal::user_screen|561:: Filling User
2025-12-08 09:26:31,902-DEBUG-root-39136::base::double_click|259:: Click Type: ClickType.SELENIUM
2025-12-08 09:26:32,082-DEBUG-root-39136::webapp_internal::get_web_value|3232:: Current value: 97137227104
2025-12-08 09:26:32,102-INFO-root-39136::webapp_internal::user_screen|621:: Filling Password
2025-12-08 09:26:32,123-DEBUG-root-39136::base::click|192:: Click Type: ClickType.JS
2025-12-08 09:26:32,190-DEBUG-root-39136::webapp_internal::get_web_value|3232:: Current value: Val20221080080094+
2025-12-08 09:26:32,190-DEBUG-root-39136::webapp_internal::wait_blocker|2444:: Waiting blocker to continue...
2025-12-08 09:26:32,227-DEBUG-root-39136::webapp_internal::wait_blocker|2469:: Blocker status: None
2025-12-08 09:26:32,259-DEBUG-root-39136::webapp_internal::wait_blocker|2444:: Waiting blocker to continue...
2025-12-08 09:26:32,287-DEBUG-root-39136::webapp_internal::wait_blocker|2469:: Blocker status: None
2025-12-08 09:26:32,327-DEBUG-root-39136::webapp_internal::wait_blocker|2444:: Waiting blocker to continue...
2025-12-08 09:26:32,354-DEBUG-root-39136::webapp_internal::wait_blocker|2469:: Blocker status: None
2025-12-08 09:26:32,354-DEBUG-root-39136::webapp_internal::send_action|10480:: Trying to send action
2025-12-08 09:26:32,361-DEBUG-root-39136::base::click|192:: Click Type: ClickType.JS
2025-12-08 09:26:33,403-DEBUG-root-39136::webapp_internal::send_action|10522:: send_action method result = True
2025-12-08 09:26:33,403-DEBUG-root-39136::webapp_internal::send_action|10523:: send_action selenium status: False
2025-12-08 09:26:35,756-DEBUG-root-39136::base::scroll_to_element|759:: ********Warining scroll_to_element exception: Message: TypeError: can't access property "scrollIntoView", arguments[0] is null
Stacktrace:
@https://qasrverp:10020/webapp/:2:7
@https://qasrverp:10020/webapp/:3:8
*********
2025-12-08 09:26:35,807-INFO-root-39136::webapp_internal::filling_date|885:: Filling Date: "08/12/2025"
2025-12-08 09:26:35,807-DEBUG-root-39136::webapp_internal::wait_blocker|2444:: Waiting blocker to continue...
2025-12-08 09:26:35,842-DEBUG-root-39136::webapp_internal::wait_blocker|2469:: Blocker status: None
2025-12-08 09:26:35,845-DEBUG-root-39136::base::click|192:: Click Type: ClickType.JS
2025-12-08 09:26:35,861-DEBUG-root-39136::webapp_internal::try_send_keys|7976:: Trying to send keys to element using technique 1
2025-12-08 09:26:35,932-DEBUG-root-39136::webapp_internal::get_web_value|3232:: Current value: 08/12/2025
2025-12-08 09:26:37,021-INFO-root-39136::webapp_internal::filling_group|955:: Filling Group: "02"
2025-12-08 09:26:37,022-DEBUG-root-39136::webapp_internal::wait_blocker|2444:: Waiting blocker to continue...
2025-12-08 09:26:37,054-DEBUG-root-39136::webapp_internal::wait_blocker|2469:: Blocker status: None
2025-12-08 09:26:37,056-DEBUG-root-39136::base::click|192:: Click Type: ClickType.JS
2025-12-08 09:26:37,108-DEBUG-root-39136::webapp_internal::get_web_value|3232:: Current value: 02
2025-12-08 09:26:38,170-INFO-root-39136::webapp_internal::filling_branch|1047:: Filling Branch: "02DF0001"
2025-12-08 09:26:38,170-DEBUG-root-39136::webapp_internal::wait_blocker|2444:: Waiting blocker to continue...
2025-12-08 09:26:38,203-DEBUG-root-39136::webapp_internal::wait_blocker|2469:: Blocker status: None
2025-12-08 09:26:38,205-DEBUG-root-39136::base::click|192:: Click Type: ClickType.JS
2025-12-08 09:26:38,256-DEBUG-root-39136::webapp_internal::get_web_value|3232:: Current value: 02DF0001
2025-12-08 09:26:39,332-INFO-root-39136::webapp_internal::filling_environment|1113:: Filling Environment: "07"
2025-12-08 09:26:39,332-DEBUG-root-39136::webapp_internal::wait_blocker|2444:: Waiting blocker to continue...
2025-12-08 09:26:39,365-DEBUG-root-39136::webapp_internal::wait_blocker|2469:: Blocker status: None
2025-12-08 09:26:39,369-DEBUG-root-39136::base::click|192:: Click Type: ClickType.JS
2025-12-08 09:26:39,416-DEBUG-root-39136::webapp_internal::get_web_value|3232:: Current value: 07
2025-12-08 09:26:40,426-DEBUG-root-39136::webapp_internal::close_warning_screen|1489:: Closing warning screen!
2025-12-08 09:26:41,457-DEBUG-root-39136::webapp_internal::check_screen_element|1291:: Checking screen element: "Atenção": False
2025-12-08 09:26:42,555-INFO-root-39136::webapp_internal::environment_screen|796:: Clicking on Button
2025-12-08 09:26:42,555-DEBUG-root-39136::webapp_internal::wait_blocker|2444:: Waiting blocker to continue...
2025-12-08 09:26:42,611-DEBUG-root-39136::webapp_internal::wait_blocker|2469:: Blocker status: None
2025-12-08 09:26:42,613-DEBUG-root-39136::base::click|192:: Click Type: ClickType.JS
2025-12-08 09:26:43,629-DEBUG-root-39136::base::click|192:: Click Type: ClickType.JS
2025-12-08 09:26:44,635-DEBUG-root-39136::base::click|192:: Click Type: ClickType.JS
2025-12-08 09:26:45,644-DEBUG-root-39136::base::click|192:: Click Type: ClickType.JS
2025-12-08 09:26:46,652-DEBUG-root-39136::base::click|192:: Click Type: ClickType.JS
2025-12-08 09:26:47,659-DEBUG-root-39136::base::click|192:: Click Type: ClickType.JS
2025-12-08 09:26:48,665-DEBUG-root-39136::webapp_internal::close_screen_before_menu|368:: Closing screen before the menu
2025-12-08 09:26:48,710-DEBUG-root-39136::webapp_internal::close_warning_screen|1489:: Closing warning screen!
2025-12-08 09:26:49,749-DEBUG-root-39136::webapp_internal::check_screen_element|1291:: Checking screen element: "Atenção": False
2025-12-08 09:26:49,749-DEBUG-root-39136::webapp_internal::close_coin_screen|1424:: Closing coin screen!
2025-12-08 09:26:50,318-DEBUG-root-39136::base::click|192:: Click Type: ClickType.JS
2025-12-08 09:26:50,375-DEBUG-root-39136::webapp_internal::close_warning_screen|1489:: Closing warning screen!
2025-12-08 09:26:51,567-DEBUG-root-39136::webapp_internal::check_screen_element|1291:: Checking screen element: "Atenção": False
2025-12-08 09:26:51,567-DEBUG-root-39136::webapp_internal::close_coin_screen|1424:: Closing coin screen!
2025-12-08 09:26:52,005-INFO-root-39136::webapp_internal::set_log_info|1623:: Getting log info
2025-12-08 09:26:52,005-INFO-root-39136::webapp_internal::SetLateralMenu|4184:: Navigating lateral menu: Ajuda > Sobre
2025-12-08 09:26:52,016-DEBUG-root-39136::webapp_internal::wait_element|7623:: Waiting for element
2025-12-08 09:26:52,088-DEBUG-root-39136::webapp_internal::wait_element|7653:: Element found! Waiting for element to be displayed.
2025-12-08 09:26:52,370-INFO-root-39136::webapp_internal::SetLateralMenu|4203:: Menu item: "Ajuda"
2025-12-08 09:26:52,371-DEBUG-root-39136::webapp_internal::wait_blocker|2444:: Waiting blocker to continue...
2025-12-08 09:26:52,444-DEBUG-root-39136::webapp_internal::wait_blocker|2469:: Blocker status: False
2025-12-08 09:26:52,883-DEBUG-root-39136::webapp_internal::wait_element_timeout|7726:: Element found! Waiting for element to be displayed.
2025-12-08 09:26:53,235-DEBUG-root-39136::webapp_internal::wait_blocker|2444:: Waiting blocker to continue...
2025-12-08 09:26:53,304-DEBUG-root-39136::webapp_internal::wait_blocker|2469:: Blocker status: False
2025-12-08 09:26:55,602-INFO-root-39136::webapp_internal::SetLateralMenu|4203:: Menu item: "Sobre"
2025-12-08 09:26:55,603-DEBUG-root-39136::webapp_internal::wait_blocker|2444:: Waiting blocker to continue...
2025-12-08 09:26:55,669-DEBUG-root-39136::webapp_internal::wait_blocker|2469:: Blocker status: False
2025-12-08 09:26:56,085-DEBUG-root-39136::webapp_internal::wait_element_timeout|7726:: Element found! Waiting for element to be displayed.
2025-12-08 09:26:56,450-DEBUG-root-39136::webapp_internal::wait_blocker|2444:: Waiting blocker to continue...
2025-12-08 09:26:56,514-DEBUG-root-39136::webapp_internal::wait_blocker|2469:: Blocker status: False
2025-12-08 09:26:59,136-DEBUG-root-39136::webapp_internal::wait_blocker|2444:: Waiting blocker to continue...
2025-12-08 09:26:59,229-DEBUG-root-39136::webapp_internal::wait_blocker|2469:: Blocker status: False
2025-12-08 09:26:59,295-DEBUG-root-39136::webapp_internal::wait_element|7623:: Waiting for element
2025-12-08 09:26:59,335-DEBUG-root-39136::webapp_internal::wait_element|7653:: Element found! Waiting for element to be displayed.
2025-12-08 09:26:59,504-INFO-root-39136::webapp_internal::SetButton|4444:: Clicking on Fechar
2025-12-08 09:26:59,505-DEBUG-root-39136::webapp_internal::wait_blocker|2444:: Waiting blocker to continue...
2025-12-08 09:26:59,569-DEBUG-root-39136::webapp_internal::wait_blocker|2469:: Blocker status: False
2025-12-08 09:26:59,745-DEBUG-root-39136::webapp_internal::wait_element_timeout|7726:: Element found! Waiting for element to be displayed.
2025-12-08 09:26:59,813-DEBUG-root-39136::webapp_internal::SetButton|4481:: ***System Info*** Before Clicking on button:Fechar
2025-12-08 09:26:59,814-DEBUG-root-39136::psutil_info::system_info|5:: CPU USAGE: 9.0%
2025-12-08 09:26:59,814-DEBUG-root-39136::psutil_info::system_info|6:: MEMORY USAGE: 87.8%
2025-12-08 09:26:59,814-DEBUG-root-39136::psutil_info::system_info|7:: MEMORY AVAILABLE: 12.16%
2025-12-08 09:26:59,977-DEBUG-root-39136::webapp_internal::wait_element_timeout|7726:: Element found! Waiting for element to be displayed.
2025-12-08 09:27:00,120-DEBUG-root-39136::webapp_internal::wait_blocker|2444:: Waiting blocker to continue...
2025-12-08 09:27:00,194-DEBUG-root-39136::webapp_internal::wait_blocker|2469:: Blocker status: False
2025-12-08 09:27:00,212-DEBUG-root-39136::webapp_internal::wait_blocker|2444:: Waiting blocker to continue...
2025-12-08 09:27:00,281-DEBUG-root-39136::webapp_internal::wait_blocker|2469:: Blocker status: False
2025-12-08 09:27:00,283-DEBUG-root-39136::webapp_internal::send_action|10480:: Trying to send action
2025-12-08 09:27:00,285-DEBUG-root-39136::base::click|192:: Click Type: ClickType.JS
2025-12-08 09:27:01,314-DEBUG-root-39136::webapp_internal::send_action|10522:: send_action method result = True
2025-12-08 09:27:01,314-DEBUG-root-39136::webapp_internal::send_action|10523:: send_action selenium status: False
2025-12-08 09:27:01,314-DEBUG-root-39136::webapp_internal::SetButton|4683:: ***System Info*** After Clicking on button:
2025-12-08 09:27:01,314-DEBUG-root-39136::psutil_info::system_info|5:: CPU USAGE: 9.1%
2025-12-08 09:27:01,315-DEBUG-root-39136::psutil_info::system_info|6:: MEMORY USAGE: 87.9%
2025-12-08 09:27:01,315-DEBUG-root-39136::psutil_info::system_info|7:: MEMORY AVAILABLE: 12.11%
2025-12-08 09:27:01,315-DEBUG-root-39136::webapp_internal::wait_element|7623:: Waiting for element
2025-12-08 09:27:01,402-INFO-root-39136::webapp_internal::SetLateralMenu|4184:: Navigating lateral menu: Atualizações > Gestao de Viagens > Solicitações
2025-12-08 09:27:01,411-DEBUG-root-39136::webapp_internal::wait_element|7623:: Waiting for element
2025-12-08 09:27:01,451-DEBUG-root-39136::webapp_internal::wait_element|7653:: Element found! Waiting for element to be displayed.
2025-12-08 09:27:01,618-INFO-root-39136::webapp_internal::SetLateralMenu|4203:: Menu item: "Atualizações"
2025-12-08 09:27:01,618-DEBUG-root-39136::webapp_internal::wait_blocker|2444:: Waiting blocker to continue...
2025-12-08 09:27:01,683-DEBUG-root-39136::webapp_internal::wait_blocker|2469:: Blocker status: False
2025-12-08 09:27:02,134-DEBUG-root-39136::webapp_internal::wait_element_timeout|7726:: Element found! Waiting for element to be displayed.
2025-12-08 09:27:02,579-DEBUG-root-39136::webapp_internal::wait_blocker|2444:: Waiting blocker to continue...
2025-12-08 09:27:02,649-DEBUG-root-39136::webapp_internal::wait_blocker|2469:: Blocker status: False
2025-12-08 09:27:04,924-INFO-root-39136::webapp_internal::SetLateralMenu|4203:: Menu item: "Gestao de Viagens"
2025-12-08 09:27:04,924-DEBUG-root-39136::webapp_internal::wait_blocker|2444:: Waiting blocker to continue...
2025-12-08 09:27:05,011-DEBUG-root-39136::webapp_internal::wait_blocker|2469:: Blocker status: False
2025-12-08 09:27:05,738-DEBUG-root-39136::webapp_internal::wait_element_timeout|7726:: Element found! Waiting for element to be displayed.
2025-12-08 09:27:06,481-DEBUG-root-39136::webapp_internal::wait_blocker|2444:: Waiting blocker to continue...
2025-12-08 09:27:06,600-DEBUG-root-39136::webapp_internal::wait_blocker|2469:: Blocker status: False
2025-12-08 09:27:08,888-INFO-root-39136::webapp_internal::SetLateralMenu|4203:: Menu item: "Solicitações"
2025-12-08 09:27:08,888-DEBUG-root-39136::webapp_internal::wait_blocker|2444:: Waiting blocker to continue...
2025-12-08 09:27:08,964-DEBUG-root-39136::webapp_internal::wait_blocker|2469:: Blocker status: False
2025-12-08 09:27:09,827-DEBUG-root-39136::webapp_internal::wait_element_timeout|7726:: Element found! Waiting for element to be displayed.
2025-12-08 09:27:10,895-DEBUG-root-39136::webapp_internal::wait_blocker|2444:: Waiting blocker to continue...
2025-12-08 09:27:10,970-DEBUG-root-39136::webapp_internal::wait_blocker|2469:: Blocker status: False
2025-12-08 09:27:14,479-DEBUG-root-39136::webapp_internal::wait_blocker|2444:: Waiting blocker to continue...
2025-12-08 09:27:14,565-DEBUG-root-39136::webapp_internal::wait_blocker|2469:: Blocker status: False
2025-12-08 09:27:14,643-INFO-root-39136::webapp_internal::WaitShow|4980:: Waiting show text 'Este ambiente utiliza base de Homologação.'...
2025-12-08 09:27:20,435-INFO-root-39136::webapp_internal::WaitShow|4980:: Waiting show text 'Moedas'...
2025-12-08 09:27:25,915-INFO-root-39136::webapp_internal::WaitShow|4980:: Waiting show text 'Solicitação de Viagens/Treinamento'...
2025-12-08 09:27:25,975-INFO-root-39136::webapp_internal::WaitShow|4996:: Text found! 
2025-12-08 09:27:25,976-INFO-root-39136::webapp_internal::SetButton|4444:: Clicking on Incluir
2025-12-08 09:27:25,976-DEBUG-root-39136::webapp_internal::wait_blocker|2444:: Waiting blocker to continue...
2025-12-08 09:27:26,059-DEBUG-root-39136::webapp_internal::wait_blocker|2469:: Blocker status: False
2025-12-08 09:27:26,455-DEBUG-root-39136::webapp_internal::wait_element_timeout|7726:: Element found! Waiting for element to be displayed.
2025-12-08 09:27:26,712-DEBUG-root-39136::webapp_internal::SetButton|4481:: ***System Info*** Before Clicking on button:Incluir
2025-12-08 09:27:26,712-DEBUG-root-39136::psutil_info::system_info|5:: CPU USAGE: 9.8%
2025-12-08 09:27:26,713-DEBUG-root-39136::psutil_info::system_info|6:: MEMORY USAGE: 88.2%
2025-12-08 09:27:26,713-DEBUG-root-39136::psutil_info::system_info|7:: MEMORY AVAILABLE: 11.78%
2025-12-08 09:27:27,078-DEBUG-root-39136::webapp_internal::wait_element_timeout|7726:: Element found! Waiting for element to be displayed.
2025-12-08 09:27:27,375-DEBUG-root-39136::webapp_internal::wait_blocker|2444:: Waiting blocker to continue...
2025-12-08 09:27:27,464-DEBUG-root-39136::webapp_internal::wait_blocker|2469:: Blocker status: False
2025-12-08 09:27:27,488-DEBUG-root-39136::webapp_internal::wait_blocker|2444:: Waiting blocker to continue...
2025-12-08 09:27:27,579-DEBUG-root-39136::webapp_internal::wait_blocker|2469:: Blocker status: False
2025-12-08 09:27:27,579-DEBUG-root-39136::webapp_internal::send_action|10480:: Trying to send action
2025-12-08 09:27:27,582-DEBUG-root-39136::base::click|192:: Click Type: ClickType.JS
2025-12-08 09:27:28,797-DEBUG-root-39136::webapp_internal::send_action|10522:: send_action method result = True
2025-12-08 09:27:28,798-DEBUG-root-39136::webapp_internal::send_action|10523:: send_action selenium status: True
2025-12-08 09:27:28,798-DEBUG-root-39136::webapp_internal::SetButton|4683:: ***System Info*** After Clicking on button:
2025-12-08 09:27:28,798-DEBUG-root-39136::psutil_info::system_info|5:: CPU USAGE: 6.4%
2025-12-08 09:27:28,799-DEBUG-root-39136::psutil_info::system_info|6:: MEMORY USAGE: 88.3%
2025-12-08 09:27:28,799-DEBUG-root-39136::psutil_info::system_info|7:: MEMORY AVAILABLE: 11.68%
2025-12-08 09:27:29,000-DEBUG-root-39136::webapp_internal::wait_blocker|2444:: Waiting blocker to continue...
2025-12-08 09:27:29,093-DEBUG-root-39136::webapp_internal::wait_blocker|2469:: Blocker status: False
2025-12-08 09:27:29,093-INFO-root-39136::webapp_internal::SearchBrowse|2003:: Searching: 02DF0001
2025-12-08 09:27:29,246-DEBUG-root-39136::webapp_internal::wait_element_timeout|7726:: Element found! Waiting for element to be displayed.
2025-12-08 09:27:29,332-DEBUG-root-39136::webapp_internal::wait_blocker|2444:: Waiting blocker to continue...
2025-12-08 09:27:29,446-DEBUG-root-39136::webapp_internal::wait_blocker|2469:: Blocker status: False
2025-12-08 09:27:29,455-DEBUG-root-39136::webapp_internal::wait_blocker|2444:: Waiting blocker to continue...
2025-12-08 09:27:29,550-DEBUG-root-39136::webapp_internal::wait_blocker|2469:: Blocker status: False
2025-12-08 09:27:29,550-INFO-root-39136::webapp_internal::fill_search_browse|2399:: Filling: 02DF0001
2025-12-08 09:27:29,562-DEBUG-root-39136::base::click|192:: Click Type: ClickType.JS
2025-12-08 09:27:30,627-DEBUG-root-39136::webapp_internal::wait_blocker|2444:: Waiting blocker to continue...
2025-12-08 09:27:30,720-DEBUG-root-39136::webapp_internal::wait_blocker|2469:: Blocker status: False
2025-12-08 09:27:30,720-INFO-root-39136::webapp_internal::fill_search_browse|2399:: Filling: 02DF0001
2025-12-08 09:27:30,729-DEBUG-root-39136::base::click|192:: Click Type: ClickType.JS
2025-12-08 09:27:31,793-DEBUG-root-39136::webapp_internal::wait_blocker|2444:: Waiting blocker to continue...
2025-12-08 09:27:31,909-DEBUG-root-39136::webapp_internal::wait_blocker|2469:: Blocker status: False
2025-12-08 09:27:31,909-INFO-root-39136::webapp_internal::fill_search_browse|2399:: Filling: 02DF0001
2025-12-08 09:27:31,923-DEBUG-root-39136::base::click|192:: Click Type: ClickType.JS
2025-12-08 09:27:33,011-DEBUG-root-39136::webapp_internal::wait_blocker|2444:: Waiting blocker to continue...
2025-12-08 09:27:33,104-DEBUG-root-39136::webapp_internal::wait_blocker|2469:: Blocker status: False
2025-12-08 09:27:33,104-INFO-root-39136::webapp_internal::fill_search_browse|2399:: Filling: 02DF0001
2025-12-08 09:27:33,116-DEBUG-root-39136::base::click|192:: Click Type: ClickType.JS
2025-12-08 09:27:34,198-DEBUG-root-39136::webapp_internal::wait_blocker|2444:: Waiting blocker to continue...
2025-12-08 09:27:34,305-DEBUG-root-39136::webapp_internal::wait_blocker|2469:: Blocker status: False
2025-12-08 09:27:34,307-DEBUG-root-39136::base::double_click|259:: Click Type: ClickType.SELENIUM
2025-12-08 09:27:34,312-WARNING-root-39136::base::double_click|280:: Warning double_click method Exception: Message: Element <button class="button-image" type="button"> is not clickable at point (1258,360) because another element <wa-button id="COMP6023" class="dict-tbutton focus"> obscures it
Stacktrace:
RemoteError@chrome://remote/content/shared/RemoteError.sys.mjs:8:8
WebDriverError@chrome://remote/content/shared/webdriver/Errors.sys.mjs:202:5
ElementClickInterceptedError@chrome://remote/content/shared/webdriver/Errors.sys.mjs:354:5
webdriverClickElement@chrome://remote/content/marionette/interaction.sys.mjs:175:11
interaction.clickElement@chrome://remote/content/marionette/interaction.sys.mjs:134:11
clickElement@chrome://remote/content/marionette/actors/MarionetteCommandsChild.sys.mjs:327:29
receiveMessage@chrome://remote/content/marionette/actors/MarionetteCommandsChild.sys.mjs:210:31

2025-12-08 09:27:34,623-INFO-root-39136::webapp_internal::SetButton|4444:: Clicking on OK
2025-12-08 09:27:34,623-DEBUG-root-39136::webapp_internal::wait_blocker|2444:: Waiting blocker to continue...
2025-12-08 09:27:34,731-DEBUG-root-39136::webapp_internal::wait_blocker|2469:: Blocker status: False
2025-12-08 09:27:35,093-DEBUG-root-39136::webapp_internal::wait_element_timeout|7726:: Element found! Waiting for element to be displayed.
2025-12-08 09:27:35,276-DEBUG-root-39136::webapp_internal::SetButton|4481:: ***System Info*** Before Clicking on button:OK
2025-12-08 09:27:35,276-DEBUG-root-39136::psutil_info::system_info|5:: CPU USAGE: 6.7%
2025-12-08 09:27:35,276-DEBUG-root-39136::psutil_info::system_info|6:: MEMORY USAGE: 87.9%
2025-12-08 09:27:35,277-DEBUG-root-39136::psutil_info::system_info|7:: MEMORY AVAILABLE: 12.08%
2025-12-08 09:27:35,555-DEBUG-root-39136::webapp_internal::wait_element_timeout|7726:: Element found! Waiting for element to be displayed.
2025-12-08 09:27:35,813-DEBUG-root-39136::webapp_internal::wait_blocker|2444:: Waiting blocker to continue...
2025-12-08 09:27:35,910-DEBUG-root-39136::webapp_internal::wait_blocker|2469:: Blocker status: False
2025-12-08 09:27:35,934-DEBUG-root-39136::webapp_internal::wait_blocker|2444:: Waiting blocker to continue...
2025-12-08 09:27:36,033-DEBUG-root-39136::webapp_internal::wait_blocker|2469:: Blocker status: False
2025-12-08 09:27:36,034-DEBUG-root-39136::webapp_internal::send_action|10480:: Trying to send action
2025-12-08 09:27:36,037-DEBUG-root-39136::base::click|192:: Click Type: ClickType.JS
2025-12-08 09:27:38,542-DEBUG-root-39136::webapp_internal::send_action|10522:: send_action method result = True
2025-12-08 09:27:38,542-DEBUG-root-39136::webapp_internal::send_action|10523:: send_action selenium status: True
2025-12-08 09:27:38,543-DEBUG-root-39136::webapp_internal::SetButton|4683:: ***System Info*** After Clicking on button:
2025-12-08 09:27:38,543-DEBUG-root-39136::psutil_info::system_info|5:: CPU USAGE: 13.2%
2025-12-08 09:27:38,543-DEBUG-root-39136::psutil_info::system_info|6:: MEMORY USAGE: 88.1%
2025-12-08 09:27:38,544-DEBUG-root-39136::psutil_info::system_info|7:: MEMORY AVAILABLE: 11.89%
2025-12-08 09:27:38,745-INFO-root-39136::webapp_internal::WaitShow|4980:: Waiting show text 'Solicitacoes de Viagens - INCLUIR'...
2025-12-08 09:27:38,956-INFO-root-39136::webapp_internal::WaitShow|4996:: Text found! 
2025-12-08 09:27:38,956-DEBUG-root-39136::webapp_internal::wait_blocker|2444:: Waiting blocker to continue...
2025-12-08 09:27:39,098-DEBUG-root-39136::webapp_internal::wait_blocker|2469:: Blocker status: False
2025-12-08 09:27:39,099-DEBUG-root-39136::webapp_internal::wait_element|7623:: Waiting for element
2025-12-08 09:27:39,197-DEBUG-root-39136::webapp_internal::wait_element|7653:: Element found! Waiting for element to be displayed.
2025-12-08 09:27:39,277-INFO-root-39136::webapp_internal::input_value|2941:: Looking for element: ZV3_DESCRI
2025-12-08 09:27:39,433-INFO-root-39136::webapp_internal::input_value|2951:: Element: ZV3_DESCRI Found!
2025-12-08 09:27:39,433-INFO-root-39136::webapp_internal::input_value|2953:: Filling element: ZV3_DESCRI
2025-12-08 09:27:39,458-DEBUG-root-39136::webapp_internal::get_web_value|3232:: Current value:                                                   
2025-12-08 09:27:39,496-DEBUG-root-39136::base::double_click|259:: Click Type: ClickType.SELENIUM
2025-12-08 09:27:39,751-DEBUG-root-39136::webapp_internal::wait_blocker|2444:: Waiting blocker to continue...
2025-12-08 09:27:39,893-DEBUG-root-39136::webapp_internal::wait_blocker|2469:: Blocker status: False
2025-12-08 09:27:40,258-DEBUG-root-39136::webapp_internal::get_web_value|3232:: Current value: USO PARA TESTE AUTOMATIZADO                       
2025-12-08 09:27:40,258-INFO-root-39136::webapp_internal::input_value|3059:: Current field value: USO PARA TESTE AUTOMATIZADO
2025-12-08 09:27:40,289-DEBUG-root-39136::webapp_internal::wait_blocker|2444:: Waiting blocker to continue...
2025-12-08 09:27:40,459-DEBUG-root-39136::webapp_internal::wait_blocker|2469:: Blocker status: False
2025-12-08 09:27:40,459-DEBUG-root-39136::webapp_internal::wait_element|7623:: Waiting for element
2025-12-08 09:27:40,540-DEBUG-root-39136::webapp_internal::wait_element|7653:: Element found! Waiting for element to be displayed.
2025-12-08 09:27:40,609-INFO-root-39136::webapp_internal::input_value|2941:: Looking for element: ZV3_DTINI
2025-12-08 09:27:40,791-INFO-root-39136::webapp_internal::input_value|2951:: Element: ZV3_DTINI Found!
2025-12-08 09:27:40,791-INFO-root-39136::webapp_internal::input_value|2953:: Filling element: ZV3_DTINI
2025-12-08 09:27:40,821-DEBUG-root-39136::webapp_internal::get_web_value|3232:: Current value:   /  /    
2025-12-08 09:27:40,856-DEBUG-root-39136::base::double_click|259:: Click Type: ClickType.SELENIUM
2025-12-08 09:27:41,106-DEBUG-root-39136::webapp_internal::wait_blocker|2444:: Waiting blocker to continue...
2025-12-08 09:27:41,237-DEBUG-root-39136::webapp_internal::wait_blocker|2469:: Blocker status: False
2025-12-08 09:27:41,579-DEBUG-root-39136::webapp_internal::get_web_value|3232:: Current value: 21/12/2025
2025-12-08 09:27:41,579-INFO-root-39136::webapp_internal::input_value|3059:: Current field value: 21122025
2025-12-08 09:27:41,595-DEBUG-root-39136::webapp_internal::wait_blocker|2444:: Waiting blocker to continue...
2025-12-08 09:27:41,742-DEBUG-root-39136::webapp_internal::wait_blocker|2469:: Blocker status: False
2025-12-08 09:27:41,742-DEBUG-root-39136::webapp_internal::wait_element|7623:: Waiting for element
2025-12-08 09:27:41,824-DEBUG-root-39136::webapp_internal::wait_element|7653:: Element found! Waiting for element to be displayed.
2025-12-08 09:27:41,893-INFO-root-39136::webapp_internal::input_value|2941:: Looking for element: ZV3_DTFIM
2025-12-08 09:27:42,121-INFO-root-39136::webapp_internal::input_value|2951:: Element: ZV3_DTFIM Found!
2025-12-08 09:27:42,121-INFO-root-39136::webapp_internal::input_value|2953:: Filling element: ZV3_DTFIM
2025-12-08 09:27:42,156-DEBUG-root-39136::webapp_internal::get_web_value|3232:: Current value:   /  /    
2025-12-08 09:27:42,204-DEBUG-root-39136::base::double_click|259:: Click Type: ClickType.SELENIUM
2025-12-08 09:27:42,465-DEBUG-root-39136::webapp_internal::wait_blocker|2444:: Waiting blocker to continue...
2025-12-08 09:27:42,609-DEBUG-root-39136::webapp_internal::wait_blocker|2469:: Blocker status: False
2025-12-08 09:27:42,943-DEBUG-root-39136::webapp_internal::get_web_value|3232:: Current value: 28/12/2025
2025-12-08 09:27:42,943-INFO-root-39136::webapp_internal::input_value|3059:: Current field value: 28122025
2025-12-08 09:27:43,955-DEBUG-root-39136::webapp_internal::wait_blocker|2444:: Waiting blocker to continue...
2025-12-08 09:27:44,083-DEBUG-root-39136::webapp_internal::wait_blocker|2469:: Blocker status: False
2025-12-08 09:27:44,083-DEBUG-root-39136::webapp_internal::wait_element|7623:: Waiting for element
2025-12-08 09:27:44,161-DEBUG-root-39136::webapp_internal::wait_element|7653:: Element found! Waiting for element to be displayed.
2025-12-08 09:27:44,229-INFO-root-39136::webapp_internal::input_value|2941:: Looking for element: ZV3_CC
2025-12-08 09:27:44,383-INFO-root-39136::webapp_internal::input_value|2951:: Element: ZV3_CC Found!
2025-12-08 09:27:44,383-INFO-root-39136::webapp_internal::input_value|2953:: Filling element: ZV3_CC
2025-12-08 09:27:44,410-DEBUG-root-39136::webapp_internal::get_web_value|3232:: Current value:          
2025-12-08 09:27:44,459-DEBUG-root-39136::base::double_click|259:: Click Type: ClickType.SELENIUM
2025-12-08 09:27:44,729-DEBUG-root-39136::webapp_internal::wait_blocker|2444:: Waiting blocker to continue...
2025-12-08 09:27:44,855-DEBUG-root-39136::webapp_internal::wait_blocker|2469:: Blocker status: False
2025-12-08 09:27:45,195-DEBUG-root-39136::webapp_internal::get_web_value|3232:: Current value: 000000677
2025-12-08 09:27:45,196-INFO-root-39136::webapp_internal::input_value|3059:: Current field value: 000000677
2025-12-08 09:27:45,208-DEBUG-root-39136::webapp_internal::wait_blocker|2444:: Waiting blocker to continue...
2025-12-08 09:27:45,354-DEBUG-root-39136::webapp_internal::wait_blocker|2469:: Blocker status: False
2025-12-08 09:27:45,354-DEBUG-root-39136::webapp_internal::wait_element|7623:: Waiting for element
2025-12-08 09:27:45,445-DEBUG-root-39136::webapp_internal::wait_element|7653:: Element found! Waiting for element to be displayed.
2025-12-08 09:27:45,515-INFO-root-39136::webapp_internal::input_value|2941:: Looking for element: ZV3_TIPO
2025-12-08 09:27:45,676-INFO-root-39136::webapp_internal::input_value|2951:: Element: ZV3_TIPO Found!
2025-12-08 09:27:45,676-INFO-root-39136::webapp_internal::input_value|2953:: Filling element: ZV3_TIPO
2025-12-08 09:27:46,850-INFO-root-39136::base::select_combo|871:: Selected value for combo is: 1 - Servico
2025-12-08 09:27:46,891-DEBUG-root-39136::webapp_internal::wait_blocker|2444:: Waiting blocker to continue...
2025-12-08 09:27:47,026-DEBUG-root-39136::webapp_internal::wait_blocker|2469:: Blocker status: False
2025-12-08 09:27:47,027-DEBUG-root-39136::webapp_internal::wait_element|7623:: Waiting for element
2025-12-08 09:27:47,107-DEBUG-root-39136::webapp_internal::wait_element|7653:: Element found! Waiting for element to be displayed.
2025-12-08 09:27:47,175-INFO-root-39136::webapp_internal::input_value|2941:: Looking for element: ZV3_OBS
2025-12-08 09:27:47,373-INFO-root-39136::webapp_internal::input_value|2951:: Element: ZV3_OBS Found!
2025-12-08 09:27:47,373-INFO-root-39136::webapp_internal::input_value|2953:: Filling element: ZV3_OBS
2025-12-08 09:27:47,396-DEBUG-root-39136::webapp_internal::get_web_value|3232:: Current value: 
2025-12-08 09:27:47,415-DEBUG-root-39136::base::double_click|259:: Click Type: ClickType.SELENIUM
2025-12-08 09:27:47,675-DEBUG-root-39136::webapp_internal::wait_blocker|2444:: Waiting blocker to continue...
2025-12-08 09:27:47,798-DEBUG-root-39136::webapp_internal::wait_blocker|2469:: Blocker status: False
2025-12-08 09:27:48,133-DEBUG-root-39136::webapp_internal::get_web_value|3232:: Current value: TESTE DE SOLICITAÇÃO DE VIAGEM
2025-12-08 09:27:48,133-INFO-root-39136::webapp_internal::input_value|3059:: Current field value: TESTE DE SOLICITAÇÃO DE VIAGEM
2025-12-08 09:27:48,148-DEBUG-root-39136::webapp_internal::wait_blocker|2444:: Waiting blocker to continue...
2025-12-08 09:27:48,280-DEBUG-root-39136::webapp_internal::wait_blocker|2469:: Blocker status: False
2025-12-08 09:27:48,281-INFO-root-39136::webapp_internal::SetKey|5822:: Key pressed: TAB
2025-12-08 09:27:48,281-DEBUG-root-39136::webapp_internal::SetKey|5857:: Trying press key
2025-12-08 09:27:48,415-DEBUG-root-39136::webapp_internal::wait_blocker|2444:: Waiting blocker to continue...
2025-12-08 09:27:48,554-DEBUG-root-39136::webapp_internal::wait_blocker|2469:: Blocker status: False
2025-12-08 09:27:48,581-DEBUG-root-39136::webapp_internal::wait_blocker|2444:: Waiting blocker to continue...
2025-12-08 09:27:48,728-DEBUG-root-39136::webapp_internal::wait_blocker|2469:: Blocker status: False
2025-12-08 09:27:48,728-DEBUG-root-39136::webapp_internal::send_action|10480:: Trying to send action
2025-12-08 09:27:49,790-DEBUG-root-39136::webapp_internal::send_action|10522:: send_action method result = True
2025-12-08 09:27:49,791-DEBUG-root-39136::webapp_internal::send_action|10523:: send_action selenium status: False
2025-12-08 09:27:49,791-DEBUG-root-39136::webapp_internal::wait_element|7623:: Waiting for element
2025-12-08 09:27:49,907-DEBUG-root-39136::webapp_internal::wait_element|7653:: Element found! Waiting for element to be displayed.
2025-12-08 09:27:50,174-DEBUG-root-39136::webapp_internal::wait_blocker|2444:: Waiting blocker to continue...
2025-12-08 09:27:50,303-DEBUG-root-39136::webapp_internal::wait_blocker|2469:: Blocker status: False
2025-12-08 09:27:50,303-INFO-root-39136::webapp_internal::LoadGrid|6298:: Filling grid field: Favorecido
2025-12-08 09:27:50,304-DEBUG-root-39136::webapp_internal::fill_grid|6399:: Grid loading...
2025-12-08 09:27:50,465-DEBUG-root-39136::webapp_internal::fill_grid|6466:: Column found!
2025-12-08 09:27:50,505-DEBUG-root-39136::base::click|192:: Click Type: ClickType.ACTIONCHAINS
2025-12-08 09:27:50,792-DEBUG-root-39136::webapp_internal::fill_grid|6486:: Trying to select cell in grid!
2025-12-08 09:27:50,794-DEBUG-root-39136::base::click|192:: Click Type: ClickType.ACTIONCHAINS
2025-12-08 09:27:51,079-DEBUG-root-39136::webapp_internal::fill_grid|6486:: Trying to select cell in grid!
2025-12-08 09:27:51,082-DEBUG-root-39136::base::click|192:: Click Type: ClickType.ACTIONCHAINS
2025-12-08 09:27:51,374-DEBUG-root-39136::webapp_internal::fill_grid|6486:: Trying to select cell in grid!
2025-12-08 09:27:51,376-DEBUG-root-39136::base::click|192:: Click Type: ClickType.ACTIONCHAINS
2025-12-08 09:27:51,671-DEBUG-root-39136::webapp_internal::fill_grid|6486:: Trying to select cell in grid!
2025-12-08 09:27:51,673-DEBUG-root-39136::base::click|192:: Click Type: ClickType.ACTIONCHAINS
2025-12-08 09:27:51,938-DEBUG-root-39136::webapp_internal::fill_grid|6486:: Trying to select cell in grid!
2025-12-08 09:27:51,940-DEBUG-root-39136::base::click|192:: Click Type: ClickType.ACTIONCHAINS
2025-12-08 09:27:52,205-DEBUG-root-39136::webapp_internal::fill_grid|6486:: Trying to select cell in grid!
2025-12-08 09:27:52,207-DEBUG-root-39136::base::click|192:: Click Type: ClickType.ACTIONCHAINS
2025-12-08 09:27:52,498-DEBUG-root-39136::webapp_internal::fill_grid|6486:: Trying to select cell in grid!
2025-12-08 09:27:52,500-DEBUG-root-39136::base::click|192:: Click Type: ClickType.ACTIONCHAINS
2025-12-08 09:27:52,793-DEBUG-root-39136::webapp_internal::fill_grid|6486:: Trying to select cell in grid!
2025-12-08 09:27:52,795-DEBUG-root-39136::base::click|192:: Click Type: ClickType.ACTIONCHAINS
2025-12-08 09:27:53,090-DEBUG-root-39136::webapp_internal::fill_grid|6486:: Trying to select cell in grid!
2025-12-08 09:27:53,092-DEBUG-root-39136::base::click|192:: Click Type: ClickType.ACTIONCHAINS
2025-12-08 09:27:53,381-DEBUG-root-39136::webapp_internal::fill_grid|6486:: Trying to select cell in grid!
2025-12-08 09:27:53,383-DEBUG-root-39136::base::click|192:: Click Type: ClickType.ACTIONCHAINS
2025-12-08 09:27:53,677-DEBUG-root-39136::webapp_internal::fill_grid|6486:: Trying to select cell in grid!
2025-12-08 09:27:53,679-DEBUG-root-39136::base::click|192:: Click Type: ClickType.ACTIONCHAINS
2025-12-08 09:27:53,966-DEBUG-root-39136::webapp_internal::fill_grid|6486:: Trying to select cell in grid!
2025-12-08 09:27:53,970-DEBUG-root-39136::base::click|192:: Click Type: ClickType.ACTIONCHAINS
2025-12-08 09:27:54,260-DEBUG-root-39136::webapp_internal::fill_grid|6486:: Trying to select cell in grid!
2025-12-08 09:27:54,262-DEBUG-root-39136::base::click|192:: Click Type: ClickType.ACTIONCHAINS
2025-12-08 09:27:54,555-DEBUG-root-39136::webapp_internal::fill_grid|6486:: Trying to select cell in grid!
2025-12-08 09:27:54,557-DEBUG-root-39136::base::click|192:: Click Type: ClickType.ACTIONCHAINS
2025-12-08 09:27:54,846-DEBUG-root-39136::webapp_internal::fill_grid|6486:: Trying to select cell in grid!
2025-12-08 09:27:54,848-DEBUG-root-39136::base::click|192:: Click Type: ClickType.ACTIONCHAINS
2025-12-08 09:27:55,112-DEBUG-root-39136::webapp_internal::fill_grid|6486:: Trying to select cell in grid!
2025-12-08 09:27:55,114-DEBUG-root-39136::base::click|192:: Click Type: ClickType.ACTIONCHAINS
2025-12-08 09:27:55,377-DEBUG-root-39136::webapp_internal::fill_grid|6486:: Trying to select cell in grid!
2025-12-08 09:27:55,379-DEBUG-root-39136::base::click|192:: Click Type: ClickType.ACTIONCHAINS
2025-12-08 09:27:55,660-DEBUG-root-39136::webapp_internal::fill_grid|6486:: Trying to select cell in grid!
2025-12-08 09:27:55,662-DEBUG-root-39136::base::click|192:: Click Type: ClickType.ACTIONCHAINS
2025-12-08 09:27:55,950-DEBUG-root-39136::webapp_internal::fill_grid|6486:: Trying to select cell in grid!
2025-12-08 09:27:55,954-DEBUG-root-39136::base::click|192:: Click Type: ClickType.ACTIONCHAINS
2025-12-08 09:27:56,246-DEBUG-root-39136::webapp_internal::fill_grid|6486:: Trying to select cell in grid!
2025-12-08 09:27:56,248-DEBUG-root-39136::base::click|192:: Click Type: ClickType.ACTIONCHAINS
2025-12-08 09:27:56,541-DEBUG-root-39136::webapp_internal::fill_grid|6486:: Trying to select cell in grid!
2025-12-08 09:27:56,543-DEBUG-root-39136::base::click|192:: Click Type: ClickType.ACTIONCHAINS
2025-12-08 09:27:56,831-DEBUG-root-39136::webapp_internal::fill_grid|6486:: Trying to select cell in grid!
2025-12-08 09:27:56,837-DEBUG-root-39136::base::click|192:: Click Type: ClickType.ACTIONCHAINS
2025-12-08 09:27:57,127-DEBUG-root-39136::webapp_internal::fill_grid|6486:: Trying to select cell in grid!
2025-12-08 09:27:57,129-DEBUG-root-39136::base::click|192:: Click Type: ClickType.ACTIONCHAINS
2025-12-08 09:27:57,424-DEBUG-root-39136::webapp_internal::fill_grid|6486:: Trying to select cell in grid!
2025-12-08 09:27:57,426-DEBUG-root-39136::base::click|192:: Click Type: ClickType.ACTIONCHAINS
2025-12-08 09:27:57,716-DEBUG-root-39136::webapp_internal::fill_grid|6486:: Trying to select cell in grid!
2025-12-08 09:27:57,720-DEBUG-root-39136::base::click|192:: Click Type: ClickType.ACTIONCHAINS
2025-12-08 09:27:58,009-DEBUG-root-39136::webapp_internal::fill_grid|6486:: Trying to select cell in grid!
2025-12-08 09:27:58,012-DEBUG-root-39136::base::click|192:: Click Type: ClickType.ACTIONCHAINS
2025-12-08 09:27:58,276-DEBUG-root-39136::webapp_internal::fill_grid|6486:: Trying to select cell in grid!
2025-12-08 09:27:58,278-DEBUG-root-39136::base::click|192:: Click Type: ClickType.ACTIONCHAINS
2025-12-08 09:27:58,570-DEBUG-root-39136::webapp_internal::fill_grid|6486:: Trying to select cell in grid!
2025-12-08 09:27:58,573-DEBUG-root-39136::base::click|192:: Click Type: ClickType.ACTIONCHAINS
2025-12-08 09:27:58,838-DEBUG-root-39136::webapp_internal::fill_grid|6486:: Trying to select cell in grid!
2025-12-08 09:27:58,840-DEBUG-root-39136::base::click|192:: Click Type: ClickType.ACTIONCHAINS
2025-12-08 09:27:59,129-DEBUG-root-39136::webapp_internal::fill_grid|6486:: Trying to select cell in grid!
2025-12-08 09:27:59,131-DEBUG-root-39136::base::click|192:: Click Type: ClickType.ACTIONCHAINS
2025-12-08 09:27:59,427-DEBUG-root-39136::webapp_internal::fill_grid|6486:: Trying to select cell in grid!
2025-12-08 09:27:59,429-DEBUG-root-39136::base::click|192:: Click Type: ClickType.ACTIONCHAINS
2025-12-08 09:27:59,724-DEBUG-root-39136::webapp_internal::fill_grid|6486:: Trying to select cell in grid!
2025-12-08 09:27:59,726-DEBUG-root-39136::base::click|192:: Click Type: ClickType.ACTIONCHAINS
2025-12-08 09:28:00,024-DEBUG-root-39136::webapp_internal::fill_grid|6486:: Trying to select cell in grid!
2025-12-08 09:28:00,028-DEBUG-root-39136::base::click|192:: Click Type: ClickType.ACTIONCHAINS
2025-12-08 09:28:00,313-DEBUG-root-39136::webapp_internal::fill_grid|6486:: Trying to select cell in grid!
2025-12-08 09:28:00,315-DEBUG-root-39136::base::click|192:: Click Type: ClickType.ACTIONCHAINS
2025-12-08 09:28:00,611-DEBUG-root-39136::webapp_internal::fill_grid|6486:: Trying to select cell in grid!
2025-12-08 09:28:00,612-DEBUG-root-39136::base::click|192:: Click Type: ClickType.ACTIONCHAINS
2025-12-08 09:28:00,876-DEBUG-root-39136::webapp_internal::fill_grid|6486:: Trying to select cell in grid!
2025-12-08 09:28:00,878-DEBUG-root-39136::base::click|192:: Click Type: ClickType.ACTIONCHAINS
2025-12-08 09:28:01,167-DEBUG-root-39136::webapp_internal::fill_grid|6486:: Trying to select cell in grid!
2025-12-08 09:28:01,171-DEBUG-root-39136::base::click|192:: Click Type: ClickType.ACTIONCHAINS
2025-12-08 09:28:01,465-DEBUG-root-39136::webapp_internal::fill_grid|6486:: Trying to select cell in grid!
2025-12-08 09:28:01,471-DEBUG-root-39136::base::click|192:: Click Type: ClickType.ACTIONCHAINS
2025-12-08 09:28:01,762-DEBUG-root-39136::webapp_internal::fill_grid|6486:: Trying to select cell in grid!
2025-12-08 09:28:01,764-DEBUG-root-39136::base::click|192:: Click Type: ClickType.ACTIONCHAINS
2025-12-08 09:28:02,055-DEBUG-root-39136::webapp_internal::fill_grid|6486:: Trying to select cell in grid!
2025-12-08 09:28:02,056-DEBUG-root-39136::base::click|192:: Click Type: ClickType.ACTIONCHAINS
2025-12-08 09:28:02,321-DEBUG-root-39136::webapp_internal::fill_grid|6486:: Trying to select cell in grid!
2025-12-08 09:28:02,323-DEBUG-root-39136::base::click|192:: Click Type: ClickType.ACTIONCHAINS
2025-12-08 09:28:02,612-DEBUG-root-39136::webapp_internal::fill_grid|6486:: Trying to select cell in grid!
2025-12-08 09:28:02,615-DEBUG-root-39136::base::click|192:: Click Type: ClickType.ACTIONCHAINS
2025-12-08 09:28:02,910-DEBUG-root-39136::webapp_internal::fill_grid|6486:: Trying to select cell in grid!
2025-12-08 09:28:02,912-DEBUG-root-39136::base::click|192:: Click Type: ClickType.ACTIONCHAINS
2025-12-08 09:28:03,205-DEBUG-root-39136::webapp_internal::fill_grid|6486:: Trying to select cell in grid!
2025-12-08 09:28:03,206-DEBUG-root-39136::base::click|192:: Click Type: ClickType.ACTIONCHAINS
2025-12-08 09:28:03,497-DEBUG-root-39136::webapp_internal::fill_grid|6486:: Trying to select cell in grid!
2025-12-08 09:28:03,499-DEBUG-root-39136::base::click|192:: Click Type: ClickType.ACTIONCHAINS
2025-12-08 09:28:03,794-DEBUG-root-39136::webapp_internal::fill_grid|6486:: Trying to select cell in grid!
2025-12-08 09:28:03,796-DEBUG-root-39136::base::click|192:: Click Type: ClickType.ACTIONCHAINS
2025-12-08 09:28:04,060-DEBUG-root-39136::webapp_internal::fill_grid|6486:: Trying to select cell in grid!
2025-12-08 09:28:04,061-DEBUG-root-39136::base::click|192:: Click Type: ClickType.ACTIONCHAINS
2025-12-08 09:28:04,325-DEBUG-root-39136::webapp_internal::fill_grid|6486:: Trying to select cell in grid!
2025-12-08 09:28:04,327-DEBUG-root-39136::base::click|192:: Click Type: ClickType.ACTIONCHAINS
2025-12-08 09:28:04,590-DEBUG-root-39136::webapp_internal::fill_grid|6486:: Trying to select cell in grid!
2025-12-08 09:28:04,593-DEBUG-root-39136::base::click|192:: Click Type: ClickType.ACTIONCHAINS
2025-12-08 09:28:04,857-DEBUG-root-39136::webapp_internal::fill_grid|6486:: Trying to select cell in grid!
2025-12-08 09:28:04,859-DEBUG-root-39136::base::click|192:: Click Type: ClickType.ACTIONCHAINS
2025-12-08 09:28:05,149-DEBUG-root-39136::webapp_internal::fill_grid|6486:: Trying to select cell in grid!
2025-12-08 09:28:05,150-DEBUG-root-39136::base::click|192:: Click Type: ClickType.ACTIONCHAINS
2025-12-08 09:28:05,444-DEBUG-root-39136::webapp_internal::fill_grid|6486:: Trying to select cell in grid!
2025-12-08 09:28:05,446-DEBUG-root-39136::base::click|192:: Click Type: ClickType.ACTIONCHAINS
2025-12-08 09:28:05,728-DEBUG-root-39136::webapp_internal::fill_grid|6486:: Trying to select cell in grid!
2025-12-08 09:28:05,730-DEBUG-root-39136::base::click|192:: Click Type: ClickType.ACTIONCHAINS
2025-12-08 09:28:06,021-DEBUG-root-39136::webapp_internal::fill_grid|6486:: Trying to select cell in grid!
2025-12-08 09:28:06,023-DEBUG-root-39136::base::click|192:: Click Type: ClickType.ACTIONCHAINS
2025-12-08 09:28:06,315-DEBUG-root-39136::webapp_internal::fill_grid|6486:: Trying to select cell in grid!
2025-12-08 09:28:06,316-DEBUG-root-39136::base::click|192:: Click Type: ClickType.ACTIONCHAINS
2025-12-08 09:28:06,580-DEBUG-root-39136::webapp_internal::fill_grid|6486:: Trying to select cell in grid!
2025-12-08 09:28:06,582-DEBUG-root-39136::base::click|192:: Click Type: ClickType.ACTIONCHAINS
2025-12-08 09:28:06,845-DEBUG-root-39136::webapp_internal::fill_grid|6486:: Trying to select cell in grid!
2025-12-08 09:28:06,846-DEBUG-root-39136::base::click|192:: Click Type: ClickType.ACTIONCHAINS
2025-12-08 09:28:07,140-DEBUG-root-39136::webapp_internal::fill_grid|6486:: Trying to select cell in grid!
2025-12-08 09:28:07,142-DEBUG-root-39136::base::click|192:: Click Type: ClickType.ACTIONCHAINS
2025-12-08 09:28:07,408-DEBUG-root-39136::webapp_internal::fill_grid|6486:: Trying to select cell in grid!
2025-12-08 09:28:07,410-DEBUG-root-39136::base::click|192:: Click Type: ClickType.ACTIONCHAINS
2025-12-08 09:28:07,698-DEBUG-root-39136::webapp_internal::fill_grid|6486:: Trying to select cell in grid!
2025-12-08 09:28:07,705-DEBUG-root-39136::base::click|192:: Click Type: ClickType.ACTIONCHAINS
2025-12-08 09:28:07,993-DEBUG-root-39136::webapp_internal::fill_grid|6486:: Trying to select cell in grid!
2025-12-08 09:28:07,995-DEBUG-root-39136::base::click|192:: Click Type: ClickType.ACTIONCHAINS
2025-12-08 09:28:08,277-DEBUG-root-39136::webapp_internal::fill_grid|6486:: Trying to select cell in grid!
2025-12-08 09:28:08,279-DEBUG-root-39136::base::click|192:: Click Type: ClickType.ACTIONCHAINS
2025-12-08 09:28:08,577-DEBUG-root-39136::webapp_internal::fill_grid|6486:: Trying to select cell in grid!
2025-12-08 09:28:08,579-DEBUG-root-39136::base::click|192:: Click Type: ClickType.ACTIONCHAINS
2025-12-08 09:28:08,874-DEBUG-root-39136::webapp_internal::fill_grid|6486:: Trying to select cell in grid!
2025-12-08 09:28:08,875-DEBUG-root-39136::base::click|192:: Click Type: ClickType.ACTIONCHAINS
2025-12-08 09:28:09,164-DEBUG-root-39136::webapp_internal::fill_grid|6486:: Trying to select cell in grid!
2025-12-08 09:28:09,165-DEBUG-root-39136::base::click|192:: Click Type: ClickType.ACTIONCHAINS
2025-12-08 09:28:09,460-DEBUG-root-39136::webapp_internal::fill_grid|6486:: Trying to select cell in grid!
2025-12-08 09:28:09,462-DEBUG-root-39136::base::click|192:: Click Type: ClickType.ACTIONCHAINS
2025-12-08 09:28:09,745-DEBUG-root-39136::webapp_internal::fill_grid|6486:: Trying to select cell in grid!
2025-12-08 09:28:09,747-DEBUG-root-39136::base::click|192:: Click Type: ClickType.ACTIONCHAINS
2025-12-08 09:28:10,038-DEBUG-root-39136::webapp_internal::fill_grid|6486:: Trying to select cell in grid!
2025-12-08 09:28:10,040-DEBUG-root-39136::base::click|192:: Click Type: ClickType.ACTIONCHAINS
2025-12-08 09:28:10,305-DEBUG-root-39136::webapp_internal::fill_grid|6486:: Trying to select cell in grid!
2025-12-08 09:28:10,307-DEBUG-root-39136::base::click|192:: Click Type: ClickType.ACTIONCHAINS
2025-12-08 09:28:10,596-DEBUG-root-39136::webapp_internal::fill_grid|6486:: Trying to select cell in grid!
2025-12-08 09:28:10,598-DEBUG-root-39136::base::click|192:: Click Type: ClickType.ACTIONCHAINS
2025-12-08 09:28:10,894-DEBUG-root-39136::webapp_internal::fill_grid|6486:: Trying to select cell in grid!
2025-12-08 09:28:10,895-DEBUG-root-39136::base::click|192:: Click Type: ClickType.ACTIONCHAINS
2025-12-08 09:28:11,159-DEBUG-root-39136::webapp_internal::fill_grid|6486:: Trying to select cell in grid!
2025-12-08 09:28:11,161-DEBUG-root-39136::base::click|192:: Click Type: ClickType.ACTIONCHAINS
2025-12-08 09:28:11,450-DEBUG-root-39136::webapp_internal::fill_grid|6486:: Trying to select cell in grid!
2025-12-08 09:28:11,454-DEBUG-root-39136::base::click|192:: Click Type: ClickType.ACTIONCHAINS
2025-12-08 09:28:11,715-DEBUG-root-39136::webapp_internal::fill_grid|6486:: Trying to select cell in grid!
2025-12-08 09:28:11,716-DEBUG-root-39136::base::click|192:: Click Type: ClickType.ACTIONCHAINS
2025-12-08 09:28:12,009-DEBUG-root-39136::webapp_internal::fill_grid|6486:: Trying to select cell in grid!
2025-12-08 09:28:12,011-DEBUG-root-39136::base::click|192:: Click Type: ClickType.ACTIONCHAINS
2025-12-08 09:28:12,305-DEBUG-root-39136::webapp_internal::fill_grid|6486:: Trying to select cell in grid!
2025-12-08 09:28:12,307-DEBUG-root-39136::base::click|192:: Click Type: ClickType.ACTIONCHAINS
2025-12-08 09:28:12,596-DEBUG-root-39136::webapp_internal::fill_grid|6486:: Trying to select cell in grid!
2025-12-08 09:28:12,598-DEBUG-root-39136::base::click|192:: Click Type: ClickType.ACTIONCHAINS
2025-12-08 09:28:12,864-DEBUG-root-39136::webapp_internal::fill_grid|6486:: Trying to select cell in grid!
2025-12-08 09:28:12,865-DEBUG-root-39136::base::click|192:: Click Type: ClickType.ACTIONCHAINS
2025-12-08 09:28:13,159-DEBUG-root-39136::webapp_internal::fill_grid|6486:: Trying to select cell in grid!
2025-12-08 09:28:13,161-DEBUG-root-39136::base::click|192:: Click Type: ClickType.ACTIONCHAINS
2025-12-08 09:28:13,454-DEBUG-root-39136::webapp_internal::fill_grid|6486:: Trying to select cell in grid!
2025-12-08 09:28:13,456-DEBUG-root-39136::base::click|192:: Click Type: ClickType.ACTIONCHAINS
2025-12-08 09:28:13,750-DEBUG-root-39136::webapp_internal::fill_grid|6486:: Trying to select cell in grid!
2025-12-08 09:28:13,755-DEBUG-root-39136::base::click|192:: Click Type: ClickType.ACTIONCHAINS
2025-12-08 09:28:14,045-DEBUG-root-39136::webapp_internal::fill_grid|6486:: Trying to select cell in grid!
2025-12-08 09:28:14,047-DEBUG-root-39136::base::click|192:: Click Type: ClickType.ACTIONCHAINS
2025-12-08 09:28:14,333-DEBUG-root-39136::webapp_internal::fill_grid|6486:: Trying to select cell in grid!
2025-12-08 09:28:14,338-DEBUG-root-39136::base::click|192:: Click Type: ClickType.ACTIONCHAINS
2025-12-08 09:28:14,599-DEBUG-root-39136::webapp_internal::fill_grid|6486:: Trying to select cell in grid!
2025-12-08 09:28:14,604-DEBUG-root-39136::base::click|192:: Click Type: ClickType.ACTIONCHAINS
2025-12-08 09:28:14,893-DEBUG-root-39136::webapp_internal::fill_grid|6486:: Trying to select cell in grid!
2025-12-08 09:28:14,895-DEBUG-root-39136::base::click|192:: Click Type: ClickType.ACTIONCHAINS
2025-12-08 09:28:15,178-DEBUG-root-39136::webapp_internal::fill_grid|6486:: Trying to select cell in grid!
2025-12-08 09:28:15,179-DEBUG-root-39136::base::click|192:: Click Type: ClickType.ACTIONCHAINS
2025-12-08 09:28:15,443-DEBUG-root-39136::webapp_internal::fill_grid|6486:: Trying to select cell in grid!
2025-12-08 09:28:15,445-DEBUG-root-39136::base::click|192:: Click Type: ClickType.ACTIONCHAINS
2025-12-08 09:28:15,732-DEBUG-root-39136::webapp_internal::fill_grid|6486:: Trying to select cell in grid!
2025-12-08 09:28:15,738-DEBUG-root-39136::base::click|192:: Click Type: ClickType.ACTIONCHAINS
2025-12-08 09:28:16,029-DEBUG-root-39136::webapp_internal::fill_grid|6486:: Trying to select cell in grid!
2025-12-08 09:28:16,031-DEBUG-root-39136::base::click|192:: Click Type: ClickType.ACTIONCHAINS
2025-12-08 09:28:16,323-DEBUG-root-39136::webapp_internal::fill_grid|6486:: Trying to select cell in grid!
2025-12-08 09:28:16,325-DEBUG-root-39136::base::click|192:: Click Type: ClickType.ACTIONCHAINS
2025-12-08 09:28:16,588-DEBUG-root-39136::webapp_internal::fill_grid|6486:: Trying to select cell in grid!
2025-12-08 09:28:16,590-DEBUG-root-39136::base::click|192:: Click Type: ClickType.ACTIONCHAINS
2025-12-08 09:28:16,880-DEBUG-root-39136::webapp_internal::fill_grid|6486:: Trying to select cell in grid!
2025-12-08 09:28:16,882-DEBUG-root-39136::base::click|192:: Click Type: ClickType.ACTIONCHAINS
2025-12-08 09:28:17,176-DEBUG-root-39136::webapp_internal::fill_grid|6486:: Trying to select cell in grid!
2025-12-08 09:28:17,178-DEBUG-root-39136::base::click|192:: Click Type: ClickType.ACTIONCHAINS
2025-12-08 09:28:17,440-DEBUG-root-39136::webapp_internal::fill_grid|6486:: Trying to select cell in grid!
2025-12-08 09:28:17,442-DEBUG-root-39136::base::click|192:: Click Type: ClickType.ACTIONCHAINS
2025-12-08 09:28:17,705-DEBUG-root-39136::webapp_internal::fill_grid|6486:: Trying to select cell in grid!
2025-12-08 09:28:17,707-DEBUG-root-39136::base::click|192:: Click Type: ClickType.ACTIONCHAINS
2025-12-08 09:28:17,972-DEBUG-root-39136::webapp_internal::fill_grid|6486:: Trying to select cell in grid!
2025-12-08 09:28:17,974-DEBUG-root-39136::base::click|192:: Click Type: ClickType.ACTIONCHAINS
2025-12-08 09:28:18,265-DEBUG-root-39136::webapp_internal::fill_grid|6486:: Trying to select cell in grid!
2025-12-08 09:28:18,270-DEBUG-root-39136::base::click|192:: Click Type: ClickType.ACTIONCHAINS
2025-12-08 09:28:18,558-DEBUG-root-39136::webapp_internal::fill_grid|6486:: Trying to select cell in grid!
2025-12-08 09:28:18,560-DEBUG-root-39136::base::click|192:: Click Type: ClickType.ACTIONCHAINS
2025-12-08 09:28:18,824-DEBUG-root-39136::webapp_internal::fill_grid|6486:: Trying to select cell in grid!
2025-12-08 09:28:18,826-DEBUG-root-39136::base::click|192:: Click Type: ClickType.ACTIONCHAINS
2025-12-08 09:28:19,090-DEBUG-root-39136::webapp_internal::fill_grid|6486:: Trying to select cell in grid!
2025-12-08 09:28:19,091-DEBUG-root-39136::base::click|192:: Click Type: ClickType.ACTIONCHAINS
2025-12-08 09:28:19,382-DEBUG-root-39136::webapp_internal::fill_grid|6486:: Trying to select cell in grid!
2025-12-08 09:28:19,387-DEBUG-root-39136::base::click|192:: Click Type: ClickType.ACTIONCHAINS
2025-12-08 09:28:19,676-DEBUG-root-39136::webapp_internal::fill_grid|6486:: Trying to select cell in grid!
2025-12-08 09:28:19,678-DEBUG-root-39136::base::click|192:: Click Type: ClickType.ACTIONCHAINS
2025-12-08 09:28:19,957-DEBUG-root-39136::webapp_internal::fill_grid|6486:: Trying to select cell in grid!
2025-12-08 09:28:19,959-DEBUG-root-39136::base::click|192:: Click Type: ClickType.ACTIONCHAINS
2025-12-08 09:28:20,224-DEBUG-root-39136::webapp_internal::fill_grid|6486:: Trying to select cell in grid!
2025-12-08 09:28:20,225-DEBUG-root-39136::base::click|192:: Click Type: ClickType.ACTIONCHAINS
2025-12-08 09:28:20,491-DEBUG-root-39136::webapp_internal::fill_grid|6486:: Trying to select cell in grid!
2025-12-08 09:28:20,493-DEBUG-root-39136::base::click|192:: Click Type: ClickType.ACTIONCHAINS
2025-12-08 09:28:20,779-DEBUG-root-39136::webapp_internal::fill_grid|6486:: Trying to select cell in grid!
2025-12-08 09:28:20,781-DEBUG-root-39136::base::click|192:: Click Type: ClickType.ACTIONCHAINS
2025-12-08 09:28:21,078-DEBUG-root-39136::webapp_internal::fill_grid|6486:: Trying to select cell in grid!
2025-12-08 09:28:21,080-DEBUG-root-39136::base::click|192:: Click Type: ClickType.ACTIONCHAINS
2025-12-08 09:28:21,374-DEBUG-root-39136::webapp_internal::fill_grid|6486:: Trying to select cell in grid!
2025-12-08 09:28:21,375-DEBUG-root-39136::base::click|192:: Click Type: ClickType.ACTIONCHAINS
2025-12-08 09:28:21,667-DEBUG-root-39136::webapp_internal::fill_grid|6486:: Trying to select cell in grid!
2025-12-08 09:28:21,671-DEBUG-root-39136::base::click|192:: Click Type: ClickType.ACTIONCHAINS
2025-12-08 09:28:21,931-DEBUG-root-39136::webapp_internal::fill_grid|6486:: Trying to select cell in grid!
2025-12-08 09:28:21,933-DEBUG-root-39136::base::click|192:: Click Type: ClickType.ACTIONCHAINS
2025-12-08 09:28:22,229-DEBUG-root-39136::webapp_internal::fill_grid|6486:: Trying to select cell in grid!
2025-12-08 09:28:22,230-DEBUG-root-39136::base::click|192:: Click Type: ClickType.ACTIONCHAINS
2025-12-08 09:28:22,526-DEBUG-root-39136::webapp_internal::fill_grid|6486:: Trying to select cell in grid!
2025-12-08 09:28:22,528-DEBUG-root-39136::base::click|192:: Click Type: ClickType.ACTIONCHAINS
2025-12-08 09:28:22,821-DEBUG-root-39136::webapp_internal::fill_grid|6486:: Trying to select cell in grid!
2025-12-08 09:28:22,823-DEBUG-root-39136::base::click|192:: Click Type: ClickType.ACTIONCHAINS
2025-12-08 09:28:23,083-DEBUG-root-39136::webapp_internal::fill_grid|6486:: Trying to select cell in grid!
2025-12-08 09:28:23,087-DEBUG-root-39136::base::click|192:: Click Type: ClickType.ACTIONCHAINS
2025-12-08 09:28:23,380-DEBUG-root-39136::webapp_internal::fill_grid|6486:: Trying to select cell in grid!
2025-12-08 09:28:23,382-DEBUG-root-39136::base::click|192:: Click Type: ClickType.ACTIONCHAINS
2025-12-08 09:28:23,677-DEBUG-root-39136::webapp_internal::fill_grid|6486:: Trying to select cell in grid!
2025-12-08 09:28:23,679-DEBUG-root-39136::base::click|192:: Click Type: ClickType.ACTIONCHAINS
2025-12-08 09:28:23,957-DEBUG-root-39136::webapp_internal::fill_grid|6486:: Trying to select cell in grid!
2025-12-08 09:28:23,959-DEBUG-root-39136::base::click|192:: Click Type: ClickType.ACTIONCHAINS
2025-12-08 09:28:24,224-DEBUG-root-39136::webapp_internal::fill_grid|6486:: Trying to select cell in grid!
2025-12-08 09:28:24,226-DEBUG-root-39136::base::click|192:: Click Type: ClickType.ACTIONCHAINS
2025-12-08 09:28:24,513-DEBUG-root-39136::webapp_internal::fill_grid|6486:: Trying to select cell in grid!
2025-12-08 09:28:24,515-DEBUG-root-39136::base::click|192:: Click Type: ClickType.ACTIONCHAINS
2025-12-08 09:28:24,810-DEBUG-root-39136::webapp_internal::fill_grid|6486:: Trying to select cell in grid!
2025-12-08 09:28:24,812-DEBUG-root-39136::base::click|192:: Click Type: ClickType.ACTIONCHAINS
2025-12-08 09:28:25,092-DEBUG-root-39136::webapp_internal::fill_grid|6486:: Trying to select cell in grid!
2025-12-08 09:28:25,094-DEBUG-root-39136::base::click|192:: Click Type: ClickType.ACTIONCHAINS
2025-12-08 09:28:25,359-DEBUG-root-39136::webapp_internal::fill_grid|6486:: Trying to select cell in grid!
2025-12-08 09:28:25,360-DEBUG-root-39136::base::click|192:: Click Type: ClickType.ACTIONCHAINS
2025-12-08 09:28:25,624-DEBUG-root-39136::webapp_internal::fill_grid|6486:: Trying to select cell in grid!
2025-12-08 09:28:25,626-DEBUG-root-39136::base::click|192:: Click Type: ClickType.ACTIONCHAINS
2025-12-08 09:28:25,913-DEBUG-root-39136::webapp_internal::fill_grid|6486:: Trying to select cell in grid!
2025-12-08 09:28:25,915-DEBUG-root-39136::base::click|192:: Click Type: ClickType.ACTIONCHAINS
2025-12-08 09:28:26,179-DEBUG-root-39136::webapp_internal::fill_grid|6486:: Trying to select cell in grid!
2025-12-08 09:28:26,181-DEBUG-root-39136::base::click|192:: Click Type: ClickType.ACTIONCHAINS
2025-12-08 09:28:26,488-DEBUG-root-39136::webapp_internal::fill_grid|6486:: Trying to select cell in grid!
2025-12-08 09:28:26,490-DEBUG-root-39136::base::click|192:: Click Type: ClickType.ACTIONCHAINS
2025-12-08 09:28:26,771-DEBUG-root-39136::webapp_internal::fill_grid|6486:: Trying to select cell in grid!
2025-12-08 09:28:26,773-DEBUG-root-39136::base::click|192:: Click Type: ClickType.ACTIONCHAINS
2025-12-08 09:28:27,063-DEBUG-root-39136::webapp_internal::fill_grid|6486:: Trying to select cell in grid!
2025-12-08 09:28:27,065-DEBUG-root-39136::base::click|192:: Click Type: ClickType.ACTIONCHAINS
2025-12-08 09:28:27,360-DEBUG-root-39136::webapp_internal::fill_grid|6486:: Trying to select cell in grid!
2025-12-08 09:28:27,362-DEBUG-root-39136::base::click|192:: Click Type: ClickType.ACTIONCHAINS
2025-12-08 09:28:27,654-DEBUG-root-39136::webapp_internal::fill_grid|6486:: Trying to select cell in grid!
2025-12-08 09:28:27,657-DEBUG-root-39136::base::click|192:: Click Type: ClickType.ACTIONCHAINS
2025-12-08 09:28:27,944-DEBUG-root-39136::webapp_internal::fill_grid|6486:: Trying to select cell in grid!
2025-12-08 09:28:27,945-DEBUG-root-39136::base::click|192:: Click Type: ClickType.ACTIONCHAINS
2025-12-08 09:28:28,224-DEBUG-root-39136::webapp_internal::fill_grid|6486:: Trying to select cell in grid!
2025-12-08 09:28:28,226-DEBUG-root-39136::base::click|192:: Click Type: ClickType.ACTIONCHAINS
2025-12-08 09:28:28,490-DEBUG-root-39136::webapp_internal::fill_grid|6486:: Trying to select cell in grid!
2025-12-08 09:28:28,492-DEBUG-root-39136::base::click|192:: Click Type: ClickType.ACTIONCHAINS
2025-12-08 09:28:28,780-DEBUG-root-39136::webapp_internal::fill_grid|6486:: Trying to select cell in grid!
2025-12-08 09:28:28,783-DEBUG-root-39136::base::click|192:: Click Type: ClickType.ACTIONCHAINS
2025-12-08 09:28:29,046-DEBUG-root-39136::webapp_internal::fill_grid|6486:: Trying to select cell in grid!
2025-12-08 09:28:29,047-DEBUG-root-39136::base::click|192:: Click Type: ClickType.ACTIONCHAINS
2025-12-08 09:28:29,310-DEBUG-root-39136::webapp_internal::fill_grid|6486:: Trying to select cell in grid!
2025-12-08 09:28:29,313-DEBUG-root-39136::base::click|192:: Click Type: ClickType.ACTIONCHAINS
2025-12-08 09:28:29,593-DEBUG-root-39136::webapp_internal::fill_grid|6486:: Trying to select cell in grid!
2025-12-08 09:28:29,595-DEBUG-root-39136::base::click|192:: Click Type: ClickType.ACTIONCHAINS
2025-12-08 09:28:29,859-DEBUG-root-39136::webapp_internal::fill_grid|6486:: Trying to select cell in grid!
2025-12-08 09:28:29,861-DEBUG-root-39136::base::click|192:: Click Type: ClickType.ACTIONCHAINS
2025-12-08 09:28:30,124-DEBUG-root-39136::webapp_internal::fill_grid|6486:: Trying to select cell in grid!
2025-12-08 09:28:30,125-DEBUG-root-39136::base::click|192:: Click Type: ClickType.ACTIONCHAINS
2025-12-08 09:28:30,388-DEBUG-root-39136::webapp_internal::fill_grid|6486:: Trying to select cell in grid!
2025-12-08 09:28:30,390-DEBUG-root-39136::base::click|192:: Click Type: ClickType.ACTIONCHAINS
2025-12-08 09:28:30,688-DEBUG-root-39136::webapp_internal::fill_grid|6486:: Trying to select cell in grid!
2025-12-08 09:28:30,690-DEBUG-root-39136::base::click|192:: Click Type: ClickType.ACTIONCHAINS
2025-12-08 09:28:36,074-DEBUG-root-39136::webapp_internal::fill_grid|6498:: Trying open cell in grid!
2025-12-08 09:28:36,360-DEBUG-root-39136::webapp_internal::wait_blocker|2444:: Waiting blocker to continue...
2025-12-08 09:28:36,502-DEBUG-root-39136::webapp_internal::wait_blocker|2469:: Blocker status: False
2025-12-08 09:28:36,709-DEBUG-root-39136::webapp_internal::wait_element_timeout|7726:: Element found! Waiting for element to be displayed.
2025-12-08 09:28:37,104-DEBUG-root-39136::webapp_internal::fill_grid|6577:: Sending keys: 227884
2025-12-08 09:28:37,408-DEBUG-root-39136::webapp_internal::wait_blocker|2444:: Waiting blocker to continue...
2025-12-08 09:28:37,556-DEBUG-root-39136::webapp_internal::wait_blocker|2469:: Blocker status: False
2025-12-08 09:28:37,710-DEBUG-root-39136::webapp_internal::wait_element_timeout|7726:: Element found! Waiting for element to be displayed.
2025-12-08 09:28:38,025-INFO-root-39136::webapp_internal::ClickFolder|5081:: Clicking on folder: Transporte
2025-12-08 09:28:38,026-DEBUG-root-39136::webapp_internal::wait_blocker|2444:: Waiting blocker to continue...
2025-12-08 09:28:38,158-DEBUG-root-39136::webapp_internal::wait_blocker|2469:: Blocker status: False
2025-12-08 09:28:38,193-DEBUG-root-39136::webapp_internal::wait_element|7623:: Waiting for element
2025-12-08 09:28:38,465-DEBUG-root-39136::webapp_internal::wait_element|7653:: Element found! Waiting for element to be displayed.
2025-12-08 09:28:40,047-DEBUG-root-39136::webapp_internal::wait_blocker|2444:: Waiting blocker to continue...
2025-12-08 09:28:40,192-DEBUG-root-39136::webapp_internal::wait_blocker|2469:: Blocker status: False
2025-12-08 09:28:40,192-INFO-root-39136::webapp_internal::SetKey|5822:: Key pressed: TAB
2025-12-08 09:28:40,192-DEBUG-root-39136::webapp_internal::SetKey|5857:: Trying press key
2025-12-08 09:28:40,193-DEBUG-root-39136::webapp_internal::wait_element|7623:: Waiting for element
2025-12-08 09:28:40,293-DEBUG-root-39136::webapp_internal::wait_element|7653:: Element found! Waiting for element to be displayed.
2025-12-08 09:28:40,561-DEBUG-root-39136::webapp_internal::wait_blocker|2444:: Waiting blocker to continue...
2025-12-08 09:28:40,700-DEBUG-root-39136::webapp_internal::wait_blocker|2469:: Blocker status: False
2025-12-08 09:28:40,700-INFO-root-39136::webapp_internal::LoadGrid|6298:: Filling grid field: Tipo
2025-12-08 09:28:40,700-DEBUG-root-39136::webapp_internal::fill_grid|6399:: Grid loading...
2025-12-08 09:28:41,087-DEBUG-root-39136::webapp_internal::fill_grid|6466:: Column found!
2025-12-08 09:28:41,125-DEBUG-root-39136::base::click|192:: Click Type: ClickType.ACTIONCHAINS
2025-12-08 09:28:46,438-DEBUG-root-39136::webapp_internal::fill_grid|6498:: Trying open cell in grid!
2025-12-08 09:28:46,724-DEBUG-root-39136::webapp_internal::wait_blocker|2444:: Waiting blocker to continue...
2025-12-08 09:28:46,861-DEBUG-root-39136::webapp_internal::wait_blocker|2469:: Blocker status: False
2025-12-08 09:28:47,054-DEBUG-root-39136::webapp_internal::wait_element_timeout|7726:: Element found! Waiting for element to be displayed.
2025-12-08 09:28:48,452-INFO-root-39136::base::select_combo|871:: Selected value for combo is: 1 - Aereo
2025-12-08 09:28:48,646-DEBUG-root-39136::webapp_internal::wait_blocker|2444:: Waiting blocker to continue...
2025-12-08 09:28:48,788-DEBUG-root-39136::webapp_internal::wait_blocker|2469:: Blocker status: False
2025-12-08 09:28:48,815-DEBUG-root-39136::webapp_internal::wait_blocker|2444:: Waiting blocker to continue...
2025-12-08 09:28:48,947-DEBUG-root-39136::webapp_internal::wait_blocker|2469:: Blocker status: False
2025-12-08 09:28:48,947-DEBUG-root-39136::webapp_internal::send_action|10480:: Trying to send action
2025-12-08 09:28:49,986-DEBUG-root-39136::webapp_internal::send_action|10522:: send_action method result = True
2025-12-08 09:28:49,987-DEBUG-root-39136::webapp_internal::send_action|10523:: send_action selenium status: False
2025-12-08 09:28:49,987-DEBUG-root-39136::webapp_internal::wait_blocker|2444:: Waiting blocker to continue...
2025-12-08 09:28:50,115-DEBUG-root-39136::webapp_internal::wait_blocker|2469:: Blocker status: False
2025-12-08 09:28:50,115-INFO-root-39136::webapp_internal::SetKey|5822:: Key pressed: TAB
2025-12-08 09:28:50,115-DEBUG-root-39136::webapp_internal::SetKey|5857:: Trying press key
2025-12-08 09:28:50,116-DEBUG-root-39136::webapp_internal::wait_element|7623:: Waiting for element
2025-12-08 09:28:50,258-DEBUG-root-39136::webapp_internal::wait_element|7653:: Element found! Waiting for element to be displayed.
2025-12-08 09:28:50,537-DEBUG-root-39136::webapp_internal::wait_blocker|2444:: Waiting blocker to continue...
2025-12-08 09:28:50,660-DEBUG-root-39136::webapp_internal::wait_blocker|2469:: Blocker status: False
2025-12-08 09:28:50,661-INFO-root-39136::webapp_internal::LoadGrid|6298:: Filling grid field: Partida
2025-12-08 09:28:50,661-DEBUG-root-39136::webapp_internal::fill_grid|6399:: Grid loading...
2025-12-08 09:28:51,011-DEBUG-root-39136::webapp_internal::fill_grid|6466:: Column found!
2025-12-08 09:28:51,054-DEBUG-root-39136::base::click|192:: Click Type: ClickType.ACTIONCHAINS
2025-12-08 09:28:56,476-DEBUG-root-39136::webapp_internal::fill_grid|6498:: Trying open cell in grid!
2025-12-08 09:28:56,760-DEBUG-root-39136::webapp_internal::wait_blocker|2444:: Waiting blocker to continue...
2025-12-08 09:28:56,913-DEBUG-root-39136::webapp_internal::wait_blocker|2469:: Blocker status: False
2025-12-08 09:28:57,104-DEBUG-root-39136::webapp_internal::wait_element_timeout|7726:: Element found! Waiting for element to be displayed.
2025-12-08 09:28:57,446-DEBUG-root-39136::webapp_internal::fill_grid|6577:: Sending keys: 21/12/2025
2025-12-08 09:28:57,754-DEBUG-root-39136::webapp_internal::wait_blocker|2444:: Waiting blocker to continue...
2025-12-08 09:28:57,907-DEBUG-root-39136::webapp_internal::wait_blocker|2469:: Blocker status: False
2025-12-08 09:29:03,339-DEBUG-root-39136::webapp_internal::wait_blocker|2444:: Waiting blocker to continue...
2025-12-08 09:29:03,470-DEBUG-root-39136::webapp_internal::wait_blocker|2469:: Blocker status: False
2025-12-08 09:29:03,498-DEBUG-root-39136::webapp_internal::wait_blocker|2444:: Waiting blocker to continue...
2025-12-08 09:29:03,637-DEBUG-root-39136::webapp_internal::wait_blocker|2469:: Blocker status: False
2025-12-08 09:29:03,637-DEBUG-root-39136::webapp_internal::send_action|10480:: Trying to send action
2025-12-08 09:29:04,677-DEBUG-root-39136::webapp_internal::send_action|10522:: send_action method result = True
2025-12-08 09:29:04,677-DEBUG-root-39136::webapp_internal::send_action|10523:: send_action selenium status: False
2025-12-08 09:29:04,678-DEBUG-root-39136::webapp_internal::wait_blocker|2444:: Waiting blocker to continue...
2025-12-08 09:29:04,824-DEBUG-root-39136::webapp_internal::wait_blocker|2469:: Blocker status: False
2025-12-08 09:29:04,824-INFO-root-39136::webapp_internal::SetKey|5822:: Key pressed: TAB
2025-12-08 09:29:04,824-DEBUG-root-39136::webapp_internal::SetKey|5857:: Trying press key
2025-12-08 09:29:04,824-DEBUG-root-39136::webapp_internal::wait_element|7623:: Waiting for element
2025-12-08 09:29:04,922-DEBUG-root-39136::webapp_internal::wait_element|7653:: Element found! Waiting for element to be displayed.
2025-12-08 09:29:05,232-DEBUG-root-39136::webapp_internal::wait_blocker|2444:: Waiting blocker to continue...
2025-12-08 09:29:05,361-DEBUG-root-39136::webapp_internal::wait_blocker|2469:: Blocker status: False
2025-12-08 09:29:05,361-INFO-root-39136::webapp_internal::LoadGrid|6298:: Filling grid field: Hora Partida
2025-12-08 09:29:05,361-DEBUG-root-39136::webapp_internal::fill_grid|6399:: Grid loading...
2025-12-08 09:29:05,706-DEBUG-root-39136::webapp_internal::fill_grid|6466:: Column found!
2025-12-08 09:29:05,755-DEBUG-root-39136::base::click|192:: Click Type: ClickType.ACTIONCHAINS
2025-12-08 09:29:11,123-DEBUG-root-39136::webapp_internal::fill_grid|6498:: Trying open cell in grid!
2025-12-08 09:29:11,393-DEBUG-root-39136::webapp_internal::wait_blocker|2444:: Waiting blocker to continue...
2025-12-08 09:29:11,565-DEBUG-root-39136::webapp_internal::wait_blocker|2469:: Blocker status: False
2025-12-08 09:29:11,754-DEBUG-root-39136::webapp_internal::wait_element_timeout|7726:: Element found! Waiting for element to be displayed.
2025-12-08 09:29:12,094-DEBUG-root-39136::webapp_internal::fill_grid|6577:: Sending keys: 08:00
2025-12-08 09:29:12,400-DEBUG-root-39136::webapp_internal::wait_blocker|2444:: Waiting blocker to continue...
2025-12-08 09:29:12,605-DEBUG-root-39136::webapp_internal::wait_blocker|2469:: Blocker status: False
2025-12-08 09:29:18,087-DEBUG-root-39136::webapp_internal::wait_blocker|2444:: Waiting blocker to continue...
2025-12-08 09:29:18,220-DEBUG-root-39136::webapp_internal::wait_blocker|2469:: Blocker status: False
2025-12-08 09:29:18,247-DEBUG-root-39136::webapp_internal::wait_blocker|2444:: Waiting blocker to continue...
2025-12-08 09:29:18,383-DEBUG-root-39136::webapp_internal::wait_blocker|2469:: Blocker status: False
2025-12-08 09:29:18,384-DEBUG-root-39136::webapp_internal::send_action|10480:: Trying to send action
2025-12-08 09:29:19,430-DEBUG-root-39136::webapp_internal::send_action|10522:: send_action method result = True
2025-12-08 09:29:19,430-DEBUG-root-39136::webapp_internal::send_action|10523:: send_action selenium status: False
2025-12-08 09:29:19,430-DEBUG-root-39136::webapp_internal::wait_blocker|2444:: Waiting blocker to continue...
2025-12-08 09:29:19,573-DEBUG-root-39136::webapp_internal::wait_blocker|2469:: Blocker status: False
2025-12-08 09:29:19,573-INFO-root-39136::webapp_internal::SetKey|5822:: Key pressed: TAB
2025-12-08 09:29:19,573-DEBUG-root-39136::webapp_internal::SetKey|5857:: Trying press key
2025-12-08 09:29:19,573-DEBUG-root-39136::webapp_internal::wait_element|7623:: Waiting for element
2025-12-08 09:29:19,673-DEBUG-root-39136::webapp_internal::wait_element|7653:: Element found! Waiting for element to be displayed.
2025-12-08 09:29:19,973-DEBUG-root-39136::webapp_internal::wait_blocker|2444:: Waiting blocker to continue...
2025-12-08 09:29:20,109-DEBUG-root-39136::webapp_internal::wait_blocker|2469:: Blocker status: False
2025-12-08 09:29:20,110-INFO-root-39136::webapp_internal::LoadGrid|6298:: Filling grid field: Origem
2025-12-08 09:29:20,110-DEBUG-root-39136::webapp_internal::fill_grid|6399:: Grid loading...
2025-12-08 09:29:20,450-DEBUG-root-39136::webapp_internal::fill_grid|6466:: Column found!
2025-12-08 09:29:20,488-DEBUG-root-39136::base::click|192:: Click Type: ClickType.ACTIONCHAINS
2025-12-08 09:29:25,872-DEBUG-root-39136::webapp_internal::fill_grid|6498:: Trying open cell in grid!
2025-12-08 09:29:26,165-DEBUG-root-39136::webapp_internal::wait_blocker|2444:: Waiting blocker to continue...
2025-12-08 09:29:26,345-DEBUG-root-39136::webapp_internal::wait_blocker|2469:: Blocker status: False
2025-12-08 09:29:26,539-DEBUG-root-39136::webapp_internal::wait_element_timeout|7726:: Element found! Waiting for element to be displayed.
2025-12-08 09:29:26,891-DEBUG-root-39136::webapp_internal::fill_grid|6577:: Sending keys: DF00108
2025-12-08 09:29:27,198-DEBUG-root-39136::webapp_internal::wait_blocker|2444:: Waiting blocker to continue...
2025-12-08 09:29:27,331-DEBUG-root-39136::webapp_internal::wait_blocker|2469:: Blocker status: False
2025-12-08 09:29:27,494-DEBUG-root-39136::webapp_internal::wait_element_timeout|7726:: Element found! Waiting for element to be displayed.
2025-12-08 09:29:27,947-DEBUG-root-39136::webapp_internal::wait_blocker|2444:: Waiting blocker to continue...
2025-12-08 09:29:28,078-DEBUG-root-39136::webapp_internal::wait_blocker|2469:: Blocker status: False
2025-12-08 09:29:28,105-DEBUG-root-39136::webapp_internal::wait_blocker|2444:: Waiting blocker to continue...
2025-12-08 09:29:28,232-DEBUG-root-39136::webapp_internal::wait_blocker|2469:: Blocker status: False
2025-12-08 09:29:28,232-DEBUG-root-39136::webapp_internal::send_action|10480:: Trying to send action
2025-12-08 09:29:29,271-DEBUG-root-39136::webapp_internal::send_action|10522:: send_action method result = True
2025-12-08 09:29:29,271-DEBUG-root-39136::webapp_internal::send_action|10523:: send_action selenium status: False
2025-12-08 09:29:29,271-DEBUG-root-39136::webapp_internal::wait_blocker|2444:: Waiting blocker to continue...
2025-12-08 09:29:29,411-DEBUG-root-39136::webapp_internal::wait_blocker|2469:: Blocker status: False
2025-12-08 09:29:29,411-INFO-root-39136::webapp_internal::SetKey|5822:: Key pressed: TAB
2025-12-08 09:29:29,411-DEBUG-root-39136::webapp_internal::SetKey|5857:: Trying press key
2025-12-08 09:29:29,411-DEBUG-root-39136::webapp_internal::wait_element|7623:: Waiting for element
2025-12-08 09:29:29,509-DEBUG-root-39136::webapp_internal::wait_element|7653:: Element found! Waiting for element to be displayed.
2025-12-08 09:29:29,765-DEBUG-root-39136::webapp_internal::wait_blocker|2444:: Waiting blocker to continue...
2025-12-08 09:29:29,909-DEBUG-root-39136::webapp_internal::wait_blocker|2469:: Blocker status: False
2025-12-08 09:29:29,909-INFO-root-39136::webapp_internal::LoadGrid|6298:: Filling grid field: Destino
2025-12-08 09:29:29,909-DEBUG-root-39136::webapp_internal::fill_grid|6399:: Grid loading...
2025-12-08 09:29:30,274-DEBUG-root-39136::webapp_internal::fill_grid|6466:: Column found!
2025-12-08 09:29:30,309-DEBUG-root-39136::base::click|192:: Click Type: ClickType.ACTIONCHAINS
2025-12-08 09:29:35,750-DEBUG-root-39136::webapp_internal::fill_grid|6498:: Trying open cell in grid!
2025-12-08 09:29:36,045-DEBUG-root-39136::webapp_internal::wait_blocker|2444:: Waiting blocker to continue...
2025-12-08 09:29:36,230-DEBUG-root-39136::webapp_internal::wait_blocker|2469:: Blocker status: False
2025-12-08 09:29:36,414-DEBUG-root-39136::webapp_internal::wait_element_timeout|7726:: Element found! Waiting for element to be displayed.
2025-12-08 09:29:36,758-DEBUG-root-39136::webapp_internal::fill_grid|6577:: Sending keys: GO08707
2025-12-08 09:29:37,043-DEBUG-root-39136::webapp_internal::wait_blocker|2444:: Waiting blocker to continue...
2025-12-08 09:29:37,178-DEBUG-root-39136::webapp_internal::wait_blocker|2469:: Blocker status: False
2025-12-08 09:29:37,337-DEBUG-root-39136::webapp_internal::wait_element_timeout|7726:: Element found! Waiting for element to be displayed.
2025-12-08 09:29:37,809-DEBUG-root-39136::webapp_internal::wait_blocker|2444:: Waiting blocker to continue...
2025-12-08 09:29:37,949-DEBUG-root-39136::webapp_internal::wait_blocker|2469:: Blocker status: False
2025-12-08 09:29:37,979-DEBUG-root-39136::webapp_internal::wait_blocker|2444:: Waiting blocker to continue...
2025-12-08 09:29:38,108-DEBUG-root-39136::webapp_internal::wait_blocker|2469:: Blocker status: False
2025-12-08 09:29:38,109-DEBUG-root-39136::webapp_internal::send_action|10480:: Trying to send action
2025-12-08 09:29:39,144-DEBUG-root-39136::webapp_internal::send_action|10522:: send_action method result = True
2025-12-08 09:29:39,144-DEBUG-root-39136::webapp_internal::send_action|10523:: send_action selenium status: False
2025-12-08 09:29:39,145-DEBUG-root-39136::webapp_internal::wait_blocker|2444:: Waiting blocker to continue...
2025-12-08 09:29:39,290-DEBUG-root-39136::webapp_internal::wait_blocker|2469:: Blocker status: False
2025-12-08 09:29:39,290-INFO-root-39136::webapp_internal::SetKey|5822:: Key pressed: TAB
2025-12-08 09:29:39,290-DEBUG-root-39136::webapp_internal::SetKey|5857:: Trying press key
2025-12-08 09:29:39,290-DEBUG-root-39136::webapp_internal::wait_element|7623:: Waiting for element
2025-12-08 09:29:39,389-DEBUG-root-39136::webapp_internal::wait_element|7653:: Element found! Waiting for element to be displayed.
2025-12-08 09:29:39,660-DEBUG-root-39136::webapp_internal::wait_blocker|2444:: Waiting blocker to continue...
2025-12-08 09:29:39,784-DEBUG-root-39136::webapp_internal::wait_blocker|2469:: Blocker status: False
2025-12-08 09:29:39,784-INFO-root-39136::webapp_internal::LoadGrid|6298:: Filling grid field: Chegada
2025-12-08 09:29:39,784-DEBUG-root-39136::webapp_internal::fill_grid|6399:: Grid loading...
2025-12-08 09:29:40,165-DEBUG-root-39136::webapp_internal::fill_grid|6466:: Column found!
2025-12-08 09:29:40,208-DEBUG-root-39136::base::click|192:: Click Type: ClickType.ACTIONCHAINS
2025-12-08 09:29:45,647-DEBUG-root-39136::webapp_internal::fill_grid|6498:: Trying open cell in grid!
2025-12-08 09:29:45,942-DEBUG-root-39136::webapp_internal::wait_blocker|2444:: Waiting blocker to continue...
2025-12-08 09:29:46,082-DEBUG-root-39136::webapp_internal::wait_blocker|2469:: Blocker status: False
2025-12-08 09:29:46,277-DEBUG-root-39136::webapp_internal::wait_element_timeout|7726:: Element found! Waiting for element to be displayed.
2025-12-08 09:29:46,612-DEBUG-root-39136::webapp_internal::fill_grid|6577:: Sending keys: 21/12/2025
2025-12-08 09:29:46,913-DEBUG-root-39136::webapp_internal::wait_blocker|2444:: Waiting blocker to continue...
2025-12-08 09:29:47,077-DEBUG-root-39136::webapp_internal::wait_blocker|2469:: Blocker status: False
2025-12-08 09:29:52,529-DEBUG-root-39136::webapp_internal::wait_blocker|2444:: Waiting blocker to continue...
2025-12-08 09:29:52,676-DEBUG-root-39136::webapp_internal::wait_blocker|2469:: Blocker status: False
2025-12-08 09:29:52,703-DEBUG-root-39136::webapp_internal::wait_blocker|2444:: Waiting blocker to continue...
2025-12-08 09:29:52,831-DEBUG-root-39136::webapp_internal::wait_blocker|2469:: Blocker status: False
2025-12-08 09:29:52,831-DEBUG-root-39136::webapp_internal::send_action|10480:: Trying to send action
2025-12-08 09:29:53,874-DEBUG-root-39136::webapp_internal::send_action|10522:: send_action method result = True
2025-12-08 09:29:53,875-DEBUG-root-39136::webapp_internal::send_action|10523:: send_action selenium status: False
2025-12-08 09:29:53,875-DEBUG-root-39136::webapp_internal::wait_blocker|2444:: Waiting blocker to continue...
2025-12-08 09:29:54,013-DEBUG-root-39136::webapp_internal::wait_blocker|2469:: Blocker status: False
2025-12-08 09:29:54,013-INFO-root-39136::webapp_internal::SetKey|5822:: Key pressed: TAB
2025-12-08 09:29:54,013-DEBUG-root-39136::webapp_internal::SetKey|5857:: Trying press key
2025-12-08 09:29:54,013-DEBUG-root-39136::webapp_internal::wait_element|7623:: Waiting for element
2025-12-08 09:29:54,111-DEBUG-root-39136::webapp_internal::wait_element|7653:: Element found! Waiting for element to be displayed.
2025-12-08 09:29:54,371-DEBUG-root-39136::webapp_internal::wait_blocker|2444:: Waiting blocker to continue...
2025-12-08 09:29:54,509-DEBUG-root-39136::webapp_internal::wait_blocker|2469:: Blocker status: False
2025-12-08 09:29:54,510-INFO-root-39136::webapp_internal::LoadGrid|6298:: Filling grid field: Hora Chegada
2025-12-08 09:29:54,510-DEBUG-root-39136::webapp_internal::fill_grid|6399:: Grid loading...
2025-12-08 09:29:54,880-DEBUG-root-39136::webapp_internal::fill_grid|6466:: Column found!
2025-12-08 09:29:54,929-DEBUG-root-39136::base::click|192:: Click Type: ClickType.ACTIONCHAINS
2025-12-08 09:30:00,255-DEBUG-root-39136::webapp_internal::fill_grid|6498:: Trying open cell in grid!
2025-12-08 09:30:00,544-DEBUG-root-39136::webapp_internal::wait_blocker|2444:: Waiting blocker to continue...
2025-12-08 09:30:00,697-DEBUG-root-39136::webapp_internal::wait_blocker|2469:: Blocker status: False
2025-12-08 09:30:00,887-DEBUG-root-39136::webapp_internal::wait_element_timeout|7726:: Element found! Waiting for element to be displayed.
2025-12-08 09:30:01,254-DEBUG-root-39136::webapp_internal::fill_grid|6577:: Sending keys: 12:00
2025-12-08 09:30:01,563-DEBUG-root-39136::webapp_internal::wait_blocker|2444:: Waiting blocker to continue...
2025-12-08 09:30:01,730-DEBUG-root-39136::webapp_internal::wait_blocker|2469:: Blocker status: False
2025-12-08 09:30:07,232-DEBUG-root-39136::webapp_internal::wait_blocker|2444:: Waiting blocker to continue...
2025-12-08 09:30:07,381-DEBUG-root-39136::webapp_internal::wait_blocker|2469:: Blocker status: False
2025-12-08 09:30:07,427-DEBUG-root-39136::webapp_internal::wait_blocker|2444:: Waiting blocker to continue...
2025-12-08 09:30:07,562-DEBUG-root-39136::webapp_internal::wait_blocker|2469:: Blocker status: False
2025-12-08 09:30:07,562-DEBUG-root-39136::webapp_internal::send_action|10480:: Trying to send action
2025-12-08 09:30:08,605-DEBUG-root-39136::webapp_internal::send_action|10522:: send_action method result = True
2025-12-08 09:30:08,606-DEBUG-root-39136::webapp_internal::send_action|10523:: send_action selenium status: False
2025-12-08 09:30:09,107-DEBUG-root-39136::webapp_internal::wait_blocker|2444:: Waiting blocker to continue...
2025-12-08 09:30:09,242-DEBUG-root-39136::webapp_internal::wait_blocker|2469:: Blocker status: False
2025-12-08 09:30:09,242-INFO-root-39136::webapp_internal::SetKey|5822:: Key pressed: DOWN
2025-12-08 09:30:09,242-DEBUG-root-39136::webapp_internal::wait_blocker|2444:: Waiting blocker to continue...
2025-12-08 09:30:09,378-DEBUG-root-39136::webapp_internal::wait_blocker|2469:: Blocker status: False
2025-12-08 09:30:09,378-INFO-root-39136::webapp_internal::SetKey|5822:: Key pressed: TAB
2025-12-08 09:30:09,378-DEBUG-root-39136::webapp_internal::SetKey|5857:: Trying press key
2025-12-08 09:30:09,378-DEBUG-root-39136::webapp_internal::wait_element|7623:: Waiting for element
2025-12-08 09:30:09,474-DEBUG-root-39136::webapp_internal::wait_element|7653:: Element found! Waiting for element to be displayed.
2025-12-08 09:30:09,786-DEBUG-root-39136::webapp_internal::new_grid_line|7014:: New grid line
2025-12-08 09:30:11,324-DEBUG-root-39136::webapp_internal::wait_blocker|2444:: Waiting blocker to continue...
2025-12-08 09:30:11,458-DEBUG-root-39136::webapp_internal::wait_blocker|2469:: Blocker status: False
2025-12-08 09:30:11,458-INFO-root-39136::webapp_internal::LoadGrid|6298:: Filling grid field: Tipo
2025-12-08 09:30:11,459-DEBUG-root-39136::webapp_internal::fill_grid|6399:: Grid loading...
2025-12-08 09:30:11,792-DEBUG-root-39136::webapp_internal::fill_grid|6466:: Column found!
2025-12-08 09:30:11,830-DEBUG-root-39136::base::click|192:: Click Type: ClickType.ACTIONCHAINS
2025-12-08 09:30:17,180-DEBUG-root-39136::webapp_internal::fill_grid|6498:: Trying open cell in grid!
2025-12-08 09:30:17,477-DEBUG-root-39136::webapp_internal::wait_blocker|2444:: Waiting blocker to continue...
2025-12-08 09:30:17,631-DEBUG-root-39136::webapp_internal::wait_blocker|2469:: Blocker status: False
2025-12-08 09:30:17,817-DEBUG-root-39136::webapp_internal::wait_element_timeout|7726:: Element found! Waiting for element to be displayed.
2025-12-08 09:30:18,296-DEBUG-root-39136::webapp_internal::wait_blocker|2444:: Waiting blocker to continue...
2025-12-08 09:30:18,427-DEBUG-root-39136::webapp_internal::wait_blocker|2469:: Blocker status: False
2025-12-08 09:30:18,454-DEBUG-root-39136::webapp_internal::wait_blocker|2444:: Waiting blocker to continue...
2025-12-08 09:30:18,629-DEBUG-root-39136::webapp_internal::wait_blocker|2469:: Blocker status: False
2025-12-08 09:30:18,630-DEBUG-root-39136::webapp_internal::send_action|10480:: Trying to send action
2025-12-08 09:30:19,670-DEBUG-root-39136::webapp_internal::send_action|10522:: send_action method result = True
2025-12-08 09:30:19,670-DEBUG-root-39136::webapp_internal::send_action|10523:: send_action selenium status: False
2025-12-08 09:30:19,670-DEBUG-root-39136::webapp_internal::wait_blocker|2444:: Waiting blocker to continue...
2025-12-08 09:30:19,805-DEBUG-root-39136::webapp_internal::wait_blocker|2469:: Blocker status: False
2025-12-08 09:30:19,805-INFO-root-39136::webapp_internal::SetKey|5822:: Key pressed: TAB
2025-12-08 09:30:19,805-DEBUG-root-39136::webapp_internal::SetKey|5857:: Trying press key
2025-12-08 09:30:19,805-DEBUG-root-39136::webapp_internal::wait_element|7623:: Waiting for element
2025-12-08 09:30:19,926-DEBUG-root-39136::webapp_internal::wait_element|7653:: Element found! Waiting for element to be displayed.
2025-12-08 09:30:20,206-DEBUG-root-39136::webapp_internal::wait_blocker|2444:: Waiting blocker to continue...
2025-12-08 09:30:20,337-DEBUG-root-39136::webapp_internal::wait_blocker|2469:: Blocker status: False
2025-12-08 09:30:20,337-INFO-root-39136::webapp_internal::LoadGrid|6298:: Filling grid field: Partida
2025-12-08 09:30:20,337-DEBUG-root-39136::webapp_internal::fill_grid|6399:: Grid loading...
2025-12-08 09:30:20,679-DEBUG-root-39136::webapp_internal::fill_grid|6466:: Column found!
2025-12-08 09:30:20,722-DEBUG-root-39136::base::click|192:: Click Type: ClickType.ACTIONCHAINS
2025-12-08 09:30:26,028-DEBUG-root-39136::webapp_internal::fill_grid|6498:: Trying open cell in grid!
2025-12-08 09:30:26,325-DEBUG-root-39136::webapp_internal::wait_blocker|2444:: Waiting blocker to continue...
2025-12-08 09:30:26,477-DEBUG-root-39136::webapp_internal::wait_blocker|2469:: Blocker status: False
2025-12-08 09:30:26,682-DEBUG-root-39136::webapp_internal::wait_element_timeout|7726:: Element found! Waiting for element to be displayed.
2025-12-08 09:30:27,066-DEBUG-root-39136::webapp_internal::fill_grid|6577:: Sending keys: 28/12/2025
2025-12-08 09:30:27,379-DEBUG-root-39136::webapp_internal::wait_blocker|2444:: Waiting blocker to continue...
2025-12-08 09:30:27,541-DEBUG-root-39136::webapp_internal::wait_blocker|2469:: Blocker status: False
2025-12-08 09:30:27,709-DEBUG-root-39136::webapp_internal::wait_element_timeout|7726:: Element found! Waiting for element to be displayed.
2025-12-08 09:30:38,055-DEBUG-root-39136::webapp_internal::fill_grid|6634:: Consider using the waithide and setkey('ESC') method because the input can remain selected.
2025-12-08 09:31:13,398-DEBUG-root-39136::webapp_internal::wait_blocker|2444:: Waiting blocker to continue...
2025-12-08 09:31:13,565-DEBUG-root-39136::webapp_internal::wait_blocker|2469:: Blocker status: False
2025-12-08 09:31:13,600-DEBUG-root-39136::webapp_internal::wait_blocker|2444:: Waiting blocker to continue...
2025-12-08 09:31:13,754-DEBUG-root-39136::webapp_internal::wait_blocker|2469:: Blocker status: False
2025-12-08 09:31:13,754-DEBUG-root-39136::webapp_internal::send_action|10480:: Trying to send action
2025-12-08 09:31:14,799-DEBUG-root-39136::webapp_internal::send_action|10522:: send_action method result = True
2025-12-08 09:31:14,799-DEBUG-root-39136::webapp_internal::send_action|10523:: send_action selenium status: False
2025-12-08 09:31:14,800-DEBUG-root-39136::webapp_internal::wait_blocker|2444:: Waiting blocker to continue...
2025-12-08 09:31:14,978-DEBUG-root-39136::webapp_internal::wait_blocker|2469:: Blocker status: False
2025-12-08 09:31:14,978-INFO-root-39136::webapp_internal::SetKey|5822:: Key pressed: TAB
2025-12-08 09:31:14,978-DEBUG-root-39136::webapp_internal::SetKey|5857:: Trying press key
2025-12-08 09:31:14,978-DEBUG-root-39136::webapp_internal::wait_element|7623:: Waiting for element
2025-12-08 09:31:15,047-WARNING-root-39136::webapp_internal::log_error|8143:: Warning log_error <b>Help: </b>Partida<br><br><br><b>Problema: </b> Data de partida deve ser menor ou igual que a data de chegada. <b>Solução: </b><br>
2025-12-08 09:31:15,047-DEBUG-root-39136::webapp_internal::log_error|8146:: ***System Info*** in log_error():
2025-12-08 09:31:15,048-DEBUG-root-39136::psutil_info::system_info|5:: CPU USAGE: 9.2%
2025-12-08 09:31:15,048-DEBUG-root-39136::psutil_info::system_info|6:: MEMORY USAGE: 87.2%
2025-12-08 09:31:15,048-DEBUG-root-39136::psutil_info::system_info|7:: MEMORY AVAILABLE: 12.83%
2025-12-08 09:31:15,063-DEBUG-root-39136::log::take_screenshot_log|612:: take_screenshot_log in:2025-12-08 09:31:15.063284

2025-12-08 09:31:15,165-DEBUG-root-39136::log::take_screenshot_log|627:: Screenshot file created successfully: Log\GESIT03\97137227104_20251208093115063_Viagem -_test_Cadastro_Orcamento_Viagem.png
2025-12-08 09:31:16,175-DEBUG-root-39136::log::checks_empty_line|221:: Checking empty default log info
2025-12-08 09:31:16,179-DEBUG-root-39136::log::generate_log|503:: Json log_data: {'cLogDtExec': '08/12/2025 09:31:16', 'cLogNomUsr': '97137227104', 'cLogNomEst': 'GESIT03', 'cLogProgra': None, 'cLogDtProg': '', 'cLogHrProg': '', 'nLogCtsOk': 0, 'nLogCtsNok': 1, 'nLogCtsSeg': 298.69, 'cLogVersao': '12', 'cLogReleas': '12.1.2410', 'nLogCtsErr': 'Viagem - <b>Help: </b>Partida<br><br><br><b>Problema: </b> Data de partida deve ser menor ou igual que a data de chegada. <b>Solução: </b><br>', 'cLogBancod': 'ORACLE', 'cLogIdenti': '', 'cLogIdExec': '20251208', 'cLogPais': 'BRA', 'cLogTool': 'TIR', 'cLogSequen': 'b72c0f', 'nLogCtsTot': 1, 'cLogDtExea': '08/12/2025', 'cLogHrExea': '09:31:16', 'cLogArea': 'Desenvolvimento', 'cLogMnExec': 4.978166666666667}
2025-12-08 09:31:16,179-INFO-root-39136::log::send_log_with_retries|515:: Saving log locally.
2025-12-08 09:31:16,179-INFO-root-39136::log::save_log_locally|548:: [FwSendLog]: Não foi possível enviar o log após todas as tentativas.
2025-12-08 09:31:16,180-INFO-root-39136::log::save_log_locally|555:: [FwSendLog]: Log salvo localmente em C:\TIR_TESTE\1765197076.json.
2025-12-08 09:31:17,039-ERROR-root-39136::webapp_internal::SetKey|5901:: False is not true : Viagem - <b>Help: </b>Partida<br><br><br><b>Problema: </b> Data de partida deve ser menor ou igual que a data de chegada. <b>Solução: </b><br>
Traceback (most recent call last):
  File "C:\TIR_TESTE\venv\Lib\site-packages\tir\technologies\webapp_internal.py", line 5861, in SetKey
    self.LoadGrid()
  File "C:\TIR_TESTE\venv\Lib\site-packages\tir\technologies\webapp_internal.py", line 6284, in LoadGrid
    self.wait_element(term=selector, scrap_type=enum.ScrapType.CSS_SELECTOR)
  File "C:\TIR_TESTE\venv\Lib\site-packages\tir\technologies\webapp_internal.py", line 7626, in wait_element
    while (not self.element_exists(term, scrap_type, position, optional_term, main_container, check_error, twebview, second_term) and time.time() < endtime):
               ^^^^^^^^^^^^^^^^^^^^^^^^^^^^^^^^^^^^^^^^^^^^^^^^^^^^^^^^^^^^^^^^^^^^^^^^^^^^^^^^^^^^^^^^^^^^^^^^^^^^^^^^^^^^^^^^^^
  File "C:\TIR_TESTE\venv\Lib\site-packages\tir\technologies\webapp_internal.py", line 4079, in element_exists
    self.search_for_errors()
  File "C:\TIR_TESTE\venv\Lib\site-packages\tir\technologies\webapp_internal.py", line 3970, in search_for_errors
    self.log_error(message)
  File "C:\TIR_TESTE\venv\Lib\site-packages\tir\technologies\webapp_internal.py", line 8206, in log_error
    self.assertTrue(False, log_message)
  File "C:\Users\97137227104\AppData\Local\Programs\Python\Python312\Lib\unittest\case.py", line 727, in assertTrue
    raise self.failureException(msg)
AssertionError: False is not true : Viagem - <b>Help: </b>Partida<br><br><br><b>Problema: </b> Data de partida deve ser menor ou igual que a data de chegada. <b>Solução: </b><br>
2025-12-08 09:31:17,040-DEBUG-root-39136::webapp_internal::wait_blocker|2444:: Waiting blocker to continue...
2025-12-08 09:31:17,043-DEBUG-root-39136::webapp_internal::wait_blocker|2469:: Blocker status: None
2025-12-08 09:31:17,043-INFO-root-39136::webapp_internal::SetKey|5822:: Key pressed: TAB
2025-12-08 09:31:17,043-DEBUG-root-39136::webapp_internal::SetKey|5857:: Trying press key
2025-12-08 09:31:17,043-DEBUG-root-39136::webapp_internal::wait_element|7623:: Waiting for element
2025-12-08 09:31:17,045-WARNING-root-39136::webapp_internal::log_error|8143:: Warning log_error SetKey - Screen is not load: Message: Tried to run command without establishing a connection

2025-12-08 09:31:17,045-DEBUG-root-39136::webapp_internal::log_error|8146:: ***System Info*** in log_error():
2025-12-08 09:31:17,045-DEBUG-root-39136::psutil_info::system_info|5:: CPU USAGE: 16.4%
2025-12-08 09:31:17,045-DEBUG-root-39136::psutil_info::system_info|6:: MEMORY USAGE: 79.3%
2025-12-08 09:31:17,046-DEBUG-root-39136::psutil_info::system_info|7:: MEMORY AVAILABLE: 20.74%
2025-12-08 09:31:17,064-ERROR-root-39136::webapp_internal::log_error|8181:: Warning Log Error Close Message: Tried to run command without establishing a connection
Traceback (most recent call last):
  File "C:\TIR_TESTE\venv\Lib\site-packages\tir\technologies\core\base.py", line 501, in get_current_DOM
    self.driver.switch_to.default_content()
  File "C:\TIR_TESTE\venv\Lib\site-packages\selenium\webdriver\remote\switch_to.py", line 69, in default_content
    self._driver.execute(Command.SWITCH_TO_FRAME, {"id": None})
  File "C:\TIR_TESTE\venv\Lib\site-packages\selenium\webdriver\remote\webdriver.py", line 347, in execute
    self.error_handler.check_response(response)
  File "C:\TIR_TESTE\venv\Lib\site-packages\selenium\webdriver\remote\errorhandler.py", line 229, in check_response
    raise exception_class(message, screen, stacktrace)
selenium.common.exceptions.InvalidSessionIdException: Message: Tried to run command without establishing a connection


During handling of the above exception, another exception occurred:

Traceback (most recent call last):
  File "C:\TIR_TESTE\venv\Lib\site-packages\tir\technologies\webapp_internal.py", line 5861, in SetKey
    self.LoadGrid()
  File "C:\TIR_TESTE\venv\Lib\site-packages\tir\technologies\webapp_internal.py", line 6284, in LoadGrid
    self.wait_element(term=selector, scrap_type=enum.ScrapType.CSS_SELECTOR)
  File "C:\TIR_TESTE\venv\Lib\site-packages\tir\technologies\webapp_internal.py", line 7626, in wait_element
    while (not self.element_exists(term, scrap_type, position, optional_term, main_container, check_error, twebview, second_term) and time.time() < endtime):
               ^^^^^^^^^^^^^^^^^^^^^^^^^^^^^^^^^^^^^^^^^^^^^^^^^^^^^^^^^^^^^^^^^^^^^^^^^^^^^^^^^^^^^^^^^^^^^^^^^^^^^^^^^^^^^^^^^^
  File "C:\TIR_TESTE\venv\Lib\site-packages\tir\technologies\webapp_internal.py", line 4073, in element_exists
    soup = self.get_current_DOM(twebview=twebview)
           ^^^^^^^^^^^^^^^^^^^^^^^^^^^^^^^^^^^^^^^
  File "C:\TIR_TESTE\venv\Lib\site-packages\tir\technologies\core\base.py", line 538, in get_current_DOM
    self.driver.switch_to.default_content()
  File "C:\TIR_TESTE\venv\Lib\site-packages\selenium\webdriver\remote\switch_to.py", line 69, in default_content
    self._driver.execute(Command.SWITCH_TO_FRAME, {"id": None})
  File "C:\TIR_TESTE\venv\Lib\site-packages\selenium\webdriver\remote\webdriver.py", line 347, in execute
    self.error_handler.check_response(response)
  File "C:\TIR_TESTE\venv\Lib\site-packages\selenium\webdriver\remote\errorhandler.py", line 229, in check_response
    raise exception_class(message, screen, stacktrace)
selenium.common.exceptions.InvalidSessionIdException: Message: Tried to run command without establishing a connection


During handling of the above exception, another exception occurred:

Traceback (most recent call last):
  File "C:\TIR_TESTE\venv\Lib\site-packages\tir\technologies\webapp_internal.py", line 8179, in log_error
    self.driver.close()
  File "C:\TIR_TESTE\venv\Lib\site-packages\selenium\webdriver\remote\webdriver.py", line 458, in close
    self.execute(Command.CLOSE)
  File "C:\TIR_TESTE\venv\Lib\site-packages\selenium\webdriver\remote\webdriver.py", line 347, in execute
    self.error_handler.check_response(response)
  File "C:\TIR_TESTE\venv\Lib\site-packages\selenium\webdriver\remote\errorhandler.py", line 229, in check_response
    raise exception_class(message, screen, stacktrace)
selenium.common.exceptions.InvalidSessionIdException: Message: Tried to run command without establishing a connection

2025-12-08 09:31:17,617-ERROR-root-39136::webapp_internal::TearDown|9654:: Warning tearDown Close Message: Tried to run command without establishing a connection
Traceback (most recent call last):
  File "C:\TIR_TESTE\venv\Lib\site-packages\tir\technologies\webapp_internal.py", line 9652, in TearDown
    self.driver.close()
  File "C:\TIR_TESTE\venv\Lib\site-packages\selenium\webdriver\remote\webdriver.py", line 458, in close
    self.execute(Command.CLOSE)
  File "C:\TIR_TESTE\venv\Lib\site-packages\selenium\webdriver\remote\webdriver.py", line 347, in execute
    self.error_handler.check_response(response)
  File "C:\TIR_TESTE\venv\Lib\site-packages\selenium\webdriver\remote\errorhandler.py", line 229, in check_response
    raise exception_class(message, screen, stacktrace)
selenium.common.exceptions.InvalidSessionIdException: Message: Tried to run command without establishing a connection

2025-12-08 09:26:16,495-DEBUG-root-39136::logging_config::logger|189:: Log file created: 'Log\GESIT03\TIR__20251208092616490.log'
2025-12-08 09:26:16,496-INFO-root-39136::base::Start|1183:: TIR Version: 2.4.3
2025-12-08 09:26:16,496-INFO-root-39136::base::Start|1184:: Python Version: 3.12.10
2025-12-08 09:26:16,496-INFO-root-39136::base::Start|1185:: Starting the browser
2025-12-08 09:26:23,862-INFO-root-39136::base::get_url|1294:: Page is ready!
2025-12-08 09:26:23,875-INFO-root-39136::base::Start|1256:: Browser maximized to 1936x1048
2025-12-08 09:26:23,875-INFO-root-39136::base::Start|1258:: Screen size is different from default used in headless mode
2025-12-08 09:26:24,038-INFO-root-39136::webapp_internal::Setup|247:: ***System Info*** in Setup():
2025-12-08 09:26:24,039-DEBUG-root-39136::psutil_info::system_info|5:: CPU USAGE: 16.2%
2025-12-08 09:26:24,040-DEBUG-root-39136::psutil_info::system_info|6:: MEMORY USAGE: 87.3%
2025-12-08 09:26:24,040-DEBUG-root-39136::psutil_info::system_info|7:: MEMORY AVAILABLE: 12.67%
2025-12-08 09:26:24,114-INFO-root-39136::base::webapp_shadowroot|1394:: Webapp: 10.1.6-RC4
2025-12-08 09:26:24,390-INFO-root-39136::webapp_internal::filling_initial_program|449:: Filling Initial Program: "SIGAMDI"
2025-12-08 09:26:24,390-DEBUG-root-39136::webapp_internal::wait_element|7623:: Waiting for element
2025-12-08 09:26:24,579-DEBUG-root-39136::webapp_internal::wait_element|7653:: Element found! Waiting for element to be displayed.
2025-12-08 09:26:24,731-DEBUG-root-39136::base::click|192:: Click Type: ClickType.JS
2025-12-08 09:26:24,735-DEBUG-root-39136::webapp_internal::try_send_keys|7976:: Trying to send keys to element using technique 0
2025-12-08 09:26:25,066-DEBUG-root-39136::webapp_internal::get_web_value|3232:: Current value: SIGAMDI
2025-12-08 09:26:25,066-INFO-root-39136::webapp_internal::filling_server_environment|463:: Filling Server Environment: "POUPEX_TST"
2025-12-08 09:26:25,067-DEBUG-root-39136::webapp_internal::wait_element|7623:: Waiting for element
2025-12-08 09:26:25,089-DEBUG-root-39136::webapp_internal::wait_element|7653:: Element found! Waiting for element to be displayed.
2025-12-08 09:26:25,248-DEBUG-root-39136::base::click|192:: Click Type: ClickType.JS
2025-12-08 09:26:25,253-DEBUG-root-39136::webapp_internal::try_send_keys|7976:: Trying to send keys to element using technique 0
2025-12-08 09:26:25,563-DEBUG-root-39136::webapp_internal::get_web_value|3232:: Current value: POUPEX_TST
2025-12-08 09:26:25,584-DEBUG-root-39136::base::click|192:: Click Type: ClickType.JS
2025-12-08 09:26:25,596-DEBUG-root-39136::webapp_internal::user_screen|519:: Filling user screen
2025-12-08 09:26:31,664-DEBUG-root-39136::webapp_internal::wait_element_timeout|7726:: Element found! Waiting for element to be displayed.
2025-12-08 09:26:31,713-DEBUG-root-39136::base::scroll_to_element|759:: ********Warining scroll_to_element exception: Message: TypeError: can't access property "scrollIntoView", arguments[0] is null
Stacktrace:
@https://qasrverp:10020/webapp/:2:7
@https://qasrverp:10020/webapp/:3:8
*********
2025-12-08 09:26:31,877-INFO-root-39136::webapp_internal::user_screen|561:: Filling User
2025-12-08 09:26:31,902-DEBUG-root-39136::base::double_click|259:: Click Type: ClickType.SELENIUM
2025-12-08 09:26:32,082-DEBUG-root-39136::webapp_internal::get_web_value|3232:: Current value: 97137227104
2025-12-08 09:26:32,102-INFO-root-39136::webapp_internal::user_screen|621:: Filling Password
2025-12-08 09:26:32,123-DEBUG-root-39136::base::click|192:: Click Type: ClickType.JS
2025-12-08 09:26:32,190-DEBUG-root-39136::webapp_internal::get_web_value|3232:: Current value: Val20221080080094+
2025-12-08 09:26:32,190-DEBUG-root-39136::webapp_internal::wait_blocker|2444:: Waiting blocker to continue...
2025-12-08 09:26:32,227-DEBUG-root-39136::webapp_internal::wait_blocker|2469:: Blocker status: None
2025-12-08 09:26:32,259-DEBUG-root-39136::webapp_internal::wait_blocker|2444:: Waiting blocker to continue...
2025-12-08 09:26:32,287-DEBUG-root-39136::webapp_internal::wait_blocker|2469:: Blocker status: None
2025-12-08 09:26:32,327-DEBUG-root-39136::webapp_internal::wait_blocker|2444:: Waiting blocker to continue...
2025-12-08 09:26:32,354-DEBUG-root-39136::webapp_internal::wait_blocker|2469:: Blocker status: None
2025-12-08 09:26:32,354-DEBUG-root-39136::webapp_internal::send_action|10480:: Trying to send action
2025-12-08 09:26:32,361-DEBUG-root-39136::base::click|192:: Click Type: ClickType.JS
2025-12-08 09:26:33,403-DEBUG-root-39136::webapp_internal::send_action|10522:: send_action method result = True
2025-12-08 09:26:33,403-DEBUG-root-39136::webapp_internal::send_action|10523:: send_action selenium status: False
2025-12-08 09:26:35,756-DEBUG-root-39136::base::scroll_to_element|759:: ********Warining scroll_to_element exception: Message: TypeError: can't access property "scrollIntoView", arguments[0] is null
Stacktrace:
@https://qasrverp:10020/webapp/:2:7
@https://qasrverp:10020/webapp/:3:8
*********
2025-12-08 09:26:35,807-INFO-root-39136::webapp_internal::filling_date|885:: Filling Date: "08/12/2025"
2025-12-08 09:26:35,807-DEBUG-root-39136::webapp_internal::wait_blocker|2444:: Waiting blocker to continue...
2025-12-08 09:26:35,842-DEBUG-root-39136::webapp_internal::wait_blocker|2469:: Blocker status: None
2025-12-08 09:26:35,845-DEBUG-root-39136::base::click|192:: Click Type: ClickType.JS
2025-12-08 09:26:35,861-DEBUG-root-39136::webapp_internal::try_send_keys|7976:: Trying to send keys to element using technique 1
2025-12-08 09:26:35,932-DEBUG-root-39136::webapp_internal::get_web_value|3232:: Current value: 08/12/2025
2025-12-08 09:26:37,021-INFO-root-39136::webapp_internal::filling_group|955:: Filling Group: "02"
2025-12-08 09:26:37,022-DEBUG-root-39136::webapp_internal::wait_blocker|2444:: Waiting blocker to continue...
2025-12-08 09:26:37,054-DEBUG-root-39136::webapp_internal::wait_blocker|2469:: Blocker status: None
2025-12-08 09:26:37,056-DEBUG-root-39136::base::click|192:: Click Type: ClickType.JS
2025-12-08 09:26:37,108-DEBUG-root-39136::webapp_internal::get_web_value|3232:: Current value: 02
2025-12-08 09:26:38,170-INFO-root-39136::webapp_internal::filling_branch|1047:: Filling Branch: "02DF0001"
2025-12-08 09:26:38,170-DEBUG-root-39136::webapp_internal::wait_blocker|2444:: Waiting blocker to continue...
2025-12-08 09:26:38,203-DEBUG-root-39136::webapp_internal::wait_blocker|2469:: Blocker status: None
2025-12-08 09:26:38,205-DEBUG-root-39136::base::click|192:: Click Type: ClickType.JS
2025-12-08 09:26:38,256-DEBUG-root-39136::webapp_internal::get_web_value|3232:: Current value: 02DF0001
2025-12-08 09:26:39,332-INFO-root-39136::webapp_internal::filling_environment|1113:: Filling Environment: "07"
2025-12-08 09:26:39,332-DEBUG-root-39136::webapp_internal::wait_blocker|2444:: Waiting blocker to continue...
2025-12-08 09:26:39,365-DEBUG-root-39136::webapp_internal::wait_blocker|2469:: Blocker status: None
2025-12-08 09:26:39,369-DEBUG-root-39136::base::click|192:: Click Type: ClickType.JS
2025-12-08 09:26:39,416-DEBUG-root-39136::webapp_internal::get_web_value|3232:: Current value: 07
2025-12-08 09:26:40,426-DEBUG-root-39136::webapp_internal::close_warning_screen|1489:: Closing warning screen!
2025-12-08 09:26:41,457-DEBUG-root-39136::webapp_internal::check_screen_element|1291:: Checking screen element: "Atenção": False
2025-12-08 09:26:42,555-INFO-root-39136::webapp_internal::environment_screen|796:: Clicking on Button
2025-12-08 09:26:42,555-DEBUG-root-39136::webapp_internal::wait_blocker|2444:: Waiting blocker to continue...
2025-12-08 09:26:42,611-DEBUG-root-39136::webapp_internal::wait_blocker|2469:: Blocker status: None
2025-12-08 09:26:42,613-DEBUG-root-39136::base::click|192:: Click Type: ClickType.JS
2025-12-08 09:26:43,629-DEBUG-root-39136::base::click|192:: Click Type: ClickType.JS
2025-12-08 09:26:44,635-DEBUG-root-39136::base::click|192:: Click Type: ClickType.JS
2025-12-08 09:26:45,644-DEBUG-root-39136::base::click|192:: Click Type: ClickType.JS
2025-12-08 09:26:46,652-DEBUG-root-39136::base::click|192:: Click Type: ClickType.JS
2025-12-08 09:26:47,659-DEBUG-root-39136::base::click|192:: Click Type: ClickType.JS
2025-12-08 09:26:48,665-DEBUG-root-39136::webapp_internal::close_screen_before_menu|368:: Closing screen before the menu
2025-12-08 09:26:48,710-DEBUG-root-39136::webapp_internal::close_warning_screen|1489:: Closing warning screen!
2025-12-08 09:26:49,749-DEBUG-root-39136::webapp_internal::check_screen_element|1291:: Checking screen element: "Atenção": False
2025-12-08 09:26:49,749-DEBUG-root-39136::webapp_internal::close_coin_screen|1424:: Closing coin screen!
2025-12-08 09:26:50,318-DEBUG-root-39136::base::click|192:: Click Type: ClickType.JS
2025-12-08 09:26:50,375-DEBUG-root-39136::webapp_internal::close_warning_screen|1489:: Closing warning screen!
2025-12-08 09:26:51,567-DEBUG-root-39136::webapp_internal::check_screen_element|1291:: Checking screen element: "Atenção": False
2025-12-08 09:26:51,567-DEBUG-root-39136::webapp_internal::close_coin_screen|1424:: Closing coin screen!
2025-12-08 09:26:52,005-INFO-root-39136::webapp_internal::set_log_info|1623:: Getting log info
2025-12-08 09:26:52,005-INFO-root-39136::webapp_internal::SetLateralMenu|4184:: Navigating lateral menu: Ajuda > Sobre
2025-12-08 09:26:52,016-DEBUG-root-39136::webapp_internal::wait_element|7623:: Waiting for element
2025-12-08 09:26:52,088-DEBUG-root-39136::webapp_internal::wait_element|7653:: Element found! Waiting for element to be displayed.
2025-12-08 09:26:52,370-INFO-root-39136::webapp_internal::SetLateralMenu|4203:: Menu item: "Ajuda"
2025-12-08 09:26:52,371-DEBUG-root-39136::webapp_internal::wait_blocker|2444:: Waiting blocker to continue...
2025-12-08 09:26:52,444-DEBUG-root-39136::webapp_internal::wait_blocker|2469:: Blocker status: False
2025-12-08 09:26:52,883-DEBUG-root-39136::webapp_internal::wait_element_timeout|7726:: Element found! Waiting for element to be displayed.
2025-12-08 09:26:53,235-DEBUG-root-39136::webapp_internal::wait_blocker|2444:: Waiting blocker to continue...
2025-12-08 09:26:53,304-DEBUG-root-39136::webapp_internal::wait_blocker|2469:: Blocker status: False
2025-12-08 09:26:55,602-INFO-root-39136::webapp_internal::SetLateralMenu|4203:: Menu item: "Sobre"
2025-12-08 09:26:55,603-DEBUG-root-39136::webapp_internal::wait_blocker|2444:: Waiting blocker to continue...
2025-12-08 09:26:55,669-DEBUG-root-39136::webapp_internal::wait_blocker|2469:: Blocker status: False
2025-12-08 09:26:56,085-DEBUG-root-39136::webapp_internal::wait_element_timeout|7726:: Element found! Waiting for element to be displayed.
2025-12-08 09:26:56,450-DEBUG-root-39136::webapp_internal::wait_blocker|2444:: Waiting blocker to continue...
2025-12-08 09:26:56,514-DEBUG-root-39136::webapp_internal::wait_blocker|2469:: Blocker status: False
2025-12-08 09:26:59,136-DEBUG-root-39136::webapp_internal::wait_blocker|2444:: Waiting blocker to continue...
2025-12-08 09:26:59,229-DEBUG-root-39136::webapp_internal::wait_blocker|2469:: Blocker status: False
2025-12-08 09:26:59,295-DEBUG-root-39136::webapp_internal::wait_element|7623:: Waiting for element
2025-12-08 09:26:59,335-DEBUG-root-39136::webapp_internal::wait_element|7653:: Element found! Waiting for element to be displayed.
2025-12-08 09:26:59,504-INFO-root-39136::webapp_internal::SetButton|4444:: Clicking on Fechar
2025-12-08 09:26:59,505-DEBUG-root-39136::webapp_internal::wait_blocker|2444:: Waiting blocker to continue...
2025-12-08 09:26:59,569-DEBUG-root-39136::webapp_internal::wait_blocker|2469:: Blocker status: False
2025-12-08 09:26:59,745-DEBUG-root-39136::webapp_internal::wait_element_timeout|7726:: Element found! Waiting for element to be displayed.
2025-12-08 09:26:59,813-DEBUG-root-39136::webapp_internal::SetButton|4481:: ***System Info*** Before Clicking on button:Fechar
2025-12-08 09:26:59,814-DEBUG-root-39136::psutil_info::system_info|5:: CPU USAGE: 9.0%
2025-12-08 09:26:59,814-DEBUG-root-39136::psutil_info::system_info|6:: MEMORY USAGE: 87.8%
2025-12-08 09:26:59,814-DEBUG-root-39136::psutil_info::system_info|7:: MEMORY AVAILABLE: 12.16%
2025-12-08 09:26:59,977-DEBUG-root-39136::webapp_internal::wait_element_timeout|7726:: Element found! Waiting for element to be displayed.
2025-12-08 09:27:00,120-DEBUG-root-39136::webapp_internal::wait_blocker|2444:: Waiting blocker to continue...
2025-12-08 09:27:00,194-DEBUG-root-39136::webapp_internal::wait_blocker|2469:: Blocker status: False
2025-12-08 09:27:00,212-DEBUG-root-39136::webapp_internal::wait_blocker|2444:: Waiting blocker to continue...
2025-12-08 09:27:00,281-DEBUG-root-39136::webapp_internal::wait_blocker|2469:: Blocker status: False
2025-12-08 09:27:00,283-DEBUG-root-39136::webapp_internal::send_action|10480:: Trying to send action
2025-12-08 09:27:00,285-DEBUG-root-39136::base::click|192:: Click Type: ClickType.JS
2025-12-08 09:27:01,314-DEBUG-root-39136::webapp_internal::send_action|10522:: send_action method result = True
2025-12-08 09:27:01,314-DEBUG-root-39136::webapp_internal::send_action|10523:: send_action selenium status: False
2025-12-08 09:27:01,314-DEBUG-root-39136::webapp_internal::SetButton|4683:: ***System Info*** After Clicking on button:
2025-12-08 09:27:01,314-DEBUG-root-39136::psutil_info::system_info|5:: CPU USAGE: 9.1%
2025-12-08 09:27:01,315-DEBUG-root-39136::psutil_info::system_info|6:: MEMORY USAGE: 87.9%
2025-12-08 09:27:01,315-DEBUG-root-39136::psutil_info::system_info|7:: MEMORY AVAILABLE: 12.11%
2025-12-08 09:27:01,315-DEBUG-root-39136::webapp_internal::wait_element|7623:: Waiting for element
2025-12-08 09:27:01,402-INFO-root-39136::webapp_internal::SetLateralMenu|4184:: Navigating lateral menu: Atualizações > Gestao de Viagens > Solicitações
2025-12-08 09:27:01,411-DEBUG-root-39136::webapp_internal::wait_element|7623:: Waiting for element
2025-12-08 09:27:01,451-DEBUG-root-39136::webapp_internal::wait_element|7653:: Element found! Waiting for element to be displayed.
2025-12-08 09:27:01,618-INFO-root-39136::webapp_internal::SetLateralMenu|4203:: Menu item: "Atualizações"
2025-12-08 09:27:01,618-DEBUG-root-39136::webapp_internal::wait_blocker|2444:: Waiting blocker to continue...
2025-12-08 09:27:01,683-DEBUG-root-39136::webapp_internal::wait_blocker|2469:: Blocker status: False
2025-12-08 09:27:02,134-DEBUG-root-39136::webapp_internal::wait_element_timeout|7726:: Element found! Waiting for element to be displayed.
2025-12-08 09:27:02,579-DEBUG-root-39136::webapp_internal::wait_blocker|2444:: Waiting blocker to continue...
2025-12-08 09:27:02,649-DEBUG-root-39136::webapp_internal::wait_blocker|2469:: Blocker status: False
2025-12-08 09:27:04,924-INFO-root-39136::webapp_internal::SetLateralMenu|4203:: Menu item: "Gestao de Viagens"
2025-12-08 09:27:04,924-DEBUG-root-39136::webapp_internal::wait_blocker|2444:: Waiting blocker to continue...
2025-12-08 09:27:05,011-DEBUG-root-39136::webapp_internal::wait_blocker|2469:: Blocker status: False
2025-12-08 09:27:05,738-DEBUG-root-39136::webapp_internal::wait_element_timeout|7726:: Element found! Waiting for element to be displayed.
2025-12-08 09:27:06,481-DEBUG-root-39136::webapp_internal::wait_blocker|2444:: Waiting blocker to continue...
2025-12-08 09:27:06,600-DEBUG-root-39136::webapp_internal::wait_blocker|2469:: Blocker status: False
2025-12-08 09:27:08,888-INFO-root-39136::webapp_internal::SetLateralMenu|4203:: Menu item: "Solicitações"
2025-12-08 09:27:08,888-DEBUG-root-39136::webapp_internal::wait_blocker|2444:: Waiting blocker to continue...
2025-12-08 09:27:08,964-DEBUG-root-39136::webapp_internal::wait_blocker|2469:: Blocker status: False
2025-12-08 09:27:09,827-DEBUG-root-39136::webapp_internal::wait_element_timeout|7726:: Element found! Waiting for element to be displayed.
2025-12-08 09:27:10,895-DEBUG-root-39136::webapp_internal::wait_blocker|2444:: Waiting blocker to continue...
2025-12-08 09:27:10,970-DEBUG-root-39136::webapp_internal::wait_blocker|2469:: Blocker status: False
2025-12-08 09:27:14,479-DEBUG-root-39136::webapp_internal::wait_blocker|2444:: Waiting blocker to continue...
2025-12-08 09:27:14,565-DEBUG-root-39136::webapp_internal::wait_blocker|2469:: Blocker status: False
2025-12-08 09:27:14,643-INFO-root-39136::webapp_internal::WaitShow|4980:: Waiting show text 'Este ambiente utiliza base de Homologação.'...
2025-12-08 09:27:20,435-INFO-root-39136::webapp_internal::WaitShow|4980:: Waiting show text 'Moedas'...
2025-12-08 09:27:25,915-INFO-root-39136::webapp_internal::WaitShow|4980:: Waiting show text 'Solicitação de Viagens/Treinamento'...
2025-12-08 09:27:25,975-INFO-root-39136::webapp_internal::WaitShow|4996:: Text found! 
2025-12-08 09:27:25,976-INFO-root-39136::webapp_internal::SetButton|4444:: Clicking on Incluir
2025-12-08 09:27:25,976-DEBUG-root-39136::webapp_internal::wait_blocker|2444:: Waiting blocker to continue...
2025-12-08 09:27:26,059-DEBUG-root-39136::webapp_internal::wait_blocker|2469:: Blocker status: False
2025-12-08 09:27:26,455-DEBUG-root-39136::webapp_internal::wait_element_timeout|7726:: Element found! Waiting for element to be displayed.
2025-12-08 09:27:26,712-DEBUG-root-39136::webapp_internal::SetButton|4481:: ***System Info*** Before Clicking on button:Incluir
2025-12-08 09:27:26,712-DEBUG-root-39136::psutil_info::system_info|5:: CPU USAGE: 9.8%
2025-12-08 09:27:26,713-DEBUG-root-39136::psutil_info::system_info|6:: MEMORY USAGE: 88.2%
2025-12-08 09:27:26,713-DEBUG-root-39136::psutil_info::system_info|7:: MEMORY AVAILABLE: 11.78%
2025-12-08 09:27:27,078-DEBUG-root-39136::webapp_internal::wait_element_timeout|7726:: Element found! Waiting for element to be displayed.
2025-12-08 09:27:27,375-DEBUG-root-39136::webapp_internal::wait_blocker|2444:: Waiting blocker to continue...
2025-12-08 09:27:27,464-DEBUG-root-39136::webapp_internal::wait_blocker|2469:: Blocker status: False
2025-12-08 09:27:27,488-DEBUG-root-39136::webapp_internal::wait_blocker|2444:: Waiting blocker to continue...
2025-12-08 09:27:27,579-DEBUG-root-39136::webapp_internal::wait_blocker|2469:: Blocker status: False
2025-12-08 09:27:27,579-DEBUG-root-39136::webapp_internal::send_action|10480:: Trying to send action
2025-12-08 09:27:27,582-DEBUG-root-39136::base::click|192:: Click Type: ClickType.JS
2025-12-08 09:27:28,797-DEBUG-root-39136::webapp_internal::send_action|10522:: send_action method result = True
2025-12-08 09:27:28,798-DEBUG-root-39136::webapp_internal::send_action|10523:: send_action selenium status: True
2025-12-08 09:27:28,798-DEBUG-root-39136::webapp_internal::SetButton|4683:: ***System Info*** After Clicking on button:
2025-12-08 09:27:28,798-DEBUG-root-39136::psutil_info::system_info|5:: CPU USAGE: 6.4%
2025-12-08 09:27:28,799-DEBUG-root-39136::psutil_info::system_info|6:: MEMORY USAGE: 88.3%
2025-12-08 09:27:28,799-DEBUG-root-39136::psutil_info::system_info|7:: MEMORY AVAILABLE: 11.68%
2025-12-08 09:27:29,000-DEBUG-root-39136::webapp_internal::wait_blocker|2444:: Waiting blocker to continue...
2025-12-08 09:27:29,093-DEBUG-root-39136::webapp_internal::wait_blocker|2469:: Blocker status: False
2025-12-08 09:27:29,093-INFO-root-39136::webapp_internal::SearchBrowse|2003:: Searching: 02DF0001
2025-12-08 09:27:29,246-DEBUG-root-39136::webapp_internal::wait_element_timeout|7726:: Element found! Waiting for element to be displayed.
2025-12-08 09:27:29,332-DEBUG-root-39136::webapp_internal::wait_blocker|2444:: Waiting blocker to continue...
2025-12-08 09:27:29,446-DEBUG-root-39136::webapp_internal::wait_blocker|2469:: Blocker status: False
2025-12-08 09:27:29,455-DEBUG-root-39136::webapp_internal::wait_blocker|2444:: Waiting blocker to continue...
2025-12-08 09:27:29,550-DEBUG-root-39136::webapp_internal::wait_blocker|2469:: Blocker status: False
2025-12-08 09:27:29,550-INFO-root-39136::webapp_internal::fill_search_browse|2399:: Filling: 02DF0001
2025-12-08 09:27:29,562-DEBUG-root-39136::base::click|192:: Click Type: ClickType.JS
2025-12-08 09:27:30,627-DEBUG-root-39136::webapp_internal::wait_blocker|2444:: Waiting blocker to continue...
2025-12-08 09:27:30,720-DEBUG-root-39136::webapp_internal::wait_blocker|2469:: Blocker status: False
2025-12-08 09:27:30,720-INFO-root-39136::webapp_internal::fill_search_browse|2399:: Filling: 02DF0001
2025-12-08 09:27:30,729-DEBUG-root-39136::base::click|192:: Click Type: ClickType.JS
2025-12-08 09:27:31,793-DEBUG-root-39136::webapp_internal::wait_blocker|2444:: Waiting blocker to continue...
2025-12-08 09:27:31,909-DEBUG-root-39136::webapp_internal::wait_blocker|2469:: Blocker status: False
2025-12-08 09:27:31,909-INFO-root-39136::webapp_internal::fill_search_browse|2399:: Filling: 02DF0001
2025-12-08 09:27:31,923-DEBUG-root-39136::base::click|192:: Click Type: ClickType.JS
2025-12-08 09:27:33,011-DEBUG-root-39136::webapp_internal::wait_blocker|2444:: Waiting blocker to continue...
2025-12-08 09:27:33,104-DEBUG-root-39136::webapp_internal::wait_blocker|2469:: Blocker status: False
2025-12-08 09:27:33,104-INFO-root-39136::webapp_internal::fill_search_browse|2399:: Filling: 02DF0001
2025-12-08 09:27:33,116-DEBUG-root-39136::base::click|192:: Click Type: ClickType.JS
2025-12-08 09:27:34,198-DEBUG-root-39136::webapp_internal::wait_blocker|2444:: Waiting blocker to continue...
2025-12-08 09:27:34,305-DEBUG-root-39136::webapp_internal::wait_blocker|2469:: Blocker status: False
2025-12-08 09:27:34,307-DEBUG-root-39136::base::double_click|259:: Click Type: ClickType.SELENIUM
2025-12-08 09:27:34,312-WARNING-root-39136::base::double_click|280:: Warning double_click method Exception: Message: Element <button class="button-image" type="button"> is not clickable at point (1258,360) because another element <wa-button id="COMP6023" class="dict-tbutton focus"> obscures it
Stacktrace:
RemoteError@chrome://remote/content/shared/RemoteError.sys.mjs:8:8
WebDriverError@chrome://remote/content/shared/webdriver/Errors.sys.mjs:202:5
ElementClickInterceptedError@chrome://remote/content/shared/webdriver/Errors.sys.mjs:354:5
webdriverClickElement@chrome://remote/content/marionette/interaction.sys.mjs:175:11
interaction.clickElement@chrome://remote/content/marionette/interaction.sys.mjs:134:11
clickElement@chrome://remote/content/marionette/actors/MarionetteCommandsChild.sys.mjs:327:29
receiveMessage@chrome://remote/content/marionette/actors/MarionetteCommandsChild.sys.mjs:210:31

2025-12-08 09:27:34,623-INFO-root-39136::webapp_internal::SetButton|4444:: Clicking on OK
2025-12-08 09:27:34,623-DEBUG-root-39136::webapp_internal::wait_blocker|2444:: Waiting blocker to continue...
2025-12-08 09:27:34,731-DEBUG-root-39136::webapp_internal::wait_blocker|2469:: Blocker status: False
2025-12-08 09:27:35,093-DEBUG-root-39136::webapp_internal::wait_element_timeout|7726:: Element found! Waiting for element to be displayed.
2025-12-08 09:27:35,276-DEBUG-root-39136::webapp_internal::SetButton|4481:: ***System Info*** Before Clicking on button:OK
2025-12-08 09:27:35,276-DEBUG-root-39136::psutil_info::system_info|5:: CPU USAGE: 6.7%
2025-12-08 09:27:35,276-DEBUG-root-39136::psutil_info::system_info|6:: MEMORY USAGE: 87.9%
2025-12-08 09:27:35,277-DEBUG-root-39136::psutil_info::system_info|7:: MEMORY AVAILABLE: 12.08%
2025-12-08 09:27:35,555-DEBUG-root-39136::webapp_internal::wait_element_timeout|7726:: Element found! Waiting for element to be displayed.
2025-12-08 09:27:35,813-DEBUG-root-39136::webapp_internal::wait_blocker|2444:: Waiting blocker to continue...
2025-12-08 09:27:35,910-DEBUG-root-39136::webapp_internal::wait_blocker|2469:: Blocker status: False
2025-12-08 09:27:35,934-DEBUG-root-39136::webapp_internal::wait_blocker|2444:: Waiting blocker to continue...
2025-12-08 09:27:36,033-DEBUG-root-39136::webapp_internal::wait_blocker|2469:: Blocker status: False
2025-12-08 09:27:36,034-DEBUG-root-39136::webapp_internal::send_action|10480:: Trying to send action
2025-12-08 09:27:36,037-DEBUG-root-39136::base::click|192:: Click Type: ClickType.JS
2025-12-08 09:27:38,542-DEBUG-root-39136::webapp_internal::send_action|10522:: send_action method result = True
2025-12-08 09:27:38,542-DEBUG-root-39136::webapp_internal::send_action|10523:: send_action selenium status: True
2025-12-08 09:27:38,543-DEBUG-root-39136::webapp_internal::SetButton|4683:: ***System Info*** After Clicking on button:
2025-12-08 09:27:38,543-DEBUG-root-39136::psutil_info::system_info|5:: CPU USAGE: 13.2%
2025-12-08 09:27:38,543-DEBUG-root-39136::psutil_info::system_info|6:: MEMORY USAGE: 88.1%
2025-12-08 09:27:38,544-DEBUG-root-39136::psutil_info::system_info|7:: MEMORY AVAILABLE: 11.89%
2025-12-08 09:27:38,745-INFO-root-39136::webapp_internal::WaitShow|4980:: Waiting show text 'Solicitacoes de Viagens - INCLUIR'...
2025-12-08 09:27:38,956-INFO-root-39136::webapp_internal::WaitShow|4996:: Text found! 
2025-12-08 09:27:38,956-DEBUG-root-39136::webapp_internal::wait_blocker|2444:: Waiting blocker to continue...
2025-12-08 09:27:39,098-DEBUG-root-39136::webapp_internal::wait_blocker|2469:: Blocker status: False
2025-12-08 09:27:39,099-DEBUG-root-39136::webapp_internal::wait_element|7623:: Waiting for element
2025-12-08 09:27:39,197-DEBUG-root-39136::webapp_internal::wait_element|7653:: Element found! Waiting for element to be displayed.
2025-12-08 09:27:39,277-INFO-root-39136::webapp_internal::input_value|2941:: Looking for element: ZV3_DESCRI
2025-12-08 09:27:39,433-INFO-root-39136::webapp_internal::input_value|2951:: Element: ZV3_DESCRI Found!
2025-12-08 09:27:39,433-INFO-root-39136::webapp_internal::input_value|2953:: Filling element: ZV3_DESCRI
2025-12-08 09:27:39,458-DEBUG-root-39136::webapp_internal::get_web_value|3232:: Current value:                                                   
2025-12-08 09:27:39,496-DEBUG-root-39136::base::double_click|259:: Click Type: ClickType.SELENIUM
2025-12-08 09:27:39,751-DEBUG-root-39136::webapp_internal::wait_blocker|2444:: Waiting blocker to continue...
2025-12-08 09:27:39,893-DEBUG-root-39136::webapp_internal::wait_blocker|2469:: Blocker status: False
2025-12-08 09:27:40,258-DEBUG-root-39136::webapp_internal::get_web_value|3232:: Current value: USO PARA TESTE AUTOMATIZADO                       
2025-12-08 09:27:40,258-INFO-root-39136::webapp_internal::input_value|3059:: Current field value: USO PARA TESTE AUTOMATIZADO
2025-12-08 09:27:40,289-DEBUG-root-39136::webapp_internal::wait_blocker|2444:: Waiting blocker to continue...
2025-12-08 09:27:40,459-DEBUG-root-39136::webapp_internal::wait_blocker|2469:: Blocker status: False
2025-12-08 09:27:40,459-DEBUG-root-39136::webapp_internal::wait_element|7623:: Waiting for element
2025-12-08 09:27:40,540-DEBUG-root-39136::webapp_internal::wait_element|7653:: Element found! Waiting for element to be displayed.
2025-12-08 09:27:40,609-INFO-root-39136::webapp_internal::input_value|2941:: Looking for element: ZV3_DTINI
2025-12-08 09:27:40,791-INFO-root-39136::webapp_internal::input_value|2951:: Element: ZV3_DTINI Found!
2025-12-08 09:27:40,791-INFO-root-39136::webapp_internal::input_value|2953:: Filling element: ZV3_DTINI
2025-12-08 09:27:40,821-DEBUG-root-39136::webapp_internal::get_web_value|3232:: Current value:   /  /    
2025-12-08 09:27:40,856-DEBUG-root-39136::base::double_click|259:: Click Type: ClickType.SELENIUM
2025-12-08 09:27:41,106-DEBUG-root-39136::webapp_internal::wait_blocker|2444:: Waiting blocker to continue...
2025-12-08 09:27:41,237-DEBUG-root-39136::webapp_internal::wait_blocker|2469:: Blocker status: False
2025-12-08 09:27:41,579-DEBUG-root-39136::webapp_internal::get_web_value|3232:: Current value: 21/12/2025
2025-12-08 09:27:41,579-INFO-root-39136::webapp_internal::input_value|3059:: Current field value: 21122025
2025-12-08 09:27:41,595-DEBUG-root-39136::webapp_internal::wait_blocker|2444:: Waiting blocker to continue...
2025-12-08 09:27:41,742-DEBUG-root-39136::webapp_internal::wait_blocker|2469:: Blocker status: False
2025-12-08 09:27:41,742-DEBUG-root-39136::webapp_internal::wait_element|7623:: Waiting for element
2025-12-08 09:27:41,824-DEBUG-root-39136::webapp_internal::wait_element|7653:: Element found! Waiting for element to be displayed.
2025-12-08 09:27:41,893-INFO-root-39136::webapp_internal::input_value|2941:: Looking for element: ZV3_DTFIM
2025-12-08 09:27:42,121-INFO-root-39136::webapp_internal::input_value|2951:: Element: ZV3_DTFIM Found!
2025-12-08 09:27:42,121-INFO-root-39136::webapp_internal::input_value|2953:: Filling element: ZV3_DTFIM
2025-12-08 09:27:42,156-DEBUG-root-39136::webapp_internal::get_web_value|3232:: Current value:   /  /    
2025-12-08 09:27:42,204-DEBUG-root-39136::base::double_click|259:: Click Type: ClickType.SELENIUM
2025-12-08 09:27:42,465-DEBUG-root-39136::webapp_internal::wait_blocker|2444:: Waiting blocker to continue...
2025-12-08 09:27:42,609-DEBUG-root-39136::webapp_internal::wait_blocker|2469:: Blocker status: False
2025-12-08 09:27:42,943-DEBUG-root-39136::webapp_internal::get_web_value|3232:: Current value: 28/12/2025
2025-12-08 09:27:42,943-INFO-root-39136::webapp_internal::input_value|3059:: Current field value: 28122025
2025-12-08 09:27:43,955-DEBUG-root-39136::webapp_internal::wait_blocker|2444:: Waiting blocker to continue...
2025-12-08 09:27:44,083-DEBUG-root-39136::webapp_internal::wait_blocker|2469:: Blocker status: False
2025-12-08 09:27:44,083-DEBUG-root-39136::webapp_internal::wait_element|7623:: Waiting for element
2025-12-08 09:27:44,161-DEBUG-root-39136::webapp_internal::wait_element|7653:: Element found! Waiting for element to be displayed.
2025-12-08 09:27:44,229-INFO-root-39136::webapp_internal::input_value|2941:: Looking for element: ZV3_CC
2025-12-08 09:27:44,383-INFO-root-39136::webapp_internal::input_value|2951:: Element: ZV3_CC Found!
2025-12-08 09:27:44,383-INFO-root-39136::webapp_internal::input_value|2953:: Filling element: ZV3_CC
2025-12-08 09:27:44,410-DEBUG-root-39136::webapp_internal::get_web_value|3232:: Current value:          
2025-12-08 09:27:44,459-DEBUG-root-39136::base::double_click|259:: Click Type: ClickType.SELENIUM
2025-12-08 09:27:44,729-DEBUG-root-39136::webapp_internal::wait_blocker|2444:: Waiting blocker to continue...
2025-12-08 09:27:44,855-DEBUG-root-39136::webapp_internal::wait_blocker|2469:: Blocker status: False
2025-12-08 09:27:45,195-DEBUG-root-39136::webapp_internal::get_web_value|3232:: Current value: 000000677
2025-12-08 09:27:45,196-INFO-root-39136::webapp_internal::input_value|3059:: Current field value: 000000677
2025-12-08 09:27:45,208-DEBUG-root-39136::webapp_internal::wait_blocker|2444:: Waiting blocker to continue...
2025-12-08 09:27:45,354-DEBUG-root-39136::webapp_internal::wait_blocker|2469:: Blocker status: False
2025-12-08 09:27:45,354-DEBUG-root-39136::webapp_internal::wait_element|7623:: Waiting for element
2025-12-08 09:27:45,445-DEBUG-root-39136::webapp_internal::wait_element|7653:: Element found! Waiting for element to be displayed.
2025-12-08 09:27:45,515-INFO-root-39136::webapp_internal::input_value|2941:: Looking for element: ZV3_TIPO
2025-12-08 09:27:45,676-INFO-root-39136::webapp_internal::input_value|2951:: Element: ZV3_TIPO Found!
2025-12-08 09:27:45,676-INFO-root-39136::webapp_internal::input_value|2953:: Filling element: ZV3_TIPO
2025-12-08 09:27:46,850-INFO-root-39136::base::select_combo|871:: Selected value for combo is: 1 - Servico
2025-12-08 09:27:46,891-DEBUG-root-39136::webapp_internal::wait_blocker|2444:: Waiting blocker to continue...
2025-12-08 09:27:47,026-DEBUG-root-39136::webapp_internal::wait_blocker|2469:: Blocker status: False
2025-12-08 09:27:47,027-DEBUG-root-39136::webapp_internal::wait_element|7623:: Waiting for element
2025-12-08 09:27:47,107-DEBUG-root-39136::webapp_internal::wait_element|7653:: Element found! Waiting for element to be displayed.
2025-12-08 09:27:47,175-INFO-root-39136::webapp_internal::input_value|2941:: Looking for element: ZV3_OBS
2025-12-08 09:27:47,373-INFO-root-39136::webapp_internal::input_value|2951:: Element: ZV3_OBS Found!
2025-12-08 09:27:47,373-INFO-root-39136::webapp_internal::input_value|2953:: Filling element: ZV3_OBS
2025-12-08 09:27:47,396-DEBUG-root-39136::webapp_internal::get_web_value|3232:: Current value: 
2025-12-08 09:27:47,415-DEBUG-root-39136::base::double_click|259:: Click Type: ClickType.SELENIUM
2025-12-08 09:27:47,675-DEBUG-root-39136::webapp_internal::wait_blocker|2444:: Waiting blocker to continue...
2025-12-08 09:27:47,798-DEBUG-root-39136::webapp_internal::wait_blocker|2469:: Blocker status: False
2025-12-08 09:27:48,133-DEBUG-root-39136::webapp_internal::get_web_value|3232:: Current value: TESTE DE SOLICITAÇÃO DE VIAGEM
2025-12-08 09:27:48,133-INFO-root-39136::webapp_internal::input_value|3059:: Current field value: TESTE DE SOLICITAÇÃO DE VIAGEM
2025-12-08 09:27:48,148-DEBUG-root-39136::webapp_internal::wait_blocker|2444:: Waiting blocker to continue...
2025-12-08 09:27:48,280-DEBUG-root-39136::webapp_internal::wait_blocker|2469:: Blocker status: False
2025-12-08 09:27:48,281-INFO-root-39136::webapp_internal::SetKey|5822:: Key pressed: TAB
2025-12-08 09:27:48,281-DEBUG-root-39136::webapp_internal::SetKey|5857:: Trying press key
2025-12-08 09:27:48,415-DEBUG-root-39136::webapp_internal::wait_blocker|2444:: Waiting blocker to continue...
2025-12-08 09:27:48,554-DEBUG-root-39136::webapp_internal::wait_blocker|2469:: Blocker status: False
2025-12-08 09:27:48,581-DEBUG-root-39136::webapp_internal::wait_blocker|2444:: Waiting blocker to continue...
2025-12-08 09:27:48,728-DEBUG-root-39136::webapp_internal::wait_blocker|2469:: Blocker status: False
2025-12-08 09:27:48,728-DEBUG-root-39136::webapp_internal::send_action|10480:: Trying to send action
2025-12-08 09:27:49,790-DEBUG-root-39136::webapp_internal::send_action|10522:: send_action method result = True
2025-12-08 09:27:49,791-DEBUG-root-39136::webapp_internal::send_action|10523:: send_action selenium status: False
2025-12-08 09:27:49,791-DEBUG-root-39136::webapp_internal::wait_element|7623:: Waiting for element
2025-12-08 09:27:49,907-DEBUG-root-39136::webapp_internal::wait_element|7653:: Element found! Waiting for element to be displayed.
2025-12-08 09:27:50,174-DEBUG-root-39136::webapp_internal::wait_blocker|2444:: Waiting blocker to continue...
2025-12-08 09:27:50,303-DEBUG-root-39136::webapp_internal::wait_blocker|2469:: Blocker status: False
2025-12-08 09:27:50,303-INFO-root-39136::webapp_internal::LoadGrid|6298:: Filling grid field: Favorecido
2025-12-08 09:27:50,304-DEBUG-root-39136::webapp_internal::fill_grid|6399:: Grid loading...
2025-12-08 09:27:50,465-DEBUG-root-39136::webapp_internal::fill_grid|6466:: Column found!
2025-12-08 09:27:50,505-DEBUG-root-39136::base::click|192:: Click Type: ClickType.ACTIONCHAINS
2025-12-08 09:27:50,792-DEBUG-root-39136::webapp_internal::fill_grid|6486:: Trying to select cell in grid!
2025-12-08 09:27:50,794-DEBUG-root-39136::base::click|192:: Click Type: ClickType.ACTIONCHAINS
2025-12-08 09:27:51,079-DEBUG-root-39136::webapp_internal::fill_grid|6486:: Trying to select cell in grid!
2025-12-08 09:27:51,082-DEBUG-root-39136::base::click|192:: Click Type: ClickType.ACTIONCHAINS
2025-12-08 09:27:51,374-DEBUG-root-39136::webapp_internal::fill_grid|6486:: Trying to select cell in grid!
2025-12-08 09:27:51,376-DEBUG-root-39136::base::click|192:: Click Type: ClickType.ACTIONCHAINS
2025-12-08 09:27:51,671-DEBUG-root-39136::webapp_internal::fill_grid|6486:: Trying to select cell in grid!
2025-12-08 09:27:51,673-DEBUG-root-39136::base::click|192:: Click Type: ClickType.ACTIONCHAINS
2025-12-08 09:27:51,938-DEBUG-root-39136::webapp_internal::fill_grid|6486:: Trying to select cell in grid!
2025-12-08 09:27:51,940-DEBUG-root-39136::base::click|192:: Click Type: ClickType.ACTIONCHAINS
2025-12-08 09:27:52,205-DEBUG-root-39136::webapp_internal::fill_grid|6486:: Trying to select cell in grid!
2025-12-08 09:27:52,207-DEBUG-root-39136::base::click|192:: Click Type: ClickType.ACTIONCHAINS
2025-12-08 09:27:52,498-DEBUG-root-39136::webapp_internal::fill_grid|6486:: Trying to select cell in grid!
2025-12-08 09:27:52,500-DEBUG-root-39136::base::click|192:: Click Type: ClickType.ACTIONCHAINS
2025-12-08 09:27:52,793-DEBUG-root-39136::webapp_internal::fill_grid|6486:: Trying to select cell in grid!
2025-12-08 09:27:52,795-DEBUG-root-39136::base::click|192:: Click Type: ClickType.ACTIONCHAINS
2025-12-08 09:27:53,090-DEBUG-root-39136::webapp_internal::fill_grid|6486:: Trying to select cell in grid!
2025-12-08 09:27:53,092-DEBUG-root-39136::base::click|192:: Click Type: ClickType.ACTIONCHAINS
2025-12-08 09:27:53,381-DEBUG-root-39136::webapp_internal::fill_grid|6486:: Trying to select cell in grid!
2025-12-08 09:27:53,383-DEBUG-root-39136::base::click|192:: Click Type: ClickType.ACTIONCHAINS
2025-12-08 09:27:53,677-DEBUG-root-39136::webapp_internal::fill_grid|6486:: Trying to select cell in grid!
2025-12-08 09:27:53,679-DEBUG-root-39136::base::click|192:: Click Type: ClickType.ACTIONCHAINS
2025-12-08 09:27:53,966-DEBUG-root-39136::webapp_internal::fill_grid|6486:: Trying to select cell in grid!
2025-12-08 09:27:53,970-DEBUG-root-39136::base::click|192:: Click Type: ClickType.ACTIONCHAINS
2025-12-08 09:27:54,260-DEBUG-root-39136::webapp_internal::fill_grid|6486:: Trying to select cell in grid!
2025-12-08 09:27:54,262-DEBUG-root-39136::base::click|192:: Click Type: ClickType.ACTIONCHAINS
2025-12-08 09:27:54,555-DEBUG-root-39136::webapp_internal::fill_grid|6486:: Trying to select cell in grid!
2025-12-08 09:27:54,557-DEBUG-root-39136::base::click|192:: Click Type: ClickType.ACTIONCHAINS
2025-12-08 09:27:54,846-DEBUG-root-39136::webapp_internal::fill_grid|6486:: Trying to select cell in grid!
2025-12-08 09:27:54,848-DEBUG-root-39136::base::click|192:: Click Type: ClickType.ACTIONCHAINS
2025-12-08 09:27:55,112-DEBUG-root-39136::webapp_internal::fill_grid|6486:: Trying to select cell in grid!
2025-12-08 09:27:55,114-DEBUG-root-39136::base::click|192:: Click Type: ClickType.ACTIONCHAINS
2025-12-08 09:27:55,377-DEBUG-root-39136::webapp_internal::fill_grid|6486:: Trying to select cell in grid!
2025-12-08 09:27:55,379-DEBUG-root-39136::base::click|192:: Click Type: ClickType.ACTIONCHAINS
2025-12-08 09:27:55,660-DEBUG-root-39136::webapp_internal::fill_grid|6486:: Trying to select cell in grid!
2025-12-08 09:27:55,662-DEBUG-root-39136::base::click|192:: Click Type: ClickType.ACTIONCHAINS
2025-12-08 09:27:55,950-DEBUG-root-39136::webapp_internal::fill_grid|6486:: Trying to select cell in grid!
2025-12-08 09:27:55,954-DEBUG-root-39136::base::click|192:: Click Type: ClickType.ACTIONCHAINS
2025-12-08 09:27:56,246-DEBUG-root-39136::webapp_internal::fill_grid|6486:: Trying to select cell in grid!
2025-12-08 09:27:56,248-DEBUG-root-39136::base::click|192:: Click Type: ClickType.ACTIONCHAINS
2025-12-08 09:27:56,541-DEBUG-root-39136::webapp_internal::fill_grid|6486:: Trying to select cell in grid!
2025-12-08 09:27:56,543-DEBUG-root-39136::base::click|192:: Click Type: ClickType.ACTIONCHAINS
2025-12-08 09:27:56,831-DEBUG-root-39136::webapp_internal::fill_grid|6486:: Trying to select cell in grid!
2025-12-08 09:27:56,837-DEBUG-root-39136::base::click|192:: Click Type: ClickType.ACTIONCHAINS
2025-12-08 09:27:57,127-DEBUG-root-39136::webapp_internal::fill_grid|6486:: Trying to select cell in grid!
2025-12-08 09:27:57,129-DEBUG-root-39136::base::click|192:: Click Type: ClickType.ACTIONCHAINS
2025-12-08 09:27:57,424-DEBUG-root-39136::webapp_internal::fill_grid|6486:: Trying to select cell in grid!
2025-12-08 09:27:57,426-DEBUG-root-39136::base::click|192:: Click Type: ClickType.ACTIONCHAINS
2025-12-08 09:27:57,716-DEBUG-root-39136::webapp_internal::fill_grid|6486:: Trying to select cell in grid!
2025-12-08 09:27:57,720-DEBUG-root-39136::base::click|192:: Click Type: ClickType.ACTIONCHAINS
2025-12-08 09:27:58,009-DEBUG-root-39136::webapp_internal::fill_grid|6486:: Trying to select cell in grid!
2025-12-08 09:27:58,012-DEBUG-root-39136::base::click|192:: Click Type: ClickType.ACTIONCHAINS
2025-12-08 09:27:58,276-DEBUG-root-39136::webapp_internal::fill_grid|6486:: Trying to select cell in grid!
2025-12-08 09:27:58,278-DEBUG-root-39136::base::click|192:: Click Type: ClickType.ACTIONCHAINS
2025-12-08 09:27:58,570-DEBUG-root-39136::webapp_internal::fill_grid|6486:: Trying to select cell in grid!
2025-12-08 09:27:58,573-DEBUG-root-39136::base::click|192:: Click Type: ClickType.ACTIONCHAINS
2025-12-08 09:27:58,838-DEBUG-root-39136::webapp_internal::fill_grid|6486:: Trying to select cell in grid!
2025-12-08 09:27:58,840-DEBUG-root-39136::base::click|192:: Click Type: ClickType.ACTIONCHAINS
2025-12-08 09:27:59,129-DEBUG-root-39136::webapp_internal::fill_grid|6486:: Trying to select cell in grid!
2025-12-08 09:27:59,131-DEBUG-root-39136::base::click|192:: Click Type: ClickType.ACTIONCHAINS
2025-12-08 09:27:59,427-DEBUG-root-39136::webapp_internal::fill_grid|6486:: Trying to select cell in grid!
2025-12-08 09:27:59,429-DEBUG-root-39136::base::click|192:: Click Type: ClickType.ACTIONCHAINS
2025-12-08 09:27:59,724-DEBUG-root-39136::webapp_internal::fill_grid|6486:: Trying to select cell in grid!
2025-12-08 09:27:59,726-DEBUG-root-39136::base::click|192:: Click Type: ClickType.ACTIONCHAINS
2025-12-08 09:28:00,024-DEBUG-root-39136::webapp_internal::fill_grid|6486:: Trying to select cell in grid!
2025-12-08 09:28:00,028-DEBUG-root-39136::base::click|192:: Click Type: ClickType.ACTIONCHAINS
2025-12-08 09:28:00,313-DEBUG-root-39136::webapp_internal::fill_grid|6486:: Trying to select cell in grid!
2025-12-08 09:28:00,315-DEBUG-root-39136::base::click|192:: Click Type: ClickType.ACTIONCHAINS
2025-12-08 09:28:00,611-DEBUG-root-39136::webapp_internal::fill_grid|6486:: Trying to select cell in grid!
2025-12-08 09:28:00,612-DEBUG-root-39136::base::click|192:: Click Type: ClickType.ACTIONCHAINS
2025-12-08 09:28:00,876-DEBUG-root-39136::webapp_internal::fill_grid|6486:: Trying to select cell in grid!
2025-12-08 09:28:00,878-DEBUG-root-39136::base::click|192:: Click Type: ClickType.ACTIONCHAINS
2025-12-08 09:28:01,167-DEBUG-root-39136::webapp_internal::fill_grid|6486:: Trying to select cell in grid!
2025-12-08 09:28:01,171-DEBUG-root-39136::base::click|192:: Click Type: ClickType.ACTIONCHAINS
2025-12-08 09:28:01,465-DEBUG-root-39136::webapp_internal::fill_grid|6486:: Trying to select cell in grid!
2025-12-08 09:28:01,471-DEBUG-root-39136::base::click|192:: Click Type: ClickType.ACTIONCHAINS
2025-12-08 09:28:01,762-DEBUG-root-39136::webapp_internal::fill_grid|6486:: Trying to select cell in grid!
2025-12-08 09:28:01,764-DEBUG-root-39136::base::click|192:: Click Type: ClickType.ACTIONCHAINS
2025-12-08 09:28:02,055-DEBUG-root-39136::webapp_internal::fill_grid|6486:: Trying to select cell in grid!
2025-12-08 09:28:02,056-DEBUG-root-39136::base::click|192:: Click Type: ClickType.ACTIONCHAINS
2025-12-08 09:28:02,321-DEBUG-root-39136::webapp_internal::fill_grid|6486:: Trying to select cell in grid!
2025-12-08 09:28:02,323-DEBUG-root-39136::base::click|192:: Click Type: ClickType.ACTIONCHAINS
2025-12-08 09:28:02,612-DEBUG-root-39136::webapp_internal::fill_grid|6486:: Trying to select cell in grid!
2025-12-08 09:28:02,615-DEBUG-root-39136::base::click|192:: Click Type: ClickType.ACTIONCHAINS
2025-12-08 09:28:02,910-DEBUG-root-39136::webapp_internal::fill_grid|6486:: Trying to select cell in grid!
2025-12-08 09:28:02,912-DEBUG-root-39136::base::click|192:: Click Type: ClickType.ACTIONCHAINS
2025-12-08 09:28:03,205-DEBUG-root-39136::webapp_internal::fill_grid|6486:: Trying to select cell in grid!
2025-12-08 09:28:03,206-DEBUG-root-39136::base::click|192:: Click Type: ClickType.ACTIONCHAINS
2025-12-08 09:28:03,497-DEBUG-root-39136::webapp_internal::fill_grid|6486:: Trying to select cell in grid!
2025-12-08 09:28:03,499-DEBUG-root-39136::base::click|192:: Click Type: ClickType.ACTIONCHAINS
2025-12-08 09:28:03,794-DEBUG-root-39136::webapp_internal::fill_grid|6486:: Trying to select cell in grid!
2025-12-08 09:28:03,796-DEBUG-root-39136::base::click|192:: Click Type: ClickType.ACTIONCHAINS
2025-12-08 09:28:04,060-DEBUG-root-39136::webapp_internal::fill_grid|6486:: Trying to select cell in grid!
2025-12-08 09:28:04,061-DEBUG-root-39136::base::click|192:: Click Type: ClickType.ACTIONCHAINS
2025-12-08 09:28:04,325-DEBUG-root-39136::webapp_internal::fill_grid|6486:: Trying to select cell in grid!
2025-12-08 09:28:04,327-DEBUG-root-39136::base::click|192:: Click Type: ClickType.ACTIONCHAINS
2025-12-08 09:28:04,590-DEBUG-root-39136::webapp_internal::fill_grid|6486:: Trying to select cell in grid!
2025-12-08 09:28:04,593-DEBUG-root-39136::base::click|192:: Click Type: ClickType.ACTIONCHAINS
2025-12-08 09:28:04,857-DEBUG-root-39136::webapp_internal::fill_grid|6486:: Trying to select cell in grid!
2025-12-08 09:28:04,859-DEBUG-root-39136::base::click|192:: Click Type: ClickType.ACTIONCHAINS
2025-12-08 09:28:05,149-DEBUG-root-39136::webapp_internal::fill_grid|6486:: Trying to select cell in grid!
2025-12-08 09:28:05,150-DEBUG-root-39136::base::click|192:: Click Type: ClickType.ACTIONCHAINS
2025-12-08 09:28:05,444-DEBUG-root-39136::webapp_internal::fill_grid|6486:: Trying to select cell in grid!
2025-12-08 09:28:05,446-DEBUG-root-39136::base::click|192:: Click Type: ClickType.ACTIONCHAINS
2025-12-08 09:28:05,728-DEBUG-root-39136::webapp_internal::fill_grid|6486:: Trying to select cell in grid!
2025-12-08 09:28:05,730-DEBUG-root-39136::base::click|192:: Click Type: ClickType.ACTIONCHAINS
2025-12-08 09:28:06,021-DEBUG-root-39136::webapp_internal::fill_grid|6486:: Trying to select cell in grid!
2025-12-08 09:28:06,023-DEBUG-root-39136::base::click|192:: Click Type: ClickType.ACTIONCHAINS
2025-12-08 09:28:06,315-DEBUG-root-39136::webapp_internal::fill_grid|6486:: Trying to select cell in grid!
2025-12-08 09:28:06,316-DEBUG-root-39136::base::click|192:: Click Type: ClickType.ACTIONCHAINS
2025-12-08 09:28:06,580-DEBUG-root-39136::webapp_internal::fill_grid|6486:: Trying to select cell in grid!
2025-12-08 09:28:06,582-DEBUG-root-39136::base::click|192:: Click Type: ClickType.ACTIONCHAINS
2025-12-08 09:28:06,845-DEBUG-root-39136::webapp_internal::fill_grid|6486:: Trying to select cell in grid!
2025-12-08 09:28:06,846-DEBUG-root-39136::base::click|192:: Click Type: ClickType.ACTIONCHAINS
2025-12-08 09:28:07,140-DEBUG-root-39136::webapp_internal::fill_grid|6486:: Trying to select cell in grid!
2025-12-08 09:28:07,142-DEBUG-root-39136::base::click|192:: Click Type: ClickType.ACTIONCHAINS
2025-12-08 09:28:07,408-DEBUG-root-39136::webapp_internal::fill_grid|6486:: Trying to select cell in grid!
2025-12-08 09:28:07,410-DEBUG-root-39136::base::click|192:: Click Type: ClickType.ACTIONCHAINS
2025-12-08 09:28:07,698-DEBUG-root-39136::webapp_internal::fill_grid|6486:: Trying to select cell in grid!
2025-12-08 09:28:07,705-DEBUG-root-39136::base::click|192:: Click Type: ClickType.ACTIONCHAINS
2025-12-08 09:28:07,993-DEBUG-root-39136::webapp_internal::fill_grid|6486:: Trying to select cell in grid!
2025-12-08 09:28:07,995-DEBUG-root-39136::base::click|192:: Click Type: ClickType.ACTIONCHAINS
2025-12-08 09:28:08,277-DEBUG-root-39136::webapp_internal::fill_grid|6486:: Trying to select cell in grid!
2025-12-08 09:28:08,279-DEBUG-root-39136::base::click|192:: Click Type: ClickType.ACTIONCHAINS
2025-12-08 09:28:08,577-DEBUG-root-39136::webapp_internal::fill_grid|6486:: Trying to select cell in grid!
2025-12-08 09:28:08,579-DEBUG-root-39136::base::click|192:: Click Type: ClickType.ACTIONCHAINS
2025-12-08 09:28:08,874-DEBUG-root-39136::webapp_internal::fill_grid|6486:: Trying to select cell in grid!
2025-12-08 09:28:08,875-DEBUG-root-39136::base::click|192:: Click Type: ClickType.ACTIONCHAINS
2025-12-08 09:28:09,164-DEBUG-root-39136::webapp_internal::fill_grid|6486:: Trying to select cell in grid!
2025-12-08 09:28:09,165-DEBUG-root-39136::base::click|192:: Click Type: ClickType.ACTIONCHAINS
2025-12-08 09:28:09,460-DEBUG-root-39136::webapp_internal::fill_grid|6486:: Trying to select cell in grid!
2025-12-08 09:28:09,462-DEBUG-root-39136::base::click|192:: Click Type: ClickType.ACTIONCHAINS
2025-12-08 09:28:09,745-DEBUG-root-39136::webapp_internal::fill_grid|6486:: Trying to select cell in grid!
2025-12-08 09:28:09,747-DEBUG-root-39136::base::click|192:: Click Type: ClickType.ACTIONCHAINS
2025-12-08 09:28:10,038-DEBUG-root-39136::webapp_internal::fill_grid|6486:: Trying to select cell in grid!
2025-12-08 09:28:10,040-DEBUG-root-39136::base::click|192:: Click Type: ClickType.ACTIONCHAINS
2025-12-08 09:28:10,305-DEBUG-root-39136::webapp_internal::fill_grid|6486:: Trying to select cell in grid!
2025-12-08 09:28:10,307-DEBUG-root-39136::base::click|192:: Click Type: ClickType.ACTIONCHAINS
2025-12-08 09:28:10,596-DEBUG-root-39136::webapp_internal::fill_grid|6486:: Trying to select cell in grid!
2025-12-08 09:28:10,598-DEBUG-root-39136::base::click|192:: Click Type: ClickType.ACTIONCHAINS
2025-12-08 09:28:10,894-DEBUG-root-39136::webapp_internal::fill_grid|6486:: Trying to select cell in grid!
2025-12-08 09:28:10,895-DEBUG-root-39136::base::click|192:: Click Type: ClickType.ACTIONCHAINS
2025-12-08 09:28:11,159-DEBUG-root-39136::webapp_internal::fill_grid|6486:: Trying to select cell in grid!
2025-12-08 09:28:11,161-DEBUG-root-39136::base::click|192:: Click Type: ClickType.ACTIONCHAINS
2025-12-08 09:28:11,450-DEBUG-root-39136::webapp_internal::fill_grid|6486:: Trying to select cell in grid!
2025-12-08 09:28:11,454-DEBUG-root-39136::base::click|192:: Click Type: ClickType.ACTIONCHAINS
2025-12-08 09:28:11,715-DEBUG-root-39136::webapp_internal::fill_grid|6486:: Trying to select cell in grid!
2025-12-08 09:28:11,716-DEBUG-root-39136::base::click|192:: Click Type: ClickType.ACTIONCHAINS
2025-12-08 09:28:12,009-DEBUG-root-39136::webapp_internal::fill_grid|6486:: Trying to select cell in grid!
2025-12-08 09:28:12,011-DEBUG-root-39136::base::click|192:: Click Type: ClickType.ACTIONCHAINS
2025-12-08 09:28:12,305-DEBUG-root-39136::webapp_internal::fill_grid|6486:: Trying to select cell in grid!
2025-12-08 09:28:12,307-DEBUG-root-39136::base::click|192:: Click Type: ClickType.ACTIONCHAINS
2025-12-08 09:28:12,596-DEBUG-root-39136::webapp_internal::fill_grid|6486:: Trying to select cell in grid!
2025-12-08 09:28:12,598-DEBUG-root-39136::base::click|192:: Click Type: ClickType.ACTIONCHAINS
2025-12-08 09:28:12,864-DEBUG-root-39136::webapp_internal::fill_grid|6486:: Trying to select cell in grid!
2025-12-08 09:28:12,865-DEBUG-root-39136::base::click|192:: Click Type: ClickType.ACTIONCHAINS
2025-12-08 09:28:13,159-DEBUG-root-39136::webapp_internal::fill_grid|6486:: Trying to select cell in grid!
2025-12-08 09:28:13,161-DEBUG-root-39136::base::click|192:: Click Type: ClickType.ACTIONCHAINS
2025-12-08 09:28:13,454-DEBUG-root-39136::webapp_internal::fill_grid|6486:: Trying to select cell in grid!
2025-12-08 09:28:13,456-DEBUG-root-39136::base::click|192:: Click Type: ClickType.ACTIONCHAINS
2025-12-08 09:28:13,750-DEBUG-root-39136::webapp_internal::fill_grid|6486:: Trying to select cell in grid!
2025-12-08 09:28:13,755-DEBUG-root-39136::base::click|192:: Click Type: ClickType.ACTIONCHAINS
2025-12-08 09:28:14,045-DEBUG-root-39136::webapp_internal::fill_grid|6486:: Trying to select cell in grid!
2025-12-08 09:28:14,047-DEBUG-root-39136::base::click|192:: Click Type: ClickType.ACTIONCHAINS
2025-12-08 09:28:14,333-DEBUG-root-39136::webapp_internal::fill_grid|6486:: Trying to select cell in grid!
2025-12-08 09:28:14,338-DEBUG-root-39136::base::click|192:: Click Type: ClickType.ACTIONCHAINS
2025-12-08 09:28:14,599-DEBUG-root-39136::webapp_internal::fill_grid|6486:: Trying to select cell in grid!
2025-12-08 09:28:14,604-DEBUG-root-39136::base::click|192:: Click Type: ClickType.ACTIONCHAINS
2025-12-08 09:28:14,893-DEBUG-root-39136::webapp_internal::fill_grid|6486:: Trying to select cell in grid!
2025-12-08 09:28:14,895-DEBUG-root-39136::base::click|192:: Click Type: ClickType.ACTIONCHAINS
2025-12-08 09:28:15,178-DEBUG-root-39136::webapp_internal::fill_grid|6486:: Trying to select cell in grid!
2025-12-08 09:28:15,179-DEBUG-root-39136::base::click|192:: Click Type: ClickType.ACTIONCHAINS
2025-12-08 09:28:15,443-DEBUG-root-39136::webapp_internal::fill_grid|6486:: Trying to select cell in grid!
2025-12-08 09:28:15,445-DEBUG-root-39136::base::click|192:: Click Type: ClickType.ACTIONCHAINS
2025-12-08 09:28:15,732-DEBUG-root-39136::webapp_internal::fill_grid|6486:: Trying to select cell in grid!
2025-12-08 09:28:15,738-DEBUG-root-39136::base::click|192:: Click Type: ClickType.ACTIONCHAINS
2025-12-08 09:28:16,029-DEBUG-root-39136::webapp_internal::fill_grid|6486:: Trying to select cell in grid!
2025-12-08 09:28:16,031-DEBUG-root-39136::base::click|192:: Click Type: ClickType.ACTIONCHAINS
2025-12-08 09:28:16,323-DEBUG-root-39136::webapp_internal::fill_grid|6486:: Trying to select cell in grid!
2025-12-08 09:28:16,325-DEBUG-root-39136::base::click|192:: Click Type: ClickType.ACTIONCHAINS
2025-12-08 09:28:16,588-DEBUG-root-39136::webapp_internal::fill_grid|6486:: Trying to select cell in grid!
2025-12-08 09:28:16,590-DEBUG-root-39136::base::click|192:: Click Type: ClickType.ACTIONCHAINS
2025-12-08 09:28:16,880-DEBUG-root-39136::webapp_internal::fill_grid|6486:: Trying to select cell in grid!
2025-12-08 09:28:16,882-DEBUG-root-39136::base::click|192:: Click Type: ClickType.ACTIONCHAINS
2025-12-08 09:28:17,176-DEBUG-root-39136::webapp_internal::fill_grid|6486:: Trying to select cell in grid!
2025-12-08 09:28:17,178-DEBUG-root-39136::base::click|192:: Click Type: ClickType.ACTIONCHAINS
2025-12-08 09:28:17,440-DEBUG-root-39136::webapp_internal::fill_grid|6486:: Trying to select cell in grid!
2025-12-08 09:28:17,442-DEBUG-root-39136::base::click|192:: Click Type: ClickType.ACTIONCHAINS
2025-12-08 09:28:17,705-DEBUG-root-39136::webapp_internal::fill_grid|6486:: Trying to select cell in grid!
2025-12-08 09:28:17,707-DEBUG-root-39136::base::click|192:: Click Type: ClickType.ACTIONCHAINS
2025-12-08 09:28:17,972-DEBUG-root-39136::webapp_internal::fill_grid|6486:: Trying to select cell in grid!
2025-12-08 09:28:17,974-DEBUG-root-39136::base::click|192:: Click Type: ClickType.ACTIONCHAINS
2025-12-08 09:28:18,265-DEBUG-root-39136::webapp_internal::fill_grid|6486:: Trying to select cell in grid!
2025-12-08 09:28:18,270-DEBUG-root-39136::base::click|192:: Click Type: ClickType.ACTIONCHAINS
2025-12-08 09:28:18,558-DEBUG-root-39136::webapp_internal::fill_grid|6486:: Trying to select cell in grid!
2025-12-08 09:28:18,560-DEBUG-root-39136::base::click|192:: Click Type: ClickType.ACTIONCHAINS
2025-12-08 09:28:18,824-DEBUG-root-39136::webapp_internal::fill_grid|6486:: Trying to select cell in grid!
2025-12-08 09:28:18,826-DEBUG-root-39136::base::click|192:: Click Type: ClickType.ACTIONCHAINS
2025-12-08 09:28:19,090-DEBUG-root-39136::webapp_internal::fill_grid|6486:: Trying to select cell in grid!
2025-12-08 09:28:19,091-DEBUG-root-39136::base::click|192:: Click Type: ClickType.ACTIONCHAINS
2025-12-08 09:28:19,382-DEBUG-root-39136::webapp_internal::fill_grid|6486:: Trying to select cell in grid!
2025-12-08 09:28:19,387-DEBUG-root-39136::base::click|192:: Click Type: ClickType.ACTIONCHAINS
2025-12-08 09:28:19,676-DEBUG-root-39136::webapp_internal::fill_grid|6486:: Trying to select cell in grid!
2025-12-08 09:28:19,678-DEBUG-root-39136::base::click|192:: Click Type: ClickType.ACTIONCHAINS
2025-12-08 09:28:19,957-DEBUG-root-39136::webapp_internal::fill_grid|6486:: Trying to select cell in grid!
2025-12-08 09:28:19,959-DEBUG-root-39136::base::click|192:: Click Type: ClickType.ACTIONCHAINS
2025-12-08 09:28:20,224-DEBUG-root-39136::webapp_internal::fill_grid|6486:: Trying to select cell in grid!
2025-12-08 09:28:20,225-DEBUG-root-39136::base::click|192:: Click Type: ClickType.ACTIONCHAINS
2025-12-08 09:28:20,491-DEBUG-root-39136::webapp_internal::fill_grid|6486:: Trying to select cell in grid!
2025-12-08 09:28:20,493-DEBUG-root-39136::base::click|192:: Click Type: ClickType.ACTIONCHAINS
2025-12-08 09:28:20,779-DEBUG-root-39136::webapp_internal::fill_grid|6486:: Trying to select cell in grid!
2025-12-08 09:28:20,781-DEBUG-root-39136::base::click|192:: Click Type: ClickType.ACTIONCHAINS
2025-12-08 09:28:21,078-DEBUG-root-39136::webapp_internal::fill_grid|6486:: Trying to select cell in grid!
2025-12-08 09:28:21,080-DEBUG-root-39136::base::click|192:: Click Type: ClickType.ACTIONCHAINS
2025-12-08 09:28:21,374-DEBUG-root-39136::webapp_internal::fill_grid|6486:: Trying to select cell in grid!
2025-12-08 09:28:21,375-DEBUG-root-39136::base::click|192:: Click Type: ClickType.ACTIONCHAINS
2025-12-08 09:28:21,667-DEBUG-root-39136::webapp_internal::fill_grid|6486:: Trying to select cell in grid!
2025-12-08 09:28:21,671-DEBUG-root-39136::base::click|192:: Click Type: ClickType.ACTIONCHAINS
2025-12-08 09:28:21,931-DEBUG-root-39136::webapp_internal::fill_grid|6486:: Trying to select cell in grid!
2025-12-08 09:28:21,933-DEBUG-root-39136::base::click|192:: Click Type: ClickType.ACTIONCHAINS
2025-12-08 09:28:22,229-DEBUG-root-39136::webapp_internal::fill_grid|6486:: Trying to select cell in grid!
2025-12-08 09:28:22,230-DEBUG-root-39136::base::click|192:: Click Type: ClickType.ACTIONCHAINS
2025-12-08 09:28:22,526-DEBUG-root-39136::webapp_internal::fill_grid|6486:: Trying to select cell in grid!
2025-12-08 09:28:22,528-DEBUG-root-39136::base::click|192:: Click Type: ClickType.ACTIONCHAINS
2025-12-08 09:28:22,821-DEBUG-root-39136::webapp_internal::fill_grid|6486:: Trying to select cell in grid!
2025-12-08 09:28:22,823-DEBUG-root-39136::base::click|192:: Click Type: ClickType.ACTIONCHAINS
2025-12-08 09:28:23,083-DEBUG-root-39136::webapp_internal::fill_grid|6486:: Trying to select cell in grid!
2025-12-08 09:28:23,087-DEBUG-root-39136::base::click|192:: Click Type: ClickType.ACTIONCHAINS
2025-12-08 09:28:23,380-DEBUG-root-39136::webapp_internal::fill_grid|6486:: Trying to select cell in grid!
2025-12-08 09:28:23,382-DEBUG-root-39136::base::click|192:: Click Type: ClickType.ACTIONCHAINS
2025-12-08 09:28:23,677-DEBUG-root-39136::webapp_internal::fill_grid|6486:: Trying to select cell in grid!
2025-12-08 09:28:23,679-DEBUG-root-39136::base::click|192:: Click Type: ClickType.ACTIONCHAINS
2025-12-08 09:28:23,957-DEBUG-root-39136::webapp_internal::fill_grid|6486:: Trying to select cell in grid!
2025-12-08 09:28:23,959-DEBUG-root-39136::base::click|192:: Click Type: ClickType.ACTIONCHAINS
2025-12-08 09:28:24,224-DEBUG-root-39136::webapp_internal::fill_grid|6486:: Trying to select cell in grid!
2025-12-08 09:28:24,226-DEBUG-root-39136::base::click|192:: Click Type: ClickType.ACTIONCHAINS
2025-12-08 09:28:24,513-DEBUG-root-39136::webapp_internal::fill_grid|6486:: Trying to select cell in grid!
2025-12-08 09:28:24,515-DEBUG-root-39136::base::click|192:: Click Type: ClickType.ACTIONCHAINS
2025-12-08 09:28:24,810-DEBUG-root-39136::webapp_internal::fill_grid|6486:: Trying to select cell in grid!
2025-12-08 09:28:24,812-DEBUG-root-39136::base::click|192:: Click Type: ClickType.ACTIONCHAINS
2025-12-08 09:28:25,092-DEBUG-root-39136::webapp_internal::fill_grid|6486:: Trying to select cell in grid!
2025-12-08 09:28:25,094-DEBUG-root-39136::base::click|192:: Click Type: ClickType.ACTIONCHAINS
2025-12-08 09:28:25,359-DEBUG-root-39136::webapp_internal::fill_grid|6486:: Trying to select cell in grid!
2025-12-08 09:28:25,360-DEBUG-root-39136::base::click|192:: Click Type: ClickType.ACTIONCHAINS
2025-12-08 09:28:25,624-DEBUG-root-39136::webapp_internal::fill_grid|6486:: Trying to select cell in grid!
2025-12-08 09:28:25,626-DEBUG-root-39136::base::click|192:: Click Type: ClickType.ACTIONCHAINS
2025-12-08 09:28:25,913-DEBUG-root-39136::webapp_internal::fill_grid|6486:: Trying to select cell in grid!
2025-12-08 09:28:25,915-DEBUG-root-39136::base::click|192:: Click Type: ClickType.ACTIONCHAINS
2025-12-08 09:28:26,179-DEBUG-root-39136::webapp_internal::fill_grid|6486:: Trying to select cell in grid!
2025-12-08 09:28:26,181-DEBUG-root-39136::base::click|192:: Click Type: ClickType.ACTIONCHAINS
2025-12-08 09:28:26,488-DEBUG-root-39136::webapp_internal::fill_grid|6486:: Trying to select cell in grid!
2025-12-08 09:28:26,490-DEBUG-root-39136::base::click|192:: Click Type: ClickType.ACTIONCHAINS
2025-12-08 09:28:26,771-DEBUG-root-39136::webapp_internal::fill_grid|6486:: Trying to select cell in grid!
2025-12-08 09:28:26,773-DEBUG-root-39136::base::click|192:: Click Type: ClickType.ACTIONCHAINS
2025-12-08 09:28:27,063-DEBUG-root-39136::webapp_internal::fill_grid|6486:: Trying to select cell in grid!
2025-12-08 09:28:27,065-DEBUG-root-39136::base::click|192:: Click Type: ClickType.ACTIONCHAINS
2025-12-08 09:28:27,360-DEBUG-root-39136::webapp_internal::fill_grid|6486:: Trying to select cell in grid!
2025-12-08 09:28:27,362-DEBUG-root-39136::base::click|192:: Click Type: ClickType.ACTIONCHAINS
2025-12-08 09:28:27,654-DEBUG-root-39136::webapp_internal::fill_grid|6486:: Trying to select cell in grid!
2025-12-08 09:28:27,657-DEBUG-root-39136::base::click|192:: Click Type: ClickType.ACTIONCHAINS
2025-12-08 09:28:27,944-DEBUG-root-39136::webapp_internal::fill_grid|6486:: Trying to select cell in grid!
2025-12-08 09:28:27,945-DEBUG-root-39136::base::click|192:: Click Type: ClickType.ACTIONCHAINS
2025-12-08 09:28:28,224-DEBUG-root-39136::webapp_internal::fill_grid|6486:: Trying to select cell in grid!
2025-12-08 09:28:28,226-DEBUG-root-39136::base::click|192:: Click Type: ClickType.ACTIONCHAINS
2025-12-08 09:28:28,490-DEBUG-root-39136::webapp_internal::fill_grid|6486:: Trying to select cell in grid!
2025-12-08 09:28:28,492-DEBUG-root-39136::base::click|192:: Click Type: ClickType.ACTIONCHAINS
2025-12-08 09:28:28,780-DEBUG-root-39136::webapp_internal::fill_grid|6486:: Trying to select cell in grid!
2025-12-08 09:28:28,783-DEBUG-root-39136::base::click|192:: Click Type: ClickType.ACTIONCHAINS
2025-12-08 09:28:29,046-DEBUG-root-39136::webapp_internal::fill_grid|6486:: Trying to select cell in grid!
2025-12-08 09:28:29,047-DEBUG-root-39136::base::click|192:: Click Type: ClickType.ACTIONCHAINS
2025-12-08 09:28:29,310-DEBUG-root-39136::webapp_internal::fill_grid|6486:: Trying to select cell in grid!
2025-12-08 09:28:29,313-DEBUG-root-39136::base::click|192:: Click Type: ClickType.ACTIONCHAINS
2025-12-08 09:28:29,593-DEBUG-root-39136::webapp_internal::fill_grid|6486:: Trying to select cell in grid!
2025-12-08 09:28:29,595-DEBUG-root-39136::base::click|192:: Click Type: ClickType.ACTIONCHAINS
2025-12-08 09:28:29,859-DEBUG-root-39136::webapp_internal::fill_grid|6486:: Trying to select cell in grid!
2025-12-08 09:28:29,861-DEBUG-root-39136::base::click|192:: Click Type: ClickType.ACTIONCHAINS
2025-12-08 09:28:30,124-DEBUG-root-39136::webapp_internal::fill_grid|6486:: Trying to select cell in grid!
2025-12-08 09:28:30,125-DEBUG-root-39136::base::click|192:: Click Type: ClickType.ACTIONCHAINS
2025-12-08 09:28:30,388-DEBUG-root-39136::webapp_internal::fill_grid|6486:: Trying to select cell in grid!
2025-12-08 09:28:30,390-DEBUG-root-39136::base::click|192:: Click Type: ClickType.ACTIONCHAINS
2025-12-08 09:28:30,688-DEBUG-root-39136::webapp_internal::fill_grid|6486:: Trying to select cell in grid!
2025-12-08 09:28:30,690-DEBUG-root-39136::base::click|192:: Click Type: ClickType.ACTIONCHAINS
2025-12-08 09:28:36,074-DEBUG-root-39136::webapp_internal::fill_grid|6498:: Trying open cell in grid!
2025-12-08 09:28:36,360-DEBUG-root-39136::webapp_internal::wait_blocker|2444:: Waiting blocker to continue...
2025-12-08 09:28:36,502-DEBUG-root-39136::webapp_internal::wait_blocker|2469:: Blocker status: False
2025-12-08 09:28:36,709-DEBUG-root-39136::webapp_internal::wait_element_timeout|7726:: Element found! Waiting for element to be displayed.
2025-12-08 09:28:37,104-DEBUG-root-39136::webapp_internal::fill_grid|6577:: Sending keys: 227884
2025-12-08 09:28:37,408-DEBUG-root-39136::webapp_internal::wait_blocker|2444:: Waiting blocker to continue...
2025-12-08 09:28:37,556-DEBUG-root-39136::webapp_internal::wait_blocker|2469:: Blocker status: False
2025-12-08 09:28:37,710-DEBUG-root-39136::webapp_internal::wait_element_timeout|7726:: Element found! Waiting for element to be displayed.
2025-12-08 09:28:38,025-INFO-root-39136::webapp_internal::ClickFolder|5081:: Clicking on folder: Transporte
2025-12-08 09:28:38,026-DEBUG-root-39136::webapp_internal::wait_blocker|2444:: Waiting blocker to continue...
2025-12-08 09:28:38,158-DEBUG-root-39136::webapp_internal::wait_blocker|2469:: Blocker status: False
2025-12-08 09:28:38,193-DEBUG-root-39136::webapp_internal::wait_element|7623:: Waiting for element
2025-12-08 09:28:38,465-DEBUG-root-39136::webapp_internal::wait_element|7653:: Element found! Waiting for element to be displayed.
2025-12-08 09:28:40,047-DEBUG-root-39136::webapp_internal::wait_blocker|2444:: Waiting blocker to continue...
2025-12-08 09:28:40,192-DEBUG-root-39136::webapp_internal::wait_blocker|2469:: Blocker status: False
2025-12-08 09:28:40,192-INFO-root-39136::webapp_internal::SetKey|5822:: Key pressed: TAB
2025-12-08 09:28:40,192-DEBUG-root-39136::webapp_internal::SetKey|5857:: Trying press key
2025-12-08 09:28:40,193-DEBUG-root-39136::webapp_internal::wait_element|7623:: Waiting for element
2025-12-08 09:28:40,293-DEBUG-root-39136::webapp_internal::wait_element|7653:: Element found! Waiting for element to be displayed.
2025-12-08 09:28:40,561-DEBUG-root-39136::webapp_internal::wait_blocker|2444:: Waiting blocker to continue...
2025-12-08 09:28:40,700-DEBUG-root-39136::webapp_internal::wait_blocker|2469:: Blocker status: False
2025-12-08 09:28:40,700-INFO-root-39136::webapp_internal::LoadGrid|6298:: Filling grid field: Tipo
2025-12-08 09:28:40,700-DEBUG-root-39136::webapp_internal::fill_grid|6399:: Grid loading...
2025-12-08 09:28:41,087-DEBUG-root-39136::webapp_internal::fill_grid|6466:: Column found!
2025-12-08 09:28:41,125-DEBUG-root-39136::base::click|192:: Click Type: ClickType.ACTIONCHAINS
2025-12-08 09:28:46,438-DEBUG-root-39136::webapp_internal::fill_grid|6498:: Trying open cell in grid!
2025-12-08 09:28:46,724-DEBUG-root-39136::webapp_internal::wait_blocker|2444:: Waiting blocker to continue...
2025-12-08 09:28:46,861-DEBUG-root-39136::webapp_internal::wait_blocker|2469:: Blocker status: False
2025-12-08 09:28:47,054-DEBUG-root-39136::webapp_internal::wait_element_timeout|7726:: Element found! Waiting for element to be displayed.
2025-12-08 09:28:48,452-INFO-root-39136::base::select_combo|871:: Selected value for combo is: 1 - Aereo
2025-12-08 09:28:48,646-DEBUG-root-39136::webapp_internal::wait_blocker|2444:: Waiting blocker to continue...
2025-12-08 09:28:48,788-DEBUG-root-39136::webapp_internal::wait_blocker|2469:: Blocker status: False
2025-12-08 09:28:48,815-DEBUG-root-39136::webapp_internal::wait_blocker|2444:: Waiting blocker to continue...
2025-12-08 09:28:48,947-DEBUG-root-39136::webapp_internal::wait_blocker|2469:: Blocker status: False
2025-12-08 09:28:48,947-DEBUG-root-39136::webapp_internal::send_action|10480:: Trying to send action
2025-12-08 09:28:49,986-DEBUG-root-39136::webapp_internal::send_action|10522:: send_action method result = True
2025-12-08 09:28:49,987-DEBUG-root-39136::webapp_internal::send_action|10523:: send_action selenium status: False
2025-12-08 09:28:49,987-DEBUG-root-39136::webapp_internal::wait_blocker|2444:: Waiting blocker to continue...
2025-12-08 09:28:50,115-DEBUG-root-39136::webapp_internal::wait_blocker|2469:: Blocker status: False
2025-12-08 09:28:50,115-INFO-root-39136::webapp_internal::SetKey|5822:: Key pressed: TAB
2025-12-08 09:28:50,115-DEBUG-root-39136::webapp_internal::SetKey|5857:: Trying press key
2025-12-08 09:28:50,116-DEBUG-root-39136::webapp_internal::wait_element|7623:: Waiting for element
2025-12-08 09:28:50,258-DEBUG-root-39136::webapp_internal::wait_element|7653:: Element found! Waiting for element to be displayed.
2025-12-08 09:28:50,537-DEBUG-root-39136::webapp_internal::wait_blocker|2444:: Waiting blocker to continue...
2025-12-08 09:28:50,660-DEBUG-root-39136::webapp_internal::wait_blocker|2469:: Blocker status: False
2025-12-08 09:28:50,661-INFO-root-39136::webapp_internal::LoadGrid|6298:: Filling grid field: Partida
2025-12-08 09:28:50,661-DEBUG-root-39136::webapp_internal::fill_grid|6399:: Grid loading...
2025-12-08 09:28:51,011-DEBUG-root-39136::webapp_internal::fill_grid|6466:: Column found!
2025-12-08 09:28:51,054-DEBUG-root-39136::base::click|192:: Click Type: ClickType.ACTIONCHAINS
2025-12-08 09:28:56,476-DEBUG-root-39136::webapp_internal::fill_grid|6498:: Trying open cell in grid!
2025-12-08 09:28:56,760-DEBUG-root-39136::webapp_internal::wait_blocker|2444:: Waiting blocker to continue...
2025-12-08 09:28:56,913-DEBUG-root-39136::webapp_internal::wait_blocker|2469:: Blocker status: False
2025-12-08 09:28:57,104-DEBUG-root-39136::webapp_internal::wait_element_timeout|7726:: Element found! Waiting for element to be displayed.
2025-12-08 09:28:57,446-DEBUG-root-39136::webapp_internal::fill_grid|6577:: Sending keys: 21/12/2025
2025-12-08 09:28:57,754-DEBUG-root-39136::webapp_internal::wait_blocker|2444:: Waiting blocker to continue...
2025-12-08 09:28:57,907-DEBUG-root-39136::webapp_internal::wait_blocker|2469:: Blocker status: False
2025-12-08 09:29:03,339-DEBUG-root-39136::webapp_internal::wait_blocker|2444:: Waiting blocker to continue...
2025-12-08 09:29:03,470-DEBUG-root-39136::webapp_internal::wait_blocker|2469:: Blocker status: False
2025-12-08 09:29:03,498-DEBUG-root-39136::webapp_internal::wait_blocker|2444:: Waiting blocker to continue...
2025-12-08 09:29:03,637-DEBUG-root-39136::webapp_internal::wait_blocker|2469:: Blocker status: False
2025-12-08 09:29:03,637-DEBUG-root-39136::webapp_internal::send_action|10480:: Trying to send action
2025-12-08 09:29:04,677-DEBUG-root-39136::webapp_internal::send_action|10522:: send_action method result = True
2025-12-08 09:29:04,677-DEBUG-root-39136::webapp_internal::send_action|10523:: send_action selenium status: False
2025-12-08 09:29:04,678-DEBUG-root-39136::webapp_internal::wait_blocker|2444:: Waiting blocker to continue...
2025-12-08 09:29:04,824-DEBUG-root-39136::webapp_internal::wait_blocker|2469:: Blocker status: False
2025-12-08 09:29:04,824-INFO-root-39136::webapp_internal::SetKey|5822:: Key pressed: TAB
2025-12-08 09:29:04,824-DEBUG-root-39136::webapp_internal::SetKey|5857:: Trying press key
2025-12-08 09:29:04,824-DEBUG-root-39136::webapp_internal::wait_element|7623:: Waiting for element
2025-12-08 09:29:04,922-DEBUG-root-39136::webapp_internal::wait_element|7653:: Element found! Waiting for element to be displayed.
2025-12-08 09:29:05,232-DEBUG-root-39136::webapp_internal::wait_blocker|2444:: Waiting blocker to continue...
2025-12-08 09:29:05,361-DEBUG-root-39136::webapp_internal::wait_blocker|2469:: Blocker status: False
2025-12-08 09:29:05,361-INFO-root-39136::webapp_internal::LoadGrid|6298:: Filling grid field: Hora Partida
2025-12-08 09:29:05,361-DEBUG-root-39136::webapp_internal::fill_grid|6399:: Grid loading...
2025-12-08 09:29:05,706-DEBUG-root-39136::webapp_internal::fill_grid|6466:: Column found!
2025-12-08 09:29:05,755-DEBUG-root-39136::base::click|192:: Click Type: ClickType.ACTIONCHAINS
2025-12-08 09:29:11,123-DEBUG-root-39136::webapp_internal::fill_grid|6498:: Trying open cell in grid!
2025-12-08 09:29:11,393-DEBUG-root-39136::webapp_internal::wait_blocker|2444:: Waiting blocker to continue...
2025-12-08 09:29:11,565-DEBUG-root-39136::webapp_internal::wait_blocker|2469:: Blocker status: False
2025-12-08 09:29:11,754-DEBUG-root-39136::webapp_internal::wait_element_timeout|7726:: Element found! Waiting for element to be displayed.
2025-12-08 09:29:12,094-DEBUG-root-39136::webapp_internal::fill_grid|6577:: Sending keys: 08:00
2025-12-08 09:29:12,400-DEBUG-root-39136::webapp_internal::wait_blocker|2444:: Waiting blocker to continue...
2025-12-08 09:29:12,605-DEBUG-root-39136::webapp_internal::wait_blocker|2469:: Blocker status: False
2025-12-08 09:29:18,087-DEBUG-root-39136::webapp_internal::wait_blocker|2444:: Waiting blocker to continue...
2025-12-08 09:29:18,220-DEBUG-root-39136::webapp_internal::wait_blocker|2469:: Blocker status: False
2025-12-08 09:29:18,247-DEBUG-root-39136::webapp_internal::wait_blocker|2444:: Waiting blocker to continue...
2025-12-08 09:29:18,383-DEBUG-root-39136::webapp_internal::wait_blocker|2469:: Blocker status: False
2025-12-08 09:29:18,384-DEBUG-root-39136::webapp_internal::send_action|10480:: Trying to send action
2025-12-08 09:29:19,430-DEBUG-root-39136::webapp_internal::send_action|10522:: send_action method result = True
2025-12-08 09:29:19,430-DEBUG-root-39136::webapp_internal::send_action|10523:: send_action selenium status: False
2025-12-08 09:29:19,430-DEBUG-root-39136::webapp_internal::wait_blocker|2444:: Waiting blocker to continue...
2025-12-08 09:29:19,573-DEBUG-root-39136::webapp_internal::wait_blocker|2469:: Blocker status: False
2025-12-08 09:29:19,573-INFO-root-39136::webapp_internal::SetKey|5822:: Key pressed: TAB
2025-12-08 09:29:19,573-DEBUG-root-39136::webapp_internal::SetKey|5857:: Trying press key
2025-12-08 09:29:19,573-DEBUG-root-39136::webapp_internal::wait_element|7623:: Waiting for element
2025-12-08 09:29:19,673-DEBUG-root-39136::webapp_internal::wait_element|7653:: Element found! Waiting for element to be displayed.
2025-12-08 09:29:19,973-DEBUG-root-39136::webapp_internal::wait_blocker|2444:: Waiting blocker to continue...
2025-12-08 09:29:20,109-DEBUG-root-39136::webapp_internal::wait_blocker|2469:: Blocker status: False
2025-12-08 09:29:20,110-INFO-root-39136::webapp_internal::LoadGrid|6298:: Filling grid field: Origem
2025-12-08 09:29:20,110-DEBUG-root-39136::webapp_internal::fill_grid|6399:: Grid loading...
2025-12-08 09:29:20,450-DEBUG-root-39136::webapp_internal::fill_grid|6466:: Column found!
2025-12-08 09:29:20,488-DEBUG-root-39136::base::click|192:: Click Type: ClickType.ACTIONCHAINS
2025-12-08 09:29:25,872-DEBUG-root-39136::webapp_internal::fill_grid|6498:: Trying open cell in grid!
2025-12-08 09:29:26,165-DEBUG-root-39136::webapp_internal::wait_blocker|2444:: Waiting blocker to continue...
2025-12-08 09:29:26,345-DEBUG-root-39136::webapp_internal::wait_blocker|2469:: Blocker status: False
2025-12-08 09:29:26,539-DEBUG-root-39136::webapp_internal::wait_element_timeout|7726:: Element found! Waiting for element to be displayed.
2025-12-08 09:29:26,891-DEBUG-root-39136::webapp_internal::fill_grid|6577:: Sending keys: DF00108
2025-12-08 09:29:27,198-DEBUG-root-39136::webapp_internal::wait_blocker|2444:: Waiting blocker to continue...
2025-12-08 09:29:27,331-DEBUG-root-39136::webapp_internal::wait_blocker|2469:: Blocker status: False
2025-12-08 09:29:27,494-DEBUG-root-39136::webapp_internal::wait_element_timeout|7726:: Element found! Waiting for element to be displayed.
2025-12-08 09:29:27,947-DEBUG-root-39136::webapp_internal::wait_blocker|2444:: Waiting blocker to continue...
2025-12-08 09:29:28,078-DEBUG-root-39136::webapp_internal::wait_blocker|2469:: Blocker status: False
2025-12-08 09:29:28,105-DEBUG-root-39136::webapp_internal::wait_blocker|2444:: Waiting blocker to continue...
2025-12-08 09:29:28,232-DEBUG-root-39136::webapp_internal::wait_blocker|2469:: Blocker status: False
2025-12-08 09:29:28,232-DEBUG-root-39136::webapp_internal::send_action|10480:: Trying to send action
2025-12-08 09:29:29,271-DEBUG-root-39136::webapp_internal::send_action|10522:: send_action method result = True
2025-12-08 09:29:29,271-DEBUG-root-39136::webapp_internal::send_action|10523:: send_action selenium status: False
2025-12-08 09:29:29,271-DEBUG-root-39136::webapp_internal::wait_blocker|2444:: Waiting blocker to continue...
2025-12-08 09:29:29,411-DEBUG-root-39136::webapp_internal::wait_blocker|2469:: Blocker status: False
2025-12-08 09:29:29,411-INFO-root-39136::webapp_internal::SetKey|5822:: Key pressed: TAB
2025-12-08 09:29:29,411-DEBUG-root-39136::webapp_internal::SetKey|5857:: Trying press key
2025-12-08 09:29:29,411-DEBUG-root-39136::webapp_internal::wait_element|7623:: Waiting for element
2025-12-08 09:29:29,509-DEBUG-root-39136::webapp_internal::wait_element|7653:: Element found! Waiting for element to be displayed.
2025-12-08 09:29:29,765-DEBUG-root-39136::webapp_internal::wait_blocker|2444:: Waiting blocker to continue...
2025-12-08 09:29:29,909-DEBUG-root-39136::webapp_internal::wait_blocker|2469:: Blocker status: False
2025-12-08 09:29:29,909-INFO-root-39136::webapp_internal::LoadGrid|6298:: Filling grid field: Destino
2025-12-08 09:29:29,909-DEBUG-root-39136::webapp_internal::fill_grid|6399:: Grid loading...
2025-12-08 09:29:30,274-DEBUG-root-39136::webapp_internal::fill_grid|6466:: Column found!
2025-12-08 09:29:30,309-DEBUG-root-39136::base::click|192:: Click Type: ClickType.ACTIONCHAINS
2025-12-08 09:29:35,750-DEBUG-root-39136::webapp_internal::fill_grid|6498:: Trying open cell in grid!
2025-12-08 09:29:36,045-DEBUG-root-39136::webapp_internal::wait_blocker|2444:: Waiting blocker to continue...
2025-12-08 09:29:36,230-DEBUG-root-39136::webapp_internal::wait_blocker|2469:: Blocker status: False
2025-12-08 09:29:36,414-DEBUG-root-39136::webapp_internal::wait_element_timeout|7726:: Element found! Waiting for element to be displayed.
2025-12-08 09:29:36,758-DEBUG-root-39136::webapp_internal::fill_grid|6577:: Sending keys: GO08707
2025-12-08 09:29:37,043-DEBUG-root-39136::webapp_internal::wait_blocker|2444:: Waiting blocker to continue...
2025-12-08 09:29:37,178-DEBUG-root-39136::webapp_internal::wait_blocker|2469:: Blocker status: False
2025-12-08 09:29:37,337-DEBUG-root-39136::webapp_internal::wait_element_timeout|7726:: Element found! Waiting for element to be displayed.
2025-12-08 09:29:37,809-DEBUG-root-39136::webapp_internal::wait_blocker|2444:: Waiting blocker to continue...
2025-12-08 09:29:37,949-DEBUG-root-39136::webapp_internal::wait_blocker|2469:: Blocker status: False
2025-12-08 09:29:37,979-DEBUG-root-39136::webapp_internal::wait_blocker|2444:: Waiting blocker to continue...
2025-12-08 09:29:38,108-DEBUG-root-39136::webapp_internal::wait_blocker|2469:: Blocker status: False
2025-12-08 09:29:38,109-DEBUG-root-39136::webapp_internal::send_action|10480:: Trying to send action
2025-12-08 09:29:39,144-DEBUG-root-39136::webapp_internal::send_action|10522:: send_action method result = True
2025-12-08 09:29:39,144-DEBUG-root-39136::webapp_internal::send_action|10523:: send_action selenium status: False
2025-12-08 09:29:39,145-DEBUG-root-39136::webapp_internal::wait_blocker|2444:: Waiting blocker to continue...
2025-12-08 09:29:39,290-DEBUG-root-39136::webapp_internal::wait_blocker|2469:: Blocker status: False
2025-12-08 09:29:39,290-INFO-root-39136::webapp_internal::SetKey|5822:: Key pressed: TAB
2025-12-08 09:29:39,290-DEBUG-root-39136::webapp_internal::SetKey|5857:: Trying press key
2025-12-08 09:29:39,290-DEBUG-root-39136::webapp_internal::wait_element|7623:: Waiting for element
2025-12-08 09:29:39,389-DEBUG-root-39136::webapp_internal::wait_element|7653:: Element found! Waiting for element to be displayed.
2025-12-08 09:29:39,660-DEBUG-root-39136::webapp_internal::wait_blocker|2444:: Waiting blocker to continue...
2025-12-08 09:29:39,784-DEBUG-root-39136::webapp_internal::wait_blocker|2469:: Blocker status: False
2025-12-08 09:29:39,784-INFO-root-39136::webapp_internal::LoadGrid|6298:: Filling grid field: Chegada
2025-12-08 09:29:39,784-DEBUG-root-39136::webapp_internal::fill_grid|6399:: Grid loading...
2025-12-08 09:29:40,165-DEBUG-root-39136::webapp_internal::fill_grid|6466:: Column found!
2025-12-08 09:29:40,208-DEBUG-root-39136::base::click|192:: Click Type: ClickType.ACTIONCHAINS
2025-12-08 09:29:45,647-DEBUG-root-39136::webapp_internal::fill_grid|6498:: Trying open cell in grid!
2025-12-08 09:29:45,942-DEBUG-root-39136::webapp_internal::wait_blocker|2444:: Waiting blocker to continue...
2025-12-08 09:29:46,082-DEBUG-root-39136::webapp_internal::wait_blocker|2469:: Blocker status: False
2025-12-08 09:29:46,277-DEBUG-root-39136::webapp_internal::wait_element_timeout|7726:: Element found! Waiting for element to be displayed.
2025-12-08 09:29:46,612-DEBUG-root-39136::webapp_internal::fill_grid|6577:: Sending keys: 21/12/2025
2025-12-08 09:29:46,913-DEBUG-root-39136::webapp_internal::wait_blocker|2444:: Waiting blocker to continue...
2025-12-08 09:29:47,077-DEBUG-root-39136::webapp_internal::wait_blocker|2469:: Blocker status: False
2025-12-08 09:29:52,529-DEBUG-root-39136::webapp_internal::wait_blocker|2444:: Waiting blocker to continue...
2025-12-08 09:29:52,676-DEBUG-root-39136::webapp_internal::wait_blocker|2469:: Blocker status: False
2025-12-08 09:29:52,703-DEBUG-root-39136::webapp_internal::wait_blocker|2444:: Waiting blocker to continue...
2025-12-08 09:29:52,831-DEBUG-root-39136::webapp_internal::wait_blocker|2469:: Blocker status: False
2025-12-08 09:29:52,831-DEBUG-root-39136::webapp_internal::send_action|10480:: Trying to send action
2025-12-08 09:29:53,874-DEBUG-root-39136::webapp_internal::send_action|10522:: send_action method result = True
2025-12-08 09:29:53,875-DEBUG-root-39136::webapp_internal::send_action|10523:: send_action selenium status: False
2025-12-08 09:29:53,875-DEBUG-root-39136::webapp_internal::wait_blocker|2444:: Waiting blocker to continue...
2025-12-08 09:29:54,013-DEBUG-root-39136::webapp_internal::wait_blocker|2469:: Blocker status: False
2025-12-08 09:29:54,013-INFO-root-39136::webapp_internal::SetKey|5822:: Key pressed: TAB
2025-12-08 09:29:54,013-DEBUG-root-39136::webapp_internal::SetKey|5857:: Trying press key
2025-12-08 09:29:54,013-DEBUG-root-39136::webapp_internal::wait_element|7623:: Waiting for element
2025-12-08 09:29:54,111-DEBUG-root-39136::webapp_internal::wait_element|7653:: Element found! Waiting for element to be displayed.
2025-12-08 09:29:54,371-DEBUG-root-39136::webapp_internal::wait_blocker|2444:: Waiting blocker to continue...
2025-12-08 09:29:54,509-DEBUG-root-39136::webapp_internal::wait_blocker|2469:: Blocker status: False
2025-12-08 09:29:54,510-INFO-root-39136::webapp_internal::LoadGrid|6298:: Filling grid field: Hora Chegada
2025-12-08 09:29:54,510-DEBUG-root-39136::webapp_internal::fill_grid|6399:: Grid loading...
2025-12-08 09:29:54,880-DEBUG-root-39136::webapp_internal::fill_grid|6466:: Column found!
2025-12-08 09:29:54,929-DEBUG-root-39136::base::click|192:: Click Type: ClickType.ACTIONCHAINS
2025-12-08 09:30:00,255-DEBUG-root-39136::webapp_internal::fill_grid|6498:: Trying open cell in grid!
2025-12-08 09:30:00,544-DEBUG-root-39136::webapp_internal::wait_blocker|2444:: Waiting blocker to continue...
2025-12-08 09:30:00,697-DEBUG-root-39136::webapp_internal::wait_blocker|2469:: Blocker status: False
2025-12-08 09:30:00,887-DEBUG-root-39136::webapp_internal::wait_element_timeout|7726:: Element found! Waiting for element to be displayed.
2025-12-08 09:30:01,254-DEBUG-root-39136::webapp_internal::fill_grid|6577:: Sending keys: 12:00
2025-12-08 09:30:01,563-DEBUG-root-39136::webapp_internal::wait_blocker|2444:: Waiting blocker to continue...
2025-12-08 09:30:01,730-DEBUG-root-39136::webapp_internal::wait_blocker|2469:: Blocker status: False
2025-12-08 09:30:07,232-DEBUG-root-39136::webapp_internal::wait_blocker|2444:: Waiting blocker to continue...
2025-12-08 09:30:07,381-DEBUG-root-39136::webapp_internal::wait_blocker|2469:: Blocker status: False
2025-12-08 09:30:07,427-DEBUG-root-39136::webapp_internal::wait_blocker|2444:: Waiting blocker to continue...
2025-12-08 09:30:07,562-DEBUG-root-39136::webapp_internal::wait_blocker|2469:: Blocker status: False
2025-12-08 09:30:07,562-DEBUG-root-39136::webapp_internal::send_action|10480:: Trying to send action
2025-12-08 09:30:08,605-DEBUG-root-39136::webapp_internal::send_action|10522:: send_action method result = True
2025-12-08 09:30:08,606-DEBUG-root-39136::webapp_internal::send_action|10523:: send_action selenium status: False
2025-12-08 09:30:09,107-DEBUG-root-39136::webapp_internal::wait_blocker|2444:: Waiting blocker to continue...
2025-12-08 09:30:09,242-DEBUG-root-39136::webapp_internal::wait_blocker|2469:: Blocker status: False
2025-12-08 09:30:09,242-INFO-root-39136::webapp_internal::SetKey|5822:: Key pressed: DOWN
2025-12-08 09:30:09,242-DEBUG-root-39136::webapp_internal::wait_blocker|2444:: Waiting blocker to continue...
2025-12-08 09:30:09,378-DEBUG-root-39136::webapp_internal::wait_blocker|2469:: Blocker status: False
2025-12-08 09:30:09,378-INFO-root-39136::webapp_internal::SetKey|5822:: Key pressed: TAB
2025-12-08 09:30:09,378-DEBUG-root-39136::webapp_internal::SetKey|5857:: Trying press key
2025-12-08 09:30:09,378-DEBUG-root-39136::webapp_internal::wait_element|7623:: Waiting for element
2025-12-08 09:30:09,474-DEBUG-root-39136::webapp_internal::wait_element|7653:: Element found! Waiting for element to be displayed.
2025-12-08 09:30:09,786-DEBUG-root-39136::webapp_internal::new_grid_line|7014:: New grid line
2025-12-08 09:30:11,324-DEBUG-root-39136::webapp_internal::wait_blocker|2444:: Waiting blocker to continue...
2025-12-08 09:30:11,458-DEBUG-root-39136::webapp_internal::wait_blocker|2469:: Blocker status: False
2025-12-08 09:30:11,458-INFO-root-39136::webapp_internal::LoadGrid|6298:: Filling grid field: Tipo
2025-12-08 09:30:11,459-DEBUG-root-39136::webapp_internal::fill_grid|6399:: Grid loading...
2025-12-08 09:30:11,792-DEBUG-root-39136::webapp_internal::fill_grid|6466:: Column found!
2025-12-08 09:30:11,830-DEBUG-root-39136::base::click|192:: Click Type: ClickType.ACTIONCHAINS
2025-12-08 09:30:17,180-DEBUG-root-39136::webapp_internal::fill_grid|6498:: Trying open cell in grid!
2025-12-08 09:30:17,477-DEBUG-root-39136::webapp_internal::wait_blocker|2444:: Waiting blocker to continue...
2025-12-08 09:30:17,631-DEBUG-root-39136::webapp_internal::wait_blocker|2469:: Blocker status: False
2025-12-08 09:30:17,817-DEBUG-root-39136::webapp_internal::wait_element_timeout|7726:: Element found! Waiting for element to be displayed.
2025-12-08 09:30:18,296-DEBUG-root-39136::webapp_internal::wait_blocker|2444:: Waiting blocker to continue...
2025-12-08 09:30:18,427-DEBUG-root-39136::webapp_internal::wait_blocker|2469:: Blocker status: False
2025-12-08 09:30:18,454-DEBUG-root-39136::webapp_internal::wait_blocker|2444:: Waiting blocker to continue...
2025-12-08 09:30:18,629-DEBUG-root-39136::webapp_internal::wait_blocker|2469:: Blocker status: False
2025-12-08 09:30:18,630-DEBUG-root-39136::webapp_internal::send_action|10480:: Trying to send action
2025-12-08 09:30:19,670-DEBUG-root-39136::webapp_internal::send_action|10522:: send_action method result = True
2025-12-08 09:30:19,670-DEBUG-root-39136::webapp_internal::send_action|10523:: send_action selenium status: False
2025-12-08 09:30:19,670-DEBUG-root-39136::webapp_internal::wait_blocker|2444:: Waiting blocker to continue...
2025-12-08 09:30:19,805-DEBUG-root-39136::webapp_internal::wait_blocker|2469:: Blocker status: False
2025-12-08 09:30:19,805-INFO-root-39136::webapp_internal::SetKey|5822:: Key pressed: TAB
2025-12-08 09:30:19,805-DEBUG-root-39136::webapp_internal::SetKey|5857:: Trying press key
2025-12-08 09:30:19,805-DEBUG-root-39136::webapp_internal::wait_element|7623:: Waiting for element
2025-12-08 09:30:19,926-DEBUG-root-39136::webapp_internal::wait_element|7653:: Element found! Waiting for element to be displayed.
2025-12-08 09:30:20,206-DEBUG-root-39136::webapp_internal::wait_blocker|2444:: Waiting blocker to continue...
2025-12-08 09:30:20,337-DEBUG-root-39136::webapp_internal::wait_blocker|2469:: Blocker status: False
2025-12-08 09:30:20,337-INFO-root-39136::webapp_internal::LoadGrid|6298:: Filling grid field: Partida
2025-12-08 09:30:20,337-DEBUG-root-39136::webapp_internal::fill_grid|6399:: Grid loading...
2025-12-08 09:30:20,679-DEBUG-root-39136::webapp_internal::fill_grid|6466:: Column found!
2025-12-08 09:30:20,722-DEBUG-root-39136::base::click|192:: Click Type: ClickType.ACTIONCHAINS
2025-12-08 09:30:26,028-DEBUG-root-39136::webapp_internal::fill_grid|6498:: Trying open cell in grid!
2025-12-08 09:30:26,325-DEBUG-root-39136::webapp_internal::wait_blocker|2444:: Waiting blocker to continue...
2025-12-08 09:30:26,477-DEBUG-root-39136::webapp_internal::wait_blocker|2469:: Blocker status: False
2025-12-08 09:30:26,682-DEBUG-root-39136::webapp_internal::wait_element_timeout|7726:: Element found! Waiting for element to be displayed.
2025-12-08 09:30:27,066-DEBUG-root-39136::webapp_internal::fill_grid|6577:: Sending keys: 28/12/2025
2025-12-08 09:30:27,379-DEBUG-root-39136::webapp_internal::wait_blocker|2444:: Waiting blocker to continue...
2025-12-08 09:30:27,541-DEBUG-root-39136::webapp_internal::wait_blocker|2469:: Blocker status: False
2025-12-08 09:30:27,709-DEBUG-root-39136::webapp_internal::wait_element_timeout|7726:: Element found! Waiting for element to be displayed.
2025-12-08 09:30:38,055-DEBUG-root-39136::webapp_internal::fill_grid|6634:: Consider using the waithide and setkey('ESC') method because the input can remain selected.
2025-12-08 09:31:13,398-DEBUG-root-39136::webapp_internal::wait_blocker|2444:: Waiting blocker to continue...
2025-12-08 09:31:13,565-DEBUG-root-39136::webapp_internal::wait_blocker|2469:: Blocker status: False
2025-12-08 09:31:13,600-DEBUG-root-39136::webapp_internal::wait_blocker|2444:: Waiting blocker to continue...
2025-12-08 09:31:13,754-DEBUG-root-39136::webapp_internal::wait_blocker|2469:: Blocker status: False
2025-12-08 09:31:13,754-DEBUG-root-39136::webapp_internal::send_action|10480:: Trying to send action
2025-12-08 09:31:14,799-DEBUG-root-39136::webapp_internal::send_action|10522:: send_action method result = True
2025-12-08 09:31:14,799-DEBUG-root-39136::webapp_internal::send_action|10523:: send_action selenium status: False
2025-12-08 09:31:14,800-DEBUG-root-39136::webapp_internal::wait_blocker|2444:: Waiting blocker to continue...
2025-12-08 09:31:14,978-DEBUG-root-39136::webapp_internal::wait_blocker|2469:: Blocker status: False
2025-12-08 09:31:14,978-INFO-root-39136::webapp_internal::SetKey|5822:: Key pressed: TAB
2025-12-08 09:31:14,978-DEBUG-root-39136::webapp_internal::SetKey|5857:: Trying press key
2025-12-08 09:31:14,978-DEBUG-root-39136::webapp_internal::wait_element|7623:: Waiting for element
2025-12-08 09:31:15,047-WARNING-root-39136::webapp_internal::log_error|8143:: Warning log_error <b>Help: </b>Partida<br><br><br><b>Problema: </b> Data de partida deve ser menor ou igual que a data de chegada. <b>Solução: </b><br>
2025-12-08 09:31:15,047-DEBUG-root-39136::webapp_internal::log_error|8146:: ***System Info*** in log_error():
2025-12-08 09:31:15,048-DEBUG-root-39136::psutil_info::system_info|5:: CPU USAGE: 9.2%
2025-12-08 09:31:15,048-DEBUG-root-39136::psutil_info::system_info|6:: MEMORY USAGE: 87.2%
2025-12-08 09:31:15,048-DEBUG-root-39136::psutil_info::system_info|7:: MEMORY AVAILABLE: 12.83%
2025-12-08 09:31:15,063-DEBUG-root-39136::log::take_screenshot_log|612:: take_screenshot_log in:2025-12-08 09:31:15.063284

2025-12-08 09:31:15,165-DEBUG-root-39136::log::take_screenshot_log|627:: Screenshot file created successfully: Log\GESIT03\97137227104_20251208093115063_Viagem -_test_Cadastro_Orcamento_Viagem.png
2025-12-08 09:31:16,175-DEBUG-root-39136::log::checks_empty_line|221:: Checking empty default log info
2025-12-08 09:31:16,179-DEBUG-root-39136::log::generate_log|503:: Json log_data: {'cLogDtExec': '08/12/2025 09:31:16', 'cLogNomUsr': '97137227104', 'cLogNomEst': 'GESIT03', 'cLogProgra': None, 'cLogDtProg': '', 'cLogHrProg': '', 'nLogCtsOk': 0, 'nLogCtsNok': 1, 'nLogCtsSeg': 298.69, 'cLogVersao': '12', 'cLogReleas': '12.1.2410', 'nLogCtsErr': 'Viagem - <b>Help: </b>Partida<br><br><br><b>Problema: </b> Data de partida deve ser menor ou igual que a data de chegada. <b>Solução: </b><br>', 'cLogBancod': 'ORACLE', 'cLogIdenti': '', 'cLogIdExec': '20251208', 'cLogPais': 'BRA', 'cLogTool': 'TIR', 'cLogSequen': 'b72c0f', 'nLogCtsTot': 1, 'cLogDtExea': '08/12/2025', 'cLogHrExea': '09:31:16', 'cLogArea': 'Desenvolvimento', 'cLogMnExec': 4.978166666666667}
2025-12-08 09:31:16,179-INFO-root-39136::log::send_log_with_retries|515:: Saving log locally.
2025-12-08 09:31:16,179-INFO-root-39136::log::save_log_locally|548:: [FwSendLog]: Não foi possível enviar o log após todas as tentativas.
2025-12-08 09:31:16,180-INFO-root-39136::log::save_log_locally|555:: [FwSendLog]: Log salvo localmente em C:\TIR_TESTE\1765197076.json.
2025-12-08 09:31:17,039-ERROR-root-39136::webapp_internal::SetKey|5901:: False is not true : Viagem - <b>Help: </b>Partida<br><br><br><b>Problema: </b> Data de partida deve ser menor ou igual que a data de chegada. <b>Solução: </b><br>
Traceback (most recent call last):
  File "C:\TIR_TESTE\venv\Lib\site-packages\tir\technologies\webapp_internal.py", line 5861, in SetKey
    self.LoadGrid()
  File "C:\TIR_TESTE\venv\Lib\site-packages\tir\technologies\webapp_internal.py", line 6284, in LoadGrid
    self.wait_element(term=selector, scrap_type=enum.ScrapType.CSS_SELECTOR)
  File "C:\TIR_TESTE\venv\Lib\site-packages\tir\technologies\webapp_internal.py", line 7626, in wait_element
    while (not self.element_exists(term, scrap_type, position, optional_term, main_container, check_error, twebview, second_term) and time.time() < endtime):
               ^^^^^^^^^^^^^^^^^^^^^^^^^^^^^^^^^^^^^^^^^^^^^^^^^^^^^^^^^^^^^^^^^^^^^^^^^^^^^^^^^^^^^^^^^^^^^^^^^^^^^^^^^^^^^^^^^^
  File "C:\TIR_TESTE\venv\Lib\site-packages\tir\technologies\webapp_internal.py", line 4079, in element_exists
    self.search_for_errors()
  File "C:\TIR_TESTE\venv\Lib\site-packages\tir\technologies\webapp_internal.py", line 3970, in search_for_errors
    self.log_error(message)
  File "C:\TIR_TESTE\venv\Lib\site-packages\tir\technologies\webapp_internal.py", line 8206, in log_error
    self.assertTrue(False, log_message)
  File "C:\Users\97137227104\AppData\Local\Programs\Python\Python312\Lib\unittest\case.py", line 727, in assertTrue
    raise self.failureException(msg)
AssertionError: False is not true : Viagem - <b>Help: </b>Partida<br><br><br><b>Problema: </b> Data de partida deve ser menor ou igual que a data de chegada. <b>Solução: </b><br>
2025-12-08 09:31:17,040-DEBUG-root-39136::webapp_internal::wait_blocker|2444:: Waiting blocker to continue...
2025-12-08 09:31:17,043-DEBUG-root-39136::webapp_internal::wait_blocker|2469:: Blocker status: None
2025-12-08 09:31:17,043-INFO-root-39136::webapp_internal::SetKey|5822:: Key pressed: TAB
2025-12-08 09:31:17,043-DEBUG-root-39136::webapp_internal::SetKey|5857:: Trying press key
2025-12-08 09:31:17,043-DEBUG-root-39136::webapp_internal::wait_element|7623:: Waiting for element
2025-12-08 09:31:17,045-WARNING-root-39136::webapp_internal::log_error|8143:: Warning log_error SetKey - Screen is not load: Message: Tried to run command without establishing a connection

2025-12-08 09:31:17,045-DEBUG-root-39136::webapp_internal::log_error|8146:: ***System Info*** in log_error():
2025-12-08 09:31:17,045-DEBUG-root-39136::psutil_info::system_info|5:: CPU USAGE: 16.4%
2025-12-08 09:31:17,045-DEBUG-root-39136::psutil_info::system_info|6:: MEMORY USAGE: 79.3%
2025-12-08 09:31:17,046-DEBUG-root-39136::psutil_info::system_info|7:: MEMORY AVAILABLE: 20.74%
2025-12-08 09:31:17,064-ERROR-root-39136::webapp_internal::log_error|8181:: Warning Log Error Close Message: Tried to run command without establishing a connection
Traceback (most recent call last):
  File "C:\TIR_TESTE\venv\Lib\site-packages\tir\technologies\core\base.py", line 501, in get_current_DOM
    self.driver.switch_to.default_content()
  File "C:\TIR_TESTE\venv\Lib\site-packages\selenium\webdriver\remote\switch_to.py", line 69, in default_content
    self._driver.execute(Command.SWITCH_TO_FRAME, {"id": None})
  File "C:\TIR_TESTE\venv\Lib\site-packages\selenium\webdriver\remote\webdriver.py", line 347, in execute
    self.error_handler.check_response(response)
  File "C:\TIR_TESTE\venv\Lib\site-packages\selenium\webdriver\remote\errorhandler.py", line 229, in check_response
    raise exception_class(message, screen, stacktrace)
selenium.common.exceptions.InvalidSessionIdException: Message: Tried to run command without establishing a connection


During handling of the above exception, another exception occurred:

Traceback (most recent call last):
  File "C:\TIR_TESTE\venv\Lib\site-packages\tir\technologies\webapp_internal.py", line 5861, in SetKey
    self.LoadGrid()
  File "C:\TIR_TESTE\venv\Lib\site-packages\tir\technologies\webapp_internal.py", line 6284, in LoadGrid
    self.wait_element(term=selector, scrap_type=enum.ScrapType.CSS_SELECTOR)
  File "C:\TIR_TESTE\venv\Lib\site-packages\tir\technologies\webapp_internal.py", line 7626, in wait_element
    while (not self.element_exists(term, scrap_type, position, optional_term, main_container, check_error, twebview, second_term) and time.time() < endtime):
               ^^^^^^^^^^^^^^^^^^^^^^^^^^^^^^^^^^^^^^^^^^^^^^^^^^^^^^^^^^^^^^^^^^^^^^^^^^^^^^^^^^^^^^^^^^^^^^^^^^^^^^^^^^^^^^^^^^
  File "C:\TIR_TESTE\venv\Lib\site-packages\tir\technologies\webapp_internal.py", line 4073, in element_exists
    soup = self.get_current_DOM(twebview=twebview)
           ^^^^^^^^^^^^^^^^^^^^^^^^^^^^^^^^^^^^^^^
  File "C:\TIR_TESTE\venv\Lib\site-packages\tir\technologies\core\base.py", line 538, in get_current_DOM
    self.driver.switch_to.default_content()
  File "C:\TIR_TESTE\venv\Lib\site-packages\selenium\webdriver\remote\switch_to.py", line 69, in default_content
    self._driver.execute(Command.SWITCH_TO_FRAME, {"id": None})
  File "C:\TIR_TESTE\venv\Lib\site-packages\selenium\webdriver\remote\webdriver.py", line 347, in execute
    self.error_handler.check_response(response)
  File "C:\TIR_TESTE\venv\Lib\site-packages\selenium\webdriver\remote\errorhandler.py", line 229, in check_response
    raise exception_class(message, screen, stacktrace)
selenium.common.exceptions.InvalidSessionIdException: Message: Tried to run command without establishing a connection


During handling of the above exception, another exception occurred:

Traceback (most recent call last):
  File "C:\TIR_TESTE\venv\Lib\site-packages\tir\technologies\webapp_internal.py", line 8179, in log_error
    self.driver.close()
  File "C:\TIR_TESTE\venv\Lib\site-packages\selenium\webdriver\remote\webdriver.py", line 458, in close
    self.execute(Command.CLOSE)
  File "C:\TIR_TESTE\venv\Lib\site-packages\selenium\webdriver\remote\webdriver.py", line 347, in execute
    self.error_handler.check_response(response)
  File "C:\TIR_TESTE\venv\Lib\site-packages\selenium\webdriver\remote\errorhandler.py", line 229, in check_response
    raise exception_class(message, screen, stacktrace)
selenium.common.exceptions.InvalidSessionIdException: Message: Tried to run command without establishing a connection

2025-12-08 09:31:17,617-ERROR-root-39136::webapp_internal::TearDown|9654:: Warning tearDown Close Message: Tried to run command without establishing a connection
Traceback (most recent call last):
  File "C:\TIR_TESTE\venv\Lib\site-packages\tir\technologies\webapp_internal.py", line 9652, in TearDown
    self.driver.close()
  File "C:\TIR_TESTE\venv\Lib\site-packages\selenium\webdriver\remote\webdriver.py", line 458, in close
    self.execute(Command.CLOSE)
  File "C:\TIR_TESTE\venv\Lib\site-packages\selenium\webdriver\remote\webdriver.py", line 347, in execute
    self.error_handler.check_response(response)
  File "C:\TIR_TESTE\venv\Lib\site-packages\selenium\webdriver\remote\errorhandler.py", line 229, in check_response
    raise exception_class(message, screen, stacktrace)
selenium.common.exceptions.InvalidSessionIdException: Message: Tried to run command without establishing a connection

