2025-12-05 10:19:28,485-DEBUG-root-18340::logging_config::logger|189:: Log file created: 'Log\GESIT03\TIR__20251205101928479.log'
2025-12-05 10:19:28,486-INFO-root-18340::base::Start|1183:: TIR Version: 2.4.3
2025-12-05 10:19:28,486-INFO-root-18340::base::Start|1184:: Python Version: 3.12.10
2025-12-05 10:19:28,486-INFO-root-18340::base::Start|1185:: Starting the browser
2025-12-05 10:19:35,755-INFO-root-18340::base::get_url|1294:: Page is ready!
2025-12-05 10:19:35,776-INFO-root-18340::base::Start|1256:: Browser maximized to 1936x1048
2025-12-05 10:19:35,776-INFO-root-18340::base::Start|1258:: Screen size is different from default used in headless mode
2025-12-05 10:19:35,865-INFO-root-18340::webapp_internal::Setup|247:: ***System Info*** in Setup():
2025-12-05 10:19:35,866-DEBUG-root-18340::psutil_info::system_info|5:: CPU USAGE: 18.3%
2025-12-05 10:19:35,867-DEBUG-root-18340::psutil_info::system_info|6:: MEMORY USAGE: 89.8%
2025-12-05 10:19:35,867-DEBUG-root-18340::psutil_info::system_info|7:: MEMORY AVAILABLE: 10.19%
2025-12-05 10:19:35,874-INFO-root-18340::base::webapp_shadowroot|1394:: Webapp: 10.1.6-RC4
2025-12-05 10:19:35,939-INFO-root-18340::webapp_internal::filling_initial_program|449:: Filling Initial Program: "SIGAMDI"
2025-12-05 10:19:35,939-DEBUG-root-18340::webapp_internal::wait_element|7623:: Waiting for element
2025-12-05 10:19:35,977-DEBUG-root-18340::webapp_internal::wait_element|7653:: Element found! Waiting for element to be displayed.
2025-12-05 10:19:36,140-DEBUG-root-18340::base::click|192:: Click Type: ClickType.JS
2025-12-05 10:19:36,146-DEBUG-root-18340::webapp_internal::try_send_keys|7976:: Trying to send keys to element using technique 0
2025-12-05 10:19:36,874-DEBUG-root-18340::webapp_internal::get_web_value|3232:: Current value: SIGAMDI
2025-12-05 10:19:36,875-INFO-root-18340::webapp_internal::filling_server_environment|463:: Filling Server Environment: "POUPEX_TST"
2025-12-05 10:19:36,875-DEBUG-root-18340::webapp_internal::wait_element|7623:: Waiting for element
2025-12-05 10:19:36,897-DEBUG-root-18340::webapp_internal::wait_element|7653:: Element found! Waiting for element to be displayed.
2025-12-05 10:19:37,052-DEBUG-root-18340::base::click|192:: Click Type: ClickType.JS
2025-12-05 10:19:37,056-DEBUG-root-18340::webapp_internal::try_send_keys|7976:: Trying to send keys to element using technique 0
2025-12-05 10:19:37,375-DEBUG-root-18340::webapp_internal::get_web_value|3232:: Current value: POUPEX_TST
2025-12-05 10:19:37,397-DEBUG-root-18340::base::click|192:: Click Type: ClickType.JS
2025-12-05 10:19:37,417-DEBUG-root-18340::webapp_internal::user_screen|519:: Filling user screen
2025-12-05 10:19:43,875-DEBUG-root-18340::webapp_internal::wait_element_timeout|7726:: Element found! Waiting for element to be displayed.
2025-12-05 10:19:43,932-DEBUG-root-18340::base::scroll_to_element|759:: ********Warining scroll_to_element exception: Message: TypeError: can't access property "scrollIntoView", arguments[0] is null
Stacktrace:
@https://qasrverp:10020/webapp/:2:7
@https://qasrverp:10020/webapp/:3:8
*********
2025-12-05 10:19:44,086-INFO-root-18340::webapp_internal::user_screen|561:: Filling User
2025-12-05 10:19:44,120-DEBUG-root-18340::base::double_click|259:: Click Type: ClickType.SELENIUM
2025-12-05 10:19:44,311-DEBUG-root-18340::webapp_internal::get_web_value|3232:: Current value: 97137227104
2025-12-05 10:19:44,335-INFO-root-18340::webapp_internal::user_screen|621:: Filling Password
2025-12-05 10:19:44,358-DEBUG-root-18340::base::click|192:: Click Type: ClickType.JS
2025-12-05 10:19:44,429-DEBUG-root-18340::webapp_internal::get_web_value|3232:: Current value: Val20221080080094+
2025-12-05 10:19:44,430-DEBUG-root-18340::webapp_internal::wait_blocker|2444:: Waiting blocker to continue...
2025-12-05 10:19:44,457-DEBUG-root-18340::webapp_internal::wait_blocker|2469:: Blocker status: None
2025-12-05 10:19:44,478-DEBUG-root-18340::webapp_internal::wait_blocker|2444:: Waiting blocker to continue...
2025-12-05 10:19:44,507-DEBUG-root-18340::webapp_internal::wait_blocker|2469:: Blocker status: None
2025-12-05 10:19:44,550-DEBUG-root-18340::webapp_internal::wait_blocker|2444:: Waiting blocker to continue...
2025-12-05 10:19:44,580-DEBUG-root-18340::webapp_internal::wait_blocker|2469:: Blocker status: None
2025-12-05 10:19:44,580-DEBUG-root-18340::webapp_internal::send_action|10480:: Trying to send action
2025-12-05 10:19:44,586-DEBUG-root-18340::base::click|192:: Click Type: ClickType.JS
2025-12-05 10:19:45,628-DEBUG-root-18340::webapp_internal::send_action|10522:: send_action method result = True
2025-12-05 10:19:45,628-DEBUG-root-18340::webapp_internal::send_action|10523:: send_action selenium status: False
2025-12-05 10:19:48,117-DEBUG-root-18340::base::scroll_to_element|759:: ********Warining scroll_to_element exception: Message: TypeError: can't access property "scrollIntoView", arguments[0] is null
Stacktrace:
@https://qasrverp:10020/webapp/:2:7
@https://qasrverp:10020/webapp/:3:8
*********
2025-12-05 10:19:48,166-INFO-root-18340::webapp_internal::filling_date|885:: Filling Date: "05/12/2025"
2025-12-05 10:19:48,166-DEBUG-root-18340::webapp_internal::wait_blocker|2444:: Waiting blocker to continue...
2025-12-05 10:19:48,200-DEBUG-root-18340::webapp_internal::wait_blocker|2469:: Blocker status: None
2025-12-05 10:19:48,202-DEBUG-root-18340::base::click|192:: Click Type: ClickType.JS
2025-12-05 10:19:48,222-DEBUG-root-18340::webapp_internal::try_send_keys|7976:: Trying to send keys to element using technique 1
2025-12-05 10:19:48,294-DEBUG-root-18340::webapp_internal::get_web_value|3232:: Current value: 05/12/2025
2025-12-05 10:19:49,383-INFO-root-18340::webapp_internal::filling_group|955:: Filling Group: "02"
2025-12-05 10:19:49,383-DEBUG-root-18340::webapp_internal::wait_blocker|2444:: Waiting blocker to continue...
2025-12-05 10:19:49,417-DEBUG-root-18340::webapp_internal::wait_blocker|2469:: Blocker status: None
2025-12-05 10:19:49,420-DEBUG-root-18340::base::click|192:: Click Type: ClickType.JS
2025-12-05 10:19:49,485-DEBUG-root-18340::webapp_internal::get_web_value|3232:: Current value: 02
2025-12-05 10:19:50,548-INFO-root-18340::webapp_internal::filling_branch|1047:: Filling Branch: "02DF0001"
2025-12-05 10:19:50,549-DEBUG-root-18340::webapp_internal::wait_blocker|2444:: Waiting blocker to continue...
2025-12-05 10:19:50,582-DEBUG-root-18340::webapp_internal::wait_blocker|2469:: Blocker status: None
2025-12-05 10:19:50,585-DEBUG-root-18340::base::click|192:: Click Type: ClickType.JS
2025-12-05 10:19:50,644-DEBUG-root-18340::webapp_internal::get_web_value|3232:: Current value: 02DF0001
2025-12-05 10:19:51,728-INFO-root-18340::webapp_internal::filling_environment|1113:: Filling Environment: "07"
2025-12-05 10:19:51,728-DEBUG-root-18340::webapp_internal::wait_blocker|2444:: Waiting blocker to continue...
2025-12-05 10:19:51,768-DEBUG-root-18340::webapp_internal::wait_blocker|2469:: Blocker status: None
2025-12-05 10:19:51,772-DEBUG-root-18340::base::click|192:: Click Type: ClickType.JS
2025-12-05 10:19:51,828-DEBUG-root-18340::webapp_internal::get_web_value|3232:: Current value: 07
2025-12-05 10:19:52,838-DEBUG-root-18340::webapp_internal::close_warning_screen|1489:: Closing warning screen!
2025-12-05 10:19:53,869-DEBUG-root-18340::webapp_internal::check_screen_element|1291:: Checking screen element: "Atenção": False
2025-12-05 10:19:54,970-INFO-root-18340::webapp_internal::environment_screen|796:: Clicking on Button
2025-12-05 10:19:54,970-DEBUG-root-18340::webapp_internal::wait_blocker|2444:: Waiting blocker to continue...
2025-12-05 10:19:55,003-DEBUG-root-18340::webapp_internal::wait_blocker|2469:: Blocker status: None
2025-12-05 10:19:55,006-DEBUG-root-18340::base::click|192:: Click Type: ClickType.JS
2025-12-05 10:19:56,016-DEBUG-root-18340::base::click|192:: Click Type: ClickType.JS
2025-12-05 10:19:57,023-DEBUG-root-18340::base::click|192:: Click Type: ClickType.JS
2025-12-05 10:19:58,032-DEBUG-root-18340::base::click|192:: Click Type: ClickType.JS
2025-12-05 10:19:59,037-DEBUG-root-18340::base::click|192:: Click Type: ClickType.JS
2025-12-05 10:20:00,045-DEBUG-root-18340::base::click|192:: Click Type: ClickType.JS
2025-12-05 10:20:01,054-DEBUG-root-18340::webapp_internal::close_screen_before_menu|368:: Closing screen before the menu
2025-12-05 10:20:01,102-DEBUG-root-18340::webapp_internal::close_warning_screen|1489:: Closing warning screen!
2025-12-05 10:20:02,145-DEBUG-root-18340::webapp_internal::check_screen_element|1291:: Checking screen element: "Atenção": False
2025-12-05 10:20:02,146-DEBUG-root-18340::webapp_internal::close_coin_screen|1424:: Closing coin screen!
2025-12-05 10:20:02,701-DEBUG-root-18340::base::click|192:: Click Type: ClickType.JS
2025-12-05 10:20:02,759-DEBUG-root-18340::webapp_internal::close_warning_screen|1489:: Closing warning screen!
2025-12-05 10:20:03,807-DEBUG-root-18340::webapp_internal::check_screen_element|1291:: Checking screen element: "Atenção": False
2025-12-05 10:20:03,807-DEBUG-root-18340::webapp_internal::close_coin_screen|1424:: Closing coin screen!
2025-12-05 10:20:03,927-INFO-root-18340::webapp_internal::set_log_info|1623:: Getting log info
2025-12-05 10:20:03,928-INFO-root-18340::webapp_internal::SetLateralMenu|4184:: Navigating lateral menu: Ajuda > Sobre
2025-12-05 10:20:03,945-DEBUG-root-18340::webapp_internal::wait_element|7623:: Waiting for element
2025-12-05 10:20:03,985-DEBUG-root-18340::webapp_internal::wait_element|7653:: Element found! Waiting for element to be displayed.
2025-12-05 10:20:04,161-INFO-root-18340::webapp_internal::SetLateralMenu|4203:: Menu item: "Ajuda"
2025-12-05 10:20:04,161-DEBUG-root-18340::webapp_internal::wait_blocker|2444:: Waiting blocker to continue...
2025-12-05 10:20:04,230-DEBUG-root-18340::webapp_internal::wait_blocker|2469:: Blocker status: False
2025-12-05 10:20:04,583-DEBUG-root-18340::webapp_internal::wait_element_timeout|7726:: Element found! Waiting for element to be displayed.
2025-12-05 10:20:04,870-DEBUG-root-18340::webapp_internal::wait_blocker|2444:: Waiting blocker to continue...
2025-12-05 10:20:04,932-DEBUG-root-18340::webapp_internal::wait_blocker|2469:: Blocker status: False
2025-12-05 10:20:07,226-INFO-root-18340::webapp_internal::SetLateralMenu|4203:: Menu item: "Sobre"
2025-12-05 10:20:07,226-DEBUG-root-18340::webapp_internal::wait_blocker|2444:: Waiting blocker to continue...
2025-12-05 10:20:07,294-DEBUG-root-18340::webapp_internal::wait_blocker|2469:: Blocker status: False
2025-12-05 10:20:07,769-DEBUG-root-18340::webapp_internal::wait_element_timeout|7726:: Element found! Waiting for element to be displayed.
2025-12-05 10:20:08,193-DEBUG-root-18340::webapp_internal::wait_blocker|2444:: Waiting blocker to continue...
2025-12-05 10:20:08,255-DEBUG-root-18340::webapp_internal::wait_blocker|2469:: Blocker status: False
2025-12-05 10:20:10,879-DEBUG-root-18340::webapp_internal::wait_blocker|2444:: Waiting blocker to continue...
2025-12-05 10:20:10,942-DEBUG-root-18340::webapp_internal::wait_blocker|2469:: Blocker status: False
2025-12-05 10:20:11,010-DEBUG-root-18340::webapp_internal::wait_element|7623:: Waiting for element
2025-12-05 10:20:11,053-DEBUG-root-18340::webapp_internal::wait_element|7653:: Element found! Waiting for element to be displayed.
2025-12-05 10:20:11,226-INFO-root-18340::webapp_internal::SetButton|4444:: Clicking on Fechar
2025-12-05 10:20:11,227-DEBUG-root-18340::webapp_internal::wait_blocker|2444:: Waiting blocker to continue...
2025-12-05 10:20:11,300-DEBUG-root-18340::webapp_internal::wait_blocker|2469:: Blocker status: False
2025-12-05 10:20:11,483-DEBUG-root-18340::webapp_internal::wait_element_timeout|7726:: Element found! Waiting for element to be displayed.
2025-12-05 10:20:11,555-DEBUG-root-18340::webapp_internal::SetButton|4481:: ***System Info*** Before Clicking on button:Fechar
2025-12-05 10:20:11,556-DEBUG-root-18340::psutil_info::system_info|5:: CPU USAGE: 10.4%
2025-12-05 10:20:11,556-DEBUG-root-18340::psutil_info::system_info|6:: MEMORY USAGE: 89.6%
2025-12-05 10:20:11,557-DEBUG-root-18340::psutil_info::system_info|7:: MEMORY AVAILABLE: 10.42%
2025-12-05 10:20:11,719-DEBUG-root-18340::webapp_internal::wait_element_timeout|7726:: Element found! Waiting for element to be displayed.
2025-12-05 10:20:11,822-DEBUG-root-18340::webapp_internal::wait_blocker|2444:: Waiting blocker to continue...
2025-12-05 10:20:11,891-DEBUG-root-18340::webapp_internal::wait_blocker|2469:: Blocker status: False
2025-12-05 10:20:11,908-DEBUG-root-18340::webapp_internal::wait_blocker|2444:: Waiting blocker to continue...
2025-12-05 10:20:11,977-DEBUG-root-18340::webapp_internal::wait_blocker|2469:: Blocker status: False
2025-12-05 10:20:11,977-DEBUG-root-18340::webapp_internal::send_action|10480:: Trying to send action
2025-12-05 10:20:11,980-DEBUG-root-18340::base::click|192:: Click Type: ClickType.JS
2025-12-05 10:20:13,013-DEBUG-root-18340::webapp_internal::send_action|10522:: send_action method result = True
2025-12-05 10:20:13,013-DEBUG-root-18340::webapp_internal::send_action|10523:: send_action selenium status: False
2025-12-05 10:20:13,013-DEBUG-root-18340::webapp_internal::SetButton|4683:: ***System Info*** After Clicking on button:
2025-12-05 10:20:13,013-DEBUG-root-18340::psutil_info::system_info|5:: CPU USAGE: 7.4%
2025-12-05 10:20:13,014-DEBUG-root-18340::psutil_info::system_info|6:: MEMORY USAGE: 89.5%
2025-12-05 10:20:13,014-DEBUG-root-18340::psutil_info::system_info|7:: MEMORY AVAILABLE: 10.5%
2025-12-05 10:20:13,014-DEBUG-root-18340::webapp_internal::wait_element|7623:: Waiting for element
2025-12-05 10:20:13,109-INFO-root-18340::webapp_internal::SetLateralMenu|4184:: Navigating lateral menu: Atualizações > Gestao de Viagens > Cadastro (5) > Orcamento por UTA
2025-12-05 10:20:13,119-DEBUG-root-18340::webapp_internal::wait_element|7623:: Waiting for element
2025-12-05 10:20:13,158-DEBUG-root-18340::webapp_internal::wait_element|7653:: Element found! Waiting for element to be displayed.
2025-12-05 10:20:13,317-INFO-root-18340::webapp_internal::SetLateralMenu|4203:: Menu item: "Atualizações"
2025-12-05 10:20:13,318-DEBUG-root-18340::webapp_internal::wait_blocker|2444:: Waiting blocker to continue...
2025-12-05 10:20:13,383-DEBUG-root-18340::webapp_internal::wait_blocker|2469:: Blocker status: False
2025-12-05 10:20:13,817-DEBUG-root-18340::webapp_internal::wait_element_timeout|7726:: Element found! Waiting for element to be displayed.
2025-12-05 10:20:14,181-DEBUG-root-18340::webapp_internal::wait_blocker|2444:: Waiting blocker to continue...
2025-12-05 10:20:14,257-DEBUG-root-18340::webapp_internal::wait_blocker|2469:: Blocker status: False
2025-12-05 10:20:16,555-INFO-root-18340::webapp_internal::SetLateralMenu|4203:: Menu item: "Gestao de Viagens"
2025-12-05 10:20:16,555-DEBUG-root-18340::webapp_internal::wait_blocker|2444:: Waiting blocker to continue...
2025-12-05 10:20:16,657-DEBUG-root-18340::webapp_internal::wait_blocker|2469:: Blocker status: False
2025-12-05 10:20:17,468-DEBUG-root-18340::webapp_internal::wait_element_timeout|7726:: Element found! Waiting for element to be displayed.
2025-12-05 10:20:18,230-DEBUG-root-18340::webapp_internal::wait_blocker|2444:: Waiting blocker to continue...
2025-12-05 10:20:18,366-DEBUG-root-18340::webapp_internal::wait_blocker|2469:: Blocker status: False
2025-12-05 10:20:20,669-INFO-root-18340::webapp_internal::SetLateralMenu|4203:: Menu item: "Cadastro (5)"
2025-12-05 10:20:20,669-DEBUG-root-18340::webapp_internal::wait_blocker|2444:: Waiting blocker to continue...
2025-12-05 10:20:20,752-DEBUG-root-18340::webapp_internal::wait_blocker|2469:: Blocker status: False
2025-12-05 10:20:21,612-DEBUG-root-18340::webapp_internal::wait_element_timeout|7726:: Element found! Waiting for element to be displayed.
2025-12-05 10:20:22,487-DEBUG-root-18340::webapp_internal::wait_blocker|2444:: Waiting blocker to continue...
2025-12-05 10:20:22,569-DEBUG-root-18340::webapp_internal::wait_blocker|2469:: Blocker status: False
2025-12-05 10:20:24,866-INFO-root-18340::webapp_internal::SetLateralMenu|4203:: Menu item: "Orcamento por UTA"
2025-12-05 10:20:24,866-DEBUG-root-18340::webapp_internal::wait_blocker|2444:: Waiting blocker to continue...
2025-12-05 10:20:24,946-DEBUG-root-18340::webapp_internal::wait_blocker|2469:: Blocker status: False
2025-12-05 10:20:25,962-DEBUG-root-18340::webapp_internal::wait_element_timeout|7726:: Element found! Waiting for element to be displayed.
2025-12-05 10:20:27,009-DEBUG-root-18340::webapp_internal::wait_blocker|2444:: Waiting blocker to continue...
2025-12-05 10:20:27,093-DEBUG-root-18340::webapp_internal::wait_blocker|2469:: Blocker status: False
2025-12-05 10:20:30,830-DEBUG-root-18340::webapp_internal::wait_blocker|2444:: Waiting blocker to continue...
2025-12-05 10:20:30,902-DEBUG-root-18340::webapp_internal::wait_blocker|2469:: Blocker status: False
2025-12-05 10:20:30,977-INFO-root-18340::webapp_internal::WaitShow|4980:: Waiting show text 'Este ambiente utiliza base de Homologação.'...
2025-12-05 10:20:36,762-INFO-root-18340::webapp_internal::WaitShow|4980:: Waiting show text 'Moedas'...
2025-12-05 10:20:41,864-INFO-root-18340::webapp_internal::WaitShow|4980:: Waiting show text 'Centro de Custo vs Orçamento'...
2025-12-05 10:20:41,935-INFO-root-18340::webapp_internal::WaitShow|4996:: Text found! 
2025-12-05 10:20:41,936-INFO-root-18340::webapp_internal::SetButton|4444:: Clicking on Incluir
2025-12-05 10:20:41,936-DEBUG-root-18340::webapp_internal::wait_blocker|2444:: Waiting blocker to continue...
2025-12-05 10:20:42,027-DEBUG-root-18340::webapp_internal::wait_blocker|2469:: Blocker status: False
2025-12-05 10:20:42,361-DEBUG-root-18340::webapp_internal::wait_element_timeout|7726:: Element found! Waiting for element to be displayed.
2025-12-05 10:20:42,618-DEBUG-root-18340::webapp_internal::SetButton|4481:: ***System Info*** Before Clicking on button:Incluir
2025-12-05 10:20:42,619-DEBUG-root-18340::psutil_info::system_info|5:: CPU USAGE: 10.1%
2025-12-05 10:20:42,619-DEBUG-root-18340::psutil_info::system_info|6:: MEMORY USAGE: 89.8%
2025-12-05 10:20:42,620-DEBUG-root-18340::psutil_info::system_info|7:: MEMORY AVAILABLE: 10.23%
2025-12-05 10:20:42,929-DEBUG-root-18340::webapp_internal::wait_element_timeout|7726:: Element found! Waiting for element to be displayed.
2025-12-05 10:20:43,216-DEBUG-root-18340::webapp_internal::wait_blocker|2444:: Waiting blocker to continue...
2025-12-05 10:20:43,300-DEBUG-root-18340::webapp_internal::wait_blocker|2469:: Blocker status: False
2025-12-05 10:20:43,323-DEBUG-root-18340::webapp_internal::wait_blocker|2444:: Waiting blocker to continue...
2025-12-05 10:20:43,414-DEBUG-root-18340::webapp_internal::wait_blocker|2469:: Blocker status: False
2025-12-05 10:20:43,414-DEBUG-root-18340::webapp_internal::send_action|10480:: Trying to send action
2025-12-05 10:20:43,416-DEBUG-root-18340::base::click|192:: Click Type: ClickType.JS
2025-12-05 10:20:44,462-DEBUG-root-18340::webapp_internal::send_action|10522:: send_action method result = True
2025-12-05 10:20:44,463-DEBUG-root-18340::webapp_internal::send_action|10523:: send_action selenium status: False
2025-12-05 10:20:44,463-DEBUG-root-18340::webapp_internal::SetButton|4683:: ***System Info*** After Clicking on button:
2025-12-05 10:20:44,463-DEBUG-root-18340::psutil_info::system_info|5:: CPU USAGE: 8.3%
2025-12-05 10:20:44,463-DEBUG-root-18340::psutil_info::system_info|6:: MEMORY USAGE: 90.0%
2025-12-05 10:20:44,464-DEBUG-root-18340::psutil_info::system_info|7:: MEMORY AVAILABLE: 10.04%
2025-12-05 10:20:44,464-INFO-root-18340::webapp_internal::WaitShow|4980:: Waiting show text 'Modelo de Dados do Cadastro Centro de Custo vs Orçamento - INCLUIR'...
2025-12-05 10:20:44,594-INFO-root-18340::webapp_internal::WaitShow|4996:: Text found! 
2025-12-05 10:20:44,594-DEBUG-root-18340::webapp_internal::wait_blocker|2444:: Waiting blocker to continue...
2025-12-05 10:20:44,699-DEBUG-root-18340::webapp_internal::wait_blocker|2469:: Blocker status: False
2025-12-05 10:20:44,699-DEBUG-root-18340::webapp_internal::wait_element|7623:: Waiting for element
2025-12-05 10:20:44,757-DEBUG-root-18340::webapp_internal::wait_element|7653:: Element found! Waiting for element to be displayed.
2025-12-05 10:20:44,807-INFO-root-18340::webapp_internal::input_value|2941:: Looking for element: Z91_ANO
2025-12-05 10:20:44,896-INFO-root-18340::webapp_internal::input_value|2951:: Element: Z91_ANO Found!
2025-12-05 10:20:44,896-INFO-root-18340::webapp_internal::input_value|2953:: Filling element: Z91_ANO
2025-12-05 10:20:44,917-DEBUG-root-18340::webapp_internal::get_web_value|3232:: Current value:     
2025-12-05 10:20:44,948-DEBUG-root-18340::base::double_click|259:: Click Type: ClickType.SELENIUM
2025-12-05 10:20:45,208-DEBUG-root-18340::webapp_internal::wait_blocker|2444:: Waiting blocker to continue...
2025-12-05 10:20:45,308-DEBUG-root-18340::webapp_internal::wait_blocker|2469:: Blocker status: False
2025-12-05 10:20:45,628-DEBUG-root-18340::webapp_internal::get_web_value|3232:: Current value: 2025
2025-12-05 10:20:45,629-INFO-root-18340::webapp_internal::input_value|3059:: Current field value: 2025
2025-12-05 10:20:45,638-DEBUG-root-18340::webapp_internal::wait_blocker|2444:: Waiting blocker to continue...
2025-12-05 10:20:45,737-DEBUG-root-18340::webapp_internal::wait_blocker|2469:: Blocker status: False
2025-12-05 10:20:45,737-DEBUG-root-18340::webapp_internal::wait_element|7623:: Waiting for element
2025-12-05 10:20:45,799-DEBUG-root-18340::webapp_internal::wait_element|7653:: Element found! Waiting for element to be displayed.
2025-12-05 10:20:45,847-INFO-root-18340::webapp_internal::input_value|2941:: Looking for element: Z91_TIPO
2025-12-05 10:20:45,957-INFO-root-18340::webapp_internal::input_value|2951:: Element: Z91_TIPO Found!
2025-12-05 10:20:45,957-INFO-root-18340::webapp_internal::input_value|2953:: Filling element: Z91_TIPO
2025-12-05 10:20:47,121-INFO-root-18340::base::select_combo|871:: Selected value for combo is: 2 - Treinamento
2025-12-05 10:20:47,157-DEBUG-root-18340::webapp_internal::SetFocus|6011:: Setting focus on element Z91_CONTAB.
2025-12-05 10:20:47,287-DEBUG-root-18340::base::click|192:: Click Type: ClickType.SELENIUM
2025-12-05 10:20:47,353-DEBUG-root-18340::webapp_internal::wait_blocker|2444:: Waiting blocker to continue...
2025-12-05 10:20:47,452-DEBUG-root-18340::webapp_internal::wait_blocker|2469:: Blocker status: False
2025-12-05 10:20:47,452-DEBUG-root-18340::webapp_internal::wait_element|7623:: Waiting for element
2025-12-05 10:20:47,508-DEBUG-root-18340::webapp_internal::wait_element|7653:: Element found! Waiting for element to be displayed.
2025-12-05 10:20:47,556-INFO-root-18340::webapp_internal::input_value|2941:: Looking for element: Z91_CONTAB
2025-12-05 10:20:47,644-INFO-root-18340::webapp_internal::input_value|2951:: Element: Z91_CONTAB Found!
2025-12-05 10:20:47,645-INFO-root-18340::webapp_internal::input_value|2953:: Filling element: Z91_CONTAB
2025-12-05 10:20:47,668-DEBUG-root-18340::webapp_internal::get_web_value|3232:: Current value:                     
2025-12-05 10:20:47,698-DEBUG-root-18340::base::double_click|259:: Click Type: ClickType.SELENIUM
2025-12-05 10:20:47,946-DEBUG-root-18340::webapp_internal::wait_blocker|2444:: Waiting blocker to continue...
2025-12-05 10:20:48,045-DEBUG-root-18340::webapp_internal::wait_blocker|2469:: Blocker status: False
2025-12-05 10:20:48,342-DEBUG-root-18340::webapp_internal::get_web_value|3232:: Current value: 817750000000001     
2025-12-05 10:20:48,342-INFO-root-18340::webapp_internal::input_value|3059:: Current field value: 817750000000001
2025-12-05 10:20:48,367-DEBUG-root-18340::webapp_internal::wait_blocker|2444:: Waiting blocker to continue...
2025-12-05 10:20:48,516-DEBUG-root-18340::webapp_internal::wait_blocker|2469:: Blocker status: False
2025-12-05 10:20:48,516-DEBUG-root-18340::webapp_internal::wait_element|7623:: Waiting for element
2025-12-05 10:20:48,573-DEBUG-root-18340::webapp_internal::wait_element|7653:: Element found! Waiting for element to be displayed.
2025-12-05 10:20:48,623-INFO-root-18340::webapp_internal::input_value|2941:: Looking for element: Z91_CC
2025-12-05 10:20:48,707-INFO-root-18340::webapp_internal::input_value|2951:: Element: Z91_CC Found!
2025-12-05 10:20:48,707-INFO-root-18340::webapp_internal::input_value|2953:: Filling element: Z91_CC
2025-12-05 10:20:48,728-DEBUG-root-18340::webapp_internal::get_web_value|3232:: Current value:          
2025-12-05 10:20:48,756-DEBUG-root-18340::base::double_click|259:: Click Type: ClickType.SELENIUM
2025-12-05 10:20:49,008-DEBUG-root-18340::webapp_internal::wait_blocker|2444:: Waiting blocker to continue...
2025-12-05 10:20:49,115-DEBUG-root-18340::webapp_internal::wait_blocker|2469:: Blocker status: False
2025-12-05 10:20:49,436-DEBUG-root-18340::webapp_internal::get_web_value|3232:: Current value: 000000086
2025-12-05 10:20:49,436-INFO-root-18340::webapp_internal::input_value|3059:: Current field value: 000000086
2025-12-05 10:20:49,437-DEBUG-root-18340::webapp_internal::wait_blocker|2444:: Waiting blocker to continue...
2025-12-05 10:20:49,537-DEBUG-root-18340::webapp_internal::wait_blocker|2469:: Blocker status: False
2025-12-05 10:20:49,537-INFO-root-18340::webapp_internal::SetKey|5822:: Key pressed: TAB
2025-12-05 10:20:49,537-DEBUG-root-18340::webapp_internal::SetKey|5857:: Trying press key
2025-12-05 10:20:49,608-DEBUG-root-18340::webapp_internal::wait_blocker|2444:: Waiting blocker to continue...
2025-12-05 10:20:49,704-DEBUG-root-18340::webapp_internal::wait_blocker|2469:: Blocker status: False
2025-12-05 10:20:49,722-DEBUG-root-18340::webapp_internal::wait_blocker|2444:: Waiting blocker to continue...
2025-12-05 10:20:49,818-DEBUG-root-18340::webapp_internal::wait_blocker|2469:: Blocker status: False
2025-12-05 10:20:49,819-DEBUG-root-18340::webapp_internal::send_action|10480:: Trying to send action
2025-12-05 10:20:50,843-DEBUG-root-18340::webapp_internal::send_action|10522:: send_action method result = True
2025-12-05 10:20:50,844-DEBUG-root-18340::webapp_internal::send_action|10523:: send_action selenium status: False
2025-12-05 10:20:50,844-DEBUG-root-18340::webapp_internal::SetFocus|6011:: Setting focus on element Centro de Custo vs Valor.
2025-12-05 10:20:51,179-DEBUG-root-18340::base::click|192:: Click Type: ClickType.SELENIUM
2025-12-05 10:20:51,185-ERROR-root-18340::base::click|212:: Warning click method Exception: Message: Element <input type="text"> is not clickable at point (81,816) because another element <wa-panel id="COMP6019" class="dict-tpanel"> obscures it
Stacktrace:
RemoteError@chrome://remote/content/shared/RemoteError.sys.mjs:8:8
WebDriverError@chrome://remote/content/shared/webdriver/Errors.sys.mjs:202:5
ElementClickInterceptedError@chrome://remote/content/shared/webdriver/Errors.sys.mjs:354:5
webdriverClickElement@chrome://remote/content/marionette/interaction.sys.mjs:175:11
interaction.clickElement@chrome://remote/content/marionette/interaction.sys.mjs:134:11
clickElement@chrome://remote/content/marionette/actors/MarionetteCommandsChild.sys.mjs:327:29
receiveMessage@chrome://remote/content/marionette/actors/MarionetteCommandsChild.sys.mjs:210:31
Traceback (most recent call last):
  File "C:\TIR_TESTE\venv\Lib\site-packages\tir\technologies\core\base.py", line 202, in click
    element.click()
  File "C:\TIR_TESTE\venv\Lib\site-packages\selenium\webdriver\remote\webelement.py", line 94, in click
    self._execute(Command.CLICK_ELEMENT)
  File "C:\TIR_TESTE\venv\Lib\site-packages\selenium\webdriver\remote\webelement.py", line 395, in _execute
    return self._parent.execute(command, params)
           ^^^^^^^^^^^^^^^^^^^^^^^^^^^^^^^^^^^^^
  File "C:\TIR_TESTE\venv\Lib\site-packages\selenium\webdriver\remote\webdriver.py", line 347, in execute
    self.error_handler.check_response(response)
  File "C:\TIR_TESTE\venv\Lib\site-packages\selenium\webdriver\remote\errorhandler.py", line 229, in check_response
    raise exception_class(message, screen, stacktrace)
selenium.common.exceptions.ElementClickInterceptedException: Message: Element <input type="text"> is not clickable at point (81,816) because another element <wa-panel id="COMP6019" class="dict-tpanel"> obscures it
Stacktrace:
RemoteError@chrome://remote/content/shared/RemoteError.sys.mjs:8:8
WebDriverError@chrome://remote/content/shared/webdriver/Errors.sys.mjs:202:5
ElementClickInterceptedError@chrome://remote/content/shared/webdriver/Errors.sys.mjs:354:5
webdriverClickElement@chrome://remote/content/marionette/interaction.sys.mjs:175:11
interaction.clickElement@chrome://remote/content/marionette/interaction.sys.mjs:134:11
clickElement@chrome://remote/content/marionette/actors/MarionetteCommandsChild.sys.mjs:327:29
receiveMessage@chrome://remote/content/marionette/actors/MarionetteCommandsChild.sys.mjs:210:31

2025-12-05 10:20:51,207-INFO-root-18340::webapp_internal::WaitShow|4980:: Waiting show text 'Centro de Custo vs Valor'...
2025-12-05 10:20:51,334-INFO-root-18340::webapp_internal::WaitShow|4996:: Text found! 
2025-12-05 10:20:51,334-DEBUG-root-18340::webapp_internal::wait_blocker|2444:: Waiting blocker to continue...
2025-12-05 10:20:51,438-DEBUG-root-18340::webapp_internal::wait_blocker|2469:: Blocker status: False
2025-12-05 10:20:51,438-INFO-root-18340::webapp_internal::SetKey|5822:: Key pressed: TAB
2025-12-05 10:20:51,438-DEBUG-root-18340::webapp_internal::SetKey|5857:: Trying press key
2025-12-05 10:20:51,439-DEBUG-root-18340::webapp_internal::wait_element|7623:: Waiting for element
2025-12-05 10:20:51,508-DEBUG-root-18340::webapp_internal::wait_element|7653:: Element found! Waiting for element to be displayed.
2025-12-05 10:20:51,709-DEBUG-root-18340::webapp_internal::wait_blocker|2444:: Waiting blocker to continue...
2025-12-05 10:20:51,808-DEBUG-root-18340::webapp_internal::wait_blocker|2469:: Blocker status: False
2025-12-05 10:20:51,808-INFO-root-18340::webapp_internal::LoadGrid|6298:: Filling grid field: Valor
2025-12-05 10:20:51,809-DEBUG-root-18340::webapp_internal::fill_grid|6399:: Grid loading...
2025-12-05 10:20:51,891-DEBUG-root-18340::webapp_internal::fill_grid|6466:: Column found!
2025-12-05 10:20:51,919-DEBUG-root-18340::base::click|192:: Click Type: ClickType.ACTIONCHAINS
2025-12-05 10:20:57,354-DEBUG-root-18340::webapp_internal::fill_grid|6498:: Trying open cell in grid!
2025-12-05 10:20:57,632-DEBUG-root-18340::webapp_internal::wait_blocker|2444:: Waiting blocker to continue...
2025-12-05 10:20:57,752-DEBUG-root-18340::webapp_internal::wait_blocker|2469:: Blocker status: False
2025-12-05 10:20:57,918-DEBUG-root-18340::webapp_internal::wait_element_timeout|7726:: Element found! Waiting for element to be displayed.
2025-12-05 10:20:58,045-DEBUG-root-18340::base::click|192:: Click Type: ClickType.JS
2025-12-05 10:20:58,176-DEBUG-root-18340::webapp_internal::fill_grid|6577:: Sending keys: 15000
2025-12-05 10:20:58,446-DEBUG-root-18340::webapp_internal::wait_blocker|2444:: Waiting blocker to continue...
2025-12-05 10:20:58,557-DEBUG-root-18340::webapp_internal::wait_blocker|2469:: Blocker status: False
2025-12-05 10:20:58,699-DEBUG-root-18340::webapp_internal::wait_element_timeout|7726:: Element found! Waiting for element to be displayed.
2025-12-05 10:20:58,998-DEBUG-root-18340::webapp_internal::wait_blocker|2444:: Waiting blocker to continue...
2025-12-05 10:20:59,118-DEBUG-root-18340::webapp_internal::wait_blocker|2469:: Blocker status: False
2025-12-05 10:20:59,136-DEBUG-root-18340::webapp_internal::wait_blocker|2444:: Waiting blocker to continue...
2025-12-05 10:20:59,235-DEBUG-root-18340::webapp_internal::wait_blocker|2469:: Blocker status: False
2025-12-05 10:20:59,235-DEBUG-root-18340::webapp_internal::send_action|10480:: Trying to send action
2025-12-05 10:21:00,261-DEBUG-root-18340::webapp_internal::send_action|10522:: send_action method result = True
2025-12-05 10:21:00,263-DEBUG-root-18340::webapp_internal::send_action|10523:: send_action selenium status: False
2025-12-05 10:21:00,263-DEBUG-root-18340::webapp_internal::wait_blocker|2444:: Waiting blocker to continue...
2025-12-05 10:21:00,365-DEBUG-root-18340::webapp_internal::wait_blocker|2469:: Blocker status: False
2025-12-05 10:21:00,365-INFO-root-18340::webapp_internal::SetKey|5822:: Key pressed: TAB
2025-12-05 10:21:00,365-DEBUG-root-18340::webapp_internal::SetKey|5857:: Trying press key
2025-12-05 10:21:00,365-DEBUG-root-18340::webapp_internal::wait_element|7623:: Waiting for element
2025-12-05 10:21:00,423-DEBUG-root-18340::webapp_internal::wait_element|7653:: Element found! Waiting for element to be displayed.
2025-12-05 10:21:00,619-DEBUG-root-18340::webapp_internal::wait_blocker|2444:: Waiting blocker to continue...
2025-12-05 10:21:00,715-DEBUG-root-18340::webapp_internal::wait_blocker|2469:: Blocker status: False
2025-12-05 10:21:00,716-INFO-root-18340::webapp_internal::LoadGrid|6298:: Filling grid field: Motivo
2025-12-05 10:21:00,716-DEBUG-root-18340::webapp_internal::fill_grid|6399:: Grid loading...
2025-12-05 10:21:00,796-DEBUG-root-18340::webapp_internal::fill_grid|6466:: Column found!
2025-12-05 10:21:00,861-DEBUG-root-18340::base::click|192:: Click Type: ClickType.ACTIONCHAINS
2025-12-05 10:21:06,216-DEBUG-root-18340::webapp_internal::fill_grid|6498:: Trying open cell in grid!
2025-12-05 10:21:06,499-DEBUG-root-18340::webapp_internal::wait_blocker|2444:: Waiting blocker to continue...
2025-12-05 10:21:06,620-DEBUG-root-18340::webapp_internal::wait_blocker|2469:: Blocker status: False
2025-12-05 10:21:06,789-DEBUG-root-18340::webapp_internal::wait_element_timeout|7726:: Element found! Waiting for element to be displayed.
2025-12-05 10:21:07,055-DEBUG-root-18340::webapp_internal::fill_grid|6577:: Sending keys: USO PARA TESTE AUTOMATIZADO
2025-12-05 10:21:07,374-DEBUG-root-18340::webapp_internal::wait_blocker|2444:: Waiting blocker to continue...
2025-12-05 10:21:07,483-DEBUG-root-18340::webapp_internal::wait_blocker|2469:: Blocker status: False
2025-12-05 10:21:07,642-DEBUG-root-18340::webapp_internal::wait_element_timeout|7726:: Element found! Waiting for element to be displayed.
2025-12-05 10:21:07,957-DEBUG-root-18340::webapp_internal::wait_blocker|2444:: Waiting blocker to continue...
2025-12-05 10:21:08,099-DEBUG-root-18340::webapp_internal::wait_blocker|2469:: Blocker status: False
2025-12-05 10:21:08,116-DEBUG-root-18340::webapp_internal::wait_blocker|2444:: Waiting blocker to continue...
2025-12-05 10:21:08,215-DEBUG-root-18340::webapp_internal::wait_blocker|2469:: Blocker status: False
2025-12-05 10:21:08,216-DEBUG-root-18340::webapp_internal::send_action|10480:: Trying to send action
2025-12-05 10:21:09,263-DEBUG-root-18340::webapp_internal::send_action|10522:: send_action method result = True
2025-12-05 10:21:09,264-DEBUG-root-18340::webapp_internal::send_action|10523:: send_action selenium status: False
2025-12-05 10:21:09,264-INFO-root-18340::webapp_internal::SetButton|4444:: Clicking on Confirmar
2025-12-05 10:21:09,264-DEBUG-root-18340::webapp_internal::wait_blocker|2444:: Waiting blocker to continue...
2025-12-05 10:21:09,364-DEBUG-root-18340::webapp_internal::wait_blocker|2469:: Blocker status: False
2025-12-05 10:21:09,688-DEBUG-root-18340::webapp_internal::wait_element_timeout|7726:: Element found! Waiting for element to be displayed.
2025-12-05 10:21:09,880-DEBUG-root-18340::webapp_internal::SetButton|4481:: ***System Info*** Before Clicking on button:Confirmar
2025-12-05 10:21:09,881-DEBUG-root-18340::psutil_info::system_info|5:: CPU USAGE: 9.0%
2025-12-05 10:21:09,881-DEBUG-root-18340::psutil_info::system_info|6:: MEMORY USAGE: 88.7%
2025-12-05 10:21:09,881-DEBUG-root-18340::psutil_info::system_info|7:: MEMORY AVAILABLE: 11.32%
2025-12-05 10:21:10,164-DEBUG-root-18340::webapp_internal::wait_element_timeout|7726:: Element found! Waiting for element to be displayed.
2025-12-05 10:21:10,396-DEBUG-root-18340::webapp_internal::wait_blocker|2444:: Waiting blocker to continue...
2025-12-05 10:21:10,498-DEBUG-root-18340::webapp_internal::wait_blocker|2469:: Blocker status: False
2025-12-05 10:21:10,523-DEBUG-root-18340::webapp_internal::wait_blocker|2444:: Waiting blocker to continue...
2025-12-05 10:21:10,615-DEBUG-root-18340::webapp_internal::wait_blocker|2469:: Blocker status: False
2025-12-05 10:21:10,616-DEBUG-root-18340::webapp_internal::send_action|10480:: Trying to send action
2025-12-05 10:21:10,618-DEBUG-root-18340::base::click|192:: Click Type: ClickType.JS
2025-12-05 10:21:11,665-DEBUG-root-18340::webapp_internal::send_action|10522:: send_action method result = True
2025-12-05 10:21:11,666-DEBUG-root-18340::webapp_internal::send_action|10523:: send_action selenium status: False
2025-12-05 10:21:11,666-DEBUG-root-18340::webapp_internal::SetButton|4683:: ***System Info*** After Clicking on button:
2025-12-05 10:21:11,666-DEBUG-root-18340::psutil_info::system_info|5:: CPU USAGE: 8.4%
2025-12-05 10:21:11,666-DEBUG-root-18340::psutil_info::system_info|6:: MEMORY USAGE: 88.8%
2025-12-05 10:21:11,667-DEBUG-root-18340::psutil_info::system_info|7:: MEMORY AVAILABLE: 11.18%
2025-12-05 10:21:11,667-INFO-root-18340::webapp_internal::WaitShow|4980:: Waiting show text 'Registro inserido com sucesso.'...
2025-12-05 10:21:11,729-INFO-root-18340::webapp_internal::WaitShow|4996:: Text found! 
2025-12-05 10:21:11,731-INFO-root-18340::webapp_internal::SetButton|4444:: Clicking on Fechar
2025-12-05 10:21:11,731-DEBUG-root-18340::webapp_internal::wait_blocker|2444:: Waiting blocker to continue...
2025-12-05 10:21:11,828-DEBUG-root-18340::webapp_internal::wait_blocker|2469:: Blocker status: False
2025-12-05 10:21:12,037-DEBUG-root-18340::webapp_internal::wait_element_timeout|7726:: Element found! Waiting for element to be displayed.
2025-12-05 10:21:12,123-DEBUG-root-18340::webapp_internal::SetButton|4481:: ***System Info*** Before Clicking on button:Fechar
2025-12-05 10:21:12,123-DEBUG-root-18340::psutil_info::system_info|5:: CPU USAGE: 13.6%
2025-12-05 10:21:12,124-DEBUG-root-18340::psutil_info::system_info|6:: MEMORY USAGE: 89.0%
2025-12-05 10:21:12,124-DEBUG-root-18340::psutil_info::system_info|7:: MEMORY AVAILABLE: 11.0%
2025-12-05 10:21:12,311-DEBUG-root-18340::webapp_internal::wait_element_timeout|7726:: Element found! Waiting for element to be displayed.
2025-12-05 10:21:12,439-DEBUG-root-18340::webapp_internal::wait_blocker|2444:: Waiting blocker to continue...
2025-12-05 10:21:12,539-DEBUG-root-18340::webapp_internal::wait_blocker|2469:: Blocker status: False
2025-12-05 10:21:12,565-DEBUG-root-18340::webapp_internal::wait_blocker|2444:: Waiting blocker to continue...
2025-12-05 10:21:12,659-DEBUG-root-18340::webapp_internal::wait_blocker|2469:: Blocker status: False
2025-12-05 10:21:12,660-DEBUG-root-18340::webapp_internal::send_action|10480:: Trying to send action
2025-12-05 10:21:12,662-DEBUG-root-18340::base::click|192:: Click Type: ClickType.JS
2025-12-05 10:21:14,043-DEBUG-root-18340::webapp_internal::send_action|10522:: send_action method result = True
2025-12-05 10:21:14,043-DEBUG-root-18340::webapp_internal::send_action|10523:: send_action selenium status: True
2025-12-05 10:21:14,043-DEBUG-root-18340::webapp_internal::SetButton|4683:: ***System Info*** After Clicking on button:
2025-12-05 10:21:14,044-DEBUG-root-18340::psutil_info::system_info|5:: CPU USAGE: 7.8%
2025-12-05 10:21:14,044-DEBUG-root-18340::psutil_info::system_info|6:: MEMORY USAGE: 88.9%
2025-12-05 10:21:14,044-DEBUG-root-18340::psutil_info::system_info|7:: MEMORY AVAILABLE: 11.09%
2025-12-05 10:21:14,044-INFO-root-18340::webapp_internal::WaitShow|4980:: Waiting show text 'Centro de Custo vs Orçamento'...
2025-12-05 10:21:14,096-INFO-root-18340::webapp_internal::WaitShow|4996:: Text found! 
2025-12-05 10:21:14,297-INFO-root-18340::webapp_internal::SetButton|4444:: Clicking on Outras Ações
2025-12-05 10:21:14,297-DEBUG-root-18340::webapp_internal::wait_blocker|2444:: Waiting blocker to continue...
2025-12-05 10:21:14,378-DEBUG-root-18340::webapp_internal::wait_blocker|2469:: Blocker status: False
2025-12-05 10:21:14,714-DEBUG-root-18340::webapp_internal::wait_element_timeout|7726:: Element found! Waiting for element to be displayed.
2025-12-05 10:21:14,919-DEBUG-root-18340::webapp_internal::SetButton|4481:: ***System Info*** Before Clicking on button:Outras Ações
2025-12-05 10:21:14,919-DEBUG-root-18340::psutil_info::system_info|5:: CPU USAGE: 10.5%
2025-12-05 10:21:14,919-DEBUG-root-18340::psutil_info::system_info|6:: MEMORY USAGE: 89.0%
2025-12-05 10:21:14,921-DEBUG-root-18340::psutil_info::system_info|7:: MEMORY AVAILABLE: 10.96%
2025-12-05 10:21:15,236-DEBUG-root-18340::webapp_internal::wait_element_timeout|7726:: Element found! Waiting for element to be displayed.
2025-12-05 10:21:15,523-DEBUG-root-18340::webapp_internal::wait_blocker|2444:: Waiting blocker to continue...
2025-12-05 10:21:15,612-DEBUG-root-18340::webapp_internal::wait_blocker|2469:: Blocker status: False
2025-12-05 10:21:15,633-DEBUG-root-18340::webapp_internal::wait_blocker|2444:: Waiting blocker to continue...
2025-12-05 10:21:15,722-DEBUG-root-18340::webapp_internal::wait_blocker|2469:: Blocker status: False
2025-12-05 10:21:15,723-DEBUG-root-18340::webapp_internal::send_action|10480:: Trying to send action
2025-12-05 10:21:15,726-DEBUG-root-18340::base::click|192:: Click Type: ClickType.JS
2025-12-05 10:21:16,832-DEBUG-root-18340::webapp_internal::send_action|10522:: send_action method result = True
2025-12-05 10:21:16,832-DEBUG-root-18340::webapp_internal::send_action|10523:: send_action selenium status: True
2025-12-05 10:21:16,958-DEBUG-root-18340::webapp_internal::wait_element_timeout|7726:: Element found! Waiting for element to be displayed.
2025-12-05 10:21:16,998-INFO-root-18340::webapp_internal::SetButton|4588:: Clicking on Visualizar
2025-12-05 10:21:17,127-DEBUG-root-18340::webapp_internal::wait_element_timeout|7726:: Element found! Waiting for element to be displayed.
2025-12-05 10:21:17,256-DEBUG-root-18340::base::click|192:: Click Type: ClickType.JS
2025-12-05 10:21:17,266-DEBUG-root-18340::webapp_internal::SetButton|4683:: ***System Info*** After Clicking on button:
2025-12-05 10:21:17,266-DEBUG-root-18340::psutil_info::system_info|5:: CPU USAGE: 13.8%
2025-12-05 10:21:17,266-DEBUG-root-18340::psutil_info::system_info|6:: MEMORY USAGE: 89.0%
2025-12-05 10:21:17,267-DEBUG-root-18340::psutil_info::system_info|7:: MEMORY AVAILABLE: 10.96%
2025-12-05 10:21:17,267-INFO-root-18340::webapp_internal::WaitShow|4980:: Waiting show text 'odelo de Dados do Cadastro Centro de Custo vs Orçamento - VISUALIZAR'...
2025-12-05 10:21:17,998-INFO-root-18340::webapp_internal::WaitShow|4996:: Text found! 
2025-12-05 10:21:17,999-INFO-root-18340::webapp_internal::SetButton|4444:: Clicking on Fechar
2025-12-05 10:21:17,999-DEBUG-root-18340::webapp_internal::wait_blocker|2444:: Waiting blocker to continue...
2025-12-05 10:21:18,123-DEBUG-root-18340::webapp_internal::wait_blocker|2469:: Blocker status: False
2025-12-05 10:21:18,446-DEBUG-root-18340::webapp_internal::wait_element_timeout|7726:: Element found! Waiting for element to be displayed.
2025-12-05 10:21:18,629-DEBUG-root-18340::webapp_internal::SetButton|4481:: ***System Info*** Before Clicking on button:Fechar
2025-12-05 10:21:18,629-DEBUG-root-18340::psutil_info::system_info|5:: CPU USAGE: 22.9%
2025-12-05 10:21:18,630-DEBUG-root-18340::psutil_info::system_info|6:: MEMORY USAGE: 89.2%
2025-12-05 10:21:18,630-DEBUG-root-18340::psutil_info::system_info|7:: MEMORY AVAILABLE: 10.75%
2025-12-05 10:21:18,883-DEBUG-root-18340::webapp_internal::wait_element_timeout|7726:: Element found! Waiting for element to be displayed.
2025-12-05 10:21:19,085-DEBUG-root-18340::webapp_internal::wait_blocker|2444:: Waiting blocker to continue...
2025-12-05 10:21:19,186-DEBUG-root-18340::webapp_internal::wait_blocker|2469:: Blocker status: False
2025-12-05 10:21:19,212-DEBUG-root-18340::webapp_internal::wait_blocker|2444:: Waiting blocker to continue...
2025-12-05 10:21:19,317-DEBUG-root-18340::webapp_internal::wait_blocker|2469:: Blocker status: False
2025-12-05 10:21:19,317-DEBUG-root-18340::webapp_internal::send_action|10480:: Trying to send action
2025-12-05 10:21:19,319-DEBUG-root-18340::base::click|192:: Click Type: ClickType.JS
2025-12-05 10:21:20,785-DEBUG-root-18340::webapp_internal::send_action|10522:: send_action method result = True
2025-12-05 10:21:20,785-DEBUG-root-18340::webapp_internal::send_action|10523:: send_action selenium status: True
2025-12-05 10:21:20,785-DEBUG-root-18340::webapp_internal::SetButton|4683:: ***System Info*** After Clicking on button:
2025-12-05 10:21:20,786-DEBUG-root-18340::psutil_info::system_info|5:: CPU USAGE: 13.3%
2025-12-05 10:21:20,786-DEBUG-root-18340::psutil_info::system_info|6:: MEMORY USAGE: 89.3%
2025-12-05 10:21:20,786-DEBUG-root-18340::psutil_info::system_info|7:: MEMORY AVAILABLE: 10.66%
2025-12-05 10:21:20,786-INFO-root-18340::webapp_internal::WaitShow|4980:: Waiting show text 'Centro de Custo vs Orçamento'...
2025-12-05 10:21:20,847-INFO-root-18340::webapp_internal::WaitShow|4996:: Text found! 
2025-12-05 10:21:21,048-INFO-root-18340::webapp_internal::SetButton|4444:: Clicking on Alterar
2025-12-05 10:21:21,048-DEBUG-root-18340::webapp_internal::wait_blocker|2444:: Waiting blocker to continue...
2025-12-05 10:21:21,133-DEBUG-root-18340::webapp_internal::wait_blocker|2469:: Blocker status: False
2025-12-05 10:21:21,503-DEBUG-root-18340::webapp_internal::wait_element_timeout|7726:: Element found! Waiting for element to be displayed.
2025-12-05 10:21:21,727-DEBUG-root-18340::webapp_internal::SetButton|4481:: ***System Info*** Before Clicking on button:Alterar
2025-12-05 10:21:21,728-DEBUG-root-18340::psutil_info::system_info|5:: CPU USAGE: 15.3%
2025-12-05 10:21:21,728-DEBUG-root-18340::psutil_info::system_info|6:: MEMORY USAGE: 88.8%
2025-12-05 10:21:21,728-DEBUG-root-18340::psutil_info::system_info|7:: MEMORY AVAILABLE: 11.17%
2025-12-05 10:21:22,043-DEBUG-root-18340::webapp_internal::wait_element_timeout|7726:: Element found! Waiting for element to be displayed.
2025-12-05 10:21:22,314-DEBUG-root-18340::webapp_internal::wait_blocker|2444:: Waiting blocker to continue...
2025-12-05 10:21:22,402-DEBUG-root-18340::webapp_internal::wait_blocker|2469:: Blocker status: False
2025-12-05 10:21:22,427-DEBUG-root-18340::webapp_internal::wait_blocker|2444:: Waiting blocker to continue...
2025-12-05 10:21:22,515-DEBUG-root-18340::webapp_internal::wait_blocker|2469:: Blocker status: False
2025-12-05 10:21:22,515-DEBUG-root-18340::webapp_internal::send_action|10480:: Trying to send action
2025-12-05 10:21:22,517-DEBUG-root-18340::base::click|192:: Click Type: ClickType.JS
2025-12-05 10:21:23,580-DEBUG-root-18340::webapp_internal::send_action|10522:: send_action method result = True
2025-12-05 10:21:23,580-DEBUG-root-18340::webapp_internal::send_action|10523:: send_action selenium status: True
2025-12-05 10:21:23,581-DEBUG-root-18340::webapp_internal::SetButton|4683:: ***System Info*** After Clicking on button:
2025-12-05 10:21:23,581-DEBUG-root-18340::psutil_info::system_info|5:: CPU USAGE: 12.8%
2025-12-05 10:21:23,581-DEBUG-root-18340::psutil_info::system_info|6:: MEMORY USAGE: 88.9%
2025-12-05 10:21:23,582-DEBUG-root-18340::psutil_info::system_info|7:: MEMORY AVAILABLE: 11.12%
2025-12-05 10:21:23,582-DEBUG-root-18340::webapp_internal::wait_blocker|2444:: Waiting blocker to continue...
2025-12-05 10:21:23,684-DEBUG-root-18340::webapp_internal::wait_blocker|2469:: Blocker status: False
2025-12-05 10:21:23,684-INFO-root-18340::webapp_internal::SetKey|5822:: Key pressed: TAB
2025-12-05 10:21:23,684-DEBUG-root-18340::webapp_internal::SetKey|5857:: Trying press key
2025-12-05 10:21:23,684-DEBUG-root-18340::webapp_internal::wait_element|7623:: Waiting for element
2025-12-05 10:21:23,744-DEBUG-root-18340::webapp_internal::wait_element|7653:: Element found! Waiting for element to be displayed.
2025-12-05 10:21:23,947-DEBUG-root-18340::webapp_internal::wait_blocker|2444:: Waiting blocker to continue...
2025-12-05 10:21:24,049-DEBUG-root-18340::webapp_internal::wait_blocker|2469:: Blocker status: False
2025-12-05 10:21:24,049-INFO-root-18340::webapp_internal::LoadGrid|6298:: Filling grid field: Valor
2025-12-05 10:21:24,049-DEBUG-root-18340::webapp_internal::fill_grid|6399:: Grid loading...
2025-12-05 10:21:24,134-DEBUG-root-18340::webapp_internal::fill_grid|6466:: Column found!
2025-12-05 10:21:24,162-DEBUG-root-18340::base::click|192:: Click Type: ClickType.ACTIONCHAINS
2025-12-05 10:21:29,504-DEBUG-root-18340::webapp_internal::fill_grid|6498:: Trying open cell in grid!
2025-12-05 10:21:29,785-DEBUG-root-18340::webapp_internal::wait_blocker|2444:: Waiting blocker to continue...
2025-12-05 10:21:29,903-DEBUG-root-18340::webapp_internal::wait_blocker|2469:: Blocker status: False
2025-12-05 10:21:30,074-DEBUG-root-18340::webapp_internal::wait_element_timeout|7726:: Element found! Waiting for element to be displayed.
2025-12-05 10:21:30,208-DEBUG-root-18340::base::click|192:: Click Type: ClickType.JS
2025-12-05 10:21:30,350-DEBUG-root-18340::webapp_internal::fill_grid|6577:: Sending keys: 11000
2025-12-05 10:21:30,649-DEBUG-root-18340::webapp_internal::wait_blocker|2444:: Waiting blocker to continue...
2025-12-05 10:21:30,752-DEBUG-root-18340::webapp_internal::wait_blocker|2469:: Blocker status: False
2025-12-05 10:21:30,896-DEBUG-root-18340::webapp_internal::wait_element_timeout|7726:: Element found! Waiting for element to be displayed.
2025-12-05 10:21:31,271-DEBUG-root-18340::webapp_internal::wait_blocker|2444:: Waiting blocker to continue...
2025-12-05 10:21:31,376-DEBUG-root-18340::webapp_internal::wait_blocker|2469:: Blocker status: False
2025-12-05 10:21:31,395-DEBUG-root-18340::webapp_internal::wait_blocker|2444:: Waiting blocker to continue...
2025-12-05 10:21:31,502-DEBUG-root-18340::webapp_internal::wait_blocker|2469:: Blocker status: False
2025-12-05 10:21:31,502-DEBUG-root-18340::webapp_internal::send_action|10480:: Trying to send action
2025-12-05 10:21:32,528-DEBUG-root-18340::webapp_internal::send_action|10522:: send_action method result = True
2025-12-05 10:21:32,528-DEBUG-root-18340::webapp_internal::send_action|10523:: send_action selenium status: False
2025-12-05 10:21:32,528-DEBUG-root-18340::webapp_internal::wait_blocker|2444:: Waiting blocker to continue...
2025-12-05 10:21:32,634-DEBUG-root-18340::webapp_internal::wait_blocker|2469:: Blocker status: False
2025-12-05 10:21:32,634-INFO-root-18340::webapp_internal::SetKey|5822:: Key pressed: TAB
2025-12-05 10:21:32,635-DEBUG-root-18340::webapp_internal::SetKey|5857:: Trying press key
2025-12-05 10:21:32,635-DEBUG-root-18340::webapp_internal::wait_element|7623:: Waiting for element
2025-12-05 10:21:32,697-DEBUG-root-18340::webapp_internal::wait_element|7653:: Element found! Waiting for element to be displayed.
2025-12-05 10:21:32,899-DEBUG-root-18340::webapp_internal::wait_blocker|2444:: Waiting blocker to continue...
2025-12-05 10:21:33,001-DEBUG-root-18340::webapp_internal::wait_blocker|2469:: Blocker status: False
2025-12-05 10:21:33,002-INFO-root-18340::webapp_internal::LoadGrid|6298:: Filling grid field: Motivo
2025-12-05 10:21:33,002-DEBUG-root-18340::webapp_internal::fill_grid|6399:: Grid loading...
2025-12-05 10:21:33,098-DEBUG-root-18340::webapp_internal::fill_grid|6466:: Column found!
2025-12-05 10:21:33,127-DEBUG-root-18340::base::click|192:: Click Type: ClickType.ACTIONCHAINS
2025-12-05 10:21:38,429-DEBUG-root-18340::webapp_internal::fill_grid|6498:: Trying open cell in grid!
2025-12-05 10:21:38,718-DEBUG-root-18340::webapp_internal::wait_blocker|2444:: Waiting blocker to continue...
2025-12-05 10:21:38,844-DEBUG-root-18340::webapp_internal::wait_blocker|2469:: Blocker status: False
2025-12-05 10:21:39,013-DEBUG-root-18340::webapp_internal::wait_element_timeout|7726:: Element found! Waiting for element to be displayed.
2025-12-05 10:21:39,252-DEBUG-root-18340::webapp_internal::fill_grid|6577:: Sending keys: USO PARA TESTE AUTOMATIZADO EDIÇÃO
2025-12-05 10:21:39,572-DEBUG-root-18340::webapp_internal::wait_blocker|2444:: Waiting blocker to continue...
2025-12-05 10:21:39,672-DEBUG-root-18340::webapp_internal::wait_blocker|2469:: Blocker status: False
2025-12-05 10:21:39,815-DEBUG-root-18340::webapp_internal::wait_element_timeout|7726:: Element found! Waiting for element to be displayed.
2025-12-05 10:21:40,118-DEBUG-root-18340::webapp_internal::wait_blocker|2444:: Waiting blocker to continue...
2025-12-05 10:21:40,224-DEBUG-root-18340::webapp_internal::wait_blocker|2469:: Blocker status: False
2025-12-05 10:21:40,247-DEBUG-root-18340::webapp_internal::wait_blocker|2444:: Waiting blocker to continue...
2025-12-05 10:21:40,350-DEBUG-root-18340::webapp_internal::wait_blocker|2469:: Blocker status: False
2025-12-05 10:21:40,350-DEBUG-root-18340::webapp_internal::send_action|10480:: Trying to send action
2025-12-05 10:21:41,397-DEBUG-root-18340::webapp_internal::send_action|10522:: send_action method result = True
2025-12-05 10:21:41,397-DEBUG-root-18340::webapp_internal::send_action|10523:: send_action selenium status: False
2025-12-05 10:21:41,397-INFO-root-18340::webapp_internal::SetButton|4444:: Clicking on Confirmar
2025-12-05 10:21:41,398-DEBUG-root-18340::webapp_internal::wait_blocker|2444:: Waiting blocker to continue...
2025-12-05 10:21:41,499-DEBUG-root-18340::webapp_internal::wait_blocker|2469:: Blocker status: False
2025-12-05 10:21:41,808-DEBUG-root-18340::webapp_internal::wait_element_timeout|7726:: Element found! Waiting for element to be displayed.
2025-12-05 10:21:42,005-DEBUG-root-18340::webapp_internal::SetButton|4481:: ***System Info*** Before Clicking on button:Confirmar
2025-12-05 10:21:42,005-DEBUG-root-18340::psutil_info::system_info|5:: CPU USAGE: 11.2%
2025-12-05 10:21:42,006-DEBUG-root-18340::psutil_info::system_info|6:: MEMORY USAGE: 88.8%
2025-12-05 10:21:42,006-DEBUG-root-18340::psutil_info::system_info|7:: MEMORY AVAILABLE: 11.23%
2025-12-05 10:21:42,286-DEBUG-root-18340::webapp_internal::wait_element_timeout|7726:: Element found! Waiting for element to be displayed.
2025-12-05 10:21:42,527-DEBUG-root-18340::webapp_internal::wait_blocker|2444:: Waiting blocker to continue...
2025-12-05 10:21:42,630-DEBUG-root-18340::webapp_internal::wait_blocker|2469:: Blocker status: False
2025-12-05 10:21:42,655-DEBUG-root-18340::webapp_internal::wait_blocker|2444:: Waiting blocker to continue...
2025-12-05 10:21:42,755-DEBUG-root-18340::webapp_internal::wait_blocker|2469:: Blocker status: False
2025-12-05 10:21:42,755-DEBUG-root-18340::webapp_internal::send_action|10480:: Trying to send action
2025-12-05 10:21:42,757-DEBUG-root-18340::base::click|192:: Click Type: ClickType.JS
2025-12-05 10:21:43,803-DEBUG-root-18340::webapp_internal::send_action|10522:: send_action method result = True
2025-12-05 10:21:43,804-DEBUG-root-18340::webapp_internal::send_action|10523:: send_action selenium status: False
2025-12-05 10:21:43,804-DEBUG-root-18340::webapp_internal::SetButton|4683:: ***System Info*** After Clicking on button:
2025-12-05 10:21:43,804-DEBUG-root-18340::psutil_info::system_info|5:: CPU USAGE: 8.3%
2025-12-05 10:21:43,805-DEBUG-root-18340::psutil_info::system_info|6:: MEMORY USAGE: 89.0%
2025-12-05 10:21:43,805-DEBUG-root-18340::psutil_info::system_info|7:: MEMORY AVAILABLE: 10.96%
2025-12-05 10:21:43,805-INFO-root-18340::webapp_internal::WaitShow|4980:: Waiting show text 'Registro alterado com sucesso.'...
2025-12-05 10:21:43,869-INFO-root-18340::webapp_internal::WaitShow|4996:: Text found! 
2025-12-05 10:21:43,869-INFO-root-18340::webapp_internal::SetButton|4444:: Clicking on Fechar
2025-12-05 10:21:43,869-DEBUG-root-18340::webapp_internal::wait_blocker|2444:: Waiting blocker to continue...
2025-12-05 10:21:43,973-DEBUG-root-18340::webapp_internal::wait_blocker|2469:: Blocker status: False
2025-12-05 10:21:44,239-DEBUG-root-18340::webapp_internal::wait_element_timeout|7726:: Element found! Waiting for element to be displayed.
2025-12-05 10:21:44,339-DEBUG-root-18340::webapp_internal::SetButton|4481:: ***System Info*** Before Clicking on button:Fechar
2025-12-05 10:21:44,339-DEBUG-root-18340::psutil_info::system_info|5:: CPU USAGE: 14.3%
2025-12-05 10:21:44,340-DEBUG-root-18340::psutil_info::system_info|6:: MEMORY USAGE: 89.1%
2025-12-05 10:21:44,340-DEBUG-root-18340::psutil_info::system_info|7:: MEMORY AVAILABLE: 10.86%
2025-12-05 10:21:44,525-DEBUG-root-18340::webapp_internal::wait_element_timeout|7726:: Element found! Waiting for element to be displayed.
2025-12-05 10:21:44,677-DEBUG-root-18340::webapp_internal::wait_blocker|2444:: Waiting blocker to continue...
2025-12-05 10:21:44,784-DEBUG-root-18340::webapp_internal::wait_blocker|2469:: Blocker status: False
2025-12-05 10:21:44,814-DEBUG-root-18340::webapp_internal::wait_blocker|2444:: Waiting blocker to continue...
2025-12-05 10:21:44,915-DEBUG-root-18340::webapp_internal::wait_blocker|2469:: Blocker status: False
2025-12-05 10:21:44,915-DEBUG-root-18340::webapp_internal::send_action|10480:: Trying to send action
2025-12-05 10:21:44,917-DEBUG-root-18340::base::click|192:: Click Type: ClickType.JS
2025-12-05 10:21:46,291-DEBUG-root-18340::webapp_internal::send_action|10522:: send_action method result = True
2025-12-05 10:21:46,291-DEBUG-root-18340::webapp_internal::send_action|10523:: send_action selenium status: True
2025-12-05 10:21:46,292-DEBUG-root-18340::webapp_internal::SetButton|4683:: ***System Info*** After Clicking on button:
2025-12-05 10:21:46,292-DEBUG-root-18340::psutil_info::system_info|5:: CPU USAGE: 9.1%
2025-12-05 10:21:46,293-DEBUG-root-18340::psutil_info::system_info|6:: MEMORY USAGE: 89.2%
2025-12-05 10:21:46,293-DEBUG-root-18340::psutil_info::system_info|7:: MEMORY AVAILABLE: 10.81%
2025-12-05 10:21:46,293-INFO-root-18340::webapp_internal::WaitShow|4980:: Waiting show text 'Centro de Custo vs Orçamento'...
2025-12-05 10:21:46,349-INFO-root-18340::webapp_internal::WaitShow|4996:: Text found! 
2025-12-05 10:21:46,550-INFO-root-18340::webapp_internal::SetButton|4444:: Clicking on Outras Ações
2025-12-05 10:21:46,550-DEBUG-root-18340::webapp_internal::wait_blocker|2444:: Waiting blocker to continue...
2025-12-05 10:21:46,631-DEBUG-root-18340::webapp_internal::wait_blocker|2469:: Blocker status: False
2025-12-05 10:21:46,969-DEBUG-root-18340::webapp_internal::wait_element_timeout|7726:: Element found! Waiting for element to be displayed.
2025-12-05 10:21:47,196-DEBUG-root-18340::webapp_internal::SetButton|4481:: ***System Info*** Before Clicking on button:Outras Ações
2025-12-05 10:21:47,196-DEBUG-root-18340::psutil_info::system_info|5:: CPU USAGE: 11.1%
2025-12-05 10:21:47,196-DEBUG-root-18340::psutil_info::system_info|6:: MEMORY USAGE: 89.3%
2025-12-05 10:21:47,197-DEBUG-root-18340::psutil_info::system_info|7:: MEMORY AVAILABLE: 10.74%
2025-12-05 10:21:47,549-DEBUG-root-18340::webapp_internal::wait_element_timeout|7726:: Element found! Waiting for element to be displayed.
2025-12-05 10:21:47,806-DEBUG-root-18340::webapp_internal::wait_blocker|2444:: Waiting blocker to continue...
2025-12-05 10:21:47,909-DEBUG-root-18340::webapp_internal::wait_blocker|2469:: Blocker status: False
2025-12-05 10:21:47,930-DEBUG-root-18340::webapp_internal::wait_blocker|2444:: Waiting blocker to continue...
2025-12-05 10:21:48,038-DEBUG-root-18340::webapp_internal::wait_blocker|2469:: Blocker status: False
2025-12-05 10:21:48,038-DEBUG-root-18340::webapp_internal::send_action|10480:: Trying to send action
2025-12-05 10:21:48,040-DEBUG-root-18340::base::click|192:: Click Type: ClickType.JS
2025-12-05 10:21:49,074-DEBUG-root-18340::webapp_internal::send_action|10522:: send_action method result = True
2025-12-05 10:21:49,074-DEBUG-root-18340::webapp_internal::send_action|10523:: send_action selenium status: True
2025-12-05 10:21:49,222-DEBUG-root-18340::webapp_internal::wait_element_timeout|7726:: Element found! Waiting for element to be displayed.
2025-12-05 10:21:49,257-INFO-root-18340::webapp_internal::SetButton|4588:: Clicking on Excluir
2025-12-05 10:21:49,387-DEBUG-root-18340::webapp_internal::wait_element_timeout|7726:: Element found! Waiting for element to be displayed.
2025-12-05 10:21:49,510-DEBUG-root-18340::base::click|192:: Click Type: ClickType.JS
2025-12-05 10:21:49,519-DEBUG-root-18340::webapp_internal::SetButton|4683:: ***System Info*** After Clicking on button:
2025-12-05 10:21:49,521-DEBUG-root-18340::psutil_info::system_info|5:: CPU USAGE: 8.4%
2025-12-05 10:21:49,521-DEBUG-root-18340::psutil_info::system_info|6:: MEMORY USAGE: 88.8%
2025-12-05 10:21:49,522-DEBUG-root-18340::psutil_info::system_info|7:: MEMORY AVAILABLE: 11.2%
2025-12-05 10:21:49,522-INFO-root-18340::webapp_internal::WaitShow|4980:: Waiting show text 'Tem certeza que deseja excluir o item abaixo?'...
2025-12-05 10:21:50,300-INFO-root-18340::webapp_internal::WaitShow|4996:: Text found! 
2025-12-05 10:21:50,300-INFO-root-18340::webapp_internal::SetButton|4444:: Clicking on Confirmar
2025-12-05 10:21:50,300-DEBUG-root-18340::webapp_internal::wait_blocker|2444:: Waiting blocker to continue...
2025-12-05 10:21:50,398-DEBUG-root-18340::webapp_internal::wait_blocker|2469:: Blocker status: False
2025-12-05 10:21:50,682-DEBUG-root-18340::webapp_internal::wait_element_timeout|7726:: Element found! Waiting for element to be displayed.
2025-12-05 10:21:50,854-DEBUG-root-18340::webapp_internal::SetButton|4481:: ***System Info*** Before Clicking on button:Confirmar
2025-12-05 10:21:50,855-DEBUG-root-18340::psutil_info::system_info|5:: CPU USAGE: 11.9%
2025-12-05 10:21:50,855-DEBUG-root-18340::psutil_info::system_info|6:: MEMORY USAGE: 88.9%
2025-12-05 10:21:50,856-DEBUG-root-18340::psutil_info::system_info|7:: MEMORY AVAILABLE: 11.12%
2025-12-05 10:21:51,117-DEBUG-root-18340::webapp_internal::wait_element_timeout|7726:: Element found! Waiting for element to be displayed.
2025-12-05 10:21:51,347-DEBUG-root-18340::webapp_internal::wait_blocker|2444:: Waiting blocker to continue...
2025-12-05 10:21:51,452-DEBUG-root-18340::webapp_internal::wait_blocker|2469:: Blocker status: False
2025-12-05 10:21:51,480-DEBUG-root-18340::webapp_internal::wait_blocker|2444:: Waiting blocker to continue...
2025-12-05 10:21:51,585-DEBUG-root-18340::webapp_internal::wait_blocker|2469:: Blocker status: False
2025-12-05 10:21:51,585-DEBUG-root-18340::webapp_internal::send_action|10480:: Trying to send action
2025-12-05 10:21:51,587-DEBUG-root-18340::base::click|192:: Click Type: ClickType.JS
2025-12-05 10:21:52,638-DEBUG-root-18340::webapp_internal::send_action|10522:: send_action method result = True
2025-12-05 10:21:52,638-DEBUG-root-18340::webapp_internal::send_action|10523:: send_action selenium status: False
2025-12-05 10:21:52,639-DEBUG-root-18340::webapp_internal::SetButton|4683:: ***System Info*** After Clicking on button:
2025-12-05 10:21:52,639-DEBUG-root-18340::psutil_info::system_info|5:: CPU USAGE: 8.4%
2025-12-05 10:21:52,639-DEBUG-root-18340::psutil_info::system_info|6:: MEMORY USAGE: 88.8%
2025-12-05 10:21:52,639-DEBUG-root-18340::psutil_info::system_info|7:: MEMORY AVAILABLE: 11.2%
2025-12-05 10:21:52,639-INFO-root-18340::webapp_internal::WaitShow|4980:: Waiting show text 'Registro excluído com sucesso.'...
2025-12-05 10:21:52,704-INFO-root-18340::webapp_internal::WaitShow|4996:: Text found! 
2025-12-05 10:21:52,704-INFO-root-18340::webapp_internal::SetButton|4444:: Clicking on Fechar
2025-12-05 10:21:52,704-DEBUG-root-18340::webapp_internal::wait_blocker|2444:: Waiting blocker to continue...
2025-12-05 10:21:52,805-DEBUG-root-18340::webapp_internal::wait_blocker|2469:: Blocker status: False
2025-12-05 10:21:53,027-DEBUG-root-18340::webapp_internal::wait_element_timeout|7726:: Element found! Waiting for element to be displayed.
2025-12-05 10:21:53,118-DEBUG-root-18340::webapp_internal::SetButton|4481:: ***System Info*** Before Clicking on button:Fechar
2025-12-05 10:21:53,118-DEBUG-root-18340::psutil_info::system_info|5:: CPU USAGE: 9.3%
2025-12-05 10:21:53,118-DEBUG-root-18340::psutil_info::system_info|6:: MEMORY USAGE: 89.0%
2025-12-05 10:21:53,119-DEBUG-root-18340::psutil_info::system_info|7:: MEMORY AVAILABLE: 11.01%
2025-12-05 10:21:53,304-DEBUG-root-18340::webapp_internal::wait_element_timeout|7726:: Element found! Waiting for element to be displayed.
2025-12-05 10:21:53,474-DEBUG-root-18340::webapp_internal::wait_blocker|2444:: Waiting blocker to continue...
2025-12-05 10:21:53,617-DEBUG-root-18340::webapp_internal::wait_blocker|2469:: Blocker status: False
2025-12-05 10:21:53,647-DEBUG-root-18340::webapp_internal::wait_blocker|2444:: Waiting blocker to continue...
2025-12-05 10:21:53,754-DEBUG-root-18340::webapp_internal::wait_blocker|2469:: Blocker status: False
2025-12-05 10:21:53,754-DEBUG-root-18340::webapp_internal::send_action|10480:: Trying to send action
2025-12-05 10:21:53,756-DEBUG-root-18340::base::click|192:: Click Type: ClickType.JS
2025-12-05 10:21:55,145-DEBUG-root-18340::webapp_internal::send_action|10522:: send_action method result = True
2025-12-05 10:21:55,145-DEBUG-root-18340::webapp_internal::send_action|10523:: send_action selenium status: True
2025-12-05 10:21:55,146-DEBUG-root-18340::webapp_internal::SetButton|4683:: ***System Info*** After Clicking on button:
2025-12-05 10:21:55,146-DEBUG-root-18340::psutil_info::system_info|5:: CPU USAGE: 9.7%
2025-12-05 10:21:55,146-DEBUG-root-18340::psutil_info::system_info|6:: MEMORY USAGE: 88.6%
2025-12-05 10:21:55,147-DEBUG-root-18340::psutil_info::system_info|7:: MEMORY AVAILABLE: 11.44%
2025-12-05 10:21:55,160-DEBUG-root-18340::log::checks_empty_line|221:: Checking empty default log info
2025-12-05 10:21:55,163-DEBUG-root-18340::log::generate_log|503:: Json log_data: {'cLogDtExec': '05/12/2025 10:21:55', 'cLogNomUsr': '97137227104', 'cLogNomEst': 'GESIT03', 'cLogProgra': None, 'cLogDtProg': '', 'cLogHrProg': '', 'nLogCtsOk': 1, 'nLogCtsNok': 0, 'nLogCtsSeg': 146.8, 'cLogVersao': '12', 'cLogReleas': '12.1.2410', 'nLogCtsErr': '', 'cLogBancod': 'ORACLE', 'cLogIdenti': '', 'cLogIdExec': '20251205', 'cLogPais': 'BRA', 'cLogTool': 'TIR', 'cLogSequen': '960bbc', 'nLogCtsTot': 1, 'cLogDtExea': '05/12/2025', 'cLogHrExea': '10:21:55', 'cLogArea': 'Desenvolvimento', 'cLogMnExec': 2.4466666666666668}
2025-12-05 10:21:55,164-INFO-root-18340::log::send_log_with_retries|515:: Saving log locally.
2025-12-05 10:21:55,164-INFO-root-18340::log::save_log_locally|548:: [FwSendLog]: Não foi possível enviar o log após todas as tentativas.
2025-12-05 10:21:55,165-INFO-root-18340::log::save_log_locally|555:: [FwSendLog]: Log salvo localmente em C:\TIR_TESTE\1764940915.json.
2025-12-05 10:19:28,485-DEBUG-root-18340::logging_config::logger|189:: Log file created: 'Log\GESIT03\TIR__20251205101928479.log'
2025-12-05 10:19:28,486-INFO-root-18340::base::Start|1183:: TIR Version: 2.4.3
2025-12-05 10:19:28,486-INFO-root-18340::base::Start|1184:: Python Version: 3.12.10
2025-12-05 10:19:28,486-INFO-root-18340::base::Start|1185:: Starting the browser
2025-12-05 10:19:35,755-INFO-root-18340::base::get_url|1294:: Page is ready!
2025-12-05 10:19:35,776-INFO-root-18340::base::Start|1256:: Browser maximized to 1936x1048
2025-12-05 10:19:35,776-INFO-root-18340::base::Start|1258:: Screen size is different from default used in headless mode
2025-12-05 10:19:35,865-INFO-root-18340::webapp_internal::Setup|247:: ***System Info*** in Setup():
2025-12-05 10:19:35,866-DEBUG-root-18340::psutil_info::system_info|5:: CPU USAGE: 18.3%
2025-12-05 10:19:35,867-DEBUG-root-18340::psutil_info::system_info|6:: MEMORY USAGE: 89.8%
2025-12-05 10:19:35,867-DEBUG-root-18340::psutil_info::system_info|7:: MEMORY AVAILABLE: 10.19%
2025-12-05 10:19:35,874-INFO-root-18340::base::webapp_shadowroot|1394:: Webapp: 10.1.6-RC4
2025-12-05 10:19:35,939-INFO-root-18340::webapp_internal::filling_initial_program|449:: Filling Initial Program: "SIGAMDI"
2025-12-05 10:19:35,939-DEBUG-root-18340::webapp_internal::wait_element|7623:: Waiting for element
2025-12-05 10:19:35,977-DEBUG-root-18340::webapp_internal::wait_element|7653:: Element found! Waiting for element to be displayed.
2025-12-05 10:19:36,140-DEBUG-root-18340::base::click|192:: Click Type: ClickType.JS
2025-12-05 10:19:36,146-DEBUG-root-18340::webapp_internal::try_send_keys|7976:: Trying to send keys to element using technique 0
2025-12-05 10:19:36,874-DEBUG-root-18340::webapp_internal::get_web_value|3232:: Current value: SIGAMDI
2025-12-05 10:19:36,875-INFO-root-18340::webapp_internal::filling_server_environment|463:: Filling Server Environment: "POUPEX_TST"
2025-12-05 10:19:36,875-DEBUG-root-18340::webapp_internal::wait_element|7623:: Waiting for element
2025-12-05 10:19:36,897-DEBUG-root-18340::webapp_internal::wait_element|7653:: Element found! Waiting for element to be displayed.
2025-12-05 10:19:37,052-DEBUG-root-18340::base::click|192:: Click Type: ClickType.JS
2025-12-05 10:19:37,056-DEBUG-root-18340::webapp_internal::try_send_keys|7976:: Trying to send keys to element using technique 0
2025-12-05 10:19:37,375-DEBUG-root-18340::webapp_internal::get_web_value|3232:: Current value: POUPEX_TST
2025-12-05 10:19:37,397-DEBUG-root-18340::base::click|192:: Click Type: ClickType.JS
2025-12-05 10:19:37,417-DEBUG-root-18340::webapp_internal::user_screen|519:: Filling user screen
2025-12-05 10:19:43,875-DEBUG-root-18340::webapp_internal::wait_element_timeout|7726:: Element found! Waiting for element to be displayed.
2025-12-05 10:19:43,932-DEBUG-root-18340::base::scroll_to_element|759:: ********Warining scroll_to_element exception: Message: TypeError: can't access property "scrollIntoView", arguments[0] is null
Stacktrace:
@https://qasrverp:10020/webapp/:2:7
@https://qasrverp:10020/webapp/:3:8
*********
2025-12-05 10:19:44,086-INFO-root-18340::webapp_internal::user_screen|561:: Filling User
2025-12-05 10:19:44,120-DEBUG-root-18340::base::double_click|259:: Click Type: ClickType.SELENIUM
2025-12-05 10:19:44,311-DEBUG-root-18340::webapp_internal::get_web_value|3232:: Current value: 97137227104
2025-12-05 10:19:44,335-INFO-root-18340::webapp_internal::user_screen|621:: Filling Password
2025-12-05 10:19:44,358-DEBUG-root-18340::base::click|192:: Click Type: ClickType.JS
2025-12-05 10:19:44,429-DEBUG-root-18340::webapp_internal::get_web_value|3232:: Current value: Val20221080080094+
2025-12-05 10:19:44,430-DEBUG-root-18340::webapp_internal::wait_blocker|2444:: Waiting blocker to continue...
2025-12-05 10:19:44,457-DEBUG-root-18340::webapp_internal::wait_blocker|2469:: Blocker status: None
2025-12-05 10:19:44,478-DEBUG-root-18340::webapp_internal::wait_blocker|2444:: Waiting blocker to continue...
2025-12-05 10:19:44,507-DEBUG-root-18340::webapp_internal::wait_blocker|2469:: Blocker status: None
2025-12-05 10:19:44,550-DEBUG-root-18340::webapp_internal::wait_blocker|2444:: Waiting blocker to continue...
2025-12-05 10:19:44,580-DEBUG-root-18340::webapp_internal::wait_blocker|2469:: Blocker status: None
2025-12-05 10:19:44,580-DEBUG-root-18340::webapp_internal::send_action|10480:: Trying to send action
2025-12-05 10:19:44,586-DEBUG-root-18340::base::click|192:: Click Type: ClickType.JS
2025-12-05 10:19:45,628-DEBUG-root-18340::webapp_internal::send_action|10522:: send_action method result = True
2025-12-05 10:19:45,628-DEBUG-root-18340::webapp_internal::send_action|10523:: send_action selenium status: False
2025-12-05 10:19:48,117-DEBUG-root-18340::base::scroll_to_element|759:: ********Warining scroll_to_element exception: Message: TypeError: can't access property "scrollIntoView", arguments[0] is null
Stacktrace:
@https://qasrverp:10020/webapp/:2:7
@https://qasrverp:10020/webapp/:3:8
*********
2025-12-05 10:19:48,166-INFO-root-18340::webapp_internal::filling_date|885:: Filling Date: "05/12/2025"
2025-12-05 10:19:48,166-DEBUG-root-18340::webapp_internal::wait_blocker|2444:: Waiting blocker to continue...
2025-12-05 10:19:48,200-DEBUG-root-18340::webapp_internal::wait_blocker|2469:: Blocker status: None
2025-12-05 10:19:48,202-DEBUG-root-18340::base::click|192:: Click Type: ClickType.JS
2025-12-05 10:19:48,222-DEBUG-root-18340::webapp_internal::try_send_keys|7976:: Trying to send keys to element using technique 1
2025-12-05 10:19:48,294-DEBUG-root-18340::webapp_internal::get_web_value|3232:: Current value: 05/12/2025
2025-12-05 10:19:49,383-INFO-root-18340::webapp_internal::filling_group|955:: Filling Group: "02"
2025-12-05 10:19:49,383-DEBUG-root-18340::webapp_internal::wait_blocker|2444:: Waiting blocker to continue...
2025-12-05 10:19:49,417-DEBUG-root-18340::webapp_internal::wait_blocker|2469:: Blocker status: None
2025-12-05 10:19:49,420-DEBUG-root-18340::base::click|192:: Click Type: ClickType.JS
2025-12-05 10:19:49,485-DEBUG-root-18340::webapp_internal::get_web_value|3232:: Current value: 02
2025-12-05 10:19:50,548-INFO-root-18340::webapp_internal::filling_branch|1047:: Filling Branch: "02DF0001"
2025-12-05 10:19:50,549-DEBUG-root-18340::webapp_internal::wait_blocker|2444:: Waiting blocker to continue...
2025-12-05 10:19:50,582-DEBUG-root-18340::webapp_internal::wait_blocker|2469:: Blocker status: None
2025-12-05 10:19:50,585-DEBUG-root-18340::base::click|192:: Click Type: ClickType.JS
2025-12-05 10:19:50,644-DEBUG-root-18340::webapp_internal::get_web_value|3232:: Current value: 02DF0001
2025-12-05 10:19:51,728-INFO-root-18340::webapp_internal::filling_environment|1113:: Filling Environment: "07"
2025-12-05 10:19:51,728-DEBUG-root-18340::webapp_internal::wait_blocker|2444:: Waiting blocker to continue...
2025-12-05 10:19:51,768-DEBUG-root-18340::webapp_internal::wait_blocker|2469:: Blocker status: None
2025-12-05 10:19:51,772-DEBUG-root-18340::base::click|192:: Click Type: ClickType.JS
2025-12-05 10:19:51,828-DEBUG-root-18340::webapp_internal::get_web_value|3232:: Current value: 07
2025-12-05 10:19:52,838-DEBUG-root-18340::webapp_internal::close_warning_screen|1489:: Closing warning screen!
2025-12-05 10:19:53,869-DEBUG-root-18340::webapp_internal::check_screen_element|1291:: Checking screen element: "Atenção": False
2025-12-05 10:19:54,970-INFO-root-18340::webapp_internal::environment_screen|796:: Clicking on Button
2025-12-05 10:19:54,970-DEBUG-root-18340::webapp_internal::wait_blocker|2444:: Waiting blocker to continue...
2025-12-05 10:19:55,003-DEBUG-root-18340::webapp_internal::wait_blocker|2469:: Blocker status: None
2025-12-05 10:19:55,006-DEBUG-root-18340::base::click|192:: Click Type: ClickType.JS
2025-12-05 10:19:56,016-DEBUG-root-18340::base::click|192:: Click Type: ClickType.JS
2025-12-05 10:19:57,023-DEBUG-root-18340::base::click|192:: Click Type: ClickType.JS
2025-12-05 10:19:58,032-DEBUG-root-18340::base::click|192:: Click Type: ClickType.JS
2025-12-05 10:19:59,037-DEBUG-root-18340::base::click|192:: Click Type: ClickType.JS
2025-12-05 10:20:00,045-DEBUG-root-18340::base::click|192:: Click Type: ClickType.JS
2025-12-05 10:20:01,054-DEBUG-root-18340::webapp_internal::close_screen_before_menu|368:: Closing screen before the menu
2025-12-05 10:20:01,102-DEBUG-root-18340::webapp_internal::close_warning_screen|1489:: Closing warning screen!
2025-12-05 10:20:02,145-DEBUG-root-18340::webapp_internal::check_screen_element|1291:: Checking screen element: "Atenção": False
2025-12-05 10:20:02,146-DEBUG-root-18340::webapp_internal::close_coin_screen|1424:: Closing coin screen!
2025-12-05 10:20:02,701-DEBUG-root-18340::base::click|192:: Click Type: ClickType.JS
2025-12-05 10:20:02,759-DEBUG-root-18340::webapp_internal::close_warning_screen|1489:: Closing warning screen!
2025-12-05 10:20:03,807-DEBUG-root-18340::webapp_internal::check_screen_element|1291:: Checking screen element: "Atenção": False
2025-12-05 10:20:03,807-DEBUG-root-18340::webapp_internal::close_coin_screen|1424:: Closing coin screen!
2025-12-05 10:20:03,927-INFO-root-18340::webapp_internal::set_log_info|1623:: Getting log info
2025-12-05 10:20:03,928-INFO-root-18340::webapp_internal::SetLateralMenu|4184:: Navigating lateral menu: Ajuda > Sobre
2025-12-05 10:20:03,945-DEBUG-root-18340::webapp_internal::wait_element|7623:: Waiting for element
2025-12-05 10:20:03,985-DEBUG-root-18340::webapp_internal::wait_element|7653:: Element found! Waiting for element to be displayed.
2025-12-05 10:20:04,161-INFO-root-18340::webapp_internal::SetLateralMenu|4203:: Menu item: "Ajuda"
2025-12-05 10:20:04,161-DEBUG-root-18340::webapp_internal::wait_blocker|2444:: Waiting blocker to continue...
2025-12-05 10:20:04,230-DEBUG-root-18340::webapp_internal::wait_blocker|2469:: Blocker status: False
2025-12-05 10:20:04,583-DEBUG-root-18340::webapp_internal::wait_element_timeout|7726:: Element found! Waiting for element to be displayed.
2025-12-05 10:20:04,870-DEBUG-root-18340::webapp_internal::wait_blocker|2444:: Waiting blocker to continue...
2025-12-05 10:20:04,932-DEBUG-root-18340::webapp_internal::wait_blocker|2469:: Blocker status: False
2025-12-05 10:20:07,226-INFO-root-18340::webapp_internal::SetLateralMenu|4203:: Menu item: "Sobre"
2025-12-05 10:20:07,226-DEBUG-root-18340::webapp_internal::wait_blocker|2444:: Waiting blocker to continue...
2025-12-05 10:20:07,294-DEBUG-root-18340::webapp_internal::wait_blocker|2469:: Blocker status: False
2025-12-05 10:20:07,769-DEBUG-root-18340::webapp_internal::wait_element_timeout|7726:: Element found! Waiting for element to be displayed.
2025-12-05 10:20:08,193-DEBUG-root-18340::webapp_internal::wait_blocker|2444:: Waiting blocker to continue...
2025-12-05 10:20:08,255-DEBUG-root-18340::webapp_internal::wait_blocker|2469:: Blocker status: False
2025-12-05 10:20:10,879-DEBUG-root-18340::webapp_internal::wait_blocker|2444:: Waiting blocker to continue...
2025-12-05 10:20:10,942-DEBUG-root-18340::webapp_internal::wait_blocker|2469:: Blocker status: False
2025-12-05 10:20:11,010-DEBUG-root-18340::webapp_internal::wait_element|7623:: Waiting for element
2025-12-05 10:20:11,053-DEBUG-root-18340::webapp_internal::wait_element|7653:: Element found! Waiting for element to be displayed.
2025-12-05 10:20:11,226-INFO-root-18340::webapp_internal::SetButton|4444:: Clicking on Fechar
2025-12-05 10:20:11,227-DEBUG-root-18340::webapp_internal::wait_blocker|2444:: Waiting blocker to continue...
2025-12-05 10:20:11,300-DEBUG-root-18340::webapp_internal::wait_blocker|2469:: Blocker status: False
2025-12-05 10:20:11,483-DEBUG-root-18340::webapp_internal::wait_element_timeout|7726:: Element found! Waiting for element to be displayed.
2025-12-05 10:20:11,555-DEBUG-root-18340::webapp_internal::SetButton|4481:: ***System Info*** Before Clicking on button:Fechar
2025-12-05 10:20:11,556-DEBUG-root-18340::psutil_info::system_info|5:: CPU USAGE: 10.4%
2025-12-05 10:20:11,556-DEBUG-root-18340::psutil_info::system_info|6:: MEMORY USAGE: 89.6%
2025-12-05 10:20:11,557-DEBUG-root-18340::psutil_info::system_info|7:: MEMORY AVAILABLE: 10.42%
2025-12-05 10:20:11,719-DEBUG-root-18340::webapp_internal::wait_element_timeout|7726:: Element found! Waiting for element to be displayed.
2025-12-05 10:20:11,822-DEBUG-root-18340::webapp_internal::wait_blocker|2444:: Waiting blocker to continue...
2025-12-05 10:20:11,891-DEBUG-root-18340::webapp_internal::wait_blocker|2469:: Blocker status: False
2025-12-05 10:20:11,908-DEBUG-root-18340::webapp_internal::wait_blocker|2444:: Waiting blocker to continue...
2025-12-05 10:20:11,977-DEBUG-root-18340::webapp_internal::wait_blocker|2469:: Blocker status: False
2025-12-05 10:20:11,977-DEBUG-root-18340::webapp_internal::send_action|10480:: Trying to send action
2025-12-05 10:20:11,980-DEBUG-root-18340::base::click|192:: Click Type: ClickType.JS
2025-12-05 10:20:13,013-DEBUG-root-18340::webapp_internal::send_action|10522:: send_action method result = True
2025-12-05 10:20:13,013-DEBUG-root-18340::webapp_internal::send_action|10523:: send_action selenium status: False
2025-12-05 10:20:13,013-DEBUG-root-18340::webapp_internal::SetButton|4683:: ***System Info*** After Clicking on button:
2025-12-05 10:20:13,013-DEBUG-root-18340::psutil_info::system_info|5:: CPU USAGE: 7.4%
2025-12-05 10:20:13,014-DEBUG-root-18340::psutil_info::system_info|6:: MEMORY USAGE: 89.5%
2025-12-05 10:20:13,014-DEBUG-root-18340::psutil_info::system_info|7:: MEMORY AVAILABLE: 10.5%
2025-12-05 10:20:13,014-DEBUG-root-18340::webapp_internal::wait_element|7623:: Waiting for element
2025-12-05 10:20:13,109-INFO-root-18340::webapp_internal::SetLateralMenu|4184:: Navigating lateral menu: Atualizações > Gestao de Viagens > Cadastro (5) > Orcamento por UTA
2025-12-05 10:20:13,119-DEBUG-root-18340::webapp_internal::wait_element|7623:: Waiting for element
2025-12-05 10:20:13,158-DEBUG-root-18340::webapp_internal::wait_element|7653:: Element found! Waiting for element to be displayed.
2025-12-05 10:20:13,317-INFO-root-18340::webapp_internal::SetLateralMenu|4203:: Menu item: "Atualizações"
2025-12-05 10:20:13,318-DEBUG-root-18340::webapp_internal::wait_blocker|2444:: Waiting blocker to continue...
2025-12-05 10:20:13,383-DEBUG-root-18340::webapp_internal::wait_blocker|2469:: Blocker status: False
2025-12-05 10:20:13,817-DEBUG-root-18340::webapp_internal::wait_element_timeout|7726:: Element found! Waiting for element to be displayed.
2025-12-05 10:20:14,181-DEBUG-root-18340::webapp_internal::wait_blocker|2444:: Waiting blocker to continue...
2025-12-05 10:20:14,257-DEBUG-root-18340::webapp_internal::wait_blocker|2469:: Blocker status: False
2025-12-05 10:20:16,555-INFO-root-18340::webapp_internal::SetLateralMenu|4203:: Menu item: "Gestao de Viagens"
2025-12-05 10:20:16,555-DEBUG-root-18340::webapp_internal::wait_blocker|2444:: Waiting blocker to continue...
2025-12-05 10:20:16,657-DEBUG-root-18340::webapp_internal::wait_blocker|2469:: Blocker status: False
2025-12-05 10:20:17,468-DEBUG-root-18340::webapp_internal::wait_element_timeout|7726:: Element found! Waiting for element to be displayed.
2025-12-05 10:20:18,230-DEBUG-root-18340::webapp_internal::wait_blocker|2444:: Waiting blocker to continue...
2025-12-05 10:20:18,366-DEBUG-root-18340::webapp_internal::wait_blocker|2469:: Blocker status: False
2025-12-05 10:20:20,669-INFO-root-18340::webapp_internal::SetLateralMenu|4203:: Menu item: "Cadastro (5)"
2025-12-05 10:20:20,669-DEBUG-root-18340::webapp_internal::wait_blocker|2444:: Waiting blocker to continue...
2025-12-05 10:20:20,752-DEBUG-root-18340::webapp_internal::wait_blocker|2469:: Blocker status: False
2025-12-05 10:20:21,612-DEBUG-root-18340::webapp_internal::wait_element_timeout|7726:: Element found! Waiting for element to be displayed.
2025-12-05 10:20:22,487-DEBUG-root-18340::webapp_internal::wait_blocker|2444:: Waiting blocker to continue...
2025-12-05 10:20:22,569-DEBUG-root-18340::webapp_internal::wait_blocker|2469:: Blocker status: False
2025-12-05 10:20:24,866-INFO-root-18340::webapp_internal::SetLateralMenu|4203:: Menu item: "Orcamento por UTA"
2025-12-05 10:20:24,866-DEBUG-root-18340::webapp_internal::wait_blocker|2444:: Waiting blocker to continue...
2025-12-05 10:20:24,946-DEBUG-root-18340::webapp_internal::wait_blocker|2469:: Blocker status: False
2025-12-05 10:20:25,962-DEBUG-root-18340::webapp_internal::wait_element_timeout|7726:: Element found! Waiting for element to be displayed.
2025-12-05 10:20:27,009-DEBUG-root-18340::webapp_internal::wait_blocker|2444:: Waiting blocker to continue...
2025-12-05 10:20:27,093-DEBUG-root-18340::webapp_internal::wait_blocker|2469:: Blocker status: False
2025-12-05 10:20:30,830-DEBUG-root-18340::webapp_internal::wait_blocker|2444:: Waiting blocker to continue...
2025-12-05 10:20:30,902-DEBUG-root-18340::webapp_internal::wait_blocker|2469:: Blocker status: False
2025-12-05 10:20:30,977-INFO-root-18340::webapp_internal::WaitShow|4980:: Waiting show text 'Este ambiente utiliza base de Homologação.'...
2025-12-05 10:20:36,762-INFO-root-18340::webapp_internal::WaitShow|4980:: Waiting show text 'Moedas'...
2025-12-05 10:20:41,864-INFO-root-18340::webapp_internal::WaitShow|4980:: Waiting show text 'Centro de Custo vs Orçamento'...
2025-12-05 10:20:41,935-INFO-root-18340::webapp_internal::WaitShow|4996:: Text found! 
2025-12-05 10:20:41,936-INFO-root-18340::webapp_internal::SetButton|4444:: Clicking on Incluir
2025-12-05 10:20:41,936-DEBUG-root-18340::webapp_internal::wait_blocker|2444:: Waiting blocker to continue...
2025-12-05 10:20:42,027-DEBUG-root-18340::webapp_internal::wait_blocker|2469:: Blocker status: False
2025-12-05 10:20:42,361-DEBUG-root-18340::webapp_internal::wait_element_timeout|7726:: Element found! Waiting for element to be displayed.
2025-12-05 10:20:42,618-DEBUG-root-18340::webapp_internal::SetButton|4481:: ***System Info*** Before Clicking on button:Incluir
2025-12-05 10:20:42,619-DEBUG-root-18340::psutil_info::system_info|5:: CPU USAGE: 10.1%
2025-12-05 10:20:42,619-DEBUG-root-18340::psutil_info::system_info|6:: MEMORY USAGE: 89.8%
2025-12-05 10:20:42,620-DEBUG-root-18340::psutil_info::system_info|7:: MEMORY AVAILABLE: 10.23%
2025-12-05 10:20:42,929-DEBUG-root-18340::webapp_internal::wait_element_timeout|7726:: Element found! Waiting for element to be displayed.
2025-12-05 10:20:43,216-DEBUG-root-18340::webapp_internal::wait_blocker|2444:: Waiting blocker to continue...
2025-12-05 10:20:43,300-DEBUG-root-18340::webapp_internal::wait_blocker|2469:: Blocker status: False
2025-12-05 10:20:43,323-DEBUG-root-18340::webapp_internal::wait_blocker|2444:: Waiting blocker to continue...
2025-12-05 10:20:43,414-DEBUG-root-18340::webapp_internal::wait_blocker|2469:: Blocker status: False
2025-12-05 10:20:43,414-DEBUG-root-18340::webapp_internal::send_action|10480:: Trying to send action
2025-12-05 10:20:43,416-DEBUG-root-18340::base::click|192:: Click Type: ClickType.JS
2025-12-05 10:20:44,462-DEBUG-root-18340::webapp_internal::send_action|10522:: send_action method result = True
2025-12-05 10:20:44,463-DEBUG-root-18340::webapp_internal::send_action|10523:: send_action selenium status: False
2025-12-05 10:20:44,463-DEBUG-root-18340::webapp_internal::SetButton|4683:: ***System Info*** After Clicking on button:
2025-12-05 10:20:44,463-DEBUG-root-18340::psutil_info::system_info|5:: CPU USAGE: 8.3%
2025-12-05 10:20:44,463-DEBUG-root-18340::psutil_info::system_info|6:: MEMORY USAGE: 90.0%
2025-12-05 10:20:44,464-DEBUG-root-18340::psutil_info::system_info|7:: MEMORY AVAILABLE: 10.04%
2025-12-05 10:20:44,464-INFO-root-18340::webapp_internal::WaitShow|4980:: Waiting show text 'Modelo de Dados do Cadastro Centro de Custo vs Orçamento - INCLUIR'...
2025-12-05 10:20:44,594-INFO-root-18340::webapp_internal::WaitShow|4996:: Text found! 
2025-12-05 10:20:44,594-DEBUG-root-18340::webapp_internal::wait_blocker|2444:: Waiting blocker to continue...
2025-12-05 10:20:44,699-DEBUG-root-18340::webapp_internal::wait_blocker|2469:: Blocker status: False
2025-12-05 10:20:44,699-DEBUG-root-18340::webapp_internal::wait_element|7623:: Waiting for element
2025-12-05 10:20:44,757-DEBUG-root-18340::webapp_internal::wait_element|7653:: Element found! Waiting for element to be displayed.
2025-12-05 10:20:44,807-INFO-root-18340::webapp_internal::input_value|2941:: Looking for element: Z91_ANO
2025-12-05 10:20:44,896-INFO-root-18340::webapp_internal::input_value|2951:: Element: Z91_ANO Found!
2025-12-05 10:20:44,896-INFO-root-18340::webapp_internal::input_value|2953:: Filling element: Z91_ANO
2025-12-05 10:20:44,917-DEBUG-root-18340::webapp_internal::get_web_value|3232:: Current value:     
2025-12-05 10:20:44,948-DEBUG-root-18340::base::double_click|259:: Click Type: ClickType.SELENIUM
2025-12-05 10:20:45,208-DEBUG-root-18340::webapp_internal::wait_blocker|2444:: Waiting blocker to continue...
2025-12-05 10:20:45,308-DEBUG-root-18340::webapp_internal::wait_blocker|2469:: Blocker status: False
2025-12-05 10:20:45,628-DEBUG-root-18340::webapp_internal::get_web_value|3232:: Current value: 2025
2025-12-05 10:20:45,629-INFO-root-18340::webapp_internal::input_value|3059:: Current field value: 2025
2025-12-05 10:20:45,638-DEBUG-root-18340::webapp_internal::wait_blocker|2444:: Waiting blocker to continue...
2025-12-05 10:20:45,737-DEBUG-root-18340::webapp_internal::wait_blocker|2469:: Blocker status: False
2025-12-05 10:20:45,737-DEBUG-root-18340::webapp_internal::wait_element|7623:: Waiting for element
2025-12-05 10:20:45,799-DEBUG-root-18340::webapp_internal::wait_element|7653:: Element found! Waiting for element to be displayed.
2025-12-05 10:20:45,847-INFO-root-18340::webapp_internal::input_value|2941:: Looking for element: Z91_TIPO
2025-12-05 10:20:45,957-INFO-root-18340::webapp_internal::input_value|2951:: Element: Z91_TIPO Found!
2025-12-05 10:20:45,957-INFO-root-18340::webapp_internal::input_value|2953:: Filling element: Z91_TIPO
2025-12-05 10:20:47,121-INFO-root-18340::base::select_combo|871:: Selected value for combo is: 2 - Treinamento
2025-12-05 10:20:47,157-DEBUG-root-18340::webapp_internal::SetFocus|6011:: Setting focus on element Z91_CONTAB.
2025-12-05 10:20:47,287-DEBUG-root-18340::base::click|192:: Click Type: ClickType.SELENIUM
2025-12-05 10:20:47,353-DEBUG-root-18340::webapp_internal::wait_blocker|2444:: Waiting blocker to continue...
2025-12-05 10:20:47,452-DEBUG-root-18340::webapp_internal::wait_blocker|2469:: Blocker status: False
2025-12-05 10:20:47,452-DEBUG-root-18340::webapp_internal::wait_element|7623:: Waiting for element
2025-12-05 10:20:47,508-DEBUG-root-18340::webapp_internal::wait_element|7653:: Element found! Waiting for element to be displayed.
2025-12-05 10:20:47,556-INFO-root-18340::webapp_internal::input_value|2941:: Looking for element: Z91_CONTAB
2025-12-05 10:20:47,644-INFO-root-18340::webapp_internal::input_value|2951:: Element: Z91_CONTAB Found!
2025-12-05 10:20:47,645-INFO-root-18340::webapp_internal::input_value|2953:: Filling element: Z91_CONTAB
2025-12-05 10:20:47,668-DEBUG-root-18340::webapp_internal::get_web_value|3232:: Current value:                     
2025-12-05 10:20:47,698-DEBUG-root-18340::base::double_click|259:: Click Type: ClickType.SELENIUM
2025-12-05 10:20:47,946-DEBUG-root-18340::webapp_internal::wait_blocker|2444:: Waiting blocker to continue...
2025-12-05 10:20:48,045-DEBUG-root-18340::webapp_internal::wait_blocker|2469:: Blocker status: False
2025-12-05 10:20:48,342-DEBUG-root-18340::webapp_internal::get_web_value|3232:: Current value: 817750000000001     
2025-12-05 10:20:48,342-INFO-root-18340::webapp_internal::input_value|3059:: Current field value: 817750000000001
2025-12-05 10:20:48,367-DEBUG-root-18340::webapp_internal::wait_blocker|2444:: Waiting blocker to continue...
2025-12-05 10:20:48,516-DEBUG-root-18340::webapp_internal::wait_blocker|2469:: Blocker status: False
2025-12-05 10:20:48,516-DEBUG-root-18340::webapp_internal::wait_element|7623:: Waiting for element
2025-12-05 10:20:48,573-DEBUG-root-18340::webapp_internal::wait_element|7653:: Element found! Waiting for element to be displayed.
2025-12-05 10:20:48,623-INFO-root-18340::webapp_internal::input_value|2941:: Looking for element: Z91_CC
2025-12-05 10:20:48,707-INFO-root-18340::webapp_internal::input_value|2951:: Element: Z91_CC Found!
2025-12-05 10:20:48,707-INFO-root-18340::webapp_internal::input_value|2953:: Filling element: Z91_CC
2025-12-05 10:20:48,728-DEBUG-root-18340::webapp_internal::get_web_value|3232:: Current value:          
2025-12-05 10:20:48,756-DEBUG-root-18340::base::double_click|259:: Click Type: ClickType.SELENIUM
2025-12-05 10:20:49,008-DEBUG-root-18340::webapp_internal::wait_blocker|2444:: Waiting blocker to continue...
2025-12-05 10:20:49,115-DEBUG-root-18340::webapp_internal::wait_blocker|2469:: Blocker status: False
2025-12-05 10:20:49,436-DEBUG-root-18340::webapp_internal::get_web_value|3232:: Current value: 000000086
2025-12-05 10:20:49,436-INFO-root-18340::webapp_internal::input_value|3059:: Current field value: 000000086
2025-12-05 10:20:49,437-DEBUG-root-18340::webapp_internal::wait_blocker|2444:: Waiting blocker to continue...
2025-12-05 10:20:49,537-DEBUG-root-18340::webapp_internal::wait_blocker|2469:: Blocker status: False
2025-12-05 10:20:49,537-INFO-root-18340::webapp_internal::SetKey|5822:: Key pressed: TAB
2025-12-05 10:20:49,537-DEBUG-root-18340::webapp_internal::SetKey|5857:: Trying press key
2025-12-05 10:20:49,608-DEBUG-root-18340::webapp_internal::wait_blocker|2444:: Waiting blocker to continue...
2025-12-05 10:20:49,704-DEBUG-root-18340::webapp_internal::wait_blocker|2469:: Blocker status: False
2025-12-05 10:20:49,722-DEBUG-root-18340::webapp_internal::wait_blocker|2444:: Waiting blocker to continue...
2025-12-05 10:20:49,818-DEBUG-root-18340::webapp_internal::wait_blocker|2469:: Blocker status: False
2025-12-05 10:20:49,819-DEBUG-root-18340::webapp_internal::send_action|10480:: Trying to send action
2025-12-05 10:20:50,843-DEBUG-root-18340::webapp_internal::send_action|10522:: send_action method result = True
2025-12-05 10:20:50,844-DEBUG-root-18340::webapp_internal::send_action|10523:: send_action selenium status: False
2025-12-05 10:20:50,844-DEBUG-root-18340::webapp_internal::SetFocus|6011:: Setting focus on element Centro de Custo vs Valor.
2025-12-05 10:20:51,179-DEBUG-root-18340::base::click|192:: Click Type: ClickType.SELENIUM
2025-12-05 10:20:51,185-ERROR-root-18340::base::click|212:: Warning click method Exception: Message: Element <input type="text"> is not clickable at point (81,816) because another element <wa-panel id="COMP6019" class="dict-tpanel"> obscures it
Stacktrace:
RemoteError@chrome://remote/content/shared/RemoteError.sys.mjs:8:8
WebDriverError@chrome://remote/content/shared/webdriver/Errors.sys.mjs:202:5
ElementClickInterceptedError@chrome://remote/content/shared/webdriver/Errors.sys.mjs:354:5
webdriverClickElement@chrome://remote/content/marionette/interaction.sys.mjs:175:11
interaction.clickElement@chrome://remote/content/marionette/interaction.sys.mjs:134:11
clickElement@chrome://remote/content/marionette/actors/MarionetteCommandsChild.sys.mjs:327:29
receiveMessage@chrome://remote/content/marionette/actors/MarionetteCommandsChild.sys.mjs:210:31
Traceback (most recent call last):
  File "C:\TIR_TESTE\venv\Lib\site-packages\tir\technologies\core\base.py", line 202, in click
    element.click()
  File "C:\TIR_TESTE\venv\Lib\site-packages\selenium\webdriver\remote\webelement.py", line 94, in click
    self._execute(Command.CLICK_ELEMENT)
  File "C:\TIR_TESTE\venv\Lib\site-packages\selenium\webdriver\remote\webelement.py", line 395, in _execute
    return self._parent.execute(command, params)
           ^^^^^^^^^^^^^^^^^^^^^^^^^^^^^^^^^^^^^
  File "C:\TIR_TESTE\venv\Lib\site-packages\selenium\webdriver\remote\webdriver.py", line 347, in execute
    self.error_handler.check_response(response)
  File "C:\TIR_TESTE\venv\Lib\site-packages\selenium\webdriver\remote\errorhandler.py", line 229, in check_response
    raise exception_class(message, screen, stacktrace)
selenium.common.exceptions.ElementClickInterceptedException: Message: Element <input type="text"> is not clickable at point (81,816) because another element <wa-panel id="COMP6019" class="dict-tpanel"> obscures it
Stacktrace:
RemoteError@chrome://remote/content/shared/RemoteError.sys.mjs:8:8
WebDriverError@chrome://remote/content/shared/webdriver/Errors.sys.mjs:202:5
ElementClickInterceptedError@chrome://remote/content/shared/webdriver/Errors.sys.mjs:354:5
webdriverClickElement@chrome://remote/content/marionette/interaction.sys.mjs:175:11
interaction.clickElement@chrome://remote/content/marionette/interaction.sys.mjs:134:11
clickElement@chrome://remote/content/marionette/actors/MarionetteCommandsChild.sys.mjs:327:29
receiveMessage@chrome://remote/content/marionette/actors/MarionetteCommandsChild.sys.mjs:210:31

2025-12-05 10:20:51,207-INFO-root-18340::webapp_internal::WaitShow|4980:: Waiting show text 'Centro de Custo vs Valor'...
2025-12-05 10:20:51,334-INFO-root-18340::webapp_internal::WaitShow|4996:: Text found! 
2025-12-05 10:20:51,334-DEBUG-root-18340::webapp_internal::wait_blocker|2444:: Waiting blocker to continue...
2025-12-05 10:20:51,438-DEBUG-root-18340::webapp_internal::wait_blocker|2469:: Blocker status: False
2025-12-05 10:20:51,438-INFO-root-18340::webapp_internal::SetKey|5822:: Key pressed: TAB
2025-12-05 10:20:51,438-DEBUG-root-18340::webapp_internal::SetKey|5857:: Trying press key
2025-12-05 10:20:51,439-DEBUG-root-18340::webapp_internal::wait_element|7623:: Waiting for element
2025-12-05 10:20:51,508-DEBUG-root-18340::webapp_internal::wait_element|7653:: Element found! Waiting for element to be displayed.
2025-12-05 10:20:51,709-DEBUG-root-18340::webapp_internal::wait_blocker|2444:: Waiting blocker to continue...
2025-12-05 10:20:51,808-DEBUG-root-18340::webapp_internal::wait_blocker|2469:: Blocker status: False
2025-12-05 10:20:51,808-INFO-root-18340::webapp_internal::LoadGrid|6298:: Filling grid field: Valor
2025-12-05 10:20:51,809-DEBUG-root-18340::webapp_internal::fill_grid|6399:: Grid loading...
2025-12-05 10:20:51,891-DEBUG-root-18340::webapp_internal::fill_grid|6466:: Column found!
2025-12-05 10:20:51,919-DEBUG-root-18340::base::click|192:: Click Type: ClickType.ACTIONCHAINS
2025-12-05 10:20:57,354-DEBUG-root-18340::webapp_internal::fill_grid|6498:: Trying open cell in grid!
2025-12-05 10:20:57,632-DEBUG-root-18340::webapp_internal::wait_blocker|2444:: Waiting blocker to continue...
2025-12-05 10:20:57,752-DEBUG-root-18340::webapp_internal::wait_blocker|2469:: Blocker status: False
2025-12-05 10:20:57,918-DEBUG-root-18340::webapp_internal::wait_element_timeout|7726:: Element found! Waiting for element to be displayed.
2025-12-05 10:20:58,045-DEBUG-root-18340::base::click|192:: Click Type: ClickType.JS
2025-12-05 10:20:58,176-DEBUG-root-18340::webapp_internal::fill_grid|6577:: Sending keys: 15000
2025-12-05 10:20:58,446-DEBUG-root-18340::webapp_internal::wait_blocker|2444:: Waiting blocker to continue...
2025-12-05 10:20:58,557-DEBUG-root-18340::webapp_internal::wait_blocker|2469:: Blocker status: False
2025-12-05 10:20:58,699-DEBUG-root-18340::webapp_internal::wait_element_timeout|7726:: Element found! Waiting for element to be displayed.
2025-12-05 10:20:58,998-DEBUG-root-18340::webapp_internal::wait_blocker|2444:: Waiting blocker to continue...
2025-12-05 10:20:59,118-DEBUG-root-18340::webapp_internal::wait_blocker|2469:: Blocker status: False
2025-12-05 10:20:59,136-DEBUG-root-18340::webapp_internal::wait_blocker|2444:: Waiting blocker to continue...
2025-12-05 10:20:59,235-DEBUG-root-18340::webapp_internal::wait_blocker|2469:: Blocker status: False
2025-12-05 10:20:59,235-DEBUG-root-18340::webapp_internal::send_action|10480:: Trying to send action
2025-12-05 10:21:00,261-DEBUG-root-18340::webapp_internal::send_action|10522:: send_action method result = True
2025-12-05 10:21:00,263-DEBUG-root-18340::webapp_internal::send_action|10523:: send_action selenium status: False
2025-12-05 10:21:00,263-DEBUG-root-18340::webapp_internal::wait_blocker|2444:: Waiting blocker to continue...
2025-12-05 10:21:00,365-DEBUG-root-18340::webapp_internal::wait_blocker|2469:: Blocker status: False
2025-12-05 10:21:00,365-INFO-root-18340::webapp_internal::SetKey|5822:: Key pressed: TAB
2025-12-05 10:21:00,365-DEBUG-root-18340::webapp_internal::SetKey|5857:: Trying press key
2025-12-05 10:21:00,365-DEBUG-root-18340::webapp_internal::wait_element|7623:: Waiting for element
2025-12-05 10:21:00,423-DEBUG-root-18340::webapp_internal::wait_element|7653:: Element found! Waiting for element to be displayed.
2025-12-05 10:21:00,619-DEBUG-root-18340::webapp_internal::wait_blocker|2444:: Waiting blocker to continue...
2025-12-05 10:21:00,715-DEBUG-root-18340::webapp_internal::wait_blocker|2469:: Blocker status: False
2025-12-05 10:21:00,716-INFO-root-18340::webapp_internal::LoadGrid|6298:: Filling grid field: Motivo
2025-12-05 10:21:00,716-DEBUG-root-18340::webapp_internal::fill_grid|6399:: Grid loading...
2025-12-05 10:21:00,796-DEBUG-root-18340::webapp_internal::fill_grid|6466:: Column found!
2025-12-05 10:21:00,861-DEBUG-root-18340::base::click|192:: Click Type: ClickType.ACTIONCHAINS
2025-12-05 10:21:06,216-DEBUG-root-18340::webapp_internal::fill_grid|6498:: Trying open cell in grid!
2025-12-05 10:21:06,499-DEBUG-root-18340::webapp_internal::wait_blocker|2444:: Waiting blocker to continue...
2025-12-05 10:21:06,620-DEBUG-root-18340::webapp_internal::wait_blocker|2469:: Blocker status: False
2025-12-05 10:21:06,789-DEBUG-root-18340::webapp_internal::wait_element_timeout|7726:: Element found! Waiting for element to be displayed.
2025-12-05 10:21:07,055-DEBUG-root-18340::webapp_internal::fill_grid|6577:: Sending keys: USO PARA TESTE AUTOMATIZADO
2025-12-05 10:21:07,374-DEBUG-root-18340::webapp_internal::wait_blocker|2444:: Waiting blocker to continue...
2025-12-05 10:21:07,483-DEBUG-root-18340::webapp_internal::wait_blocker|2469:: Blocker status: False
2025-12-05 10:21:07,642-DEBUG-root-18340::webapp_internal::wait_element_timeout|7726:: Element found! Waiting for element to be displayed.
2025-12-05 10:21:07,957-DEBUG-root-18340::webapp_internal::wait_blocker|2444:: Waiting blocker to continue...
2025-12-05 10:21:08,099-DEBUG-root-18340::webapp_internal::wait_blocker|2469:: Blocker status: False
2025-12-05 10:21:08,116-DEBUG-root-18340::webapp_internal::wait_blocker|2444:: Waiting blocker to continue...
2025-12-05 10:21:08,215-DEBUG-root-18340::webapp_internal::wait_blocker|2469:: Blocker status: False
2025-12-05 10:21:08,216-DEBUG-root-18340::webapp_internal::send_action|10480:: Trying to send action
2025-12-05 10:21:09,263-DEBUG-root-18340::webapp_internal::send_action|10522:: send_action method result = True
2025-12-05 10:21:09,264-DEBUG-root-18340::webapp_internal::send_action|10523:: send_action selenium status: False
2025-12-05 10:21:09,264-INFO-root-18340::webapp_internal::SetButton|4444:: Clicking on Confirmar
2025-12-05 10:21:09,264-DEBUG-root-18340::webapp_internal::wait_blocker|2444:: Waiting blocker to continue...
2025-12-05 10:21:09,364-DEBUG-root-18340::webapp_internal::wait_blocker|2469:: Blocker status: False
2025-12-05 10:21:09,688-DEBUG-root-18340::webapp_internal::wait_element_timeout|7726:: Element found! Waiting for element to be displayed.
2025-12-05 10:21:09,880-DEBUG-root-18340::webapp_internal::SetButton|4481:: ***System Info*** Before Clicking on button:Confirmar
2025-12-05 10:21:09,881-DEBUG-root-18340::psutil_info::system_info|5:: CPU USAGE: 9.0%
2025-12-05 10:21:09,881-DEBUG-root-18340::psutil_info::system_info|6:: MEMORY USAGE: 88.7%
2025-12-05 10:21:09,881-DEBUG-root-18340::psutil_info::system_info|7:: MEMORY AVAILABLE: 11.32%
2025-12-05 10:21:10,164-DEBUG-root-18340::webapp_internal::wait_element_timeout|7726:: Element found! Waiting for element to be displayed.
2025-12-05 10:21:10,396-DEBUG-root-18340::webapp_internal::wait_blocker|2444:: Waiting blocker to continue...
2025-12-05 10:21:10,498-DEBUG-root-18340::webapp_internal::wait_blocker|2469:: Blocker status: False
2025-12-05 10:21:10,523-DEBUG-root-18340::webapp_internal::wait_blocker|2444:: Waiting blocker to continue...
2025-12-05 10:21:10,615-DEBUG-root-18340::webapp_internal::wait_blocker|2469:: Blocker status: False
2025-12-05 10:21:10,616-DEBUG-root-18340::webapp_internal::send_action|10480:: Trying to send action
2025-12-05 10:21:10,618-DEBUG-root-18340::base::click|192:: Click Type: ClickType.JS
2025-12-05 10:21:11,665-DEBUG-root-18340::webapp_internal::send_action|10522:: send_action method result = True
2025-12-05 10:21:11,666-DEBUG-root-18340::webapp_internal::send_action|10523:: send_action selenium status: False
2025-12-05 10:21:11,666-DEBUG-root-18340::webapp_internal::SetButton|4683:: ***System Info*** After Clicking on button:
2025-12-05 10:21:11,666-DEBUG-root-18340::psutil_info::system_info|5:: CPU USAGE: 8.4%
2025-12-05 10:21:11,666-DEBUG-root-18340::psutil_info::system_info|6:: MEMORY USAGE: 88.8%
2025-12-05 10:21:11,667-DEBUG-root-18340::psutil_info::system_info|7:: MEMORY AVAILABLE: 11.18%
2025-12-05 10:21:11,667-INFO-root-18340::webapp_internal::WaitShow|4980:: Waiting show text 'Registro inserido com sucesso.'...
2025-12-05 10:21:11,729-INFO-root-18340::webapp_internal::WaitShow|4996:: Text found! 
2025-12-05 10:21:11,731-INFO-root-18340::webapp_internal::SetButton|4444:: Clicking on Fechar
2025-12-05 10:21:11,731-DEBUG-root-18340::webapp_internal::wait_blocker|2444:: Waiting blocker to continue...
2025-12-05 10:21:11,828-DEBUG-root-18340::webapp_internal::wait_blocker|2469:: Blocker status: False
2025-12-05 10:21:12,037-DEBUG-root-18340::webapp_internal::wait_element_timeout|7726:: Element found! Waiting for element to be displayed.
2025-12-05 10:21:12,123-DEBUG-root-18340::webapp_internal::SetButton|4481:: ***System Info*** Before Clicking on button:Fechar
2025-12-05 10:21:12,123-DEBUG-root-18340::psutil_info::system_info|5:: CPU USAGE: 13.6%
2025-12-05 10:21:12,124-DEBUG-root-18340::psutil_info::system_info|6:: MEMORY USAGE: 89.0%
2025-12-05 10:21:12,124-DEBUG-root-18340::psutil_info::system_info|7:: MEMORY AVAILABLE: 11.0%
2025-12-05 10:21:12,311-DEBUG-root-18340::webapp_internal::wait_element_timeout|7726:: Element found! Waiting for element to be displayed.
2025-12-05 10:21:12,439-DEBUG-root-18340::webapp_internal::wait_blocker|2444:: Waiting blocker to continue...
2025-12-05 10:21:12,539-DEBUG-root-18340::webapp_internal::wait_blocker|2469:: Blocker status: False
2025-12-05 10:21:12,565-DEBUG-root-18340::webapp_internal::wait_blocker|2444:: Waiting blocker to continue...
2025-12-05 10:21:12,659-DEBUG-root-18340::webapp_internal::wait_blocker|2469:: Blocker status: False
2025-12-05 10:21:12,660-DEBUG-root-18340::webapp_internal::send_action|10480:: Trying to send action
2025-12-05 10:21:12,662-DEBUG-root-18340::base::click|192:: Click Type: ClickType.JS
2025-12-05 10:21:14,043-DEBUG-root-18340::webapp_internal::send_action|10522:: send_action method result = True
2025-12-05 10:21:14,043-DEBUG-root-18340::webapp_internal::send_action|10523:: send_action selenium status: True
2025-12-05 10:21:14,043-DEBUG-root-18340::webapp_internal::SetButton|4683:: ***System Info*** After Clicking on button:
2025-12-05 10:21:14,044-DEBUG-root-18340::psutil_info::system_info|5:: CPU USAGE: 7.8%
2025-12-05 10:21:14,044-DEBUG-root-18340::psutil_info::system_info|6:: MEMORY USAGE: 88.9%
2025-12-05 10:21:14,044-DEBUG-root-18340::psutil_info::system_info|7:: MEMORY AVAILABLE: 11.09%
2025-12-05 10:21:14,044-INFO-root-18340::webapp_internal::WaitShow|4980:: Waiting show text 'Centro de Custo vs Orçamento'...
2025-12-05 10:21:14,096-INFO-root-18340::webapp_internal::WaitShow|4996:: Text found! 
2025-12-05 10:21:14,297-INFO-root-18340::webapp_internal::SetButton|4444:: Clicking on Outras Ações
2025-12-05 10:21:14,297-DEBUG-root-18340::webapp_internal::wait_blocker|2444:: Waiting blocker to continue...
2025-12-05 10:21:14,378-DEBUG-root-18340::webapp_internal::wait_blocker|2469:: Blocker status: False
2025-12-05 10:21:14,714-DEBUG-root-18340::webapp_internal::wait_element_timeout|7726:: Element found! Waiting for element to be displayed.
2025-12-05 10:21:14,919-DEBUG-root-18340::webapp_internal::SetButton|4481:: ***System Info*** Before Clicking on button:Outras Ações
2025-12-05 10:21:14,919-DEBUG-root-18340::psutil_info::system_info|5:: CPU USAGE: 10.5%
2025-12-05 10:21:14,919-DEBUG-root-18340::psutil_info::system_info|6:: MEMORY USAGE: 89.0%
2025-12-05 10:21:14,921-DEBUG-root-18340::psutil_info::system_info|7:: MEMORY AVAILABLE: 10.96%
2025-12-05 10:21:15,236-DEBUG-root-18340::webapp_internal::wait_element_timeout|7726:: Element found! Waiting for element to be displayed.
2025-12-05 10:21:15,523-DEBUG-root-18340::webapp_internal::wait_blocker|2444:: Waiting blocker to continue...
2025-12-05 10:21:15,612-DEBUG-root-18340::webapp_internal::wait_blocker|2469:: Blocker status: False
2025-12-05 10:21:15,633-DEBUG-root-18340::webapp_internal::wait_blocker|2444:: Waiting blocker to continue...
2025-12-05 10:21:15,722-DEBUG-root-18340::webapp_internal::wait_blocker|2469:: Blocker status: False
2025-12-05 10:21:15,723-DEBUG-root-18340::webapp_internal::send_action|10480:: Trying to send action
2025-12-05 10:21:15,726-DEBUG-root-18340::base::click|192:: Click Type: ClickType.JS
2025-12-05 10:21:16,832-DEBUG-root-18340::webapp_internal::send_action|10522:: send_action method result = True
2025-12-05 10:21:16,832-DEBUG-root-18340::webapp_internal::send_action|10523:: send_action selenium status: True
2025-12-05 10:21:16,958-DEBUG-root-18340::webapp_internal::wait_element_timeout|7726:: Element found! Waiting for element to be displayed.
2025-12-05 10:21:16,998-INFO-root-18340::webapp_internal::SetButton|4588:: Clicking on Visualizar
2025-12-05 10:21:17,127-DEBUG-root-18340::webapp_internal::wait_element_timeout|7726:: Element found! Waiting for element to be displayed.
2025-12-05 10:21:17,256-DEBUG-root-18340::base::click|192:: Click Type: ClickType.JS
2025-12-05 10:21:17,266-DEBUG-root-18340::webapp_internal::SetButton|4683:: ***System Info*** After Clicking on button:
2025-12-05 10:21:17,266-DEBUG-root-18340::psutil_info::system_info|5:: CPU USAGE: 13.8%
2025-12-05 10:21:17,266-DEBUG-root-18340::psutil_info::system_info|6:: MEMORY USAGE: 89.0%
2025-12-05 10:21:17,267-DEBUG-root-18340::psutil_info::system_info|7:: MEMORY AVAILABLE: 10.96%
2025-12-05 10:21:17,267-INFO-root-18340::webapp_internal::WaitShow|4980:: Waiting show text 'odelo de Dados do Cadastro Centro de Custo vs Orçamento - VISUALIZAR'...
2025-12-05 10:21:17,998-INFO-root-18340::webapp_internal::WaitShow|4996:: Text found! 
2025-12-05 10:21:17,999-INFO-root-18340::webapp_internal::SetButton|4444:: Clicking on Fechar
2025-12-05 10:21:17,999-DEBUG-root-18340::webapp_internal::wait_blocker|2444:: Waiting blocker to continue...
2025-12-05 10:21:18,123-DEBUG-root-18340::webapp_internal::wait_blocker|2469:: Blocker status: False
2025-12-05 10:21:18,446-DEBUG-root-18340::webapp_internal::wait_element_timeout|7726:: Element found! Waiting for element to be displayed.
2025-12-05 10:21:18,629-DEBUG-root-18340::webapp_internal::SetButton|4481:: ***System Info*** Before Clicking on button:Fechar
2025-12-05 10:21:18,629-DEBUG-root-18340::psutil_info::system_info|5:: CPU USAGE: 22.9%
2025-12-05 10:21:18,630-DEBUG-root-18340::psutil_info::system_info|6:: MEMORY USAGE: 89.2%
2025-12-05 10:21:18,630-DEBUG-root-18340::psutil_info::system_info|7:: MEMORY AVAILABLE: 10.75%
2025-12-05 10:21:18,883-DEBUG-root-18340::webapp_internal::wait_element_timeout|7726:: Element found! Waiting for element to be displayed.
2025-12-05 10:21:19,085-DEBUG-root-18340::webapp_internal::wait_blocker|2444:: Waiting blocker to continue...
2025-12-05 10:21:19,186-DEBUG-root-18340::webapp_internal::wait_blocker|2469:: Blocker status: False
2025-12-05 10:21:19,212-DEBUG-root-18340::webapp_internal::wait_blocker|2444:: Waiting blocker to continue...
2025-12-05 10:21:19,317-DEBUG-root-18340::webapp_internal::wait_blocker|2469:: Blocker status: False
2025-12-05 10:21:19,317-DEBUG-root-18340::webapp_internal::send_action|10480:: Trying to send action
2025-12-05 10:21:19,319-DEBUG-root-18340::base::click|192:: Click Type: ClickType.JS
2025-12-05 10:21:20,785-DEBUG-root-18340::webapp_internal::send_action|10522:: send_action method result = True
2025-12-05 10:21:20,785-DEBUG-root-18340::webapp_internal::send_action|10523:: send_action selenium status: True
2025-12-05 10:21:20,785-DEBUG-root-18340::webapp_internal::SetButton|4683:: ***System Info*** After Clicking on button:
2025-12-05 10:21:20,786-DEBUG-root-18340::psutil_info::system_info|5:: CPU USAGE: 13.3%
2025-12-05 10:21:20,786-DEBUG-root-18340::psutil_info::system_info|6:: MEMORY USAGE: 89.3%
2025-12-05 10:21:20,786-DEBUG-root-18340::psutil_info::system_info|7:: MEMORY AVAILABLE: 10.66%
2025-12-05 10:21:20,786-INFO-root-18340::webapp_internal::WaitShow|4980:: Waiting show text 'Centro de Custo vs Orçamento'...
2025-12-05 10:21:20,847-INFO-root-18340::webapp_internal::WaitShow|4996:: Text found! 
2025-12-05 10:21:21,048-INFO-root-18340::webapp_internal::SetButton|4444:: Clicking on Alterar
2025-12-05 10:21:21,048-DEBUG-root-18340::webapp_internal::wait_blocker|2444:: Waiting blocker to continue...
2025-12-05 10:21:21,133-DEBUG-root-18340::webapp_internal::wait_blocker|2469:: Blocker status: False
2025-12-05 10:21:21,503-DEBUG-root-18340::webapp_internal::wait_element_timeout|7726:: Element found! Waiting for element to be displayed.
2025-12-05 10:21:21,727-DEBUG-root-18340::webapp_internal::SetButton|4481:: ***System Info*** Before Clicking on button:Alterar
2025-12-05 10:21:21,728-DEBUG-root-18340::psutil_info::system_info|5:: CPU USAGE: 15.3%
2025-12-05 10:21:21,728-DEBUG-root-18340::psutil_info::system_info|6:: MEMORY USAGE: 88.8%
2025-12-05 10:21:21,728-DEBUG-root-18340::psutil_info::system_info|7:: MEMORY AVAILABLE: 11.17%
2025-12-05 10:21:22,043-DEBUG-root-18340::webapp_internal::wait_element_timeout|7726:: Element found! Waiting for element to be displayed.
2025-12-05 10:21:22,314-DEBUG-root-18340::webapp_internal::wait_blocker|2444:: Waiting blocker to continue...
2025-12-05 10:21:22,402-DEBUG-root-18340::webapp_internal::wait_blocker|2469:: Blocker status: False
2025-12-05 10:21:22,427-DEBUG-root-18340::webapp_internal::wait_blocker|2444:: Waiting blocker to continue...
2025-12-05 10:21:22,515-DEBUG-root-18340::webapp_internal::wait_blocker|2469:: Blocker status: False
2025-12-05 10:21:22,515-DEBUG-root-18340::webapp_internal::send_action|10480:: Trying to send action
2025-12-05 10:21:22,517-DEBUG-root-18340::base::click|192:: Click Type: ClickType.JS
2025-12-05 10:21:23,580-DEBUG-root-18340::webapp_internal::send_action|10522:: send_action method result = True
2025-12-05 10:21:23,580-DEBUG-root-18340::webapp_internal::send_action|10523:: send_action selenium status: True
2025-12-05 10:21:23,581-DEBUG-root-18340::webapp_internal::SetButton|4683:: ***System Info*** After Clicking on button:
2025-12-05 10:21:23,581-DEBUG-root-18340::psutil_info::system_info|5:: CPU USAGE: 12.8%
2025-12-05 10:21:23,581-DEBUG-root-18340::psutil_info::system_info|6:: MEMORY USAGE: 88.9%
2025-12-05 10:21:23,582-DEBUG-root-18340::psutil_info::system_info|7:: MEMORY AVAILABLE: 11.12%
2025-12-05 10:21:23,582-DEBUG-root-18340::webapp_internal::wait_blocker|2444:: Waiting blocker to continue...
2025-12-05 10:21:23,684-DEBUG-root-18340::webapp_internal::wait_blocker|2469:: Blocker status: False
2025-12-05 10:21:23,684-INFO-root-18340::webapp_internal::SetKey|5822:: Key pressed: TAB
2025-12-05 10:21:23,684-DEBUG-root-18340::webapp_internal::SetKey|5857:: Trying press key
2025-12-05 10:21:23,684-DEBUG-root-18340::webapp_internal::wait_element|7623:: Waiting for element
2025-12-05 10:21:23,744-DEBUG-root-18340::webapp_internal::wait_element|7653:: Element found! Waiting for element to be displayed.
2025-12-05 10:21:23,947-DEBUG-root-18340::webapp_internal::wait_blocker|2444:: Waiting blocker to continue...
2025-12-05 10:21:24,049-DEBUG-root-18340::webapp_internal::wait_blocker|2469:: Blocker status: False
2025-12-05 10:21:24,049-INFO-root-18340::webapp_internal::LoadGrid|6298:: Filling grid field: Valor
2025-12-05 10:21:24,049-DEBUG-root-18340::webapp_internal::fill_grid|6399:: Grid loading...
2025-12-05 10:21:24,134-DEBUG-root-18340::webapp_internal::fill_grid|6466:: Column found!
2025-12-05 10:21:24,162-DEBUG-root-18340::base::click|192:: Click Type: ClickType.ACTIONCHAINS
2025-12-05 10:21:29,504-DEBUG-root-18340::webapp_internal::fill_grid|6498:: Trying open cell in grid!
2025-12-05 10:21:29,785-DEBUG-root-18340::webapp_internal::wait_blocker|2444:: Waiting blocker to continue...
2025-12-05 10:21:29,903-DEBUG-root-18340::webapp_internal::wait_blocker|2469:: Blocker status: False
2025-12-05 10:21:30,074-DEBUG-root-18340::webapp_internal::wait_element_timeout|7726:: Element found! Waiting for element to be displayed.
2025-12-05 10:21:30,208-DEBUG-root-18340::base::click|192:: Click Type: ClickType.JS
2025-12-05 10:21:30,350-DEBUG-root-18340::webapp_internal::fill_grid|6577:: Sending keys: 11000
2025-12-05 10:21:30,649-DEBUG-root-18340::webapp_internal::wait_blocker|2444:: Waiting blocker to continue...
2025-12-05 10:21:30,752-DEBUG-root-18340::webapp_internal::wait_blocker|2469:: Blocker status: False
2025-12-05 10:21:30,896-DEBUG-root-18340::webapp_internal::wait_element_timeout|7726:: Element found! Waiting for element to be displayed.
2025-12-05 10:21:31,271-DEBUG-root-18340::webapp_internal::wait_blocker|2444:: Waiting blocker to continue...
2025-12-05 10:21:31,376-DEBUG-root-18340::webapp_internal::wait_blocker|2469:: Blocker status: False
2025-12-05 10:21:31,395-DEBUG-root-18340::webapp_internal::wait_blocker|2444:: Waiting blocker to continue...
2025-12-05 10:21:31,502-DEBUG-root-18340::webapp_internal::wait_blocker|2469:: Blocker status: False
2025-12-05 10:21:31,502-DEBUG-root-18340::webapp_internal::send_action|10480:: Trying to send action
2025-12-05 10:21:32,528-DEBUG-root-18340::webapp_internal::send_action|10522:: send_action method result = True
2025-12-05 10:21:32,528-DEBUG-root-18340::webapp_internal::send_action|10523:: send_action selenium status: False
2025-12-05 10:21:32,528-DEBUG-root-18340::webapp_internal::wait_blocker|2444:: Waiting blocker to continue...
2025-12-05 10:21:32,634-DEBUG-root-18340::webapp_internal::wait_blocker|2469:: Blocker status: False
2025-12-05 10:21:32,634-INFO-root-18340::webapp_internal::SetKey|5822:: Key pressed: TAB
2025-12-05 10:21:32,635-DEBUG-root-18340::webapp_internal::SetKey|5857:: Trying press key
2025-12-05 10:21:32,635-DEBUG-root-18340::webapp_internal::wait_element|7623:: Waiting for element
2025-12-05 10:21:32,697-DEBUG-root-18340::webapp_internal::wait_element|7653:: Element found! Waiting for element to be displayed.
2025-12-05 10:21:32,899-DEBUG-root-18340::webapp_internal::wait_blocker|2444:: Waiting blocker to continue...
2025-12-05 10:21:33,001-DEBUG-root-18340::webapp_internal::wait_blocker|2469:: Blocker status: False
2025-12-05 10:21:33,002-INFO-root-18340::webapp_internal::LoadGrid|6298:: Filling grid field: Motivo
2025-12-05 10:21:33,002-DEBUG-root-18340::webapp_internal::fill_grid|6399:: Grid loading...
2025-12-05 10:21:33,098-DEBUG-root-18340::webapp_internal::fill_grid|6466:: Column found!
2025-12-05 10:21:33,127-DEBUG-root-18340::base::click|192:: Click Type: ClickType.ACTIONCHAINS
2025-12-05 10:21:38,429-DEBUG-root-18340::webapp_internal::fill_grid|6498:: Trying open cell in grid!
2025-12-05 10:21:38,718-DEBUG-root-18340::webapp_internal::wait_blocker|2444:: Waiting blocker to continue...
2025-12-05 10:21:38,844-DEBUG-root-18340::webapp_internal::wait_blocker|2469:: Blocker status: False
2025-12-05 10:21:39,013-DEBUG-root-18340::webapp_internal::wait_element_timeout|7726:: Element found! Waiting for element to be displayed.
2025-12-05 10:21:39,252-DEBUG-root-18340::webapp_internal::fill_grid|6577:: Sending keys: USO PARA TESTE AUTOMATIZADO EDIÇÃO
2025-12-05 10:21:39,572-DEBUG-root-18340::webapp_internal::wait_blocker|2444:: Waiting blocker to continue...
2025-12-05 10:21:39,672-DEBUG-root-18340::webapp_internal::wait_blocker|2469:: Blocker status: False
2025-12-05 10:21:39,815-DEBUG-root-18340::webapp_internal::wait_element_timeout|7726:: Element found! Waiting for element to be displayed.
2025-12-05 10:21:40,118-DEBUG-root-18340::webapp_internal::wait_blocker|2444:: Waiting blocker to continue...
2025-12-05 10:21:40,224-DEBUG-root-18340::webapp_internal::wait_blocker|2469:: Blocker status: False
2025-12-05 10:21:40,247-DEBUG-root-18340::webapp_internal::wait_blocker|2444:: Waiting blocker to continue...
2025-12-05 10:21:40,350-DEBUG-root-18340::webapp_internal::wait_blocker|2469:: Blocker status: False
2025-12-05 10:21:40,350-DEBUG-root-18340::webapp_internal::send_action|10480:: Trying to send action
2025-12-05 10:21:41,397-DEBUG-root-18340::webapp_internal::send_action|10522:: send_action method result = True
2025-12-05 10:21:41,397-DEBUG-root-18340::webapp_internal::send_action|10523:: send_action selenium status: False
2025-12-05 10:21:41,397-INFO-root-18340::webapp_internal::SetButton|4444:: Clicking on Confirmar
2025-12-05 10:21:41,398-DEBUG-root-18340::webapp_internal::wait_blocker|2444:: Waiting blocker to continue...
2025-12-05 10:21:41,499-DEBUG-root-18340::webapp_internal::wait_blocker|2469:: Blocker status: False
2025-12-05 10:21:41,808-DEBUG-root-18340::webapp_internal::wait_element_timeout|7726:: Element found! Waiting for element to be displayed.
2025-12-05 10:21:42,005-DEBUG-root-18340::webapp_internal::SetButton|4481:: ***System Info*** Before Clicking on button:Confirmar
2025-12-05 10:21:42,005-DEBUG-root-18340::psutil_info::system_info|5:: CPU USAGE: 11.2%
2025-12-05 10:21:42,006-DEBUG-root-18340::psutil_info::system_info|6:: MEMORY USAGE: 88.8%
2025-12-05 10:21:42,006-DEBUG-root-18340::psutil_info::system_info|7:: MEMORY AVAILABLE: 11.23%
2025-12-05 10:21:42,286-DEBUG-root-18340::webapp_internal::wait_element_timeout|7726:: Element found! Waiting for element to be displayed.
2025-12-05 10:21:42,527-DEBUG-root-18340::webapp_internal::wait_blocker|2444:: Waiting blocker to continue...
2025-12-05 10:21:42,630-DEBUG-root-18340::webapp_internal::wait_blocker|2469:: Blocker status: False
2025-12-05 10:21:42,655-DEBUG-root-18340::webapp_internal::wait_blocker|2444:: Waiting blocker to continue...
2025-12-05 10:21:42,755-DEBUG-root-18340::webapp_internal::wait_blocker|2469:: Blocker status: False
2025-12-05 10:21:42,755-DEBUG-root-18340::webapp_internal::send_action|10480:: Trying to send action
2025-12-05 10:21:42,757-DEBUG-root-18340::base::click|192:: Click Type: ClickType.JS
2025-12-05 10:21:43,803-DEBUG-root-18340::webapp_internal::send_action|10522:: send_action method result = True
2025-12-05 10:21:43,804-DEBUG-root-18340::webapp_internal::send_action|10523:: send_action selenium status: False
2025-12-05 10:21:43,804-DEBUG-root-18340::webapp_internal::SetButton|4683:: ***System Info*** After Clicking on button:
2025-12-05 10:21:43,804-DEBUG-root-18340::psutil_info::system_info|5:: CPU USAGE: 8.3%
2025-12-05 10:21:43,805-DEBUG-root-18340::psutil_info::system_info|6:: MEMORY USAGE: 89.0%
2025-12-05 10:21:43,805-DEBUG-root-18340::psutil_info::system_info|7:: MEMORY AVAILABLE: 10.96%
2025-12-05 10:21:43,805-INFO-root-18340::webapp_internal::WaitShow|4980:: Waiting show text 'Registro alterado com sucesso.'...
2025-12-05 10:21:43,869-INFO-root-18340::webapp_internal::WaitShow|4996:: Text found! 
2025-12-05 10:21:43,869-INFO-root-18340::webapp_internal::SetButton|4444:: Clicking on Fechar
2025-12-05 10:21:43,869-DEBUG-root-18340::webapp_internal::wait_blocker|2444:: Waiting blocker to continue...
2025-12-05 10:21:43,973-DEBUG-root-18340::webapp_internal::wait_blocker|2469:: Blocker status: False
2025-12-05 10:21:44,239-DEBUG-root-18340::webapp_internal::wait_element_timeout|7726:: Element found! Waiting for element to be displayed.
2025-12-05 10:21:44,339-DEBUG-root-18340::webapp_internal::SetButton|4481:: ***System Info*** Before Clicking on button:Fechar
2025-12-05 10:21:44,339-DEBUG-root-18340::psutil_info::system_info|5:: CPU USAGE: 14.3%
2025-12-05 10:21:44,340-DEBUG-root-18340::psutil_info::system_info|6:: MEMORY USAGE: 89.1%
2025-12-05 10:21:44,340-DEBUG-root-18340::psutil_info::system_info|7:: MEMORY AVAILABLE: 10.86%
2025-12-05 10:21:44,525-DEBUG-root-18340::webapp_internal::wait_element_timeout|7726:: Element found! Waiting for element to be displayed.
2025-12-05 10:21:44,677-DEBUG-root-18340::webapp_internal::wait_blocker|2444:: Waiting blocker to continue...
2025-12-05 10:21:44,784-DEBUG-root-18340::webapp_internal::wait_blocker|2469:: Blocker status: False
2025-12-05 10:21:44,814-DEBUG-root-18340::webapp_internal::wait_blocker|2444:: Waiting blocker to continue...
2025-12-05 10:21:44,915-DEBUG-root-18340::webapp_internal::wait_blocker|2469:: Blocker status: False
2025-12-05 10:21:44,915-DEBUG-root-18340::webapp_internal::send_action|10480:: Trying to send action
2025-12-05 10:21:44,917-DEBUG-root-18340::base::click|192:: Click Type: ClickType.JS
2025-12-05 10:21:46,291-DEBUG-root-18340::webapp_internal::send_action|10522:: send_action method result = True
2025-12-05 10:21:46,291-DEBUG-root-18340::webapp_internal::send_action|10523:: send_action selenium status: True
2025-12-05 10:21:46,292-DEBUG-root-18340::webapp_internal::SetButton|4683:: ***System Info*** After Clicking on button:
2025-12-05 10:21:46,292-DEBUG-root-18340::psutil_info::system_info|5:: CPU USAGE: 9.1%
2025-12-05 10:21:46,293-DEBUG-root-18340::psutil_info::system_info|6:: MEMORY USAGE: 89.2%
2025-12-05 10:21:46,293-DEBUG-root-18340::psutil_info::system_info|7:: MEMORY AVAILABLE: 10.81%
2025-12-05 10:21:46,293-INFO-root-18340::webapp_internal::WaitShow|4980:: Waiting show text 'Centro de Custo vs Orçamento'...
2025-12-05 10:21:46,349-INFO-root-18340::webapp_internal::WaitShow|4996:: Text found! 
2025-12-05 10:21:46,550-INFO-root-18340::webapp_internal::SetButton|4444:: Clicking on Outras Ações
2025-12-05 10:21:46,550-DEBUG-root-18340::webapp_internal::wait_blocker|2444:: Waiting blocker to continue...
2025-12-05 10:21:46,631-DEBUG-root-18340::webapp_internal::wait_blocker|2469:: Blocker status: False
2025-12-05 10:21:46,969-DEBUG-root-18340::webapp_internal::wait_element_timeout|7726:: Element found! Waiting for element to be displayed.
2025-12-05 10:21:47,196-DEBUG-root-18340::webapp_internal::SetButton|4481:: ***System Info*** Before Clicking on button:Outras Ações
2025-12-05 10:21:47,196-DEBUG-root-18340::psutil_info::system_info|5:: CPU USAGE: 11.1%
2025-12-05 10:21:47,196-DEBUG-root-18340::psutil_info::system_info|6:: MEMORY USAGE: 89.3%
2025-12-05 10:21:47,197-DEBUG-root-18340::psutil_info::system_info|7:: MEMORY AVAILABLE: 10.74%
2025-12-05 10:21:47,549-DEBUG-root-18340::webapp_internal::wait_element_timeout|7726:: Element found! Waiting for element to be displayed.
2025-12-05 10:21:47,806-DEBUG-root-18340::webapp_internal::wait_blocker|2444:: Waiting blocker to continue...
2025-12-05 10:21:47,909-DEBUG-root-18340::webapp_internal::wait_blocker|2469:: Blocker status: False
2025-12-05 10:21:47,930-DEBUG-root-18340::webapp_internal::wait_blocker|2444:: Waiting blocker to continue...
2025-12-05 10:21:48,038-DEBUG-root-18340::webapp_internal::wait_blocker|2469:: Blocker status: False
2025-12-05 10:21:48,038-DEBUG-root-18340::webapp_internal::send_action|10480:: Trying to send action
2025-12-05 10:21:48,040-DEBUG-root-18340::base::click|192:: Click Type: ClickType.JS
2025-12-05 10:21:49,074-DEBUG-root-18340::webapp_internal::send_action|10522:: send_action method result = True
2025-12-05 10:21:49,074-DEBUG-root-18340::webapp_internal::send_action|10523:: send_action selenium status: True
2025-12-05 10:21:49,222-DEBUG-root-18340::webapp_internal::wait_element_timeout|7726:: Element found! Waiting for element to be displayed.
2025-12-05 10:21:49,257-INFO-root-18340::webapp_internal::SetButton|4588:: Clicking on Excluir
2025-12-05 10:21:49,387-DEBUG-root-18340::webapp_internal::wait_element_timeout|7726:: Element found! Waiting for element to be displayed.
2025-12-05 10:21:49,510-DEBUG-root-18340::base::click|192:: Click Type: ClickType.JS
2025-12-05 10:21:49,519-DEBUG-root-18340::webapp_internal::SetButton|4683:: ***System Info*** After Clicking on button:
2025-12-05 10:21:49,521-DEBUG-root-18340::psutil_info::system_info|5:: CPU USAGE: 8.4%
2025-12-05 10:21:49,521-DEBUG-root-18340::psutil_info::system_info|6:: MEMORY USAGE: 88.8%
2025-12-05 10:21:49,522-DEBUG-root-18340::psutil_info::system_info|7:: MEMORY AVAILABLE: 11.2%
2025-12-05 10:21:49,522-INFO-root-18340::webapp_internal::WaitShow|4980:: Waiting show text 'Tem certeza que deseja excluir o item abaixo?'...
2025-12-05 10:21:50,300-INFO-root-18340::webapp_internal::WaitShow|4996:: Text found! 
2025-12-05 10:21:50,300-INFO-root-18340::webapp_internal::SetButton|4444:: Clicking on Confirmar
2025-12-05 10:21:50,300-DEBUG-root-18340::webapp_internal::wait_blocker|2444:: Waiting blocker to continue...
2025-12-05 10:21:50,398-DEBUG-root-18340::webapp_internal::wait_blocker|2469:: Blocker status: False
2025-12-05 10:21:50,682-DEBUG-root-18340::webapp_internal::wait_element_timeout|7726:: Element found! Waiting for element to be displayed.
2025-12-05 10:21:50,854-DEBUG-root-18340::webapp_internal::SetButton|4481:: ***System Info*** Before Clicking on button:Confirmar
2025-12-05 10:21:50,855-DEBUG-root-18340::psutil_info::system_info|5:: CPU USAGE: 11.9%
2025-12-05 10:21:50,855-DEBUG-root-18340::psutil_info::system_info|6:: MEMORY USAGE: 88.9%
2025-12-05 10:21:50,856-DEBUG-root-18340::psutil_info::system_info|7:: MEMORY AVAILABLE: 11.12%
2025-12-05 10:21:51,117-DEBUG-root-18340::webapp_internal::wait_element_timeout|7726:: Element found! Waiting for element to be displayed.
2025-12-05 10:21:51,347-DEBUG-root-18340::webapp_internal::wait_blocker|2444:: Waiting blocker to continue...
2025-12-05 10:21:51,452-DEBUG-root-18340::webapp_internal::wait_blocker|2469:: Blocker status: False
2025-12-05 10:21:51,480-DEBUG-root-18340::webapp_internal::wait_blocker|2444:: Waiting blocker to continue...
2025-12-05 10:21:51,585-DEBUG-root-18340::webapp_internal::wait_blocker|2469:: Blocker status: False
2025-12-05 10:21:51,585-DEBUG-root-18340::webapp_internal::send_action|10480:: Trying to send action
2025-12-05 10:21:51,587-DEBUG-root-18340::base::click|192:: Click Type: ClickType.JS
2025-12-05 10:21:52,638-DEBUG-root-18340::webapp_internal::send_action|10522:: send_action method result = True
2025-12-05 10:21:52,638-DEBUG-root-18340::webapp_internal::send_action|10523:: send_action selenium status: False
2025-12-05 10:21:52,639-DEBUG-root-18340::webapp_internal::SetButton|4683:: ***System Info*** After Clicking on button:
2025-12-05 10:21:52,639-DEBUG-root-18340::psutil_info::system_info|5:: CPU USAGE: 8.4%
2025-12-05 10:21:52,639-DEBUG-root-18340::psutil_info::system_info|6:: MEMORY USAGE: 88.8%
2025-12-05 10:21:52,639-DEBUG-root-18340::psutil_info::system_info|7:: MEMORY AVAILABLE: 11.2%
2025-12-05 10:21:52,639-INFO-root-18340::webapp_internal::WaitShow|4980:: Waiting show text 'Registro excluído com sucesso.'...
2025-12-05 10:21:52,704-INFO-root-18340::webapp_internal::WaitShow|4996:: Text found! 
2025-12-05 10:21:52,704-INFO-root-18340::webapp_internal::SetButton|4444:: Clicking on Fechar
2025-12-05 10:21:52,704-DEBUG-root-18340::webapp_internal::wait_blocker|2444:: Waiting blocker to continue...
2025-12-05 10:21:52,805-DEBUG-root-18340::webapp_internal::wait_blocker|2469:: Blocker status: False
2025-12-05 10:21:53,027-DEBUG-root-18340::webapp_internal::wait_element_timeout|7726:: Element found! Waiting for element to be displayed.
2025-12-05 10:21:53,118-DEBUG-root-18340::webapp_internal::SetButton|4481:: ***System Info*** Before Clicking on button:Fechar
2025-12-05 10:21:53,118-DEBUG-root-18340::psutil_info::system_info|5:: CPU USAGE: 9.3%
2025-12-05 10:21:53,118-DEBUG-root-18340::psutil_info::system_info|6:: MEMORY USAGE: 89.0%
2025-12-05 10:21:53,119-DEBUG-root-18340::psutil_info::system_info|7:: MEMORY AVAILABLE: 11.01%
2025-12-05 10:21:53,304-DEBUG-root-18340::webapp_internal::wait_element_timeout|7726:: Element found! Waiting for element to be displayed.
2025-12-05 10:21:53,474-DEBUG-root-18340::webapp_internal::wait_blocker|2444:: Waiting blocker to continue...
2025-12-05 10:21:53,617-DEBUG-root-18340::webapp_internal::wait_blocker|2469:: Blocker status: False
2025-12-05 10:21:53,647-DEBUG-root-18340::webapp_internal::wait_blocker|2444:: Waiting blocker to continue...
2025-12-05 10:21:53,754-DEBUG-root-18340::webapp_internal::wait_blocker|2469:: Blocker status: False
2025-12-05 10:21:53,754-DEBUG-root-18340::webapp_internal::send_action|10480:: Trying to send action
2025-12-05 10:21:53,756-DEBUG-root-18340::base::click|192:: Click Type: ClickType.JS
2025-12-05 10:21:55,145-DEBUG-root-18340::webapp_internal::send_action|10522:: send_action method result = True
2025-12-05 10:21:55,145-DEBUG-root-18340::webapp_internal::send_action|10523:: send_action selenium status: True
2025-12-05 10:21:55,146-DEBUG-root-18340::webapp_internal::SetButton|4683:: ***System Info*** After Clicking on button:
2025-12-05 10:21:55,146-DEBUG-root-18340::psutil_info::system_info|5:: CPU USAGE: 9.7%
2025-12-05 10:21:55,146-DEBUG-root-18340::psutil_info::system_info|6:: MEMORY USAGE: 88.6%
2025-12-05 10:21:55,147-DEBUG-root-18340::psutil_info::system_info|7:: MEMORY AVAILABLE: 11.44%
2025-12-05 10:21:55,160-DEBUG-root-18340::log::checks_empty_line|221:: Checking empty default log info
2025-12-05 10:21:55,163-DEBUG-root-18340::log::generate_log|503:: Json log_data: {'cLogDtExec': '05/12/2025 10:21:55', 'cLogNomUsr': '97137227104', 'cLogNomEst': 'GESIT03', 'cLogProgra': None, 'cLogDtProg': '', 'cLogHrProg': '', 'nLogCtsOk': 1, 'nLogCtsNok': 0, 'nLogCtsSeg': 146.8, 'cLogVersao': '12', 'cLogReleas': '12.1.2410', 'nLogCtsErr': '', 'cLogBancod': 'ORACLE', 'cLogIdenti': '', 'cLogIdExec': '20251205', 'cLogPais': 'BRA', 'cLogTool': 'TIR', 'cLogSequen': '960bbc', 'nLogCtsTot': 1, 'cLogDtExea': '05/12/2025', 'cLogHrExea': '10:21:55', 'cLogArea': 'Desenvolvimento', 'cLogMnExec': 2.4466666666666668}
2025-12-05 10:21:55,164-INFO-root-18340::log::send_log_with_retries|515:: Saving log locally.
2025-12-05 10:21:55,164-INFO-root-18340::log::save_log_locally|548:: [FwSendLog]: Não foi possível enviar o log após todas as tentativas.
2025-12-05 10:21:55,165-INFO-root-18340::log::save_log_locally|555:: [FwSendLog]: Log salvo localmente em C:\TIR_TESTE\1764940915.json.
