2025-11-18 09:25:15,007-DEBUG-root-18580::logging_config::logger|189:: Log file created: 'Log\GESIT03\TIR__20251118092515002.log'
2025-11-18 09:25:15,007-INFO-root-18580::base::Start|1183:: TIR Version: 2.4.3
2025-11-18 09:25:15,007-INFO-root-18580::base::Start|1184:: Python Version: 3.12.10
2025-11-18 09:25:15,007-INFO-root-18580::base::Start|1185:: Starting the browser
2025-11-18 09:25:22,143-INFO-root-18580::base::get_url|1294:: Page is ready!
2025-11-18 09:25:22,148-INFO-root-18580::base::Start|1256:: Browser maximized to 1936x1048
2025-11-18 09:25:22,148-INFO-root-18580::base::Start|1258:: Screen size is different from default used in headless mode
2025-11-18 09:25:22,196-INFO-root-18580::webapp_internal::Setup|247:: ***System Info*** in Setup():
2025-11-18 09:25:22,196-DEBUG-root-18580::psutil_info::system_info|5:: CPU USAGE: 21.2%
2025-11-18 09:25:22,197-DEBUG-root-18580::psutil_info::system_info|6:: MEMORY USAGE: 89.0%
2025-11-18 09:25:22,198-DEBUG-root-18580::psutil_info::system_info|7:: MEMORY AVAILABLE: 10.97%
2025-11-18 09:25:22,211-INFO-root-18580::base::webapp_shadowroot|1394:: Webapp: 10.1.6-RC4
2025-11-18 09:25:22,241-INFO-root-18580::webapp_internal::filling_initial_program|449:: Filling Initial Program: "SIGAMDI"
2025-11-18 09:25:22,241-DEBUG-root-18580::webapp_internal::wait_element|7623:: Waiting for element
2025-11-18 09:25:22,311-DEBUG-root-18580::webapp_internal::wait_element|7653:: Element found! Waiting for element to be displayed.
2025-11-18 09:25:22,957-DEBUG-root-18580::base::click|192:: Click Type: ClickType.JS
2025-11-18 09:25:23,064-DEBUG-root-18580::webapp_internal::try_send_keys|7976:: Trying to send keys to element using technique 0
2025-11-18 09:25:23,534-DEBUG-root-18580::webapp_internal::get_web_value|3232:: Current value: SIGAMDI
2025-11-18 09:25:23,534-INFO-root-18580::webapp_internal::filling_server_environment|463:: Filling Server Environment: "POUPEX_TST"
2025-11-18 09:25:23,534-DEBUG-root-18580::webapp_internal::wait_element|7623:: Waiting for element
2025-11-18 09:25:23,565-DEBUG-root-18580::webapp_internal::wait_element|7653:: Element found! Waiting for element to be displayed.
2025-11-18 09:25:23,735-DEBUG-root-18580::base::click|192:: Click Type: ClickType.JS
2025-11-18 09:25:23,741-DEBUG-root-18580::webapp_internal::try_send_keys|7976:: Trying to send keys to element using technique 0
2025-11-18 09:25:24,057-DEBUG-root-18580::webapp_internal::get_web_value|3232:: Current value: POUPEX_TST
2025-11-18 09:25:24,082-DEBUG-root-18580::base::click|192:: Click Type: ClickType.JS
2025-11-18 09:25:24,092-DEBUG-root-18580::webapp_internal::user_screen|519:: Filling user screen
2025-11-18 09:25:27,985-DEBUG-root-18580::webapp_internal::wait_element_timeout|7726:: Element found! Waiting for element to be displayed.
2025-11-18 09:25:28,040-DEBUG-root-18580::base::scroll_to_element|759:: ********Warining scroll_to_element exception: Message: TypeError: can't access property "scrollIntoView", arguments[0] is null
Stacktrace:
@https://qasrverp:10020/webapp/:2:7
@https://qasrverp:10020/webapp/:3:8
*********
2025-11-18 09:25:28,171-INFO-root-18580::webapp_internal::user_screen|561:: Filling User
2025-11-18 09:25:28,197-DEBUG-root-18580::base::double_click|259:: Click Type: ClickType.SELENIUM
2025-11-18 09:25:28,388-DEBUG-root-18580::webapp_internal::get_web_value|3232:: Current value: 97137227104
2025-11-18 09:25:28,411-INFO-root-18580::webapp_internal::user_screen|621:: Filling Password
2025-11-18 09:25:28,431-DEBUG-root-18580::base::click|192:: Click Type: ClickType.JS
2025-11-18 09:25:28,505-DEBUG-root-18580::webapp_internal::get_web_value|3232:: Current value: Val20221080080094+
2025-11-18 09:25:28,505-DEBUG-root-18580::webapp_internal::wait_blocker|2444:: Waiting blocker to continue...
2025-11-18 09:25:28,537-DEBUG-root-18580::webapp_internal::wait_blocker|2469:: Blocker status: None
2025-11-18 09:25:28,556-DEBUG-root-18580::webapp_internal::wait_blocker|2444:: Waiting blocker to continue...
2025-11-18 09:25:28,582-DEBUG-root-18580::webapp_internal::wait_blocker|2469:: Blocker status: None
2025-11-18 09:25:28,617-DEBUG-root-18580::webapp_internal::wait_blocker|2444:: Waiting blocker to continue...
2025-11-18 09:25:28,643-DEBUG-root-18580::webapp_internal::wait_blocker|2469:: Blocker status: None
2025-11-18 09:25:28,643-DEBUG-root-18580::webapp_internal::send_action|10480:: Trying to send action
2025-11-18 09:25:28,649-DEBUG-root-18580::base::click|192:: Click Type: ClickType.JS
2025-11-18 09:25:29,693-DEBUG-root-18580::webapp_internal::send_action|10522:: send_action method result = True
2025-11-18 09:25:29,693-DEBUG-root-18580::webapp_internal::send_action|10523:: send_action selenium status: False
2025-11-18 09:25:31,605-DEBUG-root-18580::base::scroll_to_element|759:: ********Warining scroll_to_element exception: Message: TypeError: can't access property "scrollIntoView", arguments[0] is null
Stacktrace:
@https://qasrverp:10020/webapp/:2:7
@https://qasrverp:10020/webapp/:3:8
*********
2025-11-18 09:25:31,655-INFO-root-18580::webapp_internal::filling_date|885:: Filling Date: "20/08/2025"
2025-11-18 09:25:31,655-DEBUG-root-18580::webapp_internal::wait_blocker|2444:: Waiting blocker to continue...
2025-11-18 09:25:31,690-DEBUG-root-18580::webapp_internal::wait_blocker|2469:: Blocker status: None
2025-11-18 09:25:31,694-DEBUG-root-18580::base::click|192:: Click Type: ClickType.JS
2025-11-18 09:25:31,712-DEBUG-root-18580::webapp_internal::try_send_keys|7976:: Trying to send keys to element using technique 1
2025-11-18 09:25:31,789-DEBUG-root-18580::webapp_internal::get_web_value|3232:: Current value: 20/08/2025
2025-11-18 09:25:32,869-INFO-root-18580::webapp_internal::filling_group|955:: Filling Group: "02"
2025-11-18 09:25:32,869-DEBUG-root-18580::webapp_internal::wait_blocker|2444:: Waiting blocker to continue...
2025-11-18 09:25:32,902-DEBUG-root-18580::webapp_internal::wait_blocker|2469:: Blocker status: None
2025-11-18 09:25:32,905-DEBUG-root-18580::base::click|192:: Click Type: ClickType.JS
2025-11-18 09:25:32,956-DEBUG-root-18580::webapp_internal::get_web_value|3232:: Current value: 02
2025-11-18 09:25:34,021-INFO-root-18580::webapp_internal::filling_branch|1047:: Filling Branch: "02DF0001"
2025-11-18 09:25:34,021-DEBUG-root-18580::webapp_internal::wait_blocker|2444:: Waiting blocker to continue...
2025-11-18 09:25:34,053-DEBUG-root-18580::webapp_internal::wait_blocker|2469:: Blocker status: None
2025-11-18 09:25:34,055-DEBUG-root-18580::base::click|192:: Click Type: ClickType.JS
2025-11-18 09:25:34,111-DEBUG-root-18580::webapp_internal::get_web_value|3232:: Current value: 02DF0001
2025-11-18 09:25:35,188-INFO-root-18580::webapp_internal::filling_environment|1113:: Filling Environment: "07"
2025-11-18 09:25:35,189-DEBUG-root-18580::webapp_internal::wait_blocker|2444:: Waiting blocker to continue...
2025-11-18 09:25:35,223-DEBUG-root-18580::webapp_internal::wait_blocker|2469:: Blocker status: None
2025-11-18 09:25:35,226-DEBUG-root-18580::base::click|192:: Click Type: ClickType.JS
2025-11-18 09:25:35,277-DEBUG-root-18580::webapp_internal::get_web_value|3232:: Current value: 07
2025-11-18 09:25:36,286-DEBUG-root-18580::webapp_internal::close_warning_screen|1489:: Closing warning screen!
2025-11-18 09:25:37,314-DEBUG-root-18580::webapp_internal::check_screen_element|1291:: Checking screen element: "Atenção": False
2025-11-18 09:25:38,411-INFO-root-18580::webapp_internal::environment_screen|796:: Clicking on Button
2025-11-18 09:25:38,411-DEBUG-root-18580::webapp_internal::wait_blocker|2444:: Waiting blocker to continue...
2025-11-18 09:25:38,443-DEBUG-root-18580::webapp_internal::wait_blocker|2469:: Blocker status: None
2025-11-18 09:25:38,446-DEBUG-root-18580::base::click|192:: Click Type: ClickType.JS
2025-11-18 09:25:39,455-DEBUG-root-18580::base::click|192:: Click Type: ClickType.JS
2025-11-18 09:25:40,466-DEBUG-root-18580::base::click|192:: Click Type: ClickType.JS
2025-11-18 09:25:41,473-DEBUG-root-18580::base::click|192:: Click Type: ClickType.JS
2025-11-18 09:25:42,481-DEBUG-root-18580::base::click|192:: Click Type: ClickType.JS
2025-11-18 09:25:43,489-DEBUG-root-18580::base::click|192:: Click Type: ClickType.JS
2025-11-18 09:25:44,499-DEBUG-root-18580::webapp_internal::close_screen_before_menu|368:: Closing screen before the menu
2025-11-18 09:25:44,547-DEBUG-root-18580::webapp_internal::close_warning_screen|1489:: Closing warning screen!
2025-11-18 09:25:45,585-DEBUG-root-18580::webapp_internal::check_screen_element|1291:: Checking screen element: "Atenção": False
2025-11-18 09:25:45,585-DEBUG-root-18580::webapp_internal::close_coin_screen|1424:: Closing coin screen!
2025-11-18 09:25:46,136-DEBUG-root-18580::base::click|192:: Click Type: ClickType.JS
2025-11-18 09:25:46,190-DEBUG-root-18580::webapp_internal::close_warning_screen|1489:: Closing warning screen!
2025-11-18 09:25:47,564-DEBUG-root-18580::webapp_internal::check_screen_element|1291:: Checking screen element: "Atenção": False
2025-11-18 09:25:47,564-DEBUG-root-18580::webapp_internal::close_coin_screen|1424:: Closing coin screen!
2025-11-18 09:25:47,960-INFO-root-18580::webapp_internal::set_log_info|1623:: Getting log info
2025-11-18 09:25:47,961-INFO-root-18580::webapp_internal::SetLateralMenu|4184:: Navigating lateral menu: Ajuda > Sobre
2025-11-18 09:25:47,979-DEBUG-root-18580::webapp_internal::wait_element|7623:: Waiting for element
2025-11-18 09:25:48,049-DEBUG-root-18580::webapp_internal::wait_element|7653:: Element found! Waiting for element to be displayed.
2025-11-18 09:25:48,309-INFO-root-18580::webapp_internal::SetLateralMenu|4203:: Menu item: "Ajuda"
2025-11-18 09:25:48,310-DEBUG-root-18580::webapp_internal::wait_blocker|2444:: Waiting blocker to continue...
2025-11-18 09:25:48,385-DEBUG-root-18580::webapp_internal::wait_blocker|2469:: Blocker status: False
2025-11-18 09:25:48,805-DEBUG-root-18580::webapp_internal::wait_element_timeout|7726:: Element found! Waiting for element to be displayed.
2025-11-18 09:25:49,168-DEBUG-root-18580::webapp_internal::wait_blocker|2444:: Waiting blocker to continue...
2025-11-18 09:25:49,256-DEBUG-root-18580::webapp_internal::wait_blocker|2469:: Blocker status: False
2025-11-18 09:25:51,529-INFO-root-18580::webapp_internal::SetLateralMenu|4203:: Menu item: "Sobre"
2025-11-18 09:25:51,529-DEBUG-root-18580::webapp_internal::wait_blocker|2444:: Waiting blocker to continue...
2025-11-18 09:25:51,601-DEBUG-root-18580::webapp_internal::wait_blocker|2469:: Blocker status: False
2025-11-18 09:25:52,036-DEBUG-root-18580::webapp_internal::wait_element_timeout|7726:: Element found! Waiting for element to be displayed.
2025-11-18 09:25:52,410-DEBUG-root-18580::webapp_internal::wait_blocker|2444:: Waiting blocker to continue...
2025-11-18 09:25:52,474-DEBUG-root-18580::webapp_internal::wait_blocker|2469:: Blocker status: False
2025-11-18 09:25:55,115-DEBUG-root-18580::webapp_internal::wait_blocker|2444:: Waiting blocker to continue...
2025-11-18 09:25:55,177-DEBUG-root-18580::webapp_internal::wait_blocker|2469:: Blocker status: False
2025-11-18 09:25:55,246-DEBUG-root-18580::webapp_internal::wait_element|7623:: Waiting for element
2025-11-18 09:25:55,287-DEBUG-root-18580::webapp_internal::wait_element|7653:: Element found! Waiting for element to be displayed.
2025-11-18 09:25:55,456-INFO-root-18580::webapp_internal::SetButton|4444:: Clicking on Fechar
2025-11-18 09:25:55,456-DEBUG-root-18580::webapp_internal::wait_blocker|2444:: Waiting blocker to continue...
2025-11-18 09:25:55,525-DEBUG-root-18580::webapp_internal::wait_blocker|2469:: Blocker status: False
2025-11-18 09:25:55,731-DEBUG-root-18580::webapp_internal::wait_element_timeout|7726:: Element found! Waiting for element to be displayed.
2025-11-18 09:25:55,799-DEBUG-root-18580::webapp_internal::SetButton|4481:: ***System Info*** Before Clicking on button:Fechar
2025-11-18 09:25:55,799-DEBUG-root-18580::psutil_info::system_info|5:: CPU USAGE: 9.1%
2025-11-18 09:25:55,800-DEBUG-root-18580::psutil_info::system_info|6:: MEMORY USAGE: 90.3%
2025-11-18 09:25:55,800-DEBUG-root-18580::psutil_info::system_info|7:: MEMORY AVAILABLE: 9.73%
2025-11-18 09:25:55,961-DEBUG-root-18580::webapp_internal::wait_element_timeout|7726:: Element found! Waiting for element to be displayed.
2025-11-18 09:25:56,065-DEBUG-root-18580::webapp_internal::wait_blocker|2444:: Waiting blocker to continue...
2025-11-18 09:25:56,131-DEBUG-root-18580::webapp_internal::wait_blocker|2469:: Blocker status: False
2025-11-18 09:25:56,150-DEBUG-root-18580::webapp_internal::wait_blocker|2444:: Waiting blocker to continue...
2025-11-18 09:25:56,217-DEBUG-root-18580::webapp_internal::wait_blocker|2469:: Blocker status: False
2025-11-18 09:25:56,217-DEBUG-root-18580::webapp_internal::send_action|10480:: Trying to send action
2025-11-18 09:25:56,219-DEBUG-root-18580::base::click|192:: Click Type: ClickType.JS
2025-11-18 09:25:57,251-DEBUG-root-18580::webapp_internal::send_action|10522:: send_action method result = True
2025-11-18 09:25:57,251-DEBUG-root-18580::webapp_internal::send_action|10523:: send_action selenium status: False
2025-11-18 09:25:57,251-DEBUG-root-18580::webapp_internal::SetButton|4683:: ***System Info*** After Clicking on button:
2025-11-18 09:25:57,252-DEBUG-root-18580::psutil_info::system_info|5:: CPU USAGE: 6.2%
2025-11-18 09:25:57,252-DEBUG-root-18580::psutil_info::system_info|6:: MEMORY USAGE: 89.8%
2025-11-18 09:25:57,253-DEBUG-root-18580::psutil_info::system_info|7:: MEMORY AVAILABLE: 10.22%
2025-11-18 09:25:57,253-DEBUG-root-18580::webapp_internal::wait_element|7623:: Waiting for element
2025-11-18 09:25:57,343-INFO-root-18580::webapp_internal::SetLateralMenu|4184:: Navigating lateral menu: Atualizações > Lançamentos > Lancamentos Avulso
2025-11-18 09:25:57,352-DEBUG-root-18580::webapp_internal::wait_element|7623:: Waiting for element
2025-11-18 09:25:57,391-DEBUG-root-18580::webapp_internal::wait_element|7653:: Element found! Waiting for element to be displayed.
2025-11-18 09:25:57,555-INFO-root-18580::webapp_internal::SetLateralMenu|4203:: Menu item: "Atualizações"
2025-11-18 09:25:57,555-DEBUG-root-18580::webapp_internal::wait_blocker|2444:: Waiting blocker to continue...
2025-11-18 09:25:57,619-DEBUG-root-18580::webapp_internal::wait_blocker|2469:: Blocker status: False
2025-11-18 09:25:58,062-DEBUG-root-18580::webapp_internal::wait_element_timeout|7726:: Element found! Waiting for element to be displayed.
2025-11-18 09:25:58,453-DEBUG-root-18580::webapp_internal::wait_blocker|2444:: Waiting blocker to continue...
2025-11-18 09:25:58,524-DEBUG-root-18580::webapp_internal::wait_blocker|2469:: Blocker status: False
2025-11-18 09:26:00,806-INFO-root-18580::webapp_internal::SetLateralMenu|4203:: Menu item: "Lançamentos"
2025-11-18 09:26:00,806-DEBUG-root-18580::webapp_internal::wait_blocker|2444:: Waiting blocker to continue...
2025-11-18 09:26:00,919-DEBUG-root-18580::webapp_internal::wait_blocker|2469:: Blocker status: False
2025-11-18 09:26:01,758-DEBUG-root-18580::webapp_internal::wait_element_timeout|7726:: Element found! Waiting for element to be displayed.
2025-11-18 09:26:02,536-DEBUG-root-18580::webapp_internal::wait_blocker|2444:: Waiting blocker to continue...
2025-11-18 09:26:02,623-DEBUG-root-18580::webapp_internal::wait_blocker|2469:: Blocker status: False
2025-11-18 09:26:04,900-INFO-root-18580::webapp_internal::SetLateralMenu|4203:: Menu item: "Lancamentos Avulso"
2025-11-18 09:26:04,900-DEBUG-root-18580::webapp_internal::wait_blocker|2444:: Waiting blocker to continue...
2025-11-18 09:26:05,017-DEBUG-root-18580::webapp_internal::wait_blocker|2469:: Blocker status: False
2025-11-18 09:26:05,894-DEBUG-root-18580::webapp_internal::wait_element_timeout|7726:: Element found! Waiting for element to be displayed.
2025-11-18 09:26:06,785-DEBUG-root-18580::webapp_internal::wait_blocker|2444:: Waiting blocker to continue...
2025-11-18 09:26:06,867-DEBUG-root-18580::webapp_internal::wait_blocker|2469:: Blocker status: False
2025-11-18 09:26:10,493-DEBUG-root-18580::webapp_internal::wait_blocker|2444:: Waiting blocker to continue...
2025-11-18 09:26:10,570-DEBUG-root-18580::webapp_internal::wait_blocker|2469:: Blocker status: False
2025-11-18 09:26:10,650-INFO-root-18580::webapp_internal::WaitShow|4980:: Waiting show text 'Este ambiente utiliza base de Homologação.'...
2025-11-18 09:26:15,883-DEBUG-root-18580::log::checks_empty_line|221:: Checking empty default log info
2025-11-18 09:26:15,885-DEBUG-root-18580::log::generate_log|503:: Json log_data: {'cLogDtExec': '18/11/2025 09:26:15', 'cLogNomUsr': '97137227104', 'cLogNomEst': 'GESIT03', 'cLogProgra': None, 'cLogDtProg': '', 'cLogHrProg': '', 'nLogCtsOk': 1, 'nLogCtsNok': 0, 'nLogCtsSeg': 60.99, 'cLogVersao': '12', 'cLogReleas': '12.1.2410', 'nLogCtsErr': '', 'cLogBancod': 'ORACLE', 'cLogIdenti': '', 'cLogIdExec': '20251118', 'cLogPais': 'BRA', 'cLogTool': 'TIR', 'cLogSequen': '55c31b', 'nLogCtsTot': 1, 'cLogDtExea': '18/11/2025', 'cLogHrExea': '09:26:15', 'cLogArea': 'Desenvolvimento', 'cLogMnExec': 1.0165}
2025-11-18 09:26:15,885-INFO-root-18580::log::send_log_with_retries|515:: Saving log locally.
2025-11-18 09:26:15,885-INFO-root-18580::log::save_log_locally|548:: [FwSendLog]: Não foi possível enviar o log após todas as tentativas.
2025-11-18 09:26:15,886-INFO-root-18580::log::save_log_locally|555:: [FwSendLog]: Log salvo localmente em C:\TIR_TESTE\1763468775.json.
2025-11-18 09:26:15,886-INFO-root-18580::webapp_internal::WaitShow|4980:: Waiting show text 'Moedas'...
2025-11-18 09:26:21,379-DEBUG-root-18580::webapp_internal::wait_blocker|2444:: Waiting blocker to continue...
2025-11-18 09:26:21,470-DEBUG-root-18580::webapp_internal::wait_blocker|2469:: Blocker status: False
2025-11-18 09:26:21,470-INFO-root-18580::webapp_internal::SearchBrowse|2003:: Searching: 02DF0001228383
2025-11-18 09:26:21,621-DEBUG-root-18580::webapp_internal::wait_element_timeout|7726:: Element found! Waiting for element to be displayed.
2025-11-18 09:26:21,703-DEBUG-root-18580::webapp_internal::wait_element|7623:: Waiting for element
2025-11-18 09:26:21,753-DEBUG-root-18580::webapp_internal::wait_element|7653:: Element found! Waiting for element to be displayed.
2025-11-18 09:26:22,050-DEBUG-root-18580::base::click|192:: Click Type: ClickType.JS
2025-11-18 09:26:23,817-DEBUG-root-18580::webapp_internal::wait_blocker|2444:: Waiting blocker to continue...
2025-11-18 09:26:23,925-DEBUG-root-18580::webapp_internal::wait_blocker|2469:: Blocker status: False
2025-11-18 09:26:23,941-DEBUG-root-18580::webapp_internal::wait_blocker|2444:: Waiting blocker to continue...
2025-11-18 09:26:24,057-DEBUG-root-18580::webapp_internal::wait_blocker|2469:: Blocker status: False
2025-11-18 09:26:24,057-INFO-root-18580::webapp_internal::fill_search_browse|2399:: Filling: 02DF0001228383
2025-11-18 09:26:24,072-DEBUG-root-18580::base::click|192:: Click Type: ClickType.JS
2025-11-18 09:26:25,187-DEBUG-root-18580::webapp_internal::wait_blocker|2444:: Waiting blocker to continue...
2025-11-18 09:26:25,288-DEBUG-root-18580::webapp_internal::wait_blocker|2469:: Blocker status: False
2025-11-18 09:26:25,290-DEBUG-root-18580::base::double_click|259:: Click Type: ClickType.SELENIUM
2025-11-18 09:26:25,301-WARNING-root-18580::base::double_click|280:: Warning double_click method Exception: Message: Element <button class="button-image" type="button"> is not clickable at point (1844,131) because another element <wa-button id="COMP4530" class="dict-tbutton focus"> obscures it
Stacktrace:
RemoteError@chrome://remote/content/shared/RemoteError.sys.mjs:8:8
WebDriverError@chrome://remote/content/shared/webdriver/Errors.sys.mjs:202:5
ElementClickInterceptedError@chrome://remote/content/shared/webdriver/Errors.sys.mjs:354:5
webdriverClickElement@chrome://remote/content/marionette/interaction.sys.mjs:175:11
interaction.clickElement@chrome://remote/content/marionette/interaction.sys.mjs:134:11
clickElement@chrome://remote/content/marionette/actors/MarionetteCommandsChild.sys.mjs:327:29
receiveMessage@chrome://remote/content/marionette/actors/MarionetteCommandsChild.sys.mjs:210:31

2025-11-18 09:26:35,605-INFO-root-18580::webapp_internal::WaitShow|4980:: Waiting show text 'Lançamentos Avulsos'...
2025-11-18 09:26:35,685-INFO-root-18580::webapp_internal::WaitShow|4996:: Text found! 
2025-11-18 09:26:35,685-INFO-root-18580::webapp_internal::SetButton|4444:: Clicking on Manutenção
2025-11-18 09:26:35,685-DEBUG-root-18580::webapp_internal::wait_blocker|2444:: Waiting blocker to continue...
2025-11-18 09:26:35,824-DEBUG-root-18580::webapp_internal::wait_blocker|2469:: Blocker status: False
2025-11-18 09:26:36,205-DEBUG-root-18580::webapp_internal::wait_element_timeout|7726:: Element found! Waiting for element to be displayed.
2025-11-18 09:26:36,472-DEBUG-root-18580::webapp_internal::SetButton|4481:: ***System Info*** Before Clicking on button:Manutenção
2025-11-18 09:26:36,472-DEBUG-root-18580::psutil_info::system_info|5:: CPU USAGE: 9.6%
2025-11-18 09:26:36,473-DEBUG-root-18580::psutil_info::system_info|6:: MEMORY USAGE: 88.9%
2025-11-18 09:26:36,473-DEBUG-root-18580::psutil_info::system_info|7:: MEMORY AVAILABLE: 11.06%
2025-11-18 09:26:36,837-DEBUG-root-18580::webapp_internal::wait_element_timeout|7726:: Element found! Waiting for element to be displayed.
2025-11-18 09:26:37,187-DEBUG-root-18580::webapp_internal::wait_blocker|2444:: Waiting blocker to continue...
2025-11-18 09:26:37,292-DEBUG-root-18580::webapp_internal::wait_blocker|2469:: Blocker status: False
2025-11-18 09:26:37,321-DEBUG-root-18580::webapp_internal::wait_blocker|2444:: Waiting blocker to continue...
2025-11-18 09:26:37,428-DEBUG-root-18580::webapp_internal::wait_blocker|2469:: Blocker status: False
2025-11-18 09:26:37,429-DEBUG-root-18580::webapp_internal::send_action|10480:: Trying to send action
2025-11-18 09:26:37,433-DEBUG-root-18580::base::click|192:: Click Type: ClickType.JS
2025-11-18 09:26:38,490-DEBUG-root-18580::webapp_internal::send_action|10522:: send_action method result = True
2025-11-18 09:26:38,490-DEBUG-root-18580::webapp_internal::send_action|10523:: send_action selenium status: False
2025-11-18 09:26:38,491-DEBUG-root-18580::webapp_internal::SetButton|4683:: ***System Info*** After Clicking on button:
2025-11-18 09:26:38,491-DEBUG-root-18580::psutil_info::system_info|5:: CPU USAGE: 11.6%
2025-11-18 09:26:38,491-DEBUG-root-18580::psutil_info::system_info|6:: MEMORY USAGE: 89.3%
2025-11-18 09:26:38,492-DEBUG-root-18580::psutil_info::system_info|7:: MEMORY AVAILABLE: 10.73%
2025-11-18 09:26:43,492-INFO-root-18580::webapp_internal::WaitShow|4980:: Waiting show text 'Funcionários - MANUTENÇÃO'...
2025-11-18 09:26:43,583-INFO-root-18580::webapp_internal::WaitShow|4996:: Text found! 
2025-11-18 09:26:43,585-INFO-root-18580::webapp_internal::WaitShow|4980:: Waiting show text 'Funcionários - MANUTENÇÃO'...
2025-11-18 09:26:43,668-INFO-root-18580::webapp_internal::WaitShow|4996:: Text found! 
2025-11-18 09:26:43,668-DEBUG-root-18580::webapp_internal::wait_blocker|2444:: Waiting blocker to continue...
2025-11-18 09:26:43,801-DEBUG-root-18580::webapp_internal::wait_blocker|2469:: Blocker status: False
2025-11-18 09:26:43,801-INFO-root-18580::webapp_internal::SetKey|5822:: Key pressed: DOWN
2025-11-18 09:26:43,801-DEBUG-root-18580::webapp_internal::wait_element|7623:: Waiting for element
2025-11-18 09:26:43,871-DEBUG-root-18580::webapp_internal::wait_element|7653:: Element found! Waiting for element to be displayed.
2025-11-18 09:26:44,102-DEBUG-root-18580::webapp_internal::new_grid_line|7014:: New grid line
2025-11-18 09:26:45,575-DEBUG-root-18580::webapp_internal::wait_blocker|2444:: Waiting blocker to continue...
2025-11-18 09:26:45,692-DEBUG-root-18580::webapp_internal::wait_blocker|2469:: Blocker status: False
2025-11-18 09:26:45,692-INFO-root-18580::webapp_internal::LoadGrid|6298:: Filling grid field: Dt. Inclusao
2025-11-18 09:26:45,692-DEBUG-root-18580::webapp_internal::fill_grid|6399:: Grid loading...
2025-11-18 09:26:45,808-ERROR-root-18580::webapp_internal::fill_grid|6675:: fill grid error: list index out of range
Traceback (most recent call last):
  File "C:\TIR_TESTE\venv\Lib\site-packages\tir\technologies\webapp_internal.py", line 6420, in fill_grid
    if not column_name in headers[field[2]]:
                          ~~~~~~~^^^^^^^^^^
IndexError: list index out of range
2025-11-18 09:26:45,809-WARNING-root-18580::webapp_internal::log_error|8143:: Warning log_error fill grid error: list index out of range
2025-11-18 09:26:45,809-DEBUG-root-18580::webapp_internal::log_error|8146:: ***System Info*** in log_error():
2025-11-18 09:26:45,809-DEBUG-root-18580::psutil_info::system_info|5:: CPU USAGE: 6.5%
2025-11-18 09:26:45,809-DEBUG-root-18580::psutil_info::system_info|6:: MEMORY USAGE: 89.9%
2025-11-18 09:26:45,810-DEBUG-root-18580::psutil_info::system_info|7:: MEMORY AVAILABLE: 10.13%
2025-11-18 09:26:47,359-ERROR-root-18580::webapp_internal::TearDown|9654:: Warning tearDown Close Message: Tried to run command without establishing a connection
Traceback (most recent call last):
  File "C:\TIR_TESTE\venv\Lib\site-packages\tir\technologies\webapp_internal.py", line 9652, in TearDown
    self.driver.close()
  File "C:\TIR_TESTE\venv\Lib\site-packages\selenium\webdriver\remote\webdriver.py", line 458, in close
    self.execute(Command.CLOSE)
  File "C:\TIR_TESTE\venv\Lib\site-packages\selenium\webdriver\remote\webdriver.py", line 347, in execute
    self.error_handler.check_response(response)
  File "C:\TIR_TESTE\venv\Lib\site-packages\selenium\webdriver\remote\errorhandler.py", line 229, in check_response
    raise exception_class(message, screen, stacktrace)
selenium.common.exceptions.InvalidSessionIdException: Message: Tried to run command without establishing a connection

2025-11-18 09:25:15,007-DEBUG-root-18580::logging_config::logger|189:: Log file created: 'Log\GESIT03\TIR__20251118092515002.log'
2025-11-18 09:25:15,007-INFO-root-18580::base::Start|1183:: TIR Version: 2.4.3
2025-11-18 09:25:15,007-INFO-root-18580::base::Start|1184:: Python Version: 3.12.10
2025-11-18 09:25:15,007-INFO-root-18580::base::Start|1185:: Starting the browser
2025-11-18 09:25:22,143-INFO-root-18580::base::get_url|1294:: Page is ready!
2025-11-18 09:25:22,148-INFO-root-18580::base::Start|1256:: Browser maximized to 1936x1048
2025-11-18 09:25:22,148-INFO-root-18580::base::Start|1258:: Screen size is different from default used in headless mode
2025-11-18 09:25:22,196-INFO-root-18580::webapp_internal::Setup|247:: ***System Info*** in Setup():
2025-11-18 09:25:22,196-DEBUG-root-18580::psutil_info::system_info|5:: CPU USAGE: 21.2%
2025-11-18 09:25:22,197-DEBUG-root-18580::psutil_info::system_info|6:: MEMORY USAGE: 89.0%
2025-11-18 09:25:22,198-DEBUG-root-18580::psutil_info::system_info|7:: MEMORY AVAILABLE: 10.97%
2025-11-18 09:25:22,211-INFO-root-18580::base::webapp_shadowroot|1394:: Webapp: 10.1.6-RC4
2025-11-18 09:25:22,241-INFO-root-18580::webapp_internal::filling_initial_program|449:: Filling Initial Program: "SIGAMDI"
2025-11-18 09:25:22,241-DEBUG-root-18580::webapp_internal::wait_element|7623:: Waiting for element
2025-11-18 09:25:22,311-DEBUG-root-18580::webapp_internal::wait_element|7653:: Element found! Waiting for element to be displayed.
2025-11-18 09:25:22,957-DEBUG-root-18580::base::click|192:: Click Type: ClickType.JS
2025-11-18 09:25:23,064-DEBUG-root-18580::webapp_internal::try_send_keys|7976:: Trying to send keys to element using technique 0
2025-11-18 09:25:23,534-DEBUG-root-18580::webapp_internal::get_web_value|3232:: Current value: SIGAMDI
2025-11-18 09:25:23,534-INFO-root-18580::webapp_internal::filling_server_environment|463:: Filling Server Environment: "POUPEX_TST"
2025-11-18 09:25:23,534-DEBUG-root-18580::webapp_internal::wait_element|7623:: Waiting for element
2025-11-18 09:25:23,565-DEBUG-root-18580::webapp_internal::wait_element|7653:: Element found! Waiting for element to be displayed.
2025-11-18 09:25:23,735-DEBUG-root-18580::base::click|192:: Click Type: ClickType.JS
2025-11-18 09:25:23,741-DEBUG-root-18580::webapp_internal::try_send_keys|7976:: Trying to send keys to element using technique 0
2025-11-18 09:25:24,057-DEBUG-root-18580::webapp_internal::get_web_value|3232:: Current value: POUPEX_TST
2025-11-18 09:25:24,082-DEBUG-root-18580::base::click|192:: Click Type: ClickType.JS
2025-11-18 09:25:24,092-DEBUG-root-18580::webapp_internal::user_screen|519:: Filling user screen
2025-11-18 09:25:27,985-DEBUG-root-18580::webapp_internal::wait_element_timeout|7726:: Element found! Waiting for element to be displayed.
2025-11-18 09:25:28,040-DEBUG-root-18580::base::scroll_to_element|759:: ********Warining scroll_to_element exception: Message: TypeError: can't access property "scrollIntoView", arguments[0] is null
Stacktrace:
@https://qasrverp:10020/webapp/:2:7
@https://qasrverp:10020/webapp/:3:8
*********
2025-11-18 09:25:28,171-INFO-root-18580::webapp_internal::user_screen|561:: Filling User
2025-11-18 09:25:28,197-DEBUG-root-18580::base::double_click|259:: Click Type: ClickType.SELENIUM
2025-11-18 09:25:28,388-DEBUG-root-18580::webapp_internal::get_web_value|3232:: Current value: 97137227104
2025-11-18 09:25:28,411-INFO-root-18580::webapp_internal::user_screen|621:: Filling Password
2025-11-18 09:25:28,431-DEBUG-root-18580::base::click|192:: Click Type: ClickType.JS
2025-11-18 09:25:28,505-DEBUG-root-18580::webapp_internal::get_web_value|3232:: Current value: Val20221080080094+
2025-11-18 09:25:28,505-DEBUG-root-18580::webapp_internal::wait_blocker|2444:: Waiting blocker to continue...
2025-11-18 09:25:28,537-DEBUG-root-18580::webapp_internal::wait_blocker|2469:: Blocker status: None
2025-11-18 09:25:28,556-DEBUG-root-18580::webapp_internal::wait_blocker|2444:: Waiting blocker to continue...
2025-11-18 09:25:28,582-DEBUG-root-18580::webapp_internal::wait_blocker|2469:: Blocker status: None
2025-11-18 09:25:28,617-DEBUG-root-18580::webapp_internal::wait_blocker|2444:: Waiting blocker to continue...
2025-11-18 09:25:28,643-DEBUG-root-18580::webapp_internal::wait_blocker|2469:: Blocker status: None
2025-11-18 09:25:28,643-DEBUG-root-18580::webapp_internal::send_action|10480:: Trying to send action
2025-11-18 09:25:28,649-DEBUG-root-18580::base::click|192:: Click Type: ClickType.JS
2025-11-18 09:25:29,693-DEBUG-root-18580::webapp_internal::send_action|10522:: send_action method result = True
2025-11-18 09:25:29,693-DEBUG-root-18580::webapp_internal::send_action|10523:: send_action selenium status: False
2025-11-18 09:25:31,605-DEBUG-root-18580::base::scroll_to_element|759:: ********Warining scroll_to_element exception: Message: TypeError: can't access property "scrollIntoView", arguments[0] is null
Stacktrace:
@https://qasrverp:10020/webapp/:2:7
@https://qasrverp:10020/webapp/:3:8
*********
2025-11-18 09:25:31,655-INFO-root-18580::webapp_internal::filling_date|885:: Filling Date: "20/08/2025"
2025-11-18 09:25:31,655-DEBUG-root-18580::webapp_internal::wait_blocker|2444:: Waiting blocker to continue...
2025-11-18 09:25:31,690-DEBUG-root-18580::webapp_internal::wait_blocker|2469:: Blocker status: None
2025-11-18 09:25:31,694-DEBUG-root-18580::base::click|192:: Click Type: ClickType.JS
2025-11-18 09:25:31,712-DEBUG-root-18580::webapp_internal::try_send_keys|7976:: Trying to send keys to element using technique 1
2025-11-18 09:25:31,789-DEBUG-root-18580::webapp_internal::get_web_value|3232:: Current value: 20/08/2025
2025-11-18 09:25:32,869-INFO-root-18580::webapp_internal::filling_group|955:: Filling Group: "02"
2025-11-18 09:25:32,869-DEBUG-root-18580::webapp_internal::wait_blocker|2444:: Waiting blocker to continue...
2025-11-18 09:25:32,902-DEBUG-root-18580::webapp_internal::wait_blocker|2469:: Blocker status: None
2025-11-18 09:25:32,905-DEBUG-root-18580::base::click|192:: Click Type: ClickType.JS
2025-11-18 09:25:32,956-DEBUG-root-18580::webapp_internal::get_web_value|3232:: Current value: 02
2025-11-18 09:25:34,021-INFO-root-18580::webapp_internal::filling_branch|1047:: Filling Branch: "02DF0001"
2025-11-18 09:25:34,021-DEBUG-root-18580::webapp_internal::wait_blocker|2444:: Waiting blocker to continue...
2025-11-18 09:25:34,053-DEBUG-root-18580::webapp_internal::wait_blocker|2469:: Blocker status: None
2025-11-18 09:25:34,055-DEBUG-root-18580::base::click|192:: Click Type: ClickType.JS
2025-11-18 09:25:34,111-DEBUG-root-18580::webapp_internal::get_web_value|3232:: Current value: 02DF0001
2025-11-18 09:25:35,188-INFO-root-18580::webapp_internal::filling_environment|1113:: Filling Environment: "07"
2025-11-18 09:25:35,189-DEBUG-root-18580::webapp_internal::wait_blocker|2444:: Waiting blocker to continue...
2025-11-18 09:25:35,223-DEBUG-root-18580::webapp_internal::wait_blocker|2469:: Blocker status: None
2025-11-18 09:25:35,226-DEBUG-root-18580::base::click|192:: Click Type: ClickType.JS
2025-11-18 09:25:35,277-DEBUG-root-18580::webapp_internal::get_web_value|3232:: Current value: 07
2025-11-18 09:25:36,286-DEBUG-root-18580::webapp_internal::close_warning_screen|1489:: Closing warning screen!
2025-11-18 09:25:37,314-DEBUG-root-18580::webapp_internal::check_screen_element|1291:: Checking screen element: "Atenção": False
2025-11-18 09:25:38,411-INFO-root-18580::webapp_internal::environment_screen|796:: Clicking on Button
2025-11-18 09:25:38,411-DEBUG-root-18580::webapp_internal::wait_blocker|2444:: Waiting blocker to continue...
2025-11-18 09:25:38,443-DEBUG-root-18580::webapp_internal::wait_blocker|2469:: Blocker status: None
2025-11-18 09:25:38,446-DEBUG-root-18580::base::click|192:: Click Type: ClickType.JS
2025-11-18 09:25:39,455-DEBUG-root-18580::base::click|192:: Click Type: ClickType.JS
2025-11-18 09:25:40,466-DEBUG-root-18580::base::click|192:: Click Type: ClickType.JS
2025-11-18 09:25:41,473-DEBUG-root-18580::base::click|192:: Click Type: ClickType.JS
2025-11-18 09:25:42,481-DEBUG-root-18580::base::click|192:: Click Type: ClickType.JS
2025-11-18 09:25:43,489-DEBUG-root-18580::base::click|192:: Click Type: ClickType.JS
2025-11-18 09:25:44,499-DEBUG-root-18580::webapp_internal::close_screen_before_menu|368:: Closing screen before the menu
2025-11-18 09:25:44,547-DEBUG-root-18580::webapp_internal::close_warning_screen|1489:: Closing warning screen!
2025-11-18 09:25:45,585-DEBUG-root-18580::webapp_internal::check_screen_element|1291:: Checking screen element: "Atenção": False
2025-11-18 09:25:45,585-DEBUG-root-18580::webapp_internal::close_coin_screen|1424:: Closing coin screen!
2025-11-18 09:25:46,136-DEBUG-root-18580::base::click|192:: Click Type: ClickType.JS
2025-11-18 09:25:46,190-DEBUG-root-18580::webapp_internal::close_warning_screen|1489:: Closing warning screen!
2025-11-18 09:25:47,564-DEBUG-root-18580::webapp_internal::check_screen_element|1291:: Checking screen element: "Atenção": False
2025-11-18 09:25:47,564-DEBUG-root-18580::webapp_internal::close_coin_screen|1424:: Closing coin screen!
2025-11-18 09:25:47,960-INFO-root-18580::webapp_internal::set_log_info|1623:: Getting log info
2025-11-18 09:25:47,961-INFO-root-18580::webapp_internal::SetLateralMenu|4184:: Navigating lateral menu: Ajuda > Sobre
2025-11-18 09:25:47,979-DEBUG-root-18580::webapp_internal::wait_element|7623:: Waiting for element
2025-11-18 09:25:48,049-DEBUG-root-18580::webapp_internal::wait_element|7653:: Element found! Waiting for element to be displayed.
2025-11-18 09:25:48,309-INFO-root-18580::webapp_internal::SetLateralMenu|4203:: Menu item: "Ajuda"
2025-11-18 09:25:48,310-DEBUG-root-18580::webapp_internal::wait_blocker|2444:: Waiting blocker to continue...
2025-11-18 09:25:48,385-DEBUG-root-18580::webapp_internal::wait_blocker|2469:: Blocker status: False
2025-11-18 09:25:48,805-DEBUG-root-18580::webapp_internal::wait_element_timeout|7726:: Element found! Waiting for element to be displayed.
2025-11-18 09:25:49,168-DEBUG-root-18580::webapp_internal::wait_blocker|2444:: Waiting blocker to continue...
2025-11-18 09:25:49,256-DEBUG-root-18580::webapp_internal::wait_blocker|2469:: Blocker status: False
2025-11-18 09:25:51,529-INFO-root-18580::webapp_internal::SetLateralMenu|4203:: Menu item: "Sobre"
2025-11-18 09:25:51,529-DEBUG-root-18580::webapp_internal::wait_blocker|2444:: Waiting blocker to continue...
2025-11-18 09:25:51,601-DEBUG-root-18580::webapp_internal::wait_blocker|2469:: Blocker status: False
2025-11-18 09:25:52,036-DEBUG-root-18580::webapp_internal::wait_element_timeout|7726:: Element found! Waiting for element to be displayed.
2025-11-18 09:25:52,410-DEBUG-root-18580::webapp_internal::wait_blocker|2444:: Waiting blocker to continue...
2025-11-18 09:25:52,474-DEBUG-root-18580::webapp_internal::wait_blocker|2469:: Blocker status: False
2025-11-18 09:25:55,115-DEBUG-root-18580::webapp_internal::wait_blocker|2444:: Waiting blocker to continue...
2025-11-18 09:25:55,177-DEBUG-root-18580::webapp_internal::wait_blocker|2469:: Blocker status: False
2025-11-18 09:25:55,246-DEBUG-root-18580::webapp_internal::wait_element|7623:: Waiting for element
2025-11-18 09:25:55,287-DEBUG-root-18580::webapp_internal::wait_element|7653:: Element found! Waiting for element to be displayed.
2025-11-18 09:25:55,456-INFO-root-18580::webapp_internal::SetButton|4444:: Clicking on Fechar
2025-11-18 09:25:55,456-DEBUG-root-18580::webapp_internal::wait_blocker|2444:: Waiting blocker to continue...
2025-11-18 09:25:55,525-DEBUG-root-18580::webapp_internal::wait_blocker|2469:: Blocker status: False
2025-11-18 09:25:55,731-DEBUG-root-18580::webapp_internal::wait_element_timeout|7726:: Element found! Waiting for element to be displayed.
2025-11-18 09:25:55,799-DEBUG-root-18580::webapp_internal::SetButton|4481:: ***System Info*** Before Clicking on button:Fechar
2025-11-18 09:25:55,799-DEBUG-root-18580::psutil_info::system_info|5:: CPU USAGE: 9.1%
2025-11-18 09:25:55,800-DEBUG-root-18580::psutil_info::system_info|6:: MEMORY USAGE: 90.3%
2025-11-18 09:25:55,800-DEBUG-root-18580::psutil_info::system_info|7:: MEMORY AVAILABLE: 9.73%
2025-11-18 09:25:55,961-DEBUG-root-18580::webapp_internal::wait_element_timeout|7726:: Element found! Waiting for element to be displayed.
2025-11-18 09:25:56,065-DEBUG-root-18580::webapp_internal::wait_blocker|2444:: Waiting blocker to continue...
2025-11-18 09:25:56,131-DEBUG-root-18580::webapp_internal::wait_blocker|2469:: Blocker status: False
2025-11-18 09:25:56,150-DEBUG-root-18580::webapp_internal::wait_blocker|2444:: Waiting blocker to continue...
2025-11-18 09:25:56,217-DEBUG-root-18580::webapp_internal::wait_blocker|2469:: Blocker status: False
2025-11-18 09:25:56,217-DEBUG-root-18580::webapp_internal::send_action|10480:: Trying to send action
2025-11-18 09:25:56,219-DEBUG-root-18580::base::click|192:: Click Type: ClickType.JS
2025-11-18 09:25:57,251-DEBUG-root-18580::webapp_internal::send_action|10522:: send_action method result = True
2025-11-18 09:25:57,251-DEBUG-root-18580::webapp_internal::send_action|10523:: send_action selenium status: False
2025-11-18 09:25:57,251-DEBUG-root-18580::webapp_internal::SetButton|4683:: ***System Info*** After Clicking on button:
2025-11-18 09:25:57,252-DEBUG-root-18580::psutil_info::system_info|5:: CPU USAGE: 6.2%
2025-11-18 09:25:57,252-DEBUG-root-18580::psutil_info::system_info|6:: MEMORY USAGE: 89.8%
2025-11-18 09:25:57,253-DEBUG-root-18580::psutil_info::system_info|7:: MEMORY AVAILABLE: 10.22%
2025-11-18 09:25:57,253-DEBUG-root-18580::webapp_internal::wait_element|7623:: Waiting for element
2025-11-18 09:25:57,343-INFO-root-18580::webapp_internal::SetLateralMenu|4184:: Navigating lateral menu: Atualizações > Lançamentos > Lancamentos Avulso
2025-11-18 09:25:57,352-DEBUG-root-18580::webapp_internal::wait_element|7623:: Waiting for element
2025-11-18 09:25:57,391-DEBUG-root-18580::webapp_internal::wait_element|7653:: Element found! Waiting for element to be displayed.
2025-11-18 09:25:57,555-INFO-root-18580::webapp_internal::SetLateralMenu|4203:: Menu item: "Atualizações"
2025-11-18 09:25:57,555-DEBUG-root-18580::webapp_internal::wait_blocker|2444:: Waiting blocker to continue...
2025-11-18 09:25:57,619-DEBUG-root-18580::webapp_internal::wait_blocker|2469:: Blocker status: False
2025-11-18 09:25:58,062-DEBUG-root-18580::webapp_internal::wait_element_timeout|7726:: Element found! Waiting for element to be displayed.
2025-11-18 09:25:58,453-DEBUG-root-18580::webapp_internal::wait_blocker|2444:: Waiting blocker to continue...
2025-11-18 09:25:58,524-DEBUG-root-18580::webapp_internal::wait_blocker|2469:: Blocker status: False
2025-11-18 09:26:00,806-INFO-root-18580::webapp_internal::SetLateralMenu|4203:: Menu item: "Lançamentos"
2025-11-18 09:26:00,806-DEBUG-root-18580::webapp_internal::wait_blocker|2444:: Waiting blocker to continue...
2025-11-18 09:26:00,919-DEBUG-root-18580::webapp_internal::wait_blocker|2469:: Blocker status: False
2025-11-18 09:26:01,758-DEBUG-root-18580::webapp_internal::wait_element_timeout|7726:: Element found! Waiting for element to be displayed.
2025-11-18 09:26:02,536-DEBUG-root-18580::webapp_internal::wait_blocker|2444:: Waiting blocker to continue...
2025-11-18 09:26:02,623-DEBUG-root-18580::webapp_internal::wait_blocker|2469:: Blocker status: False
2025-11-18 09:26:04,900-INFO-root-18580::webapp_internal::SetLateralMenu|4203:: Menu item: "Lancamentos Avulso"
2025-11-18 09:26:04,900-DEBUG-root-18580::webapp_internal::wait_blocker|2444:: Waiting blocker to continue...
2025-11-18 09:26:05,017-DEBUG-root-18580::webapp_internal::wait_blocker|2469:: Blocker status: False
2025-11-18 09:26:05,894-DEBUG-root-18580::webapp_internal::wait_element_timeout|7726:: Element found! Waiting for element to be displayed.
2025-11-18 09:26:06,785-DEBUG-root-18580::webapp_internal::wait_blocker|2444:: Waiting blocker to continue...
2025-11-18 09:26:06,867-DEBUG-root-18580::webapp_internal::wait_blocker|2469:: Blocker status: False
2025-11-18 09:26:10,493-DEBUG-root-18580::webapp_internal::wait_blocker|2444:: Waiting blocker to continue...
2025-11-18 09:26:10,570-DEBUG-root-18580::webapp_internal::wait_blocker|2469:: Blocker status: False
2025-11-18 09:26:10,650-INFO-root-18580::webapp_internal::WaitShow|4980:: Waiting show text 'Este ambiente utiliza base de Homologação.'...
2025-11-18 09:26:15,883-DEBUG-root-18580::log::checks_empty_line|221:: Checking empty default log info
2025-11-18 09:26:15,885-DEBUG-root-18580::log::generate_log|503:: Json log_data: {'cLogDtExec': '18/11/2025 09:26:15', 'cLogNomUsr': '97137227104', 'cLogNomEst': 'GESIT03', 'cLogProgra': None, 'cLogDtProg': '', 'cLogHrProg': '', 'nLogCtsOk': 1, 'nLogCtsNok': 0, 'nLogCtsSeg': 60.99, 'cLogVersao': '12', 'cLogReleas': '12.1.2410', 'nLogCtsErr': '', 'cLogBancod': 'ORACLE', 'cLogIdenti': '', 'cLogIdExec': '20251118', 'cLogPais': 'BRA', 'cLogTool': 'TIR', 'cLogSequen': '55c31b', 'nLogCtsTot': 1, 'cLogDtExea': '18/11/2025', 'cLogHrExea': '09:26:15', 'cLogArea': 'Desenvolvimento', 'cLogMnExec': 1.0165}
2025-11-18 09:26:15,885-INFO-root-18580::log::send_log_with_retries|515:: Saving log locally.
2025-11-18 09:26:15,885-INFO-root-18580::log::save_log_locally|548:: [FwSendLog]: Não foi possível enviar o log após todas as tentativas.
2025-11-18 09:26:15,886-INFO-root-18580::log::save_log_locally|555:: [FwSendLog]: Log salvo localmente em C:\TIR_TESTE\1763468775.json.
2025-11-18 09:26:15,886-INFO-root-18580::webapp_internal::WaitShow|4980:: Waiting show text 'Moedas'...
2025-11-18 09:26:21,379-DEBUG-root-18580::webapp_internal::wait_blocker|2444:: Waiting blocker to continue...
2025-11-18 09:26:21,470-DEBUG-root-18580::webapp_internal::wait_blocker|2469:: Blocker status: False
2025-11-18 09:26:21,470-INFO-root-18580::webapp_internal::SearchBrowse|2003:: Searching: 02DF0001228383
2025-11-18 09:26:21,621-DEBUG-root-18580::webapp_internal::wait_element_timeout|7726:: Element found! Waiting for element to be displayed.
2025-11-18 09:26:21,703-DEBUG-root-18580::webapp_internal::wait_element|7623:: Waiting for element
2025-11-18 09:26:21,753-DEBUG-root-18580::webapp_internal::wait_element|7653:: Element found! Waiting for element to be displayed.
2025-11-18 09:26:22,050-DEBUG-root-18580::base::click|192:: Click Type: ClickType.JS
2025-11-18 09:26:23,817-DEBUG-root-18580::webapp_internal::wait_blocker|2444:: Waiting blocker to continue...
2025-11-18 09:26:23,925-DEBUG-root-18580::webapp_internal::wait_blocker|2469:: Blocker status: False
2025-11-18 09:26:23,941-DEBUG-root-18580::webapp_internal::wait_blocker|2444:: Waiting blocker to continue...
2025-11-18 09:26:24,057-DEBUG-root-18580::webapp_internal::wait_blocker|2469:: Blocker status: False
2025-11-18 09:26:24,057-INFO-root-18580::webapp_internal::fill_search_browse|2399:: Filling: 02DF0001228383
2025-11-18 09:26:24,072-DEBUG-root-18580::base::click|192:: Click Type: ClickType.JS
2025-11-18 09:26:25,187-DEBUG-root-18580::webapp_internal::wait_blocker|2444:: Waiting blocker to continue...
2025-11-18 09:26:25,288-DEBUG-root-18580::webapp_internal::wait_blocker|2469:: Blocker status: False
2025-11-18 09:26:25,290-DEBUG-root-18580::base::double_click|259:: Click Type: ClickType.SELENIUM
2025-11-18 09:26:25,301-WARNING-root-18580::base::double_click|280:: Warning double_click method Exception: Message: Element <button class="button-image" type="button"> is not clickable at point (1844,131) because another element <wa-button id="COMP4530" class="dict-tbutton focus"> obscures it
Stacktrace:
RemoteError@chrome://remote/content/shared/RemoteError.sys.mjs:8:8
WebDriverError@chrome://remote/content/shared/webdriver/Errors.sys.mjs:202:5
ElementClickInterceptedError@chrome://remote/content/shared/webdriver/Errors.sys.mjs:354:5
webdriverClickElement@chrome://remote/content/marionette/interaction.sys.mjs:175:11
interaction.clickElement@chrome://remote/content/marionette/interaction.sys.mjs:134:11
clickElement@chrome://remote/content/marionette/actors/MarionetteCommandsChild.sys.mjs:327:29
receiveMessage@chrome://remote/content/marionette/actors/MarionetteCommandsChild.sys.mjs:210:31

2025-11-18 09:26:35,605-INFO-root-18580::webapp_internal::WaitShow|4980:: Waiting show text 'Lançamentos Avulsos'...
2025-11-18 09:26:35,685-INFO-root-18580::webapp_internal::WaitShow|4996:: Text found! 
2025-11-18 09:26:35,685-INFO-root-18580::webapp_internal::SetButton|4444:: Clicking on Manutenção
2025-11-18 09:26:35,685-DEBUG-root-18580::webapp_internal::wait_blocker|2444:: Waiting blocker to continue...
2025-11-18 09:26:35,824-DEBUG-root-18580::webapp_internal::wait_blocker|2469:: Blocker status: False
2025-11-18 09:26:36,205-DEBUG-root-18580::webapp_internal::wait_element_timeout|7726:: Element found! Waiting for element to be displayed.
2025-11-18 09:26:36,472-DEBUG-root-18580::webapp_internal::SetButton|4481:: ***System Info*** Before Clicking on button:Manutenção
2025-11-18 09:26:36,472-DEBUG-root-18580::psutil_info::system_info|5:: CPU USAGE: 9.6%
2025-11-18 09:26:36,473-DEBUG-root-18580::psutil_info::system_info|6:: MEMORY USAGE: 88.9%
2025-11-18 09:26:36,473-DEBUG-root-18580::psutil_info::system_info|7:: MEMORY AVAILABLE: 11.06%
2025-11-18 09:26:36,837-DEBUG-root-18580::webapp_internal::wait_element_timeout|7726:: Element found! Waiting for element to be displayed.
2025-11-18 09:26:37,187-DEBUG-root-18580::webapp_internal::wait_blocker|2444:: Waiting blocker to continue...
2025-11-18 09:26:37,292-DEBUG-root-18580::webapp_internal::wait_blocker|2469:: Blocker status: False
2025-11-18 09:26:37,321-DEBUG-root-18580::webapp_internal::wait_blocker|2444:: Waiting blocker to continue...
2025-11-18 09:26:37,428-DEBUG-root-18580::webapp_internal::wait_blocker|2469:: Blocker status: False
2025-11-18 09:26:37,429-DEBUG-root-18580::webapp_internal::send_action|10480:: Trying to send action
2025-11-18 09:26:37,433-DEBUG-root-18580::base::click|192:: Click Type: ClickType.JS
2025-11-18 09:26:38,490-DEBUG-root-18580::webapp_internal::send_action|10522:: send_action method result = True
2025-11-18 09:26:38,490-DEBUG-root-18580::webapp_internal::send_action|10523:: send_action selenium status: False
2025-11-18 09:26:38,491-DEBUG-root-18580::webapp_internal::SetButton|4683:: ***System Info*** After Clicking on button:
2025-11-18 09:26:38,491-DEBUG-root-18580::psutil_info::system_info|5:: CPU USAGE: 11.6%
2025-11-18 09:26:38,491-DEBUG-root-18580::psutil_info::system_info|6:: MEMORY USAGE: 89.3%
2025-11-18 09:26:38,492-DEBUG-root-18580::psutil_info::system_info|7:: MEMORY AVAILABLE: 10.73%
2025-11-18 09:26:43,492-INFO-root-18580::webapp_internal::WaitShow|4980:: Waiting show text 'Funcionários - MANUTENÇÃO'...
2025-11-18 09:26:43,583-INFO-root-18580::webapp_internal::WaitShow|4996:: Text found! 
2025-11-18 09:26:43,585-INFO-root-18580::webapp_internal::WaitShow|4980:: Waiting show text 'Funcionários - MANUTENÇÃO'...
2025-11-18 09:26:43,668-INFO-root-18580::webapp_internal::WaitShow|4996:: Text found! 
2025-11-18 09:26:43,668-DEBUG-root-18580::webapp_internal::wait_blocker|2444:: Waiting blocker to continue...
2025-11-18 09:26:43,801-DEBUG-root-18580::webapp_internal::wait_blocker|2469:: Blocker status: False
2025-11-18 09:26:43,801-INFO-root-18580::webapp_internal::SetKey|5822:: Key pressed: DOWN
2025-11-18 09:26:43,801-DEBUG-root-18580::webapp_internal::wait_element|7623:: Waiting for element
2025-11-18 09:26:43,871-DEBUG-root-18580::webapp_internal::wait_element|7653:: Element found! Waiting for element to be displayed.
2025-11-18 09:26:44,102-DEBUG-root-18580::webapp_internal::new_grid_line|7014:: New grid line
2025-11-18 09:26:45,575-DEBUG-root-18580::webapp_internal::wait_blocker|2444:: Waiting blocker to continue...
2025-11-18 09:26:45,692-DEBUG-root-18580::webapp_internal::wait_blocker|2469:: Blocker status: False
2025-11-18 09:26:45,692-INFO-root-18580::webapp_internal::LoadGrid|6298:: Filling grid field: Dt. Inclusao
2025-11-18 09:26:45,692-DEBUG-root-18580::webapp_internal::fill_grid|6399:: Grid loading...
2025-11-18 09:26:45,808-ERROR-root-18580::webapp_internal::fill_grid|6675:: fill grid error: list index out of range
Traceback (most recent call last):
  File "C:\TIR_TESTE\venv\Lib\site-packages\tir\technologies\webapp_internal.py", line 6420, in fill_grid
    if not column_name in headers[field[2]]:
                          ~~~~~~~^^^^^^^^^^
IndexError: list index out of range
2025-11-18 09:26:45,809-WARNING-root-18580::webapp_internal::log_error|8143:: Warning log_error fill grid error: list index out of range
2025-11-18 09:26:45,809-DEBUG-root-18580::webapp_internal::log_error|8146:: ***System Info*** in log_error():
2025-11-18 09:26:45,809-DEBUG-root-18580::psutil_info::system_info|5:: CPU USAGE: 6.5%
2025-11-18 09:26:45,809-DEBUG-root-18580::psutil_info::system_info|6:: MEMORY USAGE: 89.9%
2025-11-18 09:26:45,810-DEBUG-root-18580::psutil_info::system_info|7:: MEMORY AVAILABLE: 10.13%
2025-11-18 09:26:47,359-ERROR-root-18580::webapp_internal::TearDown|9654:: Warning tearDown Close Message: Tried to run command without establishing a connection
Traceback (most recent call last):
  File "C:\TIR_TESTE\venv\Lib\site-packages\tir\technologies\webapp_internal.py", line 9652, in TearDown
    self.driver.close()
  File "C:\TIR_TESTE\venv\Lib\site-packages\selenium\webdriver\remote\webdriver.py", line 458, in close
    self.execute(Command.CLOSE)
  File "C:\TIR_TESTE\venv\Lib\site-packages\selenium\webdriver\remote\webdriver.py", line 347, in execute
    self.error_handler.check_response(response)
  File "C:\TIR_TESTE\venv\Lib\site-packages\selenium\webdriver\remote\errorhandler.py", line 229, in check_response
    raise exception_class(message, screen, stacktrace)
selenium.common.exceptions.InvalidSessionIdException: Message: Tried to run command without establishing a connection

