2025-12-15 10:31:08,788-DEBUG-root-27284::logging_config::logger|189:: Log file created: 'Log\GESIT03\TIR__20251215103108782.log'
2025-12-15 10:31:08,789-INFO-root-27284::base::Start|1183:: TIR Version: 2.4.3
2025-12-15 10:31:08,789-INFO-root-27284::base::Start|1184:: Python Version: 3.12.10
2025-12-15 10:31:08,789-INFO-root-27284::base::Start|1185:: Starting the browser
2025-12-15 10:31:17,429-INFO-root-27284::base::get_url|1294:: Page is ready!
2025-12-15 10:31:17,432-INFO-root-27284::base::Start|1256:: Browser maximized to 1936x1048
2025-12-15 10:31:17,432-INFO-root-27284::base::Start|1258:: Screen size is different from default used in headless mode
2025-12-15 10:31:17,599-INFO-root-27284::webapp_internal::Setup|247:: ***System Info*** in Setup():
2025-12-15 10:31:17,601-DEBUG-root-27284::psutil_info::system_info|5:: CPU USAGE: 21.3%
2025-12-15 10:31:17,608-DEBUG-root-27284::psutil_info::system_info|6:: MEMORY USAGE: 97.3%
2025-12-15 10:31:17,610-DEBUG-root-27284::psutil_info::system_info|7:: MEMORY AVAILABLE: 2.71%
2025-12-15 10:31:17,628-INFO-root-27284::base::webapp_shadowroot|1394:: Webapp: 10.1.6-RC4
2025-12-15 10:31:17,979-INFO-root-27284::webapp_internal::filling_initial_program|449:: Filling Initial Program: "SIGAMDI"
2025-12-15 10:31:17,980-DEBUG-root-27284::webapp_internal::wait_element|7623:: Waiting for element
2025-12-15 10:31:18,274-DEBUG-root-27284::webapp_internal::wait_element|7653:: Element found! Waiting for element to be displayed.
2025-12-15 10:31:18,998-DEBUG-root-27284::base::click|192:: Click Type: ClickType.JS
2025-12-15 10:31:19,082-DEBUG-root-27284::webapp_internal::try_send_keys|7976:: Trying to send keys to element using technique 0
2025-12-15 10:31:20,220-DEBUG-root-27284::webapp_internal::get_web_value|3232:: Current value: SIGAMDI
2025-12-15 10:31:20,220-INFO-root-27284::webapp_internal::filling_server_environment|463:: Filling Server Environment: "POUPEX_TST"
2025-12-15 10:31:20,220-DEBUG-root-27284::webapp_internal::wait_element|7623:: Waiting for element
2025-12-15 10:31:20,250-DEBUG-root-27284::webapp_internal::wait_element|7653:: Element found! Waiting for element to be displayed.
2025-12-15 10:31:20,412-DEBUG-root-27284::base::click|192:: Click Type: ClickType.JS
2025-12-15 10:31:20,417-DEBUG-root-27284::webapp_internal::try_send_keys|7976:: Trying to send keys to element using technique 0
2025-12-15 10:31:20,745-DEBUG-root-27284::webapp_internal::get_web_value|3232:: Current value: POUPEX_TST
2025-12-15 10:31:20,769-DEBUG-root-27284::base::click|192:: Click Type: ClickType.JS
2025-12-15 10:31:20,792-DEBUG-root-27284::webapp_internal::user_screen|519:: Filling user screen
2025-12-15 10:31:28,017-DEBUG-root-27284::base::scroll_to_element|759:: ********Warining scroll_to_element exception: Message: TypeError: can't access property "scrollIntoView", arguments[0] is null
Stacktrace:
@https://qasrverp:10020/webapp/:2:7
@https://qasrverp:10020/webapp/:3:8
*********
2025-12-15 10:31:28,076-DEBUG-root-27284::webapp_internal::wait_element_timeout|7726:: Element found! Waiting for element to be displayed.
2025-12-15 10:31:28,129-DEBUG-root-27284::base::scroll_to_element|759:: ********Warining scroll_to_element exception: Message: TypeError: can't access property "scrollIntoView", arguments[0] is null
Stacktrace:
@https://qasrverp:10020/webapp/:2:7
@https://qasrverp:10020/webapp/:3:8
*********
2025-12-15 10:31:28,269-INFO-root-27284::webapp_internal::user_screen|561:: Filling User
2025-12-15 10:31:28,297-DEBUG-root-27284::base::double_click|259:: Click Type: ClickType.SELENIUM
2025-12-15 10:31:28,485-DEBUG-root-27284::webapp_internal::get_web_value|3232:: Current value: 97137227104
2025-12-15 10:31:28,514-INFO-root-27284::webapp_internal::user_screen|621:: Filling Password
2025-12-15 10:31:28,540-DEBUG-root-27284::base::click|192:: Click Type: ClickType.JS
2025-12-15 10:31:28,621-DEBUG-root-27284::webapp_internal::get_web_value|3232:: Current value: Deire20191817+
2025-12-15 10:31:28,622-DEBUG-root-27284::webapp_internal::wait_blocker|2444:: Waiting blocker to continue...
2025-12-15 10:31:28,659-DEBUG-root-27284::webapp_internal::wait_blocker|2469:: Blocker status: None
2025-12-15 10:31:28,687-DEBUG-root-27284::webapp_internal::wait_blocker|2444:: Waiting blocker to continue...
2025-12-15 10:31:28,724-DEBUG-root-27284::webapp_internal::wait_blocker|2469:: Blocker status: None
2025-12-15 10:31:28,772-DEBUG-root-27284::webapp_internal::wait_blocker|2444:: Waiting blocker to continue...
2025-12-15 10:31:28,812-DEBUG-root-27284::webapp_internal::wait_blocker|2469:: Blocker status: None
2025-12-15 10:31:28,812-DEBUG-root-27284::webapp_internal::send_action|10480:: Trying to send action
2025-12-15 10:31:28,824-DEBUG-root-27284::base::click|192:: Click Type: ClickType.JS
2025-12-15 10:31:29,878-DEBUG-root-27284::webapp_internal::send_action|10522:: send_action method result = True
2025-12-15 10:31:29,878-DEBUG-root-27284::webapp_internal::send_action|10523:: send_action selenium status: False
2025-12-15 10:31:32,646-DEBUG-root-27284::base::scroll_to_element|759:: ********Warining scroll_to_element exception: Message: TypeError: can't access property "scrollIntoView", arguments[0] is null
Stacktrace:
@https://qasrverp:10020/webapp/:2:7
@https://qasrverp:10020/webapp/:3:8
*********
2025-12-15 10:31:32,721-INFO-root-27284::webapp_internal::filling_date|885:: Filling Date: "15/12/2025"
2025-12-15 10:31:32,722-DEBUG-root-27284::webapp_internal::wait_blocker|2444:: Waiting blocker to continue...
2025-12-15 10:31:32,777-DEBUG-root-27284::webapp_internal::wait_blocker|2469:: Blocker status: None
2025-12-15 10:31:32,780-DEBUG-root-27284::base::click|192:: Click Type: ClickType.JS
2025-12-15 10:31:32,805-DEBUG-root-27284::webapp_internal::try_send_keys|7976:: Trying to send keys to element using technique 1
2025-12-15 10:31:32,929-DEBUG-root-27284::webapp_internal::get_web_value|3232:: Current value: 15/12/2025
2025-12-15 10:31:34,019-INFO-root-27284::webapp_internal::filling_group|955:: Filling Group: "02"
2025-12-15 10:31:34,019-DEBUG-root-27284::webapp_internal::wait_blocker|2444:: Waiting blocker to continue...
2025-12-15 10:31:34,052-DEBUG-root-27284::webapp_internal::wait_blocker|2469:: Blocker status: None
2025-12-15 10:31:34,059-DEBUG-root-27284::base::click|192:: Click Type: ClickType.JS
2025-12-15 10:31:34,127-DEBUG-root-27284::webapp_internal::get_web_value|3232:: Current value: 02
2025-12-15 10:31:35,207-INFO-root-27284::webapp_internal::filling_branch|1047:: Filling Branch: "02DF0001"
2025-12-15 10:31:35,207-DEBUG-root-27284::webapp_internal::wait_blocker|2444:: Waiting blocker to continue...
2025-12-15 10:31:35,246-DEBUG-root-27284::webapp_internal::wait_blocker|2469:: Blocker status: None
2025-12-15 10:31:35,249-DEBUG-root-27284::base::click|192:: Click Type: ClickType.JS
2025-12-15 10:31:35,321-DEBUG-root-27284::webapp_internal::get_web_value|3232:: Current value: 02DF0001
2025-12-15 10:31:36,426-INFO-root-27284::webapp_internal::filling_environment|1113:: Filling Environment: "07"
2025-12-15 10:31:36,427-DEBUG-root-27284::webapp_internal::wait_blocker|2444:: Waiting blocker to continue...
2025-12-15 10:31:36,469-DEBUG-root-27284::webapp_internal::wait_blocker|2469:: Blocker status: None
2025-12-15 10:31:36,472-DEBUG-root-27284::base::click|192:: Click Type: ClickType.JS
2025-12-15 10:31:36,539-DEBUG-root-27284::webapp_internal::get_web_value|3232:: Current value: 07
2025-12-15 10:31:37,550-DEBUG-root-27284::webapp_internal::close_warning_screen|1489:: Closing warning screen!
2025-12-15 10:31:38,582-DEBUG-root-27284::webapp_internal::check_screen_element|1291:: Checking screen element: "Atenção": False
2025-12-15 10:31:39,686-INFO-root-27284::webapp_internal::environment_screen|796:: Clicking on Button
2025-12-15 10:31:39,686-DEBUG-root-27284::webapp_internal::wait_blocker|2444:: Waiting blocker to continue...
2025-12-15 10:31:39,719-DEBUG-root-27284::webapp_internal::wait_blocker|2469:: Blocker status: None
2025-12-15 10:31:39,723-DEBUG-root-27284::base::click|192:: Click Type: ClickType.JS
2025-12-15 10:31:40,734-DEBUG-root-27284::base::click|192:: Click Type: ClickType.JS
2025-12-15 10:31:41,743-DEBUG-root-27284::base::click|192:: Click Type: ClickType.JS
2025-12-15 10:31:42,751-DEBUG-root-27284::base::click|192:: Click Type: ClickType.JS
2025-12-15 10:31:43,766-DEBUG-root-27284::base::click|192:: Click Type: ClickType.JS
2025-12-15 10:31:44,775-DEBUG-root-27284::base::click|192:: Click Type: ClickType.JS
2025-12-15 10:31:45,784-DEBUG-root-27284::webapp_internal::close_screen_before_menu|368:: Closing screen before the menu
2025-12-15 10:31:45,831-DEBUG-root-27284::webapp_internal::close_warning_screen|1489:: Closing warning screen!
2025-12-15 10:31:46,872-DEBUG-root-27284::webapp_internal::check_screen_element|1291:: Checking screen element: "Atenção": False
2025-12-15 10:31:46,872-DEBUG-root-27284::webapp_internal::close_coin_screen|1424:: Closing coin screen!
2025-12-15 10:31:47,431-DEBUG-root-27284::base::click|192:: Click Type: ClickType.JS
2025-12-15 10:31:47,486-DEBUG-root-27284::webapp_internal::close_warning_screen|1489:: Closing warning screen!
2025-12-15 10:31:48,538-DEBUG-root-27284::webapp_internal::check_screen_element|1291:: Checking screen element: "Atenção": False
2025-12-15 10:31:48,538-DEBUG-root-27284::webapp_internal::close_coin_screen|1424:: Closing coin screen!
2025-12-15 10:31:48,662-INFO-root-27284::webapp_internal::set_log_info|1623:: Getting log info
2025-12-15 10:31:48,662-INFO-root-27284::webapp_internal::SetLateralMenu|4184:: Navigating lateral menu: Ajuda > Sobre
2025-12-15 10:31:48,671-DEBUG-root-27284::webapp_internal::wait_element|7623:: Waiting for element
2025-12-15 10:31:48,707-DEBUG-root-27284::webapp_internal::wait_element|7653:: Element found! Waiting for element to be displayed.
2025-12-15 10:31:48,873-INFO-root-27284::webapp_internal::SetLateralMenu|4203:: Menu item: "Ajuda"
2025-12-15 10:31:48,874-DEBUG-root-27284::webapp_internal::wait_blocker|2444:: Waiting blocker to continue...
2025-12-15 10:31:48,940-DEBUG-root-27284::webapp_internal::wait_blocker|2469:: Blocker status: False
2025-12-15 10:31:49,279-DEBUG-root-27284::webapp_internal::wait_element_timeout|7726:: Element found! Waiting for element to be displayed.
2025-12-15 10:31:49,574-DEBUG-root-27284::webapp_internal::wait_blocker|2444:: Waiting blocker to continue...
2025-12-15 10:31:49,638-DEBUG-root-27284::webapp_internal::wait_blocker|2469:: Blocker status: False
2025-12-15 10:31:51,914-INFO-root-27284::webapp_internal::SetLateralMenu|4203:: Menu item: "Sobre"
2025-12-15 10:31:51,915-DEBUG-root-27284::webapp_internal::wait_blocker|2444:: Waiting blocker to continue...
2025-12-15 10:31:51,979-DEBUG-root-27284::webapp_internal::wait_blocker|2469:: Blocker status: False
2025-12-15 10:31:52,408-DEBUG-root-27284::webapp_internal::wait_element_timeout|7726:: Element found! Waiting for element to be displayed.
2025-12-15 10:31:52,782-DEBUG-root-27284::webapp_internal::wait_blocker|2444:: Waiting blocker to continue...
2025-12-15 10:31:52,847-DEBUG-root-27284::webapp_internal::wait_blocker|2469:: Blocker status: False
2025-12-15 10:31:55,475-DEBUG-root-27284::webapp_internal::wait_blocker|2444:: Waiting blocker to continue...
2025-12-15 10:31:55,546-DEBUG-root-27284::webapp_internal::wait_blocker|2469:: Blocker status: False
2025-12-15 10:31:55,622-DEBUG-root-27284::webapp_internal::wait_element|7623:: Waiting for element
2025-12-15 10:31:55,667-DEBUG-root-27284::webapp_internal::wait_element|7653:: Element found! Waiting for element to be displayed.
2025-12-15 10:31:55,843-INFO-root-27284::webapp_internal::SetButton|4444:: Clicking on Fechar
2025-12-15 10:31:55,843-DEBUG-root-27284::webapp_internal::wait_blocker|2444:: Waiting blocker to continue...
2025-12-15 10:31:55,920-DEBUG-root-27284::webapp_internal::wait_blocker|2469:: Blocker status: False
2025-12-15 10:31:56,109-DEBUG-root-27284::webapp_internal::wait_element_timeout|7726:: Element found! Waiting for element to be displayed.
2025-12-15 10:31:56,181-DEBUG-root-27284::webapp_internal::SetButton|4481:: ***System Info*** Before Clicking on button:Fechar
2025-12-15 10:31:56,181-DEBUG-root-27284::psutil_info::system_info|5:: CPU USAGE: 11.9%
2025-12-15 10:31:56,181-DEBUG-root-27284::psutil_info::system_info|6:: MEMORY USAGE: 95.7%
2025-12-15 10:31:56,182-DEBUG-root-27284::psutil_info::system_info|7:: MEMORY AVAILABLE: 4.3%
2025-12-15 10:31:56,350-DEBUG-root-27284::webapp_internal::wait_element_timeout|7726:: Element found! Waiting for element to be displayed.
2025-12-15 10:31:56,455-DEBUG-root-27284::webapp_internal::wait_blocker|2444:: Waiting blocker to continue...
2025-12-15 10:31:56,535-DEBUG-root-27284::webapp_internal::wait_blocker|2469:: Blocker status: False
2025-12-15 10:31:56,552-DEBUG-root-27284::webapp_internal::wait_blocker|2444:: Waiting blocker to continue...
2025-12-15 10:31:56,634-DEBUG-root-27284::webapp_internal::wait_blocker|2469:: Blocker status: False
2025-12-15 10:31:56,634-DEBUG-root-27284::webapp_internal::send_action|10480:: Trying to send action
2025-12-15 10:31:56,636-DEBUG-root-27284::base::click|192:: Click Type: ClickType.JS
2025-12-15 10:31:57,669-DEBUG-root-27284::webapp_internal::send_action|10522:: send_action method result = True
2025-12-15 10:31:57,669-DEBUG-root-27284::webapp_internal::send_action|10523:: send_action selenium status: False
2025-12-15 10:31:57,670-DEBUG-root-27284::webapp_internal::SetButton|4683:: ***System Info*** After Clicking on button:
2025-12-15 10:31:57,670-DEBUG-root-27284::psutil_info::system_info|5:: CPU USAGE: 10.9%
2025-12-15 10:31:57,670-DEBUG-root-27284::psutil_info::system_info|6:: MEMORY USAGE: 95.5%
2025-12-15 10:31:57,670-DEBUG-root-27284::psutil_info::system_info|7:: MEMORY AVAILABLE: 4.5%
2025-12-15 10:31:57,671-DEBUG-root-27284::webapp_internal::wait_element|7623:: Waiting for element
2025-12-15 10:31:57,753-INFO-root-27284::webapp_internal::SetLateralMenu|4184:: Navigating lateral menu: Atualizações > Gestao de Viagens > Solicitações
2025-12-15 10:31:57,762-DEBUG-root-27284::webapp_internal::wait_element|7623:: Waiting for element
2025-12-15 10:31:57,802-DEBUG-root-27284::webapp_internal::wait_element|7653:: Element found! Waiting for element to be displayed.
2025-12-15 10:31:57,962-INFO-root-27284::webapp_internal::SetLateralMenu|4203:: Menu item: "Atualizações"
2025-12-15 10:31:57,962-DEBUG-root-27284::webapp_internal::wait_blocker|2444:: Waiting blocker to continue...
2025-12-15 10:31:58,026-DEBUG-root-27284::webapp_internal::wait_blocker|2469:: Blocker status: False
2025-12-15 10:31:58,419-DEBUG-root-27284::webapp_internal::wait_element_timeout|7726:: Element found! Waiting for element to be displayed.
2025-12-15 10:31:58,766-DEBUG-root-27284::webapp_internal::wait_blocker|2444:: Waiting blocker to continue...
2025-12-15 10:31:58,827-DEBUG-root-27284::webapp_internal::wait_blocker|2469:: Blocker status: False
2025-12-15 10:32:01,127-INFO-root-27284::webapp_internal::SetLateralMenu|4203:: Menu item: "Gestao de Viagens"
2025-12-15 10:32:01,128-DEBUG-root-27284::webapp_internal::wait_blocker|2444:: Waiting blocker to continue...
2025-12-15 10:32:01,221-DEBUG-root-27284::webapp_internal::wait_blocker|2469:: Blocker status: False
2025-12-15 10:32:01,930-DEBUG-root-27284::webapp_internal::wait_element_timeout|7726:: Element found! Waiting for element to be displayed.
2025-12-15 10:32:02,667-DEBUG-root-27284::webapp_internal::wait_blocker|2444:: Waiting blocker to continue...
2025-12-15 10:32:02,762-DEBUG-root-27284::webapp_internal::wait_blocker|2469:: Blocker status: False
2025-12-15 10:32:05,055-INFO-root-27284::webapp_internal::SetLateralMenu|4203:: Menu item: "Solicitações"
2025-12-15 10:32:05,056-DEBUG-root-27284::webapp_internal::wait_blocker|2444:: Waiting blocker to continue...
2025-12-15 10:32:05,132-DEBUG-root-27284::webapp_internal::wait_blocker|2469:: Blocker status: False
2025-12-15 10:32:05,950-DEBUG-root-27284::webapp_internal::wait_element_timeout|7726:: Element found! Waiting for element to be displayed.
2025-12-15 10:32:06,742-DEBUG-root-27284::webapp_internal::wait_blocker|2444:: Waiting blocker to continue...
2025-12-15 10:32:06,817-DEBUG-root-27284::webapp_internal::wait_blocker|2469:: Blocker status: False
2025-12-15 10:32:10,298-DEBUG-root-27284::webapp_internal::wait_blocker|2444:: Waiting blocker to continue...
2025-12-15 10:32:10,375-DEBUG-root-27284::webapp_internal::wait_blocker|2469:: Blocker status: False
2025-12-15 10:32:10,455-INFO-root-27284::webapp_internal::WaitShow|4980:: Waiting show text 'Este ambiente utiliza base de Homologação.'...
2025-12-15 10:32:15,596-INFO-root-27284::webapp_internal::WaitShow|4980:: Waiting show text 'Moedas'...
2025-12-15 10:32:21,078-INFO-root-27284::webapp_internal::WaitShow|4980:: Waiting show text 'Solicitação de Viagens/Treinamento'...
2025-12-15 10:32:21,140-INFO-root-27284::webapp_internal::WaitShow|4996:: Text found! 
2025-12-15 10:32:21,140-INFO-root-27284::webapp_internal::SetButton|4444:: Clicking on Incluir
2025-12-15 10:32:21,141-DEBUG-root-27284::webapp_internal::wait_blocker|2444:: Waiting blocker to continue...
2025-12-15 10:32:21,249-DEBUG-root-27284::webapp_internal::wait_blocker|2469:: Blocker status: False
2025-12-15 10:32:21,654-DEBUG-root-27284::webapp_internal::wait_element_timeout|7726:: Element found! Waiting for element to be displayed.
2025-12-15 10:32:21,944-DEBUG-root-27284::webapp_internal::SetButton|4481:: ***System Info*** Before Clicking on button:Incluir
2025-12-15 10:32:21,944-DEBUG-root-27284::psutil_info::system_info|5:: CPU USAGE: 10.6%
2025-12-15 10:32:21,944-DEBUG-root-27284::psutil_info::system_info|6:: MEMORY USAGE: 95.7%
2025-12-15 10:32:21,945-DEBUG-root-27284::psutil_info::system_info|7:: MEMORY AVAILABLE: 4.26%
2025-12-15 10:32:22,321-DEBUG-root-27284::webapp_internal::wait_element_timeout|7726:: Element found! Waiting for element to be displayed.
2025-12-15 10:32:22,668-DEBUG-root-27284::webapp_internal::wait_blocker|2444:: Waiting blocker to continue...
2025-12-15 10:32:22,779-DEBUG-root-27284::webapp_internal::wait_blocker|2469:: Blocker status: False
2025-12-15 10:32:22,801-DEBUG-root-27284::webapp_internal::wait_blocker|2444:: Waiting blocker to continue...
2025-12-15 10:32:22,897-DEBUG-root-27284::webapp_internal::wait_blocker|2469:: Blocker status: False
2025-12-15 10:32:22,897-DEBUG-root-27284::webapp_internal::send_action|10480:: Trying to send action
2025-12-15 10:32:22,899-DEBUG-root-27284::base::click|192:: Click Type: ClickType.JS
2025-12-15 10:32:24,147-DEBUG-root-27284::webapp_internal::send_action|10522:: send_action method result = True
2025-12-15 10:32:24,147-DEBUG-root-27284::webapp_internal::send_action|10523:: send_action selenium status: True
2025-12-15 10:32:24,147-DEBUG-root-27284::webapp_internal::SetButton|4683:: ***System Info*** After Clicking on button:
2025-12-15 10:32:24,148-DEBUG-root-27284::psutil_info::system_info|5:: CPU USAGE: 9.3%
2025-12-15 10:32:24,148-DEBUG-root-27284::psutil_info::system_info|6:: MEMORY USAGE: 95.8%
2025-12-15 10:32:24,149-DEBUG-root-27284::psutil_info::system_info|7:: MEMORY AVAILABLE: 4.22%
2025-12-15 10:32:24,349-DEBUG-root-27284::webapp_internal::wait_blocker|2444:: Waiting blocker to continue...
2025-12-15 10:32:24,449-DEBUG-root-27284::webapp_internal::wait_blocker|2469:: Blocker status: False
2025-12-15 10:32:24,449-INFO-root-27284::webapp_internal::SearchBrowse|2003:: Searching: 02DF0001
2025-12-15 10:32:24,602-DEBUG-root-27284::webapp_internal::wait_element_timeout|7726:: Element found! Waiting for element to be displayed.
2025-12-15 10:32:24,712-DEBUG-root-27284::webapp_internal::wait_blocker|2444:: Waiting blocker to continue...
2025-12-15 10:32:24,815-DEBUG-root-27284::webapp_internal::wait_blocker|2469:: Blocker status: False
2025-12-15 10:32:24,821-DEBUG-root-27284::webapp_internal::wait_blocker|2444:: Waiting blocker to continue...
2025-12-15 10:32:24,935-DEBUG-root-27284::webapp_internal::wait_blocker|2469:: Blocker status: False
2025-12-15 10:32:24,935-INFO-root-27284::webapp_internal::fill_search_browse|2399:: Filling: 02DF0001
2025-12-15 10:32:24,951-DEBUG-root-27284::base::click|192:: Click Type: ClickType.JS
2025-12-15 10:32:26,072-DEBUG-root-27284::webapp_internal::wait_blocker|2444:: Waiting blocker to continue...
2025-12-15 10:32:26,182-DEBUG-root-27284::webapp_internal::wait_blocker|2469:: Blocker status: False
2025-12-15 10:32:26,184-DEBUG-root-27284::base::double_click|259:: Click Type: ClickType.SELENIUM
2025-12-15 10:32:26,189-WARNING-root-27284::base::double_click|280:: Warning double_click method Exception: Message: Element <button class="button-image" type="button"> is not clickable at point (1258,360) because another element <wa-button id="COMP6023" class="dict-tbutton focus"> obscures it
Stacktrace:
RemoteError@chrome://remote/content/shared/RemoteError.sys.mjs:8:8
WebDriverError@chrome://remote/content/shared/webdriver/Errors.sys.mjs:202:5
ElementClickInterceptedError@chrome://remote/content/shared/webdriver/Errors.sys.mjs:354:5
webdriverClickElement@chrome://remote/content/marionette/interaction.sys.mjs:175:11
interaction.clickElement@chrome://remote/content/marionette/interaction.sys.mjs:134:11
clickElement@chrome://remote/content/marionette/actors/MarionetteCommandsChild.sys.mjs:327:29
receiveMessage@chrome://remote/content/marionette/actors/MarionetteCommandsChild.sys.mjs:210:31

2025-12-15 10:32:26,499-INFO-root-27284::webapp_internal::SetButton|4444:: Clicking on OK
2025-12-15 10:32:26,499-DEBUG-root-27284::webapp_internal::wait_blocker|2444:: Waiting blocker to continue...
2025-12-15 10:32:26,629-DEBUG-root-27284::webapp_internal::wait_blocker|2469:: Blocker status: False
2025-12-15 10:32:26,946-DEBUG-root-27284::webapp_internal::wait_element_timeout|7726:: Element found! Waiting for element to be displayed.
2025-12-15 10:32:27,165-DEBUG-root-27284::webapp_internal::SetButton|4481:: ***System Info*** Before Clicking on button:OK
2025-12-15 10:32:27,166-DEBUG-root-27284::psutil_info::system_info|5:: CPU USAGE: 11.0%
2025-12-15 10:32:27,166-DEBUG-root-27284::psutil_info::system_info|6:: MEMORY USAGE: 95.5%
2025-12-15 10:32:27,167-DEBUG-root-27284::psutil_info::system_info|7:: MEMORY AVAILABLE: 4.48%
2025-12-15 10:32:27,497-DEBUG-root-27284::webapp_internal::wait_element_timeout|7726:: Element found! Waiting for element to be displayed.
2025-12-15 10:32:27,745-DEBUG-root-27284::webapp_internal::wait_blocker|2444:: Waiting blocker to continue...
2025-12-15 10:32:27,848-DEBUG-root-27284::webapp_internal::wait_blocker|2469:: Blocker status: False
2025-12-15 10:32:27,877-DEBUG-root-27284::webapp_internal::wait_blocker|2444:: Waiting blocker to continue...
2025-12-15 10:32:27,996-DEBUG-root-27284::webapp_internal::wait_blocker|2469:: Blocker status: False
2025-12-15 10:32:27,996-DEBUG-root-27284::webapp_internal::send_action|10480:: Trying to send action
2025-12-15 10:32:27,998-DEBUG-root-27284::base::click|192:: Click Type: ClickType.JS
2025-12-15 10:32:30,719-DEBUG-root-27284::webapp_internal::send_action|10522:: send_action method result = True
2025-12-15 10:32:30,720-DEBUG-root-27284::webapp_internal::send_action|10523:: send_action selenium status: True
2025-12-15 10:32:30,720-DEBUG-root-27284::webapp_internal::SetButton|4683:: ***System Info*** After Clicking on button:
2025-12-15 10:32:30,720-DEBUG-root-27284::psutil_info::system_info|5:: CPU USAGE: 13.3%
2025-12-15 10:32:30,720-DEBUG-root-27284::psutil_info::system_info|6:: MEMORY USAGE: 94.5%
2025-12-15 10:32:30,721-DEBUG-root-27284::psutil_info::system_info|7:: MEMORY AVAILABLE: 5.48%
2025-12-15 10:32:30,922-INFO-root-27284::webapp_internal::WaitShow|4980:: Waiting show text 'Solicitacoes de Viagens - INCLUIR'...
2025-12-15 10:32:31,197-INFO-root-27284::webapp_internal::WaitShow|4996:: Text found! 
2025-12-15 10:32:32,639-DEBUG-root-27284::webapp_internal::get_web_value|3232:: Current value: 003689
2025-12-15 10:32:32,640-INFO-root-27284::webapp_internal::GetValue|3393:: Current value: 003689
2025-12-15 10:32:32,640-DEBUG-root-27284::webapp_internal::wait_blocker|2444:: Waiting blocker to continue...
2025-12-15 10:32:32,796-DEBUG-root-27284::webapp_internal::wait_blocker|2469:: Blocker status: False
2025-12-15 10:32:32,796-DEBUG-root-27284::webapp_internal::wait_element|7623:: Waiting for element
2025-12-15 10:32:32,919-DEBUG-root-27284::webapp_internal::wait_element|7653:: Element found! Waiting for element to be displayed.
2025-12-15 10:32:33,001-INFO-root-27284::webapp_internal::input_value|2941:: Looking for element: ZV3_DESCRI
2025-12-15 10:32:33,216-INFO-root-27284::webapp_internal::input_value|2951:: Element: ZV3_DESCRI Found!
2025-12-15 10:32:33,216-INFO-root-27284::webapp_internal::input_value|2953:: Filling element: ZV3_DESCRI
2025-12-15 10:32:33,298-DEBUG-root-27284::webapp_internal::get_web_value|3232:: Current value:                                                   
2025-12-15 10:32:33,362-DEBUG-root-27284::base::double_click|259:: Click Type: ClickType.SELENIUM
2025-12-15 10:32:33,622-DEBUG-root-27284::webapp_internal::wait_blocker|2444:: Waiting blocker to continue...
2025-12-15 10:32:33,787-DEBUG-root-27284::webapp_internal::wait_blocker|2469:: Blocker status: False
2025-12-15 10:32:34,146-DEBUG-root-27284::webapp_internal::get_web_value|3232:: Current value: TESTE AUTOMATIZADO                                
2025-12-15 10:32:34,146-INFO-root-27284::webapp_internal::input_value|3059:: Current field value: TESTE AUTOMATIZADO
2025-12-15 10:32:34,183-DEBUG-root-27284::webapp_internal::wait_blocker|2444:: Waiting blocker to continue...
2025-12-15 10:32:34,348-DEBUG-root-27284::webapp_internal::wait_blocker|2469:: Blocker status: False
2025-12-15 10:32:34,348-DEBUG-root-27284::webapp_internal::wait_element|7623:: Waiting for element
2025-12-15 10:32:34,435-DEBUG-root-27284::webapp_internal::wait_element|7653:: Element found! Waiting for element to be displayed.
2025-12-15 10:32:34,520-INFO-root-27284::webapp_internal::input_value|2941:: Looking for element: ZV3_DTINI
2025-12-15 10:32:34,724-INFO-root-27284::webapp_internal::input_value|2951:: Element: ZV3_DTINI Found!
2025-12-15 10:32:34,724-INFO-root-27284::webapp_internal::input_value|2953:: Filling element: ZV3_DTINI
2025-12-15 10:32:34,769-DEBUG-root-27284::webapp_internal::get_web_value|3232:: Current value:   /  /    
2025-12-15 10:32:34,816-DEBUG-root-27284::base::double_click|259:: Click Type: ClickType.SELENIUM
2025-12-15 10:32:35,088-DEBUG-root-27284::webapp_internal::wait_blocker|2444:: Waiting blocker to continue...
2025-12-15 10:32:35,227-DEBUG-root-27284::webapp_internal::wait_blocker|2469:: Blocker status: False
2025-12-15 10:32:35,567-DEBUG-root-27284::webapp_internal::get_web_value|3232:: Current value: 20/12/2025
2025-12-15 10:32:35,568-INFO-root-27284::webapp_internal::input_value|3059:: Current field value: 20122025
2025-12-15 10:32:35,581-DEBUG-root-27284::webapp_internal::wait_blocker|2444:: Waiting blocker to continue...
2025-12-15 10:32:35,739-DEBUG-root-27284::webapp_internal::wait_blocker|2469:: Blocker status: False
2025-12-15 10:32:35,739-DEBUG-root-27284::webapp_internal::wait_element|7623:: Waiting for element
2025-12-15 10:32:35,829-DEBUG-root-27284::webapp_internal::wait_element|7653:: Element found! Waiting for element to be displayed.
2025-12-15 10:32:35,975-INFO-root-27284::webapp_internal::input_value|2941:: Looking for element: ZV3_DTFIM
2025-12-15 10:32:36,168-INFO-root-27284::webapp_internal::input_value|2951:: Element: ZV3_DTFIM Found!
2025-12-15 10:32:36,168-INFO-root-27284::webapp_internal::input_value|2953:: Filling element: ZV3_DTFIM
2025-12-15 10:32:36,213-DEBUG-root-27284::webapp_internal::get_web_value|3232:: Current value:   /  /    
2025-12-15 10:32:36,267-DEBUG-root-27284::base::double_click|259:: Click Type: ClickType.SELENIUM
2025-12-15 10:32:36,531-DEBUG-root-27284::webapp_internal::wait_blocker|2444:: Waiting blocker to continue...
2025-12-15 10:32:36,699-DEBUG-root-27284::webapp_internal::wait_blocker|2469:: Blocker status: False
2025-12-15 10:32:37,047-DEBUG-root-27284::webapp_internal::get_web_value|3232:: Current value: 25/12/2025
2025-12-15 10:32:37,047-INFO-root-27284::webapp_internal::input_value|3059:: Current field value: 25122025
2025-12-15 10:32:38,063-DEBUG-root-27284::webapp_internal::wait_blocker|2444:: Waiting blocker to continue...
2025-12-15 10:32:38,200-DEBUG-root-27284::webapp_internal::wait_blocker|2469:: Blocker status: False
2025-12-15 10:32:38,201-DEBUG-root-27284::webapp_internal::wait_element|7623:: Waiting for element
2025-12-15 10:32:38,304-DEBUG-root-27284::webapp_internal::wait_element|7653:: Element found! Waiting for element to be displayed.
2025-12-15 10:32:38,372-INFO-root-27284::webapp_internal::input_value|2941:: Looking for element: ZV3_CC
2025-12-15 10:32:38,564-INFO-root-27284::webapp_internal::input_value|2951:: Element: ZV3_CC Found!
2025-12-15 10:32:38,565-INFO-root-27284::webapp_internal::input_value|2953:: Filling element: ZV3_CC
2025-12-15 10:32:38,589-DEBUG-root-27284::webapp_internal::get_web_value|3232:: Current value:          
2025-12-15 10:32:38,632-DEBUG-root-27284::base::double_click|259:: Click Type: ClickType.SELENIUM
2025-12-15 10:32:38,897-DEBUG-root-27284::webapp_internal::wait_blocker|2444:: Waiting blocker to continue...
2025-12-15 10:32:39,050-DEBUG-root-27284::webapp_internal::wait_blocker|2469:: Blocker status: False
2025-12-15 10:32:39,388-DEBUG-root-27284::webapp_internal::get_web_value|3232:: Current value: 000000677
2025-12-15 10:32:39,388-INFO-root-27284::webapp_internal::input_value|3059:: Current field value: 000000677
2025-12-15 10:32:39,400-DEBUG-root-27284::webapp_internal::wait_blocker|2444:: Waiting blocker to continue...
2025-12-15 10:32:39,582-DEBUG-root-27284::webapp_internal::wait_blocker|2469:: Blocker status: False
2025-12-15 10:32:39,582-DEBUG-root-27284::webapp_internal::wait_element|7623:: Waiting for element
2025-12-15 10:32:39,680-DEBUG-root-27284::webapp_internal::wait_element|7653:: Element found! Waiting for element to be displayed.
2025-12-15 10:32:39,754-INFO-root-27284::webapp_internal::input_value|2941:: Looking for element: ZV3_TIPO
2025-12-15 10:32:39,937-INFO-root-27284::webapp_internal::input_value|2951:: Element: ZV3_TIPO Found!
2025-12-15 10:32:39,938-INFO-root-27284::webapp_internal::input_value|2953:: Filling element: ZV3_TIPO
2025-12-15 10:32:41,154-INFO-root-27284::base::select_combo|871:: Selected value for combo is: 1 - Servico
2025-12-15 10:32:41,204-DEBUG-root-27284::webapp_internal::wait_blocker|2444:: Waiting blocker to continue...
2025-12-15 10:32:41,356-DEBUG-root-27284::webapp_internal::wait_blocker|2469:: Blocker status: False
2025-12-15 10:32:41,356-DEBUG-root-27284::webapp_internal::wait_element|7623:: Waiting for element
2025-12-15 10:32:41,447-DEBUG-root-27284::webapp_internal::wait_element|7653:: Element found! Waiting for element to be displayed.
2025-12-15 10:32:41,519-INFO-root-27284::webapp_internal::input_value|2941:: Looking for element: ZV3_OBS
2025-12-15 10:32:41,739-INFO-root-27284::webapp_internal::input_value|2951:: Element: ZV3_OBS Found!
2025-12-15 10:32:41,739-INFO-root-27284::webapp_internal::input_value|2953:: Filling element: ZV3_OBS
2025-12-15 10:32:41,780-DEBUG-root-27284::webapp_internal::get_web_value|3232:: Current value: 
2025-12-15 10:32:41,816-DEBUG-root-27284::base::double_click|259:: Click Type: ClickType.SELENIUM
2025-12-15 10:32:42,073-DEBUG-root-27284::webapp_internal::wait_blocker|2444:: Waiting blocker to continue...
2025-12-15 10:32:42,213-DEBUG-root-27284::webapp_internal::wait_blocker|2469:: Blocker status: False
2025-12-15 10:32:42,566-DEBUG-root-27284::webapp_internal::get_web_value|3232:: Current value: TESTE DE SOLICITAÇÃO DE VIAGEM
2025-12-15 10:32:42,566-INFO-root-27284::webapp_internal::input_value|3059:: Current field value: TESTE DE SOLICITAÇÃO DE VIAGEM
2025-12-15 10:32:42,582-DEBUG-root-27284::webapp_internal::wait_blocker|2444:: Waiting blocker to continue...
2025-12-15 10:32:42,722-DEBUG-root-27284::webapp_internal::wait_blocker|2469:: Blocker status: False
2025-12-15 10:32:42,722-INFO-root-27284::webapp_internal::SetKey|5822:: Key pressed: TAB
2025-12-15 10:32:42,724-DEBUG-root-27284::webapp_internal::SetKey|5857:: Trying press key
2025-12-15 10:32:42,869-DEBUG-root-27284::webapp_internal::wait_blocker|2444:: Waiting blocker to continue...
2025-12-15 10:32:43,002-DEBUG-root-27284::webapp_internal::wait_blocker|2469:: Blocker status: False
2025-12-15 10:32:43,032-DEBUG-root-27284::webapp_internal::wait_blocker|2444:: Waiting blocker to continue...
2025-12-15 10:32:43,172-DEBUG-root-27284::webapp_internal::wait_blocker|2469:: Blocker status: False
2025-12-15 10:32:43,172-DEBUG-root-27284::webapp_internal::send_action|10480:: Trying to send action
2025-12-15 10:32:44,221-DEBUG-root-27284::webapp_internal::send_action|10522:: send_action method result = True
2025-12-15 10:32:44,221-DEBUG-root-27284::webapp_internal::send_action|10523:: send_action selenium status: False
2025-12-15 10:32:44,221-DEBUG-root-27284::webapp_internal::wait_element|7623:: Waiting for element
2025-12-15 10:32:44,335-DEBUG-root-27284::webapp_internal::wait_element|7653:: Element found! Waiting for element to be displayed.
2025-12-15 10:32:44,611-DEBUG-root-27284::webapp_internal::wait_blocker|2444:: Waiting blocker to continue...
2025-12-15 10:32:44,747-DEBUG-root-27284::webapp_internal::wait_blocker|2469:: Blocker status: False
2025-12-15 10:32:44,747-INFO-root-27284::webapp_internal::LoadGrid|6298:: Filling grid field: Favorecido
2025-12-15 10:32:44,748-DEBUG-root-27284::webapp_internal::fill_grid|6399:: Grid loading...
2025-12-15 10:32:44,918-DEBUG-root-27284::webapp_internal::fill_grid|6466:: Column found!
2025-12-15 10:32:44,960-DEBUG-root-27284::base::click|192:: Click Type: ClickType.ACTIONCHAINS
2025-12-15 10:32:45,262-DEBUG-root-27284::webapp_internal::fill_grid|6486:: Trying to select cell in grid!
2025-12-15 10:32:45,265-DEBUG-root-27284::base::click|192:: Click Type: ClickType.ACTIONCHAINS
2025-12-15 10:32:45,548-DEBUG-root-27284::webapp_internal::fill_grid|6486:: Trying to select cell in grid!
2025-12-15 10:32:45,550-DEBUG-root-27284::base::click|192:: Click Type: ClickType.ACTIONCHAINS
2025-12-15 10:32:45,844-DEBUG-root-27284::webapp_internal::fill_grid|6486:: Trying to select cell in grid!
2025-12-15 10:32:45,847-DEBUG-root-27284::base::click|192:: Click Type: ClickType.ACTIONCHAINS
2025-12-15 10:32:46,136-DEBUG-root-27284::webapp_internal::fill_grid|6486:: Trying to select cell in grid!
2025-12-15 10:32:46,138-DEBUG-root-27284::base::click|192:: Click Type: ClickType.ACTIONCHAINS
2025-12-15 10:32:46,445-DEBUG-root-27284::webapp_internal::fill_grid|6486:: Trying to select cell in grid!
2025-12-15 10:32:46,448-DEBUG-root-27284::base::click|192:: Click Type: ClickType.ACTIONCHAINS
2025-12-15 10:32:46,736-DEBUG-root-27284::webapp_internal::fill_grid|6486:: Trying to select cell in grid!
2025-12-15 10:32:46,737-DEBUG-root-27284::base::click|192:: Click Type: ClickType.ACTIONCHAINS
2025-12-15 10:32:47,032-DEBUG-root-27284::webapp_internal::fill_grid|6486:: Trying to select cell in grid!
2025-12-15 10:32:47,035-DEBUG-root-27284::base::click|192:: Click Type: ClickType.ACTIONCHAINS
2025-12-15 10:32:47,321-DEBUG-root-27284::webapp_internal::fill_grid|6486:: Trying to select cell in grid!
2025-12-15 10:32:47,327-DEBUG-root-27284::base::click|192:: Click Type: ClickType.ACTIONCHAINS
2025-12-15 10:32:47,617-DEBUG-root-27284::webapp_internal::fill_grid|6486:: Trying to select cell in grid!
2025-12-15 10:32:47,619-DEBUG-root-27284::base::click|192:: Click Type: ClickType.ACTIONCHAINS
2025-12-15 10:32:47,902-DEBUG-root-27284::webapp_internal::fill_grid|6486:: Trying to select cell in grid!
2025-12-15 10:32:47,904-DEBUG-root-27284::base::click|192:: Click Type: ClickType.ACTIONCHAINS
2025-12-15 10:32:48,189-DEBUG-root-27284::webapp_internal::fill_grid|6486:: Trying to select cell in grid!
2025-12-15 10:32:48,194-DEBUG-root-27284::base::click|192:: Click Type: ClickType.ACTIONCHAINS
2025-12-15 10:32:48,485-DEBUG-root-27284::webapp_internal::fill_grid|6486:: Trying to select cell in grid!
2025-12-15 10:32:48,487-DEBUG-root-27284::base::click|192:: Click Type: ClickType.ACTIONCHAINS
2025-12-15 10:32:48,788-DEBUG-root-27284::webapp_internal::fill_grid|6486:: Trying to select cell in grid!
2025-12-15 10:32:48,796-DEBUG-root-27284::base::click|192:: Click Type: ClickType.ACTIONCHAINS
2025-12-15 10:32:49,089-DEBUG-root-27284::webapp_internal::fill_grid|6486:: Trying to select cell in grid!
2025-12-15 10:32:49,096-DEBUG-root-27284::base::click|192:: Click Type: ClickType.ACTIONCHAINS
2025-12-15 10:32:49,383-DEBUG-root-27284::webapp_internal::fill_grid|6486:: Trying to select cell in grid!
2025-12-15 10:32:49,385-DEBUG-root-27284::base::click|192:: Click Type: ClickType.ACTIONCHAINS
2025-12-15 10:32:49,652-DEBUG-root-27284::webapp_internal::fill_grid|6486:: Trying to select cell in grid!
2025-12-15 10:32:49,654-DEBUG-root-27284::base::click|192:: Click Type: ClickType.ACTIONCHAINS
2025-12-15 10:32:49,947-DEBUG-root-27284::webapp_internal::fill_grid|6486:: Trying to select cell in grid!
2025-12-15 10:32:49,949-DEBUG-root-27284::base::click|192:: Click Type: ClickType.ACTIONCHAINS
2025-12-15 10:32:50,239-DEBUG-root-27284::webapp_internal::fill_grid|6486:: Trying to select cell in grid!
2025-12-15 10:32:50,245-DEBUG-root-27284::base::click|192:: Click Type: ClickType.ACTIONCHAINS
2025-12-15 10:32:50,537-DEBUG-root-27284::webapp_internal::fill_grid|6486:: Trying to select cell in grid!
2025-12-15 10:32:50,538-DEBUG-root-27284::base::click|192:: Click Type: ClickType.ACTIONCHAINS
2025-12-15 10:32:50,836-DEBUG-root-27284::webapp_internal::fill_grid|6486:: Trying to select cell in grid!
2025-12-15 10:32:50,838-DEBUG-root-27284::base::click|192:: Click Type: ClickType.ACTIONCHAINS
2025-12-15 10:32:51,128-DEBUG-root-27284::webapp_internal::fill_grid|6486:: Trying to select cell in grid!
2025-12-15 10:32:51,131-DEBUG-root-27284::base::click|192:: Click Type: ClickType.ACTIONCHAINS
2025-12-15 10:32:51,419-DEBUG-root-27284::webapp_internal::fill_grid|6486:: Trying to select cell in grid!
2025-12-15 10:32:51,422-DEBUG-root-27284::base::click|192:: Click Type: ClickType.ACTIONCHAINS
2025-12-15 10:32:51,718-DEBUG-root-27284::webapp_internal::fill_grid|6486:: Trying to select cell in grid!
2025-12-15 10:32:51,720-DEBUG-root-27284::base::click|192:: Click Type: ClickType.ACTIONCHAINS
2025-12-15 10:32:52,021-DEBUG-root-27284::webapp_internal::fill_grid|6486:: Trying to select cell in grid!
2025-12-15 10:32:52,028-DEBUG-root-27284::base::click|192:: Click Type: ClickType.ACTIONCHAINS
2025-12-15 10:32:52,316-DEBUG-root-27284::webapp_internal::fill_grid|6486:: Trying to select cell in grid!
2025-12-15 10:32:52,318-DEBUG-root-27284::base::click|192:: Click Type: ClickType.ACTIONCHAINS
2025-12-15 10:32:52,611-DEBUG-root-27284::webapp_internal::fill_grid|6486:: Trying to select cell in grid!
2025-12-15 10:32:52,613-DEBUG-root-27284::base::click|192:: Click Type: ClickType.ACTIONCHAINS
2025-12-15 10:32:52,905-DEBUG-root-27284::webapp_internal::fill_grid|6486:: Trying to select cell in grid!
2025-12-15 10:32:52,911-DEBUG-root-27284::base::click|192:: Click Type: ClickType.ACTIONCHAINS
2025-12-15 10:32:53,202-DEBUG-root-27284::webapp_internal::fill_grid|6486:: Trying to select cell in grid!
2025-12-15 10:32:53,204-DEBUG-root-27284::base::click|192:: Click Type: ClickType.ACTIONCHAINS
2025-12-15 10:32:53,502-DEBUG-root-27284::webapp_internal::fill_grid|6486:: Trying to select cell in grid!
2025-12-15 10:32:53,504-DEBUG-root-27284::base::click|192:: Click Type: ClickType.ACTIONCHAINS
2025-12-15 10:32:53,798-DEBUG-root-27284::webapp_internal::fill_grid|6486:: Trying to select cell in grid!
2025-12-15 10:32:53,800-DEBUG-root-27284::base::click|192:: Click Type: ClickType.ACTIONCHAINS
2025-12-15 10:32:54,089-DEBUG-root-27284::webapp_internal::fill_grid|6486:: Trying to select cell in grid!
2025-12-15 10:32:54,095-DEBUG-root-27284::base::click|192:: Click Type: ClickType.ACTIONCHAINS
2025-12-15 10:32:54,387-DEBUG-root-27284::webapp_internal::fill_grid|6486:: Trying to select cell in grid!
2025-12-15 10:32:54,389-DEBUG-root-27284::base::click|192:: Click Type: ClickType.ACTIONCHAINS
2025-12-15 10:32:54,656-DEBUG-root-27284::webapp_internal::fill_grid|6486:: Trying to select cell in grid!
2025-12-15 10:32:54,661-DEBUG-root-27284::base::click|192:: Click Type: ClickType.ACTIONCHAINS
2025-12-15 10:32:54,951-DEBUG-root-27284::webapp_internal::fill_grid|6486:: Trying to select cell in grid!
2025-12-15 10:32:54,954-DEBUG-root-27284::base::click|192:: Click Type: ClickType.ACTIONCHAINS
2025-12-15 10:32:55,247-DEBUG-root-27284::webapp_internal::fill_grid|6486:: Trying to select cell in grid!
2025-12-15 10:32:55,249-DEBUG-root-27284::base::click|192:: Click Type: ClickType.ACTIONCHAINS
2025-12-15 10:32:55,536-DEBUG-root-27284::webapp_internal::fill_grid|6486:: Trying to select cell in grid!
2025-12-15 10:32:55,538-DEBUG-root-27284::base::click|192:: Click Type: ClickType.ACTIONCHAINS
2025-12-15 10:32:55,832-DEBUG-root-27284::webapp_internal::fill_grid|6486:: Trying to select cell in grid!
2025-12-15 10:32:55,836-DEBUG-root-27284::base::click|192:: Click Type: ClickType.ACTIONCHAINS
2025-12-15 10:32:56,130-DEBUG-root-27284::webapp_internal::fill_grid|6486:: Trying to select cell in grid!
2025-12-15 10:32:56,132-DEBUG-root-27284::base::click|192:: Click Type: ClickType.ACTIONCHAINS
2025-12-15 10:32:56,419-DEBUG-root-27284::webapp_internal::fill_grid|6486:: Trying to select cell in grid!
2025-12-15 10:32:56,421-DEBUG-root-27284::base::click|192:: Click Type: ClickType.ACTIONCHAINS
2025-12-15 10:32:56,718-DEBUG-root-27284::webapp_internal::fill_grid|6486:: Trying to select cell in grid!
2025-12-15 10:32:56,720-DEBUG-root-27284::base::click|192:: Click Type: ClickType.ACTIONCHAINS
2025-12-15 10:32:57,005-DEBUG-root-27284::webapp_internal::fill_grid|6486:: Trying to select cell in grid!
2025-12-15 10:32:57,011-DEBUG-root-27284::base::click|192:: Click Type: ClickType.ACTIONCHAINS
2025-12-15 10:32:57,301-DEBUG-root-27284::webapp_internal::fill_grid|6486:: Trying to select cell in grid!
2025-12-15 10:32:57,303-DEBUG-root-27284::base::click|192:: Click Type: ClickType.ACTIONCHAINS
2025-12-15 10:32:57,598-DEBUG-root-27284::webapp_internal::fill_grid|6486:: Trying to select cell in grid!
2025-12-15 10:32:57,599-DEBUG-root-27284::base::click|192:: Click Type: ClickType.ACTIONCHAINS
2025-12-15 10:32:57,894-DEBUG-root-27284::webapp_internal::fill_grid|6486:: Trying to select cell in grid!
2025-12-15 10:32:57,897-DEBUG-root-27284::base::click|192:: Click Type: ClickType.ACTIONCHAINS
2025-12-15 10:32:58,185-DEBUG-root-27284::webapp_internal::fill_grid|6486:: Trying to select cell in grid!
2025-12-15 10:32:58,187-DEBUG-root-27284::base::click|192:: Click Type: ClickType.ACTIONCHAINS
2025-12-15 10:32:58,481-DEBUG-root-27284::webapp_internal::fill_grid|6486:: Trying to select cell in grid!
2025-12-15 10:32:58,484-DEBUG-root-27284::base::click|192:: Click Type: ClickType.ACTIONCHAINS
2025-12-15 10:32:58,770-DEBUG-root-27284::webapp_internal::fill_grid|6486:: Trying to select cell in grid!
2025-12-15 10:32:58,772-DEBUG-root-27284::base::click|192:: Click Type: ClickType.ACTIONCHAINS
2025-12-15 10:32:59,068-DEBUG-root-27284::webapp_internal::fill_grid|6486:: Trying to select cell in grid!
2025-12-15 10:32:59,070-DEBUG-root-27284::base::click|192:: Click Type: ClickType.ACTIONCHAINS
2025-12-15 10:32:59,361-DEBUG-root-27284::webapp_internal::fill_grid|6486:: Trying to select cell in grid!
2025-12-15 10:32:59,364-DEBUG-root-27284::base::click|192:: Click Type: ClickType.ACTIONCHAINS
2025-12-15 10:32:59,627-DEBUG-root-27284::webapp_internal::fill_grid|6486:: Trying to select cell in grid!
2025-12-15 10:32:59,630-DEBUG-root-27284::base::click|192:: Click Type: ClickType.ACTIONCHAINS
2025-12-15 10:32:59,917-DEBUG-root-27284::webapp_internal::fill_grid|6486:: Trying to select cell in grid!
2025-12-15 10:32:59,919-DEBUG-root-27284::base::click|192:: Click Type: ClickType.ACTIONCHAINS
2025-12-15 10:33:00,217-DEBUG-root-27284::webapp_internal::fill_grid|6486:: Trying to select cell in grid!
2025-12-15 10:33:00,219-DEBUG-root-27284::base::click|192:: Click Type: ClickType.ACTIONCHAINS
2025-12-15 10:33:00,514-DEBUG-root-27284::webapp_internal::fill_grid|6486:: Trying to select cell in grid!
2025-12-15 10:33:00,516-DEBUG-root-27284::base::click|192:: Click Type: ClickType.ACTIONCHAINS
2025-12-15 10:33:00,802-DEBUG-root-27284::webapp_internal::fill_grid|6486:: Trying to select cell in grid!
2025-12-15 10:33:00,804-DEBUG-root-27284::base::click|192:: Click Type: ClickType.ACTIONCHAINS
2025-12-15 10:33:01,100-DEBUG-root-27284::webapp_internal::fill_grid|6486:: Trying to select cell in grid!
2025-12-15 10:33:01,103-DEBUG-root-27284::base::click|192:: Click Type: ClickType.ACTIONCHAINS
2025-12-15 10:33:01,389-DEBUG-root-27284::webapp_internal::fill_grid|6486:: Trying to select cell in grid!
2025-12-15 10:33:01,394-DEBUG-root-27284::base::click|192:: Click Type: ClickType.ACTIONCHAINS
2025-12-15 10:33:01,684-DEBUG-root-27284::webapp_internal::fill_grid|6486:: Trying to select cell in grid!
2025-12-15 10:33:01,686-DEBUG-root-27284::base::click|192:: Click Type: ClickType.ACTIONCHAINS
2025-12-15 10:33:01,965-DEBUG-root-27284::webapp_internal::fill_grid|6486:: Trying to select cell in grid!
2025-12-15 10:33:01,967-DEBUG-root-27284::base::click|192:: Click Type: ClickType.ACTIONCHAINS
2025-12-15 10:33:02,255-DEBUG-root-27284::webapp_internal::fill_grid|6486:: Trying to select cell in grid!
2025-12-15 10:33:02,261-DEBUG-root-27284::base::click|192:: Click Type: ClickType.ACTIONCHAINS
2025-12-15 10:33:02,553-DEBUG-root-27284::webapp_internal::fill_grid|6486:: Trying to select cell in grid!
2025-12-15 10:33:02,556-DEBUG-root-27284::base::click|192:: Click Type: ClickType.ACTIONCHAINS
2025-12-15 10:33:02,852-DEBUG-root-27284::webapp_internal::fill_grid|6486:: Trying to select cell in grid!
2025-12-15 10:33:02,856-DEBUG-root-27284::base::click|192:: Click Type: ClickType.ACTIONCHAINS
2025-12-15 10:33:03,151-DEBUG-root-27284::webapp_internal::fill_grid|6486:: Trying to select cell in grid!
2025-12-15 10:33:03,152-DEBUG-root-27284::base::click|192:: Click Type: ClickType.ACTIONCHAINS
2025-12-15 10:33:03,438-DEBUG-root-27284::webapp_internal::fill_grid|6486:: Trying to select cell in grid!
2025-12-15 10:33:03,444-DEBUG-root-27284::base::click|192:: Click Type: ClickType.ACTIONCHAINS
2025-12-15 10:33:03,735-DEBUG-root-27284::webapp_internal::fill_grid|6486:: Trying to select cell in grid!
2025-12-15 10:33:03,737-DEBUG-root-27284::base::click|192:: Click Type: ClickType.ACTIONCHAINS
2025-12-15 10:33:04,030-DEBUG-root-27284::webapp_internal::fill_grid|6486:: Trying to select cell in grid!
2025-12-15 10:33:04,033-DEBUG-root-27284::base::click|192:: Click Type: ClickType.ACTIONCHAINS
2025-12-15 10:33:04,317-DEBUG-root-27284::webapp_internal::fill_grid|6486:: Trying to select cell in grid!
2025-12-15 10:33:04,319-DEBUG-root-27284::base::click|192:: Click Type: ClickType.ACTIONCHAINS
2025-12-15 10:33:04,614-DEBUG-root-27284::webapp_internal::fill_grid|6486:: Trying to select cell in grid!
2025-12-15 10:33:04,616-DEBUG-root-27284::base::click|192:: Click Type: ClickType.ACTIONCHAINS
2025-12-15 10:33:04,902-DEBUG-root-27284::webapp_internal::fill_grid|6486:: Trying to select cell in grid!
2025-12-15 10:33:04,904-DEBUG-root-27284::base::click|192:: Click Type: ClickType.ACTIONCHAINS
2025-12-15 10:33:05,201-DEBUG-root-27284::webapp_internal::fill_grid|6486:: Trying to select cell in grid!
2025-12-15 10:33:05,204-DEBUG-root-27284::base::click|192:: Click Type: ClickType.ACTIONCHAINS
2025-12-15 10:33:05,497-DEBUG-root-27284::webapp_internal::fill_grid|6486:: Trying to select cell in grid!
2025-12-15 10:33:05,499-DEBUG-root-27284::base::click|192:: Click Type: ClickType.ACTIONCHAINS
2025-12-15 10:33:05,788-DEBUG-root-27284::webapp_internal::fill_grid|6486:: Trying to select cell in grid!
2025-12-15 10:33:05,794-DEBUG-root-27284::base::click|192:: Click Type: ClickType.ACTIONCHAINS
2025-12-15 10:33:06,086-DEBUG-root-27284::webapp_internal::fill_grid|6486:: Trying to select cell in grid!
2025-12-15 10:33:06,088-DEBUG-root-27284::base::click|192:: Click Type: ClickType.ACTIONCHAINS
2025-12-15 10:33:06,382-DEBUG-root-27284::webapp_internal::fill_grid|6486:: Trying to select cell in grid!
2025-12-15 10:33:06,384-DEBUG-root-27284::base::click|192:: Click Type: ClickType.ACTIONCHAINS
2025-12-15 10:33:06,671-DEBUG-root-27284::webapp_internal::fill_grid|6486:: Trying to select cell in grid!
2025-12-15 10:33:06,677-DEBUG-root-27284::base::click|192:: Click Type: ClickType.ACTIONCHAINS
2025-12-15 10:33:06,969-DEBUG-root-27284::webapp_internal::fill_grid|6486:: Trying to select cell in grid!
2025-12-15 10:33:06,971-DEBUG-root-27284::base::click|192:: Click Type: ClickType.ACTIONCHAINS
2025-12-15 10:33:07,272-DEBUG-root-27284::webapp_internal::fill_grid|6486:: Trying to select cell in grid!
2025-12-15 10:33:07,278-DEBUG-root-27284::base::click|192:: Click Type: ClickType.ACTIONCHAINS
2025-12-15 10:33:07,562-DEBUG-root-27284::webapp_internal::fill_grid|6486:: Trying to select cell in grid!
2025-12-15 10:33:07,564-DEBUG-root-27284::base::click|192:: Click Type: ClickType.ACTIONCHAINS
2025-12-15 10:33:07,850-DEBUG-root-27284::webapp_internal::fill_grid|6486:: Trying to select cell in grid!
2025-12-15 10:33:07,852-DEBUG-root-27284::base::click|192:: Click Type: ClickType.ACTIONCHAINS
2025-12-15 10:33:08,147-DEBUG-root-27284::webapp_internal::fill_grid|6486:: Trying to select cell in grid!
2025-12-15 10:33:08,149-DEBUG-root-27284::base::click|192:: Click Type: ClickType.ACTIONCHAINS
2025-12-15 10:33:08,438-DEBUG-root-27284::webapp_internal::fill_grid|6486:: Trying to select cell in grid!
2025-12-15 10:33:08,444-DEBUG-root-27284::base::click|192:: Click Type: ClickType.ACTIONCHAINS
2025-12-15 10:33:08,734-DEBUG-root-27284::webapp_internal::fill_grid|6486:: Trying to select cell in grid!
2025-12-15 10:33:08,736-DEBUG-root-27284::base::click|192:: Click Type: ClickType.ACTIONCHAINS
2025-12-15 10:33:09,032-DEBUG-root-27284::webapp_internal::fill_grid|6486:: Trying to select cell in grid!
2025-12-15 10:33:09,034-DEBUG-root-27284::base::click|192:: Click Type: ClickType.ACTIONCHAINS
2025-12-15 10:33:09,327-DEBUG-root-27284::webapp_internal::fill_grid|6486:: Trying to select cell in grid!
2025-12-15 10:33:09,330-DEBUG-root-27284::base::click|192:: Click Type: ClickType.ACTIONCHAINS
2025-12-15 10:33:09,618-DEBUG-root-27284::webapp_internal::fill_grid|6486:: Trying to select cell in grid!
2025-12-15 10:33:09,620-DEBUG-root-27284::base::click|192:: Click Type: ClickType.ACTIONCHAINS
2025-12-15 10:33:09,917-DEBUG-root-27284::webapp_internal::fill_grid|6486:: Trying to select cell in grid!
2025-12-15 10:33:09,919-DEBUG-root-27284::base::click|192:: Click Type: ClickType.ACTIONCHAINS
2025-12-15 10:33:10,211-DEBUG-root-27284::webapp_internal::fill_grid|6486:: Trying to select cell in grid!
2025-12-15 10:33:10,214-DEBUG-root-27284::base::click|192:: Click Type: ClickType.ACTIONCHAINS
2025-12-15 10:33:10,502-DEBUG-root-27284::webapp_internal::fill_grid|6486:: Trying to select cell in grid!
2025-12-15 10:33:10,504-DEBUG-root-27284::base::click|192:: Click Type: ClickType.ACTIONCHAINS
2025-12-15 10:33:10,801-DEBUG-root-27284::webapp_internal::fill_grid|6486:: Trying to select cell in grid!
2025-12-15 10:33:10,802-DEBUG-root-27284::base::click|192:: Click Type: ClickType.ACTIONCHAINS
2025-12-15 10:33:11,095-DEBUG-root-27284::webapp_internal::fill_grid|6486:: Trying to select cell in grid!
2025-12-15 10:33:11,097-DEBUG-root-27284::base::click|192:: Click Type: ClickType.ACTIONCHAINS
2025-12-15 10:33:11,389-DEBUG-root-27284::webapp_internal::fill_grid|6486:: Trying to select cell in grid!
2025-12-15 10:33:11,395-DEBUG-root-27284::base::click|192:: Click Type: ClickType.ACTIONCHAINS
2025-12-15 10:33:11,677-DEBUG-root-27284::webapp_internal::fill_grid|6486:: Trying to select cell in grid!
2025-12-15 10:33:11,680-DEBUG-root-27284::base::click|192:: Click Type: ClickType.ACTIONCHAINS
2025-12-15 10:33:11,967-DEBUG-root-27284::webapp_internal::fill_grid|6486:: Trying to select cell in grid!
2025-12-15 10:33:11,969-DEBUG-root-27284::base::click|192:: Click Type: ClickType.ACTIONCHAINS
2025-12-15 10:33:12,250-DEBUG-root-27284::webapp_internal::fill_grid|6486:: Trying to select cell in grid!
2025-12-15 10:33:12,252-DEBUG-root-27284::base::click|192:: Click Type: ClickType.ACTIONCHAINS
2025-12-15 10:33:12,545-DEBUG-root-27284::webapp_internal::fill_grid|6486:: Trying to select cell in grid!
2025-12-15 10:33:12,547-DEBUG-root-27284::base::click|192:: Click Type: ClickType.ACTIONCHAINS
2025-12-15 10:33:12,834-DEBUG-root-27284::webapp_internal::fill_grid|6486:: Trying to select cell in grid!
2025-12-15 10:33:12,836-DEBUG-root-27284::base::click|192:: Click Type: ClickType.ACTIONCHAINS
2025-12-15 10:33:13,131-DEBUG-root-27284::webapp_internal::fill_grid|6486:: Trying to select cell in grid!
2025-12-15 10:33:13,133-DEBUG-root-27284::base::click|192:: Click Type: ClickType.ACTIONCHAINS
2025-12-15 10:33:13,422-DEBUG-root-27284::webapp_internal::fill_grid|6486:: Trying to select cell in grid!
2025-12-15 10:33:13,428-DEBUG-root-27284::base::click|192:: Click Type: ClickType.ACTIONCHAINS
2025-12-15 10:33:13,717-DEBUG-root-27284::webapp_internal::fill_grid|6486:: Trying to select cell in grid!
2025-12-15 10:33:13,719-DEBUG-root-27284::base::click|192:: Click Type: ClickType.ACTIONCHAINS
2025-12-15 10:33:14,011-DEBUG-root-27284::webapp_internal::fill_grid|6486:: Trying to select cell in grid!
2025-12-15 10:33:14,014-DEBUG-root-27284::base::click|192:: Click Type: ClickType.ACTIONCHAINS
2025-12-15 10:33:14,301-DEBUG-root-27284::webapp_internal::fill_grid|6486:: Trying to select cell in grid!
2025-12-15 10:33:14,302-DEBUG-root-27284::base::click|192:: Click Type: ClickType.ACTIONCHAINS
2025-12-15 10:33:14,602-DEBUG-root-27284::webapp_internal::fill_grid|6486:: Trying to select cell in grid!
2025-12-15 10:33:14,604-DEBUG-root-27284::base::click|192:: Click Type: ClickType.ACTIONCHAINS
2025-12-15 10:33:14,897-DEBUG-root-27284::webapp_internal::fill_grid|6486:: Trying to select cell in grid!
2025-12-15 10:33:14,899-DEBUG-root-27284::base::click|192:: Click Type: ClickType.ACTIONCHAINS
2025-12-15 10:33:15,188-DEBUG-root-27284::webapp_internal::fill_grid|6486:: Trying to select cell in grid!
2025-12-15 10:33:15,189-DEBUG-root-27284::base::click|192:: Click Type: ClickType.ACTIONCHAINS
2025-12-15 10:33:15,487-DEBUG-root-27284::webapp_internal::fill_grid|6486:: Trying to select cell in grid!
2025-12-15 10:33:15,489-DEBUG-root-27284::base::click|192:: Click Type: ClickType.ACTIONCHAINS
2025-12-15 10:33:15,781-DEBUG-root-27284::webapp_internal::fill_grid|6486:: Trying to select cell in grid!
2025-12-15 10:33:15,783-DEBUG-root-27284::base::click|192:: Click Type: ClickType.ACTIONCHAINS
2025-12-15 10:33:16,078-DEBUG-root-27284::webapp_internal::fill_grid|6486:: Trying to select cell in grid!
2025-12-15 10:33:16,080-DEBUG-root-27284::base::click|192:: Click Type: ClickType.ACTIONCHAINS
2025-12-15 10:33:16,369-DEBUG-root-27284::webapp_internal::fill_grid|6486:: Trying to select cell in grid!
2025-12-15 10:33:16,370-DEBUG-root-27284::base::click|192:: Click Type: ClickType.ACTIONCHAINS
2025-12-15 10:33:16,668-DEBUG-root-27284::webapp_internal::fill_grid|6486:: Trying to select cell in grid!
2025-12-15 10:33:16,670-DEBUG-root-27284::base::click|192:: Click Type: ClickType.ACTIONCHAINS
2025-12-15 10:33:16,962-DEBUG-root-27284::webapp_internal::fill_grid|6486:: Trying to select cell in grid!
2025-12-15 10:33:16,965-DEBUG-root-27284::base::click|192:: Click Type: ClickType.ACTIONCHAINS
2025-12-15 10:33:17,252-DEBUG-root-27284::webapp_internal::fill_grid|6486:: Trying to select cell in grid!
2025-12-15 10:33:17,255-DEBUG-root-27284::base::click|192:: Click Type: ClickType.ACTIONCHAINS
2025-12-15 10:33:17,552-DEBUG-root-27284::webapp_internal::fill_grid|6486:: Trying to select cell in grid!
2025-12-15 10:33:17,555-DEBUG-root-27284::base::click|192:: Click Type: ClickType.ACTIONCHAINS
2025-12-15 10:33:17,844-DEBUG-root-27284::webapp_internal::fill_grid|6486:: Trying to select cell in grid!
2025-12-15 10:33:17,847-DEBUG-root-27284::base::click|192:: Click Type: ClickType.ACTIONCHAINS
2025-12-15 10:33:18,135-DEBUG-root-27284::webapp_internal::fill_grid|6486:: Trying to select cell in grid!
2025-12-15 10:33:18,137-DEBUG-root-27284::base::click|192:: Click Type: ClickType.ACTIONCHAINS
2025-12-15 10:33:18,433-DEBUG-root-27284::webapp_internal::fill_grid|6486:: Trying to select cell in grid!
2025-12-15 10:33:18,435-DEBUG-root-27284::base::click|192:: Click Type: ClickType.ACTIONCHAINS
2025-12-15 10:33:18,722-DEBUG-root-27284::webapp_internal::fill_grid|6486:: Trying to select cell in grid!
2025-12-15 10:33:18,727-DEBUG-root-27284::base::click|192:: Click Type: ClickType.ACTIONCHAINS
2025-12-15 10:33:19,017-DEBUG-root-27284::webapp_internal::fill_grid|6486:: Trying to select cell in grid!
2025-12-15 10:33:19,020-DEBUG-root-27284::base::click|192:: Click Type: ClickType.ACTIONCHAINS
2025-12-15 10:33:19,317-DEBUG-root-27284::webapp_internal::fill_grid|6486:: Trying to select cell in grid!
2025-12-15 10:33:19,319-DEBUG-root-27284::base::click|192:: Click Type: ClickType.ACTIONCHAINS
2025-12-15 10:33:19,613-DEBUG-root-27284::webapp_internal::fill_grid|6486:: Trying to select cell in grid!
2025-12-15 10:33:19,616-DEBUG-root-27284::base::click|192:: Click Type: ClickType.ACTIONCHAINS
2025-12-15 10:33:19,905-DEBUG-root-27284::webapp_internal::fill_grid|6486:: Trying to select cell in grid!
2025-12-15 10:33:19,911-DEBUG-root-27284::base::click|192:: Click Type: ClickType.ACTIONCHAINS
2025-12-15 10:33:20,201-DEBUG-root-27284::webapp_internal::fill_grid|6486:: Trying to select cell in grid!
2025-12-15 10:33:20,203-DEBUG-root-27284::base::click|192:: Click Type: ClickType.ACTIONCHAINS
2025-12-15 10:33:20,488-DEBUG-root-27284::webapp_internal::fill_grid|6486:: Trying to select cell in grid!
2025-12-15 10:33:20,494-DEBUG-root-27284::base::click|192:: Click Type: ClickType.ACTIONCHAINS
2025-12-15 10:33:20,786-DEBUG-root-27284::webapp_internal::fill_grid|6486:: Trying to select cell in grid!
2025-12-15 10:33:20,788-DEBUG-root-27284::base::click|192:: Click Type: ClickType.ACTIONCHAINS
2025-12-15 10:33:21,082-DEBUG-root-27284::webapp_internal::fill_grid|6486:: Trying to select cell in grid!
2025-12-15 10:33:21,084-DEBUG-root-27284::base::click|192:: Click Type: ClickType.ACTIONCHAINS
2025-12-15 10:33:21,368-DEBUG-root-27284::webapp_internal::fill_grid|6486:: Trying to select cell in grid!
2025-12-15 10:33:21,370-DEBUG-root-27284::base::click|192:: Click Type: ClickType.ACTIONCHAINS
2025-12-15 10:33:21,666-DEBUG-root-27284::webapp_internal::fill_grid|6486:: Trying to select cell in grid!
2025-12-15 10:33:21,668-DEBUG-root-27284::base::click|192:: Click Type: ClickType.ACTIONCHAINS
2025-12-15 10:33:21,961-DEBUG-root-27284::webapp_internal::fill_grid|6486:: Trying to select cell in grid!
2025-12-15 10:33:21,963-DEBUG-root-27284::base::click|192:: Click Type: ClickType.ACTIONCHAINS
2025-12-15 10:33:22,250-DEBUG-root-27284::webapp_internal::fill_grid|6486:: Trying to select cell in grid!
2025-12-15 10:33:22,252-DEBUG-root-27284::base::click|192:: Click Type: ClickType.ACTIONCHAINS
2025-12-15 10:33:22,552-DEBUG-root-27284::webapp_internal::fill_grid|6486:: Trying to select cell in grid!
2025-12-15 10:33:22,554-DEBUG-root-27284::base::click|192:: Click Type: ClickType.ACTIONCHAINS
2025-12-15 10:33:22,847-DEBUG-root-27284::webapp_internal::fill_grid|6486:: Trying to select cell in grid!
2025-12-15 10:33:22,849-DEBUG-root-27284::base::click|192:: Click Type: ClickType.ACTIONCHAINS
2025-12-15 10:33:23,139-DEBUG-root-27284::webapp_internal::fill_grid|6486:: Trying to select cell in grid!
2025-12-15 10:33:23,144-DEBUG-root-27284::base::click|192:: Click Type: ClickType.ACTIONCHAINS
2025-12-15 10:33:23,436-DEBUG-root-27284::webapp_internal::fill_grid|6486:: Trying to select cell in grid!
2025-12-15 10:33:23,438-DEBUG-root-27284::base::click|192:: Click Type: ClickType.ACTIONCHAINS
2025-12-15 10:33:23,733-DEBUG-root-27284::webapp_internal::fill_grid|6486:: Trying to select cell in grid!
2025-12-15 10:33:23,736-DEBUG-root-27284::base::click|192:: Click Type: ClickType.ACTIONCHAINS
2025-12-15 10:33:24,028-DEBUG-root-27284::webapp_internal::fill_grid|6486:: Trying to select cell in grid!
2025-12-15 10:33:24,030-DEBUG-root-27284::base::click|192:: Click Type: ClickType.ACTIONCHAINS
2025-12-15 10:33:24,317-DEBUG-root-27284::webapp_internal::fill_grid|6486:: Trying to select cell in grid!
2025-12-15 10:33:24,320-DEBUG-root-27284::base::click|192:: Click Type: ClickType.ACTIONCHAINS
2025-12-15 10:33:24,614-DEBUG-root-27284::webapp_internal::fill_grid|6486:: Trying to select cell in grid!
2025-12-15 10:33:24,616-DEBUG-root-27284::base::click|192:: Click Type: ClickType.ACTIONCHAINS
2025-12-15 10:33:24,907-DEBUG-root-27284::webapp_internal::fill_grid|6486:: Trying to select cell in grid!
2025-12-15 10:33:24,911-DEBUG-root-27284::base::click|192:: Click Type: ClickType.ACTIONCHAINS
2025-12-15 10:33:25,202-DEBUG-root-27284::webapp_internal::fill_grid|6486:: Trying to select cell in grid!
2025-12-15 10:33:25,204-DEBUG-root-27284::base::click|192:: Click Type: ClickType.ACTIONCHAINS
2025-12-15 10:33:30,629-DEBUG-root-27284::webapp_internal::fill_grid|6498:: Trying open cell in grid!
2025-12-15 10:33:30,902-DEBUG-root-27284::webapp_internal::wait_blocker|2444:: Waiting blocker to continue...
2025-12-15 10:33:31,130-DEBUG-root-27284::webapp_internal::wait_blocker|2469:: Blocker status: False
2025-12-15 10:33:31,346-DEBUG-root-27284::webapp_internal::wait_element_timeout|7726:: Element found! Waiting for element to be displayed.
2025-12-15 10:33:31,829-DEBUG-root-27284::webapp_internal::fill_grid|6577:: Sending keys: 227884
2025-12-15 10:33:32,148-DEBUG-root-27284::webapp_internal::wait_blocker|2444:: Waiting blocker to continue...
2025-12-15 10:33:32,305-DEBUG-root-27284::webapp_internal::wait_blocker|2469:: Blocker status: False
2025-12-15 10:33:32,477-DEBUG-root-27284::webapp_internal::wait_element_timeout|7726:: Element found! Waiting for element to be displayed.
2025-12-15 10:33:32,811-INFO-root-27284::webapp_internal::ClickFolder|5081:: Clicking on folder: Transporte
2025-12-15 10:33:32,812-DEBUG-root-27284::webapp_internal::wait_blocker|2444:: Waiting blocker to continue...
2025-12-15 10:33:32,970-DEBUG-root-27284::webapp_internal::wait_blocker|2469:: Blocker status: False
2025-12-15 10:33:33,012-DEBUG-root-27284::webapp_internal::wait_element|7623:: Waiting for element
2025-12-15 10:33:33,364-DEBUG-root-27284::webapp_internal::wait_element|7653:: Element found! Waiting for element to be displayed.
2025-12-15 10:33:35,005-DEBUG-root-27284::webapp_internal::wait_blocker|2444:: Waiting blocker to continue...
2025-12-15 10:33:35,216-DEBUG-root-27284::webapp_internal::wait_blocker|2469:: Blocker status: False
2025-12-15 10:33:35,216-INFO-root-27284::webapp_internal::SetKey|5822:: Key pressed: TAB
2025-12-15 10:33:35,216-DEBUG-root-27284::webapp_internal::SetKey|5857:: Trying press key
2025-12-15 10:33:35,217-DEBUG-root-27284::webapp_internal::wait_element|7623:: Waiting for element
2025-12-15 10:33:35,366-DEBUG-root-27284::webapp_internal::wait_element|7653:: Element found! Waiting for element to be displayed.
2025-12-15 10:33:35,666-DEBUG-root-27284::webapp_internal::wait_blocker|2444:: Waiting blocker to continue...
2025-12-15 10:33:35,919-DEBUG-root-27284::webapp_internal::wait_blocker|2469:: Blocker status: False
2025-12-15 10:33:35,920-INFO-root-27284::webapp_internal::LoadGrid|6298:: Filling grid field: Tipo
2025-12-15 10:33:35,920-DEBUG-root-27284::webapp_internal::fill_grid|6399:: Grid loading...
2025-12-15 10:33:36,364-DEBUG-root-27284::webapp_internal::fill_grid|6466:: Column found!
2025-12-15 10:33:36,421-DEBUG-root-27284::base::click|192:: Click Type: ClickType.ACTIONCHAINS
2025-12-15 10:33:41,801-DEBUG-root-27284::webapp_internal::fill_grid|6498:: Trying open cell in grid!
2025-12-15 10:33:42,100-DEBUG-root-27284::webapp_internal::wait_blocker|2444:: Waiting blocker to continue...
2025-12-15 10:33:42,255-DEBUG-root-27284::webapp_internal::wait_blocker|2469:: Blocker status: False
2025-12-15 10:33:42,463-DEBUG-root-27284::webapp_internal::wait_element_timeout|7726:: Element found! Waiting for element to be displayed.
2025-12-15 10:33:43,880-INFO-root-27284::base::select_combo|871:: Selected value for combo is: 1 - Aereo
2025-12-15 10:33:44,064-DEBUG-root-27284::webapp_internal::wait_blocker|2444:: Waiting blocker to continue...
2025-12-15 10:33:44,215-DEBUG-root-27284::webapp_internal::wait_blocker|2469:: Blocker status: False
2025-12-15 10:33:44,245-DEBUG-root-27284::webapp_internal::wait_blocker|2444:: Waiting blocker to continue...
2025-12-15 10:33:44,400-DEBUG-root-27284::webapp_internal::wait_blocker|2469:: Blocker status: False
2025-12-15 10:33:44,401-DEBUG-root-27284::webapp_internal::send_action|10480:: Trying to send action
2025-12-15 10:33:45,445-DEBUG-root-27284::webapp_internal::send_action|10522:: send_action method result = True
2025-12-15 10:33:45,445-DEBUG-root-27284::webapp_internal::send_action|10523:: send_action selenium status: False
2025-12-15 10:33:45,446-DEBUG-root-27284::webapp_internal::wait_blocker|2444:: Waiting blocker to continue...
2025-12-15 10:33:45,618-DEBUG-root-27284::webapp_internal::wait_blocker|2469:: Blocker status: False
2025-12-15 10:33:45,618-INFO-root-27284::webapp_internal::SetKey|5822:: Key pressed: TAB
2025-12-15 10:33:45,618-DEBUG-root-27284::webapp_internal::SetKey|5857:: Trying press key
2025-12-15 10:33:45,618-DEBUG-root-27284::webapp_internal::wait_element|7623:: Waiting for element
2025-12-15 10:33:45,728-DEBUG-root-27284::webapp_internal::wait_element|7653:: Element found! Waiting for element to be displayed.
2025-12-15 10:33:46,034-DEBUG-root-27284::webapp_internal::wait_blocker|2444:: Waiting blocker to continue...
2025-12-15 10:33:46,184-DEBUG-root-27284::webapp_internal::wait_blocker|2469:: Blocker status: False
2025-12-15 10:33:46,184-INFO-root-27284::webapp_internal::LoadGrid|6298:: Filling grid field: Partida
2025-12-15 10:33:46,185-DEBUG-root-27284::webapp_internal::fill_grid|6399:: Grid loading...
2025-12-15 10:33:46,637-DEBUG-root-27284::webapp_internal::fill_grid|6466:: Column found!
2025-12-15 10:33:46,704-DEBUG-root-27284::base::click|192:: Click Type: ClickType.ACTIONCHAINS
2025-12-15 10:33:51,995-DEBUG-root-27284::webapp_internal::fill_grid|6498:: Trying open cell in grid!
2025-12-15 10:33:52,298-DEBUG-root-27284::webapp_internal::wait_blocker|2444:: Waiting blocker to continue...
2025-12-15 10:33:52,551-DEBUG-root-27284::webapp_internal::wait_blocker|2469:: Blocker status: False
2025-12-15 10:33:52,764-DEBUG-root-27284::webapp_internal::wait_element_timeout|7726:: Element found! Waiting for element to be displayed.
2025-12-15 10:33:53,166-DEBUG-root-27284::webapp_internal::fill_grid|6577:: Sending keys: 20/12/2025
2025-12-15 10:33:53,470-DEBUG-root-27284::webapp_internal::wait_blocker|2444:: Waiting blocker to continue...
2025-12-15 10:33:53,650-DEBUG-root-27284::webapp_internal::wait_blocker|2469:: Blocker status: False
2025-12-15 10:33:59,162-DEBUG-root-27284::webapp_internal::wait_blocker|2444:: Waiting blocker to continue...
2025-12-15 10:33:59,321-DEBUG-root-27284::webapp_internal::wait_blocker|2469:: Blocker status: False
2025-12-15 10:33:59,355-DEBUG-root-27284::webapp_internal::wait_blocker|2444:: Waiting blocker to continue...
2025-12-15 10:33:59,517-DEBUG-root-27284::webapp_internal::wait_blocker|2469:: Blocker status: False
2025-12-15 10:33:59,518-DEBUG-root-27284::webapp_internal::send_action|10480:: Trying to send action
2025-12-15 10:34:00,565-DEBUG-root-27284::webapp_internal::send_action|10522:: send_action method result = True
2025-12-15 10:34:00,565-DEBUG-root-27284::webapp_internal::send_action|10523:: send_action selenium status: False
2025-12-15 10:34:00,566-DEBUG-root-27284::webapp_internal::wait_blocker|2444:: Waiting blocker to continue...
2025-12-15 10:34:00,734-DEBUG-root-27284::webapp_internal::wait_blocker|2469:: Blocker status: False
2025-12-15 10:34:00,734-INFO-root-27284::webapp_internal::SetKey|5822:: Key pressed: TAB
2025-12-15 10:34:00,734-DEBUG-root-27284::webapp_internal::SetKey|5857:: Trying press key
2025-12-15 10:34:00,735-DEBUG-root-27284::webapp_internal::wait_element|7623:: Waiting for element
2025-12-15 10:34:00,835-DEBUG-root-27284::webapp_internal::wait_element|7653:: Element found! Waiting for element to be displayed.
2025-12-15 10:34:01,128-DEBUG-root-27284::webapp_internal::wait_blocker|2444:: Waiting blocker to continue...
2025-12-15 10:34:01,263-DEBUG-root-27284::webapp_internal::wait_blocker|2469:: Blocker status: False
2025-12-15 10:34:01,263-INFO-root-27284::webapp_internal::LoadGrid|6298:: Filling grid field: Hora Partida
2025-12-15 10:34:01,263-DEBUG-root-27284::webapp_internal::fill_grid|6399:: Grid loading...
2025-12-15 10:34:01,667-DEBUG-root-27284::webapp_internal::fill_grid|6466:: Column found!
2025-12-15 10:34:01,730-DEBUG-root-27284::base::click|192:: Click Type: ClickType.ACTIONCHAINS
2025-12-15 10:34:07,272-DEBUG-root-27284::webapp_internal::fill_grid|6498:: Trying open cell in grid!
2025-12-15 10:34:07,562-DEBUG-root-27284::webapp_internal::wait_blocker|2444:: Waiting blocker to continue...
2025-12-15 10:34:07,764-DEBUG-root-27284::webapp_internal::wait_blocker|2469:: Blocker status: False
2025-12-15 10:34:07,967-DEBUG-root-27284::webapp_internal::wait_element_timeout|7726:: Element found! Waiting for element to be displayed.
2025-12-15 10:34:08,372-DEBUG-root-27284::webapp_internal::fill_grid|6577:: Sending keys: 08:00
2025-12-15 10:34:08,687-DEBUG-root-27284::webapp_internal::wait_blocker|2444:: Waiting blocker to continue...
2025-12-15 10:34:08,895-DEBUG-root-27284::webapp_internal::wait_blocker|2469:: Blocker status: False
2025-12-15 10:34:14,362-DEBUG-root-27284::webapp_internal::wait_blocker|2444:: Waiting blocker to continue...
2025-12-15 10:34:14,496-DEBUG-root-27284::webapp_internal::wait_blocker|2469:: Blocker status: False
2025-12-15 10:34:14,522-DEBUG-root-27284::webapp_internal::wait_blocker|2444:: Waiting blocker to continue...
2025-12-15 10:34:14,670-DEBUG-root-27284::webapp_internal::wait_blocker|2469:: Blocker status: False
2025-12-15 10:34:14,670-DEBUG-root-27284::webapp_internal::send_action|10480:: Trying to send action
2025-12-15 10:34:15,718-DEBUG-root-27284::webapp_internal::send_action|10522:: send_action method result = True
2025-12-15 10:34:15,718-DEBUG-root-27284::webapp_internal::send_action|10523:: send_action selenium status: False
2025-12-15 10:34:15,718-DEBUG-root-27284::webapp_internal::wait_blocker|2444:: Waiting blocker to continue...
2025-12-15 10:34:15,862-DEBUG-root-27284::webapp_internal::wait_blocker|2469:: Blocker status: False
2025-12-15 10:34:15,862-INFO-root-27284::webapp_internal::SetKey|5822:: Key pressed: TAB
2025-12-15 10:34:15,862-DEBUG-root-27284::webapp_internal::SetKey|5857:: Trying press key
2025-12-15 10:34:15,862-DEBUG-root-27284::webapp_internal::wait_element|7623:: Waiting for element
2025-12-15 10:34:15,964-DEBUG-root-27284::webapp_internal::wait_element|7653:: Element found! Waiting for element to be displayed.
2025-12-15 10:34:16,234-DEBUG-root-27284::webapp_internal::wait_blocker|2444:: Waiting blocker to continue...
2025-12-15 10:34:16,386-DEBUG-root-27284::webapp_internal::wait_blocker|2469:: Blocker status: False
2025-12-15 10:34:16,386-INFO-root-27284::webapp_internal::LoadGrid|6298:: Filling grid field: Origem
2025-12-15 10:34:16,387-DEBUG-root-27284::webapp_internal::fill_grid|6399:: Grid loading...
2025-12-15 10:34:16,844-DEBUG-root-27284::webapp_internal::fill_grid|6466:: Column found!
2025-12-15 10:34:16,886-DEBUG-root-27284::base::click|192:: Click Type: ClickType.ACTIONCHAINS
2025-12-15 10:34:22,200-DEBUG-root-27284::webapp_internal::fill_grid|6498:: Trying open cell in grid!
2025-12-15 10:34:22,489-DEBUG-root-27284::webapp_internal::wait_blocker|2444:: Waiting blocker to continue...
2025-12-15 10:34:22,677-DEBUG-root-27284::webapp_internal::wait_blocker|2469:: Blocker status: False
2025-12-15 10:34:22,869-DEBUG-root-27284::webapp_internal::wait_element_timeout|7726:: Element found! Waiting for element to be displayed.
2025-12-15 10:34:23,285-DEBUG-root-27284::webapp_internal::fill_grid|6577:: Sending keys: DF00108
2025-12-15 10:34:23,589-DEBUG-root-27284::webapp_internal::wait_blocker|2444:: Waiting blocker to continue...
2025-12-15 10:34:23,732-DEBUG-root-27284::webapp_internal::wait_blocker|2469:: Blocker status: False
2025-12-15 10:34:23,901-DEBUG-root-27284::webapp_internal::wait_element_timeout|7726:: Element found! Waiting for element to be displayed.
2025-12-15 10:34:24,440-DEBUG-root-27284::webapp_internal::wait_blocker|2444:: Waiting blocker to continue...
2025-12-15 10:34:24,582-DEBUG-root-27284::webapp_internal::wait_blocker|2469:: Blocker status: False
2025-12-15 10:34:24,612-DEBUG-root-27284::webapp_internal::wait_blocker|2444:: Waiting blocker to continue...
2025-12-15 10:34:24,772-DEBUG-root-27284::webapp_internal::wait_blocker|2469:: Blocker status: False
2025-12-15 10:34:24,772-DEBUG-root-27284::webapp_internal::send_action|10480:: Trying to send action
2025-12-15 10:34:25,815-DEBUG-root-27284::webapp_internal::send_action|10522:: send_action method result = True
2025-12-15 10:34:25,815-DEBUG-root-27284::webapp_internal::send_action|10523:: send_action selenium status: False
2025-12-15 10:34:25,815-DEBUG-root-27284::webapp_internal::wait_blocker|2444:: Waiting blocker to continue...
2025-12-15 10:34:25,956-DEBUG-root-27284::webapp_internal::wait_blocker|2469:: Blocker status: False
2025-12-15 10:34:25,957-INFO-root-27284::webapp_internal::SetKey|5822:: Key pressed: TAB
2025-12-15 10:34:25,957-DEBUG-root-27284::webapp_internal::SetKey|5857:: Trying press key
2025-12-15 10:34:25,957-DEBUG-root-27284::webapp_internal::wait_element|7623:: Waiting for element
2025-12-15 10:34:26,114-DEBUG-root-27284::webapp_internal::wait_element|7653:: Element found! Waiting for element to be displayed.
2025-12-15 10:34:26,430-DEBUG-root-27284::webapp_internal::wait_blocker|2444:: Waiting blocker to continue...
2025-12-15 10:34:26,618-DEBUG-root-27284::webapp_internal::wait_blocker|2469:: Blocker status: False
2025-12-15 10:34:26,618-INFO-root-27284::webapp_internal::LoadGrid|6298:: Filling grid field: Destino
2025-12-15 10:34:26,618-DEBUG-root-27284::webapp_internal::fill_grid|6399:: Grid loading...
2025-12-15 10:34:27,095-DEBUG-root-27284::webapp_internal::fill_grid|6466:: Column found!
2025-12-15 10:34:27,135-DEBUG-root-27284::base::click|192:: Click Type: ClickType.ACTIONCHAINS
2025-12-15 10:34:32,538-DEBUG-root-27284::webapp_internal::fill_grid|6498:: Trying open cell in grid!
2025-12-15 10:34:32,829-DEBUG-root-27284::webapp_internal::wait_blocker|2444:: Waiting blocker to continue...
2025-12-15 10:34:32,987-DEBUG-root-27284::webapp_internal::wait_blocker|2469:: Blocker status: False
2025-12-15 10:34:33,195-DEBUG-root-27284::webapp_internal::wait_element_timeout|7726:: Element found! Waiting for element to be displayed.
2025-12-15 10:34:33,618-DEBUG-root-27284::webapp_internal::fill_grid|6577:: Sending keys: GO08707
2025-12-15 10:34:33,921-DEBUG-root-27284::webapp_internal::wait_blocker|2444:: Waiting blocker to continue...
2025-12-15 10:34:34,066-DEBUG-root-27284::webapp_internal::wait_blocker|2469:: Blocker status: False
2025-12-15 10:34:34,229-DEBUG-root-27284::webapp_internal::wait_element_timeout|7726:: Element found! Waiting for element to be displayed.
2025-12-15 10:34:34,717-DEBUG-root-27284::webapp_internal::wait_blocker|2444:: Waiting blocker to continue...
2025-12-15 10:34:34,867-DEBUG-root-27284::webapp_internal::wait_blocker|2469:: Blocker status: False
2025-12-15 10:34:34,895-DEBUG-root-27284::webapp_internal::wait_blocker|2444:: Waiting blocker to continue...
2025-12-15 10:34:35,078-DEBUG-root-27284::webapp_internal::wait_blocker|2469:: Blocker status: False
2025-12-15 10:34:35,079-DEBUG-root-27284::webapp_internal::send_action|10480:: Trying to send action
2025-12-15 10:34:36,119-DEBUG-root-27284::webapp_internal::send_action|10522:: send_action method result = True
2025-12-15 10:34:36,120-DEBUG-root-27284::webapp_internal::send_action|10523:: send_action selenium status: False
2025-12-15 10:34:36,120-DEBUG-root-27284::webapp_internal::wait_blocker|2444:: Waiting blocker to continue...
2025-12-15 10:34:36,255-DEBUG-root-27284::webapp_internal::wait_blocker|2469:: Blocker status: False
2025-12-15 10:34:36,255-INFO-root-27284::webapp_internal::SetKey|5822:: Key pressed: TAB
2025-12-15 10:34:36,255-DEBUG-root-27284::webapp_internal::SetKey|5857:: Trying press key
2025-12-15 10:34:36,256-DEBUG-root-27284::webapp_internal::wait_element|7623:: Waiting for element
2025-12-15 10:34:36,367-DEBUG-root-27284::webapp_internal::wait_element|7653:: Element found! Waiting for element to be displayed.
2025-12-15 10:34:36,632-DEBUG-root-27284::webapp_internal::wait_blocker|2444:: Waiting blocker to continue...
2025-12-15 10:34:36,766-DEBUG-root-27284::webapp_internal::wait_blocker|2469:: Blocker status: False
2025-12-15 10:34:36,766-INFO-root-27284::webapp_internal::LoadGrid|6298:: Filling grid field: Chegada
2025-12-15 10:34:36,766-DEBUG-root-27284::webapp_internal::fill_grid|6399:: Grid loading...
2025-12-15 10:34:37,154-DEBUG-root-27284::webapp_internal::fill_grid|6466:: Column found!
2025-12-15 10:34:37,197-DEBUG-root-27284::base::click|192:: Click Type: ClickType.ACTIONCHAINS
2025-12-15 10:34:42,578-DEBUG-root-27284::webapp_internal::fill_grid|6498:: Trying open cell in grid!
2025-12-15 10:34:42,849-DEBUG-root-27284::webapp_internal::wait_blocker|2444:: Waiting blocker to continue...
2025-12-15 10:34:43,004-DEBUG-root-27284::webapp_internal::wait_blocker|2469:: Blocker status: False
2025-12-15 10:34:43,255-DEBUG-root-27284::webapp_internal::wait_element_timeout|7726:: Element found! Waiting for element to be displayed.
2025-12-15 10:34:43,656-DEBUG-root-27284::webapp_internal::fill_grid|6577:: Sending keys: 20/12/2025
2025-12-15 10:34:43,970-DEBUG-root-27284::webapp_internal::wait_blocker|2444:: Waiting blocker to continue...
2025-12-15 10:34:44,149-DEBUG-root-27284::webapp_internal::wait_blocker|2469:: Blocker status: False
2025-12-15 10:34:49,647-DEBUG-root-27284::webapp_internal::wait_blocker|2444:: Waiting blocker to continue...
2025-12-15 10:34:49,836-DEBUG-root-27284::webapp_internal::wait_blocker|2469:: Blocker status: False
2025-12-15 10:34:49,863-DEBUG-root-27284::webapp_internal::wait_blocker|2444:: Waiting blocker to continue...
2025-12-15 10:34:50,006-DEBUG-root-27284::webapp_internal::wait_blocker|2469:: Blocker status: False
2025-12-15 10:34:50,006-DEBUG-root-27284::webapp_internal::send_action|10480:: Trying to send action
2025-12-15 10:34:51,052-DEBUG-root-27284::webapp_internal::send_action|10522:: send_action method result = True
2025-12-15 10:34:51,052-DEBUG-root-27284::webapp_internal::send_action|10523:: send_action selenium status: False
2025-12-15 10:34:51,052-DEBUG-root-27284::webapp_internal::wait_element|7623:: Waiting for element
2025-12-15 10:34:51,162-DEBUG-root-27284::webapp_internal::wait_element|7653:: Element found! Waiting for element to be displayed.
2025-12-15 10:34:51,446-DEBUG-root-27284::webapp_internal::wait_blocker|2444:: Waiting blocker to continue...
2025-12-15 10:34:51,602-DEBUG-root-27284::webapp_internal::wait_blocker|2469:: Blocker status: False
2025-12-15 10:34:51,602-INFO-root-27284::webapp_internal::LoadGrid|6298:: Filling grid field: Hora Chegada
2025-12-15 10:34:51,602-DEBUG-root-27284::webapp_internal::fill_grid|6399:: Grid loading...
2025-12-15 10:34:52,006-DEBUG-root-27284::webapp_internal::fill_grid|6466:: Column found!
2025-12-15 10:34:52,050-DEBUG-root-27284::base::click|192:: Click Type: ClickType.ACTIONCHAINS
2025-12-15 10:34:57,455-DEBUG-root-27284::webapp_internal::fill_grid|6498:: Trying open cell in grid!
2025-12-15 10:34:57,738-DEBUG-root-27284::webapp_internal::wait_blocker|2444:: Waiting blocker to continue...
2025-12-15 10:34:57,922-DEBUG-root-27284::webapp_internal::wait_blocker|2469:: Blocker status: False
2025-12-15 10:34:58,119-DEBUG-root-27284::webapp_internal::wait_element_timeout|7726:: Element found! Waiting for element to be displayed.
2025-12-15 10:34:58,531-DEBUG-root-27284::webapp_internal::fill_grid|6577:: Sending keys: 12:00
2025-12-15 10:34:58,839-DEBUG-root-27284::webapp_internal::wait_blocker|2444:: Waiting blocker to continue...
2025-12-15 10:34:59,004-DEBUG-root-27284::webapp_internal::wait_blocker|2469:: Blocker status: False
2025-12-15 10:35:04,802-INFO-root-27284::webapp_internal::SetButton|4444:: Clicking on Confirmar
2025-12-15 10:35:04,802-DEBUG-root-27284::webapp_internal::wait_blocker|2444:: Waiting blocker to continue...
2025-12-15 10:35:04,946-DEBUG-root-27284::webapp_internal::wait_blocker|2469:: Blocker status: False
2025-12-15 10:35:05,479-DEBUG-root-27284::webapp_internal::wait_element_timeout|7726:: Element found! Waiting for element to be displayed.
2025-12-15 10:35:05,970-DEBUG-root-27284::webapp_internal::SetButton|4481:: ***System Info*** Before Clicking on button:Confirmar
2025-12-15 10:35:05,971-DEBUG-root-27284::psutil_info::system_info|5:: CPU USAGE: 12.4%
2025-12-15 10:35:05,971-DEBUG-root-27284::psutil_info::system_info|6:: MEMORY USAGE: 92.6%
2025-12-15 10:35:05,972-DEBUG-root-27284::psutil_info::system_info|7:: MEMORY AVAILABLE: 7.44%
2025-12-15 10:35:06,528-DEBUG-root-27284::webapp_internal::wait_element_timeout|7726:: Element found! Waiting for element to be displayed.
2025-12-15 10:35:07,069-DEBUG-root-27284::webapp_internal::wait_blocker|2444:: Waiting blocker to continue...
2025-12-15 10:35:07,244-DEBUG-root-27284::webapp_internal::wait_blocker|2469:: Blocker status: False
2025-12-15 10:35:07,284-DEBUG-root-27284::webapp_internal::wait_blocker|2444:: Waiting blocker to continue...
2025-12-15 10:35:07,438-DEBUG-root-27284::webapp_internal::wait_blocker|2469:: Blocker status: False
2025-12-15 10:35:07,438-DEBUG-root-27284::webapp_internal::send_action|10480:: Trying to send action
2025-12-15 10:35:07,445-DEBUG-root-27284::base::click|192:: Click Type: ClickType.JS
2025-12-15 10:35:08,522-DEBUG-root-27284::webapp_internal::send_action|10522:: send_action method result = True
2025-12-15 10:35:08,522-DEBUG-root-27284::webapp_internal::send_action|10523:: send_action selenium status: False
2025-12-15 10:35:08,522-DEBUG-root-27284::webapp_internal::SetButton|4683:: ***System Info*** After Clicking on button:
2025-12-15 10:35:08,524-DEBUG-root-27284::psutil_info::system_info|5:: CPU USAGE: 12.5%
2025-12-15 10:35:08,524-DEBUG-root-27284::psutil_info::system_info|6:: MEMORY USAGE: 92.5%
2025-12-15 10:35:08,525-DEBUG-root-27284::psutil_info::system_info|7:: MEMORY AVAILABLE: 7.52%
2025-12-15 10:35:08,525-INFO-root-27284::webapp_internal::WaitShow|4980:: Waiting show text 'Valores de treinamento e/ou servico ultrapassam o limite orcado-Atenção-PXFINA11X'...
2025-12-15 10:35:14,041-INFO-root-27284::webapp_internal::WaitShow|4980:: Waiting show text 'Help: FWMODELPOS'...
2025-12-15 10:35:19,515-INFO-root-27284::webapp_internal::WaitShow|4980:: Waiting show text 'Registro inserido com sucesso.'...
2025-12-15 10:35:19,632-INFO-root-27284::webapp_internal::WaitShow|4996:: Text found! 
2025-12-15 10:35:19,632-INFO-root-27284::webapp_internal::SetButton|4444:: Clicking on Fechar
2025-12-15 10:35:19,633-DEBUG-root-27284::webapp_internal::wait_blocker|2444:: Waiting blocker to continue...
2025-12-15 10:35:19,779-DEBUG-root-27284::webapp_internal::wait_blocker|2469:: Blocker status: False
2025-12-15 10:35:20,035-DEBUG-root-27284::webapp_internal::wait_element_timeout|7726:: Element found! Waiting for element to be displayed.
2025-12-15 10:35:20,161-DEBUG-root-27284::webapp_internal::SetButton|4481:: ***System Info*** Before Clicking on button:Fechar
2025-12-15 10:35:20,161-DEBUG-root-27284::psutil_info::system_info|5:: CPU USAGE: 9.9%
2025-12-15 10:35:20,162-DEBUG-root-27284::psutil_info::system_info|6:: MEMORY USAGE: 92.5%
2025-12-15 10:35:20,162-DEBUG-root-27284::psutil_info::system_info|7:: MEMORY AVAILABLE: 7.5%
2025-12-15 10:35:20,379-DEBUG-root-27284::webapp_internal::wait_element_timeout|7726:: Element found! Waiting for element to be displayed.
2025-12-15 10:35:20,564-DEBUG-root-27284::webapp_internal::wait_blocker|2444:: Waiting blocker to continue...
2025-12-15 10:35:20,713-DEBUG-root-27284::webapp_internal::wait_blocker|2469:: Blocker status: False
2025-12-15 10:35:20,751-DEBUG-root-27284::webapp_internal::wait_blocker|2444:: Waiting blocker to continue...
2025-12-15 10:35:20,894-DEBUG-root-27284::webapp_internal::wait_blocker|2469:: Blocker status: False
2025-12-15 10:35:20,894-DEBUG-root-27284::webapp_internal::send_action|10480:: Trying to send action
2025-12-15 10:35:20,897-DEBUG-root-27284::base::click|192:: Click Type: ClickType.JS
2025-12-15 10:35:22,652-ERROR-root-27284::webapp_internal::get_active_parent_class|10547:: Warning Exception get_active_parent_class: Message: The element with the reference 34d58820-a3d9-4d26-9a67-7eb337887328 is stale; either its node document is not the active document, or it is no longer connected to the DOM; For documentation on this error, please visit: https://www.selenium.dev/documentation/webdriver/troubleshooting/errors#stale-element-reference-exception
Stacktrace:
RemoteError@chrome://remote/content/shared/RemoteError.sys.mjs:8:8
WebDriverError@chrome://remote/content/shared/webdriver/Errors.sys.mjs:202:5
StaleElementReferenceError@chrome://remote/content/shared/webdriver/Errors.sys.mjs:831:5
getKnownElement@chrome://remote/content/marionette/json.sys.mjs:405:11
deserializeJSON@chrome://remote/content/marionette/json.sys.mjs:263:20
cloneObject/result<@chrome://remote/content/marionette/json.sys.mjs:53:52
cloneObject@chrome://remote/content/marionette/json.sys.mjs:53:25
deserializeJSON@chrome://remote/content/marionette/json.sys.mjs:293:16
cloneObject@chrome://remote/content/marionette/json.sys.mjs:59:24
deserializeJSON@chrome://remote/content/marionette/json.sys.mjs:293:16
json.deserialize@chrome://remote/content/marionette/json.sys.mjs:297:10
receiveMessage@chrome://remote/content/marionette/actors/MarionetteCommandsChild.sys.mjs:179:30
Traceback (most recent call last):
  File "C:\TIR_TESTE\venv\Lib\site-packages\tir\technologies\webapp_internal.py", line 10542, in get_active_parent_class
    sl_classes = list(map(lambda x: x.get_attribute('class'), self.find_shadow_element('div', parent_sl))) if self.find_shadow_element('div', parent_sl) else None
                 ^^^^^^^^^^^^^^^^^^^^^^^^^^^^^^^^^^^^^^^^^^^^^^^^^^^^^^^^^^^^^^^^^^^^^^^^^^^^^^^^^^^^^^^^^
  File "C:\TIR_TESTE\venv\Lib\site-packages\tir\technologies\webapp_internal.py", line 10542, in <lambda>
    sl_classes = list(map(lambda x: x.get_attribute('class'), self.find_shadow_element('div', parent_sl))) if self.find_shadow_element('div', parent_sl) else None
                                    ^^^^^^^^^^^^^^^^^^^^^^^^
  File "C:\TIR_TESTE\venv\Lib\site-packages\selenium\webdriver\remote\webelement.py", line 178, in get_attribute
    attribute_value = self.parent.execute_script(
                      ^^^^^^^^^^^^^^^^^^^^^^^^^^^
  File "C:\TIR_TESTE\venv\Lib\site-packages\selenium\webdriver\remote\webdriver.py", line 407, in execute_script
    return self.execute(command, {"script": script, "args": converted_args})["value"]
           ^^^^^^^^^^^^^^^^^^^^^^^^^^^^^^^^^^^^^^^^^^^^^^^^^^^^^^^^^^^^^^^^^
  File "C:\TIR_TESTE\venv\Lib\site-packages\selenium\webdriver\remote\webdriver.py", line 347, in execute
    self.error_handler.check_response(response)
  File "C:\TIR_TESTE\venv\Lib\site-packages\selenium\webdriver\remote\errorhandler.py", line 229, in check_response
    raise exception_class(message, screen, stacktrace)
selenium.common.exceptions.StaleElementReferenceException: Message: The element with the reference 34d58820-a3d9-4d26-9a67-7eb337887328 is stale; either its node document is not the active document, or it is no longer connected to the DOM; For documentation on this error, please visit: https://www.selenium.dev/documentation/webdriver/troubleshooting/errors#stale-element-reference-exception
Stacktrace:
RemoteError@chrome://remote/content/shared/RemoteError.sys.mjs:8:8
WebDriverError@chrome://remote/content/shared/webdriver/Errors.sys.mjs:202:5
StaleElementReferenceError@chrome://remote/content/shared/webdriver/Errors.sys.mjs:831:5
getKnownElement@chrome://remote/content/marionette/json.sys.mjs:405:11
deserializeJSON@chrome://remote/content/marionette/json.sys.mjs:263:20
cloneObject/result<@chrome://remote/content/marionette/json.sys.mjs:53:52
cloneObject@chrome://remote/content/marionette/json.sys.mjs:53:25
deserializeJSON@chrome://remote/content/marionette/json.sys.mjs:293:16
cloneObject@chrome://remote/content/marionette/json.sys.mjs:59:24
deserializeJSON@chrome://remote/content/marionette/json.sys.mjs:293:16
json.deserialize@chrome://remote/content/marionette/json.sys.mjs:297:10
receiveMessage@chrome://remote/content/marionette/actors/MarionetteCommandsChild.sys.mjs:179:30

2025-12-15 10:35:22,660-DEBUG-root-27284::webapp_internal::send_action|10522:: send_action method result = True
2025-12-15 10:35:22,660-DEBUG-root-27284::webapp_internal::send_action|10523:: send_action selenium status: False
2025-12-15 10:35:22,661-DEBUG-root-27284::webapp_internal::SetButton|4683:: ***System Info*** After Clicking on button:
2025-12-15 10:35:22,661-DEBUG-root-27284::psutil_info::system_info|5:: CPU USAGE: 11.1%
2025-12-15 10:35:22,661-DEBUG-root-27284::psutil_info::system_info|6:: MEMORY USAGE: 92.7%
2025-12-15 10:35:22,662-DEBUG-root-27284::psutil_info::system_info|7:: MEMORY AVAILABLE: 7.35%
2025-12-15 10:35:22,662-INFO-root-27284::webapp_internal::WaitShow|4980:: Waiting show text 'Solicitação de Viagens/Treinamento'...
2025-12-15 10:35:22,721-INFO-root-27284::webapp_internal::WaitShow|4996:: Text found! 
2025-12-15 10:35:23,223-INFO-root-27284::webapp_internal::SetButton|4444:: Clicking on Outras Ações
2025-12-15 10:35:23,223-DEBUG-root-27284::webapp_internal::wait_blocker|2444:: Waiting blocker to continue...
2025-12-15 10:35:23,313-DEBUG-root-27284::webapp_internal::wait_blocker|2469:: Blocker status: False
2025-12-15 10:35:23,688-DEBUG-root-27284::webapp_internal::wait_element_timeout|7726:: Element found! Waiting for element to be displayed.
2025-12-15 10:35:23,950-DEBUG-root-27284::webapp_internal::SetButton|4481:: ***System Info*** Before Clicking on button:Outras Ações
2025-12-15 10:35:23,950-DEBUG-root-27284::psutil_info::system_info|5:: CPU USAGE: 10.4%
2025-12-15 10:35:23,951-DEBUG-root-27284::psutil_info::system_info|6:: MEMORY USAGE: 92.7%
2025-12-15 10:35:23,951-DEBUG-root-27284::psutil_info::system_info|7:: MEMORY AVAILABLE: 7.27%
2025-12-15 10:35:24,307-DEBUG-root-27284::webapp_internal::wait_element_timeout|7726:: Element found! Waiting for element to be displayed.
2025-12-15 10:35:24,697-DEBUG-root-27284::webapp_internal::wait_blocker|2444:: Waiting blocker to continue...
2025-12-15 10:35:24,800-DEBUG-root-27284::webapp_internal::wait_blocker|2469:: Blocker status: False
2025-12-15 10:35:24,822-DEBUG-root-27284::webapp_internal::wait_blocker|2444:: Waiting blocker to continue...
2025-12-15 10:35:24,914-DEBUG-root-27284::webapp_internal::wait_blocker|2469:: Blocker status: False
2025-12-15 10:35:24,915-DEBUG-root-27284::webapp_internal::send_action|10480:: Trying to send action
2025-12-15 10:35:24,917-DEBUG-root-27284::base::click|192:: Click Type: ClickType.JS
2025-12-15 10:35:25,960-DEBUG-root-27284::webapp_internal::send_action|10522:: send_action method result = True
2025-12-15 10:35:25,960-DEBUG-root-27284::webapp_internal::send_action|10523:: send_action selenium status: True
2025-12-15 10:35:26,090-DEBUG-root-27284::webapp_internal::wait_element_timeout|7726:: Element found! Waiting for element to be displayed.
2025-12-15 10:35:26,132-INFO-root-27284::webapp_internal::SetButton|4588:: Clicking on Env. p/ Aprovação
2025-12-15 10:35:26,264-DEBUG-root-27284::webapp_internal::wait_element_timeout|7726:: Element found! Waiting for element to be displayed.
2025-12-15 10:35:26,423-DEBUG-root-27284::base::click|192:: Click Type: ClickType.JS
2025-12-15 10:35:26,436-DEBUG-root-27284::webapp_internal::SetButton|4683:: ***System Info*** After Clicking on button:
2025-12-15 10:35:26,436-DEBUG-root-27284::psutil_info::system_info|5:: CPU USAGE: 8.3%
2025-12-15 10:35:26,436-DEBUG-root-27284::psutil_info::system_info|6:: MEMORY USAGE: 92.2%
2025-12-15 10:35:26,437-DEBUG-root-27284::psutil_info::system_info|7:: MEMORY AVAILABLE: 7.77%
2025-12-15 10:35:27,337-INFO-root-27284::webapp_internal::WaitShow|4980:: Waiting show text 'ZA1MAIL'...
2025-12-15 10:35:28,540-INFO-root-27284::webapp_internal::WaitShow|4996:: Text found! 
2025-12-15 10:35:28,540-INFO-root-27284::webapp_internal::SetButton|4444:: Clicking on Fechar
2025-12-15 10:35:28,540-DEBUG-root-27284::webapp_internal::wait_blocker|2444:: Waiting blocker to continue...
2025-12-15 10:35:28,632-DEBUG-root-27284::webapp_internal::wait_blocker|2469:: Blocker status: False
2025-12-15 10:35:28,834-DEBUG-root-27284::webapp_internal::wait_element_timeout|7726:: Element found! Waiting for element to be displayed.
2025-12-15 10:35:28,928-DEBUG-root-27284::webapp_internal::SetButton|4481:: ***System Info*** Before Clicking on button:Fechar
2025-12-15 10:35:28,929-DEBUG-root-27284::psutil_info::system_info|5:: CPU USAGE: 10.5%
2025-12-15 10:35:28,929-DEBUG-root-27284::psutil_info::system_info|6:: MEMORY USAGE: 92.4%
2025-12-15 10:35:28,929-DEBUG-root-27284::psutil_info::system_info|7:: MEMORY AVAILABLE: 7.56%
2025-12-15 10:35:29,119-DEBUG-root-27284::webapp_internal::wait_element_timeout|7726:: Element found! Waiting for element to be displayed.
2025-12-15 10:35:29,252-DEBUG-root-27284::webapp_internal::wait_blocker|2444:: Waiting blocker to continue...
2025-12-15 10:35:29,349-DEBUG-root-27284::webapp_internal::wait_blocker|2469:: Blocker status: False
2025-12-15 10:35:29,378-DEBUG-root-27284::webapp_internal::wait_blocker|2444:: Waiting blocker to continue...
2025-12-15 10:35:29,489-DEBUG-root-27284::webapp_internal::wait_blocker|2469:: Blocker status: False
2025-12-15 10:35:29,489-DEBUG-root-27284::webapp_internal::send_action|10480:: Trying to send action
2025-12-15 10:35:29,494-DEBUG-root-27284::base::click|192:: Click Type: ClickType.JS
2025-12-15 10:35:31,305-DEBUG-root-27284::webapp_internal::send_action|10522:: send_action method result = True
2025-12-15 10:35:31,306-DEBUG-root-27284::webapp_internal::send_action|10523:: send_action selenium status: True
2025-12-15 10:35:31,306-DEBUG-root-27284::webapp_internal::SetButton|4683:: ***System Info*** After Clicking on button:
2025-12-15 10:35:31,307-DEBUG-root-27284::psutil_info::system_info|5:: CPU USAGE: 17.3%
2025-12-15 10:35:31,307-DEBUG-root-27284::psutil_info::system_info|6:: MEMORY USAGE: 92.4%
2025-12-15 10:35:31,308-DEBUG-root-27284::psutil_info::system_info|7:: MEMORY AVAILABLE: 7.55%
2025-12-15 10:35:31,322-DEBUG-root-27284::log::checks_empty_line|221:: Checking empty default log info
2025-12-15 10:35:31,326-DEBUG-root-27284::log::generate_log|503:: Json log_data: {'cLogDtExec': '15/12/2025 10:35:31', 'cLogNomUsr': '97137227104', 'cLogNomEst': 'GESIT03', 'cLogProgra': None, 'cLogDtProg': '', 'cLogHrProg': '', 'nLogCtsOk': 1, 'nLogCtsNok': 0, 'nLogCtsSeg': 262.66, 'cLogVersao': '12', 'cLogReleas': '12.1.2410', 'nLogCtsErr': '', 'cLogBancod': 'ORACLE', 'cLogIdenti': '', 'cLogIdExec': '20251215', 'cLogPais': 'BRA', 'cLogTool': 'TIR', 'cLogSequen': '86536a', 'nLogCtsTot': 1, 'cLogDtExea': '15/12/2025', 'cLogHrExea': '10:35:31', 'cLogArea': 'Desenvolvimento', 'cLogMnExec': 4.377666666666667}
2025-12-15 10:35:31,327-INFO-root-27284::log::send_log_with_retries|515:: Saving log locally.
2025-12-15 10:35:31,327-INFO-root-27284::log::save_log_locally|548:: [FwSendLog]: Não foi possível enviar o log após todas as tentativas.
2025-12-15 10:35:31,328-INFO-root-27284::log::save_log_locally|555:: [FwSendLog]: Log salvo localmente em C:\TIR_TESTE\1765805731.json.
2025-12-15 10:35:31,329-INFO-root-27284::webapp_internal::WaitShow|4980:: Waiting show text 'ZA1MAIL'...
2025-12-15 10:35:37,521-INFO-root-27284::webapp_internal::WaitShow|4980:: Waiting show text 'MTALCDOC'...
2025-12-15 10:31:08,788-DEBUG-root-27284::logging_config::logger|189:: Log file created: 'Log\GESIT03\TIR__20251215103108782.log'
2025-12-15 10:31:08,789-INFO-root-27284::base::Start|1183:: TIR Version: 2.4.3
2025-12-15 10:31:08,789-INFO-root-27284::base::Start|1184:: Python Version: 3.12.10
2025-12-15 10:31:08,789-INFO-root-27284::base::Start|1185:: Starting the browser
2025-12-15 10:31:17,429-INFO-root-27284::base::get_url|1294:: Page is ready!
2025-12-15 10:31:17,432-INFO-root-27284::base::Start|1256:: Browser maximized to 1936x1048
2025-12-15 10:31:17,432-INFO-root-27284::base::Start|1258:: Screen size is different from default used in headless mode
2025-12-15 10:31:17,599-INFO-root-27284::webapp_internal::Setup|247:: ***System Info*** in Setup():
2025-12-15 10:31:17,601-DEBUG-root-27284::psutil_info::system_info|5:: CPU USAGE: 21.3%
2025-12-15 10:31:17,608-DEBUG-root-27284::psutil_info::system_info|6:: MEMORY USAGE: 97.3%
2025-12-15 10:31:17,610-DEBUG-root-27284::psutil_info::system_info|7:: MEMORY AVAILABLE: 2.71%
2025-12-15 10:31:17,628-INFO-root-27284::base::webapp_shadowroot|1394:: Webapp: 10.1.6-RC4
2025-12-15 10:31:17,979-INFO-root-27284::webapp_internal::filling_initial_program|449:: Filling Initial Program: "SIGAMDI"
2025-12-15 10:31:17,980-DEBUG-root-27284::webapp_internal::wait_element|7623:: Waiting for element
2025-12-15 10:31:18,274-DEBUG-root-27284::webapp_internal::wait_element|7653:: Element found! Waiting for element to be displayed.
2025-12-15 10:31:18,998-DEBUG-root-27284::base::click|192:: Click Type: ClickType.JS
2025-12-15 10:31:19,082-DEBUG-root-27284::webapp_internal::try_send_keys|7976:: Trying to send keys to element using technique 0
2025-12-15 10:31:20,220-DEBUG-root-27284::webapp_internal::get_web_value|3232:: Current value: SIGAMDI
2025-12-15 10:31:20,220-INFO-root-27284::webapp_internal::filling_server_environment|463:: Filling Server Environment: "POUPEX_TST"
2025-12-15 10:31:20,220-DEBUG-root-27284::webapp_internal::wait_element|7623:: Waiting for element
2025-12-15 10:31:20,250-DEBUG-root-27284::webapp_internal::wait_element|7653:: Element found! Waiting for element to be displayed.
2025-12-15 10:31:20,412-DEBUG-root-27284::base::click|192:: Click Type: ClickType.JS
2025-12-15 10:31:20,417-DEBUG-root-27284::webapp_internal::try_send_keys|7976:: Trying to send keys to element using technique 0
2025-12-15 10:31:20,745-DEBUG-root-27284::webapp_internal::get_web_value|3232:: Current value: POUPEX_TST
2025-12-15 10:31:20,769-DEBUG-root-27284::base::click|192:: Click Type: ClickType.JS
2025-12-15 10:31:20,792-DEBUG-root-27284::webapp_internal::user_screen|519:: Filling user screen
2025-12-15 10:31:28,017-DEBUG-root-27284::base::scroll_to_element|759:: ********Warining scroll_to_element exception: Message: TypeError: can't access property "scrollIntoView", arguments[0] is null
Stacktrace:
@https://qasrverp:10020/webapp/:2:7
@https://qasrverp:10020/webapp/:3:8
*********
2025-12-15 10:31:28,076-DEBUG-root-27284::webapp_internal::wait_element_timeout|7726:: Element found! Waiting for element to be displayed.
2025-12-15 10:31:28,129-DEBUG-root-27284::base::scroll_to_element|759:: ********Warining scroll_to_element exception: Message: TypeError: can't access property "scrollIntoView", arguments[0] is null
Stacktrace:
@https://qasrverp:10020/webapp/:2:7
@https://qasrverp:10020/webapp/:3:8
*********
2025-12-15 10:31:28,269-INFO-root-27284::webapp_internal::user_screen|561:: Filling User
2025-12-15 10:31:28,297-DEBUG-root-27284::base::double_click|259:: Click Type: ClickType.SELENIUM
2025-12-15 10:31:28,485-DEBUG-root-27284::webapp_internal::get_web_value|3232:: Current value: 97137227104
2025-12-15 10:31:28,514-INFO-root-27284::webapp_internal::user_screen|621:: Filling Password
2025-12-15 10:31:28,540-DEBUG-root-27284::base::click|192:: Click Type: ClickType.JS
2025-12-15 10:31:28,621-DEBUG-root-27284::webapp_internal::get_web_value|3232:: Current value: Deire20191817+
2025-12-15 10:31:28,622-DEBUG-root-27284::webapp_internal::wait_blocker|2444:: Waiting blocker to continue...
2025-12-15 10:31:28,659-DEBUG-root-27284::webapp_internal::wait_blocker|2469:: Blocker status: None
2025-12-15 10:31:28,687-DEBUG-root-27284::webapp_internal::wait_blocker|2444:: Waiting blocker to continue...
2025-12-15 10:31:28,724-DEBUG-root-27284::webapp_internal::wait_blocker|2469:: Blocker status: None
2025-12-15 10:31:28,772-DEBUG-root-27284::webapp_internal::wait_blocker|2444:: Waiting blocker to continue...
2025-12-15 10:31:28,812-DEBUG-root-27284::webapp_internal::wait_blocker|2469:: Blocker status: None
2025-12-15 10:31:28,812-DEBUG-root-27284::webapp_internal::send_action|10480:: Trying to send action
2025-12-15 10:31:28,824-DEBUG-root-27284::base::click|192:: Click Type: ClickType.JS
2025-12-15 10:31:29,878-DEBUG-root-27284::webapp_internal::send_action|10522:: send_action method result = True
2025-12-15 10:31:29,878-DEBUG-root-27284::webapp_internal::send_action|10523:: send_action selenium status: False
2025-12-15 10:31:32,646-DEBUG-root-27284::base::scroll_to_element|759:: ********Warining scroll_to_element exception: Message: TypeError: can't access property "scrollIntoView", arguments[0] is null
Stacktrace:
@https://qasrverp:10020/webapp/:2:7
@https://qasrverp:10020/webapp/:3:8
*********
2025-12-15 10:31:32,721-INFO-root-27284::webapp_internal::filling_date|885:: Filling Date: "15/12/2025"
2025-12-15 10:31:32,722-DEBUG-root-27284::webapp_internal::wait_blocker|2444:: Waiting blocker to continue...
2025-12-15 10:31:32,777-DEBUG-root-27284::webapp_internal::wait_blocker|2469:: Blocker status: None
2025-12-15 10:31:32,780-DEBUG-root-27284::base::click|192:: Click Type: ClickType.JS
2025-12-15 10:31:32,805-DEBUG-root-27284::webapp_internal::try_send_keys|7976:: Trying to send keys to element using technique 1
2025-12-15 10:31:32,929-DEBUG-root-27284::webapp_internal::get_web_value|3232:: Current value: 15/12/2025
2025-12-15 10:31:34,019-INFO-root-27284::webapp_internal::filling_group|955:: Filling Group: "02"
2025-12-15 10:31:34,019-DEBUG-root-27284::webapp_internal::wait_blocker|2444:: Waiting blocker to continue...
2025-12-15 10:31:34,052-DEBUG-root-27284::webapp_internal::wait_blocker|2469:: Blocker status: None
2025-12-15 10:31:34,059-DEBUG-root-27284::base::click|192:: Click Type: ClickType.JS
2025-12-15 10:31:34,127-DEBUG-root-27284::webapp_internal::get_web_value|3232:: Current value: 02
2025-12-15 10:31:35,207-INFO-root-27284::webapp_internal::filling_branch|1047:: Filling Branch: "02DF0001"
2025-12-15 10:31:35,207-DEBUG-root-27284::webapp_internal::wait_blocker|2444:: Waiting blocker to continue...
2025-12-15 10:31:35,246-DEBUG-root-27284::webapp_internal::wait_blocker|2469:: Blocker status: None
2025-12-15 10:31:35,249-DEBUG-root-27284::base::click|192:: Click Type: ClickType.JS
2025-12-15 10:31:35,321-DEBUG-root-27284::webapp_internal::get_web_value|3232:: Current value: 02DF0001
2025-12-15 10:31:36,426-INFO-root-27284::webapp_internal::filling_environment|1113:: Filling Environment: "07"
2025-12-15 10:31:36,427-DEBUG-root-27284::webapp_internal::wait_blocker|2444:: Waiting blocker to continue...
2025-12-15 10:31:36,469-DEBUG-root-27284::webapp_internal::wait_blocker|2469:: Blocker status: None
2025-12-15 10:31:36,472-DEBUG-root-27284::base::click|192:: Click Type: ClickType.JS
2025-12-15 10:31:36,539-DEBUG-root-27284::webapp_internal::get_web_value|3232:: Current value: 07
2025-12-15 10:31:37,550-DEBUG-root-27284::webapp_internal::close_warning_screen|1489:: Closing warning screen!
2025-12-15 10:31:38,582-DEBUG-root-27284::webapp_internal::check_screen_element|1291:: Checking screen element: "Atenção": False
2025-12-15 10:31:39,686-INFO-root-27284::webapp_internal::environment_screen|796:: Clicking on Button
2025-12-15 10:31:39,686-DEBUG-root-27284::webapp_internal::wait_blocker|2444:: Waiting blocker to continue...
2025-12-15 10:31:39,719-DEBUG-root-27284::webapp_internal::wait_blocker|2469:: Blocker status: None
2025-12-15 10:31:39,723-DEBUG-root-27284::base::click|192:: Click Type: ClickType.JS
2025-12-15 10:31:40,734-DEBUG-root-27284::base::click|192:: Click Type: ClickType.JS
2025-12-15 10:31:41,743-DEBUG-root-27284::base::click|192:: Click Type: ClickType.JS
2025-12-15 10:31:42,751-DEBUG-root-27284::base::click|192:: Click Type: ClickType.JS
2025-12-15 10:31:43,766-DEBUG-root-27284::base::click|192:: Click Type: ClickType.JS
2025-12-15 10:31:44,775-DEBUG-root-27284::base::click|192:: Click Type: ClickType.JS
2025-12-15 10:31:45,784-DEBUG-root-27284::webapp_internal::close_screen_before_menu|368:: Closing screen before the menu
2025-12-15 10:31:45,831-DEBUG-root-27284::webapp_internal::close_warning_screen|1489:: Closing warning screen!
2025-12-15 10:31:46,872-DEBUG-root-27284::webapp_internal::check_screen_element|1291:: Checking screen element: "Atenção": False
2025-12-15 10:31:46,872-DEBUG-root-27284::webapp_internal::close_coin_screen|1424:: Closing coin screen!
2025-12-15 10:31:47,431-DEBUG-root-27284::base::click|192:: Click Type: ClickType.JS
2025-12-15 10:31:47,486-DEBUG-root-27284::webapp_internal::close_warning_screen|1489:: Closing warning screen!
2025-12-15 10:31:48,538-DEBUG-root-27284::webapp_internal::check_screen_element|1291:: Checking screen element: "Atenção": False
2025-12-15 10:31:48,538-DEBUG-root-27284::webapp_internal::close_coin_screen|1424:: Closing coin screen!
2025-12-15 10:31:48,662-INFO-root-27284::webapp_internal::set_log_info|1623:: Getting log info
2025-12-15 10:31:48,662-INFO-root-27284::webapp_internal::SetLateralMenu|4184:: Navigating lateral menu: Ajuda > Sobre
2025-12-15 10:31:48,671-DEBUG-root-27284::webapp_internal::wait_element|7623:: Waiting for element
2025-12-15 10:31:48,707-DEBUG-root-27284::webapp_internal::wait_element|7653:: Element found! Waiting for element to be displayed.
2025-12-15 10:31:48,873-INFO-root-27284::webapp_internal::SetLateralMenu|4203:: Menu item: "Ajuda"
2025-12-15 10:31:48,874-DEBUG-root-27284::webapp_internal::wait_blocker|2444:: Waiting blocker to continue...
2025-12-15 10:31:48,940-DEBUG-root-27284::webapp_internal::wait_blocker|2469:: Blocker status: False
2025-12-15 10:31:49,279-DEBUG-root-27284::webapp_internal::wait_element_timeout|7726:: Element found! Waiting for element to be displayed.
2025-12-15 10:31:49,574-DEBUG-root-27284::webapp_internal::wait_blocker|2444:: Waiting blocker to continue...
2025-12-15 10:31:49,638-DEBUG-root-27284::webapp_internal::wait_blocker|2469:: Blocker status: False
2025-12-15 10:31:51,914-INFO-root-27284::webapp_internal::SetLateralMenu|4203:: Menu item: "Sobre"
2025-12-15 10:31:51,915-DEBUG-root-27284::webapp_internal::wait_blocker|2444:: Waiting blocker to continue...
2025-12-15 10:31:51,979-DEBUG-root-27284::webapp_internal::wait_blocker|2469:: Blocker status: False
2025-12-15 10:31:52,408-DEBUG-root-27284::webapp_internal::wait_element_timeout|7726:: Element found! Waiting for element to be displayed.
2025-12-15 10:31:52,782-DEBUG-root-27284::webapp_internal::wait_blocker|2444:: Waiting blocker to continue...
2025-12-15 10:31:52,847-DEBUG-root-27284::webapp_internal::wait_blocker|2469:: Blocker status: False
2025-12-15 10:31:55,475-DEBUG-root-27284::webapp_internal::wait_blocker|2444:: Waiting blocker to continue...
2025-12-15 10:31:55,546-DEBUG-root-27284::webapp_internal::wait_blocker|2469:: Blocker status: False
2025-12-15 10:31:55,622-DEBUG-root-27284::webapp_internal::wait_element|7623:: Waiting for element
2025-12-15 10:31:55,667-DEBUG-root-27284::webapp_internal::wait_element|7653:: Element found! Waiting for element to be displayed.
2025-12-15 10:31:55,843-INFO-root-27284::webapp_internal::SetButton|4444:: Clicking on Fechar
2025-12-15 10:31:55,843-DEBUG-root-27284::webapp_internal::wait_blocker|2444:: Waiting blocker to continue...
2025-12-15 10:31:55,920-DEBUG-root-27284::webapp_internal::wait_blocker|2469:: Blocker status: False
2025-12-15 10:31:56,109-DEBUG-root-27284::webapp_internal::wait_element_timeout|7726:: Element found! Waiting for element to be displayed.
2025-12-15 10:31:56,181-DEBUG-root-27284::webapp_internal::SetButton|4481:: ***System Info*** Before Clicking on button:Fechar
2025-12-15 10:31:56,181-DEBUG-root-27284::psutil_info::system_info|5:: CPU USAGE: 11.9%
2025-12-15 10:31:56,181-DEBUG-root-27284::psutil_info::system_info|6:: MEMORY USAGE: 95.7%
2025-12-15 10:31:56,182-DEBUG-root-27284::psutil_info::system_info|7:: MEMORY AVAILABLE: 4.3%
2025-12-15 10:31:56,350-DEBUG-root-27284::webapp_internal::wait_element_timeout|7726:: Element found! Waiting for element to be displayed.
2025-12-15 10:31:56,455-DEBUG-root-27284::webapp_internal::wait_blocker|2444:: Waiting blocker to continue...
2025-12-15 10:31:56,535-DEBUG-root-27284::webapp_internal::wait_blocker|2469:: Blocker status: False
2025-12-15 10:31:56,552-DEBUG-root-27284::webapp_internal::wait_blocker|2444:: Waiting blocker to continue...
2025-12-15 10:31:56,634-DEBUG-root-27284::webapp_internal::wait_blocker|2469:: Blocker status: False
2025-12-15 10:31:56,634-DEBUG-root-27284::webapp_internal::send_action|10480:: Trying to send action
2025-12-15 10:31:56,636-DEBUG-root-27284::base::click|192:: Click Type: ClickType.JS
2025-12-15 10:31:57,669-DEBUG-root-27284::webapp_internal::send_action|10522:: send_action method result = True
2025-12-15 10:31:57,669-DEBUG-root-27284::webapp_internal::send_action|10523:: send_action selenium status: False
2025-12-15 10:31:57,670-DEBUG-root-27284::webapp_internal::SetButton|4683:: ***System Info*** After Clicking on button:
2025-12-15 10:31:57,670-DEBUG-root-27284::psutil_info::system_info|5:: CPU USAGE: 10.9%
2025-12-15 10:31:57,670-DEBUG-root-27284::psutil_info::system_info|6:: MEMORY USAGE: 95.5%
2025-12-15 10:31:57,670-DEBUG-root-27284::psutil_info::system_info|7:: MEMORY AVAILABLE: 4.5%
2025-12-15 10:31:57,671-DEBUG-root-27284::webapp_internal::wait_element|7623:: Waiting for element
2025-12-15 10:31:57,753-INFO-root-27284::webapp_internal::SetLateralMenu|4184:: Navigating lateral menu: Atualizações > Gestao de Viagens > Solicitações
2025-12-15 10:31:57,762-DEBUG-root-27284::webapp_internal::wait_element|7623:: Waiting for element
2025-12-15 10:31:57,802-DEBUG-root-27284::webapp_internal::wait_element|7653:: Element found! Waiting for element to be displayed.
2025-12-15 10:31:57,962-INFO-root-27284::webapp_internal::SetLateralMenu|4203:: Menu item: "Atualizações"
2025-12-15 10:31:57,962-DEBUG-root-27284::webapp_internal::wait_blocker|2444:: Waiting blocker to continue...
2025-12-15 10:31:58,026-DEBUG-root-27284::webapp_internal::wait_blocker|2469:: Blocker status: False
2025-12-15 10:31:58,419-DEBUG-root-27284::webapp_internal::wait_element_timeout|7726:: Element found! Waiting for element to be displayed.
2025-12-15 10:31:58,766-DEBUG-root-27284::webapp_internal::wait_blocker|2444:: Waiting blocker to continue...
2025-12-15 10:31:58,827-DEBUG-root-27284::webapp_internal::wait_blocker|2469:: Blocker status: False
2025-12-15 10:32:01,127-INFO-root-27284::webapp_internal::SetLateralMenu|4203:: Menu item: "Gestao de Viagens"
2025-12-15 10:32:01,128-DEBUG-root-27284::webapp_internal::wait_blocker|2444:: Waiting blocker to continue...
2025-12-15 10:32:01,221-DEBUG-root-27284::webapp_internal::wait_blocker|2469:: Blocker status: False
2025-12-15 10:32:01,930-DEBUG-root-27284::webapp_internal::wait_element_timeout|7726:: Element found! Waiting for element to be displayed.
2025-12-15 10:32:02,667-DEBUG-root-27284::webapp_internal::wait_blocker|2444:: Waiting blocker to continue...
2025-12-15 10:32:02,762-DEBUG-root-27284::webapp_internal::wait_blocker|2469:: Blocker status: False
2025-12-15 10:32:05,055-INFO-root-27284::webapp_internal::SetLateralMenu|4203:: Menu item: "Solicitações"
2025-12-15 10:32:05,056-DEBUG-root-27284::webapp_internal::wait_blocker|2444:: Waiting blocker to continue...
2025-12-15 10:32:05,132-DEBUG-root-27284::webapp_internal::wait_blocker|2469:: Blocker status: False
2025-12-15 10:32:05,950-DEBUG-root-27284::webapp_internal::wait_element_timeout|7726:: Element found! Waiting for element to be displayed.
2025-12-15 10:32:06,742-DEBUG-root-27284::webapp_internal::wait_blocker|2444:: Waiting blocker to continue...
2025-12-15 10:32:06,817-DEBUG-root-27284::webapp_internal::wait_blocker|2469:: Blocker status: False
2025-12-15 10:32:10,298-DEBUG-root-27284::webapp_internal::wait_blocker|2444:: Waiting blocker to continue...
2025-12-15 10:32:10,375-DEBUG-root-27284::webapp_internal::wait_blocker|2469:: Blocker status: False
2025-12-15 10:32:10,455-INFO-root-27284::webapp_internal::WaitShow|4980:: Waiting show text 'Este ambiente utiliza base de Homologação.'...
2025-12-15 10:32:15,596-INFO-root-27284::webapp_internal::WaitShow|4980:: Waiting show text 'Moedas'...
2025-12-15 10:32:21,078-INFO-root-27284::webapp_internal::WaitShow|4980:: Waiting show text 'Solicitação de Viagens/Treinamento'...
2025-12-15 10:32:21,140-INFO-root-27284::webapp_internal::WaitShow|4996:: Text found! 
2025-12-15 10:32:21,140-INFO-root-27284::webapp_internal::SetButton|4444:: Clicking on Incluir
2025-12-15 10:32:21,141-DEBUG-root-27284::webapp_internal::wait_blocker|2444:: Waiting blocker to continue...
2025-12-15 10:32:21,249-DEBUG-root-27284::webapp_internal::wait_blocker|2469:: Blocker status: False
2025-12-15 10:32:21,654-DEBUG-root-27284::webapp_internal::wait_element_timeout|7726:: Element found! Waiting for element to be displayed.
2025-12-15 10:32:21,944-DEBUG-root-27284::webapp_internal::SetButton|4481:: ***System Info*** Before Clicking on button:Incluir
2025-12-15 10:32:21,944-DEBUG-root-27284::psutil_info::system_info|5:: CPU USAGE: 10.6%
2025-12-15 10:32:21,944-DEBUG-root-27284::psutil_info::system_info|6:: MEMORY USAGE: 95.7%
2025-12-15 10:32:21,945-DEBUG-root-27284::psutil_info::system_info|7:: MEMORY AVAILABLE: 4.26%
2025-12-15 10:32:22,321-DEBUG-root-27284::webapp_internal::wait_element_timeout|7726:: Element found! Waiting for element to be displayed.
2025-12-15 10:32:22,668-DEBUG-root-27284::webapp_internal::wait_blocker|2444:: Waiting blocker to continue...
2025-12-15 10:32:22,779-DEBUG-root-27284::webapp_internal::wait_blocker|2469:: Blocker status: False
2025-12-15 10:32:22,801-DEBUG-root-27284::webapp_internal::wait_blocker|2444:: Waiting blocker to continue...
2025-12-15 10:32:22,897-DEBUG-root-27284::webapp_internal::wait_blocker|2469:: Blocker status: False
2025-12-15 10:32:22,897-DEBUG-root-27284::webapp_internal::send_action|10480:: Trying to send action
2025-12-15 10:32:22,899-DEBUG-root-27284::base::click|192:: Click Type: ClickType.JS
2025-12-15 10:32:24,147-DEBUG-root-27284::webapp_internal::send_action|10522:: send_action method result = True
2025-12-15 10:32:24,147-DEBUG-root-27284::webapp_internal::send_action|10523:: send_action selenium status: True
2025-12-15 10:32:24,147-DEBUG-root-27284::webapp_internal::SetButton|4683:: ***System Info*** After Clicking on button:
2025-12-15 10:32:24,148-DEBUG-root-27284::psutil_info::system_info|5:: CPU USAGE: 9.3%
2025-12-15 10:32:24,148-DEBUG-root-27284::psutil_info::system_info|6:: MEMORY USAGE: 95.8%
2025-12-15 10:32:24,149-DEBUG-root-27284::psutil_info::system_info|7:: MEMORY AVAILABLE: 4.22%
2025-12-15 10:32:24,349-DEBUG-root-27284::webapp_internal::wait_blocker|2444:: Waiting blocker to continue...
2025-12-15 10:32:24,449-DEBUG-root-27284::webapp_internal::wait_blocker|2469:: Blocker status: False
2025-12-15 10:32:24,449-INFO-root-27284::webapp_internal::SearchBrowse|2003:: Searching: 02DF0001
2025-12-15 10:32:24,602-DEBUG-root-27284::webapp_internal::wait_element_timeout|7726:: Element found! Waiting for element to be displayed.
2025-12-15 10:32:24,712-DEBUG-root-27284::webapp_internal::wait_blocker|2444:: Waiting blocker to continue...
2025-12-15 10:32:24,815-DEBUG-root-27284::webapp_internal::wait_blocker|2469:: Blocker status: False
2025-12-15 10:32:24,821-DEBUG-root-27284::webapp_internal::wait_blocker|2444:: Waiting blocker to continue...
2025-12-15 10:32:24,935-DEBUG-root-27284::webapp_internal::wait_blocker|2469:: Blocker status: False
2025-12-15 10:32:24,935-INFO-root-27284::webapp_internal::fill_search_browse|2399:: Filling: 02DF0001
2025-12-15 10:32:24,951-DEBUG-root-27284::base::click|192:: Click Type: ClickType.JS
2025-12-15 10:32:26,072-DEBUG-root-27284::webapp_internal::wait_blocker|2444:: Waiting blocker to continue...
2025-12-15 10:32:26,182-DEBUG-root-27284::webapp_internal::wait_blocker|2469:: Blocker status: False
2025-12-15 10:32:26,184-DEBUG-root-27284::base::double_click|259:: Click Type: ClickType.SELENIUM
2025-12-15 10:32:26,189-WARNING-root-27284::base::double_click|280:: Warning double_click method Exception: Message: Element <button class="button-image" type="button"> is not clickable at point (1258,360) because another element <wa-button id="COMP6023" class="dict-tbutton focus"> obscures it
Stacktrace:
RemoteError@chrome://remote/content/shared/RemoteError.sys.mjs:8:8
WebDriverError@chrome://remote/content/shared/webdriver/Errors.sys.mjs:202:5
ElementClickInterceptedError@chrome://remote/content/shared/webdriver/Errors.sys.mjs:354:5
webdriverClickElement@chrome://remote/content/marionette/interaction.sys.mjs:175:11
interaction.clickElement@chrome://remote/content/marionette/interaction.sys.mjs:134:11
clickElement@chrome://remote/content/marionette/actors/MarionetteCommandsChild.sys.mjs:327:29
receiveMessage@chrome://remote/content/marionette/actors/MarionetteCommandsChild.sys.mjs:210:31

2025-12-15 10:32:26,499-INFO-root-27284::webapp_internal::SetButton|4444:: Clicking on OK
2025-12-15 10:32:26,499-DEBUG-root-27284::webapp_internal::wait_blocker|2444:: Waiting blocker to continue...
2025-12-15 10:32:26,629-DEBUG-root-27284::webapp_internal::wait_blocker|2469:: Blocker status: False
2025-12-15 10:32:26,946-DEBUG-root-27284::webapp_internal::wait_element_timeout|7726:: Element found! Waiting for element to be displayed.
2025-12-15 10:32:27,165-DEBUG-root-27284::webapp_internal::SetButton|4481:: ***System Info*** Before Clicking on button:OK
2025-12-15 10:32:27,166-DEBUG-root-27284::psutil_info::system_info|5:: CPU USAGE: 11.0%
2025-12-15 10:32:27,166-DEBUG-root-27284::psutil_info::system_info|6:: MEMORY USAGE: 95.5%
2025-12-15 10:32:27,167-DEBUG-root-27284::psutil_info::system_info|7:: MEMORY AVAILABLE: 4.48%
2025-12-15 10:32:27,497-DEBUG-root-27284::webapp_internal::wait_element_timeout|7726:: Element found! Waiting for element to be displayed.
2025-12-15 10:32:27,745-DEBUG-root-27284::webapp_internal::wait_blocker|2444:: Waiting blocker to continue...
2025-12-15 10:32:27,848-DEBUG-root-27284::webapp_internal::wait_blocker|2469:: Blocker status: False
2025-12-15 10:32:27,877-DEBUG-root-27284::webapp_internal::wait_blocker|2444:: Waiting blocker to continue...
2025-12-15 10:32:27,996-DEBUG-root-27284::webapp_internal::wait_blocker|2469:: Blocker status: False
2025-12-15 10:32:27,996-DEBUG-root-27284::webapp_internal::send_action|10480:: Trying to send action
2025-12-15 10:32:27,998-DEBUG-root-27284::base::click|192:: Click Type: ClickType.JS
2025-12-15 10:32:30,719-DEBUG-root-27284::webapp_internal::send_action|10522:: send_action method result = True
2025-12-15 10:32:30,720-DEBUG-root-27284::webapp_internal::send_action|10523:: send_action selenium status: True
2025-12-15 10:32:30,720-DEBUG-root-27284::webapp_internal::SetButton|4683:: ***System Info*** After Clicking on button:
2025-12-15 10:32:30,720-DEBUG-root-27284::psutil_info::system_info|5:: CPU USAGE: 13.3%
2025-12-15 10:32:30,720-DEBUG-root-27284::psutil_info::system_info|6:: MEMORY USAGE: 94.5%
2025-12-15 10:32:30,721-DEBUG-root-27284::psutil_info::system_info|7:: MEMORY AVAILABLE: 5.48%
2025-12-15 10:32:30,922-INFO-root-27284::webapp_internal::WaitShow|4980:: Waiting show text 'Solicitacoes de Viagens - INCLUIR'...
2025-12-15 10:32:31,197-INFO-root-27284::webapp_internal::WaitShow|4996:: Text found! 
2025-12-15 10:32:32,639-DEBUG-root-27284::webapp_internal::get_web_value|3232:: Current value: 003689
2025-12-15 10:32:32,640-INFO-root-27284::webapp_internal::GetValue|3393:: Current value: 003689
2025-12-15 10:32:32,640-DEBUG-root-27284::webapp_internal::wait_blocker|2444:: Waiting blocker to continue...
2025-12-15 10:32:32,796-DEBUG-root-27284::webapp_internal::wait_blocker|2469:: Blocker status: False
2025-12-15 10:32:32,796-DEBUG-root-27284::webapp_internal::wait_element|7623:: Waiting for element
2025-12-15 10:32:32,919-DEBUG-root-27284::webapp_internal::wait_element|7653:: Element found! Waiting for element to be displayed.
2025-12-15 10:32:33,001-INFO-root-27284::webapp_internal::input_value|2941:: Looking for element: ZV3_DESCRI
2025-12-15 10:32:33,216-INFO-root-27284::webapp_internal::input_value|2951:: Element: ZV3_DESCRI Found!
2025-12-15 10:32:33,216-INFO-root-27284::webapp_internal::input_value|2953:: Filling element: ZV3_DESCRI
2025-12-15 10:32:33,298-DEBUG-root-27284::webapp_internal::get_web_value|3232:: Current value:                                                   
2025-12-15 10:32:33,362-DEBUG-root-27284::base::double_click|259:: Click Type: ClickType.SELENIUM
2025-12-15 10:32:33,622-DEBUG-root-27284::webapp_internal::wait_blocker|2444:: Waiting blocker to continue...
2025-12-15 10:32:33,787-DEBUG-root-27284::webapp_internal::wait_blocker|2469:: Blocker status: False
2025-12-15 10:32:34,146-DEBUG-root-27284::webapp_internal::get_web_value|3232:: Current value: TESTE AUTOMATIZADO                                
2025-12-15 10:32:34,146-INFO-root-27284::webapp_internal::input_value|3059:: Current field value: TESTE AUTOMATIZADO
2025-12-15 10:32:34,183-DEBUG-root-27284::webapp_internal::wait_blocker|2444:: Waiting blocker to continue...
2025-12-15 10:32:34,348-DEBUG-root-27284::webapp_internal::wait_blocker|2469:: Blocker status: False
2025-12-15 10:32:34,348-DEBUG-root-27284::webapp_internal::wait_element|7623:: Waiting for element
2025-12-15 10:32:34,435-DEBUG-root-27284::webapp_internal::wait_element|7653:: Element found! Waiting for element to be displayed.
2025-12-15 10:32:34,520-INFO-root-27284::webapp_internal::input_value|2941:: Looking for element: ZV3_DTINI
2025-12-15 10:32:34,724-INFO-root-27284::webapp_internal::input_value|2951:: Element: ZV3_DTINI Found!
2025-12-15 10:32:34,724-INFO-root-27284::webapp_internal::input_value|2953:: Filling element: ZV3_DTINI
2025-12-15 10:32:34,769-DEBUG-root-27284::webapp_internal::get_web_value|3232:: Current value:   /  /    
2025-12-15 10:32:34,816-DEBUG-root-27284::base::double_click|259:: Click Type: ClickType.SELENIUM
2025-12-15 10:32:35,088-DEBUG-root-27284::webapp_internal::wait_blocker|2444:: Waiting blocker to continue...
2025-12-15 10:32:35,227-DEBUG-root-27284::webapp_internal::wait_blocker|2469:: Blocker status: False
2025-12-15 10:32:35,567-DEBUG-root-27284::webapp_internal::get_web_value|3232:: Current value: 20/12/2025
2025-12-15 10:32:35,568-INFO-root-27284::webapp_internal::input_value|3059:: Current field value: 20122025
2025-12-15 10:32:35,581-DEBUG-root-27284::webapp_internal::wait_blocker|2444:: Waiting blocker to continue...
2025-12-15 10:32:35,739-DEBUG-root-27284::webapp_internal::wait_blocker|2469:: Blocker status: False
2025-12-15 10:32:35,739-DEBUG-root-27284::webapp_internal::wait_element|7623:: Waiting for element
2025-12-15 10:32:35,829-DEBUG-root-27284::webapp_internal::wait_element|7653:: Element found! Waiting for element to be displayed.
2025-12-15 10:32:35,975-INFO-root-27284::webapp_internal::input_value|2941:: Looking for element: ZV3_DTFIM
2025-12-15 10:32:36,168-INFO-root-27284::webapp_internal::input_value|2951:: Element: ZV3_DTFIM Found!
2025-12-15 10:32:36,168-INFO-root-27284::webapp_internal::input_value|2953:: Filling element: ZV3_DTFIM
2025-12-15 10:32:36,213-DEBUG-root-27284::webapp_internal::get_web_value|3232:: Current value:   /  /    
2025-12-15 10:32:36,267-DEBUG-root-27284::base::double_click|259:: Click Type: ClickType.SELENIUM
2025-12-15 10:32:36,531-DEBUG-root-27284::webapp_internal::wait_blocker|2444:: Waiting blocker to continue...
2025-12-15 10:32:36,699-DEBUG-root-27284::webapp_internal::wait_blocker|2469:: Blocker status: False
2025-12-15 10:32:37,047-DEBUG-root-27284::webapp_internal::get_web_value|3232:: Current value: 25/12/2025
2025-12-15 10:32:37,047-INFO-root-27284::webapp_internal::input_value|3059:: Current field value: 25122025
2025-12-15 10:32:38,063-DEBUG-root-27284::webapp_internal::wait_blocker|2444:: Waiting blocker to continue...
2025-12-15 10:32:38,200-DEBUG-root-27284::webapp_internal::wait_blocker|2469:: Blocker status: False
2025-12-15 10:32:38,201-DEBUG-root-27284::webapp_internal::wait_element|7623:: Waiting for element
2025-12-15 10:32:38,304-DEBUG-root-27284::webapp_internal::wait_element|7653:: Element found! Waiting for element to be displayed.
2025-12-15 10:32:38,372-INFO-root-27284::webapp_internal::input_value|2941:: Looking for element: ZV3_CC
2025-12-15 10:32:38,564-INFO-root-27284::webapp_internal::input_value|2951:: Element: ZV3_CC Found!
2025-12-15 10:32:38,565-INFO-root-27284::webapp_internal::input_value|2953:: Filling element: ZV3_CC
2025-12-15 10:32:38,589-DEBUG-root-27284::webapp_internal::get_web_value|3232:: Current value:          
2025-12-15 10:32:38,632-DEBUG-root-27284::base::double_click|259:: Click Type: ClickType.SELENIUM
2025-12-15 10:32:38,897-DEBUG-root-27284::webapp_internal::wait_blocker|2444:: Waiting blocker to continue...
2025-12-15 10:32:39,050-DEBUG-root-27284::webapp_internal::wait_blocker|2469:: Blocker status: False
2025-12-15 10:32:39,388-DEBUG-root-27284::webapp_internal::get_web_value|3232:: Current value: 000000677
2025-12-15 10:32:39,388-INFO-root-27284::webapp_internal::input_value|3059:: Current field value: 000000677
2025-12-15 10:32:39,400-DEBUG-root-27284::webapp_internal::wait_blocker|2444:: Waiting blocker to continue...
2025-12-15 10:32:39,582-DEBUG-root-27284::webapp_internal::wait_blocker|2469:: Blocker status: False
2025-12-15 10:32:39,582-DEBUG-root-27284::webapp_internal::wait_element|7623:: Waiting for element
2025-12-15 10:32:39,680-DEBUG-root-27284::webapp_internal::wait_element|7653:: Element found! Waiting for element to be displayed.
2025-12-15 10:32:39,754-INFO-root-27284::webapp_internal::input_value|2941:: Looking for element: ZV3_TIPO
2025-12-15 10:32:39,937-INFO-root-27284::webapp_internal::input_value|2951:: Element: ZV3_TIPO Found!
2025-12-15 10:32:39,938-INFO-root-27284::webapp_internal::input_value|2953:: Filling element: ZV3_TIPO
2025-12-15 10:32:41,154-INFO-root-27284::base::select_combo|871:: Selected value for combo is: 1 - Servico
2025-12-15 10:32:41,204-DEBUG-root-27284::webapp_internal::wait_blocker|2444:: Waiting blocker to continue...
2025-12-15 10:32:41,356-DEBUG-root-27284::webapp_internal::wait_blocker|2469:: Blocker status: False
2025-12-15 10:32:41,356-DEBUG-root-27284::webapp_internal::wait_element|7623:: Waiting for element
2025-12-15 10:32:41,447-DEBUG-root-27284::webapp_internal::wait_element|7653:: Element found! Waiting for element to be displayed.
2025-12-15 10:32:41,519-INFO-root-27284::webapp_internal::input_value|2941:: Looking for element: ZV3_OBS
2025-12-15 10:32:41,739-INFO-root-27284::webapp_internal::input_value|2951:: Element: ZV3_OBS Found!
2025-12-15 10:32:41,739-INFO-root-27284::webapp_internal::input_value|2953:: Filling element: ZV3_OBS
2025-12-15 10:32:41,780-DEBUG-root-27284::webapp_internal::get_web_value|3232:: Current value: 
2025-12-15 10:32:41,816-DEBUG-root-27284::base::double_click|259:: Click Type: ClickType.SELENIUM
2025-12-15 10:32:42,073-DEBUG-root-27284::webapp_internal::wait_blocker|2444:: Waiting blocker to continue...
2025-12-15 10:32:42,213-DEBUG-root-27284::webapp_internal::wait_blocker|2469:: Blocker status: False
2025-12-15 10:32:42,566-DEBUG-root-27284::webapp_internal::get_web_value|3232:: Current value: TESTE DE SOLICITAÇÃO DE VIAGEM
2025-12-15 10:32:42,566-INFO-root-27284::webapp_internal::input_value|3059:: Current field value: TESTE DE SOLICITAÇÃO DE VIAGEM
2025-12-15 10:32:42,582-DEBUG-root-27284::webapp_internal::wait_blocker|2444:: Waiting blocker to continue...
2025-12-15 10:32:42,722-DEBUG-root-27284::webapp_internal::wait_blocker|2469:: Blocker status: False
2025-12-15 10:32:42,722-INFO-root-27284::webapp_internal::SetKey|5822:: Key pressed: TAB
2025-12-15 10:32:42,724-DEBUG-root-27284::webapp_internal::SetKey|5857:: Trying press key
2025-12-15 10:32:42,869-DEBUG-root-27284::webapp_internal::wait_blocker|2444:: Waiting blocker to continue...
2025-12-15 10:32:43,002-DEBUG-root-27284::webapp_internal::wait_blocker|2469:: Blocker status: False
2025-12-15 10:32:43,032-DEBUG-root-27284::webapp_internal::wait_blocker|2444:: Waiting blocker to continue...
2025-12-15 10:32:43,172-DEBUG-root-27284::webapp_internal::wait_blocker|2469:: Blocker status: False
2025-12-15 10:32:43,172-DEBUG-root-27284::webapp_internal::send_action|10480:: Trying to send action
2025-12-15 10:32:44,221-DEBUG-root-27284::webapp_internal::send_action|10522:: send_action method result = True
2025-12-15 10:32:44,221-DEBUG-root-27284::webapp_internal::send_action|10523:: send_action selenium status: False
2025-12-15 10:32:44,221-DEBUG-root-27284::webapp_internal::wait_element|7623:: Waiting for element
2025-12-15 10:32:44,335-DEBUG-root-27284::webapp_internal::wait_element|7653:: Element found! Waiting for element to be displayed.
2025-12-15 10:32:44,611-DEBUG-root-27284::webapp_internal::wait_blocker|2444:: Waiting blocker to continue...
2025-12-15 10:32:44,747-DEBUG-root-27284::webapp_internal::wait_blocker|2469:: Blocker status: False
2025-12-15 10:32:44,747-INFO-root-27284::webapp_internal::LoadGrid|6298:: Filling grid field: Favorecido
2025-12-15 10:32:44,748-DEBUG-root-27284::webapp_internal::fill_grid|6399:: Grid loading...
2025-12-15 10:32:44,918-DEBUG-root-27284::webapp_internal::fill_grid|6466:: Column found!
2025-12-15 10:32:44,960-DEBUG-root-27284::base::click|192:: Click Type: ClickType.ACTIONCHAINS
2025-12-15 10:32:45,262-DEBUG-root-27284::webapp_internal::fill_grid|6486:: Trying to select cell in grid!
2025-12-15 10:32:45,265-DEBUG-root-27284::base::click|192:: Click Type: ClickType.ACTIONCHAINS
2025-12-15 10:32:45,548-DEBUG-root-27284::webapp_internal::fill_grid|6486:: Trying to select cell in grid!
2025-12-15 10:32:45,550-DEBUG-root-27284::base::click|192:: Click Type: ClickType.ACTIONCHAINS
2025-12-15 10:32:45,844-DEBUG-root-27284::webapp_internal::fill_grid|6486:: Trying to select cell in grid!
2025-12-15 10:32:45,847-DEBUG-root-27284::base::click|192:: Click Type: ClickType.ACTIONCHAINS
2025-12-15 10:32:46,136-DEBUG-root-27284::webapp_internal::fill_grid|6486:: Trying to select cell in grid!
2025-12-15 10:32:46,138-DEBUG-root-27284::base::click|192:: Click Type: ClickType.ACTIONCHAINS
2025-12-15 10:32:46,445-DEBUG-root-27284::webapp_internal::fill_grid|6486:: Trying to select cell in grid!
2025-12-15 10:32:46,448-DEBUG-root-27284::base::click|192:: Click Type: ClickType.ACTIONCHAINS
2025-12-15 10:32:46,736-DEBUG-root-27284::webapp_internal::fill_grid|6486:: Trying to select cell in grid!
2025-12-15 10:32:46,737-DEBUG-root-27284::base::click|192:: Click Type: ClickType.ACTIONCHAINS
2025-12-15 10:32:47,032-DEBUG-root-27284::webapp_internal::fill_grid|6486:: Trying to select cell in grid!
2025-12-15 10:32:47,035-DEBUG-root-27284::base::click|192:: Click Type: ClickType.ACTIONCHAINS
2025-12-15 10:32:47,321-DEBUG-root-27284::webapp_internal::fill_grid|6486:: Trying to select cell in grid!
2025-12-15 10:32:47,327-DEBUG-root-27284::base::click|192:: Click Type: ClickType.ACTIONCHAINS
2025-12-15 10:32:47,617-DEBUG-root-27284::webapp_internal::fill_grid|6486:: Trying to select cell in grid!
2025-12-15 10:32:47,619-DEBUG-root-27284::base::click|192:: Click Type: ClickType.ACTIONCHAINS
2025-12-15 10:32:47,902-DEBUG-root-27284::webapp_internal::fill_grid|6486:: Trying to select cell in grid!
2025-12-15 10:32:47,904-DEBUG-root-27284::base::click|192:: Click Type: ClickType.ACTIONCHAINS
2025-12-15 10:32:48,189-DEBUG-root-27284::webapp_internal::fill_grid|6486:: Trying to select cell in grid!
2025-12-15 10:32:48,194-DEBUG-root-27284::base::click|192:: Click Type: ClickType.ACTIONCHAINS
2025-12-15 10:32:48,485-DEBUG-root-27284::webapp_internal::fill_grid|6486:: Trying to select cell in grid!
2025-12-15 10:32:48,487-DEBUG-root-27284::base::click|192:: Click Type: ClickType.ACTIONCHAINS
2025-12-15 10:32:48,788-DEBUG-root-27284::webapp_internal::fill_grid|6486:: Trying to select cell in grid!
2025-12-15 10:32:48,796-DEBUG-root-27284::base::click|192:: Click Type: ClickType.ACTIONCHAINS
2025-12-15 10:32:49,089-DEBUG-root-27284::webapp_internal::fill_grid|6486:: Trying to select cell in grid!
2025-12-15 10:32:49,096-DEBUG-root-27284::base::click|192:: Click Type: ClickType.ACTIONCHAINS
2025-12-15 10:32:49,383-DEBUG-root-27284::webapp_internal::fill_grid|6486:: Trying to select cell in grid!
2025-12-15 10:32:49,385-DEBUG-root-27284::base::click|192:: Click Type: ClickType.ACTIONCHAINS
2025-12-15 10:32:49,652-DEBUG-root-27284::webapp_internal::fill_grid|6486:: Trying to select cell in grid!
2025-12-15 10:32:49,654-DEBUG-root-27284::base::click|192:: Click Type: ClickType.ACTIONCHAINS
2025-12-15 10:32:49,947-DEBUG-root-27284::webapp_internal::fill_grid|6486:: Trying to select cell in grid!
2025-12-15 10:32:49,949-DEBUG-root-27284::base::click|192:: Click Type: ClickType.ACTIONCHAINS
2025-12-15 10:32:50,239-DEBUG-root-27284::webapp_internal::fill_grid|6486:: Trying to select cell in grid!
2025-12-15 10:32:50,245-DEBUG-root-27284::base::click|192:: Click Type: ClickType.ACTIONCHAINS
2025-12-15 10:32:50,537-DEBUG-root-27284::webapp_internal::fill_grid|6486:: Trying to select cell in grid!
2025-12-15 10:32:50,538-DEBUG-root-27284::base::click|192:: Click Type: ClickType.ACTIONCHAINS
2025-12-15 10:32:50,836-DEBUG-root-27284::webapp_internal::fill_grid|6486:: Trying to select cell in grid!
2025-12-15 10:32:50,838-DEBUG-root-27284::base::click|192:: Click Type: ClickType.ACTIONCHAINS
2025-12-15 10:32:51,128-DEBUG-root-27284::webapp_internal::fill_grid|6486:: Trying to select cell in grid!
2025-12-15 10:32:51,131-DEBUG-root-27284::base::click|192:: Click Type: ClickType.ACTIONCHAINS
2025-12-15 10:32:51,419-DEBUG-root-27284::webapp_internal::fill_grid|6486:: Trying to select cell in grid!
2025-12-15 10:32:51,422-DEBUG-root-27284::base::click|192:: Click Type: ClickType.ACTIONCHAINS
2025-12-15 10:32:51,718-DEBUG-root-27284::webapp_internal::fill_grid|6486:: Trying to select cell in grid!
2025-12-15 10:32:51,720-DEBUG-root-27284::base::click|192:: Click Type: ClickType.ACTIONCHAINS
2025-12-15 10:32:52,021-DEBUG-root-27284::webapp_internal::fill_grid|6486:: Trying to select cell in grid!
2025-12-15 10:32:52,028-DEBUG-root-27284::base::click|192:: Click Type: ClickType.ACTIONCHAINS
2025-12-15 10:32:52,316-DEBUG-root-27284::webapp_internal::fill_grid|6486:: Trying to select cell in grid!
2025-12-15 10:32:52,318-DEBUG-root-27284::base::click|192:: Click Type: ClickType.ACTIONCHAINS
2025-12-15 10:32:52,611-DEBUG-root-27284::webapp_internal::fill_grid|6486:: Trying to select cell in grid!
2025-12-15 10:32:52,613-DEBUG-root-27284::base::click|192:: Click Type: ClickType.ACTIONCHAINS
2025-12-15 10:32:52,905-DEBUG-root-27284::webapp_internal::fill_grid|6486:: Trying to select cell in grid!
2025-12-15 10:32:52,911-DEBUG-root-27284::base::click|192:: Click Type: ClickType.ACTIONCHAINS
2025-12-15 10:32:53,202-DEBUG-root-27284::webapp_internal::fill_grid|6486:: Trying to select cell in grid!
2025-12-15 10:32:53,204-DEBUG-root-27284::base::click|192:: Click Type: ClickType.ACTIONCHAINS
2025-12-15 10:32:53,502-DEBUG-root-27284::webapp_internal::fill_grid|6486:: Trying to select cell in grid!
2025-12-15 10:32:53,504-DEBUG-root-27284::base::click|192:: Click Type: ClickType.ACTIONCHAINS
2025-12-15 10:32:53,798-DEBUG-root-27284::webapp_internal::fill_grid|6486:: Trying to select cell in grid!
2025-12-15 10:32:53,800-DEBUG-root-27284::base::click|192:: Click Type: ClickType.ACTIONCHAINS
2025-12-15 10:32:54,089-DEBUG-root-27284::webapp_internal::fill_grid|6486:: Trying to select cell in grid!
2025-12-15 10:32:54,095-DEBUG-root-27284::base::click|192:: Click Type: ClickType.ACTIONCHAINS
2025-12-15 10:32:54,387-DEBUG-root-27284::webapp_internal::fill_grid|6486:: Trying to select cell in grid!
2025-12-15 10:32:54,389-DEBUG-root-27284::base::click|192:: Click Type: ClickType.ACTIONCHAINS
2025-12-15 10:32:54,656-DEBUG-root-27284::webapp_internal::fill_grid|6486:: Trying to select cell in grid!
2025-12-15 10:32:54,661-DEBUG-root-27284::base::click|192:: Click Type: ClickType.ACTIONCHAINS
2025-12-15 10:32:54,951-DEBUG-root-27284::webapp_internal::fill_grid|6486:: Trying to select cell in grid!
2025-12-15 10:32:54,954-DEBUG-root-27284::base::click|192:: Click Type: ClickType.ACTIONCHAINS
2025-12-15 10:32:55,247-DEBUG-root-27284::webapp_internal::fill_grid|6486:: Trying to select cell in grid!
2025-12-15 10:32:55,249-DEBUG-root-27284::base::click|192:: Click Type: ClickType.ACTIONCHAINS
2025-12-15 10:32:55,536-DEBUG-root-27284::webapp_internal::fill_grid|6486:: Trying to select cell in grid!
2025-12-15 10:32:55,538-DEBUG-root-27284::base::click|192:: Click Type: ClickType.ACTIONCHAINS
2025-12-15 10:32:55,832-DEBUG-root-27284::webapp_internal::fill_grid|6486:: Trying to select cell in grid!
2025-12-15 10:32:55,836-DEBUG-root-27284::base::click|192:: Click Type: ClickType.ACTIONCHAINS
2025-12-15 10:32:56,130-DEBUG-root-27284::webapp_internal::fill_grid|6486:: Trying to select cell in grid!
2025-12-15 10:32:56,132-DEBUG-root-27284::base::click|192:: Click Type: ClickType.ACTIONCHAINS
2025-12-15 10:32:56,419-DEBUG-root-27284::webapp_internal::fill_grid|6486:: Trying to select cell in grid!
2025-12-15 10:32:56,421-DEBUG-root-27284::base::click|192:: Click Type: ClickType.ACTIONCHAINS
2025-12-15 10:32:56,718-DEBUG-root-27284::webapp_internal::fill_grid|6486:: Trying to select cell in grid!
2025-12-15 10:32:56,720-DEBUG-root-27284::base::click|192:: Click Type: ClickType.ACTIONCHAINS
2025-12-15 10:32:57,005-DEBUG-root-27284::webapp_internal::fill_grid|6486:: Trying to select cell in grid!
2025-12-15 10:32:57,011-DEBUG-root-27284::base::click|192:: Click Type: ClickType.ACTIONCHAINS
2025-12-15 10:32:57,301-DEBUG-root-27284::webapp_internal::fill_grid|6486:: Trying to select cell in grid!
2025-12-15 10:32:57,303-DEBUG-root-27284::base::click|192:: Click Type: ClickType.ACTIONCHAINS
2025-12-15 10:32:57,598-DEBUG-root-27284::webapp_internal::fill_grid|6486:: Trying to select cell in grid!
2025-12-15 10:32:57,599-DEBUG-root-27284::base::click|192:: Click Type: ClickType.ACTIONCHAINS
2025-12-15 10:32:57,894-DEBUG-root-27284::webapp_internal::fill_grid|6486:: Trying to select cell in grid!
2025-12-15 10:32:57,897-DEBUG-root-27284::base::click|192:: Click Type: ClickType.ACTIONCHAINS
2025-12-15 10:32:58,185-DEBUG-root-27284::webapp_internal::fill_grid|6486:: Trying to select cell in grid!
2025-12-15 10:32:58,187-DEBUG-root-27284::base::click|192:: Click Type: ClickType.ACTIONCHAINS
2025-12-15 10:32:58,481-DEBUG-root-27284::webapp_internal::fill_grid|6486:: Trying to select cell in grid!
2025-12-15 10:32:58,484-DEBUG-root-27284::base::click|192:: Click Type: ClickType.ACTIONCHAINS
2025-12-15 10:32:58,770-DEBUG-root-27284::webapp_internal::fill_grid|6486:: Trying to select cell in grid!
2025-12-15 10:32:58,772-DEBUG-root-27284::base::click|192:: Click Type: ClickType.ACTIONCHAINS
2025-12-15 10:32:59,068-DEBUG-root-27284::webapp_internal::fill_grid|6486:: Trying to select cell in grid!
2025-12-15 10:32:59,070-DEBUG-root-27284::base::click|192:: Click Type: ClickType.ACTIONCHAINS
2025-12-15 10:32:59,361-DEBUG-root-27284::webapp_internal::fill_grid|6486:: Trying to select cell in grid!
2025-12-15 10:32:59,364-DEBUG-root-27284::base::click|192:: Click Type: ClickType.ACTIONCHAINS
2025-12-15 10:32:59,627-DEBUG-root-27284::webapp_internal::fill_grid|6486:: Trying to select cell in grid!
2025-12-15 10:32:59,630-DEBUG-root-27284::base::click|192:: Click Type: ClickType.ACTIONCHAINS
2025-12-15 10:32:59,917-DEBUG-root-27284::webapp_internal::fill_grid|6486:: Trying to select cell in grid!
2025-12-15 10:32:59,919-DEBUG-root-27284::base::click|192:: Click Type: ClickType.ACTIONCHAINS
2025-12-15 10:33:00,217-DEBUG-root-27284::webapp_internal::fill_grid|6486:: Trying to select cell in grid!
2025-12-15 10:33:00,219-DEBUG-root-27284::base::click|192:: Click Type: ClickType.ACTIONCHAINS
2025-12-15 10:33:00,514-DEBUG-root-27284::webapp_internal::fill_grid|6486:: Trying to select cell in grid!
2025-12-15 10:33:00,516-DEBUG-root-27284::base::click|192:: Click Type: ClickType.ACTIONCHAINS
2025-12-15 10:33:00,802-DEBUG-root-27284::webapp_internal::fill_grid|6486:: Trying to select cell in grid!
2025-12-15 10:33:00,804-DEBUG-root-27284::base::click|192:: Click Type: ClickType.ACTIONCHAINS
2025-12-15 10:33:01,100-DEBUG-root-27284::webapp_internal::fill_grid|6486:: Trying to select cell in grid!
2025-12-15 10:33:01,103-DEBUG-root-27284::base::click|192:: Click Type: ClickType.ACTIONCHAINS
2025-12-15 10:33:01,389-DEBUG-root-27284::webapp_internal::fill_grid|6486:: Trying to select cell in grid!
2025-12-15 10:33:01,394-DEBUG-root-27284::base::click|192:: Click Type: ClickType.ACTIONCHAINS
2025-12-15 10:33:01,684-DEBUG-root-27284::webapp_internal::fill_grid|6486:: Trying to select cell in grid!
2025-12-15 10:33:01,686-DEBUG-root-27284::base::click|192:: Click Type: ClickType.ACTIONCHAINS
2025-12-15 10:33:01,965-DEBUG-root-27284::webapp_internal::fill_grid|6486:: Trying to select cell in grid!
2025-12-15 10:33:01,967-DEBUG-root-27284::base::click|192:: Click Type: ClickType.ACTIONCHAINS
2025-12-15 10:33:02,255-DEBUG-root-27284::webapp_internal::fill_grid|6486:: Trying to select cell in grid!
2025-12-15 10:33:02,261-DEBUG-root-27284::base::click|192:: Click Type: ClickType.ACTIONCHAINS
2025-12-15 10:33:02,553-DEBUG-root-27284::webapp_internal::fill_grid|6486:: Trying to select cell in grid!
2025-12-15 10:33:02,556-DEBUG-root-27284::base::click|192:: Click Type: ClickType.ACTIONCHAINS
2025-12-15 10:33:02,852-DEBUG-root-27284::webapp_internal::fill_grid|6486:: Trying to select cell in grid!
2025-12-15 10:33:02,856-DEBUG-root-27284::base::click|192:: Click Type: ClickType.ACTIONCHAINS
2025-12-15 10:33:03,151-DEBUG-root-27284::webapp_internal::fill_grid|6486:: Trying to select cell in grid!
2025-12-15 10:33:03,152-DEBUG-root-27284::base::click|192:: Click Type: ClickType.ACTIONCHAINS
2025-12-15 10:33:03,438-DEBUG-root-27284::webapp_internal::fill_grid|6486:: Trying to select cell in grid!
2025-12-15 10:33:03,444-DEBUG-root-27284::base::click|192:: Click Type: ClickType.ACTIONCHAINS
2025-12-15 10:33:03,735-DEBUG-root-27284::webapp_internal::fill_grid|6486:: Trying to select cell in grid!
2025-12-15 10:33:03,737-DEBUG-root-27284::base::click|192:: Click Type: ClickType.ACTIONCHAINS
2025-12-15 10:33:04,030-DEBUG-root-27284::webapp_internal::fill_grid|6486:: Trying to select cell in grid!
2025-12-15 10:33:04,033-DEBUG-root-27284::base::click|192:: Click Type: ClickType.ACTIONCHAINS
2025-12-15 10:33:04,317-DEBUG-root-27284::webapp_internal::fill_grid|6486:: Trying to select cell in grid!
2025-12-15 10:33:04,319-DEBUG-root-27284::base::click|192:: Click Type: ClickType.ACTIONCHAINS
2025-12-15 10:33:04,614-DEBUG-root-27284::webapp_internal::fill_grid|6486:: Trying to select cell in grid!
2025-12-15 10:33:04,616-DEBUG-root-27284::base::click|192:: Click Type: ClickType.ACTIONCHAINS
2025-12-15 10:33:04,902-DEBUG-root-27284::webapp_internal::fill_grid|6486:: Trying to select cell in grid!
2025-12-15 10:33:04,904-DEBUG-root-27284::base::click|192:: Click Type: ClickType.ACTIONCHAINS
2025-12-15 10:33:05,201-DEBUG-root-27284::webapp_internal::fill_grid|6486:: Trying to select cell in grid!
2025-12-15 10:33:05,204-DEBUG-root-27284::base::click|192:: Click Type: ClickType.ACTIONCHAINS
2025-12-15 10:33:05,497-DEBUG-root-27284::webapp_internal::fill_grid|6486:: Trying to select cell in grid!
2025-12-15 10:33:05,499-DEBUG-root-27284::base::click|192:: Click Type: ClickType.ACTIONCHAINS
2025-12-15 10:33:05,788-DEBUG-root-27284::webapp_internal::fill_grid|6486:: Trying to select cell in grid!
2025-12-15 10:33:05,794-DEBUG-root-27284::base::click|192:: Click Type: ClickType.ACTIONCHAINS
2025-12-15 10:33:06,086-DEBUG-root-27284::webapp_internal::fill_grid|6486:: Trying to select cell in grid!
2025-12-15 10:33:06,088-DEBUG-root-27284::base::click|192:: Click Type: ClickType.ACTIONCHAINS
2025-12-15 10:33:06,382-DEBUG-root-27284::webapp_internal::fill_grid|6486:: Trying to select cell in grid!
2025-12-15 10:33:06,384-DEBUG-root-27284::base::click|192:: Click Type: ClickType.ACTIONCHAINS
2025-12-15 10:33:06,671-DEBUG-root-27284::webapp_internal::fill_grid|6486:: Trying to select cell in grid!
2025-12-15 10:33:06,677-DEBUG-root-27284::base::click|192:: Click Type: ClickType.ACTIONCHAINS
2025-12-15 10:33:06,969-DEBUG-root-27284::webapp_internal::fill_grid|6486:: Trying to select cell in grid!
2025-12-15 10:33:06,971-DEBUG-root-27284::base::click|192:: Click Type: ClickType.ACTIONCHAINS
2025-12-15 10:33:07,272-DEBUG-root-27284::webapp_internal::fill_grid|6486:: Trying to select cell in grid!
2025-12-15 10:33:07,278-DEBUG-root-27284::base::click|192:: Click Type: ClickType.ACTIONCHAINS
2025-12-15 10:33:07,562-DEBUG-root-27284::webapp_internal::fill_grid|6486:: Trying to select cell in grid!
2025-12-15 10:33:07,564-DEBUG-root-27284::base::click|192:: Click Type: ClickType.ACTIONCHAINS
2025-12-15 10:33:07,850-DEBUG-root-27284::webapp_internal::fill_grid|6486:: Trying to select cell in grid!
2025-12-15 10:33:07,852-DEBUG-root-27284::base::click|192:: Click Type: ClickType.ACTIONCHAINS
2025-12-15 10:33:08,147-DEBUG-root-27284::webapp_internal::fill_grid|6486:: Trying to select cell in grid!
2025-12-15 10:33:08,149-DEBUG-root-27284::base::click|192:: Click Type: ClickType.ACTIONCHAINS
2025-12-15 10:33:08,438-DEBUG-root-27284::webapp_internal::fill_grid|6486:: Trying to select cell in grid!
2025-12-15 10:33:08,444-DEBUG-root-27284::base::click|192:: Click Type: ClickType.ACTIONCHAINS
2025-12-15 10:33:08,734-DEBUG-root-27284::webapp_internal::fill_grid|6486:: Trying to select cell in grid!
2025-12-15 10:33:08,736-DEBUG-root-27284::base::click|192:: Click Type: ClickType.ACTIONCHAINS
2025-12-15 10:33:09,032-DEBUG-root-27284::webapp_internal::fill_grid|6486:: Trying to select cell in grid!
2025-12-15 10:33:09,034-DEBUG-root-27284::base::click|192:: Click Type: ClickType.ACTIONCHAINS
2025-12-15 10:33:09,327-DEBUG-root-27284::webapp_internal::fill_grid|6486:: Trying to select cell in grid!
2025-12-15 10:33:09,330-DEBUG-root-27284::base::click|192:: Click Type: ClickType.ACTIONCHAINS
2025-12-15 10:33:09,618-DEBUG-root-27284::webapp_internal::fill_grid|6486:: Trying to select cell in grid!
2025-12-15 10:33:09,620-DEBUG-root-27284::base::click|192:: Click Type: ClickType.ACTIONCHAINS
2025-12-15 10:33:09,917-DEBUG-root-27284::webapp_internal::fill_grid|6486:: Trying to select cell in grid!
2025-12-15 10:33:09,919-DEBUG-root-27284::base::click|192:: Click Type: ClickType.ACTIONCHAINS
2025-12-15 10:33:10,211-DEBUG-root-27284::webapp_internal::fill_grid|6486:: Trying to select cell in grid!
2025-12-15 10:33:10,214-DEBUG-root-27284::base::click|192:: Click Type: ClickType.ACTIONCHAINS
2025-12-15 10:33:10,502-DEBUG-root-27284::webapp_internal::fill_grid|6486:: Trying to select cell in grid!
2025-12-15 10:33:10,504-DEBUG-root-27284::base::click|192:: Click Type: ClickType.ACTIONCHAINS
2025-12-15 10:33:10,801-DEBUG-root-27284::webapp_internal::fill_grid|6486:: Trying to select cell in grid!
2025-12-15 10:33:10,802-DEBUG-root-27284::base::click|192:: Click Type: ClickType.ACTIONCHAINS
2025-12-15 10:33:11,095-DEBUG-root-27284::webapp_internal::fill_grid|6486:: Trying to select cell in grid!
2025-12-15 10:33:11,097-DEBUG-root-27284::base::click|192:: Click Type: ClickType.ACTIONCHAINS
2025-12-15 10:33:11,389-DEBUG-root-27284::webapp_internal::fill_grid|6486:: Trying to select cell in grid!
2025-12-15 10:33:11,395-DEBUG-root-27284::base::click|192:: Click Type: ClickType.ACTIONCHAINS
2025-12-15 10:33:11,677-DEBUG-root-27284::webapp_internal::fill_grid|6486:: Trying to select cell in grid!
2025-12-15 10:33:11,680-DEBUG-root-27284::base::click|192:: Click Type: ClickType.ACTIONCHAINS
2025-12-15 10:33:11,967-DEBUG-root-27284::webapp_internal::fill_grid|6486:: Trying to select cell in grid!
2025-12-15 10:33:11,969-DEBUG-root-27284::base::click|192:: Click Type: ClickType.ACTIONCHAINS
2025-12-15 10:33:12,250-DEBUG-root-27284::webapp_internal::fill_grid|6486:: Trying to select cell in grid!
2025-12-15 10:33:12,252-DEBUG-root-27284::base::click|192:: Click Type: ClickType.ACTIONCHAINS
2025-12-15 10:33:12,545-DEBUG-root-27284::webapp_internal::fill_grid|6486:: Trying to select cell in grid!
2025-12-15 10:33:12,547-DEBUG-root-27284::base::click|192:: Click Type: ClickType.ACTIONCHAINS
2025-12-15 10:33:12,834-DEBUG-root-27284::webapp_internal::fill_grid|6486:: Trying to select cell in grid!
2025-12-15 10:33:12,836-DEBUG-root-27284::base::click|192:: Click Type: ClickType.ACTIONCHAINS
2025-12-15 10:33:13,131-DEBUG-root-27284::webapp_internal::fill_grid|6486:: Trying to select cell in grid!
2025-12-15 10:33:13,133-DEBUG-root-27284::base::click|192:: Click Type: ClickType.ACTIONCHAINS
2025-12-15 10:33:13,422-DEBUG-root-27284::webapp_internal::fill_grid|6486:: Trying to select cell in grid!
2025-12-15 10:33:13,428-DEBUG-root-27284::base::click|192:: Click Type: ClickType.ACTIONCHAINS
2025-12-15 10:33:13,717-DEBUG-root-27284::webapp_internal::fill_grid|6486:: Trying to select cell in grid!
2025-12-15 10:33:13,719-DEBUG-root-27284::base::click|192:: Click Type: ClickType.ACTIONCHAINS
2025-12-15 10:33:14,011-DEBUG-root-27284::webapp_internal::fill_grid|6486:: Trying to select cell in grid!
2025-12-15 10:33:14,014-DEBUG-root-27284::base::click|192:: Click Type: ClickType.ACTIONCHAINS
2025-12-15 10:33:14,301-DEBUG-root-27284::webapp_internal::fill_grid|6486:: Trying to select cell in grid!
2025-12-15 10:33:14,302-DEBUG-root-27284::base::click|192:: Click Type: ClickType.ACTIONCHAINS
2025-12-15 10:33:14,602-DEBUG-root-27284::webapp_internal::fill_grid|6486:: Trying to select cell in grid!
2025-12-15 10:33:14,604-DEBUG-root-27284::base::click|192:: Click Type: ClickType.ACTIONCHAINS
2025-12-15 10:33:14,897-DEBUG-root-27284::webapp_internal::fill_grid|6486:: Trying to select cell in grid!
2025-12-15 10:33:14,899-DEBUG-root-27284::base::click|192:: Click Type: ClickType.ACTIONCHAINS
2025-12-15 10:33:15,188-DEBUG-root-27284::webapp_internal::fill_grid|6486:: Trying to select cell in grid!
2025-12-15 10:33:15,189-DEBUG-root-27284::base::click|192:: Click Type: ClickType.ACTIONCHAINS
2025-12-15 10:33:15,487-DEBUG-root-27284::webapp_internal::fill_grid|6486:: Trying to select cell in grid!
2025-12-15 10:33:15,489-DEBUG-root-27284::base::click|192:: Click Type: ClickType.ACTIONCHAINS
2025-12-15 10:33:15,781-DEBUG-root-27284::webapp_internal::fill_grid|6486:: Trying to select cell in grid!
2025-12-15 10:33:15,783-DEBUG-root-27284::base::click|192:: Click Type: ClickType.ACTIONCHAINS
2025-12-15 10:33:16,078-DEBUG-root-27284::webapp_internal::fill_grid|6486:: Trying to select cell in grid!
2025-12-15 10:33:16,080-DEBUG-root-27284::base::click|192:: Click Type: ClickType.ACTIONCHAINS
2025-12-15 10:33:16,369-DEBUG-root-27284::webapp_internal::fill_grid|6486:: Trying to select cell in grid!
2025-12-15 10:33:16,370-DEBUG-root-27284::base::click|192:: Click Type: ClickType.ACTIONCHAINS
2025-12-15 10:33:16,668-DEBUG-root-27284::webapp_internal::fill_grid|6486:: Trying to select cell in grid!
2025-12-15 10:33:16,670-DEBUG-root-27284::base::click|192:: Click Type: ClickType.ACTIONCHAINS
2025-12-15 10:33:16,962-DEBUG-root-27284::webapp_internal::fill_grid|6486:: Trying to select cell in grid!
2025-12-15 10:33:16,965-DEBUG-root-27284::base::click|192:: Click Type: ClickType.ACTIONCHAINS
2025-12-15 10:33:17,252-DEBUG-root-27284::webapp_internal::fill_grid|6486:: Trying to select cell in grid!
2025-12-15 10:33:17,255-DEBUG-root-27284::base::click|192:: Click Type: ClickType.ACTIONCHAINS
2025-12-15 10:33:17,552-DEBUG-root-27284::webapp_internal::fill_grid|6486:: Trying to select cell in grid!
2025-12-15 10:33:17,555-DEBUG-root-27284::base::click|192:: Click Type: ClickType.ACTIONCHAINS
2025-12-15 10:33:17,844-DEBUG-root-27284::webapp_internal::fill_grid|6486:: Trying to select cell in grid!
2025-12-15 10:33:17,847-DEBUG-root-27284::base::click|192:: Click Type: ClickType.ACTIONCHAINS
2025-12-15 10:33:18,135-DEBUG-root-27284::webapp_internal::fill_grid|6486:: Trying to select cell in grid!
2025-12-15 10:33:18,137-DEBUG-root-27284::base::click|192:: Click Type: ClickType.ACTIONCHAINS
2025-12-15 10:33:18,433-DEBUG-root-27284::webapp_internal::fill_grid|6486:: Trying to select cell in grid!
2025-12-15 10:33:18,435-DEBUG-root-27284::base::click|192:: Click Type: ClickType.ACTIONCHAINS
2025-12-15 10:33:18,722-DEBUG-root-27284::webapp_internal::fill_grid|6486:: Trying to select cell in grid!
2025-12-15 10:33:18,727-DEBUG-root-27284::base::click|192:: Click Type: ClickType.ACTIONCHAINS
2025-12-15 10:33:19,017-DEBUG-root-27284::webapp_internal::fill_grid|6486:: Trying to select cell in grid!
2025-12-15 10:33:19,020-DEBUG-root-27284::base::click|192:: Click Type: ClickType.ACTIONCHAINS
2025-12-15 10:33:19,317-DEBUG-root-27284::webapp_internal::fill_grid|6486:: Trying to select cell in grid!
2025-12-15 10:33:19,319-DEBUG-root-27284::base::click|192:: Click Type: ClickType.ACTIONCHAINS
2025-12-15 10:33:19,613-DEBUG-root-27284::webapp_internal::fill_grid|6486:: Trying to select cell in grid!
2025-12-15 10:33:19,616-DEBUG-root-27284::base::click|192:: Click Type: ClickType.ACTIONCHAINS
2025-12-15 10:33:19,905-DEBUG-root-27284::webapp_internal::fill_grid|6486:: Trying to select cell in grid!
2025-12-15 10:33:19,911-DEBUG-root-27284::base::click|192:: Click Type: ClickType.ACTIONCHAINS
2025-12-15 10:33:20,201-DEBUG-root-27284::webapp_internal::fill_grid|6486:: Trying to select cell in grid!
2025-12-15 10:33:20,203-DEBUG-root-27284::base::click|192:: Click Type: ClickType.ACTIONCHAINS
2025-12-15 10:33:20,488-DEBUG-root-27284::webapp_internal::fill_grid|6486:: Trying to select cell in grid!
2025-12-15 10:33:20,494-DEBUG-root-27284::base::click|192:: Click Type: ClickType.ACTIONCHAINS
2025-12-15 10:33:20,786-DEBUG-root-27284::webapp_internal::fill_grid|6486:: Trying to select cell in grid!
2025-12-15 10:33:20,788-DEBUG-root-27284::base::click|192:: Click Type: ClickType.ACTIONCHAINS
2025-12-15 10:33:21,082-DEBUG-root-27284::webapp_internal::fill_grid|6486:: Trying to select cell in grid!
2025-12-15 10:33:21,084-DEBUG-root-27284::base::click|192:: Click Type: ClickType.ACTIONCHAINS
2025-12-15 10:33:21,368-DEBUG-root-27284::webapp_internal::fill_grid|6486:: Trying to select cell in grid!
2025-12-15 10:33:21,370-DEBUG-root-27284::base::click|192:: Click Type: ClickType.ACTIONCHAINS
2025-12-15 10:33:21,666-DEBUG-root-27284::webapp_internal::fill_grid|6486:: Trying to select cell in grid!
2025-12-15 10:33:21,668-DEBUG-root-27284::base::click|192:: Click Type: ClickType.ACTIONCHAINS
2025-12-15 10:33:21,961-DEBUG-root-27284::webapp_internal::fill_grid|6486:: Trying to select cell in grid!
2025-12-15 10:33:21,963-DEBUG-root-27284::base::click|192:: Click Type: ClickType.ACTIONCHAINS
2025-12-15 10:33:22,250-DEBUG-root-27284::webapp_internal::fill_grid|6486:: Trying to select cell in grid!
2025-12-15 10:33:22,252-DEBUG-root-27284::base::click|192:: Click Type: ClickType.ACTIONCHAINS
2025-12-15 10:33:22,552-DEBUG-root-27284::webapp_internal::fill_grid|6486:: Trying to select cell in grid!
2025-12-15 10:33:22,554-DEBUG-root-27284::base::click|192:: Click Type: ClickType.ACTIONCHAINS
2025-12-15 10:33:22,847-DEBUG-root-27284::webapp_internal::fill_grid|6486:: Trying to select cell in grid!
2025-12-15 10:33:22,849-DEBUG-root-27284::base::click|192:: Click Type: ClickType.ACTIONCHAINS
2025-12-15 10:33:23,139-DEBUG-root-27284::webapp_internal::fill_grid|6486:: Trying to select cell in grid!
2025-12-15 10:33:23,144-DEBUG-root-27284::base::click|192:: Click Type: ClickType.ACTIONCHAINS
2025-12-15 10:33:23,436-DEBUG-root-27284::webapp_internal::fill_grid|6486:: Trying to select cell in grid!
2025-12-15 10:33:23,438-DEBUG-root-27284::base::click|192:: Click Type: ClickType.ACTIONCHAINS
2025-12-15 10:33:23,733-DEBUG-root-27284::webapp_internal::fill_grid|6486:: Trying to select cell in grid!
2025-12-15 10:33:23,736-DEBUG-root-27284::base::click|192:: Click Type: ClickType.ACTIONCHAINS
2025-12-15 10:33:24,028-DEBUG-root-27284::webapp_internal::fill_grid|6486:: Trying to select cell in grid!
2025-12-15 10:33:24,030-DEBUG-root-27284::base::click|192:: Click Type: ClickType.ACTIONCHAINS
2025-12-15 10:33:24,317-DEBUG-root-27284::webapp_internal::fill_grid|6486:: Trying to select cell in grid!
2025-12-15 10:33:24,320-DEBUG-root-27284::base::click|192:: Click Type: ClickType.ACTIONCHAINS
2025-12-15 10:33:24,614-DEBUG-root-27284::webapp_internal::fill_grid|6486:: Trying to select cell in grid!
2025-12-15 10:33:24,616-DEBUG-root-27284::base::click|192:: Click Type: ClickType.ACTIONCHAINS
2025-12-15 10:33:24,907-DEBUG-root-27284::webapp_internal::fill_grid|6486:: Trying to select cell in grid!
2025-12-15 10:33:24,911-DEBUG-root-27284::base::click|192:: Click Type: ClickType.ACTIONCHAINS
2025-12-15 10:33:25,202-DEBUG-root-27284::webapp_internal::fill_grid|6486:: Trying to select cell in grid!
2025-12-15 10:33:25,204-DEBUG-root-27284::base::click|192:: Click Type: ClickType.ACTIONCHAINS
2025-12-15 10:33:30,629-DEBUG-root-27284::webapp_internal::fill_grid|6498:: Trying open cell in grid!
2025-12-15 10:33:30,902-DEBUG-root-27284::webapp_internal::wait_blocker|2444:: Waiting blocker to continue...
2025-12-15 10:33:31,130-DEBUG-root-27284::webapp_internal::wait_blocker|2469:: Blocker status: False
2025-12-15 10:33:31,346-DEBUG-root-27284::webapp_internal::wait_element_timeout|7726:: Element found! Waiting for element to be displayed.
2025-12-15 10:33:31,829-DEBUG-root-27284::webapp_internal::fill_grid|6577:: Sending keys: 227884
2025-12-15 10:33:32,148-DEBUG-root-27284::webapp_internal::wait_blocker|2444:: Waiting blocker to continue...
2025-12-15 10:33:32,305-DEBUG-root-27284::webapp_internal::wait_blocker|2469:: Blocker status: False
2025-12-15 10:33:32,477-DEBUG-root-27284::webapp_internal::wait_element_timeout|7726:: Element found! Waiting for element to be displayed.
2025-12-15 10:33:32,811-INFO-root-27284::webapp_internal::ClickFolder|5081:: Clicking on folder: Transporte
2025-12-15 10:33:32,812-DEBUG-root-27284::webapp_internal::wait_blocker|2444:: Waiting blocker to continue...
2025-12-15 10:33:32,970-DEBUG-root-27284::webapp_internal::wait_blocker|2469:: Blocker status: False
2025-12-15 10:33:33,012-DEBUG-root-27284::webapp_internal::wait_element|7623:: Waiting for element
2025-12-15 10:33:33,364-DEBUG-root-27284::webapp_internal::wait_element|7653:: Element found! Waiting for element to be displayed.
2025-12-15 10:33:35,005-DEBUG-root-27284::webapp_internal::wait_blocker|2444:: Waiting blocker to continue...
2025-12-15 10:33:35,216-DEBUG-root-27284::webapp_internal::wait_blocker|2469:: Blocker status: False
2025-12-15 10:33:35,216-INFO-root-27284::webapp_internal::SetKey|5822:: Key pressed: TAB
2025-12-15 10:33:35,216-DEBUG-root-27284::webapp_internal::SetKey|5857:: Trying press key
2025-12-15 10:33:35,217-DEBUG-root-27284::webapp_internal::wait_element|7623:: Waiting for element
2025-12-15 10:33:35,366-DEBUG-root-27284::webapp_internal::wait_element|7653:: Element found! Waiting for element to be displayed.
2025-12-15 10:33:35,666-DEBUG-root-27284::webapp_internal::wait_blocker|2444:: Waiting blocker to continue...
2025-12-15 10:33:35,919-DEBUG-root-27284::webapp_internal::wait_blocker|2469:: Blocker status: False
2025-12-15 10:33:35,920-INFO-root-27284::webapp_internal::LoadGrid|6298:: Filling grid field: Tipo
2025-12-15 10:33:35,920-DEBUG-root-27284::webapp_internal::fill_grid|6399:: Grid loading...
2025-12-15 10:33:36,364-DEBUG-root-27284::webapp_internal::fill_grid|6466:: Column found!
2025-12-15 10:33:36,421-DEBUG-root-27284::base::click|192:: Click Type: ClickType.ACTIONCHAINS
2025-12-15 10:33:41,801-DEBUG-root-27284::webapp_internal::fill_grid|6498:: Trying open cell in grid!
2025-12-15 10:33:42,100-DEBUG-root-27284::webapp_internal::wait_blocker|2444:: Waiting blocker to continue...
2025-12-15 10:33:42,255-DEBUG-root-27284::webapp_internal::wait_blocker|2469:: Blocker status: False
2025-12-15 10:33:42,463-DEBUG-root-27284::webapp_internal::wait_element_timeout|7726:: Element found! Waiting for element to be displayed.
2025-12-15 10:33:43,880-INFO-root-27284::base::select_combo|871:: Selected value for combo is: 1 - Aereo
2025-12-15 10:33:44,064-DEBUG-root-27284::webapp_internal::wait_blocker|2444:: Waiting blocker to continue...
2025-12-15 10:33:44,215-DEBUG-root-27284::webapp_internal::wait_blocker|2469:: Blocker status: False
2025-12-15 10:33:44,245-DEBUG-root-27284::webapp_internal::wait_blocker|2444:: Waiting blocker to continue...
2025-12-15 10:33:44,400-DEBUG-root-27284::webapp_internal::wait_blocker|2469:: Blocker status: False
2025-12-15 10:33:44,401-DEBUG-root-27284::webapp_internal::send_action|10480:: Trying to send action
2025-12-15 10:33:45,445-DEBUG-root-27284::webapp_internal::send_action|10522:: send_action method result = True
2025-12-15 10:33:45,445-DEBUG-root-27284::webapp_internal::send_action|10523:: send_action selenium status: False
2025-12-15 10:33:45,446-DEBUG-root-27284::webapp_internal::wait_blocker|2444:: Waiting blocker to continue...
2025-12-15 10:33:45,618-DEBUG-root-27284::webapp_internal::wait_blocker|2469:: Blocker status: False
2025-12-15 10:33:45,618-INFO-root-27284::webapp_internal::SetKey|5822:: Key pressed: TAB
2025-12-15 10:33:45,618-DEBUG-root-27284::webapp_internal::SetKey|5857:: Trying press key
2025-12-15 10:33:45,618-DEBUG-root-27284::webapp_internal::wait_element|7623:: Waiting for element
2025-12-15 10:33:45,728-DEBUG-root-27284::webapp_internal::wait_element|7653:: Element found! Waiting for element to be displayed.
2025-12-15 10:33:46,034-DEBUG-root-27284::webapp_internal::wait_blocker|2444:: Waiting blocker to continue...
2025-12-15 10:33:46,184-DEBUG-root-27284::webapp_internal::wait_blocker|2469:: Blocker status: False
2025-12-15 10:33:46,184-INFO-root-27284::webapp_internal::LoadGrid|6298:: Filling grid field: Partida
2025-12-15 10:33:46,185-DEBUG-root-27284::webapp_internal::fill_grid|6399:: Grid loading...
2025-12-15 10:33:46,637-DEBUG-root-27284::webapp_internal::fill_grid|6466:: Column found!
2025-12-15 10:33:46,704-DEBUG-root-27284::base::click|192:: Click Type: ClickType.ACTIONCHAINS
2025-12-15 10:33:51,995-DEBUG-root-27284::webapp_internal::fill_grid|6498:: Trying open cell in grid!
2025-12-15 10:33:52,298-DEBUG-root-27284::webapp_internal::wait_blocker|2444:: Waiting blocker to continue...
2025-12-15 10:33:52,551-DEBUG-root-27284::webapp_internal::wait_blocker|2469:: Blocker status: False
2025-12-15 10:33:52,764-DEBUG-root-27284::webapp_internal::wait_element_timeout|7726:: Element found! Waiting for element to be displayed.
2025-12-15 10:33:53,166-DEBUG-root-27284::webapp_internal::fill_grid|6577:: Sending keys: 20/12/2025
2025-12-15 10:33:53,470-DEBUG-root-27284::webapp_internal::wait_blocker|2444:: Waiting blocker to continue...
2025-12-15 10:33:53,650-DEBUG-root-27284::webapp_internal::wait_blocker|2469:: Blocker status: False
2025-12-15 10:33:59,162-DEBUG-root-27284::webapp_internal::wait_blocker|2444:: Waiting blocker to continue...
2025-12-15 10:33:59,321-DEBUG-root-27284::webapp_internal::wait_blocker|2469:: Blocker status: False
2025-12-15 10:33:59,355-DEBUG-root-27284::webapp_internal::wait_blocker|2444:: Waiting blocker to continue...
2025-12-15 10:33:59,517-DEBUG-root-27284::webapp_internal::wait_blocker|2469:: Blocker status: False
2025-12-15 10:33:59,518-DEBUG-root-27284::webapp_internal::send_action|10480:: Trying to send action
2025-12-15 10:34:00,565-DEBUG-root-27284::webapp_internal::send_action|10522:: send_action method result = True
2025-12-15 10:34:00,565-DEBUG-root-27284::webapp_internal::send_action|10523:: send_action selenium status: False
2025-12-15 10:34:00,566-DEBUG-root-27284::webapp_internal::wait_blocker|2444:: Waiting blocker to continue...
2025-12-15 10:34:00,734-DEBUG-root-27284::webapp_internal::wait_blocker|2469:: Blocker status: False
2025-12-15 10:34:00,734-INFO-root-27284::webapp_internal::SetKey|5822:: Key pressed: TAB
2025-12-15 10:34:00,734-DEBUG-root-27284::webapp_internal::SetKey|5857:: Trying press key
2025-12-15 10:34:00,735-DEBUG-root-27284::webapp_internal::wait_element|7623:: Waiting for element
2025-12-15 10:34:00,835-DEBUG-root-27284::webapp_internal::wait_element|7653:: Element found! Waiting for element to be displayed.
2025-12-15 10:34:01,128-DEBUG-root-27284::webapp_internal::wait_blocker|2444:: Waiting blocker to continue...
2025-12-15 10:34:01,263-DEBUG-root-27284::webapp_internal::wait_blocker|2469:: Blocker status: False
2025-12-15 10:34:01,263-INFO-root-27284::webapp_internal::LoadGrid|6298:: Filling grid field: Hora Partida
2025-12-15 10:34:01,263-DEBUG-root-27284::webapp_internal::fill_grid|6399:: Grid loading...
2025-12-15 10:34:01,667-DEBUG-root-27284::webapp_internal::fill_grid|6466:: Column found!
2025-12-15 10:34:01,730-DEBUG-root-27284::base::click|192:: Click Type: ClickType.ACTIONCHAINS
2025-12-15 10:34:07,272-DEBUG-root-27284::webapp_internal::fill_grid|6498:: Trying open cell in grid!
2025-12-15 10:34:07,562-DEBUG-root-27284::webapp_internal::wait_blocker|2444:: Waiting blocker to continue...
2025-12-15 10:34:07,764-DEBUG-root-27284::webapp_internal::wait_blocker|2469:: Blocker status: False
2025-12-15 10:34:07,967-DEBUG-root-27284::webapp_internal::wait_element_timeout|7726:: Element found! Waiting for element to be displayed.
2025-12-15 10:34:08,372-DEBUG-root-27284::webapp_internal::fill_grid|6577:: Sending keys: 08:00
2025-12-15 10:34:08,687-DEBUG-root-27284::webapp_internal::wait_blocker|2444:: Waiting blocker to continue...
2025-12-15 10:34:08,895-DEBUG-root-27284::webapp_internal::wait_blocker|2469:: Blocker status: False
2025-12-15 10:34:14,362-DEBUG-root-27284::webapp_internal::wait_blocker|2444:: Waiting blocker to continue...
2025-12-15 10:34:14,496-DEBUG-root-27284::webapp_internal::wait_blocker|2469:: Blocker status: False
2025-12-15 10:34:14,522-DEBUG-root-27284::webapp_internal::wait_blocker|2444:: Waiting blocker to continue...
2025-12-15 10:34:14,670-DEBUG-root-27284::webapp_internal::wait_blocker|2469:: Blocker status: False
2025-12-15 10:34:14,670-DEBUG-root-27284::webapp_internal::send_action|10480:: Trying to send action
2025-12-15 10:34:15,718-DEBUG-root-27284::webapp_internal::send_action|10522:: send_action method result = True
2025-12-15 10:34:15,718-DEBUG-root-27284::webapp_internal::send_action|10523:: send_action selenium status: False
2025-12-15 10:34:15,718-DEBUG-root-27284::webapp_internal::wait_blocker|2444:: Waiting blocker to continue...
2025-12-15 10:34:15,862-DEBUG-root-27284::webapp_internal::wait_blocker|2469:: Blocker status: False
2025-12-15 10:34:15,862-INFO-root-27284::webapp_internal::SetKey|5822:: Key pressed: TAB
2025-12-15 10:34:15,862-DEBUG-root-27284::webapp_internal::SetKey|5857:: Trying press key
2025-12-15 10:34:15,862-DEBUG-root-27284::webapp_internal::wait_element|7623:: Waiting for element
2025-12-15 10:34:15,964-DEBUG-root-27284::webapp_internal::wait_element|7653:: Element found! Waiting for element to be displayed.
2025-12-15 10:34:16,234-DEBUG-root-27284::webapp_internal::wait_blocker|2444:: Waiting blocker to continue...
2025-12-15 10:34:16,386-DEBUG-root-27284::webapp_internal::wait_blocker|2469:: Blocker status: False
2025-12-15 10:34:16,386-INFO-root-27284::webapp_internal::LoadGrid|6298:: Filling grid field: Origem
2025-12-15 10:34:16,387-DEBUG-root-27284::webapp_internal::fill_grid|6399:: Grid loading...
2025-12-15 10:34:16,844-DEBUG-root-27284::webapp_internal::fill_grid|6466:: Column found!
2025-12-15 10:34:16,886-DEBUG-root-27284::base::click|192:: Click Type: ClickType.ACTIONCHAINS
2025-12-15 10:34:22,200-DEBUG-root-27284::webapp_internal::fill_grid|6498:: Trying open cell in grid!
2025-12-15 10:34:22,489-DEBUG-root-27284::webapp_internal::wait_blocker|2444:: Waiting blocker to continue...
2025-12-15 10:34:22,677-DEBUG-root-27284::webapp_internal::wait_blocker|2469:: Blocker status: False
2025-12-15 10:34:22,869-DEBUG-root-27284::webapp_internal::wait_element_timeout|7726:: Element found! Waiting for element to be displayed.
2025-12-15 10:34:23,285-DEBUG-root-27284::webapp_internal::fill_grid|6577:: Sending keys: DF00108
2025-12-15 10:34:23,589-DEBUG-root-27284::webapp_internal::wait_blocker|2444:: Waiting blocker to continue...
2025-12-15 10:34:23,732-DEBUG-root-27284::webapp_internal::wait_blocker|2469:: Blocker status: False
2025-12-15 10:34:23,901-DEBUG-root-27284::webapp_internal::wait_element_timeout|7726:: Element found! Waiting for element to be displayed.
2025-12-15 10:34:24,440-DEBUG-root-27284::webapp_internal::wait_blocker|2444:: Waiting blocker to continue...
2025-12-15 10:34:24,582-DEBUG-root-27284::webapp_internal::wait_blocker|2469:: Blocker status: False
2025-12-15 10:34:24,612-DEBUG-root-27284::webapp_internal::wait_blocker|2444:: Waiting blocker to continue...
2025-12-15 10:34:24,772-DEBUG-root-27284::webapp_internal::wait_blocker|2469:: Blocker status: False
2025-12-15 10:34:24,772-DEBUG-root-27284::webapp_internal::send_action|10480:: Trying to send action
2025-12-15 10:34:25,815-DEBUG-root-27284::webapp_internal::send_action|10522:: send_action method result = True
2025-12-15 10:34:25,815-DEBUG-root-27284::webapp_internal::send_action|10523:: send_action selenium status: False
2025-12-15 10:34:25,815-DEBUG-root-27284::webapp_internal::wait_blocker|2444:: Waiting blocker to continue...
2025-12-15 10:34:25,956-DEBUG-root-27284::webapp_internal::wait_blocker|2469:: Blocker status: False
2025-12-15 10:34:25,957-INFO-root-27284::webapp_internal::SetKey|5822:: Key pressed: TAB
2025-12-15 10:34:25,957-DEBUG-root-27284::webapp_internal::SetKey|5857:: Trying press key
2025-12-15 10:34:25,957-DEBUG-root-27284::webapp_internal::wait_element|7623:: Waiting for element
2025-12-15 10:34:26,114-DEBUG-root-27284::webapp_internal::wait_element|7653:: Element found! Waiting for element to be displayed.
2025-12-15 10:34:26,430-DEBUG-root-27284::webapp_internal::wait_blocker|2444:: Waiting blocker to continue...
2025-12-15 10:34:26,618-DEBUG-root-27284::webapp_internal::wait_blocker|2469:: Blocker status: False
2025-12-15 10:34:26,618-INFO-root-27284::webapp_internal::LoadGrid|6298:: Filling grid field: Destino
2025-12-15 10:34:26,618-DEBUG-root-27284::webapp_internal::fill_grid|6399:: Grid loading...
2025-12-15 10:34:27,095-DEBUG-root-27284::webapp_internal::fill_grid|6466:: Column found!
2025-12-15 10:34:27,135-DEBUG-root-27284::base::click|192:: Click Type: ClickType.ACTIONCHAINS
2025-12-15 10:34:32,538-DEBUG-root-27284::webapp_internal::fill_grid|6498:: Trying open cell in grid!
2025-12-15 10:34:32,829-DEBUG-root-27284::webapp_internal::wait_blocker|2444:: Waiting blocker to continue...
2025-12-15 10:34:32,987-DEBUG-root-27284::webapp_internal::wait_blocker|2469:: Blocker status: False
2025-12-15 10:34:33,195-DEBUG-root-27284::webapp_internal::wait_element_timeout|7726:: Element found! Waiting for element to be displayed.
2025-12-15 10:34:33,618-DEBUG-root-27284::webapp_internal::fill_grid|6577:: Sending keys: GO08707
2025-12-15 10:34:33,921-DEBUG-root-27284::webapp_internal::wait_blocker|2444:: Waiting blocker to continue...
2025-12-15 10:34:34,066-DEBUG-root-27284::webapp_internal::wait_blocker|2469:: Blocker status: False
2025-12-15 10:34:34,229-DEBUG-root-27284::webapp_internal::wait_element_timeout|7726:: Element found! Waiting for element to be displayed.
2025-12-15 10:34:34,717-DEBUG-root-27284::webapp_internal::wait_blocker|2444:: Waiting blocker to continue...
2025-12-15 10:34:34,867-DEBUG-root-27284::webapp_internal::wait_blocker|2469:: Blocker status: False
2025-12-15 10:34:34,895-DEBUG-root-27284::webapp_internal::wait_blocker|2444:: Waiting blocker to continue...
2025-12-15 10:34:35,078-DEBUG-root-27284::webapp_internal::wait_blocker|2469:: Blocker status: False
2025-12-15 10:34:35,079-DEBUG-root-27284::webapp_internal::send_action|10480:: Trying to send action
2025-12-15 10:34:36,119-DEBUG-root-27284::webapp_internal::send_action|10522:: send_action method result = True
2025-12-15 10:34:36,120-DEBUG-root-27284::webapp_internal::send_action|10523:: send_action selenium status: False
2025-12-15 10:34:36,120-DEBUG-root-27284::webapp_internal::wait_blocker|2444:: Waiting blocker to continue...
2025-12-15 10:34:36,255-DEBUG-root-27284::webapp_internal::wait_blocker|2469:: Blocker status: False
2025-12-15 10:34:36,255-INFO-root-27284::webapp_internal::SetKey|5822:: Key pressed: TAB
2025-12-15 10:34:36,255-DEBUG-root-27284::webapp_internal::SetKey|5857:: Trying press key
2025-12-15 10:34:36,256-DEBUG-root-27284::webapp_internal::wait_element|7623:: Waiting for element
2025-12-15 10:34:36,367-DEBUG-root-27284::webapp_internal::wait_element|7653:: Element found! Waiting for element to be displayed.
2025-12-15 10:34:36,632-DEBUG-root-27284::webapp_internal::wait_blocker|2444:: Waiting blocker to continue...
2025-12-15 10:34:36,766-DEBUG-root-27284::webapp_internal::wait_blocker|2469:: Blocker status: False
2025-12-15 10:34:36,766-INFO-root-27284::webapp_internal::LoadGrid|6298:: Filling grid field: Chegada
2025-12-15 10:34:36,766-DEBUG-root-27284::webapp_internal::fill_grid|6399:: Grid loading...
2025-12-15 10:34:37,154-DEBUG-root-27284::webapp_internal::fill_grid|6466:: Column found!
2025-12-15 10:34:37,197-DEBUG-root-27284::base::click|192:: Click Type: ClickType.ACTIONCHAINS
2025-12-15 10:34:42,578-DEBUG-root-27284::webapp_internal::fill_grid|6498:: Trying open cell in grid!
2025-12-15 10:34:42,849-DEBUG-root-27284::webapp_internal::wait_blocker|2444:: Waiting blocker to continue...
2025-12-15 10:34:43,004-DEBUG-root-27284::webapp_internal::wait_blocker|2469:: Blocker status: False
2025-12-15 10:34:43,255-DEBUG-root-27284::webapp_internal::wait_element_timeout|7726:: Element found! Waiting for element to be displayed.
2025-12-15 10:34:43,656-DEBUG-root-27284::webapp_internal::fill_grid|6577:: Sending keys: 20/12/2025
2025-12-15 10:34:43,970-DEBUG-root-27284::webapp_internal::wait_blocker|2444:: Waiting blocker to continue...
2025-12-15 10:34:44,149-DEBUG-root-27284::webapp_internal::wait_blocker|2469:: Blocker status: False
2025-12-15 10:34:49,647-DEBUG-root-27284::webapp_internal::wait_blocker|2444:: Waiting blocker to continue...
2025-12-15 10:34:49,836-DEBUG-root-27284::webapp_internal::wait_blocker|2469:: Blocker status: False
2025-12-15 10:34:49,863-DEBUG-root-27284::webapp_internal::wait_blocker|2444:: Waiting blocker to continue...
2025-12-15 10:34:50,006-DEBUG-root-27284::webapp_internal::wait_blocker|2469:: Blocker status: False
2025-12-15 10:34:50,006-DEBUG-root-27284::webapp_internal::send_action|10480:: Trying to send action
2025-12-15 10:34:51,052-DEBUG-root-27284::webapp_internal::send_action|10522:: send_action method result = True
2025-12-15 10:34:51,052-DEBUG-root-27284::webapp_internal::send_action|10523:: send_action selenium status: False
2025-12-15 10:34:51,052-DEBUG-root-27284::webapp_internal::wait_element|7623:: Waiting for element
2025-12-15 10:34:51,162-DEBUG-root-27284::webapp_internal::wait_element|7653:: Element found! Waiting for element to be displayed.
2025-12-15 10:34:51,446-DEBUG-root-27284::webapp_internal::wait_blocker|2444:: Waiting blocker to continue...
2025-12-15 10:34:51,602-DEBUG-root-27284::webapp_internal::wait_blocker|2469:: Blocker status: False
2025-12-15 10:34:51,602-INFO-root-27284::webapp_internal::LoadGrid|6298:: Filling grid field: Hora Chegada
2025-12-15 10:34:51,602-DEBUG-root-27284::webapp_internal::fill_grid|6399:: Grid loading...
2025-12-15 10:34:52,006-DEBUG-root-27284::webapp_internal::fill_grid|6466:: Column found!
2025-12-15 10:34:52,050-DEBUG-root-27284::base::click|192:: Click Type: ClickType.ACTIONCHAINS
2025-12-15 10:34:57,455-DEBUG-root-27284::webapp_internal::fill_grid|6498:: Trying open cell in grid!
2025-12-15 10:34:57,738-DEBUG-root-27284::webapp_internal::wait_blocker|2444:: Waiting blocker to continue...
2025-12-15 10:34:57,922-DEBUG-root-27284::webapp_internal::wait_blocker|2469:: Blocker status: False
2025-12-15 10:34:58,119-DEBUG-root-27284::webapp_internal::wait_element_timeout|7726:: Element found! Waiting for element to be displayed.
2025-12-15 10:34:58,531-DEBUG-root-27284::webapp_internal::fill_grid|6577:: Sending keys: 12:00
2025-12-15 10:34:58,839-DEBUG-root-27284::webapp_internal::wait_blocker|2444:: Waiting blocker to continue...
2025-12-15 10:34:59,004-DEBUG-root-27284::webapp_internal::wait_blocker|2469:: Blocker status: False
2025-12-15 10:35:04,802-INFO-root-27284::webapp_internal::SetButton|4444:: Clicking on Confirmar
2025-12-15 10:35:04,802-DEBUG-root-27284::webapp_internal::wait_blocker|2444:: Waiting blocker to continue...
2025-12-15 10:35:04,946-DEBUG-root-27284::webapp_internal::wait_blocker|2469:: Blocker status: False
2025-12-15 10:35:05,479-DEBUG-root-27284::webapp_internal::wait_element_timeout|7726:: Element found! Waiting for element to be displayed.
2025-12-15 10:35:05,970-DEBUG-root-27284::webapp_internal::SetButton|4481:: ***System Info*** Before Clicking on button:Confirmar
2025-12-15 10:35:05,971-DEBUG-root-27284::psutil_info::system_info|5:: CPU USAGE: 12.4%
2025-12-15 10:35:05,971-DEBUG-root-27284::psutil_info::system_info|6:: MEMORY USAGE: 92.6%
2025-12-15 10:35:05,972-DEBUG-root-27284::psutil_info::system_info|7:: MEMORY AVAILABLE: 7.44%
2025-12-15 10:35:06,528-DEBUG-root-27284::webapp_internal::wait_element_timeout|7726:: Element found! Waiting for element to be displayed.
2025-12-15 10:35:07,069-DEBUG-root-27284::webapp_internal::wait_blocker|2444:: Waiting blocker to continue...
2025-12-15 10:35:07,244-DEBUG-root-27284::webapp_internal::wait_blocker|2469:: Blocker status: False
2025-12-15 10:35:07,284-DEBUG-root-27284::webapp_internal::wait_blocker|2444:: Waiting blocker to continue...
2025-12-15 10:35:07,438-DEBUG-root-27284::webapp_internal::wait_blocker|2469:: Blocker status: False
2025-12-15 10:35:07,438-DEBUG-root-27284::webapp_internal::send_action|10480:: Trying to send action
2025-12-15 10:35:07,445-DEBUG-root-27284::base::click|192:: Click Type: ClickType.JS
2025-12-15 10:35:08,522-DEBUG-root-27284::webapp_internal::send_action|10522:: send_action method result = True
2025-12-15 10:35:08,522-DEBUG-root-27284::webapp_internal::send_action|10523:: send_action selenium status: False
2025-12-15 10:35:08,522-DEBUG-root-27284::webapp_internal::SetButton|4683:: ***System Info*** After Clicking on button:
2025-12-15 10:35:08,524-DEBUG-root-27284::psutil_info::system_info|5:: CPU USAGE: 12.5%
2025-12-15 10:35:08,524-DEBUG-root-27284::psutil_info::system_info|6:: MEMORY USAGE: 92.5%
2025-12-15 10:35:08,525-DEBUG-root-27284::psutil_info::system_info|7:: MEMORY AVAILABLE: 7.52%
2025-12-15 10:35:08,525-INFO-root-27284::webapp_internal::WaitShow|4980:: Waiting show text 'Valores de treinamento e/ou servico ultrapassam o limite orcado-Atenção-PXFINA11X'...
2025-12-15 10:35:14,041-INFO-root-27284::webapp_internal::WaitShow|4980:: Waiting show text 'Help: FWMODELPOS'...
2025-12-15 10:35:19,515-INFO-root-27284::webapp_internal::WaitShow|4980:: Waiting show text 'Registro inserido com sucesso.'...
2025-12-15 10:35:19,632-INFO-root-27284::webapp_internal::WaitShow|4996:: Text found! 
2025-12-15 10:35:19,632-INFO-root-27284::webapp_internal::SetButton|4444:: Clicking on Fechar
2025-12-15 10:35:19,633-DEBUG-root-27284::webapp_internal::wait_blocker|2444:: Waiting blocker to continue...
2025-12-15 10:35:19,779-DEBUG-root-27284::webapp_internal::wait_blocker|2469:: Blocker status: False
2025-12-15 10:35:20,035-DEBUG-root-27284::webapp_internal::wait_element_timeout|7726:: Element found! Waiting for element to be displayed.
2025-12-15 10:35:20,161-DEBUG-root-27284::webapp_internal::SetButton|4481:: ***System Info*** Before Clicking on button:Fechar
2025-12-15 10:35:20,161-DEBUG-root-27284::psutil_info::system_info|5:: CPU USAGE: 9.9%
2025-12-15 10:35:20,162-DEBUG-root-27284::psutil_info::system_info|6:: MEMORY USAGE: 92.5%
2025-12-15 10:35:20,162-DEBUG-root-27284::psutil_info::system_info|7:: MEMORY AVAILABLE: 7.5%
2025-12-15 10:35:20,379-DEBUG-root-27284::webapp_internal::wait_element_timeout|7726:: Element found! Waiting for element to be displayed.
2025-12-15 10:35:20,564-DEBUG-root-27284::webapp_internal::wait_blocker|2444:: Waiting blocker to continue...
2025-12-15 10:35:20,713-DEBUG-root-27284::webapp_internal::wait_blocker|2469:: Blocker status: False
2025-12-15 10:35:20,751-DEBUG-root-27284::webapp_internal::wait_blocker|2444:: Waiting blocker to continue...
2025-12-15 10:35:20,894-DEBUG-root-27284::webapp_internal::wait_blocker|2469:: Blocker status: False
2025-12-15 10:35:20,894-DEBUG-root-27284::webapp_internal::send_action|10480:: Trying to send action
2025-12-15 10:35:20,897-DEBUG-root-27284::base::click|192:: Click Type: ClickType.JS
2025-12-15 10:35:22,652-ERROR-root-27284::webapp_internal::get_active_parent_class|10547:: Warning Exception get_active_parent_class: Message: The element with the reference 34d58820-a3d9-4d26-9a67-7eb337887328 is stale; either its node document is not the active document, or it is no longer connected to the DOM; For documentation on this error, please visit: https://www.selenium.dev/documentation/webdriver/troubleshooting/errors#stale-element-reference-exception
Stacktrace:
RemoteError@chrome://remote/content/shared/RemoteError.sys.mjs:8:8
WebDriverError@chrome://remote/content/shared/webdriver/Errors.sys.mjs:202:5
StaleElementReferenceError@chrome://remote/content/shared/webdriver/Errors.sys.mjs:831:5
getKnownElement@chrome://remote/content/marionette/json.sys.mjs:405:11
deserializeJSON@chrome://remote/content/marionette/json.sys.mjs:263:20
cloneObject/result<@chrome://remote/content/marionette/json.sys.mjs:53:52
cloneObject@chrome://remote/content/marionette/json.sys.mjs:53:25
deserializeJSON@chrome://remote/content/marionette/json.sys.mjs:293:16
cloneObject@chrome://remote/content/marionette/json.sys.mjs:59:24
deserializeJSON@chrome://remote/content/marionette/json.sys.mjs:293:16
json.deserialize@chrome://remote/content/marionette/json.sys.mjs:297:10
receiveMessage@chrome://remote/content/marionette/actors/MarionetteCommandsChild.sys.mjs:179:30
Traceback (most recent call last):
  File "C:\TIR_TESTE\venv\Lib\site-packages\tir\technologies\webapp_internal.py", line 10542, in get_active_parent_class
    sl_classes = list(map(lambda x: x.get_attribute('class'), self.find_shadow_element('div', parent_sl))) if self.find_shadow_element('div', parent_sl) else None
                 ^^^^^^^^^^^^^^^^^^^^^^^^^^^^^^^^^^^^^^^^^^^^^^^^^^^^^^^^^^^^^^^^^^^^^^^^^^^^^^^^^^^^^^^^^
  File "C:\TIR_TESTE\venv\Lib\site-packages\tir\technologies\webapp_internal.py", line 10542, in <lambda>
    sl_classes = list(map(lambda x: x.get_attribute('class'), self.find_shadow_element('div', parent_sl))) if self.find_shadow_element('div', parent_sl) else None
                                    ^^^^^^^^^^^^^^^^^^^^^^^^
  File "C:\TIR_TESTE\venv\Lib\site-packages\selenium\webdriver\remote\webelement.py", line 178, in get_attribute
    attribute_value = self.parent.execute_script(
                      ^^^^^^^^^^^^^^^^^^^^^^^^^^^
  File "C:\TIR_TESTE\venv\Lib\site-packages\selenium\webdriver\remote\webdriver.py", line 407, in execute_script
    return self.execute(command, {"script": script, "args": converted_args})["value"]
           ^^^^^^^^^^^^^^^^^^^^^^^^^^^^^^^^^^^^^^^^^^^^^^^^^^^^^^^^^^^^^^^^^
  File "C:\TIR_TESTE\venv\Lib\site-packages\selenium\webdriver\remote\webdriver.py", line 347, in execute
    self.error_handler.check_response(response)
  File "C:\TIR_TESTE\venv\Lib\site-packages\selenium\webdriver\remote\errorhandler.py", line 229, in check_response
    raise exception_class(message, screen, stacktrace)
selenium.common.exceptions.StaleElementReferenceException: Message: The element with the reference 34d58820-a3d9-4d26-9a67-7eb337887328 is stale; either its node document is not the active document, or it is no longer connected to the DOM; For documentation on this error, please visit: https://www.selenium.dev/documentation/webdriver/troubleshooting/errors#stale-element-reference-exception
Stacktrace:
RemoteError@chrome://remote/content/shared/RemoteError.sys.mjs:8:8
WebDriverError@chrome://remote/content/shared/webdriver/Errors.sys.mjs:202:5
StaleElementReferenceError@chrome://remote/content/shared/webdriver/Errors.sys.mjs:831:5
getKnownElement@chrome://remote/content/marionette/json.sys.mjs:405:11
deserializeJSON@chrome://remote/content/marionette/json.sys.mjs:263:20
cloneObject/result<@chrome://remote/content/marionette/json.sys.mjs:53:52
cloneObject@chrome://remote/content/marionette/json.sys.mjs:53:25
deserializeJSON@chrome://remote/content/marionette/json.sys.mjs:293:16
cloneObject@chrome://remote/content/marionette/json.sys.mjs:59:24
deserializeJSON@chrome://remote/content/marionette/json.sys.mjs:293:16
json.deserialize@chrome://remote/content/marionette/json.sys.mjs:297:10
receiveMessage@chrome://remote/content/marionette/actors/MarionetteCommandsChild.sys.mjs:179:30

2025-12-15 10:35:22,660-DEBUG-root-27284::webapp_internal::send_action|10522:: send_action method result = True
2025-12-15 10:35:22,660-DEBUG-root-27284::webapp_internal::send_action|10523:: send_action selenium status: False
2025-12-15 10:35:22,661-DEBUG-root-27284::webapp_internal::SetButton|4683:: ***System Info*** After Clicking on button:
2025-12-15 10:35:22,661-DEBUG-root-27284::psutil_info::system_info|5:: CPU USAGE: 11.1%
2025-12-15 10:35:22,661-DEBUG-root-27284::psutil_info::system_info|6:: MEMORY USAGE: 92.7%
2025-12-15 10:35:22,662-DEBUG-root-27284::psutil_info::system_info|7:: MEMORY AVAILABLE: 7.35%
2025-12-15 10:35:22,662-INFO-root-27284::webapp_internal::WaitShow|4980:: Waiting show text 'Solicitação de Viagens/Treinamento'...
2025-12-15 10:35:22,721-INFO-root-27284::webapp_internal::WaitShow|4996:: Text found! 
2025-12-15 10:35:23,223-INFO-root-27284::webapp_internal::SetButton|4444:: Clicking on Outras Ações
2025-12-15 10:35:23,223-DEBUG-root-27284::webapp_internal::wait_blocker|2444:: Waiting blocker to continue...
2025-12-15 10:35:23,313-DEBUG-root-27284::webapp_internal::wait_blocker|2469:: Blocker status: False
2025-12-15 10:35:23,688-DEBUG-root-27284::webapp_internal::wait_element_timeout|7726:: Element found! Waiting for element to be displayed.
2025-12-15 10:35:23,950-DEBUG-root-27284::webapp_internal::SetButton|4481:: ***System Info*** Before Clicking on button:Outras Ações
2025-12-15 10:35:23,950-DEBUG-root-27284::psutil_info::system_info|5:: CPU USAGE: 10.4%
2025-12-15 10:35:23,951-DEBUG-root-27284::psutil_info::system_info|6:: MEMORY USAGE: 92.7%
2025-12-15 10:35:23,951-DEBUG-root-27284::psutil_info::system_info|7:: MEMORY AVAILABLE: 7.27%
2025-12-15 10:35:24,307-DEBUG-root-27284::webapp_internal::wait_element_timeout|7726:: Element found! Waiting for element to be displayed.
2025-12-15 10:35:24,697-DEBUG-root-27284::webapp_internal::wait_blocker|2444:: Waiting blocker to continue...
2025-12-15 10:35:24,800-DEBUG-root-27284::webapp_internal::wait_blocker|2469:: Blocker status: False
2025-12-15 10:35:24,822-DEBUG-root-27284::webapp_internal::wait_blocker|2444:: Waiting blocker to continue...
2025-12-15 10:35:24,914-DEBUG-root-27284::webapp_internal::wait_blocker|2469:: Blocker status: False
2025-12-15 10:35:24,915-DEBUG-root-27284::webapp_internal::send_action|10480:: Trying to send action
2025-12-15 10:35:24,917-DEBUG-root-27284::base::click|192:: Click Type: ClickType.JS
2025-12-15 10:35:25,960-DEBUG-root-27284::webapp_internal::send_action|10522:: send_action method result = True
2025-12-15 10:35:25,960-DEBUG-root-27284::webapp_internal::send_action|10523:: send_action selenium status: True
2025-12-15 10:35:26,090-DEBUG-root-27284::webapp_internal::wait_element_timeout|7726:: Element found! Waiting for element to be displayed.
2025-12-15 10:35:26,132-INFO-root-27284::webapp_internal::SetButton|4588:: Clicking on Env. p/ Aprovação
2025-12-15 10:35:26,264-DEBUG-root-27284::webapp_internal::wait_element_timeout|7726:: Element found! Waiting for element to be displayed.
2025-12-15 10:35:26,423-DEBUG-root-27284::base::click|192:: Click Type: ClickType.JS
2025-12-15 10:35:26,436-DEBUG-root-27284::webapp_internal::SetButton|4683:: ***System Info*** After Clicking on button:
2025-12-15 10:35:26,436-DEBUG-root-27284::psutil_info::system_info|5:: CPU USAGE: 8.3%
2025-12-15 10:35:26,436-DEBUG-root-27284::psutil_info::system_info|6:: MEMORY USAGE: 92.2%
2025-12-15 10:35:26,437-DEBUG-root-27284::psutil_info::system_info|7:: MEMORY AVAILABLE: 7.77%
2025-12-15 10:35:27,337-INFO-root-27284::webapp_internal::WaitShow|4980:: Waiting show text 'ZA1MAIL'...
2025-12-15 10:35:28,540-INFO-root-27284::webapp_internal::WaitShow|4996:: Text found! 
2025-12-15 10:35:28,540-INFO-root-27284::webapp_internal::SetButton|4444:: Clicking on Fechar
2025-12-15 10:35:28,540-DEBUG-root-27284::webapp_internal::wait_blocker|2444:: Waiting blocker to continue...
2025-12-15 10:35:28,632-DEBUG-root-27284::webapp_internal::wait_blocker|2469:: Blocker status: False
2025-12-15 10:35:28,834-DEBUG-root-27284::webapp_internal::wait_element_timeout|7726:: Element found! Waiting for element to be displayed.
2025-12-15 10:35:28,928-DEBUG-root-27284::webapp_internal::SetButton|4481:: ***System Info*** Before Clicking on button:Fechar
2025-12-15 10:35:28,929-DEBUG-root-27284::psutil_info::system_info|5:: CPU USAGE: 10.5%
2025-12-15 10:35:28,929-DEBUG-root-27284::psutil_info::system_info|6:: MEMORY USAGE: 92.4%
2025-12-15 10:35:28,929-DEBUG-root-27284::psutil_info::system_info|7:: MEMORY AVAILABLE: 7.56%
2025-12-15 10:35:29,119-DEBUG-root-27284::webapp_internal::wait_element_timeout|7726:: Element found! Waiting for element to be displayed.
2025-12-15 10:35:29,252-DEBUG-root-27284::webapp_internal::wait_blocker|2444:: Waiting blocker to continue...
2025-12-15 10:35:29,349-DEBUG-root-27284::webapp_internal::wait_blocker|2469:: Blocker status: False
2025-12-15 10:35:29,378-DEBUG-root-27284::webapp_internal::wait_blocker|2444:: Waiting blocker to continue...
2025-12-15 10:35:29,489-DEBUG-root-27284::webapp_internal::wait_blocker|2469:: Blocker status: False
2025-12-15 10:35:29,489-DEBUG-root-27284::webapp_internal::send_action|10480:: Trying to send action
2025-12-15 10:35:29,494-DEBUG-root-27284::base::click|192:: Click Type: ClickType.JS
2025-12-15 10:35:31,305-DEBUG-root-27284::webapp_internal::send_action|10522:: send_action method result = True
2025-12-15 10:35:31,306-DEBUG-root-27284::webapp_internal::send_action|10523:: send_action selenium status: True
2025-12-15 10:35:31,306-DEBUG-root-27284::webapp_internal::SetButton|4683:: ***System Info*** After Clicking on button:
2025-12-15 10:35:31,307-DEBUG-root-27284::psutil_info::system_info|5:: CPU USAGE: 17.3%
2025-12-15 10:35:31,307-DEBUG-root-27284::psutil_info::system_info|6:: MEMORY USAGE: 92.4%
2025-12-15 10:35:31,308-DEBUG-root-27284::psutil_info::system_info|7:: MEMORY AVAILABLE: 7.55%
2025-12-15 10:35:31,322-DEBUG-root-27284::log::checks_empty_line|221:: Checking empty default log info
2025-12-15 10:35:31,326-DEBUG-root-27284::log::generate_log|503:: Json log_data: {'cLogDtExec': '15/12/2025 10:35:31', 'cLogNomUsr': '97137227104', 'cLogNomEst': 'GESIT03', 'cLogProgra': None, 'cLogDtProg': '', 'cLogHrProg': '', 'nLogCtsOk': 1, 'nLogCtsNok': 0, 'nLogCtsSeg': 262.66, 'cLogVersao': '12', 'cLogReleas': '12.1.2410', 'nLogCtsErr': '', 'cLogBancod': 'ORACLE', 'cLogIdenti': '', 'cLogIdExec': '20251215', 'cLogPais': 'BRA', 'cLogTool': 'TIR', 'cLogSequen': '86536a', 'nLogCtsTot': 1, 'cLogDtExea': '15/12/2025', 'cLogHrExea': '10:35:31', 'cLogArea': 'Desenvolvimento', 'cLogMnExec': 4.377666666666667}
2025-12-15 10:35:31,327-INFO-root-27284::log::send_log_with_retries|515:: Saving log locally.
2025-12-15 10:35:31,327-INFO-root-27284::log::save_log_locally|548:: [FwSendLog]: Não foi possível enviar o log após todas as tentativas.
2025-12-15 10:35:31,328-INFO-root-27284::log::save_log_locally|555:: [FwSendLog]: Log salvo localmente em C:\TIR_TESTE\1765805731.json.
2025-12-15 10:35:31,329-INFO-root-27284::webapp_internal::WaitShow|4980:: Waiting show text 'ZA1MAIL'...
2025-12-15 10:35:37,521-INFO-root-27284::webapp_internal::WaitShow|4980:: Waiting show text 'MTALCDOC'...
